0.003 29266
0.004 29241
0.004 29199
0.004 29191
0.005 29109
0.006 29104
0.007 29071
0.007 29070
0.008 29002
0.008 29001
0.009 28976
0.01 28962
0.011 28870
0.014 28861
0.016 28825
0.017 28820
0.019 28686
0.019 28647
0.023 28640
0.025 28605
0.025 28600
0.039 28599
0.045 28567
0.046 28487
0.046 28439
0.046 28438
0.048 28379
0.05 28373
0.057 28324
0.059 28253
0.059 28252
0.061 28088
0.062 28069
0.063 28039
0.063 28030
0.064 28012
0.068 27974
0.069 27955
0.107 27942
0.127 27925
0.129 27903
0.13 27900
0.19 27893
0.19 27843
0.192 27833
0.201 27819
0.202 27808
0.203 27783
0.204 27722
0.207 27720
0.21 27703
0.219 27694
0.233 27667
0.377 27662
0.38 27633
0.381 27607
3.067 27598
3.38 27584
5.444 27557
10.413 27554
30.951 27542
43.438 27529
43.451 27481
73.084 27452
73.085 27446
78.598 27443
78.828 27429
78.848 27417
92.885 27414
92.904 27408
92.904 27386
92.906 27373
93.254 27371
114.134 27369
114.795 27362
141.51 27359
141.584 27352
143.252 27327
143.276 27324
143.309 27323
153.658 27320
153.665 27317
153.704 27315
184.821 27314
191.497 27313
236.319 27312
