0.003 36601
0.005 36423
0.005 36379
0.005 36373
0.006 36325
0.007 36322
0.009 36317
0.01 34807
0.01 34789
0.011 34780
0.014 34740
0.024 34719
0.025 34644
0.032 34604
0.034 34572
0.035 34560
0.047 34552
0.065 34520
0.065 34495
0.069 34493
0.07 34489
0.071 34475
0.079 34397
0.091 34372
0.093 34363
0.099 34362
0.101 34319
0.144 34280
0.147 34265
0.192 34259
0.196 34242
0.196 34238
0.459 34224
0.463 34216
0.466 34211
0.472 34197
0.472 34095
0.489 34082
0.502 34048
0.617 34045
0.634 34027
0.638 34025
0.653 34024
0.717 34016
0.727 34004
0.932 33987
0.934 33951
1.167 33948
1.168 33930
1.169 33926
3.395 33919
24.191 33801
24.193 33781
24.201 33776
24.201 33772
24.237 33724
24.374 33706
24.45 33654
24.451 33643
24.454 33639
24.481 33624
25.091 33620
25.093 33605
25.093 33573
25.094 33569
25.113 33564
25.125 33556
25.128 33513
25.128 33506
25.247 33505
25.248 33504
25.348 33503
25.352 33487
25.355 33484
25.36 33483
25.366 33465
25.862 33456
25.866 33447
25.988 33437
29.25 33428
29.261 33414
29.307 33405
29.309 33388
32.479 33384
33.054 33380
52.481 33373
52.489 33370
87.049 33366
96.524 33343
97.226 33337
102.677 33335
102.679 33334
109.131 33329
109.315 33328
109.325 33326
109.431 33324
109.434 33322
109.447 33316
109.448 33314
109.57 33312
109.572 33310
109.607 33301
109.609 33299
109.612 33298
109.763 33297
109.764 33295
109.792 33294
109.848 33293
109.979 33283
110.035 33276
110.038 33274
110.121 33256
111.901 33252
111.915 33249
111.944 33243
111.947 33242
111.953 33239
114.066 33235
114.267 33222
131.982 33219
135.879 33212
166.416 33205
194.841 33199
