0.002 8446
0.003 8194
0.003 8188
0.003 8184
0.004 8150
0.004 8135
0.005 8131
0.006 8129
0.007 8128
0.007 8122
0.008 8117
0.009 8111
0.011 8101
0.012 8100
0.013 8086
0.019 7981
0.019 7862
0.021 7856
0.022 7779
0.027 7774
0.028 7728
0.028 7724
0.029 7710
0.03 7700
0.032 7675
0.035 7645
0.039 7641
0.061 7625
0.078 7614
0.079 7576
0.141 7554
0.151 7544
0.153 7529
0.154 7515
0.155 7510
0.255 7508
0.298 7507
0.299 7502
0.325 7497
0.339 7492
2.223 7484
2.225 7475
3.027 7473
3.069 7472
3.493 7463
3.494 7449
4.148 7434
24.438 7420
146.644 7418
