0.003 32481
0.004 32470
0.004 32460
0.006 32447
0.007 32428
0.007 32427
0.007 32423
0.021 32407
0.021 32318
0.025 31961
0.025 31927
0.026 31910
0.026 31842
0.027 31810
0.029 31616
0.03 31611
0.031 31552
0.032 31371
0.034 31344
0.039 31327
0.041 31320
0.044 31318
0.045 31290
0.047 31275
0.048 31262
0.05 31256
0.075 31131
0.076 31077
0.077 31007
0.078 30868
0.079 30838
0.08 30817
0.082 30816
0.089 30815
0.091 30768
0.091 30765
0.1 30747
0.102 30697
0.109 30691
0.119 30687
0.122 30591
0.124 30463
0.124 30460
0.125 30440
0.126 30438
0.127 30407
0.127 30343
0.128 30341
0.203 30307
0.206 30301
0.207 30280
0.209 30173
0.209 30141
0.21 29766
0.211 29764
0.213 29762
0.216 29748
0.22 29742
0.233 29723
0.252 29722
0.259 29713
0.264 29534
0.265 29531
0.267 29444
0.275 29399
0.278 29371
0.35 29363
0.351 29345
0.352 29343
0.485 29339
0.487 29314
0.534 29295
0.548 29293
0.555 29289
0.557 29279
0.558 29222
3.012 29191
3.015 29183
3.015 29180
3.017 29171
3.026 29161
3.264 29129
3.476 29126
3.483 29124
3.488 29117
4.038 29107
4.04 29100
4.041 29092
4.05 29088
5.526 29078
5.819 29062
5.82 29060
13.542 29054
15.7 29052
18.17 29028
18.172 29021
55.252 29018
55.273 29017
74.633 29013
74.636 29008
77.102 29004
77.114 29003
100.231 28997
193.762 28981
247.057 28980
