0.002 8415
0.002 8349
0.003 8345
0.004 8246
0.005 8238
0.006 8063
0.007 8061
0.008 8048
0.01 8026
0.014 8018
0.014 8012
0.018 8009
0.02 8002
0.024 7991
0.025 7850
0.027 7842
0.028 7816
0.028 7788
0.03 7732
0.034 7712
0.034 7670
0.034 7634
0.038 7633
0.039 7577
0.04 7555
0.048 7534
0.096 7517
0.097 7506
0.101 7491
0.119 7489
0.146 7486
0.241 7483
0.242 7472
0.482 7458
0.483 7447
0.486 7439
4.332 7435
5.705 7432
11.694 7431
12.228 7430
49.013 7427
72.272 7426
72.288 7425
72.294 7422
85.053 7420
185.166 7419
197.883 7418
