0.004 12339
0.004 12229
0.004 12202
0.005 12201
0.005 12196
0.006 12129
0.006 12122
0.007 12121
0.008 12117
0.008 12083
0.009 11975
0.009 11974
0.01 11893
0.011 11839
0.011 11829
0.019 11812
0.019 11806
0.025 10986
0.031 10944
0.039 10930
0.044 10842
0.048 10784
0.048 10775
0.049 10732
0.051 10711
0.052 10708
0.053 10705
0.056 10704
0.068 10685
0.069 10683
0.07 10671
0.071 10657
0.072 10652
0.077 10643
0.093 10640
0.107 10628
0.315 10627
0.315 10620
0.335 10617
0.336 10611
0.337 10605
0.337 10603
0.351 10598
0.352 10597
0.391 10596
0.446 10594
0.448 10593
0.472 10573
0.475 10569
0.556 10567
0.557 10561
0.558 10554
0.838 10547
0.839 10541
0.841 10537
0.841 10505
0.841 10502
0.842 10480
0.842 10470
1.684 10462
1.686 10457
2.187 10455
2.338 10453
2.372 10452
2.385 10451
2.46 10446
2.464 10442
15.998 10420
17.029 10419
17.535 10416
35.108 10411
179.768 10408
