0.005 18900
0.006 18817
0.006 18815
0.006 18808
0.007 18651
0.007 18649
0.009 18585
0.009 18583
0.011 18555
0.012 18545
0.012 18504
0.013 18499
0.015 18498
0.024 18461
0.025 18452
0.026 18445
0.027 18403
0.029 18401
0.03 18399
0.03 18394
0.032 18377
0.039 18273
0.042 18191
0.043 18190
0.043 18175
0.043 18171
0.045 18158
0.061 18142
0.061 18088
0.1 18005
0.147 17961
0.153 17919
0.376 17897
0.378 17879
0.378 17863
0.398 17826
0.408 17807
0.41 17780
0.421 17769
0.422 17741
0.422 17740
0.431 17731
0.506 17726
0.507 17712
0.53 17708
0.53 17689
0.531 17687
0.536 17674
0.57 17673
1.396 17671
1.411 17641
1.412 17613
1.474 17580
1.474 17570
1.474 17568
1.483 17553
9.434 17514
9.435 17493
9.436 17483
9.438 17477
38.86 17461
38.863 17446
38.872 17436
38.88 17428
38.91 17421
38.945 17402
63.108 17386
63.11 17378
63.111 17374
78.7 17367
78.735 17351
86.844 17350
86.846 17343
102.829 17334
102.831 17321
102.833 17315
102.833 17314
102.834 17313
102.841 17310
118.539 17302
126.344 17300
126.351 17296
146.937 17283
146.944 17275
174.925 17274
175.281 17268
175.284 17267
175.285 17265
175.297 17264
179.817 17263
181.385 17257
213.247 17254
213.754 17252
218.782 17249
239.078 17248
239.081 17246
240.837 17245
241.056 17243
245.589 17241
245.603 17231
