0.005 25992
0.006 25968
0.006 25957
0.006 25905
0.007 25773
0.009 25758
0.009 25722
0.009 25719
0.01 25668
0.01 25654
0.01 25653
0.011 25618
0.014 25617
0.017 25605
0.018 25420
0.019 25398
0.02 25313
0.021 25305
0.021 25255
0.022 25245
0.03 25050
0.031 25048
0.037 25020
0.037 25013
0.047 25005
0.048 24955
0.058 24855
0.061 24843
0.104 24842
0.104 24829
0.15 24824
0.156 24794
0.159 24777
0.162 24754
0.201 24734
0.202 24717
0.202 24689
0.203 24627
0.509 24614
0.511 24611
0.512 24515
0.516 24514
0.519 24497
0.523 24451
0.525 24401
1.777 24394
1.778 24380
3.767 24363
3.767 24351
6.934 24349
6.935 24291
10.103 24288
10.114 24266
10.114 24257
11.78 24248
11.781 24237
14.444 24218
14.451 24199
48.022 24194
48.027 24178
48.345 24175
48.349 24159
48.35 24142
64.013 24141
65.278 24120
65.279 24117
65.28 24115
66.02 24090
88.628 24084
88.641 24073
91.399 24064
91.445 24056
91.448 24044
123.526 24038
132.975 24030
132.996 24027
133.6 24013
136.762 24010
136.807 24000
153.955 23997
153.995 23993
154.769 23986
160.859 23976
209.68 23973
209.708 23972
