0.007 32707
0.008 32664
0.008 32207
0.01 32190
0.01 32168
0.011 32129
0.011 32104
0.011 32083
0.012 32080
0.013 32068
0.014 32055
0.018 32035
0.018 31971
0.02 31876
0.02 31872
0.022 31844
0.023 31350
0.025 31275
0.026 31245
0.031 31204
0.033 31121
0.033 31117
0.035 31107
0.036 31093
0.037 31086
0.044 31071
0.044 31068
0.084 30984
0.087 30968
0.089 30947
0.092 30933
0.093 30784
0.095 30769
0.096 30765
0.098 30761
0.102 30757
0.105 30739
0.105 30727
0.106 30702
0.11 30693
0.111 30691
0.111 30681
0.225 30674
0.232 30630
0.233 30577
0.234 30549
0.236 30543
0.657 30506
0.673 30501
0.673 30487
0.691 30484
0.734 30476
0.962 30470
0.962 30463
1.065 30462
1.066 30439
1.107 30422
1.645 30411
2.114 30404
2.117 30354
2.559 30347
2.56 30317
2.873 30270
2.883 30267
2.941 30248
2.942 30239
2.942 30229
7.053 30218
7.059 30194
7.084 30191
7.217 30181
7.217 30082
7.226 30071
7.228 30058
16.721 30041
16.723 30035
21.969 30034
24.334 30011
24.335 30010
24.335 29980
24.339 29949
35.488 29947
35.489 29946
41.681 29945
41.684 29942
54.258 29934
54.259 29933
60.264 29930
60.272 29915
60.582 29888
60.594 29882
60.595 29871
60.596 29869
60.597 29843
60.605 29836
60.607 29804
60.641 29803
60.655 29802
60.687 29772
60.831 29762
60.832 29750
60.838 29739
60.839 29737
60.848 29726
60.868 29713
60.868 29702
60.872 29698
61.052 29687
87.789 29685
87.796 29679
107.611 29677
109.37 29672
109.774 29669
109.779 29656
109.997 29653
110.335 29652
110.453 29651
110.458 29615
156.969 29611
157.039 29604
157.04 29591
157.042 29589
170.023 29584
172.279 29580
173.032 29577
173.413 29574
173.449 29567
173.526 29565
173.556 29563
173.956 29561
174.139 29559
174.317 29551
