0.006 25538
0.006 25509
0.007 25493
0.007 25350
0.008 25257
0.009 25248
0.009 25239
0.01 25200
0.01 25150
0.015 25142
0.016 25135
0.017 25111
0.018 25081
0.018 25074
0.018 25066
0.02 24817
0.021 24451
0.023 24442
0.027 24425
0.028 24411
0.03 24407
0.031 24364
0.032 24361
0.038 24349
0.056 24347
0.057 24331
0.06 24321
0.065 24309
0.065 24245
0.066 24223
0.067 24204
0.067 24176
0.07 24114
0.07 24079
0.071 24064
0.079 24062
0.079 24054
0.084 24050
0.088 24040
0.09 24022
0.093 23981
0.094 23976
0.103 23970
0.104 23945
0.105 23931
0.105 23843
0.108 23830
0.109 23781
0.111 23488
0.114 23411
0.16 23378
0.169 23370
0.169 23355
0.275 23310
0.275 23293
0.276 23268
0.277 23233
0.305 23207
0.305 23192
0.361 23190
0.361 23168
0.362 23155
0.362 23151
0.364 23134
0.374 23133
0.993 23132
0.993 23086
1 23072
1.003 23057
1.054 23037
1.054 23033
1.969 23031
1.972 23014
2.009 23002
2.57 22915
2.579 22879
2.62 22876
2.621 22875
2.622 22821
2.624 22818
2.68 22769
2.681 22765
2.682 22763
2.686 22742
2.69 22735
2.737 22723
2.737 22716
3.325 22696
3.971 22692
3.981 22664
3.984 22643
3.991 22635
3.991 22625
4.377 22613
4.378 22609
4.379 22596
4.379 22579
4.38 22572
4.381 22552
4.532 22541
4.577 22525
4.614 22481
4.618 22477
4.677 22459
10.833 22457
10.834 22447
14.373 22444
14.373 22436
14.377 22421
15.224 22415
21.209 22405
21.21 22377
21.245 22376
21.529 22374
21.56 22347
21.566 22323
21.911 22314
22.405 22304
22.411 22292
22.412 22285
22.538 22280
22.539 22253
22.735 22248
105.478 22243
110.156 22235
110.157 22232
110.161 22218
110.167 22217
138.399 22213
157.246 22212
157.304 22211
162.228 22209
170.605 22208
170.677 22199
170.697 22192
170.718 22189
193.045 22187
193.077 22186
194.538 22185
194.542 22181
194.551 22178
266.94 22175
274.596 22172
