0.005 65848
0.005 65668
0.006 65549
0.006 65355
0.007 65354
0.007 65327
0.008 65254
0.009 65105
0.009 64882
0.01 64801
0.01 64727
0.01 64466
0.012 64353
0.017 64337
0.019 64326
0.019 64312
0.02 64302
0.022 64301
0.022 64182
0.024 64154
0.025 64130
0.026 64112
0.057 64103
0.068 64099
0.071 64096
0.137 64094
0.138 64073
0.14 64066
0.16 64050
0.16 64023
0.163 63957
0.299 63942
0.301 63940
0.308 63928
0.309 63892
0.31 63871
1.046 63865
1.156 63863
4.395 63831
4.396 63817
4.78 63813
4.781 63809
7.277 63799
7.645 63794
7.647 63779
8.659 63775
8.661 63766
8.665 63732
8.676 63731
8.687 63726
8.843 63714
14.122 63702
19.452 63671
19.461 63670
27.293 63663
27.299 63658
27.3 63657
27.304 63655
27.306 63648
40.502 63611
52.275 63578
72.502 63567
