0.007 24949
0.007 24936
0.008 24739
0.008 24622
0.009 24489
0.009 24476
0.01 24462
0.01 24452
0.011 24341
0.011 24298
0.012 24288
0.013 24284
0.013 24279
0.014 24260
0.016 24220
0.019 24205
0.02 24147
0.023 24019
0.024 24012
0.024 24001
0.027 23959
0.068 23958
0.07 23930
0.07 23924
0.071 23915
0.072 23879
0.084 23867
0.127 23863
0.128 23839
0.134 23838
0.135 23823
0.135 23725
0.135 23712
0.137 23678
0.165 23662
0.172 23649
0.174 23629
0.176 23617
0.177 23613
0.18 23609
0.269 23588
0.4 23538
0.4 23529
0.413 23520
0.414 23472
0.416 23403
0.433 23324
0.658 23291
0.66 23260
0.774 23254
0.775 23187
0.778 23176
0.787 23149
0.788 23114
0.79 23112
0.791 23099
0.796 23096
0.799 23083
0.799 23082
0.8 23076
0.935 23057
0.937 23033
0.937 23026
1.532 23002
1.534 22995
1.607 22968
1.608 22961
2.888 22950
3.433 22934
3.436 22922
3.441 22892
3.442 22887
3.443 22873
4.681 22857
4.689 22846
14.711 22813
14.711 22810
19.574 22762
31.939 22749
32.014 22700
61.866 22690
61.87 22675
106.589 22674
124.844 22656
124.88 22654
310.303 22649
310.35 22648
311.291 22645
311.301 22644
