0.004 37152
0.005 36987
0.005 36980
0.006 36977
0.006 36955
0.007 36948
0.007 36932
0.008 36931
0.008 36891
0.008 36880
0.011 36743
0.015 35730
0.016 35542
0.018 35540
0.019 35534
0.021 35528
0.028 35522
0.037 35331
0.039 35249
0.04 35218
0.041 35203
0.041 35190
0.042 35174
0.044 35133
0.048 35084
0.107 35023
0.107 34999
0.107 34950
0.109 34935
0.109 34913
0.11 34906
0.11 34879
0.111 34877
0.112 34817
0.114 34799
0.114 34748
0.117 34722
0.117 34689
0.125 34683
0.125 34678
0.131 34671
0.134 34656
0.135 34604
0.138 34600
0.166 34583
0.169 34562
0.176 34541
0.201 34516
0.208 34505
0.208 34497
0.23 34433
0.23 34326
0.234 34317
0.333 34302
0.333 34267
0.36 34263
0.365 34235
0.368 34221
0.37 34205
0.37 34191
0.38 34176
0.381 34174
0.381 34173
0.383 34172
0.457 34064
0.459 34017
0.459 34009
0.461 33959
0.462 33913
0.469 33901
0.481 33819
0.484 33788
0.514 33774
0.521 33708
0.527 33692
0.53 33690
0.531 33657
0.688 33630
0.934 33589
0.973 33576
0.991 33556
0.991 33552
0.994 33549
0.995 33541
1.158 33530
1.159 33512
1.164 33508
1.165 33505
1.17 33488
1.341 33465
1.538 33460
1.539 33452
1.539 33448
12.756 33435
12.76 33417
12.761 33412
25.877 33346
47.125 33343
70.334 33338
71.322 33326
73.84 33289
76.245 33248
156.91 33247
156.937 33244
210.484 33242
210.498 33240
210.546 33239
218.858 33238
218.905 33231
226.309 33228
227.328 33226
231.015 33225
231.471 33224
249.029 33222
249.682 33221
249.7 33217
249.933 33213
250.029 33210
250.066 33209
250.068 33208
250.134 33207
250.552 33206
251.495 33203
270.081 33197
270.09 33191
270.103 33190
