0.005 28092
0.005 28011
0.006 27984
0.006 27960
0.007 27851
0.007 27824
0.007 27817
0.009 27773
0.009 27752
0.011 27749
0.013 27706
0.018 27690
0.018 27680
0.019 27677
0.019 27662
0.02 27500
0.022 27453
0.023 27441
0.024 27405
0.027 27192
0.027 27188
0.028 27174
0.029 27097
0.031 27038
0.032 27037
0.032 27019
0.033 26974
0.034 26959
0.034 26952
0.035 26947
0.036 26893
0.058 26887
0.059 26706
0.059 26698
0.062 26665
0.063 26634
0.147 26602
0.148 26553
0.15 26537
0.151 26507
0.151 26451
0.153 26341
0.154 26328
0.157 26293
0.158 26288
0.163 26117
0.203 26100
1.15 26070
1.206 26049
1.208 26044
1.208 26042
1.209 26014
1.211 25982
1.363 25975
1.364 25957
1.367 25934
1.367 25908
1.369 25870
1.369 25833
1.39 25810
2.776 25755
2.779 25702
2.78 25683
2.78 25659
3.36 25615
3.369 25598
3.427 25570
4.484 25567
4.563 25547
15.151 25543
30.251 25539
30.252 25526
30.261 25485
30.263 25417
50.997 25409
51.014 25406
51.016 25384
51.016 25383
51.25 25381
51.277 25357
65.528 25356
65.705 25343
65.71 25337
75.483 25328
75.53 25325
84.887 25318
85.004 25314
85.006 25313
85.094 25312
85.493 25309
85.506 25302
85.528 25282
85.539 25275
85.542 25270
85.546 25264
85.687 25258
100.355 25252
100.377 25246
118.841 25243
233.649 25230
235.71 25210
236.454 25194
