0.007 56716
0.008 56646
0.009 56643
0.009 56641
0.01 56636
0.012 56616
0.013 56569
0.013 56502
0.014 56501
0.014 56493
0.015 56465
0.015 56444
0.016 56414
0.017 56399
0.02 56379
0.02 56337
0.021 56329
0.028 56310
0.029 56291
0.031 56272
0.033 56209
0.035 56207
0.041 56192
0.042 56123
0.042 56030
0.053 55966
0.055 55955
0.056 55950
0.07 55911
0.143 55910
0.144 55885
0.16 55864
0.169 55860
0.171 55846
0.173 55750
0.177 55742
0.178 55726
0.185 55703
0.216 55701
0.221 55628
0.226 55602
0.227 55485
0.228 55478
0.229 55467
0.233 55428
0.234 55370
0.236 55355
0.24 55320
0.242 55308
0.242 55283
0.249 55260
0.274 55248
0.274 55242
0.276 55235
0.297 55232
0.408 55214
0.41 55172
0.418 55163
0.42 55140
0.437 55106
0.438 55096
0.442 55090
0.672 55085
0.674 55067
0.674 55064
0.733 55048
0.747 55035
0.751 55023
0.751 55014
0.752 55012
0.778 55001
0.782 55000
0.787 54996
0.789 54994
1.079 54984
1.08 54981
1.083 54943
1.096 54867
1.098 54842
1.103 54838
1.119 54836
1.12 54816
1.131 54774
1.133 54763
1.907 54756
2.12 54746
2.122 54745
2.123 54740
2.124 54692
2.124 54690
2.126 54662
2.127 54609
2.245 54607
2.246 54590
2.26 54583
2.266 54567
2.668 54565
2.674 54531
2.992 54527
2.993 54516
2.995 54514
3.012 54429
3.012 54413
3.017 54408
3.041 54267
3.05 54245
3.581 54228
3.587 54136
3.589 54129
3.591 54126
3.648 54111
3.652 54091
3.652 54032
5.264 54030
5.265 54029
5.267 54009
5.27 54004
6.394 53967
6.396 53966
6.4 53913
6.865 53870
6.865 53840
6.866 53838
8.927 53830
17.268 53827
20.126 53816
33.922 53811
33.923 53801
33.945 53737
33.947 53736
33.973 53728
33.974 53715
33.977 53698
33.986 53694
33.988 53627
33.999 53623
34.024 53614
62.471 53606
62.472 53605
73.454 53581
73.455 53579
74.344 53570
74.347 53569
74.577 53566
77.304 53564
77.305 53546
77.307 53535
77.309 53534
77.593 53533
77.692 53526
99.257 53495
99.262 53487
99.279 53467
99.3 53456
99.385 53451
99.393 53449
99.394 53437
102.626 53430
102.632 53419
102.633 53417
102.634 53410
102.65 53406
102.658 53403
102.659 53400
103.892 53398
106.607 53396
106.61 53395
125.541 53392
126.197 53387
126.241 53377
126.25 53375
126.281 53374
126.282 53370
142.16 53365
142.25 53363
142.252 53360
142.263 53353
142.311 53344
142.312 53316
146.645 53310
146.907 53309
147.5 53308
148.303 53304
150.229 53287
163.15 53285
163.154 53282
163.156 53269
163.213 53267
163.216 53264
163.229 53239
163.422 53237
164.733 53236
164.766 53234
164.787 53232
165.037 53229
201.726 53227
228.002 53225
243.365 53224
243.426 53220
251.843 53219
