0.009 84079
0.009 84054
0.01 84049
0.011 83995
0.012 83910
0.013 83897
0.014 83893
0.015 83882
0.024 83826
0.025 83802
0.025 83760
0.025 83729
0.027 83474
0.034 83341
0.041 83326
0.041 83313
0.043 83276
0.043 83266
0.044 83253
0.045 83228
0.05 83144
0.057 83101
0.057 82983
0.059 82941
0.063 82897
0.066 82829
0.068 82799
0.071 82764
0.072 82729
0.072 82725
0.073 82649
0.075 82612
0.075 82611
0.076 82606
0.076 82575
0.077 82559
0.085 82536
0.095 82488
0.097 82480
0.102 82479
0.104 82464
0.105 82393
0.106 82384
0.11 82335
0.112 82326
0.113 82286
0.114 82276
0.137 82255
0.137 82250
0.138 82140
0.142 82139
0.15 82108
0.152 82105
0.173 82052
0.175 82051
0.183 82049
0.184 82008
0.19 82002
0.216 81954
0.216 81879
0.224 81858
0.279 81826
0.28 81811
0.282 81729
0.283 81668
0.284 81641
0.285 81594
0.285 81563
0.285 81544
0.287 81542
0.29 81522
0.291 81516
0.332 81440
0.335 81435
0.336 81427
0.411 81372
0.414 81348
0.428 81316
0.432 81315
0.433 81306
0.436 81302
0.438 81249
0.442 81227
0.446 81208
0.448 81202
0.451 81172
0.452 81046
0.465 81030
0.466 81024
0.47 80998
0.472 80976
0.551 80871
0.556 80824
0.557 80822
0.558 80807
0.583 80776
0.584 80744
0.599 80743
0.605 80742
0.609 80736
0.612 80677
0.614 80675
0.615 80657
0.676 80647
0.676 80640
0.698 80588
0.698 80575
0.829 80568
0.831 80534
0.835 80511
0.975 80481
0.984 80466
1.58 80450
1.58 80449
1.582 80443
1.583 80429
1.653 80368
1.656 80366
1.657 80293
1.662 80273
1.671 80270
1.672 80262
1.676 80252
2.505 80248
2.508 80237
2.508 80233
2.518 80145
2.522 80140
2.615 80092
2.657 80022
2.66 79998
2.662 79976
2.662 79975
2.668 79947
2.668 79918
3.638 79891
3.644 79888
4.863 79885
6.453 79868
6.461 79862
6.817 79853
6.9 79796
6.915 79764
6.923 79748
6.924 79664
8.24 79644
8.242 79643
8.259 79614
8.26 79612
8.262 79604
8.262 79597
17.513 79568
18.545 79558
18.546 79543
18.565 79504
18.568 79500
18.594 79490
19.457 79479
20.507 79450
20.508 79445
20.509 79444
20.513 79425
21.209 79358
21.21 79357
21.211 79355
21.223 79350
21.252 79303
21.258 79290
21.309 79287
21.31 79284
21.318 79267
21.322 79265
21.354 79264
21.356 79195
21.357 79182
21.825 79154
21.843 79114
21.845 79108
21.861 79068
21.866 79026
21.945 78995
43.092 78988
43.093 78987
43.111 78975
43.117 78972
43.15 78966
43.192 78956
43.195 78910
43.196 78906
43.264 78895
43.272 78894
43.278 78888
43.28 78886
43.281 78882
43.283 78879
43.305 78875
43.727 78858
43.727 78836
43.729 78828
53.122 78814
53.129 78809
53.136 78787
53.341 78778
53.999 78755
54 78707
54.025 78660
55.619 78658
55.622 78620
55.686 78618
55.692 78603
58.425 78598
58.473 78597
58.483 78564
58.487 78553
58.488 78550
58.498 78541
59.367 78537
59.371 78533
59.373 78532
59.378 78527
59.432 78516
59.436 78515
59.455 78514
59.457 78504
59.605 78493
59.69 78491
59.692 78470
59.693 78466
59.694 78465
136.728 78463
136.735 78451
136.737 78450
137.355 78446
137.356 78445
137.356 78443
167.254 78441
167.26 78440
167.291 78439
195.488 78434
213.452 78433
224.952 78430
224.984 78429
225 78427
228.274 78419
228.279 78416
228.28 78413
228.336 78411
228.447 78359
228.458 78355
228.461 78354
228.48 78339
228.67 78333
229.834 78328
229.842 78327
229.856 78311
229.857 78299
231.045 78292
231.175 78288
232.208 78279
232.236 78278
232.259 78269
232.32 78263
232.559 78259
232.662 78258
