0.01 42953
0.011 42946
0.011 42921
0.011 42903
0.012 42889
0.012 42859
0.013 42850
0.013 42814
0.014 42708
0.014 42685
0.015 42676
0.017 42666
0.018 42664
0.018 42622
0.018 42573
0.021 42531
0.023 42440
0.024 42425
0.029 42417
0.03 42400
0.031 42358
0.036 42304
0.036 42289
0.072 42271
0.073 42165
0.074 42132
0.079 42042
0.079 42014
0.08 41971
0.091 41929
0.121 41799
0.122 41745
0.124 41707
0.127 41651
0.127 41607
0.128 41533
0.129 41527
0.13 41484
0.131 41404
0.15 41347
0.152 41339
0.154 41327
0.157 41316
0.158 41284
0.159 41250
0.159 41249
0.487 41225
0.487 41195
0.502 41166
0.509 41101
0.728 41057
0.728 41047
0.734 41041
0.736 40984
1.378 40980
1.379 40957
1.381 40945
1.382 40940
1.393 40920
1.394 40899
1.394 40885
1.398 40862
1.4 40851
1.403 40839
1.405 40761
1.96 40747
1.962 40736
1.964 40726
2.001 40713
2.003 40695
2.004 40687
2.518 40676
2.625 40648
2.628 40646
2.629 40610
2.63 40607
2.691 40536
4.036 40535
4.089 40461
4.2 40384
4.201 40379
4.232 40365
4.446 40334
27.651 40332
27.667 40287
27.685 40267
27.688 40266
27.69 40260
39.504 40238
39.517 40215
39.519 40209
39.913 40198
40.148 40150
40.451 40121
40.455 40105
40.455 40104
40.464 40094
40.468 40079
40.468 40078
92.204 40072
92.206 40069
92.211 40053
92.217 40034
92.219 40018
92.229 40015
92.247 40014
92.251 40012
92.255 40009
92.801 40005
93.091 40004
93.093 39994
93.825 39990
93.827 39975
94.274 39943
115.313 39941
116.05 39937
116.053 39932
116.065 39928
123.277 39925
123.561 39910
123.565 39891
123.576 39865
123.591 39853
124.047 39844
125.045 39826
130.369 39794
130.369 39792
130.39 39780
130.39 39768
135.908 39752
135.912 39732
135.913 39726
163.477 39724
168.109 39723
168.534 39720
168.549 39715
168.84 39707
170.068 39703
170.072 39701
170.08 39700
170.293 39695
170.304 39689
173.329 39688
177.206 39687
177.695 39686
177.795 39682
178.286 39674
203.893 39667
254.302 39656
254.339 39655
254.344 39654
