0.008 21068
0.009 20957
0.009 20937
0.01 20905
0.01 20838
0.011 20780
0.011 20774
0.014 20747
0.014 20733
0.015 20665
0.016 20613
0.017 20539
0.018 20529
0.018 20449
0.018 20440
0.019 20434
0.019 20419
0.024 20412
0.024 20410
0.025 20400
0.027 20370
0.032 20369
0.034 20364
0.046 20288
0.046 20273
0.047 20227
0.047 20224
0.048 20192
0.05 20128
0.051 20127
0.051 20112
0.058 20061
0.059 20035
0.06 20014
0.062 19967
0.114 19950
0.114 19930
0.139 19914
0.14 19875
0.21 19873
0.21 19832
0.21 19831
0.213 19827
0.234 19819
0.236 19809
0.236 19797
0.238 19789
0.241 19778
0.242 19769
0.242 19760
0.331 19739
0.496 19724
0.501 19651
0.524 19620
0.524 19612
0.525 19596
0.688 19592
0.689 19567
0.693 19556
0.76 19544
0.761 19537
2.38 19535
2.38 19500
2.381 19499
3.712 19491
3.717 19485
3.721 19481
4.277 19474
4.277 19464
4.279 19454
4.28 19436
4.327 19400
4.331 19397
19.001 19392
19.011 19386
19.373 19370
19.443 19367
23.37 19363
26.494 19354
26.494 19347
33.115 19345
33.117 19339
33.117 19330
33.442 19328
36.519 19321
36.52 19296
36.521 19287
43.341 19275
43.589 19273
43.594 19264
43.598 19260
55.463 19254
55.464 19249
55.464 19248
55.471 19234
55.472 19230
55.481 19229
74.831 19205
81.791 19202
81.843 19196
83.913 19192
83.921 19190
83.974 19187
85.965 19185
85.982 19184
194.883 19177
194.884 19168
194.995 19166
195.046 19163
195.056 19157
204.193 19155
204.196 19152
204.197 19151
206.302 19149
206.344 19148
206.613 19147
206.648 19145
206.82 19139
206.832 19138
206.941 19130
208.307 19128
209.409 19126
209.455 19125
238.196 19116
238.198 19112
245.659 19110
