0.01 17924
0.011 17917
0.012 17884
0.012 17826
0.012 17781
0.013 17626
0.014 17497
0.015 17474
0.015 17455
0.016 17449
0.018 17403
0.023 17341
0.024 17334
0.024 17332
0.025 17312
0.031 17280
0.032 17249
0.033 17248
0.036 17247
0.037 17243
0.038 17204
0.041 17193
0.042 17188
0.042 17183
0.043 17175
0.127 16901
0.128 16891
0.13 16877
0.13 16812
0.139 16796
0.157 16781
0.159 16767
0.322 16764
0.329 16741
0.4 16724
0.4 16694
0.403 16661
0.404 16651
0.404 16647
0.406 16646
0.407 16611
0.41 16598
0.411 16569
0.413 16398
0.422 16397
0.422 16396
0.427 16341
0.429 16337
0.43 16327
0.432 16307
0.5 16278
0.501 16277
0.593 16275
0.594 16254
0.966 16253
0.966 16251
0.968 16247
0.969 16243
0.97 16221
1.175 16201
2.345 16192
2.356 16176
2.358 16168
2.359 16156
2.401 16123
2.402 16122
2.426 16109
2.646 16106
2.648 16097
2.648 16094
2.649 16082
2.682 16056
2.684 16029
2.983 16016
3.236 16011
3.297 15992
3.298 15991
3.302 15990
3.305 15971
3.306 15959
3.892 15918
3.923 15912
3.924 15909
6.284 15899
6.29 15879
6.308 15858
27.866 15852
36.111 15848
49.776 15846
50.721 15840
50.721 15836
74.67 15830
77.688 15827
77.689 15826
77.691 15823
96.888 15806
97.026 15798
97.026 15794
97.029 15793
104.468 15791
104.486 15788
130.02 15782
130.021 15781
130.022 15773
130.04 15769
130.043 15763
131.069 15762
132.8 15756
132.801 15755
132.837 15754
148.842 15748
