0.011 27052
0.011 27028
0.011 27012
0.011 27011
0.012 26850
0.012 26799
0.013 26779
0.013 26777
0.013 26764
0.013 26756
0.014 26672
0.015 26512
0.018 26475
0.018 26465
0.019 26443
0.02 26440
0.022 26421
0.033 26406
0.035 26375
0.036 26354
0.04 26353
0.041 26284
0.042 26270
0.043 26269
0.043 26266
0.051 26263
0.053 26262
0.053 26238
0.056 26227
0.057 26204
0.057 26200
0.06 26197
0.061 26187
0.063 26160
0.067 26143
0.068 26132
0.068 26121
0.071 26118
0.075 26084
0.076 26066
0.076 26021
0.087 25996
0.087 25964
0.087 25963
0.101 25947
0.104 25902
0.105 25898
0.106 25888
0.129 25837
0.13 25835
0.133 25832
0.134 25804
0.159 25734
0.16 25731
0.164 25724
0.249 25715
0.29 25676
0.29 25661
0.295 25582
0.297 25568
0.604 25552
0.622 25548
0.625 25543
0.626 25487
0.701 25470
0.76 25461
0.762 25429
1.536 25426
1.564 25382
1.734 25373
1.735 25342
1.738 25341
1.738 25315
1.74 25313
1.741 25278
3.238 25249
3.239 25233
3.243 25199
3.244 25198
3.245 25176
3.704 25154
12.996 25143
13.006 25120
37.319 25119
48.076 25103
48.081 25088
48.082 25063
51.782 25049
51.802 25042
51.809 25019
51.876 25017
51.879 25000
51.879 24996
54.527 24993
54.529 24990
54.53 24981
57.038 24969
57.043 24940
57.044 24937
57.054 24920
57.07 24911
76.904 24903
121.348 24892
121.348 24883
121.356 24881
121.379 24880
136.103 24876
136.156 24875
136.158 24869
136.162 24855
136.165 24854
137.307 24851
137.329 24836
190.908 24825
190.913 24824
191.145 24823
286.091 24822
