0.01 42954
0.011 42920
0.011 42903
0.012 42885
0.012 42843
0.012 42836
0.012 42811
0.013 42739
0.013 42615
0.015 42605
0.015 42596
0.016 42591
0.016 42572
0.033 42556
0.051 42521
0.052 42503
0.053 42484
0.053 42482
0.059 42338
0.061 42332
0.063 42274
0.063 42160
0.084 42153
0.085 42079
0.125 42067
0.13 42061
0.131 42053
0.133 41932
0.15 41923
0.153 41903
0.156 41901
0.158 41884
0.159 41837
0.174 41817
0.178 41780
0.179 41723
0.181 41642
0.183 41625
0.183 41619
0.184 41608
0.187 41586
0.195 41483
0.197 41481
0.336 41440
0.338 41412
0.344 41375
0.345 41363
0.347 41341
0.349 41326
0.35 41295
0.352 41253
0.372 41247
0.375 41228
0.375 41210
0.541 41189
0.542 41134
0.547 41068
0.548 41062
0.549 41040
0.56 41007
0.565 40985
0.566 40900
0.567 40877
0.617 40829
0.637 40825
0.644 40803
0.72 40767
1.232 40752
1.234 40747
1.262 40743
1.264 40718
1.264 40712
1.268 40669
1.281 40652
1.291 40638
1.291 40626
1.293 40616
1.3 40586
1.3 40582
1.306 40554
2.497 40540
2.529 40526
2.531 40492
2.533 40488
2.587 40485
2.589 40476
2.592 40444
2.599 40411
36.335 40401
36.336 40379
36.341 40372
36.363 40340
36.948 40335
41.796 40333
41.799 40332
41.807 40307
41.808 40290
41.813 40273
42.013 40246
42.016 40228
42.226 40213
42.233 40149
46.255 40112
46.256 40081
46.257 40077
81.587 40068
87.524 40066
89.509 40054
89.55 40052
89.559 40050
89.56 40047
89.657 40044
89.663 40023
89.666 40021
89.668 40017
89.669 40005
89.684 40003
89.686 39999
89.689 39997
89.691 39985
89.699 39979
90.084 39964
90.088 39955
116.609 39947
116.616 39936
123.303 39929
123.305 39916
123.316 39911
123.318 39889
123.389 39888
123.402 39876
123.57 39874
124.325 39855
124.611 39847
124.644 39838
124.647 39822
124.879 39816
124.983 39812
125 39787
125.004 39781
164.981 39772
164.982 39766
165.101 39758
165.107 39755
165.142 39747
165.296 39746
165.348 39738
171.752 39734
171.758 39728
187.636 39724
206.927 39716
222.26 39711
222.613 39707
