0.008 21951
0.009 21680
0.009 21624
0.01 21490
0.01 21432
0.01 21401
0.011 21374
0.011 21372
0.012 21310
0.014 21309
0.015 21294
0.016 21293
0.016 21264
0.017 21258
0.017 21251
0.018 21229
0.02 21209
0.022 21197
0.026 21186
0.037 21161
0.053 21150
0.053 21140
0.053 21130
0.06 21089
0.061 21087
0.062 21049
0.111 20991
0.131 20990
0.466 20963
0.472 20948
0.473 20921
0.482 20902
0.492 20887
0.493 20873
0.506 20838
0.766 20832
0.768 20824
1.437 20806
1.438 20775
3.571 20764
3.571 20751
3.743 20748
8.186 20720
8.781 20716
8.79 20706
17.193 20688
17.194 20683
44.009 20680
44.18 20675
44.184 20674
45.652 20667
45.653 20653
61.403 20613
61.404 20581
61.425 20567
221.526 20565
290.675 20564
291.761 20560
292.134 20559
