0.01 43036
0.011 42939
0.011 42921
0.013 42914
0.014 42846
0.014 42837
0.015 42769
0.015 42722
0.016 42714
0.016 42712
0.018 42687
0.019 42673
0.02 42635
0.021 42628
0.023 42495
0.024 42463
0.037 42430
0.041 42415
0.047 42406
0.049 42395
0.05 42323
0.059 42263
0.07 42124
0.074 42049
0.108 41963
0.109 41932
0.111 41919
0.111 41897
0.12 41775
0.161 41672
0.162 41609
0.163 41553
0.164 41498
0.165 41462
0.166 41446
0.167 41427
0.178 41350
0.182 41320
0.184 41312
0.234 41310
0.235 41236
0.235 41227
0.239 41172
0.472 41152
0.473 41144
0.702 41141
1.188 41128
1.192 41119
1.193 41118
1.194 41062
1.197 41050
1.207 40993
1.208 40984
1.209 40966
1.211 40937
1.214 40936
2.141 40927
2.141 40885
2.142 40871
2.353 40831
2.381 40829
2.382 40824
2.382 40775
2.426 40759
2.439 40743
2.666 40740
2.667 40737
2.673 40685
2.674 40671
2.78 40669
2.964 40667
2.988 40652
2.989 40542
4.33 40535
4.35 40533
4.381 40529
10.667 40516
10.667 40506
10.669 40500
10.674 40487
10.675 40468
10.676 40466
10.677 40455
10.678 40424
10.678 40408
10.679 40314
22.365 40266
22.37 40256
22.375 40251
45.799 40246
45.801 40233
45.803 40223
48.771 40221
57.337 40186
65.004 40182
65.005 40169
69.007 40167
69.007 40164
69.018 40161
69.037 40154
69.158 40127
88.188 40126
95.321 40121
96.455 40119
96.459 40100
96.466 40098
96.477 40097
97.512 40093
97.513 40083
99.9 40079
99.901 40054
99.904 40044
99.91 40043
99.918 40033
99.921 40027
99.992 40025
100.008 40021
100.014 40007
100.03 39986
100.035 39970
106.685 39955
106.686 39940
106.687 39905
106.688 39901
107.058 39878
107.361 39875
107.366 39858
107.898 39848
107.954 39845
107.989 39832
108.108 39818
108.134 39800
111.055 39793
111.063 39791
177.163 39789
177.166 39782
185.649 39781
185.71 39774
185.71 39769
188.422 39768
188.431 39767
190.336 39765
