0.008 56768
0.008 56760
0.009 56757
0.01 56733
0.013 56658
0.013 56643
0.022 56472
0.022 56402
0.023 56282
0.025 56271
0.027 56246
0.031 56234
0.031 56212
0.041 56194
0.041 56146
0.049 56110
0.05 56029
0.054 56017
0.057 55916
0.058 55913
0.097 55891
0.097 55871
0.1 55851
0.101 55811
0.101 55801
0.102 55799
0.102 55795
0.104 55775
0.108 55750
0.11 55746
0.112 55745
0.142 55740
0.143 55674
0.144 55673
0.145 55660
0.147 55635
0.19 55550
0.192 55499
0.195 55483
0.2 55441
0.201 55420
0.206 55375
0.304 55284
0.305 55282
0.306 55277
0.31 55233
0.311 55210
0.34 55053
0.341 55046
0.342 55041
0.344 54961
0.346 54925
0.403 54920
0.405 54898
0.406 54886
0.42 54872
0.515 54858
0.519 54846
0.534 54802
0.535 54778
0.539 54773
0.542 54719
0.557 54613
0.558 54604
0.719 54596
0.72 54561
0.724 54559
0.824 54550
0.826 54391
0.826 54390
0.833 54373
0.842 54346
0.843 54331
0.846 54328
1.137 54316
1.142 54303
1.146 54302
1.148 54293
1.156 54281
1.179 54274
1.179 54264
1.182 54262
1.207 54261
1.708 54249
2.535 54223
2.553 54206
2.564 54188
2.799 54121
2.818 54120
2.824 54095
2.826 54092
2.83 54076
2.835 54074
2.836 54073
2.837 54055
2.839 54045
4.593 54041
4.597 54040
4.922 53981
4.927 53965
6.737 53958
7.143 53926
7.146 53908
7.147 53900
7.148 53886
7.148 53859
7.177 53848
7.204 53822
7.339 53809
7.339 53802
7.343 53800
7.349 53777
7.35 53770
7.351 53767
8.239 53766
8.269 53752
20.995 53743
20.997 53735
43.704 53715
43.708 53680
43.708 53658
58.386 53646
58.537 53642
58.696 53638
59.958 53625
59.962 53555
110.991 53547
111.862 53538
111.865 53509
111.866 53501
111.889 53495
111.909 53489
111.911 53483
128.674 53477
128.678 53476
130.46 53465
130.741 53462
130.747 53448
145.474 53444
146.58 53440
146.58 53431
146.768 53428
150.94 53423
151.185 53420
159.23 53417
159.242 53410
159.271 53408
217.588 53407
217.686 53406
217.749 53405
217.756 53403
218.031 53401
271.563 53396
271.603 53394
