0.008 21973
0.009 21932
0.009 21898
0.01 21875
0.01 21522
0.011 21518
0.012 21517
0.014 21504
0.014 21503
0.014 21447
0.014 21433
0.015 21424
0.019 21404
0.02 21400
0.02 21319
0.021 21256
0.022 21247
0.022 21232
0.038 21231
0.038 21151
0.04 21125
0.043 21122
0.047 21105
0.047 21092
0.048 21071
0.084 21019
0.086 21013
0.133 21001
0.144 20994
0.151 20986
0.214 20985
0.215 20981
0.218 20950
0.377 20935
0.378 20913
0.608 20895
0.609 20893
0.618 20892
0.62 20859
0.62 20849
1.269 20835
1.823 20818
2.246 20797
2.251 20783
2.253 20754
20.086 20735
20.088 20719
21.21 20711
21.213 20693
23.064 20666
23.066 20661
44.216 20654
44.218 20640
54.756 20586
55.075 20585
55.076 20575
62.602 20570
105.166 20562
105.59 20557
107.56 20545
109.022 20543
109.574 20526
143.541 20524
159.075 20505
159.292 20494
