0.011 42937
0.011 42874
0.011 42806
0.012 42788
0.013 42743
0.013 42726
0.013 42689
0.013 42653
0.014 42618
0.014 42607
0.015 42601
0.016 42593
0.016 42583
0.017 42505
0.018 42490
0.018 42465
0.019 42441
0.02 42432
0.038 42358
0.044 42356
0.045 42354
0.045 42344
0.046 42322
0.048 42274
0.048 42269
0.049 42217
0.05 42196
0.05 42194
0.051 42192
0.051 42165
0.052 42081
0.052 42063
0.053 41986
0.066 41981
0.068 41978
0.069 41945
0.07 41908
0.071 41895
0.071 41893
0.074 41882
0.075 41881
0.077 41847
0.078 41839
0.079 41827
0.086 41816
0.09 41807
0.09 41801
0.091 41727
0.096 41723
0.097 41708
0.097 41690
0.097 41683
0.099 41584
0.1 41575
0.344 41566
0.451 41550
0.452 41544
0.453 41525
0.457 41312
0.465 41306
0.465 41302
0.49 41252
0.491 41214
0.493 41210
0.505 41147
0.704 41121
0.704 41117
0.707 41108
0.71 41085
0.711 41046
0.712 41041
0.713 40999
0.715 40998
0.715 40981
0.716 40956
0.993 40936
0.995 40915
0.996 40902
2.418 40884
2.423 40876
2.479 40858
2.48 40836
2.48 40820
4.215 40815
4.309 40804
7.368 40781
7.368 40778
7.374 40746
7.375 40721
7.424 40710
7.432 40703
7.433 40697
7.435 40675
7.597 40651
7.839 40630
7.839 40622
7.884 40606
7.887 40586
7.89 40579
7.892 40556
10.992 40534
11.1 40521
11.102 40520
11.128 40510
34.231 40502
35.983 40436
36.015 40404
36.029 40386
36.031 40384
36.047 40374
36.049 40372
36.051 40370
36.071 40360
37.979 40337
37.983 40336
37.996 40328
37.997 40322
38 40284
71.638 40272
72.015 40262
73.418 40229
73.421 40219
73.422 40218
73.429 40217
73.433 40215
73.433 40202
73.434 40200
73.439 40139
73.441 40136
73.562 40123
73.562 40121
73.575 40100
73.578 40093
73.763 40081
73.779 40076
76.907 40040
77.001 40017
77.005 40007
92.633 39973
92.652 39967
92.667 39965
92.683 39962
92.684 39949
92.696 39928
92.698 39899
108.481 39889
108.487 39888
108.534 39874
108.535 39868
108.55 39865
110.212 39858
110.223 39850
110.697 39845
110.698 39841
110.699 39840
114.937 39834
121.09 39831
122.772 39829
122.802 39828
122.802 39821
122.805 39819
123.443 39817
123.787 39816
123.794 39814
125.725 39809
127.177 39808
138.231 39802
138.306 39798
138.517 39793
144.839 39786
144.94 39779
145.882 39775
150.537 39763
150.541 39758
150.554 39756
150.556 39752
150.637 39750
150.638 39749
150.638 39748
150.639 39738
151.343 39737
