0.014 18143
0.015 18041
0.015 18031
0.015 17991
0.016 17973
0.016 17970
0.017 17924
0.017 17923
0.018 17915
0.018 17910
0.022 17870
0.022 17867
0.023 17866
0.025 17813
0.026 17728
0.027 17722
0.027 17710
0.029 17709
0.029 17702
0.031 17692
0.035 17547
0.06 17533
0.06 17527
0.06 17514
0.061 17511
0.063 17462
0.064 17456
0.065 17448
0.065 17444
0.065 17443
0.065 17434
0.07 17422
0.071 17402
0.072 17359
0.072 17348
0.075 17274
0.075 17266
0.182 17261
0.31 17252
0.31 17246
0.311 17243
0.311 17239
0.313 17236
0.321 17219
0.371 17189
0.372 17188
0.377 17175
0.38 17149
0.383 17140
0.408 17121
0.409 17117
0.463 17111
0.464 17108
0.806 17103
0.807 17097
0.808 17080
0.808 17073
0.809 17072
0.814 17063
0.822 17061
0.824 17049
0.825 17040
1.372 17033
1.372 17022
1.515 16976
1.518 16973
1.554 16953
2.733 16938
2.733 16884
2.737 16882
2.795 16861
2.802 16808
2.802 16804
2.857 16803
2.858 16774
2.859 16771
2.859 16766
6.093 16764
8.159 16749
8.16 16745
9.297 16723
14.337 16712
28.439 16692
28.788 16687
28.81 16679
44.892 16675
44.895 16673
44.916 16671
51.118 16670
51.121 16663
51.166 16655
57.903 16651
57.904 16650
58.001 16649
58.035 16639
58.301 16609
58.301 16592
58.307 16587
58.357 16575
58.377 16567
58.379 16565
127.201 16564
127.463 16556
127.47 16551
127.481 16547
127.482 16546
134.28 16544
134.311 16538
134.32 16527
134.325 16519
173.768 16518
174.747 16516
174.886 16515
177.013 16514
177.025 16512
200.177 16510
200.966 16508
205.238 16506
211.418 16504
216.725 16503
217.667 16498
217.699 16496
219.104 16492
219.107 16490
219.169 16488
239.639 16487
269.547 16485
269.685 16483
274.842 16480
292.482 16478
292.693 16474
293.152 16473
293.193 16471
293.686 16465
