0.015 130267
0.016 130199
0.018 130146
0.019 130138
0.019 130049
0.02 130046
0.021 130010
0.021 130008
0.023 129941
0.023 129829
0.024 129810
0.029 129742
0.032 129688
0.034 129659
0.035 129626
0.04 129576
0.041 129567
0.042 129561
0.045 129527
0.046 129478
0.049 129456
0.053 129418
0.055 129401
0.056 129386
0.057 129223
0.058 129131
0.059 129127
0.062 129125
0.066 128990
0.067 128979
0.07 128976
0.073 128937
0.074 128896
0.076 128808
0.076 128693
0.077 128691
0.077 128680
0.077 128675
0.078 128649
0.079 128643
0.08 128620
0.082 128605
0.082 128505
0.086 128430
0.086 128265
0.088 128264
0.094 128261
0.104 128215
0.106 128194
0.107 128184
0.107 128162
0.108 128067
0.109 127994
0.112 127935
0.114 127789
0.115 127694
0.116 127655
0.117 127653
0.118 127649
0.119 127504
0.12 127480
0.12 127476
0.12 127400
0.123 127225
0.125 127159
0.129 127108
0.129 127045
0.13 126889
0.131 126731
0.133 126725
0.134 126620
0.179 126619
0.18 126554
0.187 126525
0.189 126446
0.193 126428
0.195 126402
0.195 126401
0.196 126394
0.261 126373
0.269 126318
0.27 126308
0.271 126284
0.272 126261
0.273 126228
0.275 126113
0.277 125858
0.278 125833
0.279 125815
0.279 125765
0.298 125698
0.3 125691
0.309 125689
0.372 125660
0.935 125624
0.954 125623
1.006 125620
1.008 125619
1.019 125617
1.041 125561
1.056 125471
1.059 125468
1.062 125441
1.064 125429
1.067 125358
1.072 125338
1.081 125293
1.089 125280
1.093 125244
1.097 125196
1.102 125174
1.103 125170
1.106 125067
1.253 125045
1.253 125004
1.254 124932
1.255 124889
1.258 124885
1.259 124871
1.259 124864
1.261 124852
1.263 124789
1.268 124783
1.27 124782
1.733 124706
1.735 124689
1.778 124687
1.783 124671
1.784 124592
1.787 124563
1.815 124520
1.818 124501
1.819 124431
1.823 124406
2.105 124390
2.12 124370
2.121 124366
2.122 124286
2.122 124279
2.124 124272
2.211 124234
2.977 124229
2.979 124182
2.979 124147
2.984 124144
2.989 124138
3.008 124130
3.009 124101
3.011 124043
3.151 123996
3.158 123972
3.288 123965
3.291 123892
3.302 123872
3.403 123862
4.201 123854
4.213 123806
4.62 123730
4.628 123728
4.899 123718
4.899 123707
9.443 123685
10.089 123644
10.09 123641
10.091 123633
10.145 123623
10.146 123611
10.15 123564
11.484 123532
11.497 123519
11.502 123482
12.478 123373
12.479 123356
12.481 123296
12.481 123290
16.797 123184
16.854 123181
16.855 123134
16.856 123133
16.899 123111
16.902 123099
16.914 123095
16.92 123093
16.921 123076
16.923 123067
16.946 123056
17.361 123023
17.362 123007
17.365 122991
17.366 122966
17.367 122956
17.371 122941
19.133 122890
19.134 122883
19.14 122881
19.14 122875
19.141 122850
19.147 122818
19.154 122785
19.269 122783
19.272 122745
19.594 122741
19.611 122730
19.614 122702
19.615 122652
19.619 122634
19.627 122627
19.627 122605
19.64 122599
19.642 122598
20.648 122589
30.361 122585
31.178 122579
31.179 122564
31.232 122557
31.234 122545
31.244 122469
31.253 122465
46.332 122457
46.344 122413
46.358 122408
46.37 122404
46.372 122391
46.391 122347
46.394 122336
50.536 122330
56.97 122328
56.977 122319
57.013 122312
57.015 122298
63.509 122280
65.349 122252
65.36 122190
65.365 122188
65.368 122186
65.37 122184
65.371 122176
65.378 122165
65.392 122152
65.395 122142
65.431 122140
65.435 122097
65.443 122079
81.285 122070
81.289 122056
81.293 122048
81.311 122044
81.44 122021
81.447 121996
81.508 121989
82.401 121965
82.415 121963
82.42 121954
82.428 121946
82.433 121938
82.438 121927
83.686 121924
83.832 121909
83.857 121906
83.918 121902
83.931 121895
83.936 121888
132.875 121884
132.885 121874
132.888 121868
133.243 121856
133.308 121844
133.79 121843
133.819 121842
147.806 121839
147.819 121836
153.19 121829
154.443 121821
154.45 121814
154.474 121813
154.557 121783
155.609 121769
155.632 121764
155.636 121762
157.034 121757
157.061 121756
157.062 121741
157.867 121731
158.688 121727
158.69 121712
158.692 121707
164.363 121701
164.366 121696
164.496 121695
164.501 121667
164.501 121661
164.585 121657
189.06 121652
193.044 121649
193.05 121647
193.052 121645
195.801 121642
209.817 121640
