0.012 68741
0.014 68704
0.015 68588
0.017 68579
0.019 68577
0.022 68568
0.025 68543
0.025 68535
0.027 68501
0.028 67948
0.028 67779
0.03 67752
0.047 67695
0.047 67691
0.048 67654
0.048 67653
0.049 67630
0.05 67626
0.051 67622
0.052 67621
0.054 67612
0.083 67538
0.085 67533
0.088 67484
0.088 67462
0.101 67441
0.102 67439
0.103 67433
0.103 67417
0.104 67416
0.108 67283
0.108 67149
0.109 67137
0.114 67106
0.115 67102
0.116 67097
0.116 67096
0.116 67073
0.121 67062
0.126 67042
0.129 67037
0.129 67019
0.129 67016
0.131 66892
0.132 66857
0.133 66851
0.146 66789
0.147 66785
0.147 66780
0.147 66767
0.148 66681
0.225 66658
0.226 66640
0.228 66619
0.231 66618
0.234 66611
0.235 66590
0.241 66587
0.242 66579
0.25 66508
0.305 66460
0.309 66455
0.319 66406
0.32 66399
0.32 66395
0.321 66346
0.322 66339
0.33 66338
0.33 66327
0.333 66300
0.333 66287
0.334 66258
0.335 66244
0.339 66205
0.343 66155
0.361 66135
0.362 66128
0.386 66126
0.388 66104
0.395 66052
0.454 65942
0.455 65891
0.457 65878
0.468 65857
0.472 65827
0.473 65826
0.474 65824
0.483 65749
0.485 65745
0.491 65680
0.492 65677
0.493 65668
0.56 65637
0.561 65627
0.562 65625
0.602 65539
0.605 65520
0.615 65440
0.624 65376
0.626 65307
0.91 65296
0.911 65267
0.913 65248
0.927 65166
0.93 65142
0.93 65141
0.941 65126
0.942 65112
0.944 65078
0.95 65059
0.993 65056
0.998 65052
1.007 65029
1.008 65023
1.093 65018
1.095 65011
1.095 64989
1.098 64962
1.098 64961
1.103 64960
1.105 64954
1.106 64946
1.111 64927
1.133 64918
1.133 64915
1.144 64914
1.145 64855
1.145 64851
1.335 64749
1.337 64737
2.153 64732
2.154 64714
2.155 64692
2.156 64691
2.156 64690
2.157 64688
2.163 64646
3.35 64639
3.353 64625
3.354 64593
3.355 64585
3.355 64579
3.356 64578
3.36 64561
3.374 64506
3.375 64504
3.379 64502
3.383 64485
3.394 64461
3.395 64453
8.12 64416
8.123 64407
9.168 64381
9.169 64323
9.17 64315
9.173 64312
9.176 64300
13.951 64297
13.952 64273
17.463 64231
17.464 64227
33.444 64221
33.445 64211
39.4 64209
43.923 64198
43.924 64188
43.954 64161
44.006 64152
44.012 64149
44.013 64125
44.025 64096
44.026 64072
52.847 64067
55.365 64065
55.371 64040
55.373 64037
55.377 63999
55.378 63996
55.383 63992
55.391 63938
63.608 63928
63.61 63927
63.611 63921
63.616 63918
63.62 63913
63.621 63908
63.623 63889
63.637 63887
63.642 63884
63.648 63879
63.651 63874
63.656 63865
65.407 63861
65.41 63856
65.417 63853
65.433 63852
65.434 63848
65.448 63844
65.449 63842
69.909 63841
73.059 63834
83.546 63832
83.549 63827
83.551 63811
83.638 63807
90.065 63801
109.575 63796
109.62 63792
113.269 63778
113.281 63776
125.743 63742
126.837 63728
129.89 63727
129.891 63723
129.899 63722
129.949 63716
129.953 63696
129.953 63689
135.378 63687
135.38 63686
135.391 63685
135.394 63684
138.867 63681
138.874 63679
138.875 63674
142.807 63661
142.808 63658
142.81 63653
142.829 63641
142.835 63634
142.846 63632
142.848 63631
142.85 63630
142.867 63627
142.869 63623
142.952 63621
143.015 63620
143.016 63619
143.016 63601
143.152 63600
143.23 63597
143.271 63591
143.278 63589
148.031 63563
148.038 63560
148.045 63559
152.866 63557
152.874 63556
152.879 63555
152.893 63553
152.894 63552
171.625 63545
171.626 63542
172.746 63528
172.82 63520
172.822 63512
172.862 63507
172.867 63493
172.872 63492
173.672 63486
173.683 63484
196.934 63483
197.796 63474
200.279 63473
213.71 63471
213.711 63470
213.713 63468
215.432 63456
215.489 63453
215.574 63447
215.631 63440
215.683 63438
216.103 63437
216.144 63436
216.145 63430
218.012 63429
218.014 63426
223.303 63424
223.38 63420
234.275 63417
234.295 63415
234.299 63399
234.328 63397
234.426 63396
234.505 63394
234.564 63380
235.462 63376
235.464 63373
235.467 63372
235.481 63371
235.488 63370
235.512 63368
240.232 63365
240.244 63362
240.27 63356
240.273 63354
240.753 63353
