0.014 37028
0.014 37013
0.015 36943
0.015 36909
0.015 36885
0.015 36852
0.016 36723
0.016 36697
0.017 36656
0.018 36613
0.02 36516
0.02 36511
0.02 36468
0.021 36417
0.022 36368
0.022 36361
0.022 36350
0.023 36324
0.025 36308
0.026 36287
0.027 36285
0.03 36244
0.03 36228
0.032 36202
0.062 36172
0.063 36165
0.064 36142
0.066 36123
0.067 36122
0.071 36116
0.074 36102
0.082 36053
0.085 36050
0.086 36017
0.089 35982
0.09 35961
0.099 35940
0.104 35891
0.106 35848
0.139 35811
0.139 35739
0.147 35719
0.148 35689
0.148 35680
0.257 35664
0.261 35565
0.264 35538
0.816 35532
0.837 35504
0.923 35498
0.923 35497
0.931 35465
0.931 35463
0.933 35459
0.937 35416
0.942 35412
0.948 35405
0.949 35365
1.203 35316
1.216 35303
1.472 35291
5.067 35288
5.071 35284
5.078 35229
8.031 35215
8.324 35213
8.339 35197
8.34 35190
8.341 35181
9.026 35180
9.027 35175
9.029 35142
9.048 35141
9.06 35134
9.062 35132
9.065 35129
9.066 35118
11.811 35110
11.811 35108
11.897 35076
11.91 35040
11.91 34978
11.912 34926
11.913 34903
11.913 34896
11.918 34879
11.961 34832
11.962 34822
11.968 34812
11.968 34805
30.723 34789
31.242 34774
31.244 34759
31.574 34706
31.576 34686
31.578 34671
31.582 34668
31.588 34666
31.783 34660
31.797 34651
48.16 34637
49.178 34636
49.185 34627
49.19 34620
49.198 34614
49.7 34596
50.559 34580
50.964 34574
50.969 34569
50.969 34546
51.362 34532
92.015 34526
123.501 34501
123.607 34484
123.65 34452
123.839 34449
123.848 34448
124.782 34444
124.796 34443
125.831 34424
125.832 34422
125.839 34418
148.193 34417
148.202 34412
148.239 34399
160.453 34387
206.58 34376
299.78 34372
304.194 34366
304.365 34364
304.423 34360
304.481 34359
