0.011 15510
0.012 15462
0.012 15433
0.013 15414
0.014 15293
0.015 15281
0.016 15209
0.016 15201
0.016 15169
0.016 15164
0.017 15148
0.017 15146
0.02 15144
0.021 15128
0.033 15127
0.048 15121
0.048 15112
0.051 15062
0.059 15046
0.059 15041
0.06 15015
0.061 15011
0.062 15010
0.062 15004
0.085 14904
0.086 14901
0.087 14877
0.099 14868
0.109 14825
0.129 14804
0.13 14797
0.132 14796
0.134 14789
0.135 14779
0.152 14767
0.153 14734
0.182 14717
0.184 14693
0.184 14682
0.185 14605
0.186 14591
0.19 14526
0.269 14525
0.27 14521
0.271 14520
0.274 14518
0.289 14516
0.289 14504
0.308 14496
0.309 14492
0.309 14489
0.31 14485
0.311 14483
0.316 14482
0.317 14480
0.318 14437
0.322 14424
0.391 14417
0.392 14400
0.393 14379
0.447 14372
0.449 14361
0.45 14358
0.453 14355
0.464 14333
0.549 14324
0.549 14316
0.55 14315
0.551 14287
0.555 14254
0.559 14244
0.596 14222
0.598 14220
0.6 14207
0.6 14203
0.602 14184
0.632 14178
0.634 14158
0.64 14153
0.708 14148
0.708 14146
0.709 14129
0.979 14092
0.983 14090
0.986 14089
0.986 14075
0.987 14073
0.988 14059
8.399 14049
8.4 14048
8.402 14042
23.65 14038
23.654 14034
23.657 13998
23.658 13995
39.58 13983
70.833 13982
70.835 13976
76.098 13974
76.098 13971
76.1 13964
76.102 13963
76.103 13958
108.656 13951
108.656 13950
108.657 13949
108.686 13945
108.686 13943
108.688 13942
108.872 13940
108.873 13934
114.696 13925
127.967 13919
128.097 13918
128.116 13917
144.553 13911
144.707 13910
144.712 13906
144.965 13899
145.472 13898
145.485 13891
184.017 13886
212.845 13882
236.995 13881
236.997 13877
237.006 13876
290.216 13874
