0.016 55630
0.016 55615
0.016 55614
0.017 55589
0.018 55547
0.02 55480
0.021 55432
0.022 55415
0.022 55408
0.023 55394
0.043 55381
0.044 55371
0.045 55247
0.046 55201
0.047 55157
0.047 55108
0.052 55073
0.055 55060
0.061 55016
0.066 54990
0.067 54982
0.07 54933
0.07 54912
0.071 54907
0.071 54869
0.073 54864
0.074 54838
0.074 54819
0.075 54805
0.087 54479
0.088 54423
0.088 54410
0.089 54387
0.09 54210
0.091 54202
0.095 54173
0.097 54156
0.098 54147
0.11 53900
0.114 53876
0.12 53831
0.121 53830
0.123 53746
0.125 53737
0.125 53736
0.126 53735
0.128 53734
0.141 53732
0.143 53698
0.15 53665
0.152 53657
0.152 53642
0.155 53633
0.156 53618
0.157 53609
0.157 53603
0.159 53544
0.168 53526
0.171 53506
0.173 53431
0.182 53430
0.186 53380
0.187 53376
0.262 53358
0.263 53326
0.287 53254
0.291 53229
0.292 53228
0.293 53213
0.294 53150
0.296 53041
0.382 52982
0.383 52974
0.385 52955
0.525 52947
0.528 52763
0.529 52733
0.531 52732
0.531 52671
0.536 52646
0.54 52618
0.541 52527
0.561 52410
0.561 52375
0.564 52368
0.566 52344
0.575 52276
0.579 52233
0.58 52219
0.633 52205
0.634 52196
0.64 52194
0.64 52172
0.641 52161
0.654 52156
0.655 52134
0.655 52116
0.659 52104
5.259 52073
5.285 52071
5.285 52070
5.285 52046
5.286 52037
5.287 52030
12.285 52020
12.286 52003
12.601 52000
12.715 51998
12.717 51982
12.718 51970
12.852 51956
12.856 51946
24.675 51941
24.675 51940
24.675 51934
24.679 51932
29.355 51925
39.553 51899
39.557 51847
41.339 51823
41.341 51822
41.342 51818
48.56 51812
48.643 51788
48.644 51777
48.651 51754
48.652 51752
48.652 51733
48.653 51714
48.666 51702
48.669 51696
48.672 51692
48.675 51691
51.722 51674
51.723 51649
51.726 51645
68.817 51640
68.825 51636
68.827 51627
68.832 51625
68.838 51617
68.841 51615
68.848 51612
68.856 51600
68.857 51582
79.979 51548
80.024 51546
80.024 51526
80.03 51501
80.06 51460
81.707 51437
81.712 51427
81.73 51422
94.218 51389
94.218 51386
94.229 51362
115.559 51353
115.561 51351
115.566 51348
115.568 51343
124.678 51342
124.689 51339
124.702 51329
124.704 51318
126.284 51311
126.289 51309
126.295 51304
130.416 51289
130.427 51288
131.141 51281
131.255 51279
131.26 51264
131.266 51258
131.965 51257
133.071 51249
133.073 51222
133.077 51216
133.107 51215
133.145 51208
134.521 51203
136.548 51201
136.55 51193
136.553 51185
136.557 51181
136.591 51172
136.598 51171
136.725 51157
136.736 51155
136.737 51142
167.4 51139
167.404 51132
167.431 51121
167.451 51119
170.408 51108
170.435 51102
170.477 51095
170.488 51087
228.501 51077
228.654 51076
229.064 51074
229.119 51072
229.394 51069
229.396 51065
229.854 51064
229.918 51058
229.923 51056
229.927 51054
229.937 51052
230.658 51051
258.39 51050
259.156 51047
287.097 51046
