0.012 45330
0.013 45307
0.013 45306
0.014 45270
0.014 45219
0.015 45180
0.016 45139
0.025 45128
0.026 45126
0.031 45106
0.033 45026
0.034 44999
0.037 44955
0.038 44915
0.043 44904
0.049 44829
0.05 44804
0.05 44749
0.054 44688
0.054 44662
0.056 44660
0.056 44633
0.057 44626
0.06 44536
0.062 44535
0.063 44524
0.064 44486
0.064 44485
0.074 44448
0.077 44433
0.08 44432
0.087 44418
0.089 44412
0.092 44367
0.093 44364
0.1 44359
0.103 44356
0.104 44323
0.105 44308
0.105 44171
0.107 44144
0.108 44143
0.109 44128
0.111 44033
0.112 43995
0.112 43968
0.116 43929
0.117 43903
0.122 43840
0.123 43766
0.124 43748
0.124 43698
0.124 43517
0.128 43499
0.147 43473
0.159 43446
0.159 43445
0.16 43417
0.206 43408
0.206 43406
0.223 43404
0.231 43390
0.232 43375
0.233 43327
0.233 43306
0.262 43298
0.263 43266
0.263 43254
0.264 43210
0.265 43167
0.265 43154
0.267 43070
0.268 43050
0.276 43013
0.278 42941
0.278 42914
0.279 42831
0.372 42820
0.372 42793
0.376 42757
0.377 42733
0.378 42671
0.379 42618
0.379 42614
0.381 42577
0.382 42549
0.384 42546
0.385 42537
0.386 42534
0.386 42523
0.388 42519
0.388 42515
0.395 42503
0.412 42501
0.413 42465
0.414 42402
0.415 42380
0.417 42364
0.417 42336
0.418 42316
0.419 42315
0.419 42312
0.421 42244
0.423 42240
0.423 42229
0.848 42220
0.848 42199
0.849 42172
0.849 42156
0.85 42146
0.851 42145
0.852 42111
0.976 42106
0.979 42081
0.985 41979
0.987 41956
0.993 41939
3.141 41933
3.142 41900
3.177 41795
3.177 41791
3.188 41787
3.188 41784
8.137 41783
8.278 41779
8.282 41695
8.287 41692
8.288 41687
8.298 41641
8.3 41633
8.32 41602
13.642 41581
13.643 41573
13.649 41562
13.652 41555
21.252 41554
21.253 41553
21.258 41525
24.518 41511
24.521 41505
24.527 41485
24.528 41475
24.532 41474
24.544 41464
24.545 41458
24.561 41453
24.562 41449
24.565 41403
26.186 41398
26.274 41395
36.805 41393
38.67 41389
41.208 41368
41.437 41336
45.684 41311
45.714 41261
45.718 41216
45.731 41210
45.744 41178
45.745 41176
45.747 41153
65.562 41150
65.569 41147
65.845 41144
65.851 41094
65.852 41077
65.853 41070
79.625 41064
111.148 41043
111.15 41040
111.152 41038
116.059 41007
116.062 41002
116.579 40992
116.765 40985
116.765 40973
116.771 40965
116.799 40948
116.941 40942
116.98 40924
119.194 40920
137.304 40910
137.308 40908
137.328 40901
137.444 40894
137.472 40891
144.296 40890
144.369 40887
150.089 40867
150.143 40862
150.559 40858
155.654 40855
166.462 40847
167.39 40846
178.023 40841
178.054 40840
178.057 40833
182.676 40832
184.004 40830
186.193 40829
190.168 40825
190.228 40823
190.234 40820
190.439 40812
201.84 40809
201.863 40808
225.817 40807
225.924 40805
225.964 40802
226.92 40798
226.958 40796
241.956 40793
242.003 40792
246.567 40791
