0.014 18152
0.014 18131
0.014 18123
0.015 18081
0.015 18079
0.015 17967
0.016 17946
0.016 17943
0.016 17936
0.017 17919
0.019 17779
0.02 17757
0.02 17710
0.02 17704
0.021 17692
0.024 17690
0.024 17664
0.025 17663
0.027 17633
0.028 17621
0.029 17616
0.033 17613
0.033 17609
0.044 17606
0.048 17601
0.052 17600
0.054 17598
0.059 17571
0.059 17552
0.072 17548
0.073 17530
0.074 17492
0.082 17461
0.082 17452
0.082 17409
0.083 17378
0.083 17370
0.087 17341
0.159 17332
0.16 17316
0.16 17306
0.162 17285
0.165 17284
0.168 17262
0.175 17245
0.175 17241
0.175 17230
0.189 17220
0.19 17218
0.234 17211
0.235 17207
0.236 17151
0.239 17149
0.25 17141
0.255 17130
0.301 17121
0.305 17115
0.328 17101
0.328 17091
0.424 17077
0.426 17059
0.426 17046
0.482 17020
0.482 16999
0.545 16987
0.548 16976
0.946 16970
0.98 16969
0.981 16965
0.986 16940
0.989 16939
1.261 16864
1.262 16856
1.262 16852
1.263 16848
1.68 16839
1.684 16825
1.784 16793
1.786 16792
1.787 16787
1.787 16757
1.789 16756
1.792 16750
1.793 16744
11.768 16740
13.958 16733
13.959 16732
13.959 16724
15.657 16723
15.658 16714
18.441 16706
18.443 16702
18.448 16697
21.184 16693
35.037 16685
35.041 16682
35.043 16669
46.053 16657
49.455 16639
49.462 16623
49.467 16600
85.484 16592
85.484 16589
88.786 16587
88.787 16576
88.793 16574
88.81 16566
88.815 16565
88.816 16563
88.816 16561
120.063 16560
120.209 16550
129.731 16540
129.735 16536
129.993 16529
130.513 16526
145.565 16516
150.772 16506
155.375 16504
156.969 16497
161.852 16496
185.31 16491
185.321 16489
185.325 16488
185.327 16486
200.666 16474
200.67 16473
211.372 16463
211.425 16461
213.581 16457
