0.011 15494
0.012 15481
0.012 15469
0.013 15467
0.014 15370
0.014 15361
0.015 15355
0.015 15344
0.015 15258
0.015 15226
0.016 15215
0.016 15212
0.017 15180
0.017 15168
0.018 15129
0.019 15099
0.019 15093
0.02 15089
0.02 15041
0.021 15032
0.021 15028
0.022 15016
0.022 15006
0.023 14999
0.023 14995
0.024 14994
0.026 14983
0.056 14974
0.056 14971
0.058 14969
0.06 14897
0.061 14880
0.061 14868
0.061 14855
0.063 14795
0.068 14757
0.069 14749
0.073 14738
0.074 14714
0.076 14707
0.076 14688
0.077 14617
0.077 14616
0.127 14605
0.172 14583
0.173 14581
0.258 14579
0.258 14550
0.258 14544
0.259 14538
0.267 14537
0.271 14529
0.272 14500
0.275 14488
0.276 14478
0.276 14476
0.278 14449
0.28 14447
0.281 14443
0.282 14440
0.29 14439
0.307 14422
0.307 14419
0.691 14408
0.697 14401
0.699 14370
1.788 14355
1.788 14346
2.564 14334
2.565 14321
2.566 14305
7.996 14298
7.996 14271
7.997 14263
7.999 14250
8.356 14242
8.357 14209
8.359 14148
8.36 14143
8.36 14130
10.045 14104
10.046 14083
14.653 14074
14.653 14070
14.655 14067
19.345 14056
19.346 14041
27.516 14029
27.516 14028
27.516 14020
27.518 14017
55.096 14010
55.096 14003
55.106 13996
69.115 13984
69.116 13983
86.265 13977
89.523 13975
89.584 13960
89.587 13959
89.588 13956
89.591 13951
103.885 13947
115.564 13945
115.566 13942
115.573 13940
115.574 13935
115.576 13931
115.587 13930
117.359 13924
117.361 13915
117.363 13909
127.632 13907
148.086 13905
148.088 13901
148.101 13899
148.107 13898
150.708 13896
150.713 13890
151.215 13886
171.721 13884
171.726 13876
182.297 13873
182.311 13870
182.314 13867
182.318 13859
254.63 13851
258.584 13850
258.72 13848
258.724 13846
258.741 13843
258.75 13841
258.775 13838
258.833 13835
258.836 13832
259.202 13831
266.59 13829
275.096 13828
275.115 13827
275.232 13821
276.723 13818
281.521 13815
281.701 13814
281.747 13813
281.763 13804
284.094 13802
284.097 13800
290.676 13799
290.703 13798
