0.012 40843
0.012 40806
0.013 40785
0.013 40664
0.013 40642
0.014 40633
0.014 40539
0.015 40467
0.015 40463
0.015 40455
0.016 40440
0.016 40436
0.018 40400
0.02 40222
0.02 40200
0.021 40197
0.023 40148
0.026 40136
0.028 40120
0.028 40118
0.03 40080
0.03 40070
0.032 40032
0.033 40031
0.036 40021
0.037 40016
0.039 39996
0.04 39993
0.045 39988
0.058 39983
0.106 39915
0.165 39912
0.165 39903
0.173 39874
0.177 39870
0.177 39868
0.178 39854
0.18 39832
0.18 39827
0.182 39822
0.186 39816
0.186 39806
0.239 39776
0.307 39187
0.311 39178
0.311 39135
0.314 39034
0.314 39033
0.315 39010
0.315 38987
0.332 38861
0.353 38854
0.384 38852
0.405 38805
0.406 38711
0.409 38707
0.422 38700
0.423 38689
0.423 38676
0.424 38660
0.431 38646
0.437 38644
0.49 38618
0.507 38609
0.508 38605
0.509 38589
0.54 38568
0.542 38565
0.542 38559
0.545 38551
0.545 38540
0.546 38526
0.555 38509
0.556 38498
0.558 38445
0.566 38388
0.568 38376
2.58 38363
2.583 38320
2.669 38314
2.676 38311
2.676 38307
2.677 38286
7.719 38285
7.729 38234
7.737 38179
7.738 38168
7.739 38160
7.76 38155
7.76 38136
7.764 38133
7.765 38122
7.767 38118
25.128 38111
25.128 38106
25.23 38102
25.31 38099
25.311 38098
25.358 38082
25.545 38071
25.546 38065
25.548 38061
25.549 38054
25.552 38050
25.552 38021
57.898 38018
78.996 38010
78.996 38003
79 38000
79 37949
79.009 37946
79.043 37943
79.048 37933
79.068 37921
79.069 37917
79.08 37913
79.087 37911
79.088 37906
79.107 37903
96.772 37889
96.895 37883
96.897 37881
96.924 37877
97.071 37872
97.076 37869
97.076 37865
97.119 37853
97.127 37851
97.155 37826
97.155 37818
97.161 37814
115.026 37809
136.195 37806
136.258 37804
136.26 37802
136.275 37792
136.276 37791
136.297 37790
136.298 37789
136.3 37786
143.805 37785
143.879 37779
144.267 37774
144.278 37772
144.284 37771
146.21 37770
146.23 37769
146.231 37760
146.234 37757
146.236 37756
146.307 37752
146.712 37745
146.718 37743
220.517 37742
220.579 37733
220.583 37729
220.941 37728
220.985 37727
221.592 37718
221.699 37717
221.7 37714
236.313 37713
236.458 37711
236.753 37706
236.756 37705
236.776 37701
237.796 37700
239.212 37699
242.777 37698
259.238 37696
266.982 37695
266.983 37692
267.134 37691
267.402 37689
267.404 37686
270.929 37685
273.444 37683
273.724 37682
273.889 37680
274.056 37676
293.176 37671
293.2 37659
293.216 37656
293.22 37653
294.242 37652
