0.019 57646
0.02 57642
0.022 57641
0.022 57621
0.024 57506
0.025 57498
0.025 57492
0.026 57447
0.027 57405
0.028 57371
0.028 57366
0.028 57341
0.03 57295
0.034 57286
0.034 57274
0.053 57243
0.054 57229
0.055 57218
0.055 57081
0.056 57073
0.056 57060
0.057 57052
0.061 56818
0.062 56791
0.096 56669
0.1 56620
0.101 56582
0.103 56578
0.103 56567
0.104 56531
0.105 56501
0.105 56495
0.118 56487
0.12 56484
0.124 56432
0.128 56417
0.129 56391
0.133 56325
0.137 56315
0.139 56313
0.142 56292
0.143 56285
0.143 56265
0.144 56261
0.336 56220
0.338 56216
0.341 56193
0.341 56180
0.345 56177
0.461 56157
0.462 56015
0.464 55973
0.494 55926
0.497 55885
0.521 55750
0.62 55747
0.625 55739
0.625 55702
0.626 55661
0.628 55649
0.63 55624
0.998 55623
0.999 55620
1.001 55599
1.015 55597
1.016 55592
1.027 55585
1.035 55536
1.036 55501
1.037 55457
1.046 55451
1.058 55436
1.059 55433
1.059 55417
1.094 55384
1.095 55377
1.184 55372
1.184 55327
2.431 55305
2.432 55292
2.435 55261
2.436 55242
2.496 55233
2.496 55224
2.504 55223
2.507 55215
2.559 55206
2.564 55205
2.565 55192
2.567 55177
2.568 55166
2.573 55165
2.576 55140
2.578 55132
2.581 55114
2.598 55109
2.599 55093
4.249 55084
4.253 55068
4.254 55065
4.257 55050
4.258 54990
4.259 54972
4.261 54956
4.277 54945
4.278 54936
4.28 54932
4.281 54905
4.281 54900
39.567 54885
39.568 54882
42.298 54875
42.299 54868
42.302 54835
52.228 54795
72.217 54792
74.861 54759
74.865 54757
74.928 54703
74.928 54700
75.126 54681
75.136 54680
75.137 54671
75.138 54660
75.165 54657
75.347 54647
75.348 54614
75.361 54605
100.685 54546
100.95 54538
100.955 54537
100.956 54530
101.098 54522
101.153 54516
101.159 54513
101.16 54499
101.168 54497
101.169 54484
101.169 54455
101.175 54436
101.185 54422
146.278 54410
146.284 54408
146.284 54395
146.287 54387
156.82 54386
156.847 54371
168.345 54367
168.346 54358
172.344 54355
172.352 54349
172.352 54348
172.354 54343
172.357 54334
172.362 54329
177.093 54310
177.097 54304
177.1 54301
177.11 54293
184.688 54272
185.191 54269
185.198 54263
185.204 54262
185.24 54248
185.24 54245
185.452 54233
186.264 54230
186.27 54229
186.271 54215
186.273 54213
186.277 54211
186.279 54199
186.282 54197
186.285 54196
186.605 54183
186.605 54179
186.607 54170
187.454 54169
187.457 54160
187.458 54159
188.179 54149
188.185 54135
188.214 54134
188.216 54120
188.227 54118
188.236 54116
188.242 54112
188.261 54106
221.233 54104
224.631 54103
224.637 54099
224.639 54097
225.586 54089
225.592 54086
225.599 54080
225.823 54069
225.836 54068
225.907 54065
226.84 54061
226.84 54054
226.841 54042
226.848 54024
231.799 54003
231.828 53990
231.841 53978
231.842 53973
231.86 53971
231.909 53970
231.912 53957
232.019 53942
232.085 53941
232.126 53931
232.126 53930
232.145 53910
232.504 53898
232.505 53896
232.508 53872
232.512 53864
232.516 53862
232.585 53859
232.661 53857
232.671 53847
232.714 53846
232.949 53845
232.953 53832
232.96 53817
232.997 53816
233.004 53814
233.02 53810
233.03 53802
233.031 53801
233.034 53799
233.053 53798
233.065 53796
233.065 53793
234.351 53791
234.412 53785
234.413 53780
246.964 53773
246.965 53771
246.965 53762
260.921 53761
261.639 53759
261.712 53752
261.722 53738
261.831 53737
261.844 53731
282.019 53728
284.131 53720
284.144 53717
284.144 53716
284.499 53714
288.193 53713
288.197 53710
288.309 53706
288.348 53705
288.388 53687
288.389 53686
288.588 53685
289.64 53684
290.233 53683
291.691 53682
291.703 53677
291.742 53675
295.262 53668
295.63 53666
295.698 53664
295.71 53661
295.713 53659
372.708 53654
