0.023 67879
0.023 67805
0.024 67681
0.025 67641
0.025 67632
0.026 67571
0.026 67540
0.027 67535
0.031 67531
0.032 67523
0.032 67514
0.033 67486
0.033 67455
0.034 67285
0.036 67215
0.036 67209
0.037 67182
0.037 67171
0.038 67165
0.039 67150
0.039 67132
0.041 67074
0.042 67069
0.042 67038
0.043 66968
0.046 66932
0.055 66892
0.055 66825
0.057 66821
0.059 66806
0.07 66799
0.073 66775
0.073 66758
0.074 66745
0.077 66736
0.082 66724
0.084 66574
0.085 66541
0.085 66537
0.086 66533
0.09 66488
0.09 66485
0.092 66469
0.094 66417
0.109 66398
0.109 66303
0.138 66136
0.138 66117
0.139 66115
0.144 66114
0.144 66067
0.145 66054
0.146 66012
0.147 65998
0.148 65994
0.185 65943
0.188 65931
0.189 65923
0.192 65903
0.198 65890
0.202 65881
0.208 65863
0.209 65861
0.211 65856
0.212 65849
0.216 65840
0.26 65821
0.261 65820
0.264 65801
0.265 65772
0.267 65754
0.269 65752
0.27 65632
0.271 65623
0.295 65599
0.297 65578
0.338 65575
0.339 65537
0.339 65527
0.341 65521
0.343 65515
0.387 65510
0.388 65509
0.405 65497
0.406 65486
0.41 65485
0.41 65470
0.411 65462
0.432 65431
0.435 65425
0.931 65413
0.932 65331
0.941 65308
0.944 65304
0.946 65302
0.946 65300
0.947 65256
1.339 65175
1.343 65142
1.348 65140
1.348 65090
1.35 65087
1.437 65058
1.442 65034
1.448 65017
1.644 65015
1.645 64995
1.65 64978
2.12 64876
2.12 64845
2.122 64834
2.133 64830
2.134 64823
4.118 64806
4.348 64797
4.35 64757
4.737 64753
4.742 64733
4.786 64729
4.787 64694
4.791 64682
4.798 64650
4.798 64635
4.981 64629
4.981 64626
5.011 64620
5.013 64575
5.015 64571
5.015 64503
5.017 64494
5.018 64482
5.018 64469
5.019 64459
5.021 64421
5.022 64419
7.208 64381
7.208 64362
7.209 64357
7.218 64332
7.239 64318
7.245 64313
7.255 64300
7.256 64270
7.276 64252
7.28 64230
7.281 64223
7.283 64211
7.289 64193
7.294 64165
15.906 64145
15.909 64139
15.915 64121
15.916 64069
38.927 64036
38.97 64034
38.972 63969
38.974 63913
50.733 63902
50.739 63886
50.74 63881
50.767 63879
50.776 63875
50.778 63863
62.844 63862
63.139 63849
63.14 63831
63.141 63829
63.784 63824
71.118 63820
71.12 63802
71.152 63775
71.169 63772
71.313 63755
71.35 63742
71.366 63723
71.368 63713
71.372 63707
72.16 63701
72.164 63694
72.192 63690
82.678 63666
82.712 63631
82.723 63621
82.725 63620
82.728 63613
84.768 63581
84.831 63580
84.832 63565
84.883 63555
84.922 63536
86.49 63531
86.491 63492
86.536 63453
86.559 63435
86.561 63399
87.455 63386
87.456 63342
87.456 63335
87.461 63331
87.477 63327
87.607 63319
87.607 63315
96.414 63310
96.418 63295
97.167 63294
97.194 63293
97.196 63276
97.197 63268
97.304 63253
125.652 63228
125.968 63202
125.97 63186
125.981 63177
134.628 63173
134.639 63168
135.132 63161
135.134 63146
136.179 63143
136.181 63133
143.171 63114
143.173 63103
143.175 63095
143.176 63089
143.66 63049
143.662 63043
163.267 63037
163.418 63000
168.354 62991
168.374 62989
168.375 62982
170.106 62971
170.832 62968
170.969 62957
170.973 62948
171.3 62945
171.307 62940
171.317 62939
174.97 62933
175.044 62932
175.145 62931
175.148 62926
175.154 62925
175.154 62916
175.795 62911
175.972 62902
176.111 62895
176.641 62883
176.644 62880
176.661 62879
181.327 62877
183.842 62876
183.842 62869
200.475 62865
200.495 62863
203.248 62856
203.262 62851
204.207 62850
204.225 62836
204.252 62821
204.253 62807
204.264 62804
204.272 62803
204.286 62800
204.289 62791
204.36 62780
204.386 62777
204.387 62776
204.452 62771
204.454 62770
206.085 62765
209.617 62762
209.618 62758
209.622 62755
224.643 62754
227.033 62750
227.037 62746
227.313 62734
227.568 62733
228.502 62729
228.778 62722
228.779 62721
237.958 62712
238.658 62708
238.658 62707
238.676 62701
264.448 62693
265.605 62687
265.753 62686
266.109 62685
266.133 62681
294.87 62680
299.226 62676
300.286 62672
300.493 62669
300.827 62666
301.49 62653
302.218 62649
302.224 62645
302.247 62639
