0.018 94769
0.019 94767
0.019 94766
0.02 94724
0.021 94672
0.022 94609
0.024 94535
0.025 94503
0.025 94470
0.027 94404
0.027 94370
0.029 94361
0.029 94252
0.031 94226
0.035 94153
0.036 94151
0.037 94149
0.038 94082
0.039 94061
0.041 94048
0.042 94040
0.044 94039
0.044 94026
0.045 94025
0.046 93975
0.046 93974
0.062 93958
0.062 93928
0.063 93924
0.107 93850
0.107 93849
0.108 93848
0.109 93846
0.113 93841
0.114 93822
0.115 93752
0.117 93747
0.117 93744
0.119 93742
0.126 93732
0.126 93727
0.127 93716
0.127 93712
0.128 93699
0.128 93644
0.13 93368
0.131 93363
0.133 93361
0.134 93220
0.14 93192
0.141 93179
0.141 93174
0.141 93173
0.143 93171
0.145 93168
0.148 93115
0.149 93069
0.151 93062
0.151 93058
0.154 93030
0.155 93027
0.193 93026
0.194 92905
0.195 92900
0.195 92895
0.257 92812
0.259 92672
0.261 92649
0.262 92647
0.262 92644
0.264 92633
0.268 92618
0.27 92617
0.27 92614
0.275 92576
0.295 92560
0.297 92157
0.298 92141
0.3 92134
0.303 92128
0.305 92119
0.306 92112
0.309 92049
0.315 92039
0.321 92029
0.321 92012
0.321 92005
0.322 91991
0.326 91985
0.334 91961
0.335 91956
0.349 91925
0.35 91922
0.371 91919
0.374 91830
0.375 91808
0.375 91807
0.378 91794
0.378 91789
0.384 91763
0.387 91750
0.389 91743
0.389 91731
0.392 91723
0.393 91719
0.395 91698
0.396 91659
0.418 91621
0.418 91618
0.422 91588
0.492 91533
0.85 91489
0.851 91486
0.889 91469
0.912 91341
0.914 91326
0.915 91319
0.935 91308
0.937 91297
0.945 91277
1.065 91259
1.067 91248
1.068 91244
1.068 91238
1.068 91237
1.083 91231
1.087 91230
2.019 91125
2.024 91122
2.025 91097
2.371 90996
2.392 90993
2.395 90990
2.396 90986
2.397 90983
2.398 90979
2.407 90977
2.408 90969
2.411 90949
2.412 90946
2.412 90943
2.416 90936
2.417 90935
2.418 90934
2.418 90930
2.418 90929
2.607 90911
2.608 90908
2.609 90903
2.61 90882
2.611 90850
2.613 90839
2.613 90799
2.614 90793
2.615 90789
3.184 90784
3.184 90783
3.185 90781
3.186 90780
3.186 90779
3.219 90777
3.219 90774
3.288 90734
3.29 90729
3.326 90722
5.255 90698
5.259 90697
5.268 90671
5.269 90668
5.272 90660
5.273 90659
5.273 90656
5.276 90649
5.279 90625
5.28 90618
5.31 90599
5.579 90573
5.587 90568
5.59 90560
5.592 90549
5.613 90545
5.614 90540
5.616 90525
5.616 90523
5.618 90509
5.81 90471
5.81 90470
5.813 90455
5.816 90448
5.816 90430
5.888 90419
6.155 90344
6.157 90340
6.157 90322
6.158 90321
6.159 90307
6.16 90302
6.191 90301
6.194 90290
6.195 90289
6.196 90280
6.197 90273
6.202 90270
6.202 90269
6.203 90255
6.204 90253
6.209 90246
6.212 90232
6.218 90231
6.221 90216
6.223 90205
6.224 90198
6.226 90182
6.227 90151
6.228 90150
6.283 90137
6.283 90136
6.284 90116
6.285 90104
6.313 90015
7.232 90012
7.235 90009
7.236 89997
7.24 89977
7.241 89972
7.321 89965
7.43 89906
7.432 89886
7.441 89832
7.441 89823
7.479 89813
7.48 89808
7.492 89800
7.494 89788
7.495 89786
7.496 89784
7.498 89772
7.501 89765
7.925 89741
7.926 89686
7.926 89670
7.937 89659
7.938 89649
8.223 89647
8.224 89643
8.225 89637
8.239 89634
8.239 89633
8.24 89631
8.246 89626
8.247 89613
8.248 89610
9.144 89588
9.146 89585
9.148 89580
9.151 89578
9.152 89572
9.153 89570
9.167 89493
9.167 89484
9.168 89481
9.169 89478
9.17 89468
9.172 89460
9.173 89445
9.31 89439
13.351 89434
13.353 89433
13.358 89431
13.363 89406
13.363 89405
18.726 89403
18.727 89393
18.741 89361
18.743 89360
18.744 89314
18.748 89312
46.367 89302
46.369 89301
76.551 89298
76.559 89297
76.56 89296
76.605 89279
76.606 89271
76.606 89259
76.617 89253
76.62 89246
76.622 89227
76.623 89225
76.623 89221
76.624 89219
76.642 89176
76.644 89173
76.645 89149
76.646 89148
76.647 89146
76.647 89145
76.648 89142
76.649 89136
76.678 89132
76.679 89129
77.055 89128
77.056 89127
77.061 89124
77.065 89123
77.065 89088
77.068 89086
77.07 89084
77.07 89081
78.304 89080
78.306 89078
78.312 89072
78.318 89069
78.329 89052
78.387 89048
81.832 89027
89.018 89024
89.019 89023
92.811 89017
92.812 89005
92.819 89002
92.819 88999
92.82 88985
92.82 88984
92.823 88980
96.564 88974
96.569 88971
100.434 88963
100.453 88960
100.455 88954
100.467 88948
100.468 88940
100.468 88936
100.481 88929
100.482 88928
100.482 88922
100.487 88917
106.127 88910
106.128 88909
106.131 88904
106.132 88858
106.133 88847
149.414 88846
149.415 88831
149.417 88820
149.475 88803
149.476 88802
149.476 88795
149.741 88782
149.744 88781
150.229 88775
150.23 88769
150.235 88764
150.236 88763
170.169 88760
170.169 88758
170.17 88756
170.17 88755
172.258 88738
172.269 88734
172.27 88733
172.272 88728
173.099 88723
197.277 88722
197.278 88706
197.281 88696
197.284 88694
197.285 88691
197.291 88683
197.294 88680
197.299 88679
197.3 88659
197.301 88657
197.303 88653
197.314 88646
197.316 88644
197.317 88643
197.318 88600
197.318 88599
197.323 88598
197.326 88592
197.329 88589
197.33 88565
197.331 88559
197.332 88557
197.334 88553
197.339 88542
197.404 88527
197.412 88520
197.412 88519
197.413 88517
197.951 88514
197.952 88513
197.953 88512
197.956 88505
197.984 88496
198.005 88495
198.01 88494
198.011 88493
198.018 88490
198.141 88489
198.155 88482
198.174 88481
198.175 88480
198.192 88469
198.192 88462
199.008 88458
199.013 88454
199.017 88452
199.019 88446
199.021 88445
199.301 88444
199.534 88433
199.535 88431
199.55 88397
199.572 88374
199.581 88373
199.582 88372
204.668 88353
204.669 88348
204.67 88347
204.671 88345
204.679 88343
204.685 88334
204.686 88330
204.7 88328
274.598 88321
275.245 88318
275.255 88317
275.262 88315
289.301 88314
289.371 88313
290.754 88310
290.754 88308
290.756 88307
294.246 88305
294.251 88304
307.226 88299
307.228 88295
307.795 88287
307.8 88286
386.399 88284
386.408 88283
386.424 88282
386.439 88281
413.201 88276
