0.023 67856
0.024 67783
0.024 67768
0.025 67644
0.025 67608
0.026 67601
0.026 67552
0.027 67550
0.027 67525
0.027 67521
0.028 67479
0.029 67374
0.029 67293
0.03 67276
0.03 67272
0.031 67244
0.031 67202
0.032 67159
0.032 67136
0.034 67125
0.034 67122
0.035 67113
0.039 67064
0.039 67033
0.039 67032
0.039 66992
0.056 66960
0.058 66895
0.061 66878
0.062 66848
0.063 66786
0.063 66743
0.064 66702
0.064 66642
0.076 66635
0.078 66529
0.078 66524
0.086 66508
0.086 66505
0.088 66405
0.089 66382
0.092 66374
0.093 66360
0.093 66351
0.094 66314
0.1 66299
0.1 66273
0.103 66265
0.105 66252
0.106 66246
0.107 66232
0.145 66214
0.159 66198
0.16 66187
0.16 66128
0.161 66092
0.162 66066
0.162 66055
0.164 66054
0.167 66053
0.167 66025
0.168 66021
0.169 66014
0.17 65999
0.171 65950
0.191 65909
0.193 65815
0.193 65808
0.439 65749
0.489 65665
0.491 65662
0.502 65591
0.502 65580
0.504 65579
0.505 65525
0.506 65522
0.507 65486
0.554 65481
0.555 65478
0.556 65446
0.557 65435
0.569 65413
0.57 65400
0.572 65389
0.574 65377
0.575 65375
0.616 65330
0.616 65302
0.619 65285
0.628 65250
0.648 65232
0.683 65201
0.699 65170
0.702 65103
0.708 65037
0.712 65029
1.776 64926
1.777 64922
1.937 64795
2.089 64782
4.542 64770
4.564 64737
4.614 64697
4.614 64665
4.615 64624
4.617 64623
4.618 64618
4.629 64611
4.629 64599
4.63 64586
9.074 64551
9.076 64550
9.08 64542
9.113 64535
9.12 64501
9.411 64471
9.412 64468
9.413 64465
9.414 64459
9.415 64406
9.42 64377
9.422 64309
18.287 64292
18.291 64233
18.371 64211
18.374 64210
18.374 64208
18.375 64206
18.378 64195
18.382 64185
18.636 64183
18.638 64168
19.054 64156
19.059 64136
19.061 64127
19.97 64075
19.971 64063
19.973 64051
19.977 64042
19.984 64040
36.356 64028
37.258 63993
37.907 63936
37.914 63879
37.914 63848
37.924 63841
37.925 63838
37.957 63822
37.963 63804
72.789 63775
72.792 63765
73.326 63740
73.395 63732
73.4 63687
73.5 63655
73.509 63647
73.579 63643
73.599 63636
74.016 63611
74.074 63597
74.075 63596
74.076 63579
74.076 63578
82.057 63571
82.059 63560
82.061 63555
82.066 63545
82.067 63537
82.07 63527
82.073 63504
89.826 63500
100.395 63496
100.397 63492
100.689 63479
100.863 63431
100.866 63418
100.87 63366
100.872 63345
100.876 63340
100.886 63336
102.265 63269
102.269 63248
102.271 63241
102.28 63234
102.281 63229
123.632 63227
123.635 63216
123.684 63169
123.707 63157
123.71 63137
123.714 63130
123.715 63124
123.721 63115
123.723 63113
135.136 63112
135.173 63098
135.213 63090
135.224 63088
135.376 63052
135.384 63027
145.864 63025
147.819 63021
147.822 63015
148.639 63012
148.868 62996
152.607 62994
152.609 62991
152.709 62989
152.711 62961
152.72 62928
153.927 62925
156.791 62920
156.792 62916
156.82 62914
156.823 62911
182.168 62909
182.551 62897
182.554 62888
182.581 62876
182.602 62871
182.608 62867
182.695 62837
182.705 62833
201.745 62825
204.803 62824
204.809 62810
204.81 62803
204.814 62793
204.827 62790
250.211 62789
265.123 62787
269.981 62786
276.921 62785
293.672 62782
