0.023 111470
0.024 111453
0.025 111436
0.026 111332
0.027 111311
0.028 111200
0.029 111199
0.03 111137
0.031 111099
0.031 110878
0.04 110847
0.043 110798
0.044 110775
0.045 110688
0.05 110687
0.051 110682
0.052 110655
0.052 110645
0.053 110454
0.055 110424
0.057 110411
0.058 110394
0.06 110390
0.065 110366
0.066 110273
0.067 110266
0.099 110260
0.102 110256
0.102 110253
0.103 110248
0.103 110223
0.106 110178
0.106 110152
0.111 110042
0.112 110034
0.122 110001
0.123 109998
0.125 109938
0.126 109926
0.127 109913
0.128 109883
0.129 109879
0.13 109843
0.131 109767
0.132 109689
0.162 109683
0.167 109635
0.167 109585
0.168 109551
0.169 109469
0.178 109413
0.18 109409
0.406 109401
0.421 109362
0.424 109344
0.424 109270
0.426 109260
0.43 109185
0.431 109159
0.432 109147
0.432 109145
0.44 109054
0.444 109046
0.445 109029
0.448 108984
0.45 108914
0.451 108898
0.547 108820
0.549 108780
0.552 108768
0.553 108762
0.553 108758
0.561 108725
0.561 108724
0.57 108632
0.57 108630
0.572 108588
0.573 108579
0.574 108548
0.578 108507
0.584 108477
0.602 108463
0.603 108451
0.603 108448
0.675 108426
0.676 108407
0.683 108404
0.686 108373
0.698 108351
0.73 108303
0.735 108302
0.738 108266
0.742 108263
0.747 108243
0.748 108239
0.763 108174
0.771 108164
0.772 108154
0.772 108142
0.823 108090
0.827 108089
0.828 108087
0.829 108074
1.018 108073
1.021 108028
1.021 108008
1.108 107986
1.212 107965
1.213 107949
1.214 107876
1.221 107856
1.233 107854
1.234 107843
1.236 107829
1.237 107820
1.237 107811
1.238 107808
1.24 107759
1.241 107728
1.251 107713
1.261 107638
1.264 107629
1.273 107608
1.295 107601
3.131 107580
3.703 107579
4.132 107577
4.133 107576
4.133 107540
4.137 107529
4.137 107505
4.139 107474
4.142 107469
4.144 107403
4.2 107352
5.011 107286
5.012 107245
5.014 107209
5.058 107195
5.061 107182
5.061 107176
5.073 107158
5.073 107120
5.147 107104
5.148 107080
5.15 107047
5.151 107015
5.493 106969
5.497 106951
5.646 106941
5.657 106930
5.658 106899
5.659 106870
5.659 106822
5.661 106784
6.058 106765
6.062 106726
6.064 106713
6.065 106689
6.15 106688
6.15 106687
16.205 106678
16.212 106671
16.214 106628
16.217 106621
16.218 106494
34.825 106471
34.826 106464
34.827 106463
34.831 106459
34.834 106447
34.836 106436
34.836 106419
34.841 106409
34.852 106339
34.855 106324
34.858 106286
34.859 106284
47.216 106248
61.358 106236
61.361 106224
61.362 106213
61.364 106206
61.426 106202
61.435 106193
61.956 106173
61.975 106172
62.014 106148
62.014 106144
62.145 106127
62.148 106123
70.779 106106
71.073 106083
71.141 106031
71.143 105975
71.147 105960
71.157 105956
71.161 105930
71.165 105922
71.181 105908
71.619 105892
72.339 105830
72.344 105828
101.975 105801
102.021 105779
102.024 105773
102.031 105767
102.618 105763
102.62 105756
102.62 105750
102.622 105744
102.626 105733
107.938 105731
108.197 105729
108.203 105726
108.206 105712
108.209 105705
108.216 105690
108.228 105680
108.247 105676
108.396 105650
108.744 105646
109.088 105644
109.089 105638
109.118 105634
109.13 105622
113.521 105609
113.646 105545
113.646 105542
113.65 105531
113.653 105526
113.659 105512
113.693 105508
113.709 105507
113.71 105505
113.711 105471
114.056 105461
124.31 105455
124.312 105434
125.573 105430
125.578 105426
125.58 105420
125.589 105413
126.202 105411
141.408 105396
141.412 105375
141.412 105373
141.422 105366
158.432 105357
158.434 105346
158.442 105340
158.45 105331
158.808 105330
158.843 105329
158.874 105318
164.351 105314
164.383 105295
164.396 105284
171.004 105277
172.62 105257
172.643 105239
172.643 105238
172.981 105237
172.984 105226
173.006 105220
173.125 105205
173.134 105202
173.136 105201
173.149 105196
173.151 105193
173.155 105192
173.224 105190
173.238 105188
173.244 105185
173.254 105173
173.256 105167
217.541 105164
217.554 105162
218.52 105152
218.533 105150
262.182 105148
262.217 105144
262.224 105139
262.24 105136
262.253 105130
262.416 105129
265.476 105103
265.518 105099
265.684 105098
266.93 105096
266.957 105092
266.966 105091
266.981 105087
267.001 105078
267.057 105076
267.081 105073
268.37 105067
269.522 105066
269.541 105065
271.516 105061
271.535 105059
271.549 105057
275.517 105052
275.522 105051
283.287 105050
283.321 105047
283.558 105045
283.558 105044
283.571 105042
284.803 105038
285.005 105036
285.092 105034
285.177 105031
311.054 105028
311.076 105019
313.833 105017
313.864 105015
