0.023 67962
0.023 67943
0.024 67860
0.024 67857
0.025 67813
0.025 67754
0.025 67728
0.025 67718
0.026 67716
0.026 67708
0.026 67687
0.027 67606
0.028 67557
0.029 67521
0.029 67512
0.03 67446
0.033 67442
0.034 67437
0.035 67367
0.037 67364
0.038 67344
0.039 67324
0.039 67220
0.04 67216
0.04 67210
0.041 67197
0.043 67166
0.045 67143
0.047 67106
0.047 67097
0.048 67072
0.049 67034
0.05 67004
0.059 66939
0.059 66898
0.06 66863
0.066 66858
0.068 66807
0.069 66796
0.07 66777
0.07 66661
0.072 66639
0.074 66636
0.075 66606
0.075 66572
0.078 66565
0.079 66557
0.08 66556
0.086 66524
0.096 66484
0.099 66474
0.103 66448
0.104 66410
0.136 66339
0.137 66315
0.14 66299
0.141 66294
0.142 66203
0.142 66149
0.145 66122
0.149 66113
0.149 66100
0.15 66076
0.151 66027
0.152 66023
0.155 66021
0.156 66010
0.156 66009
0.158 65856
0.161 65852
0.162 65850
0.163 65755
0.164 65701
0.165 65690
0.239 65674
0.243 65654
0.251 65596
0.252 65593
0.253 65590
0.258 65530
0.259 65510
0.262 65467
0.295 65466
0.299 65417
0.299 65375
0.3 65352
0.346 65337
0.347 65335
0.8 65306
0.801 65294
0.832 65289
0.833 65285
0.835 65266
0.843 65250
1.043 65240
1.043 65230
1.044 65220
1.05 65217
1.053 65203
1.054 65165
1.103 65045
1.103 65024
1.11 65020
1.112 65016
1.127 65010
1.143 65000
1.152 64889
1.153 64827
1.157 64799
1.184 64795
1.186 64794
1.202 64785
1.226 64765
1.23 64749
1.235 64742
1.235 64719
1.238 64711
1.245 64697
1.246 64618
1.262 64614
1.262 64600
1.263 64587
1.264 64579
1.268 64553
5.479 64525
9.045 64511
9.317 64498
9.318 64462
9.32 64457
9.371 64434
9.371 64421
9.373 64389
9.377 64377
9.383 64316
9.384 64305
9.487 64268
9.489 64267
9.49 64258
9.536 64243
9.538 64222
9.567 64220
9.899 64208
9.901 64110
23.009 64056
23.01 64050
23.015 64048
23.018 64016
23.019 64015
23.035 63968
23.041 63955
23.13 63951
23.131 63948
23.882 63908
23.909 63900
23.909 63896
23.911 63893
23.911 63889
23.912 63868
35.266 63829
35.269 63819
35.27 63813
35.274 63806
35.287 63720
35.292 63716
35.297 63698
35.306 63673
47.238 63666
47.239 63660
47.241 63659
47.244 63654
47.245 63649
47.246 63595
99.669 63572
99.995 63530
103.097 63489
103.1 63478
103.798 63477
107.702 63474
107.712 63468
107.713 63461
107.72 63454
107.735 63421
107.737 63415
107.744 63376
109.775 63368
109.786 63367
109.794 63365
109.795 63355
109.799 63352
110.582 63323
110.619 63318
110.619 63302
110.626 63296
110.633 63293
110.646 63271
110.832 63251
110.852 63242
110.854 63218
110.854 63202
110.972 63191
110.973 63178
111.117 63151
111.122 63142
111.127 63130
116.754 63116
116.759 63096
147.098 63094
147.104 63089
147.209 63088
147.211 63078
147.225 63077
147.237 63073
147.238 63061
147.241 63060
147.249 63050
148.33 63041
148.336 63030
148.34 63010
148.352 62999
148.356 62994
148.384 62988
148.41 62957
148.411 62956
156.697 62942
156.707 62937
158.235 62935
158.248 62929
158.588 62926
158.592 62904
159.767 62882
159.803 62873
167 62868
169.471 62866
170.883 62862
170.886 62858
187.781 62851
188.051 62839
188.054 62835
191.199 62822
192.715 62813
196.652 62805
196.667 62791
222.436 62789
222.444 62786
222.46 62782
249.506 62777
250.778 62772
250.786 62767
250.818 62766
260.104 62761
260.256 62758
260.721 62755
260.737 62751
260.748 62742
260.788 62738
260.822 62734
260.823 62732
264.565 62724
266.859 62719
267.254 62714
267.272 62713
