0.021 31023
0.021 30840
0.021 30829
0.022 30742
0.022 30729
0.022 30677
0.023 30670
0.024 30646
0.025 30631
0.026 30548
0.026 30517
0.026 30499
0.026 30496
0.027 30494
0.028 30459
0.028 30440
0.029 30438
0.03 30423
0.031 30368
0.031 30354
0.032 30284
0.035 30245
0.036 30240
0.038 30203
0.038 30199
0.039 30122
0.041 30113
0.042 30099
0.042 30078
0.042 30046
0.043 30000
0.043 29997
0.044 29990
0.05 29989
0.051 29986
0.053 29975
0.053 29960
0.055 29951
0.055 29868
0.057 29865
0.059 29864
0.062 29863
0.063 29825
0.08 29821
0.082 29804
0.221 29801
0.222 29780
0.445 29770
0.445 29726
0.446 29723
0.495 29712
0.496 29697
0.496 29696
0.497 29680
0.497 29676
0.498 29667
0.552 29628
0.562 29526
0.563 29518
0.862 29497
1.457 29481
1.457 29459
1.463 29446
1.559 29405
1.56 29401
1.561 29375
1.563 29344
1.579 29311
1.582 29304
1.582 29300
1.583 29268
1.584 29264
1.586 29244
1.589 29237
1.6 29223
1.601 29204
1.602 29187
1.703 29186
1.708 29170
1.709 29165
1.821 29130
1.822 29120
1.842 29110
2.359 29096
2.376 29087
2.377 29067
2.378 29018
2.381 29017
3.883 28997
3.883 28925
3.884 28899
3.885 28884
3.886 28880
3.888 28869
3.905 28851
3.905 28834
27.447 28818
27.449 28802
29.897 28782
31.204 28769
31.21 28758
31.215 28745
34.112 28729
34.115 28722
34.116 28718
34.124 28701
34.126 28679
34.126 28677
34.127 28661
39.582 28658
45.225 28652
45.226 28647
45.662 28645
45.664 28633
46.253 28617
46.266 28615
46.267 28591
60.755 28587
62.937 28570
62.937 28564
62.966 28558
62.967 28554
72.349 28537
72.352 28535
72.353 28533
72.367 28522
99.559 28520
99.568 28504
99.58 28464
99.581 28460
99.582 28459
110.618 28446
149.895 28439
149.897 28437
149.898 28434
154.957 28433
155.279 28426
155.578 28425
155.627 28419
155.64 28412
155.692 28407
155.847 28405
155.888 28404
170.658 28401
170.662 28398
180.474 28397
182.04 28396
182.047 28395
188.607 28387
188.639 28386
188.649 28382
188.829 28380
213.661 28378
213.667 28368
213.674 28362
213.742 28360
214.527 28349
214.539 28344
214.54 28341
217.886 28339
217.945 28333
251.322 28332
251.351 28329
