0.026 42955
0.026 42947
0.027 42875
0.027 42842
0.028 42817
0.028 42774
0.028 42715
0.029 42693
0.029 42675
0.03 42492
0.03 42488
0.03 42481
0.031 42467
0.032 42463
0.032 42445
0.033 42440
0.033 42358
0.033 42346
0.035 42344
0.036 42332
0.036 42329
0.036 42321
0.037 42307
0.038 42267
0.038 42216
0.038 42198
0.038 42173
0.039 42147
0.04 42123
0.042 42082
0.042 42077
0.042 42028
0.044 41998
0.045 41995
0.045 41990
0.046 41969
0.053 41725
0.053 41716
0.054 41706
0.054 41699
0.056 41693
0.056 41686
0.057 41673
0.058 41672
0.059 41658
0.061 41656
0.061 41643
0.062 41435
0.062 41418
0.064 41409
0.07 41391
0.07 41342
0.071 41335
0.072 41297
0.072 41292
0.073 41286
0.074 41279
0.075 41239
0.084 41238
0.086 41191
0.087 41158
0.088 41148
0.099 41121
0.1 41102
0.101 41101
0.102 41093
0.105 41090
0.109 41069
0.114 41065
0.114 41012
0.115 40919
0.116 40778
0.119 40732
0.12 40693
0.134 40664
0.139 40604
0.139 40598
0.14 40584
0.142 40575
0.15 40574
0.151 40525
0.152 40497
0.152 40489
0.157 40474
0.157 40469
0.159 40385
0.159 40382
0.163 40342
0.245 40312
0.27 40276
0.272 40195
0.273 40160
0.275 40153
0.276 40132
0.279 40118
0.358 40117
0.36 40028
0.426 40008
0.43 40005
0.432 39992
0.432 39977
0.433 39922
0.439 39920
0.439 39903
0.44 39868
0.44 39792
6.842 39770
6.844 39760
6.844 39756
6.845 39742
16.911 39734
20.194 39711
20.212 39709
20.213 39688
20.215 39621
20.215 39618
20.216 39604
20.216 39596
20.232 39576
20.308 39570
20.309 39567
20.312 39556
22.042 39537
22.043 39532
22.517 39529
22.525 39518
35.851 39498
35.89 39482
35.891 39474
35.893 39464
35.902 39462
36.581 39433
46.469 39425
46.471 39423
46.472 39404
46.488 39399
60.853 39355
60.897 39354
60.902 39353
60.904 39340
60.92 39333
60.928 39318
60.929 39305
60.944 39302
60.947 39300
60.948 39299
61.742 39262
61.743 39255
61.747 39246
61.748 39218
61.749 39212
61.972 39203
61.974 39198
62.003 39178
62.01 39148
63.038 39144
73.749 39137
73.749 39125
74.361 39112
74.364 39101
74.435 39098
74.525 39093
74.539 39091
74.539 39082
74.541 39073
74.541 39072
82.797 39071
82.797 39066
87.639 39061
87.642 39055
87.645 39054
87.651 39049
87.657 39046
87.657 39030
87.664 39021
87.667 39020
92.943 39017
92.988 39012
92.989 39001
92.996 38986
92.999 38982
93.008 38979
93.111 38962
97.846 38945
97.847 38942
97.887 38923
97.902 38916
97.906 38908
97.911 38895
99.167 38893
99.167 38891
101.262 38886
101.268 38883
101.278 38869
102.428 38864
102.434 38855
102.438 38840
102.458 38835
102.46 38832
102.463 38803
133.912 38799
133.917 38790
133.918 38785
134.511 38781
134.519 38768
155.603 38755
155.664 38749
155.666 38736
155.667 38727
156.747 38717
156.758 38705
156.939 38699
156.948 38697
156.951 38689
156.957 38681
156.958 38663
156.961 38662
156.961 38654
156.972 38642
156.981 38628
157.019 38627
157.023 38619
157.026 38611
157.036 38606
157.038 38590
184.941 38589
184.946 38572
184.967 38564
202.857 38555
211.702 38553
211.96 38551
222.535 38538
222.757 38530
222.773 38525
226.171 38516
226.188 38501
226.189 38499
226.194 38491
226.213 38488
226.215 38481
226.223 38478
226.227 38476
226.253 38470
237.159 38461
237.16 38453
283.322 38449
284.386 38448
284.639 38444
284.825 38437
284.852 38436
284.853 38430
284.866 38429
285.137 38428
285.161 38423
285.169 38418
301.443 38414
312.874 38410
312.883 38409
312.895 38407
328.323 38406
329.293 38405
