0.025 39302
0.026 39247
0.027 39188
0.027 39182
0.028 39124
0.028 39102
0.029 39097
0.029 39081
0.029 39078
0.03 39068
0.031 39061
0.031 39054
0.031 39051
0.032 39042
0.032 39028
0.032 39011
0.034 39001
0.035 38900
0.035 38897
0.036 38667
0.037 38645
0.037 38615
0.04 38519
0.04 38514
0.041 38504
0.041 38406
0.043 38314
0.043 38295
0.044 38292
0.045 38287
0.045 38254
0.046 38239
0.048 38234
0.048 38210
0.049 38199
0.049 38163
0.05 38159
0.051 38157
0.055 38086
0.059 38060
0.077 37979
0.079 37953
0.079 37946
0.08 37896
0.085 37891
0.085 37889
0.093 37864
0.094 37856
0.125 37850
0.174 37794
0.176 37732
0.182 37731
0.184 37702
0.185 37678
0.191 37669
0.191 37609
0.192 37569
0.195 37564
0.196 37550
0.196 37506
0.297 37448
0.297 37443
0.311 37422
0.312 37384
0.327 37341
0.328 37330
0.341 37320
0.342 37312
0.343 37298
0.345 37295
0.404 37290
0.406 37287
1.021 37279
1.026 37274
1.358 37273
2.316 37259
2.316 37247
2.322 37231
2.328 37203
2.329 37163
2.333 37151
2.335 37093
2.336 37089
2.343 37081
2.347 37063
2.35 37060
2.997 37039
2.997 37033
3.384 37004
3.386 37001
3.632 36999
3.633 36997
3.633 36983
3.634 36959
3.635 36958
3.636 36952
3.637 36894
3.644 36886
3.644 36882
7.161 36877
7.171 36868
7.564 36863
7.565 36855
7.575 36852
7.575 36844
7.576 36841
7.576 36835
11.069 36833
11.073 36796
11.074 36751
11.075 36749
11.459 36733
11.468 36724
11.468 36718
12.741 36705
13.797 36697
30.3 36692
30.302 36691
30.303 36680
30.305 36672
30.306 36646
30.307 36637
30.326 36622
30.326 36616
30.327 36612
30.327 36609
30.328 36592
30.33 36572
30.331 36566
30.332 36557
30.332 36555
51.323 36545
51.33 36536
51.334 36535
51.336 36519
67.569 36501
67.569 36497
67.577 36488
67.577 36456
67.577 36448
67.578 36431
67.592 36420
67.669 36411
102.685 36394
102.686 36384
102.687 36381
102.689 36363
102.69 36362
102.694 36333
102.71 36332
102.711 36297
102.714 36292
102.715 36288
102.733 36285
102.734 36277
102.734 36271
103.19 36268
103.192 36254
106.03 36252
106.031 36248
106.036 36246
106.039 36241
106.04 36230
106.041 36225
106.043 36224
161.78 36220
161.85 36201
175.897 36200
175.899 36199
176.518 36194
181.298 36192
181.306 36181
181.343 36178
181.345 36166
181.361 36160
181.37 36156
181.373 36155
181.38 36151
182.306 36146
186.91 36144
187.342 36138
187.346 36137
187.354 36134
187.358 36121
187.371 36120
187.373 36119
187.379 36098
187.477 36085
187.478 36082
188.729 36081
188.734 36071
192.054 36070
192.061 36064
192.068 36060
192.077 36049
192.228 36046
199.994 36024
202.132 36021
202.138 36012
202.152 36010
202.152 36009
202.339 36007
202.352 36006
202.354 36004
202.975 36001
207.473 35996
207.492 35995
207.495 35993
207.499 35984
207.503 35983
207.503 35980
207.507 35977
207.588 35963
214.568 35956
215.942 35955
215.958 35954
215.987 35945
216.007 35936
216.034 35932
216.051 35930
216.053 35928
216.057 35915
216.062 35913
216.068 35911
250.592 35908
251.906 35907
251.907 35901
251.919 35897
252.036 35893
252.042 35892
252.11 35890
252.111 35889
252.113 35882
252.161 35881
252.331 35875
252.347 35873
252.419 35866
260.694 35860
260.805 35858
269.766 35853
269.773 35849
269.779 35848
281.898 35846
329.612 35844
329.662 35843
332.532 35837
332.545 35829
334.495 35828
334.522 35827
