0.025 39264
0.026 39089
0.027 39030
0.027 38933
0.028 38917
0.028 38910
0.029 38900
0.03 38894
0.03 38887
0.03 38885
0.031 38833
0.031 38831
0.032 38817
0.032 38716
0.032 38714
0.033 38701
0.033 38673
0.033 38647
0.034 38625
0.034 38600
0.035 38471
0.036 38451
0.037 38448
0.038 38415
0.038 38412
0.039 38400
0.039 38380
0.039 38371
0.04 38362
0.041 38341
0.041 38244
0.043 38223
0.044 38220
0.049 38217
0.049 38194
0.05 38193
0.051 38190
0.051 38184
0.052 38168
0.052 38150
0.054 38147
0.07 38080
0.08 38064
0.081 38060
0.098 38022
0.1 38014
0.1 38000
0.101 37969
0.101 37960
0.102 37926
0.162 37908
0.169 37893
0.194 37880
0.195 37825
0.198 37824
0.201 37817
0.212 37807
0.213 37805
0.213 37795
0.214 37725
0.214 37702
0.217 37630
0.219 37616
0.219 37590
0.22 37586
0.222 37565
0.225 37545
0.226 37509
0.239 37407
0.253 37363
0.254 37356
0.3 37342
0.3 37314
0.302 37302
0.559 37296
0.568 37266
0.568 37249
0.578 37245
0.578 37237
0.584 37200
0.585 37196
0.585 37184
0.589 37154
0.59 37146
0.595 37143
0.598 37132
0.598 37114
0.61 37113
0.646 37083
0.691 37067
0.692 37032
0.696 37027
0.721 37023
0.724 37003
0.724 36995
0.73 36987
0.731 36962
0.733 36959
0.737 36940
4.14 36922
8.247 36902
8.247 36859
8.248 36829
8.248 36827
8.251 36819
8.259 36794
8.259 36791
25.247 36790
25.316 36774
25.35 36772
25.368 36768
25.369 36766
25.371 36745
25.374 36713
25.375 36710
38.224 36707
38.239 36689
40.535 36669
40.536 36662
40.538 36638
40.559 36629
42.435 36628
42.435 36596
57.598 36575
57.598 36570
72.021 36569
72.081 36567
72.083 36557
72.088 36555
72.727 36540
72.73 36538
72.73 36533
72.739 36514
72.76 36513
75.884 36510
75.889 36487
75.889 36483
75.89 36473
75.893 36460
75.928 36430
75.929 36423
75.931 36417
102.61 36411
102.612 36410
102.617 36407
102.618 36392
106.584 36383
107.766 36381
109.42 36346
109.429 36343
109.43 36342
109.437 36341
109.552 36335
113.726 36334
113.743 36323
113.748 36322
113.755 36319
113.756 36314
113.764 36307
114.424 36289
114.425 36286
114.428 36277
114.45 36275
114.451 36272
114.455 36269
114.511 36266
114.513 36265
114.515 36262
114.543 36246
114.544 36243
139.769 36242
139.77 36238
139.794 36235
139.8 36233
139.813 36226
147.786 36221
147.788 36212
157.111 36208
157.123 36194
157.921 36193
157.93 36184
157.935 36173
176.163 36165
176.194 36149
181.123 36147
181.124 36145
181.124 36143
181.139 36142
181.14 36135
181.417 36130
181.424 36116
181.429 36113
181.436 36110
181.436 36106
181.439 36101
181.448 36091
181.452 36087
182.352 36072
182.356 36066
183.465 36062
183.478 36061
183.497 36058
183.498 36056
183.499 36053
186.987 36048
186.987 36044
186.993 36037
187.06 36036
187.076 36027
187.126 36026
187.136 36022
187.136 36015
187.148 36013
189.632 35996
192.184 35992
215.405 35991
218.241 35989
218.266 35987
218.266 35985
219.164 35961
219.25 35960
223.78 35956
223.784 35955
223.803 35950
223.842 35949
223.854 35945
223.856 35939
223.857 35937
223.858 35936
223.859 35934
223.882 35928
223.888 35922
224.106 35920
224.128 35918
224.133 35913
224.14 35907
224.141 35906
224.146 35901
234.976 35898
234.977 35890
235.433 35884
235.506 35879
240.964 35873
242.803 35869
242.9 35868
242.982 35862
242.998 35854
243.004 35851
243.011 35849
243.692 35848
286.549 35847
292.996 35842
307.497 35838
307.647 35837
307.694 35836
310.282 35835
310.397 35833
310.404 35831
310.415 35825
310.461 35824
310.913 35822
311.15 35821
311.198 35820
311.223 35818
311.227 35816
311.285 35813
311.375 35810
311.38 35805
322.253 35804
322.255 35801
323.368 35800
326.19 35799
326.381 35797
326.676 35796
326.75 35793
326.772 35792
327.794 35791
327.81 35788
328.205 35786
328.232 35784
364.448 35783
364.451 35776
364.466 35774
