0.035 84884
0.036 84845
0.036 84834
0.037 84793
0.037 84756
0.038 84676
0.039 84642
0.04 84405
0.041 84404
0.041 84396
0.042 84374
0.043 84100
0.044 84096
0.044 84088
0.045 84063
0.045 84054
0.047 84049
0.048 83912
0.049 83899
0.051 83808
0.052 83795
0.053 83751
0.053 83725
0.054 83693
0.054 83673
0.056 83672
0.056 83666
0.057 83648
0.062 83579
0.063 83532
0.064 83508
0.075 83294
0.125 83226
0.127 83217
0.13 83180
0.131 83135
0.132 83128
0.134 83121
0.134 83109
0.136 83082
0.139 83071
0.143 83065
0.145 83056
0.147 83022
0.147 83014
0.148 83007
0.15 82998
0.165 82985
0.166 82981
0.166 82963
0.167 82933
0.171 82932
0.171 82894
0.172 82889
0.172 82868
0.224 82780
0.226 82772
0.226 82750
0.226 82694
0.238 82690
0.274 82649
0.274 82643
0.275 82603
0.302 82591
0.304 82590
0.324 82577
0.328 82550
0.329 82527
0.332 82514
0.332 82510
0.343 82487
0.349 82479
1.311 82466
1.312 82459
1.348 82443
1.348 82423
1.349 82422
1.367 82355
1.37 82342
1.372 82337
1.382 82331
1.384 82301
1.385 82296
1.387 82286
1.439 82280
1.441 82277
1.449 82273
1.454 82266
1.455 82202
1.455 82184
1.488 82152
1.492 82142
1.55 82138
1.555 82120
1.561 82118
1.568 82099
1.574 82094
1.616 82081
1.616 82080
1.795 82063
2.061 82059
2.062 82046
2.063 82041
2.063 82040
2.066 82034
2.091 81994
2.219 81978
2.22 81974
2.31 81966
2.579 81921
2.581 81877
3.598 81849
3.598 81827
3.598 81825
3.602 81772
3.603 81751
3.604 81703
3.618 81584
3.623 81573
3.668 81538
3.668 81537
3.675 81522
3.724 81477
3.731 81468
3.866 81465
3.868 81417
3.869 81402
3.872 81389
3.872 81381
3.882 81376
3.883 81368
3.887 81362
3.899 81339
3.901 81330
3.905 81303
3.906 81278
7.19 81277
7.269 81276
7.27 81257
7.282 81220
7.288 81209
7.29 81194
7.291 81192
7.3 81153
7.302 81101
7.304 81098
7.306 81080
7.355 81064
7.357 81062
7.359 81010
7.361 80991
7.364 80990
8.264 80980
8.268 80965
8.27 80958
8.272 80929
8.273 80911
8.275 80884
8.277 80870
8.291 80843
8.296 80834
8.299 80833
8.302 80828
11.45 80790
11.455 80766
12.415 80748
12.416 80744
12.417 80741
12.85 80739
13.243 80710
13.243 80690
13.304 80616
13.31 80610
13.311 80603
22.26 80600
22.26 80572
22.867 80562
58.771 80524
58.993 80492
59.032 80482
59.038 80467
59.131 80466
59.131 80450
59.132 80404
59.134 80399
59.147 80398
59.173 80393
59.273 80319
59.276 80313
59.288 80279
59.298 80274
59.303 80268
59.378 80252
59.381 80230
59.384 80227
59.609 80206
59.61 80194
59.615 80185
59.734 80170
59.735 80154
59.739 80140
59.743 80134
59.755 80128
81.478 80125
81.482 80101
81.483 80100
81.484 80062
81.497 80014
81.507 80012
88.083 80010
88.084 80007
88.092 79979
94.574 79970
94.575 79939
102.436 79937
103.225 79919
103.297 79918
112.096 79915
112.11 79909
112.113 79907
112.126 79901
112.127 79896
117.285 79891
117.288 79863
117.933 79856
118.358 79846
118.361 79836
119.054 79833
123.812 79831
123.817 79815
123.818 79812
123.82 79809
123.82 79792
123.821 79784
123.845 79778
123.847 79772
123.863 79745
123.865 79731
124.482 79729
124.674 79717
124.677 79716
125.506 79712
125.518 79705
125.519 79695
125.564 79692
125.574 79690
125.576 79683
125.578 79675
125.661 79647
125.661 79645
125.673 79639
125.677 79618
125.686 79581
125.69 79577
125.69 79566
166.09 79561
166.097 79558
166.103 79554
166.848 79549
166.849 79548
166.88 79546
166.88 79544
166.882 79541
172.826 79534
172.831 79532
172.886 79527
172.894 79526
172.899 79520
172.912 79510
172.952 79507
172.953 79500
172.954 79499
175.015 79498
175.016 79492
175.023 79477
175.044 79475
175.044 79471
175.045 79459
175.053 79454
175.074 79453
175.075 79448
175.091 79447
177.558 79440
177.558 79438
177.569 79432
177.573 79429
177.575 79427
177.58 79404
177.848 79387
177.848 79384
177.851 79382
177.867 79370
177.881 79366
177.881 79360
178.173 79357
178.173 79355
191.343 79350
191.346 79345
191.351 79339
191.555 79331
191.568 79329
191.572 79316
209.833 79303
209.947 79299
209.954 79295
209.973 79294
210.004 79290
210.005 79289
210.791 79288
210.8 79287
214.956 79284
219.94 79282
219.952 79271
219.955 79267
219.956 79263
219.967 79261
219.973 79259
220.1 79254
226.803 79253
226.809 79248
226.81 79246
226.819 79240
226.884 79236
230.24 79235
230.244 79234
230.25 79229
230.296 79225
230.313 79219
231.523 79213
231.527 79212
231.532 79210
231.559 79204
231.559 79196
231.577 79190
231.629 79188
231.677 79183
248.853 79182
248.855 79160
251.062 79157
255.394 79156
255.395 79149
255.41 79148
255.424 79144
255.438 79139
255.439 79137
255.468 79128
255.72 79124
255.759 79121
255.761 79119
255.78 79118
261.618 79117
261.632 79115
261.894 79106
261.897 79097
261.905 79095
289.664 79088
289.671 79086
332.899 79085
333.029 79084
333.042 79082
333.121 79080
333.366 79078
333.369 79074
333.386 79072
333.468 79071
333.71 79068
333.729 79067
