0.035 84916
0.035 84884
0.036 84851
0.036 84842
0.037 84826
0.037 84795
0.038 84669
0.041 84597
0.041 84565
0.042 84406
0.042 84395
0.043 84389
0.043 84358
0.046 84273
0.047 84266
0.047 84260
0.048 84240
0.049 84235
0.049 84225
0.05 84222
0.051 84216
0.052 84189
0.052 84184
0.053 84162
0.053 84153
0.064 84093
0.065 84076
0.069 84070
0.07 83782
0.089 83761
0.09 83734
0.09 83701
0.09 83691
0.091 83637
0.096 83547
0.1 83382
0.1 83363
0.101 83362
0.109 83357
0.11 83322
0.111 83292
0.113 83290
0.113 83267
0.13 83220
0.132 83213
0.132 83179
0.137 83172
0.158 83167
0.174 83119
0.176 83100
0.177 83054
0.47 83052
0.471 82930
0.472 82836
0.484 82831
0.489 82763
0.517 82749
0.525 82707
0.53 82689
0.53 82680
0.532 82587
0.534 82364
0.567 82354
0.568 82343
0.572 82333
0.577 82315
0.578 82310
0.585 82282
0.588 82176
0.592 82154
0.593 82129
0.766 82125
0.772 82111
0.774 82099
0.775 82093
0.835 82040
0.838 82035
0.838 82029
1.401 81994
1.859 81974
1.871 81968
1.872 81929
1.877 81871
1.88 81844
1.882 81835
1.89 81808
1.894 81782
1.895 81771
1.927 81769
1.931 81763
2.916 81727
2.939 81658
2.939 81657
2.941 81634
2.942 81631
3.862 81616
3.961 81614
3.962 81597
3.965 81585
3.966 81584
3.97 81562
3.97 81554
3.971 81553
3.972 81548
5.111 81526
5.112 81525
5.112 81499
5.113 81489
5.122 81364
5.123 81348
5.123 81344
5.125 81318
5.125 81265
5.128 81242
5.49 81236
5.491 81235
7.435 81225
10.602 81221
10.645 81219
10.651 81212
10.653 81184
10.656 81175
10.656 81166
10.658 81109
10.658 81101
10.659 81085
10.663 81083
10.663 81064
10.664 81022
10.665 81011
10.668 81002
10.669 80988
10.67 80987
10.678 80961
10.684 80946
10.685 80933
10.688 80896
10.696 80840
10.7 80827
10.702 80822
10.702 80817
10.703 80816
10.707 80813
10.707 80798
10.745 80792
10.746 80769
10.748 80768
10.755 80762
10.757 80757
10.874 80752
10.877 80698
10.885 80692
10.889 80681
10.89 80673
10.89 80664
10.894 80662
26.015 80624
41.081 80582
41.084 80576
41.092 80552
41.106 80549
41.155 80546
41.156 80524
41.158 80514
49.842 80510
49.845 80435
49.846 80431
49.851 80428
49.924 80427
49.927 80419
49.935 80412
49.937 80407
49.938 80403
49.986 80380
49.986 80378
49.989 80376
49.996 80343
52.194 80325
52.215 80270
52.217 80255
52.218 80250
52.226 80248
52.234 80241
52.241 80238
52.267 80203
52.27 80192
52.288 80190
52.288 80182
52.289 80171
52.293 80169
52.294 80165
52.296 80156
52.3 80151
52.306 80141
52.313 80131
52.314 80072
52.316 80057
52.319 80055
52.501 80013
52.503 79986
84.823 79983
84.828 79979
84.833 79961
84.835 79957
86.264 79936
86.265 79935
86.267 79914
86.268 79908
86.269 79907
86.403 79875
120.293 79866
120.296 79862
120.298 79861
120.399 79847
120.41 79837
120.41 79825
120.413 79813
120.447 79810
121.199 79790
121.21 79782
121.213 79780
121.213 79772
121.224 79756
121.226 79750
121.226 79746
121.478 79742
121.482 79736
121.483 79727
121.485 79726
121.486 79718
121.694 79714
121.695 79707
121.699 79695
121.701 79688
121.789 79666
141.754 79624
143.4 79617
143.401 79614
143.759 79612
143.765 79596
143.767 79594
143.79 79591
143.799 79568
144.105 79554
144.109 79548
144.137 79537
144.138 79536
144.14 79535
144.146 79534
144.148 79532
149.982 79519
151.292 79516
151.295 79514
152.824 79500
152.825 79488
152.826 79486
152.827 79478
152.834 79476
152.838 79465
160.458 79464
160.729 79458
160.81 79456
160.915 79454
160.919 79436
160.952 79432
176.539 79429
176.547 79417
176.553 79416
176.56 79408
176.568 79404
176.57 79403
182.673 79396
182.737 79393
182.808 79391
190.844 79372
190.855 79360
190.898 79341
190.934 79337
190.935 79326
190.936 79320
190.957 79318
190.963 79305
190.965 79302
219.726 79300
219.729 79298
220.046 79297
220.051 79295
220.099 79291
220.114 79287
233.827 79286
235.279 79283
243.008 79271
243.015 79269
243.039 79264
243.05 79262
248.19 79261
248.204 79259
248.353 79257
248.356 79252
248.358 79251
248.366 79250
248.373 79249
248.406 79246
248.426 79241
248.477 79240
248.496 79239
248.5 79236
248.507 79234
248.512 79231
251.285 79230
251.286 79229
251.29 79227
251.293 79224
251.295 79220
251.362 79219
251.383 79216
251.387 79215
251.388 79207
257.111 79206
257.123 79204
257.306 79199
257.318 79188
257.369 79169
257.386 79167
257.422 79163
257.428 79161
257.472 79160
274.705 79151
274.722 79147
288.614 79142
299.235 79139
299.487 79136
299.736 79134
299.737 79132
299.819 79126
301.148 79125
301.251 79122
301.251 79112
301.268 79111
301.278 79109
301.28 79106
308.188 79104
308.76 79102
309.424 79101
309.446 79100
309.448 79097
310.22 79088
310.239 79085
310.311 79081
310.333 79079
310.338 79077
318.376 79070
318.407 79067
327.505 79066
327.567 79065
327.568 79062
327.611 79061
327.613 79059
329.011 79053
