0.035 84943
0.035 84940
0.035 84937
0.036 84884
0.036 84842
0.038 84706
0.038 84673
0.039 84645
0.04 84625
0.04 84600
0.041 84589
0.042 84588
0.043 84489
0.044 84474
0.044 84452
0.045 84451
0.045 84354
0.047 84343
0.047 84339
0.048 84331
0.05 84311
0.051 84262
0.053 84258
0.054 84229
0.06 84209
0.062 84196
0.062 84187
0.063 84184
0.063 84165
0.064 84115
0.065 83952
0.067 83950
0.067 83836
0.068 83792
0.07 83758
0.071 83720
0.072 83716
0.073 83671
0.074 83664
0.074 83659
0.074 83570
0.076 83547
0.08 83481
0.14 83429
0.142 83376
0.143 83356
0.145 83337
0.145 83319
0.148 83290
0.15 83258
0.152 83245
0.152 83241
0.155 83185
0.158 83150
0.162 83145
0.164 83122
0.165 83087
0.168 83030
0.169 83028
0.17 82994
0.171 82988
0.187 82985
0.188 82913
0.189 82882
0.19 82881
0.194 82862
0.194 82859
0.196 82858
0.199 82857
0.202 82856
0.209 82852
0.218 82821
0.227 82761
0.276 82752
0.276 82746
0.277 82725
0.283 82651
0.284 82616
0.289 82613
0.29 82606
0.291 82600
0.292 82551
0.293 82544
0.293 82537
0.295 82509
0.298 82503
0.3 82483
0.3 82476
0.303 82456
0.308 82302
0.323 82204
0.325 82202
0.342 82188
0.366 82181
0.37 82169
0.384 82165
0.384 82154
0.384 82153
0.39 82103
0.39 82088
0.391 82069
0.407 82025
0.522 82004
0.535 81985
0.584 81952
0.585 81949
0.586 81939
0.69 81895
0.694 81860
0.704 81854
0.708 81840
0.71 81800
0.724 81777
0.725 81774
0.726 81742
0.733 81700
0.766 81695
0.769 81688
0.771 81646
0.773 81632
4.068 81631
4.069 81554
4.07 81481
4.072 81471
4.072 81468
4.073 81460
4.107 81416
4.377 81381
4.378 81348
4.382 81334
4.383 81312
5.95 81289
5.986 81282
6.042 81277
6.044 81274
6.058 81178
8.268 81169
8.269 81152
8.349 81143
8.35 81140
8.645 81118
8.646 81091
8.659 81090
8.66 81083
8.693 81073
8.693 81071
8.695 81066
8.696 81026
8.696 80983
8.697 80979
8.699 80968
9.283 80940
9.283 80900
11.066 80885
11.066 80877
11.067 80873
13.025 80862
13.026 80848
13.027 80846
13.028 80816
16.791 80813
16.792 80766
16.869 80755
17.411 80721
17.411 80715
17.424 80698
17.424 80692
17.425 80685
17.706 80655
17.706 80615
17.711 80566
17.712 80564
17.713 80547
17.714 80502
17.715 80481
17.717 80474
42.205 80416
59.23 80393
63.284 80349
63.318 80343
63.319 80336
63.356 80319
63.366 80316
63.368 80266
63.589 80249
63.592 80245
63.601 80240
63.605 80228
63.605 80213
63.624 80212
63.628 80200
63.629 80184
63.639 80170
63.647 80169
63.648 80160
63.652 80151
63.653 80120
63.657 80103
63.658 80101
63.667 80098
63.677 80086
70.574 80083
74.792 80073
74.796 80069
74.796 80061
74.797 80051
74.802 80036
74.821 80031
74.824 80030
76.598 80009
76.599 79998
76.998 79997
77 79983
77.003 79954
77.004 79945
77.023 79943
77.442 79937
77.51 79906
77.51 79901
77.511 79891
93.285 79885
93.287 79884
93.293 79844
93.293 79840
98.102 79825
103.129 79822
103.132 79809
103.136 79803
103.454 79761
103.456 79751
103.465 79746
114.442 79740
114.446 79738
114.482 79730
114.487 79729
114.503 79726
114.51 79719
114.518 79676
114.518 79674
114.519 79669
114.524 79643
114.527 79642
114.528 79638
114.528 79636
135.139 79635
135.146 79623
135.16 79577
135.174 79575
135.183 79567
135.186 79551
135.193 79536
139.589 79530
139.601 79528
143.943 79506
143.957 79499
143.963 79498
143.972 79492
143.975 79491
143.975 79485
143.977 79459
143.982 79455
143.982 79442
144.123 79419
144.134 79412
144.183 79406
144.184 79402
144.208 79398
144.222 79384
166.15 79376
166.155 79352
166.159 79341
166.175 79332
166.177 79330
185.625 79326
185.629 79322
185.629 79316
185.632 79310
185.726 79297
185.76 79296
185.767 79294
186.019 79291
186.021 79288
190.484 79284
191.033 79271
191.037 79270
191.039 79263
191.046 79262
191.047 79260
191.113 79228
191.209 79227
191.21 79217
191.21 79211
207.399 79203
207.784 79191
207.789 79190
207.806 79189
207.855 79188
207.857 79186
207.861 79180
208.273 79179
208.275 79177
208.384 79167
209.634 79165
209.676 79162
209.704 79136
209.708 79133
209.708 79122
209.714 79121
209.72 79119
209.738 79118
209.742 79117
209.766 79113
251.968 79106
253.781 79104
254.003 79102
266.71 79096
266.715 79095
266.739 79079
266.762 79077
266.769 79074
266.77 79073
268.068 79070
268.076 79069
268.079 79068
287.811 79065
287.816 79061
287.818 79060
287.951 79057
288.064 79056
288.066 79053
288.089 79049
330.114 79047
330.138 79045
332.032 79044
333.44 79043
333.543 79037
333.548 79035
336.651 79034
336.742 79031
337.039 79028
337.539 79026
351.332 79024
