0.035 84863
0.038 84832
0.038 84809
0.039 84773
0.039 84739
0.04 84498
0.041 84483
0.042 84447
0.045 84440
0.045 84427
0.046 84409
0.046 84368
0.047 84364
0.047 84359
0.047 84326
0.05 84317
0.051 84314
0.052 84310
0.053 84308
0.054 84187
0.055 84174
0.055 84173
0.063 84098
0.064 84072
0.065 84071
0.066 84012
0.066 84003
0.067 83994
0.067 83959
0.069 83953
0.069 83952
0.075 83888
0.087 83870
0.088 83865
0.093 83792
0.094 83747
0.096 83739
0.097 83728
0.098 83697
0.099 83662
0.1 83640
0.102 83613
0.103 83610
0.111 83581
0.115 83382
0.116 83381
0.117 83380
0.12 83368
0.12 83342
0.163 83292
0.164 83289
0.169 83280
0.169 83275
0.17 83274
0.211 83262
0.224 83224
0.225 83212
0.226 83196
0.226 83183
0.227 83178
0.258 83161
0.26 83138
0.262 83123
0.262 83122
0.263 83119
0.282 83118
0.284 83087
0.285 83038
0.286 83014
0.287 83011
0.288 83004
0.294 83003
0.294 82996
0.295 82994
0.295 82991
0.296 82966
0.297 82957
0.298 82947
0.299 82944
0.3 82936
0.301 82926
0.305 82917
0.306 82858
0.307 82765
0.308 82761
0.309 82741
0.315 82724
0.324 82712
0.325 82710
0.325 82706
0.327 82680
0.327 82673
0.329 82663
0.33 82660
0.334 82611
0.338 82564
0.398 82543
0.403 82494
0.404 82472
0.404 82448
0.412 82422
0.435 82412
0.8 82397
0.801 82385
0.83 82363
0.832 82358
0.833 82348
0.837 82345
0.838 82338
0.839 82295
0.982 82287
0.992 82277
0.992 82276
0.993 82214
0.994 82208
1.096 82192
1.096 82188
1.099 82162
1.101 82139
1.105 82119
1.112 82106
1.113 82102
1.113 82039
1.114 82029
1.117 81918
1.12 81886
1.122 81883
1.131 81875
1.132 81874
1.134 81865
1.135 81848
1.136 81841
1.138 81833
1.145 81804
1.476 81803
1.976 81751
1.978 81750
1.995 81744
2.359 81725
2.36 81723
2.361 81715
2.364 81693
2.365 81692
2.368 81672
2.37 81666
2.371 81658
2.383 81640
2.384 81626
2.389 81619
2.391 81617
2.394 81582
2.416 81563
2.42 81539
2.467 81517
2.468 81511
2.487 81496
4.499 81458
4.501 81431
4.503 81387
4.504 81366
4.508 81321
6.932 81270
6.97 81253
6.972 81247
6.99 81227
6.992 81194
7 81192
7.015 81138
7.015 81134
7.019 81116
7.026 81075
7.032 81068
7.034 81065
7.035 81054
7.037 80983
7.039 80953
7.05 80947
8.059 80945
8.061 80944
8.061 80932
13.995 80916
13.996 80898
13.997 80883
13.998 80876
17.609 80856
17.609 80832
23.34 80819
23.344 80811
23.349 80768
23.351 80766
23.715 80735
23.726 80729
23.731 80645
23.732 80619
23.732 80615
23.758 80614
23.761 80603
23.762 80588
23.762 80583
23.769 80575
23.781 80561
23.8 80550
23.804 80545
24.063 80458
24.085 80453
24.088 80451
24.094 80437
24.099 80435
24.099 80425
24.11 80410
24.865 80409
24.865 80393
24.886 80360
24.89 80354
24.891 80340
24.891 80271
24.897 80239
24.899 80224
78.197 80188
78.197 80136
78.198 80135
78.201 80130
78.202 80128
78.27 80125
78.274 80119
78.276 80115
78.277 80104
78.279 80055
78.281 80047
78.281 80033
78.285 80027
78.293 80013
78.524 80010
78.527 80009
78.529 80001
78.531 80000
103.025 79994
103.032 79982
103.035 79972
103.035 79971
105.276 79960
105.537 79959
105.545 79924
121.316 79919
121.344 79899
121.345 79896
121.347 79890
121.348 79885
121.382 79871
121.395 79845
121.584 79835
121.597 79832
121.599 79798
124.06 79790
124.065 79786
124.07 79729
124.08 79719
124.095 79705
124.1 79642
124.106 79636
156.664 79633
156.694 79612
156.703 79604
156.707 79601
156.708 79599
156.946 79573
156.954 79563
156.957 79556
159.537 79537
159.537 79516
159.951 79509
159.957 79506
160.003 79493
160.026 79484
160.027 79483
177.775 79480
187.432 79470
187.439 79469
189.967 79460
189.968 79456
189.969 79449
189.971 79437
198.302 79434
198.308 79418
198.312 79414
198.313 79413
198.318 79393
200.962 79392
200.966 79391
200.968 79390
201.147 79380
202.418 79378
216.161 79375
216.165 79372
216.178 79371
216.191 79364
216.192 79363
221.805 79361
221.806 79354
221.931 79353
221.938 79352
221.938 79351
221.94 79349
221.942 79348
221.943 79342
221.955 79340
221.963 79337
221.97 79335
221.984 79332
221.984 79327
221.985 79326
222.001 79325
223.483 79320
236.114 79289
236.144 79282
236.154 79280
236.161 79279
242.401 79277
242.406 79275
242.412 79271
242.413 79269
242.423 79267
242.616 79264
242.618 79263
245.09 79262
245.101 79256
245.114 79254
245.119 79251
251.038 79239
252.654 79233
252.66 79222
262.792 79221
262.964 79217
263.024 79216
263.038 79211
263.039 79210
263.04 79206
263.041 79198
263.056 79197
263.42 79194
263.451 79193
263.608 79192
263.614 79191
263.63 79190
288.388 79187
288.405 79186
288.424 79184
288.527 79173
299.274 79168
304.242 79167
304.286 79164
304.288 79163
304.338 79161
304.641 79159
304.745 79155
304.747 79153
304.791 79151
328.141 79150
328.199 79148
328.219 79146
335.408 79143
335.42 79142
335.427 79135
338.145 79130
