0.035 84854
0.036 84751
0.037 84742
0.039 84618
0.039 84584
0.04 84577
0.04 84539
0.041 84535
0.041 84532
0.042 84522
0.042 84453
0.042 84420
0.043 84385
0.043 84374
0.044 84372
0.045 84370
0.045 84321
0.046 84308
0.047 84303
0.048 84284
0.049 84273
0.051 84216
0.052 84183
0.052 84162
0.054 84161
0.054 84150
0.055 84149
0.056 84148
0.059 84143
0.059 84142
0.06 84128
0.064 84081
0.065 84058
0.074 84009
0.074 83989
0.078 83976
0.079 83923
0.08 83915
0.081 83912
0.096 83806
0.098 83775
0.104 83765
0.106 83719
0.106 83716
0.107 83651
0.108 83647
0.11 83640
0.113 83627
0.114 83599
0.117 83598
0.118 83532
0.122 83463
0.125 83442
0.131 83395
0.131 83325
0.135 83258
0.136 83206
0.138 83135
0.167 83072
0.168 83064
0.177 83007
0.177 83004
0.178 82996
0.179 82968
0.183 82949
0.184 82901
0.184 82872
0.185 82847
0.186 82832
0.187 82814
0.191 82797
0.196 82768
0.197 82746
0.198 82665
0.202 82652
0.207 82625
0.276 82620
0.277 82609
0.278 82546
0.279 82525
0.279 82515
0.28 82499
0.289 82494
0.29 82484
0.291 82474
0.309 82434
0.315 82366
0.327 82277
0.328 82242
0.329 82241
0.334 82233
0.335 82175
0.336 82173
0.337 82171
0.342 82147
0.719 82118
0.897 82027
0.9 81989
0.91 81948
0.912 81901
0.914 81818
0.914 81817
0.917 81704
0.919 81697
0.92 81687
0.924 81681
0.927 81673
0.927 81649
0.929 81635
0.959 81611
0.961 81597
0.964 81575
0.97 81574
0.972 81564
0.973 81563
0.973 81559
0.974 81545
1.136 81538
1.967 81533
1.985 81523
1.988 81520
2.01 81496
2.013 81488
2.698 81458
2.699 81449
2.707 81298
2.71 81262
2.866 81260
2.887 81257
3.077 81256
3.078 81249
3.079 81241
3.082 81237
3.085 81215
3.19 81208
3.191 81185
3.192 81126
3.198 81105
13.916 81096
13.917 81079
13.919 81070
13.935 81041
13.954 81038
13.956 81036
13.958 80997
13.959 80988
14.056 80908
15.547 80893
16.061 80863
16.064 80849
16.071 80840
16.072 80804
16.075 80795
16.08 80786
17.294 80781
17.294 80780
17.295 80778
23.217 80773
24.384 80697
24.385 80695
24.389 80693
24.392 80649
24.397 80640
24.398 80604
24.403 80581
24.412 80552
24.419 80549
24.42 80548
24.422 80535
24.423 80492
37.639 80481
37.64 80428
37.642 80415
37.651 80391
38.873 80388
38.976 80363
39.043 80359
39.047 80309
39.048 80306
39.07 80302
39.09 80296
39.094 80284
39.097 80280
39.099 80276
39.101 80275
39.104 80262
39.105 80244
39.107 80198
73.854 80177
73.855 80169
74.682 80163
74.683 80107
74.684 80103
74.686 80101
74.687 80090
74.69 80067
74.692 80065
74.694 80034
74.696 79982
98.187 79981
99.209 79972
99.215 79964
99.265 79963
101.486 79959
102.719 79955
102.738 79939
102.739 79907
102.74 79906
102.746 79905
102.759 79897
102.764 79893
103.159 79892
103.205 79883
103.206 79882
103.21 79871
103.221 79869
103.222 79866
103.225 79857
103.259 79838
103.279 79828
103.279 79823
103.279 79821
103.284 79816
115.293 79804
115.299 79780
115.424 79778
116.632 79743
116.651 79714
116.652 79711
116.655 79709
123.991 79689
143.913 79682
143.914 79678
143.919 79670
143.925 79662
151.215 79644
151.302 79643
151.303 79620
160.542 79614
160.543 79611
160.549 79597
160.551 79572
160.56 79559
160.561 79555
161.158 79551
161.161 79550
161.168 79545
163.179 79542
163.196 79539
164.686 79538
166.084 79534
171.966 79531
173.204 79529
173.207 79523
175.451 79512
179.949 79510
179.951 79489
180.013 79488
180.024 79487
180.033 79486
180.05 79481
180.052 79477
180.057 79476
180.078 79466
187.474 79463
187.481 79459
189.001 79455
189.053 79447
207.149 79443
208.292 79442
208.331 79432
208.333 79430
208.338 79408
209.016 79406
209.016 79405
209.018 79389
239.643 79376
239.654 79367
244.676 79363
246.123 79356
246.134 79354
246.399 79349
246.407 79348
249.042 79347
249.253 79333
249.254 79322
249.256 79320
254.729 79315
254.752 79307
254.775 79297
254.789 79295
258.632 79293
258.648 79277
258.657 79275
258.67 79254
258.69 79252
258.694 79245
258.739 79244
259.832 79238
259.855 79234
259.857 79232
259.858 79230
259.869 79228
260.047 79221
260.052 79219
264.151 79212
270.139 79210
270.146 79209
270.195 79188
270.21 79186
276.616 79185
276.617 79184
276.624 79181
276.943 79175
277.003 79173
278.685 79171
278.687 79170
278.711 79168
279.079 79167
279.567 79165
279.879 79164
279.924 79157
279.981 79156
281.667 79154
281.694 79143
281.699 79141
281.756 79139
340.601 79136
340.603 79134
341.722 79131
342.409 79130
343.931 79128
343.965 79126
343.973 79124
344.253 79122
