0.044 114942
0.045 114878
0.046 114864
0.053 114856
0.053 114846
0.053 114841
0.054 114817
0.054 114752
0.055 114745
0.06 114743
0.061 114682
0.065 114650
0.065 114647
0.067 114640
0.068 114637
0.069 114611
0.07 114540
0.073 114536
0.075 114529
0.075 114471
0.076 114470
0.079 114403
0.08 114346
0.087 114341
0.092 114333
0.093 114310
0.094 114307
0.095 114260
0.096 114255
0.097 114244
0.098 114239
0.098 114231
0.101 114204
0.107 114189
0.108 114164
0.11 114017
0.111 113960
0.118 113865
0.16 113862
0.16 113859
0.161 113856
0.161 113843
0.161 113836
0.163 113832
0.164 113823
0.166 113815
0.173 113681
0.178 113657
0.178 113591
0.179 113561
0.183 113448
0.183 113444
0.184 113424
0.185 113423
0.186 113409
0.199 113373
0.2 113350
0.206 113291
0.227 113261
0.228 113246
0.233 113241
0.236 113177
0.252 113159
0.252 113098
0.254 113096
0.256 113077
0.256 113076
0.257 113073
0.267 113038
0.283 113034
0.283 113026
0.288 112960
0.29 112912
0.29 112905
0.291 112873
0.304 112839
0.307 112836
0.324 112828
0.329 112757
0.336 112749
0.423 112681
0.425 112619
0.425 112604
0.426 112523
0.428 112513
0.43 112447
0.436 112430
0.439 112392
0.439 112379
0.449 112370
0.45 112347
0.695 112303
0.704 112282
0.705 112246
0.713 112219
0.715 112197
0.715 112194
0.72 112171
0.725 112142
0.726 112134
0.727 112127
0.731 112072
0.732 112071
0.733 112044
0.735 112038
0.771 112034
0.773 112021
0.773 112009
0.776 111969
0.783 111937
0.783 111899
0.783 111887
0.786 111880
0.792 111879
0.793 111862
0.795 111859
0.804 111856
0.807 111847
0.946 111833
0.949 111823
0.949 111812
0.951 111794
0.958 111768
0.96 111716
1.209 111688
1.211 111570
1.211 111565
1.213 111559
1.217 111531
1.309 111516
1.311 111500
1.312 111447
1.359 111446
1.388 111437
1.388 111434
1.394 111412
1.422 111342
1.439 111279
1.446 111211
1.447 111178
1.455 111174
1.457 111144
1.461 111113
2.758 111086
3.024 111053
3.037 111039
3.037 111024
3.039 111017
3.046 110932
3.051 110923
3.052 110884
3.053 110861
3.056 110856
3.056 110823
3.057 110813
3.058 110780
3.063 110691
3.067 110666
3.068 110664
3.073 110658
3.076 110644
4.45 110641
4.451 110640
4.452 110637
4.452 110625
4.452 110616
4.453 110613
4.457 110520
4.473 110502
4.474 110460
4.476 110429
4.486 110423
4.524 110421
4.525 110362
4.525 110357
4.528 110339
4.53 110338
4.532 110274
4.557 110236
15.694 110229
15.696 110225
15.697 110200
15.702 110154
15.709 110083
15.728 110079
15.743 110054
15.744 110007
20.306 110005
20.308 109996
20.308 109990
20.31 109974
20.31 109971
20.312 109964
20.313 109958
20.318 109954
20.321 109927
20.349 109915
20.358 109914
20.359 109865
20.362 109864
20.362 109858
20.382 109828
20.382 109819
20.384 109784
20.384 109688
20.384 109686
31.994 109672
31.995 109663
31.999 109658
33.726 109605
33.773 109602
33.78 109597
33.782 109596
33.783 109582
33.783 109577
33.805 109567
33.806 109533
33.806 109498
33.807 109491
33.912 109458
33.913 109450
40.271 109432
40.274 109367
40.275 109364
40.276 109363
40.28 109337
40.31 109326
40.31 109324
40.315 109306
40.325 109297
40.335 109280
40.339 109269
41.273 109235
41.28 109224
41.281 109223
41.282 109217
41.33 109210
41.393 109194
41.405 109193
41.427 109157
52.626 109144
52.633 109138
52.636 109112
53.69 109075
53.693 109064
53.735 109051
53.741 109045
53.755 109026
53.762 109021
53.763 109006
53.768 108970
53.808 108956
53.819 108937
61.025 108936
61.035 108931
61.039 108920
61.039 108911
61.04 108891
61.05 108878
61.054 108875
61.071 108870
61.072 108861
61.073 108797
75.249 108775
76.047 108770
76.106 108744
76.109 108720
76.112 108715
76.119 108705
76.12 108699
76.123 108698
76.173 108694
76.174 108693
76.33 108683
76.331 108677
82.696 108670
82.698 108665
82.702 108646
84.993 108616
85.116 108605
85.126 108598
85.13 108568
85.143 108561
85.155 108558
85.158 108546
85.158 108524
85.162 108520
104.823 108514
104.862 108488
104.947 108474
104.962 108449
104.963 108431
105.018 108373
112.987 108362
114.171 108339
121.431 108320
121.437 108312
121.44 108308
121.497 108294
121.502 108279
121.524 108269
121.592 108268
121.594 108247
121.595 108222
121.602 108210
121.664 108201
121.666 108183
121.668 108181
122.915 108176
123.547 108175
123.694 108158
123.699 108152
124.378 108137
124.437 108106
124.445 108101
124.445 108100
124.459 108095
124.462 108090
124.462 108069
124.468 108064
125.054 108053
125.056 108038
125.058 108032
125.086 108022
125.087 108019
125.103 108016
125.121 108013
125.122 107999
125.123 107996
130.421 107992
137.857 107986
138.155 107984
138.16 107975
138.17 107941
138.223 107927
138.224 107921
138.248 107917
138.249 107915
138.259 107912
148.741 107903
148.851 107875
148.859 107861
148.86 107856
152.501 107850
169.331 107837
169.332 107835
169.374 107826
169.389 107824
169.394 107821
169.406 107810
169.607 107809
169.708 107805
169.794 107800
169.835 107787
169.838 107785
169.845 107781
169.903 107763
170.264 107761
170.98 107744
170.998 107731
171.003 107727
171.004 107709
171.011 107708
171.06 107698
171.061 107685
172.542 107669
172.556 107652
172.776 107635
172.795 107630
172.799 107623
172.838 107618
172.839 107617
172.842 107611
172.853 107608
172.866 107595
174.636 107594
174.765 107592
179.077 107584
179.115 107583
179.131 107579
180.591 107577
180.594 107574
180.599 107572
180.601 107540
182.519 107536
182.531 107531
182.533 107505
182.536 107499
182.711 107479
182.83 107475
182.832 107468
182.835 107464
182.838 107463
182.869 107458
182.874 107455
182.88 107448
209.029 107433
216.857 107425
216.866 107409
216.899 107405
216.924 107402
216.926 107399
216.931 107395
216.932 107393
217.794 107387
217.801 107377
217.805 107373
217.809 107370
217.836 107369
218.837 107365
225.965 107361
227.252 107334
246.495 107324
246.811 107320
246.814 107317
247.269 107312
247.275 107311
247.278 107309
247.28 107305
247.284 107285
247.287 107279
247.386 107275
247.634 107266
250.558 107258
250.695 107255
250.701 107240
250.949 107236
251.169 107233
251.88 107232
251.899 107231
251.901 107229
251.918 107226
251.92 107222
252.244 107219
252.259 107216
252.27 107211
252.279 107207
255.935 107202
255.953 107193
267.825 107191
268.734 107185
268.774 107178
268.781 107173
268.785 107171
268.8 107170
268.879 107142
268.893 107139
268.934 107137
268.941 107131
268.943 107127
269.145 107124
269.164 107123
269.175 107111
269.185 107110
269.191 107085
269.193 107082
269.214 107074
273.875 107069
273.939 107066
275.101 107057
275.119 107048
279.492 107046
279.575 107044
279.596 107041
279.792 107038
279.794 107037
279.86 107031
282.398 107030
291.172 107026
291.173 107025
291.175 107024
291.182 107023
291.313 107021
291.314 107020
304.127 107018
304.143 107015
304.147 107014
304.259 107010
304.265 107009
304.64 107008
305.1 107007
305.142 107005
305.725 107002
305.938 106996
305.995 106993
307.43 106987
314.75 106975
314.753 106974
314.803 106971
324.704 106969
324.712 106968
324.814 106967
324.916 106964
325.452 106963
325.454 106960
333.333 106959
333.341 106957
333.364 106936
333.388 106934
333.568 106931
333.808 106929
334.104 106927
334.133 106924
335.326 106919
335.339 106913
335.344 106909
335.482 106907
335.492 106906
336.181 106897
339.818 106894
339.897 106888
343.214 106886
389.422 106884
