0.048 60991
0.048 60989
0.049 60978
0.05 60805
0.05 60802
0.051 60790
0.051 60761
0.052 60658
0.053 60646
0.054 60617
0.054 60616
0.055 60592
0.055 60590
0.055 60577
0.055 60567
0.056 60565
0.058 60553
0.058 60522
0.059 60485
0.06 60476
0.06 60427
0.061 60415
0.061 60338
0.062 60296
0.066 60276
0.066 60267
0.067 60261
0.07 60252
0.072 60241
0.073 60218
0.079 60217
0.08 60212
0.08 60205
0.081 60199
0.082 60148
0.082 60143
0.084 60142
0.085 60141
0.086 60132
0.089 60129
0.09 60123
0.093 60116
0.095 60107
0.098 60045
0.099 60042
0.11 60037
0.116 60026
0.117 60016
0.117 60015
0.123 59999
0.124 59998
0.124 59985
0.134 59943
0.148 59941
0.149 59935
0.15 59929
0.152 59913
0.153 59909
0.182 59899
0.182 59898
0.185 59882
0.185 59881
0.186 59869
0.187 59767
0.189 59763
0.189 59759
0.191 59744
0.192 59742
0.195 59736
0.197 59712
0.199 59705
0.2 59692
0.2 59685
0.245 59684
0.246 59678
0.246 59635
0.25 59623
0.252 59616
0.253 59597
0.255 59593
0.255 59590
0.258 59589
0.39 59249
0.407 59224
0.407 59178
0.412 59168
0.414 59153
0.417 59132
0.419 59117
0.433 59090
0.433 59084
0.436 59076
0.437 59060
0.442 59059
0.442 59057
0.449 59051
0.453 59045
0.49 59042
0.497 59024
0.499 59001
0.53 58982
0.53 58976
0.531 58975
0.531 58971
0.532 58970
0.543 58963
0.545 58962
0.546 58959
0.548 58957
0.549 58945
0.557 58911
0.558 58903
0.575 58895
0.576 58887
0.576 58870
0.581 58864
0.582 58861
0.583 58847
0.756 58770
0.757 58762
0.764 58747
0.766 58746
0.767 58726
0.769 58719
0.77 58717
0.78 58715
0.781 58709
0.796 58690
1.254 58657
1.26 58656
1.262 58653
1.266 58630
1.267 58612
1.269 58610
1.27 58607
1.273 58588
2.236 58586
2.238 58514
2.592 58459
2.594 58451
2.878 58427
2.884 58415
2.889 58360
2.891 58349
2.896 58325
2.897 58309
2.899 58307
2.906 58306
2.907 58300
2.913 58281
2.913 58272
2.914 58267
2.916 58257
2.918 58242
2.918 58238
3.093 57993
3.095 57954
3.111 57948
3.113 57946
3.114 57945
3.114 57926
3.423 57924
3.425 57883
3.43 57882
3.528 57867
3.531 57865
3.535 57822
3.589 57796
3.59 57793
3.598 57740
3.601 57733
3.601 57731
3.643 57723
3.643 57688
3.645 57687
3.647 57663
3.648 57634
4.288 57625
4.288 57606
4.292 57599
4.293 57590
4.296 57589
4.299 57583
4.94 57552
4.944 57539
4.946 57538
4.946 57532
4.947 57526
4.951 57521
4.952 57520
4.955 57517
4.96 57491
5.139 57444
5.141 57398
5.2 57382
5.202 57379
5.202 57367
5.21 57363
5.225 57362
10.546 57347
12.532 57317
13.869 57291
13.871 57252
13.871 57229
13.871 57182
13.876 57181
13.877 57177
13.878 57066
13.878 57052
13.991 57051
54.427 57048
54.427 57045
54.428 57044
54.428 57034
54.43 57032
54.431 57030
54.433 57023
54.439 57021
54.439 56993
56.955 56982
56.957 56977
56.957 56975
56.963 56968
56.964 56962
56.964 56935
56.965 56917
56.966 56914
56.967 56910
56.968 56906
57.089 56904
57.089 56896
57.092 56890
57.094 56861
58.575 56850
58.633 56828
62.111 56810
62.111 56794
62.112 56791
62.114 56776
62.12 56774
62.13 56767
75.523 56760
75.524 56758
75.525 56752
75.526 56689
75.53 56683
75.536 56664
75.537 56647
75.538 56620
116.44 56608
116.44 56604
116.441 56602
116.442 56594
116.444 56588
116.445 56586
116.446 56580
116.446 56570
116.448 56568
116.566 56564
116.577 56562
116.578 56548
116.581 56545
116.78 56527
117.326 56509
133.887 56506
133.888 56504
133.893 56500
133.894 56488
133.895 56486
138.206 56482
138.214 56478
138.218 56475
139.019 56472
139.019 56466
139.026 56460
139.03 56458
142.058 56455
142.065 56451
142.15 56446
152.32 56440
152.326 56423
154.226 56409
154.264 56408
154.27 56401
154.27 56400
154.271 56399
154.272 56398
154.272 56397
154.28 56388
154.282 56363
154.312 56350
154.312 56348
154.314 56346
154.319 56339
154.322 56333
154.324 56330
154.333 56326
154.338 56325
154.43 56316
157.075 56312
157.623 56306
157.624 56301
157.625 56300
157.747 56299
157.748 56297
157.759 56288
172.925 56286
172.942 56285
172.943 56272
172.963 56270
175.734 56259
175.734 56258
175.736 56253
178.144 56242
178.356 56237
178.376 56231
178.381 56220
178.594 56219
178.598 56218
178.612 56216
180.252 56204
180.273 56203
180.273 56198
180.439 56189
180.44 56174
180.442 56172
180.695 56170
180.701 56163
180.717 56160
180.719 56153
180.848 56151
180.86 56147
180.878 56140
181.381 56128
181.443 56123
181.449 56120
183.244 56114
183.296 56105
186.133 56103
186.134 56093
188.887 56089
188.888 56082
188.89 56079
188.892 56077
188.893 56076
189.283 56069
189.285 56068
189.293 56066
189.294 56058
189.329 56056
189.69 56055
189.831 56051
189.832 56050
189.841 56044
207.301 56041
207.528 56039
207.538 56030
207.544 56028
207.552 56026
207.554 56024
207.705 56013
207.719 55998
207.906 55995
207.91 55994
207.92 55990
265.644 55989
265.677 55986
265.695 55985
265.705 55983
265.717 55982
265.722 55981
265.733 55975
265.737 55971
285.996 55968
286 55967
286.019 55965
286.021 55960
286.021 55958
286.093 55956
286.101 55952
286.119 55947
286.121 55945
286.351 55943
286.367 55941
286.368 55940
286.754 55923
286.766 55921
286.812 55919
286.817 55916
286.829 55915
286.836 55910
319.945 55909
319.963 55905
321.352 55899
321.354 55898
321.38 55894
321.414 55888
321.619 55886
326.815 55885
326.828 55881
326.843 55873
326.87 55872
326.878 55870
353.201 55869
353.859 55865
355.931 55863
355.998 55862
356 55860
356.001 55859
356.013 55857
356.104 55856
356.143 55854
356.173 55853
356.203 55851
356.639 55846
356.664 55845
356.691 55844
356.695 55843
356.73 55842
380.385 55839
386.623 55838
389.366 55830
389.506 55829
389.583 55825
389.623 55824
389.79 55823
389.791 55820
390.551 55818
391.124 55812
391.136 55811
391.164 55810
391.178 55809
391.424 55806
391.612 55801
391.613 55800
396.226 55798
396.244 55796
396.323 55795
396.61 55793
398.343 55792
403.95 55791
404.081 55790
404.936 55788
407.031 55786
407.032 55784
407.184 55781
407.226 55780
416.205 55779
416.653 55778
416.657 55776
