0.041 48639
0.041 48619
0.042 48545
0.042 48520
0.043 48501
0.043 48471
0.044 48389
0.045 48333
0.046 48289
0.047 48286
0.048 48266
0.048 48265
0.049 48198
0.049 48191
0.05 48152
0.05 48148
0.051 48130
0.053 48126
0.053 48123
0.053 48090
0.054 48084
0.055 48063
0.055 48022
0.056 48007
0.057 47947
0.06 47935
0.062 47910
0.062 47870
0.065 47862
0.065 47842
0.066 47828
0.068 47827
0.07 47803
0.07 47767
0.071 47750
0.072 47721
0.072 47712
0.073 47683
0.075 47677
0.076 47622
0.076 47620
0.078 47600
0.079 47505
0.08 47486
0.083 47413
0.09 47410
0.095 47393
0.095 47390
0.096 47332
0.097 47309
0.098 47308
0.109 47307
0.109 47293
0.11 47292
0.11 47269
0.112 47263
0.113 47261
0.115 47223
0.118 47216
0.119 47198
0.119 47161
0.121 47092
0.13 47062
0.139 47011
0.139 47006
0.14 46945
0.141 46893
0.143 46813
0.144 46765
0.147 46759
0.149 46743
0.15 46742
0.15 46740
0.151 46734
0.152 46729
0.154 46719
0.154 46711
0.161 46692
0.162 46668
0.164 46640
0.165 46568
0.237 46564
0.238 46560
0.28 46544
0.283 46542
0.284 46517
0.284 46495
0.288 46478
0.29 46465
0.292 46461
0.305 46458
0.307 46457
0.322 46375
0.325 46372
0.33 46348
0.331 46338
0.332 46312
0.542 46308
0.893 46291
0.893 46273
0.894 46227
0.935 46223
0.94 46148
0.943 46139
0.947 46136
0.948 46112
0.951 46089
1.351 46033
1.351 46008
1.353 46006
1.354 46003
1.395 45960
1.396 45947
1.396 45926
1.408 45903
1.408 45882
1.417 45833
1.418 45831
1.419 45829
1.486 45822
1.488 45813
1.489 45796
1.5 45770
1.583 45729
1.584 45651
3.743 45637
3.744 45630
3.779 45611
3.779 45596
3.78 45568
3.781 45555
3.785 45529
3.795 45458
3.797 45455
3.801 45407
3.802 45393
3.804 45380
3.805 45377
3.841 45373
3.842 45372
3.844 45370
21.213 45368
21.214 45338
21.216 45331
21.216 45310
32.22 45276
32.221 45267
32.222 45233
32.227 45214
32.227 45189
32.231 45124
53.99 45122
53.991 45119
53.992 45080
53.995 45075
53.996 45068
53.997 45065
53.997 45062
54 45060
60.072 45035
60.073 45034
62.528 45028
62.539 45022
62.539 45011
62.541 44989
62.544 44969
62.544 44934
79.147 44932
79.154 44898
79.154 44880
79.156 44874
90.166 44867
100.699 44864
108.677 44863
108.68 44841
110.525 44832
110.526 44819
110.527 44795
110.528 44776
110.573 44772
113.642 44766
113.648 44759
113.651 44757
113.667 44756
113.691 44749
113.692 44713
113.703 44710
113.704 44706
113.709 44698
113.711 44686
113.715 44684
113.715 44681
113.721 44675
113.724 44673
113.725 44655
114.975 44652
114.99 44645
114.992 44630
114.992 44617
115.002 44605
115.005 44592
115.032 44583
115.035 44565
165.116 44552
165.118 44550
165.155 44543
172.119 44529
172.121 44522
172.126 44506
172.196 44499
172.209 44498
172.209 44493
172.218 44490
172.222 44478
172.223 44465
172.227 44462
172.232 44458
172.484 44450
172.49 44448
172.493 44439
172.51 44436
173.537 44408
175.834 44406
175.835 44389
194.08 44385
194.087 44377
194.103 44372
194.108 44360
196.357 44355
197.907 44315
197.908 44286
197.912 44284
197.915 44283
197.918 44280
197.922 44276
197.923 44255
197.933 44249
198.637 44242
198.637 44239
199.29 44238
199.298 44236
199.383 44225
199.393 44222
201.523 44217
201.532 44206
201.539 44205
201.859 44180
201.865 44173
201.865 44168
201.871 44167
201.962 44165
201.967 44164
237.307 44157
237.31 44156
237.313 44155
237.994 44151
238.008 44143
238.028 44141
238.041 44125
238.042 44124
238.06 44110
238.073 44108
238.09 44104
238.129 44098
238.129 44095
240.743 44093
240.745 44087
242.1 44084
242.1 44081
242.104 44079
246.597 44069
247.748 44067
247.753 44059
247.79 44054
248.057 44041
248.839 44037
249.242 44036
251.385 44035
252.033 44033
252.033 44026
252.051 44018
254.462 44013
254.463 44003
286.93 43998
287.386 43997
288.806 43992
289.831 43987
289.849 43982
293.764 43974
293.949 43969
327.755 43960
327.798 43955
327.811 43952
