0.05 38904
0.05 38857
0.051 38806
0.051 38792
0.052 38741
0.052 38737
0.053 38719
0.053 38698
0.054 38686
0.054 38587
0.055 38579
0.055 38549
0.055 38505
0.056 38475
0.056 38444
0.056 38430
0.057 38396
0.057 38394
0.057 38379
0.058 38360
0.059 38316
0.06 38301
0.06 38294
0.061 38255
0.061 38254
0.064 38232
0.065 38222
0.065 38215
0.066 38211
0.067 38204
0.068 38194
0.068 38000
0.069 37932
0.072 37929
0.072 37927
0.073 37896
0.077 37895
0.078 37877
0.079 37861
0.079 37851
0.08 37848
0.081 37846
0.081 37834
0.082 37787
0.082 37782
0.084 37730
0.084 37725
0.084 37708
0.089 37697
0.09 37695
0.092 37670
0.13 37667
0.131 37660
0.155 37658
0.155 37649
0.155 37642
0.235 37580
0.235 37572
0.24 37559
0.24 37525
0.255 37508
0.288 37507
0.289 37481
0.293 37419
0.295 37411
0.298 37390
0.299 37359
0.309 37347
0.31 37302
0.311 37300
0.312 37286
0.313 37282
0.455 37278
0.464 37259
0.732 37204
0.732 37192
0.736 37150
0.738 37124
0.739 37040
0.742 36982
0.841 36969
0.843 36941
0.845 36934
0.845 36916
0.85 36910
0.851 36899
0.852 36896
0.853 36884
0.854 36875
0.95 36862
0.95 36847
0.957 36813
0.957 36752
0.957 36743
1.772 36731
2.093 36716
2.094 36695
2.095 36636
2.096 36635
2.097 36606
2.098 36593
2.099 36584
2.105 36522
2.106 36487
2.107 36469
2.11 36443
2.111 36440
2.112 36431
2.112 36425
2.113 36391
5.673 36353
10.435 36349
10.436 36347
10.436 36331
10.439 36330
10.758 36329
10.759 36324
10.764 36311
10.776 36307
10.777 36294
10.78 36269
10.782 36229
25.641 36210
25.772 36196
25.775 36195
25.775 36177
37.136 36164
37.139 36162
37.14 36160
37.143 36156
37.145 36150
37.145 36137
54.106 36127
55.64 36126
61.381 36109
67.676 36068
69.307 36059
69.307 36027
69.32 36018
69.341 35986
73.782 35981
73.789 35977
73.791 35973
73.793 35940
73.803 35919
73.809 35917
73.813 35914
73.814 35905
73.851 35891
73.853 35890
73.855 35871
73.897 35870
73.899 35851
74.621 35833
98.323 35800
98.323 35789
98.324 35788
98.327 35745
102.734 35735
102.735 35727
102.736 35722
102.784 35721
103.226 35719
103.229 35684
103.235 35672
103.874 35642
103.875 35635
103.878 35624
103.88 35585
103.883 35578
116.696 35568
116.71 35557
116.711 35552
154.429 35550
154.451 35549
154.456 35547
154.459 35534
154.475 35526
158.017 35524
158.02 35519
165.719 35518
165.725 35517
177.112 35516
177.132 35496
177.18 35494
177.187 35493
177.191 35491
183.684 35487
183.713 35481
185.117 35471
185.124 35470
185.234 35459
185.239 35456
185.243 35449
185.246 35442
185.247 35437
185.262 35428
190.382 35410
190.979 35406
191.003 35404
191.02 35399
191.078 35393
191.079 35392
191.082 35391
191.086 35389
191.087 35388
191.091 35379
191.104 35375
191.114 35374
191.117 35373
193.317 35372
193.318 35371
193.327 35367
193.329 35362
193.364 35356
217.85 35353
236.647 35350
236.691 35347
236.694 35346
236.742 35335
236.839 35322
237.108 35320
237.117 35318
246.926 35314
247.566 35308
247.57 35306
247.9 35301
247.901 35284
247.943 35283
251.932 35282
255.454 35281
255.475 35276
255.488 35275
255.617 35274
267.024 35269
267.029 35267
267.054 35264
267.25 35260
267.251 35252
267.272 35250
267.275 35248
271.389 35245
288.687 35236
288.738 35234
289.186 35232
289.21 35230
289.394 35228
289.422 35227
289.43 35226
289.711 35221
289.861 35219
289.918 35218
300.409 35217
302.908 35215
302.912 35211
330.181 35209
331.193 35206
331.373 35204
331.636 35197
331.778 35195
331.837 35193
333.845 35185
333.962 35183
355.453 35182
355.458 35180
355.465 35177
355.488 35175
