0.053 187880
0.054 187847
0.055 187630
0.056 187581
0.056 187576
0.059 187521
0.059 187519
0.06 187410
0.06 187399
0.062 187397
0.063 187393
0.063 187366
0.063 187361
0.064 187342
0.066 187329
0.066 187280
0.067 187264
0.068 187139
0.071 187072
0.071 187038
0.072 186885
0.073 186710
0.074 186708
0.075 186689
0.075 186687
0.076 186654
0.076 186644
0.088 186577
0.092 186334
0.092 186032
0.093 186003
0.093 185994
0.094 185988
0.105 185866
0.105 185865
0.106 185845
0.107 185838
0.108 185830
0.122 185805
0.133 185770
0.135 185766
0.136 185736
0.141 185681
0.143 185674
0.143 185616
0.145 185546
0.146 185542
0.146 185507
0.148 185498
0.151 185469
0.152 185464
0.155 185360
0.155 185320
0.156 185218
0.162 185215
0.163 185139
0.164 185131
0.176 185112
0.176 185091
0.178 185031
0.181 185004
0.2 184934
0.201 184919
0.205 184905
0.205 184764
0.209 184760
0.209 184751
0.21 184732
0.211 184676
0.212 184672
0.217 184665
0.222 184590
0.223 184589
0.228 184350
0.242 184348
0.242 184347
0.243 184338
0.243 184333
0.245 184270
0.25 184257
0.252 184176
0.261 184173
0.261 184171
0.264 184152
0.273 184111
0.275 184074
0.276 184052
0.278 184037
0.286 183967
0.287 183854
0.29 183748
0.29 183746
0.292 183738
0.293 183716
0.297 183670
0.512 183636
0.522 183501
0.539 183475
0.541 183442
0.548 183425
0.556 183393
0.558 183389
0.563 183379
0.564 183377
0.565 183321
0.566 183307
0.572 183265
0.572 183142
0.576 183135
0.577 183126
0.581 183123
0.614 183110
0.633 183085
0.638 183080
0.64 183071
0.642 183053
0.645 183045
0.647 183025
0.652 183014
0.655 182991
0.659 182986
0.673 182961
0.713 182911
0.714 182893
0.717 182858
0.718 182846
1.573 182812
1.59 182803
1.601 182761
1.602 182751
1.619 182734
1.62 182732
1.622 182645
1.65 182616
1.65 182580
1.651 182553
1.652 182549
1.653 182548
1.661 182529
1.664 182518
1.668 182452
1.669 182427
1.67 182391
1.676 182390
1.686 182368
1.707 182365
1.709 182364
1.717 182357
1.717 182353
1.73 182343
1.736 182321
1.736 182316
1.843 182312
1.844 182236
1.85 182225
1.854 182209
1.86 182198
2.786 182168
2.788 182152
2.791 182087
2.792 182084
2.795 181994
2.795 181849
2.8 181835
2.808 181831
2.81 181802
2.822 181758
2.824 181746
2.829 181712
2.831 181708
2.836 181691
2.839 181676
3.051 181580
3.282 181563
3.298 181553
3.302 181539
3.315 181512
3.316 181506
3.316 181493
3.317 181491
3.322 181486
3.324 181475
3.324 181462
3.325 181439
3.326 181408
3.439 181353
3.45 181351
4.7 181292
4.755 181275
4.756 181255
4.764 181243
4.798 181212
4.807 181206
4.808 181205
4.846 181193
4.85 181181
4.852 181170
4.855 181124
5.222 181089
5.292 181075
5.305 181065
5.307 181054
5.321 181050
5.369 181044
5.37 181043
5.373 181042
5.376 180976
6.42 180975
6.422 180971
6.432 180875
6.433 180865
6.435 180827
6.438 180768
6.439 180733
6.441 180703
6.441 180694
6.442 180657
6.443 180646
6.444 180636
6.446 180619
6.454 180610
6.482 180605
6.483 180596
6.572 180592
6.634 180582
6.637 180578
6.642 180569
6.642 180565
6.658 180559
6.658 180532
6.664 180502
6.665 180449
6.669 180448
6.669 180427
6.803 180424
6.811 180410
6.812 180387
6.817 180386
7.171 180370
7.179 180368
7.185 180365
7.186 180357
7.187 180351
7.203 180316
7.289 180289
7.291 180258
7.293 180257
7.316 180254
8.886 180233
9.459 180231
9.866 180180
9.866 180117
9.878 180107
10.859 180072
10.951 180056
10.954 180051
10.955 180031
10.963 179999
10.964 179997
10.965 179987
12.529 179984
12.533 179968
15.833 179920
15.909 179919
15.91 179914
15.912 179901
15.914 179876
15.918 179863
15.922 179834
15.942 179819
15.944 179814
15.974 179764
17.712 179756
17.712 179722
17.713 179720
17.714 179694
22.311 179680
22.358 179678
22.359 179665
22.361 179656
22.363 179641
22.975 179612
22.979 179602
22.989 179574
26.513 179556
26.518 179544
26.525 179525
26.533 179487
26.535 179481
26.536 179432
26.537 179406
26.539 179404
26.539 179400
26.542 179399
26.544 179397
26.545 179296
32.516 179295
32.522 179268
33.165 179266
33.169 179254
33.169 179253
37.727 179241
37.729 179240
37.733 179233
37.756 179210
37.757 179202
37.802 179196
37.836 179193
37.839 179178
39.159 179161
39.163 179145
39.169 179126
39.171 179101
39.175 178978
39.177 178956
39.375 178953
39.377 178939
40.456 178912
40.457 178902
40.465 178896
40.847 178891
40.866 178886
40.868 178880
40.879 178876
43.694 178864
43.698 178846
43.7 178837
43.701 178831
43.714 178822
62.315 178821
62.318 178814
65.12 178810
65.127 178802
65.176 178788
69.256 178781
69.295 178778
69.379 178775
69.415 178727
69.47 178725
69.471 178710
69.473 178694
69.478 178690
69.483 178684
69.485 178675
69.491 178632
73.493 178627
73.494 178615
73.962 178610
73.962 178601
73.963 178595
74.082 178591
74.097 178584
74.172 178573
74.175 178571
74.177 178558
74.187 178550
74.188 178541
74.347 178531
74.363 178474
74.373 178457
74.38 178430
74.381 178421
79.926 178387
79.941 178375
79.941 178357
79.946 178356
80.295 178350
80.335 178320
80.349 178293
80.358 178266
80.4 178260
80.405 178249
97.274 178246
98.12 178241
98.123 178228
98.129 178216
98.131 178204
98.133 178202
98.146 178197
98.156 178185
98.162 178169
98.696 178160
98.7 178151
98.761 178150
99.387 178144
99.51 178138
99.512 178109
99.631 178090
99.646 177901
99.651 177899
99.971 177886
99.977 177881
101.002 177879
101.014 177846
101.015 177824
101.015 177816
114.068 177797
114.07 177768
114.19 177765
114.191 177762
114.202 177757
114.205 177753
114.207 177724
114.212 177722
114.22 177711
114.227 177706
114.236 177696
114.253 177656
114.266 177651
114.304 177649
114.307 177633
119.862 177626
119.865 177619
119.867 177609
119.871 177605
119.891 177598
119.892 177593
119.896 177551
119.94 177550
119.941 177549
119.951 177541
120.026 177536
120.03 177528
120.032 177525
120.071 177476
120.084 177471
120.085 177465
120.215 177464
120.219 177460
144.996 177457
145 177451
157.974 177446
157.974 177437
158.026 177413
158.558 177397
158.579 177373
158.586 177372
158.77 177347
158.77 177341
159.21 177309
159.211 177308
159.213 177303
159.221 177298
159.377 177292
159.379 177288
159.386 177285
159.387 177276
159.417 177273
168.137 177271
168.148 177258
168.151 177249
168.174 177243
168.2 177238
168.201 177231
168.758 177223
177.088 177222
177.09 177220
177.091 177204
177.101 177203
177.133 177198
177.176 177195
177.184 177181
177.185 177177
177.204 177176
177.205 177134
177.449 177133
177.455 177131
177.475 177125
177.492 177120
177.493 177117
177.495 177116
177.501 177055
177.512 177048
177.519 177043
181.044 177041
181.075 177017
181.08 177011
181.092 177003
181.097 177000
195.159 176997
195.163 176996
195.168 176968
195.175 176963
196.623 176961
196.776 176953
196.788 176948
204.339 176934
204.401 176932
204.401 176931
204.466 176930
205.473 176923
205.525 176909
206.265 176907
208.314 176903
208.328 176893
208.33 176861
209.815 176860
209.835 176851
209.851 176804
217.158 176793
217.16 176791
217.29 176787
220.992 176775
221.101 176774
221.103 176768
221.127 176733
221.286 176731
221.286 176704
221.365 176692
231.915 176691
231.921 176688
232.088 176687
232.119 176681
232.135 176670
232.4 176662
232.402 176651
232.433 176650
232.44 176648
232.473 176639
237.805 176609
237.821 176608
253.425 176583
253.434 176578
255.082 176576
255.105 176573
255.154 176570
256.007 176565
256.017 176558
256.568 176556
256.801 176549
256.883 176548
294.389 176540
294.404 176536
294.448 176526
294.464 176524
294.482 176523
294.534 176522
294.534 176520
294.544 176518
294.641 176517
295.692 176516
295.736 176509
295.737 176508
300.842 176506
300.845 176505
300.866 176502
309.883 176499
309.889 176485
311.711 176480
311.749 176478
312.159 176476
319.407 176475
322.079 176470
322.086 176469
322.103 176467
322.258 176465
322.37 176463
331.37 176459
332.612 176458
333.916 176449
334 176443
334.02 176440
334.025 176437
334.392 176436
334.458 176432
352.12 176423
352.189 176422
370.837 176418
372.989 176417
376.301 176414
