0.053 187779
0.054 187746
0.055 187297
0.055 187276
0.056 187257
0.057 187240
0.059 187216
0.06 187094
0.06 187087
0.064 187032
0.064 187014
0.065 187003
0.066 186979
0.066 186952
0.067 186928
0.067 186926
0.068 186898
0.069 186878
0.07 186874
0.07 186793
0.071 186751
0.072 186736
0.072 186731
0.073 186713
0.079 186706
0.08 186700
0.082 186631
0.107 186383
0.114 186378
0.114 186364
0.147 186349
0.149 186292
0.15 186288
0.152 186275
0.174 186244
0.175 186226
0.177 186148
0.178 186146
0.183 186008
0.187 185915
0.193 185910
0.194 185828
0.196 185799
0.227 185795
0.229 185713
0.231 185669
0.232 185618
0.246 185571
0.255 185564
0.256 185559
0.257 185509
0.258 185361
0.258 185331
0.259 185327
0.28 185307
0.307 185292
0.315 185285
0.317 185278
0.324 185254
0.325 185242
0.327 185212
0.328 185142
0.332 185108
0.334 185061
0.344 185040
0.348 185032
0.348 185026
0.349 184971
0.353 184918
0.354 184910
0.356 184873
0.37 184867
0.385 184771
0.406 184762
0.409 184755
0.414 184709
0.415 184706
0.416 184705
0.416 184690
0.419 184665
0.421 184569
0.423 184526
0.431 184508
0.439 184481
0.454 184478
0.459 184435
0.46 184432
0.461 184406
0.466 184385
0.468 184377
0.469 184362
0.471 184310
0.471 184308
0.474 184302
0.479 184210
0.481 184191
0.482 184160
0.493 184152
0.5 184117
0.511 184071
0.514 184046
0.517 184027
0.522 183985
0.523 183947
0.525 183911
0.529 183897
0.533 183850
0.536 183844
0.573 183842
0.575 183841
0.576 183837
0.579 183835
0.581 183821
0.582 183819
0.585 183741
0.586 183723
0.625 183720
0.807 183694
0.808 183691
0.81 183679
0.861 183620
0.862 183599
0.87 183580
0.994 183579
1.007 183536
1.013 183458
1.014 183444
1.028 183371
1.033 183346
1.071 183335
1.136 183307
1.144 183294
1.2 183288
1.215 183242
1.217 183222
1.222 183133
1.224 183072
1.224 182973
1.225 182943
1.296 182914
1.323 182896
1.324 182808
1.329 182794
1.355 182769
1.369 182740
1.375 182709
1.379 182697
1.379 182641
1.38 182509
1.383 182502
1.384 182489
1.385 182477
1.39 182413
2.18 182402
2.182 182353
2.458 182312
2.462 182310
2.464 182307
2.465 182271
2.475 182263
2.487 182255
2.502 182185
2.504 182173
2.508 182171
2.508 182125
2.54 182103
2.541 182098
2.548 182055
2.565 182042
2.57 182034
2.572 181938
2.575 181937
2.582 181923
2.588 181885
2.589 181874
2.59 181863
2.591 181850
2.746 181845
2.749 181831
2.749 181813
2.761 181804
2.768 181801
2.774 181788
2.774 181787
2.777 181779
2.782 181769
2.782 181737
2.786 181729
2.787 181714
2.789 181674
2.791 181627
3.277 181625
3.278 181608
3.28 181605
3.281 181601
4.039 181588
4.046 181580
4.046 181576
4.047 181565
4.049 181540
4.051 181537
4.058 181500
4.068 181484
4.071 181479
4.082 181462
4.082 181450
4.087 181430
4.088 181404
4.088 181363
4.089 181349
5.031 181311
5.037 181310
5.039 181252
5.041 181251
5.066 181187
5.07 181174
5.749 181125
5.755 181053
5.759 181003
5.759 180933
5.77 180918
5.771 180888
5.774 180861
5.79 180850
5.791 180831
5.795 180757
5.808 180753
5.824 180751
5.925 180693
5.926 180690
5.929 180677
5.931 180674
5.932 180659
6.063 180654
6.092 180648
6.1 180639
6.116 180629
6.119 180622
6.124 180575
6.126 180520
6.13 180514
6.132 180507
6.133 180501
6.135 180496
6.137 180466
6.141 180420
6.153 180418
10.246 180417
10.251 180402
10.255 180388
10.261 180386
10.266 180369
11.393 180365
11.395 180357
11.395 180329
11.396 180323
11.398 180306
11.403 180297
11.593 180289
11.596 180284
11.597 180247
11.598 180200
11.602 180193
11.603 180189
11.605 180184
11.615 180180
11.616 180175
11.619 180171
11.621 180145
11.624 180144
11.624 180143
12.002 180135
12.004 180123
12.006 180120
12.012 180088
12.066 180075
12.104 180071
12.113 180067
12.228 180019
12.236 180015
12.314 180010
12.317 179977
12.358 179976
12.361 179899
12.717 179895
12.718 179819
12.788 179790
12.861 179762
12.871 179736
12.871 179731
12.875 179723
12.876 179696
12.876 179670
12.878 179663
12.903 179660
15.001 179657
15.25 179646
15.258 179645
15.33 179627
15.36 179615
16.229 179588
16.364 179585
16.365 179577
16.374 179571
16.376 179549
16.377 179520
16.381 179510
17.027 179497
17.121 179491
17.122 179453
17.186 179436
17.188 179431
17.208 179413
17.214 179406
17.245 179405
17.268 179404
17.273 179400
17.277 179393
17.29 179384
17.294 179383
17.361 179381
17.361 179378
17.363 179374
17.378 179334
17.386 179331
17.387 179301
17.389 179282
17.396 179267
36.478 179261
36.481 179246
37.733 179242
37.74 179210
38.741 179193
38.744 179189
38.794 179179
38.796 179116
38.833 179113
38.835 179095
38.837 179061
38.839 179052
38.845 179029
73.592 179027
73.648 179014
73.65 179011
73.652 178995
73.657 178954
73.664 178942
73.671 178913
73.675 178880
73.679 178873
73.681 178858
73.682 178857
73.783 178846
73.789 178834
73.795 178826
73.803 178819
73.805 178815
73.903 178800
73.939 178770
73.939 178764
73.94 178744
73.949 178705
74.263 178688
78.668 178652
78.671 178631
78.673 178627
78.677 178614
78.681 178609
78.688 178606
83.178 178595
83.183 178591
83.187 178590
83.192 178588
83.193 178585
83.196 178574
83.201 178554
83.205 178541
84.719 178537
84.724 178528
84.728 178487
84.733 178482
84.735 178439
84.742 178431
84.769 178424
84.774 178421
85.315 178413
85.317 178411
85.344 178403
85.346 178394
85.353 178388
85.373 178383
85.538 178382
85.539 178371
85.583 178347
85.599 178340
85.601 178335
85.658 178333
85.665 178329
85.667 178308
85.674 178287
85.676 178257
85.678 178250
85.678 178234
85.693 178233
85.714 178217
85.861 178204
85.861 178199
86.876 178198
87.572 178194
87.583 178169
87.586 178168
87.587 178159
126.241 178156
128.148 178152
128.244 178129
128.245 178120
128.255 178108
128.256 178107
128.274 178097
128.283 178093
128.288 178092
128.409 178084
128.411 178075
128.588 178070
128.595 178036
128.6 178029
128.608 178018
128.608 178013
128.61 178002
128.893 177992
129.899 177983
129.901 177977
130.381 177965
130.66 177957
130.662 177956
131.044 177945
131.491 177944
131.545 177932
131.664 177923
131.666 177911
131.668 177867
131.672 177859
132.389 177853
132.392 177850
132.442 177833
132.443 177824
132.479 177815
132.489 177810
132.512 177794
132.516 177788
132.668 177748
132.802 177703
132.813 177687
132.815 177678
146.164 177677
146.617 177664
147.315 177659
147.333 177652
147.364 177615
161.13 177612
161.189 177607
161.189 177601
162.897 177597
162.923 177594
164.339 177575
165.375 177560
165.388 177557
165.972 177544
165.975 177497
165.98 177496
165.992 177486
165.994 177473
165.994 177471
165.994 177455
170.255 177447
174.288 177438
174.358 177412
174.36 177410
174.365 177392
174.385 177385
174.62 177383
174.64 177375
174.643 177372
174.97 177359
174.976 177347
174.982 177344
175.013 177342
178.264 177338
178.265 177329
178.322 177325
178.323 177298
178.332 177294
180.099 177281
180.108 177277
184.48 177275
184.492 177251
184.492 177248
184.507 177213
184.513 177203
184.514 177197
185.499 177169
185.516 177166
185.576 177165
185.586 177162
185.586 177141
185.606 177138
185.615 177124
185.62 177122
185.646 177114
185.651 177103
185.8 177102
187.069 177100
187.081 177080
187.082 177078
187.082 177071
187.087 177070
187.093 177067
187.125 177066
207.696 177051
207.699 177040
207.706 177036
207.711 177018
207.734 176999
209.222 176997
209.236 176995
209.29 176975
209.298 176951
209.302 176948
209.322 176946
211.48 176943
211.487 176939
211.797 176922
211.832 176917
211.853 176904
211.859 176900
211.915 176899
211.939 176895
211.941 176874
211.943 176872
211.964 176863
213.02 176856
213.284 176844
213.296 176843
213.301 176832
213.313 176827
213.325 176823
213.378 176799
213.393 176794
228.075 176785
228.175 176775
228.311 176760
236.691 176755
236.88 176746
237.581 176745
237.623 176744
237.656 176738
237.674 176734
245.053 176720
246.853 176714
246.857 176705
246.866 176700
246.876 176696
246.877 176693
246.884 176690
248.348 176683
248.685 176673
259.165 176670
259.167 176666
260.993 176658
261.048 176651
261.093 176648
261.095 176641
261.107 176640
261.135 176636
261.154 176632
261.449 176626
261.454 176621
261.462 176620
261.469 176619
261.512 176618
261.513 176611
261.579 176609
261.604 176608
262.334 176595
291.809 176593
291.826 176591
291.829 176588
292.154 176583
292.157 176576
292.165 176573
292.175 176566
292.189 176550
292.205 176548
292.237 176544
292.24 176540
292.244 176538
292.245 176531
292.558 176527
292.56 176525
292.66 176524
292.68 176522
292.729 176521
303.28 176520
308.445 176513
308.455 176511
308.458 176508
308.502 176501
313.439 176493
313.441 176490
313.457 176487
313.504 176486
321.386 176483
321.396 176479
322.962 176476
323.646 176469
323.649 176466
334.219 176465
334.457 176463
334.602 176457
334.626 176456
334.878 176451
334.9 176450
337.993 176446
337.995 176431
338.01 176428
338.054 176426
338.07 176421
338.07 176419
338.132 176415
338.138 176410
338.162 176408
338.164 176405
338.17 176393
347.119 176391
347.132 176388
394.405 176387
394.41 176385
399.863 176381
