0.053 187904
0.053 187902
0.054 187670
0.054 187657
0.055 187609
0.055 187594
0.056 187461
0.057 187331
0.057 187321
0.058 187311
0.059 187303
0.06 187226
0.061 187190
0.065 187181
0.066 187175
0.067 187042
0.068 186918
0.07 186897
0.077 186841
0.078 186785
0.08 186782
0.08 186777
0.082 186768
0.083 186739
0.087 186667
0.087 186642
0.092 186611
0.101 186601
0.106 186391
0.107 186385
0.107 186341
0.11 186312
0.111 186307
0.113 186130
0.124 186129
0.126 186122
0.126 186108
0.127 186097
0.128 185908
0.128 185900
0.13 185893
0.131 185797
0.134 185788
0.159 185773
0.161 185763
0.163 185749
0.163 185722
0.166 185721
0.167 185687
0.169 185667
0.171 185641
0.205 185545
0.206 185507
0.211 185480
0.219 185478
0.222 185477
0.223 185471
0.224 185445
0.224 185435
0.226 185400
0.23 185393
0.231 185390
0.233 185389
0.256 185340
0.293 185337
0.293 185320
0.297 185312
0.31 185188
0.318 185185
0.356 185073
0.362 185041
0.376 184946
0.376 184878
0.382 184814
0.391 184794
0.393 184763
0.406 184701
0.406 184700
0.465 184689
0.467 184680
0.47 184652
0.474 184636
0.476 184631
0.486 184611
0.487 184598
0.518 184557
0.519 184509
0.521 184504
0.523 184468
0.532 184398
0.571 184355
0.575 184333
0.58 184320
0.581 184263
0.585 184252
0.586 184212
0.588 184191
0.589 184177
0.592 184166
0.599 184150
0.603 184134
0.608 184114
0.609 184109
0.62 184105
0.622 184084
0.673 184076
0.676 184070
0.677 184055
0.679 184045
0.681 184035
0.686 184005
0.687 183996
0.689 183969
0.691 183968
0.692 183966
0.7 183903
0.702 183833
0.702 183825
0.705 183760
0.709 183720
0.709 183712
0.711 183699
0.715 183698
1.135 183697
1.162 183652
1.163 183644
1.164 183627
1.333 183555
1.335 183517
1.343 183479
1.344 183459
1.345 183458
1.346 183436
1.348 183431
1.35 183426
1.361 183408
1.362 183401
1.365 183400
1.366 183374
1.367 183350
1.589 183339
1.591 183273
1.63 183250
1.636 183159
1.715 183127
1.717 183106
1.968 183104
2.046 183062
2.12 183042
2.121 183038
2.125 183034
2.127 182990
2.189 182983
2.19 182973
2.195 182913
2.216 182907
2.217 182803
2.556 182724
2.559 182693
2.632 182684
2.641 182671
2.645 182607
2.647 182606
2.654 182600
2.655 182590
2.657 182578
2.658 182559
2.661 182493
2.716 182449
2.721 182443
2.726 182393
2.839 182363
2.844 182304
2.845 182299
2.914 182298
2.914 182275
2.915 182272
2.924 182255
2.924 182254
2.925 182250
2.928 182216
2.932 182203
2.952 182180
2.953 182172
3.312 182171
3.332 182146
3.333 182125
3.337 182110
3.35 182090
3.353 182063
3.354 181983
3.369 181963
3.371 181962
3.372 181928
3.373 181894
3.373 181887
3.375 181875
3.379 181870
3.385 181816
3.392 181811
3.615 181787
3.619 181779
3.621 181755
3.623 181749
3.695 181732
3.698 181683
3.707 181675
5.052 181667
5.072 181659
5.073 181539
5.087 181509
5.104 181476
5.106 181465
5.179 181429
5.342 181419
5.343 181396
5.348 181357
5.385 181342
5.401 181337
5.401 181334
5.724 181331
6.78 181290
6.793 181234
6.796 181222
6.842 181122
6.843 181116
6.85 181110
6.853 181102
6.858 181095
6.859 181084
6.861 181081
7.013 181042
7.013 181018
7.029 181015
7.046 181011
7.074 181010
7.074 180993
7.075 180977
7.691 180970
7.698 180928
7.703 180887
7.706 180846
9.669 180829
9.787 180803
9.879 180791
9.879 180787
9.879 180780
9.881 180745
9.885 180732
9.891 180714
9.898 180686
9.9 180680
9.908 180676
9.921 180621
9.927 180613
9.938 180590
9.95 180588
9.951 180586
9.959 180575
9.96 180518
9.962 180496
9.967 180488
9.997 180481
10.015 180480
12.251 180447
12.252 180382
12.254 180332
12.258 180286
12.27 180281
12.293 180278
12.448 180263
12.459 180257
12.459 180243
12.468 180228
12.47 180221
12.479 180196
12.629 180157
12.637 180156
12.638 180113
12.642 180016
12.644 180012
12.69 179987
12.704 179975
12.705 179974
12.712 179971
12.723 179939
13.032 179798
13.04 179794
13.043 179769
13.044 179767
13.045 179725
13.084 179706
15.729 179695
15.737 179658
15.85 179651
15.863 179643
15.868 179633
15.909 179623
16.059 179592
16.063 179584
16.093 179582
16.097 179575
16.098 179543
16.101 179500
16.113 179475
16.115 179454
16.122 179449
16.124 179417
16.132 179401
16.138 179392
16.188 179366
16.192 179336
16.199 179325
16.209 179319
16.212 179300
16.28 179298
16.297 179291
16.298 179289
16.308 179276
18.728 179274
38.641 179273
38.651 179250
38.705 179246
38.847 179226
38.852 179221
38.854 179214
38.857 179154
38.91 179152
38.915 179125
38.916 179104
39.133 179102
39.145 179094
39.147 179090
39.169 179043
39.17 179041
39.174 178917
39.174 178894
39.19 178891
58.441 178887
58.696 178878
58.701 178876
58.702 178856
58.721 178831
58.722 178830
58.829 178776
58.834 178774
58.838 178770
58.851 178759
58.983 178755
58.986 178744
58.992 178743
58.995 178730
58.996 178720
58.996 178710
59 178704
59.004 178691
59.006 178689
59.007 178686
59.011 178683
59.034 178662
59.035 178652
59.038 178651
59.039 178644
59.122 178641
59.124 178640
59.125 178614
59.164 178582
68.735 178577
68.745 178568
68.746 178561
68.749 178558
68.761 178544
68.766 178542
70.653 178534
70.669 178509
70.96 178505
70.968 178503
70.97 178499
70.97 178496
71.021 178489
71.022 178487
71.023 178484
71.024 178467
85.137 178433
85.139 178425
85.142 178405
89.947 178354
89.949 178347
89.965 178346
89.966 178318
89.971 178307
89.978 178301
89.985 178289
89.988 178277
90.006 178268
90.007 178266
90.008 178262
90.009 178261
90.273 178254
90.275 178252
90.281 178246
90.302 178244
90.303 178235
90.321 178226
90.322 178223
90.332 178216
90.333 178211
90.338 178207
90.362 178200
90.369 178199
90.372 178191
91.076 178187
91.076 178181
91.078 178178
91.079 178177
91.084 178172
93.887 178147
93.898 178137
93.916 178134
93.925 178133
93.927 178131
93.999 178128
94.004 178111
94.005 178085
94.008 178068
94.01 178037
94.016 178036
94.02 177990
94.023 177988
94.039 177975
94.048 177958
94.051 177939
94.056 177936
118.405 177932
118.423 177931
118.455 177836
118.471 177834
118.475 177816
118.476 177809
118.488 177797
122.723 177781
122.777 177778
122.783 177774
122.811 177770
122.849 177766
122.852 177753
122.858 177729
122.998 177715
123.019 177705
123.033 177692
123.035 177663
123.043 177660
123.046 177646
123.058 177623
123.069 177621
123.069 177611
123.123 177599
123.158 177575
128.756 177566
128.757 177565
128.764 177548
128.769 177547
128.772 177545
128.874 177540
128.877 177529
128.88 177528
128.994 177520
129.004 177518
129.013 177515
129.014 177513
129.018 177508
129.032 177502
129.036 177488
129.052 177487
129.054 177474
129.057 177471
129.063 177469
129.137 177466
129.141 177462
129.944 177430
130.067 177411
130.067 177404
130.069 177402
130.07 177387
152.773 177364
157.658 177363
157.68 177357
157.723 177352
157.731 177332
157.79 177326
157.817 177325
158.211 177320
158.213 177317
158.263 177303
158.271 177285
158.273 177279
158.275 177224
163.237 177223
163.258 177217
163.259 177210
163.263 177206
163.426 177187
165.278 177184
165.284 177182
165.305 177181
166.748 177174
166.758 177171
166.781 177168
166.782 177164
169.813 177156
169.816 177155
169.855 177129
169.857 177102
188.351 177075
188.376 177040
188.387 177037
188.749 177031
192.68 177024
192.73 177022
192.74 177006
192.743 177000
206.708 176997
206.723 176987
206.797 176986
206.8 176985
206.805 176984
206.827 176983
206.834 176980
207.465 176974
209.271 176961
215.903 176945
215.906 176944
215.907 176932
215.932 176913
216.062 176897
216.064 176894
216.071 176893
216.072 176890
221.677 176883
222.008 176877
222.015 176876
222.029 176874
222.033 176869
222.071 176861
222.082 176851
222.084 176848
222.085 176830
222.086 176815
237.33 176810
237.333 176807
237.354 176806
237.367 176800
243.85 176796
243.856 176795
243.866 176787
264.103 176782
264.142 176781
264.564 176779
264.783 176774
264.789 176773
264.877 176772
264.982 176759
264.989 176758
265.053 176757
265.054 176754
277.956 176751
281.154 176748
281.166 176741
281.185 176736
281.311 176735
281.457 176730
281.464 176728
281.532 176708
281.586 176702
293.962 176699
294.142 176698
294.154 176696
294.158 176695
294.26 176694
294.349 176690
294.354 176687
294.358 176686
297.208 176679
297.212 176672
309.524 176667
315.598 176666
315.626 176662
315.628 176661
316.246 176659
316.27 176653
316.354 176650
316.421 176642
317.049 176641
317.105 176638
330.895 176633
330.936 176632
334.723 176625
334.837 176624
334.936 176623
341.363 176622
341.569 176616
344.878 176615
351.927 176608
351.989 176605
411.055 176603
411.345 176600
