0.004 1306.36
0.004 1301.21
0.004 1297.37
0.005 1284.31
0.006 1282.9
0.007 1282.42
0.008 1281.93
0.011 1281.07
0.012 1279.92
0.015 1277.33
0.015 1276.37
0.015 1274.99
0.021 1272.67
0.022 1271.03
0.026 1270.08
0.034 1267.74
0.035 1266.47
0.037 1265.47
0.038 1264.2
0.047 1263.95
0.048 1263.58
0.049 1263.1
0.051 1259.54
0.052 1258.16
0.06 1256.47
0.061 1255.52
0.068 1253.98
0.068 1253.7
0.159 1251.85
0.217 1249.69
0.218 1249.51
0.234 1249.35
0.236 1249.02
0.238 1248.55
0.239 1247.86
0.24 1247.81
0.244 1241.57
0.28 1240.84
0.356 1239.39
0.393 1236.56
0.397 1236.11
0.4 1235.74
0.448 1235.53
0.46 1234.89
0.465 1234.4
0.468 1230.12
1.238 1229.72
2.928 1229.24
4.107 1228.2
4.108 1227.59
4.477 1226.71
8.109 1226.36
8.211 1225.79
27.926 1225.04
46.176 1224.98
52.426 1224.29
56.758 1221.97
