0.004 29311
0.004 29303
0.004 29297
0.005 29255
0.005 29173
0.006 29141
0.007 29067
0.007 28992
0.008 28984
0.009 28970
0.009 28925
0.011 28881
0.012 28839
0.014 28804
0.015 28772
0.016 28763
0.019 28757
0.019 28738
0.02 28709
0.021 28620
0.022 28608
0.023 28578
0.024 28543
0.025 28353
0.026 28349
0.027 28342
0.051 28328
0.052 28290
0.053 28204
0.054 28182
0.056 28147
0.061 28133
0.063 28121
0.063 28066
0.099 28048
0.103 27997
0.103 27983
0.104 27937
0.106 27896
0.308 27866
0.309 27852
0.51 27848
0.515 27824
0.516 27819
0.536 27811
0.667 27707
0.669 27657
1.03 27654
1.031 27635
1.339 27620
1.377 27619
1.39 27611
2.175 27588
2.185 27585
3.671 27580
3.671 27533
17.545 27519
18.096 27510
22.786 27451
27.031 27442
72.168 27439
72.442 27434
85.325 27433
85.39 27429
115.41 27426
139.32 27422
145.246 27412
145.249 27407
