0.063 50080
0.063 49940
0.064 49931
0.064 49920
0.064 49913
0.065 49874
0.065 49839
0.066 49788
0.066 49775
0.067 49678
0.067 49670
0.068 49625
0.068 49484
0.068 49459
0.069 49384
0.069 49366
0.069 49353
0.07 49302
0.071 49292
0.071 49287
0.071 49273
0.073 49272
0.075 49194
0.076 49189
0.079 49153
0.08 49137
0.08 49126
0.081 49117
0.081 49103
0.082 48694
0.083 48668
0.084 48641
0.085 48631
0.085 48619
0.086 48616
0.086 48610
0.087 48603
0.088 48597
0.089 48595
0.09 48574
0.09 48572
0.09 48570
0.091 48544
0.092 48538
0.092 48512
0.093 48415
0.096 48399
0.097 48366
0.098 48363
0.103 48354
0.103 48344
0.104 48336
0.104 48331
0.106 48328
0.107 48324
0.11 48314
0.111 48293
0.111 48278
0.112 48275
0.116 48265
0.116 48261
0.117 48245
0.117 48244
0.118 48206
0.119 48196
0.126 48193
0.126 48169
0.127 48165
0.128 48092
0.128 48086
0.129 48075
0.132 48067
0.134 48051
0.134 48050
0.135 48042
0.137 48013
0.138 47976
0.154 47963
0.16 47923
0.163 47919
0.165 47902
0.166 47883
0.177 47869
0.178 47842
0.179 47840
0.18 47806
0.18 47804
0.181 47801
0.195 47799
0.196 47797
0.196 47776
0.199 47698
0.2 47694
0.201 47686
0.203 47680
0.204 47652
0.204 47643
0.339 47629
0.34 47628
0.34 47603
0.341 47583
0.348 47554
0.379 47535
0.379 47533
0.38 47531
0.38 47492
0.382 47490
0.382 47483
0.383 47475
0.487 47465
0.487 47458
0.488 47441
0.488 47407
1.045 47386
1.057 47374
1.06 47344
1.061 47340
1.068 47336
1.1 47330
1.124 47305
1.147 47303
1.148 47287
1.16 47256
1.161 47250
1.161 47244
1.162 47233
1.163 47216
1.163 47214
1.176 47208
1.176 47190
1.177 47160
1.18 47155
1.182 47140
1.182 47134
1.22 47076
1.22 47053
1.221 47050
1.221 47044
1.338 47012
1.341 47010
1.341 46995
1.342 46993
1.344 46947
1.356 46920
1.67 46918
1.672 46880
1.676 46877
1.678 46783
1.679 46750
1.679 46744
1.68 46740
1.682 46735
4.995 46717
4.995 46714
4.995 46706
5.014 46702
5.019 46684
5.025 46673
5.026 46662
5.028 46647
5.035 46642
5.036 46641
5.038 46620
5.226 46590
10.901 46588
10.902 46512
10.905 46476
11.895 46434
11.897 46424
17.361 46389
17.364 46360
17.364 46349
17.505 46346
17.505 46344
17.588 46322
17.588 46302
17.589 46289
21.405 46258
21.407 46257
21.412 46256
21.476 46229
21.477 46190
21.478 46188
21.479 46165
21.481 46141
21.483 46121
21.506 46100
21.806 46060
21.811 46012
21.813 46009
21.815 46003
21.816 45977
21.816 45942
21.817 45927
21.818 45923
34.867 45906
34.868 45901
38.029 45899
38.03 45892
38.033 45858
38.033 45835
38.034 45833
38.035 45819
38.036 45805
38.037 45796
38.039 45707
41.394 45703
52.535 45687
52.69 45640
52.692 45614
52.695 45602
52.696 45579
55.207 45572
55.209 45567
55.229 45540
55.229 45537
55.251 45534
55.252 45490
55.276 45489
65.997 45466
66.009 45464
81.463 45463
81.491 45443
81.495 45415
81.497 45395
81.497 45387
81.513 45372
82.201 45358
82.253 45343
82.507 45334
82.513 45331
82.514 45326
82.549 45320
85.421 45312
85.427 45276
85.429 45274
85.432 45271
86.036 45269
86.044 45263
86.047 45256
86.049 45246
90.368 45243
90.387 45240
90.39 45233
90.419 45231
90.453 45229
90.457 45226
91.78 45224
91.781 45221
92.398 45217
92.414 45215
93.118 45211
93.12 45203
94.653 45200
94.71 45198
95.174 45197
95.178 45194
95.179 45191
95.182 45188
110.685 45184
110.687 45182
110.69 45168
110.741 45167
111.616 45166
111.618 45163
111.622 45160
111.628 45158
111.686 45157
111.708 45153
111.716 45149
116.886 45146
116.887 45141
116.897 45132
116.898 45128
116.909 45125
116.921 45122
116.925 45120
116.957 45116
117.092 45115
117.137 45113
117.137 45112
117.138 45096
117.988 45092
118.825 45086
118.864 45072
118.881 45060
118.883 45056
118.886 45055
118.893 45052
141.336 45051
141.342 45046
141.361 45040
141.373 45039
142.368 45037
142.502 45020
142.505 45019
142.544 45017
143.058 45005
143.06 45002
143.071 45001
143.075 44998
143.099 44994
143.902 44993
143.907 44991
143.908 44989
165.337 44988
165.377 44984
165.386 44983
168.574 44979
176.251 44978
176.372 44977
176.38 44969
176.405 44966
176.474 44963
180.739 44954
180.748 44953
180.768 44950
