0.002 19570
0.003 19538
0.006 19489
0.009 19446
0.01 19053
0.01 19045
0.015 19024
0.015 19016
0.017 19014
0.019 19011
0.024 18829
0.036 18816
0.083 18809
0.085 18796
0.086 18711
0.11 18686
0.113 18656
0.113 18648
0.117 18646
0.118 18597
0.121 18596
0.141 18537
0.152 18531
0.162 18489
0.163 18481
0.167 18459
0.168 18434
0.168 18348
0.17 18326
0.39 18325
0.392 18320
0.663 18295
0.693 18289
0.695 18279
0.696 18272
0.722 18258
0.725 18243
0.726 18228
0.726 18227
0.727 18205
1.658 18201
1.829 18195
1.837 18188
1.845 18180
1.846 18175
5.809 18170
5.81 18168
5.811 18141
5.859 18116
5.859 18109
5.863 18107
5.903 18105
5.904 18102
10.089 18097
22.081 18092
22.151 18091
29.629 18080
29.632 18073
32.472 18072
38.646 18069
55.912 18065
59.25 18060
117.127 18057
117.132 18054
