0.001 21408
0.002 21397
0.002 21379
0.002 21377
0.003 21174
0.004 21171
0.005 21167
0.006 21149
0.006 20974
0.007 20944
0.01 20661
0.011 20619
0.012 20552
0.013 20505
0.014 20491
0.015 20385
0.016 20382
0.017 20136
0.019 20067
0.02 19992
0.023 19979
0.03 19895
0.047 19827
0.057 19820
0.058 19810
0.06 19807
0.062 19716
0.089 19702
0.089 19698
0.089 19697
0.09 19694
0.113 19678
0.137 19669
0.143 19664
0.145 19663
0.177 19662
0.206 19649
0.209 19646
0.543 19600
1.256 19576
1.258 19572
1.273 19568
1.812 19554
2.173 19533
2.174 19524
3.327 19511
3.341 19459
3.343 19450
3.346 19449
27.306 19447
67.844 19443
67.85 19442
