0.003 15415
0.004 15267
0.004 15239
0.005 15147
0.006 15105
0.006 15019
0.006 14899
0.006 14841
0.007 14818
0.007 14776
0.008 14749
0.009 14570
0.009 14563
0.012 14553
0.018 14520
0.02 14473
0.022 14465
0.022 14457
0.023 14381
0.024 14348
0.024 14339
0.029 14329
0.029 14293
0.03 14284
0.033 14258
0.049 14204
0.063 14188
0.066 14136
0.067 14082
0.071 14079
0.235 14074
1.985 14073
3.426 14041
7.786 14039
10.767 14036
13.54 14021
18.575 14020
25.83 14017
44.392 14007
44.471 14005
44.475 13999
44.476 13996
44.678 13992
44.952 13988
44.955 13979
46.406 13978
46.602 13969
46.683 13968
69.164 13965
