0.001 21269
0.002 21137
0.002 21060
0.002 20958
0.003 20945
0.004 20865
0.004 20862
0.006 20560
0.008 20548
0.008 20277
0.008 20274
0.01 20029
0.011 19952
0.067 19947
0.068 19858
0.073 19806
0.094 19720
0.095 19698
0.096 19671
0.098 19662
0.195 19636
0.198 19634
0.2 19628
0.204 19627
0.425 19610
1.03 19603
1.034 19599
1.039 19598
1.277 19578
1.289 19574
1.359 19565
1.361 19562
1.371 19547
1.372 19544
2.388 19536
3.844 19530
3.846 19527
3.887 19519
4.28 19487
4.281 19482
4.283 19477
4.289 19475
4.291 19468
4.292 19463
4.341 19454
4.342 19451
18.948 19450
20.563 19449
41.188 19448
43.63 19447
66.903 19442
