0.003 14867
0.004 14833
0.004 14805
0.005 14685
0.005 14674
0.007 14673
0.012 14597
0.014 14595
0.024 14538
0.03 14458
0.05 14408
0.051 14397
0.055 14394
0.115 14377
0.118 14336
0.118 14297
0.128 14291
0.133 14272
0.134 14246
0.134 14237
0.135 14224
0.138 14223
0.138 14184
0.229 14172
0.321 14168
0.357 14136
0.358 14104
0.372 14102
0.732 14096
0.995 14094
0.996 14090
1.009 14081
1.453 14079
1.699 14069
1.699 14066
1.734 14046
1.735 14038
1.807 14036
1.863 14026
14.177 14021
14.177 14020
26.365 14017
26.461 14008
26.775 13999
26.872 13986
26.918 13969
105.221 13966
106.077 13965
