0.001 21199
0.002 21186
0.005 21088
0.005 21046
0.005 21029
0.007 20965
0.007 20907
0.009 20739
0.013 20618
0.013 20358
0.014 20236
0.015 20181
0.018 20179
0.018 20151
0.021 20146
0.021 20127
0.022 20122
0.023 20078
0.025 20044
0.025 19967
0.029 19810
0.122 19799
0.123 19798
0.123 19789
0.132 19754
0.134 19735
0.149 19732
0.149 19726
0.168 19687
0.169 19680
0.17 19644
0.409 19611
0.41 19609
1.438 19606
1.447 19603
1.453 19536
2.735 19528
2.738 19502
2.738 19487
3.006 19468
3.01 19398
3.013 19378
3.013 19374
3.025 19369
