0.003 16417
0.003 16395
0.003 16325
0.004 16320
0.004 16316
0.005 16312
0.006 16158
0.017 16155
0.019 16134
0.02 16114
0.02 16112
0.021 16108
0.022 16103
0.022 16088
0.038 16085
0.044 15938
0.045 15922
0.047 15921
0.047 15907
0.049 15887
0.049 15839
0.051 15831
0.056 15828
0.077 15813
0.078 15811
0.079 15801
0.079 15794
0.103 15780
0.121 15738
0.121 15689
0.123 15680
0.144 15671
0.18 15670
0.187 15650
0.189 15624
0.191 15597
0.202 15574
0.203 15555
0.204 15549
0.206 15544
0.211 15543
0.213 15516
0.236 15347
0.239 15332
0.254 15312
0.258 15303
0.258 15284
0.259 15277
0.259 15273
0.264 15262
0.266 15255
0.267 15199
0.268 15194
0.281 15193
0.29 15181
0.298 15174
0.412 15085
0.429 15059
0.431 15032
0.434 15029
0.435 14956
0.498 14927
0.504 14920
0.505 14914
0.524 14894
0.563 14875
0.566 14865
0.568 14860
0.57 14856
0.673 14837
0.674 14831
0.741 14811
0.742 14804
1.317 14803
3.287 14786
3.287 14780
44.832 14777
45.349 14773
53.419 14770
53.42 14767
53.475 14766
53.529 14765
53.529 14761
76.196 14759
84.49 14758
88.622 14757
114.471 14755
117.121 14751
117.137 14746
128.666 14744
129.511 14743
130.573 14742
