0.003 30188
0.004 29943
0.005 29876
0.006 29845
0.006 29836
0.006 29834
0.007 29681
0.008 29584
0.008 29484
0.009 29466
0.01 29453
0.01 29406
0.014 29384
0.016 29346
0.018 29319
0.021 29035
0.022 28926
0.023 28899
0.036 28818
0.036 28781
0.036 28764
0.037 28713
0.038 28690
0.038 28688
0.039 28669
0.05 28638
0.051 28614
0.051 28595
0.053 28481
0.056 28456
0.061 28438
0.064 28434
0.065 28427
0.072 28407
0.076 28382
0.108 28258
0.109 28244
0.111 28211
0.112 28190
0.113 28188
0.217 28175
0.217 28168
0.228 28156
0.233 28152
0.233 28139
0.262 28118
0.266 28093
0.277 28089
0.277 28082
0.281 28081
0.285 28063
0.291 28060
0.309 28014
0.309 28003
1.084 27884
1.088 27879
1.09 27854
1.362 27841
1.428 27825
1.428 27819
11.633 27798
18.536 27795
18.67 27790
18.673 27758
18.677 27713
18.684 27712
18.698 27701
18.7 27687
18.712 27681
87.574 27679
87.581 27674
87.583 27673
87.601 27672
87.604 27671
87.61 27670
87.614 27666
87.635 27660
87.645 27656
95.093 27654
100.354 27651
101.042 27642
101.051 27636
101.062 27635
101.071 27633
101.149 27631
101.259 27626
117.676 27617
119.282 27609
130.981 27605
