0.004 15938
0.004 15933
0.005 15924
0.005 15833
0.007 15790
0.007 15774
0.009 15647
0.009 15636
0.01 15599
0.011 15597
0.016 15582
0.018 15507
0.019 15459
0.019 15418
0.022 15331
0.022 15309
0.024 15272
0.029 15248
0.029 15175
0.03 15171
0.03 15149
0.031 15096
0.031 15070
0.034 14988
0.035 14986
0.036 14923
0.046 14898
0.124 14843
0.128 14839
0.14 14748
0.151 14744
0.181 14653
0.184 14597
0.186 14565
0.187 14538
0.187 14512
0.188 14502
0.189 14488
0.192 14479
0.195 14466
2.308 14455
2.371 14444
3.183 14418
3.337 14416
3.355 14409
3.584 14402
8.019 14380
8.019 14359
8.021 14342
21.808 14332
21.81 14310
21.813 14285
40.82 14280
70.026 14274
