0.006 25410
0.006 25316
0.007 25276
0.008 25214
0.009 25195
0.01 25156
0.013 25087
0.014 24845
0.016 24772
0.017 24728
0.018 24653
0.019 24619
0.019 24617
0.02 24616
0.023 24612
0.023 24584
0.025 24580
0.026 24578
0.027 24572
0.028 24565
0.028 24563
0.029 24559
0.069 24539
0.071 24532
0.072 24531
0.072 24527
0.074 24526
0.075 24303
0.075 24189
0.076 24181
0.077 24165
0.078 24156
0.081 24154
0.102 24151
0.103 24144
0.164 24140
0.174 24100
0.175 24033
0.178 24032
0.182 24027
0.183 24023
0.184 23978
0.186 23930
0.188 23925
0.189 23915
0.195 23911
0.242 23906
0.243 23885
0.301 23871
0.331 23841
0.331 23824
0.335 23816
0.335 23803
0.339 23728
0.34 23719
0.394 23710
0.396 23708
0.399 23705
0.401 23704
0.435 23701
0.438 23697
0.439 23683
0.464 23660
0.466 23643
0.467 23637
0.495 23625
0.496 23623
0.499 23617
0.499 23614
0.863 23605
0.863 23584
1.362 23575
1.375 23574
1.377 23573
1.394 23570
1.396 23563
1.4 23557
1.401 23543
1.416 23539
1.416 23526
1.707 23414
1.708 23399
1.709 23391
1.709 23385
1.758 23380
1.764 23374
1.771 23358
1.785 23353
1.868 23352
1.871 23349
1.872 23345
1.872 23335
1.875 23327
1.879 23325
1.881 23323
1.936 23322
1.978 23320
2.002 23312
2.01 23305
2.012 23300
2.014 23296
2.151 23294
2.153 23293
2.154 23278
2.155 23271
2.157 23264
2.888 23257
2.89 23250
3.106 23248
3.159 23242
3.384 23238
3.385 23228
3.391 23226
3.645 23215
3.651 23195
3.773 23190
3.774 23188
3.789 23179
3.791 23171
3.798 23167
4.023 23160
4.025 23155
4.026 23137
4.028 23135
4.067 23127
4.067 23126
4.071 23123
4.071 23117
4.071 23111
4.073 23110
4.077 23109
4.077 23108
4.078 23101
4.079 23096
4.119 23095
5.187 23093
5.289 23077
5.289 23076
6.584 23065
6.586 23043
6.593 23021
6.593 23019
8.613 23014
8.613 23010
8.616 22994
8.628 22989
8.647 22977
24.847 22976
26.355 22975
26.378 22972
26.378 22971
26.379 22967
26.38 22966
26.382 22965
26.382 22961
26.398 22960
26.4 22959
26.401 22951
26.408 22949
26.412 22945
26.424 22915
26.426 22914
236.256 22913
