0.005 26056
0.006 26032
0.006 26029
0.007 26028
0.007 25981
0.007 25955
0.008 25924
0.008 25682
0.009 25607
0.009 25606
0.01 25507
0.01 25485
0.011 25447
0.017 25428
0.017 25418
0.018 25403
0.018 25337
0.02 25283
0.021 25254
0.021 25216
0.022 25147
0.025 25140
0.026 25138
0.026 25122
0.032 25041
0.032 25037
0.034 25011
0.039 25007
0.039 24977
0.041 24945
0.044 24899
0.045 24895
0.068 24839
0.069 24782
0.069 24779
0.07 24769
0.07 24733
0.071 24688
0.074 24679
0.075 24634
0.076 24624
0.076 24609
0.162 24581
0.162 24574
0.164 24572
0.17 24522
0.172 24518
0.188 24514
0.761 24491
0.762 24484
0.766 24482
0.79 24473
0.791 24453
0.794 24451
1.788 24423
1.791 24420
2.335 24411
2.336 24402
2.337 24401
2.343 24350
2.345 24333
2.348 24316
7.619 24307
10.173 24305
14.815 24303
14.82 24266
14.821 24261
14.822 24260
14.826 24250
14.85 24242
14.851 24236
14.859 24235
14.889 24232
14.896 24223
14.897 24191
24.519 24181
24.545 24166
24.548 24157
25.272 24154
25.275 24134
25.275 24127
27.398 24070
27.4 24066
27.478 24061
31.51 24056
36.804 24053
36.805 24047
37.396 24040
37.403 24036
37.408 24035
37.471 24019
37.477 24015
39.116 24014
50.5 23999
50.765 23984
50.831 23980
52.569 23971
52.61 23964
66.408 23955
70.051 23944
70.064 23943
79.748 23939
84.133 23938
84.193 23937
112.012 23935
113.846 23929
128.468 23928
