0.006 24617
0.006 24555
0.007 24501
0.007 24499
0.007 24482
0.008 24444
0.008 24357
0.009 24298
0.01 24280
0.01 24185
0.011 24163
0.016 24147
0.018 24097
0.018 24090
0.019 24085
0.02 24073
0.024 23971
0.03 23965
0.031 23943
0.041 23939
0.042 23906
0.042 23901
0.043 23900
0.043 23852
0.043 23824
0.044 23815
0.044 23809
0.044 23805
0.047 23800
0.048 23790
0.063 23733
0.063 23730
0.065 23712
0.065 23570
0.068 23526
0.069 23520
0.073 23519
0.075 23512
0.085 23511
0.096 23469
0.097 23404
0.1 23382
0.101 23343
0.124 23316
0.148 23304
0.188 23293
0.191 23285
0.192 23265
0.232 23255
0.313 23242
0.313 23236
0.314 23192
0.321 23176
0.323 23173
0.338 23162
0.339 23154
0.34 23131
0.345 23081
1.2 23072
1.201 23038
1.208 23004
1.21 22978
4.989 22952
4.989 22919
5.226 22883
7.166 22877
7.168 22872
9.228 22865
18.062 22863
18.064 22853
18.117 22839
18.781 22817
18.781 22778
18.793 22756
18.797 22754
18.798 22731
29.279 22728
29.318 22725
29.32 22696
29.333 22693
51.425 22681
67.257 22678
74.454 22670
74.876 22644
74.876 22636
75.188 22633
86.006 22626
86.021 22621
86.587 22616
86.671 22607
90.343 22605
90.345 22603
