0.005 18857
0.005 18787
0.006 18766
0.006 18764
0.021 18668
0.021 18665
0.022 18644
0.025 18624
0.026 18563
0.027 18527
0.028 18458
0.055 18421
0.056 18419
0.057 18416
0.058 18413
0.059 18391
0.117 18383
0.118 18374
0.119 17997
0.12 17996
0.121 17993
0.124 17987
0.137 17979
0.137 17962
0.139 17942
0.14 17906
0.141 17893
0.143 17892
0.144 17879
0.144 17873
0.207 17859
0.34 17857
0.346 17835
0.349 17828
0.351 17813
2.219 17755
2.223 17744
2.371 17738
2.372 17691
2.773 17642
2.773 17609
4.021 17608
4.022 17605
6.299 17595
6.3 17590
6.302 17576
6.369 17570
6.369 17565
6.47 17549
23.626 17547
23.749 17456
23.756 17449
23.759 17445
23.834 17441
23.844 17412
23.846 17411
44.815 17399
44.829 17394
46.394 17375
46.396 17372
46.398 17367
46.4 17366
46.408 17360
49.922 17349
49.923 17346
49.925 17337
61.065 17324
61.073 17316
69.956 17313
69.957 17311
69.958 17310
69.971 17292
69.974 17291
70.739 17290
70.76 17287
70.859 17284
70.993 17283
71.256 17277
71.268 17276
71.273 17275
71.281 17271
84.061 17263
84.061 17262
103.384 17254
103.386 17249
