0.006 19698
0.006 19462
0.006 19391
0.007 19383
0.007 19380
0.008 19206
0.008 19179
0.008 19167
0.009 19137
0.01 19005
0.01 18979
0.012 18960
0.017 18950
0.095 18947
0.106 18858
0.119 18827
0.127 18801
0.58 18779
0.58 18778
0.582 18773
0.649 18696
0.649 18631
0.652 18604
0.655 18603
0.657 18596
0.856 18529
0.902 18405
3.465 18369
4.619 18354
4.621 18344
4.734 18329
4.745 18318
4.747 18278
4.757 18270
4.891 18265
5.124 18260
5.213 18249
5.351 18235
5.368 18233
5.37 18223
5.371 18221
5.376 18220
5.376 18173
5.379 18157
5.392 18110
5.392 18093
126.93 18092
