0.005 26052
0.006 25959
0.006 25826
0.007 25815
0.007 25812
0.008 25799
0.008 25768
0.008 25760
0.009 25709
0.009 25697
0.009 25646
0.01 25621
0.01 25569
0.011 25563
0.013 25537
0.014 25524
0.015 25510
0.02 25489
0.022 25477
0.022 25476
0.024 25472
0.024 25457
0.027 25298
0.028 25291
0.028 25277
0.03 25263
0.031 25246
0.032 25242
0.033 25224
0.039 25201
0.039 25150
0.039 25136
0.04 25125
0.044 25079
0.045 25074
0.046 25055
0.046 25054
0.057 24918
0.112 24840
0.113 24809
0.113 24807
0.117 24802
0.127 24778
0.13 24736
0.13 24719
0.131 24712
0.192 24672
0.193 24669
0.468 24634
0.469 24595
0.48 24577
0.485 24552
0.504 24534
0.516 24533
0.518 24523
0.519 24515
0.52 24508
0.623 24450
0.626 24411
1.31 24405
1.394 24376
1.941 24367
1.95 24353
1.95 24343
1.96 24338
2.012 24332
2.014 24319
2.014 24312
2.015 24305
2.015 24270
2.701 24248
2.71 24238
2.71 24236
2.711 24219
2.711 24207
2.713 24203
2.724 24198
2.725 24194
2.731 24183
2.732 24143
2.733 24130
2.736 24116
2.737 24111
2.738 24095
2.739 24078
46.179 24068
46.191 24063
46.191 24058
46.194 24056
46.198 24052
