0.007 57320
0.008 57302
0.008 57246
0.009 57238
0.011 57224
0.012 57096
0.013 57095
0.013 57077
0.015 57062
0.021 57051
0.021 57047
0.022 57039
0.032 57015
0.033 56826
0.036 56747
0.046 56738
0.046 56719
0.052 56706
0.053 56682
0.057 56679
0.064 56626
0.066 56608
0.067 56581
0.097 56475
0.098 56471
0.102 56463
0.104 56328
0.106 56295
0.164 56264
0.168 56261
0.172 56168
0.174 56144
0.174 56036
0.176 56019
0.178 56015
0.179 55950
0.184 55919
0.272 55915
0.273 55910
0.276 55904
0.277 55901
0.278 55890
0.278 55822
0.279 55801
0.281 55794
0.282 55737
0.282 55726
0.283 55699
0.283 55634
0.283 55587
0.291 55586
0.291 55521
0.295 55480
0.296 55460
0.302 55459
0.305 55458
0.309 55452
0.31 55425
0.311 55422
0.311 55416
0.325 55402
0.334 55375
0.34 55358
0.341 55343
0.345 55319
0.346 55221
0.349 55215
0.492 55191
0.496 55145
0.496 55127
0.5 55126
0.502 55125
0.513 55117
0.513 55103
0.518 55086
0.521 55061
0.521 55047
0.523 54980
0.589 54968
0.687 54939
0.688 54937
0.694 54923
0.713 54908
0.713 54893
0.715 54848
4.362 54837
4.374 54830
4.374 54823
4.376 54808
4.403 54795
4.408 54792
4.41 54765
4.411 54750
4.413 54744
4.417 54741
4.418 54736
5.623 54729
5.63 54707
6.614 54645
6.663 54641
6.741 54631
6.748 54602
6.758 54494
6.758 54471
6.762 54444
6.792 54432
6.795 54424
6.797 54392
16.413 54382
17.356 54312
17.356 54311
21.015 54282
21.017 54275
21.024 54266
21.026 54240
21.027 54217
21.183 54214
21.195 54197
21.197 54194
21.221 54188
21.274 54184
21.28 54171
21.288 54160
21.299 54124
38.829 54108
38.83 54092
38.832 54090
38.865 54082
38.87 54079
38.873 54061
39.066 54027
39.071 54015
39.086 54011
39.097 53980
39.1 53977
39.106 53972
39.107 53970
39.108 53958
39.114 53956
87.013 53947
87.063 53938
92.464 53935
92.693 53933
96.371 53929
