0.006 24931
0.007 24753
0.007 24720
0.008 24586
0.008 24578
0.008 24546
0.009 24517
0.009 24480
0.012 24407
0.013 24353
0.013 24336
0.014 24244
0.014 24231
0.015 24174
0.015 24138
0.039 24116
0.041 24083
0.042 24047
0.042 24030
0.043 23983
0.052 23958
0.054 23952
0.057 23927
0.059 23888
0.061 23862
0.062 23855
0.063 23826
0.064 23769
0.066 23741
0.067 23708
0.067 23679
0.071 23569
0.073 23563
0.073 23525
0.075 23509
0.075 23494
0.124 23475
0.131 23369
0.252 23324
0.252 23299
0.256 23222
0.258 23204
0.261 23195
0.261 23194
0.262 23187
0.265 23163
0.276 23123
0.279 23114
0.298 23080
0.909 23021
0.962 23005
1.178 22871
1.178 22857
14.154 22856
17.326 22853
17.327 22851
18.272 22810
18.272 22807
18.275 22797
27.414 22793
27.416 22792
27.422 22777
27.425 22775
35.638 22771
38.398 22770
38.4 22767
38.403 22755
38.783 22750
38.783 22746
38.795 22728
38.798 22721
38.799 22717
38.804 22704
44.458 22646
49.842 22645
49.92 22644
50.239 22633
50.245 22631
50.335 22626
50.335 22621
50.361 22619
50.553 22618
50.56 22606
51.376 22594
57.91 22580
57.913 22577
57.922 22576
