0.006 15724
0.006 15714
0.007 15699
0.009 15626
0.009 15611
0.01 15548
0.01 15542
0.011 15520
0.012 15491
0.015 15295
0.016 15225
0.017 15222
0.018 15218
0.019 15199
0.021 15197
0.021 15175
0.025 15153
0.027 15129
0.028 15003
0.033 14964
0.04 14901
0.041 14889
0.043 14857
0.044 14856
0.044 14851
0.049 14845
0.051 14831
0.051 14777
0.053 14763
0.053 14760
0.055 14745
0.056 14735
0.056 14711
0.057 14710
0.058 14700
0.061 14698
0.061 14697
0.062 14689
0.063 14676
0.076 14666
0.08 14646
0.081 14641
0.082 14633
0.088 14626
0.089 14624
0.1 14582
0.164 14558
0.167 14554
0.167 14549
0.168 14540
0.173 14509
0.174 14454
0.178 14451
0.357 14447
0.359 14398
2.166 14392
2.174 14386
2.768 14369
2.772 14353
2.773 14325
2.773 14323
2.774 14318
6.658 14303
6.72 14300
6.728 14298
6.729 14279
6.73 14275
6.737 14258
6.737 14252
6.756 14246
6.756 14242
6.757 14228
7.578 14173
7.586 14157
7.587 14152
7.831 14150
7.834 14139
7.834 14137
7.85 14135
9.261 14126
9.271 14096
9.953 14092
9.954 14054
10.044 14040
10.045 14023
60.972 14022
60.979 14016
60.983 14015
61.438 14014
61.446 14008
66.907 14002
96.313 13997
96.331 13995
96.351 13988
96.448 13986
96.456 13983
96.55 13981
96.619 13979
96.621 13977
96.752 13976
121.984 13970
122.168 13967
122.97 13965
122.986 13964
