0.005 18983
0.006 18900
0.006 18899
0.007 18886
0.007 18884
0.008 18831
0.008 18816
0.009 18770
0.009 18728
0.01 18724
0.01 18721
0.01 18710
0.013 18690
0.015 18566
0.016 18549
0.016 18548
0.051 18520
0.052 18500
0.08 18479
0.089 18468
0.097 18444
0.117 18209
0.117 18191
0.118 18138
0.12 18136
0.121 18120
0.123 18118
0.132 18080
0.132 18075
0.133 18022
0.135 18007
0.135 18006
0.21 18004
0.221 18001
0.229 17993
0.421 17953
0.473 17881
0.474 17854
0.476 17842
0.476 17818
0.477 17817
0.478 17799
1.362 17757
1.824 17704
1.873 17665
1.941 17664
2.095 17655
2.174 17647
2.176 17638
2.176 17634
2.195 17630
2.211 17615
2.211 17602
2.212 17565
2.218 17554
9.848 17546
9.851 17519
9.852 17514
20.302 17507
20.303 17502
20.304 17498
20.362 17491
20.362 17464
20.365 17434
20.366 17429
20.366 17408
20.383 17400
20.387 17387
56.043 17383
56.047 17382
56.069 17370
56.091 17367
56.22 17339
56.22 17324
56.222 17321
56.225 17318
62.739 17317
63.625 17300
64.394 17296
64.394 17289
69.872 17274
69.872 17266
75.744 17258
77.138 17255
97.393 17254
97.451 17250
111.23 17246
118.707 17239
119.009 17236
130.278 17235
