0.006 25574
0.007 25486
0.008 25474
0.009 25283
0.011 25264
0.011 25258
0.011 25251
0.013 25248
0.013 25105
0.018 24997
0.018 24958
0.02 24907
0.021 24902
0.024 24878
0.025 24770
0.025 24760
0.027 24742
0.028 24711
0.029 24650
0.03 24412
0.03 24386
0.037 24383
0.037 24368
0.037 24367
0.038 24085
0.039 24071
0.039 24045
0.048 23802
0.051 23796
0.052 23737
0.055 23673
0.055 23667
0.057 23639
0.059 23637
0.067 23593
0.068 23590
0.071 23555
0.076 23553
0.08 23552
0.08 23529
0.088 23489
0.088 23487
0.088 23473
0.089 23454
0.09 23446
0.091 23432
0.092 23413
0.093 23330
0.094 23325
0.095 23324
0.142 23311
0.142 23305
0.153 23299
0.156 23297
0.158 23289
0.174 23229
0.176 23209
0.179 23166
0.18 23152
0.18 23136
0.184 23101
0.192 23096
0.194 23020
0.194 23009
0.23 22995
0.233 22992
0.233 22946
0.238 22890
0.242 22884
0.244 22870
0.244 22869
0.341 22868
0.38 22863
0.38 22847
0.38 22810
0.382 22806
0.511 22792
0.544 22784
0.546 22764
0.546 22726
0.549 22704
0.556 22700
0.558 22699
0.558 22687
0.654 22621
0.666 22616
0.666 22607
0.667 22555
0.668 22528
0.878 22499
0.88 22492
0.883 22483
0.883 22478
1.005 22422
2.892 22421
2.924 22419
2.927 22410
2.931 22339
4.548 22279
15.491 22223
15.493 22219
37.779 22210
38.366 22206
38.368 22193
42.125 22190
51.69 22183
52.965 22173
55.332 22169
55.335 22168
62.191 22166
63.389 22152
63.392 22147
63.402 22146
63.403 22145
63.405 22143
79.4 22138
79.418 22131
85.998 22130
86.003 22129
86.187 22121
86.198 22120
86.203 22116
87.943 22111
87.946 22109
88.029 22104
88.556 22103
120.42 22101
120.427 22100
120.427 22094
121.19 22093
122.733 22091
122.751 22089
130.975 22088
131.399 22086
131.4 22085
