0.005 65895
0.005 65881
0.006 65810
0.006 65799
0.007 65726
0.008 65724
0.008 65647
0.011 65614
0.012 65605
0.013 65442
0.016 65317
0.016 65308
0.019 65034
0.019 65021
0.02 65003
0.02 64940
0.023 64931
0.024 64791
0.025 64790
0.025 64705
0.026 64686
0.032 64676
0.072 64647
0.073 64605
0.073 64595
0.075 64564
0.086 64477
0.087 64472
0.09 64438
0.096 64413
0.101 64405
0.103 64379
0.108 64354
0.112 64352
0.12 64320
0.121 64310
0.132 64302
0.132 64273
0.241 64263
0.241 64214
0.244 64180
0.264 64101
0.267 64063
0.269 64054
0.273 64049
0.333 64047
0.334 64040
0.336 64003
0.341 63998
0.496 63989
0.505 63978
0.515 63934
0.517 63880
0.519 63876
0.523 63856
0.524 63836
0.531 63829
0.552 63814
0.553 63800
9.533 63796
9.667 63787
9.67 63756
9.992 63754
11.193 63733
17.155 63706
17.175 63685
55.655 63680
60.837 63678
65.916 63676
80.92 63671
81.02 63662
81.034 63657
81.035 63648
81.054 63640
81.183 63631
83.458 63628
83.474 63621
83.483 63616
83.813 63615
83.888 63606
84.057 63583
