0.009 34144
0.01 34103
0.011 34063
0.012 33940
0.012 33882
0.014 33880
0.016 33821
0.016 33802
0.017 33789
0.017 33785
0.018 33767
0.019 33760
0.02 33759
0.028 33712
0.031 33710
0.031 33674
0.033 33664
0.033 33657
0.033 33652
0.035 33645
0.039 33643
0.04 33638
0.04 33582
0.045 33552
0.046 33548
0.049 33533
0.102 33502
0.104 33477
0.134 33467
0.136 33441
0.137 33389
0.147 33338
0.147 33334
0.15 33313
0.151 33309
0.154 33085
0.155 33047
0.156 32918
0.158 32914
0.162 32864
0.162 32854
0.172 32821
0.18 32635
0.234 32617
0.235 32616
0.243 32608
0.244 32603
0.244 32585
0.326 32542
0.327 32516
0.344 32506
0.344 32503
0.347 32466
0.348 32464
0.352 32461
0.356 32434
0.358 32422
0.47 32364
0.471 32352
0.471 32308
0.472 32301
0.473 32295
0.495 32243
0.514 32200
0.555 32165
0.556 32156
0.83 32153
0.832 32120
0.87 32110
0.871 32108
0.875 32095
0.876 32070
0.876 32048
0.92 32029
0.92 32014
3.168 31985
3.169 31958
3.269 31948
3.27 31936
3.271 31923
3.272 31915
3.273 31913
3.274 31899
3.42 31897
3.487 31885
3.487 31846
3.662 31804
4.143 31792
4.159 31771
4.161 31744
4.162 31743
4.162 31710
4.172 31682
4.173 31675
4.174 31645
4.175 31634
4.175 31622
18.11 31616
19.242 31614
19.243 31609
20.056 31573
20.056 31569
20.313 31543
20.4 31537
20.524 31534
20.525 31508
20.528 31496
20.528 31459
20.535 31456
23.31 31440
23.315 31434
23.626 31405
23.626 31397
23.627 31389
39.477 31383
39.486 31375
39.496 31364
40.701 31360
40.707 31351
40.709 31350
41.203 31299
41.219 31285
59.443 31282
59.711 31281
59.712 31269
60.778 31264
60.824 31256
60.825 31255
63.109 31251
63.113 31246
63.134 31244
63.208 31241
63.446 31240
63.459 31234
63.526 31228
69.769 31224
70.293 31223
70.294 31219
70.612 31193
70.615 31191
71.214 31189
71.347 31181
78.356 31177
78.361 31176
79.371 31159
79.438 31157
79.439 31150
79.456 31148
79.467 31145
83.461 31143
85.4 31132
85.409 31121
85.412 31118
85.43 31116
85.495 31113
85.532 31112
85.915 31110
86.761 31109
88.234 31107
91.847 31101
91.855 31098
93.062 31097
93.23 31096
93.241 31094
93.25 31081
