0.01 18008
0.011 17453
0.012 17452
0.014 17253
0.014 17239
0.015 17228
0.017 17219
0.024 17208
0.025 17203
0.025 17197
0.029 17188
0.03 17149
0.03 17145
0.031 17143
0.039 17140
0.04 17136
0.042 17131
0.048 17121
0.098 17111
0.099 17110
0.101 17103
0.101 17070
0.131 16831
0.131 16817
0.132 16789
0.133 16785
0.133 16782
0.136 16781
0.137 16779
0.138 16750
0.139 16749
0.14 16740
0.143 16738
0.163 16732
0.163 16727
0.164 16670
0.165 16654
0.22 16652
0.323 16635
0.378 16627
0.379 16619
0.381 16579
0.384 16572
0.384 16563
0.385 16562
0.385 16559
0.389 16545
0.391 16542
0.391 16541
0.392 16530
0.393 16526
0.394 16522
0.398 16505
0.4 16491
0.4 16450
0.401 16446
0.474 16441
0.486 16436
0.499 16435
0.637 16409
0.638 16397
0.691 16393
0.692 16366
0.693 16333
0.693 16324
0.694 16313
0.899 16309
0.973 16306
0.976 16298
0.976 16295
0.977 16287
1.152 16286
1.153 16272
1.153 16271
1.154 16266
1.747 16255
1.748 16252
3.188 16232
3.189 16230
3.195 16227
3.196 16214
3.198 16200
3.2 16187
3.2 16186
3.202 16179
3.519 16173
3.525 16159
3.542 16158
3.576 16144
3.576 16142
3.587 16075
3.606 16062
3.609 16050
3.611 16047
3.611 16038
3.631 15997
3.643 15984
3.643 15981
3.645 15977
3.648 15970
3.685 15963
3.876 15959
3.877 15947
3.879 15940
3.909 15904
3.932 15856
4.794 15850
5.009 15849
5.014 15846
5.015 15834
5.015 15832
5.727 15828
5.729 15818
37.847 15804
44.301 15803
44.715 15802
44.727 15781
51.614 15780
51.625 15779
51.633 15775
51.633 15774
51.735 15764
51.736 15763
51.992 15756
51.994 15731
52.266 15730
52.267 15729
52.28 15728
87.717 15727
87.867 15725
87.867 15724
87.928 15721
90.584 15720
90.661 15717
90.67 15716
95.477 15714
95.481 15711
96.291 15707
