0.009 29671
0.01 29596
0.01 29588
0.011 29582
0.013 29574
0.013 29541
0.013 29502
0.014 29491
0.014 29483
0.015 29473
0.016 29441
0.017 29421
0.017 29392
0.019 29386
0.019 29384
0.02 29356
0.02 29354
0.021 29298
0.021 29291
0.021 29278
0.022 29263
0.024 29203
0.024 29116
0.028 29114
0.029 29104
0.03 29091
0.032 29025
0.032 28982
0.032 28969
0.032 28950
0.038 28888
0.043 28873
0.044 28869
0.047 28836
0.048 28810
0.049 28793
0.049 28771
0.051 28755
0.053 28681
0.053 28664
0.053 28569
0.053 28511
0.076 28509
0.076 28492
0.076 28475
0.077 28469
0.084 28438
0.085 28359
0.086 28348
0.087 28254
0.087 28233
0.093 28168
0.114 28146
0.116 28137
0.187 28126
0.188 28123
0.19 28053
0.215 27894
0.354 27819
0.354 27758
0.356 27744
0.357 27735
0.358 27727
0.452 27695
0.455 27678
0.455 27674
0.498 27641
0.499 27629
0.499 27625
0.505 27573
0.507 27537
0.51 27524
0.512 27493
0.513 27488
0.516 27476
3.48 27431
3.481 27421
3.489 27410
3.511 27395
3.59 27382
3.591 27373
3.593 27359
3.596 27346
3.599 27263
19.93 27238
19.935 27223
19.941 27211
19.948 27204
20.081 27194
20.085 27193
21.312 27191
21.314 27190
21.318 27184
21.32 27167
22.445 27164
22.467 27156
22.468 27153
27.762 27136
28.761 27126
37.739 27121
37.754 27108
37.769 27106
37.77 27102
37.958 27097
37.959 27087
38.038 27059
38.039 27048
38.04 27047
38.046 27040
38.047 27033
38.052 27032
38.056 27031
38.058 27024
44.101 27022
44.104 27012
44.419 26993
44.42 26991
55.512 26985
55.519 26981
55.519 26980
55.521 26973
55.539 26913
55.552 26907
55.566 26901
55.946 26900
55.952 26890
55.952 26889
56.05 26888
56.135 26886
56.505 26876
56.563 26875
57.183 26872
57.191 26866
57.223 26851
57.225 26845
57.231 26825
57.236 26824
57.261 26819
57.411 26810
60.36 26809
69.34 26800
70.309 26799
70.313 26798
79.076 26792
