0.009 34172
0.01 34140
0.01 34136
0.011 34025
0.012 34008
0.012 34007
0.013 33517
0.014 33496
0.015 33454
0.022 33423
0.023 33404
0.023 33375
0.025 33352
0.025 33331
0.026 33309
0.027 33274
0.028 33239
0.029 33220
0.03 33173
0.032 33158
0.033 33143
0.034 33084
0.034 33078
0.039 33066
0.039 33058
0.039 33040
0.041 33001
0.045 32994
0.045 32924
0.048 32912
0.048 32904
0.103 32869
0.105 32840
0.106 32821
0.107 32729
0.11 32686
0.112 32641
0.118 32606
0.121 32590
0.123 32579
0.127 32556
0.128 32554
0.128 32540
0.194 32539
0.195 32514
0.208 32492
0.21 32459
0.231 32458
0.232 32409
0.233 32374
0.234 32334
0.234 32306
0.292 32293
0.505 32290
0.514 32270
0.515 32263
0.521 32255
0.629 32226
0.632 32209
0.633 32205
0.635 32197
0.636 32163
0.637 32140
0.642 32127
0.647 32069
0.648 32068
1.411 32056
1.417 32014
1.417 32002
1.417 31976
1.434 31943
1.436 31913
1.438 31903
1.441 31886
3.732 31850
3.737 31815
3.738 31795
3.745 31791
3.747 31789
3.748 31749
3.752 31719
3.806 31713
4.094 31675
24.129 31674
24.13 31655
24.199 31650
24.203 31645
24.214 31636
30.697 31626
30.699 31608
30.702 31604
30.71 31589
37.961 31581
38.002 31575
38.003 31565
41.071 31548
41.137 31535
41.138 31533
42.01 31531
42.943 31529
42.947 31528
42.949 31525
43.071 31513
43.116 31495
43.119 31481
43.147 31465
43.246 31460
43.258 31458
43.661 31457
45.091 31421
45.094 31403
45.095 31389
59.27 31382
59.297 31379
59.356 31378
59.365 31363
59.369 31362
59.373 31361
59.378 31358
59.389 31356
59.427 31354
59.487 31342
61.781 31333
61.847 31329
61.885 31314
61.886 31312
80.974 31307
80.986 31297
82.748 31294
122.147 31281
122.164 31277
122.169 31276
122.17 31274
122.202 31254
122.444 31253
122.448 31250
122.462 31239
123.694 31236
123.715 31226
125.108 31221
125.153 31206
125.163 31202
125.331 31199
125.441 31185
125.445 31183
125.458 31182
125.497 31175
