0.008 22345
0.008 22312
0.008 22303
0.009 22281
0.009 22269
0.01 22244
0.01 22119
0.011 22056
0.012 22038
0.013 22010
0.013 21989
0.014 21967
0.015 21908
0.016 21871
0.016 21853
0.016 21826
0.018 21801
0.019 21791
0.019 21775
0.023 21748
0.024 21716
0.024 21680
0.025 21649
0.03 21616
0.03 21557
0.031 21531
0.032 21487
0.041 21461
0.042 21447
0.044 21435
0.046 21401
0.046 21395
0.047 21337
0.048 21324
0.054 21309
0.055 21300
0.154 21292
0.155 21273
0.184 21258
0.187 21245
0.209 21237
0.211 21202
0.224 21185
0.257 21129
0.302 21128
0.339 21104
0.406 21102
0.41 21095
0.415 21091
0.416 21083
0.418 21073
0.419 21071
0.419 21048
0.511 21021
0.511 21020
0.52 21013
0.52 20977
0.524 20958
0.525 20949
0.525 20948
0.526 20920
0.533 20906
0.533 20881
0.534 20853
0.534 20824
0.579 20820
0.621 20803
0.622 20768
0.916 20750
2.173 20747
2.236 20733
2.276 20683
2.276 20668
2.488 20632
6.592 20624
6.593 20585
11.823 20573
11.827 20557
11.829 20547
11.944 20533
11.946 20522
11.948 20491
11.949 20486
11.984 20472
11.986 20463
22.343 20441
22.355 20435
145.181 20429
145.241 20427
145.397 20426
145.866 20425
151.828 20420
151.837 20414
152.052 20410
