0.008 44209
0.009 44195
0.009 44192
0.01 44182
0.01 44164
0.011 44084
0.017 44071
0.026 44019
0.03 44006
0.03 43972
0.031 43964
0.036 43958
0.036 43950
0.037 43948
0.039 43940
0.04 43926
0.04 43923
0.042 43915
0.043 43876
0.071 43867
0.072 43862
0.072 43847
0.076 43829
0.098 43756
0.101 43743
0.102 43734
0.102 43721
0.103 43711
0.105 43627
0.106 43622
0.106 43619
0.126 43614
0.13 43606
0.13 43588
0.13 43585
0.131 43575
0.131 43561
0.132 43526
0.135 43522
0.149 43478
0.15 43477
0.15 43468
0.152 43441
0.153 43430
0.154 43428
0.157 43424
0.157 43422
0.177 43385
0.179 43338
0.18 43336
0.183 43290
1.8 43270
1.8 43220
1.806 43186
1.81 43183
2.537 43169
2.541 43162
8.313 43141
8.314 43114
23.994 43104
23.996 43071
23.996 43065
23.997 43054
35.317 43053
39.942 43028
39.948 43011
39.949 43005
40.946 42992
41.293 42991
41.295 42978
72.067 42938
72.068 42937
76.61 42929
76.621 42927
90.965 42926
110.659 42920
110.66 42914
113.378 42905
119.436 42904
119.474 42900
119.524 42895
119.528 42880
122.875 42869
131.288 42865
131.292 42861
131.301 42854
164.434 42848
164.439 42846
168.624 42834
170.55 42830
170.598 42829
170.603 42825
170.618 42821
183.586 42820
185.753 42815
185.776 42812
185.866 42811
187.871 42809
187.878 42808
187.897 42806
188.213 42802
188.217 42797
189.488 42796
189.506 42794
