0.009 84079
0.009 84054
0.01 84049
0.011 83995
0.012 83910
0.013 83897
0.014 83893
0.015 83882
0.024 83826
0.024 83802
0.025 83760
0.025 83729
0.027 83474
0.034 83341
0.041 83326
0.041 83313
0.042 83276
0.043 83266
0.044 83253
0.045 83228
0.05 83144
0.056 83101
0.057 82983
0.059 82941
0.063 82897
0.065 82829
0.067 82799
0.07 82764
0.071 82729
0.072 82725
0.073 82649
0.074 82612
0.075 82611
0.075 82606
0.076 82575
0.077 82559
0.085 82536
0.094 82488
0.096 82480
0.102 82479
0.103 82464
0.105 82393
0.105 82384
0.11 82335
0.111 82326
0.113 82286
0.113 82276
0.136 82255
0.137 82250
0.138 82140
0.142 82139
0.149 82108
0.151 82105
0.173 82052
0.174 82051
0.182 82049
0.183 82008
0.189 82002
0.215 81954
0.215 81879
0.223 81858
0.277 81826
0.278 81811
0.28 81729
0.281 81668
0.282 81641
0.283 81594
0.283 81563
0.283 81544
0.285 81542
0.288 81522
0.289 81516
0.329 81440
0.332 81435
0.332 81427
0.406 81372
0.409 81348
0.423 81316
0.427 81315
0.427 81306
0.43 81302
0.433 81249
0.436 81227
0.44 81208
0.442 81202
0.445 81172
0.446 81046
0.458 81030
0.459 81024
0.464 80998
0.465 80976
0.543 80871
0.548 80824
0.548 80822
0.55 80807
0.736 80800
0.736 80799
0.737 80773
0.74 80770
0.742 80758
1.903 80748
1.906 80699
1.908 80675
1.909 80674
2.049 80633
2.05 80624
2.05 80617
2.052 80609
2.052 80602
2.053 80585
2.058 80574
2.06 80564
2.061 80547
2.068 80522
2.077 80513
2.077 80454
3.645 80427
3.645 80402
3.646 80396
3.971 80350
3.98 80324
3.984 80315
3.985 80311
4.018 80295
4.018 80291
4.024 80263
4.051 80256
4.052 80249
4.052 80239
5.078 80235
5.079 80157
5.273 80101
5.275 80090
5.294 80044
5.3 80038
5.587 80013
5.682 79964
5.684 79945
5.686 79933
5.692 79930
6.484 79927
6.492 79926
6.494 79887
6.494 79839
6.501 79790
6.503 79783
6.505 79761
6.612 79726
7.469 79709
7.47 79701
8.046 79666
8.046 79656
8.046 79649
21.585 79632
21.601 79611
23.783 79548
23.862 79544
23.87 79532
24.003 79515
24.004 79503
24.033 79496
24.033 79493
24.048 79492
24.052 79478
24.947 79446
25.382 79415
25.385 79407
25.52 79404
25.546 79395
25.547 79393
25.572 79373
25.573 79339
25.575 79338
29.525 79313
34.663 79294
34.672 79265
34.675 79238
34.677 79236
35.052 79229
35.06 79222
35.324 79213
35.327 79191
35.328 79186
35.33 79185
35.336 79175
35.356 79174
35.358 79152
35.371 79089
35.372 79074
35.475 79062
36.394 79041
36.58 79029
36.585 79002
41.657 78994
41.664 78985
41.802 78967
43.674 78948
43.683 78929
43.692 78904
46.017 78898
46.024 78894
48.841 78891
48.85 78890
48.906 78878
77.435 78876
77.449 78862
77.597 78854
77.601 78852
77.606 78851
77.626 78840
77.748 78823
77.764 78818
87.017 78807
87.043 78789
96.413 78774
99.111 78771
99.12 78769
100.746 78768
108.121 78767
110.671 78766
112.248 78765
112.513 78764
114.035 78762
115.369 78760
115.384 78750
115.408 78735
117.799 78728
117.995 78723
122.638 78721
129.899 78711
130.339 78705
133.753 78692
133.754 78678
133.915 78668
134.153 78666
