0.007 21061
0.008 21042
0.008 21037
0.009 21018
0.009 20947
0.011 20553
0.012 20546
0.012 20475
0.013 20138
0.014 20132
0.014 20128
0.014 20094
0.016 20051
0.017 20025
0.02 19989
0.021 19975
0.022 19944
0.023 19902
0.024 19897
0.025 19839
0.055 19832
0.055 19796
0.056 19786
0.056 19685
0.056 19670
0.061 19651
0.061 19643
0.061 19637
0.063 19579
0.066 19572
0.066 19568
0.066 19563
0.067 19559
0.067 19494
0.068 19487
0.068 19486
0.074 19481
0.076 19466
0.076 19458
0.077 19445
0.078 19440
0.079 19431
0.08 19429
0.083 19421
0.086 19419
0.198 19387
0.2 19384
0.235 19355
0.236 19352
0.237 19322
0.238 19289
0.28 19284
0.383 19266
0.383 19238
0.388 19235
0.683 19234
0.684 19209
0.687 19160
0.687 19154
0.779 19148
0.78 19144
0.868 19125
1.006 19084
1.007 19059
1.067 19058
1.077 19010
1.078 18973
1.079 18943
1.081 18929
1.083 18924
1.084 18917
1.089 18912
1.091 18896
1.094 18865
1.095 18859
1.096 18854
1.099 18851
1.1 18847
1.83 18840
1.833 18814
1.834 18802
1.835 18796
1.866 18788
1.873 18747
1.875 18735
1.877 18709
3.134 18689
3.136 18673
3.147 18665
3.149 18661
3.153 18623
3.382 18603
3.385 18598
3.386 18586
4.741 18577
5.794 18558
6.733 18545
6.745 18541
6.75 18532
6.751 18531
6.851 18522
6.852 18521
8.944 18506
11.878 18478
11.88 18476
25.84 18432
56.319 18416
58.447 18413
65.303 18409
80.551 18407
80.679 18405
80.682 18404
80.683 18397
80.685 18394
116.46 18392
116.462 18386
120.387 18384
120.387 18378
134.972 18377
151.373 18376
151.39 18375
151.451 18372
152.437 18364
152.455 18361
152.762 18360
