0.015 130837
0.016 130787
0.016 130768
0.017 130755
0.017 130740
0.018 130739
0.018 130714
0.02 130100
0.02 130058
0.021 130040
0.022 130039
0.023 130019
0.024 130002
0.025 129750
0.027 129738
0.027 129718
0.028 129702
0.029 129683
0.03 129675
0.033 129342
0.035 129298
0.036 129227
0.038 129188
0.039 129185
0.04 129175
0.04 129157
0.041 128904
0.044 128900
0.045 128888
0.046 128832
0.051 128738
0.057 128737
0.057 128687
0.058 128571
0.059 128546
0.06 128523
0.063 128400
0.066 128380
0.068 128374
0.069 128341
0.07 128283
0.073 128225
0.076 128177
0.091 128034
0.092 128032
0.098 128031
0.102 127986
0.116 127957
0.118 127950
0.119 127938
0.121 127901
0.124 127750
0.125 127648
0.126 127646
0.126 127644
0.126 127595
0.166 127394
0.168 127296
0.17 127251
0.173 127099
0.177 127062
0.177 127057
0.179 127010
0.184 126912
0.192 126878
0.194 126851
0.24 126846
0.254 126805
0.256 126803
0.258 126735
0.258 126673
0.261 126664
0.262 126662
0.264 126630
0.264 126621
0.277 126597
0.278 126574
0.285 126561
0.298 126508
0.299 126506
0.302 126495
0.302 126343
0.303 126312
0.304 126310
0.313 126273
0.316 126238
0.316 126232
0.318 126204
0.325 126152
0.503 126149
0.506 126127
0.506 126126
0.513 126095
0.531 126054
0.547 126050
0.552 126047
0.57 125985
0.578 125977
0.58 125975
0.597 125967
0.599 125943
0.672 125920
0.686 125896
0.722 125894
0.728 125890
0.731 125886
0.871 125848
0.924 125725
0.925 125709
0.944 125699
1.008 125647
1.013 125547
1.013 125535
1.014 125499
1.019 125346
1.02 125316
1.021 125294
1.029 125270
1.03 125261
1.031 125252
1.169 125139
1.173 125093
1.179 125073
1.185 125049
1.188 125029
1.191 125011
1.323 124988
1.324 124939
1.326 124908
1.326 124901
1.339 124873
1.343 124870
1.351 124812
1.359 124778
1.381 124766
1.383 124753
1.385 124738
1.385 124709
1.388 124689
1.394 124623
1.537 124579
1.545 124572
1.549 124480
1.554 124470
1.567 124441
1.773 124432
1.774 124415
1.778 124412
1.778 124406
2.31 124402
2.317 124398
2.319 124365
3.094 124359
3.095 124344
3.116 124317
3.138 124316
3.139 124300
3.141 124299
3.148 124296
3.149 124229
3.168 124217
3.172 124215
3.178 124188
3.218 124186
3.243 124185
3.739 124173
3.74 124163
3.743 124155
3.75 124105
3.751 124073
3.753 124065
3.755 123927
3.756 123923
7.206 123888
7.213 123872
7.214 123841
7.217 123835
7.218 123825
7.24 123815
7.26 123788
7.262 123720
7.263 123707
7.271 123695
7.275 123675
7.282 123654
7.319 123653
7.328 123632
7.458 123623
7.478 123547
7.48 123534
8.304 123529
8.307 123503
8.709 123492
8.714 123467
8.84 123459
8.921 123420
8.923 123415
9.169 123371
9.18 123358
9.188 123351
9.194 123348
9.207 123326
9.217 123309
9.22 123306
9.224 123303
9.271 123290
9.272 123285
9.276 123240
12.626 123233
12.652 123216
12.672 123210
12.673 123202
12.714 123194
23.173 123190
23.175 123180
25.038 123149
25.04 123128
25.043 123122
25.054 123112
25.214 123084
25.247 123054
25.247 123036
25.315 123034
25.315 123032
25.317 123002
25.345 122990
25.345 122989
25.347 122971
25.35 122962
25.352 122958
25.352 122946
25.354 122939
25.362 122936
25.404 122930
25.406 122927
25.408 122920
25.429 122911
26.014 122873
26.018 122863
26.021 122840
26.021 122787
28.085 122783
28.331 122750
28.331 122707
28.335 122702
28.337 122687
28.341 122654
28.811 122590
28.821 122584
28.907 122583
28.919 122558
28.92 122482
28.923 122475
28.928 122472
34.142 122451
34.286 122449
34.314 122445
34.316 122443
34.32 122424
34.325 122418
34.339 122413
36.236 122406
36.523 122403
36.527 122375
36.64 122342
36.645 122327
36.655 122324
36.804 122315
36.805 122305
36.807 122284
36.853 122283
36.859 122254
36.869 122249
36.871 122216
37.037 122214
37.042 122189
37.052 122177
37.054 122173
39.024 122172
69.714 122171
69.725 122167
69.727 122149
69.734 122129
69.735 122128
70.911 122090
70.919 122083
71.038 122073
71.17 122068
71.341 122061
71.456 122043
71.456 122027
71.466 122004
72.704 122000
74.024 121992
74.034 121974
74.274 121973
74.278 121961
76.3 121956
76.302 121942
77.571 121911
77.575 121877
77.731 121867
77.734 121861
108.526 121850
108.554 121841
108.582 121829
108.629 121822
127.656 121821
129.355 121820
133.375 121818
135.825 121813
139.94 121809
139.951 121808
140.146 121807
140.149 121806
140.17 121803
163.197 121795
163.219 121792
163.225 121786
165.652 121784
167.307 121777
167.467 121774
