0.016 43746
0.016 43691
0.017 43627
0.017 43622
0.023 43620
0.023 43535
0.023 43501
0.024 43475
0.025 43211
0.028 43186
0.036 43076
0.037 43056
0.038 43045
0.038 43038
0.039 43024
0.04 42993
0.042 42938
0.043 42930
0.044 42921
0.045 42890
0.047 42851
0.047 42836
0.049 42833
0.061 42799
0.064 42776
0.093 42753
0.097 42742
0.101 42704
0.123 42699
0.127 42651
0.15 42623
0.155 42621
0.156 42587
0.163 42549
0.165 42541
0.26 42513
0.261 42507
0.264 42359
0.287 42353
0.288 42352
0.29 42341
0.307 42327
0.31 42299
0.312 42266
0.313 42261
0.328 42253
0.338 42252
0.339 42248
0.343 42245
0.343 42230
0.349 42225
0.349 42200
0.349 42184
0.35 42154
0.351 42145
0.355 42136
0.357 42114
0.363 42112
0.38 42105
0.389 42091
0.39 42062
0.391 42043
0.391 42032
0.498 42023
0.499 42009
0.5 41999
0.528 41988
0.529 41985
0.529 41978
0.887 41973
0.892 41937
0.892 41927
0.894 41907
0.907 41904
0.908 41898
0.924 41889
0.925 41884
1.034 41882
1.034 41879
1.035 41878
1.035 41845
1.038 41813
1.05 41808
1.05 41799
1.052 41792
1.056 41782
1.058 41780
1.06 41779
1.061 41770
1.063 41760
1.191 41756
1.205 41741
1.207 41733
1.208 41713
1.21 41701
1.565 41679
1.654 41675
1.668 41643
1.709 41618
1.715 41596
1.772 41593
1.773 41582
1.773 41573
1.773 41526
2.426 41520
2.431 41512
2.432 41484
2.433 41479
2.439 41473
2.642 41462
2.642 41455
2.643 41452
2.907 41431
2.914 41419
2.927 41329
2.928 41278
2.934 41258
2.943 41219
7.559 41210
7.577 41201
13.173 41198
13.174 41180
13.282 41161
13.282 41159
13.41 41151
13.413 41133
13.524 41127
13.538 41122
13.54 41075
13.541 41046
13.552 41030
13.556 41015
13.565 41002
19.296 40987
19.309 40986
19.309 40967
19.312 40943
31.041 40936
31.647 40933
31.719 40920
31.719 40915
33.719 40888
33.735 40849
33.741 40845
33.742 40834
33.807 40820
33.807 40808
35.176 40802
35.215 40786
35.218 40755
35.223 40744
35.226 40739
35.228 40737
50.035 40728
53.015 40727
53.02 40723
53.026 40715
53.033 40658
53.037 40644
57.689 40640
57.691 40638
60.265 40624
60.267 40623
60.268 40618
60.271 40616
60.283 40592
60.423 40590
60.424 40557
62.559 40547
62.562 40529
62.573 40523
62.574 40521
62.595 40501
62.601 40495
62.65 40493
62.652 40468
62.66 40459
62.974 40457
62.976 40453
62.98 40447
62.99 40438
63.001 40419
72.333 40412
72.344 40390
72.39 40376
72.573 40360
72.693 40357
72.734 40355
72.735 40341
72.739 40340
73.249 40338
73.253 40335
73.264 40304
73.384 40296
74.799 40295
76.08 40294
76.08 40293
83.611 40292
83.614 40290
83.623 40288
83.632 40280
83.635 40275
83.639 40272
83.645 40264
103.842 40253
103.932 40248
103.933 40242
111.042 40236
111.11 40234
113.725 40227
114.223 40225
123.851 40222
123.9 40221
124.164 40217
124.487 40214
124.637 40212
125.174 40209
125.233 40208
130.059 40206
130.107 40204
131.822 40203
131.993 40199
133.68 40198
135.903 40197
135.982 40191
