0.011 40689
0.012 40671
0.012 40667
0.013 40630
0.014 40598
0.014 40593
0.014 40538
0.015 40537
0.015 40533
0.016 40522
0.017 40508
0.017 40496
0.018 40493
0.018 40472
0.019 40416
0.019 40411
0.02 40408
0.029 40406
0.031 40402
0.04 40388
0.04 40362
0.041 40351
0.042 40335
0.042 40334
0.049 40325
0.05 40321
0.051 40226
0.053 40216
0.054 40202
0.054 40173
0.056 40157
0.057 40114
0.061 40113
0.064 40093
0.089 40077
0.097 40029
0.1 39941
0.105 39936
0.107 39935
0.108 39929
0.116 39916
0.136 39895
0.142 39884
0.168 39882
0.169 39876
0.176 39857
0.177 39846
0.178 39842
0.178 39841
0.18 39785
0.182 39781
0.182 39767
0.183 39753
0.185 39736
0.185 39712
0.186 39699
0.267 39691
0.268 39686
0.269 39653
0.283 39619
0.286 39517
0.287 39505
0.307 39501
0.333 39023
0.334 39021
0.344 38913
0.349 38905
0.349 38904
0.35 38900
0.35 38873
0.351 38857
0.352 38854
0.373 38851
0.652 38832
0.654 38828
0.694 38814
0.84 38807
0.956 38788
0.957 38784
0.957 38756
0.958 38753
1.033 38721
1.033 38696
1.035 38675
1.098 38661
1.1 38659
1.102 38642
1.133 38635
1.134 38627
1.136 38616
1.334 38612
1.98 38609
1.981 38591
1.983 38588
2.831 38581
2.835 38571
2.84 38569
2.842 38565
3.333 38546
3.336 38545
3.358 38542
3.363 38537
3.364 38533
3.369 38506
3.37 38503
3.371 38500
3.374 38477
5.106 38458
5.106 38453
5.11 38443
6.766 38442
6.802 38433
6.802 38423
6.803 38411
6.807 38395
9.731 38392
9.767 38384
9.767 38369
9.768 38368
9.777 38335
9.789 38332
15.241 38331
15.243 38314
15.355 38304
15.366 38296
15.368 38293
15.371 38288
15.374 38254
15.377 38240
15.378 38215
18.054 38193
18.059 38190
18.06 38189
23.837 38183
24.924 38171
24.931 38167
24.932 38161
24.932 38137
31.328 38123
31.331 38122
31.338 38116
31.339 38107
34.21 38106
51.52 38104
51.523 38096
52.995 38075
52.997 38071
53.011 38069
53.016 38066
53.154 38065
53.157 38062
53.162 38056
54.856 38053
54.858 38032
54.858 38028
54.86 38001
58.709 38000
72.896 37981
72.901 37976
72.918 37930
72.921 37923
73.083 37916
73.083 37915
73.092 37914
73.253 37912
73.821 37909
73.837 37908
73.842 37905
73.843 37904
73.848 37901
73.849 37896
75.054 37893
75.159 37890
75.162 37886
75.165 37879
75.166 37877
75.287 37874
75.364 37871
75.366 37869
75.372 37866
83.145 37865
83.15 37857
83.151 37848
86.213 37837
86.215 37835
86.222 37833
86.228 37829
86.23 37817
86.23 37798
87.877 37794
