0.013 26718
0.013 26648
0.014 26615
0.014 26559
0.014 26379
0.015 26377
0.016 26374
0.016 26257
0.017 26255
0.017 26248
0.018 26247
0.018 26232
0.018 26150
0.019 26126
0.02 26106
0.02 26049
0.021 26038
0.022 26036
0.023 26029
0.023 26025
0.023 25958
0.031 25953
0.037 25932
0.038 25882
0.053 25857
0.054 25847
0.055 25803
0.056 25777
0.056 25773
0.058 25771
0.058 25768
0.059 25718
0.072 25699
0.081 25392
0.089 25379
0.111 25350
0.112 25347
0.112 25336
0.112 25315
0.129 25314
0.131 25310
0.143 25305
0.144 25298
0.209 25278
0.209 25173
0.212 25161
0.212 25159
0.212 25112
0.245 25105
0.248 25099
0.248 25095
0.248 25088
0.252 25085
0.255 25078
0.327 25073
0.368 25041
0.381 25003
0.381 24994
0.439 24992
0.44 24953
0.441 24949
0.442 24943
0.447 24929
0.447 24912
0.452 24910
0.482 24892
0.482 24877
0.483 24869
0.483 24868
0.486 24854
0.505 24810
0.505 24809
0.52 24805
0.521 24774
0.525 24770
0.529 24769
0.53 24670
0.532 24649
0.749 24633
0.75 24608
0.752 24574
2.41 24561
2.479 24560
2.505 24554
2.508 24530
2.509 24504
2.511 24497
2.512 24487
2.826 24432
2.831 24412
2.831 24346
2.832 24344
2.834 24306
2.837 24284
5.169 24276
20.68 24261
27.173 24251
27.174 24236
36.69 24233
36.691 24224
36.695 24223
48.714 24217
48.714 24215
54.142 24214
54.178 24210
54.18 24207
54.18 24205
54.212 24190
58.297 24187
58.298 24185
58.3 24178
58.455 24175
58.456 24161
75.955 24160
76.948 24148
76.955 24146
77.551 24145
96.509 24136
103.025 24134
103.027 24119
103.527 24111
104.134 24110
104.137 24104
110.632 24098
112.436 24093
112.441 24090
127.093 24088
131.461 24085
131.471 24084
131.595 24082
131.632 24079
131.637 24075
144.075 24073
