0.021 94934
0.023 94894
0.025 94807
0.025 94758
0.026 94746
0.026 94707
0.027 94671
0.028 94590
0.028 94442
0.029 94296
0.03 94234
0.034 94035
0.034 94031
0.04 94000
0.043 93930
0.044 93753
0.047 93750
0.048 93690
0.049 93681
0.049 93668
0.051 93667
0.052 93632
0.052 93630
0.054 93615
0.055 93588
0.055 93586
0.063 93547
0.064 93540
0.071 93526
0.072 93484
0.073 93483
0.076 93482
0.077 93481
0.103 93471
0.104 93467
0.105 93457
0.106 93456
0.106 93454
0.107 93445
0.109 93443
0.111 93438
0.127 93383
0.127 93381
0.136 93164
0.14 92902
0.142 92881
0.142 92880
0.143 92875
0.143 92869
0.146 92756
0.147 92745
0.151 92714
0.152 92703
0.154 92698
0.155 92697
0.156 92689
0.156 92680
0.157 92669
0.165 92667
0.17 92665
0.173 92638
0.186 92376
0.186 92359
0.187 92358
0.192 92352
0.205 92350
0.276 92324
0.278 92305
0.28 92302
0.283 92280
0.284 92276
0.288 92273
0.29 92272
0.29 92267
0.299 92237
0.3 92210
0.302 92206
0.303 92199
0.304 92198
0.305 92190
0.31 92186
0.317 92163
0.351 92056
0.351 92051
0.373 92044
0.374 92043
0.374 92036
0.375 92033
0.375 92031
0.378 91991
0.38 91989
0.382 91947
0.384 91941
0.384 91936
0.436 91911
0.486 91899
0.488 91894
0.49 91892
0.5 91891
0.5 91888
0.506 91880
0.528 91878
0.53 91868
0.531 91849
0.532 91848
0.534 91847
0.543 91776
0.543 91771
0.548 91757
0.55 91747
0.551 91738
0.557 91721
0.56 91718
0.601 91664
0.603 91658
0.604 91654
0.604 91607
0.607 91605
0.607 91602
0.608 91600
0.608 91584
0.613 91579
0.613 91554
0.615 91551
0.616 91549
0.617 91543
0.676 91532
0.715 91519
0.723 91507
0.759 91491
0.76 91469
0.789 91392
0.79 91388
0.791 91386
0.852 91379
0.855 91357
0.855 91352
0.86 91343
0.862 91320
0.908 91281
0.96 91253
0.961 91252
0.963 91226
0.963 91222
0.972 91208
0.973 91204
0.973 91134
0.975 91074
0.976 91060
0.977 91057
0.978 91053
0.978 91052
0.979 91051
1.047 91024
1.39 91019
1.429 91006
1.431 91003
1.432 91000
1.841 90978
1.842 90965
1.843 90963
1.959 90962
1.962 90928
1.963 90906
1.963 90904
1.965 90898
1.97 90896
1.976 90889
1.988 90886
1.988 90877
1.988 90876
1.989 90875
1.99 90856
1.99 90852
2.081 90845
2.085 90844
2.087 90841
2.089 90840
2.104 90839
2.151 90838
2.158 90832
2.889 90831
2.89 90826
2.924 90823
2.925 90822
2.926 90818
2.931 90816
2.933 90808
2.933 90805
4.035 90790
4.107 90784
4.11 90767
4.111 90747
4.141 90733
4.143 90693
4.143 90691
4.144 90685
4.145 90682
4.145 90673
4.148 90604
4.151 90602
4.208 90590
4.209 90589
4.404 90588
4.405 90587
4.426 90558
4.431 90551
4.431 90546
4.432 90542
4.433 90519
4.803 90510
4.803 90499
4.977 90472
4.977 90460
4.978 90452
4.979 90449
4.984 90447
4.985 90444
4.989 90438
4.991 90435
5.082 90423
5.083 90409
5.083 90400
5.961 90396
5.964 90385
5.965 90369
6.519 90358
6.519 90342
6.521 90320
6.522 90312
6.523 90311
6.523 90290
6.524 90269
6.524 90262
6.525 90258
6.526 90250
6.527 90249
6.529 90245
6.529 90244
6.53 90241
6.533 90238
7.284 90235
7.284 90234
7.285 90231
7.287 90225
7.289 90216
7.291 90215
9.122 90207
9.173 90206
9.174 90204
9.176 90194
9.18 90184
9.181 90181
9.188 90176
9.232 90164
9.234 90158
9.237 90155
9.238 90138
9.268 90134
9.279 90130
9.305 90126
9.309 90123
9.31 90121
11.697 90119
11.709 90112
11.746 90087
11.748 90085
11.754 90082
11.756 90075
11.757 90073
11.758 90064
11.766 90031
11.767 90030
12.114 90021
12.658 90018
12.658 89990
12.676 89984
12.682 89979
12.685 89975
12.719 89971
12.727 89965
12.727 89964
12.73 89939
12.731 89922
12.745 89848
12.747 89847
12.749 89838
12.75 89835
12.786 89833
12.787 89818
12.788 89805
12.792 89801
13.035 89797
14.25 89784
14.282 89778
14.334 89777
14.334 89771
14.335 89770
14.516 89766
14.517 89747
14.517 89743
14.518 89742
15.116 89741
15.116 89737
15.119 89730
15.121 89729
15.122 89727
15.129 89724
15.202 89721
15.202 89715
15.203 89691
15.203 89690
15.204 89684
15.208 89656
15.21 89575
15.211 89546
15.223 89534
15.224 89531
15.414 89487
16.478 89483
16.479 89482
16.479 89479
16.481 89473
16.609 89460
16.615 89458
16.62 89444
16.621 89437
16.623 89420
16.624 89414
17.053 89379
17.055 89355
17.056 89342
17.056 89336
17.057 89321
17.058 89319
17.062 89251
17.067 89244
17.068 89232
17.079 89220
17.08 89218
17.088 89216
17.089 89214
17.09 89212
17.091 89210
17.093 89206
17.112 89168
17.112 89165
17.113 89151
17.113 89147
17.115 89124
17.251 89102
17.253 89092
17.257 89089
17.332 89083
17.333 89082
18.001 89065
18.002 89012
18.003 89001
18.007 88997
18.014 88993
18.69 88991
25.72 88983
25.722 88981
25.722 88979
25.725 88975
27.26 88956
27.261 88954
27.262 88934
27.263 88932
27.264 88931
27.264 88930
27.942 88928
27.943 88925
27.997 88924
27.999 88920
28.065 88913
28.066 88911
28.066 88899
28.066 88895
28.068 88891
28.068 88880
28.071 88854
28.072 88826
28.335 88821
37.025 88817
37.028 88815
63.9 88795
63.905 88786
86.447 88784
86.756 88783
86.777 88779
86.78 88778
98.31 88777
99.276 88773
99.279 88770
99.28 88768
99.284 88767
99.285 88763
99.292 88762
99.295 88760
99.295 88757
99.451 88740
99.555 88739
99.555 88738
100.556 88735
100.595 88734
100.596 88732
105.18 88731
106.089 88730
106.541 88727
106.546 88724
106.556 88720
106.585 88718
106.61 88717
106.625 88708
106.627 88707
106.628 88703
106.631 88700
106.636 88697
106.636 88696
109.528 88694
115.625 88691
115.626 88689
116.384 88688
116.39 88686
116.445 88673
116.5 88669
116.501 88667
116.507 88665
116.507 88664
116.508 88662
116.535 88657
120.096 88656
120.097 88655
120.101 88652
120.107 88650
120.112 88649
120.114 88646
145.462 88638
145.791 88635
145.836 88634
152.915 88633
152.921 88631
154.766 88623
154.777 88621
154.778 88620
154.906 88617
154.908 88611
154.909 88606
154.936 88602
154.936 88600
154.937 88599
158.93 88597
158.935 88596
158.936 88591
158.939 88586
159.075 88584
159.146 88581
182.3 88574
182.302 88573
182.304 88570
204.963 88569
204.978 88567
213.565 88566
213.567 88565
213.571 88563
213.575 88562
213.577 88561
