0.017 20991
0.017 20969
0.018 20939
0.018 20912
0.018 20823
0.019 20539
0.019 20518
0.02 20510
0.021 20465
0.021 20371
0.021 20368
0.022 20316
0.022 20278
0.023 20268
0.023 20261
0.023 20221
0.024 20200
0.025 20142
0.026 20137
0.026 20135
0.026 20102
0.027 20031
0.028 20030
0.03 20012
0.031 20008
0.032 20004
0.033 20001
0.037 19997
0.037 19991
0.037 19958
0.039 19955
0.041 19954
0.044 19950
0.048 19939
0.048 19937
0.049 19923
0.049 19920
0.05 19919
0.055 19914
0.056 19910
0.057 19899
0.069 19867
0.081 19854
0.083 19847
0.085 19846
0.096 19844
0.097 19822
0.116 19816
0.13 19804
0.161 19779
0.163 19745
0.174 19740
0.23 19721
0.233 19716
0.236 19682
0.24 19657
0.246 19650
0.298 19624
0.299 19608
0.395 19563
0.396 19558
0.397 19537
0.409 19535
0.41 19532
0.411 19494
0.411 19487
0.413 19484
0.43 19469
0.431 19429
0.769 19391
0.772 19390
0.775 19379
0.776 19374
0.791 19351
0.792 19349
0.794 19337
0.829 19318
0.83 19309
0.831 19282
0.859 19267
0.863 19256
0.863 19227
9.343 19225
20.012 19209
20.014 19207
21.064 19198
23.275 19160
41.427 19159
41.438 19157
46.984 19151
46.985 19134
46.999 19131
53.616 19112
84.911 19108
84.929 19103
84.933 19098
97.483 19096
110.926 19095
110.956 19093
110.962 19090
135.158 19087
135.451 19086
148.468 19085
198.919 19083
198.933 19080
198.989 19079
198.996 19078
199.061 19074
