0.02 54235
0.02 54137
0.021 54074
0.021 54012
0.022 53997
0.022 53990
0.023 53971
0.024 53970
0.024 53968
0.024 53965
0.025 53956
0.025 53921
0.025 53910
0.026 53892
0.027 53890
0.027 53702
0.028 53681
0.029 53631
0.03 53586
0.031 53568
0.031 53567
0.032 53490
0.034 53409
0.036 53343
0.043 53334
0.044 53242
0.045 53203
0.046 53200
0.046 53187
0.047 53185
0.048 53180
0.049 53152
0.049 53151
0.05 53130
0.051 53125
0.052 53123
0.053 53095
0.066 53063
0.067 53056
0.07 52994
0.071 52989
0.072 52958
0.077 52878
0.078 52869
0.078 52863
0.08 52845
0.081 52844
0.088 52825
0.092 52824
0.094 52802
0.094 52787
0.158 52782
0.16 52670
0.164 52663
0.187 52631
0.188 52608
0.194 52604
0.197 52588
0.2 52540
0.214 52533
0.226 52521
0.227 52517
0.229 52516
0.23 52503
0.231 52491
0.237 52464
0.238 52419
0.239 52177
0.24 52169
0.24 52164
0.241 52126
0.242 52116
0.242 52076
0.319 52053
0.321 52009
0.323 51932
0.324 51897
0.325 51878
0.325 51798
0.326 51785
0.363 51756
0.368 51755
0.391 51734
0.391 51722
0.394 51702
0.412 51701
0.412 51690
0.422 51649
0.444 51639
0.445 51611
0.558 51609
0.559 51597
0.56 51566
0.561 51551
0.579 51534
0.579 51533
0.579 51518
0.58 51494
0.584 51480
0.618 51479
0.971 51455
1.134 51420
1.136 51398
1.136 51321
1.168 51258
1.485 51181
1.486 51173
1.488 51131
2.762 51103
2.763 51034
2.764 51023
2.765 50987
2.766 50976
2.768 50951
2.768 50944
2.779 50943
2.78 50937
11.849 50909
11.85 50886
11.851 50875
14.826 50849
14.83 50841
14.832 50840
14.833 50834
14.838 50793
14.84 50782
14.845 50781
15.607 50780
17.434 50779
17.477 50769
17.547 50753
17.552 50751
17.553 50728
17.892 50710
22.438 50697
25.397 50696
25.398 50685
25.403 50672
25.405 50670
25.406 50659
28.215 50621
28.637 50619
28.638 50617
28.639 50605
28.692 50593
29.909 50591
29.916 50579
29.919 50573
29.942 50558
29.953 50556
29.961 50549
29.962 50510
29.964 50504
29.968 50499
29.972 50493
35.563 50484
35.565 50439
35.57 50432
35.571 50421
35.783 50402
35.784 50382
35.785 50373
41.965 50363
42.922 50343
42.924 50315
48.176 50263
48.345 50238
48.632 50158
48.639 50157
48.641 50126
48.646 50117
48.648 50058
62.86 50056
62.863 50050
62.87 50045
62.872 50023
63.239 50020
63.24 49996
66.228 49970
75.756 49942
75.758 49941
75.768 49933
75.77 49921
75.773 49913
75.917 49912
75.919 49903
79.897 49887
79.952 49877
80.049 49857
80.052 49851
93.021 49846
93.022 49844
93.025 49842
94.402 49832
94.409 49829
94.419 49827
94.421 49812
94.604 49811
94.605 49805
96.29 49802
96.292 49793
96.316 49789
96.434 49787
96.478 49784
97.522 49780
97.523 49764
97.599 49746
101.743 49723
101.745 49719
101.752 49715
109.989 49710
109.994 49706
110.016 49694
126.257 49689
126.344 49687
129.348 49683
129.461 49682
159.542 49678
159.604 49676
159.617 49672
