0.02 31096
0.02 31087
0.021 30962
0.021 30931
0.021 30879
0.022 30792
0.023 30777
0.023 30763
0.024 30760
0.024 30734
0.026 30579
0.026 30563
0.027 30550
0.027 30531
0.028 30530
0.028 30519
0.029 30506
0.029 30453
0.03 30449
0.03 30424
0.031 30397
0.031 30360
0.032 30334
0.032 30257
0.033 30248
0.037 30238
0.037 30228
0.045 30190
0.046 30189
0.048 30161
0.048 30158
0.05 30148
0.052 30098
0.058 30091
0.059 30085
0.059 30082
0.062 30074
0.062 30039
0.063 30034
0.067 30027
0.068 29980
0.073 29898
0.081 29845
0.083 29842
0.087 29837
0.088 29820
0.089 29778
0.091 29776
0.092 29774
0.095 29661
0.096 29626
0.098 29621
0.12 29593
0.121 29565
0.125 29539
0.136 29524
0.14 29517
0.143 29468
0.143 29454
0.144 29453
0.19 29448
0.191 29442
0.192 29411
0.196 29390
0.628 29379
0.629 29373
0.722 29359
0.981 29358
0.981 29353
0.986 29334
0.988 29327
0.989 29318
0.989 29300
2.061 29261
2.065 29260
2.126 29237
2.135 29231
2.166 29228
2.217 29194
2.222 29184
2.223 29178
2.709 29170
2.719 29152
2.723 29140
3.235 29110
3.237 29108
3.263 29084
3.512 29069
3.513 29068
3.514 29057
3.516 29043
3.571 29040
3.584 28980
3.585 28971
4.256 28957
4.264 28938
15.226 28935
16.375 28916
16.395 28915
16.402 28876
16.404 28865
16.405 28853
18.039 28850
18.039 28835
18.04 28802
18.04 28786
18.405 28780
18.406 28779
18.526 28743
18.905 28733
18.906 28710
23.684 28708
28.691 28698
28.692 28697
28.694 28687
32.169 28662
32.186 28661
33.004 28648
33.226 28635
33.25 28630
33.352 28588
33.353 28587
33.36 28581
41.825 28574
42.287 28560
42.289 28559
42.289 28524
42.793 28523
45.168 28516
45.178 28497
45.249 28473
59.024 28444
59.029 28443
59.096 28439
70.645 28436
71.423 28431
71.429 28418
84.79 28417
84.795 28416
84.803 28414
84.807 28413
84.816 28409
84.85 28401
84.868 28400
84.872 28384
84.877 28378
85.922 28377
85.922 28371
85.923 28359
90.282 28356
90.791 28355
90.803 28344
90.806 28323
114.281 28313
124.02 28312
124.024 28305
124.032 28304
152.625 28300
154.571 28296
154.656 28293
154.761 28288
154.806 28287
