0.026 39254
0.026 39218
0.026 39217
0.026 39216
0.027 39215
0.028 39004
0.028 38990
0.029 38965
0.029 38919
0.029 38872
0.03 38825
0.03 38811
0.031 38721
0.033 38684
0.033 38654
0.034 38630
0.035 38623
0.036 38568
0.036 38538
0.036 38489
0.037 38476
0.037 38426
0.038 38420
0.038 38418
0.039 38412
0.039 38409
0.041 38392
0.041 38383
0.042 38354
0.045 38305
0.049 38302
0.049 38293
0.05 38290
0.053 38270
0.061 38265
0.062 38257
0.063 38218
0.065 38195
0.068 38133
0.069 38126
0.07 38105
0.07 38091
0.071 38062
0.078 37989
0.079 37985
0.08 37983
0.106 37920
0.115 37746
0.278 37743
0.384 37733
0.386 37731
0.53 37665
0.652 37656
0.653 37655
0.654 37650
0.656 37595
0.664 37584
0.665 37541
0.666 37531
0.668 37524
0.756 37523
1.226 37517
1.226 37512
1.229 37508
1.23 37501
1.243 37409
1.246 37391
1.248 37383
1.248 37366
1.249 37362
1.502 37361
1.54 37360
1.542 37357
1.542 37355
1.543 37345
1.544 37344
1.545 37331
1.546 37311
1.576 37306
1.578 37301
1.58 37286
1.582 37264
1.583 37258
1.584 37244
1.584 37193
2.231 37187
2.232 37176
2.232 37158
2.234 37098
2.234 37097
2.311 37092
2.312 37060
2.313 37059
2.314 37048
2.315 37040
2.32 37031
2.321 37014
2.321 36991
2.323 36980
2.4 36972
2.401 36962
2.755 36950
2.758 36926
2.76 36918
2.763 36915
2.763 36912
2.769 36896
2.77 36875
3.669 36870
3.671 36825
5.757 36815
5.868 36808
5.893 36807
5.897 36801
5.898 36800
5.899 36797
5.899 36795
5.902 36776
5.91 36751
5.914 36730
5.988 36721
17.661 36717
17.669 36713
17.669 36696
20.051 36687
20.053 36659
20.053 36637
20.053 36618
25.244 36614
25.246 36610
25.246 36581
25.247 36573
25.268 36572
25.271 36571
25.272 36562
35.289 36543
35.29 36535
35.292 36529
38.389 36498
38.39 36496
38.428 36441
38.444 36429
38.444 36428
48.613 36418
48.617 36415
50.821 36398
50.821 36393
50.822 36337
50.834 36334
50.834 36328
50.922 36326
50.972 36313
50.972 36297
50.975 36290
50.976 36287
69.874 36267
69.875 36255
76.325 36220
76.327 36208
76.406 36207
76.409 36199
77.577 36189
77.58 36187
77.581 36185
77.583 36168
77.584 36164
77.589 36163
77.593 36161
77.594 36155
77.594 36151
77.598 36127
77.687 36123
88.872 36109
88.876 36094
96.543 36087
96.577 36083
96.578 36079
96.597 36072
96.603 36065
96.624 36053
96.638 36051
105.766 36041
109.361 36036
109.363 36035
110.388 36034
110.417 36016
110.42 36014
111.698 36012
111.703 36000
111.765 35998
111.771 35982
111.774 35980
111.777 35979
111.779 35963
111.781 35959
112.045 35954
112.257 35948
112.272 35942
112.275 35941
134.791 35934
134.847 35933
136.557 35929
136.573 35926
136.592 35923
136.604 35922
137.441 35920
137.448 35919
137.45 35918
137.457 35910
137.47 35903
137.483 35902
140.297 35899
140.301 35895
140.749 35887
140.765 35877
140.782 35870
140.794 35869
140.801 35867
140.821 35865
140.823 35860
143.374 35859
144.721 35856
144.742 35848
144.747 35846
144.903 35842
145.088 35840
