0.027 62647
0.028 62592
0.029 62454
0.03 62449
0.03 62415
0.031 62413
0.031 62408
0.031 62393
0.038 62377
0.039 62372
0.039 62328
0.041 62327
0.041 62308
0.042 62250
0.043 62233
0.044 62217
0.044 62215
0.046 62153
0.046 62149
0.047 62138
0.047 61732
0.048 61728
0.049 61727
0.052 61690
0.053 61682
0.058 61651
0.058 61645
0.062 61644
0.063 61618
0.064 61615
0.066 61526
0.067 61518
0.068 61516
0.077 61509
0.079 61471
0.08 61468
0.084 61432
0.084 61411
0.086 61407
0.087 61401
0.088 61385
0.089 61381
0.091 61366
0.094 61307
0.096 61261
0.103 61222
0.103 61214
0.104 61210
0.11 61182
0.118 61174
0.118 61160
0.12 61155
0.13 61137
0.132 61110
0.133 61102
0.135 61061
0.137 61046
0.139 61019
0.14 61013
0.141 60970
0.143 60929
0.144 60900
0.148 60871
0.149 60847
0.164 60819
0.164 60813
0.165 60774
0.165 60767
0.175 60764
0.176 60763
0.178 60761
0.179 60720
0.18 60717
0.181 60696
0.189 60676
0.196 60655
0.199 60654
0.2 60640
0.201 60576
0.215 60567
0.219 60541
0.221 60539
0.223 60535
0.224 60514
0.225 60470
0.228 60457
0.238 60450
0.24 60434
0.292 60417
0.292 60407
0.293 60400
0.304 60363
0.304 60350
0.305 60309
0.306 60303
0.308 60302
0.323 60289
0.329 60280
0.339 60236
0.339 60233
0.34 60229
0.34 60215
0.343 60214
0.343 60210
0.344 60195
0.345 60152
0.345 60151
0.365 60147
0.374 60106
0.379 60100
0.379 60096
0.38 60080
0.387 60062
0.388 60058
0.476 60051
0.477 60047
0.479 60045
0.482 60030
0.573 60017
0.578 59998
0.579 59972
0.586 59957
0.605 59935
0.608 59934
0.608 59923
0.609 59917
0.615 59913
0.618 59911
0.618 59909
0.621 59902
0.624 59880
0.624 59860
0.629 59858
0.632 59833
0.635 59830
0.637 59824
0.638 59819
0.641 59795
0.661 59786
0.782 59780
0.785 59770
0.786 59768
0.833 59758
0.945 59749
0.945 59697
0.953 59695
0.968 59691
0.971 59689
1.506 59683
1.509 59669
1.512 59662
1.513 59615
1.514 59612
1.515 59604
4.027 59597
4.177 59583
4.18 59544
4.181 59541
4.182 59540
8.253 59497
8.259 59494
8.279 59484
11.834 59480
11.835 59458
11.836 59449
11.84 59436
14.337 59423
14.346 59415
16.657 59403
17.672 59402
17.673 59380
17.675 59372
22.068 59363
22.078 59348
22.082 59342
22.088 59295
24.119 59281
24.125 59278
24.129 59275
24.14 59239
24.148 59228
24.151 59212
34.6 59203
34.609 59195
34.612 59186
34.612 59181
34.613 59180
44.025 59172
44.026 59169
44.028 59148
60.086 59144
60.095 59143
60.101 59134
60.109 59126
60.112 59102
60.13 59099
60.133 59087
74.244 59076
74.354 59070
74.368 59069
74.368 59048
74.372 59038
80.978 59028
81.036 59023
81.037 59012
87.819 59010
87.822 59005
87.825 59004
87.83 58997
87.845 58993
87.847 58990
87.854 58988
87.876 58985
87.877 58980
88.136 58967
88.136 58965
96.121 58963
96.122 58955
96.126 58946
96.128 58927
96.128 58922
96.136 58921
96.142 58919
96.142 58917
96.217 58908
96.219 58903
96.221 58898
103.172 58891
108.976 58885
115.002 58883
115.003 58869
115.006 58864
115.077 58855
115.082 58849
116.259 58845
116.261 58843
116.357 58842
116.359 58839
125.065 58835
125.095 58834
125.126 58832
127.127 58830
127.171 58829
127.885 58826
127.889 58822
127.892 58811
127.897 58805
127.907 58798
134.827 58789
135.891 58785
138.934 58779
138.975 58776
139.016 58771
139.054 58754
143.211 58743
143.449 58734
143.601 58732
145.841 58727
145.842 58726
145.901 58722
151.369 58718
151.387 58717
151.391 58715
153.122 58712
153.124 58711
153.139 58710
153.141 58704
153.447 58700
153.46 58696
153.466 58694
153.534 58691
155.711 58685
155.716 58681
169.807 58677
170.248 58675
170.251 58674
170.478 58670
170.624 58664
170.639 58663
170.644 58662
170.988 58659
170.991 58658
172.627 58649
172.689 58647
172.706 58645
172.747 58641
172.759 58640
181.402 58635
181.428 58633
181.705 58624
181.706 58618
181.852 58616
182.409 58612
182.416 58609
182.478 58607
188.96 58605
188.968 58604
188.974 58602
188.975 58596
189.258 58592
203.233 58591
203.358 58587
205.549 58584
205.619 58583
205.743 58581
205.758 58580
205.788 58579
208.728 58578
208.734 58577
208.862 58575
214.097 58573
214.102 58570
214.78 58569
222.078 58568
226.966 58567
227.008 58566
227.032 58561
