0.025 39235
0.026 39230
0.026 39197
0.027 39169
0.027 39147
0.027 39144
0.028 39130
0.028 39120
0.028 38750
0.029 38732
0.029 38729
0.03 38716
0.03 38699
0.03 38690
0.03 38689
0.031 38655
0.032 38646
0.032 38617
0.032 38614
0.033 38610
0.034 38577
0.035 38551
0.037 38409
0.037 38402
0.039 38378
0.04 38373
0.041 38368
0.041 38364
0.042 38355
0.042 38346
0.043 38311
0.044 38210
0.044 38193
0.044 38191
0.045 38147
0.048 38130
0.049 38129
0.049 38105
0.049 38052
0.05 38048
0.051 38041
0.052 38040
0.055 38034
0.055 38032
0.062 38019
0.062 38011
0.063 38006
0.063 37974
0.07 37932
0.115 37918
0.125 37857
0.125 37828
0.126 37795
0.126 37772
0.127 37761
0.128 37723
0.128 37714
0.129 37707
0.13 37675
0.131 37653
0.132 37564
0.134 37542
0.155 37540
0.169 37537
0.17 37525
0.182 37483
0.185 37482
0.187 37443
0.188 37407
0.247 37395
0.25 37379
0.252 37372
0.267 37343
0.272 37329
1.338 37324
1.345 37322
1.367 37315
1.369 37312
1.371 37298
1.373 37295
1.376 37282
1.377 37279
1.406 37266
1.577 37263
1.581 37240
1.624 37196
1.625 37173
1.625 37155
1.643 37149
1.645 37137
1.647 37135
1.647 37118
1.649 37090
1.651 37069
1.651 37065
1.686 37042
1.899 37023
2.211 37006
2.242 36981
2.735 36975
2.736 36933
2.738 36930
2.739 36919
4.382 36909
4.852 36885
4.913 36854
4.915 36851
4.923 36837
4.924 36824
4.925 36821
4.93 36808
4.931 36801
9.561 36791
9.563 36786
9.565 36783
9.566 36767
9.567 36766
9.571 36724
10.509 36718
10.61 36709
15.745 36686
15.746 36674
18.485 36663
18.486 36652
18.486 36642
18.487 36631
19.308 36630
19.309 36629
19.344 36613
19.345 36610
19.346 36609
23.241 36597
23.241 36585
23.244 36577
23.37 36569
23.37 36566
23.371 36559
23.381 36542
23.382 36534
23.392 36522
23.393 36488
30.542 36487
30.777 36485
30.778 36468
30.78 36466
30.786 36463
30.791 36456
30.802 36455
30.847 36446
30.85 36443
30.863 36421
30.865 36416
46.05 36406
46.069 36405
46.07 36404
46.072 36402
46.072 36396
53.85 36390
56.074 36386
56.076 36372
56.518 36361
56.518 36356
57.104 36347
57.104 36344
57.106 36340
57.109 36332
57.111 36329
57.127 36321
57.556 36315
57.558 36304
57.559 36303
57.56 36292
57.561 36288
57.579 36286
57.581 36282
57.581 36280
57.596 36217
57.599 36204
57.601 36199
57.602 36171
57.607 36168
57.608 36161
57.653 36149
57.658 36142
57.682 36135
57.684 36131
78.892 36129
78.893 36128
78.894 36125
78.907 36121
79.004 36116
79.01 36115
79.018 36100
79.024 36091
79.025 36084
79.032 36075
79.035 36071
101.245 36052
101.249 36050
102.358 36046
102.361 36040
102.362 36035
102.377 36031
102.378 36030
102.382 36026
102.396 36025
102.401 36024
102.42 36018
102.424 36012
102.428 36008
102.432 36005
102.459 36003
102.46 35997
102.467 35992
102.47 35987
102.541 35978
102.542 35967
116.683 35965
116.87 35963
116.874 35956
116.876 35948
116.88 35946
116.89 35943
116.936 35941
116.937 35937
116.942 35931
116.959 35913
116.971 35910
116.971 35908
128.609 35907
128.617 35899
128.66 35894
128.692 35888
128.693 35887
128.697 35872
133.089 35869
133.103 35867
133.12 35865
133.324 35849
173.894 35848
173.899 35845
186.786 35844
186.792 35839
187.193 35832
187.815 35831
187.9 35830
187.915 35828
187.938 35825
