0.032 29243
0.033 29208
0.034 29185
0.035 29110
0.036 29088
0.037 29085
0.037 29039
0.038 28999
0.039 28959
0.039 28955
0.039 28949
0.04 28948
0.04 28947
0.041 28940
0.042 28934
0.042 28928
0.043 28918
0.043 28900
0.044 28896
0.045 28891
0.049 28884
0.051 28882
0.051 28874
0.052 28862
0.052 28856
0.052 28852
0.053 28847
0.056 28846
0.057 28845
0.057 28842
0.057 28827
0.076 28826
0.078 28799
0.111 28798
0.112 28768
0.115 28764
0.115 28746
0.116 28728
0.116 28708
0.117 28707
0.119 28639
0.122 28630
0.176 28613
0.177 28608
0.178 28595
0.178 28592
0.192 28591
0.192 28585
0.192 28583
0.193 28582
0.196 28572
0.197 28544
0.206 28539
0.208 28530
0.257 28499
0.258 28492
0.258 28487
0.26 28485
0.26 28475
0.261 28469
0.263 28448
0.268 28439
0.269 28414
0.269 28406
0.274 28405
0.275 28404
0.283 28395
0.285 28386
0.285 28374
0.287 28370
0.288 28357
0.289 28349
0.291 28313
0.293 28310
0.341 28304
0.345 28300
0.346 28298
0.351 28289
0.358 28281
0.358 28277
0.36 28276
0.361 28251
0.363 28250
0.364 28228
0.76 28224
0.806 28193
0.815 28162
0.816 28085
0.817 28074
0.818 28058
0.819 28036
0.851 28009
0.854 27968
0.855 27962
0.857 27943
0.858 27913
0.86 27902
0.861 27886
1.06 27877
1.061 27869
1.062 27864
1.067 27858
1.074 27851
1.075 27848
1.075 27847
1.075 27844
1.078 27831
1.078 27827
1.195 27820
1.196 27794
1.211 27790
4.631 27754
4.632 27739
4.64 27726
6.028 27711
6.029 27708
8.62 27694
8.622 27688
10.452 27675
10.453 27673
10.454 27666
10.458 27665
10.459 27597
10.459 27592
11.736 27583
11.738 27564
12.477 27547
12.478 27535
12.573 27520
12.576 27519
12.577 27512
20.44 27501
20.442 27495
22.283 27484
22.318 27481
22.33 27457
22.332 27454
22.332 27451
22.351 27445
22.354 27441
22.355 27440
22.357 27438
24.51 27420
25.376 27418
25.378 27414
25.388 27409
25.39 27400
25.39 27397
25.393 27396
25.393 27391
36.721 27390
36.729 27386
37.197 27353
37.198 27343
37.291 27333
37.298 27315
51.081 27304
52.617 27302
57.822 27301
57.822 27290
57.825 27287
57.827 27286
57.829 27280
57.841 27276
57.845 27265
59.445 27247
59.447 27245
59.447 27231
59.891 27226
60.075 27222
60.278 27221
60.293 27218
60.294 27214
60.295 27201
60.295 27195
60.296 27194
60.691 27185
60.707 27172
61.278 27169
61.281 27162
61.284 27156
61.284 27149
78.219 27148
78.222 27146
78.224 27144
78.263 27142
78.264 27139
83.437 27136
83.44 27130
83.827 27129
83.834 27128
83.987 27122
83.988 27104
83.989 27099
83.99 27097
85.933 27093
85.951 27089
85.951 27087
85.963 27086
85.966 27083
85.97 27068
87.445 27064
87.448 27059
87.453 27056
87.454 27049
111.027 27041
111.061 27039
111.089 27037
111.09 27036
111.142 27031
111.143 27027
111.154 27026
111.167 27025
116.172 27024
125.141 27022
125.376 27017
125.417 27016
125.538 27013
125.616 26998
126.835 26997
126.837 26996
126.84 26992
126.843 26990
126.979 26988
159.938 26986
175.599 26985
175.601 26984
175.728 26983
175.819 26982
175.872 26981
175.93 26976
175.985 26975
176.061 26974
176.19 26973
178.378 26972
178.385 26971
178.418 26970
178.439 26969
