0.032 29255
0.033 29210
0.033 29190
0.034 29187
0.034 29177
0.034 29175
0.035 29153
0.036 29148
0.036 29140
0.037 29133
0.038 29122
0.038 29115
0.038 29108
0.038 29102
0.04 29080
0.04 29070
0.04 29067
0.041 29051
0.041 29049
0.042 29043
0.042 29041
0.043 29039
0.044 29035
0.045 28995
0.046 28951
0.047 28950
0.059 28920
0.06 28916
0.06 28915
0.061 28914
0.062 28894
0.064 28872
0.067 28860
0.067 28853
0.067 28852
0.079 28838
0.084 28833
0.085 28831
0.089 28826
0.096 28794
0.103 28763
0.104 28737
0.104 28734
0.107 28635
0.108 28634
0.108 28609
0.109 28608
0.111 28583
0.113 28576
0.113 28574
0.115 28567
0.119 28560
0.119 28556
0.122 28542
0.124 28528
0.126 28526
0.129 28523
0.129 28514
0.13 28472
0.131 28470
0.131 28468
0.131 28462
0.136 28417
0.137 28411
0.137 28387
0.139 28384
0.14 28382
0.141 28377
0.143 28345
0.143 28328
0.185 28324
0.185 28316
0.186 28312
0.282 28303
0.282 28296
0.285 28275
0.285 28265
0.287 28256
0.287 28255
0.287 28252
0.491 28250
0.497 28239
0.497 28212
0.674 28208
0.674 28206
1.217 28194
1.218 28191
1.218 28187
1.219 28181
1.529 28177
1.529 28158
1.531 28148
1.532 28143
1.533 28138
1.533 28128
1.534 28125
1.534 28120
1.535 28105
1.747 28094
1.748 28053
1.75 28034
1.751 28028
1.752 28018
1.77 28013
1.789 28003
1.792 27989
1.801 27987
1.819 27982
1.82 27977
1.82 27974
1.821 27958
1.822 27951
2.628 27937
2.64 27934
2.641 27933
2.643 27915
2.704 27910
2.705 27894
2.757 27889
2.758 27882
2.759 27873
2.761 27867
2.761 27865
2.762 27863
2.767 27855
2.773 27853
2.774 27835
2.775 27833
2.936 27824
2.938 27802
3.026 27781
3.117 27765
3.131 27764
3.132 27761
5.473 27756
6.774 27739
6.926 27724
6.928 27717
6.929 27716
6.929 27708
6.93 27705
6.93 27703
6.936 27698
6.937 27690
7.565 27686
7.588 27679
7.59 27661
7.61 27656
7.644 27654
7.646 27612
9.727 27606
9.728 27597
9.735 27593
9.738 27589
10.516 27579
12.435 27576
12.477 27565
12.477 27560
12.479 27559
19.368 27556
19.369 27544
19.37 27527
19.37 27520
19.372 27519
19.374 27517
19.382 27510
19.383 27486
19.384 27480
19.422 27456
19.423 27455
21.33 27451
21.339 27449
21.339 27445
21.341 27430
21.344 27427
21.346 27426
21.415 27419
21.418 27417
21.422 27416
21.853 27388
21.853 27385
21.858 27371
21.859 27366
21.861 27354
21.861 27335
21.862 27327
25.211 27323
25.212 27294
25.213 27293
25.214 27288
25.216 27287
25.216 27260
25.217 27246
25.219 27243
37.443 27233
37.444 27220
37.445 27215
37.448 27193
40.524 27190
40.529 27186
40.646 27184
40.844 27177
40.933 27173
41.461 27167
41.512 27141
41.516 27136
42.621 27132
42.647 27106
43.98 27096
43.986 27095
43.987 27082
44.02 27060
44.022 27049
44.023 27043
44.024 27037
44.126 27036
44.128 27031
44.13 27030
44.134 27023
44.136 27014
45.701 26975
45.862 26970
45.863 26965
45.865 26961
45.869 26953
45.869 26945
45.877 26939
47.815 26928
47.816 26921
47.865 26917
47.87 26913
47.886 26908
48.259 26906
48.261 26894
49.02 26892
49.021 26888
49.057 26871
49.057 26865
82.791 26863
82.802 26862
82.815 26861
82.816 26858
82.818 26857
82.821 26856
82.831 26855
82.836 26848
82.896 26847
82.897 26842
82.898 26841
82.9 26838
82.901 26824
82.909 26821
82.923 26818
82.966 26810
94.052 26797
94.11 26796
94.114 26791
94.117 26789
94.124 26783
94.125 26779
94.13 26777
94.181 26774
94.283 26769
94.284 26757
94.782 26756
94.784 26750
107.789 26748
107.798 26740
118.534 26739
118.552 26733
118.569 26726
118.574 26724
118.823 26718
118.825 26717
118.856 26716
118.861 26713
118.865 26712
119.037 26710
119.05 26709
119.054 26705
119.569 26704
119.602 26703
119.702 26702
119.711 26699
151.335 26698
151.395 26695
151.413 26693
151.413 26691
151.415 26689
153.43 26688
156.345 26687
156.363 26685
156.492 26683
160.197 26682
160.692 26680
160.716 26679
160.717 26678
180.202 26675
181.245 26674
181.291 26672
182.358 26671
182.599 26670
