0.032 51714
0.032 51683
0.033 51656
0.034 51560
0.035 51557
0.036 51202
0.036 51159
0.04 51150
0.04 51104
0.04 51082
0.041 51076
0.042 51070
0.043 51052
0.043 51051
0.045 51025
0.045 51008
0.046 50990
0.047 50965
0.047 50962
0.048 50954
0.049 50951
0.049 50945
0.049 50944
0.05 50894
0.051 50861
0.051 50856
0.052 50855
0.054 50815
0.055 50800
0.056 50782
0.058 50776
0.061 50768
0.072 50761
0.073 50758
0.073 50735
0.074 50705
0.074 50666
0.075 50660
0.106 50624
0.108 50580
0.11 50518
0.181 50480
0.182 50449
0.254 50424
0.254 50421
0.283 50384
0.285 50357
0.287 50347
0.29 50329
0.294 50320
0.329 50317
0.329 50315
0.33 50292
0.339 50254
0.342 50247
0.353 50206
0.353 50185
0.366 50175
0.367 50073
0.369 50063
0.392 50052
0.392 50047
0.393 50026
0.448 50005
0.449 50003
0.45 49997
0.453 49994
0.575 49968
1.142 49947
1.144 49933
1.145 49932
1.147 49920
1.177 49918
1.644 49863
1.708 49853
1.717 49848
1.718 49836
1.721 49810
1.722 49793
1.725 49781
2.071 49702
3.098 49687
3.098 49669
3.099 49641
3.871 49639
3.875 49628
5.653 49593
5.653 49587
5.653 49564
5.654 49519
5.655 49448
5.656 49417
5.657 49375
5.658 49373
5.66 49371
5.681 49365
5.682 49364
5.885 49344
5.885 49341
5.886 49329
5.887 49312
6.011 49303
6.043 49295
6.046 49283
12.943 49279
12.943 49269
12.946 49258
16.699 49251
16.712 49236
16.719 49229
16.724 49221
16.725 49219
16.908 49170
18.218 49161
18.226 49143
18.248 49141
18.249 49126
18.25 49115
18.312 49104
18.322 49100
18.325 49099
18.327 49088
18.327 49080
18.328 49066
18.329 49055
18.331 49005
28.701 49002
28.703 48993
28.703 48991
28.826 48945
28.827 48931
28.831 48928
28.833 48927
28.851 48909
28.856 48904
28.858 48896
28.859 48886
28.873 48883
28.893 48874
36.118 48872
36.122 48866
36.124 48859
36.136 48817
36.143 48812
37.351 48767
38.249 48763
38.251 48761
38.38 48759
38.381 48758
38.39 48748
38.421 48746
38.423 48720
38.775 48719
38.78 48695
38.807 48691
38.812 48685
38.818 48664
38.821 48651
43.668 48639
43.679 48638
43.699 48635
43.784 48624
44.799 48621
44.802 48619
44.809 48596
44.811 48593
45.541 48589
45.546 48583
45.619 48581
45.689 48580
45.692 48576
45.694 48568
45.698 48565
45.699 48563
45.701 48545
45.703 48531
45.708 48519
45.82 48508
45.822 48502
48.541 48469
48.541 48459
48.542 48458
75.996 48452
75.997 48445
75.997 48437
76.133 48427
76.134 48421
76.289 48418
76.296 48407
76.3 48405
76.98 48404
77.258 48403
77.309 48366
79.234 48353
79.242 48343
79.272 48342
79.276 48338
81.559 48333
81.565 48330
81.565 48323
81.569 48316
81.618 48299
81.621 48298
81.644 48294
81.648 48293
81.912 48292
81.914 48290
82.354 48289
82.356 48287
82.356 48281
84.508 48263
84.544 48250
84.554 48232
84.566 48219
84.57 48215
84.576 48209
114.324 48204
114.375 48198
115.018 48193
115.625 48188
115.633 48187
115.656 48184
115.671 48183
115.837 48181
117.816 48180
117.825 48179
117.836 48175
117.846 48170
117.859 48169
117.87 48157
118.345 48151
118.383 48143
118.429 48140
118.461 48139
118.493 48138
118.498 48136
118.81 48128
118.819 48125
118.828 48119
118.833 48117
124.499 48115
124.5 48112
124.547 48102
126.583 48100
126.595 48098
126.596 48095
126.733 48090
126.736 48089
129.538 48083
130.576 48080
130.594 48074
130.798 48070
132.995 48063
132.997 48059
133.016 48058
135.693 48057
135.727 48054
136.812 48051
136.815 48048
136.831 48047
136.844 48046
139.727 48044
139.746 48038
139.759 48037
139.8 48030
163.996 48023
164.06 48014
164.067 48013
164.073 48010
164.084 48008
164.771 48007
164.781 48006
164.794 48005
164.847 48000
164.848 47999
165.735 47994
165.744 47993
165.783 47990
165.952 47988
166.008 47987
166.182 47986
193.589 47984
196.787 47983
196.869 47982
196.871 47981
