0.037 75172
0.038 75171
0.038 75169
0.039 75126
0.04 75121
0.04 75105
0.04 75097
0.041 75064
0.042 75063
0.042 75059
0.042 75043
0.042 75035
0.043 75012
0.043 74996
0.043 74995
0.044 74953
0.045 74931
0.046 74915
0.046 74914
0.047 74878
0.048 74806
0.049 74797
0.051 74790
0.051 74784
0.053 74590
0.053 74589
0.054 74588
0.055 74583
0.056 74558
0.059 74554
0.06 74551
0.061 74529
0.061 74524
0.062 74460
0.062 74451
0.063 74434
0.064 74227
0.065 74221
0.083 74132
0.084 74131
0.085 74119
0.086 74115
0.087 74094
0.088 74084
0.113 74072
0.113 73931
0.115 73823
0.118 73822
0.119 73808
0.121 73803
0.127 73801
0.128 73796
0.128 73777
0.137 73606
0.139 73605
0.14 73598
0.146 73595
0.146 73584
0.147 73583
0.147 73582
0.148 73543
0.159 73536
0.159 73515
0.16 73502
0.161 73478
0.162 73465
0.163 73441
0.163 73440
0.164 73438
0.164 73436
0.166 73435
0.166 73431
0.166 73426
0.168 73352
0.169 73330
0.171 73303
0.172 73247
0.179 73017
0.18 73010
0.181 73000
0.184 72987
0.185 72986
0.189 72981
0.189 72975
0.19 72970
0.193 72918
0.205 72836
0.205 72818
0.206 72804
0.211 72772
0.211 72769
0.215 72768
0.216 72751
0.217 72746
0.217 72743
0.218 72721
0.22 72715
0.228 72666
0.228 72665
0.233 72606
0.236 72602
0.238 72597
0.243 72587
0.244 72542
0.244 72530
0.249 72525
0.249 72523
0.251 72509
0.267 72428
0.267 72424
0.269 72370
0.269 72339
0.27 72335
0.27 72331
0.27 72323
0.271 72309
0.272 72280
0.272 72278
0.273 72276
0.274 72273
0.276 72253
0.277 72245
0.278 72243
0.278 72236
0.279 72234
0.303 72232
0.303 72180
0.304 72161
0.304 72133
0.305 72119
0.306 72109
0.307 72107
0.309 72092
0.316 72087
0.317 72081
0.317 72077
0.317 72076
0.348 72064
0.349 72063
0.354 72061
0.356 72058
0.357 71919
0.365 71894
0.366 71833
0.367 71828
0.368 71616
0.369 71614
0.453 71558
0.455 71549
0.456 71546
0.467 71538
0.468 71536
0.469 71532
0.474 71528
0.476 71526
0.48 71503
0.486 71465
0.488 71225
0.489 71208
0.489 71173
0.49 71147
0.491 71144
0.491 71127
0.492 71119
0.569 71109
0.57 71065
0.571 71035
0.572 70991
0.573 70979
0.575 70977
0.575 70970
0.576 70959
0.711 70939
0.712 70903
0.721 70897
0.721 70894
0.722 70874
0.73 70870
0.731 70860
0.748 70856
0.749 70849
1.029 70684
1.032 70646
1.033 70642
1.185 70632
1.188 70627
1.19 70602
1.191 70598
1.191 70579
1.193 70574
1.194 70530
1.195 70507
1.195 70499
1.196 70471
1.196 70437
1.196 70433
1.197 70432
1.447 70427
1.851 70414
1.852 70408
1.855 70369
1.905 70357
1.907 70339
1.907 70336
1.909 70310
1.922 70301
1.923 70295
1.924 70274
1.927 70255
1.934 70248
1.94 70244
1.941 70237
1.942 70232
1.944 70215
1.944 70199
1.945 70182
2.008 70167
2.01 70144
2.011 70132
2.016 70111
2.024 70082
2.144 70070
2.145 70064
3.061 70062
3.305 70044
3.306 70043
3.306 70039
3.312 70008
3.315 69991
3.317 69989
3.325 69974
3.327 69965
3.328 69962
3.329 69959
3.343 69915
3.345 69893
3.346 69883
3.347 69882
3.848 69881
3.85 69869
3.85 69865
3.852 69864
3.853 69856
3.855 69828
3.859 69827
3.86 69824
3.864 69810
3.865 69808
3.866 69804
3.867 69797
3.867 69796
3.96 69794
3.962 69791
3.965 69786
3.967 69775
3.969 69762
3.969 69750
3.97 69735
3.973 69713
3.982 69670
3.983 69648
3.985 69643
3.985 69618
3.988 69600
5.012 69576
5.173 69528
5.174 69497
5.18 69475
5.184 69444
5.185 69440
5.185 69436
5.189 69430
5.389 69333
5.391 69332
5.4 69324
5.405 69314
5.405 69309
5.405 69283
5.409 69278
5.706 69268
5.706 69260
5.978 69233
6.138 69217
6.14 69210
6.142 69193
6.143 69179
6.145 69160
6.145 69148
6.146 69140
6.186 69130
6.529 69102
6.814 69067
6.817 69063
6.821 69055
6.824 69035
6.824 69009
6.825 69008
6.825 68996
6.826 68989
6.83 68982
6.832 68980
6.836 68979
6.838 68977
6.847 68952
6.849 68951
9.725 68896
9.729 68891
9.782 68885
9.784 68884
9.786 68880
9.79 68825
9.794 68798
9.794 68788
9.798 68785
9.799 68783
9.8 68757
10.536 68749
10.536 68746
10.541 68745
10.542 68744
10.543 68725
10.544 68712
10.545 68703
10.55 68699
10.552 68684
10.552 68671
12.193 68669
12.195 68645
12.195 68642
12.197 68641
12.198 68640
12.199 68634
12.2 68628
12.213 68624
12.215 68621
12.224 68596
12.377 68594
12.378 68592
12.379 68571
12.411 68569
12.412 68564
12.415 68561
12.416 68558
18.894 68555
18.904 68542
18.904 68541
29.682 68530
29.982 68520
29.982 68516
29.984 68470
29.986 68456
29.986 68450
29.988 68448
30.036 68440
30.038 68434
30.039 68430
30.04 68426
30.94 68425
30.945 68423
30.949 68418
30.949 68414
31.025 68407
31.036 68398
31.037 68396
31.038 68390
31.043 68389
31.047 68379
31.11 68365
31.112 68351
31.117 68350
31.118 68348
31.118 68345
31.119 68320
31.119 68311
31.129 68310
31.137 68309
31.146 68307
31.149 68300
38.052 68284
38.053 68277
38.054 68276
39.882 68272
39.905 68246
39.908 68241
39.908 68232
39.912 68229
40.052 68212
40.055 68190
40.669 68181
53.347 68162
53.349 68143
58.567 68139
58.568 68116
58.657 68101
60.191 68074
60.192 68058
60.404 68057
60.409 68055
60.41 68054
60.608 68047
60.609 68030
60.618 68026
60.62 68017
60.627 68010
60.629 68004
64.042 68001
64.042 68000
64.045 67993
64.046 67992
64.054 67988
64.112 67982
64.12 67967
64.123 67963
64.127 67959
64.127 67956
64.134 67950
73.924 67935
79.35 67929
81.55 67925
81.552 67913
83.608 67883
83.61 67878
83.618 67876
83.62 67854
83.621 67847
83.752 67845
83.763 67822
84.223 67811
84.226 67807
84.709 67805
84.71 67788
84.735 67783
84.809 67780
84.921 67765
84.921 67760
86.201 67758
86.222 67752
86.504 67746
86.512 67742
86.517 67736
86.524 67733
86.535 67732
86.54 67720
109.656 67719
109.662 67717
109.673 67711
109.676 67702
109.678 67699
109.719 67697
109.73 67695
111.129 67689
114.803 67685
114.803 67682
114.814 67677
114.817 67646
135.38 67636
135.394 67634
135.406 67630
135.518 67621
135.519 67617
135.526 67611
135.528 67601
136.16 67597
152.416 67595
152.42 67591
152.423 67590
152.44 67581
154.061 67579
154.067 67577
163.411 67569
170.636 67567
170.638 67564
170.639 67563
170.659 67562
174.816 67559
175.004 67558
175.007 67555
175.016 67553
176.085 67552
187.911 67543
187.949 67538
188.219 67533
188.242 67527
188.244 67526
188.248 67525
202.307 67524
202.317 67523
202.402 67519
202.419 67518
202.44 67517
