0.036 49212
0.037 49185
0.038 49161
0.038 49156
0.039 49135
0.04 49036
0.041 48999
0.041 48984
0.042 48981
0.042 48970
0.043 48962
0.045 48959
0.045 48935
0.046 48899
0.046 48898
0.047 48880
0.047 48873
0.048 48829
0.049 48820
0.049 48781
0.05 48768
0.05 48749
0.051 48742
0.051 48734
0.056 48725
0.056 48693
0.057 48657
0.057 48629
0.058 48597
0.059 48592
0.061 48590
0.062 48554
0.064 48550
0.065 48538
0.073 48509
0.074 48500
0.076 48493
0.077 48492
0.077 48469
0.086 48456
0.097 48381
0.097 48378
0.101 48375
0.102 48359
0.102 48358
0.103 48344
0.111 48314
0.113 48305
0.131 48304
0.132 48300
0.136 48280
0.141 48264
0.142 48206
0.149 48180
0.15 48163
0.152 48161
0.154 48118
0.155 48117
0.156 48091
0.194 48086
0.216 48060
0.216 48056
0.251 48015
0.252 48014
0.254 48010
0.257 48009
0.264 47997
0.295 47984
0.307 47977
0.309 47962
0.311 47952
0.412 47934
0.415 47908
0.417 47877
0.417 47868
0.418 47862
0.42 47840
0.42 47823
0.422 47810
0.423 47785
0.463 47774
0.684 47771
0.692 47753
0.694 47748
0.694 47730
0.695 47721
0.704 47683
0.704 47670
0.705 47665
0.705 47664
0.965 47616
0.969 47582
0.969 47580
0.972 47578
0.972 47577
0.974 47561
2.681 47549
2.683 47536
2.683 47533
2.728 47466
2.741 47383
2.888 47372
2.953 47347
2.956 47344
2.957 47343
2.957 47327
2.971 47314
3.184 47310
3.185 47291
3.188 47272
3.189 47264
3.19 47251
3.593 47232
3.597 47230
3.598 47229
3.599 47225
3.6 47224
3.6 47218
3.601 47200
3.602 47190
3.602 47182
3.604 47168
3.605 47135
3.804 47126
8.058 47116
8.06 47104
8.061 47098
8.09 47064
8.1 47053
8.101 47029
8.103 47019
8.109 47010
18.281 46993
18.285 46992
18.287 46991
18.289 46988
18.292 46985
18.302 46973
18.304 46972
18.307 46963
18.307 46962
18.31 46949
18.312 46946
18.327 46943
22.277 46938
22.283 46933
22.304 46925
22.304 46916
22.305 46911
22.389 46907
22.39 46906
22.391 46878
22.394 46871
22.394 46868
22.395 46863
22.395 46861
24.027 46838
24.029 46837
24.067 46831
24.067 46829
24.119 46828
24.12 46824
24.121 46823
24.123 46817
24.125 46799
24.13 46789
24.148 46788
24.155 46778
24.157 46775
24.158 46768
24.161 46765
24.162 46763
27.401 46753
27.404 46744
42.114 46727
47.876 46726
47.877 46724
47.894 46722
47.895 46706
47.913 46697
49.498 46694
49.499 46691
49.913 46683
49.926 46682
49.981 46668
50.149 46659
50.151 46657
50.168 46656
50.168 46655
50.254 46654
51.24 46652
51.241 46649
51.241 46647
51.245 46646
51.433 46644
51.446 46639
51.452 46637
51.453 46620
51.527 46615
51.638 46594
51.639 46593
51.64 46589
51.643 46585
51.644 46584
51.644 46571
51.652 46550
51.654 46547
51.657 46545
51.663 46542
51.664 46519
51.667 46518
64.574 46508
64.898 46505
64.899 46477
64.902 46466
64.907 46464
64.908 46463
64.91 46462
64.91 46455
64.911 46450
64.913 46434
64.914 46433
64.917 46431
64.93 46426
64.933 46420
64.99 46399
64.991 46373
65.011 46353
65.318 46351
65.32 46350
65.322 46349
65.322 46346
65.465 46332
65.465 46328
65.485 46327
65.488 46301
65.537 46299
65.541 46282
65.544 46280
79.013 46279
79.027 46270
79.033 46255
79.048 46254
80.636 46253
81.174 46247
81.284 46244
81.317 46227
81.326 46215
81.328 46206
81.338 46195
81.341 46194
81.341 46188
81.356 46169
81.38 46159
81.387 46155
81.389 46154
95.282 46136
95.283 46122
95.288 46117
95.329 46111
95.333 46109
95.334 46104
96.428 46103
96.429 46098
96.483 46096
96.66 46095
96.669 46088
96.676 46080
96.685 46078
96.921 46070
96.936 46065
96.94 46059
107.356 46058
107.363 46054
107.387 46049
107.388 46048
109.191 46036
109.284 46031
109.294 46028
109.303 46026
109.313 46018
109.361 46015
111.771 46009
112.076 45983
113.956 45978
117.12 45976
117.122 45974
117.124 45973
117.126 45972
117.138 45971
117.14 45968
117.543 45963
117.544 45961
117.548 45955
117.553 45953
117.572 45950
117.575 45949
117.94 45947
117.945 45940
117.95 45939
117.986 45936
121.28 45935
121.281 45931
121.3 45924
121.337 45922
128.252 45913
128.254 45909
128.935 45908
128.952 45904
128.979 45902
128.984 45895
129.018 45892
129.021 45891
129.024 45889
129.04 45888
129.044 45887
129.073 45886
129.093 45884
129.119 45883
129.122 45882
165.66 45881
172.281 45879
172.344 45871
175.712 45870
176.446 45869
177.58 45868
177.74 45867
178.157 45864
178.168 45861
181.546 45860
185.051 45859
