0.043 96216
0.044 96208
0.045 96198
0.045 96147
0.046 96130
0.047 96035
0.048 96012
0.049 95908
0.049 95888
0.05 95507
0.051 95396
0.052 95381
0.053 95375
0.054 95372
0.054 95362
0.065 95313
0.066 95310
0.07 95280
0.071 95279
0.071 94871
0.077 94863
0.078 94862
0.08 94852
0.082 94752
0.082 94742
0.087 94624
0.088 94615
0.09 94612
0.09 94598
0.095 94595
0.1 94417
0.101 94414
0.103 94411
0.103 94402
0.104 94400
0.104 94378
0.106 94367
0.106 94365
0.11 94339
0.113 94323
0.116 94322
0.117 94278
0.118 94274
0.119 94256
0.12 94248
0.135 94228
0.137 94225
0.138 94217
0.139 94159
0.141 94155
0.142 94150
0.143 94123
0.144 94002
0.145 93959
0.146 93946
0.152 93841
0.154 93784
0.156 93763
0.163 93754
0.165 93753
0.166 93726
0.168 93710
0.186 93550
0.186 93532
0.187 93519
0.188 93514
0.197 93424
0.202 93220
0.203 93218
0.229 93216
0.23 93210
0.23 93184
0.238 93161
0.239 93158
0.254 93143
0.265 93132
0.266 93124
0.267 93052
0.285 93034
0.286 92904
0.295 92901
0.295 92859
0.302 92823
0.315 92822
0.315 92817
0.316 92816
0.318 92800
0.336 92776
0.353 92761
0.354 92759
0.357 92747
0.374 92668
0.374 92666
0.389 92640
0.393 92639
0.395 92619
0.397 92588
0.412 92543
0.415 92531
0.415 92521
0.44 92490
0.442 92448
0.443 92442
0.444 92407
0.521 92402
0.522 92401
0.524 92373
0.526 92186
0.533 92182
0.534 92155
0.535 92154
0.538 92150
0.544 92137
0.761 92134
0.762 92126
0.765 92124
0.767 92097
0.774 92049
0.775 92045
0.784 92001
0.785 91966
0.786 91951
0.786 91949
0.788 91930
0.79 91926
0.791 91924
0.791 91922
0.793 91920
1.819 91915
1.819 91909
1.829 91900
1.982 91892
3.413 91873
3.683 91858
3.683 91829
3.685 91819
3.686 91767
3.687 91747
3.688 91741
6.211 91711
6.212 91701
6.215 91695
6.216 91686
6.216 91679
6.218 91675
6.225 91665
6.226 91649
6.234 91630
6.236 91620
6.236 91574
6.24 91558
6.24 91547
6.245 91542
6.247 91529
6.248 91518
6.25 91498
8.137 91441
8.139 91388
8.186 91378
8.186 91374
8.188 91361
8.19 91331
8.191 91324
8.193 91282
8.22 91269
8.349 91259
8.35 91243
8.351 91236
8.73 91224
8.732 91195
8.735 91183
8.74 91169
8.745 91107
8.759 91086
8.761 91057
8.833 91042
8.848 91041
9.193 91039
22.737 91019
22.738 90986
22.74 90966
22.741 90944
22.748 90936
22.766 90922
22.878 90917
22.887 90888
22.893 90882
22.895 90857
22.898 90852
27.988 90836
27.991 90834
28.013 90802
28.048 90786
28.494 90784
28.512 90779
28.515 90776
28.517 90766
28.52 90765
28.526 90757
28.526 90752
28.529 90743
28.53 90736
28.629 90729
28.631 90727
28.637 90714
28.638 90702
33.736 90701
41.555 90697
41.611 90695
43.438 90693
43.893 90634
45.757 90619
45.758 90585
45.764 90545
45.967 90539
45.968 90515
47.548 90512
51.548 90507
51.55 90505
51.564 90503
51.566 90472
51.575 90462
51.576 90391
51.579 90368
51.585 90352
53.239 90343
53.24 90341
53.248 90305
53.257 90264
53.259 90256
53.266 90249
53.267 90237
55.763 90226
55.816 90205
55.949 90192
55.952 90189
55.955 90173
56.096 90152
56.097 90139
56.098 90138
56.101 90125
56.11 90123
56.115 90122
56.12 90119
56.126 90117
56.134 90102
56.137 90089
56.149 90083
58.527 90073
58.529 90056
58.53 90051
58.543 90028
58.546 90024
58.699 90014
59.278 90008
59.53 90007
59.532 89999
59.556 89982
59.595 89968
59.603 89958
59.639 89941
59.64 89933
59.641 89930
59.642 89928
59.647 89917
59.655 89907
59.657 89892
59.66 89870
59.662 89866
59.663 89862
59.92 89858
59.933 89857
60.013 89856
60.117 89845
60.119 89842
60.12 89833
62.452 89832
62.468 89828
62.472 89827
62.476 89826
62.48 89825
62.481 89823
62.959 89810
62.96 89788
62.961 89777
62.962 89722
63.004 89714
63.005 89713
63.006 89711
63.006 89697
63.016 89696
63.021 89695
63.026 89642
63.029 89639
63.03 89634
63.04 89631
85.449 89608
85.7 89591
85.705 89589
85.706 89582
85.709 89577
85.715 89569
91.755 89528
91.757 89515
91.763 89514
91.836 89513
92.078 89488
100.962 89487
100.967 89486
100.99 89470
100.995 89467
100.995 89444
101.004 89435
101.004 89430
101.025 89423
101.028 89418
101.141 89414
101.168 89405
101.169 89395
101.19 89387
101.205 89378
101.466 89366
101.509 89364
101.519 89363
101.521 89356
101.567 89352
101.575 89350
101.575 89349
101.577 89342
101.584 89289
101.987 89287
103.224 89274
103.23 89270
103.235 89261
103.257 89258
103.264 89256
103.33 89254
103.338 89242
103.354 89238
103.396 89237
103.397 89231
103.4 89230
103.413 89225
103.728 89211
104.279 89195
104.315 89192
104.32 89184
104.322 89177
104.323 89170
105.39 89168
115.049 89163
115.05 89156
115.052 89153
115.082 89152
115.149 89151
115.152 89146
115.152 89144
115.16 89139
115.162 89138
115.165 89126
115.326 89125
115.333 89118
115.335 89100
115.341 89094
115.342 89093
122.843 89088
122.866 89085
122.867 89084
122.87 89078
122.874 89077
122.879 89072
126.305 89070
126.306 89065
126.327 89064
126.331 89057
129.084 89051
129.09 89048
129.091 89045
129.187 89029
129.188 89023
129.26 89021
129.264 89016
129.272 89009
141.447 89008
141.45 89002
141.455 88999
141.933 88997
142.017 88993
142.504 88989
142.574 88985
143.194 88979
143.195 88973
143.77 88972
144.074 88963
144.122 88962
144.128 88958
144.223 88952
144.246 88950
150.653 88946
150.678 88942
150.685 88940
150.718 88939
150.726 88932
150.729 88930
158.165 88929
158.213 88928
158.347 88925
158.351 88924
158.361 88920
158.361 88917
160.64 88912
160.641 88903
161.064 88902
161.081 88901
161.155 88900
