0.048 60900
0.049 60829
0.049 60765
0.05 60753
0.05 60729
0.051 60712
0.051 60688
0.052 60676
0.053 60658
0.053 60642
0.053 60625
0.055 60603
0.055 60596
0.055 60588
0.056 60585
0.056 60530
0.057 60528
0.057 60526
0.059 60516
0.06 60512
0.06 60505
0.06 60491
0.061 60475
0.061 60463
0.062 60426
0.063 60404
0.064 60387
0.066 60383
0.066 60377
0.067 60314
0.068 60295
0.068 60285
0.069 60282
0.07 60270
0.07 60263
0.071 60256
0.071 60255
0.072 60192
0.072 60191
0.073 60178
0.098 60174
0.099 60169
0.109 60167
0.109 60149
0.109 60136
0.11 60110
0.113 60102
0.116 60077
0.118 60076
0.118 60074
0.121 60071
0.122 60062
0.123 60058
0.124 60057
0.124 60055
0.125 60052
0.128 60048
0.128 60040
0.129 60018
0.131 60008
0.131 60000
0.134 59927
0.17 59925
0.171 59923
0.171 59902
0.173 59893
0.174 59886
0.174 59860
0.175 59855
0.176 59849
0.178 59848
0.178 59828
0.179 59826
0.179 59824
0.18 59816
0.181 59812
0.244 59783
0.245 59775
0.245 59761
0.25 59752
0.253 59718
0.255 59714
0.257 59710
0.257 59707
0.258 59700
0.259 59690
0.335 59046
0.337 59045
0.354 59014
0.361 59006
0.362 58991
0.362 58990
0.363 58985
0.371 58921
0.374 58918
0.375 58893
0.377 58846
0.378 58839
0.394 58833
0.395 58822
0.395 58806
0.396 58785
0.396 58784
0.397 58764
0.402 58759
0.404 58563
0.405 58544
0.406 58527
0.408 58505
0.408 58496
0.409 58495
1.121 58475
1.13 58433
1.571 58419
1.572 58405
1.573 58403
1.574 58397
1.585 58391
1.586 58384
1.589 57915
1.593 57913
1.595 57904
1.596 57897
1.596 57883
3.427 57876
3.653 57871
3.654 57866
3.777 57864
3.783 57857
3.787 57826
3.789 57779
3.789 57768
3.792 57713
3.805 57711
3.807 57706
3.807 57698
3.807 57697
4.586 57692
4.588 57691
4.589 57690
4.591 57673
4.595 57663
4.595 57650
4.598 57649
4.6 57647
4.603 57646
4.606 57637
4.608 57627
4.609 57624
4.681 57606
4.681 57588
5.096 57583
5.097 57577
5.139 57532
5.142 57524
5.145 57506
5.155 57486
5.167 57477
5.168 57468
5.169 57467
5.172 57443
5.205 57442
5.205 57440
5.207 57422
5.364 57381
5.365 57341
5.367 57294
5.368 57293
5.37 57289
5.371 57288
14.573 57284
14.578 57282
18.008 57272
18.017 57271
18.018 57266
18.204 57263
18.217 57261
19.31 57258
19.408 57256
19.418 57249
19.42 57229
19.431 57197
19.433 57188
19.433 57186
20.459 57172
20.463 57163
20.465 57147
20.467 57146
20.699 57142
20.7 57124
20.701 57092
20.702 57087
20.706 57077
20.711 57074
20.712 57072
20.722 57056
20.724 57051
20.726 57049
20.727 57036
20.728 57031
20.729 57028
20.732 57017
20.734 57015
20.737 57013
20.747 57007
20.782 56992
20.784 56991
20.786 56988
20.788 56958
20.791 56953
33.521 56924
33.524 56922
34.531 56879
43.123 56876
43.125 56868
43.125 56865
43.13 56861
43.133 56854
51.439 56838
51.449 56825
51.454 56823
52.051 56822
52.052 56792
52.054 56781
52.059 56765
52.064 56762
52.114 56747
53.468 56738
53.47 56720
53.47 56719
53.505 56716
53.966 56700
53.968 56695
53.971 56693
54.084 56677
54.088 56668
54.515 56663
54.515 56662
54.516 56661
54.645 56660
54.646 56658
54.646 56642
54.648 56635
57.773 56629
57.783 56628
57.789 56625
57.953 56620
57.956 56617
57.956 56614
57.965 56607
57.966 56595
57.969 56580
60.649 56571
60.699 56560
60.7 56555
60.701 56549
60.701 56531
71.681 56527
71.682 56514
71.685 56513
71.686 56510
71.688 56509
71.7 56500
71.722 56475
73.431 56465
73.432 56462
73.434 56457
73.434 56450
75.595 56448
75.604 56447
75.634 56430
75.637 56429
75.637 56425
75.641 56402
75.67 56390
75.854 56373
76.248 56368
76.266 56367
76.268 56362
76.276 56360
76.995 56331
77 56322
77.027 56307
77.083 56302
77.084 56286
77.085 56282
77.086 56279
77.086 56276
77.116 56273
77.335 56271
77.335 56270
77.34 56259
77.345 56245
77.346 56242
77.354 56241
77.357 56240
77.372 56234
77.38 56233
77.39 56230
77.392 56222
77.397 56216
77.414 56214
77.415 56213
77.416 56200
77.423 56194
77.441 56193
77.444 56192
77.461 56179
124.875 56177
125.151 56175
125.487 56171
125.491 56166
125.492 56164
125.498 56154
125.499 56137
125.5 56136
125.503 56135
128.724 56132
128.729 56131
128.732 56128
128.763 56126
128.766 56121
128.773 56119
128.778 56117
128.78 56116
128.801 56114
128.802 56108
129.425 56106
129.426 56104
129.642 56098
129.645 56096
129.647 56093
129.668 56084
129.674 56077
129.686 56072
129.707 56067
129.928 56065
129.93 56062
130.034 56055
130.035 56052
131.437 56048
131.468 56046
131.477 56035
131.496 56020
141.081 56019
141.087 56016
141.093 56015
141.309 56013
141.365 56007
141.368 56005
141.37 55993
144.12 55992
144.124 55989
144.132 55985
144.14 55977
144.227 55975
144.321 55968
144.323 55959
144.563 55958
144.587 55956
144.631 55955
144.636 55952
146.924 55949
147.51 55947
147.517 55946
147.519 55944
147.522 55940
148.331 55938
148.959 55936
148.977 55934
149.113 55932
149.117 55929
149.121 55923
151.229 55916
151.295 55911
151.3 55904
151.313 55901
151.316 55897
151.325 55895
151.373 55894
158.628 55893
158.629 55891
160.468 55889
169.959 55887
169.96 55880
169.964 55878
169.977 55876
171.271 55872
196.248 55871
196.747 55870
204.492 55869
