0.046 56127
0.047 56105
0.047 56067
0.048 56052
0.049 56040
0.049 56034
0.05 56030
0.05 55991
0.051 55985
0.052 55793
0.052 55792
0.052 55752
0.052 55677
0.053 55585
0.054 55543
0.055 55532
0.056 55493
0.056 55479
0.057 55477
0.057 55464
0.057 55455
0.058 55442
0.059 55418
0.059 55416
0.059 55401
0.06 55387
0.061 55346
0.061 55337
0.063 55336
0.064 55296
0.065 55263
0.067 55262
0.068 55261
0.07 55258
0.072 55252
0.072 55250
0.088 55239
0.089 55237
0.089 55236
0.093 55212
0.093 55206
0.094 55181
0.096 55162
0.106 55147
0.106 55143
0.108 55132
0.276 55108
0.28 55104
0.28 55098
0.281 55077
0.281 55058
0.282 55057
0.283 55046
0.33 55041
0.34 55014
0.341 55001
0.342 54999
0.342 54989
0.372 54984
0.373 54968
0.374 54936
0.395 54933
0.396 54929
0.397 54914
0.397 54910
0.399 54884
0.4 54866
0.404 54823
0.405 54812
0.418 54803
0.419 54750
0.444 54716
0.445 54693
0.445 54687
0.447 54674
0.447 54635
0.466 54631
0.47 54604
0.471 54585
0.479 54568
0.504 54560
0.504 54558
0.505 54535
0.519 54486
0.524 54485
0.586 54461
0.668 54416
0.669 54410
0.671 54385
0.672 54365
0.676 54356
0.711 54292
0.715 54271
0.716 54249
0.717 54242
0.718 54227
0.718 54219
0.719 54212
0.72 54198
0.72 54182
2.871 54159
2.871 54155
2.875 54125
2.878 54111
2.886 54069
2.887 54036
4.781 54020
4.782 54004
4.783 53987
4.784 53983
4.784 53948
9.884 53943
9.884 53936
9.885 53904
9.891 53887
12.855 53875
12.857 53871
12.929 53815
12.929 53809
12.937 53806
12.939 53774
12.945 53658
12.945 53654
12.947 53640
22.209 53620
22.219 53614
24.618 53607
24.775 53579
24.776 53535
24.814 53529
24.815 53516
24.82 53456
24.822 53452
24.825 53418
57.854 53412
57.855 53409
57.856 53392
57.857 53344
57.858 53332
57.863 53326
57.864 53324
57.865 53316
58.953 53305
58.953 53303
62.312 53299
62.314 53284
62.315 53276
62.318 53271
62.349 53267
64.307 53261
64.307 53254
64.311 53245
65.063 53228
65.063 53220
65.067 53209
65.068 53204
65.698 53199
65.702 53198
67.915 53164
72.439 53159
72.44 53158
73.202 53155
73.268 53145
73.27 53142
73.273 53130
73.275 53119
73.277 53100
73.648 53056
73.649 53053
73.657 53045
73.661 53043
74.719 53034
74.72 53016
74.727 52992
74.737 52989
74.74 52984
76.808 52969
79.175 52967
79.177 52963
79.178 52957
79.18 52954
79.243 52941
79.245 52911
80.046 52906
80.193 52902
80.197 52899
80.198 52879
80.201 52875
82.911 52867
91.952 52852
91.955 52838
91.956 52826
91.958 52808
91.96 52792
91.965 52780
91.977 52776
92.026 52775
92.03 52770
92.031 52759
92.065 52738
100.722 52726
100.725 52720
100.726 52691
100.733 52689
100.767 52685
100.774 52663
100.779 52660
100.789 52643
106.551 52640
106.554 52631
106.721 52620
106.725 52596
106.751 52584
106.757 52578
106.761 52572
106.761 52562
110.435 52560
110.438 52549
110.442 52548
116.412 52541
116.416 52539
116.418 52527
116.421 52518
116.426 52514
116.429 52509
116.441 52505
116.475 52498
116.478 52497
116.478 52492
116.48 52487
116.484 52484
116.486 52482
116.545 52479
116.545 52476
116.547 52474
116.549 52468
116.552 52459
116.556 52457
120.923 52449
120.926 52448
120.93 52443
121.011 52434
121.013 52429
121.015 52417
121.017 52414
121.018 52413
121.018 52408
121.022 52405
121.032 52401
121.19 52388
121.291 52384
138.142 52381
138.143 52375
138.152 52370
138.172 52368
138.174 52366
138.258 52364
138.259 52360
138.26 52359
138.261 52357
138.264 52353
138.286 52351
138.289 52345
154.24 52344
154.246 52340
157.268 52325
157.277 52319
171.875 52309
171.878 52303
172.44 52286
172.441 52275
172.449 52274
172.466 52268
172.468 52263
185.82 52258
185.843 52257
191.464 52255
194.358 52235
194.368 52234
195.387 52232
195.633 52230
195.635 52228
196.324 52226
197.038 52224
197.061 52219
197.066 52218
198.241 52216
