0.043 96246
0.044 96243
0.044 95892
0.045 95890
0.045 95887
0.046 95884
0.046 95824
0.047 95814
0.053 95799
0.053 95798
0.053 95796
0.054 95776
0.055 95739
0.055 95725
0.055 95722
0.056 95717
0.057 95714
0.057 95671
0.058 95663
0.059 95652
0.06 95649
0.06 95343
0.061 95338
0.061 95333
0.062 95330
0.063 95253
0.065 95248
0.065 95247
0.07 95236
0.071 95234
0.072 95214
0.075 95121
0.077 95111
0.078 95110
0.079 95058
0.079 95025
0.081 94980
0.082 94949
0.084 94942
0.085 94931
0.085 94925
0.086 94910
0.09 94895
0.09 94844
0.094 94842
0.094 94836
0.106 94724
0.117 94722
0.119 94712
0.12 94701
0.12 94685
0.122 94613
0.122 94608
0.124 94533
0.126 94506
0.13 94475
0.137 94437
0.139 94431
0.141 94395
0.142 94375
0.147 94370
0.148 94367
0.17 94151
0.185 94104
0.186 94038
0.197 93969
0.199 93961
0.202 93922
0.203 93870
0.203 93858
0.203 93850
0.208 93790
0.21 93786
0.211 93777
0.279 93767
0.289 93760
0.29 93729
0.291 93708
0.292 93696
0.294 93675
0.294 93665
0.295 93654
0.297 93588
0.335 93399
0.34 93365
0.443 93359
0.452 93351
0.453 93316
0.455 93308
0.456 93263
0.457 93247
0.458 93231
0.488 93160
0.49 93154
0.497 93135
0.497 93132
0.5 93121
0.65 93082
0.653 93071
0.654 93026
0.655 92975
0.657 92971
0.66 92968
0.663 92961
0.667 92920
0.672 92902
0.674 92887
0.681 92854
0.684 92851
0.713 92831
0.714 92803
0.721 92793
0.722 92762
0.726 92709
0.731 92680
0.733 92662
0.735 92656
0.738 92639
1.197 92578
1.199 92556
1.204 92499
1.205 92491
1.208 92490
1.44 92477
1.445 92473
1.447 92422
1.452 92399
1.453 92398
1.488 92353
1.492 92311
1.493 92294
1.495 92285
1.495 92258
1.498 92248
1.498 92210
1.499 92196
2.778 92154
2.781 92143
2.782 92129
2.783 92111
2.789 92109
2.801 92095
2.807 92094
2.976 92072
2.978 92063
2.994 92062
3.003 92005
3.006 91963
3.006 91961
3.009 91958
3.082 91857
3.635 91854
3.636 91849
3.637 91811
3.639 91807
3.659 91785
3.671 91769
3.673 91755
3.674 91725
3.922 91689
3.924 91674
4.013 91639
4.014 91633
5.441 91627
5.443 91599
5.443 91576
5.476 91567
5.477 91511
5.477 91505
5.482 91500
5.484 91499
5.486 91488
6.128 91467
6.129 91457
6.13 91401
6.131 91386
7.442 91376
7.444 91302
7.447 91298
7.447 91296
7.448 91289
7.47 91285
7.471 91275
7.473 91237
7.678 91228
7.679 91226
7.679 91209
7.68 91202
7.681 91162
7.681 91092
7.683 91087
7.686 91063
7.69 91057
13.297 91042
13.297 91006
16.122 90985
16.125 90977
16.125 90961
16.126 90960
18.702 90957
18.702 90954
25.785 90947
25.786 90929
25.797 90927
25.802 90917
25.803 90844
25.805 90838
25.806 90814
42.691 90808
42.713 90790
44.387 90784
44.389 90761
44.391 90742
44.398 90734
44.715 90719
44.723 90696
44.724 90677
44.729 90634
44.73 90579
44.76 90573
44.765 90571
44.776 90526
44.778 90518
44.779 90512
44.785 90506
53.566 90505
53.566 90490
53.566 90489
53.567 90475
53.569 90467
53.57 90466
53.573 90434
53.582 90429
53.585 90428
53.614 90427
54.428 90395
54.515 90391
54.518 90385
54.533 90376
54.541 90372
54.545 90369
54.547 90353
54.55 90352
54.552 90342
54.566 90341
54.572 90337
54.594 90325
54.596 90315
54.601 90313
54.606 90309
54.611 90306
54.733 90303
54.794 90297
54.799 90286
54.801 90279
54.809 90276
54.81 90264
54.811 90263
54.829 90252
54.833 90235
54.839 90212
54.841 90207
54.844 90173
54.896 90165
54.9 90150
54.929 90147
54.931 90144
54.931 90142
54.932 90132
55.08 90114
55.088 90104
55.096 90102
55.097 90095
55.102 90084
55.105 90055
55.126 90045
55.126 90037
67.593 90030
69.962 90028
69.965 90027
69.966 90022
70.036 90004
70.043 89997
70.045 89995
70.051 89982
70.052 89979
70.054 89977
70.07 89975
70.07 89971
70.071 89968
70.828 89962
70.873 89958
70.875 89957
70.876 89945
70.876 89937
72.867 89912
74.27 89908
74.272 89899
74.273 89893
74.579 89891
74.802 89875
74.806 89873
74.807 89862
74.811 89857
77.17 89853
77.171 89849
77.25 89831
77.254 89822
77.256 89796
77.275 89787
77.287 89758
77.288 89739
77.29 89738
77.308 89731
77.436 89717
77.482 89705
77.484 89694
77.488 89688
82.005 89669
82.006 89665
82.009 89664
82.01 89620
83.457 89616
83.458 89607
83.458 89581
84.332 89573
84.34 89568
84.346 89557
84.348 89550
84.35 89549
84.353 89548
84.353 89546
84.357 89537
84.357 89535
84.503 89533
84.529 89524
84.541 89513
90.531 89509
90.533 89472
90.535 89471
90.543 89463
97.644 89443
97.649 89434
97.651 89427
97.681 89424
97.699 89421
97.702 89419
97.709 89414
100.419 89413
100.552 89398
100.558 89386
100.559 89384
100.594 89368
100.611 89343
100.628 89320
100.629 89316
100.63 89310
100.637 89307
102.795 89305
102.796 89302
108.106 89300
108.213 89289
109.58 89286
109.581 89273
109.591 89270
121.964 89256
121.975 89253
121.978 89248
121.978 89243
121.989 89219
121.994 89189
122.069 89188
122.088 89178
122.089 89162
122.105 89161
122.108 89155
122.644 89154
122.653 89148
122.657 89147
122.659 89139
122.659 89136
122.858 89135
122.869 89133
122.873 89131
122.876 89125
122.881 89121
122.884 89120
122.889 89115
122.904 89108
122.914 89107
123.661 89105
123.711 89099
123.748 89098
123.821 89092
129.367 89091
129.619 89088
129.623 89083
129.677 89078
131.404 89077
131.41 89076
131.428 89070
131.428 89068
131.44 89062
131.444 89061
131.456 89058
131.46 89051
131.504 89049
131.689 89045
131.714 89034
131.729 89033
131.729 89025
131.734 89021
138.903 89020
139.156 89019
139.189 89015
139.194 89012
140.471 89007
143.79 89003
143.797 88999
143.799 88998
143.822 88997
143.851 88996
145.516 88995
145.524 88993
145.537 88984
145.624 88976
145.631 88974
145.67 88971
145.741 88969
145.828 88963
145.829 88958
145.841 88952
145.841 88951
145.846 88947
145.854 88945
148.288 88943
148.297 88936
149.063 88935
149.073 88930
149.192 88927
150.813 88924
150.818 88915
150.865 88914
153.822 88913
153.986 88912
156.541 88908
157.656 88907
157.66 88905
157.665 88902
158.383 88899
159.746 88863
160.015 88861
160.234 88856
160.249 88855
160.257 88850
160.344 88847
161.444 88845
161.575 88840
161.593 88838
161.596 88837
164.524 88836
164.545 88835
164.553 88830
164.784 88829
164.785 88828
166.917 88825
166.924 88822
166.935 88820
167.074 88816
167.093 88804
167.104 88799
167.107 88797
168.328 88790
168.344 88787
168.349 88781
168.377 88779
168.38 88778
168.393 88775
168.419 88771
168.429 88769
185.318 88767
185.51 88754
185.536 88751
185.632 88748
185.65 88745
185.901 88742
193.304 88729
194.718 88728
194.718 88724
194.887 88723
195.577 88722
