0.043 96154
0.045 95770
0.046 95714
0.047 95704
0.047 95653
0.048 95607
0.048 95593
0.049 95492
0.051 95450
0.051 95409
0.051 95407
0.052 95402
0.056 95379
0.057 95375
0.057 95343
0.058 95307
0.059 95305
0.059 95296
0.062 95289
0.064 95182
0.064 95173
0.065 95066
0.066 95043
0.067 95020
0.067 95010
0.079 94988
0.08 94978
0.08 94961
0.082 94957
0.082 94946
0.083 94942
0.093 94933
0.116 94834
0.116 94830
0.117 94820
0.118 94798
0.12 94791
0.122 94790
0.123 94754
0.125 94733
0.128 94714
0.13 94713
0.131 94692
0.134 94667
0.149 94653
0.153 94608
0.154 94598
0.164 94557
0.165 94524
0.165 94521
0.165 94511
0.167 94501
0.168 94499
0.168 94477
0.173 94294
0.178 94156
0.178 94152
0.179 94125
0.183 94064
0.232 94021
0.238 93990
0.24 93982
0.244 93980
0.246 93904
0.247 93860
0.248 93858
0.248 93849
0.259 93831
0.26 93799
0.261 93797
0.263 93791
0.263 93765
0.282 93738
0.283 93733
0.284 93729
0.285 93727
0.289 93709
0.29 93675
0.291 93671
0.293 93622
0.293 93524
0.294 93518
0.296 93493
0.304 93469
0.337 93464
0.337 93459
0.341 93443
0.343 93413
0.344 93403
0.369 93372
0.37 93336
0.375 93332
0.4 93309
0.401 93293
0.402 93288
0.41 93262
0.414 93252
0.414 93247
0.415 93206
0.416 93159
0.418 93153
0.43 93144
0.431 93143
0.432 93098
0.433 93087
0.436 93080
0.473 93057
0.48 93042
0.483 93039
0.485 93028
0.573 93013
0.575 93011
0.578 93000
0.58 92994
0.598 92988
0.599 92971
0.6 92967
0.601 92966
0.603 92920
0.605 92889
0.629 92875
0.675 92826
0.676 92825
0.677 92815
1.042 92814
1.043 92810
1.136 92794
1.137 92785
1.331 92742
1.466 92662
1.468 92657
1.51 92629
1.534 92626
1.659 92623
1.669 92589
1.67 92574
1.672 92520
1.674 92505
1.679 92496
1.679 92455
1.716 92452
1.742 92451
1.744 92427
1.745 92416
1.746 92400
1.747 92374
1.747 92359
1.749 92358
1.789 92339
1.867 92338
1.869 92333
1.87 92322
1.87 92319
1.871 92270
1.874 92228
1.877 92211
1.88 92138
1.881 92137
2.036 92081
2.038 92074
2.117 92071
2.118 92064
2.12 92043
2.122 92021
2.123 92014
2.127 92011
2.129 91994
2.13 91992
2.131 91990
2.135 91972
3.002 91961
3.005 91936
3.034 91919
3.037 91910
3.041 91897
3.043 91896
3.077 91842
3.078 91825
3.084 91817
3.118 91803
3.121 91788
3.125 91773
3.125 91752
3.126 91746
3.168 91715
3.169 91625
3.17 91622
3.171 91614
3.171 91599
3.174 91451
3.177 91401
3.179 91349
3.185 91348
3.185 91335
3.187 91326
3.192 91213
3.924 91144
3.925 91137
3.927 91133
3.929 91124
3.937 91122
14.361 91111
14.366 91107
14.367 91103
14.368 91099
14.368 91097
14.395 91094
14.399 91079
14.404 91062
14.458 91051
14.459 91049
14.461 91045
14.462 91038
14.462 91035
14.467 91011
14.469 91004
14.478 90995
14.484 90994
14.484 90989
15.759 90988
15.76 90975
15.762 90968
15.763 90962
15.795 90950
15.796 90942
16.953 90923
16.954 90904
16.956 90898
16.957 90880
16.98 90866
17.134 90865
25.853 90846
25.854 90845
25.855 90815
25.857 90785
25.861 90756
25.861 90747
25.884 90743
25.887 90742
25.899 90707
25.923 90694
25.93 90692
25.977 90680
26.121 90673
26.354 90664
27.049 90663
27.05 90651
27.054 90640
27.056 90625
27.06 90609
27.072 90600
27.077 90599
27.08 90596
27.099 90594
27.103 90573
28.233 90562
28.241 90536
28.242 90516
28.244 90515
28.267 90514
28.268 90497
28.269 90483
28.269 90478
28.284 90477
28.286 90465
28.288 90457
28.289 90456
28.29 90442
28.292 90432
28.315 90412
41.905 90402
43.784 90385
43.787 90350
43.789 90314
45.208 90301
45.209 90289
45.21 90284
45.223 90274
45.237 90273
45.239 90258
45.246 90251
45.248 90243
51.4 90240
51.41 90237
51.41 90210
51.411 90201
51.882 90194
51.891 90183
52.152 90180
52.154 90175
52.189 90171
52.2 90162
52.207 90117
58.881 90114
59.541 90081
59.542 90077
59.757 90049
59.767 90033
59.845 90003
59.845 89958
59.857 89943
59.859 89934
59.86 89920
59.865 89915
65.95 89903
65.951 89874
65.989 89872
65.993 89867
66.019 89837
66.019 89836
66.023 89832
66.101 89824
68.1 89821
72.492 89811
72.51 89793
72.52 89780
72.524 89779
82.802 89776
82.809 89761
82.81 89760
82.811 89755
82.813 89737
83.084 89724
83.086 89714
83.1 89692
83.11 89685
83.117 89684
83.134 89681
83.583 89669
83.63 89662
83.647 89660
83.648 89656
83.649 89650
83.657 89645
90.29 89635
90.295 89628
90.305 89623
95.516 89618
95.855 89616
95.857 89614
96.969 89602
96.98 89601
104.245 89575
105.003 89572
105.006 89566
105.007 89565
105.186 89563
105.246 89562
105.248 89560
105.254 89551
105.261 89545
105.268 89536
105.277 89535
105.288 89525
105.308 89502
105.311 89497
105.314 89493
105.35 89482
105.356 89479
107.06 89470
107.125 89469
107.129 89465
107.153 89458
107.155 89454
107.165 89449
107.181 89446
107.182 89441
107.23 89438
107.704 89425
107.708 89416
107.713 89397
107.714 89387
107.768 89377
107.77 89376
107.772 89364
107.779 89361
109.282 89359
109.286 89357
109.481 89338
109.486 89335
109.492 89331
109.621 89330
109.878 89317
110.06 89308
110.066 89297
110.087 89296
110.108 89288
111.964 89276
111.965 89262
111.969 89261
111.972 89260
117.528 89254
117.529 89249
117.548 89240
117.548 89237
120.746 89236
121.021 89235
121.055 89234
123.403 89233
126.668 89232
126.674 89221
126.689 89220
126.729 89218
132.526 89211
132.822 89209
132.827 89203
132.86 89198
132.88 89197
132.89 89191
132.905 89190
133.495 89189
133.593 89186
134.256 89176
134.272 89161
134.272 89149
134.276 89146
134.277 89144
134.278 89139
137.312 89138
137.48 89130
137.51 89129
137.605 89117
137.606 89114
137.61 89112
137.612 89110
138.055 89104
138.062 89101
138.065 89100
138.071 89092
138.079 89090
138.7 89089
138.713 89084
138.714 89079
138.718 89078
138.726 89072
138.73 89071
138.733 89070
138.763 89069
143.362 89068
143.372 89067
149.576 89063
149.581 89060
149.607 89050
149.641 89049
150.937 89045
150.947 89043
150.961 89040
150.986 89038
151.012 89036
162.613 89032
163.544 89010
163.562 89009
164.504 89007
166.243 89006
166.262 89003
166.336 89002
166.34 89001
166.347 89000
166.487 88998
166.792 88996
166.794 88993
166.814 88990
166.815 88985
166.93 88981
166.932 88979
168.697 88974
168.73 88973
168.736 88972
168.757 88971
169.674 88968
169.689 88966
169.784 88962
169.817 88959
173.345 88957
173.347 88955
173.698 88952
173.739 88943
174.01 88939
174.146 88937
174.147 88936
174.42 88932
176.59 88928
176.592 88925
179.061 88924
179.196 88922
179.224 88918
179.301 88915
179.449 88914
179.452 88906
179.544 88899
179.546 88898
180.45 88894
180.467 88893
180.472 88892
180.933 88891
180.953 88890
181.035 88889
191.635 88888
191.69 88887
191.787 88886
191.805 88885
192.208 88883
192.235 88882
