0.053 187845
0.055 187803
0.056 187796
0.057 187670
0.059 187580
0.061 187491
0.062 187457
0.063 187336
0.063 187330
0.064 187309
0.065 187307
0.065 187298
0.068 187049
0.069 187000
0.069 186997
0.07 186991
0.071 186938
0.075 186910
0.076 186864
0.076 186850
0.079 186828
0.079 186809
0.08 186789
0.082 186531
0.083 186510
0.084 186428
0.085 186427
0.087 186425
0.088 186418
0.088 186182
0.089 186113
0.089 186015
0.091 186014
0.091 186011
0.092 185896
0.093 185883
0.094 185881
0.105 185786
0.107 185783
0.107 185776
0.108 185741
0.109 185728
0.11 185691
0.111 185655
0.111 185653
0.112 185630
0.113 185623
0.115 185550
0.122 185543
0.122 185535
0.131 185534
0.132 185526
0.138 185488
0.139 185468
0.14 185318
0.143 185309
0.144 185272
0.15 185258
0.16 185253
0.17 185222
0.17 185206
0.171 185203
0.173 185188
0.174 185149
0.175 185114
0.176 185089
0.18 185002
0.185 185001
0.193 184994
0.203 184993
0.205 184969
0.207 184959
0.208 184922
0.235 184918
0.238 184908
0.239 184899
0.24 184881
0.245 184859
0.247 184821
0.249 184729
0.251 184698
0.253 184676
0.253 184640
0.254 184635
0.265 184618
0.267 184552
0.286 184549
0.288 184545
0.298 184468
0.3 184445
0.301 184388
0.303 184347
0.306 184314
0.307 184312
0.345 184268
0.358 184207
0.359 184199
0.36 184197
0.365 184187
0.366 184139
0.383 184138
0.385 184047
0.386 184030
0.387 183958
0.39 183906
0.394 183905
0.396 183898
0.399 183896
0.402 183852
0.409 183846
0.468 183834
0.471 183774
0.471 183773
0.475 183770
0.476 183767
0.477 183745
0.482 183703
0.484 183662
0.491 183649
0.493 183621
0.495 183595
0.497 183578
0.498 183550
0.504 183544
0.508 183525
0.511 183523
0.636 183395
0.639 183351
0.641 183339
0.642 183281
0.643 183272
0.646 183248
0.661 183201
0.664 183197
0.666 183183
0.668 183142
0.731 183096
0.733 183090
0.735 183057
0.789 183049
0.79 182989
0.806 182944
0.806 182935
0.807 182927
0.808 182924
0.808 182909
0.812 182876
0.813 182852
0.815 182834
0.815 182797
0.818 182792
0.818 182790
0.821 182786
0.822 182771
0.825 182765
0.835 182718
0.842 182715
0.843 182584
0.859 182581
0.911 182495
0.913 182488
0.914 182468
0.978 182432
0.993 182372
0.995 182357
0.995 182345
1.023 182329
1.033 182306
1.037 182274
1.04 182234
1.042 182216
1.043 182177
1.05 182174
1.256 182094
1.258 182038
1.261 182028
1.262 182022
1.263 182014
1.264 182010
1.269 181998
1.35 181988
1.36 181987
1.537 181977
1.538 181974
1.685 181955
1.69 181954
1.693 181929
1.694 181905
1.699 181873
1.7 181864
2.104 181862
2.186 181847
2.186 181805
2.2 181802
2.204 181796
2.214 181735
2.237 181725
2.238 181713
2.38 181696
2.381 181605
2.383 181593
2.387 181590
2.393 181556
2.402 181505
2.406 181501
2.467 181483
2.467 181474
2.484 181461
2.487 181409
3.863 181349
3.864 181339
3.868 181333
3.87 181289
3.872 181281
3.876 181249
3.876 181246
3.88 181240
3.883 181229
3.886 181227
3.893 181186
3.894 181152
3.898 181150
3.941 181146
3.942 181139
3.952 181127
3.953 181119
3.967 181094
3.968 181092
3.976 181090
4.001 181037
4.005 181011
4.007 180997
4.008 180976
4.199 180971
4.204 180915
4.533 180888
4.536 180884
4.99 180808
4.991 180805
4.992 180802
5.055 180755
5.111 180753
5.133 180747
5.134 180738
5.142 180716
5.144 180662
5.15 180659
6.222 180640
6.637 180560
6.638 180550
6.638 180547
6.642 180525
6.665 180514
6.67 180496
6.67 180488
6.684 180457
6.69 180455
6.694 180430
6.706 180414
6.71 180409
12.164 180381
12.168 180375
12.327 180374
12.328 180320
12.366 180308
14.239 180286
14.278 180248
14.293 180237
15.368 180232
15.498 180227
15.501 180196
15.514 180167
15.527 180148
15.721 180073
15.723 180063
15.728 180049
15.747 180046
16.046 180034
16.047 179973
16.054 179966
16.069 179963
16.07 179944
16.071 179911
16.073 179891
16.077 179887
16.122 179879
16.124 179877
16.125 179833
16.133 179832
16.136 179793
21.873 179768
21.88 179758
25.344 179753
25.347 179750
25.359 179737
25.37 179729
25.466 179725
25.467 179715
25.467 179714
25.469 179689
25.478 179680
25.479 179677
25.484 179660
25.491 179659
25.492 179643
25.598 179641
25.621 179617
25.621 179553
25.635 179545
25.637 179541
25.637 179540
25.637 179502
25.639 179485
25.646 179473
25.649 179459
25.651 179458
25.668 179429
25.672 179403
28.877 179402
28.88 179377
29.336 179338
29.341 179310
29.342 179307
29.342 179306
29.342 179285
29.349 179275
29.372 179251
29.377 179234
29.378 179224
29.397 179211
29.399 179209
29.4 179207
29.401 179141
30.665 179134
30.667 179110
30.674 179109
30.676 179091
30.677 179089
30.684 179081
30.685 179067
30.686 179062
32.442 179046
40.405 179041
40.411 179026
40.416 179021
40.418 179006
40.435 178978
40.437 178962
40.449 178953
40.454 178924
40.454 178912
40.456 178901
40.459 178899
40.461 178896
40.739 178894
40.75 178866
40.753 178864
40.883 178862
44.522 178851
44.525 178838
44.526 178829
44.527 178827
44.53 178823
46.014 178807
46.014 178764
46.015 178751
46.425 178723
46.431 178663
46.436 178662
46.455 178650
46.463 178643
46.478 178642
46.484 178636
46.497 178607
46.499 178591
46.501 178588
46.503 178573
46.507 178549
46.51 178542
46.526 178538
46.595 178522
46.612 178514
46.614 178508
46.615 178505
46.618 178503
46.618 178502
46.686 178498
46.687 178496
46.688 178495
46.691 178486
46.707 178473
46.708 178469
46.711 178459
46.725 178450
46.738 178423
49.844 178409
49.846 178408
49.854 178366
49.862 178338
49.868 178329
49.87 178320
51.658 178303
51.661 178298
51.667 178280
51.67 178274
51.679 178260
51.68 178221
51.685 178219
51.689 178215
51.714 178214
52.007 178211
52.083 178209
52.084 178205
52.086 178187
52.086 178179
52.136 178167
52.137 178146
52.185 178119
64.908 178111
64.912 178109
64.929 178106
64.936 178101
72.968 178100
73.06 178089
73.062 178052
73.214 178041
75.384 178026
75.798 178024
75.823 178023
77.582 178012
77.681 178011
80.012 178001
83.346 177995
83.351 177967
83.67 177932
83.683 177931
83.688 177918
83.694 177878
87.191 177869
87.192 177859
87.207 177856
87.208 177852
87.209 177851
87.24 177849
87.624 177846
87.628 177844
88.389 177830
88.401 177818
88.403 177817
88.426 177812
88.427 177798
88.898 177791
88.902 177785
88.947 177768
89.088 177764
89.092 177751
89.092 177745
89.096 177737
89.098 177710
89.098 177709
89.105 177706
89.69 177700
89.693 177684
89.694 177682
92.515 177677
92.518 177632
92.545 177617
92.545 177611
92.546 177609
92.808 177602
93.472 177599
93.688 177591
93.692 177580
93.71 177571
93.719 177564
94.917 177561
95.185 177560
95.205 177552
95.22 177550
95.22 177544
95.221 177533
95.223 177530
95.223 177517
95.248 177511
95.285 177507
95.3 177494
95.314 177465
95.318 177462
95.323 177458
95.33 177456
98.829 177455
99.714 177446
99.715 177445
99.779 177409
99.833 177402
99.836 177388
101.457 177378
101.461 177370
101.463 177366
101.465 177364
103.265 177363
103.265 177355
103.271 177335
103.274 177330
103.276 177320
104.434 177319
104.434 177318
104.438 177316
104.492 177315
104.602 177314
104.632 177312
104.645 177302
104.65 177296
104.915 177284
109.802 177273
109.89 177270
109.902 177259
109.906 177247
109.915 177244
109.92 177240
109.928 177230
109.935 177211
109.936 177202
113.391 177198
113.406 177193
113.436 177190
113.444 177184
113.449 177176
113.889 177175
120.951 177157
120.986 177156
121.254 177154
121.264 177149
122.842 177146
122.859 177143
124.984 177134
125.183 177132
125.206 177128
125.228 177119
125.239 177110
125.243 177109
125.387 177094
125.392 177093
126.216 177087
127.286 177086
127.287 177078
127.29 177076
127.303 177074
127.311 177070
127.325 177067
127.33 177063
127.357 177054
131.566 177047
131.776 177041
131.776 177039
132.172 177033
134.13 177026
134.138 177022
134.207 177017
134.228 177016
134.96 177015
135.01 177014
135.029 177010
135.075 177006
135.078 177000
135.381 176992
135.445 176986
141.897 176985
141.899 176982
142.181 176981
142.231 176980
142.232 176969
142.273 176964
142.282 176959
142.599 176958
146.639 176956
147.455 176953
147.488 176951
147.489 176949
147.531 176943
147.541 176941
147.594 176938
147.616 176933
148.446 176932
148.584 176924
148.593 176923
148.685 176917
148.706 176915
148.751 176913
150.253 176901
150.258 176889
150.354 176884
157.019 176882
164.618 176879
166.412 176874
166.457 176872
166.52 176870
166.541 176860
166.711 176849
166.732 176847
182.309 176842
182.376 176839
182.593 176835
182.613 176831
182.678 176828
182.791 176825
183.256 176822
183.259 176815
183.263 176807
183.274 176798
183.283 176797
183.284 176796
183.976 176795
183.984 176793
183.995 176790
184.068 176786
184.081 176780
196.379 176776
196.39 176772
199.003 176765
200.571 176761
201.837 176752
201.947 176751
202.006 176748
204.394 176745
207.119 176743
207.276 176741
207.315 176740
207.632 176737
208.344 176734
208.348 176732
