0.057 55123
0.057 55071
0.059 54994
0.059 54956
0.06 54949
0.061 54919
0.062 54910
0.062 54897
0.062 54855
0.063 54793
0.065 54739
0.066 54737
0.067 54684
0.067 54630
0.067 54592
0.068 54591
0.069 54569
0.07 54565
0.071 54561
0.072 54544
0.072 54536
0.073 54530
0.074 54514
0.074 54454
0.078 54450
0.078 54373
0.087 54372
0.088 54370
0.089 54359
0.091 54270
0.093 54262
0.093 54261
0.094 54259
0.096 54251
0.097 54203
0.097 54192
0.1 54180
0.101 54164
0.102 54154
0.103 54143
0.105 54141
0.106 54128
0.106 54114
0.107 54110
0.107 54098
0.109 54073
0.109 54071
0.109 54059
0.11 54042
0.117 54031
0.136 54023
0.162 54018
0.166 53978
0.167 53911
0.171 53837
0.172 53827
0.175 53805
0.177 53742
0.178 53738
0.179 53733
0.181 53729
0.207 53667
0.209 53603
0.211 53600
0.212 53599
0.212 53594
0.218 53586
0.218 53581
0.22 53566
0.37 53555
0.371 53551
0.372 53527
0.373 53526
0.374 53521
0.375 53506
0.402 53491
0.403 53471
0.404 53426
0.404 53424
0.404 53407
0.405 53405
0.415 53399
0.416 53397
0.416 53369
0.416 53340
0.419 53339
0.439 53321
0.443 53315
0.467 53300
0.468 53279
0.482 53227
0.971 53218
0.973 53212
1.02 53182
1.021 53128
1.332 53118
1.333 53066
1.362 53056
1.364 53038
1.375 53033
1.379 53024
1.379 53014
1.379 52994
1.38 52992
1.381 52975
1.382 52957
1.383 52954
1.383 52946
1.429 52929
2.338 52926
2.433 52906
2.435 52884
2.436 52861
2.523 52825
2.524 52809
5.496 52802
5.496 52799
5.727 52798
5.729 52709
5.731 52643
6.647 52618
6.669 52615
6.674 52586
6.675 52582
13.782 52572
13.783 52550
13.786 52514
13.788 52448
13.806 52439
13.807 52437
13.813 52431
13.814 52430
13.815 52411
13.815 52395
33.88 52372
33.883 52367
33.884 52329
37.698 52324
37.701 52288
38.785 52274
38.872 52264
38.873 52243
38.876 52235
40.256 52230
40.272 52228
40.612 52227
40.626 52217
40.627 52197
44.573 52143
44.577 52140
44.578 52139
44.58 52130
44.583 52119
44.583 52118
44.584 52116
44.585 52110
44.585 52101
44.587 52095
44.587 52087
44.597 52083
60.747 52082
62.56 52077
62.562 52060
62.597 52049
62.603 52038
65.12 52035
65.615 52029
65.617 52021
65.619 51989
65.62 51988
65.644 51985
67.559 51970
67.56 51965
67.564 51957
67.569 51940
67.735 51930
67.736 51892
67.737 51891
67.739 51884
67.74 51883
67.743 51875
67.744 51866
67.744 51845
67.788 51843
67.911 51837
67.913 51822
67.918 51815
76.514 51805
76.515 51799
76.637 51783
76.646 51781
76.649 51776
76.654 51775
76.655 51768
76.659 51764
76.666 51762
76.667 51761
76.678 51755
76.683 51751
76.683 51745
76.684 51739
76.686 51735
76.69 51726
76.691 51717
76.693 51715
76.749 51714
76.757 51711
76.758 51707
76.77 51700
83.61 51697
83.616 51690
83.619 51676
83.624 51674
83.626 51634
83.626 51620
89.941 51613
90.326 51612
90.326 51603
95.347 51577
96.888 51574
97.297 51569
97.703 51566
97.708 51565
97.71 51563
97.711 51559
97.717 51552
97.721 51543
97.723 51535
97.725 51527
97.728 51507
97.733 51506
101.02 51501
101.041 51476
101.044 51475
101.304 51470
101.305 51468
101.306 51464
101.311 51463
101.312 51453
101.313 51450
101.322 51440
101.325 51433
101.329 51425
101.34 51422
105.298 51411
105.309 51402
106.137 51396
118.571 51394
121.928 51392
121.953 51390
121.968 51387
125.274 51362
125.276 51360
125.277 51358
125.317 51339
125.325 51334
125.326 51319
125.641 51316
125.642 51301
125.677 51300
125.684 51296
125.712 51293
132.989 51289
133.29 51282
133.764 51276
133.771 51275
133.776 51270
133.792 51267
133.803 51252
135.319 51240
135.333 51238
135.351 51233
135.355 51229
135.365 51225
135.368 51207
135.376 51202
138.669 51196
144.115 51193
144.124 51187
146.398 51179
146.399 51174
146.4 51173
146.437 51168
146.441 51162
146.461 51160
146.478 51153
146.499 51151
146.5 51149
146.508 51147
154.739 51142
154.749 51141
154.749 51136
154.769 51134
154.773 51128
156.826 51124
156.829 51121
157.611 51114
157.624 51112
180.464 51110
180.477 51109
180.495 51107
180.529 51105
180.531 51104
180.541 51103
180.556 51101
180.648 51100
180.744 51086
194.167 51084
194.589 51079
194.605 51078
194.685 51070
194.69 51069
197.36 51068
197.645 51066
198.392 51065
198.411 51064
198.421 51063
198.475 51061
198.495 51060
198.512 51059
204.152 51058
205.596 51052
