0.056 55115
0.056 55107
0.057 55071
0.057 55038
0.058 55000
0.058 54997
0.059 54901
0.059 54881
0.06 54860
0.061 54857
0.061 54828
0.062 54757
0.062 54690
0.062 54688
0.063 54650
0.063 54624
0.064 54616
0.064 54612
0.066 54611
0.066 54598
0.067 54559
0.069 54536
0.07 54527
0.074 54512
0.075 54438
0.076 54429
0.08 54422
0.081 54391
0.081 54371
0.083 54363
0.084 54352
0.087 54347
0.088 54315
0.088 54292
0.089 54257
0.089 54218
0.09 54183
0.09 54178
0.091 54173
0.091 54171
0.092 54165
0.099 54152
0.102 54107
0.102 54058
0.103 54032
0.105 54008
0.108 54002
0.109 54001
0.114 53989
0.115 53985
0.115 53963
0.117 53944
0.122 53927
0.127 53916
0.173 53900
0.178 53877
0.179 53768
0.182 53755
0.196 53753
0.197 53729
0.197 53721
0.198 53712
0.319 53683
0.327 53633
0.343 53590
0.345 53586
0.387 53569
0.388 53520
0.392 53507
0.394 53502
0.395 53468
0.402 53463
0.426 53459
0.429 53457
0.43 53435
0.431 53431
0.431 53429
0.434 53424
0.435 53399
0.506 53358
0.507 53352
0.514 53323
0.514 53293
0.515 53285
0.516 53248
0.519 53241
0.521 53231
0.522 53206
0.523 53201
0.546 53192
0.548 53189
0.549 53167
0.551 53152
0.563 53147
0.564 53133
0.564 53130
0.567 53117
0.567 53102
0.569 53074
0.576 53073
0.577 53042
0.577 53033
1.313 53027
1.313 53006
1.356 52995
1.357 52992
1.364 52940
1.365 52925
1.371 52919
1.371 52892
1.373 52837
1.374 52835
1.375 52812
1.376 52810
1.376 52809
1.377 52802
1.381 52795
1.387 52775
7.645 52767
7.693 52720
7.706 52718
7.707 52705
7.717 52680
7.719 52658
7.721 52652
7.726 52635
8.82 52622
13.725 52596
14.612 52576
14.616 52559
14.616 52522
14.616 52515
14.624 52483
14.801 52430
14.803 52428
14.805 52397
14.888 52388
14.911 52385
14.912 52371
14.917 52347
14.922 52340
14.927 52336
36.893 52302
36.894 52283
36.895 52229
37.532 52223
39.028 52218
39.153 52209
39.155 52203
39.156 52189
39.157 52175
39.175 52165
39.179 52154
39.18 52132
39.182 52125
39.182 52124
39.183 52120
39.277 52113
49.022 52108
49.022 52098
49.026 52084
53.579 52082
53.579 52054
53.589 52043
54.874 52041
54.874 52040
54.876 52034
55.867 52007
55.868 51977
55.869 51967
57.513 51953
57.517 51952
57.518 51935
57.519 51932
57.521 51931
57.522 51928
58.458 51926
58.467 51904
58.468 51902
58.472 51849
58.473 51832
58.474 51825
67.134 51804
67.137 51784
67.139 51774
67.14 51766
67.142 51765
80.375 51757
80.376 51743
80.378 51724
80.38 51697
84.318 51694
87.532 51687
87.532 51686
87.538 51678
87.544 51669
89.973 51662
90.013 51647
90.014 51645
90.017 51644
90.023 51640
90.024 51621
92.242 51591
92.245 51587
92.257 51586
92.265 51584
92.267 51580
92.27 51562
92.275 51553
92.276 51550
92.279 51547
92.283 51543
92.301 51531
92.307 51528
92.31 51526
92.31 51525
92.312 51521
92.313 51516
92.322 51515
92.324 51509
92.325 51506
95.023 51498
95.028 51495
95.033 51494
95.034 51490
95.101 51488
95.137 51470
95.142 51462
95.17 51460
95.374 51459
95.375 51458
95.375 51453
99.404 51445
99.599 51425
99.775 51422
103.051 51421
103.056 51408
110.202 51404
119.643 51397
119.672 51391
121.307 51389
121.846 51384
121.85 51373
121.852 51350
121.89 51347
121.916 51341
121.917 51339
123.398 51336
123.457 51335
123.464 51333
123.464 51329
123.503 51328
123.61 51319
123.619 51317
123.628 51308
127.705 51307
127.711 51306
127.712 51303
127.731 51286
127.737 51276
130.6 51274
130.601 51266
130.611 51257
130.618 51252
130.621 51251
130.671 51248
130.684 51246
130.695 51244
130.716 51243
130.762 51225
130.765 51204
130.887 51200
130.888 51191
130.921 51190
133.566 51186
133.608 51180
133.611 51170
147.057 51169
149.004 51168
149.113 51163
149.126 51162
149.133 51161
149.141 51159
149.373 51150
149.428 51146
149.43 51137
149.442 51136
149.444 51132
149.462 51129
149.817 51121
149.823 51119
149.94 51118
149.948 51117
149.955 51115
149.962 51106
154.146 51104
154.163 51101
154.165 51100
154.193 51095
154.274 51093
154.275 51092
154.277 51090
154.288 51086
154.352 51080
155.969 51079
155.971 51066
155.981 51058
155.984 51056
155.997 51055
156.001 51053
158.142 51049
158.15 51046
158.265 51042
158.272 51041
158.295 51038
158.298 51036
158.421 51032
166.418 51029
168.086 51027
169.679 51020
170.547 51019
170.562 51015
170.565 51011
170.57 51009
171.999 51007
172.002 51006
183.49 51002
183.512 50999
183.529 50997
183.697 50993
183.738 50986
183.748 50982
183.778 50981
183.826 50980
183.882 50978
183.934 50977
189.461 50976
192.786 50969
192.966 50968
193.344 50965
193.374 50962
193.386 50958
193.4 50956
193.471 50955
193.51 50954
193.512 50951
