1.906 256657
1.908 256498
1.909 256496
1.91 256318
1.911 256308
1.913 256296
1.914 256281
1.914 256204
1.915 256151
1.916 256133
1.917 256088
1.918 256072
1.919 256025
1.92 256016
1.921 255973
1.922 255914
1.923 255840
1.924 255835
1.925 255673
1.926 255608
1.927 255523
1.928 255486
1.929 255479
1.93 255459
1.931 255450
1.932 255444
1.933 255282
1.934 255273
1.935 255242
1.937 255174
1.939 255107
1.94 255097
1.941 255081
1.943 255058
1.944 254885
1.945 254868
1.946 254865
1.948 254830
1.949 254829
1.95 254795
1.951 254696
1.952 254691
1.956 254677
1.958 254665
1.959 254618
1.96 254605
1.961 254558
1.962 254555
1.963 254312
1.963 254311
1.964 254297
1.965 254293
1.967 254250
1.973 254156
1.974 254145
1.976 254064
1.978 254062
1.978 254036
1.979 254035
1.981 254022
1.984 254017
1.986 254012
1.987 253892
1.988 253828
1.989 253773
1.99 253770
1.99 253749
1.991 253732
1.993 253550
1.997 253519
1.999 253439
2.001 253425
2.001 253416
2.003 253355
2.004 253335
2.005 253273
2.007 253233
2.01 253009
2.011 252959
2.012 252871
2.013 252865
2.014 252816
2.025 252804
2.027 252692
2.028 252657
2.029 252631
2.031 252626
2.032 252612
2.033 252606
2.035 252580
2.036 252549
2.037 252531
2.038 252516
2.039 252500
2.04 252484
2.041 252481
2.043 252463
2.043 252452
2.045 252449
2.046 252432
2.048 252427
2.05 252316
2.053 252200
2.054 252073
2.055 252044
2.057 252023
2.058 252001
2.06 251927
2.062 251916
2.064 251896
2.065 251879
2.066 251873
2.067 251840
2.068 251829
2.069 251823
2.072 251777
2.072 251774
2.073 251772
2.075 251685
2.077 251672
2.078 251668
2.079 251665
2.082 251635
2.083 251611
2.085 251608
2.086 251602
2.087 251575
2.087 251574
2.088 251562
2.09 251464
2.095 251435
2.096 251433
2.097 251412
2.098 251403
2.1 251398
2.102 251372
2.104 251365
2.106 251361
2.106 251359
2.107 251350
2.11 251283
2.114 251279
2.116 251275
2.118 251264
2.122 251258
2.123 251247
2.126 251240
2.127 251195
2.127 251188
2.128 251162
2.13 251159
2.133 251134
2.134 251117
2.135 251104
2.137 251101
2.139 251043
2.141 251022
2.142 251021
2.144 251016
2.145 250994
2.15 250975
2.152 250973
2.154 250922
2.154 250916
2.156 250912
2.157 250903
2.157 250899
2.159 250887
2.16 250870
2.161 250868
2.163 250838
2.165 250801
2.165 250793
2.168 250743
2.18 250741
2.181 250738
2.183 250723
2.183 250710
2.186 250546
2.187 250543
2.188 250534
2.189 250528
2.192 250493
2.193 250487
2.195 250486
2.196 250455
2.197 250438
2.198 250419
2.201 250408
2.203 250400
2.207 250394
2.208 250388
2.209 250382
2.21 250364
2.214 250360
2.217 250332
2.22 250330
2.225 250328
2.226 250309
2.23 250291
2.234 250290
2.237 250272
2.238 250218
2.242 250177
2.244 250174
2.247 250171
2.25 250170
2.253 250168
2.271 250148
2.271 250134
2.273 250126
2.313 250119
2.315 250072
2.315 250065
2.316 250060
2.317 250048
2.318 250040
2.319 249999
2.32 249998
2.324 249986
2.325 249985
2.326 249954
2.329 249923
2.33 249922
2.332 249857
2.333 249847
2.343 249796
2.347 249794
2.352 249766
2.363 249719
2.366 249713
2.367 249704
2.369 249703
2.372 249697
2.374 249696
2.376 249682
2.378 249613
2.379 249610
2.379 249605
2.38 249589
2.381 249545
2.384 249543
2.387 249503
2.388 249495
2.391 249492
2.391 249487
2.398 249465
2.405 249450
2.407 249142
2.409 248990
2.411 248989
2.413 248977
2.434 248972
2.437 248944
2.438 248917
2.44 248898
2.444 248888
2.458 248886
2.471 248864
2.476 248852
2.477 248840
2.48 248828
2.483 248826
2.484 248820
2.486 248817
2.524 248798
2.53 248794
2.535 248765
2.536 248707
2.539 248702
2.542 248700
2.543 248690
2.545 248688
2.546 248686
2.547 248683
2.55 248677
2.566 248668
2.568 248539
2.569 248536
2.575 248510
2.585 248493
2.591 248480
2.596 248475
2.616 248451
2.617 248438
2.619 248434
2.621 248409
2.636 248336
2.639 248320
2.643 248301
2.647 248267
2.648 248265
2.65 248247
2.661 248246
2.666 248210
2.668 248199
2.676 248188
2.677 248178
2.678 248103
2.679 248076
2.682 248060
2.684 248042
2.688 247979
2.689 247977
2.691 247972
2.779 247969
2.783 247961
2.787 247952
2.788 247940
2.789 247933
2.79 247918
2.793 247908
2.794 247884
2.796 247849
2.798 247823
2.801 247716
2.803 247658
2.814 247655
2.815 247622
2.82 247569
2.821 247561
2.822 247550
2.828 247539
2.829 247512
2.832 247476
2.843 247458
2.849 247426
2.852 247411
2.854 247407
2.858 247376
2.859 247364
2.874 247294
2.88 247277
2.882 247209
2.883 247207
2.884 247206
2.887 247205
2.904 247184
2.906 247178
2.907 247163
2.909 247160
2.961 247155
2.962 247136
2.965 247131
2.966 247122
2.969 247113
2.977 247090
2.985 247018
2.986 247016
2.993 247013
2.995 247007
3 246916
3.007 246914
3.012 246895
3.013 246894
3.015 246811
3.017 246802
3.021 246790
3.039 246505
3.044 246483
3.061 246392
3.062 246386
3.065 246366
3.067 246338
3.069 246337
3.074 246304
3.075 246196
3.076 246124
3.08 246117
3.081 246087
3.082 246083
3.083 246071
3.084 246070
3.088 246046
3.089 246044
3.094 246022
3.095 246020
3.097 245977
3.102 245968
3.107 245964
3.109 245776
3.11 245775
3.114 245730
3.115 245726
3.117 245704
3.118 245700
3.119 245698
3.126 245689
3.127 245679
3.129 245678
3.13 245668
3.131 245585
3.132 245579
3.135 245512
3.136 245509
3.141 245508
3.143 245507
3.145 245500
3.147 245490
3.148 245481
3.177 245455
3.197 245442
3.198 245440
3.239 245439
3.24 245423
3.246 245353
3.263 245329
3.265 245305
3.266 245266
3.273 245265
3.274 245255
3.276 245222
3.277 245216
3.279 245203
3.28 245201
3.282 245200
3.288 245197
3.294 245182
3.296 245153
3.297 245141
3.298 245134
3.3 245131
3.305 245125
3.35 245121
3.352 245119
3.357 245118
3.361 245062
3.362 245038
3.362 245037
3.364 244990
3.431 244939
3.432 244930
3.435 244906
3.441 244882
3.444 244859
3.445 244854
3.446 244845
3.448 244810
3.449 244808
3.453 244765
3.454 244745
3.466 244690
3.468 244687
3.474 244673
3.475 244667
3.478 244663
3.479 244659
3.579 244644
3.58 244635
3.581 244630
3.582 244628
3.584 244627
3.586 244625
3.587 244606
3.589 244584
3.616 244577
3.629 244540
3.631 244536
3.643 244495
3.645 244492
3.669 244487
3.67 244479
3.677 244473
3.696 244461
3.697 244454
3.702 244422
3.704 244380
3.705 244362
3.712 244307
3.718 244264
3.719 244252
3.721 244223
3.723 244219
3.727 244189
3.728 244187
3.73 244179
3.732 244170
3.733 244140
3.739 244139
3.779 244128
3.786 244092
3.791 244090
3.792 244088
3.793 244077
3.799 244043
3.8 244029
3.8 244007
3.809 243990
3.81 243968
3.818 243956
3.82 243945
3.821 243941
3.823 243936
3.824 243922
3.829 243920
3.831 243908
3.835 243887
3.892 243879
3.893 243823
3.896 243813
3.899 243812
3.9 243793
3.902 243746
3.904 243714
3.906 243681
3.908 243671
3.909 243636
3.911 243623
3.913 243591
3.915 243538
3.916 243518
3.924 243489
3.933 243430
3.935 243420
3.936 243413
3.938 243377
3.94 243372
3.947 243337
3.95 243327
3.951 243318
3.956 243316
3.957 243297
3.958 243252
3.96 243163
3.96 243157
3.963 243150
3.963 243133
3.964 243102
3.975 243095
3.977 243029
3.979 243011
3.98 242986
3.981 242980
3.988 242979
3.99 242977
3.99 242955
3.992 242883
4.048 242880
4.049 242867
4.05 242861
4.052 242839
4.054 242696
4.056 242695
4.056 242693
4.058 242674
4.06 242656
4.061 242646
4.062 242639
4.065 242632
4.068 242622
4.069 242620
4.071 242619
4.072 242596
4.08 242574
4.082 242567
4.086 242553
4.092 242549
4.093 242538
4.094 242524
4.095 242511
4.096 242503
4.099 242485
4.101 242462
4.102 242452
4.103 242423
4.111 242416
4.114 242377
4.115 242373
4.118 242322
4.119 242304
4.123 242285
4.124 242280
4.145 242275
4.145 242270
4.146 242266
4.148 242229
4.151 242187
4.222 241983
4.225 241962
4.226 241945
4.227 241931
4.235 241890
4.236 241883
4.239 241856
4.243 241793
4.246 241751
4.249 241740
4.249 241733
4.25 241727
4.26 241648
4.262 241642
4.275 241639
4.28 241613
4.284 241597
4.285 241595
4.287 241559
4.288 241546
4.29 241530
4.292 241499
4.298 241458
4.3 241396
4.305 241392
4.311 241389
4.313 241384
4.353 241372
4.354 241370
4.355 241344
4.358 241322
4.361 241294
4.363 241278
4.367 241265
4.396 241264
4.399 241252
4.401 241243
4.424 241200
4.425 241199
4.425 241186
4.43 241182
4.518 241106
4.556 241050
4.557 241043
4.578 241037
4.579 241034
4.581 241022
4.582 241017
4.585 240962
4.586 240935
4.591 240922
4.592 240916
4.594 240905
4.596 240850
4.599 240834
4.6 240832
4.601 240831
4.602 240827
4.603 240824
4.604 240820
4.612 240817
4.616 240800
4.617 240796
4.622 240762
4.626 240760
4.701 240756
4.703 240751
4.705 240744
4.706 240735
4.708 240636
4.71 240631
4.713 240594
4.715 240586
4.717 240570
4.719 240569
4.72 240563
4.721 240547
4.726 240544
4.729 240534
4.73 240531
4.731 240496
4.733 240493
4.745 240483
4.752 240468
4.755 240467
4.756 240465
4.763 240439
4.765 240413
4.767 240407
4.767 240400
4.769 240394
4.77 240372
4.771 240371
4.785 240369
4.787 240357
4.788 240342
4.79 240319
4.794 240315
4.798 240222
4.949 240218
4.95 240191
4.953 240131
4.954 240121
4.963 240106
4.964 240101
4.973 240100
4.974 240093
5.108 240086
5.109 240085
5.113 240076
5.115 240075
5.116 240074
5.142 240063
5.148 240061
5.15 240060
5.151 240047
5.16 240046
5.17 240030
5.18 240001
5.184 239996
5.186 239987
5.187 239979
5.188 239974
5.192 239969
5.193 239960
5.194 239905
5.196 239904
5.2 239863
5.201 239856
5.202 239848
5.203 239744
5.205 239732
5.206 239698
5.217 239664
5.219 239629
5.221 239605
5.222 239567
5.223 239555
5.226 239553
5.229 239552
5.23 239539
5.231 239514
5.232 239512
5.245 239499
5.258 239471
5.26 239459
5.26 239455
5.713 239431
5.715 239396
5.757 239365
5.758 239304
5.759 239283
5.775 239282
5.776 239262
5.778 239236
5.779 239197
5.779 239182
5.783 239145
5.785 239086
5.786 239083
5.788 239056
5.789 239039
5.791 238866
5.793 238848
5.795 238836
5.797 238829
5.799 238826
5.802 238810
5.803 238783
5.805 238753
5.809 238752
5.81 238745
5.812 238726
5.816 238708
5.836 238679
5.838 238665
5.838 238664
5.854 238652
5.855 238650
5.856 238642
5.858 238598
5.859 238593
5.861 238585
5.864 238560
5.867 238530
5.869 238487
5.87 238463
5.874 238453
5.875 238382
5.883 238351
5.885 238334
5.901 238309
5.902 238308
5.933 238299
5.934 238297
5.935 238239
5.938 238178
5.94 238156
5.942 238029
5.944 238023
5.948 237963
5.949 237961
5.95 237947
5.951 237928
5.954 237893
5.956 237882
6.213 237703
6.215 237641
6.217 237628
6.221 237619
6.222 237615
6.253 237613
6.256 237594
6.259 237591
6.26 237584
6.261 237582
6.263 237581
6.264 237579
6.266 237565
6.268 237560
6.273 237553
6.276 237550
6.346 237171
6.351 237165
6.353 237158
6.355 237157
6.361 237048
6.363 237039
6.365 237038
6.367 236966
6.368 236964
6.37 236945
6.371 236892
6.373 236890
6.387 236883
6.39 236875
6.395 236783
6.396 236774
6.397 236773
6.4 236751
6.404 236749
6.407 236705
6.408 236688
6.409 236620
6.41 236602
6.414 236567
6.415 236546
6.429 236517
6.433 236482
6.434 236468
6.438 236465
6.598 236451
6.6 236430
6.63 236386
6.631 236380
6.633 236348
6.635 236333
6.636 236332
6.638 236308
6.64 236275
6.68 236223
6.708 236222
7.045 236199
7.046 236198
7.076 236184
7.078 236181
7.08 236164
7.081 236150
7.082 236130
7.085 236127
7.088 236107
7.176 236102
7.177 236099
7.179 236042
7.183 236030
7.187 236020
7.192 236011
7.197 235965
7.198 235935
7.199 235932
7.201 235884
7.203 235880
7.204 235878
7.208 235868
7.213 235848
7.221 235816
7.222 235797
7.328 235787
7.329 235784
7.331 235696
7.332 235680
7.333 235668
7.346 235626
7.347 235577
7.352 235573
7.36 235541
7.361 235532
7.369 235504
7.373 235483
7.378 235457
7.385 235441
7.387 235430
7.388 235426
7.392 235399
7.393 235361
7.474 235332
7.478 235228
7.479 235217
7.481 235216
7.482 235200
7.484 235178
7.485 235175
7.515 235130
7.521 235114
7.533 235100
7.534 235099
7.537 235096
7.553 235091
7.558 235054
7.56 235047
7.571 234981
7.587 234959
7.589 234944
7.786 234927
7.788 234911
7.789 234889
7.811 234874
7.813 234862
7.814 234850
7.815 234799
7.818 234700
7.819 234682
7.82 234671
7.821 234670
7.822 234669
7.824 234656
7.826 234637
7.827 234625
7.83 234622
7.831 234609
7.832 234591
7.84 234584
7.842 234565
7.876 234506
7.877 234455
7.879 234419
7.881 234414
7.883 234403
7.884 234394
7.886 234363
7.893 234281
7.894 234273
7.904 234245
7.905 234154
7.906 234149
7.907 234146
7.91 234140
7.912 234117
7.913 234110
7.914 234100
7.915 234088
7.916 234077
7.919 234043
7.922 234031
7.929 234026
8.043 233998
8.048 233992
8.241 233979
8.244 233970
8.249 233962
8.25 233925
8.254 233917
8.254 233916
8.256 233914
8.3 233905
8.301 233901
8.329 233899
8.337 233893
8.666 233884
8.669 233867
8.672 233845
8.673 233835
8.674 233799
8.675 233797
8.68 233795
8.681 233794
8.683 233787
8.684 233744
8.686 233741
8.687 233682
8.69 233671
8.691 233669
8.736 233665
8.746 233645
8.766 233639
8.767 233583
8.769 233571
8.77 233566
8.771 233564
8.776 233545
8.777 233542
8.833 233514
8.836 233469
8.837 233464
8.838 233456
8.943 233446
8.95 233408
8.953 233398
8.955 233389
8.956 233379
8.957 233358
8.981 233341
8.993 233339
9.003 233324
9.127 233320
9.128 233315
9.134 233293
9.136 233288
9.138 233197
9.141 233177
9.143 233173
10.094 233155
10.096 233144
10.103 233128
10.104 233089
10.111 233088
10.114 233079
10.115 233069
10.117 233044
10.121 233043
10.155 233004
10.156 232936
10.16 232926
10.166 232922
10.167 232825
10.168 232822
10.169 232796
10.171 232794
10.176 232790
10.178 232789
10.179 232786
10.187 232785
10.217 232780
10.219 232777
10.22 232757
10.222 232750
10.225 232747
10.226 232738
10.228 232733
10.229 232704
10.241 232682
10.244 232673
10.246 232662
10.253 232658
10.364 232455
10.365 232441
10.366 232440
10.367 232437
10.501 232436
10.502 232379
10.505 232374
10.51 232370
10.516 232330
10.715 232243
10.716 232235
10.727 232217
10.729 232213
10.73 232207
10.736 232204
10.741 232038
10.744 232030
10.769 232021
10.77 232020
10.777 232017
10.782 232016
10.808 232009
10.81 231994
10.813 231986
10.846 231958
10.847 231954
10.851 231945
10.874 231931
10.879 231908
10.928 231863
11.5 231862
11.501 231859
11.502 231845
11.503 231834
11.504 231823
11.508 231814
11.537 231794
11.538 231782
11.539 231778
11.56 231767
11.562 231766
11.565 231743
11.572 231728
11.574 231722
11.576 231721
11.577 231716
11.578 231705
11.579 231689
11.588 231667
11.59 231661
11.594 231658
11.604 231643
11.605 231641
11.608 231625
11.61 231624
11.611 231601
11.614 231560
11.707 231553
11.71 231519
11.713 231495
11.714 231491
11.715 231481
11.716 231478
11.718 231463
11.721 231451
11.735 231388
11.738 231355
11.739 231353
11.74 231328
11.761 231317
11.767 231300
11.775 231292
11.785 231218
11.787 231204
12.345 231202
12.35 231194
12.353 231154
12.354 231146
12.355 231134
12.357 231110
12.363 231086
12.364 231082
12.365 231070
12.368 231038
12.369 231017
12.375 231000
12.377 230973
12.378 230951
12.38 230947
12.382 230914
13.5 230910
13.506 230907
13.581 230904
13.582 230879
13.585 230878
14.309 230869
14.311 230866
14.339 230842
14.422 230744
14.423 230733
14.429 230677
14.431 230672
14.435 230662
14.454 230653
14.455 230602
14.456 230594
14.458 230578
14.46 230577
14.463 230568
14.465 230543
14.467 230520
14.468 230479
14.53 230478
14.532 230476
14.533 230432
14.537 230388
14.642 230373
14.645 230358
14.647 230352
14.649 230350
14.65 230305
14.654 230304
14.867 230256
14.882 230241
14.883 230236
15.728 230228
15.729 230222
15.731 230214
15.732 230210
15.733 230208
15.986 230166
15.987 230154
15.988 230141
15.998 230105
15.999 230092
16.002 230082
16.285 230078
16.689 230074
16.69 230071
16.707 230067
16.709 230036
16.713 230032
16.717 230024
16.733 230012
16.737 230003
16.743 229944
16.744 229897
16.745 229893
16.747 229889
16.751 229875
17.631 229865
17.635 229855
17.643 229850
17.644 229820
17.651 229799
17.653 229781
17.659 229777
17.66 229765
17.661 229741
17.679 229678
17.681 229646
17.703 229618
17.709 229569
17.71 229567
17.711 229558
17.876 229525
17.877 229511
18.006 229459
18.01 229448
18.013 229314
18.014 229312
18.448 229244
18.449 229243
18.452 229199
18.455 229164
18.456 229160
18.464 229056
18.468 229055
18.596 229041
18.597 229019
18.846 229013
19.255 229006
19.26 229003
19.606 228988
19.652 228980
19.653 228978
19.657 228975
19.658 228974
19.663 228874
19.666 228776
19.681 228774
19.683 228746
19.685 228710
19.686 228709
19.689 228702
19.69 228674
19.695 228670
19.696 228652
20.746 228645
20.747 228644
20.751 228640
20.752 228637
20.753 228620
20.763 228506
20.765 228487
20.769 228478
20.77 228477
20.771 228469
20.774 228465
20.776 228437
20.777 228419
22.349 228406
25.306 228384
25.343 228383
25.344 228350
25.345 228348
25.347 228337
25.349 228333
25.35 228295
25.352 228287
25.353 228259
25.356 228251
25.358 228242
25.364 228234
25.365 228225
25.367 228192
25.383 228179
25.554 228172
25.648 228167
25.691 228158
25.693 228153
25.711 228152
25.712 228128
25.718 228122
25.724 228094
25.726 228083
25.728 228063
25.729 228049
25.762 228034
25.763 228010
25.764 227986
25.765 227977
25.769 227940
25.774 227933
25.779 227863
25.787 227855
25.818 227827
25.893 227812
25.895 227807
25.896 227801
25.897 227798
25.898 227796
25.899 227794
25.991 227793
25.992 227774
25.993 227770
27.551 227764
27.552 227758
31.47 227745
31.471 227739
31.472 227737
31.474 227722
31.474 227721
31.475 227720
31.478 227714
31.479 227710
31.481 227651
31.486 227633
31.487 227631
31.489 227617
31.492 227615
31.498 227598
31.499 227595
31.529 227587
31.53 227567
31.531 227566
31.532 227565
31.534 227562
31.574 227519
31.576 227517
31.652 227502
31.653 227493
31.663 227476
31.665 227458
31.666 227438
31.668 227430
31.669 227414
31.671 227406
31.681 227400
31.686 227398
31.691 227397
38.722 227388
38.724 227381
38.729 227339
38.731 227328
38.761 227306
38.769 227294
38.772 227188
38.773 227185
38.776 227160
38.778 227155
38.779 227151
38.785 227123
38.786 227111
38.789 227082
46.655 227081
46.659 227076
46.66 227039
46.662 227030
46.698 227020
46.699 226972
46.701 226959
46.709 226951
46.71 226945
46.715 226884
46.741 226878
46.743 226846
46.749 226832
46.76 226827
46.762 226816
46.77 226747
46.78 226730
46.781 226729
46.782 226684
46.796 226588
46.8 226574
46.801 226573
46.809 226564
46.915 226553
47.039 226534
47.077 226523
48.132 226521
48.135 226441
48.136 226390
48.137 226289
48.148 226240
48.251 226214
48.252 226183
48.253 226130
48.256 226121
48.259 226115
48.292 226093
48.294 226076
48.295 226072
48.298 226066
48.379 226065
48.38 225962
48.386 225961
48.387 225956
48.388 225949
48.72 225946
48.721 225945
48.739 225942
48.742 225911
48.744 225901
48.748 225900
48.771 225891
48.779 225889
48.781 225882
48.782 225873
48.786 225865
48.787 225830
48.788 225822
48.793 225795
48.795 225779
48.796 225777
48.797 225723
48.804 225720
48.806 225712
48.808 225702
48.81 225692
51.973 225680
51.979 225676
51.986 225675
51.99 225657
51.991 225625
51.996 225605
52.001 225597
52.006 225591
52.947 225590
52.949 225578
52.973 225535
52.979 225521
55.594 225512
55.596 225492
55.601 225446
55.729 225442
55.736 225431
55.742 225428
55.75 225418
55.753 225416
55.756 225382
55.977 225362
55.979 225343
55.981 225300
61.814 225296
61.816 225272
61.817 225257
61.818 225255
61.821 225244
61.824 225227
61.825 225202
61.827 225183
61.829 225164
64.363 225163
64.365 225154
64.37 225140
64.371 225117
64.373 225112
64.391 225056
64.392 225041
64.394 225035
64.395 225030
64.397 225018
64.479 225000
64.487 224980
64.488 224973
64.49 224927
64.493 224919
68.086 224906
68.091 224850
68.092 224843
68.999 224794
69.001 224787
69.004 224786
69.005 224762
69.009 224760
69.012 224744
71.052 224724
71.055 224714
71.056 224698
71.058 224685
71.063 224670
71.091 224668
72.164 224641
72.168 224632
72.169 224631
72.17 224569
72.29 224547
72.317 224516
72.322 224497
72.335 224494
72.345 224449
72.36 224447
72.364 224438
72.366 224432
75.323 224419
75.482 224407
75.483 224387
75.485 224377
75.488 224343
75.61 224332
75.632 224331
75.632 224326
75.634 224324
75.635 224310
76.086 224308
76.094 224307
76.097 224300
76.1 224273
76.105 224268
76.106 224230
76.108 224219
76.184 224216
76.186 224131
76.187 224102
76.189 224074
76.19 224073
76.192 224060
76.193 224049
76.208 224039
76.209 224015
76.21 224010
76.212 223988
76.213 223984
78.317 223960
78.319 223945
78.342 223944
78.343 223943
78.696 223935
78.699 223912
79.392 223890
79.396 223876
83.611 223872
83.613 223871
84.044 223847
84.047 223829
84.609 223824
84.612 223818
84.987 223816
84.991 223806
84.994 223803
85.002 223774
85.008 223771
85.012 223745
85.019 223739
85.021 223727
85.049 223722
85.052 223693
85.054 223690
85.149 223669
87.592 223647
87.593 223641
87.598 223630
87.6 223622
87.606 223606
87.608 223597
87.609 223552
87.61 223537
87.612 223492
87.614 223488
87.616 223482
98.425 223477
98.426 223473
98.433 223466
98.435 223452
98.47 223415
98.474 223358
98.477 223284
98.478 223281
98.479 223272
98.481 223243
98.488 223222
98.489 223205
98.49 223204
98.492 223186
98.493 223176
98.494 223168
103.431 223155
103.435 223151
103.436 223117
103.438 223115
103.442 223114
103.443 223112
103.445 223099
103.447 223074
103.451 223071
103.456 223006
103.457 222996
103.459 222986
103.487 222981
103.488 222935
103.491 222929
103.492 222920
103.499 222919
103.501 222910
103.502 222875
103.508 222848
103.509 222808
106.887 222795
106.89 222768
106.893 222765
106.898 222756
106.9 222714
106.902 222712
106.94 222705
106.961 222701
106.963 222700
106.964 222697
106.965 222696
113.64 222677
113.642 222669
113.655 222643
113.669 222637
113.67 222635
113.672 222586
113.674 222558
113.675 222553
113.677 222519
113.682 222517
113.683 222503
113.687 222491
113.714 222477
113.717 222463
113.891 222431
113.892 222407
113.897 222396
113.913 222385
113.915 222375
113.918 222359
127.801 222352
127.804 222350
127.808 222330
127.809 222299
127.811 222292
127.812 222275
127.813 222252
127.824 222241
127.827 222229
127.828 222226
127.876 222217
127.88 222189
127.915 222180
127.917 222170
127.934 222132
127.954 222125
127.962 222120
127.966 222119
127.968 222106
127.969 222067
127.97 222064
127.975 222057
127.979 222025
127.98 222023
127.982 221987
128.113 221985
128.114 221980
140.97 221976
140.972 221973
142.579 221936
142.583 221915
144.237 221868
144.317 221814
144.373 221775
144.374 221772
144.376 221753
144.565 221743
144.566 221720
144.567 221706
144.596 221688
144.598 221684
144.6 221682
144.604 221675
144.606 221670
144.622 221635
144.624 221630
146.28 221625
146.281 221619
146.284 221607
146.292 221599
146.301 221579
146.302 221565
146.304 221562
146.307 221558
146.308 221546
146.628 221543
146.638 221524
146.64 221511
146.647 221506
146.648 221501
146.666 221498
146.668 221490
146.691 221479
146.692 221473
146.697 221461
146.701 221446
146.704 221426
146.705 221411
146.707 221410
159.791 221397
159.792 221396
159.793 221378
159.798 221369
159.805 221359
159.807 221357
159.811 221353
159.817 221338
159.819 221337
159.821 221295
159.822 221260
159.832 221259
159.839 221257
159.848 221252
159.85 221243
159.854 221217
159.855 221211
159.89 221209
159.911 221202
159.92 221200
167.339 221171
167.357 221150
167.358 221148
167.364 221139
167.365 221134
167.369 221086
182.123 221044
182.126 221020
182.131 221013
182.132 221011
191.573 221006
191.575 221004
191.606 220979
191.609 220955
191.629 220946
191.637 220942
191.638 220929
191.639 220885
191.641 220841
191.644 220830
191.645 220809
191.646 220795
202.59 220782
202.603 220773
202.604 220765
202.607 220762
202.621 220741
202.649 220735
202.651 220710
206.413 220708
206.497 220682
206.51 220681
206.564 220671
206.568 220668
206.596 220654
206.597 220633
206.601 220614
206.605 220590
206.607 220566
206.612 220537
206.655 220526
206.658 220522
206.665 220514
206.668 220473
209.306 220454
209.326 220450
209.329 220400
209.341 220392
209.343 220380
209.348 220374
209.396 220371
209.398 220349
209.412 220338
209.513 220334
209.52 220332
209.552 220311
222.276 220310
222.289 220309
222.289 220301
222.292 220282
222.68 220280
222.696 220232
222.698 220229
222.699 220219
222.714 220216
222.717 220205
222.732 220189
222.734 220185
222.735 220150
222.736 220137
222.748 220112
222.752 220106
222.753 220104
222.754 220097
222.783 220091
222.784 220085
222.933 220081
222.938 220067
222.94 220050
222.97 220046
222.99 220018
223.006 220009
223.123 220008
223.124 219993
223.125 219987
223.126 219979
223.134 219972
223.136 219965
223.173 219964
253.508 219950
253.514 219949
253.515 219944
253.518 219925
253.519 219922
253.523 219901
253.57 219876
253.573 219875
253.575 219873
253.577 219868
255.068 219866
255.075 219856
255.113 219840
255.114 219831
255.125 219819
255.139 219811
255.14 219800
255.151 219798
255.162 219787
255.168 219784
255.171 219771
255.819 219764
255.914 219749
255.915 219748
255.921 219747
255.923 219734
255.927 219728
255.93 219712
255.933 219710
255.944 219708
255.948 219707
255.951 219702
255.952 219694
255.954 219689
255.956 219684
256.18 219678
256.181 219673
280.139 219664
280.149 219662
280.15 219661
280.17 219659
280.488 219656
280.491 219652
280.495 219640
280.507 219625
280.512 219624
280.544 219598
280.545 219575
280.548 219568
284.993 219566
284.999 219555
285.007 219547
285.015 219540
285.016 219536
285.025 219534
285.047 219532
285.051 219529
285.059 219524
285.06 219522
285.061 219520
285.124 219518
285.127 219515
285.138 219507
285.14 219499
285.155 219496
285.163 219492
285.167 219488
285.18 219487
285.289 219443
303.207 219432
303.21 219431
303.213 219430
303.214 219429
303.219 219428
303.267 219426
303.294 219418
306.023 219416
306.048 219395
306.055 219376
306.76 219375
306.771 219352
306.783 219345
306.787 219344
306.801 219342
306.826 219324
306.848 219318
306.848 219317
306.868 219298
308.983 219280
309.014 219278
309.053 219277
313.982 219272
313.988 219262
313.997 219232
314.001 219220
314.007 219214
314.019 219193
314.022 219191
314.036 219178
314.036 219158
314.043 219157
314.072 219156
314.076 219149
315.802 219137
315.807 219136
315.812 219129
315.988 219116
315.996 219090
316.088 219088
316.132 219080
316.134 219071
316.137 219069
316.147 219054
316.149 219052
316.15 219049
316.151 219032
316.153 219027
316.155 219019
320.325 219018
320.359 219012
320.368 218974
324.243 218973
324.246 218970
324.25 218917
324.29 218906
324.297 218903
324.304 218902
324.304 218893
324.589 218868
324.591 218834
324.592 218829
324.596 218823
325.163 218817
325.166 218810
325.17 218795
325.173 218791
325.176 218786
325.181 218779
325.182 218763
325.199 218761
325.2 218758
325.202 218748
325.207 218739
325.21 218722
325.213 218702
325.219 218695
325.246 218682
325.25 218676
325.254 218675
325.265 218670
325.268 218639
325.276 218635
325.281 218633
325.284 218628
325.348 218622
325.349 218603
326.096 218591
326.104 218588
326.105 218573
326.106 218570
326.108 218567
326.126 218556
326.136 218555
326.155 218539
326.156 218533
326.169 218527
326.17 218524
326.172 218521
326.193 218517
326.194 218514
326.202 218496
326.204 218479
326.205 218464
326.265 218458
326.284 218429
326.285 218419
341.327 218415
341.33 218405
341.332 218398
341.339 218397
341.346 218396
341.347 218393
341.352 218367
341.353 218365
341.354 218362
341.357 218357
341.368 218346
341.371 218340
341.374 218339
341.375 218329
341.395 218327
341.418 218323
341.426 218316
341.514 218315
341.515 218314
341.522 218306
341.538 218290
341.559 218264
341.565 218260
341.569 218254
341.713 218243
372.061 218226
372.136 218218
372.137 218213
372.147 218206
372.149 218196
372.151 218195
372.159 218187
372.176 218179
372.197 218170
372.203 218159
372.216 218129
372.217 218126
372.221 218123
372.223 218116
372.326 218114
372.33 218108
372.36 218107
375.993 218077
379.275 218068
379.289 218066
379.292 218061
379.297 218060
379.322 218057
379.326 218043
380.282 218037
380.286 218036
380.297 218032
380.467 218024
380.477 218022
380.479 218019
380.481 218012
380.491 218007
380.492 217996
380.498 217961
380.5 217960
380.512 217952
380.515 217949
380.522 217932
380.526 217929
380.527 217925
380.531 217914
380.532 217906
380.536 217885
380.567 217878
380.569 217857
380.571 217855
380.577 217845
380.582 217843
380.724 217829
380.728 217814
382.203 217810
382.211 217807
382.212 217784
382.219 217783
382.224 217773
382.225 217770
382.225 217765
382.228 217760
382.232 217739
382.243 217734
386.271 217727
386.277 217710
386.294 217709
386.297 217708
386.3 217707
386.312 217705
386.317 217704
386.329 217682
386.336 217678
397.567 217672
397.708 217654
397.717 217652
397.718 217626
397.769 217598
397.829 217594
397.839 217592
397.904 217586
397.906 217580
398.142 217579
398.163 217575
398.182 217574
398.184 217569
398.188 217568
406.376 217564
406.385 217555
406.386 217547
406.393 217536
406.395 217535
406.471 217534
406.941 217533
406.942 217511
407.03 217505
407.085 217486
407.088 217461
407.113 217450
407.116 217439
407.117 217434
407.129 217430
409.952 217427
409.953 217424
410.125 217414
410.126 217413
410.422 217389
410.424 217387
410.433 217386
410.435 217383
410.438 217375
410.444 217374
410.458 217366
411.328 217361
411.339 217358
411.347 217356
411.351 217345
411.363 217335
411.364 217334
411.368 217312
411.38 217306
411.381 217298
411.382 217297
411.384 217295
411.409 217292
411.42 217282
411.427 217277
411.435 217274
411.456 217242
411.459 217234
411.468 217207
411.474 217205
411.475 217197
411.628 217196
411.633 217173
411.646 217164
411.648 217146
411.65 217144
411.651 217143
411.684 217140
411.687 217132
411.688 217128
411.778 217123
418.834 217103
418.846 217101
418.849 217098
418.85 217095
418.857 217093
418.866 217088
418.868 217085
418.871 217082
419.393 217079
419.406 217077
419.41 217068
419.425 217066
419.427 217060
419.428 217050
419.44 217043
419.444 217035
419.452 217033
419.459 217017
419.535 217010
419.537 217007
419.555 217006
419.556 217005
433.369 217002
433.388 216996
433.395 216989
433.402 216988
433.407 216984
433.422 216980
433.436 216979
433.441 216975
433.472 216970
433.48 216966
433.501 216962
433.977 216961
433.98 216948
433.99 216934
434 216928
434.005 216927
434.011 216925
434.012 216924
434.014 216918
434.027 216914
434.029 216913
434.037 216912
434.039 216910
434.05 216909
434.058 216889
434.06 216861
434.061 216858
434.065 216854
434.073 216845
434.083 216843
434.197 216841
434.201 216837
434.256 216819
434.276 216818
434.294 216814
434.383 216812
434.399 216799
434.404 216797
434.405 216786
434.422 216779
434.433 216778
434.434 216776
434.44 216775
434.448 216764
434.449 216758
434.499 216752
434.566 216748
434.633 216736
434.639 216721
434.643 216716
434.66 216710
434.692 216699
434.693 216694
434.698 216691
434.7 216690
434.704 216686
436.054 216682
436.059 216679
441.785 216675
441.786 216673
441.787 216669
441.836 216661
444.283 216660
444.286 216649
444.293 216647
444.328 216643
444.332 216628
444.335 216625
444.341 216620
444.343 216610
444.383 216603
444.384 216601
461.306 216599
461.322 216598
461.328 216597
461.879 216561
461.882 216554
461.888 216547
462.012 216542
462.023 216536
462.032 216522
462.037 216516
462.039 216508
462.07 216498
462.126 216497
462.128 216483
462.236 216480
462.247 216462
462.253 216458
462.258 216452
462.261 216446
462.262 216435
462.263 216426
462.266 216425
462.271 216422
462.285 216413
462.295 216408
462.955 216406
462.973 216404
463.017 216398
463.024 216395
463.026 216394
463.027 216392
463.09 216388
463.096 216386
463.104 216385
463.105 216383
463.151 216375
463.176 216373
463.18 216367
463.181 216357
463.182 216353
463.201 216346
463.217 216345
463.492 216344
463.539 216341
463.657 216334
463.659 216326
463.66 216319
463.668 216315
479.12 216305
479.123 216304
479.124 216300
479.131 216294
508.658 216293
508.659 216292
508.832 216288
508.878 216284
508.9 216277
508.905 216276
508.922 216253
508.952 216250
508.96 216243
508.973 216237
508.988 216236
509.054 216235
509.058 216231
509.06 216230
509.064 216227
512.644 216225
512.646 216224
512.655 216219
512.676 216213
512.681 216212
512.704 216208
512.977 216195
512.982 216189
512.985 216187
513.002 216184
513.003 216177
514.454 216176
517.422 216170
517.432 216165
517.442 216155
517.443 216154
517.657 216135
517.906 216133
518.13 216123
518.135 216120
518.153 216119
518.16 216110
518.172 216109
518.173 216092
518.188 216079
518.195 216068
518.288 216059
518.296 216058
518.317 216051
518.826 216046
518.878 216045
518.961 216043
518.983 216034
518.984 216032
518.994 216031
519 216024
519.01 216019
522.495 216018
522.667 216006
522.669 216003
522.708 215997
522.723 215982
522.724 215976
522.835 215973
522.894 215970
522.899 215964
522.905 215962
522.914 215958
522.972 215951
522.982 215943
522.999 215934
523.004 215924
525.343 215923
525.416 215920
525.458 215916
528.652 215913
528.705 215910
528.718 215906
528.731 215902
529.681 215898
529.689 215888
529.692 215878
529.693 215872
533.288 215864
533.289 215858
533.294 215846
533.305 215843
533.311 215831
533.366 215830
533.413 215827
533.428 215826
533.863 215800
533.883 215799
533.886 215786
533.941 215784
533.943 215781
533.998 215780
534.026 215778
534.032 215775
534.083 215771
534.135 215769
534.153 215766
538.393 215751
538.431 215747
538.454 215746
538.469 215741
538.474 215734
538.553 215732
538.563 215729
538.565 215719
538.589 215713
538.6 215705
538.603 215704
538.679 215703
538.694 215701
538.739 215700
538.746 215699
538.747 215696
538.756 215693
538.76 215692
538.767 215691
539.131 215690
539.144 215687
539.194 215680
539.2 215676
539.203 215673
539.249 215669
539.28 215663
539.287 215644
539.295 215642
539.297 215641
540.341 215637
540.354 215636
540.425 215632
540.442 215628
540.448 215616
551.391 215615
551.428 215613
551.443 215612
551.472 215595
551.742 215594
551.749 215582
551.76 215578
551.762 215569
551.776 215562
551.78 215559
551.825 215556
555.478 215554
555.593 215541
555.785 215540
555.808 215534
558.744 215533
558.811 215529
558.866 215526
558.868 215520
558.982 215519
559.065 215507
559.112 215504
559.164 215502
559.199 215495
559.244 215494
559.259 215493
559.279 215491
559.557 215485
560.538 215484
560.564 215478
560.581 215461
560.684 215459
560.706 215458
560.712 215456
560.753 215450
560.878 215446
560.879 215442
560.882 215440
561.636 215433
563.467 215431
563.483 215430
566.368 215428
566.377 215426
566.416 215423
566.425 215415
568.263 215414
570.664 215413
570.673 215407
571.084 215402
571.089 215391
571.19 215389
571.288 215388
571.376 215378
571.401 215377
571.404 215371
571.631 215369
571.642 215368
571.663 215366
572.243 215364
573.283 215360
573.343 215356
573.363 215346
573.378 215342
573.387 215340
573.44 215336
573.449 215333
573.56 215330
573.57 215328
573.592 215322
573.736 215306
578.485 215305
578.488 215296
578.505 215294
578.515 215281
578.521 215279
578.53 215278
578.537 215268
578.544 215265
578.558 215264
578.564 215262
578.57 215260
578.594 215258
578.599 215256
578.602 215247
578.614 215244
578.621 215242
578.63 215238
578.708 215235
579.733 215230
580.28 215229
580.29 215228
580.315 215225
580.342 215223
580.398 215219
580.478 215216
590.191 215215
590.355 215214
590.398 215213
590.541 215208
590.583 215205
590.613 215196
590.656 215195
590.667 215186
590.675 215185
590.679 215183
590.682 215180
590.689 215179
590.708 215170
590.866 215166
600.119 215163
600.275 215160
600.311 215154
600.343 215151
600.382 215146
600.442 215142
600.452 215137
600.472 215133
602.127 215126
602.132 215125
602.192 215117
602.23 215110
602.236 215109
602.242 215105
602.382 215103
602.402 215101
602.404 215096
602.574 215095
602.691 215090
602.719 215082
602.737 215079
605.771 215078
605.841 215077
605.856 215076
605.864 215073
605.872 215071
605.966 215068
605.998 215067
606.04 215065
606.044 215058
606.062 215051
606.427 215044
606.43 215035
606.515 215034
606.723 215033
606.765 215032
606.771 215029
606.774 215020
606.886 215019
606.923 215016
606.924 215012
606.957 215009
607.09 215006
607.613 215003
608.079 214996
608.145 214993
608.149 214992
608.164 214985
608.285 214984
608.289 214983
608.527 214979
608.652 214978
621.216 214975
621.257 214974
621.271 214970
621.369 214967
624.793 214961
624.799 214960
624.824 214959
624.827 214951
624.977 214950
625.155 214949
625.192 214945
625.201 214944
625.206 214943
626.33 214937
626.332 214931
626.352 214929
626.387 214926
626.409 214923
628.241 214919
628.263 214918
628.272 214915
628.289 214908
628.777 214903
628.784 214899
628.837 214898
628.855 214897
628.903 214895
628.948 214894
629.762 214891
629.796 214884
632.476 214878
632.559 214876
632.916 214873
632.941 214866
632.957 214861
633.01 214854
634.901 214853
641.035 214846
641.076 214837
641.173 214835
653.255 214834
653.261 214833
653.263 214830
653.299 214829
653.378 214823
653.412 214819
657.522 214814
657.533 214812
658.054 214811
658.077 214805
658.095 214801
658.513 214800
658.72 214796
658.725 214794
658.749 214792
661.361 214788
661.483 214787
661.498 214778
661.511 214776
661.579 214774
661.635 214768
663.062 214767
663.064 214759
663.072 214758
663.077 214757
663.14 214752
663.173 214750
664.061 214749
664.112 214748
665.08 214744
666.105 214743
666.164 214734
666.176 214731
666.187 214729
666.221 214728
666.352 214727
666.368 214726
672.446 214724
680.275 214722
680.277 214720
681.251 214716
681.35 214715
681.407 214711
681.409 214710
681.413 214709
683.167 214705
683.169 214702
683.185 214701
683.187 214700
683.199 214699
683.261 214697
683.386 214693
683.541 214692
683.562 214690
683.575 214682
687.738 214678
687.744 214677
687.914 214670
688.167 214666
688.246 214661
688.261 214660
688.265 214655
688.338 214654
688.372 214649
688.384 214648
688.418 214647
688.62 214646
691.938 214644
694.177 214639
694.191 214633
694.243 214631
694.294 214625
694.3 214622
694.301 214620
694.317 214619
694.366 214617
694.401 214616
694.446 214615
694.457 214610
694.568 214609
696.522 214607
696.634 214606
696.651 214603
697.402 214602
697.451 214599
697.458 214598
707.651 214597
707.671 214595
707.688 214594
708.483 214591
709.16 214590
709.196 214589
709.341 214587
710.802 214586
710.804 214580
710.814 214576
710.842 214575
710.92 214573
710.934 214571
710.969 214569
711.07 214568
711.098 214562
711.14 214561
711.174 214558
711.196 214555
711.197 214554
711.229 214552
711.335 214551
712.96 214550
712.985 214549
713.258 214547
713.437 214544
713.861 214535
714.082 214532
714.137 214530
714.315 214526
714.438 214522
714.645 214519
714.912 214516
715.038 214511
716.022 214510
716.216 214509
716.239 214507
716.325 214506
716.372 214505
716.528 214504
716.534 214502
716.707 214501
720.833 214500
720.86 214498
720.861 214493
722.405 214491
722.477 214489
723.112 214488
726.297 214486
726.315 214484
726.387 214481
726.414 214480
726.571 214477
726.577 214473
726.595 214472
744.971 214470
744.996 214469
745.003 214468
745.007 214465
745.038 214464
747.113 214463
747.13 214462
747.258 214461
747.407 214460
747.446 214454
747.534 214453
747.838 214450
747.892 214447
748.782 214441
749.076 214439
749.289 214435
751.443 214432
751.446 214431
751.585 214430
751.609 214428
751.611 214426
751.637 214425
752.013 214424
752.033 214423
752.044 214422
752.05 214421
752.2 214415
756.086 214410
756.135 214406
756.198 214403
756.384 214400
756.73 214398
756.762 214397
757.406 214395
757.935 214393
757.964 214392
758.631 214391
759.935 214390
759.949 214389
760.022 214388
761.918 214385
761.923 214383
762.949 214382
762.963 214378
763.033 214372
770.176 214371
770.195 214367
773.445 214366
773.608 214365
773.648 214363
773.727 214357
773.874 214350
774.934 214348
774.948 214347
774.952 214346
775.033 214345
775.053 214343
775.164 214341
775.201 214340
777.843 214338
778.039 214336
779.752 214335
780.058 214334
789.681 214332
789.816 214331
790.17 214330
790.461 214329
790.602 214328
790.716 214326
790.804 214325
790.829 214324
792.103 214320
796.428 214316
796.505 214309
796.712 214308
796.72 214307
796.845 214306
796.857 214304
797.293 214300
797.37 214299
797.44 214298
797.493 214296
797.663 214292
797.763 214291
797.8 214290
797.825 214289
797.973 214288
798.199 214285
798.268 214282
798.272 214281
798.399 214278
798.466 214277
798.917 214276
799.082 214275
811.161 214273
814.669 214272
814.714 214271
814.783 214269
814.84 214268
815.701 214267
815.769 214266
818.132 214265
818.137 214263
818.141 214262
823.3 214261
823.348 214260
823.381 214257
823.415 214256
823.451 214253
823.523 214252
823.544 214250
823.77 214249
823.835 214247
824.011 214246
824.028 214245
824.176 214244
824.252 214243
827.19 214242
827.25 214241
827.352 214237
828.046 214236
829.356 214235
829.36 214234
830.718 214230
831.535 214229
834.336 214226
834.354 214225
834.394 214223
834.415 214222
834.444 214221
834.484 214220
834.488 214219
835.029 214217
836.088 214215
836.533 214214
837.41 214213
837.442 214212
837.67 214211
837.745 214210
837.75 214209
837.791 214204
838.317 214203
838.602 214201
838.699 214199
838.821 214197
838.869 214196
839.023 214195
842.248 214192
843.302 214191
843.453 214190
843.616 214189
843.695 214188
843.87 214186
844.248 214185
