4.315 241408
4.317 241403
4.319 241232
4.32 241141
4.322 240734
4.326 240707
4.327 240703
4.328 240702
4.33 240681
4.331 240544
4.333 240543
4.334 240519
4.336 240511
4.337 240501
4.34 240475
4.341 240473
4.342 240471
4.344 240367
4.346 240363
4.348 240342
4.35 240338
4.352 240296
4.354 240269
4.356 240215
4.357 240207
4.36 240198
4.361 240059
4.363 240057
4.365 239903
4.367 239739
4.37 239726
4.371 239724
4.372 239722
4.374 239713
4.375 239712
4.377 239709
4.378 239694
4.38 239516
4.382 239426
4.383 239422
4.385 239393
4.387 239390
4.388 239387
4.389 239386
4.39 239377
4.392 239366
4.393 239358
4.394 239347
4.396 239212
4.398 239210
4.4 239201
4.403 239198
4.404 239193
4.405 239192
4.407 239188
4.412 238615
4.414 238606
4.415 238598
4.417 238593
4.42 238592
4.422 238575
4.423 238444
4.425 238437
4.427 238435
4.428 238411
4.432 238372
4.437 238355
4.438 238341
4.44 238326
4.445 238325
4.448 238163
4.449 238147
4.451 238142
4.452 238098
4.454 238011
4.455 237995
4.456 237980
4.458 237969
4.459 237947
4.462 237919
4.464 237889
4.465 237869
4.467 237830
4.468 237827
4.47 237824
4.471 237821
4.473 237819
4.474 237806
4.479 237805
4.481 237799
4.484 237794
4.487 237750
4.488 237749
4.489 237741
4.493 237729
4.495 237612
4.498 237596
4.499 237589
4.501 237587
4.504 237586
4.506 237583
4.507 237571
4.509 237565
4.512 237559
4.515 237544
4.516 237483
4.519 237461
4.522 237445
4.524 237008
4.525 237003
4.528 236999
4.53 236998
4.531 236985
4.534 236983
4.535 236966
4.538 236940
4.54 236829
4.541 236828
4.542 236824
4.544 236775
4.547 236758
4.55 236744
4.551 236714
4.556 236712
4.557 236710
4.58 236700
4.587 236606
4.589 236601
4.59 236600
4.594 236589
4.595 236567
4.596 236524
4.599 236479
4.603 236396
4.605 236393
4.606 236387
4.607 236386
4.609 236354
4.61 236351
4.612 236350
4.613 236348
4.617 236342
4.618 236341
4.619 236323
4.621 236317
4.622 236315
4.626 236314
4.629 236311
4.634 236310
4.636 236214
4.638 236210
4.64 236206
4.644 236203
4.645 236202
4.658 236145
4.661 236103
4.665 236067
4.674 236020
4.675 236015
4.679 236012
4.683 236005
4.684 236003
4.685 236000
4.692 235997
4.696 235993
4.697 235992
4.698 235990
4.7 235987
4.701 235955
4.704 235949
4.705 235947
4.707 235940
4.709 235933
4.711 235931
4.712 235927
4.717 235910
4.719 235905
4.72 235903
4.726 235896
4.728 235887
4.73 235883
4.731 235877
4.737 235863
4.742 235649
4.745 235613
4.747 235606
4.753 235599
4.754 235591
4.757 235582
4.763 235575
4.765 235545
4.767 235542
4.769 235541
4.77 235537
4.772 235520
4.776 235483
4.782 235482
4.783 235481
4.785 235480
4.787 235458
4.789 235456
4.79 235451
4.795 235420
4.796 235418
4.798 235412
4.803 235410
4.806 235396
4.809 235292
4.811 235290
4.812 235287
4.814 235273
4.815 235269
4.816 235236
4.818 235222
4.82 235218
4.823 235214
4.825 235176
4.828 235170
4.829 235168
4.831 235167
4.834 235165
4.841 235159
4.843 235153
4.845 235141
4.847 235113
4.851 235104
4.856 235100
4.858 235096
4.86 235049
4.861 235045
4.867 235043
4.87 235042
4.872 235040
4.873 234997
4.875 234995
4.882 234947
4.888 234904
4.891 234811
4.892 234806
4.895 234790
4.897 234777
4.899 234764
4.901 234753
4.932 234699
4.937 234693
4.938 234681
4.939 234672
4.941 234655
4.943 234654
4.945 234643
4.984 234636
4.985 234630
4.987 234625
4.989 234615
4.992 234582
4.993 234570
4.994 234568
4.996 234565
5.006 234550
5.011 234547
5.013 234543
5.016 234534
5.022 234529
5.04 234524
5.075 234499
5.087 234497
5.095 234487
5.111 234478
5.118 234477
5.147 234473
5.151 234472
5.247 234461
5.25 234457
5.267 234372
5.278 234371
5.284 234354
5.287 234350
5.29 234340
5.298 234337
5.692 234334
5.699 234333
5.719 234308
5.72 234306
5.723 234297
5.725 234288
5.726 234277
5.752 234273
5.755 234270
5.76 234269
5.763 234239
5.801 234196
5.817 234195
5.821 234186
5.823 234183
5.846 234177
5.87 234170
5.872 234159
5.875 234153
5.877 234151
5.886 234135
5.916 234133
5.919 234131
5.921 234124
6.152 234117
6.154 234094
6.155 234093
6.171 234084
6.173 234077
6.596 234043
6.599 234038
6.601 234034
6.602 234016
6.712 233993
6.713 233991
6.714 233982
7.015 233979
7.019 233967
7.023 233966
7.381 233960
7.386 233934
7.388 233921
7.391 233873
7.395 233861
7.4 233851
7.401 233850
7.404 233830
7.45 233828
7.486 233825
7.593 233810
7.594 233807
7.597 233800
7.598 233792
7.602 233754
7.613 233750
7.641 233749
7.648 233736
7.656 233735
7.658 233724
7.66 233722
7.663 233716
7.68 233713
7.685 233704
7.687 233698
7.691 233694
7.695 233689
7.741 233650
7.743 233649
7.751 233645
7.789 233629
7.799 233628
7.801 233615
7.807 233612
7.809 233597
7.81 233590
7.84 233584
7.861 233579
7.865 233570
7.867 233565
7.869 233563
7.878 233561
7.879 233560
7.881 233558
7.884 233541
7.886 233531
7.889 233528
7.94 233526
8.574 233479
8.575 233458
8.579 233399
8.584 233390
8.591 233383
8.602 233330
8.615 233325
8.741 233302
8.742 233300
8.756 233280
8.766 233264
8.768 233263
8.777 233262
8.781 233260
8.784 233255
8.79 233246
8.81 233218
8.818 233215
8.822 233212
8.96 233180
8.961 233167
8.962 233166
8.976 233151
8.984 233149
9.012 233104
9.018 233101
9.027 233092
9.028 233082
9.039 233076
9.04 233075
9.044 233072
9.054 233070
9.058 233068
9.06 233059
9.062 233046
9.063 233042
9.066 233031
9.071 233013
9.074 233009
9.075 232961
10.043 232948
10.048 232937
10.062 232934
10.117 232894
10.118 232893
10.121 232858
10.131 232827
10.132 232821
10.137 232815
10.141 232812
10.144 232788
10.182 232737
10.257 232736
10.271 232730
10.475 232725
10.486 232709
10.489 232661
10.493 232574
10.498 232551
10.502 232526
10.505 232525
10.513 232524
10.574 232513
10.796 232512
10.798 232509
10.802 232492
10.804 232491
10.825 232479
10.83 232474
10.834 232471
10.84 232470
10.841 232468
10.843 232422
10.879 232410
10.883 232339
10.903 232322
10.907 232321
10.91 232314
10.913 232291
10.917 232288
11.253 232285
11.254 232254
11.263 232252
11.264 232245
11.271 232242
11.273 232238
11.274 232204
11.281 232202
11.293 232201
11.297 232198
11.317 232179
11.319 232113
11.337 232096
11.352 232070
11.367 232065
11.368 232064
11.388 232058
11.389 232052
11.392 232047
11.393 232045
11.398 232038
11.523 232013
11.526 232002
11.534 231980
11.535 231968
11.536 231955
11.538 231948
11.539 231926
11.541 231923
11.542 231916
11.544 231914
11.547 231911
11.616 231899
11.618 231883
11.62 231878
12.478 231869
12.481 231867
12.482 231861
12.489 231819
12.492 231818
12.494 231811
12.496 231806
12.501 231803
12.518 231799
12.519 231788
12.523 231780
12.534 231768
12.535 231759
12.538 231748
12.569 231747
12.571 231744
12.574 231710
12.575 231700
12.581 231685
12.617 231670
12.627 231668
12.63 231635
12.634 231633
12.733 231629
12.735 231628
12.737 231617
13.438 231612
13.44 231611
13.443 231610
13.445 231600
13.447 231590
13.457 231584
13.46 231582
13.479 231574
13.482 231572
13.486 231539
13.493 231535
13.519 231530
13.52 231515
13.591 231511
13.593 231509
13.595 231498
13.599 231470
13.602 231466
13.611 231456
13.613 231448
13.615 231438
13.616 231437
13.617 231436
13.676 231435
13.678 231401
13.684 231388
13.858 231364
13.859 231361
13.864 231357
13.866 231356
13.869 231349
13.895 231348
13.904 231331
13.907 231201
13.909 231196
13.912 231172
13.915 231168
13.917 231150
13.921 231117
13.922 231103
13.925 231090
13.927 231076
13.936 231023
13.938 231010
13.943 231002
13.946 231001
13.981 230994
13.982 230978
13.985 230976
13.989 230967
13.992 230966
13.996 230943
13.998 230898
14.002 230882
14.004 230876
14.012 230862
14.016 230858
14.033 230839
14.035 230713
14.038 230702
14.04 230701
14.043 230699
14.046 230695
14.047 230690
14.054 230626
14.058 230623
14.066 230608
14.069 230605
14.072 230593
14.074 230586
14.076 230537
14.085 230498
14.091 230487
14.094 230486
14.095 230471
14.099 230462
14.118 230454
14.149 230440
14.189 230437
14.191 230433
14.194 230429
14.196 230374
14.197 230370
14.201 230367
14.208 230366
14.21 230309
14.235 230308
14.651 230175
14.662 230165
14.676 230156
14.678 230144
14.686 230137
14.697 230132
14.711 230127
14.762 230124
14.764 230123
14.766 230096
14.777 230095
14.78 230086
14.814 230068
14.82 230064
14.823 230057
14.829 230055
14.832 230050
14.836 230030
14.84 230025
14.848 230017
19.559 230016
19.562 230006
19.574 229951
19.582 229940
19.589 229905
19.592 229882
19.594 229873
19.603 229868
19.614 229865
19.713 229863
19.721 229829
19.728 229806
19.734 229791
19.758 229788
19.763 229765
19.775 229751
19.778 229739
19.781 229735
19.788 229734
19.793 229712
19.796 229699
19.806 229696
19.81 229681
19.812 229676
19.815 229672
19.818 229659
19.865 229657
19.867 229654
19.871 229638
19.872 229637
19.874 229635
19.883 229627
19.888 229623
19.889 229618
19.942 229613
19.943 229610
19.947 229594
19.949 229591
19.951 229588
19.955 229578
19.957 229566
19.959 229560
20.064 229552
20.068 229549
20.072 229545
20.082 229543
20.093 229517
20.28 229507
20.284 229499
20.292 229489
20.294 229478
20.295 229467
20.321 229454
20.324 229448
20.326 229443
20.328 229431
20.331 229429
20.333 229425
20.339 229402
20.342 229382
20.344 229373
25.768 229366
25.77 229358
25.772 229342
25.778 229334
25.786 229294
25.95 229290
25.954 229280
25.962 229271
25.966 229241
25.994 229231
25.996 229213
26.048 229197
26.05 229193
26.133 229190
26.137 229189
26.148 229183
26.164 229131
26.166 229127
26.17 229119
26.172 229117
26.174 229114
26.218 229081
27.74 229078
27.742 229057
27.774 229056
27.775 229052
27.777 229040
27.779 229024
27.845 229011
27.913 228997
27.919 228972
27.921 228971
27.926 228963
27.928 228919
27.929 228913
27.969 228911
27.971 228909
27.973 228895
28.024 228879
28.025 228877
28.027 228873
28.029 228837
28.031 228822
28.389 228818
28.391 228809
28.393 228785
28.398 228777
28.401 228715
28.75 228695
28.76 228665
28.773 228643
28.778 228639
28.779 228634
28.783 228610
28.784 228598
28.787 228574
28.798 228570
28.806 228539
28.832 228537
28.834 228532
28.836 228513
28.837 228512
28.839 228502
28.861 228499
28.877 228497
28.881 228491
28.883 228474
28.885 228469
28.887 228464
28.89 228463
28.893 228446
28.894 228427
28.897 228392
28.899 228374
29.113 228336
29.117 228314
29.127 228310
30.269 228307
30.272 228283
30.278 228273
30.28 228254
30.281 228250
30.286 228236
30.3 228219
30.339 228194
30.342 228193
30.405 228165
30.432 228140
30.435 228138
30.438 228131
32.365 228129
32.375 228114
32.377 228106
32.384 228090
32.388 228078
32.456 228064
32.459 228032
32.461 228030
32.494 228023
35.429 228020
35.432 228013
35.435 228009
35.437 228008
35.439 228005
35.442 228001
35.444 227971
36.387 227941
36.404 227938
36.406 227937
36.425 227935
36.429 227868
36.431 227866
36.674 227851
36.677 227841
36.679 227837
36.681 227827
36.683 227822
36.685 227821
36.695 227813
37.376 227805
37.379 227801
37.732 227798
37.734 227792
37.737 227762
37.739 227746
37.747 227740
37.749 227700
37.751 227673
37.804 227670
37.809 227669
44.532 227654
44.534 227626
44.561 227611
44.571 227584
44.575 227577
44.576 227567
44.578 227555
44.579 227541
44.581 227532
44.583 227505
44.584 227496
45.628 227488
45.63 227472
45.634 227446
45.637 227445
45.742 227434
45.745 227409
45.938 227378
45.941 227369
45.943 227357
45.947 227343
45.952 227308
45.956 227294
45.961 227292
45.965 227290
45.968 227286
45.97 227257
45.972 227254
45.974 227224
45.977 227172
45.983 227153
45.984 227143
45.988 227134
45.989 227130
45.994 227107
45.995 227106
45.998 227100
46.005 227096
47.242 227068
47.245 227062
47.449 227061
47.45 227038
50.169 227023
50.171 227008
50.176 226996
50.183 226995
50.185 226961
50.199 226947
50.203 226878
50.316 226823
50.317 226815
50.371 226806
50.377 226805
50.379 226792
50.38 226783
50.386 226777
50.388 226752
51.315 226744
51.32 226721
56.008 226720
56.01 226719
56.012 226696
56.042 226695
57.934 226693
57.936 226691
57.94 226643
58.086 226604
58.094 226597
58.27 226596
58.272 226595
58.273 226588
58.315 226587
64.805 226573
64.807 226538
64.829 226507
64.831 226504
64.832 226501
64.847 226495
65.535 226468
65.606 226461
65.607 226449
65.609 226441
65.741 226432
65.743 226424
65.745 226417
65.749 226390
65.822 226384
65.824 226364
65.829 226360
65.831 226347
65.845 226341
65.848 226319
70.649 226313
70.687 226302
70.688 226286
70.695 226279
70.698 226264
70.706 226241
70.71 226157
70.712 226156
70.718 226143
70.72 226130
70.733 226122
70.742 226106
70.759 226103
70.761 226077
70.765 226055
70.767 226047
70.774 226045
70.783 226039
70.816 226033
70.818 226031
70.821 226029
70.822 226022
70.828 226013
70.83 225989
73.304 225981
73.307 225967
73.339 225961
73.342 225957
73.484 225956
76.337 225948
76.356 225947
76.357 225922
76.359 225918
76.841 225875
76.844 225856
76.848 225843
76.849 225838
76.851 225819
76.854 225794
76.857 225779
76.859 225766
76.879 225752
76.886 225746
76.888 225739
76.902 225735
76.975 225724
76.981 225718
76.996 225714
76.998 225705
77.001 225693
77.005 225692
77.006 225676
77.142 225655
77.189 225651
77.262 225649
77.267 225647
77.288 225645
77.289 225638
77.291 225630
77.297 225625
77.494 225612
82.212 225611
82.214 225600
82.216 225592
82.217 225578
82.219 225572
82.22 225570
82.222 225566
82.224 225563
82.295 225549
82.297 225546
82.298 225539
82.301 225501
82.302 225484
82.307 225479
82.31 225468
82.311 225440
82.315 225421
93.082 225414
93.085 225412
93.16 225402
93.161 225399
93.195 225390
93.199 225388
159.47 225381
159.515 225364
159.526 225362
159.528 225324
159.719 225314
159.721 225309
159.722 225308
159.725 225300
159.729 225292
159.731 225261
159.952 225257
159.958 225248
159.968 225242
159.972 225239
159.985 225238
159.996 225225
159.998 225223
160.004 225220
160.005 225217
160.007 225208
160.009 225201
161.938 225190
161.941 225188
161.943 225170
161.945 225153
161.948 225114
161.954 225079
161.962 225078
161.968 225016
161.97 225007
161.974 224997
161.976 224971
161.978 224961
161.98 224952
161.982 224948
161.984 224947
161.986 224923
162.003 224914
162.01 224909
162.032 224895
162.04 224893
162.045 224889
162.046 224876
162.068 224873
162.071 224872
162.073 224871
162.075 224869
162.09 224852
162.12 224851
162.123 224849
162.129 224833
162.131 224831
162.168 224828
162.173 224819
162.175 224813
162.315 224811
162.321 224807
162.336 224804
162.344 224777
162.395 224771
162.398 224765
162.4 224762
171.003 224713
171.006 224706
171.013 224704
171.016 224701
171.017 224696
171.021 224689
171.023 224683
171.025 224668
172.882 224659
172.883 224655
172.888 224616
172.891 224612
172.894 224603
172.895 224584
173.05 224548
173.248 224515
173.25 224487
173.254 224471
173.283 224465
173.285 224454
173.681 224453
173.683 224429
173.8 224422
174.312 224410
174.314 224400
174.315 224398
180.646 224367
180.653 224343
180.657 224284
180.684 224278
180.692 224277
180.703 224262
180.706 224243
180.709 224238
180.716 224235
180.718 224232
180.722 224231
180.725 224227
180.728 224216
199.71 224215
199.715 224176
199.733 224174
199.737 224169
199.738 224163
199.82 224161
200.192 224159
200.194 224153
200.522 224152
200.539 224145
203.351 224142
203.353 224140
203.511 224139
203.626 224134
203.632 224124
203.635 224121
203.638 224109
203.647 224108
203.66 224107
203.661 224101
203.664 224091
203.671 224088
203.672 224084
203.675 224083
203.678 224075
215.309 224062
215.312 224061
215.313 224056
215.34 224055
215.349 224039
217.355 224020
217.361 224004
217.364 224002
217.365 223975
217.37 223973
217.371 223969
217.375 223957
217.379 223944
217.384 223935
217.386 223932
217.388 223928
217.392 223916
224.079 223902
224.081 223894
224.128 223890
224.131 223884
224.157 223876
224.159 223863
224.167 223853
224.169 223832
224.172 223827
224.174 223825
224.176 223815
224.179 223812
224.18 223796
224.186 223795
224.286 223794
224.288 223773
224.377 223765
224.378 223764
224.381 223733
224.385 223732
224.398 223731
225.128 223715
225.13 223713
225.133 223694
225.134 223688
225.142 223667
225.148 223653
225.15 223650
225.151 223644
225.154 223632
225.155 223630
225.243 223629
225.245 223624
225.317 223623
225.333 223621
225.335 223612
225.354 223609
225.358 223596
225.361 223591
225.365 223569
225.369 223558
225.381 223556
225.392 223551
225.401 223530
225.406 223529
225.409 223514
225.421 223501
225.439 223481
225.443 223473
225.48 223468
225.485 223460
225.487 223453
225.495 223445
225.497 223438
225.53 223434
241.291 223425
241.292 223414
241.306 223412
241.309 223410
241.312 223408
241.315 223402
242.015 223396
242.342 223392
242.347 223377
242.348 223368
242.353 223365
242.355 223361
242.386 223350
242.395 223343
242.397 223342
245.532 223337
245.534 223331
245.563 223328
245.568 223319
245.57 223317
245.677 223305
245.701 223283
245.759 223263
245.76 223262
245.943 223257
245.982 223251
246.022 223248
264.567 223247
264.603 223246
264.605 223240
264.607 223227
264.615 223225
264.632 223220
264.64 223205
264.643 223182
264.667 223173
264.669 223162
264.674 223147
264.678 223124
264.679 223111
264.685 223107
264.786 223096
264.793 223089
264.851 223080
264.857 223076
264.863 223065
264.865 223059
264.867 223047
264.87 223044
264.873 223026
264.875 223016
264.876 223014
264.88 222997
264.888 222994
264.89 222987
264.892 222986
264.897 222976
264.901 222918
264.934 222904
264.969 222902
291.794 222886
291.796 222879
291.836 222877
291.838 222871
291.912 222869
291.914 222865
291.918 222852
291.92 222848
291.921 222835
291.923 222834
292.161 222831
292.166 222828
292.17 222825
292.176 222808
292.178 222799
292.227 222780
292.238 222778
292.24 222776
292.393 222764
292.398 222761
292.4 222758
292.406 222757
296.519 222749
296.55 222727
296.556 222715
296.566 222689
296.568 222688
296.57 222665
296.575 222650
296.578 222643
296.581 222638
298.2 222635
298.203 222633
298.229 222616
298.23 222615
298.232 222593
298.243 222590
298.245 222584
298.279 222583
298.287 222581
298.29 222563
298.292 222551
299.932 222539
299.94 222527
299.945 222524
300.724 222519
300.726 222494
300.738 222493
300.74 222476
300.757 222464
300.767 222462
300.77 222452
300.772 222432
300.774 222424
300.791 222417
300.793 222413
300.799 222397
302.061 222368
302.063 222363
302.064 222357
302.073 222339
302.172 222335
302.279 222333
302.28 222312
302.302 222310
302.306 222296
302.311 222294
302.321 222285
302.326 222276
302.33 222269
302.332 222264
302.335 222259
302.339 222254
302.342 222253
302.405 222245
302.407 222236
302.408 222229
302.474 222209
302.478 222206
302.48 222191
302.61 222178
302.611 222177
304.182 222169
304.186 222153
304.474 222149
304.533 222140
304.646 222134
304.648 222124
304.65 222119
304.652 222116
304.658 222111
304.661 222104
304.665 222085
304.67 222083
304.744 222075
306.39 222074
306.394 222071
306.399 222064
306.402 222045
331.196 222042
337.74 222032
337.748 222031
337.752 222027
338.034 222021
338.035 222011
338.044 222001
338.048 221996
339.066 221995
339.067 221986
339.08 221985
339.097 221969
339.099 221963
339.102 221962
339.104 221960
339.124 221928
343.384 221917
343.389 221916
343.39 221912
343.393 221908
343.426 221906
343.429 221893
343.433 221885
343.438 221878
343.441 221870
343.443 221866
343.457 221862
343.46 221856
343.463 221849
343.48 221845
343.492 221837
343.495 221832
343.499 221827
343.501 221823
343.506 221813
343.559 221811
343.647 221810
343.658 221799
343.66 221797
343.699 221790
343.711 221775
343.745 221769
343.747 221734
344.438 221732
344.483 221731
344.485 221726
344.487 221724
344.489 221715
345.873 221712
345.884 221711
345.887 221710
346.773 221706
346.775 221688
346.779 221680
346.8 221654
346.802 221652
346.815 221627
346.821 221625
346.83 221604
346.831 221594
346.842 221584
346.858 221581
347.234 221575
347.236 221570
347.239 221569
347.241 221534
347.248 221533
347.317 221529
348.563 221523
348.566 221521
348.571 221520
348.573 221508
348.575 221502
348.582 221499
348.596 221498
348.598 221483
348.631 221477
348.633 221472
348.637 221460
348.638 221447
348.641 221434
348.644 221430
348.922 221429
348.978 221428
348.989 221427
349.003 221421
349.005 221398
349.011 221394
349.218 221391
349.22 221385
349.224 221381
349.232 221379
349.265 221372
349.547 221367
349.549 221366
349.551 221354
349.556 221337
349.559 221329
349.564 221325
349.566 221299
349.568 221294
349.57 221285
349.572 221284
349.578 221283
349.585 221269
349.603 221259
349.605 221258
349.735 221234
349.849 221228
349.895 221227
349.896 221221
349.899 221214
349.921 221210
349.925 221207
349.927 221204
349.928 221202
349.934 221194
349.937 221182
349.942 221171
349.957 221164
349.96 221160
350.033 221157
350.076 221156
350.096 221148
350.103 221139
350.104 221135
350.153 221118
350.207 221104
351.077 221094
351.08 221090
351.126 221081
351.127 221078
351.18 221062
351.201 221058
351.213 221049
351.216 221045
353.53 221028
353.546 221027
353.549 221026
353.553 221016
375.117 221012
375.12 221000
376.098 220995
376.112 220993
376.121 220987
386.166 220980
386.19 220978
386.478 220970
386.53 220964
386.556 220955
386.568 220949
386.571 220944
386.575 220936
386.577 220934
386.602 220931
386.605 220921
386.676 220920
386.678 220919
386.68 220915
386.702 220899
387.087 220897
387.124 220889
387.129 220887
387.182 220879
387.186 220861
387.188 220852
387.192 220843
387.195 220841
387.248 220840
387.25 220839
387.266 220834
387.299 220832
387.301 220820
387.306 220812
387.308 220787
387.314 220782
387.315 220780
387.318 220779
387.325 220777
387.327 220774
387.333 220763
387.337 220757
387.341 220756
387.343 220748
387.506 220741
387.509 220740
391 220732
391.006 220730
391.009 220723
391.016 220718
391.964 220711
391.967 220702
391.971 220671
391.973 220663
424.437 220662
424.439 220659
424.629 220649
424.632 220611
424.634 220590
424.637 220589
424.639 220587
424.645 220568
424.646 220567
424.652 220562
424.659 220561
424.663 220557
424.665 220547
424.668 220542
424.672 220539
424.679 220531
425.923 220527
426.252 220515
426.263 220514
426.265 220507
426.267 220505
426.273 220493
426.286 220486
426.289 220482
426.29 220475
426.299 220471
426.3 220467
427.283 220460
427.285 220455
427.287 220453
427.293 220450
427.299 220428
427.317 220424
427.319 220416
431.68 220414
431.683 220413
431.686 220403
431.7 220398
431.722 220396
431.727 220388
431.732 220384
431.753 220377
433.62 220373
433.624 220362
433.836 220356
433.87 220350
433.872 220345
433.875 220344
433.881 220342
433.887 220323
434.269 220321
434.278 220316
434.282 220305
434.287 220301
434.293 220300
434.401 220299
434.416 220290
434.42 220288
434.486 220285
434.491 220275
434.587 220274
434.592 220264
434.593 220263
434.61 220262
434.615 220260
434.621 220250
434.624 220249
434.63 220247
434.64 220246
434.644 220243
434.657 220239
434.673 220230
434.714 220228
434.719 220218
434.725 220211
434.727 220204
434.882 220185
435.261 220172
435.263 220163
435.266 220159
435.272 220140
435.285 220128
435.299 220124
435.3 220121
435.305 220114
435.316 220113
435.324 220108
435.326 220103
435.331 220101
462.937 220097
462.938 220095
462.942 220082
462.946 220077
462.953 220076
462.955 220045
462.958 220041
462.961 220034
462.977 220023
462.99 220022
463.02 220015
463.023 220014
463.025 220010
463.03 220009
463.032 219991
463.036 219982
463.037 219976
463.043 219975
463.084 219969
463.095 219963
463.097 219937
463.109 219933
463.111 219931
463.166 219926
463.171 219918
463.182 219913
463.189 219898
463.191 219897
463.193 219892
463.207 219891
463.209 219879
464.028 219878
464.03 219876
464.033 219875
464.047 219865
464.051 219853
464.059 219851
464.065 219846
464.067 219843
464.092 219842
464.097 219840
464.454 219839
464.461 219831
464.55 219830
464.562 219819
464.594 219807
464.602 219794
464.606 219793
464.609 219788
464.775 219783
464.786 219781
464.788 219777
464.811 219774
464.825 219760
464.827 219755
464.828 219752
464.905 219745
464.907 219742
465.222 219739
465.268 219738
465.311 219730
465.334 219728
465.551 219726
465.601 219703
488.703 219702
488.718 219686
488.72 219654
488.729 219651
488.754 219649
488.757 219643
488.769 219640
488.776 219637
488.778 219636
488.781 219633
489.088 219624
489.102 219623
489.104 219601
489.443 219592
489.493 219588
489.535 219587
489.545 219578
493.833 219577
494.629 219564
494.673 219563
494.813 219556
494.855 219552
494.858 219550
494.859 219544
494.864 219531
508.732 219527
508.735 219525
508.738 219519
508.743 219518
508.959 219517
511.662 219506
511.664 219502
511.668 219499
512.892 219498
512.895 219486
512.898 219478
512.901 219472
512.91 219470
512.914 219468
512.925 219452
512.927 219448
512.991 219444
513.005 219443
513.017 219438
516.916 219432
516.919 219431
516.925 219414
516.928 219413
516.932 219409
516.933 219405
516.937 219403
516.954 219402
516.961 219390
516.985 219385
517.016 219381
517.017 219378
517.024 219376
517.028 219368
517.035 219366
517.04 219365
517.058 219361
517.06 219359
517.099 219355
517.102 219354
517.153 219350
517.161 219346
522.51 219341
522.513 219328
522.867 219319
522.873 219311
522.881 219308
522.882 219304
527.095 219296
527.101 219282
527.105 219269
527.183 219267
527.186 219263
527.191 219262
527.196 219260
527.211 219255
529.225 219254
529.228 219252
529.229 219251
529.23 219247
529.245 219244
529.359 219236
539.071 219234
539.074 219231
539.077 219228
539.106 219225
539.165 219222
539.168 219221
539.19 219216
539.202 219211
539.217 219205
539.255 219198
539.257 219193
539.258 219176
539.263 219175
539.277 219173
539.289 219171
539.314 219170
543.561 219168
543.567 219167
543.573 219164
543.586 219163
543.601 219161
543.611 219159
543.617 219154
545.98 219145
546.003 219142
546.007 219136
546.077 219134
546.078 219132
546.087 219128
546.088 219112
546.114 219110
546.129 219109
546.131 219108
546.133 219105
546.149 219104
546.16 219103
546.175 219087
546.194 219084
546.253 219083
546.269 219080
546.278 219079
546.293 219076
546.298 219074
546.299 219073
546.305 219072
546.308 219066
546.32 219059
550.862 219054
550.872 219052
550.879 219051
550.911 219049
550.94 219047
550.942 219044
552.759 219030
552.873 219027
552.88 219026
552.888 219023
552.917 219021
552.918 219018
552.923 219011
552.926 219009
552.931 219007
552.985 219004
552.989 218996
553.003 218995
553.064 218992
553.066 218991
553.107 218979
553.109 218974
553.152 218972
553.158 218962
553.217 218958
553.243 218957
553.266 218951
553.271 218950
553.274 218948
553.279 218938
553.292 218927
553.296 218926
553.312 218923
553.314 218919
553.315 218914
553.322 218907
554.032 218906
560.555 218904
560.564 218902
560.566 218900
560.595 218894
560.615 218886
560.635 218881
560.643 218879
560.646 218874
560.65 218869
560.664 218855
560.676 218846
560.736 218845
560.748 218837
560.751 218827
560.804 218826
560.806 218811
560.851 218807
560.853 218804
560.871 218803
560.888 218798
560.893 218797
561.434 218789
561.439 218786
561.446 218783
568.162 218775
568.166 218774
568.175 218770
569.488 218766
569.491 218765
569.493 218757
569.505 218749
569.603 218741
569.606 218738
569.611 218735
569.651 218730
569.668 218726
569.716 218723
591.133 218719
591.389 218716
592.094 218713
592.096 218710
592.139 218701
592.178 218700
592.187 218698
592.201 218689
592.205 218687
592.357 218686
592.358 218682
592.374 218681
592.383 218679
592.397 218677
592.404 218676
592.407 218670
592.409 218666
592.473 218662
592.475 218661
592.482 218659
592.485 218656
592.568 218643
592.576 218639
592.583 218638
592.693 218637
592.709 218630
592.729 218629
592.733 218627
592.737 218620
592.747 218609
592.752 218606
592.765 218601
592.769 218600
592.771 218598
592.787 218597
592.791 218590
592.795 218582
593.085 218578
593.092 218568
593.097 218553
593.25 218551
594.266 218546
594.313 218528
594.316 218524
594.322 218520
594.354 218519
594.436 218518
594.437 218517
602.073 218516
602.088 218515
602.092 218507
602.094 218505
602.159 218498
602.288 218496
602.291 218493
602.301 218492
602.315 218490
602.442 218485
602.455 218483
602.491 218477
602.502 218471
602.522 218463
602.525 218459
607.911 218456
607.95 218455
608.822 218454
608.828 218453
608.836 218447
608.874 218442
608.876 218439
608.884 218437
608.887 218436
608.891 218433
608.9 218426
608.912 218424
608.916 218422
608.936 218420
610.066 218419
610.119 218418
610.126 218413
610.144 218412
610.158 218410
610.877 218404
610.894 218403
610.912 218400
610.949 218399
611.018 218395
611.021 218393
611.023 218390
611.17 218381
611.175 218379
611.351 218375
611.36 218368
611.362 218367
612.131 218363
612.478 218362
612.48 218353
612.859 218349
612.867 218348
612.892 218347
612.911 218346
612.918 218344
612.936 218341
612.941 218339
613.599 218337
613.607 218336
613.627 218335
613.674 218334
613.693 218332
613.695 218331
613.766 218330
613.77 218329
613.78 218326
613.814 218315
613.864 218310
621.462 218300
621.501 218294
621.503 218290
621.537 218288
621.542 218285
621.573 218276
621.579 218274
621.659 218273
626.065 218247
626.081 218245
626.104 218240
626.123 218235
626.137 218229
626.231 218228
626.234 218225
626.24 218220
626.242 218211
626.25 218209
626.266 218202
626.285 218201
628.284 218200
631.316 218195
631.318 218193
631.347 218189
631.432 218186
631.718 218183
634.287 218172
634.296 218166
634.333 218164
634.365 218163
634.583 218160
634.63 218159
635.565 218156
635.569 218152
640.456 218151
640.46 218150
640.763 218149
640.769 218148
640.795 218144
640.947 218142
640.957 218140
640.978 218138
641.212 218136
641.248 218132
641.29 218128
641.31 218115
641.322 218112
641.327 218103
641.336 218098
641.365 218097
641.377 218096
641.384 218095
641.405 218093
641.89 218092
641.896 218091
641.908 218088
645.361 218084
645.502 218076
646.431 218074
646.441 218073
646.443 218072
646.46 218067
646.539 218058
646.864 218056
647.296 218055
647.308 218052
647.326 218051
647.337 218050
647.352 218048
651.188 218044
652.208 218037
652.213 218032
652.24 218031
652.262 218026
652.28 218025
652.304 218021
652.305 218016
652.312 218015
652.315 218014
652.342 218013
652.358 218012
652.361 218009
652.376 218001
652.674 217998
654.13 217997
654.163 217996
654.164 217993
654.177 217992
654.239 217989
654.245 217982
654.249 217976
654.461 217974
654.492 217970
654.51 217969
654.636 217965
654.652 217961
654.677 217956
654.687 217955
655.366 217944
655.404 217941
658.937 217938
658.94 217937
659.388 217929
659.445 217927
659.447 217921
659.45 217916
659.452 217913
659.761 217910
659.819 217909
659.886 217907
659.891 217905
660.074 217902
660.141 217896
660.145 217890
660.15 217883
660.158 217874
661.587 217871
661.592 217869
661.602 217865
661.655 217857
661.697 217856
661.714 217855
661.719 217854
661.747 217853
662.011 217851
662.029 217849
662.115 217845
662.134 217843
662.171 217840
662.188 217839
662.978 217837
663.081 217833
663.159 217832
663.22 217831
663.232 217828
663.253 217827
663.259 217817
663.263 217815
663.291 217813
663.293 217811
663.312 217810
663.317 217809
663.543 217805
663.554 217802
666.508 217801
671.367 217792
671.439 217791
671.476 217790
671.548 217789
671.55 217786
673.875 217785
673.886 217783
673.892 217779
685.269 217778
685.278 217776
685.563 217773
685.565 217766
685.622 217763
685.633 217762
685.653 217752
685.657 217751
685.666 217743
685.702 217740
685.707 217737
685.86 217735
686.11 217732
686.126 217728
686.146 217724
687.194 217723
687.208 217715
687.226 217712
687.23 217702
687.24 217700
687.466 217690
687.468 217688
687.583 217684
694.28 217683
694.422 217682
694.527 217681
694.532 217678
694.538 217676
694.54 217669
694.563 217668
694.57 217666
694.715 217664
694.731 217663
694.762 217662
694.763 217654
694.775 217651
694.796 217648
699.552 217645
699.798 217640
699.828 217638
699.832 217636
701.414 217633
702.03 217629
702.037 217627
702.04 217623
702.308 217618
710.829 217613
710.834 217606
710.843 217599
711.087 217598
711.094 217597
711.098 217593
711.155 217591
712.034 217590
712.058 217583
712.181 217578
712.215 217575
712.217 217573
712.224 217570
712.229 217569
712.261 217568
712.302 217567
712.304 217566
712.39 217565
712.463 217564
712.486 217563
712.488 217562
712.5 217557
712.518 217546
712.821 217542
713.215 217539
713.231 217526
713.237 217523
713.483 217521
713.499 217520
713.509 217512
713.539 217510
713.554 217509
713.564 217506
713.575 217502
713.582 217499
713.594 217498
713.597 217497
715.485 217494
715.499 217492
721.726 217490
721.73 217485
721.744 217481
722.039 217480
722.042 217477
722.064 217474
722.065 217461
722.067 217454
722.109 217446
722.115 217442
722.15 217439
722.155 217431
722.222 217424
722.243 217417
722.257 217416
722.274 217415
722.28 217413
722.481 217412
722.485 217411
722.487 217410
722.515 217404
722.528 217402
722.664 217397
722.673 217396
722.685 217393
722.711 217391
722.828 217390
722.842 217384
722.851 217382
722.981 217381
723.006 217377
723.014 217376
723.053 217368
725.738 217367
726.043 217366
726.047 217363
726.054 217362
726.062 217359
726.085 217354
726.097 217349
726.105 217348
726.272 217346
726.275 217343
726.278 217341
726.292 217340
726.326 217339
726.329 217338
726.341 217336
726.366 217335
726.463 217334
726.819 217327
726.856 217326
727.102 217323
727.111 217320
727.132 217318
727.168 217313
727.48 217309
740.718 217305
740.727 217303
740.782 217300
740.793 217299
744.086 217294
744.096 217292
744.113 217290
744.179 217283
744.185 217282
744.195 217281
744.213 217280
744.217 217278
744.243 217276
744.244 217272
744.248 217262
755.968 217260
755.976 217259
755.99 217256
756.002 217254
756.011 217244
756.076 217240
756.081 217238
756.092 217237
756.138 217236
756.151 217234
756.193 217233
756.25 217228
756.256 217225
756.286 217223
756.639 217220
759.183 217218
759.266 217217
759.289 217214
759.291 217208
759.348 217202
759.373 217200
759.384 217199
759.436 217195
759.462 217193
775.607 217191
775.618 217190
775.635 217186
775.784 217185
776.226 217183
776.414 217181
776.425 217177
776.622 217176
776.657 217175
776.674 217172
776.702 217165
778.188 217161
778.626 217159
778.641 217151
778.722 217150
778.876 217149
780.104 217142
780.109 217141
781.216 217138
783.525 217135
783.543 217129
783.546 217126
783.553 217125
783.555 217123
783.557 217122
783.805 217120
783.847 217116
784.916 217115
784.925 217113
784.951 217105
784.992 217101
784.997 217097
785.106 217095
785.25 217094
788.377 217092
788.381 217086
788.386 217085
788.403 217083
788.405 217081
788.41 217080
788.74 217078
788.966 217076
788.973 217073
788.975 217072
788.977 217068
789.194 217064
789.229 217062
789.237 217056
789.243 217055
789.25 217054
789.679 217053
790.031 217050
790.084 217047
790.093 217044
790.127 217042
790.136 217041
790.15 217040
790.162 217039
790.223 217038
790.288 217035
790.309 217029
791.419 217028
791.441 217026
791.459 217023
791.519 217015
791.54 217013
791.547 217010
791.561 217003
791.572 216997
791.592 216996
791.594 216994
791.604 216993
791.629 216989
791.656 216987
791.673 216985
791.693 216982
791.754 216973
791.875 216969
791.902 216968
791.99 216964
792.247 216963
792.249 216962
792.253 216961
792.303 216956
792.312 216955
792.39 216954
792.396 216949
792.401 216948
793.338 216947
793.344 216945
793.35 216943
793.371 216940
793.399 216939
793.418 216936
793.592 216924
793.598 216922
793.603 216921
793.612 216919
793.625 216916
794.277 216915
794.282 216914
794.286 216911
794.315 216909
794.366 216904
803.244 216902
803.735 216897
803.751 216890
803.765 216888
803.806 216887
814.816 216885
814.822 216881
816.827 216880
817.461 216878
817.493 216876
817.498 216875
817.546 216874
817.628 216873
817.63 216870
817.736 216868
817.75 216866
817.774 216864
818.047 216863
818.065 216861
818.136 216856
818.144 216853
818.189 216852
818.205 216851
818.663 216849
818.829 216848
818.869 216844
819.473 216840
819.487 216839
819.538 216835
819.564 216834
819.67 216832
820.349 216828
820.383 216827
820.471 216825
820.481 216823
821.641 216822
822.286 216821
822.348 216819
822.403 216818
822.417 216816
822.421 216815
822.428 216813
822.54 216810
822.592 216808
822.594 216807
822.666 216804
823.18 216803
823.182 216802
823.214 216800
823.306 216799
823.309 216797
823.346 216794
823.399 216790
823.456 216787
824.291 216785
824.315 216783
824.909 216781
824.996 216780
825.015 216777
826.313 216776
826.332 216773
826.339 216772
826.435 216770
826.459 216764
826.482 216762
826.507 216761
826.964 216758
827.144 216756
827.161 216755
827.174 216753
827.198 216745
827.218 216743
827.222 216740
827.226 216735
827.353 216734
827.508 216731
827.511 216730
827.517 216728
827.518 216724
830.7 216723
830.748 216715
830.752 216714
830.815 216713
831.001 216709
831.086 216708
836.547 216705
836.553 216704
836.592 216702
836.761 216700
836.778 216697
836.785 216696
836.874 216695
837.858 216694
837.891 216693
837.905 216691
838.484 216689
838.518 216687
838.543 216684
838.704 216682
838.712 216681
838.722 216678
843.131 216677
843.533 216675
843.681 216672
843.706 216670
844.387 216667
844.516 216664
844.543 216662
844.573 216659
844.615 216658
844.635 216657
844.82 216654
844.826 216653
844.868 216650
844.907 216647
844.941 216642
844.946 216641
844.95 216640
845.765 216639
845.788 216637
845.796 216636
845.85 216633
846.152 216629
846.159 216626
846.202 216622
846.213 216619
846.593 216618
846.596 216614
847.082 216613
847.095 216606
847.192 216605
847.211 216603
847.214 216600
847.249 216599
847.285 216598
847.308 216597
847.45 216596
847.492 216591
847.578 216588
847.779 216586
847.801 216582
847.845 216574
847.939 216573
847.942 216572
848.252 216571
858.22 216567
858.356 216566
858.491 216565
858.676 216564
858.993 216563
859.021 216560
859.025 216555
859.037 216554
860.126 216551
860.181 216548
860.835 216547
860.851 216546
860.893 216544
861.946 216543
865.749 216541
865.774 216540
865.93 216539
865.99 216537
866.003 216535
867.472 216533
867.513 216530
867.553 216529
867.612 216528
867.689 216527
868.323 216521
868.352 216520
868.374 216519
868.386 216518
868.401 216514
868.406 216513
868.972 216507
870.789 216503
872.485 216502
887.839 216501
887.903 216500
887.918 216499
887.924 216498
888.036 216494
889.062 216491
889.125 216489
889.128 216488
889.225 216487
889.753 216485
889.763 216482
889.829 216480
889.835 216478
890.885 216475
890.926 216474
890.966 216473
891.328 216472
891.344 216471
891.357 216470
891.363 216461
891.379 216459
891.403 216458
891.543 216455
891.683 216450
891.701 216449
892.205 216448
892.242 216447
892.274 216446
892.507 216443
892.536 216442
892.584 216441
893.2 216439
893.247 216435
893.331 216434
893.448 216433
893.539 216432
893.78 216431
893.823 216430
893.896 216427
893.912 216426
893.975 216424
894.031 216423
894.356 216422
894.363 216421
894.367 216418
894.408 216417
894.481 216415
894.631 216413
894.665 216412
900.779 216409
900.783 216408
903.278 216407
903.327 216406
903.354 216405
903.393 216403
903.467 216402
903.473 216401
904.234 216400
904.286 216398
904.442 216396
904.446 216394
904.551 216393
904.596 216391
905.972 216390
906.026 216387
915.712 216385
915.719 216384
915.895 216383
917.158 216381
918.614 216378
918.657 216377
918.66 216376
919.024 216372
919.056 216370
919.557 216369
919.65 216367
919.66 216364
919.683 216363
919.741 216362
919.784 216360
924.464 216358
924.62 216356
924.641 216355
926.226 216353
926.236 216351
926.29 216350
926.292 216349
927.027 216348
927.127 216347
927.149 216341
927.224 216340
928.802 216338
928.867 216337
930.203 216335
930.209 216331
930.213 216330
930.874 216329
931.054 216328
932.048 216325
932.071 216322
935.119 216321
937.401 216317
937.611 216316
937.621 216313
937.7 216312
938.302 216311
938.323 216310
938.473 216309
938.517 216306
938.971 216304
939.014 216302
939.141 216301
939.153 216298
939.171 216295
939.19 216291
940.858 216290
940.871 216289
940.924 216286
940.945 216285
940.956 216284
941.066 216283
941.28 216280
942.098 216279
942.105 216277
942.126 216276
942.191 216275
942.206 216274
942.228 216273
942.292 216272
942.366 216269
942.823 216267
942.907 216265
943.271 216264
943.462 216263
943.508 216262
943.583 216261
943.625 216259
943.738 216258
943.762 216257
966.438 216255
966.444 216254
966.823 216250
966.832 216249
966.839 216248
966.842 216244
966.88 216243
966.919 216242
966.926 216238
966.954 216236
968.16 216235
968.395 216234
970.274 216233
970.288 216232
970.845 216231
970.861 216230
971.08 216228
971.377 216227
971.4 216226
971.411 216225
972.333 216224
972.444 216219
972.491 216218
972.943 216214
973.34 216212
975.92 216210
976.072 216209
977.214 216206
981.902 216205
989.976 216204
990.398 216200
990.445 216199
990.487 216198
990.552 216196
990.816 216192
994.095 216188
994.239 216187
995.126 216185
995.153 216182
995.201 216181
995.275 216179
997.708 216178
997.913 216177
998.148 216176
998.202 216175
998.363 216173
998.417 216172
998.469 216170
1000.85 216169
1000.95 216168
1001.12 216167
1001.15 216165
1003.38 216164
1003.61 216162
1004.53 216161
1004.82 216160
1006.98 216159
1006.99 216156
1007.2 216155
1007.34 216154
1007.37 216151
1008.14 216150
1008.35 216149
1008.75 216148
1008.75 216147
1009.11 216145
1013.49 216144
1013.57 216142
1013.74 216141
1014.09 216140
1015.68 216137
1016.75 216136
1016.82 216135
1016.83 216133
1019.73 216132
1019.75 216131
1019.78 216129
1019.79 216128
1019.88 216127
1019.97 216126
1020.06 216122
1020.74 216121
1021.3 216120
1021.56 216118
1022.33 216117
1022.4 216115
1022.69 216112
1022.77 216110
1022.79 216108
1025.26 216105
1025.37 216104
1027.84 216103
1028.17 216102
1029.87 216100
1029.92 216099
1031.82 216098
1031.91 216094
1032.3 216091
1034.82 216088
1035.13 216087
1035.32 216086
1035.68 216084
1036.5 216083
1036.66 216082
1036.76 216081
1036.9 216080
1036.96 216079
1037.01 216078
1037.04 216077
1052.75 216076
1052.98 216073
1053.01 216072
1053.06 216070
1054.13 216067
1055.01 216066
1055.15 216064
1060.35 216063
1060.52 216061
1060.65 216060
1060.75 216057
1060.77 216056
1060.78 216055
1062.98 216053
1066.27 216052
1068.81 216051
1069.62 216050
1069.69 216049
1070.2 216047
1070.28 216046
1070.3 216045
1070.54 216044
1070.59 216043
1070.65 216039
1070.81 216038
1070.82 216037
1071.61 216036
1071.62 216034
1071.79 216033
1072.13 216031
1072.78 216030
1072.86 216029
1072.87 216028
1073.04 216027
1073.13 216026
1073.38 216025
1073.55 216024
1074.78 216023
1076.05 216022
1076.8 216021
1077.35 216020
1078.43 216019
1078.49 216018
1078.56 216017
1083.7 216016
1083.99 216015
1088.38 216013
1088.74 216012
1088.91 216011
1091.58 216008
1091.61 216007
1091.64 216006
1092.43 216004
1092.74 216003
1093.62 216002
1093.88 216001
1093.88 215999
1094 215998
1094.27 215996
1097.1 215995
1097.17 215994
1097.76 215993
1097.92 215992
1098.16 215990
1098.82 215989
1098.93 215988
1098.96 215985
1099.26 215984
1099.33 215983
1099.45 215982
1101.59 215981
1103.99 215979
1104.04 215978
1104.05 215977
1104.28 215976
1106.04 215975
1112.19 215972
1116.72 215970
1116.74 215969
1116.91 215968
1117.46 215966
1117.8 215965
1123.09 215964
1129.09 215963
1130.21 215962
1131.13 215961
1131.22 215960
1136.77 215959
1137.14 215958
1137.2 215956
1137.37 215955
1141.63 215954
1143.68 215953
1146.18 215952
1147.29 215951
1147.69 215950
1148.22 215949
1150.59 215948
1151.81 215947
1151.98 215946
1152.72 215944
1155.17 215943
1156.55 215941
1156.91 215940
