0.737 100505
0.737 100480
0.738 100459
0.739 100211
0.739 100209
0.74 100093
0.74 100007
0.741 99934
0.742 99598
0.743 99578
0.744 99537
0.744 99508
0.746 99316
0.746 99294
0.747 99285
0.748 99250
0.749 99183
0.75 99038
0.751 98883
0.752 98846
0.752 98826
0.753 98824
0.753 98821
0.754 98654
0.755 98649
0.755 98637
0.756 98560
0.757 98544
0.758 98517
0.759 98322
0.759 98309
0.76 98303
0.76 98184
0.761 98181
0.762 98177
0.763 98162
0.764 98151
0.765 98123
0.766 98120
0.766 98116
0.768 97891
0.769 97875
0.77 97866
0.771 97775
0.771 97773
0.772 97761
0.773 97667
0.773 97643
0.774 97632
0.775 97618
0.778 97616
0.778 97551
0.779 97547
0.779 97522
0.781 97474
0.782 97447
0.783 97442
0.784 97419
0.784 97415
0.785 97149
0.786 97130
0.786 97128
0.787 97040
0.788 97022
0.788 96965
0.791 96958
0.792 96952
0.793 96941
0.794 96938
0.794 96934
0.796 96912
0.811 96904
0.813 96804
0.814 96793
0.815 96780
0.816 96767
0.817 96723
0.818 96720
0.822 96647
0.823 96611
0.824 96593
0.825 96581
0.827 96559
0.828 96554
0.831 96549
0.831 96539
0.833 96538
0.834 96517
0.836 96514
0.838 96343
0.839 96336
0.841 96330
0.842 96329
0.846 96296
0.847 96288
0.849 96286
0.85 96256
0.855 96252
0.858 96246
0.858 96245
0.859 96239
0.872 96177
0.873 96162
0.874 96155
0.875 96134
0.883 96122
0.884 96118
0.885 96078
0.886 96076
0.889 96068
0.889 96067
0.89 95966
0.893 95960
0.901 95943
0.904 95939
0.905 95934
0.908 95897
0.91 95886
0.911 95881
0.913 95853
0.914 95827
0.932 95651
0.935 95637
0.958 95587
0.961 95573
0.962 95485
0.962 95483
0.963 95443
0.966 95406
0.969 95394
0.969 95393
0.973 95392
0.977 95384
0.978 95359
0.978 95287
0.99 95272
0.99 95270
0.998 95265
0.999 95225
1.003 95223
1.003 95205
1.005 95198
1.006 95176
1.006 95165
1.011 95129
1.015 95120
1.018 95103
1.019 95102
1.029 95087
1.03 95086
1.031 95045
1.031 95021
1.032 95018
1.033 95012
1.034 95011
1.034 94998
1.036 94996
1.037 94968
1.038 94965
1.041 94959
1.042 94948
1.043 94920
1.044 94907
1.048 94904
1.05 94895
1.051 94890
1.053 94686
1.059 94668
1.059 94660
1.096 94657
1.097 94654
1.104 94647
1.112 94642
1.115 94641
1.117 94623
1.118 94591
1.119 94579
1.154 94570
1.162 94566
1.166 94562
1.167 94546
1.167 94545
1.168 94541
1.169 94539
1.17 94538
1.175 94532
1.181 94482
1.189 94471
1.198 94453
1.201 94445
1.233 94439
1.235 94433
1.237 94426
1.237 94409
1.317 94404
1.318 94383
1.322 94378
1.324 94363
1.325 94353
1.327 94352
1.328 94344
1.334 94337
1.335 94328
1.336 94322
1.337 94284
1.397 94280
1.4 94235
1.444 94212
1.446 94203
1.45 94198
1.45 94178
1.477 94175
1.478 94174
1.481 94173
1.486 94171
1.487 94169
1.501 94153
1.503 94143
1.505 94139
1.508 94116
1.509 94092
1.51 94086
1.56 94037
1.569 94031
1.573 93973
1.574 93972
1.575 93970
1.575 93965
1.578 93926
1.579 93906
1.582 93891
1.583 93890
1.586 93880
1.586 93833
1.588 93820
1.588 93815
1.59 93786
1.591 93784
1.594 93755
1.6 93748
1.601 93745
1.604 93738
1.606 93730
1.607 93720
1.622 93698
1.628 93689
1.629 93684
1.629 93666
1.63 93663
1.631 93655
1.638 93653
1.639 93652
1.646 93634
1.647 93629
1.648 93627
1.649 93615
1.651 93614
1.68 93600
1.681 93597
1.688 93595
1.69 93578
1.69 93575
1.694 93551
1.694 93549
1.757 93548
1.758 93547
1.767 93546
1.768 93522
1.77 93515
1.771 93498
1.772 93496
1.773 93481
1.779 93474
1.78 93429
1.782 93405
1.784 93399
1.785 93398
1.787 93389
1.79 93373
1.791 93352
1.793 93349
1.797 93338
1.798 93337
1.801 93317
1.813 93312
1.837 93304
1.837 93284
1.839 93280
1.84 93278
1.887 93274
1.89 93273
1.892 93269
1.894 93209
1.896 93192
1.918 93183
1.919 93179
1.92 93169
1.928 93160
1.937 93140
1.944 93137
1.945 93131
1.946 93121
1.947 93119
1.948 93109
1.949 93099
1.969 93093
1.984 93079
2.027 93075
2.046 93064
2.047 93060
2.048 93056
2.049 93045
2.05 93015
2.051 93014
2.053 93001
2.054 92980
2.058 92958
2.06 92953
2.06 92944
2.104 92934
2.105 92930
2.106 92928
2.108 92918
2.116 92909
2.406 92905
2.414 92899
2.417 92889
2.418 92881
2.419 92875
2.419 92861
2.51 92853
2.51 92842
2.512 92831
2.513 92827
2.515 92809
2.518 92808
2.518 92805
2.521 92792
2.523 92791
2.523 92775
2.524 92731
2.525 92730
2.526 92728
2.528 92724
2.529 92716
2.541 92708
2.542 92701
2.558 92696
2.558 92672
2.565 92660
2.568 92645
2.571 92644
2.577 92639
2.578 92638
2.579 92636
2.591 92625
2.592 92578
2.593 92572
2.64 92533
2.644 92516
2.652 92504
2.653 92497
2.653 92480
2.654 92425
2.655 92397
2.667 92396
2.675 92390
2.681 92389
2.757 92378
2.788 92376
2.79 92355
2.793 92353
2.808 92313
2.809 92308
2.811 92307
2.815 92303
2.815 92243
2.817 92242
2.818 92235
2.821 92227
2.829 92221
2.83 92213
2.832 92198
2.833 92195
2.835 92188
2.836 92165
2.862 92126
2.863 92111
2.874 92097
2.879 92087
2.88 92084
2.885 92077
2.886 92062
2.887 92057
2.888 92038
3.12 92026
3.122 92017
3.14 91989
3.14 91975
3.142 91974
3.153 91960
3.154 91952
3.155 91931
3.157 91912
3.158 91905
3.161 91902
3.162 91901
3.163 91887
3.165 91886
3.177 91839
3.4 90897
3.412 90873
3.412 90832
3.413 90830
3.45 90820
3.454 90777
3.456 90744
3.457 90722
3.467 90702
3.468 90700
3.469 90693
3.47 90680
3.471 90666
3.473 90658
3.475 90653
3.564 90639
3.565 90627
3.566 90623
3.567 90620
3.568 90596
3.569 90585
3.583 90581
3.589 90571
3.59 90562
3.591 90519
3.994 90518
3.995 90492
3.995 90491
3.997 90474
3.998 90469
4.024 90458
4.025 90438
4.026 90433
4.051 90416
4.053 90415
4.054 90409
4.062 90387
4.063 90370
4.064 90346
4.065 90343
4.066 90339
4.081 90337
4.083 90324
4.084 90318
4.088 90283
4.095 90282
4.096 90272
4.097 90266
4.102 90228
4.115 90224
4.117 90145
4.118 90144
4.173 90120
4.173 90116
4.175 90091
4.177 90072
4.179 90060
4.18 90043
4.18 90041
4.181 90031
4.183 90018
4.184 90005
4.185 89996
4.186 89992
4.188 89983
4.19 89982
4.193 89979
4.212 89972
4.212 89962
4.213 89948
4.215 89944
4.216 89943
4.218 89942
4.219 89940
4.221 89933
4.222 89926
4.224 89924
4.288 89920
4.292 89917
4.295 89890
4.326 89848
4.782 89845
4.787 89833
4.792 89813
4.8 89791
4.801 89787
4.851 89778
5.008 89758
5.009 89756
5.01 89752
5.011 89749
5.014 89727
5.015 89704
5.016 89703
5.017 89701
5.048 89692
5.049 89691
5.051 89690
5.052 89687
5.515 89684
5.52 89681
5.755 89679
5.756 89674
5.757 89652
5.761 89630
5.762 89628
5.765 89626
5.766 89619
5.768 89608
5.814 89601
5.815 89589
5.823 89576
5.83 89574
5.846 89568
6.206 89544
6.206 89540
7.101 89523
7.102 89517
7.155 89510
7.157 89493
7.158 89459
7.159 89454
7.217 89444
7.232 89429
7.233 89427
7.303 89426
7.311 89405
7.316 89402
7.317 89398
7.322 89391
7.324 89377
7.325 89376
7.36 89369
7.365 89357
7.371 89347
7.764 89323
7.764 89319
7.768 89314
9.068 89304
10.179 89303
10.181 89288
10.183 89284
10.19 89255
10.194 89246
10.219 89231
10.221 89212
10.221 89201
10.222 89182
10.225 89163
10.259 89149
10.263 89135
10.264 89125
10.268 89118
10.269 89099
10.272 89078
10.292 89051
10.299 89038
10.3 89034
10.3 89031
10.305 89007
10.306 89003
10.307 89001
10.308 88995
10.309 88983
10.31 88975
10.312 88948
10.315 88910
10.315 88894
10.316 88891
10.77 88890
10.771 88884
13.491 88882
13.492 88873
13.494 88864
13.496 88863
14.421 88858
14.426 88853
14.427 88840
14.428 88832
14.434 88829
14.436 88828
14.436 88826
14.482 88818
14.486 88805
14.488 88789
14.488 88787
14.49 88786
14.493 88781
14.498 88777
14.501 88776
14.503 88770
14.515 88766
14.516 88764
14.523 88763
14.524 88726
14.525 88725
14.528 88700
14.529 88686
14.531 88683
14.535 88672
14.538 88662
14.555 88657
14.604 88635
14.788 88631
14.877 88623
14.88 88616
14.881 88610
14.883 88608
14.884 88600
14.915 88599
18.464 88569
18.493 88566
18.494 88563
18.495 88553
18.497 88491
18.502 88483
18.503 88480
18.505 88466
20.352 88453
20.355 88442
20.356 88421
38.89 87935
38.953 87933
38.955 87924
38.967 87922
39.057 87903
39.058 87896
39.061 87876
39.062 87868
39.062 87865
39.064 87860
39.065 87855
39.512 87839
40.512 87827
40.512 87814
40.581 87800
40.582 87794
40.582 87789
40.583 87787
40.584 87763
40.585 87762
40.589 87754
40.595 87743
40.597 87724
41.236 87712
41.237 87698
41.241 87695
41.243 87686
41.245 87673
41.306 87649
41.797 87645
41.8 87641
41.834 87636
41.836 87617
41.837 87612
41.839 87594
41.844 87591
41.846 87558
41.847 87552
41.849 87535
41.85 87507
41.854 87473
41.854 87455
41.855 87443
57.801 87434
57.802 87429
57.804 87427
57.807 87422
57.81 87415
57.994 87413
57.995 87400
57.996 87395
58.689 87374
58.689 87351
58.691 87339
58.694 87330
58.702 87322
58.705 87320
58.706 87319
60.175 87316
60.197 87304
60.218 87295
60.224 87275
60.225 87268
60.232 87239
60.235 87199
60.235 87185
60.254 87168
60.258 87152
60.259 87146
60.259 87137
60.261 87134
79.638 87130
79.639 87126
79.64 87104
79.64 87082
79.672 87077
79.673 87059
79.676 87052
79.691 87051
79.703 87025
79.712 87003
79.713 86999
79.713 86995
79.714 86991
79.715 86990
79.716 86980
79.716 86962
79.718 86961
79.719 86944
79.723 86933
80.301 86917
80.339 86916
80.343 86900
80.447 86883
80.607 86847
80.607 86842
80.609 86812
80.61 86811
80.614 86794
80.614 86785
80.615 86723
80.616 86697
80.617 86694
80.618 86682
80.622 86679
80.623 86678
80.634 86629
80.636 86623
80.685 86612
80.686 86601
80.687 86599
80.692 86592
80.695 86572
80.696 86569
80.697 86568
80.898 86550
80.901 86529
80.91 86528
80.911 86514
80.913 86511
81.162 86500
81.163 86495
81.164 86490
81.165 86477
81.166 86439
81.167 86433
81.169 86423
81.18 86411
81.184 86402
81.186 86390
81.187 86389
81.19 86378
81.191 86373
81.196 86317
81.199 86316
81.2 86306
81.201 86301
81.202 86293
81.226 86284
81.523 86278
81.541 86264
81.561 86256
81.566 86255
81.571 86253
81.584 86246
82.064 86235
82.066 86232
82.07 86223
82.073 86193
82.074 86191
82.357 86187
82.373 86167
82.387 86161
82.388 86153
82.39 86130
83.635 86117
83.635 86112
83.637 86109
83.638 86107
83.641 86105
83.723 86103
83.726 86095
83.728 86089
83.732 86069
83.733 86030
83.735 86024
83.744 86006
83.75 85997
83.751 85976
83.769 85952
89.332 85933
89.957 85932
89.958 85906
89.962 85898
89.963 85884
89.964 85874
89.965 85868
89.965 85867
89.98 85864
89.981 85861
89.984 85827
89.988 85825
89.989 85822
89.991 85820
89.993 85799
90.001 85790
90.002 85785
90.003 85767
90.007 85764
90.059 85763
94.883 85755
94.884 85746
94.886 85743
94.897 85740
94.898 85726
94.92 85723
94.921 85707
94.923 85703
94.93 85698
94.999 85645
99.657 85629
99.662 85602
99.663 85592
99.665 85581
99.669 85564
99.701 85559
99.706 85551
99.708 85549
99.709 85515
99.713 85511
99.8 85510
99.81 85476
99.816 85456
99.817 85443
101.354 85441
124.82 85434
124.821 85397
124.822 85393
124.822 85377
124.824 85361
124.825 85331
124.828 85326
124.83 85316
145.869 85309
149.373 85304
149.374 85284
149.376 85283
149.526 85173
149.527 85143
149.533 85142
149.534 85141
149.535 85028
149.543 84928
149.544 84906
149.563 84883
149.564 84869
149.565 84865
149.567 84854
149.567 84853
149.569 84842
149.571 84837
149.572 84818
149.573 84811
149.58 84789
149.582 84787
149.583 84779
149.597 84776
149.606 84764
149.607 84746
149.608 84711
149.609 84696
149.61 84641
149.611 84631
149.613 84628
149.615 84611
149.616 84600
149.617 84564
149.622 84542
149.627 84540
149.628 84534
149.629 84532
149.631 84515
149.634 84511
149.634 84489
149.636 84484
149.637 84444
149.639 84428
149.643 84427
149.644 84411
149.645 84407
149.647 84351
149.65 84342
149.651 84339
149.652 84321
149.653 84295
149.671 84288
149.672 84285
149.685 84277
149.689 84246
149.689 84236
149.691 84228
149.692 84223
149.693 84219
149.695 84202
149.715 84190
149.717 84182
149.721 84176
149.748 84174
149.749 84173
149.75 84163
149.752 84161
149.754 84160
149.766 84150
149.94 84145
149.941 84144
150.252 84138
150.259 84137
150.267 84127
150.272 84104
150.274 84096
150.275 84079
150.276 84069
150.278 84050
150.279 84046
150.289 84027
150.29 84019
150.295 84008
150.296 84007
150.298 84006
150.299 83986
150.303 83985
150.415 83962
150.416 83948
150.417 83938
150.418 83936
150.419 83932
150.507 83918
150.509 83901
150.511 83895
158.08 83889
158.122 83887
158.122 83886
158.125 83885
158.151 83884
161.459 83877
161.461 83867
161.462 83863
161.465 83843
161.467 83842
161.468 83837
161.47 83821
161.48 83815
161.49 83806
161.495 83783
161.496 83776
169.305 83767
169.311 83756
169.327 83753
169.33 83741
169.339 83737
169.34 83735
186.241 83732
198.25 83729
198.257 83726
198.777 83720
198.785 83717
198.788 83715
198.789 83714
198.789 83711
198.797 83708
198.797 83693
198.798 83689
198.8 83687
198.801 83684
198.802 83676
198.843 83670
198.844 83638
198.845 83635
198.847 83632
212.176 83628
212.177 83625
212.194 83624
218.51 83614
218.519 83603
218.524 83596
218.525 83589
218.529 83584
219.509 83572
219.568 83567
226.283 83548
226.297 83545
226.298 83543
226.303 83535
226.304 83527
226.307 83502
226.308 83499
249.419 83484
249.422 83481
249.429 83468
249.43 83464
251.972 83461
252.016 83460
252.018 83458
252.021 83450
252.023 83446
252.024 83445
252.027 83438
252.029 83436
252.03 83434
252.033 83433
255.421 83427
259.894 83423
259.895 83419
259.92 83411
259.924 83406
259.926 83399
259.934 83381
259.935 83373
259.936 83355
284.841 83352
284.842 83350
284.844 83345
284.848 83303
284.856 83289
284.856 83278
284.858 83275
284.86 83274
284.863 83269
284.865 83262
284.867 83261
284.871 83260
284.89 83254
284.891 83250
284.892 83246
296.022 83241
296.023 83240
296.042 83231
296.09 83223
296.141 83215
296.159 83213
296.161 83206
320.627 83203
320.63 83190
320.635 83184
320.643 83152
320.648 83148
320.662 83147
330.835 83145
330.841 83140
330.844 83138
330.851 83129
334.315 83124
334.323 83119
334.729 83118
334.729 83117
334.782 83109
334.835 83107
334.837 83103
334.843 83096
334.851 83092
334.855 83081
334.873 83079
334.876 83077
334.882 83076
351.315 83075
351.321 83066
355.323 83065
355.325 83061
364.209 83054
364.221 83051
364.279 83049
364.286 83041
364.299 83033
364.319 83019
364.329 83014
364.437 83013
364.484 83012
364.485 83005
364.489 82998
364.5 82987
364.505 82984
364.537 82980
374.175 82955
374.238 82953
374.309 82950
374.322 82948
374.336 82940
374.337 82934
374.347 82933
374.348 82902
374.35 82888
374.358 82884
375.591 82866
375.594 82865
375.6 82852
383.353 82846
426.652 82842
426.674 82841
428.48 82840
428.484 82835
428.492 82834
428.498 82832
428.499 82828
428.501 82824
428.506 82822
428.508 82820
428.51 82816
428.512 82808
428.535 82801
429.523 82796
429.671 82791
429.672 82790
429.676 82788
429.693 82787
429.704 82783
431.452 82772
431.463 82771
432.632 82768
432.634 82767
432.653 82765
432.662 82759
432.769 82754
433.842 82752
434.019 82751
434.347 82749
445.915 82748
445.929 82747
445.93 82739
445.963 82737
461.472 82733
461.474 82732
475.354 82725
475.372 82722
475.378 82720
475.387 82717
475.397 82715
475.407 82710
475.41 82709
475.431 82704
475.445 82703
475.452 82702
475.458 82700
475.975 82696
484.149 82695
484.426 82691
484.45 82689
484.498 82687
484.512 82686
488.668 82685
488.676 82684
488.691 82683
491.497 82676
491.499 82675
491.521 82673
491.526 82672
496.794 82669
496.799 82666
497.465 82665
498.152 82664
498.19 82661
498.195 82655
498.196 82647
498.243 82642
498.246 82639
498.266 82637
498.425 82634
498.442 82632
502.702 82629
502.708 82627
502.756 82626
502.765 82624
504.2 82623
516.738 82620
516.756 82617
517.333 82613
517.358 82611
517.445 82608
517.544 82607
517.545 82606
544.978 82605
545.027 82603
545.043 82599
545.049 82594
545.105 82589
545.85 82587
545.863 82584
545.886 82583
545.893 82582
564.054 82578
564.576 82577
564.583 82574
565.055 82573
585.093 82572
585.101 82570
585.362 82569
585.528 82567
585.534 82564
588.611 82563
594.454 82561
595.401 82559
601.73 82557
606.734 82555
607.73 82552
607.852 82550
607.87 82549
607.883 82547
625.59 82546
625.592 82544
625.605 82543
625.717 82540
625.735 82538
626.874 82533
627.034 82522
627.425 82521
627.862 82520
627.914 82519
627.926 82517
630.494 82513
632.781 82512
633.368 82511
637.602 82506
637.613 82505
637.615 82504
638.098 82503
638.102 82502
638.189 82501
649.758 82500
649.776 82499
653.694 82497
654.317 82494
654.335 82493
654.467 82492
654.595 82491
654.747 82490
679.236 82489
679.313 82488
680.207 82487
681.103 82486
681.243 82485
685.374 82480
685.725 82478
685.847 82477
