0.44 149651
0.441 149591
0.442 149566
0.442 149521
0.443 149515
0.444 149484
0.444 149483
0.445 149476
0.445 149470
0.446 149460
0.447 149241
0.447 149233
0.448 149231
0.448 149226
0.449 149216
0.45 149206
0.451 149203
0.451 149141
0.452 149122
0.454 149107
0.455 149088
0.456 148970
0.458 148941
0.459 148925
0.459 148718
0.461 148711
0.461 148710
0.462 148676
0.463 148647
0.463 148634
0.464 148595
0.464 148581
0.465 148574
0.466 148567
0.467 148535
0.467 148510
0.468 148492
0.47 148331
0.47 148326
0.472 148305
0.472 148298
0.476 148289
0.479 148267
0.479 148252
0.48 148190
0.481 148184
0.484 148174
0.484 148169
0.485 148157
0.485 148153
0.486 148113
0.487 148111
0.488 148030
0.489 148018
0.491 147964
0.491 147943
0.492 147936
0.492 147923
0.494 147893
0.494 147868
0.497 147853
0.499 147845
0.5 147842
0.501 147819
0.501 147812
0.503 147807
0.504 147804
0.504 147796
0.506 147792
0.506 147788
0.509 147767
0.512 147759
0.514 147743
0.514 147741
0.515 147701
0.517 147693
0.517 147618
0.518 147591
0.52 147490
0.521 147472
0.528 147464
0.529 147456
0.53 147442
0.531 147440
0.534 147439
0.534 147427
0.535 147412
0.536 147393
0.536 147389
0.538 147361
0.542 147342
0.542 147313
0.543 147295
0.584 147294
0.603 147293
0.604 147260
0.604 147251
0.605 147199
0.606 147188
0.616 146927
0.619 146911
0.621 146891
0.622 146886
0.622 146882
0.629 146837
0.63 146827
0.631 146814
0.631 146791
0.634 146783
0.668 146777
0.67 146730
0.67 146682
0.672 146680
0.701 146679
0.702 146675
0.721 146650
0.721 146633
0.724 146623
0.741 146621
0.741 146608
0.757 146601
0.758 146596
0.759 146586
0.79 146578
0.791 146563
0.801 146542
0.804 146513
0.825 146511
0.826 146504
0.827 146279
0.83 146275
0.843 146269
0.852 146264
0.856 146247
0.859 146226
0.859 146129
0.86 146121
0.866 146119
0.867 146093
0.868 146089
0.872 146088
0.886 145934
0.889 145919
0.902 145885
0.903 145881
0.904 145875
0.92 145825
0.959 145813
0.96 145805
0.989 145796
0.99 145714
0.994 145684
0.995 145680
0.995 145674
0.997 145657
0.998 145642
0.999 145633
1 145568
1 145560
1.001 145554
1.002 145553
1.004 145541
1.007 145504
1.008 145503
1.008 145502
1.011 145493
1.066 145467
1.069 145455
1.071 145454
1.081 145444
1.082 145443
1.083 145434
1.084 145429
1.085 145401
1.085 145399
1.086 145390
1.086 145389
1.096 145372
1.097 145371
1.099 145356
1.102 145333
1.103 145329
1.11 145260
1.111 145255
1.113 145244
1.119 145242
1.131 145237
1.16 145227
1.162 145218
1.165 145207
1.165 145206
1.171 145189
1.179 145188
1.184 145138
1.185 145117
1.186 145116
1.194 145105
1.196 145033
1.199 145012
1.2 145007
1.202 144976
1.203 144969
1.208 144961
1.211 144954
1.215 144950
1.217 144938
1.218 144935
1.219 144933
1.22 144930
1.22 144917
1.22 144914
1.223 144859
1.236 144831
1.238 144829
1.599 144828
1.601 144820
1.602 144781
1.604 144778
1.606 144768
1.607 144747
1.653 144731
1.762 144726
1.764 144725
1.765 144723
1.771 144691
1.895 144673
1.896 144664
2.051 144663
2.077 144631
2.078 144573
2.078 144566
2.19 144565
2.193 144563
2.194 144561
2.209 144546
2.21 144544
2.366 144481
2.367 144430
2.371 144413
2.373 144407
2.831 144390
2.832 144382
2.836 144379
2.837 144372
2.839 144329
2.842 144323
2.843 144322
3.347 144321
3.349 144318
3.35 144294
3.351 144287
3.383 144275
3.384 144240
3.407 144165
3.408 144158
3.409 144138
3.764 144129
3.765 144123
3.794 144108
3.795 144066
3.795 144060
3.799 144049
3.801 144039
3.804 144035
3.805 144033
3.805 144029
3.807 144022
3.851 144009
3.852 144002
6.264 143998
8.937 143992
8.939 143962
8.94 143959
8.945 143944
8.955 143935
10.038 143918
10.038 143892
10.039 143871
10.043 143854
11.57 143845
11.571 143835
11.574 143827
11.609 143777
11.612 143773
11.614 143750
11.615 143749
11.637 143739
11.637 143730
11.655 143692
11.656 143679
11.658 143636
11.664 143598
11.665 143594
11.674 143524
11.676 143507
11.677 143495
11.678 143490
11.685 143481
11.689 143447
11.691 143414
11.714 143413
11.72 143381
11.724 143340
14.922 143327
14.948 143320
14.961 143307
14.973 143304
14.974 143292
14.976 143286
14.984 143284
14.986 143271
18.323 143261
18.324 143231
18.325 143222
18.326 143207
18.327 143192
18.328 143191
18.372 143165
18.373 143149
18.375 143128
18.376 143120
18.968 143111
18.97 143059
18.972 143058
18.975 143048
28.709 143047
28.721 143020
28.722 143005
28.756 143001
28.757 142958
28.768 142946
28.769 142933
28.773 142904
28.812 142879
28.813 142875
28.814 142828
28.815 142826
28.861 142780
28.895 142775
28.896 142754
29.831 142742
29.977 142739
29.981 142642
29.983 142636
29.995 142633
29.996 142629
29.998 142618
29.999 142613
30.004 142606
30.006 142595
30.008 142581
53.26 142576
53.261 142549
53.263 142546
53.264 142541
53.265 142538
53.265 142521
53.279 142520
53.295 142500
53.299 142478
53.317 142461
57.292 142434
57.459 142424
57.461 142411
57.47 142405
57.472 142394
57.482 142389
57.507 142384
57.507 142370
57.509 142366
57.517 142364
57.518 142362
57.519 142353
57.534 142314
57.544 142305
57.547 142294
58.305 142293
58.305 142284
58.308 142283
58.31 142261
58.312 142259
58.312 142246
58.313 142235
60.784 142227
60.787 142207
78.96 142195
78.963 142193
78.967 142191
78.972 142188
78.98 142177
79.009 142173
79.016 142143
79.019 142142
79.019 142139
79.023 142112
81.981 142102
81.982 142085
81.983 142084
84.677 142082
84.68 142054
84.681 142040
84.683 142035
84.686 142009
84.686 141996
84.999 141980
85.001 141975
85.003 141965
85.004 141962
85.008 141947
85.01 141943
85.014 141940
85.018 141937
85.018 141934
85.019 141915
85.02 141909
85.351 141894
85.366 141873
85.368 141871
85.378 141870
85.379 141866
85.387 141862
85.388 141853
86.442 141831
86.443 141805
86.444 141793
86.445 141787
86.446 141786
99.58 141780
107.309 141769
107.309 141762
110.278 141741
110.283 141722
110.285 141712
110.671 141699
110.677 141694
110.679 141687
110.68 141686
110.685 141684
110.686 141681
110.689 141670
110.69 141667
110.7 141664
110.75 141662
110.913 141642
110.936 141641
110.938 141638
113.074 141632
113.076 141609
113.078 141605
113.079 141604
113.079 141552
113.081 141549
113.109 141530
113.114 141514
113.115 141510
113.115 141509
113.555 141497
113.558 141496
113.564 141494
113.565 141488
113.574 141468
113.582 141465
113.584 141424
113.593 141420
113.594 141415
113.594 141407
113.597 141397
113.602 141393
113.606 141392
113.612 141376
113.613 141358
113.617 141328
113.618 141308
139.853 141306
139.854 141295
139.855 141291
141.148 141289
141.149 141271
141.152 141263
141.152 141246
141.153 141236
141.156 141234
145.286 141228
145.288 141221
145.3 141215
145.307 141208
145.311 141192
145.313 141183
148.202 141172
148.326 141171
148.328 141165
148.33 141151
148.331 141144
148.543 141111
148.553 141043
148.558 141035
148.572 141025
148.573 141016
148.573 141010
148.592 141008
148.594 140992
148.787 140991
148.79 140969
148.806 140966
148.809 140956
148.863 140951
148.865 140946
148.886 140939
148.889 140937
148.892 140908
148.898 140905
148.901 140897
148.902 140878
149 140852
149.008 140850
149.01 140846
149.016 140822
149.074 140817
149.074 140809
149.087 140807
149.091 140767
149.096 140734
187.826 140719
187.83 140716
187.838 140711
196.298 140698
196.303 140695
196.307 140689
196.31 140676
196.33 140675
196.829 140667
196.832 140658
196.851 140656
196.852 140593
196.857 140583
196.858 140577
196.858 140574
205.468 140572
205.47 140568
205.592 140563
205.594 140554
205.599 140546
205.601 140545
205.601 140544
205.604 140538
205.62 140536
205.647 140519
205.659 140513
205.672 140504
205.685 140498
205.688 140494
205.721 140488
205.725 140472
205.732 140452
205.733 140446
211.043 140431
211.044 140426
220.058 140423
220.062 140421
220.063 140417
220.068 140414
220.07 140398
220.071 140397
220.111 140382
220.113 140379
220.116 140372
220.118 140371
220.118 140353
220.121 140318
220.122 140306
220.122 140278
233.127 140276
235.54 140275
246.054 140267
246.057 140264
246.061 140257
247.277 140250
247.29 140235
247.297 140233
247.298 140232
247.315 140227
247.325 140223
247.33 140196
247.33 140191
247.351 140188
249.141 140179
249.143 140176
249.146 140170
249.206 140165
249.207 140159
249.225 140118
249.454 140114
249.455 140107
249.463 140078
249.465 140067
249.479 140048
249.484 140035
249.488 140033
249.491 140030
249.495 140028
249.496 140019
254.799 140015
254.81 140014
255.059 140012
255.06 140006
255.068 140005
255.14 140001
255.142 140000
255.143 139988
255.145 139986
260.771 139973
260.774 139971
262.323 139951
263.568 139947
267.097 139940
267.106 139934
267.113 139928
267.12 139914
267.127 139863
271.543 139860
271.566 139857
271.567 139854
271.568 139848
271.577 139844
271.648 139840
271.662 139836
271.668 139831
272.009 139829
273.674 139816
273.776 139795
273.784 139771
274.235 139764
274.684 139755
274.698 139744
274.959 139741
274.96 139734
277.4 139731
277.404 139720
277.409 139711
277.412 139710
277.417 139688
291.515 139682
291.52 139657
291.521 139639
292.971 139638
292.971 139636
297.23 139632
297.233 139629
303.467 139625
303.494 139611
303.495 139587
303.499 139582
303.507 139565
303.51 139552
303.514 139550
303.582 139548
303.59 139546
303.6 139544
303.797 139542
303.802 139540
303.821 139537
303.839 139524
303.84 139503
304.123 139502
304.149 139498
304.151 139490
304.152 139485
304.153 139481
304.16 139475
304.167 139466
304.59 139456
312.88 139448
312.892 139447
313.524 139446
313.542 139442
313.557 139440
313.558 139436
313.598 139413
313.602 139406
313.611 139402
313.613 139399
313.643 139382
313.646 139368
313.648 139359
313.756 139344
313.761 139340
313.763 139339
313.789 139338
313.79 139336
313.791 139304
313.793 139301
313.796 139300
313.801 139297
313.833 139293
328.701 139291
328.708 139290
328.709 139289
328.826 139287
328.831 139283
328.836 139280
328.843 139277
328.846 139252
328.848 139246
328.85 139245
328.852 139241
328.857 139237
328.858 139234
328.872 139230
328.879 139226
328.882 139217
329.088 139206
329.343 139199
329.439 139191
329.44 139187
329.444 139176
329.45 139170
329.475 139165
329.482 139156
329.497 139155
329.51 139149
329.511 139147
329.53 139138
329.534 139135
329.612 139122
329.614 139120
329.617 139112
329.619 139100
329.624 139099
329.63 139097
329.635 139096
329.645 139095
329.651 139091
329.655 139090
329.658 139075
329.697 139069
329.698 139064
329.723 139061
343.908 139056
343.908 139052
343.909 139049
343.913 139042
343.914 139041
343.932 139039
343.981 139035
343.99 139024
343.99 139014
344.01 139013
346.774 139010
346.776 139002
346.778 139001
346.794 138979
346.795 138972
346.798 138965
346.8 138962
346.802 138950
347.307 138946
355.897 138933
356.017 138931
356.03 138920
357.886 138911
357.906 138909
357.913 138904
357.975 138900
357.979 138895
369.337 138890
369.339 138882
369.349 138880
369.351 138877
369.392 138870
369.392 138868
369.394 138866
369.407 138860
369.535 138854
369.537 138840
369.857 138836
369.861 138834
369.875 138832
369.882 138831
369.883 138830
369.885 138824
369.891 138820
373.841 138815
373.848 138813
373.86 138807
373.872 138805
373.89 138803
373.894 138800
373.895 138794
373.903 138789
373.991 138781
373.999 138778
374 138777
374.007 138772
374.017 138765
374.02 138761
374.022 138753
379.345 138748
379.877 138746
379.884 138741
379.909 138740
379.941 138739
379.946 138738
379.967 138736
379.973 138731
379.975 138725
379.976 138717
379.982 138707
380.145 138706
380.152 138702
380.279 138699
380.281 138696
380.284 138694
380.291 138678
380.294 138674
395.381 138670
395.894 138668
396.068 138665
396.073 138653
396.091 138652
396.166 138650
396.173 138646
396.811 138641
396.814 138628
396.824 138623
396.87 138622
396.879 138620
396.881 138619
396.904 138604
396.923 138595
396.942 138590
397.438 138586
397.445 138584
397.451 138583
407.077 138576
407.078 138564
407.087 138556
407.203 138548
407.237 138544
414.464 138534
414.514 138525
414.514 138523
414.612 138517
414.616 138507
414.629 138505
414.643 138500
414.71 138493
414.717 138492
424.534 138487
424.548 138484
424.557 138483
424.561 138476
424.566 138473
424.572 138472
424.585 138467
424.732 138465
424.742 138464
424.743 138462
424.751 138461
424.802 138457
424.839 138444
424.866 138436
424.907 138430
429.147 138427
429.163 138416
429.165 138414
429.165 138413
429.185 138408
429.191 138402
429.196 138400
429.199 138398
429.202 138392
429.226 138390
429.231 138384
429.311 138382
429.328 138381
429.424 138377
429.447 138371
429.456 138370
429.458 138368
456.62 138359
456.628 138356
456.648 138352
456.781 138349
456.802 138348
456.806 138346
456.812 138342
458.474 138341
458.581 138337
458.581 138335
461.612 138334
462.441 138330
462.467 138329
462.469 138321
462.474 138319
466.975 138314
467.704 138307
467.706 138305
467.729 138303
467.738 138302
467.751 138295
467.754 138288
467.762 138287
467.77 138286
467.848 138285
467.85 138284
482.287 138279
482.787 138277
482.793 138273
482.908 138269
482.91 138267
483.718 138262
483.74 138258
486.361 138257
486.368 138249
487.104 138246
487.6 138245
487.671 138240
487.76 138239
487.864 138237
487.869 138235
495.185 138229
495.192 138228
495.195 138226
495.214 138225
495.951 138210
496.549 138203
496.802 138201
496.819 138195
496.835 138189
496.838 138188
496.871 138183
496.883 138182
496.888 138176
496.897 138168
496.918 138165
496.922 138163
496.928 138159
496.982 138151
497.164 138149
500.277 138148
500.315 138146
500.318 138143
500.323 138140
500.39 138137
500.395 138135
500.462 138134
500.486 138133
500.492 138129
515.049 138127
515.248 138126
515.556 138123
515.57 138122
528.589 138119
528.717 138114
528.728 138108
531.261 138106
531.262 138105
531.296 138103
531.33 138102
531.646 138096
533.578 138095
535.382 138093
535.384 138088
535.401 138085
535.435 138084
539.39 138083
539.441 138080
539.467 138070
542.486 138065
542.5 138057
542.514 138052
547.312 138051
547.334 138050
547.339 138045
547.344 138044
547.382 138043
547.382 138042
547.39 138035
547.391 138034
547.401 138031
547.415 138030
547.433 138027
547.45 138025
547.473 138024
547.519 138021
547.548 138020
547.673 138017
547.713 138014
555.489 138012
555.505 138006
555.506 138005
555.58 138000
555.614 137999
557.99 137998
558.012 137997
558.019 137994
571.6 137992
571.799 137986
571.815 137985
573.21 137983
573.309 137978
573.319 137975
573.405 137974
573.447 137971
573.504 137970
573.55 137967
573.585 137966
574.023 137964
574.094 137961
574.126 137958
574.18 137956
574.244 137955
574.301 137953
574.475 137948
574.518 137945
574.527 137943
574.632 137941
574.819 137935
574.907 137932
575.175 137931
576.914 137930
576.927 137925
576.941 137924
576.997 137923
577.034 137922
577.058 137920
577.135 137918
577.307 137915
577.318 137913
577.351 137911
577.387 137910
579.802 137909
580.16 137907
580.232 137905
607.634 137899
607.65 137896
607.699 137895
607.777 137894
607.869 137892
608.251 137890
608.326 137882
608.393 137880
616.089 137879
616.225 137876
616.242 137873
616.492 137872
616.494 137870
616.555 137868
617.294 137866
622.036 137865
634.065 137864
634.072 137863
634.082 137862
638.269 137861
638.29 137859
638.677 137855
650.638 137853
660.16 137852
661.03 137850
661.382 137849
661.51 137847
661.521 137844
661.537 137843
666.393 137841
666.432 137837
666.438 137834
666.694 137832
666.698 137830
666.715 137829
666.723 137828
666.779 137826
666.804 137825
666.885 137824
666.928 137823
667.429 137822
667.437 137820
667.482 137819
667.712 137817
668.02 137816
668.027 137815
676.601 137814
676.84 137813
677.264 137812
677.287 137810
677.331 137806
677.334 137803
677.335 137799
677.353 137798
677.381 137797
678.556 137796
678.601 137795
678.644 137794
680.274 137793
680.357 137792
680.377 137790
680.39 137786
680.44 137782
680.443 137780
680.447 137776
684.28 137769
684.544 137768
684.563 137767
684.874 137765
691.19 137764
691.209 137763
692.058 137762
692.068 137760
692.113 137757
