0.007 3769.14
0.009 3768.65
0.009 3764.56
0.009 3764.24
0.009 3764.04
0.01 3762.09
0.01 3756.83
0.011 3742.79
0.011 3739.78
0.012 3739.71
0.017 3731.57
0.017 3730.03
0.018 3713.93
0.022 3711.76
0.023 3709.04
0.025 3699.88
0.044 3692.42
0.05 3690.37
0.069 3687.22
0.073 3686.97
0.076 3686.82
0.084 3686.58
0.088 3683.5
0.088 3675.43
0.143 3675.07
0.166 3671.7
0.166 3671.01
0.228 3667.76
0.23 3666.28
0.325 3663.98
1.045 3659.5
1.046 3659.33
1.157 3655.3
1.158 3653.07
1.16 3652.7
1.242 3652.42
2.528 3652.24
2.528 3650.67
2.53 3648.84
9.642 3647.62
9.644 3646.49
9.651 3646.13
9.651 3644.39
48.625 3644.31
48.626 3644.21
70.357 3644.08
70.358 3643.1
73.632 3642.73
73.633 3641.87
79.796 3641.78
91.543 3641.64
91.544 3641.53
99.325 3641.34
124.647 3639.6
138.324 3638.96
171.603 3638.92
188.527 3638.73
190.189 3638.61
193.791 3638.5
204.383 3638.1
220.451 3637.43
