0.007 3769.14
0.008 3768.3
0.008 3767.78
0.01 3767.72
0.012 3766.9
0.014 3764.44
0.017 3717.02
0.018 3698.74
0.024 3697.52
0.025 3696.18
0.026 3694.08
0.026 3689
0.028 3687.44
0.028 3687.34
0.029 3684.5
0.033 3682.77
0.042 3682.64
0.051 3682.21
0.071 3682.2
0.071 3676.63
0.078 3674.1
0.078 3672.57
0.085 3672.39
0.085 3666.96
0.086 3662.47
0.086 3661.61
0.269 3659.44
0.297 3657.62
1.244 3657.07
1.315 3655.81
1.379 3655.61
1.38 3654.13
1.381 3653.35
1.394 3652.69
1.394 3652.19
1.395 3651.21
1.532 3649.8
1.532 3649.59
1.836 3648.29
1.864 3646.14
1.868 3645.27
1.869 3645.16
1.87 3642.46
83.984 3642.03
99.652 3641.98
106.005 3641.75
106.005 3641.47
129.932 3640.6
154.654 3640.18
157.205 3639.42
178.763 3638.91
178.775 3638.36
178.777 3638.09
191.403 3637.73
288.651 3637.72
