0.008 3772.55
0.011 3767.71
0.015 3709.3
0.017 3696.14
0.035 3696.01
0.036 3695.87
0.036 3694.62
0.036 3684.59
0.037 3680.1
0.037 3677.1
0.041 3677
0.148 3675.86
0.154 3675.5
0.155 3673.6
0.156 3671.86
0.156 3670.15
0.173 3668.9
0.211 3665.72
0.211 3664.19
0.212 3663.03
0.212 3661.01
0.213 3660.12
0.213 3659.16
0.215 3655.88
0.219 3654.18
0.245 3654
0.314 3653.89
2.803 3653.59
2.807 3652.3
2.809 3652.29
3.582 3650.56
4.704 3650.41
4.706 3650.2
4.723 3650.09
4.723 3649.07
4.79 3648.31
7.738 3647.81
25.965 3647.68
33.095 3647.62
33.096 3646.63
33.097 3646.52
33.787 3646.3
35.162 3645.82
56.24 3645.33
56.242 3644.39
62.857 3644
80.06 3641.03
80.061 3640.93
114.836 3639.07
166.984 3638.62
204.092 3638.5
204.446 3638.49
204.465 3638.39
205.893 3637.89
268.545 3637.82
268.567 3637.73
