0.026 3931.48
0.027 3893.08
0.027 3882.15
0.027 3879.6
0.028 3874.95
0.029 3873.58
0.029 3860.74
0.03 3831.67
0.031 3827.17
0.031 3819.8
0.031 3818.32
0.032 3815.63
0.032 3815.42
0.032 3810.77
0.033 3804.5
0.033 3802.85
0.033 3800.59
0.034 3789.89
0.034 3789.62
0.035 3788.51
0.037 3788
0.037 3776.25
0.038 3775.43
0.038 3772.48
0.049 3771.21
0.051 3768.63
0.053 3762.83
0.06 3761.23
0.06 3749.7
0.066 3745.52
0.068 3743.29
0.068 3741.32
0.077 3728.81
0.078 3725.59
0.078 3714.46
0.081 3714.08
0.087 3709
0.088 3707.84
0.088 3707.83
0.088 3705.65
0.089 3702.45
0.09 3701.09
0.092 3701.07
0.093 3700.14
0.144 3653.04
0.149 3652.16
0.15 3644.37
0.157 3643.15
0.158 3637.13
0.16 3636.99
0.16 3636.97
0.161 3631.12
0.163 3628.96
0.167 3623.77
0.168 3622.57
0.168 3621.43
0.274 3620.99
0.284 3619.79
0.285 3619.49
0.286 3614.2
0.372 3613.97
0.373 3611.46
0.375 3604.73
0.376 3603.5
1.104 3598.4
1.114 3598
1.161 3597.48
1.182 3596
1.87 3593.52
1.936 3591.09
1.938 3589.92
1.992 3588.19
1.992 3583.99
1.994 3581.96
5.793 3581.16
5.796 3576.64
5.797 3576.59
5.798 3573.5
5.8 3572
34.809 3571.55
34.812 3569.98
55.782 3569.03
56.682 3566.57
72.372 3565.32
79.196 3565.24
83.643 3564.19
83.644 3563.76
84.008 3563.56
84.012 3562.39
84.345 3562.01
84.353 3561.64
84.583 3560.22
85.489 3559.27
88.358 3559.09
107.933 3558.34
136.261 3556.24
136.283 3555.8
136.284 3555.22
136.285 3555.15
150.874 3554.43
191.933 3554.38
200.317 3554.2
212.612 3554.08
213.402 3553.28
213.405 3553.23
213.405 3553.21
213.406 3552.3
213.433 3550.87
213.434 3549.96
213.437 3549.59
213.601 3548.98
213.62 3548.72
213.621 3547.92
213.643 3547.88
