0.007 3595.73
0.008 3562.42
0.009 3560.15
0.009 3525.08
0.009 3518.5
0.01 3510.37
0.01 3510
0.011 3508.6
0.012 3508.29
0.012 3504.06
0.012 3498.07
0.013 3493.66
0.021 3492.33
0.024 3485.4
0.025 3484.71
0.028 3477.44
0.032 3472.43
0.035 3471.35
0.038 3470.02
0.055 3465.67
0.063 3451.76
0.064 3450.13
0.124 3445.18
0.128 3444.09
0.129 3441.18
0.131 3435.28
0.139 3433.1
0.14 3427.8
0.32 3425.95
0.326 3424.13
0.332 3420.02
0.613 3417.44
0.614 3416.53
0.622 3416.49
0.622 3414.7
0.73 3413.89
0.922 3412.23
0.924 3411.28
0.959 3406.8
1.14 3403.2
1.14 3397.28
1.141 3396.86
1.145 3396.38
1.148 3393.47
1.155 3381.13
12.85 3379.12
12.851 3379.05
30.988 3377.1
30.989 3371.56
30.99 3371.05
30.991 3370.46
30.996 3368.74
51.087 3368.58
78.162 3365.7
78.307 3365.67
79.428 3365.14
79.433 3364.83
79.462 3362.4
107.356 3361.27
110.56 3361.13
116.86 3360.86
116.861 3360.6
142.767 3360.49
159.715 3359.68
192.349 3359.18
193.69 3358.78
193.796 3358.14
211.602 3357.74
