0.008 3594.61
0.008 3587.72
0.009 3563.78
0.009 3559.67
0.011 3543.01
0.012 3538.58
0.017 3536.82
0.017 3532.8
0.02 3521.74
0.021 3515.11
0.021 3514.42
0.027 3512.84
0.028 3509.27
0.039 3500.81
0.04 3481.08
0.047 3476
0.05 3474.65
0.05 3473.95
0.051 3471.32
0.064 3468.88
0.067 3467.98
0.067 3464.43
0.069 3463.91
0.071 3460.57
0.073 3443.87
0.076 3432.54
0.082 3432.43
0.083 3431.57
0.192 3425.18
0.193 3420.59
0.367 3419.39
0.372 3417.48
0.643 3416.25
0.668 3414.03
0.668 3412.74
0.688 3410.99
0.987 3409.94
0.988 3400.41
0.988 3397.02
1.931 3394.99
1.931 3394.03
3.754 3393.14
3.786 3392.86
3.85 3391.79
3.855 3385.52
3.891 3383.88
3.917 3383.5
3.922 3379.87
3.971 3377.15
39.772 3377.06
39.773 3376.09
40.025 3375.07
40.168 3373.86
40.168 3373.75
40.17 3371.76
40.171 3371.1
40.171 3371.09
40.171 3370.66
40.478 3368.05
40.498 3367.79
40.503 3366.2
53.958 3365.88
53.964 3365.86
53.967 3365.38
53.972 3364.47
81.409 3364.11
87.845 3364.01
93.006 3363.76
94.519 3363.43
94.527 3362.86
103.382 3362.8
103.383 3362.78
104.582 3362.01
104.596 3360.73
140.476 3359.76
182.663 3359.58
196.403 3359.48
196.442 3358.79
217.109 3357.43
