0.002 1153.78
0.003 1153.01
0.004 1147.2
0.004 1130.49
0.005 1106.24
0.005 1102.41
0.008 1102.05
0.009 1101.41
0.01 1099.96
0.01 1097.41
0.016 1096.67
0.017 1095.05
0.018 1093.92
0.02 1093.34
0.025 1092.61
0.048 1091.99
0.049 1091.68
0.056 1089.75
0.068 1085.58
0.069 1083.21
0.07 1073.24
0.072 1073.22
0.072 1071.96
0.074 1070.21
0.074 1067.66
0.074 1067.07
0.075 1065.02
0.076 1063.75
0.146 1062.28
0.216 1062.25
0.301 1061.68
0.302 1061.66
0.313 1061.12
0.576 1061.11
1.248 1061.02
1.809 1060.33
6.34 1059.75
38.25 1059.7
46.747 1059.32
