0.026 3798.58
0.027 3792.15
0.027 3789.19
0.027 3786.24
0.028 3739.11
0.028 3737.66
0.029 3721.21
0.029 3720.44
0.03 3717.06
0.031 3707.47
0.031 3676.04
0.032 3673.83
0.032 3671.68
0.034 3668.63
0.035 3618.75
0.036 3618.67
0.036 3618.35
0.036 3617.03
0.037 3615.96
0.038 3612.57
0.039 3606.81
0.042 3601.18
0.042 3581.42
0.044 3576.19
0.046 3570.85
0.046 3562.87
0.046 3562.75
0.048 3562.43
0.048 3557.05
0.048 3553.54
0.05 3552.21
0.05 3551.23
0.052 3538.96
0.061 3537.99
0.088 3535.59
0.088 3534.01
0.089 3533.92
0.09 3531.88
0.096 3529.93
0.098 3529.09
0.098 3528.76
0.099 3527.98
0.114 3517.84
0.116 3515.55
0.117 3513.49
0.117 3510.67
0.118 3508.39
0.118 3501.74
0.151 3496.42
0.707 3494.06
0.713 3487.53
1.545 3486.08
1.6 3484.91
1.6 3479.78
1.635 3473.95
1.639 3472.05
1.654 3470.41
2.246 3469.3
2.25 3468.36
2.252 3468.29
2.252 3465.91
2.861 3464.22
8.527 3463.88
8.604 3463.17
13.544 3462.58
13.556 3456.29
13.557 3450.36
13.566 3445.3
13.57 3433.35
13.57 3431.04
13.592 3427.3
13.619 3425.53
13.62 3424.74
13.624 3422.87
13.627 3418.41
13.71 3416.3
13.713 3415.93
14.141 3414.26
16.887 3414.01
19.133 3412.35
19.133 3412.28
25.095 3412.27
38.265 3412.06
42.23 3411.84
49.095 3411.68
53.685 3410.99
53.685 3409.97
53.685 3408.93
94.912 3408.76
101.627 3407.95
150.579 3407.42
155.091 3406.46
211.367 3406.46
211.378 3406.38
215.775 3406.35
215.777 3405.57
215.826 3405.34
215.836 3405.31
215.837 3403.7
