0.003 33928
0.004 33880
0.005 33865
0.005 33859
0.007 33852
0.008 33822
0.009 33634
0.012 33591
0.012 33586
0.017 33403
0.018 33344
0.022 33343
0.032 33284
0.037 33249
0.037 33072
0.044 33062
0.045 33053
0.046 33023
0.051 32983
0.053 32930
0.053 32915
0.054 32899
0.06 32882
0.06 32736
0.062 32731
0.075 32726
0.079 32660
0.081 32638
0.084 32525
0.084 32522
0.085 32474
0.087 32417
0.09 32352
0.092 32341
0.093 32304
0.097 32303
0.101 32247
0.102 32238
0.103 32209
0.119 32172
0.138 32131
0.159 32107
0.16 32096
0.163 32063
0.2 32008
0.205 32007
0.272 31993
0.275 31949
0.279 31948
0.287 31874
0.289 31873
0.3 31871
0.302 31822
0.303 31788
0.514 31771
0.516 31768
0.517 31761
0.517 31712
0.526 31686
0.527 31653
0.546 31650
0.548 31632
1.003 31614
1.363 31577
1.365 31558
1.795 31509
1.803 31496
1.81 31491
1.815 31478
1.86 31454
2.572 31447
2.576 31425
2.597 31407
2.737 31405
4.029 31404
4.329 31394
6.503 31372
6.571 31368
7.09 31355
9.673 31351
9.681 31334
10.034 31289
10.049 31281
10.58 31273
10.885 31224
19.515 31220
26.228 31218
26.57 31215
26.573 31212
