0.065 13914
0.065 13755
0.066 13708
0.066 13690
0.066 13680
0.069 13633
0.07 13572
0.071 13551
0.071 13500
0.071 13485
0.072 13437
0.072 13434
0.073 13433
0.079 13353
0.079 13338
0.08 13295
0.08 13243
0.082 13229
0.086 13228
0.086 13224
0.088 13122
0.089 13040
0.089 12994
0.09 12935
0.09 12881
0.09 12793
0.091 12740
0.095 12713
0.096 12497
0.097 12441
0.101 12202
0.101 12194
0.102 12188
0.102 12182
0.104 12160
0.104 12140
0.107 12135
0.108 12098
0.109 12033
0.109 12025
0.11 12024
0.514 12021
1.065 12020
1.987 12017
11.06 12015
12.066 12014
12.067 12012
