0.127 61218
0.127 61185
0.128 60975
0.128 60956
0.128 60949
0.129 60870
0.129 60856
0.13 60836
0.13 60752
0.13 60702
0.131 60688
0.132 60548
0.132 60541
0.133 60537
0.134 60493
0.134 60473
0.135 60334
0.135 60127
0.136 60123
0.136 60104
0.137 59989
0.137 59970
0.138 59919
0.138 59916
0.138 59908
0.138 59858
0.139 59806
0.141 59515
0.141 59482
0.142 59447
0.143 59423
0.143 59347
0.144 59346
0.144 59257
0.144 59222
0.145 59208
0.146 59118
0.146 59110
0.147 59089
0.147 59086
0.148 59082
0.148 58989
0.149 58964
0.15 58812
0.15 58782
0.151 58765
0.152 58751
0.153 58588
0.154 58518
0.156 58515
0.157 58393
0.158 58341
0.16 58339
0.167 58320
0.169 58131
0.182 58103
0.185 58052
0.186 58038
0.187 57656
0.188 57605
0.189 57463
0.19 57393
0.19 57390
0.191 57371
0.191 57364
0.192 57340
0.196 57331
0.197 57317
0.199 57279
0.202 57142
0.235 57137
0.256 57119
0.263 56940
0.265 56897
0.285 56875
0.286 56838
0.293 56811
0.294 56810
0.341 56779
0.35 56682
0.351 56667
0.353 56600
0.353 56555
0.38 56446
0.381 56429
0.387 56426
0.39 56406
0.39 56392
0.391 56371
0.392 56358
0.415 56347
0.417 56305
0.42 56255
0.425 56254
0.426 56249
0.429 56217
0.431 56207
0.432 56201
0.432 56200
0.433 56199
0.435 56178
0.437 55887
0.438 55886
0.442 55880
0.443 55858
0.444 55737
0.445 55734
0.449 55642
0.467 55632
0.467 55623
0.475 55586
0.475 55578
0.475 55543
0.477 55542
0.496 55527
0.497 55516
0.497 55496
0.497 55485
0.498 55478
0.499 55423
0.499 55291
0.501 55257
0.508 55245
0.509 55239
0.509 55206
0.518 55192
0.527 55151
0.532 55140
0.585 55110
0.587 55025
0.588 55014
0.589 55000
0.589 54944
0.592 54937
0.592 54930
0.593 54918
0.593 54917
0.595 54897
0.595 54895
0.602 54888
0.605 54882
0.605 54881
0.605 54875
0.606 54859
0.61 54858
0.612 54825
0.613 54819
0.616 54782
0.616 54755
0.665 54745
0.665 54742
0.667 54734
0.668 54704
0.669 54700
0.67 54692
0.67 54691
0.673 54690
0.89 54664
0.891 54623
0.892 54576
0.892 54568
0.894 54567
0.895 54555
0.97 54543
0.97 54542
0.972 54525
0.972 54485
0.973 54476
0.996 54466
0.997 54454
0.998 54452
0.998 54433
1.03 54431
1.031 54418
1.062 54414
1.068 54393
1.071 54376
1.078 54373
1.082 54368
1.083 54329
1.085 54282
1.092 54260
1.093 54232
1.095 54202
1.096 54200
1.195 54189
1.198 54109
1.199 54077
1.204 54072
1.204 54059
1.206 54050
1.21 54007
1.236 53961
1.239 53949
1.24 53919
1.243 53912
1.244 53910
1.4 53881
1.419 53788
1.42 53780
1.422 53772
1.422 53695
1.426 53694
1.427 53659
1.429 53648
1.435 53610
1.435 53593
1.465 53583
1.466 53568
1.468 53537
1.47 53521
1.47 53516
1.471 53513
1.473 53508
2.059 53497
2.065 53492
2.07 53468
2.07 53463
2.075 53412
2.076 53366
2.084 53361
2.159 53353
2.162 53325
2.179 53304
2.195 53287
3.593 53274
3.594 53268
3.594 53244
3.596 53242
3.597 53232
3.598 53200
3.598 53180
3.599 53166
4.16 53142
4.161 53138
4.181 52991
4.183 52985
4.183 52968
4.2 52948
4.238 52928
4.238 52856
5.295 52854
5.297 52849
5.309 52838
5.322 52828
5.84 52804
5.852 52799
6.531 52736
6.535 52734
6.536 52729
6.537 52726
6.541 52709
6.544 52679
6.839 52677
6.93 52672
6.932 52670
6.936 52667
6.937 52662
6.943 52658
6.945 52645
7.426 52641
7.431 52594
7.431 52584
7.463 52583
7.465 52581
7.466 52562
7.466 52549
7.641 52509
7.944 52507
7.949 52484
7.951 52483
7.98 52462
7.981 52424
8.64 52415
8.675 52411
8.68 52406
8.681 52401
8.692 52390
8.693 52385
8.693 52384
8.746 52381
8.748 52377
8.749 52372
8.749 52370
8.75 52362
8.751 52349
8.773 52348
8.776 52329
8.776 52328
8.777 52327
8.777 52314
8.777 52313
8.778 52299
8.794 52270
8.8 52245
8.803 52228
8.803 52212
8.804 52198
8.804 52177
8.81 52165
8.811 52163
8.813 52157
9.554 52132
9.564 52130
9.59 52106
9.603 52078
10.269 52064
10.271 52063
10.274 52058
10.34 52047
10.341 52037
10.344 52008
10.347 51997
10.424 51996
10.426 51985
10.431 51983
10.433 51975
10.434 51970
10.434 51969
10.437 51957
10.919 51956
10.92 51944
10.921 51920
10.94 51908
10.944 51906
10.952 51896
10.954 51874
10.957 51868
10.958 51841
10.961 51829
10.962 51817
10.987 51811
10.989 51801
10.993 51787
10.995 51780
10.997 51774
11.292 51759
11.294 51746
11.295 51734
11.314 51717
13.175 51716
13.178 51715
13.178 51682
13.181 51671
13.201 51652
13.203 51648
13.214 51645
13.248 51632
13.353 51630
13.354 51611
13.356 51593
13.36 51588
13.36 51585
13.365 51579
13.366 51565
13.61 51548
13.623 51533
13.858 51530
13.859 51523
18.744 51513
18.745 51512
18.952 51502
18.959 51498
18.964 51494
18.976 51492
18.995 51488
18.996 51485
19.001 51475
19.003 51470
19.971 51455
20.027 51441
20.03 51434
20.034 51412
20.035 51407
20.039 51399
20.042 51378
20.29 51376
20.565 51369
20.572 51362
20.575 51361
20.895 51350
20.906 51330
20.913 51324
20.916 51322
20.922 51317
20.939 51312
20.941 51297
22.936 51285
23.751 51283
23.779 51281
24.386 51262
24.388 51260
24.389 51257
24.397 51255
24.679 51254
24.703 51236
24.704 51212
24.797 51199
24.797 51198
25.304 51194
27.013 51181
27.507 51175
27.513 51174
27.519 51165
27.521 51156
27.546 51151
27.547 51146
27.548 51142
27.571 51141
27.572 51131
27.574 51128
27.863 51126
28.195 51123
28.254 51117
28.26 51111
28.266 51108
28.289 51102
28.293 51100
28.32 51086
28.326 51085
28.336 51084
32.192 51056
32.193 51046
32.197 51038
32.199 51033
32.219 51032
32.224 51027
32.229 51012
32.27 51010
32.284 51007
33.265 50997
33.572 50991
34.077 50990
34.095 50982
34.129 50976
34.135 50975
34.207 50974
35.325 50973
35.334 50972
35.379 50971
35.389 50969
35.398 50967
35.489 50963
35.53 50960
35.75 50951
35.8 50945
35.841 50944
36.093 50940
36.106 50938
36.107 50936
36.178 50935
36.722 50934
36.783 50933
36.805 50928
36.839 50921
36.842 50920
37.66 50919
38.95 50917
40.034 50911
41.179 50910
