0.066 20221
0.067 20147
0.067 20092
0.068 20073
0.069 20019
0.07 20018
0.073 19953
0.074 19875
0.076 19841
0.081 19719
0.083 19695
0.083 19656
0.083 19581
0.085 19537
0.087 19515
0.088 19506
0.088 19403
0.09 19384
0.09 19382
0.093 19296
0.093 19260
0.109 19230
0.11 19222
0.11 19221
0.112 19201
0.113 19136
0.116 19095
0.117 18855
0.118 18838
0.122 18772
0.127 18760
0.129 18747
0.13 18746
0.131 18745
0.174 18743
0.263 18734
0.269 18718
0.384 18703
0.386 18676
0.387 18649
0.392 18638
0.764 18619
0.782 18612
0.786 18606
0.912 18595
1.116 18593
1.315 18590
1.325 18585
1.354 18577
1.355 18574
1.368 18568
1.369 18567
1.372 18566
1.468 18564
1.735 18534
3.686 18529
5.519 18524
5.52 18512
6.176 18505
6.182 18494
11.406 18492
11.435 18489
13.799 18486
13.801 18484
15.464 18482
18.892 18476
18.963 18472
