0.005 44130
0.005 44119
0.006 44118
0.007 43942
0.007 43165
0.008 43074
0.009 43065
0.009 43055
0.01 42290
0.012 40993
0.013 40394
0.014 40224
0.016 40159
0.016 40131
0.017 40105
0.019 40048
0.021 40037
0.021 39987
0.022 39979
0.023 39913
0.024 39891
0.025 39789
0.025 39784
0.025 39761
0.026 39728
0.027 39711
0.029 39481
0.033 39472
0.034 39310
0.037 39239
0.037 39208
0.038 39203
0.038 39199
0.058 39183
0.062 39160
0.066 39150
0.068 39149
0.068 39142
0.073 39124
0.073 39050
0.097 39025
0.098 39012
0.098 38968
0.132 38965
0.137 38952
0.196 38408
0.199 38391
0.201 38367
0.207 38363
0.207 38350
0.214 38348
0.215 38329
0.216 38247
0.247 38243
0.257 38197
0.314 38159
0.317 38128
0.317 38116
0.319 38108
0.602 38094
0.613 38083
0.613 38060
0.619 38047
0.964 38044
0.966 38043
0.971 38027
0.973 37999
0.999 37992
0.999 37991
1.004 37973
1.021 37950
1.022 37907
1.023 37906
1.029 37904
1.029 37896
1.03 37881
1.495 37845
1.495 37827
1.496 37816
1.52 37815
1.524 37775
1.575 37754
1.622 37742
1.639 37735
1.655 37707
1.656 37703
1.656 37691
1.706 37675
1.707 37673
1.708 37661
1.727 37655
1.797 37638
1.799 37633
1.805 37632
1.805 37630
1.805 37599
2.021 37597
2.161 37582
2.163 37577
2.972 37549
6.922 37537
6.924 37535
6.935 37531
7.613 37522
7.615 37516
7.616 37507
7.617 37494
7.618 37486
7.727 37479
7.815 37472
7.816 37471
7.83 37467
7.831 37459
15.379 37458
15.38 37452
18.109 37443
18.114 37442
18.429 37437
18.478 37435
18.479 37429
18.511 37422
18.53 37411
19.367 37410
19.391 37409
19.393 37404
19.612 37396
19.615 37387
19.623 37380
19.629 37378
19.679 37376
19.694 37374
19.696 37373
19.702 37369
19.746 37368
19.778 37367
19.778 37362
19.819 37361
19.831 37358
20.004 37357
20.111 37355
20.148 37347
21.468 37342
21.501 37339
21.524 37338
21.532 37332
21.995 37331
22.506 37319
22.859 37316
22.873 37314
22.898 37313
