0.069 18788
0.069 18787
0.069 18777
0.069 18755
0.07 18730
0.07 18717
0.071 18705
0.071 18665
0.074 18664
0.074 18606
0.075 18595
0.076 18569
0.077 18555
0.078 18497
0.079 18433
0.079 18379
0.08 18362
0.083 18344
0.084 18323
0.084 18299
0.085 18295
0.087 18246
0.089 18118
0.09 18106
0.091 18095
0.094 18070
0.095 18069
0.095 18056
0.096 17983
0.097 17949
0.1 17908
0.1 17904
0.101 17866
0.107 17859
0.108 17857
0.109 17849
0.112 17830
0.124 17824
0.125 17820
0.127 17805
0.128 17799
0.129 17792
0.133 17754
0.134 17748
0.134 17740
0.137 17736
0.138 17732
0.139 17731
0.151 17712
0.152 17666
0.153 17658
0.231 17624
0.234 17614
0.235 17612
0.235 17611
0.237 17568
0.237 17536
0.239 17529
0.24 17525
0.535 17486
0.535 17479
0.536 17471
0.57 17436
0.571 17431
0.572 17430
0.576 17391
0.582 17380
0.585 17379
0.591 17351
0.618 17342
0.618 17340
0.619 17335
0.62 17329
0.644 17305
0.645 17279
0.646 17271
0.647 17230
0.647 17219
0.659 17208
1.416 17205
1.436 17196
1.439 17173
2.061 17158
2.064 17142
2.065 17129
2.066 17114
10.897 17111
10.898 17103
10.901 17098
10.907 17092
10.917 17089
12.028 17086
16.974 17077
16.979 17075
17.22 17068
18.248 17067
18.249 17065
18.253 17046
18.254 17037
18.255 17036
18.255 17034
20.85 17033
20.869 17019
20.875 17015
22.088 17014
22.133 17010
23.552 17008
24.605 17004
24.608 17002
24.61 16999
24.621 16998
24.638 16997
24.923 16996
28.136 16993
28.146 16992
