0.067 21522
0.069 21520
0.07 21505
0.071 21485
0.071 21448
0.072 21365
0.072 21338
0.073 21318
0.074 21310
0.075 21308
0.076 21266
0.077 21255
0.08 21164
0.091 21159
0.092 21140
0.093 21132
0.094 21077
0.094 21072
0.099 20994
0.099 20993
0.099 20726
0.101 20707
0.102 20443
0.103 20428
0.106 20400
0.222 20391
0.224 20368
0.225 20361
0.234 20357
0.297 20352
0.306 20351
0.307 20339
0.355 20152
0.367 20148
0.367 20146
0.368 20142
0.369 20126
0.377 20117
0.392 20109
0.621 20105
0.622 20097
0.627 20057
0.628 20030
0.633 20029
0.634 20014
0.635 19968
0.663 19937
0.663 19930
0.664 19921
0.664 19919
0.666 19905
0.666 19889
3.082 19883
3.082 19877
3.083 19876
9.01 19872
9.01 19871
9.194 19870
11.841 19866
12.19 19865
13.868 19853
13.87 19850
15.192 19848
15.193 19846
15.193 19844
15.362 19841
15.53 19837
15.6 19831
15.601 19830
15.609 19822
16.23 19816
18.433 19795
20.94 19793
21.993 19792
21.997 19791
21.997 19790
22.143 19782
22.156 19766
25.588 19761
25.589 19760
25.62 19755
25.628 19754
29.455 19746
29.459 19745
29.503 19736
29.518 19735
29.524 19728
29.619 19727
29.623 19722
29.637 19721
