0.069 57780
0.069 57779
0.07 57619
0.071 57419
0.072 57088
0.073 56629
0.074 56087
0.075 56073
0.076 56069
0.078 56059
0.08 56053
0.081 55875
0.082 55864
0.083 55813
0.084 54903
0.085 54817
0.085 54780
0.086 54771
0.087 54768
0.087 54730
0.088 54639
0.089 54563
0.09 54559
0.09 54536
0.092 53928
0.094 53660
0.095 53231
0.096 53191
0.1 53014
0.101 52984
0.101 52982
0.102 52952
0.103 52951
0.104 52939
0.104 52937
0.105 52933
0.106 52851
0.106 52814
0.109 52797
0.11 52753
0.111 52737
0.113 52715
0.113 52708
0.125 52658
0.128 52647
0.13 52630
0.131 52498
0.132 52482
0.156 52470
0.165 52428
0.168 52396
0.169 52270
0.169 52262
0.17 52232
0.171 52227
0.173 52206
0.176 52194
0.177 52187
0.178 52174
0.179 52164
0.183 52138
0.186 52134
0.197 52117
0.202 52109
0.214 52084
0.216 52048
0.216 52043
0.22 51994
0.223 51950
0.226 51948
0.227 51945
0.236 51936
0.252 51926
0.253 51921
0.26 51876
0.262 51822
0.269 51699
0.27 51664
0.271 51657
0.316 51564
0.316 51556
0.319 51554
0.32 51552
0.321 51538
0.336 51534
0.47 51449
0.471 51295
0.471 51248
0.473 51243
0.525 51230
0.526 51228
0.554 51171
0.555 51168
0.559 51162
0.561 51159
0.561 51157
0.562 51154
0.709 51130
0.717 51126
0.723 51114
0.727 51092
0.727 51059
0.749 51057
0.755 51043
0.913 51035
0.917 50992
0.92 50950
0.924 50948
0.925 50886
0.926 50883
1.102 50871
1.125 50831
1.131 50782
1.144 50738
1.146 50728
1.149 50698
1.194 50680
1.198 50668
1.241 50660
1.904 50643
1.907 50613
1.957 50607
2.676 50600
2.686 50592
2.696 50581
8.285 50572
8.286 50570
8.311 50566
8.385 50559
8.387 50524
8.426 50503
8.434 50493
8.434 50483
8.471 50471
8.472 50460
8.537 50456
10.029 50444
10.029 50440
10.054 50437
10.057 50428
10.232 50406
10.285 50402
10.287 50385
10.292 50377
10.301 50376
11.132 50371
11.359 50354
13.401 50345
14.61 50341
14.931 50324
15.261 50310
15.268 50294
15.329 50292
15.361 50290
15.458 50280
17.004 50268
17.008 50264
17.012 50242
17.014 50231
17.034 50224
17.049 50203
17.306 50192
17.35 50158
17.42 50155
19.31 50154
