0.068 64844
0.068 64835
0.068 64820
0.07 64804
0.072 64766
0.073 64710
0.073 64571
0.076 64532
0.077 63971
0.078 63588
0.081 63576
0.082 63564
0.083 63541
0.084 63353
0.084 63297
0.086 63255
0.086 63234
0.087 63218
0.087 63214
0.088 62499
0.09 62445
0.091 62407
0.092 61061
0.093 61038
0.093 60768
0.094 60725
0.095 60700
0.095 60592
0.096 60489
0.097 60346
0.097 60258
0.098 60211
0.098 60196
0.099 59869
0.099 59220
0.101 59002
0.102 58764
0.102 58503
0.103 58482
0.106 58458
0.107 58313
0.108 58260
0.109 58080
0.111 57853
0.112 57845
0.112 57825
0.113 57532
0.114 57439
0.115 57400
0.116 56911
0.119 56727
0.12 56723
0.121 56665
0.121 56642
0.123 56606
0.124 56341
0.126 56266
0.127 56215
0.128 56190
0.129 55839
0.129 55599
0.13 55499
0.131 55230
0.133 55138
0.15 54882
0.164 54790
0.165 54720
0.165 54593
0.166 54556
0.166 54536
0.186 54528
0.186 54500
0.193 54401
0.193 54369
0.195 54240
0.267 54097
0.273 54061
0.273 53998
0.275 53982
0.293 53969
0.294 53927
0.296 53920
0.297 53898
0.305 53773
0.336 53757
0.336 53750
0.336 53664
0.337 53662
0.337 53653
0.339 53616
0.34 53615
0.398 53603
0.4 53601
0.405 53544
0.412 53475
0.413 53462
0.417 53411
0.421 53401
0.429 53392
0.431 53390
0.439 53358
1.21 53341
1.231 53334
1.232 53331
1.235 53320
1.236 53312
1.237 53304
1.237 53301
1.238 53277
1.238 53267
1.24 53249
1.303 53232
1.849 53203
1.849 53157
1.857 53130
1.859 53110
1.861 53103
1.868 53018
1.868 53008
1.87 53003
1.966 53000
1.969 52978
2.019 52976
2.021 52971
2.022 52938
2.2 52929
2.202 52899
2.204 52897
2.206 52894
2.22 52882
2.342 52858
2.349 52847
2.381 52804
2.382 52802
2.387 52783
2.389 52759
2.39 52702
2.483 52697
3.313 52689
3.316 52688
3.323 52683
3.323 52681
3.326 52669
3.329 52659
3.334 52657
3.339 52647
3.347 52621
3.936 52608
3.936 52607
3.946 52600
3.946 52599
3.947 52582
3.951 52565
4.018 52552
4.029 52544
4.032 52536
4.044 52500
5.2 52478
5.202 52463
5.655 52461
5.666 52459
5.703 52454
5.972 52452
5.973 52451
6.023 52450
6.07 52438
6.072 52437
6.101 52431
6.101 52414
6.108 52379
6.112 52376
6.112 52368
6.126 52358
6.128 52336
6.141 52329
6.141 52317
10.833 52307
10.833 52297
11.833 52295
11.837 52273
11.859 52263
12.001 52258
12.023 52238
13.701 52230
14.489 52218
14.978 52210
14.982 52198
14.987 52195
17.982 52192
17.989 52183
19.588 52177
21.143 52173
21.19 52164
21.201 52162
21.22 52150
21.295 52148
21.312 52142
21.968 52141
22.222 52126
22.231 52122
22.469 52119
22.798 52118
22.857 52114
22.863 52105
22.965 52099
23.078 52098
23.167 52095
