0.004 23557
0.004 23517
0.005 23496
0.005 23476
0.006 23414
0.006 23342
0.007 23222
0.018 23159
0.018 23055
0.019 22955
0.021 22904
0.024 22874
0.024 22871
0.025 22865
0.025 22777
0.029 22657
0.03 22517
0.03 22504
0.031 22503
0.031 22476
0.038 22474
0.04 22431
0.042 22414
0.046 22383
0.046 22381
0.047 22374
0.047 22304
0.049 22196
0.05 22147
0.053 22135
0.054 22090
0.055 21765
0.055 21646
0.056 21630
0.057 21591
0.057 21576
0.058 21468
0.059 21321
0.06 21209
0.06 21164
0.063 21125
0.075 21112
0.111 21101
0.113 21100
0.114 21095
0.116 21083
0.118 21053
0.133 21039
0.981 21011
0.984 21006
1.005 21003
1.009 20988
1.01 20982
1.541 20954
1.861 20921
2.49 20913
2.494 20910
2.5 20893
2.503 20860
2.51 20855
3.411 20840
4.26 20815
4.261 20814
4.264 20789
4.279 20754
4.304 20704
4.323 20678
4.361 20658
10.137 20655
10.143 20654
10.206 20653
10.209 20647
10.209 20640
10.623 20639
10.911 20633
14.596 20628
