0.068 16313
0.068 16264
0.069 16229
0.07 16090
0.07 16083
0.071 16042
0.072 15964
0.072 15946
0.073 15933
0.074 15930
0.075 15925
0.077 15923
0.078 15898
0.081 15871
0.082 15857
0.083 15835
0.084 15791
0.088 15758
0.09 15744
0.09 15741
0.093 15641
0.095 15635
0.096 15594
0.099 15383
0.101 15377
0.101 15249
0.107 15232
0.107 15228
0.109 15198
0.109 15184
0.11 15177
0.111 15172
0.111 15153
0.112 15140
0.114 15133
0.115 15126
0.115 15112
0.122 15063
0.141 15040
0.142 15035
0.143 15006
0.143 14993
0.143 14985
0.148 14982
0.149 14948
0.173 14937
0.174 14933
0.206 14926
0.226 14899
0.227 14895
0.246 14878
0.253 14874
0.254 14828
0.255 14817
0.256 14782
0.386 14778
0.399 14777
0.495 14776
0.512 14753
0.518 14730
0.519 14690
0.55 14676
0.551 14667
0.571 14659
0.582 14657
0.585 14641
0.589 14635
0.595 14617
0.597 14604
0.616 14563
0.975 14562
1.091 14550
1.229 14543
1.232 14527
2.852 14511
2.88 14507
3.833 14499
4.193 14491
4.511 14490
4.513 14475
7.989 14472
16.276 14459
