0.068 18840
0.068 18839
0.07 18620
0.07 18614
0.07 18612
0.071 18601
0.073 18519
0.075 18480
0.075 18460
0.082 18452
0.082 18402
0.083 18268
0.083 18256
0.084 18233
0.084 18231
0.085 18202
0.086 18182
0.086 18173
0.086 18166
0.087 18160
0.089 18146
0.09 18102
0.092 18089
0.095 18085
0.095 18071
0.097 18067
0.112 18045
0.117 18019
0.124 17992
0.14 17986
0.14 17974
0.147 17939
0.181 17921
0.183 17917
0.19 17911
0.191 17902
0.192 17883
0.192 17847
0.194 17846
0.195 17838
0.195 17807
0.249 17785
0.25 17774
0.25 17753
0.264 17744
0.265 17735
0.268 17671
0.269 17670
0.269 17664
0.273 17633
0.275 17621
0.276 17620
0.287 17617
0.296 17604
0.297 17583
0.298 17579
0.299 17578
0.3 17577
0.305 17574
0.306 17573
0.312 17566
0.313 17564
0.314 17554
0.316 17552
0.317 17539
0.323 17509
0.33 17496
0.383 17495
0.383 17487
0.391 17478
0.417 17458
0.702 17406
0.715 17403
0.761 17395
0.763 17366
0.769 17346
0.77 17337
0.786 17335
1.384 17328
1.385 17319
1.41 17296
1.491 17295
1.492 17266
1.494 17264
1.593 17256
1.593 17241
1.599 17235
1.603 17232
1.682 17213
2.139 17202
2.141 17187
2.142 17181
3.073 17166
3.074 17159
3.075 17150
3.08 17141
3.081 17140
3.081 17139
3.083 17137
5.567 17136
5.568 17130
5.568 17109
5.57 17100
5.574 17080
11.8 17075
11.801 17068
11.805 17060
11.988 17057
12.629 17033
16.063 17024
16.065 17009
16.066 17006
22.729 17003
22.735 17002
24.285 16998
24.411 16997
24.465 16984
