0.067 21541
0.068 21503
0.069 21475
0.069 21402
0.07 21397
0.074 21385
0.074 21381
0.074 21371
0.081 21319
0.082 21279
0.084 20916
0.085 20912
0.086 20904
0.087 20900
0.087 20896
0.088 20877
0.089 20796
0.092 20751
0.103 20734
0.104 20672
0.105 20648
0.115 20646
0.116 20632
0.116 20630
0.118 20609
0.119 20600
0.128 20534
0.13 20527
0.131 20512
0.133 20507
0.162 20497
0.163 20496
0.181 20492
0.183 20482
0.183 20435
0.252 20429
0.252 20403
0.253 20326
0.254 20241
0.254 20223
0.266 20219
0.284 20157
0.287 20153
0.288 20116
0.38 20111
0.382 20072
0.407 20065
0.407 20051
0.42 20040
0.421 20037
0.422 20029
0.422 20000
0.461 19987
0.462 19975
0.463 19937
0.677 19933
0.68 19920
0.757 19905
0.757 19904
3.876 19873
8.17 19869
8.191 19808
15.217 19806
15.217 19805
15.384 19798
15.385 19797
18.224 19792
18.226 19791
18.231 19779
18.242 19774
18.247 19771
23.038 19767
23.06 19757
25.974 19755
26.009 19744
26.017 19742
