0.067 34016
0.068 33830
0.069 33807
0.069 33801
0.07 33701
0.07 33645
0.071 33618
0.071 33558
0.072 33543
0.072 33521
0.073 33489
0.075 33463
0.076 33449
0.078 33059
0.079 33009
0.08 32949
0.081 32793
0.082 32511
0.082 32410
0.083 32394
0.086 32382
0.088 32250
0.09 32248
0.091 32195
0.097 32093
0.099 32084
0.101 31791
0.102 31770
0.102 31761
0.105 31709
0.105 31641
0.107 31583
0.109 31548
0.111 31448
0.112 31416
0.112 31402
0.113 31395
0.114 31366
0.115 31356
0.116 31319
0.117 31312
0.122 31307
0.123 31303
0.123 31271
0.124 31266
0.126 31264
0.129 31230
0.129 31068
0.129 31058
0.131 31043
0.131 31037
0.207 31033
0.208 31031
0.211 30911
0.214 30897
0.214 30895
0.222 30877
0.223 30853
0.226 30798
0.228 30785
0.231 30760
0.234 30718
0.234 30707
0.236 30649
0.298 30641
0.304 30639
0.321 30618
0.321 30610
0.322 30601
0.324 30592
0.325 30581
0.327 30553
0.333 30479
0.336 30464
1.457 30458
1.46 30448
1.668 30420
2.297 30388
2.297 30375
2.321 30366
4.584 30346
4.6 30337
6.645 30330
6.647 30277
6.649 30276
6.65 30255
6.65 30216
7.071 30210
7.302 30204
7.481 30197
9.967 30196
9.985 30185
9.99 30184
10.644 30149
11.211 30129
11.23 30116
11.389 30112
16.17 30101
16.173 30099
16.177 30095
16.272 30089
16.281 30071
17.312 30063
17.324 30057
