0.069 28812
0.07 28547
0.071 28546
0.072 28400
0.072 28399
0.073 28275
0.074 28191
0.074 28189
0.075 28021
0.076 28001
0.077 27937
0.078 27900
0.089 27823
0.09 27606
0.093 27573
0.094 27529
0.095 27480
0.096 27414
0.098 27400
0.098 27388
0.105 27340
0.106 27331
0.107 27231
0.107 27203
0.113 27084
0.114 27012
0.114 26914
0.116 26871
0.116 26837
0.118 26807
0.118 26805
0.118 26792
0.119 26764
0.12 26726
0.12 26688
0.123 26584
0.215 26516
0.217 26513
0.219 26497
0.219 26496
0.219 26483
0.227 26444
0.227 26418
0.227 26411
0.228 26394
0.232 26382
0.237 26381
0.237 26372
0.238 26364
0.267 26318
0.267 26300
0.268 26254
0.271 26228
0.32 26159
0.321 26122
0.322 26101
0.323 26073
0.326 26042
0.341 26026
0.501 25838
0.502 25828
0.504 25818
0.506 25817
0.517 25804
0.521 25744
0.522 25706
0.568 25701
0.569 25696
0.57 25695
0.764 25631
0.766 25564
0.793 25561
0.897 25557
0.921 25514
0.922 25473
1.242 25448
1.624 25447
1.626 25445
1.632 25436
1.639 25433
1.641 25432
1.641 25411
1.995 25398
2.003 25393
2.012 25388
2.147 25385
2.148 25383
2.15 25380
2.474 25370
2.475 25346
2.476 25328
2.476 25296
2.478 25294
2.479 25277
3.202 25231
3.206 25211
3.207 25210
3.207 25195
3.209 25186
3.217 25164
3.227 25113
3.245 25109
3.245 25096
3.277 25045
3.278 24959
4.934 24892
4.935 24891
4.939 24882
5.013 24862
5.025 24860
5.4 24826
5.462 24815
5.466 24814
5.563 24796
5.603 24775
5.603 24762
5.603 24761
5.604 24749
5.609 24744
5.609 24730
5.628 24720
7.34 24713
10.47 24710
10.477 24702
10.477 24691
13.33 24686
13.362 24675
17.921 24669
17.968 24665
17.968 24662
