0.071 35981
0.071 35954
0.072 35911
0.072 35896
0.072 35821
0.073 35173
0.078 34608
0.081 34533
0.081 34520
0.082 34515
0.082 34513
0.083 34504
0.083 34398
0.083 34396
0.084 34363
0.084 34337
0.084 34302
0.085 34298
0.087 34281
0.087 34053
0.089 33719
0.089 33715
0.09 33649
0.091 33433
0.091 33420
0.092 33414
0.092 33410
0.093 33330
0.094 33327
0.094 33316
0.095 33252
0.102 33093
0.102 33083
0.103 33082
0.107 33061
0.12 33057
0.137 33053
0.138 33035
0.201 33026
0.202 33023
0.215 33013
0.218 32987
0.219 32967
0.22 32906
0.229 32898
0.23 32895
0.231 32778
0.278 32775
0.278 32757
0.298 32642
0.321 32635
0.374 32633
0.422 32630
0.422 32574
0.492 32569
0.493 32546
0.665 32519
0.67 32503
0.671 32502
0.738 32462
0.746 32459
0.757 32433
0.822 32410
0.823 32407
0.824 32399
0.824 32376
0.954 32361
1.715 32288
1.727 32276
1.727 32270
1.728 32265
1.734 32262
2.003 32245
2.004 32238
2.007 32219
2.007 32215
2.008 32170
2.01 32168
2.015 32166
2.024 32150
2.437 32142
2.445 32133
2.446 32117
4.873 32110
4.875 32101
4.946 32087
4.948 32054
4.948 32007
5.677 31986
5.678 31971
5.689 31968
5.766 31954
5.769 31923
5.775 31911
5.776 31887
5.776 31868
5.973 31843
5.975 31829
5.979 31811
6.089 31799
6.136 31792
6.166 31782
6.167 31722
6.198 31711
6.199 31708
6.206 31702
6.208 31699
15.135 31694
15.137 31686
15.158 31682
21.928 31674
21.94 31653
22.051 31652
22.06 31643
28.662 31635
28.708 31634
28.905 31632
28.916 31630
30.533 31629
31.35 31628
