0.07 36063
0.07 36003
0.071 35978
0.071 35473
0.072 35471
0.073 35465
0.074 35455
0.074 35449
0.074 35438
0.079 35431
0.079 35351
0.08 35322
0.08 35321
0.081 35258
0.081 35230
0.082 35222
0.082 35220
0.083 35196
0.084 35193
0.085 34342
0.086 34299
0.086 34264
0.087 34251
0.089 34202
0.089 34014
0.09 33992
0.09 33986
0.092 33764
0.093 33758
0.098 33716
0.099 33708
0.1 33644
0.102 33622
0.102 33597
0.102 33554
0.107 33455
0.108 33448
0.109 33377
0.11 33367
0.112 33343
0.112 33333
0.113 33299
0.115 33295
0.125 33261
0.126 33237
0.129 33208
0.131 33178
0.132 33092
0.139 33089
0.155 33071
0.16 32971
0.162 32970
0.162 32888
0.163 32851
0.326 32847
0.326 32846
0.327 32841
0.346 32831
0.348 32826
0.349 32794
0.35 32777
0.353 32776
0.392 32719
0.706 32707
0.71 32703
0.73 32672
0.731 32661
0.733 32640
0.734 32629
0.738 32615
0.774 32596
0.775 32535
0.859 32519
0.86 32485
0.991 32469
0.992 32457
0.992 32443
0.994 32400
1.243 32369
1.315 32297
1.316 32257
1.318 32192
1.443 32181
1.448 32160
1.449 32157
1.449 32142
2.307 32124
2.31 32123
2.353 32082
2.355 32079
3.015 32078
3.015 32072
3.018 32016
3.02 31994
4.226 31988
4.227 31912
4.228 31911
4.234 31909
4.239 31896
4.239 31891
4.239 31888
4.995 31864
4.996 31863
7.859 31837
8.093 31836
8.238 31835
8.24 31831
8.242 31811
8.248 31804
8.288 31800
8.288 31796
8.291 31780
8.331 31769
8.332 31757
8.333 31748
8.334 31741
8.348 31725
8.348 31718
8.391 31713
8.393 31711
12.494 31709
12.501 31705
12.502 31698
13.28 31692
13.3 31689
13.31 31686
13.31 31681
13.429 31676
13.433 31671
13.434 31670
13.434 31667
13.763 31664
14.766 31648
14.78 31647
14.788 31646
15.385 31634
15.392 31632
15.397 31630
15.435 31616
15.458 31611
15.463 31604
15.483 31599
15.517 31595
15.52 31588
15.535 31587
15.541 31586
15.545 31582
15.546 31581
15.546 31572
15.695 31566
15.738 31555
15.744 31543
