0.073 51620
0.074 51586
0.075 51518
0.076 51474
0.076 51460
0.076 51453
0.077 51439
0.077 51423
0.077 51409
0.078 51406
0.078 51374
0.079 51349
0.079 51283
0.081 51197
0.081 51149
0.081 51131
0.081 51128
0.082 51078
0.082 51074
0.083 50777
0.083 50731
0.09 50719
0.091 50708
0.091 50564
0.092 50560
0.092 50475
0.093 50355
0.093 50328
0.094 50314
0.095 50304
0.096 50269
0.096 50233
0.097 50181
0.1 50154
0.102 50148
0.103 50132
0.104 50088
0.104 50056
0.109 49900
0.112 49894
0.116 49826
0.118 48810
0.121 48799
0.122 48796
0.138 48725
0.139 48544
0.139 48348
0.141 48340
0.141 48275
0.145 48102
0.146 47897
0.148 47885
0.149 47883
0.15 47665
0.151 47338
0.152 47305
0.153 47273
0.154 47268
0.155 47244
0.155 47219
0.158 47170
0.16 47132
0.16 47126
0.162 46778
0.162 46730
0.164 46727
0.166 46436
0.167 46424
0.168 46404
0.169 46385
0.169 46366
0.17 46118
0.17 46105
0.173 46104
0.182 46072
0.182 46049
0.183 46045
0.184 46040
0.185 46023
0.186 45999
0.187 45955
0.188 45922
0.188 45880
0.189 45795
0.198 45791
0.199 45763
0.199 45710
0.2 45693
0.201 45656
0.204 45644
0.205 45614
0.206 45596
0.208 45589
0.208 45568
0.234 45444
0.259 45440
0.264 45371
0.266 45367
0.268 45364
0.27 45313
0.27 45302
0.273 45284
0.357 45265
0.358 45223
0.359 45197
0.359 45123
0.36 45109
0.365 45088
0.375 45038
0.377 45034
0.378 45003
0.378 44987
0.382 44981
0.383 44951
0.385 44874
0.388 44869
0.394 44855
0.401 44853
0.401 44795
0.407 44745
0.53 44733
0.532 44676
0.532 44658
0.535 44636
0.536 44624
1.033 44623
1.036 44621
1.037 44609
1.041 44565
1.061 44563
1.554 44551
1.556 44538
1.557 44524
1.557 44456
1.56 44388
2.572 44377
2.574 44376
2.575 44312
2.577 44276
2.58 44233
2.585 44227
2.587 44220
2.589 44176
2.59 44138
2.59 44127
3.025 44126
3.026 44111
3.032 44018
3.036 43998
3.037 43984
3.038 43972
3.086 43928
3.093 43919
3.096 43908
3.098 43876
3.124 43874
3.124 43867
3.127 43864
3.128 43795
3.128 43764
3.159 43733
3.162 43724
3.171 43705
3.174 43700
3.179 43694
3.183 43693
3.183 43690
3.184 43678
3.186 43675
3.189 43642
3.197 43617
3.198 43597
3.206 43578
3.237 43564
4.806 43544
4.816 43535
4.816 43522
5.433 43503
5.445 43482
5.454 43466
5.46 43463
5.474 43453
5.513 43441
5.517 43428
5.52 43416
5.526 43387
5.527 43372
10.198 43370
10.216 43368
10.222 43358
10.225 43295
10.229 43291
16.872 43286
17.649 43285
17.674 43281
18.421 43278
18.538 43273
18.717 43260
18.721 43256
19.065 43252
19.281 43249
19.5 43244
19.519 43239
19.522 43234
20.242 43232
28.459 43228
28.514 43224
28.55 43219
28.552 43218
29.005 43217
