0.07 36051
0.07 35901
0.071 35662
0.071 35435
0.072 35429
0.072 35419
0.072 35411
0.072 35396
0.073 35315
0.074 35286
0.075 35248
0.077 35134
0.078 35075
0.08 35069
0.081 35064
0.082 34998
0.082 34966
0.083 34961
0.084 34942
0.086 34861
0.089 34838
0.09 34833
0.09 34824
0.092 34641
0.095 34631
0.096 34609
0.097 34601
0.098 34504
0.098 34456
0.099 34453
0.1 34350
0.101 34160
0.102 34157
0.102 34142
0.104 34032
0.104 34015
0.105 34012
0.107 33971
0.109 33864
0.109 33808
0.11 33766
0.111 33761
0.114 33265
0.115 33199
0.117 33140
0.117 33120
0.118 33030
0.129 32992
0.131 32979
0.137 32950
0.138 32949
0.139 32925
0.14 32909
0.146 32869
0.152 32822
0.154 32821
0.158 32764
0.16 32727
0.161 32723
0.161 32722
0.226 32713
0.229 32710
0.241 32709
0.255 32662
0.256 32622
0.269 32608
0.27 32564
0.312 32530
0.313 32508
0.322 32497
0.322 32475
0.323 32436
0.331 32431
0.347 32389
0.414 32386
0.889 32359
0.925 32328
0.925 32311
0.945 32294
0.969 32255
0.992 32246
1.212 32241
1.212 32239
1.213 32226
1.219 32211
1.804 32163
1.831 32141
1.866 32098
1.869 32097
1.872 32067
1.873 32059
1.874 32036
1.875 32035
2.656 32026
2.673 32013
3.229 32012
3.243 31995
3.243 31986
3.244 31964
3.277 31958
3.34 31928
3.374 31923
3.382 31916
3.491 31913
3.493 31900
3.494 31898
3.812 31896
3.873 31889
3.874 31867
3.874 31866
3.875 31858
3.877 31837
6.476 31822
6.483 31767
6.484 31755
6.488 31706
7.94 31702
7.945 31701
7.972 31699
7.973 31679
7.984 31677
9.311 31619
14.705 31617
15.299 31611
15.628 31609
15.631 31608
16.034 31591
16.093 31584
16.096 31575
16.14 31574
16.15 31567
16.155 31561
16.17 31554
16.321 31553
16.333 31534
16.401 31529
16.42 31526
16.44 31514
16.841 31511
17.029 31507
17.357 31501
17.799 31494
17.93 31490
18.228 31483
18.231 31478
18.239 31475
18.241 31465
18.392 31462
18.547 31458
18.737 31457
18.961 31455
19.185 31452
19.185 31435
19.263 31434
19.307 31433
19.342 31430
19.349 31423
21.003 31420
21.328 31419
21.368 31411
21.434 31408
