0.072 121207
0.073 120994
0.074 120589
0.075 120445
0.075 120381
0.076 119475
0.076 119469
0.077 118676
0.078 118045
0.079 117717
0.08 117647
0.081 116868
0.082 115777
0.084 115525
0.085 115470
0.085 115155
0.087 114201
0.088 113241
0.088 113125
0.089 112954
0.09 112886
0.09 112587
0.09 112565
0.092 112528
0.096 110404
0.098 109641
0.099 109175
0.1 109003
0.104 107966
0.105 107945
0.107 107907
0.108 107388
0.109 107219
0.11 107212
0.111 107156
0.112 107086
0.112 107080
0.114 106958
0.114 106951
0.115 106934
0.116 106920
0.12 106087
0.123 106045
0.137 106032
0.144 105953
0.146 105891
0.15 105750
0.16 105740
0.16 105736
0.163 105505
0.163 105501
0.165 105474
0.179 105458
0.18 105128
0.185 105003
0.185 104987
0.197 104774
0.199 104763
0.2 104714
0.2 104688
0.201 104664
0.201 104653
0.203 104468
0.206 104457
0.208 104374
0.208 104302
0.209 104260
0.209 104241
0.21 104211
0.21 104195
0.212 104193
0.213 104149
0.22 104036
0.225 103982
0.227 103851
0.229 103802
0.232 103796
0.238 103788
0.24 103777
0.277 103767
0.279 103762
0.282 103739
0.283 103701
0.287 103623
0.305 103618
0.308 103616
0.309 103588
0.311 103577
0.312 103548
0.328 103531
0.328 103520
0.332 103518
0.337 103517
0.339 103503
0.34 103482
0.341 103474
0.345 103462
0.349 103456
0.351 103441
0.352 103361
0.353 103336
0.361 103303
0.362 103299
0.396 103293
0.399 103231
0.402 103228
0.411 103211
0.415 103210
0.415 103198
0.416 103196
0.417 103163
0.427 103122
0.474 103066
0.475 103054
0.505 103033
0.51 103027
0.511 102972
0.511 102957
0.512 102954
0.53 102936
0.609 102898
0.672 102886
0.691 102857
0.691 102848
0.699 102845
0.704 102825
0.71 102800
0.712 102798
0.713 102796
0.725 102764
0.726 102761
0.728 102735
0.73 102726
0.739 102718
0.785 102710
0.8 102701
0.877 102690
0.879 102660
1.04 102648
1.04 102647
1.052 102577
1.055 102499
1.06 102498
1.164 102481
1.165 102478
1.188 102469
1.189 102466
1.19 102437
1.193 102430
1.193 102427
1.2 102419
1.215 102414
1.215 102379
1.216 102370
1.229 102361
1.231 102328
1.304 102323
1.313 102307
1.358 102301
1.36 102298
1.397 102281
1.398 102277
1.398 102273
1.399 102272
1.4 102270
1.457 102244
1.47 102239
1.715 102225
1.715 102216
1.717 102206
1.718 102199
1.719 102194
1.727 102193
1.729 102162
1.817 102151
3.649 102120
3.649 102110
3.658 102095
3.663 102074
3.678 102066
3.68 102048
3.688 102038
3.689 102036
3.692 102014
3.696 101987
3.958 101947
3.968 101938
6.374 101931
6.4 101928
6.402 101924
6.404 101904
6.411 101901
8.349 101896
8.397 101874
8.401 101872
8.406 101867
8.518 101803
8.552 101756
8.555 101744
8.556 101743
8.557 101725
8.646 101722
8.648 101703
8.702 101697
8.703 101694
8.721 101692
10.948 101690
10.949 101685
11.165 101654
11.165 101648
11.167 101637
15.392 101634
16.222 101625
16.289 101623
16.313 101620
16.481 101591
16.497 101562
16.498 101534
16.513 101532
16.515 101518
16.567 101510
16.661 101508
16.721 101506
16.73 101495
16.734 101486
18.627 101479
18.632 101477
18.673 101473
18.696 101466
20.934 101461
20.935 101455
21.511 101448
21.516 101439
25.029 101422
25.032 101415
25.067 101393
25.069 101390
25.072 101389
26.034 101384
26.803 101377
27.016 101374
27.019 101359
30.246 101355
32.392 101326
33.553 101323
33.592 101320
