0.073 120994
0.075 120663
0.076 120476
0.077 118943
0.078 118930
0.078 118313
0.079 117142
0.08 116962
0.081 115844
0.081 115096
0.082 115009
0.083 114768
0.085 114668
0.086 113571
0.087 113529
0.089 113170
0.091 112742
0.092 112023
0.093 112019
0.094 112008
0.094 111992
0.095 111944
0.097 111784
0.098 111163
0.1 110283
0.101 110132
0.102 110130
0.102 110129
0.103 110114
0.104 110101
0.105 110020
0.106 109877
0.107 109844
0.108 109799
0.109 109628
0.11 109557
0.112 108759
0.114 108666
0.116 108644
0.117 108642
0.117 108634
0.119 108435
0.12 108432
0.121 107978
0.122 107783
0.123 107674
0.126 107665
0.128 107629
0.129 107013
0.129 106999
0.131 106961
0.133 106910
0.133 106909
0.135 106902
0.135 106797
0.137 106792
0.137 106744
0.138 106682
0.14 106678
0.144 106642
0.145 106567
0.148 106549
0.149 106307
0.15 105835
0.162 105578
0.162 105541
0.165 105494
0.166 105474
0.168 105410
0.17 105399
0.172 105378
0.187 105348
0.198 105288
0.201 105258
0.202 105131
0.212 105127
0.213 105081
0.221 105080
0.23 105042
0.231 104992
0.232 104908
0.237 104902
0.238 104819
0.241 104786
0.241 104783
0.246 104770
0.247 104756
0.248 104481
0.248 104468
0.249 104439
0.254 104435
0.254 104047
0.255 104030
0.267 104022
0.271 104018
0.29 103972
0.291 103966
0.295 103907
0.296 103878
0.299 103869
0.3 103845
0.301 103820
0.305 103807
0.305 103795
0.32 103791
0.324 103789
0.327 103753
0.348 103729
0.348 103663
0.353 103621
0.354 103552
0.356 103515
0.358 103482
0.364 103424
0.37 103372
0.395 103353
0.396 103318
0.398 103317
0.401 103299
0.402 103276
0.482 103242
0.483 103217
0.483 103214
0.503 103200
0.506 103167
0.623 103164
0.623 103155
0.624 103145
0.651 103138
0.674 103128
0.675 103126
0.676 103099
0.678 103083
0.681 103074
0.682 103042
0.683 103030
0.683 102995
0.684 102974
0.698 102947
0.955 102941
0.959 102931
0.96 102927
0.96 102914
0.964 102878
0.964 102865
0.971 102862
1.015 102858
1.016 102785
1.02 102777
1.026 102755
1.026 102744
1.028 102732
1.283 102724
1.293 102723
1.294 102719
1.294 102700
1.306 102698
1.335 102683
1.336 102635
1.926 102605
2.242 102603
2.245 102601
2.249 102599
2.297 102595
2.305 102591
2.421 102589
2.422 102582
2.532 102541
2.535 102534
2.537 102531
2.538 102515
2.543 102514
2.546 102513
2.623 102495
2.623 102477
2.629 102461
2.631 102457
2.633 102449
3.063 102421
3.141 102419
3.141 102399
3.157 102379
3.158 102377
3.17 102376
3.176 102371
3.478 102338
3.523 102322
3.524 102292
3.528 102291
3.531 102279
3.531 102272
3.535 102263
3.536 102259
3.536 102245
3.537 102191
3.576 102189
3.578 102163
3.581 102140
4.934 102125
4.934 102119
10.168 102100
10.17 102099
10.174 102034
10.174 102028
10.289 102020
10.29 101998
10.905 101997
10.911 101981
10.911 101971
11.021 101940
11.024 101933
11.075 101927
11.08 101914
11.35 101909
11.353 101903
12.593 101895
12.63 101893
12.631 101889
13.671 101866
13.672 101862
13.675 101836
13.748 101829
13.758 101825
13.883 101817
13.966 101815
13.967 101811
17.029 101803
17.037 101791
17.08 101789
17.087 101787
17.092 101785
17.114 101782
17.143 101773
17.167 101770
17.285 101759
17.327 101758
17.541 101755
17.55 101747
17.558 101742
17.561 101726
22.254 101719
22.259 101706
22.261 101693
22.335 101680
22.448 101678
22.457 101673
29.719 101670
29.76 101664
31.909 101653
31.929 101647
31.958 101632
33.955 101630
33.957 101625
34.054 101623
