0.07 26899
0.071 26898
0.071 26861
0.071 26854
0.072 26678
0.072 26591
0.073 26561
0.073 26533
0.073 26419
0.075 26405
0.076 26350
0.076 26348
0.076 26301
0.076 26299
0.076 26281
0.077 26194
0.078 26175
0.078 26135
0.081 26129
0.084 26113
0.09 26112
0.09 26089
0.092 26085
0.092 26046
0.093 25984
0.098 25957
0.099 25939
0.099 25721
0.099 25540
0.1 25530
0.101 25504
0.103 25502
0.104 25430
0.104 25424
0.106 25412
0.111 25370
0.115 25367
0.115 25327
0.116 25296
0.117 25288
0.129 24902
0.13 24879
0.13 24820
0.13 24799
0.131 24764
0.131 24713
0.133 24508
0.136 24482
0.148 24478
0.154 24452
0.155 24448
0.155 24328
0.156 24312
0.157 24300
0.163 24232
0.164 24227
0.165 24209
0.224 24208
0.225 24180
0.225 24176
0.226 24127
0.237 24108
0.239 24106
0.239 24082
0.246 24046
0.246 23957
0.247 23940
0.283 23939
0.284 23923
0.284 23890
0.285 23865
0.288 23816
0.289 23550
0.29 23370
0.29 23271
0.291 23171
0.293 22991
0.295 22985
0.304 22961
0.304 22924
0.305 22876
0.308 22865
0.31 22850
0.312 22827
0.312 22823
0.313 22803
0.314 22759
0.329 22715
0.329 22622
0.329 22621
0.35 22600
0.352 22582
0.352 22559
0.354 22544
0.355 22498
0.356 22495
0.359 22449
0.36 22418
0.363 22403
0.364 22394
0.366 22367
0.367 22366
0.369 22319
0.374 22280
0.386 22257
0.396 22209
0.399 22207
0.4 22025
0.401 21991
0.401 21972
0.524 21966
0.526 21956
0.527 21945
0.593 21935
0.594 21899
0.596 21875
0.699 21874
1.551 21871
1.688 21843
1.689 21826
1.698 21794
1.698 21785
4.458 21783
4.462 21763
4.543 21758
4.546 21756
5.107 21749
5.108 21730
5.109 21726
5.197 21722
5.199 21716
5.199 21715
5.2 21707
7.727 21704
8.266 21690
8.269 21678
8.27 21668
9.45 21666
9.454 21657
9.456 21627
12.035 21604
12.099 21600
12.102 21568
12.134 21567
15.257 21559
15.258 21549
15.266 21547
17.373 21542
17.383 21539
17.383 21534
17.453 21533
17.458 21515
17.499 21514
17.585 21513
18.883 21508
19.008 21507
19.028 21506
19.032 21505
