0.072 51617
0.072 51550
0.072 51532
0.073 51514
0.073 51483
0.074 51043
0.075 51029
0.075 50979
0.075 50975
0.076 50833
0.079 50829
0.08 50807
0.08 50745
0.083 50733
0.083 50665
0.084 50664
0.084 50654
0.085 50636
0.086 50568
0.087 50499
0.088 50491
0.089 50104
0.091 50006
0.092 49915
0.092 49747
0.093 49577
0.095 49536
0.099 49227
0.102 49222
0.102 49196
0.102 49179
0.103 49177
0.103 49173
0.104 48938
0.104 48926
0.105 48914
0.106 48892
0.117 48858
0.134 48838
0.135 48783
0.138 48761
0.147 48610
0.149 48533
0.153 48476
0.153 48475
0.154 48375
0.157 48346
0.172 48278
0.173 48241
0.173 48220
0.173 48207
0.176 48200
0.177 48194
0.179 48169
0.179 48114
0.18 48053
0.182 48046
0.183 47973
0.184 47947
0.185 47944
0.185 47833
0.189 47798
0.189 47784
0.19 47770
0.202 47734
0.218 47660
0.22 47654
0.223 47651
0.223 47545
0.225 47544
0.225 47435
0.252 47353
0.253 47318
0.262 47298
0.265 47288
0.267 47256
0.268 47097
0.271 47046
0.275 47021
0.288 46974
0.288 46973
0.351 46971
0.354 46942
0.354 46885
0.359 46659
0.359 46656
0.362 46651
0.363 46644
0.363 46614
0.365 46563
0.365 46485
0.366 46384
0.367 46310
0.369 46267
0.37 46255
0.372 46201
0.373 46177
0.376 46122
0.379 46113
0.38 46088
0.386 46057
0.386 45983
0.389 45964
0.401 45925
0.402 45896
0.448 45871
0.449 45863
0.453 45855
0.455 45827
0.678 45823
0.678 45793
0.68 45758
0.691 45754
0.692 45718
0.693 45681
0.694 45658
0.707 45562
0.715 45476
0.716 45442
0.717 45422
0.717 45403
0.718 45328
0.718 45320
0.737 45237
0.749 45234
0.852 45220
0.852 45206
0.853 45178
0.855 45105
0.856 45095
0.857 45083
0.858 45063
0.997 45021
0.997 45002
0.998 44994
1 44972
1 44964
1.001 44937
1.074 44875
1.081 44842
1.085 44839
1.097 44811
1.127 44794
1.129 44787
1.13 44770
1.145 44692
1.168 44554
1.272 44544
1.287 44540
1.468 44526
1.469 44513
1.532 44479
1.721 44435
1.725 44434
2.008 44419
2.383 44405
2.386 44402
2.388 44376
2.391 44358
2.391 44341
2.394 44335
2.513 44299
2.514 44283
2.514 44278
2.519 44163
2.542 44157
2.545 44155
2.796 44115
2.796 44105
2.798 44075
2.799 44022
2.801 44008
2.823 44006
2.848 43999
2.85 43989
2.857 43984
2.858 43982
2.863 43956
2.864 43896
2.867 43894
2.868 43893
2.871 43879
2.906 43861
2.907 43851
2.914 43836
4.073 43781
7.121 43777
7.132 43775
7.133 43769
7.135 43760
7.211 43756
7.211 43747
7.211 43746
7.212 43736
7.279 43694
7.28 43647
7.287 43644
9.423 43627
9.525 43620
10.294 43605
10.296 43596
10.297 43587
10.298 43583
10.313 43568
10.326 43561
10.334 43543
10.339 43537
10.355 43536
10.363 43492
11.503 43490
12.18 43480
12.18 43473
16.189 43472
17.49 43471
17.49 43467
17.513 43456
17.515 43448
17.575 43440
17.585 43435
17.628 43429
17.636 43427
17.641 43414
20.059 43402
20.07 43398
20.071 43387
20.299 43376
20.352 43370
20.373 43368
20.655 43365
20.709 43364
20.753 43360
20.77 43354
22.393 43353
22.463 43351
22.742 43349
22.765 43347
23.243 43346
