0.078 170789
0.079 170382
0.08 169486
0.08 169450
0.082 168218
0.082 168045
0.084 168022
0.085 168016
0.085 167638
0.087 166700
0.088 166193
0.088 165498
0.09 165452
0.093 165392
0.093 164966
0.094 163772
0.095 163673
0.095 162963
0.096 162660
0.097 162656
0.098 162458
0.098 162447
0.1 161930
0.1 161608
0.102 161554
0.102 161438
0.103 161371
0.103 161196
0.105 160930
0.108 160903
0.109 160874
0.109 160859
0.11 160807
0.113 158038
0.114 158000
0.114 157877
0.117 157728
0.118 156941
0.12 155803
0.121 155796
0.121 155044
0.122 155016
0.123 154465
0.125 154011
0.126 153980
0.127 153673
0.129 153256
0.129 153234
0.131 152675
0.131 152642
0.132 152481
0.132 152466
0.133 152086
0.134 152077
0.135 152015
0.138 151868
0.138 151837
0.139 151760
0.14 150601
0.141 149780
0.142 149779
0.143 149464
0.144 149215
0.145 149180
0.146 149064
0.147 149018
0.155 149015
0.157 148994
0.158 147939
0.158 147874
0.159 147661
0.162 147591
0.164 147088
0.165 147067
0.166 147046
0.168 147040
0.168 146910
0.17 146741
0.17 146520
0.171 146494
0.172 146137
0.174 146123
0.175 146119
0.179 145912
0.184 145891
0.186 145779
0.186 145776
0.197 145769
0.198 145562
0.201 145463
0.201 145461
0.202 145453
0.202 145359
0.208 145288
0.209 145251
0.21 145197
0.212 144852
0.212 144814
0.215 144793
0.219 144776
0.219 144751
0.221 144687
0.222 144534
0.229 144439
0.23 144423
0.231 144340
0.232 144324
0.238 144302
0.239 144291
0.239 144269
0.243 144092
0.245 144089
0.246 144088
0.247 144075
0.248 144063
0.248 144016
0.253 144011
0.255 144005
0.257 143975
0.257 143948
0.261 143945
0.263 143732
0.343 143620
0.349 143619
0.355 143607
0.36 143592
0.361 143531
0.365 143507
0.367 143482
0.37 143440
0.371 143432
0.373 143364
0.396 143187
0.4 142985
0.404 142933
0.407 142695
0.407 142677
0.408 142675
0.409 142624
0.41 142595
0.41 142558
0.41 142519
0.412 142511
0.412 142483
0.413 142408
0.415 142297
0.42 142272
0.425 142260
0.426 142254
0.429 141999
0.452 141937
0.452 141889
0.455 141869
0.456 141839
0.457 141757
0.46 141751
0.502 141732
0.506 141720
0.512 141702
0.514 141692
0.527 141663
0.531 141627
0.534 141595
0.537 141592
0.567 141583
0.576 141568
0.583 141548
0.583 141444
0.586 141426
0.591 141421
0.591 141352
0.593 141322
0.598 141308
0.602 141306
0.656 141293
0.658 141283
0.658 141274
0.676 141220
0.678 141215
0.682 141213
0.685 141209
0.715 141159
0.78 141157
0.787 141085
0.792 141080
0.794 141047
0.796 141033
0.802 140982
0.804 140981
0.811 140797
0.911 140729
0.913 140680
0.923 140658
0.926 140563
0.927 140530
0.929 140347
0.932 140345
0.935 140315
0.936 140314
0.938 140309
0.939 140285
0.94 140281
0.942 140275
1.156 140161
1.156 140139
1.167 140138
1.173 140093
1.174 140068
1.185 140049
1.193 140048
1.386 139984
1.387 139976
1.391 139973
1.405 139962
1.472 139934
1.475 139901
1.494 139881
1.51 139876
1.514 139864
1.544 139849
1.558 139832
1.576 139829
1.586 139783
1.586 139771
1.588 139769
1.595 139757
1.649 139730
1.657 139700
1.665 139683
1.679 139670
1.751 139669
1.752 139661
1.778 139650
1.807 139624
1.809 139623
1.815 139609
1.95 139607
2.039 139581
2.052 139579
2.149 139549
2.151 139536
2.203 139519
2.493 139491
2.524 139469
3.125 139453
3.126 139440
3.137 139432
3.148 139425
3.152 139399
3.54 139394
3.675 139389
3.678 139374
3.747 139370
3.75 139368
3.753 139343
3.754 139341
3.767 139340
3.767 139299
3.771 139298
3.773 139297
3.785 139292
3.788 139261
3.797 139243
3.909 139208
3.91 139206
3.916 139191
3.948 139189
3.958 138992
3.96 138958
3.962 138957
3.963 138956
3.967 138902
3.975 138901
3.988 138888
3.992 138875
3.993 138870
4.012 138866
4.013 138855
4.014 138853
4.391 138848
4.46 138812
4.69 138811
4.715 138802
4.717 138799
4.746 138737
4.77 138732
4.773 138729
4.8 138720
4.9 138718
4.905 138715
4.91 138699
4.956 138687
5.394 138677
5.401 138655
5.404 138654
5.409 138645
5.425 138637
6.131 138632
6.144 138628
6.165 138591
6.17 138589
6.173 138549
6.183 138544
6.194 138538
6.288 138524
6.29 138506
6.301 138504
6.304 138488
6.305 138470
6.346 138467
6.491 138459
6.493 138456
6.513 138454
6.517 138452
6.728 138445
6.784 138431
6.787 138406
6.795 138395
6.834 138393
7.58 138392
7.589 138390
7.594 138384
7.657 138362
7.665 138345
7.675 138344
7.718 138332
7.72 138325
8.837 138323
8.898 138291
8.901 138275
9.135 138262
9.146 138254
9.148 138241
9.149 138224
9.152 138185
9.19 138160
9.301 138135
9.349 138131
9.569 138126
9.596 138063
9.597 138056
10.689 138055
10.692 138044
10.755 138042
12.353 138041
12.497 137995
13.046 137990
13.059 137983
13.064 137982
13.243 137981
13.637 137972
13.655 137968
13.661 137967
13.81 137958
13.837 137952
13.893 137932
13.911 137926
14.178 137924
14.191 137922
14.191 137915
14.233 137912
14.248 137911
14.785 137910
14.997 137897
14.999 137896
15.037 137867
15.052 137854
15.056 137852
15.058 137848
15.067 137838
15.076 137825
15.087 137815
15.158 137800
15.168 137783
15.17 137775
15.17 137748
15.172 137743
15.209 137740
15.221 137727
15.228 137723
15.24 137716
15.993 137702
16.009 137689
16.01 137685
16.029 137682
16.056 137673
16.069 137671
16.164 137654
16.187 137651
16.193 137649
16.197 137643
16.208 137637
16.298 137636
16.75 137630
16.78 137627
16.793 137625
17.412 137622
17.451 137621
17.474 137620
17.478 137619
18.12 137600
18.13 137598
18.157 137595
18.537 137592
18.59 137591
18.598 137590
18.618 137580
18.619 137576
18.622 137569
18.644 137568
18.648 137559
18.683 137558
18.743 137551
18.776 137543
18.937 137507
19.043 137502
19.063 137500
19.07 137484
19.158 137436
19.162 137421
19.451 137408
19.461 137404
19.477 137398
19.495 137397
19.555 137394
19.606 137392
19.806 137384
19.819 137383
21.276 137381
21.298 137376
21.321 137367
21.334 137363
23.11 137359
23.117 137358
23.219 137357
23.478 137354
23.528 137353
23.548 137349
23.56 137345
23.595 137341
23.611 137340
27.122 137338
27.131 137337
