0.076 23243
0.076 23241
0.077 23157
0.077 23156
0.077 23125
0.078 23060
0.078 22985
0.079 22977
0.08 22923
0.081 22894
0.081 22824
0.082 22767
0.082 22761
0.083 22682
0.085 22648
0.089 22507
0.089 22500
0.09 22499
0.091 22494
0.093 22445
0.093 22428
0.095 22394
0.095 22388
0.097 22387
0.097 22370
0.098 22354
0.101 22349
0.102 22337
0.104 22334
0.106 22292
0.113 22221
0.114 22150
0.115 22132
0.116 22114
0.116 22111
0.117 22084
0.124 22080
0.127 22071
0.128 22067
0.143 22033
0.164 22013
0.164 22010
0.194 22006
0.205 21998
0.205 21996
0.206 21995
0.206 21962
0.207 21947
0.208 21928
0.208 21897
0.227 21891
0.228 21817
0.247 21799
0.248 21750
0.25 21583
0.25 21582
0.251 21573
0.264 21569
0.265 21559
0.266 21558
0.305 21535
0.311 21525
0.313 21512
0.313 21505
0.316 21498
0.319 21494
0.365 21492
0.399 21483
0.4 21467
0.4 21455
0.401 21454
0.571 21447
0.864 21436
0.887 21430
0.891 21405
0.893 21404
1.129 21395
1.629 21378
1.629 21362
1.935 21356
2.642 21355
2.643 21352
2.644 21346
2.645 21341
3.271 21338
3.289 21331
3.462 21314
3.464 21307
3.571 21302
3.577 21278
3.579 21247
3.772 21230
4.194 21214
4.194 21206
7.693 21195
7.699 21191
8.257 21189
8.258 21187
8.382 21186
8.394 21179
8.429 21170
8.43 21164
8.431 21156
9.628 21153
12.627 21150
12.63 21148
12.63 21142
12.641 21128
12.84 21120
16.375 21118
16.413 21113
16.425 21110
16.656 21094
16.659 21092
16.672 21083
18.295 21079
18.303 21073
29.504 21072
29.579 21066
29.589 21065
