0.077 23235
0.077 23152
0.079 22748
0.079 22711
0.079 22702
0.08 22691
0.081 22674
0.081 22673
0.082 22664
0.083 22606
0.084 22542
0.084 22536
0.084 22533
0.089 22529
0.09 22319
0.09 22279
0.09 22203
0.091 22202
0.093 22200
0.094 22092
0.094 22091
0.097 22088
0.102 22080
0.105 22068
0.106 22049
0.107 22035
0.108 22033
0.109 22031
0.109 22025
0.111 22000
0.112 21998
0.131 21997
0.132 21993
0.138 21929
0.142 21908
0.144 21900
0.145 21894
0.146 21884
0.147 21844
0.218 21831
0.219 21826
0.22 21825
0.222 21822
0.222 21814
0.222 21804
0.222 21775
0.223 21769
0.224 21762
0.224 21753
0.225 21744
0.228 21732
0.228 21721
0.237 21684
0.238 21672
0.239 21659
0.25 21650
0.306 21620
0.308 21615
0.309 21571
0.312 21569
0.315 21559
0.315 21557
0.316 21554
0.445 21547
0.446 21506
0.447 21495
0.447 21488
0.515 21482
0.518 21464
0.519 21460
0.521 21452
0.53 21451
0.531 21446
0.534 21437
0.534 21412
0.545 21403
0.551 21398
3.176 21396
3.177 21391
3.184 21386
3.185 21384
3.206 21372
3.248 21366
3.392 21361
4.062 21343
4.213 21341
4.214 21336
4.214 21321
4.253 21310
4.254 21293
4.257 21282
6.199 21275
6.199 21269
6.372 21254
6.372 21250
6.392 21245
6.395 21204
6.396 21198
6.399 21196
6.41 21195
6.412 21194
6.428 21192
6.433 21185
6.436 21177
8.928 21166
8.944 21163
8.945 21161
8.945 21158
10.572 21147
10.572 21143
10.649 21140
10.653 21135
10.68 21125
14.392 21121
14.708 21120
14.709 21098
14.71 21096
14.798 21076
14.803 21066
14.885 21062
14.887 21061
14.963 21060
14.967 21058
16.454 21056
16.456 21049
16.752 21048
16.785 21038
17.407 21036
17.412 21034
17.429 21031
17.431 21020
29.737 21017
29.741 21016
29.742 21012
29.748 21011
29.76 21010
