0.019 171259
0.02 170473
0.022 169765
0.023 168872
0.024 168368
0.024 167486
0.026 166820
0.026 166576
0.027 165869
0.028 163231
0.029 161553
0.033 161504
0.034 161345
0.037 160425
0.038 158919
0.039 157664
0.045 156480
0.047 155803
0.047 154553
0.056 154550
0.058 154544
0.059 154338
0.06 154191
0.061 153929
0.062 153928
0.063 153866
0.063 153799
0.065 153695
0.067 153686
0.069 153620
0.071 153612
0.072 153539
0.073 153535
0.074 153373
0.075 153346
0.08 152587
0.082 152534
0.083 152511
0.084 152009
0.085 151997
0.087 151991
0.088 150713
0.09 150060
0.09 149544
0.091 149462
0.092 149022
0.093 147629
0.094 147498
0.096 147304
0.097 147136
0.101 146778
0.106 146684
0.108 146678
0.109 146676
0.115 146558
0.116 146513
0.121 146481
0.123 146470
0.125 146248
0.125 146036
0.128 146021
0.13 146017
0.13 145653
0.132 145585
0.132 145582
0.134 145555
0.138 145492
0.14 145416
0.147 145375
0.151 145350
0.153 145194
0.154 145109
0.154 145001
0.156 144610
0.159 144564
0.161 144558
0.164 144322
0.173 144292
0.174 144268
0.175 144253
0.176 144013
0.18 143973
0.182 143851
0.184 143844
0.185 143831
0.194 143733
0.195 143706
0.196 143674
0.205 143558
0.208 143540
0.208 143516
0.235 143511
0.239 143489
0.247 143487
0.248 143370
0.248 143359
0.25 143240
0.251 142955
0.254 142860
0.255 142784
0.257 142698
0.266 142687
0.267 142674
0.27 142337
0.363 142335
0.367 142300
0.385 142291
0.386 142206
0.395 142162
0.396 142136
0.397 142123
0.403 142119
0.405 141971
0.41 141964
0.414 141962
0.414 141907
0.417 141895
0.427 141793
0.432 141711
0.432 141694
0.436 141447
0.49 141407
0.494 141374
0.519 141368
0.52 141362
0.52 141332
0.526 141226
0.727 141225
0.728 141134
0.729 141082
0.73 141053
0.736 141039
0.79 141035
0.806 140997
0.808 140993
0.81 140949
0.813 140945
0.815 140941
0.832 140848
0.854 140829
0.861 140826
0.862 140815
0.864 140756
0.886 140711
0.888 140693
0.895 140655
0.897 140648
0.911 140632
0.921 140611
0.956 140561
1.068 140560
1.069 140540
1.157 140538
1.159 140523
1.165 140514
1.165 140508
1.166 140494
1.166 140493
1.172 140490
1.2 140466
1.207 140455
1.208 140405
1.243 140365
1.244 140356
1.247 140352
1.248 140351
1.301 140350
1.309 140348
1.352 140270
1.355 140152
1.359 140062
1.721 140052
1.729 140038
1.749 140025
1.75 139906
1.756 139892
2.114 139888
2.215 139874
2.218 139772
2.245 139727
2.253 139713
2.261 139688
2.261 139669
2.262 139643
2.263 139630
2.268 139518
2.276 139436
2.287 139402
2.373 139386
2.388 139376
2.391 139329
2.418 139304
2.426 139279
2.444 139207
2.445 139180
2.474 139163
2.528 139152
2.538 139132
2.54 139097
2.542 139081
2.545 139032
2.545 139031
2.559 138963
2.561 138961
2.562 138956
2.565 138953
2.766 138824
2.771 138813
2.779 138810
2.783 138783
2.798 138762
2.799 138761
2.911 138743
2.911 138723
2.912 138710
2.914 138699
2.918 138666
2.918 138656
2.918 138647
2.919 138640
2.921 138626
2.922 138609
3.387 138602
3.396 138579
3.397 138578
3.425 138569
3.426 138568
3.435 138558
4.475 138547
4.484 138535
4.496 138530
4.497 138495
4.767 138486
4.788 138449
4.86 138436
4.894 138431
5.83 138420
6.405 138389
6.411 138386
6.412 138356
6.413 138343
6.419 138323
6.426 138304
6.427 138273
6.436 138266
6.439 138252
6.579 138227
6.579 138219
6.592 138218
6.669 138217
6.729 138205
6.739 138203
6.868 138177
6.875 138168
6.877 138151
6.883 138143
6.883 138138
6.924 138137
6.97 138128
7.269 138118
7.279 138071
7.286 138042
7.287 138040
7.758 138011
7.762 138003
7.77 138002
7.796 137975
7.803 137966
7.804 137962
7.818 137942
7.921 137939
7.932 137926
7.934 137917
7.939 137916
7.944 137896
8.282 137895
8.285 137878
8.307 137874
8.338 137865
8.339 137856
8.512 137825
8.518 137723
8.518 137711
8.648 137696
8.913 137680
8.926 137677
8.951 137661
9.057 137623
9.066 137620
9.074 137615
9.078 137598
9.08 137591
9.097 137590
9.108 137583
9.109 137578
9.115 137546
9.127 137528
9.227 137515
9.257 137502
9.258 137498
9.261 137401
9.29 137391
9.301 137369
9.322 137366
9.344 137355
9.36 137330
9.483 137318
9.486 137296
9.554 137290
9.561 137271
9.57 137269
9.607 137267
9.613 137264
9.664 137258
9.683 137239
9.685 137220
9.69 137182
10.262 137176
10.268 137170
14.859 137169
14.88 137166
14.885 137144
18.948 137136
19.253 137131
19.26 137116
19.438 137112
20.074 137111
20.222 137104
20.24 137097
20.264 137075
20.559 137069
20.578 137066
21.253 137062
21.284 137043
21.32 137031
21.345 137002
22.251 136994
22.256 136982
22.266 136979
22.282 136977
23.463 136972
23.718 136971
23.77 136970
23.909 136969
27.092 136967
27.188 136960
27.226 136956
27.243 136953
27.25 136942
27.257 136932
27.714 136928
27.72 136927
28.142 136917
28.336 136913
28.37 136897
29.366 136895
29.427 136894
29.894 136881
29.908 136878
29.937 136874
29.964 136873
31.751 136856
31.799 136855
31.853 136851
