0.084 38246
0.084 38236
0.084 38230
0.085 38213
0.085 38212
0.085 38172
0.086 38151
0.086 38148
0.086 38128
0.087 38108
0.087 38105
0.088 38091
0.088 38090
0.089 38074
0.089 38063
0.089 38048
0.09 38039
0.09 38021
0.092 38010
0.092 38009
0.094 37982
0.096 37971
0.098 37926
0.099 37925
0.099 37920
0.1 37899
0.1 37892
0.101 37887
0.101 37886
0.101 37885
0.102 37871
0.102 37867
0.111 37864
0.112 37851
0.114 37841
0.115 37829
0.116 37816
0.117 37815
0.118 37808
0.118 37803
0.119 37800
0.12 37799
0.127 36879
0.129 36849
0.129 36781
0.132 36768
0.132 36757
0.133 36752
0.137 36744
0.139 36735
0.14 36725
0.146 36701
0.154 36696
0.154 36651
0.156 36642
0.157 36640
0.158 36639
0.166 36631
0.169 36609
0.171 36608
0.172 36588
0.173 36582
0.173 36580
0.174 36575
0.234 36564
0.235 36563
0.236 36546
0.236 36514
0.237 36502
0.238 36491
0.271 36442
0.272 36435
0.272 36434
0.273 36433
0.273 36430
0.274 36429
0.275 36420
0.275 36411
0.276 36400
0.277 36385
0.279 36383
0.279 36377
0.282 36369
0.284 36357
0.287 36290
0.294 36275
0.294 36260
0.296 36257
0.297 36236
0.346 36200
0.347 36179
0.347 36157
0.348 36144
0.351 36133
0.351 36131
0.352 36129
0.356 36121
0.358 36119
0.36 36118
0.362 35296
0.364 35267
0.364 35263
0.367 35261
0.368 35239
0.369 35226
0.371 35223
0.373 35205
0.375 35203
0.43 35198
0.434 35194
0.437 35175
0.45 35168
0.452 35151
0.452 35136
0.454 35088
0.454 35083
0.457 35082
0.567 35079
0.567 35072
0.574 35070
0.583 35068
0.613 35063
0.614 35058
0.614 35057
0.614 35047
0.623 35014
0.646 35013
0.647 34986
0.647 34978
0.657 34969
0.66 34932
0.661 34925
0.689 34920
0.69 34919
0.69 34917
0.691 34916
0.692 34911
0.734 34901
0.735 34900
0.735 34899
0.736 34896
0.738 34882
0.739 34871
0.8 34845
0.803 34811
0.805 34808
0.806 34803
0.806 34787
0.813 34785
0.886 34783
0.888 34782
0.888 34780
0.892 34777
0.896 34770
0.897 34741
0.909 34739
0.909 34732
0.91 34726
0.922 34680
0.923 34678
0.924 34665
0.975 34664
0.976 34655
0.977 34653
1.079 34634
1.08 34600
1.081 34595
1.081 34588
1.083 34584
1.085 34583
1.085 34581
1.105 34561
1.107 34557
1.108 34556
1.108 34552
1.111 34534
1.118 34525
1.119 34517
1.121 34503
1.142 34483
1.243 34482
1.245 34465
1.246 34463
1.25 34450
1.253 34443
1.254 34439
1.36 34429
1.362 34427
1.363 34425
1.372 34421
1.373 34416
1.373 34412
1.459 34408
1.461 34396
1.464 34387
1.467 34385
1.47 34373
1.474 34369
1.481 34362
1.481 34357
2.372 34350
2.373 34347
2.373 34343
2.532 34342
2.537 34338
2.538 34335
2.541 34333
2.541 34332
2.543 34329
2.545 34328
2.546 34312
4.104 34311
4.105 34296
4.105 34284
4.109 34282
4.121 34279
4.14 34278
5.053 34270
5.055 34264
5.239 34261
5.24 34259
5.243 34250
5.245 34243
5.253 34242
5.263 34235
5.267 34201
16.751 34199
16.752 34198
17.313 34192
17.316 34189
17.325 34186
18.016 34185
18.632 34172
18.82 34169
18.837 34159
19.118 34158
19.118 34155
19.229 34154
19.23 34149
19.27 34145
19.276 34141
21.643 34137
21.645 34135
22.02 34129
23.337 34128
23.345 34126
25.03 34125
25.936 34121
26.158 34118
26.172 34117
27.148 34114
27.153 34113
27.24 34111
27.25 34109
27.531 34108
27.556 34104
28.531 34101
28.676 34098
28.681 34094
29.718 34091
29.993 34090
30.072 34089
30.079 34087
30.111 34084
30.115 34083
30.122 34081
31.117 34080
31.118 34077
37.632 34071
37.646 34065
37.661 34063
37.762 34061
37.825 34060
39.962 34059
39.989 34058
40.988 34056
41.055 34054
41.101 34053
41.195 34052
41.214 34051
43.227 34050
