0.024 73546
0.025 73442
0.027 73314
0.028 72582
0.028 72556
0.03 72533
0.03 72532
0.03 71960
0.032 71862
0.032 71615
0.033 71573
0.033 71547
0.036 71356
0.038 71052
0.038 70971
0.039 70957
0.04 70783
0.041 70782
0.041 70737
0.042 70650
0.043 70095
0.047 70087
0.047 70068
0.048 70040
0.05 69979
0.051 69887
0.054 69868
0.055 69729
0.056 69633
0.059 69595
0.061 69533
0.061 69513
0.063 69136
0.1 69125
0.104 68947
0.105 68887
0.124 68790
0.126 68722
0.127 68651
0.127 68618
0.129 68614
0.129 68612
0.149 68472
0.15 68464
0.152 68458
0.153 68451
0.155 68427
0.156 68409
0.157 68317
0.159 68269
0.162 68203
0.174 68194
0.189 68182
0.192 68173
0.198 68163
0.199 68154
0.202 68147
0.403 68121
0.403 68120
0.408 68009
0.41 68002
0.411 67983
0.412 67966
0.413 67964
0.416 67941
0.492 67926
0.493 67924
0.494 67916
0.507 67908
0.507 67896
0.508 67874
0.534 67816
0.535 67786
0.535 67774
0.537 67755
0.539 67738
0.542 67679
0.572 67672
0.574 67647
0.575 67639
0.611 67636
0.612 67605
0.613 67595
0.615 67573
0.619 67571
0.625 67559
0.628 67554
0.628 67497
0.63 67495
0.669 67458
0.687 67450
0.692 67447
0.706 67425
0.707 67413
0.707 67365
0.707 67364
0.713 67362
0.738 67359
0.738 67354
0.743 67330
0.744 67323
0.75 67320
0.752 67313
0.756 67303
0.757 67293
0.758 67287
0.759 67279
0.767 67269
0.772 67263
0.781 67262
0.788 67257
0.798 67235
0.8 67234
0.801 67207
0.803 67200
0.81 67188
0.811 67141
0.813 67119
0.814 67108
0.815 67098
0.816 67075
0.82 67048
0.821 67027
1.537 67009
1.538 66980
1.542 66887
1.711 66879
1.779 66862
1.788 66849
1.792 66839
1.838 66835
1.839 66820
1.842 66818
1.843 66814
1.844 66786
1.857 66783
1.859 66775
1.862 66686
1.895 66685
1.897 66657
1.987 66633
1.989 66628
1.99 66601
1.99 66600
1.996 66594
1.997 66584
2.465 66580
10.438 66564
10.438 66559
10.442 66541
10.457 66536
10.46 66534
10.462 66521
10.492 66517
10.495 66511
10.972 66451
11.013 66434
11.015 66431
11.015 66426
11.095 66424
11.098 66417
11.102 66410
11.106 66407
11.108 66405
11.282 66402
11.283 66398
11.286 66386
11.29 66381
11.293 66355
11.531 66352
11.534 66347
11.637 66318
11.703 66316
11.711 66311
12.387 66306
12.392 66304
12.393 66300
12.394 66281
12.396 66273
12.396 66272
12.401 66267
12.465 66266
12.468 66250
12.473 66249
13.231 66241
13.411 66232
13.413 66231
13.415 66226
13.467 66176
13.478 66147
13.487 66133
13.524 66126
16.107 66119
16.175 66110
16.181 66106
16.182 66103
16.184 66088
16.188 66073
16.188 66067
16.191 66060
16.192 66057
16.193 66056
16.194 66051
16.299 66042
16.3 66025
16.305 66016
16.307 65969
16.315 65950
16.317 65941
16.356 65938
16.357 65931
16.36 65930
16.362 65928
16.435 65926
16.439 65917
16.445 65863
16.494 65850
16.512 65840
16.513 65836
16.906 65835
16.955 65833
18.023 65832
18.026 65826
18.492 65821
18.492 65811
18.494 65797
21.034 65786
21.384 65783
21.388 65776
21.392 65774
21.409 65756
21.422 65751
21.425 65747
21.437 65741
21.536 65739
21.558 65732
21.595 65728
21.596 65723
21.6 65718
21.67 65716
21.67 65704
21.726 65698
21.734 65697
23.298 65692
23.325 65683
23.341 65671
23.342 65655
23.349 65652
23.351 65646
23.353 65644
23.357 65639
23.373 65637
23.377 65636
24.118 65634
24.138 65631
24.153 65629
24.333 65622
24.456 65610
24.545 65590
24.551 65588
24.554 65576
24.564 65565
24.637 65559
24.68 65553
30.744 65551
30.748 65550
30.78 65537
30.958 65536
30.968 65535
30.968 65533
31.037 65532
31.081 65527
33.061 65526
33.081 65525
33.165 65524
33.186 65518
33.194 65516
33.308 65515
33.491 65513
33.493 65512
33.519 65499
33.521 65494
