0.019 106173
0.02 106140
0.022 106123
0.023 105751
0.023 105744
0.025 105690
0.025 105486
0.026 105456
0.028 105411
0.029 105405
0.029 105219
0.04 105211
0.04 105208
0.042 105202
0.046 105201
0.049 105111
0.05 105110
0.056 104859
0.061 104855
0.063 104852
0.064 104851
0.064 104831
0.065 104830
0.065 104825
0.066 104821
0.07 104813
0.07 104812
0.072 104809
0.072 104804
0.074 104764
0.074 104762
0.078 104702
0.08 104574
0.088 104561
0.09 104485
0.091 104197
0.094 104181
0.095 104180
0.096 103888
0.097 103866
0.1 103819
0.102 103818
0.104 103702
0.117 103690
0.118 103687
0.12 103686
0.12 103684
0.122 103678
0.122 103671
0.127 103669
0.128 103663
0.129 103653
0.13 103646
0.131 103596
0.132 103571
0.136 103497
0.136 103493
0.138 103455
0.14 103454
0.14 103434
0.142 103407
0.144 103406
0.144 103328
0.152 103326
0.152 103325
0.153 103308
0.154 103286
0.156 103282
0.157 103280
0.16 103267
0.169 103203
0.169 103189
0.171 103087
0.172 103079
0.173 103059
0.173 103034
0.174 102901
0.178 102892
0.178 102891
0.179 102889
0.193 102887
0.195 102805
0.198 102795
0.24 102685
0.243 102218
0.245 102213
0.248 102211
0.249 102210
0.249 102203
0.25 102176
0.255 101975
0.255 101974
0.258 101973
0.26 101701
0.269 101612
0.269 101611
0.273 101548
0.274 101543
0.275 101445
0.277 101443
0.28 101439
0.284 101438
0.285 101428
0.285 101427
0.286 101404
0.286 101394
0.368 101380
0.369 101375
0.369 101374
0.37 101369
0.375 101336
0.376 101334
0.397 101286
0.404 101283
0.407 101254
0.414 101253
0.437 101164
0.437 101163
0.438 101136
0.451 101103
0.455 101017
0.455 100983
0.456 100982
0.458 100973
0.459 100966
0.478 100948
0.479 100937
0.488 100901
0.491 100843
0.492 100711
0.494 100707
0.495 100706
0.502 100701
0.508 100582
0.511 100574
0.512 100570
0.512 100472
0.515 100461
0.518 100450
0.52 100449
0.52 100445
0.521 100420
0.523 100321
0.524 100319
0.524 100314
0.526 100303
0.526 100302
0.607 100295
0.609 100292
0.61 100291
0.611 100278
0.614 100258
0.614 100247
0.616 100242
0.618 100233
0.63 100198
0.631 100196
0.632 100195
0.677 100188
0.678 100185
0.683 100180
0.693 100163
0.694 100062
0.698 100059
0.7 100037
0.707 100035
0.707 100033
0.729 99942
0.729 99939
0.731 99935
0.732 99932
0.738 99919
0.739 99914
0.741 99910
0.854 99883
0.856 99804
0.866 99776
0.866 99775
0.867 99774
0.869 99773
0.873 99759
0.875 99726
0.877 99725
0.883 99723
0.884 99716
0.888 99714
1.07 99712
1.071 99702
1.072 99692
1.073 99691
1.074 99673
1.087 99651
1.57 99650
1.573 99646
1.574 99644
1.577 99637
1.578 99635
1.632 99634
1.633 99624
1.638 99620
1.64 99617
1.641 99614
1.65 99613
1.65 99612
1.657 99608
1.66 99604
1.662 99599
1.662 99595
1.663 99594
1.665 99593
1.666 99590
1.667 99575
1.668 99574
1.668 99571
1.669 99565
1.669 99537
1.756 99479
1.757 99467
1.758 99439
1.762 99426
1.763 99425
1.768 99424
1.83 99419
1.832 99415
1.834 99408
1.838 99392
2.072 99386
2.074 99383
2.076 99377
2.077 99374
2.091 99315
2.092 99314
2.094 99304
2.096 99303
2.097 99299
2.126 99269
2.126 99268
2.126 99259
2.13 99238
2.133 99233
2.135 99225
2.135 99222
2.142 99209
2.151 99208
2.152 99201
2.153 99200
2.158 99196
2.159 99195
2.473 99189
2.474 99188
2.474 99183
2.475 99177
2.477 99176
2.478 99173
2.478 99169
2.753 99159
2.756 99147
2.76 99145
2.765 99034
2.942 99020
2.944 99018
2.945 98999
2.946 98991
2.947 98985
2.951 98976
3.361 98967
3.366 98960
3.367 98958
3.372 98914
3.373 98912
3.373 98911
3.382 98904
3.386 98896
3.387 98887
3.453 98886
3.46 98882
3.461 98879
3.464 98860
3.48 98858
3.49 98789
3.491 98750
3.492 98728
3.493 98727
3.494 98719
3.566 98704
3.566 98700
3.569 98697
3.569 98695
3.57 98691
3.574 98689
3.576 98681
3.578 98677
3.579 98674
3.58 98673
4.854 98623
4.855 98622
4.856 98612
4.857 98605
4.876 98601
5.098 98600
5.098 98592
5.117 98589
5.135 98583
5.136 98581
5.239 98481
5.239 98479
5.24 98459
5.242 98457
5.248 98452
5.248 98441
5.251 98436
5.294 98393
5.296 98379
5.296 98375
5.651 98370
5.651 98362
5.656 98351
5.656 98347
5.659 98345
6.013 98287
6.02 98285
7.099 98283
7.1 98241
7.102 98240
7.103 98239
7.105 98238
7.106 98236
7.154 98224
7.156 98221
7.167 98213
7.168 98212
7.17 98211
7.832 98182
7.866 98170
7.867 98127
7.868 98125
7.868 98123
7.871 98122
7.871 98113
7.878 98111
7.897 98110
7.899 98104
7.901 98082
7.901 98068
7.902 98066
7.902 98035
7.903 98034
7.923 98014
7.926 98008
7.927 98007
7.929 98006
7.935 97993
8.987 97991
8.993 97990
9.397 97988
9.402 97982
9.405 97978
9.406 97973
9.408 97971
9.408 97968
9.624 97964
9.627 97957
9.649 97938
9.65 97936
9.653 97935
10.614 97934
10.653 97927
10.717 97925
10.737 97895
10.737 97891
10.742 97883
10.743 97882
10.746 97877
10.756 97869
10.761 97841
10.761 97836
10.764 97830
10.766 97827
10.778 97817
10.781 97806
10.784 97804
10.812 97802
10.824 97801
10.826 97788
11.184 97771
11.186 97770
11.186 97748
11.196 97741
11.36 97731
11.361 97729
11.364 97688
11.38 97654
11.465 97647
11.465 97646
11.469 97643
11.469 97625
11.474 97623
11.474 97622
11.475 97620
11.477 97612
11.478 97610
11.479 97605
11.48 97602
11.481 97587
11.484 97566
11.488 97558
11.491 97553
11.505 97545
11.509 97540
11.512 97536
12.443 97520
12.574 97513
12.595 97512
12.685 97506
12.689 97505
12.703 97504
12.707 97502
12.708 97500
12.709 97488
12.709 97482
12.746 97480
12.752 97477
12.755 97473
12.756 97470
12.757 97466
13.2 97465
13.201 97454
13.364 97452
13.365 97450
13.378 97434
13.379 97432
13.389 97429
15.889 97420
15.913 97419
16.741 97418
16.743 97414
16.746 97409
16.759 97406
16.772 97399
16.776 97393
16.776 97367
16.776 97361
16.777 97360
16.781 97352
16.853 97349
16.858 97345
16.859 97343
16.864 97342
17.791 97338
17.793 97331
17.793 97325
17.794 97314
17.795 97312
17.805 97308
17.805 97306
17.807 97301
17.81 97300
17.812 97298
17.812 97297
18.461 97293
18.465 97287
18.477 97282
18.504 97277
18.508 97274
18.512 97270
18.561 97269
18.603 97226
18.605 97213
19.292 97207
19.338 97206
19.339 97205
19.341 97199
19.346 97198
20.88 97194
20.881 97192
21.323 97190
21.34 97181
21.343 97176
21.348 97175
21.352 97174
21.448 97172
21.466 97163
21.495 97151
21.502 97145
21.51 97144
21.512 97143
21.517 97142
21.521 97141
21.565 97139
22.44 97138
22.447 97137
23.26 97131
23.28 97130
23.316 97120
23.345 97116
23.347 97114
23.45 97109
23.451 97104
23.457 97103
23.466 97101
23.47 97100
23.475 97098
23.476 97096
23.641 97086
23.644 97083
24.475 97082
24.477 97081
24.567 97079
24.575 97074
24.583 97067
24.585 97065
25.049 97062
25.071 97060
25.087 97057
25.095 97055
25.097 97053
25.101 97052
25.107 97046
25.113 97045
25.114 97040
25.119 97039
25.135 97037
25.137 97033
25.138 97031
25.148 97026
25.153 97024
25.192 97019
25.202 97016
25.232 97012
25.253 97009
25.257 97008
25.347 96997
25.348 96996
25.924 96995
25.928 96994
25.929 96988
25.962 96980
26.009 96978
26.009 96975
26.045 96974
26.046 96973
26.047 96972
26.051 96945
26.06 96944
26.316 96939
26.477 96934
26.485 96933
26.487 96928
26.579 96926
26.585 96919
26.586 96914
26.592 96911
28.303 96910
28.313 96903
28.341 96902
28.355 96899
28.364 96898
28.404 96896
28.405 96893
28.416 96892
28.891 96886
28.892 96883
29.065 96881
29.088 96880
29.094 96874
29.126 96872
29.14 96871
29.16 96868
29.163 96866
29.168 96864
30.663 96863
30.666 96859
30.667 96858
30.669 96857
30.688 96849
30.777 96841
30.803 96839
30.824 96836
31.571 96832
31.629 96829
31.635 96827
31.642 96822
31.652 96821
