0.086 142479
0.087 142333
0.089 142327
0.09 141072
0.092 141052
0.094 141027
0.095 140663
0.096 140598
0.1 140585
0.102 139981
0.102 139911
0.103 139902
0.107 139799
0.11 139703
0.111 139655
0.113 139505
0.114 139486
0.115 139322
0.117 138074
0.119 138073
0.12 137876
0.121 137815
0.122 137698
0.122 137612
0.123 137603
0.124 137445
0.126 137404
0.129 136819
0.132 136767
0.133 136721
0.136 136634
0.137 136617
0.139 136297
0.142 136231
0.143 136184
0.146 136139
0.146 136138
0.147 136113
0.148 136111
0.151 136107
0.153 136063
0.153 136002
0.155 135917
0.156 135865
0.157 135728
0.159 135648
0.16 135544
0.167 135306
0.17 135274
0.171 135251
0.173 135240
0.173 135222
0.174 135148
0.19 135078
0.199 135066
0.201 135048
0.214 135023
0.214 135017
0.22 135013
0.232 134891
0.233 134872
0.235 134856
0.236 134823
0.237 134819
0.243 134724
0.247 134537
0.249 134532
0.256 134370
0.258 134335
0.264 134281
0.267 134273
0.269 134177
0.271 133941
0.275 133796
0.284 133666
0.285 133663
0.286 133508
0.288 133387
0.289 133382
0.292 133367
0.294 133364
0.296 133312
0.301 132937
0.346 132936
0.349 132922
0.353 132916
0.376 132872
0.379 132861
0.38 132833
0.4 132817
0.401 132610
0.403 132601
0.42 132586
0.432 132526
0.439 132488
0.449 132425
0.451 132392
0.452 132359
0.455 132317
0.468 132291
0.48 132246
0.483 132244
0.484 132228
0.494 132221
0.718 132183
0.719 132171
0.722 132167
0.725 132146
0.727 132142
1.019 132113
1.025 132069
1.026 132030
1.039 132021
1.04 131945
1.041 131895
1.042 131823
1.306 131811
1.31 131761
1.311 131750
1.312 131741
1.315 131721
1.387 131701
1.391 131698
1.409 131695
1.409 131662
1.416 131658
1.419 131648
1.422 131646
1.426 131625
1.429 131529
1.431 131500
1.737 131329
1.764 131281
1.777 131270
1.782 131265
1.785 131262
1.786 131246
1.787 131229
1.788 131225
1.79 131186
1.797 131173
1.802 131156
1.805 131103
1.813 131097
1.856 131095
1.858 131081
1.881 131000
1.897 130953
1.91 130921
1.914 130920
1.932 130916
1.935 130903
1.935 130887
1.936 130877
2.089 130865
2.098 130851
2.098 130830
2.099 130814
2.102 130768
2.117 130757
2.246 130748
2.247 130723
2.25 130679
2.862 130590
2.862 130579
2.876 130572
2.895 130548
2.908 130539
2.91 130531
2.914 130527
2.94 130509
2.945 130508
2.946 130484
2.953 130473
3.324 130461
3.324 130398
3.331 130397
3.333 130394
3.333 130376
4.243 130360
4.252 130355
4.371 130332
4.388 130319
4.396 130291
4.399 130267
4.401 130242
4.403 130230
4.41 130212
4.585 130208
4.586 130207
4.658 130195
4.66 130194
4.984 130170
4.986 130157
4.994 130156
5.005 130062
5.045 130051
5.068 130006
5.073 129966
5.077 129965
5.077 129951
5.079 129946
5.082 129940
5.085 129939
5.093 129877
5.106 129874
5.123 129873
5.129 129859
5.153 129843
5.158 129821
5.161 129820
5.251 129713
5.254 129707
5.259 129703
5.28 129666
5.293 129653
5.302 129641
5.303 129625
5.313 129573
5.314 129549
5.322 129548
5.324 129541
5.325 129521
5.343 129515
11.731 129500
11.739 129499
11.767 129497
11.77 129490
11.797 129474
11.798 129462
11.798 129460
11.799 129459
11.805 129453
11.807 129452
11.822 129451
11.84 129425
11.843 129421
11.868 129341
11.877 129307
11.951 129294
11.96 129290
11.969 129286
11.986 129276
11.989 129273
11.991 129241
11.996 129232
11.999 129231
12.099 129224
12.344 129197
12.354 129192
12.356 129191
12.36 129163
12.408 129138
12.411 129131
12.417 129126
12.464 129114
12.471 129113
12.488 129111
16.233 129109
16.238 129103
16.271 129100
16.281 129099
16.316 129095
16.326 129059
16.603 129050
16.638 129036
16.876 129015
16.89 129002
16.904 128990
16.917 128982
16.928 128980
16.936 128979
16.941 128973
16.973 128971
17.003 128970
17.418 128955
17.581 128946
19.354 128925
19.359 128922
19.36 128916
19.446 128912
19.567 128907
19.673 128900
19.675 128895
19.689 128891
19.698 128871
19.781 128851
21.406 128838
21.477 128836
21.509 128827
22.139 128826
22.172 128818
22.348 128799
22.39 128786
22.394 128783
22.437 128781
22.443 128773
22.503 128763
22.515 128757
22.558 128754
22.566 128753
22.599 128749
22.708 128748
22.78 128746
22.783 128736
22.808 128733
22.929 128729
23.136 128723
23.292 128718
23.458 128717
23.488 128688
23.497 128681
23.508 128672
23.734 128637
23.76 128630
23.846 128628
23.855 128619
23.856 128618
23.865 128616
23.873 128611
23.899 128599
24.121 128563
24.592 128556
24.823 128552
24.848 128544
24.865 128543
24.983 128536
25.06 128533
25.108 128532
25.108 128529
25.111 128527
25.292 128525
25.394 128523
25.498 128520
25.592 128509
26.082 128501
26.162 128500
26.453 128497
26.537 128489
26.638 128488
27.764 128460
27.78 128459
27.802 128457
27.905 128450
27.915 128448
31.433 128445
31.526 128444
34.173 128442
34.642 128430
34.686 128398
34.744 128392
34.749 128391
