0.024 38252
0.025 38235
0.025 38232
0.026 38226
0.026 38187
0.027 38183
0.027 38181
0.027 38173
0.028 38156
0.028 38150
0.028 38138
0.029 38016
0.03 38014
0.031 38011
0.031 38010
0.032 38009
0.033 38007
0.033 37987
0.033 37982
0.034 37980
0.034 37972
0.035 37960
0.035 37956
0.036 37945
0.036 37896
0.037 37894
0.039 37856
0.039 37840
0.042 37832
0.043 37824
0.043 37811
0.044 37807
0.044 37796
0.045 36791
0.045 36782
0.049 36774
0.052 36773
0.052 36760
0.053 36756
0.064 36755
0.067 36754
0.068 36750
0.07 36743
0.081 36742
0.164 36732
0.164 36719
0.165 36706
0.165 36639
0.166 36623
0.167 36589
0.168 36539
0.169 36493
0.17 36476
0.17 36469
0.171 36461
0.172 36458
0.172 36450
0.173 36438
0.173 36434
0.173 36418
0.173 36409
0.174 36398
0.176 36367
0.184 36364
0.184 36355
0.185 36353
0.186 36350
0.186 36349
0.187 36336
0.188 36335
0.19 36333
0.191 36329
0.191 36325
0.192 36320
0.192 36298
0.193 36294
0.193 36293
0.195 36260
0.205 36234
0.206 36223
0.219 36218
0.219 36193
0.224 36192
0.224 36190
0.226 36185
0.226 36180
0.227 36173
0.227 36171
0.231 36169
0.231 36142
0.237 36120
0.238 36111
0.238 36110
0.238 36102
0.239 36096
0.24 36089
0.262 36080
0.279 36078
0.292 36076
0.42 36075
0.42 36072
0.429 36064
0.438 36061
0.441 36059
0.82 36039
0.821 36035
0.829 36034
0.852 36021
0.879 36020
0.883 36014
0.884 36011
0.886 36010
0.912 35994
0.918 35986
0.922 35985
0.925 35972
0.927 35971
0.928 35959
0.928 35942
0.956 35926
1.161 35924
1.195 35921
1.2 35913
1.2 35911
1.208 35889
1.213 35887
1.214 35885
1.216 35884
1.238 35882
1.24 35861
1.241 35854
1.241 35845
1.662 35643
1.663 35602
1.665 35516
1.667 35502
1.668 35500
1.669 35479
1.671 35393
1.672 35372
1.672 35367
1.677 35366
1.677 35364
1.679 35363
1.68 35314
1.681 35309
1.705 35294
1.708 35281
1.76 35257
1.762 35239
1.77 35233
1.774 35220
1.776 35216
1.784 35213
1.785 35210
1.786 35197
1.787 35165
1.789 35163
1.789 35155
1.79 35145
1.921 35133
1.922 35131
1.922 35120
1.924 35117
1.928 35113
1.928 35098
1.93 35094
1.931 35093
2.038 35092
2.045 35083
2.05 35077
2.05 35074
2.072 35072
2.073 35049
2.076 35042
2.077 35040
2.087 35038
2.087 35034
2.095 35002
2.098 35001
2.11 35000
2.11 34995
2.111 34986
2.115 34978
2.118 34963
2.183 34945
2.184 34943
2.28 34941
2.281 34940
2.282 34933
2.283 34926
2.285 34917
2.286 34915
2.29 34912
2.29 34908
2.291 34888
2.297 34887
2.298 34850
2.299 34814
2.301 34805
2.304 34797
2.308 34781
2.319 34771
2.321 34767
2.326 34765
2.333 34759
2.336 34751
2.341 34744
2.493 34743
2.68 34734
2.683 34719
2.723 34701
2.725 34698
2.725 34688
2.731 34684
2.731 34675
3.206 34670
3.207 34665
3.212 34660
3.212 34655
3.213 34649
3.221 34627
3.222 34622
3.222 34621
3.223 34616
3.262 34609
3.263 34604
3.264 34603
3.281 34602
3.285 34601
3.287 34589
4.119 34578
4.222 34574
4.223 34564
4.224 34548
4.301 34542
4.302 34527
4.302 34524
4.304 34517
4.304 34514
4.397 34512
4.397 34504
4.653 34497
4.654 34494
4.654 34489
4.655 34484
4.66 34483
4.671 34467
4.722 34460
4.725 34459
4.944 34458
4.946 34455
4.948 34449
4.95 34433
4.962 34429
4.977 34427
4.977 34410
5.244 34408
5.246 34401
5.247 34385
5.25 34369
5.251 34368
5.268 34365
5.27 34359
5.511 34355
5.512 34343
5.513 34337
5.518 34336
5.525 34332
5.532 34315
5.533 34314
5.534 34308
5.534 34305
5.535 34296
5.622 34285
5.625 34284
5.63 34276
5.631 34275
5.631 34270
5.637 34264
5.641 34261
5.643 34249
5.644 34248
6.198 34244
6.214 34239
6.215 34229
6.217 34211
6.219 34209
6.22 34204
6.221 34195
6.234 34183
7.952 34174
7.953 34169
7.955 34168
9.171 34165
9.172 34156
9.175 34151
9.178 34149
9.197 34148
9.201 34143
9.204 34141
10.996 34137
14.553 34131
14.614 34128
14.768 34126
14.772 34124
14.773 34123
15.515 34120
16.257 34118
16.5 34094
16.502 34093
16.504 34092
16.512 34089
16.512 34085
16.535 34074
17.789 34073
18.054 34068
18.059 34062
18.102 34058
23.326 34057
23.33 34053
23.332 34044
24.186 34043
24.538 34040
24.539 34039
25.579 34035
25.59 34034
29.671 34031
29.854 34027
29.861 34026
29.865 34022
29.9 34021
29.903 34020
29.906 34019
34.37 34018
34.386 34013
34.391 34008
34.395 34007
34.502 34006
36.828 34003
37.013 34002
37.041 33998
40.901 33996
40.909 33995
45.648 33994
46.55 33993
46.656 33992
46.707 33991
46.82 33990
