0.019 106302
0.019 106297
0.02 106045
0.021 105978
0.021 105960
0.022 105948
0.023 105934
0.025 105916
0.026 105671
0.028 105628
0.03 105627
0.034 105625
0.034 105618
0.035 105573
0.037 105524
0.038 105377
0.039 105372
0.04 105309
0.045 105009
0.046 104990
0.047 104988
0.048 104962
0.049 104948
0.05 104715
0.053 104678
0.054 104674
0.055 104663
0.055 104631
0.057 104418
0.058 104416
0.059 104378
0.059 104377
0.063 104032
0.064 104015
0.065 103868
0.065 103865
0.068 103864
0.069 103715
0.069 103711
0.071 103654
0.073 103649
0.074 103342
0.074 103338
0.075 103336
0.075 103335
0.077 103307
0.078 103306
0.079 103208
0.08 103191
0.094 103064
0.094 103055
0.096 103001
0.098 102998
0.101 102868
0.102 102844
0.102 102838
0.103 102837
0.103 102826
0.104 102824
0.105 102813
0.106 102630
0.107 102628
0.108 102614
0.109 102591
0.111 102588
0.112 102493
0.112 102401
0.114 102386
0.114 102384
0.117 102368
0.135 102336
0.137 102335
0.139 102334
0.139 102328
0.145 102173
0.145 101720
0.146 101689
0.146 101688
0.147 101535
0.147 101529
0.148 101526
0.148 101525
0.15 101496
0.15 101484
0.152 101471
0.152 101462
0.158 101425
0.162 101414
0.166 101398
0.168 101383
0.17 101374
0.172 101340
0.177 101338
0.181 101333
0.183 101297
0.189 101241
0.192 101216
0.193 101210
0.195 101208
0.205 101190
0.206 101150
0.207 101137
0.209 101130
0.209 101127
0.26 101100
0.26 101098
0.277 101068
0.277 101067
0.279 101066
0.281 101017
0.283 101008
0.287 101005
0.288 100983
0.289 100953
0.29 100939
0.291 100906
0.292 100901
0.296 100889
0.296 100879
0.297 100873
0.299 100845
0.3 100841
0.301 100838
0.303 100836
0.305 100835
0.306 100834
0.307 100821
0.309 100797
0.31 100796
0.312 100772
0.339 100766
0.344 100765
0.344 100760
0.347 100700
0.349 100691
0.359 100678
0.363 100632
0.374 100619
0.375 100616
0.377 100611
0.379 100606
0.381 100593
0.382 100588
0.389 100581
0.39 100566
0.392 100556
0.392 100552
0.402 100546
0.404 100545
0.409 100539
0.413 100537
0.413 100526
0.414 100522
0.423 100484
0.427 100461
0.428 100436
0.428 100427
0.432 100414
0.433 100398
0.433 100394
0.458 100328
0.459 100326
0.459 100323
0.462 100317
0.463 100311
0.463 100307
0.464 100294
0.465 100287
0.467 100280
0.468 100278
0.47 100264
0.475 100251
0.476 100249
0.484 100227
0.504 100149
0.504 100144
0.504 100142
0.505 100133
0.581 100099
0.585 100097
0.59 100066
0.596 100062
1.05 100049
1.05 100041
1.051 100033
1.052 100001
1.056 99963
1.056 99952
1.058 99951
1.059 99943
1.118 99940
1.118 99939
1.121 99933
1.125 99931
1.135 99923
1.138 99918
1.145 99914
1.147 99912
1.192 99860
1.193 99856
1.206 99842
1.208 99840
1.225 99829
1.275 99823
1.276 99819
1.283 99818
1.283 99813
1.287 99803
1.288 99802
1.29 99794
1.457 99780
1.459 99773
1.46 99762
1.461 99758
1.461 99757
1.463 99750
1.469 99745
1.471 99744
1.491 99699
1.492 99694
1.496 99688
1.564 99628
1.567 99622
1.567 99621
1.576 99602
1.576 99598
1.577 99570
1.577 99569
1.578 99568
1.579 99555
1.613 99508
1.615 99500
1.619 99499
1.65 99482
1.652 99477
1.658 99457
1.668 99429
1.67 99404
1.826 99387
1.828 99385
1.831 99364
1.832 99360
1.898 99297
1.898 99293
1.9 99292
1.907 99289
1.907 99286
1.907 99285
1.911 99284
2.358 99270
2.387 99249
2.398 99236
2.401 99147
2.402 99144
2.403 99142
2.403 99141
2.405 99133
2.405 99132
2.406 99127
2.935 99112
2.94 99111
2.94 99108
2.945 99098
2.947 99095
2.949 99094
2.95 99090
2.953 99088
2.954 99073
2.956 99058
3.549 99049
3.557 99028
3.559 99026
3.559 99023
3.86 99017
3.864 99015
4.338 99010
4.39 98998
4.402 98996
4.403 98979
4.404 98973
4.404 98970
4.405 98968
4.405 98967
4.41 98965
4.41 98950
4.412 98948
4.413 98902
5.22 98901
5.22 98889
5.223 98888
5.227 98884
5.228 98882
5.228 98880
5.229 98877
5.231 98849
5.232 98841
5.233 98836
5.242 98834
5.244 98833
5.245 98827
5.246 98825
5.247 98817
5.255 98809
5.255 98804
5.258 98803
5.28 98749
5.352 98744
5.354 98732
5.368 98730
5.369 98723
5.403 98715
5.424 98714
5.426 98703
5.428 98701
5.785 98697
5.791 98685
5.951 98679
5.954 98646
5.956 98638
5.963 98630
5.963 98629
5.966 98628
5.969 98624
5.971 98614
5.974 98605
5.975 98604
5.982 98599
5.983 98591
5.995 98588
6.04 98563
6.059 98562
6.06 98561
6.067 98549
6.07 98530
6.076 98526
6.076 98525
6.084 98494
6.084 98490
6.085 98468
6.093 98465
6.093 98463
6.101 98457
6.102 98452
6.102 98436
6.11 98430
6.11 98427
6.117 98389
6.117 98387
6.12 98372
6.125 98358
6.148 98357
6.148 98356
6.195 98354
6.197 98353
6.202 98349
6.212 98326
6.218 98324
6.304 98320
8.208 98315
8.219 98306
8.22 98304
8.231 98301
8.451 98298
8.454 98297
8.457 98296
8.465 98264
8.467 98233
8.982 98114
9.025 98039
9.025 98026
9.026 98000
9.028 97996
9.028 97991
9.029 97990
9.031 97989
9.032 97984
9.035 97978
9.036 97966
10.222 97949
10.244 97944
10.244 97928
10.245 97927
10.247 97925
10.248 97924
10.248 97904
10.254 97899
11.972 97887
11.976 97886
11.978 97884
11.98 97878
12.711 97867
12.712 97865
12.715 97864
12.881 97861
12.882 97857
12.887 97854
13.555 97815
13.585 97811
13.589 97808
13.658 97797
13.663 97793
13.664 97789
13.82 97780
13.824 97778
13.826 97777
13.833 97772
13.843 97764
13.843 97761
13.845 97750
13.85 97748
13.863 97736
13.866 97734
13.871 97733
16.914 97722
17.174 97679
17.395 97678
17.395 97674
17.5 97665
17.502 97664
17.506 97660
17.511 97649
17.514 97648
17.517 97639
17.521 97638
17.53 97634
17.56 97630
17.595 97627
18.359 97626
18.364 97620
18.608 97618
18.61 97614
19.801 97610
19.802 97606
19.885 97604
19.887 97598
19.889 97596
19.895 97594
19.898 97586
19.913 97579
25.687 97578
25.708 97575
25.723 97574
25.728 97570
25.733 97569
25.735 97564
26.254 97563
26.255 97561
26.255 97556
26.777 97555
26.814 97554
26.852 97552
29.69 97551
29.691 97548
29.727 97547
29.814 97546
29.998 97545
30.01 97538
30.017 97535
30.343 97534
30.659 97533
30.661 97532
30.663 97528
30.668 97527
30.671 97524
30.674 97517
30.763 97516
30.802 97512
30.822 97511
30.834 97507
31.085 97500
31.109 97499
31.11 97497
31.202 97495
31.202 97494
31.203 97492
31.214 97489
31.222 97488
