0.078 55179
0.079 55177
0.079 55139
0.079 55123
0.08 55104
0.08 55091
0.081 55072
0.081 54816
0.081 54804
0.082 54767
0.082 54747
0.083 54740
0.083 54719
0.083 54698
0.084 54583
0.084 54581
0.085 54559
0.085 54540
0.086 54521
0.087 54460
0.088 54398
0.088 54381
0.089 54367
0.091 54364
0.091 54355
0.092 54344
0.093 54277
0.098 54146
0.11 54059
0.111 54046
0.114 54007
0.115 54002
0.117 53994
0.119 53989
0.122 53983
0.125 53955
0.126 53945
0.127 53938
0.127 53934
0.13 53900
0.131 53884
0.148 53879
0.148 53808
0.16 53068
0.164 53067
0.169 53065
0.172 53052
0.175 52935
0.175 52918
0.183 52902
0.185 52589
0.189 52584
0.189 52578
0.189 52542
0.19 52534
0.199 52527
0.206 52523
0.213 52517
0.267 52514
0.269 52512
0.27 52498
0.27 52475
0.271 52468
0.272 52465
0.274 52440
0.277 52439
0.278 52436
0.278 52429
0.285 52425
0.285 52424
0.288 52389
0.289 52371
0.315 52370
0.36 52369
0.36 52356
0.36 52325
0.66 52312
0.661 52297
0.665 52293
0.667 52249
0.679 52239
0.71 52237
0.711 52215
0.711 52208
0.712 52205
0.718 52194
0.866 52187
4.177 52185
4.179 52169
4.179 52161
5.319 52138
5.327 52135
5.352 52106
5.353 52093
16.155 52092
16.217 52085
16.218 52081
16.219 52072
16.226 52064
16.234 52046
16.903 52027
16.908 51998
18.122 51992
22.541 51979
22.551 51969
22.555 51963
22.611 51954
22.62 51940
23.438 51928
23.441 51925
23.441 51912
23.451 51910
23.747 51904
23.751 51900
23.758 51893
23.76 51883
31.854 51882
32.653 51879
32.657 51878
32.66 51870
32.664 51869
35.938 51868
35.979 51867
35.986 51864
35.994 51851
35.996 51839
36.007 51837
38.161 51833
38.174 51831
38.177 51822
38.217 51810
38.239 51807
39.383 51803
39.39 51792
39.391 51788
41.347 51784
41.36 51783
42.412 51771
42.419 51761
42.421 51758
42.448 51754
42.47 51752
42.479 51751
43.305 51750
44.277 51749
44.429 51743
44.432 51741
44.438 51739
45.468 51736
45.946 51731
46.223 51729
47.385 51727
47.422 51726
47.425 51724
47.512 51722
47.567 51721
49.162 51719
49.167 51718
