0.091 81492
0.092 81429
0.094 81404
0.094 81398
0.096 81394
0.096 81378
0.097 81377
0.098 81364
0.1 81349
0.1 81333
0.104 81256
0.104 81255
0.106 81212
0.107 81158
0.108 81157
0.109 81129
0.113 81114
0.116 81106
0.116 81102
0.118 81090
0.118 81089
0.118 81087
0.119 81086
0.12 81083
0.12 81082
0.122 81079
0.124 81061
0.125 81014
0.133 81002
0.14 80994
0.142 80985
0.147 80979
0.155 80970
0.157 80950
0.161 80948
0.162 80930
0.168 80896
0.17 80889
0.194 80881
0.2 80878
0.201 80869
0.205 80817
0.207 80786
0.208 80766
0.244 80764
0.249 80752
0.25 80741
0.266 80687
0.268 80676
0.27 80655
0.272 80640
0.279 80636
0.284 80633
0.289 80629
0.306 80619
0.329 80613
0.331 80609
0.331 80605
0.331 80603
0.334 80598
0.424 80591
0.425 80581
0.433 80579
0.438 80556
0.492 80555
0.502 80545
0.766 80542
0.766 80534
0.767 80529
0.768 80525
0.771 80524
0.775 80522
0.778 80518
0.781 80515
0.786 80507
0.787 80504
0.804 80492
0.815 80457
0.816 80456
0.841 80446
0.858 80443
0.862 80438
0.866 80403
0.871 80377
0.872 80367
0.873 80359
0.876 80358
0.877 80356
0.881 80338
0.882 80332
0.989 80329
0.99 80303
0.993 80300
0.999 80292
1.005 80289
1.007 80278
1.008 80259
1.008 80250
1.009 80238
1.012 80231
2.217 80226
2.219 80177
2.221 80167
2.24 80143
2.25 80136
2.254 80132
2.259 80122
2.328 80116
2.332 80110
2.333 80108
2.346 80093
2.348 80092
2.353 80088
2.353 80086
2.354 80082
4.987 80080
4.988 80077
5.029 80056
5.03 80041
5.03 80002
5.031 79980
5.038 79962
5.046 79959
5.057 79955
5.058 79953
5.061 79946
5.064 79945
5.067 79940
5.07 79932
5.362 79930
5.363 79899
5.366 79897
6.486 79891
6.693 79874
6.695 79869
6.7 79868
6.707 79864
6.866 79853
6.871 79850
7.055 79842
7.055 79837
7.082 79827
7.084 79818
7.087 79802
7.09 79801
7.091 79799
7.128 79785
7.128 79783
7.13 79782
7.158 79774
7.159 79765
7.161 79757
7.162 79754
7.166 79743
7.166 79741
7.181 79738
8.122 79736
8.186 79730
8.535 79712
8.545 79708
8.546 79685
8.548 79683
8.563 79672
8.565 79658
8.566 79648
8.575 79640
8.657 79639
8.657 79637
8.782 79630
8.783 79624
8.783 79620
8.784 79618
8.79 79617
8.797 79613
8.799 79610
8.811 79608
8.814 79604
8.817 79601
8.817 79596
8.823 79589
8.829 79576
8.831 79574
8.834 79570
8.838 79568
8.838 79549
8.851 79540
8.857 79539
8.857 79526
8.858 79519
8.859 79512
8.865 79503
8.931 79493
8.945 79490
13.665 79486
13.807 79485
13.814 79481
13.816 79480
13.847 79478
13.848 79471
13.849 79462
13.852 79452
13.854 79448
15.716 79446
15.717 79444
15.718 79421
15.719 79419
15.723 79417
15.767 79407
15.769 79404
15.773 79401
15.775 79400
15.777 79394
16.838 79392
16.843 79389
16.853 79388
16.865 79378
16.888 79375
16.891 79366
16.914 79362
16.959 79361
19.395 79351
19.413 79350
19.415 79347
19.422 79346
19.444 79340
19.509 79339
19.534 79333
19.544 79321
22.621 79313
22.645 79312
22.647 79309
23.437 79305
23.868 79304
23.869 79299
23.876 79297
24.978 79287
24.988 79286
24.994 79283
25.002 79278
25.007 79276
25.008 79272
25.018 79267
25.079 79251
25.098 79249
25.103 79248
25.106 79246
25.589 79245
26.349 79244
26.361 79239
26.987 79232
27.002 79218
27.206 79216
27.22 79209
27.222 79202
27.355 79200
27.363 79181
27.375 79174
27.394 79171
27.443 79170
27.465 79159
27.798 79156
27.855 79154
27.861 79150
27.863 79147
27.909 79146
27.912 79143
29.003 79140
29.005 79136
29.007 79131
29.765 79125
29.822 79120
29.911 79119
29.914 79114
29.935 79108
32.212 79105
32.215 79102
32.22 79101
32.298 79099
32.307 79097
32.313 79091
37.502 79085
37.926 79084
37.932 79083
38.624 79081
38.626 79077
38.646 79076
38.647 79075
38.648 79074
38.913 79072
39.225 79071
39.228 79069
39.847 79068
