0.04 60419
0.04 60354
0.041 60312
0.041 60310
0.042 60124
0.043 59922
0.043 59889
0.044 59865
0.045 59772
0.045 59757
0.046 59297
0.047 59277
0.048 59257
0.053 59224
0.053 59142
0.055 59129
0.056 59006
0.057 59002
0.057 58998
0.058 58976
0.06 58968
0.06 58967
0.063 58949
0.064 58929
0.065 58898
0.066 58896
0.066 58889
0.068 58865
0.069 58851
0.069 58831
0.07 58751
0.072 58750
0.072 58747
0.072 58659
0.074 58563
0.074 58536
0.076 58514
0.077 58512
0.081 58408
0.083 58347
0.084 58331
0.084 58328
0.085 58230
0.087 58213
0.088 58190
0.088 58179
0.089 58173
0.089 58166
0.09 58040
0.091 58032
0.093 58027
0.093 58024
0.097 57918
0.099 57916
0.101 57766
0.103 57756
0.113 57621
0.127 57547
0.128 57519
0.128 57465
0.131 57445
0.132 57444
0.135 57436
0.136 57427
0.145 57410
0.145 57364
0.146 57363
0.147 57362
0.149 57245
0.151 57194
0.151 57192
0.153 57187
0.158 57110
0.161 56977
0.162 56963
0.164 56947
0.173 56902
0.173 56900
0.175 56834
0.176 56576
0.177 56552
0.178 56522
0.18 56515
0.182 56512
0.183 56511
0.183 56510
0.185 56277
0.186 56265
0.186 56216
0.187 56212
0.189 56130
0.192 56070
0.192 56063
0.193 56060
0.193 56007
0.194 55988
0.205 55968
0.206 55866
0.206 55864
0.207 55842
0.208 55781
0.209 55779
0.212 55766
0.213 55763
0.214 55749
0.218 55731
0.219 55711
0.219 55701
0.225 55689
0.229 55653
0.23 55579
0.249 55540
0.251 55497
0.253 55489
0.255 55481
0.263 55240
0.264 55172
0.265 55128
0.267 55095
0.269 55024
0.276 54986
0.28 54982
0.281 54968
0.284 54926
0.286 54912
0.288 54778
0.288 54774
0.292 54771
0.294 54768
0.299 54748
0.304 54684
0.306 54663
0.306 54660
0.306 54657
0.308 54645
0.327 54624
0.328 54592
0.334 54526
0.335 54525
0.335 54524
0.337 54523
0.337 54503
0.338 54500
0.368 54322
0.369 54321
0.369 54314
0.37 54311
0.37 54292
0.372 54287
0.374 54251
0.379 54180
0.379 54175
0.38 54169
0.381 54159
0.384 54154
0.387 54109
0.387 54103
0.388 54080
0.39 54074
0.393 54032
0.394 54026
0.395 54024
0.399 54022
0.401 53974
0.406 53968
0.407 53940
0.412 53923
0.413 53908
0.418 53867
0.421 53837
0.421 53835
0.424 53833
0.429 53775
0.433 53745
0.435 53697
0.493 53442
0.493 53400
0.495 53383
0.495 53362
0.793 53361
0.797 53352
0.803 53321
0.803 53291
0.806 53283
0.806 53236
0.808 53231
0.81 53220
0.811 53217
0.815 53209
0.815 53208
0.832 53198
0.833 53197
0.836 53195
0.838 53192
0.898 53182
0.906 53090
1.135 53071
1.135 53068
1.137 53054
1.138 53039
1.14 53030
1.141 53019
1.144 53017
1.146 53014
1.15 53006
1.15 53005
1.154 53003
1.154 52997
1.384 52988
1.384 52982
1.385 52981
1.387 52976
1.387 52945
1.453 52922
1.455 52919
1.456 52901
1.526 52887
1.527 52883
1.528 52845
1.64 52844
1.772 52820
1.775 52809
1.777 52805
1.793 52804
2.009 52801
2.029 52785
2.031 52765
2.031 52755
2.039 52709
2.041 52708
2.042 52696
2.042 52681
2.122 52671
2.124 52644
2.127 52631
2.185 52619
2.191 52611
2.192 52574
2.205 52559
2.882 52527
2.882 52520
2.884 52512
2.888 52507
2.889 52501
2.89 52490
2.89 52488
2.891 52484
5.24 52468
5.243 52467
5.246 52448
5.254 52442
5.256 52417
5.256 52416
5.26 52395
6.232 52389
6.256 52378
6.257 52368
6.26 52364
6.262 52353
6.263 52335
6.264 52333
6.265 52331
6.289 52322
6.291 52314
6.294 52313
6.348 52312
6.349 52296
6.382 52291
6.384 52277
6.384 52272
6.385 52245
6.386 52243
6.395 52242
6.449 52238
6.507 52217
7.424 52202
7.439 52197
7.44 52185
7.457 52184
9.352 52174
9.367 52169
9.368 52167
9.369 52164
9.373 52159
9.373 52154
9.594 52152
9.596 52116
9.598 52109
9.6 52103
9.6 52101
9.604 52091
9.605 52087
10.155 52068
10.158 52048
10.167 52038
10.174 52019
10.179 52018
12.35 52017
12.353 52013
12.355 52008
12.358 51991
12.358 51990
12.361 51982
12.378 51981
12.39 51969
12.391 51954
12.395 51952
12.398 51950
12.398 51947
12.479 51943
12.48 51925
12.485 51924
12.489 51923
12.494 51918
13.168 51912
13.177 51909
13.181 51896
13.194 51893
13.2 51888
13.211 51886
13.216 51882
13.227 51857
13.376 51848
13.438 51845
13.44 51838
13.448 51835
13.456 51816
13.461 51814
14.293 51813
14.297 51809
14.303 51806
14.322 51805
14.328 51803
14.329 51800
14.331 51799
14.332 51798
14.337 51797
14.34 51794
14.362 51776
14.367 51775
14.421 51771
14.425 51765
14.463 51761
14.465 51758
14.467 51739
14.469 51737
14.932 51731
14.936 51723
14.938 51704
14.939 51700
14.94 51696
14.941 51694
14.942 51684
14.957 51667
14.961 51666
14.965 51665
15.036 51644
15.038 51643
15.066 51633
15.068 51632
15.077 51629
15.51 51628
15.512 51619
15.52 51616
15.523 51610
15.531 51603
20.988 51600
21 51590
21.543 51583
21.546 51571
21.552 51553
21.633 51540
21.969 51529
21.971 51525
21.972 51524
21.972 51521
22.023 51517
22.629 51512
22.629 51510
22.641 51509
22.651 51508
22.658 51507
23.238 51500
23.29 51494
23.962 51492
23.982 51490
23.984 51489
24.328 51488
24.361 51487
31.883 51486
31.903 51485
31.927 51484
32.036 51483
32.061 51482
32.082 51481
32.123 51479
33.262 51478
33.321 51477
33.415 51471
33.548 51461
33.552 51453
33.836 51452
33.854 51451
34.93 51445
34.941 51442
34.95 51441
34.983 51437
34.985 51436
35.08 51434
35.172 51433
35.181 51429
35.449 51425
35.936 51416
35.952 51414
35.955 51411
36.262 51410
36.322 51408
36.594 51407
36.613 51405
36.626 51402
36.632 51401
36.664 51400
36.72 51398
36.752 51396
36.792 51394
36.814 51393
38.641 51389
38.712 51388
38.907 51386
39.108 51385
