0.101 90127
0.102 89736
0.102 89722
0.102 89705
0.103 89704
0.103 89697
0.105 89656
0.105 89635
0.105 89634
0.106 89626
0.106 89566
0.107 89554
0.108 89505
0.109 89483
0.109 89471
0.11 89435
0.11 89409
0.11 89396
0.111 89353
0.111 89347
0.119 88890
0.124 88876
0.125 88869
0.126 88858
0.126 88857
0.127 88809
0.128 88808
0.129 88805
0.13 88800
0.131 88793
0.132 88772
0.132 88767
0.133 88688
0.133 88668
0.134 88618
0.135 88611
0.135 88602
0.136 88599
0.137 88596
0.138 88590
0.139 88467
0.141 88465
0.142 88375
0.142 88346
0.142 88328
0.144 88103
0.145 88098
0.145 88056
0.146 87756
0.147 87695
0.149 87136
0.15 87119
0.154 86455
0.155 86450
0.155 86445
0.156 86343
0.156 86335
0.157 85933
0.158 85930
0.164 85921
0.165 85881
0.166 85868
0.167 85842
0.17 85785
0.171 85752
0.176 85729
0.177 85717
0.177 85701
0.178 85697
0.178 85672
0.181 85668
0.182 85623
0.183 85610
0.184 85607
0.185 85584
0.187 85564
0.188 85558
0.189 85520
0.19 85504
0.19 85493
0.191 85484
0.192 85478
0.193 85465
0.193 85463
0.199 84914
0.209 84854
0.209 84850
0.21 84811
0.21 84807
0.212 84805
0.213 84774
0.214 84726
0.215 84720
0.218 84685
0.225 84683
0.226 84656
0.23 84641
0.23 84631
0.238 84596
0.24 84595
0.241 84563
0.242 84561
0.244 84539
0.244 84427
0.245 84376
0.245 84260
0.247 84206
0.247 84056
0.248 84019
0.25 83791
0.252 83748
0.253 83729
0.253 83725
0.256 83698
0.256 83644
0.256 83614
0.257 83608
0.262 83593
0.264 83592
0.266 83563
0.267 83551
0.269 83549
0.269 83548
0.273 83520
0.283 83482
0.284 83477
0.286 83455
0.287 83446
0.293 83438
0.295 83429
0.296 83425
0.297 83421
0.319 83392
0.355 83390
0.411 83324
0.413 83299
0.413 83259
0.414 83255
0.416 83249
0.417 83240
0.421 83211
0.421 83193
0.423 83122
0.424 83091
0.426 83075
0.427 83069
0.43 83055
0.434 83041
0.436 83040
0.437 83021
0.438 83013
0.448 82955
0.466 82792
0.467 82711
0.467 82697
0.471 82692
0.472 82690
0.472 82684
0.472 82681
0.473 82677
0.474 82666
0.475 82664
0.476 82657
0.478 82512
0.479 82506
0.48 82468
0.511 82461
0.512 82439
0.513 82428
0.514 82411
0.514 82396
0.514 82390
0.516 82111
0.517 82110
0.517 82107
0.518 82105
0.525 82098
0.526 82080
0.532 81790
0.533 81788
0.547 81780
0.547 81773
0.602 81772
0.602 81752
0.603 81732
0.603 81730
0.604 81729
0.621 81693
0.623 81691
0.625 81683
0.626 81674
0.627 81661
0.765 81660
0.765 81649
0.767 81632
0.767 81600
0.768 81570
0.77 81569
0.775 81538
0.776 81526
0.778 81518
0.796 81190
0.799 81075
0.8 81070
0.8 81069
0.801 81057
0.805 81056
0.806 81055
0.807 81035
0.808 81015
0.812 81007
0.821 80995
0.822 80993
0.823 80982
0.824 80907
0.825 80869
0.853 80804
0.869 80794
0.871 80789
0.874 80778
0.874 80746
0.875 80730
0.882 80699
0.882 80692
0.884 80682
0.885 80671
0.889 80613
0.89 80594
0.89 80590
0.891 80588
0.895 80213
0.896 80160
0.898 80154
0.899 79994
0.9 79990
0.9 79985
0.903 79969
0.903 79952
0.908 79389
0.908 79358
0.909 79295
0.91 79292
0.915 79267
0.916 79249
0.922 79242
0.923 79233
0.924 79226
0.924 79220
0.925 79214
0.926 79184
0.928 79178
0.93 79098
0.931 79085
0.932 79044
0.933 79019
0.934 78994
0.942 78990
0.943 78989
0.957 78919
0.965 78915
0.984 78884
1.012 78858
1.11 78840
1.112 78802
1.113 78795
1.114 78785
1.122 78771
1.123 78760
1.124 78756
1.124 78752
1.125 78748
1.125 78743
1.125 78737
1.192 78317
1.193 78314
1.194 78281
1.208 78254
1.225 78220
1.27 78182
1.27 78165
1.272 78156
1.273 78115
1.273 78108
1.276 78060
1.289 78045
1.298 78042
1.306 78013
1.308 77999
1.319 77980
1.319 77978
1.32 77970
1.32 77963
1.321 77917
1.322 77912
1.342 77877
1.347 77876
1.348 77870
1.349 77865
1.353 77861
1.632 77803
1.633 77793
1.646 77760
1.687 77720
1.884 77714
1.886 77699
1.886 77694
1.951 77669
1.953 77637
1.954 77636
2.002 77463
2.008 77461
2.011 77396
2.012 77394
2.013 77359
2.019 77352
2.02 77343
2.021 77327
2.022 77317
2.023 77316
2.026 77240
2.028 77225
2.03 77224
2.03 77220
2.031 77219
2.032 77213
2.035 77194
2.043 77192
2.044 77186
2.044 77185
2.045 77184
2.045 77165
2.046 77149
2.054 77131
2.057 77123
2.058 77120
2.059 77111
2.059 77108
2.066 77103
2.066 77098
2.071 76560
2.071 76559
2.094 76539
2.094 76527
2.095 76510
2.097 76498
2.113 76481
2.114 76420
2.114 76418
2.115 76417
2.116 76394
2.121 76393
2.133 76386
2.134 76378
2.136 76377
2.136 76364
2.257 76361
2.258 76357
2.259 76342
2.261 76306
2.262 76288
2.266 76286
2.414 76280
2.418 76261
2.42 76251
2.42 76216
2.42 76215
2.422 76204
2.422 76201
2.432 76186
2.432 76185
2.433 76183
2.434 76146
2.454 76144
2.455 76123
2.457 76122
2.46 76071
2.461 76067
2.461 76066
2.462 76061
2.464 76055
2.466 76046
2.467 76042
2.493 76031
2.494 76026
2.495 76025
2.496 76024
2.496 76022
2.497 76019
2.497 76002
2.509 75992
2.509 75953
2.54 75872
2.542 75848
2.823 75827
2.824 75823
2.834 75819
2.835 75817
2.838 75808
2.84 75801
2.84 75777
2.841 75763
2.842 75761
2.842 75757
2.843 75755
2.851 75746
2.851 75713
2.889 75693
2.893 75691
2.894 75689
2.896 75655
2.91 75652
2.91 75647
2.912 75642
2.912 75567
2.918 75550
2.919 75542
2.92 75537
2.937 75510
2.939 75496
2.939 75492
2.94 75487
2.941 75485
2.942 75483
2.943 75481
2.945 75469
2.946 75468
2.963 75466
2.964 75456
2.966 75454
3 75435
3.001 75421
3.002 75418
3.004 75413
3.005 75398
3.751 75370
3.759 75360
3.761 75359
3.761 75356
3.771 75353
3.777 75349
3.778 75346
3.78 75345
3.781 75344
3.782 75332
3.801 75330
4.146 75325
4.146 75321
4.147 75314
4.148 75290
4.15 75286
4.154 75283
4.154 75269
5.919 75266
5.937 75242
5.94 75233
6.091 75218
6.092 75200
6.153 75197
6.951 75077
6.952 75076
6.952 75061
6.955 74936
6.993 74885
6.995 74881
6.996 74876
6.998 74786
7.003 74781
7.005 74769
7.006 74765
7.009 74756
7.016 74747
7.017 74740
7.018 74736
7.02 74712
7.022 74703
7.023 74699
7.026 74680
7.149 74667
7.149 74657
7.15 74644
7.15 74637
7.151 74623
7.154 74617
7.168 74612
7.17 74607
7.172 74600
7.172 74593
7.173 74586
7.174 74566
7.189 74554
7.19 74550
7.427 74549
7.428 74538
7.437 74536
7.44 74531
7.45 74509
7.451 74481
7.452 74475
7.458 74451
7.708 74444
7.71 74442
7.726 74437
7.733 74411
7.735 74395
7.757 74370
7.758 74369
7.76 74354
7.763 74345
7.763 74332
7.765 74329
7.766 74317
7.767 74308
7.769 74277
7.774 74267
7.774 74260
7.775 74259
7.778 74255
7.779 74246
7.779 74244
7.78 74243
8.242 74225
8.245 74224
8.247 74212
8.249 74192
8.25 74178
8.25 74175
8.251 74157
8.809 74114
8.812 74108
8.923 74099
8.924 74096
8.928 74092
9.116 74086
9.119 74083
9.125 74077
9.127 74070
9.137 74048
9.139 74043
9.15 74038
9.323 74025
9.324 74011
9.325 74001
9.326 74000
9.328 73997
9.329 73993
9.507 73949
9.508 73947
9.526 73946
9.529 73942
9.555 73923
9.556 73896
9.558 73895
9.558 73884
10.599 73862
10.6 73859
10.815 73854
10.818 73846
10.819 73821
12.06 73817
12.062 73800
12.09 73796
12.092 73786
12.093 73782
12.095 73772
12.11 73771
12.11 73767
12.113 73766
12.113 73751
12.468 73745
12.469 73742
12.469 73733
12.478 73731
12.479 73730
12.48 73729
12.484 73728
14.227 73717
14.227 73681
14.233 73667
14.237 73654
14.246 73650
14.247 73648
15.034 73646
15.036 73643
15.369 73616
15.558 73608
15.566 73592
15.568 73588
15.569 73587
15.57 73586
15.571 73583
15.574 73580
15.591 73576
15.591 73573
15.593 73571
15.603 73565
15.603 73564
15.611 73562
16.17 73555
16.174 73551
16.22 73550
16.697 73546
16.698 73537
16.698 73527
17.684 73504
17.686 73501
17.69 73479
17.69 73477
17.691 73469
17.864 73468
18.547 73443
18.548 73441
18.549 73436
18.573 73432
18.578 73430
18.608 73418
18.609 73417
18.624 73406
18.641 73391
18.643 73390
18.644 73389
18.648 73384
19.947 73373
19.947 73371
19.952 73365
19.956 73359
19.974 73358
20.036 73355
20.046 73305
20.197 73302
20.229 73287
20.232 73286
23.414 73283
23.418 73281
23.427 73280
23.429 73274
23.435 73270
23.456 73268
23.499 73258
23.506 73254
23.516 73252
24.624 73245
24.629 73241
24.63 73234
24.646 73221
24.647 73215
24.649 73201
24.649 73199
26.334 73189
26.337 73181
26.355 73180
26.356 73179
26.358 73178
26.36 73177
26.386 73171
27.427 73169
27.43 73168
27.449 73167
27.466 73146
27.471 73145
27.471 73144
27.473 73132
27.477 73131
27.478 73128
27.512 73124
27.513 73122
27.529 73121
27.712 73115
27.715 73114
27.977 73112
28.29 73106
28.298 73104
28.303 73099
28.341 73097
28.349 73095
28.35 73094
28.355 73088
28.357 73085
28.367 73082
28.369 73079
28.374 73074
28.382 73067
28.394 73066
29.529 73063
29.532 73056
29.54 73055
29.542 73051
29.544 73045
29.544 73039
29.546 73038
29.558 73035
32.505 73031
32.519 73029
32.531 73021
32.533 73019
32.533 73017
32.537 73014
32.545 73012
32.661 73010
32.671 73005
32.673 73004
33.221 73003
33.241 72999
33.254 72998
34.346 72988
34.354 72970
34.36 72969
34.362 72966
34.363 72963
34.621 72962
34.631 72959
34.64 72958
34.676 72957
34.681 72956
34.686 72949
34.819 72948
34.891 72947
34.9 72941
34.91 72940
34.941 72935
35.072 72934
35.104 72933
35.115 72927
36.633 72922
36.635 72921
37.591 72920
37.603 72919
38.056 72916
38.111 72909
38.132 72908
38.249 72905
38.25 72903
38.378 72900
38.4 72898
39.023 72897
39.039 72896
39.051 72895
39.113 72894
39.119 72893
39.131 72891
39.133 72889
39.138 72878
39.152 72875
39.176 72874
39.195 72873
39.216 72868
39.388 72865
40.873 72860
40.945 72859
40.96 72858
40.967 72856
41.279 72853
41.496 72852
41.506 72849
41.526 72848
41.53 72843
41.544 72840
41.548 72838
41.77 72837
42.265 72836
42.316 72835
42.515 72833
