0.116 46326
0.117 46319
0.117 46294
0.117 46254
0.118 46245
0.118 46236
0.119 46224
0.119 46220
0.119 46219
0.119 46213
0.121 46149
0.121 46140
0.122 46043
0.122 45999
0.122 45963
0.122 45956
0.123 45947
0.123 45919
0.123 45910
0.124 45894
0.124 45885
0.125 45823
0.125 45795
0.126 45767
0.127 45741
0.128 45671
0.129 45654
0.13 45647
0.131 45616
0.132 45531
0.133 45530
0.134 45527
0.135 45508
0.135 45496
0.14 45493
0.141 45471
0.141 45458
0.142 45445
0.148 45441
0.148 45374
0.149 45369
0.15 45362
0.151 45326
0.151 45321
0.156 45303
0.156 45269
0.157 45267
0.159 45194
0.16 45189
0.161 45179
0.165 45159
0.169 45113
0.169 45079
0.17 44981
0.17 44946
0.171 44919
0.171 44870
0.172 44860
0.173 44854
0.175 44850
0.176 44819
0.182 44765
0.189 44759
0.19 44756
0.191 44749
0.193 44735
0.199 44725
0.202 44718
0.203 44678
0.204 44675
0.205 44568
0.209 44561
0.21 44023
0.211 44012
0.212 44007
0.212 43994
0.212 43993
0.214 43963
0.216 43797
0.217 43648
0.219 43371
0.239 43336
0.24 43335
0.24 43249
0.241 43246
0.241 43244
0.242 43236
0.243 43207
0.243 43204
0.244 43085
0.245 43065
0.245 43049
0.246 43048
0.247 42983
0.248 42954
0.248 42941
0.251 42875
0.252 42860
0.253 42824
0.254 42820
0.255 42817
0.255 42805
0.256 42795
0.256 42786
0.257 42766
0.259 42753
0.286 42747
0.287 42712
0.303 42696
0.305 42694
0.305 42677
0.306 42666
0.307 42657
0.307 42648
0.308 42627
0.308 42620
0.31 42619
0.311 42616
0.312 42584
0.342 42577
0.344 42566
0.345 42558
0.346 42554
0.348 42528
0.349 42494
0.349 42488
0.36 42440
0.36 42435
0.363 42414
0.364 42410
0.365 42369
0.366 42314
0.367 42275
0.374 42263
0.374 42229
0.375 42225
0.523 42211
0.532 42206
0.534 42150
0.535 42126
0.536 42121
0.62 42119
0.649 42107
0.656 42106
0.657 42083
0.659 42067
0.66 42039
0.662 42036
0.682 42026
0.69 41995
0.795 41904
0.797 41831
0.798 41828
0.799 41815
0.799 41810
0.801 41807
0.803 41794
0.803 41780
0.809 41748
0.81 41747
0.814 41740
0.835 41721
0.838 41675
0.852 41655
0.853 41639
0.855 41588
0.865 41548
0.87 41534
0.872 41494
0.874 41489
0.876 41475
0.878 41454
0.879 41451
0.88 41441
0.882 41418
0.884 41373
0.891 41364
0.892 41349
0.894 41335
0.895 41318
0.896 41307
0.896 41292
0.901 41249
0.939 41235
0.939 41232
0.942 41214
0.943 41203
0.945 41187
0.945 41165
0.946 41088
1.758 41079
1.759 40993
1.759 40968
1.816 40950
1.817 40946
1.818 40898
1.819 40828
1.82 40826
1.826 40814
1.827 40811
1.84 40781
1.887 40772
1.902 40768
2.448 40741
2.45 40715
2.453 40701
2.454 40673
2.462 40656
2.466 40650
2.907 40637
2.907 40618
2.907 40616
2.908 40609
2.961 40608
2.961 40570
2.961 40566
2.962 40555
2.966 40554
2.968 40534
2.971 40527
2.972 40516
2.974 40487
2.978 40476
3.053 40466
3.054 40444
3.057 40441
3.058 40427
3.06 40414
3.061 40405
3.408 40364
3.989 40317
3.989 40313
3.995 40292
4.031 40283
4.037 40278
4.038 40261
4.039 40238
4.046 40208
4.049 40204
4.05 40190
4.055 40149
4.057 40148
4.058 40145
4.058 40099
4.178 40094
4.178 40081
5.096 40080
5.1 40053
5.107 40036
5.687 40032
5.688 40017
5.725 40011
5.726 40001
5.727 39992
6.34 39939
6.342 39931
6.345 39929
6.348 39928
6.349 39925
6.352 39917
6.352 39912
6.353 39895
6.377 39857
6.377 39848
6.435 39844
6.44 39832
6.441 39815
7.751 39805
7.752 39799
7.757 39776
7.767 39775
7.982 39764
7.986 39762
7.986 39760
7.987 39750
7.988 39748
7.989 39740
8.054 39739
8.111 39729
8.111 39723
8.167 39719
8.169 39713
8.17 39699
8.184 39695
8.193 39685
8.194 39681
8.195 39679
8.199 39670
8.202 39667
8.224 39660
8.225 39650
8.226 39649
9.076 39635
9.086 39627
9.087 39608
9.089 39601
9.092 39591
9.21 39584
9.211 39577
9.213 39572
9.231 39567
9.231 39554
9.232 39553
9.233 39549
9.235 39534
9.235 39533
9.383 39514
9.392 39474
9.394 39466
9.395 39463
9.395 39455
9.399 39438
9.4 39373
9.401 39368
9.405 39367
9.41 39358
9.411 39352
9.421 39351
9.422 39344
9.491 39341
9.492 39338
11.358 39323
11.359 39317
11.361 39273
11.363 39269
11.639 39263
11.64 39257
11.641 39254
11.651 39239
11.895 39238
11.898 39236
11.901 39235
11.926 39234
12.043 39228
12.044 39206
12.059 39147
12.063 39137
12.837 39135
12.869 39112
12.888 39110
12.895 39087
12.896 39082
12.899 39048
13.415 39047
13.422 39043
13.424 39029
13.431 39020
13.453 39015
13.455 39009
13.465 38999
13.472 38987
13.473 38982
18.389 38977
18.826 38954
21.23 38952
21.231 38944
21.232 38943
21.264 38925
21.27 38902
21.271 38897
21.419 38892
21.448 38884
21.452 38870
21.453 38868
21.466 38835
21.486 38822
21.51 38820
21.608 38816
21.645 38809
23.088 38804
23.089 38787
23.09 38762
29.398 38761
30.343 38758
30.407 38757
30.462 38756
30.531 38754
30.612 38753
30.62 38752
32.569 38743
32.574 38741
32.58 38731
32.582 38726
34.932 38723
35.075 38719
35.12 38716
