0.002 1262.92
0.003 1262.57
0.003 1261.8
0.004 1261.44
0.005 1260.26
0.006 1258.66
0.006 1256.64
0.009 1249.33
0.011 1247.72
0.012 1246.65
0.015 1244.93
0.026 1243.35
0.026 1242.99
0.027 1242.69
0.028 1242.23
0.028 1241.57
0.087 1239.91
0.088 1237.71
0.13 1237.69
0.145 1236.39
0.176 1235.09
0.177 1234.44
0.186 1234.33
0.258 1234.12
0.272 1233.27
0.273 1232.75
0.278 1232.56
0.283 1231.88
0.285 1230.31
0.32 1230.25
0.322 1229.98
0.323 1229.87
0.323 1229.51
0.324 1229.28
0.325 1229.16
0.326 1228.73
0.33 1228.66
0.34 1228.3
0.353 1227.37
0.381 1226.86
1.241 1225.97
1.241 1225.5
1.241 1225.07
2.942 1224.92
3.012 1224.25
3.033 1223.63
3.117 1223.02
3.431 1220.99
