0.027 11553.7
0.027 11553.7
0.028 11542.6
0.031 11540.2
0.031 11539.2
0.032 11535.1
0.037 11533.2
0.038 11529.6
0.038 11529.4
0.039 11491.8
0.04 11476.3
0.041 11470.4
0.041 11469.5
0.041 11463.9
0.042 11422.9
0.042 11420.2
0.043 11412.5
0.043 11406.8
0.045 11406.5
0.054 11399.6
0.055 11397.4
0.056 11393.4
0.057 11393
0.059 11392.8
0.071 11392.5
0.072 11387.3
0.073 11380.2
0.074 11379.9
0.115 11376.7
0.115 11376.5
0.117 11376.2
0.12 11364.7
0.12 11362.5
0.121 11360.1
0.122 11360
0.123 11360
0.129 11296.5
0.132 11295.6
0.132 11292.7
0.133 11291.6
0.134 11290.5
0.135 11290.5
0.135 11278.8
0.137 11276.3
0.137 11273.6
0.138 11270.6
0.138 11266.6
0.158 11266.2
0.164 11264.8
0.165 11262.4
0.372 11256.1
0.374 11255.2
0.745 11253.7
0.77 11249
0.771 11247.2
0.771 11247.1
0.772 11244.9
0.773 11244.4
0.878 11244.3
0.878 11244.2
0.996 11233.2
0.998 11232
0.998 11229.7
0.999 11229.6
1.001 11224.9
1.001 11224.6
2.196 11223.2
5.07 11220.7
5.071 11220.3
5.995 11218.3
6.295 11217.2
6.296 11213.4
6.296 11211.8
12.8 11206
17.1 11203.1
17.101 11202.7
17.102 11202.1
30.221 11201.5
30.221 11199.6
33.509 11198.1
33.51 11196.9
35.29 11196.8
35.29 11196.1
35.402 11192.4
35.403 11191.5
44.183 11190.8
44.367 11190.3
44.367 11189.4
44.368 11189.1
44.369 11188.6
44.389 11188.1
48.577 11187.1
48.578 11186.3
48.579 11184.4
48.58 11183.7
52.639 11181.8
52.64 11181.2
52.64 11178.5
52.643 11177.6
52.645 11177.5
52.646 11176.4
52.679 11173.3
52.886 11173
52.889 11172.7
53.432 11171.4
57.397 11171
57.397 11170.6
57.397 11169.6
57.403 11166.7
57.413 11166
61.514 11164.8
61.515 11162.9
61.516 11162.8
61.549 11161.8
61.554 11159.8
61.556 11159.5
61.562 11158.7
61.564 11158.3
61.589 11158.2
61.595 11156
61.597 11155.6
61.628 11153.6
61.629 11151.2
61.633 11150.6
61.634 11148.2
82.595 11144.4
82.598 11142.2
82.599 11141.7
82.602 11141.2
82.603 11140.1
82.604 11139.9
82.606 11136.9
82.607 11134.4
82.608 11133.8
84.12 11133.2
92.547 11132.6
97.481 11130.6
97.484 11130.5
103.825 11130.2
103.826 11128.7
103.866 11127.5
103.868 11127.4
103.873 11127
110.433 11126.9
112.577 11125.1
118.243 11124.9
118.243 11124.7
118.374 11124.3
118.376 11123.5
120.291 11122
120.489 11120.2
123.83 11119.7
123.918 11119.1
127.816 11118.6
146.173 11118.6
146.175 11118.5
146.191 11118.1
146.206 11118.1
146.538 11118
146.538 11117.9
146.548 11117.3
146.569 11117.2
146.573 11116.6
146.605 11116.1
146.609 11116.1
146.611 11115.9
