0.007 1797.93
0.008 1794.6
0.008 1791.39
0.009 1791.02
0.01 1785.9
0.011 1782.83
0.011 1775.95
0.012 1772.82
0.014 1771.92
0.021 1771.06
0.033 1770.96
0.034 1769.47
0.039 1768.33
0.04 1767.96
0.067 1760.05
0.068 1758.74
0.069 1756.86
0.072 1756.49
0.073 1754.5
0.078 1753.23
0.079 1751.15
0.081 1747.1
0.085 1745.67
0.085 1745.48
0.089 1745.17
0.097 1742.78
0.182 1738.21
0.183 1737.65
0.24 1732.1
0.262 1731.41
0.797 1731
1.092 1730.69
2.166 1729.16
12.546 1728
32.816 1727.86
32.816 1727.72
38.436 1727.36
60 1727.36
81.721 1726.96
81.722 1726.59
