0.027 3932.66
0.027 3913.68
0.027 3906.31
0.028 3875.89
0.028 3875.39
0.029 3863.37
0.029 3852.06
0.029 3851.99
0.03 3800.99
0.032 3792.09
0.032 3778.76
0.032 3772.37
0.033 3770.14
0.034 3762.73
0.037 3761.05
0.04 3760.3
0.042 3759.77
0.045 3705.42
0.046 3704.91
0.047 3700.99
0.057 3698.82
0.057 3697.59
0.057 3695.64
0.059 3694.79
0.06 3692
0.061 3689.79
0.063 3688.21
0.102 3682.04
0.103 3679.96
0.103 3678.35
0.108 3676.14
0.111 3675.54
0.111 3675.44
0.112 3665.84
0.113 3665.29
0.113 3664.17
0.171 3653.39
0.171 3649.06
0.171 3648.98
0.173 3647.13
0.178 3646.88
0.183 3646.27
0.183 3641.62
0.185 3640.19
0.195 3634.75
0.195 3633.05
0.196 3631.25
0.243 3623.03
0.243 3619.01
0.244 3618.64
0.246 3616.58
0.251 3604.91
0.283 3604.64
1.045 3603.75
1.046 3602.85
1.046 3602.42
2.135 3597.66
2.135 3594.09
2.599 3593.99
2.754 3587.85
2.756 3586.57
2.757 3581.41
2.759 3579.1
2.76 3576.91
12.564 3572.94
13.169 3572.91
21.275 3572.07
27.669 3571.32
27.67 3571.3
27.688 3569.45
27.69 3569.07
32.976 3567.24
33.535 3565.71
33.537 3564.37
40.967 3563.62
40.968 3562.93
40.969 3562.86
41.167 3562.14
41.177 3561.43
41.185 3560.73
41.185 3557.43
53.963 3556.69
71.627 3556.44
72.3 3555.81
72.3 3555.5
84.458 3555.21
96.278 3555.06
103.691 3554.97
112.715 3554.21
124.409 3553.68
124.411 3553.66
124.639 3553.58
124.641 3553.54
133.256 3553.52
