0.008 3596.76
0.008 3588.02
0.008 3566.52
0.009 3564.93
0.009 3564.13
0.009 3553.42
0.009 3544.9
0.012 3541.65
0.013 3539.92
0.013 3537.44
0.014 3527.38
0.015 3523.25
0.015 3517.13
0.016 3513.15
0.022 3507.66
0.023 3497.29
0.03 3493.47
0.034 3470.43
0.035 3430.66
0.036 3425.69
0.039 3423.16
0.039 3419.59
0.096 3416.91
0.097 3416.52
0.896 3408.96
0.907 3405.85
0.908 3404.55
1.001 3404.38
1.001 3404.12
1.002 3402.09
1.004 3401.65
1.007 3394.23
1.618 3393.53
4.299 3391.76
4.299 3390.51
4.406 3390.27
4.47 3382.1
4.471 3381.42
10.71 3379.25
39.346 3376.69
39.349 3374.41
45.138 3373.34
45.143 3373.27
46.599 3370.86
46.666 3368.97
