0.008 1822.83
0.008 1795.77
0.008 1785.46
0.008 1783.59
0.009 1778.28
0.01 1773.52
0.01 1773.17
0.01 1772.49
0.012 1770.06
0.013 1767.37
0.015 1767.13
0.016 1756.74
0.018 1753.9
0.019 1753.74
0.021 1752.82
0.022 1751.06
0.023 1742.35
0.024 1742.13
0.03 1741.61
0.031 1741.43
0.031 1734.31
0.032 1720.35
0.038 1718.67
0.039 1718.24
0.04 1707.13
0.043 1704.58
0.043 1704.34
0.057 1700.35
0.057 1699.03
0.058 1691.52
0.064 1687.46
0.069 1683.92
0.07 1681.58
0.071 1681.19
0.073 1679.25
0.085 1674.36
0.118 1673.1
1.141 1669.03
1.147 1669
1.177 1667.26
1.414 1665.58
