0.027 3978.49
0.027 3952.91
0.027 3949.93
0.028 3945.16
0.028 3939.99
0.029 3917.75
0.029 3913.2
0.03 3894.57
0.03 3893.05
0.03 3891.99
0.03 3889.76
0.031 3864.2
0.031 3861.07
0.031 3857.07
0.032 3851.64
0.032 3846.52
0.033 3843.6
0.033 3825.66
0.034 3805.51
0.036 3803.68
0.036 3785.3
0.037 3784.79
0.039 3769.53
0.04 3766.94
0.046 3752.5
0.046 3748.44
0.049 3745.12
0.06 3740.31
0.061 3736.81
0.076 3732.91
0.077 3694.36
0.078 3692.12
0.079 3685.07
0.086 3682.83
0.087 3680.53
0.088 3673.29
0.092 3663.01
0.094 3656.37
0.094 3656.35
0.097 3655.32
0.102 3648.31
0.103 3646.08
0.103 3644.03
0.108 3637.28
0.109 3636.38
0.194 3632.96
0.196 3632.54
0.333 3622.84
0.335 3621.55
0.364 3620.46
0.364 3617.6
0.365 3616.46
0.365 3616.3
0.366 3615.36
0.383 3608.35
0.383 3608.24
0.384 3607.07
0.387 3606.95
0.39 3597.5
0.582 3596.24
0.583 3593.03
0.587 3582.64
0.592 3581.29
0.595 3578.1
0.616 3574.65
0.63 3572.9
0.63 3572.83
0.632 3570.99
2.323 3570.41
2.325 3564.87
2.334 3562.17
45.573 3559.87
45.576 3557.05
45.612 3556.97
46.478 3553.97
51.229 3553.51
51.301 3552.15
51.342 3546.92
103.782 3546.61
103.794 3546.49
