0.003 19591
0.005 19452
0.005 19421
0.005 19353
0.008 19349
0.009 19345
0.01 19310
0.011 19208
0.013 18992
0.014 18970
0.021 18716
0.022 18677
0.023 18654
0.026 18645
0.027 18635
0.027 18629
0.027 18620
0.032 18588
0.037 18560
0.038 18548
0.039 18541
0.045 18501
0.083 18464
0.088 18421
0.092 18398
0.093 18389
0.095 18328
0.097 18302
0.142 18216
0.154 18209
0.195 18207
0.275 18204
0.276 18202
0.288 18201
0.289 18186
0.306 18181
0.306 18177
0.307 18067
0.318 18026
0.432 18013
0.432 18002
0.433 17980
0.58 17977
0.58 17943
0.582 17934
0.582 17930
1.258 17927
1.26 17879
1.262 17841
1.849 17812
1.86 17798
1.861 17653
1.861 17600
1.87 17579
5.525 17578
5.56 17566
5.697 17543
6.424 17517
6.962 17502
6.988 17462
7.418 17444
8.136 17441
8.14 17432
8.144 17426
14.627 17407
14.639 17384
41.301 17373
41.333 17361
41.335 17348
41.402 17331
41.405 17318
59.913 17316
107.121 17311
208.017 17306
