0.004 20108
0.004 20100
0.004 20059
0.005 19973
0.006 19897
0.01 19895
0.012 19867
0.012 19856
0.013 19845
0.014 19842
0.014 19585
0.015 19320
0.015 19316
0.018 19248
0.019 19219
0.019 19157
0.021 19141
0.022 19137
0.023 19115
0.024 19084
0.028 18902
0.034 18899
0.034 18897
0.042 18886
0.056 18859
0.073 18854
0.074 18842
0.074 18837
0.075 18808
0.077 18725
0.172 18702
0.212 18701
0.229 18672
0.929 18663
1.032 18654
1.033 18653
1.036 18633
1.036 18615
1.04 18593
1.041 18564
4.603 18559
4.605 18555
4.645 18545
7.649 18544
7.957 18537
12.113 18526
27.841 18525
38.587 18514
38.588 18503
64.668 18501
65.59 18496
65.593 18492
65.596 18488
87.802 18486
106.195 18473
110.344 18471
113.526 18469
118.786 18458
