0.003 19740
0.004 19700
0.004 19621
0.005 19600
0.008 19580
0.008 19536
0.018 19425
0.02 19419
0.022 19325
0.023 19312
0.024 19177
0.027 19049
0.028 18904
0.028 18884
0.029 18860
0.03 18843
0.031 18833
0.033 18670
0.034 18620
0.038 18612
0.038 18589
0.04 18588
0.051 18581
0.053 18576
0.054 18562
0.054 18539
0.056 18515
0.061 18465
0.084 18439
0.088 18359
0.089 18336
0.09 18313
0.092 18308
0.093 18290
0.093 18212
0.094 18200
0.101 18182
0.108 18108
0.108 17983
0.11 17969
0.416 17951
0.417 17928
0.439 17886
1.651 17867
2.649 17865
2.652 17845
2.668 17835
7.635 17825
7.65 17791
7.651 17771
7.656 17704
7.745 17693
8.868 17689
8.871 17687
8.891 17683
8.905 17661
8.905 17655
8.907 17619
9.254 17613
9.255 17599
9.256 17597
9.273 17529
9.824 17491
9.83 17489
14.011 17474
28.077 17473
28.193 17472
28.194 17470
28.197 17468
28.23 17451
28.237 17435
28.239 17408
28.242 17407
28.266 17398
28.337 17331
28.34 17316
102.169 17311
