0.004 93752
0.005 93059
0.006 92953
0.007 92885
0.008 92597
0.009 90872
0.01 90114
0.01 90034
0.012 89770
0.013 89761
0.015 89603
0.015 89331
0.016 89249
0.018 89210
0.02 88480
0.022 88347
0.023 88287
0.025 87848
0.026 87845
0.026 87833
0.027 87829
0.028 87206
0.029 87155
0.035 86911
0.035 86858
0.038 86826
0.04 86806
0.047 86655
0.048 86558
0.049 86533
0.05 86490
0.052 86402
0.063 86130
0.064 85914
0.064 85906
0.065 85897
0.07 85891
0.072 85868
0.089 85857
0.095 85782
0.104 85597
0.105 85358
0.112 85283
0.112 85223
0.118 85222
0.119 85195
0.126 85162
0.127 85119
0.13 85113
0.173 85024
0.183 84993
0.187 84897
0.189 84894
0.19 84893
0.211 84783
0.212 84746
0.216 84736
0.218 84704
0.226 84676
0.232 84659
0.232 84648
0.237 84620
0.241 84606
0.242 84602
0.31 84592
0.426 84510
0.427 84507
0.432 84443
0.557 84335
0.595 84334
0.598 84329
0.6 84302
0.616 84299
0.625 84259
0.628 84251
0.629 84230
0.685 84209
0.695 84163
0.697 84162
1.14 84150
1.179 84109
1.181 84108
1.356 84069
1.37 84024
1.371 83910
1.371 83866
1.383 83852
1.42 83830
1.426 83803
1.488 83761
1.502 83753
1.616 83749
1.616 83744
1.617 83742
1.622 83711
2.145 83684
2.151 83680
2.153 83659
2.175 83647
2.177 83645
2.177 83624
2.528 83622
7.726 83612
7.73 83609
7.743 83602
7.75 83595
23.875 83589
23.877 83580
23.882 83576
23.883 83567
23.884 83556
23.886 83553
23.894 83532
23.918 83508
23.921 83481
32.402 83468
32.409 83457
33.741 83450
33.747 83446
33.773 83440
33.789 83430
33.792 83414
33.795 83401
33.796 83399
33.799 83395
33.803 83389
33.806 83365
41.685 83328
50.159 83297
50.159 83292
50.16 83290
50.162 83285
96.869 83264
96.911 83261
96.914 83244
96.933 83241
96.937 83240
96.941 83238
165.408 83233
165.419 83227
174.866 83226
174.88 83219
174.908 83215
177.322 83208
178.301 83205
178.316 83201
179.008 83200
179.01 83197
179.011 83183
184.336 83172
184.339 83171
268.517 83167
274.572 83165
278.768 83164
278.802 83163
278.803 83159
295.14 83157
300.375 83156
348.229 83152
