0.005 22612
0.006 22588
0.006 22574
0.007 21402
0.008 21278
0.011 21258
0.012 21155
0.013 21037
0.014 21012
0.015 21007
0.021 20995
0.022 20983
0.025 20951
0.028 20903
0.033 20894
0.034 20890
0.034 20832
0.034 20829
0.035 20767
0.035 20764
0.035 20753
0.036 20672
0.036 20562
0.037 20556
0.038 20253
0.042 20212
0.042 20196
0.046 19501
0.047 19257
0.054 19211
0.058 19174
0.059 19115
0.06 19048
0.069 19025
0.069 19012
0.07 18962
0.074 18947
0.085 18928
0.109 18926
0.122 18920
0.123 18916
0.193 18902
0.195 18894
0.221 18885
0.223 18884
0.223 18880
0.239 18873
0.241 18866
0.248 18832
0.255 18805
0.262 18769
0.263 18750
0.285 18741
0.285 18700
0.286 18693
0.286 18650
0.287 18627
0.528 18619
0.528 18617
0.531 18589
0.531 18552
0.808 18551
0.81 18527
0.865 18526
0.867 18519
3.032 18504
3.033 18501
3.036 18480
3.038 18479
11.176 18465
21.869 18462
21.891 18443
28.834 18442
28.834 18432
117.399 18430
117.431 18429
117.449 18423
168.136 18420
188.213 18418
188.25 18417
196.608 18413
