0.004 17073
0.005 17042
0.006 16906
0.008 16757
0.008 16693
0.009 16674
0.011 16637
0.011 16599
0.011 16598
0.013 16593
0.013 16574
0.02 16560
0.021 16498
0.021 16486
0.022 16484
0.022 16388
0.022 16351
0.035 16208
0.038 16197
0.039 16193
0.04 16104
0.04 15846
0.043 15774
0.075 15768
0.078 15765
0.078 15761
0.113 15757
0.147 15748
0.15 15741
0.154 15739
0.16 15729
0.222 15728
0.223 15693
0.463 15596
0.465 15567
0.475 15546
0.476 15545
0.477 15525
0.479 15515
0.48 15506
0.849 15501
0.972 15460
0.972 15448
0.973 15438
0.973 15433
2.792 15410
2.807 15406
2.807 15384
2.881 15340
2.883 15280
2.883 15260
2.89 15219
2.907 15196
3.066 15146
3.067 15129
3.136 15125
8.008 15107
8.018 15081
29.174 15078
48.513 15070
48.538 15069
48.538 15059
59.028 15050
59.028 15046
59.126 15033
73.98 15011
73.985 14996
136.308 14994
175.974 14985
