0.004 24988
0.004 24963
0.004 24843
0.005 24739
0.005 24714
0.006 24687
0.006 24585
0.007 24471
0.007 24429
0.009 24378
0.009 24326
0.009 24246
0.01 23795
0.012 23514
0.013 23195
0.014 23172
0.014 23144
0.015 23074
0.026 23057
0.027 22898
0.027 22887
0.027 22863
0.028 22846
0.032 22836
0.034 22834
0.036 22824
0.037 22816
0.039 22813
0.039 22786
0.041 22780
0.042 22751
0.043 22676
0.052 22653
0.053 22607
0.055 22586
0.056 22585
0.056 22579
0.059 22524
0.06 22507
0.06 22440
0.061 22433
0.064 22398
0.065 22374
0.066 22340
0.068 22257
0.106 22142
0.109 22075
0.11 22037
0.113 22011
0.114 21956
0.114 21800
0.115 21795
0.115 21780
0.116 21695
0.117 21445
0.118 21440
0.119 21418
0.122 21405
0.123 21359
0.148 21348
0.149 21345
0.176 21337
0.177 21234
0.195 21209
0.197 21172
0.207 21123
0.207 21117
0.213 21077
0.26 21071
0.368 21057
0.422 21036
0.428 21014
0.504 20991
0.504 20973
0.525 20947
0.53 20946
0.532 20942
0.533 20931
0.549 20919
1.697 20907
1.708 20898
1.712 20848
1.721 20834
2.504 20797
2.506 20781
2.516 20774
2.914 20752
2.915 20745
12.764 20715
13.266 20696
21.081 20678
21.18 20675
39.221 20643
