0.004 24970
0.004 24930
0.004 24159
0.005 24104
0.005 24057
0.006 24024
0.006 23885
0.007 23846
0.007 23748
0.008 23396
0.008 23158
0.009 23154
0.009 23135
0.012 23028
0.013 22902
0.014 22894
0.015 22893
0.016 22892
0.018 22839
0.018 22832
0.019 22821
0.024 22703
0.025 22645
0.029 22537
0.03 22433
0.031 22306
0.032 22104
0.033 22008
0.034 21989
0.085 21940
0.085 21893
0.086 21573
0.087 21555
0.089 21533
0.097 21425
0.1 21406
0.1 21373
0.101 21369
0.101 21361
0.102 21341
0.103 21334
0.108 21330
0.112 21315
0.13 21313
0.131 21303
0.133 21296
0.133 21295
0.135 21262
0.149 21247
0.158 21240
0.167 21148
0.167 21134
0.169 21098
0.177 21076
0.177 21063
0.228 21046
0.269 20997
0.445 20977
0.449 20938
0.457 20923
0.471 20896
0.573 20892
0.578 20891
0.579 20879
0.917 20866
0.917 20859
0.92 20804
1.667 20791
2.46 20787
2.464 20781
2.521 20762
2.523 20761
2.524 20754
4.251 20744
18.01 20742
18.075 20730
18.113 20719
18.124 20716
24.527 20689
25.501 20676
25.512 20675
26.878 20674
27.903 20669
27.904 20668
29.784 20663
30.893 20632
