0.007 57620
0.007 57551
0.008 57520
0.011 57261
0.012 57234
0.013 56835
0.013 56329
0.015 56289
0.016 56192
0.017 55756
0.018 55712
0.018 55681
0.019 55408
0.02 55190
0.02 55174
0.023 55117
0.023 55102
0.024 55068
0.024 55038
0.026 54941
0.026 54887
0.03 54820
0.032 54743
0.034 54101
0.036 54050
0.039 54045
0.041 54033
0.044 53955
0.045 53873
0.055 53833
0.056 53741
0.057 53737
0.058 53734
0.059 53613
0.061 53590
0.061 53565
0.061 53550
0.062 53515
0.063 53459
0.064 53452
0.066 53294
0.07 53242
0.072 53234
0.073 53230
0.075 53205
0.078 53058
0.08 52961
0.08 52939
0.088 52933
0.091 52920
0.091 52901
0.093 52810
0.094 52798
0.094 52760
0.098 52726
0.1 52723
0.101 52688
0.107 52678
0.108 52651
0.143 52604
0.145 52595
0.15 52568
0.15 52486
0.152 52442
0.154 52437
0.154 52348
0.156 52339
0.159 52327
0.162 52306
0.165 52276
0.166 52239
0.168 52164
0.172 52161
0.182 52128
0.189 52058
0.263 52048
0.264 52041
0.348 52014
0.348 51996
0.539 51943
0.54 51923
0.565 51922
0.566 51917
0.567 51911
0.629 51888
0.629 51850
0.637 51815
0.643 51808
0.644 51803
0.648 51791
1.001 51758
1.008 51713
1.01 51695
1.076 51693
1.078 51691
1.093 51673
1.095 51618
1.1 51609
1.106 51605
1.15 51594
1.151 51573
1.155 51540
1.184 51495
1.187 51472
1.188 51432
1.19 51347
1.191 51333
1.193 51304
1.194 51289
1.236 51277
1.237 51203
1.244 51195
1.273 51193
1.277 51166
1.302 51147
1.324 51115
1.329 51111
1.333 51093
2.242 51082
2.244 51026
2.245 51017
2.247 50937
2.264 50930
2.274 50915
2.739 50898
2.74 50889
2.741 50851
2.741 50840
2.743 50836
2.777 50835
2.778 50805
2.791 50796
2.792 50772
6.702 50759
6.715 50749
6.929 50699
6.955 50684
6.96 50658
6.994 50646
6.997 50599
7.001 50592
7.002 50578
12.233 50569
12.234 50567
28.89 50551
28.892 50549
28.892 50535
29.349 50534
29.927 50532
29.93 50521
29.956 50518
29.96 50464
29.966 50454
31.18 50450
31.182 50436
31.707 50428
31.708 50417
31.714 50401
40.271 50386
40.281 50363
40.282 50345
40.29 50316
87.667 50309
88.992 50301
89.806 50300
89.812 50299
89.836 50291
123.393 50259
123.396 50254
124.609 50253
124.629 50252
142.048 50240
260.226 50239
261.009 50235
261.282 50230
261.456 50229
316.609 50227
