0.004 16862
0.004 16852
0.005 16748
0.006 16745
0.007 16744
0.009 16654
0.011 16482
0.012 16478
0.014 16472
0.015 16462
0.016 16428
0.016 16357
0.017 16314
0.017 16289
0.02 16101
0.02 16044
0.022 16028
0.022 16016
0.024 15951
0.027 15938
0.027 15919
0.032 15907
0.033 15897
0.034 15895
0.036 15874
0.039 15868
0.04 15846
0.066 15768
0.066 15760
0.067 15743
0.067 15552
0.069 15543
0.071 15530
0.072 15512
0.259 15505
0.261 15462
0.265 15456
0.348 15435
0.641 15409
0.642 15353
0.646 15341
1.05 15327
2.043 15302
2.044 15295
2.044 15264
2.046 15246
2.046 15210
2.046 15197
2.208 15181
2.208 15168
2.209 15138
2.213 15111
10.926 15106
11.704 15101
22.991 15081
22.994 15078
22.996 15077
47.404 15070
47.475 15040
47.498 15035
108.819 15031
108.82 15030
134.806 15017
134.819 15016
