0.005 33957
0.005 33812
0.007 33182
0.008 33019
0.009 32929
0.009 32916
0.01 32897
0.013 32862
0.014 32848
0.015 32844
0.017 32181
0.017 32111
0.019 32093
0.023 32073
0.024 32068
0.025 32039
0.026 32024
0.029 32021
0.03 31997
0.031 31901
0.031 31827
0.032 31823
0.032 31798
0.033 31782
0.04 31774
0.041 31749
0.043 31745
0.044 31606
0.045 31527
0.046 31496
0.066 31329
0.069 31301
0.07 31190
0.07 31160
0.071 31141
0.072 31122
0.074 31113
0.079 31051
0.08 30910
0.083 30892
0.084 30826
0.087 30780
0.09 30758
0.092 30708
0.092 30707
0.094 30642
0.095 30640
0.096 30630
0.097 30629
0.108 30608
0.109 30593
0.11 30581
0.11 30578
0.129 30549
0.159 30521
0.257 30490
0.258 30482
0.258 30481
0.264 30471
0.277 30464
0.342 30426
0.585 30409
1.667 30382
1.667 30381
3.039 30378
3.04 30342
4.276 30326
4.288 30232
17.12 30221
17.121 30220
31.039 30215
31.066 30209
31.088 30207
31.092 30196
31.095 30192
31.102 30181
31.103 30174
31.103 30148
31.796 30137
31.8 30132
31.823 30119
31.851 30117
32.733 30107
32.733 30104
32.735 30102
32.738 30093
32.739 30085
32.741 30084
32.761 30072
32.765 30066
86.176 30064
86.178 30053
86.198 30052
86.2 30037
87.297 30036
87.299 30035
87.304 30019
87.324 30006
87.326 30000
88.765 29994
89.483 29993
89.489 29991
89.489 29987
106.085 29981
106.089 29973
106.108 29971
106.12 29966
106.257 29957
106.259 29951
106.264 29946
106.268 29936
115.867 29931
115.868 29916
115.881 29910
116.806 29892
116.869 29885
116.878 29883
117.018 29882
117.04 29881
117.055 29880
117.15 29876
117.151 29839
118.208 29834
118.21 29831
118.214 29824
118.321 29818
118.333 29779
118.35 29776
