0.005 30246
0.006 30211
0.007 30186
0.008 30180
0.009 30172
0.011 30062
0.012 29904
0.013 29717
0.014 29533
0.015 29526
0.015 29525
0.015 29524
0.018 29514
0.02 29502
0.02 29379
0.023 29354
0.023 29327
0.024 29315
0.028 29306
0.029 29303
0.03 29285
0.039 29260
0.039 29250
0.04 29225
0.042 29196
0.043 29191
0.046 29172
0.049 29089
0.053 28954
0.053 28950
0.054 28945
0.056 28868
0.057 28865
0.057 28860
0.06 28859
0.063 28766
0.067 28732
0.082 28703
0.083 28683
0.084 28659
0.084 28617
0.084 28537
0.085 28528
0.117 28518
0.118 28517
0.119 28484
0.12 28471
0.121 28468
0.126 28441
0.13 28425
0.13 28424
0.16 28399
0.16 28384
0.162 28364
0.167 28332
0.188 28275
0.189 28239
0.19 28202
0.195 28196
0.195 28183
0.199 28148
0.202 28128
0.206 28120
0.22 28089
0.22 28060
0.247 28046
0.251 28004
0.252 27963
0.252 27897
0.256 27896
0.256 27873
0.257 27858
0.32 27773
0.321 27695
0.321 27625
0.331 27598
0.331 27576
0.335 27509
0.336 27497
0.336 27492
0.337 27488
0.337 27466
0.339 27439
0.348 27429
0.354 27424
0.355 27393
0.357 27382
0.359 27353
0.36 27333
0.404 27283
0.405 27270
0.456 27253
0.457 27250
0.459 27239
0.459 27234
0.46 27218
0.461 27195
0.462 27187
1.219 27183
1.22 27169
1.719 27165
1.729 27138
1.741 27131
1.743 27109
1.745 27103
1.745 27093
1.748 27091
3.522 27068
3.535 27059
3.535 27042
3.539 27037
3.54 27011
11.089 27010
11.089 27006
11.09 26994
11.092 26987
14.013 26976
15.749 26964
15.749 26960
15.759 26941
15.769 26937
15.769 26932
15.77 26900
15.771 26899
16.078 26885
16.08 26882
17.55 26859
17.55 26842
22.119 26814
22.777 26801
22.78 26794
22.781 26793
36.212 26780
37.499 26726
41.47 26662
41.849 26631
41.85 26630
49.273 26628
71.212 26624
71.222 26613
106.126 26610
106.128 26600
110.191 26590
110.8 26587
111.003 26582
111.005 26579
122.978 26574
122.982 26572
122.982 26553
123.021 26551
123.023 26550
123.026 26547
123.046 26545
142.266 26534
142.267 26529
142.268 26528
142.416 26526
143.015 26523
143.016 26521
143.256 26516
143.275 26515
143.288 26512
