0.004 24950
0.004 24900
0.005 23888
0.005 23878
0.005 23877
0.006 23555
0.007 23514
0.008 23485
0.012 23457
0.014 23430
0.016 23323
0.017 23303
0.019 23290
0.019 23229
0.02 23119
0.021 23060
0.021 23039
0.021 22885
0.024 22843
0.026 22663
0.026 22560
0.027 22534
0.027 22501
0.03 22494
0.031 22415
0.033 22397
0.059 22126
0.063 21652
0.064 21554
0.064 21515
0.065 21510
0.068 21454
0.069 21407
0.07 21398
0.073 21388
0.236 21376
0.258 21302
0.259 21252
0.26 21172
0.262 21135
0.263 21044
0.367 21013
0.368 20995
0.46 20986
0.461 20979
0.463 20974
0.464 20968
0.518 20956
0.781 20947
0.8 20937
0.833 20885
1.691 20875
1.728 20842
1.731 20834
1.733 20819
1.737 20816
1.744 20811
1.745 20796
1.865 20790
2.038 20783
2.119 20759
2.12 20742
2.137 20732
2.14 20726
3.748 20723
6.454 20710
11.25 20693
11.427 20692
27.625 20690
27.627 20684
27.628 20674
27.629 20673
31.105 20670
31.114 20669
31.116 20663
56.635 20585
56.671 20584
56.777 20581
56.793 20580
57.031 20575
