0.008 38766
0.008 38765
0.008 38740
0.009 38727
0.009 38715
0.01 38692
0.01 38666
0.011 38651
0.012 38527
0.012 38521
0.013 38485
0.015 38458
0.015 38394
0.022 38166
0.023 38160
0.024 37966
0.026 37952
0.026 37898
0.029 37848
0.029 37847
0.033 37839
0.055 37765
0.056 37743
0.057 37706
0.059 37638
0.06 37502
0.068 37448
0.069 37409
0.072 37400
0.079 37307
0.08 37221
0.083 37184
0.084 37123
0.086 37117
0.088 37103
0.088 37088
0.131 37081
0.132 37040
0.133 37027
0.134 37010
0.171 37000
0.18 36997
0.186 36892
0.251 36836
0.252 36822
0.26 36765
0.262 36718
0.264 36704
0.271 36689
0.273 36688
0.396 36615
0.396 36567
0.398 36559
0.43 36543
0.43 36497
0.432 36458
0.472 36425
0.536 36395
0.536 36380
0.538 36378
0.542 36369
0.543 36364
0.543 36331
0.544 36254
0.552 36222
0.625 36206
0.626 36201
1.322 36190
1.323 36188
1.323 36185
1.544 36126
1.545 36125
1.547 36008
1.786 35970
1.788 35964
2.143 35925
2.599 35893
2.6 35863
2.6 35832
12.813 35820
12.817 35800
12.817 35791
12.818 35764
12.819 35754
12.824 35742
14.96 35739
14.961 35737
14.963 35688
14.964 35687
14.965 35686
15.12 35682
15.129 35653
18.136 35648
18.137 35621
18.138 35607
19.893 35574
19.894 35549
62.114 35522
62.115 35516
62.178 35481
62.19 35444
62.19 35384
62.195 35378
62.216 35372
62.234 35368
80.162 35341
80.462 35330
80.819 35313
80.823 35305
80.826 35299
80.827 35284
80.89 35276
80.897 35268
80.904 35262
80.999 35258
91.204 35256
96.162 35247
96.2 35246
96.202 35231
96.21 35230
96.211 35228
149.726 35227
149.758 35225
149.797 35221
155.966 35219
166.516 35214
166.808 35202
167.483 35200
169.464 35194
169.814 35190
176.258 35189
176.28 35186
210.878 35182
211.055 35180
211.077 35178
