0.006 16387
0.006 16342
0.006 16315
0.007 16306
0.007 16234
0.007 16221
0.008 16208
0.008 16156
0.009 16049
0.009 16038
0.01 16011
0.011 15969
0.012 15856
0.013 15853
0.013 15847
0.014 15839
0.014 15758
0.014 15719
0.015 15644
0.016 15593
0.019 15580
0.021 15573
0.023 15553
0.024 15281
0.028 15272
0.028 15259
0.03 15197
0.033 15179
0.034 15097
0.041 15096
0.055 15091
0.055 15087
0.056 15058
0.056 15047
0.061 15046
0.062 15028
0.062 14999
0.063 14992
0.084 14916
0.085 14855
0.085 14783
0.086 14750
0.086 14744
0.087 14736
0.088 14678
0.088 14676
0.089 14669
0.089 14661
0.09 14648
0.094 14640
0.097 14595
0.105 14594
0.132 14563
0.141 14560
0.143 14557
0.144 14528
0.244 14522
0.244 14515
3.05 14483
19.772 14479
22.764 14477
53.75 14476
65.961 14475
72.756 14468
91.375 14459
106.393 14456
