0.005 21224
0.005 21206
0.006 21158
0.007 21150
0.007 21136
0.007 21121
0.01 21090
0.015 21086
0.018 21037
0.019 21035
0.019 21027
0.019 21025
0.026 20639
0.026 20608
0.031 20596
0.032 20582
0.035 20558
0.04 20550
0.042 20543
0.042 20539
0.045 20507
0.046 20503
0.046 20493
0.056 20471
0.13 20464
0.135 20460
0.204 20454
0.207 20423
0.209 20402
0.21 20387
0.21 20382
0.212 20374
0.213 20366
0.214 20365
0.216 20341
0.234 20315
0.534 20314
0.539 20312
0.735 20311
0.809 20296
1.256 20268
1.26 20262
1.562 20202
1.571 20129
1.573 20094
1.575 20088
1.576 20073
1.58 20046
1.583 20041
1.584 20027
1.584 20026
1.585 19994
1.844 19979
1.846 19971
1.932 19969
1.968 19958
1.968 19937
1.969 19933
1.969 19921
13.735 19917
14.456 19913
14.457 19908
14.491 19886
14.493 19873
14.494 19865
57.889 19860
57.893 19842
57.896 19813
57.898 19798
57.898 19797
57.903 19795
129.359 19783
178.527 19780
178.528 19773
185.72 19768
186.086 19767
186.501 19766
186.506 19764
186.508 19762
186.509 19759
199.565 19757
248.716 19753
254.847 19750
254.898 19745
254.906 19743
254.913 19740
255.416 19738
255.501 19734
279.626 19733
279.92 19731
279.971 19730
280.281 19728
280.283 19721
