0.005 34117
0.005 34104
0.005 33885
0.009 32769
0.012 32600
0.012 32589
0.013 32396
0.015 32365
0.015 32351
0.016 32318
0.017 32290
0.017 32254
0.019 32251
0.02 32248
0.021 32237
0.022 32234
0.023 32109
0.024 32090
0.025 31996
0.026 31987
0.027 31917
0.028 31882
0.03 31823
0.031 31763
0.033 31734
0.034 31719
0.034 31690
0.035 31619
0.035 31603
0.062 31591
0.064 31501
0.068 31385
0.069 31382
0.07 31381
0.07 31351
0.072 31328
0.206 31124
0.206 31113
0.214 31088
0.215 31080
0.218 31015
0.219 30874
0.223 30809
0.223 30791
0.224 30776
0.235 30722
0.238 30700
0.239 30699
0.25 30687
0.251 30671
0.251 30649
0.252 30573
0.252 30542
0.345 30420
0.346 30418
0.493 30371
0.497 30363
0.664 30352
0.666 30328
0.667 30323
0.667 30305
1.348 30286
1.349 30277
1.846 30246
1.846 30185
1.94 30182
1.941 30171
4.201 30114
7.23 30100
7.437 30054
7.443 29997
49.4 29993
49.406 29953
49.406 29944
49.408 29928
49.409 29924
49.428 29916
49.431 29913
49.431 29903
49.442 29894
79.621 29880
91.92 29866
91.954 29862
91.958 29850
91.98 29847
92.117 29840
92.121 29835
92.122 29832
92.129 29830
92.139 29826
92.14 29818
92.157 29810
102.93 29803
102.933 29797
102.938 29792
102.961 29781
102.964 29760
104.483 29754
105.428 29746
107.752 29743
107.755 29741
110.393 29736
110.395 29732
