0.007 18573
0.008 18493
0.009 18470
0.009 18467
0.009 18435
0.009 18431
0.01 18428
0.01 18393
0.011 18181
0.011 18177
0.011 18176
0.013 18120
0.013 18109
0.014 17943
0.015 17936
0.017 17910
0.018 17903
0.019 17896
0.021 17890
0.022 17747
0.025 17688
0.026 17635
0.027 17620
0.032 17490
0.032 17482
0.033 17351
0.033 17323
0.035 17188
0.037 17178
0.039 17171
0.04 17165
0.041 17161
0.041 17158
0.046 17157
0.049 17144
0.07 17139
0.102 17136
0.106 17125
0.106 17088
0.109 17081
0.109 17080
0.109 17079
0.114 17065
0.114 17051
0.123 17050
0.123 17045
0.126 17017
0.127 16997
0.128 16991
0.277 16979
0.28 16976
0.282 16966
0.282 16963
0.283 16921
0.283 16906
0.335 16896
0.347 16881
0.402 16880
0.578 16878
0.579 16841
0.58 16822
0.817 16800
0.886 16788
1.138 16783
1.147 16782
1.148 16751
1.149 16734
1.151 16720
1.152 16713
1.152 16684
1.154 16679
1.177 16667
1.203 16627
1.204 16625
1.206 16603
1.282 16575
1.282 16568
1.298 16558
1.845 16537
2.129 16529
2.129 16497
2.134 16480
2.134 16470
123.02 16468
127.136 16464
136.732 16457
147.495 16456
147.502 16444
178.711 16438
243.385 16436
248.569 16435
252.101 16432
252.399 16430
259.011 16424
316.011 16423
323.262 16422
323.279 16418
