0.008 22461
0.008 22354
0.009 22297
0.01 22275
0.01 22255
0.01 22174
0.012 22058
0.012 21972
0.016 21851
0.018 21828
0.021 21827
0.021 21824
0.022 21821
0.022 21814
0.022 21811
0.026 21805
0.029 21625
0.031 21623
0.033 21622
0.034 21614
0.036 21601
0.036 21600
0.038 21591
0.044 21450
0.047 21442
0.047 21432
0.047 21420
0.048 21299
0.048 21292
0.048 21260
0.049 21219
0.052 21162
0.053 21158
0.054 21108
0.054 21089
0.055 21085
0.061 21076
0.065 21058
0.069 21056
0.07 21054
0.072 21029
0.079 21006
0.08 21003
0.08 20996
0.081 20973
0.082 20969
0.084 20964
0.09 20954
0.091 20933
0.094 20866
0.096 20835
0.098 20834
0.098 20735
0.101 20697
0.103 20360
0.104 20307
0.104 20305
0.108 20248
0.109 20163
0.11 20141
0.11 20088
0.111 20035
0.112 20024
0.113 20021
0.138 20004
0.138 20000
0.146 19998
0.146 19990
0.169 19956
0.17 19947
0.176 19926
0.18 19877
0.181 19834
0.183 19798
0.187 19789
0.188 19782
0.192 19757
0.204 19741
0.205 19676
0.206 19674
0.206 19629
0.207 19626
0.285 19088
0.286 18904
0.286 18840
0.287 18798
0.287 18787
0.289 18786
0.296 18784
0.317 18780
0.338 18758
0.338 18734
0.341 18729
0.343 18675
0.371 18672
0.446 18668
0.448 18661
0.449 18647
0.474 18632
0.474 18629
0.509 18607
0.527 18573
0.528 18564
0.528 18562
0.529 18549
0.53 18531
0.594 18528
0.603 18526
0.606 18524
0.607 18521
0.607 18519
0.618 18499
0.663 18480
0.665 18466
0.665 18443
0.666 18436
0.666 18424
0.666 18407
0.667 18404
0.669 18402
0.67 18401
0.996 18397
12.78 18386
12.782 18383
14.704 18366
17.803 18336
20.661 18311
20.674 18300
20.674 18299
20.678 18295
51.604 18285
53.595 18283
55.131 18280
55.733 18266
55.735 18254
55.819 18252
91.003 18234
91.493 18232
91.496 18230
91.723 18225
92.763 18218
92.78 18217
116.169 18213
124.138 18202
124.15 18195
124.15 18192
124.151 18190
135.035 18189
259.673 18184
261.558 18177
261.565 18175
271.346 18169
272.477 18168
274.548 18167
274.591 18165
274.595 18164
