0.008 24309
0.008 24279
0.01 24250
0.01 24222
0.01 24077
0.011 23897
0.011 23887
0.012 23670
0.013 23643
0.013 23628
0.014 23470
0.015 23422
0.015 23248
0.015 23243
0.016 23159
0.018 23121
0.018 23094
0.018 23059
0.019 23033
0.02 23022
0.02 23012
0.022 22968
0.029 22935
0.031 22858
0.031 22833
0.032 22823
0.032 22817
0.033 22755
0.034 22749
0.037 22686
0.038 22643
0.039 22551
0.04 22503
0.041 22462
0.045 22455
0.045 22432
0.046 22421
0.046 22420
0.048 22397
0.048 22389
0.049 22368
0.052 22365
0.052 22355
0.053 22288
0.053 22283
0.054 22238
0.057 22223
0.057 22210
0.057 22178
0.081 22175
0.083 22173
0.085 22140
0.088 22073
0.1 22072
0.101 22071
0.101 22063
0.122 21999
0.127 21964
0.128 21863
0.143 21796
0.144 21754
0.144 21738
0.147 21690
0.149 21624
0.149 21599
0.174 21568
0.175 21566
0.176 21551
0.179 21476
0.19 21475
0.192 21425
0.192 21421
0.194 21410
0.195 21409
0.197 21378
0.205 21366
0.22 21332
0.222 21324
0.222 21290
0.223 21285
0.224 21278
0.227 21260
0.228 21254
0.236 21247
0.237 21240
0.238 21239
0.24 21236
0.242 21222
0.242 21218
0.243 21195
0.246 21181
0.247 21087
0.247 21079
0.248 21073
0.25 21040
0.25 21027
0.25 21004
0.25 21000
0.251 20943
0.253 20920
0.254 20906
0.26 20905
0.261 20904
0.262 20898
0.269 20880
0.27 20862
0.987 20856
0.988 20825
1.842 20806
1.844 20758
1.845 20744
1.848 20721
2.686 20691
2.687 20670
2.774 20643
2.775 20617
2.776 20608
4.725 20588
10.14 20586
10.708 20584
10.709 20576
34.606 20574
37.181 20572
37.183 20569
37.232 20561
55.482 20558
55.483 20540
67.972 20528
67.973 20527
78.93 20521
105.354 20519
106.139 20515
106.142 20511
106.179 20510
110.592 20508
110.593 20501
115.981 20493
115.981 20491
116.248 20482
116.254 20481
116.254 20466
131.809 20453
137.211 20442
137.987 20437
137.991 20433
137.999 20418
140.922 20410
143.493 20405
169.066 20402
169.074 20394
169.994 20376
224.667 20374
275.583 20370
275.678 20369
275.696 20365
275.783 20361
278.968 20357
278.975 20356
281.994 20352
