0.008 27650
0.008 27622
0.009 27616
0.009 27559
0.009 27540
0.01 27479
0.01 27451
0.01 27442
0.011 27418
0.011 27413
0.012 27408
0.012 27388
0.012 27028
0.013 27024
0.014 26893
0.016 26855
0.021 26826
0.026 26798
0.027 26751
0.028 26675
0.028 26667
0.028 26641
0.029 26624
0.033 26593
0.034 26573
0.035 26571
0.035 26562
0.038 26533
0.039 26505
0.039 26497
0.041 26489
0.043 26485
0.047 26452
0.048 26447
0.048 26445
0.049 26429
0.051 26315
0.055 24454
0.055 24439
0.057 24379
0.058 24378
0.058 24293
0.06 24255
0.061 24115
0.062 24091
0.063 24061
0.063 23985
0.063 23967
0.064 23954
0.068 23936
0.068 23912
0.069 23837
0.072 23798
0.073 23757
0.074 23547
0.074 23537
0.074 23509
0.074 23496
0.098 23342
0.098 23313
0.102 23276
0.104 23217
0.105 23199
0.105 23188
0.111 23110
0.112 23109
0.112 23070
0.113 23012
0.113 22999
0.121 22927
0.125 22903
0.13 22891
0.135 22827
0.135 22802
0.141 22673
0.143 22669
0.143 22664
0.144 22660
0.144 22657
0.144 22623
0.146 22591
0.15 22560
0.156 22559
0.158 22554
0.16 22530
0.165 22514
0.166 22512
0.173 22478
0.173 22472
0.189 22448
0.189 22417
0.193 22416
0.199 22389
0.2 22378
0.253 22376
0.255 22375
0.258 22368
0.28 22359
0.287 22351
0.289 22350
0.289 22339
0.29 22330
0.293 22316
0.293 22299
0.294 22274
0.321 22216
0.322 22207
0.348 22172
0.371 22170
0.372 22155
0.372 22142
0.373 22137
0.379 22089
0.38 22083
0.435 22054
0.437 22045
0.438 22015
0.438 22011
0.439 21960
0.441 21919
0.463 21911
0.465 21829
0.502 21804
0.502 21790
2.45 21782
2.451 21741
2.453 21690
24.695 21680
55.763 21674
62.325 21667
62.711 21648
62.809 21642
98.705 21638
103.505 21632
103.566 21628
103.567 21625
103.567 21624
109.099 21616
109.105 21602
109.106 21601
109.171 21600
109.189 21593
187.276 21592
187.298 21590
188.059 21586
189.709 21585
189.784 21584
191.065 21582
191.067 21581
193.796 21578
