0.01 20269
0.011 20267
0.011 20239
0.011 20230
0.012 20136
0.012 20096
0.013 20017
0.013 20016
0.014 20011
0.015 19941
0.015 19923
0.016 19913
0.016 19912
0.018 19897
0.018 19878
0.021 19723
0.025 19702
0.025 19700
0.026 19684
0.033 19662
0.033 19659
0.039 19561
0.039 19559
0.043 19544
0.044 19495
0.044 19493
0.045 19492
0.059 19480
0.061 19461
0.064 19442
0.064 19390
0.081 19375
0.082 19344
0.083 19342
0.087 19323
0.11 19316
0.11 19309
0.111 19308
0.111 19304
0.114 19278
0.115 19255
0.134 19215
0.146 19212
0.147 19165
0.172 19160
0.233 18959
0.235 18957
0.235 18947
0.242 18946
0.278 18902
0.339 18877
0.339 18876
0.347 18868
0.354 18862
0.354 18820
0.361 18818
0.393 18809
0.47 18777
0.47 18764
0.472 18761
0.477 18749
0.478 18733
0.516 18710
0.519 18694
0.521 18687
0.522 18673
0.522 18601
0.523 18581
0.526 18572
0.527 18553
0.529 18543
0.53 18535
0.531 18525
0.532 18517
0.545 18503
4.162 18489
5.599 18479
5.961 18470
5.965 18454
6.5 18453
6.5 18450
6.501 18447
6.502 18431
6.512 18423
6.513 18405
6.514 18384
17.143 18371
17.144 18346
17.144 18344
66.015 18338
66.097 18323
102.889 18321
102.945 18314
103 18307
103.005 18299
172.642 18291
172.689 18280
194.776 18279
205.581 18278
212.625 18277
218.472 18275
218.486 18274
233.518 18273
233.528 18272
237.914 18271
241.813 18270
268.335 18268
273.518 18267
289.396 18266
299.973 18264
