0.011 119679
0.011 119641
0.012 118865
0.013 118824
0.014 118630
0.015 118207
0.016 117471
0.019 117440
0.02 116616
0.02 116538
0.022 116530
0.023 115686
0.024 115591
0.024 115197
0.025 114546
0.026 114241
0.027 114207
0.028 114184
0.028 113529
0.029 113517
0.03 113500
0.031 113489
0.032 113160
0.034 113129
0.034 113112
0.035 112717
0.037 112138
0.038 111616
0.039 111297
0.04 110653
0.041 110096
0.044 110009
0.044 110005
0.044 110004
0.046 109948
0.047 109165
0.048 109121
0.048 108493
0.05 108102
0.051 108056
0.051 108049
0.052 107965
0.054 107788
0.056 107682
0.06 107663
0.06 107654
0.061 107631
0.064 107439
0.068 107418
0.068 107394
0.07 107369
0.072 107354
0.074 107334
0.08 107233
0.08 107193
0.081 107057
0.082 106982
0.083 106902
0.084 106823
0.086 106768
0.087 106757
0.09 106666
0.091 106602
0.096 106582
0.097 106559
0.098 106548
0.099 106136
0.101 106130
0.102 105926
0.103 105896
0.104 105775
0.104 105696
0.105 105663
0.11 105564
0.112 105391
0.112 105368
0.113 105357
0.115 105330
0.116 105288
0.118 105162
0.119 105099
0.12 105096
0.121 105043
0.124 105031
0.134 104996
0.134 104983
0.164 104977
0.172 104920
0.177 104862
0.177 104843
0.178 104837
0.185 104833
0.186 104815
0.205 104328
0.206 104319
0.209 104273
0.211 104235
0.215 104233
0.216 104221
0.216 104215
0.222 104211
0.223 104202
0.225 104185
0.231 104167
0.232 104164
0.242 104117
0.242 104088
0.25 104059
0.252 104032
0.253 104016
0.257 104008
0.258 103955
0.258 103939
0.282 103913
0.329 103909
0.33 103905
0.331 103848
0.332 103844
0.421 103832
0.421 103801
0.422 103713
0.425 103689
0.427 103680
0.458 103623
0.46 103622
0.461 103590
0.471 103525
0.474 103395
0.474 103367
0.475 103353
0.475 103340
0.477 103320
0.481 103197
0.552 103196
0.554 103148
0.56 103126
0.562 103122
0.593 103077
0.594 103075
0.595 103073
0.715 103051
0.716 103040
0.716 102988
0.794 102982
0.801 102973
0.806 102950
0.814 102948
0.82 102946
0.822 102912
0.888 102910
0.894 102903
0.896 102883
0.896 102878
0.897 102855
1.22 102824
1.225 102818
1.389 102785
1.616 102759
1.618 102753
2.211 102727
2.212 102704
2.214 102696
2.217 102693
2.221 102692
2.223 102683
2.461 102653
2.462 102647
2.462 102622
2.464 102613
2.472 102526
2.473 102510
2.476 102485
2.477 102451
3.572 102448
3.574 102410
3.615 102390
3.625 102380
3.626 102340
3.627 102305
3.631 102295
3.74 102276
3.741 102255
3.742 102245
9.766 102197
9.78 102158
9.784 102153
23.764 102099
39.208 102001
39.225 102000
39.25 101998
39.251 101929
39.251 101920
61.948 101886
62.002 101866
62.004 101837
62.004 101820
62.01 101779
69.198 101774
77.136 101733
77.915 101732
77.917 101729
77.918 101723
77.919 101702
77.92 101700
77.923 101699
77.926 101695
77.928 101687
77.939 101682
77.94 101680
77.94 101675
77.947 101674
77.989 101669
77.995 101662
78.011 101650
78.023 101647
78.038 101633
78.041 101630
81.862 101626
83.181 101624
83.546 101589
84.417 101542
84.419 101496
84.53 101474
84.667 101470
92.867 101468
92.881 101458
92.885 101451
115.851 101449
115.86 101447
116.783 101444
116.783 101438
116.786 101372
117.573 101370
123.644 101368
123.648 101344
124.174 101338
124.174 101302
171.966 101296
181.169 101295
181.213 101277
183.413 101276
183.725 101273
183.744 101271
183.771 101270
184.052 101268
193.737 101267
193.738 101261
194.372 101259
194.383 101252
194.385 101251
194.461 101249
194.461 101243
194.463 101241
214.383 101237
214.401 101230
214.406 101220
214.415 101216
229.778 101215
230.031 101210
230.082 101207
230.089 101198
230.092 101191
232.836 101190
232.964 101186
248.855 101183
265.035 101179
293.105 101173
303.628 101170
308.286 101169
330.134 101167
330.169 101163
330.187 101160
