0.008 24123
0.008 24099
0.009 24069
0.009 24043
0.01 24015
0.01 23925
0.011 23867
0.011 23857
0.015 23513
0.016 23489
0.017 23437
0.018 23386
0.019 23359
0.019 23356
0.02 23346
0.022 23306
0.038 23301
0.039 23217
0.039 23109
0.04 23085
0.04 23017
0.04 23008
0.041 22994
0.041 22811
0.042 22767
0.042 22753
0.043 22746
0.043 22624
0.044 22523
0.044 22443
0.044 22441
0.045 22303
0.045 22267
0.046 22247
0.046 22243
0.046 22219
0.047 22215
0.051 22176
0.055 21902
0.057 21899
0.059 21855
0.061 21643
0.062 21640
0.064 21638
0.064 21630
0.065 21601
0.066 21584
0.067 21583
0.068 21541
0.069 21529
0.07 21528
0.07 21475
0.071 21474
0.071 21453
0.083 21395
0.092 21385
0.092 21369
0.093 21305
0.094 21292
0.094 21285
0.097 21282
0.118 21269
0.185 21246
0.185 21240
0.186 21236
0.191 21186
0.306 21184
0.309 21152
0.367 21149
0.453 21115
0.454 21105
0.455 21097
0.455 21081
0.498 21049
0.505 21047
0.514 21041
0.516 21039
0.698 21037
0.715 21027
0.772 21001
0.779 21000
1.101 20996
1.27 20992
1.335 20966
1.336 20959
1.337 20958
1.337 20948
1.341 20925
1.341 20858
1.879 20851
1.897 20839
1.899 20830
1.907 20818
1.907 20802
2.097 20797
2.328 20781
2.613 20771
2.95 20754
2.958 20741
2.959 20739
2.978 20724
2.981 20705
2.989 20694
3.409 20674
3.41 20646
3.412 20640
3.422 20619
5.535 20615
5.535 20606
20.506 20601
20.51 20576
23.37 20574
23.374 20569
23.375 20527
23.384 20526
23.387 20516
23.388 20515
23.388 20510
23.389 20500
23.39 20493
23.391 20473
102.921 20460
119.134 20455
119.145 20433
119.147 20431
119.387 20414
119.39 20407
133.349 20398
135.459 20394
135.464 20393
135.479 20390
138.919 20381
177.762 20380
177.83 20378
177.841 20374
190.161 20372
190.231 20367
215.076 20366
215.08 20362
221.425 20359
221.451 20356
221.468 20351
221.629 20350
221.654 20348
226.642 20347
233.499 20346
233.522 20344
233.523 20337
