0.008 27591
0.009 27583
0.009 27578
0.009 27576
0.009 27519
0.01 27503
0.01 27493
0.01 27457
0.011 27413
0.011 27258
0.012 27121
0.012 27101
0.013 27080
0.013 27056
0.014 26963
0.016 26810
0.016 26808
0.017 26762
0.017 26729
0.017 26716
0.018 26707
0.02 26606
0.021 26600
0.021 26539
0.023 26461
0.023 26447
0.024 26362
0.025 26352
0.027 26036
0.029 26023
0.03 25968
0.033 25919
0.033 25911
0.035 25739
0.039 25704
0.04 25703
0.06 25611
0.063 25602
0.064 25599
0.064 25532
0.068 25530
0.069 25504
0.07 25394
0.071 25387
0.072 25374
0.105 25371
0.106 25366
0.109 25343
0.11 25295
0.111 25184
0.113 25165
0.114 25120
0.114 25102
0.114 25084
0.117 25080
0.122 25072
0.123 25038
0.123 25030
0.146 24665
0.163 24634
0.164 24605
0.164 24600
0.164 24573
0.165 24521
0.166 24507
0.167 24497
0.168 24496
0.172 24480
0.173 24463
0.173 24395
0.174 24314
0.176 24199
0.19 24149
0.191 24129
0.203 24075
0.206 24073
0.206 24065
0.212 24053
0.234 24024
0.272 23995
0.273 23945
0.273 23924
0.275 23922
0.276 23918
0.277 23909
0.28 23879
0.281 23799
0.291 23713
0.293 23623
0.293 23563
0.296 23545
0.296 23543
0.305 23478
0.309 23415
0.31 23406
0.311 23373
0.313 23341
0.314 23273
0.318 23017
0.322 22999
0.323 22995
0.324 22986
0.328 22926
0.33 22916
0.331 22871
0.331 22857
0.333 22836
0.333 22832
0.334 22824
0.356 22814
0.357 22777
0.378 22725
0.413 22705
0.438 22689
0.446 22684
0.509 22682
0.51 22655
0.513 22651
0.514 22601
0.514 22577
0.515 22531
0.516 22496
0.516 22494
0.519 22454
0.525 22435
0.531 22427
0.532 22376
0.533 22373
0.533 22366
0.611 22357
0.612 22304
0.614 22291
0.628 22252
0.632 22234
0.632 22167
0.633 22159
0.64 22132
0.68 22129
0.681 22097
0.683 22073
0.684 22062
0.684 22053
0.685 22050
0.688 22037
0.689 22026
0.692 22020
0.695 22002
0.698 21935
0.703 21901
0.704 21877
0.733 21864
0.734 21861
0.735 21853
0.736 21840
0.738 21829
0.738 21824
1.58 21822
1.581 21820
1.687 21810
2.471 21809
2.992 21802
4.543 21793
4.588 21781
5.926 21753
5.927 21751
6.16 21740
6.162 21717
33.012 21714
33.012 21693
36.508 21688
47.274 21681
49.385 21672
49.385 21671
50.352 21664
56.523 21660
59.977 21634
59.979 21619
142.652 21613
143.372 21602
150.895 21590
150.939 21588
151.165 21581
151.508 21580
197.383 21577
