0.008 22374
0.009 22272
0.009 22195
0.01 22180
0.01 22107
0.014 22033
0.015 21968
0.015 21966
0.016 21928
0.021 21904
0.023 21885
0.025 21881
0.027 21877
0.027 21876
0.029 21843
0.03 21835
0.03 21820
0.03 21810
0.031 21765
0.032 21762
0.042 21708
0.042 21597
0.047 21553
0.047 21513
0.051 21469
0.052 21426
0.052 21425
0.053 21422
0.056 21420
0.056 21346
0.057 21318
0.058 21289
0.058 21258
0.063 21226
0.064 21199
0.064 21193
0.065 21153
0.07 21134
0.071 21075
0.073 21072
0.074 20970
0.074 20953
0.075 20887
0.076 20873
0.077 20871
0.078 20785
0.081 20746
0.081 20709
0.082 20699
0.083 20697
0.084 20675
0.084 20664
0.085 20561
0.086 20522
0.087 20494
0.088 20488
0.089 20480
0.09 20474
0.09 20411
0.099 20357
0.099 20260
0.099 20251
0.1 20239
0.1 20234
0.101 20205
0.11 20172
0.113 20158
0.114 20101
0.116 20030
0.128 20021
0.128 20018
0.134 20003
0.14 19938
0.142 19645
0.143 19643
0.144 19628
0.149 19566
0.15 19560
0.151 19482
0.152 19450
0.153 19126
0.154 19077
0.154 19067
0.155 19060
0.156 19056
0.156 19016
0.161 19014
0.161 19012
0.161 19000
0.161 18988
0.167 18941
0.227 18881
0.227 18874
0.228 18855
0.233 18853
0.235 18843
0.242 18837
0.243 18829
0.246 18822
0.246 18807
0.453 18800
0.623 18782
0.997 18777
0.999 18775
1.459 18769
2.626 18766
2.627 18753
2.63 18724
5.407 18699
5.411 18691
10.376 18690
10.388 18684
124.544 18681
124.67 18674
145.012 18667
152.56 18666
171.128 18661
171.187 18659
254.65 18657
271.022 18656
271.141 18654
271.392 18653
271.431 18652
271.46 18650
271.696 18649
282.94 18645
283.065 18644
