0.016 68700
0.016 68699
0.017 68694
0.017 68667
0.017 68648
0.018 68626
0.018 68606
0.018 68596
0.019 68553
0.02 68551
0.02 68535
0.024 68488
0.024 68469
0.025 68423
0.026 68381
0.029 68313
0.03 68141
0.031 68062
0.032 68040
0.033 68034
0.034 68026
0.034 67998
0.036 67858
0.037 67838
0.037 67831
0.038 67808
0.038 67786
0.04 67695
0.041 67549
0.041 66801
0.048 66775
0.048 66693
0.049 66551
0.05 66529
0.051 66225
0.052 65914
0.052 65885
0.054 65838
0.054 65820
0.055 65806
0.056 65783
0.059 65672
0.059 65618
0.061 65567
0.064 65281
0.064 65249
0.07 65234
0.071 65105
0.072 65095
0.078 65037
0.08 65033
0.082 64920
0.082 64918
0.083 64866
0.083 64855
0.086 64815
0.089 64777
0.089 64775
0.089 64745
0.09 64742
0.091 64644
0.092 64640
0.092 64639
0.093 64601
0.093 64593
0.095 64592
0.097 64553
0.097 64550
0.099 64546
0.116 64531
0.117 64526
0.138 64379
0.139 64316
0.141 64312
0.142 64303
0.143 64294
0.143 64252
0.144 64244
0.152 64236
0.152 64220
0.154 64209
0.154 64199
0.156 64183
0.157 64118
0.158 64094
0.164 64093
0.166 64090
0.167 64051
0.168 64042
0.169 63959
0.172 63939
0.175 63938
0.176 63819
0.177 63816
0.177 63804
0.178 63793
0.178 63788
0.181 63780
0.181 63694
0.182 63621
0.186 63616
0.19 63567
0.192 63538
0.192 63535
0.195 63529
0.196 63487
0.199 63345
0.205 63339
0.211 63216
0.219 63213
0.219 63204
0.22 63188
0.224 63171
0.225 63157
0.231 63142
0.239 63137
0.294 63112
0.302 63095
0.304 63049
0.315 63013
0.316 62995
0.317 62989
0.318 62987
0.319 62978
0.32 62972
0.321 62932
0.322 62918
0.322 62870
0.323 62862
0.324 62854
0.329 62836
0.33 62824
0.385 62780
0.385 62777
0.387 62774
0.387 62767
0.405 62765
0.415 62762
0.416 62747
0.416 62740
0.419 62736
0.433 62672
0.44 62671
0.442 62660
0.449 62629
0.45 62593
0.454 62586
0.455 62575
0.456 62540
0.458 62503
0.459 62484
0.461 62478
0.466 62467
0.537 62458
0.54 62456
0.541 62450
0.55 62439
0.566 62438
0.566 62435
0.568 62433
0.634 62420
0.708 62410
0.719 62401
0.722 62391
0.724 62349
0.726 62327
1.373 62324
1.379 62321
1.402 62319
1.402 62296
1.403 62269
1.404 62261
1.405 62239
1.425 62234
1.429 62226
1.429 62217
1.43 62216
1.431 62158
1.431 62139
1.435 62028
1.436 62026
1.446 62011
1.446 62008
1.447 62007
1.473 62000
1.475 61992
1.477 61980
1.511 61978
1.514 61935
1.518 61921
1.762 61898
1.762 61886
1.765 61882
1.766 61881
1.767 61878
1.769 61870
1.769 61844
1.773 61840
1.773 61837
2.7 61820
4.978 61813
7.633 61745
7.633 61739
7.635 61702
7.636 61686
7.636 61603
7.835 61600
10.537 61595
13.775 61586
13.776 61585
13.776 61573
13.789 61560
13.792 61556
13.793 61553
13.793 61547
13.799 61533
13.804 61508
13.809 61497
13.809 61477
13.814 61450
13.814 61437
13.817 61435
23.603 61418
23.607 61403
23.613 61399
29.126 61359
29.129 61355
29.141 61351
29.161 61335
29.163 61322
29.164 61310
31.983 61302
31.992 61289
31.993 61288
32.011 61282
32.021 61280
32.136 61270
37.735 61263
37.735 61250
37.737 61213
37.746 61206
37.752 61199
37.812 61192
37.865 61173
56.212 61166
56.273 61153
56.273 61143
56.274 61114
56.681 61095
56.701 61078
57.591 61063
57.592 61049
57.611 61038
65.542 61032
65.544 61031
65.546 61030
65.554 61029
65.575 61012
65.605 61007
65.605 60994
66.849 60993
68.68 60975
68.681 60971
68.69 60970
68.727 60967
68.73 60954
91.408 60947
91.409 60939
91.41 60931
91.418 60915
91.419 60908
116.526 60906
116.533 60904
116.533 60891
123.867 60881
123.882 60872
123.897 60869
123.897 60855
123.96 60847
146.358 60845
146.359 60834
146.438 60821
146.461 60819
146.731 60818
146.758 60817
151.94 60816
152.124 60815
155.931 60799
155.933 60794
159.753 60793
159.756 60782
159.756 60781
168.747 60772
168.761 60768
171.292 60755
171.299 60754
171.309 60749
171.988 60745
172.193 60738
172.29 60710
172.3 60709
172.303 60698
172.327 60691
172.44 60688
172.555 60686
172.558 60685
172.84 60684
172.847 60676
172.849 60673
188.093 60671
191.966 60669
192.002 60660
192.04 60657
192.058 60655
194.855 60645
194.88 60642
201.026 60639
202.916 60638
202.92 60637
202.924 60632
202.93 60629
207.293 60627
207.319 60622
207.702 60620
211.441 60619
211.45 60616
