0.013 45239
0.014 44938
0.016 44868
0.016 44858
0.016 44803
0.017 44791
0.017 44692
0.018 44689
0.019 44666
0.019 44660
0.019 44651
0.023 44648
0.028 44638
0.029 44626
0.037 44278
0.037 44264
0.037 43928
0.039 43924
0.039 43923
0.04 43919
0.041 43901
0.041 43876
0.043 43738
0.044 43699
0.044 43558
0.051 43511
0.052 43470
0.053 43416
0.061 43378
0.062 43377
0.072 43349
0.073 43323
0.078 43251
0.079 43239
0.08 43231
0.084 43216
0.084 43112
0.099 43022
0.1 42989
0.102 42981
0.102 42978
0.104 42960
0.106 42959
0.106 42951
0.108 42936
0.11 42930
0.113 42922
0.113 42911
0.115 42377
0.115 42374
0.118 42344
0.118 42336
0.119 42319
0.119 42295
0.121 42248
0.121 42209
0.123 42198
0.124 42070
0.129 42046
0.13 41906
0.131 41869
0.132 41797
0.133 41713
0.134 41646
0.135 41620
0.135 41602
0.136 41562
0.136 41511
0.137 41484
0.137 41481
0.138 41474
0.142 41453
0.143 41418
0.143 41408
0.144 41357
0.145 41225
0.148 41212
0.148 41173
0.15 41165
0.152 41152
0.154 40936
0.154 40607
0.155 40586
0.157 40569
0.171 40557
0.185 40376
0.185 40342
0.187 40254
0.19 40252
0.191 40233
0.191 40232
0.193 40220
0.203 40216
0.206 40182
0.206 40149
0.212 40112
0.212 40032
0.214 39690
0.215 39681
0.216 39534
0.216 39529
0.216 39456
0.217 39432
0.217 39427
0.22 39405
0.221 39374
0.222 39352
0.223 39347
0.223 39324
0.224 39295
0.225 39182
0.23 39093
0.231 39062
0.342 39058
0.342 39057
0.343 38925
0.344 38423
0.353 38416
0.353 38414
0.354 38383
0.361 38378
0.361 38166
0.409 38095
0.41 38094
0.41 38051
0.411 37980
0.412 37957
0.422 37882
0.422 37877
0.423 37860
0.423 37826
0.429 37792
0.43 37774
0.431 37767
0.433 37759
0.434 37740
0.443 37717
0.443 37707
0.449 37701
0.451 37668
0.452 37651
0.454 37622
0.467 37589
0.475 37565
0.476 37544
0.478 37527
0.484 37499
0.495 37494
0.497 37489
0.502 37476
0.503 37465
0.614 37457
0.687 37400
0.688 37348
0.688 37322
0.689 37300
0.69 37292
0.828 37253
0.84 37242
0.841 37164
0.842 37157
0.863 37148
1.183 37094
1.183 37068
1.185 37017
1.33 36889
1.331 36881
1.335 36821
1.651 36818
1.652 36727
4.559 36720
4.562 36719
4.563 36690
4.563 36657
5.592 36636
5.593 36635
6.87 36628
7.351 36622
7.358 36618
7.359 36606
13.482 36601
13.483 36572
13.485 36571
13.561 36565
13.562 36561
13.565 36553
13.571 36543
14.347 36529
14.348 36481
14.399 36443
14.4 36442
14.4 36419
14.404 36401
14.445 36388
14.461 36383
14.461 36376
14.462 36356
55.885 36341
56.59 36298
65.093 36297
65.099 36292
74.723 36288
74.724 36285
76.196 36284
76.197 36268
76.327 36263
76.452 36253
76.455 36181
76.513 36178
76.536 36177
79.785 36170
80.656 36168
80.664 36163
93.543 36156
93.591 36128
93.983 36124
93.99 36114
93.99 36097
93.991 36090
93.995 36084
95.547 36082
95.576 36079
95.585 36063
95.631 36060
95.632 36058
95.637 36056
95.638 36052
95.638 36036
95.64 36035
95.696 36025
102.956 36000
115.782 35998
115.788 35993
115.804 35985
115.83 35981
115.839 35980
115.839 35971
115.841 35962
115.843 35961
144.282 35956
154.868 35952
154.946 35944
154.959 35940
156.009 35934
156.017 35932
156.665 35917
156.795 35907
156.858 35906
156.874 35898
156.874 35895
156.874 35894
156.946 35893
156.948 35891
156.951 35882
156.964 35877
163.68 35876
164.071 35867
164.076 35862
164.127 35855
164.141 35854
186.504 35840
186.507 35836
186.712 35831
186.89 35822
187.387 35815
191.017 35812
191.021 35811
191.054 35806
191.492 35804
191.494 35803
218.435 35799
218.445 35798
218.561 35793
