0.016 68659
0.017 68506
0.017 68486
0.018 68448
0.019 68429
0.019 68227
0.02 68221
0.022 68192
0.024 68162
0.027 68055
0.03 67354
0.031 67335
0.04 67331
0.049 67299
0.05 67297
0.051 67238
0.051 67235
0.052 67196
0.053 67190
0.061 66710
0.061 66662
0.063 66617
0.063 66594
0.066 66575
0.068 66565
0.069 66555
0.07 66541
0.071 66529
0.071 66397
0.073 66370
0.074 66362
0.074 66355
0.081 66049
0.081 65671
0.082 65623
0.085 65487
0.086 65482
0.087 65355
0.087 65293
0.088 65225
0.088 65189
0.09 65176
0.093 64388
0.094 64269
0.094 64268
0.094 64244
0.096 64236
0.096 64136
0.097 64040
0.098 63966
0.099 63923
0.102 63910
0.102 63905
0.102 63902
0.103 63884
0.103 63883
0.105 63882
0.106 63833
0.107 63801
0.11 63789
0.11 63739
0.113 63726
0.114 63691
0.116 63686
0.116 63654
0.118 63642
0.12 63628
0.124 63564
0.128 63553
0.129 63509
0.13 63502
0.136 63441
0.138 63389
0.14 63308
0.166 63304
0.167 63145
0.168 63140
0.169 63128
0.17 63122
0.178 63101
0.18 63090
0.181 63073
0.182 62964
0.202 62895
0.203 62834
0.203 62822
0.204 62818
0.205 62789
0.224 62721
0.225 62706
0.228 62664
0.229 62662
0.239 62430
0.24 62420
0.241 62416
0.248 62410
0.249 62383
0.252 62370
0.256 62325
0.256 62309
0.256 62298
0.257 62289
0.258 62264
0.259 62251
0.26 62186
0.265 62183
0.296 62182
0.298 62156
0.299 62119
0.302 62081
0.305 62069
0.312 62062
0.317 62048
0.319 62029
0.324 62025
0.326 62022
0.338 62001
0.361 61989
0.361 61976
0.363 61941
0.364 61939
0.406 61906
0.407 61890
0.409 61884
0.413 61874
0.417 61867
0.419 61851
0.419 61829
1.189 61822
2.372 61784
2.384 61767
2.394 61711
2.538 61705
2.652 61701
2.653 61675
2.655 61668
2.664 61654
2.682 61629
2.899 61623
2.905 61585
2.924 61565
2.926 61546
2.927 61533
2.928 61528
2.971 61516
2.979 61504
2.988 61493
4.026 61439
37.993 61415
37.995 61399
37.996 61355
37.997 61347
48.192 61346
48.193 61344
48.194 61330
49.045 61314
49.049 61313
49.051 61293
49.053 61289
49.054 61247
49.222 61231
60.816 61220
60.817 61219
60.829 61162
61.732 61148
61.738 61133
61.752 61129
62.086 61115
62.132 61111
62.191 61063
62.196 61054
62.198 61045
62.201 61032
62.207 61015
62.213 60999
62.229 60998
62.229 60959
84.457 60958
84.462 60953
84.517 60952
84.517 60950
84.522 60949
84.524 60944
84.626 60925
93.611 60919
105.296 60907
105.311 60906
105.328 60903
105.328 60898
105.329 60891
105.357 60889
105.364 60877
105.366 60865
127.704 60858
127.704 60842
127.71 60841
127.721 60839
127.723 60831
131.371 60830
131.884 60821
131.888 60812
131.988 60810
131.991 60800
132 60798
132.001 60793
132.002 60789
132.008 60785
132.01 60784
132.015 60780
153.718 60777
153.918 60776
159.893 60772
160.018 60766
160.02 60765
160.023 60757
161.398 60745
161.431 60744
195.1 60731
195.102 60728
195.185 60724
195.192 60715
195.194 60713
195.234 60712
197.158 60707
197.16 60703
197.587 60693
197.59 60688
197.595 60683
197.602 60679
197.605 60673
204.381 60667
221.068 60666
221.629 60662
221.631 60660
221.675 60659
221.678 60658
221.716 60655
222.372 60653
222.375 60651
222.429 60643
222.459 60639
222.469 60638
222.594 60636
229.263 60622
229.269 60619
229.277 60617
229.333 60610
230.017 60609
241.494 60607
241.631 60603
257.212 60600
257.226 60598
257.331 60596
257.332 60592
257.554 60591
257.619 60589
308.746 60584
308.805 60582
309.312 60581
309.368 60579
310.028 60578
310.04 60576
