0.013 54155
0.013 54145
0.014 54143
0.015 54117
0.015 54104
0.016 54092
0.016 54080
0.017 54036
0.017 54034
0.018 54007
0.018 53989
0.018 53983
0.018 53960
0.019 53910
0.02 53909
0.02 53871
0.021 53832
0.023 53649
0.024 53550
0.024 53488
0.025 53479
0.029 53423
0.031 53397
0.033 53322
0.033 53314
0.034 53296
0.035 53288
0.044 53274
0.055 52806
0.056 52789
0.057 52695
0.062 52693
0.062 52687
0.067 52579
0.067 52517
0.068 52511
0.069 52506
0.069 52485
0.07 52449
0.072 52320
0.073 52091
0.073 52069
0.076 52028
0.077 51862
0.079 51850
0.079 51849
0.08 51819
0.081 51727
0.081 51721
0.082 51711
0.082 51691
0.083 51684
0.083 51682
0.085 51665
0.085 51637
0.085 51615
0.087 51552
0.088 51550
0.089 51546
0.111 51429
0.111 51380
0.113 51312
0.113 51297
0.114 51229
0.115 51213
0.116 51200
0.116 51183
0.121 51102
0.128 51076
0.136 51060
0.137 51059
0.138 51044
0.139 51030
0.164 50980
0.165 50955
0.181 50874
0.215 50870
0.216 50867
0.218 50862
0.223 50851
0.224 50725
0.225 50666
0.227 50663
0.248 50633
0.248 50571
0.249 50567
0.25 50493
0.251 50485
0.251 50482
0.253 50458
0.259 50414
0.272 50334
0.273 50315
0.274 50235
0.275 50182
0.276 50066
0.277 50026
0.278 49980
0.281 49950
0.283 49913
0.285 49895
0.286 49889
0.289 49881
0.29 49820
0.29 49769
0.294 49690
0.296 49687
0.296 49671
0.301 49656
0.302 49582
0.309 49535
0.312 49509
0.333 49502
0.34 49420
0.34 49378
0.341 49355
0.348 49184
0.357 49169
0.357 49152
0.358 49150
0.359 49146
0.362 49018
0.364 49015
0.365 49006
0.365 48906
0.372 48892
0.38 48877
0.447 48833
0.448 48819
0.456 48808
0.463 48745
0.468 48732
0.55 48711
0.556 48710
0.565 48611
0.642 48580
0.651 48541
0.813 48529
0.814 48506
0.839 48467
0.841 48418
0.891 48409
0.893 48386
0.894 48298
0.894 48293
0.896 48278
0.896 48262
0.929 48254
0.931 48253
0.931 48233
0.932 48196
0.952 48178
1.014 48163
1.015 48150
1.017 48136
1.019 48122
1.033 48121
1.035 48114
1.036 48113
1.037 48090
1.038 48061
1.039 48060
1.647 48030
1.647 48026
1.648 47959
1.65 47954
1.651 47926
1.652 47924
1.868 47922
1.881 47902
1.882 47874
1.965 47858
1.967 47852
2.111 47825
2.113 47821
2.114 47801
2.115 47798
2.116 47776
2.118 47770
2.121 47691
2.158 47625
2.161 47618
2.162 47616
2.162 47610
2.17 47583
2.192 47528
2.194 47522
2.53 47516
4.825 47507
4.826 47496
4.827 47495
4.828 47439
4.946 47409
9.805 47406
9.808 47362
9.81 47355
9.81 47318
9.811 47316
9.824 47313
9.835 47307
9.835 47306
9.865 47305
10.805 47286
10.806 47278
10.808 47266
10.82 47264
10.822 47248
11.33 47242
11.33 47233
11.333 47209
26.914 47208
26.914 47188
26.915 47186
32.231 47172
32.232 47166
32.311 47161
32.619 47159
32.62 47127
32.622 47115
32.641 47113
32.642 47099
45.627 47088
61.664 47064
61.668 47056
61.675 47052
61.678 47044
61.709 47028
61.745 47024
61.751 47016
61.752 47006
61.863 46989
61.864 46968
61.872 46948
61.948 46947
63.695 46945
63.697 46943
63.701 46938
64.463 46903
64.471 46896
64.498 46879
64.817 46854
64.857 46852
65.532 46846
65.535 46842
65.536 46829
65.538 46827
65.625 46818
65.629 46815
65.653 46800
65.664 46792
65.666 46766
65.734 46738
65.772 46736
66.054 46732
66.173 46705
66.4 46685
88.654 46683
88.662 46677
119.17 46670
126.992 46667
126.993 46662
126.999 46658
127.02 46655
129.298 46651
129.298 46646
129.363 46644
129.401 46639
129.41 46638
129.423 46635
130.114 46634
130.118 46627
130.123 46616
130.124 46615
130.127 46603
131.231 46602
131.392 46596
131.397 46579
131.405 46572
150.191 46570
150.207 46549
163.264 46538
163.267 46537
163.355 46526
164.017 46514
164.126 46510
258.79 46488
258.797 46487
285.212 46486
285.703 46485
285.737 46482
285.754 46481
