0.012 18207
0.012 17925
0.013 17875
0.013 17844
0.014 17795
0.015 17770
0.016 17759
0.017 17747
0.017 17703
0.018 17649
0.018 17647
0.019 17538
0.021 17034
0.022 16986
0.023 16976
0.023 16970
0.023 16963
0.024 16956
0.024 16881
0.025 16858
0.025 16687
0.025 16676
0.026 16666
0.026 16501
0.027 16499
0.027 16443
0.028 16315
0.029 16251
0.03 16199
0.031 16090
0.033 16089
0.035 16027
0.035 16023
0.035 16006
0.042 15971
0.043 15951
0.046 15919
0.05 15918
0.053 15912
0.055 15902
0.056 15884
0.057 15882
0.059 15839
0.082 15823
0.09 15801
0.091 15794
0.098 15792
0.14 15763
0.185 15744
0.186 15728
0.187 15716
0.198 15714
0.199 15712
0.199 15705
0.248 15701
0.251 15692
0.252 15639
0.263 15623
0.264 15608
0.265 15597
0.265 15582
0.28 15580
0.47 15578
0.471 15566
0.471 15558
0.473 15556
0.542 15544
0.543 15536
0.546 15515
0.547 15501
0.792 15499
0.801 15497
0.802 15496
0.803 15489
0.803 15487
0.803 15474
0.808 15466
0.809 15459
0.816 15455
0.855 15453
0.856 15449
0.856 15434
0.859 15426
0.864 15386
0.864 15383
5.057 15377
8.287 15376
8.295 15373
8.9 15361
8.9 15357
8.903 15334
9.863 15331
9.866 15312
9.867 15261
94.089 15258
94.091 15252
94.092 15249
94.093 15241
94.335 15239
113.199 15237
113.2 15235
113.204 15228
113.204 15223
115.442 15212
115.442 15210
115.444 15204
115.447 15197
137.559 15191
155.183 15190
155.313 15187
155.314 15186
165.437 15185
165.505 15183
165.508 15181
171.529 15169
171.534 15164
173.978 15159
177.058 15152
177.061 15149
177.126 15141
207.729 15140
207.733 15128
207.78 15124
207.787 15122
228.498 15115
235.506 15111
235.52 15103
235.574 15100
235.618 15099
235.622 15090
