0.013 54176
0.014 54079
0.014 54058
0.016 54032
0.016 54018
0.016 54016
0.017 53976
0.018 53938
0.018 53935
0.018 53931
0.019 53901
0.025 53736
0.025 53722
0.028 53669
0.029 53594
0.029 53567
0.03 53551
0.031 53343
0.032 53342
0.033 53310
0.034 53177
0.036 53166
0.036 53136
0.037 53077
0.038 53032
0.038 53017
0.038 53014
0.04 52777
0.041 52729
0.042 52703
0.043 52571
0.044 52521
0.045 52515
0.045 52509
0.047 52465
0.048 52400
0.048 52367
0.049 51983
0.052 51974
0.053 51900
0.056 51897
0.058 51880
0.06 51830
0.06 51808
0.061 51700
0.062 51636
0.063 51487
0.064 51367
0.064 51365
0.068 51364
0.081 51316
0.082 51297
0.084 51245
0.086 51223
0.102 51212
0.103 51204
0.104 51152
0.106 51141
0.11 51138
0.113 51128
0.113 51126
0.115 51123
0.115 51084
0.116 50889
0.129 50878
0.13 50835
0.13 50825
0.132 50760
0.132 50746
0.17 50739
0.175 50715
0.176 50663
0.177 50654
0.196 50598
0.212 50594
0.212 50574
0.212 50539
0.213 50523
0.214 50364
0.222 50351
0.223 50234
0.223 50204
0.225 50137
0.226 50117
0.232 50079
0.232 50022
0.233 49948
0.233 49925
0.234 49919
0.234 49850
0.236 49789
0.236 49690
0.238 49632
0.238 49620
0.24 49613
0.24 49558
0.241 49546
0.241 49516
0.243 49445
0.243 49422
0.245 49416
0.247 49295
0.248 49250
0.248 49146
0.249 49132
0.251 49089
0.253 49077
0.258 49058
0.26 49050
0.265 48997
0.265 48907
0.267 48882
0.269 48860
0.271 48749
0.276 48677
0.277 48631
0.277 48571
0.279 48544
0.28 48496
0.566 48491
0.567 48479
0.567 48469
0.572 48451
0.658 48399
0.663 48314
0.679 48287
0.679 48276
0.679 48275
0.69 48272
0.693 48258
0.695 48257
0.696 48233
0.77 48217
0.773 48194
0.773 48182
0.776 48168
0.778 48157
0.779 48087
1.067 48078
1.068 48065
1.068 48062
1.08 48060
1.082 48015
1.088 47991
1.089 47962
1.188 47917
1.256 47897
1.262 47853
1.297 47816
1.311 47814
1.316 47781
1.316 47711
1.433 47702
1.71 47701
1.71 47667
1.711 47622
1.712 47614
1.714 47613
2.06 47608
4.437 47579
4.438 47577
6.04 47558
6.04 47530
6.042 47510
6.042 47506
6.043 47500
6.048 47451
6.068 47439
6.07 47433
7.485 47423
7.571 47363
7.572 47340
8.742 47298
8.751 47281
9.617 47275
9.617 47260
10.777 47246
10.779 47192
10.787 47189
10.799 47188
10.799 47156
10.799 47154
10.8 47150
10.8 47127
10.801 47116
23.268 47096
23.344 47055
52.036 47030
73.923 47024
73.924 46996
73.926 46990
73.929 46988
73.971 46980
73.974 46979
74.229 46927
74.232 46861
74.235 46844
74.242 46843
74.243 46841
74.418 46839
81.791 46836
81.888 46830
100.973 46827
100.984 46823
101.126 46801
102.604 46768
102.618 46767
102.734 46746
102.738 46745
102.74 46744
102.749 46743
102.751 46734
102.753 46717
102.814 46706
103.203 46704
103.205 46702
103.206 46693
103.211 46692
103.213 46688
103.215 46685
122.852 46684
122.858 46682
122.886 46679
123.316 46676
123.325 46674
123.328 46672
123.343 46668
123.347 46654
123.62 46644
123.627 46638
123.634 46634
123.676 46628
124.194 46627
124.405 46610
124.672 46602
124.684 46599
124.689 46598
124.87 46568
132.18 46562
132.19 46558
132.192 46553
132.196 46552
132.222 46546
132.226 46538
132.54 46518
132.564 46512
132.591 46511
137.991 46507
146.363 46505
146.671 46495
146.717 46484
146.719 46475
146.721 46474
146.742 46471
147.008 46468
147.009 46464
147.01 46463
147.082 46458
152.559 46453
152.559 46452
153.287 46449
153.309 46445
153.336 46444
153.351 46442
153.362 46436
153.365 46434
157.826 46433
191.09 46430
191.677 46429
192.139 46411
