0.013 54164
0.014 54116
0.015 54112
0.017 54086
0.018 54065
0.018 54064
0.019 54045
0.02 54026
0.02 54006
0.021 53820
0.021 53775
0.022 53759
0.022 53758
0.023 53710
0.023 53698
0.024 53691
0.025 53652
0.026 53442
0.027 53409
0.029 53384
0.03 53381
0.036 53330
0.04 53280
0.041 53236
0.042 53127
0.044 52930
0.044 52912
0.045 52886
0.046 52860
0.046 52772
0.051 52751
0.051 52739
0.053 52617
0.054 52579
0.063 52556
0.064 52101
0.065 51995
0.065 51981
0.066 51916
0.067 51877
0.068 51876
0.07 51797
0.07 51752
0.073 51717
0.074 51714
0.076 51704
0.077 51644
0.077 51609
0.078 51480
0.079 51394
0.08 51376
0.081 51309
0.083 51256
0.084 51149
0.085 51036
0.086 51000
0.087 50984
0.087 50949
0.088 50940
0.088 50901
0.088 50891
0.091 50808
0.099 50799
0.099 50768
0.101 50745
0.104 50635
0.106 50550
0.109 50540
0.114 50450
0.116 50125
0.124 50053
0.129 50039
0.13 50018
0.132 50009
0.134 49867
0.134 49857
0.137 49832
0.138 49787
0.144 49770
0.145 49753
0.146 49712
0.146 49689
0.153 49571
0.155 49554
0.155 49519
0.163 49513
0.165 49460
0.192 49429
0.208 49404
0.209 49293
0.21 49235
0.212 49204
0.214 49169
0.215 49160
0.216 49151
0.228 49081
0.235 49071
0.242 49069
0.242 49066
0.254 49046
0.255 49040
0.281 49038
0.283 49011
0.299 48984
0.308 48977
0.316 48975
0.317 48958
0.318 48864
0.482 48861
0.483 48854
0.49 48769
0.491 48767
0.492 48759
0.507 48757
0.508 48743
0.51 48703
0.525 48679
0.525 48640
0.526 48560
0.529 48537
0.543 48525
0.545 48521
0.545 48519
0.551 48489
0.553 48486
0.553 48482
0.558 48460
0.559 48385
0.56 48352
0.564 48325
0.727 48285
0.748 48277
0.748 48259
0.763 48233
0.791 48227
0.793 48219
0.794 48211
0.804 48115
0.817 48109
0.817 48097
0.879 48078
1.243 48071
1.252 48030
1.254 47944
1.272 47914
1.276 47912
1.278 47851
1.281 47812
1.282 47799
1.283 47777
1.284 47761
1.346 47729
1.359 47707
1.359 47705
1.36 47666
2.072 47645
2.073 47608
2.13 47591
2.202 47584
2.204 47580
2.206 47474
2.206 47473
2.207 47425
3.49 47423
3.494 47403
3.495 47397
3.496 47380
3.499 47376
3.499 47285
4.997 47278
14.553 47263
14.56 47258
15.255 47257
23.296 47253
38.253 47225
38.256 47180
38.265 47167
38.335 47163
38.336 47149
38.341 47122
41.637 47120
41.639 47104
41.639 47095
41.64 47061
42.064 47060
42.068 47056
42.132 47041
42.133 47016
42.287 47010
42.288 46995
42.295 46991
42.296 46983
42.3 46981
42.301 46975
42.301 46946
42.31 46911
42.315 46905
42.321 46883
60.571 46881
61.082 46871
61.085 46857
61.101 46838
61.107 46832
61.109 46825
62.644 46818
62.645 46812
63.506 46809
63.509 46803
63.514 46774
63.515 46772
63.616 46771
63.619 46759
63.619 46747
63.631 46739
63.637 46730
63.639 46725
63.642 46709
63.797 46704
64.124 46702
64.255 46689
64.256 46666
64.266 46656
64.266 46651
64.267 46650
64.73 46646
64.736 46618
64.738 46590
67.761 46574
67.762 46568
76.068 46567
76.105 46556
140.262 46553
140.461 46549
140.467 46546
140.499 46543
140.506 46539
140.537 46532
140.697 46529
140.796 46528
145.227 46522
146.453 46521
146.459 46510
148.308 46507
158.624 46496
158.628 46490
158.952 46479
185.576 46478
185.931 46477
185.934 46471
185.987 46466
186.203 46465
186.244 46459
192.914 46454
192.922 46450
214.76 46447
245.152 46437
248.323 46435
270.343 46432
