0.013 31988
0.013 31970
0.014 31968
0.014 31922
0.014 31569
0.015 31416
0.015 31365
0.015 31314
0.016 31309
0.017 30990
0.018 30940
0.018 30939
0.018 30926
0.02 30910
0.024 30887
0.03 30802
0.031 30759
0.032 30745
0.032 30695
0.033 30685
0.033 30651
0.034 30634
0.035 30575
0.039 30505
0.04 30090
0.041 30086
0.042 30045
0.043 29987
0.043 29965
0.044 29946
0.044 29934
0.046 29933
0.047 29904
0.051 29894
0.051 29879
0.052 29863
0.053 29842
0.061 29806
0.063 29805
0.071 29782
0.076 29753
0.077 29749
0.077 29745
0.078 29743
0.083 29715
0.084 29532
0.084 29529
0.086 29351
0.086 29350
0.087 29334
0.087 29309
0.087 29291
0.089 29277
0.093 29266
0.094 29264
0.119 29206
0.156 29196
0.156 29186
0.203 29184
0.204 29108
0.206 29090
0.207 29089
0.208 29070
0.227 28964
0.232 28963
0.236 28946
0.238 28842
0.239 28841
0.24 28825
0.24 28822
0.241 28769
0.25 28729
0.28 28726
0.281 28683
0.281 28663
0.283 28651
0.297 28646
0.382 28639
0.383 28588
0.384 28506
0.386 28350
0.388 28348
0.388 28342
0.391 28340
0.393 28310
0.394 28309
0.413 28292
0.631 28281
0.633 28273
0.634 28260
0.635 28235
0.635 28224
0.636 28184
0.72 28176
0.721 28163
0.723 28149
0.723 28148
0.727 28124
0.855 28112
0.855 28098
0.874 28097
1.427 28095
1.439 28053
1.441 28052
1.64 28020
1.641 28016
3.115 28009
3.801 28005
4.187 27978
4.188 27965
4.211 27963
5.539 27949
5.539 27924
5.541 27906
5.583 27880
5.587 27877
5.589 27860
5.593 27855
5.593 27850
12.534 27841
12.536 27823
12.537 27788
12.847 27784
12.848 27753
12.852 27723
12.853 27707
13.494 27683
14.247 27658
14.397 27644
14.411 27642
14.413 27624
14.413 27622
14.413 27601
14.415 27598
14.416 27584
18.685 27580
18.685 27555
18.686 27515
18.688 27505
20.034 27491
20.034 27485
47.25 27484
53.708 27462
53.711 27458
53.756 27453
53.76 27420
75.955 27406
75.955 27401
80.306 27397
89.477 27391
109.038 27390
109.039 27389
109.039 27386
109.049 27381
109.084 27374
118.486 27372
118.493 27365
118.546 27362
118.563 27360
118.566 27356
118.573 27350
118.58 27348
118.58 27345
118.593 27339
118.596 27338
118.603 27335
118.64 27331
118.881 27321
118.891 27310
118.897 27306
118.898 27303
123.681 27301
123.682 27290
158.197 27284
158.627 27280
158.808 27277
174.939 27274
174.944 27272
178.521 27271
229.906 27270
230.014 27266
230.186 27263
232.284 27262
234.959 27261
234.962 27252
235.18 27251
235.204 27250
