0.013 32095
0.014 31988
0.014 31801
0.014 31368
0.015 31326
0.015 31318
0.016 31276
0.016 31234
0.017 31178
0.017 31169
0.017 31167
0.018 31133
0.018 31129
0.019 31113
0.022 31049
0.022 31046
0.022 31044
0.023 31037
0.024 31034
0.024 30982
0.027 30979
0.028 30931
0.028 30912
0.036 30811
0.037 30801
0.038 30734
0.04 30733
0.04 30642
0.041 30606
0.042 30559
0.043 30529
0.044 30522
0.051 30444
0.052 30410
0.055 30402
0.056 30392
0.056 30386
0.057 30373
0.06 30363
0.064 30349
0.064 30296
0.065 30293
0.066 30290
0.067 30245
0.077 30229
0.078 29901
0.08 29543
0.08 29505
0.081 29501
0.083 29481
0.083 29475
0.084 29455
0.087 29333
0.104 29325
0.11 29297
0.11 29261
0.111 29229
0.112 29211
0.114 29206
0.116 29186
0.125 29182
0.149 29166
0.149 29134
0.151 29100
0.151 28839
0.158 28830
0.165 28826
0.168 28808
0.171 28723
0.196 28722
0.201 28698
0.202 28693
0.203 28676
0.204 28671
0.204 28649
0.204 28632
0.205 28611
0.223 28572
0.223 28529
0.305 28510
0.305 28502
0.306 28489
0.37 28477
0.379 28470
0.38 28404
0.381 28390
0.385 28384
0.387 28361
0.401 28356
0.402 28351
0.402 28345
0.403 28304
0.427 28234
0.448 28231
0.449 28127
0.517 28081
0.517 28036
0.519 28033
0.548 28032
0.549 28010
0.963 28006
0.965 27997
1.237 27910
1.265 27904
1.266 27897
1.872 27892
2.937 27890
2.939 27874
2.941 27845
2.946 27844
2.947 27837
2.957 27824
2.958 27814
2.962 27809
3.354 27791
6.521 27743
6.527 27721
6.529 27697
6.529 27684
6.534 27664
10.694 27658
10.694 27649
12.099 27644
12.099 27636
12.099 27635
14.943 27591
14.95 27584
23.285 27581
23.721 27563
23.721 27560
28.849 27540
36.638 27524
36.645 27470
49.259 27464
49.917 27459
49.918 27449
49.939 27448
49.941 27429
49.942 27423
49.942 27416
49.943 27409
71.641 27408
87.615 27405
87.621 27402
87.626 27399
87.628 27392
109.982 27390
110.324 27387
110.326 27381
112.96 27379
112.963 27371
114.452 27364
121.836 27359
121.838 27357
121.846 27342
121.85 27313
121.916 27293
121.918 27291
121.918 27283
137.055 27281
137.056 27272
199.73 27271
200.424 27258
236.846 27257
241.032 27255
247.14 27251
284.287 27248
297.621 27246
297.658 27245
