0.019 70347
0.02 70276
0.02 70260
0.022 69555
0.022 69548
0.023 69531
0.023 69470
0.024 69324
0.024 69205
0.025 69135
0.025 69107
0.026 68874
0.027 68861
0.027 68821
0.027 68814
0.028 68681
0.028 68672
0.028 68668
0.028 68663
0.03 68603
0.031 68587
0.032 68545
0.033 68474
0.034 68454
0.034 68429
0.035 68421
0.035 68294
0.036 68292
0.038 68265
0.038 68263
0.038 68255
0.04 68036
0.041 67820
0.043 67560
0.045 67513
0.046 67504
0.048 67479
0.049 67475
0.054 67455
0.056 67348
0.056 67113
0.057 67096
0.075 66944
0.075 66930
0.077 66925
0.078 66903
0.079 66851
0.081 66850
0.081 66812
0.091 66805
0.104 66785
0.107 66673
0.107 66657
0.108 66318
0.109 66288
0.109 66238
0.11 66151
0.11 66110
0.111 66109
0.111 66089
0.112 66056
0.113 66036
0.114 65877
0.114 65858
0.117 65742
0.117 65719
0.119 65711
0.12 65693
0.121 65460
0.123 65425
0.128 65386
0.13 64910
0.155 64902
0.16 64702
0.161 64603
0.161 64597
0.163 64470
0.168 64455
0.176 64427
0.213 64421
0.214 64398
0.219 64287
0.221 64126
0.223 64097
0.227 63977
0.234 63974
0.235 63936
0.237 63919
0.238 63918
0.238 63728
0.24 63571
0.241 63552
0.241 63548
0.242 63285
0.242 63271
0.242 63256
0.246 63210
0.253 63204
0.254 63072
0.254 63069
0.255 63016
0.257 62941
0.257 62930
0.258 62916
0.259 62802
0.259 62800
0.26 62728
0.262 62681
0.264 62677
0.265 62647
0.267 61865
0.27 61848
0.27 61748
0.27 61711
0.271 61593
0.286 61589
0.287 61559
0.288 61552
0.296 61488
0.296 61487
0.297 61474
0.304 61446
0.304 61436
0.305 61383
0.306 61355
0.32 61333
0.321 61304
0.329 61298
0.329 61281
0.329 61204
0.33 61176
0.335 61172
0.335 61155
0.336 61140
0.337 61132
0.338 61057
0.339 61056
0.341 60548
0.343 60515
0.344 60514
0.345 60494
0.346 60479
0.346 60468
0.347 60448
0.348 60420
0.349 60396
0.352 60384
0.354 60350
0.356 60316
0.356 60200
0.357 60163
0.359 60149
0.359 60125
0.361 60076
0.362 59983
0.363 59942
0.364 59893
0.366 59883
0.366 59857
0.37 59785
0.37 59715
0.371 59701
0.373 59675
0.373 59632
0.375 59606
0.375 59509
0.378 59407
0.378 59405
0.382 59200
0.383 59138
0.386 59135
0.386 59028
0.389 58998
0.389 58978
0.39 58977
0.391 58948
0.394 58945
0.396 58808
0.42 58786
0.422 58769
0.423 58709
0.423 58704
0.424 58703
0.44 58699
0.441 58694
0.447 58685
0.448 58464
0.449 58463
0.45 58433
0.451 58428
0.452 58399
0.454 58383
0.455 58286
0.455 58234
0.475 58208
0.476 58125
0.48 58085
0.482 58032
0.489 57951
0.496 57914
0.499 57896
0.501 57880
0.503 57853
0.505 57834
0.507 57773
0.508 57768
0.52 57735
0.522 57725
0.523 57716
0.53 57713
0.549 57698
0.55 57678
0.556 57671
0.705 57652
0.705 57646
0.873 57641
0.874 57639
0.878 57608
0.879 57581
0.885 57571
0.886 57548
1.054 57542
1.055 57494
1.056 57488
1.057 57467
1.13 57446
1.131 57411
1.134 57409
1.136 57384
1.155 57300
1.157 57276
1.157 57264
1.16 57248
1.167 57235
1.168 57229
1.171 57190
1.172 57180
1.173 57177
1.174 57173
2.506 57158
2.548 57146
5.858 57135
5.864 57133
5.867 57027
5.868 56976
6.056 56959
6.056 56928
6.058 56889
6.061 56887
6.07 56872
6.071 56869
6.071 56858
6.377 56852
6.59 56837
6.593 56789
6.596 56787
6.6 56766
6.653 56755
6.653 56707
7.05 56697
7.067 56668
7.073 56622
7.073 56619
9.647 56554
9.65 56552
9.651 56540
9.666 56536
9.673 56502
9.674 56491
9.675 56483
9.676 56475
9.68 56406
73.081 56404
73.082 56396
73.087 56355
73.087 56316
85.531 56311
85.537 56289
85.537 56282
105.438 56276
105.443 56267
105.47 56259
130.059 56238
130.194 56207
130.195 56199
130.196 56183
156.849 56179
156.849 56168
156.85 56167
156.853 56162
156.883 56158
156.889 56136
159.766 56119
159.768 56118
160.844 56115
160.847 56112
160.92 56104
160.92 56062
160.926 56060
160.928 56039
160.951 56023
160.957 56022
160.98 56020
160.983 56014
160.985 55994
178.052 55992
178.109 55980
178.12 55972
178.472 55960
178.475 55945
178.476 55920
178.518 55914
178.524 55909
178.528 55907
229.799 55906
231.096 55900
231.101 55897
233.172 55889
233.172 55886
233.185 55865
233.189 55862
243.188 55860
244.169 55844
261.368 55841
262.216 55839
262.223 55837
262.244 55834
262.274 55825
262.331 55822
263.04 55816
286.209 55815
286.212 55812
286.228 55800
286.229 55799
286.24 55797
286.254 55790
306.912 55787
306.987 55780
307.011 55773
312.604 55769
312.61 55765
312.635 55763
313.084 55755
314.054 55752
316.568 55749
316.569 55747
331.075 55746
331.092 55743
331.13 55742
331.23 55740
332.279 55735
345.65 55729
345.653 55728
345.853 55727
345.86 55722
368.171 55721
369.34 55720
394.44 55719
395.263 55714
395.305 55710
395.58 55698
