0.02 37214
0.021 37202
0.023 37197
0.023 37195
0.024 37169
0.025 37168
0.025 37103
0.026 37091
0.026 37057
0.027 36983
0.027 36974
0.027 36927
0.03 36908
0.031 36877
0.031 36870
0.033 36856
0.033 36827
0.034 36825
0.034 36767
0.035 36753
0.036 36752
0.037 36722
0.039 36720
0.04 36654
0.042 36642
0.043 36609
0.044 36422
0.045 36381
0.045 36324
0.046 36291
0.048 36283
0.049 36138
0.049 36115
0.05 36060
0.051 36027
0.063 35934
0.063 35721
0.063 35709
0.063 35704
0.065 35637
0.065 35632
0.065 35628
0.066 35624
0.066 35599
0.067 35563
0.068 35548
0.069 35503
0.07 35499
0.075 35494
0.075 35489
0.076 35464
0.081 35463
0.081 35461
0.089 35389
0.09 35387
0.091 35352
0.091 35347
0.091 35345
0.093 35341
0.093 35327
0.118 35321
0.154 35290
0.155 35280
0.164 35257
0.165 35179
0.166 35159
0.166 35142
0.171 35140
0.173 35133
0.174 35117
0.176 35106
0.177 35062
0.177 35038
0.179 35023
0.179 35022
0.189 35015
0.189 34998
0.191 34900
0.192 34872
0.193 34862
0.194 34830
0.196 34817
0.198 34810
0.198 34809
0.199 34800
0.202 34796
0.202 34794
0.225 34780
0.226 34748
0.227 34708
0.318 34673
0.319 34668
0.322 34658
0.328 34614
0.331 34585
0.332 34584
0.334 34563
0.334 34561
0.439 34560
0.441 34557
0.442 34556
0.458 34510
0.464 34498
0.551 34443
0.823 34430
0.824 34421
0.824 34371
0.825 34359
0.826 34353
0.827 34350
0.828 34319
0.828 34317
2.012 34304
2.018 34273
2.024 34249
2.635 34213
2.636 34208
2.639 34192
2.639 34187
2.639 34178
2.652 34162
2.653 34149
2.653 34128
2.657 34127
2.658 34069
2.659 34004
2.66 33980
2.661 33971
2.663 33939
3.376 33917
3.379 33914
3.807 33896
3.836 33885
3.839 33883
3.84 33863
3.84 33852
3.84 33849
3.866 33842
3.866 33808
4.361 33781
4.368 33780
4.371 33732
4.496 33731
4.498 33730
4.498 33707
4.505 33689
4.535 33686
4.535 33632
4.572 33621
4.577 33620
8.486 33588
9.678 33576
9.686 33566
9.687 33557
9.696 33540
9.716 33527
9.717 33505
11.744 33483
11.746 33482
11.748 33480
14.129 33465
14.133 33446
14.134 33426
53.29 33414
53.772 33360
53.782 33286
70.362 33277
70.363 33274
80.699 33272
80.736 33271
81.025 33265
85.751 33264
85.766 33263
85.766 33260
85.766 33254
103.723 33238
103.728 33230
110.33 33221
110.337 33218
110.342 33216
110.454 33212
110.455 33210
110.456 33207
110.457 33204
122.485 33192
122.489 33188
122.51 33187
122.511 33185
139.199 33164
139.21 33159
139.266 33152
139.317 33151
145.077 33146
145.077 33143
145.105 33137
145.107 33132
164.91 33131
164.912 33127
165.045 33126
165.046 33105
165.048 33087
165.065 33074
165.138 33071
165.139 33070
165.149 33066
165.16 33061
221.62 33059
222.555 33058
222.829 33047
222.834 33044
222.85 33037
222.85 33034
222.879 33028
222.889 33024
223.386 33021
223.457 33008
223.458 33007
223.503 33004
223.505 33000
224.892 32996
224.901 32988
227.731 32987
227.824 32986
227.825 32985
227.829 32984
230.944 32983
231.671 32978
231.684 32958
238.095 32957
249.786 32955
250.087 32954
250.096 32951
250.16 32947
250.207 32945
251.075 32943
254.131 32939
257.478 32937
257.485 32936
258.392 32933
269.553 32931
