0.021 38785
0.021 38770
0.022 38768
0.022 38712
0.023 38692
0.023 38688
0.024 38676
0.024 38656
0.025 38655
0.026 38588
0.026 38541
0.027 38502
0.027 38499
0.028 38489
0.029 38487
0.03 38485
0.03 38481
0.031 38432
0.031 38426
0.032 38425
0.032 38422
0.036 38291
0.037 38260
0.037 38250
0.038 38237
0.038 38225
0.038 38213
0.042 38210
0.043 38202
0.045 38168
0.045 38165
0.046 38139
0.046 38135
0.046 38134
0.047 38119
0.048 38106
0.049 38061
0.049 38004
0.05 37994
0.05 37989
0.051 37985
0.052 37958
0.053 37954
0.054 37915
0.055 37888
0.056 37886
0.056 37881
0.057 37880
0.057 37878
0.058 37874
0.058 37836
0.058 37816
0.06 37812
0.061 37740
0.062 37733
0.063 37732
0.064 37727
0.065 37726
0.066 37720
0.069 37687
0.07 37676
0.071 37666
0.073 37650
0.073 37648
0.074 37647
0.074 37641
0.075 37638
0.075 37635
0.075 37634
0.076 37631
0.076 37616
0.077 37612
0.078 37611
0.079 37606
0.081 37603
0.082 37601
0.082 37594
0.083 37472
0.083 37429
0.084 37427
0.084 37422
0.085 37421
0.085 37413
0.085 37402
0.086 37399
0.096 37388
0.097 37387
0.097 37380
0.098 37374
0.116 37373
0.119 37370
0.123 37368
0.124 37367
0.124 37359
0.125 37345
0.128 37338
0.129 37318
0.129 37315
0.133 37310
0.134 37304
0.134 37302
0.135 37289
0.136 37274
0.197 37266
0.197 37263
0.198 37251
0.198 37248
0.199 37246
0.205 37240
0.208 36746
0.208 36724
0.213 36590
0.219 36587
0.22 36584
0.22 36581
0.221 36551
0.222 36547
0.223 36546
0.225 36545
0.227 36523
0.228 36514
0.237 36501
0.238 36484
0.239 36482
0.239 36475
0.24 36470
0.246 36468
0.246 36464
0.247 36462
0.249 36458
0.25 36444
0.252 36440
0.257 36429
0.257 36417
0.261 36384
0.262 36378
0.27 36374
0.271 36358
0.271 36354
0.272 36349
0.295 36347
0.296 36346
0.301 36345
0.326 36344
0.33 36322
0.33 36315
0.331 36313
0.333 36309
0.337 36304
0.339 36303
0.341 36300
0.344 36296
0.388 36291
0.41 36283
0.44 36264
0.442 36262
0.443 36250
0.466 36228
0.467 36224
0.469 36223
0.472 36219
0.473 36216
0.495 36214
0.497 36208
0.503 36202
0.505 36188
0.505 36176
0.506 36169
0.507 36168
0.509 36164
0.511 36156
0.511 36155
0.513 36140
0.514 36125
0.515 36093
0.516 36091
0.531 36063
0.546 36061
0.548 36058
0.552 36052
0.553 36051
0.554 36045
0.558 36037
0.564 36025
0.571 36020
0.678 35977
0.679 35973
0.921 35465
0.922 35458
0.923 35455
0.924 35435
0.925 35431
0.926 35405
0.926 35394
0.927 35368
0.929 35366
0.929 35357
0.929 35356
0.93 35338
0.933 35325
0.934 35319
0.938 35318
0.938 35315
0.94 35283
0.941 35214
0.943 35213
0.945 35125
0.947 35104
0.949 35092
0.956 35028
0.964 35026
0.978 35024
0.996 34882
0.998 34872
1 34831
1.025 34802
1.027 34801
1.031 34800
1.031 34796
1.032 34795
1.033 34784
1.034 34778
1.034 34768
1.128 34761
1.128 34739
1.129 34738
1.129 34737
1.13 34736
1.13 34715
1.131 34711
1.909 34708
1.93 34705
1.936 34692
1.943 34685
1.944 34682
2.159 34681
2.308 34673
2.429 34671
2.43 34663
2.485 34648
2.499 34644
4.154 34641
4.155 34640
4.155 34638
4.157 34612
4.157 34608
4.158 34602
4.159 34599
4.16 34598
4.164 34593
4.165 34589
4.167 34566
4.17 34549
4.171 34539
4.173 34519
4.181 34506
4.286 34479
4.387 34475
4.388 34474
4.388 34468
4.389 34466
4.39 34463
4.392 34461
4.412 34460
4.414 34452
4.415 34444
4.417 34442
4.44 34434
4.498 34416
4.503 34411
4.504 34408
4.507 34392
4.508 34391
4.513 34387
4.525 34385
4.807 34376
4.813 34358
4.814 34335
4.815 34334
4.898 34318
4.899 34315
4.905 34309
4.907 34307
6.839 34302
6.855 34290
6.858 34289
6.86 34263
6.865 34261
9.388 34257
11.749 34240
12.153 34239
12.159 34234
12.166 34225
12.169 34223
12.17 34200
12.177 34199
15.225 34198
15.226 34195
15.229 34188
17.816 34186
17.822 34176
31.301 34172
31.365 34164
31.365 34163
31.366 34157
38.764 34154
38.765 34153
38.922 34138
46.152 34134
46.175 34133
46.175 34132
46.893 34130
46.893 34121
46.899 34115
47.084 34107
47.084 34100
47.085 34094
47.529 34093
47.533 34077
61.732 34075
61.735 34069
93.495 34068
93.711 34053
93.712 34052
93.713 34048
108.751 34046
108.753 34044
119.53 34042
147.426 34037
147.428 34036
147.431 34034
150.991 34032
151.384 34030
151.389 34027
151.391 34019
151.413 34008
174.618 34007
174.623 34003
174.636 34000
174.65 33999
179.55 33995
179.558 33992
179.566 33983
179.571 33980
179.626 33979
179.651 33978
179.718 33974
179.725 33971
179.732 33970
235.593 33969
242.736 33967
242.837 33963
256.747 33962
256.766 33960
257.568 33955
281.467 33953
281.849 33949
281.88 33947
281.92 33945
282.898 33944
380.971 33943
380.975 33942
381.03 33941
388.574 33940
388.587 33939
388.661 33937
388.688 33936
388.93 33935
388.948 33934
388.976 33933
