0.017 23117
0.017 23112
0.018 23083
0.018 23055
0.018 22999
0.019 22994
0.019 22953
0.019 22937
0.02 22933
0.02 22924
0.02 22915
0.021 22892
0.022 22803
0.022 22797
0.023 22784
0.023 22736
0.023 22731
0.024 22710
0.024 22623
0.024 22555
0.025 22539
0.025 22499
0.026 22494
0.027 22489
0.027 22451
0.03 22323
0.031 22278
0.032 22267
0.034 22227
0.036 22220
0.036 22191
0.037 22149
0.039 22134
0.041 21895
0.041 21890
0.042 21832
0.043 21818
0.043 21805
0.044 21801
0.046 21718
0.047 21707
0.048 21704
0.052 21688
0.053 21544
0.054 21533
0.055 21466
0.056 21463
0.057 21461
0.057 21381
0.058 21367
0.059 21339
0.13 21337
0.131 21336
0.132 21332
0.135 21331
0.138 21300
0.14 21289
0.14 21288
0.155 21259
0.156 21181
0.156 21143
0.157 21142
0.158 21134
0.175 21110
0.178 21109
0.178 21099
0.179 21060
0.219 21048
0.223 21025
0.266 21009
0.359 21007
0.359 20996
0.388 20949
0.391 20936
0.391 20931
0.392 20914
0.394 20898
0.4 20897
0.4 20887
0.402 20885
0.402 20882
0.403 20869
0.403 20855
0.405 20805
0.511 20778
0.511 20763
0.513 20761
0.514 20756
0.52 20735
1.587 20731
1.596 20716
1.61 20699
1.61 20647
2.127 20643
2.129 20624
2.129 20620
2.186 20548
2.198 20496
2.199 20480
2.943 20457
2.958 20439
2.959 20424
2.973 20381
2.975 20370
2.975 20271
2.975 20259
3.085 20257
3.088 20251
3.091 20247
3.092 20246
3.093 20235
3.093 20230
17.095 20218
17.447 20193
30.726 20187
45.221 20178
48.591 20177
55.467 20176
55.468 20158
55.469 20157
65.682 20139
65.693 20134
65.694 20131
65.694 20130
65.695 20109
65.698 20105
75.059 20089
75.06 20087
111.767 20078
111.773 20077
126.427 20070
139.983 20068
146.512 20066
146.512 20063
146.514 20062
146.536 20053
146.537 20047
155.078 20040
181.014 20038
181.119 20034
181.134 20031
195.116 20027
195.137 20022
216.4 20018
216.414 20011
216.415 20007
216.416 20004
216.63 20000
216.633 19994
216.675 19991
216.853 19990
216.856 19987
237.676 19983
238.954 19982
238.976 19978
239.327 19976
244.507 19968
302.023 19966
313.357 19963
