0.027 81306
0.029 81290
0.03 81288
0.031 81286
0.032 81284
0.034 81276
0.035 81273
0.036 81259
0.037 81258
0.037 81249
0.04 81230
0.04 81229
0.042 81224
0.044 81218
0.044 81193
0.045 81178
0.051 81157
0.051 81143
0.054 81107
0.056 81047
0.104 81039
0.104 81032
0.107 81029
0.119 81022
0.122 81016
0.124 81002
0.125 80947
0.238 80938
0.239 80932
0.242 80915
0.245 80907
0.247 80900
0.249 80798
0.251 80795
0.252 80793
0.253 80785
0.254 80768
0.259 80765
0.327 80761
0.331 80730
0.35 80717
0.366 80710
0.397 80692
0.401 80691
0.402 80686
0.403 80664
0.403 80655
0.405 80644
0.407 80636
0.408 80635
0.41 80630
0.434 80621
0.434 80605
0.435 80600
0.436 80568
0.44 80567
0.443 80563
0.977 80549
0.987 80546
1.073 80536
1.073 80518
1.079 80509
1.08 80506
1.08 80492
1.083 80481
1.174 80480
1.18 80474
1.18 80472
1.185 80470
1.374 80469
1.38 80458
1.383 80447
1.391 80433
1.647 80372
1.65 80368
1.66 80365
2.05 80363
2.051 80358
2.204 80347
2.247 80337
2.248 80334
2.251 80324
2.254 80323
2.254 80311
2.263 80310
2.32 80278
2.322 80276
2.323 80274
2.324 80269
2.329 80267
2.329 80262
2.333 80254
2.344 80250
2.359 80239
2.372 80238
2.373 80237
2.415 80229
2.418 80224
2.456 80221
3.31 80218
3.318 80207
3.319 80200
3.328 80184
3.329 80183
3.33 80177
3.331 80174
3.338 80146
3.339 80137
3.447 80128
3.447 80125
3.449 80124
3.49 80114
3.593 80102
3.596 80095
3.598 80093
3.616 80082
4.288 80079
4.292 80062
4.319 80052
4.321 80029
4.323 80022
4.433 80020
4.437 80017
4.437 79985
4.439 79963
4.44 79952
8.192 79950
8.223 79948
8.228 79932
8.254 79924
8.259 79922
8.287 79886
8.321 79877
8.326 79874
10.362 79872
10.363 79859
10.366 79840
10.367 79839
10.372 79838
11.239 79820
11.387 79818
11.391 79808
11.391 79803
13.482 79800
13.483 79792
13.485 79790
13.488 79758
13.491 79753
13.491 79752
13.5 79751
13.502 79744
13.508 79742
13.514 79739
13.596 79736
15.408 79729
15.413 79710
15.421 79707
16.729 79690
16.731 79686
16.735 79685
16.812 79679
17.246 79676
17.251 79671
17.255 79664
23.712 79638
23.761 79627
23.768 79612
23.783 79611
28.265 79606
28.266 79603
28.272 79601
28.272 79599
28.275 79598
28.276 79591
28.3 79582
28.303 79576
30.818 79575
30.823 79574
30.823 79571
30.897 79568
30.906 79558
30.906 79557
30.907 79552
30.908 79542
31.603 79539
31.611 79536
31.645 79533
31.665 79524
31.667 79515
31.668 79511
31.674 79509
31.682 79491
31.687 79489
31.692 79473
32.09 79467
32.093 79449
32.099 79440
32.102 79434
32.24 79429
32.424 79420
32.427 79417
32.428 79412
48.443 79411
48.445 79410
48.482 79408
48.5 79406
48.507 79404
48.509 79389
48.534 79388
48.537 79387
48.541 79384
48.541 79376
48.546 79370
48.552 79362
49.549 79353
66.821 79349
66.821 79348
67.027 79346
67.036 79342
67.062 79333
67.067 79328
67.068 79325
67.071 79323
67.089 79322
68.688 79321
68.69 79317
68.692 79309
68.696 79308
68.834 79299
68.839 79297
68.852 79286
69.048 79283
69.221 79282
69.222 79280
69.224 79277
69.241 79257
83.663 79253
83.668 79251
84.165 79247
85.265 79242
85.592 79241
85.6 79226
85.604 79225
85.61 79217
85.615 79215
85.623 79208
85.623 79207
85.652 79205
85.653 79194
85.654 79189
96.359 79187
96.362 79186
96.385 79185
96.585 79184
96.589 79181
96.591 79178
96.608 79172
96.61 79169
98.068 79166
98.069 79163
102.552 79148
102.553 79141
102.554 79140
102.557 79139
102.558 79134
102.568 79127
102.57 79126
102.574 79121
102.575 79120
102.577 79109
105.913 79106
106.626 79102
106.626 79101
106.629 79099
106.633 79098
106.654 79096
106.658 79087
106.659 79082
106.682 79077
106.686 79068
106.706 79065
106.707 79058
106.709 79053
106.71 79050
106.813 79049
106.815 79046
106.94 79036
106.942 79032
106.945 79031
106.948 79028
106.957 79027
106.962 79022
106.963 79020
138.392 79018
138.393 79017
152.099 79010
152.103 79008
152.107 79001
152.65 78998
152.652 78992
179.803 78987
179.804 78986
183.257 78981
183.263 78978
183.268 78973
183.275 78971
183.361 78970
184.742 78968
193.762 78967
196.542 78963
196.552 78962
199.908 78957
199.934 78955
199.935 78952
199.962 78951
199.972 78948
243.676 78947
243.804 78946
243.832 78945
243.841 78938
243.842 78937
243.855 78935
243.895 78933
247.989 78926
251.683 78925
251.974 78923
251.995 78919
271.839 78913
275.424 78912
275.804 78906
276.6 78902
276.604 78901
290.004 78900
290.016 78896
290.027 78893
290.032 78890
290.032 78886
290.04 78885
305.872 78882
305.891 78881
305.977 78880
305.989 78876
305.997 78875
306.017 78873
306.029 78872
306.03 78871
306.061 78870
317.934 78868
322.484 78863
325.015 78857
325.056 78855
325.141 78853
325.209 78851
325.658 78850
325.664 78848
325.682 78846
329.613 78845
329.623 78839
329.63 78838
329.635 78836
333.529 78835
333.542 78833
333.987 78831
334.434 78830
334.457 78829
334.481 78828
362.746 78826
362.788 78824
362.933 78822
