0.024 49714
0.024 49710
0.025 49707
0.025 49677
0.026 49639
0.026 49637
0.026 49634
0.026 49618
0.027 49617
0.029 49605
0.03 49599
0.03 49545
0.031 49526
0.032 49387
0.032 49272
0.033 49218
0.033 49209
0.033 49201
0.034 49183
0.035 49131
0.035 49121
0.035 49100
0.036 49095
0.036 49055
0.037 48860
0.038 48803
0.041 48744
0.041 48740
0.042 48693
0.043 48682
0.043 48672
0.05 48665
0.051 48594
0.053 48582
0.054 48538
0.056 48525
0.057 48524
0.057 48509
0.061 48503
0.061 48467
0.063 48458
0.066 48348
0.067 48342
0.067 48256
0.073 48009
0.074 48004
0.079 47991
0.079 47935
0.079 47917
0.08 47915
0.083 47901
0.083 47875
0.092 47836
0.093 47826
0.094 47820
0.096 47790
0.097 47763
0.1 47737
0.101 47730
0.102 47701
0.103 47686
0.139 47630
0.14 47606
0.143 47604
0.144 47562
0.145 47553
0.146 47485
0.148 47481
0.149 47480
0.151 47457
0.208 47442
0.208 47432
0.209 47411
0.217 47393
0.218 47386
0.224 47360
0.304 47344
0.304 47228
0.305 47227
0.306 47224
0.312 47164
0.313 47113
0.314 47111
0.314 47098
0.314 47085
0.315 47059
0.315 47010
0.38 46999
0.382 46960
0.382 46931
0.383 46914
0.389 46913
0.389 46907
0.39 46888
0.391 46806
0.394 46791
0.398 46785
0.421 46778
0.427 46769
0.428 46764
0.429 46762
0.43 46755
0.431 46750
0.477 46714
0.479 46644
0.564 46595
0.586 46513
0.587 46511
1.103 46497
1.104 46477
1.193 46461
1.194 46427
1.194 46418
1.195 46350
1.196 46343
1.202 46336
1.205 46305
1.206 46252
1.207 46192
1.207 46184
1.208 46110
1.211 46109
1.268 46090
1.269 46061
1.296 45982
1.299 45977
1.301 45893
1.317 45876
1.383 45869
1.386 45855
1.386 45843
1.387 45839
1.389 45798
1.389 45796
1.39 45763
1.391 45752
1.392 45747
1.408 45725
1.415 45723
1.421 45686
1.43 45650
1.435 45632
1.436 45620
1.437 45618
1.437 45560
1.438 45556
1.438 45546
1.439 45535
1.441 45528
1.442 45521
1.444 45475
1.445 45450
1.659 45436
10.637 45430
10.639 45428
10.64 45422
10.64 45388
10.669 45378
10.672 45375
10.673 45368
10.788 45326
10.789 45316
10.793 45308
10.793 45305
10.793 45302
10.795 45295
10.796 45269
10.798 45268
10.81 45267
10.811 45230
10.813 45227
10.814 45197
17.915 45173
17.924 45161
17.924 45124
17.924 45053
17.928 45036
17.932 45016
19.894 45009
19.895 45007
19.895 44996
19.896 44992
21.033 44976
21.036 44970
21.038 44967
21.038 44947
21.039 44945
26.8 44942
26.801 44902
26.803 44895
26.805 44874
26.826 44863
31.146 44859
31.147 44850
31.148 44847
36.447 44840
36.448 44817
36.448 44807
37.609 44804
37.611 44797
37.621 44781
37.622 44737
37.625 44703
37.75 44653
37.752 44648
37.753 44619
38.164 44612
38.165 44608
38.165 44600
38.166 44585
38.167 44571
49.724 44565
49.786 44549
49.8 44546
49.802 44528
49.803 44510
49.804 44503
62.911 44462
62.915 44458
62.982 44456
63.002 44452
63.01 44434
63.012 44411
63.013 44403
63.014 44380
63.029 44367
63.03 44360
75.882 44344
82.321 44325
82.322 44291
82.324 44271
82.324 44270
82.365 44248
82.442 44218
82.444 44205
82.449 44204
82.45 44202
82.454 44198
120.473 44197
120.797 44175
120.798 44170
120.799 44145
120.8 44144
120.808 44141
121.681 44133
123.421 44118
123.507 44113
123.508 44074
123.617 44073
123.813 44072
123.814 44071
123.818 44054
123.819 44036
123.828 44022
124.722 44006
124.723 44003
138.297 43995
138.297 43992
138.3 43982
138.607 43963
138.616 43950
170.571 43939
175.236 43936
175.302 43906
175.304 43904
190.394 43900
190.399 43891
190.399 43886
190.444 43882
190.495 43876
190.511 43869
190.515 43856
190.523 43854
194.594 43848
194.596 43840
197.007 43838
197.01 43821
197.011 43801
197.015 43800
197.212 43797
197.22 43796
198.801 43791
198.809 43785
204.484 43776
204.851 43775
204.863 43770
204.865 43765
205.331 43747
205.501 43739
205.539 43733
205.546 43731
207.191 43727
209.118 43722
209.247 43720
209.256 43709
211.913 43708
211.973 43703
217.189 43698
217.191 43688
217.219 43684
217.225 43682
217.227 43677
217.262 43673
217.275 43666
217.277 43656
244.266 43654
244.297 43649
244.298 43644
247.603 43640
247.614 43632
258.158 43631
258.165 43629
258.169 43627
258.182 43625
