0.026 52386
0.027 52350
0.027 52346
0.028 52296
0.028 52219
0.029 52203
0.03 51901
0.03 51894
0.03 51864
0.031 51787
0.031 51768
0.032 51743
0.033 51687
0.034 51553
0.034 51496
0.034 51493
0.035 51416
0.036 51343
0.037 51339
0.038 51268
0.04 51232
0.041 51227
0.043 51226
0.044 51197
0.046 51188
0.047 51170
0.047 51146
0.048 51085
0.048 51045
0.05 51006
0.051 50992
0.052 50988
0.059 50967
0.059 50914
0.06 50904
0.06 50902
0.061 50900
0.073 50878
0.076 50776
0.082 50748
0.083 50643
0.084 50642
0.086 50637
0.095 49638
0.097 49617
0.098 49580
0.099 49565
0.099 49521
0.099 49473
0.1 49309
0.101 49305
0.102 49293
0.102 49246
0.103 48910
0.105 48738
0.106 48704
0.11 48701
0.112 48690
0.112 48689
0.113 48663
0.113 48652
0.115 48644
0.116 48634
0.116 48617
0.118 48599
0.119 48534
0.119 48494
0.12 48490
0.127 48482
0.133 48421
0.134 48328
0.136 48322
0.139 48311
0.139 48274
0.141 48261
0.142 48216
0.143 48194
0.143 48188
0.143 48164
0.148 48120
0.204 48079
0.207 48050
0.211 48029
0.211 47974
0.217 47971
0.217 47959
0.218 47919
0.22 47891
0.221 47888
0.222 47872
0.223 47861
0.223 47859
0.225 47849
0.225 47809
0.23 47805
0.233 47788
0.233 47785
0.236 47771
0.237 47768
0.238 47757
0.24 47707
0.241 47605
0.242 47595
0.244 47586
0.244 47570
0.247 47565
0.248 47558
0.248 47549
0.25 47515
0.251 47514
0.268 47273
0.269 47239
0.27 47186
0.27 47137
0.29 47129
0.297 47098
0.3 47083
0.3 47075
0.302 47069
0.318 46986
0.319 46984
0.319 46975
0.324 46952
0.325 46915
0.325 46913
0.326 46903
0.369 46896
0.432 46891
0.433 46867
0.433 46851
0.434 46845
0.435 46840
0.438 46838
0.439 46788
0.444 46787
0.464 46785
0.468 46706
0.471 46702
0.485 46476
0.485 46434
0.487 46432
0.49 46414
0.553 46399
0.556 46384
0.558 46380
0.558 46333
0.559 46326
0.559 46324
0.56 46300
0.56 46292
0.562 46291
0.569 46265
0.578 46257
0.579 46233
0.616 46228
0.617 46184
0.617 46178
0.618 46157
0.62 46133
0.62 46108
0.622 46074
0.625 46066
0.627 46060
0.628 46056
0.629 46023
0.63 46016
0.631 46015
0.666 45996
0.693 45981
0.694 45943
0.694 45930
0.722 45913
0.724 45875
0.725 45864
0.772 45859
0.775 45809
0.776 45802
0.776 45798
0.797 45771
0.8 45770
0.8 45752
0.804 45729
0.817 45673
0.818 45672
0.833 45661
0.834 45627
0.835 45619
0.835 45597
0.854 45594
0.873 45575
0.874 45573
0.874 45557
0.875 45546
0.877 45541
0.877 45476
0.877 45467
0.879 45440
0.925 45438
0.927 45418
1.033 45374
1.034 45372
1.218 45239
1.219 45238
1.221 45217
1.222 45202
1.245 45186
1.249 45158
1.261 45156
1.262 45129
1.262 45109
1.264 45050
1.265 45029
1.27 44999
1.279 44961
1.354 44958
1.355 44938
1.364 44923
1.372 44878
1.38 44875
1.395 44850
1.395 44802
1.463 44795
1.464 44783
1.469 44754
1.47 44695
1.471 44692
1.478 44691
1.479 44624
1.48 44600
1.482 44591
1.482 44571
1.483 44542
1.484 44509
1.485 44493
1.486 44483
1.486 44475
1.504 44471
1.504 44466
1.505 44433
1.506 44361
1.512 44350
1.513 44334
1.515 44328
1.517 44306
1.519 44265
1.52 44264
1.521 44204
1.522 44198
1.597 44194
1.599 44161
1.599 44158
1.599 44130
1.601 44129
1.618 44124
1.621 44113
1.621 44080
1.626 44073
1.627 43997
1.628 43993
1.671 43983
1.672 43975
1.674 43974
1.711 43957
1.711 43938
1.713 43937
1.714 43915
1.72 43895
1.722 43889
1.722 43867
1.797 43822
1.797 43754
1.944 43719
1.948 43707
2 43680
2.005 43672
2.02 43643
2.022 43639
2.024 43629
2.025 43593
2.035 43590
2.039 43569
2.04 43565
2.041 43553
2.041 43510
2.043 43499
2.061 43485
2.575 43450
2.577 43414
2.578 43397
2.711 43389
2.713 43377
2.72 43327
3.115 43319
3.116 43301
3.12 43279
5.127 43273
5.128 43244
5.131 43239
5.131 43222
5.132 43218
5.144 43216
5.144 43208
7.339 43205
7.349 43198
7.386 43188
7.392 43144
7.394 43095
7.395 43066
7.396 43054
7.399 43047
15.028 43038
15.03 43028
15.049 43012
15.064 43008
15.067 43007
15.086 42952
16.668 42947
16.673 42946
16.678 42940
19.973 42939
24.338 42921
24.344 42906
24.347 42874
24.358 42830
24.358 42795
24.359 42788
24.361 42782
24.363 42774
24.642 42761
24.648 42748
24.65 42745
24.65 42739
24.655 42733
24.661 42729
24.664 42709
24.666 42678
24.667 42676
24.67 42668
24.67 42650
24.675 42625
24.676 42619
24.677 42591
24.686 42574
114.26 42563
114.281 42560
114.295 42550
114.301 42547
114.305 42540
114.305 42520
114.313 42506
114.329 42500
136.73 42495
136.732 42492
136.734 42487
136.984 42483
137.003 42481
137.005 42480
137.006 42467
137.012 42463
137.02 42462
137.034 42457
137.053 42442
137.056 42437
137.099 42432
137.107 42404
185.701 42396
185.704 42388
185.704 42386
189.653 42384
189.669 42379
189.684 42377
189.714 42374
189.715 42360
189.716 42355
189.717 42349
189.719 42348
189.722 42340
189.725 42338
189.769 42334
189.852 42332
189.856 42330
222.852 42326
223.078 42314
223.178 42313
223.182 42311
223.202 42307
245.062 42295
245.102 42290
245.273 42270
245.294 42267
245.883 42265
245.899 42263
246.021 42259
246.045 42258
246.413 42257
246.52 42255
248.132 42252
248.347 42234
248.552 42230
248.685 42229
248.872 42228
305.321 42225
305.389 42215
305.748 42211
308.988 42205
309.078 42202
309.151 42201
309.416 42199
321.862 42195
321.887 42194
321.944 42192
326.324 42190
326.821 42185
329.207 42184
335.356 42183
335.384 42182
357.287 42174
357.878 42171
358.492 42170
359.021 42166
359.099 42164
359.322 42162
359.388 42156
360.349 42153
361.716 42150
361.997 42149
363.644 42146
363.738 42143
363.778 42140
363.887 42137
363.931 42133
371.651 42131
371.8 42128
372.13 42124
