0.038 60701
0.038 60654
0.039 60646
0.039 60598
0.04 60557
0.04 60548
0.04 60534
0.041 60488
0.042 60419
0.045 60392
0.047 60382
0.048 60315
0.049 60279
0.05 60259
0.051 60252
0.052 60250
0.053 60201
0.054 60160
0.054 60139
0.056 60120
0.056 60111
0.056 60107
0.057 59990
0.058 59940
0.059 59793
0.061 59741
0.061 59729
0.063 59709
0.066 59372
0.067 59369
0.068 59319
0.069 59052
0.07 59014
0.071 58917
0.072 58901
0.072 58899
0.073 58861
0.074 58851
0.077 58814
0.078 58761
0.079 58757
0.08 58654
0.081 58524
0.082 58520
0.082 58515
0.082 58514
0.083 58499
0.084 58266
0.088 58202
0.093 58197
0.094 58196
0.095 58194
0.095 58182
0.096 58174
0.098 58170
0.098 58152
0.099 58143
0.101 57858
0.105 57849
0.107 57837
0.109 57562
0.109 57548
0.111 57369
0.117 57296
0.122 57261
0.123 57260
0.124 57253
0.125 57252
0.127 57219
0.127 57185
0.132 57122
0.133 57073
0.134 56983
0.138 56962
0.139 56954
0.143 56950
0.143 56930
0.144 56916
0.144 56888
0.146 56794
0.147 56791
0.147 56789
0.148 56775
0.148 56663
0.15 56549
0.154 56542
0.155 56529
0.157 56523
0.158 56517
0.158 56516
0.159 56497
0.165 56416
0.165 56372
0.179 56367
0.18 56365
0.182 56337
0.184 56297
0.19 56273
0.19 56272
0.193 56271
0.197 56252
0.207 56250
0.208 56239
0.212 56115
0.228 56097
0.229 56053
0.231 56019
0.232 55992
0.232 55988
0.235 55973
0.235 55889
0.236 55868
0.239 55859
0.24 55854
0.241 55683
0.246 55680
0.247 55672
0.247 55652
0.25 55629
0.252 55623
0.255 55595
0.261 55566
0.261 55546
0.262 55527
0.263 55456
0.265 55448
0.269 55445
0.269 55443
0.284 55434
0.286 55426
0.287 55407
0.29 55401
0.305 55370
0.306 55363
0.311 55357
0.313 55343
0.315 55333
0.319 55262
0.32 55240
0.34 55225
0.341 55197
0.341 55183
0.342 55166
0.345 55164
0.349 55161
0.35 55077
0.352 55002
0.352 55001
0.357 54999
0.383 54978
0.384 54964
0.429 54935
0.432 54889
0.434 54874
0.435 54865
0.436 54772
0.439 54770
0.455 54764
0.455 54762
0.456 54759
0.456 54719
0.458 54698
0.46 54695
0.463 54692
0.466 54668
0.468 54655
0.469 54653
0.47 54651
0.47 54644
0.527 54640
0.528 54639
0.529 54632
0.537 54614
0.546 54600
0.549 54585
0.55 54582
0.551 54555
0.554 54543
0.555 54540
0.555 54518
0.558 54512
0.561 54489
0.574 54481
0.576 54479
0.635 54435
0.64 54396
0.64 54395
0.644 54379
0.651 54366
0.651 54362
0.654 54330
0.654 54328
0.655 54327
0.656 54323
0.659 54313
0.66 54305
0.662 54269
0.663 54268
0.664 54261
0.665 54251
0.665 54249
0.671 54245
0.672 54244
0.68 54227
0.929 54165
0.934 54159
0.937 54158
0.938 54154
0.939 54058
0.94 54024
0.959 54015
0.96 54007
0.962 54002
0.963 53986
0.967 53969
0.967 53968
1.009 53961
1.023 53953
1.024 53943
1.025 53910
1.027 53896
1.028 53892
1.061 53888
1.063 53880
1.086 53863
1.088 53811
1.111 53797
1.114 53732
1.115 53722
1.116 53669
1.118 53631
1.121 53588
1.172 53566
1.174 53559
1.231 53549
1.416 53516
1.426 53500
1.429 53498
1.43 53487
1.43 53485
1.432 53429
1.436 53416
1.437 53388
1.438 53385
1.439 53383
1.457 53332
1.526 53316
1.528 53305
1.533 53302
1.539 53291
1.541 53264
1.625 53260
1.626 53256
1.626 53241
1.672 53237
1.673 53228
1.682 53212
1.683 53204
1.692 53192
1.697 53186
1.701 53145
1.702 53139
1.703 53138
1.74 53126
1.901 53121
1.902 53109
1.902 53100
1.904 53096
1.904 53086
1.906 53078
1.914 53071
1.916 53052
1.916 53042
1.917 53041
1.919 53030
1.94 53021
1.946 53005
1.947 53003
1.949 52996
1.954 52994
2.25 52983
2.262 52958
2.28 52932
2.286 52906
2.287 52900
2.288 52896
2.301 52873
2.302 52869
2.302 52857
2.303 52855
2.303 52850
2.303 52843
2.314 52839
2.315 52806
2.315 52801
2.315 52774
2.328 52771
2.329 52766
2.331 52762
2.333 52747
2.368 52744
3.32 52731
3.32 52705
3.328 52698
3.328 52697
3.329 52695
3.33 52688
3.331 52686
3.331 52649
8.894 52640
8.894 52621
9.067 52617
9.068 52615
9.217 52613
9.253 52603
9.254 52598
9.255 52592
9.259 52579
9.263 52562
9.264 52549
9.265 52540
9.266 52534
9.266 52518
9.272 52509
9.276 52508
9.29 52491
9.292 52476
9.292 52467
9.296 52450
9.297 52440
9.298 52415
9.299 52406
9.303 52369
9.347 52360
9.35 52356
9.351 52355
9.351 52351
9.351 52331
31.705 52322
31.708 52313
31.709 52266
31.718 52265
31.887 52263
31.888 52262
31.901 52261
31.902 52238
31.904 52198
64.432 52176
64.438 52175
64.439 52163
64.445 52162
71.242 52158
71.303 52155
71.305 52148
71.305 52144
94.709 52143
94.711 52127
96.531 52117
98.642 52100
98.644 52099
99.993 52096
100.005 52063
100.007 52056
100.03 52049
100.03 52047
100.033 52040
100.051 52039
100.054 52033
100.056 52026
100.057 52022
100.06 52019
100.065 52002
100.103 51979
100.115 51978
100.141 51973
100.144 51968
100.16 51958
100.189 51955
100.19 51951
110.909 51949
110.916 51947
110.954 51938
127.227 51937
127.236 51930
127.238 51927
127.24 51923
127.248 51921
127.25 51911
134.458 51899
134.459 51898
134.545 51890
134.546 51885
134.558 51882
134.56 51881
134.561 51851
134.564 51846
134.573 51842
134.574 51838
134.584 51832
134.605 51825
134.66 51819
134.721 51818
134.735 51816
134.776 51814
134.815 51810
134.826 51809
134.831 51804
134.832 51778
134.945 51768
134.947 51767
134.949 51744
134.949 51719
134.951 51704
134.961 51701
134.974 51698
182.095 51685
182.238 51678
182.241 51651
188.201 51649
188.328 51646
188.331 51633
197.474 51632
197.477 51628
197.48 51627
197.491 51613
201.167 51611
201.175 51610
201.196 51606
201.244 51590
201.319 51589
201.328 51580
201.374 51579
242.128 51578
242.144 51574
243.096 51571
243.097 51570
243.101 51569
243.102 51568
243.116 51564
243.129 51561
243.359 51558
243.359 51555
243.367 51550
243.871 51543
243.946 51541
244.144 51540
244.191 51538
244.238 51534
244.245 51533
244.254 51523
244.448 51522
245.44 51519
245.825 51518
245.879 51517
245.883 51511
245.916 51503
245.917 51497
245.925 51494
248.584 51489
248.585 51486
248.61 51484
248.651 51481
248.7 51480
248.71 51479
248.728 51476
248.733 51464
248.784 51463
248.827 51461
261.259 51446
261.311 51445
261.321 51444
261.344 51443
261.356 51442
261.361 51439
262.906 51438
262.92 51437
262.92 51436
262.923 51433
262.991 51430
262.992 51429
263.01 51427
263.02 51424
263.022 51423
263.099 51422
263.103 51421
263.104 51416
263.116 51415
263.243 51414
263.253 51411
273.911 51410
274.23 51395
274.356 51383
274.38 51381
275.084 51380
275.09 51374
275.096 51373
275.256 51366
285.036 51364
285.05 51363
285.157 51358
285.689 51356
286.226 51355
286.326 51348
286.34 51347
286.438 51346
286.607 51342
295.329 51323
297.399 51320
297.404 51318
301.671 51316
301.695 51315
301.708 51310
301.715 51300
301.743 51294
302.327 51293
303.868 51291
304.263 51288
304.264 51281
304.338 51280
338.474 51279
339.536 51276
339.537 51275
340.525 51274
340.566 51273
342.642 51270
346.004 51269
349.394 51268
349.407 51266
349.432 51265
349.654 51264
349.828 51261
