0.036 60674
0.037 60656
0.037 60651
0.038 60638
0.039 60574
0.039 60552
0.04 60522
0.04 60516
0.041 60478
0.042 60368
0.042 60356
0.043 60266
0.043 60245
0.044 60221
0.045 60058
0.046 60027
0.046 59859
0.047 59813
0.048 59782
0.049 59781
0.05 59762
0.05 59761
0.051 59752
0.051 59744
0.052 59737
0.052 59721
0.053 59549
0.054 59537
0.056 59502
0.058 59061
0.058 59015
0.059 58978
0.061 58591
0.062 58569
0.064 58504
0.064 58503
0.064 58501
0.085 58236
0.09 58101
0.092 58091
0.097 58040
0.098 58026
0.098 58006
0.098 57970
0.099 57923
0.099 57918
0.101 57915
0.104 57574
0.105 57526
0.106 57519
0.111 57463
0.112 57462
0.112 57423
0.113 57386
0.113 57358
0.115 57357
0.115 57353
0.115 57345
0.12 57239
0.121 57234
0.122 57230
0.124 57201
0.126 57198
0.131 56941
0.132 56940
0.133 56823
0.134 56795
0.134 56758
0.136 56294
0.136 56230
0.136 56228
0.137 56193
0.137 56190
0.138 56169
0.141 56042
0.143 56014
0.143 56010
0.144 56000
0.149 55977
0.15 55976
0.15 55941
0.151 55933
0.151 55832
0.152 55820
0.152 55805
0.153 55755
0.154 55602
0.154 55598
0.155 55589
0.157 55580
0.157 55575
0.157 55569
0.162 55468
0.162 55453
0.163 55450
0.163 55425
0.164 55418
0.172 55411
0.172 55406
0.172 55392
0.182 55387
0.183 55385
0.184 55328
0.185 55326
0.191 55318
0.192 55305
0.195 55279
0.2 55267
0.205 55266
0.209 55256
0.216 55248
0.217 55238
0.218 55232
0.219 55222
0.22 55157
0.221 55144
0.223 55078
0.224 55068
0.224 55067
0.224 55018
0.225 54997
0.227 54959
0.228 54949
0.233 54881
0.241 54879
0.244 54876
0.246 54843
0.247 54797
0.249 54775
0.25 54772
0.265 54750
0.27 54746
0.271 54741
0.272 54733
0.276 54563
0.279 54555
0.28 54544
0.28 54526
0.28 54515
0.282 54500
0.283 54456
0.283 54449
0.285 54429
0.471 54394
0.473 54391
0.491 54388
0.496 54357
0.497 54335
0.498 54333
0.499 54309
0.5 54292
0.502 54289
0.502 54281
0.584 54273
0.585 54269
0.585 54209
0.586 54204
0.587 54151
0.588 54100
0.592 54099
0.598 54059
0.599 54007
0.639 53957
0.641 53903
0.662 53876
0.695 53864
0.696 53839
0.715 53828
0.715 53820
0.748 53819
0.749 53776
0.75 53769
0.984 53712
0.992 53706
0.992 53693
0.995 53690
1.008 53686
1.009 53685
1.012 53684
1.013 53681
1.017 53657
1.019 53620
1.02 53608
1.044 53574
1.045 53573
1.045 53556
1.057 53550
1.058 53547
1.058 53546
1.601 53514
1.602 53507
1.602 53506
1.604 53491
1.708 53485
1.708 53470
1.874 53454
1.875 53445
1.876 53406
1.877 53402
1.878 53398
1.879 53396
1.88 53344
1.887 53317
2.089 53312
2.093 53310
2.103 53261
2.103 53228
2.105 53214
2.105 53212
2.106 53211
2.109 53192
2.13 53189
2.132 53186
2.132 53185
2.132 53182
2.167 53136
2.168 53131
2.186 53098
2.187 53084
2.188 53040
2.189 53031
2.19 53016
2.191 53015
2.198 52992
2.201 52967
2.202 52964
2.204 52954
2.206 52951
2.206 52875
2.208 52874
2.208 52873
2.209 52870
2.211 52843
2.653 52836
2.654 52832
3.207 52819
3.265 52766
3.267 52725
3.267 52712
3.268 52693
3.306 52683
6.233 52648
6.235 52644
6.235 52568
6.26 52563
6.267 52535
6.275 52528
6.283 52513
6.285 52511
6.286 52505
6.288 52504
6.289 52495
7.75 52485
7.752 52438
7.754 52431
7.754 52407
7.756 52406
7.76 52400
7.76 52399
7.764 52395
7.765 52359
7.767 52340
7.768 52338
22.774 52335
22.774 52316
22.774 52307
24.661 52283
24.754 52243
24.756 52232
24.763 52223
24.764 52219
24.767 52209
24.769 52195
24.776 52191
25.297 52177
25.301 52173
25.302 52172
25.311 52166
25.312 52146
25.316 52109
25.327 52090
62.873 52088
62.874 52087
62.883 52076
62.884 52069
62.885 52064
62.889 52063
62.89 52053
62.89 52050
62.915 52046
62.916 52028
62.917 52014
62.92 51987
62.976 51984
62.977 51968
62.977 51952
62.978 51944
62.981 51935
62.994 51932
106.066 51929
106.066 51925
106.07 51916
106.073 51914
113.233 51893
113.234 51889
114.116 51886
114.117 51881
114.123 51880
114.207 51876
114.212 51866
114.212 51851
114.213 51842
114.214 51839
114.214 51838
114.216 51836
130.271 51818
130.272 51817
130.285 51816
140.253 51812
140.254 51811
140.256 51809
140.259 51808
140.265 51802
140.265 51798
140.267 51797
140.28 51790
140.286 51786
148.143 51782
148.154 51780
148.155 51775
148.162 51772
148.165 51760
150.538 51748
150.545 51747
150.551 51741
150.742 51739
162.45 51738
162.452 51737
163.282 51730
163.285 51725
163.289 51714
163.299 51711
163.351 51705
163.353 51701
163.354 51692
163.36 51691
163.36 51682
163.396 51680
163.399 51676
163.401 51670
163.525 51669
163.555 51660
163.686 51659
163.695 51658
163.697 51656
163.698 51655
163.793 51650
163.794 51645
164.342 51641
164.345 51638
164.351 51633
164.398 51628
164.406 51627
164.794 51626
165.464 51621
165.464 51597
165.464 51592
166.193 51590
166.208 51588
166.219 51587
166.293 51576
166.301 51561
167.084 51559
167.138 51558
167.211 51556
167.24 51552
167.244 51550
213.875 51549
213.878 51548
213.881 51547
213.882 51543
213.898 51538
219.734 51533
220.045 51532
220.048 51530
220.465 51521
220.478 51519
220.554 51518
220.789 51517
220.79 51516
220.795 51514
220.829 51506
220.833 51505
220.838 51502
220.867 51501
220.871 51498
220.877 51487
220.903 51482
220.911 51480
223.915 51479
224.142 51469
224.152 51464
224.154 51461
224.857 51460
224.862 51453
224.885 51445
224.902 51439
224.91 51433
224.93 51432
228.062 51428
228.116 51425
228.123 51420
228.137 51414
252.509 51409
256.735 51407
256.74 51401
256.74 51400
256.751 51397
256.768 51394
256.819 51387
256.824 51385
258.691 51371
258.812 51368
258.813 51367
258.848 51358
258.86 51356
258.877 51351
258.903 51347
258.904 51346
258.905 51345
260.5 51342
260.525 51332
260.872 51329
260.877 51325
260.879 51323
260.977 51322
261.895 51320
263.598 51318
263.981 51316
289.881 51314
290.02 51311
290.093 51308
297.564 51307
298.242 51306
298.361 51304
298.376 51303
298.461 51302
305.046 51296
305.063 51295
305.104 51293
305.124 51287
306.746 51281
320.572 51280
320.579 51279
322.269 51278
322.313 51273
322.395 51271
322.402 51270
322.427 51268
322.434 51267
322.444 51266
324.51 51265
324.563 51263
324.578 51260
324.602 51259
324.643 51256
324.643 51253
332.89 51251
332.934 51250
333.065 51249
333.43 51248
333.581 51242
333.583 51241
333.598 51240
334.127 51238
334.539 51237
