0.037 91382
0.039 91129
0.039 91102
0.04 91081
0.04 91043
0.041 91024
0.042 91007
0.042 91003
0.042 91000
0.043 90990
0.043 90982
0.043 90973
0.044 90926
0.046 90919
0.046 90918
0.047 90916
0.048 90904
0.049 90710
0.049 90704
0.05 90681
0.05 90434
0.051 90400
0.052 90265
0.052 90248
0.057 90188
0.058 90181
0.061 90176
0.061 90175
0.062 90061
0.063 90054
0.064 90035
0.064 90015
0.065 90013
0.066 89589
0.068 89584
0.07 89582
0.07 89553
0.072 89469
0.072 89379
0.073 89287
0.073 89208
0.074 89190
0.074 89144
0.075 88348
0.076 88328
0.076 88326
0.076 88324
0.078 88315
0.079 88303
0.08 88291
0.083 88218
0.083 88217
0.084 88206
0.09 88197
0.091 88187
0.091 88172
0.092 88140
0.093 88026
0.096 88022
0.096 87943
0.098 87941
0.102 87536
0.104 87497
0.11 87493
0.11 87475
0.11 87461
0.111 87460
0.111 87458
0.115 87410
0.129 87062
0.132 87015
0.132 86986
0.133 86985
0.135 86975
0.136 86974
0.136 86962
0.137 86924
0.139 86902
0.145 86733
0.149 86730
0.15 86487
0.153 86361
0.154 86211
0.155 86202
0.156 86189
0.156 86181
0.157 86161
0.157 86080
0.158 86060
0.161 86039
0.162 86031
0.163 85643
0.163 85632
0.164 85585
0.164 85548
0.164 85506
0.165 85496
0.166 85491
0.167 85434
0.168 85431
0.168 85312
0.17 85310
0.178 85273
0.185 85247
0.188 85230
0.19 84629
0.191 84588
0.191 84581
0.195 84534
0.196 84530
0.197 84528
0.197 84505
0.198 84478
0.199 84475
0.201 84368
0.202 84351
0.202 84350
0.203 84255
0.204 84232
0.204 84226
0.205 84225
0.205 84203
0.207 84187
0.208 83719
0.209 83709
0.212 83671
0.212 83660
0.213 83636
0.216 83619
0.216 83610
0.217 83595
0.217 83571
0.218 83570
0.234 83552
0.235 83549
0.235 83510
0.236 83486
0.236 83473
0.238 83467
0.238 83465
0.24 83435
0.24 83404
0.241 83402
0.241 83368
0.242 83357
0.245 83350
0.247 83321
0.249 83317
0.26 83111
0.261 83090
0.262 83081
0.263 83077
0.263 83041
0.264 83039
0.282 83004
0.282 83003
0.284 82985
0.286 82984
0.287 82976
0.294 82966
0.295 82944
0.295 82918
0.296 82889
0.297 82882
0.297 82880
0.315 82851
0.316 82792
0.317 82728
0.318 82723
0.319 82703
0.32 82654
0.328 82649
0.329 82648
0.33 82637
0.331 82593
0.352 82498
0.352 82494
0.354 82482
0.355 82437
0.356 82414
0.357 82284
0.358 82279
0.358 82270
0.359 82269
0.36 82255
0.366 82237
0.37 82218
0.374 82173
0.375 82160
0.383 82106
0.384 82050
0.384 82032
0.385 82011
0.388 81975
0.39 81968
0.392 81963
0.394 81913
0.395 81884
0.396 81871
0.397 81861
0.397 81812
0.4 81811
0.407 81790
0.408 81772
0.408 81758
0.413 81752
0.416 81751
0.416 81734
0.422 81566
0.424 81464
0.425 81454
0.429 81451
0.431 81449
0.433 81446
0.434 81440
0.445 81429
0.446 81428
0.446 81405
0.447 81334
0.449 81322
0.451 81319
0.453 81316
0.453 81309
0.453 81300
0.456 81294
0.458 81290
0.46 81289
0.461 81277
0.461 81270
0.461 81257
0.463 81223
0.464 81201
0.464 81140
0.465 81138
0.466 81126
0.469 81096
0.47 81090
0.47 81071
0.471 81066
0.471 81060
0.472 81053
0.473 81032
0.474 81001
0.509 80916
0.511 80914
0.515 80870
0.515 80868
0.516 80850
0.528 80846
0.53 80714
0.531 80508
0.532 80499
0.533 80482
0.534 80274
0.536 79953
0.537 79943
0.538 79919
0.541 79911
0.542 79866
0.544 79792
0.549 79761
0.55 79738
0.552 79705
0.553 79701
0.554 79684
0.555 79677
0.556 79655
0.557 79651
0.558 79650
0.56 79628
0.562 79610
0.562 79606
0.565 79598
0.583 79575
0.583 79564
0.622 79528
0.623 79527
0.626 79519
0.626 79508
0.627 79503
0.627 79500
0.638 79493
0.638 79459
0.639 79456
0.642 79448
0.642 79445
0.643 79442
0.644 79426
0.647 79414
0.649 79413
0.65 79411
0.67 79317
0.671 79300
0.684 79279
0.72 79278
0.721 79262
0.722 79260
0.723 79245
0.726 79234
0.727 79218
0.728 79198
0.73 79184
0.754 79141
0.782 79134
0.784 79123
0.784 79120
0.787 79107
0.787 79074
0.871 79020
0.873 78969
0.874 78956
0.876 78948
1.041 78946
1.047 78928
1.057 78901
1.057 78877
1.058 78864
1.059 78857
1.06 78845
1.061 78839
1.068 78790
1.323 78786
1.327 78758
1.328 78757
1.341 78726
1.342 78718
1.343 78681
1.349 78664
1.35 78653
1.461 78638
1.463 78609
1.479 78603
1.481 78587
1.506 78585
1.507 78583
1.508 78535
1.753 78534
1.758 78529
1.759 78504
1.759 78500
1.76 78475
1.766 78466
1.774 78420
1.775 78401
1.778 78396
1.779 78358
1.783 78346
1.793 78344
1.794 78339
1.795 78338
1.796 78282
1.797 78273
1.797 78260
1.798 78257
1.807 78234
1.809 78207
1.811 78204
1.812 78203
1.813 78184
1.814 78183
1.816 78180
1.816 78179
1.817 78147
1.82 78129
1.822 78114
1.838 78033
1.839 78031
1.84 78030
1.842 78021
1.85 78017
1.85 77992
2.063 77906
2.11 77861
2.115 77833
2.116 77796
2.122 77794
2.123 77771
2.123 77732
2.127 77728
2.128 77707
2.128 77704
2.135 77683
2.138 77677
2.139 77668
2.139 77646
2.14 77639
2.143 77623
2.171 77581
2.174 77556
2.175 77547
2.176 77545
2.177 77542
2.178 77540
2.18 77493
2.287 77487
2.287 77482
2.299 77473
2.299 77471
2.306 77446
2.32 77445
2.321 77437
2.322 77435
2.323 77430
2.323 77429
2.325 77412
2.34 77402
2.342 77372
2.343 77328
2.35 77324
2.352 77322
2.352 77308
2.353 77296
2.355 77293
2.362 77286
2.362 77284
2.365 77235
2.366 77223
2.373 77205
2.374 77203
2.376 77186
2.378 77174
2.378 77170
2.379 77166
2.387 77163
2.388 77162
2.389 76802
2.392 76772
2.395 76766
2.395 76757
2.401 76746
2.401 76743
2.402 76706
2.404 76697
2.406 76695
2.407 76664
2.408 76652
2.414 76651
2.414 76649
2.425 76638
2.426 76610
2.441 76605
2.451 76601
2.455 76597
2.455 76572
2.456 76569
2.457 76490
2.457 76489
2.458 76486
2.459 76479
2.49 76477
2.493 76475
2.494 76472
2.495 76454
2.502 76427
2.503 76418
2.505 76410
2.506 76345
2.507 76340
2.51 76321
2.514 76293
2.518 76283
2.522 76280
2.526 76278
2.529 76270
2.529 76268
2.533 76263
2.545 76256
2.546 76246
2.548 76244
2.549 76240
2.55 76230
2.553 76219
2.606 76179
2.614 76159
2.629 76093
2.631 76078
2.631 76071
2.894 76066
2.895 76040
2.899 76035
2.899 76024
2.908 76014
2.908 76008
2.91 76006
2.911 75995
2.917 75971
2.918 75969
2.924 75957
2.924 75927
2.999 75654
3.001 75652
3.002 75643
3.003 75639
3.003 75618
3.003 75616
3.005 75592
3.006 75561
3.007 75560
3.007 75559
3.046 75538
3.048 75531
3.166 75525
3.167 75524
3.168 75512
3.169 75501
3.17 75495
3.173 75489
3.178 75470
3.182 75469
3.509 75461
3.51 75459
3.512 75457
3.516 75453
3.782 75450
5.272 75446
5.274 75426
5.409 75383
5.411 75369
5.453 75366
5.457 75359
5.499 75352
5.499 75278
5.499 75256
5.5 75225
5.516 75221
5.517 75219
5.546 75211
5.547 75203
5.568 75197
5.57 75190
5.576 75183
5.578 75178
5.579 75175
5.583 75145
5.585 75139
5.586 75134
5.59 75123
5.597 75122
5.599 75106
5.603 75070
7.324 75069
7.342 75055
7.57 75031
7.584 75000
7.585 74999
7.586 74985
7.591 74981
7.592 74967
7.593 74950
7.594 74916
7.614 74848
7.615 74826
7.615 74801
7.616 74784
7.638 74760
7.638 74744
7.639 74734
7.639 74733
7.642 74730
7.645 74719
7.646 74705
7.648 74691
7.668 74647
7.669 74643
7.67 74629
7.699 74608
7.701 74606
7.732 74602
7.738 74534
7.754 74520
7.755 74505
7.758 74468
7.77 74467
7.966 74410
7.967 74403
7.968 74402
7.969 74400
7.97 74384
7.97 74383
7.971 74379
7.974 74305
7.977 74303
8 74298
8.001 74297
8.001 74289
8.002 74276
8.003 74275
8.055 74269
8.067 74264
8.073 74245
8.073 74232
8.811 74222
8.816 74215
8.821 74207
8.823 74171
8.827 74147
8.828 74142
8.853 74141
10.699 74122
10.877 74112
10.878 74111
10.88 74103
10.881 74090
10.883 74081
10.89 74076
10.901 74074
10.902 74073
10.902 74068
10.904 74063
10.984 74054
10.985 74043
10.985 74038
10.986 74001
10.99 73999
12.216 73952
12.217 73941
12.217 73939
15.042 73927
15.043 73920
15.044 73865
15.495 73860
15.496 73857
15.497 73855
15.498 73854
15.499 73853
15.5 73845
15.502 73830
15.506 73816
15.511 73807
15.637 73750
15.638 73729
15.641 73671
15.893 73669
17.051 73661
17.053 73644
17.056 73616
21.819 73614
21.868 73605
21.872 73596
21.873 73580
21.874 73569
21.875 73548
21.892 73530
21.892 73520
21.893 73503
21.894 73460
21.895 73446
21.896 73436
25.352 73423
25.353 73411
25.357 73366
25.458 73360
25.46 73359
25.461 73358
25.766 73353
25.788 73342
25.789 73333
25.793 73330
25.795 73328
25.795 73320
25.796 73317
28.771 73314
28.785 73313
28.789 73306
28.79 73298
28.793 73297
28.794 73280
28.794 73277
28.795 73268
28.799 73265
28.8 73253
28.804 73251
28.804 73240
52.953 73237
52.965 73233
52.966 73197
52.966 73192
52.967 73170
52.968 73152
52.996 73130
53 73122
53.081 73107
53.084 73083
54.236 73079
54.271 73075
54.271 73071
54.271 73065
54.272 73064
54.734 73060
54.74 73059
54.742 73054
54.742 73052
54.748 73050
54.748 73045
54.75 73037
54.751 73036
54.757 73032
54.757 73031
54.758 73029
54.794 73022
54.794 73021
54.795 72998
54.796 72997
54.929 72984
54.929 72981
55.031 72980
55.032 72975
55.033 72966
55.036 72965
55.039 72963
55.039 72941
55.045 72937
55.046 72932
55.057 72916
55.061 72901
55.07 72896
55.071 72887
55.074 72871
55.076 72859
61.03 72857
61.032 72856
64.542 72855
68.26 72853
68.264 72852
68.265 72833
68.268 72818
68.269 72817
68.27 72809
68.271 72805
68.273 72795
68.274 72792
68.488 72784
73.836 72782
74.341 72781
78.044 72763
78.045 72755
95.768 72753
95.797 72729
95.806 72721
95.897 72720
95.897 72704
95.9 72694
95.904 72687
95.909 72668
95.936 72664
95.946 72650
95.952 72648
95.96 72647
95.96 72646
95.963 72643
96.017 72641
99.647 72637
99.807 72633
99.809 72618
99.822 72604
99.825 72598
99.827 72593
99.827 72590
99.847 72586
99.849 72585
99.85 72583
134.262 72570
134.262 72567
134.493 72563
134.518 72546
134.527 72535
134.527 72534
134.54 72505
135.054 72480
135.055 72471
135.085 72470
135.087 72429
135.087 72425
161.059 72423
162.655 72418
162.657 72414
162.665 72408
172.592 72403
172.592 72402
172.594 72399
172.596 72395
172.662 72394
172.666 72392
172.667 72387
172.668 72383
172.672 72380
172.674 72368
172.676 72364
209.032 72339
209.049 72332
209.498 72327
209.519 72323
209.536 72314
209.546 72313
223.815 72302
223.823 72301
223.85 72291
223.855 72286
225.418 72283
225.423 72282
225.428 72279
229.133 72266
234.597 72263
234.605 72258
234.616 72257
235.639 72248
235.758 72233
235.759 72231
235.794 72229
235.808 72226
235.822 72220
235.84 72219
241.014 72210
241.365 72208
241.366 72203
241.366 72199
241.393 72195
243.874 72192
252.076 72185
262.178 72172
262.185 72167
262.2 72166
262.203 72163
262.208 72159
262.21 72153
269.585 72149
279.002 72137
279.007 72132
279.025 72130
279.031 72124
279.035 72122
291.437 72120
291.495 72114
291.646 72104
292.333 72103
292.339 72102
292.342 72095
292.351 72091
300.897 72089
300.904 72086
300.921 72068
300.932 72054
301.845 72051
301.847 72050
301.848 72049
303.1 72044
303.202 72043
303.233 72042
303.241 72036
311.257 72027
311.264 72020
311.308 72016
311.317 72013
311.317 72011
311.322 71995
311.33 71994
311.364 71993
361.88 71992
365.813 71991
365.963 71989
365.964 71985
365.975 71976
366.003 71971
366.009 71965
366.259 71961
366.582 71958
366.588 71957
366.631 71951
366.783 71947
381.893 71946
381.924 71944
382.068 71941
390.986 71937
391.731 71934
391.773 71931
391.788 71928
392.055 71924
392.492 71922
392.5 71919
392.514 71915
404.339 71914
404.371 71913
404.382 71912
404.489 71910
405.322 71909
405.341 71908
407.841 71907
407.843 71905
407.944 71904
407.955 71903
407.961 71902
408.012 71900
408.361 71899
408.548 71897
415.131 71893
415.227 71891
415.349 71889
