0.037 60662
0.039 60571
0.039 60529
0.04 60505
0.04 60499
0.043 60450
0.046 60334
0.046 60296
0.047 60288
0.047 60282
0.048 60274
0.048 60268
0.048 60267
0.049 60266
0.049 60260
0.05 60256
0.051 60239
0.051 60232
0.052 60221
0.053 60215
0.054 60197
0.055 60187
0.055 60171
0.056 60104
0.056 60102
0.057 60053
0.058 60042
0.058 60040
0.062 60037
0.063 60032
0.063 60014
0.072 60009
0.073 59990
0.073 59982
0.078 59968
0.081 59934
0.081 59895
0.082 59871
0.084 59717
0.085 59493
0.085 59345
0.086 59334
0.086 59323
0.087 59295
0.089 59159
0.09 59103
0.091 59088
0.092 59082
0.092 59043
0.094 59026
0.095 59020
0.096 59018
0.097 59010
0.101 58939
0.106 58865
0.108 58847
0.108 58838
0.11 58689
0.111 58631
0.12 58531
0.121 58505
0.125 58502
0.126 58493
0.128 58468
0.128 58464
0.129 58425
0.134 58222
0.138 58083
0.138 58021
0.139 58015
0.14 57917
0.14 57911
0.141 57900
0.142 57899
0.142 57896
0.145 57861
0.145 57859
0.148 57856
0.149 57854
0.167 57838
0.169 57822
0.169 57756
0.171 57755
0.174 57739
0.175 57738
0.177 57730
0.177 57728
0.178 57719
0.182 57683
0.183 57672
0.183 57666
0.184 57664
0.186 57660
0.203 57643
0.203 57642
0.207 57640
0.21 57637
0.211 57635
0.211 57626
0.214 57616
0.214 57560
0.215 57555
0.216 57553
0.217 57547
0.218 57542
0.218 57521
0.219 57519
0.22 57515
0.221 57506
0.223 57454
0.224 57421
0.224 57384
0.225 57382
0.225 57358
0.226 57351
0.233 57322
0.234 57305
0.237 57256
0.241 57241
0.277 57196
0.278 57065
0.279 57051
0.28 57027
0.282 56907
0.282 56826
0.285 56793
0.285 56791
0.287 56681
0.287 56671
0.288 56661
0.289 56577
0.29 56536
0.29 56532
0.291 56485
0.291 56481
0.293 56472
0.293 56446
0.294 56442
0.296 56386
0.297 56337
0.299 56107
0.3 55867
0.301 55792
0.302 55762
0.305 55584
0.306 55572
0.306 55567
0.307 55564
0.307 55554
0.311 55423
0.312 55377
0.312 55363
0.314 55344
0.314 55319
0.315 55300
0.316 55299
0.317 55276
0.318 55258
0.319 55254
0.32 55044
0.324 54995
0.326 54986
0.329 54984
0.329 54952
0.332 54851
0.35 54841
0.353 54808
0.355 54798
0.355 54795
0.36 54791
0.364 54790
0.365 54769
0.365 54748
0.366 54709
0.368 54687
0.412 54632
0.413 54600
0.414 54574
0.414 54565
0.418 54547
0.419 54537
0.421 54498
0.423 54449
0.431 54442
0.431 54407
0.434 54406
0.437 54400
0.438 54395
0.439 54366
0.441 54345
0.442 54334
0.442 54329
0.444 54319
0.448 54315
0.458 54306
0.459 54268
0.46 54256
0.461 54250
0.472 54236
0.473 54218
0.474 54217
0.503 54215
0.503 54214
0.507 54150
0.507 54144
0.56 54111
0.561 54058
0.561 54038
0.563 54030
0.563 54026
0.565 54023
0.565 54022
0.567 53996
0.567 53992
0.591 53969
0.595 53965
0.597 53959
0.604 53947
0.605 53944
0.61 53940
0.612 53938
0.613 53913
0.613 53881
0.619 53853
0.621 53814
0.635 53804
0.636 53755
0.651 53725
0.694 53686
0.695 53675
0.695 53637
0.699 53612
0.707 53595
0.708 53593
0.709 53563
0.709 53539
0.71 53523
0.712 53502
0.898 53443
0.898 53439
0.899 53414
0.902 53411
0.904 53388
0.912 53372
0.912 53370
0.913 53352
0.921 53339
0.938 53331
0.94 53277
0.94 53229
0.941 53226
0.942 53190
1.43 53178
1.432 53168
1.553 53134
1.62 53108
1.621 53077
1.627 53068
1.629 53040
1.714 53009
1.726 53003
1.727 52989
1.728 52956
1.73 52935
2.042 52873
2.055 52834
2.088 52824
4.144 52782
4.145 52770
4.147 52768
4.148 52767
4.15 52766
4.15 52680
4.153 52665
4.557 52647
4.56 52628
4.819 52624
4.82 52623
4.822 52622
4.827 52613
4.854 52588
5.484 52584
5.484 52581
5.486 52579
5.487 52561
5.487 52560
5.489 52557
5.489 52544
5.489 52536
5.492 52529
5.789 52521
5.791 52520
5.792 52519
5.793 52516
5.808 52490
5.825 52439
5.829 52433
5.832 52432
17.924 52396
17.925 52395
17.926 52384
17.929 52380
17.93 52375
17.943 52352
17.943 52340
17.946 52326
17.947 52313
17.952 52307
17.954 52297
17.957 52295
17.957 52294
19.368 52274
19.785 52270
19.795 52202
19.801 52188
19.801 52154
19.803 52152
21.151 52150
21.152 52146
21.174 52145
21.175 52142
21.176 52137
23.742 52134
23.744 52132
23.745 52126
23.746 52112
23.746 52101
23.749 52097
33.444 52096
33.449 52095
33.451 52082
33.452 52066
33.452 52064
33.454 52058
33.464 52049
33.466 52042
33.505 52016
65.174 52015
65.174 52014
65.177 52007
65.181 51998
65.185 51976
65.188 51975
66.122 51973
66.13 51967
66.132 51966
66.147 51960
66.15 51956
66.151 51943
66.157 51938
66.158 51931
67.356 51925
67.358 51910
67.359 51890
67.36 51889
67.383 51887
67.387 51873
67.388 51870
67.389 51863
67.398 51853
79.885 51846
79.891 51827
79.895 51805
79.988 51793
86.46 51790
88.105 51749
88.111 51745
88.112 51738
88.133 51732
88.134 51731
88.136 51726
88.143 51721
88.15 51718
88.164 51713
97.047 51700
114.035 51699
114.036 51698
114.038 51682
114.041 51681
114.046 51680
114.095 51671
114.096 51670
114.097 51655
124.089 51650
124.091 51649
124.132 51647
124.133 51644
124.134 51642
124.141 51634
124.144 51633
124.148 51617
124.15 51615
134.035 51597
134.037 51590
134.04 51586
159.16 51584
159.168 51574
159.998 51572
160.01 51569
160.015 51561
160.026 51559
160.029 51543
161.221 51533
161.223 51526
161.231 51515
161.241 51510
161.256 51495
164.085 51483
164.102 51472
164.105 51471
164.112 51467
164.113 51466
164.244 51461
164.35 51457
164.357 51452
164.401 51451
164.421 51450
164.423 51448
164.424 51436
164.427 51422
164.434 51421
164.436 51405
164.447 51401
186.131 51398
186.135 51387
186.136 51386
190.936 51385
190.941 51382
190.949 51374
191.007 51369
191.022 51361
191.024 51358
191.036 51352
191.038 51351
191.047 51349
191.053 51346
191.058 51345
191.136 51344
191.137 51339
191.146 51332
191.181 51328
191.186 51323
191.191 51321
191.229 51316
191.257 51314
191.264 51309
198.022 51301
198.047 51299
198.066 51293
198.071 51291
208.187 51285
208.188 51282
208.189 51281
208.189 51275
208.192 51274
208.283 51273
208.949 51269
208.954 51268
208.956 51265
208.974 51262
208.987 51258
209.526 51257
209.56 51256
209.569 51247
209.573 51245
209.576 51242
209.577 51241
209.582 51240
209.583 51236
209.585 51231
238.168 51227
240.252 51226
240.253 51221
240.27 51219
240.365 51217
240.368 51215
242.111 51206
242.138 51205
242.15 51204
242.19 51201
242.313 51197
242.389 51184
260.868 51181
260.882 51180
260.883 51178
261.381 51177
261.533 51174
261.562 51163
261.566 51162
262.072 51161
262.074 51159
267.847 51158
267.849 51156
268.02 51154
268.02 51152
268.026 51147
282.113 51141
282.137 51140
282.14 51138
282.235 51137
282.241 51136
283.088 51133
283.107 51132
283.162 51129
288.893 51126
288.894 51124
288.917 51123
289.273 51119
289.708 51118
289.767 51117
289.787 51116
289.929 51103
315.612 51102
315.639 51094
322.903 51092
322.972 51090
322.994 51089
323.282 51086
324.336 51084
324.367 51083
324.368 51082
329.902 51080
329.923 51078
329.942 51077
330.273 51076
330.292 51073
330.371 51072
330.395 51071
330.422 51070
330.452 51060
332.366 51055
332.968 51054
333.047 51053
333.957 51052
334.292 51051
334.386 51049
335.674 51045
335.738 51043
335.751 51040
335.751 51039
343.586 51038
343.603 51037
343.618 51036
354.358 51034
354.385 51031
