0.05 46774
0.05 46738
0.05 46722
0.051 46710
0.051 46695
0.051 46686
0.052 46641
0.053 46628
0.053 46601
0.054 46591
0.055 46562
0.056 46468
0.056 46427
0.057 46353
0.059 46307
0.059 46294
0.059 46194
0.06 46127
0.061 46110
0.061 46091
0.061 46070
0.061 46060
0.062 46039
0.062 46036
0.062 46027
0.063 45361
0.064 45325
0.064 45315
0.065 45159
0.067 45143
0.067 45136
0.068 45100
0.068 44883
0.069 44749
0.07 44733
0.07 44728
0.071 44702
0.071 44586
0.071 44583
0.072 44582
0.072 44571
0.073 44567
0.073 44539
0.074 44525
0.075 44484
0.08 44474
0.083 44451
0.085 44432
0.085 44430
0.087 44397
0.09 44396
0.091 44389
0.091 44380
0.092 44370
0.095 44325
0.097 44323
0.098 44315
0.099 44313
0.099 44296
0.099 44277
0.1 44113
0.103 44111
0.107 44102
0.108 44039
0.108 44017
0.109 44004
0.109 43982
0.11 43968
0.112 43887
0.113 43807
0.114 43790
0.133 43779
0.134 43777
0.134 43754
0.135 43731
0.135 43726
0.136 43718
0.159 43698
0.161 43676
0.162 43599
0.162 43542
0.165 43474
0.166 43440
0.166 43435
0.167 43380
0.17 43373
0.17 43368
0.17 43358
0.173 43333
0.179 43309
0.182 43288
0.184 43278
0.184 43276
0.185 43273
0.188 43248
0.189 43225
0.189 43220
0.21 43152
0.21 43143
0.212 43132
0.212 43122
0.217 43113
0.217 43094
0.218 43059
0.219 43039
0.232 43034
0.233 43024
0.234 42976
0.235 42962
0.286 42897
0.287 42868
0.288 42808
0.289 42800
0.292 42783
0.292 42781
0.295 42751
0.297 42744
0.298 42606
0.299 42573
0.3 42535
0.301 42524
0.308 42485
0.308 42478
0.31 42476
0.31 42436
0.312 42342
0.313 42338
0.43 42314
0.43 42290
0.432 42280
0.438 42276
0.439 42270
0.439 42234
0.44 42221
0.441 42194
0.477 42191
0.478 42163
0.479 42117
0.481 42107
0.483 42106
0.483 42088
0.483 42077
0.484 42074
0.513 42071
0.513 42062
0.514 42058
0.514 42025
0.516 41999
0.56 41969
0.561 41890
0.58 41881
0.582 41868
0.593 41862
0.6 41842
0.601 41839
0.604 41830
0.834 41821
0.859 41816
0.86 41766
0.86 41743
0.868 41738
0.869 41716
0.87 41682
0.871 41635
0.874 41604
1.037 41601
1.04 41593
1.044 41582
1.184 41532
1.186 41488
1.187 41414
1.188 41349
1.239 41340
1.241 41314
1.245 41259
1.251 41255
1.258 41254
1.458 41236
1.477 41188
1.477 41167
1.706 41163
1.706 41160
1.707 41155
1.709 41145
1.788 41131
1.791 41114
1.793 41113
1.794 41071
1.801 41023
1.802 41008
1.808 40963
1.814 40946
2.078 40927
2.078 40859
2.08 40855
2.147 40838
2.151 40829
2.156 40812
2.158 40804
2.161 40782
2.167 40767
2.242 40754
2.247 40740
2.383 40710
2.387 40643
2.39 40567
2.722 40542
2.919 40510
3.291 40478
3.291 40476
3.295 40465
3.3 40456
3.301 40397
3.457 40396
3.457 40371
3.464 40339
3.465 40333
3.475 40315
3.476 40313
3.476 40286
5.658 40262
5.855 40249
5.857 40229
5.857 40227
5.861 40207
5.882 40205
6.229 40197
6.232 40192
6.232 40123
6.233 40114
6.235 40111
6.235 40109
6.25 40066
6.252 40062
8.045 40047
8.046 40042
8.046 40005
8.047 39963
8.115 39960
8.116 39959
8.117 39957
8.122 39944
8.123 39941
8.14 39925
8.141 39906
8.141 39881
8.142 39875
8.143 39860
8.144 39844
8.144 39840
8.159 39825
8.159 39821
8.16 39814
8.168 39788
8.205 39729
8.206 39725
8.207 39724
8.208 39712
8.209 39683
8.254 39682
8.264 39681
8.265 39678
8.509 39660
9.059 39657
9.062 39655
9.062 39649
9.065 39620
9.412 39617
9.412 39615
9.413 39595
9.421 39585
9.424 39581
10.355 39547
10.356 39537
10.357 39525
10.382 39523
10.384 39520
10.385 39506
10.804 39452
10.813 39446
10.814 39431
12.175 39421
12.492 39401
12.494 39376
12.781 39368
12.79 39366
12.792 39324
12.94 39297
12.94 39296
12.94 39283
12.941 39275
12.944 39272
12.945 39244
12.977 39238
12.98 39225
12.986 39213
13.141 39206
13.143 39203
13.148 39179
13.35 39177
14.736 39168
14.736 39153
14.737 39141
16.652 39126
16.653 39118
16.654 39097
16.67 39084
19.751 39075
19.752 39073
19.754 39056
19.856 39007
20.5 38994
21.245 38981
21.301 38979
21.327 38961
21.328 38912
21.329 38906
29.168 38892
29.168 38883
29.169 38872
34.489 38859
52.375 38854
52.38 38846
52.392 38842
52.393 38831
52.397 38826
65.055 38822
65.071 38808
65.071 38798
65.073 38782
65.077 38776
65.132 38772
65.138 38770
65.14 38767
65.14 38739
65.15 38704
77.545 38692
77.559 38689
114.078 38685
114.081 38664
114.088 38656
116.738 38650
116.739 38634
116.745 38633
116.75 38625
116.754 38619
116.789 38618
119.753 38617
119.79 38609
121.313 38605
121.313 38596
121.468 38585
121.469 38568
121.476 38566
121.489 38550
121.497 38546
121.524 38545
121.524 38518
131.331 38516
131.335 38507
131.336 38501
131.378 38470
131.568 38463
131.575 38461
131.659 38439
131.659 38415
131.676 38412
131.681 38389
173.732 38373
173.738 38352
173.747 38348
173.755 38347
173.776 38340
174.123 38311
176.705 38294
177.442 38286
177.448 38247
177.45 38246
179.396 38241
179.473 38239
179.478 38238
179.486 38227
179.487 38222
185.322 38220
185.327 38219
185.342 38211
185.386 38198
203.992 38197
208.947 38196
222.183 38193
222.205 38187
228.687 38186
228.692 38184
228.695 38179
232.106 38178
232.384 38173
232.386 38165
232.425 38159
233.905 38150
246.712 38149
246.733 38141
246.956 38131
246.963 38130
254.628 38128
254.68 38127
254.686 38113
254.708 38109
255.704 38105
257.206 38104
257.791 38103
272.478 38093
272.526 38086
272.656 38081
293.832 38078
293.871 38077
294.312 38076
295.86 38071
295.89 38069
295.897 38068
295.928 38067
295.964 38065
296.017 38062
296.136 38061
296.137 38054
297.941 38053
298.067 38036
320.81 38035
