0.05 46789
0.05 46765
0.051 46709
0.051 46700
0.051 46690
0.052 46637
0.052 46599
0.052 46591
0.053 46579
0.053 46562
0.053 46544
0.054 46459
0.054 46449
0.054 46235
0.056 46172
0.056 46117
0.056 46100
0.058 45756
0.058 45752
0.059 45733
0.06 45732
0.061 45725
0.064 45596
0.064 45588
0.065 45581
0.066 45422
0.067 45401
0.067 45396
0.069 45380
0.069 45302
0.07 45269
0.072 45265
0.073 45263
0.074 45257
0.074 45212
0.075 45177
0.075 45161
0.078 45137
0.078 45091
0.079 45028
0.081 45007
0.082 44996
0.083 44983
0.084 44977
0.085 44939
0.085 44927
0.086 44903
0.087 44861
0.089 44858
0.089 44854
0.089 44840
0.09 44817
0.091 44807
0.091 44797
0.093 44736
0.094 44735
0.095 44727
0.095 44721
0.098 44709
0.104 44588
0.106 44582
0.107 44524
0.111 44508
0.112 44477
0.112 44457
0.115 44456
0.119 44439
0.12 44433
0.125 44427
0.127 43776
0.128 43754
0.128 43751
0.128 43701
0.129 43678
0.13 43667
0.131 43590
0.133 43584
0.134 43582
0.135 43573
0.135 43554
0.136 43523
0.137 43490
0.138 43485
0.138 43477
0.139 43465
0.143 43449
0.145 43304
0.151 43298
0.151 43293
0.156 43265
0.158 43246
0.159 43228
0.16 43207
0.162 43170
0.163 43168
0.164 43160
0.165 43159
0.165 43133
0.166 43096
0.168 43078
0.17 43058
0.201 43035
0.202 42969
0.203 42920
0.21 42919
0.21 42881
0.212 42880
0.212 42874
0.213 42826
0.214 42799
0.215 42784
0.215 42780
0.215 42772
0.216 42757
0.217 42752
0.218 42734
0.22 42503
0.221 42482
0.221 42435
0.223 42417
0.224 42363
0.224 42362
0.232 42218
0.233 42194
0.238 42188
0.238 42168
0.241 42167
0.241 42164
0.242 42160
0.242 42129
0.244 42086
0.245 42058
0.246 42054
0.255 42017
0.255 41993
0.256 41991
0.259 41990
0.313 41979
0.313 41975
0.313 41924
0.314 41877
0.319 41866
0.32 41862
0.323 41852
0.328 41843
0.334 41838
0.335 41831
0.341 41792
0.342 41732
0.343 41716
0.351 41702
0.352 41668
0.353 41586
0.375 41560
0.389 41556
0.399 41547
0.445 41529
0.446 41493
0.456 41486
0.456 41467
0.461 41466
0.464 41454
0.516 41445
0.516 41444
0.517 41417
0.518 41411
0.532 41368
0.538 41351
0.543 41319
0.543 41294
0.55 41270
1.266 41248
1.268 41221
1.269 41159
1.272 41157
1.277 41138
1.28 41116
1.28 41112
1.281 41080
1.284 41062
1.284 41059
1.294 41018
1.295 40952
1.296 40929
1.298 40829
1.304 40803
1.304 40778
1.306 40774
1.308 40767
1.308 40763
1.469 40744
1.471 40727
1.484 40724
1.49 40723
1.816 40699
1.817 40690
1.819 40685
1.819 40665
1.82 40663
1.821 40652
1.823 40633
1.834 40632
1.862 40614
1.862 40561
1.886 40526
1.89 40520
1.891 40500
1.909 40484
1.911 40479
1.912 40460
1.912 40445
2.064 40444
2.066 40402
2.069 40371
2.079 40342
2.171 40295
2.195 40256
2.197 40229
2.252 40222
2.738 40188
2.739 40178
2.739 40164
3.37 40147
4.436 40131
4.437 40109
4.438 40097
4.953 40094
4.955 40085
4.957 40069
4.957 40049
4.987 40032
4.988 40009
4.988 39970
5.056 39948
5.056 39943
5.057 39934
6.425 39920
6.427 39912
6.43 39898
6.434 39892
6.463 39887
6.467 39886
6.468 39881
6.468 39875
6.469 39858
6.47 39845
6.482 39827
6.599 39815
6.602 39807
7.555 39801
7.558 39768
7.587 39767
7.587 39739
9.127 39737
9.131 39736
9.133 39726
11.176 39721
11.19 39640
11.191 39631
11.193 39619
11.195 39616
11.197 39601
11.257 39593
11.258 39549
11.321 39493
11.322 39480
11.322 39465
11.323 39463
11.325 39456
11.334 39377
11.335 39376
17.806 39361
17.812 39343
17.812 39340
17.818 39337
17.819 39315
17.823 39302
17.825 39300
18.184 39299
18.188 39282
18.189 39281
18.192 39278
18.303 39264
18.303 39262
18.306 39240
20.31 39217
20.311 39207
20.312 39155
20.316 39133
20.317 39127
20.323 39121
20.337 39120
20.338 39118
20.338 39115
20.34 39093
36.749 39089
41.022 39081
41.022 39077
41.023 39069
41.025 39067
41.026 39043
41.03 39035
42.333 39019
42.333 39009
42.335 39000
42.335 38988
42.395 38986
42.411 38984
50.119 38983
54.946 38936
54.949 38912
54.951 38898
54.953 38874
54.958 38868
54.964 38863
54.976 38861
54.977 38855
54.978 38840
69.352 38807
69.355 38786
69.357 38780
77.651 38763
98.047 38756
98.049 38723
98.055 38720
98.056 38717
105.989 38708
105.993 38698
106 38673
106.003 38669
106.013 38652
106.98 38643
106.982 38642
106.984 38636
114.464 38630
118.297 38593
118.301 38588
118.518 38558
118.554 38545
118.561 38538
118.562 38532
118.996 38512
137.004 38510
137.008 38490
137.139 38484
137.147 38478
137.153 38452
137.2 38449
137.207 38433
137.215 38420
137.221 38410
137.229 38396
137.24 38392
158.77 38389
175.823 38383
175.906 38379
180.22 38370
180.221 38364
180.221 38362
186.4 38352
186.526 38330
186.55 38329
186.554 38327
186.656 38325
186.657 38308
186.665 38305
186.75 38288
186.775 38278
186.777 38266
186.787 38262
187.04 38242
187.124 38237
197.464 38235
197.465 38231
197.678 38216
223.232 38214
224.572 38206
225.078 38204
225.08 38197
225.366 38196
225.373 38189
235.607 38184
235.626 38178
236.131 38175
236.135 38174
236.148 38163
245.843 38162
245.858 38150
245.866 38145
245.886 38134
245.895 38121
276.919 38120
277.231 38110
277.266 38106
281.296 38101
281.37 38099
285.617 38097
292.796 38085
294.464 38083
295.895 38082
296.123 38077
312.774 38076
337.341 38074
337.501 38070
337.504 38069
349.517 38064
349.518 38063
351.488 38056
387.236 38049
387.573 38048
387.592 38047
388.56 38046
388.623 38044
