0.046 69659
0.047 69406
0.047 69374
0.048 69311
0.048 69307
0.048 69246
0.049 69167
0.049 69124
0.05 69111
0.05 69103
0.05 68970
0.051 68755
0.052 68695
0.053 68592
0.053 68590
0.053 68584
0.054 68568
0.054 68556
0.055 68555
0.055 68553
0.056 68546
0.056 68537
0.056 68521
0.058 68509
0.058 68486
0.059 68442
0.061 68436
0.062 68434
0.063 68328
0.064 68283
0.064 68255
0.065 68235
0.065 68226
0.068 68212
0.071 68113
0.071 68109
0.072 68076
0.073 68061
0.073 68059
0.074 68048
0.075 67975
0.077 67923
0.078 67858
0.078 67855
0.079 67832
0.079 67824
0.079 67818
0.081 67746
0.082 67741
0.082 67715
0.084 67435
0.086 67201
0.087 66374
0.089 65581
0.089 65569
0.09 65567
0.091 65524
0.091 65504
0.096 65468
0.097 65445
0.097 65410
0.098 65402
0.099 65388
0.104 65384
0.105 65368
0.105 65361
0.107 65355
0.111 65347
0.113 65336
0.155 65251
0.157 65250
0.157 65218
0.158 65213
0.159 65189
0.166 65185
0.167 65167
0.167 65150
0.168 65147
0.17 65142
0.174 65003
0.177 64998
0.193 64980
0.195 64976
0.196 64972
0.197 64949
0.198 64891
0.198 64888
0.206 64868
0.208 64846
0.208 64812
0.228 64800
0.229 64764
0.23 64761
0.252 64730
0.253 64728
0.254 64689
0.257 64687
0.258 64589
0.259 64577
0.262 64571
0.262 64550
0.298 64546
0.299 64519
0.3 64484
0.3 64471
0.301 64458
0.302 64366
0.303 64331
0.306 64320
0.311 64292
0.331 64270
0.385 64222
0.385 64217
0.386 64183
0.392 64172
0.392 64163
0.398 64149
0.399 64144
0.4 64123
0.4 64116
0.401 64096
0.401 64063
0.402 64030
0.403 64010
0.405 63977
0.407 63958
0.407 63956
0.41 63900
0.448 63899
0.449 63886
0.454 63859
0.457 63842
0.464 63832
0.464 63816
0.468 63796
0.469 63772
0.475 63739
0.476 63736
0.477 63733
0.478 63711
0.479 63603
0.482 63597
0.482 63565
0.623 63550
0.679 63545
0.68 63529
0.683 63477
0.687 63463
0.724 63457
0.754 63431
1.346 63407
1.357 63380
1.357 63367
1.358 63365
1.358 63364
1.359 63361
1.37 63352
1.371 63351
1.372 63344
1.372 63332
2.577 63244
2.578 63220
2.671 63192
3.22 63115
3.224 63080
3.227 63076
3.232 63069
3.233 63064
3.234 63044
3.237 63036
3.237 63035
3.238 63019
3.244 63016
3.298 63002
3.3 62959
3.308 62958
3.309 62938
3.312 62923
3.322 62920
3.323 62918
3.513 62874
3.516 62857
3.521 62851
3.522 62849
3.523 62847
3.523 62844
3.524 62835
3.524 62823
3.533 62806
3.534 62795
3.538 62785
3.538 62775
3.539 62771
5.224 62763
5.225 62739
5.226 62717
5.227 62716
5.228 62706
5.245 62686
5.246 62655
5.259 62650
5.263 62628
5.265 62625
5.265 62590
5.268 62586
5.271 62574
5.274 62570
5.278 62547
5.279 62544
12.984 62530
13.262 62506
15.702 62441
15.703 62427
25.276 62385
25.482 62376
25.483 62338
29.259 62336
29.261 62334
29.261 62331
29.261 62327
29.265 62318
29.267 62311
29.268 62301
29.269 62271
29.269 62253
29.27 62252
29.271 62250
29.405 62241
29.406 62208
29.406 62204
30.153 62186
30.179 62170
30.205 62144
30.457 62135
30.458 62124
30.52 62123
39.978 62107
39.979 62092
39.983 62078
39.984 62070
39.996 62036
56.041 62013
59.55 61977
59.554 61962
59.556 61958
59.557 61955
59.564 61953
59.565 61952
59.566 61951
59.566 61934
59.603 61915
59.604 61901
59.605 61892
59.607 61874
59.609 61871
61.485 61858
61.493 61819
82.493 61783
82.494 61778
82.495 61773
82.501 61767
116.41 61745
118.916 61723
118.918 61701
118.935 61700
118.936 61698
118.94 61696
118.94 61677
118.942 61620
118.944 61616
118.945 61610
118.945 61607
119.017 61605
119.459 61593
119.466 61589
119.467 61581
119.471 61577
119.48 61576
119.484 61572
119.486 61569
119.494 61560
119.495 61554
119.533 61553
119.535 61539
119.549 61536
151.712 61529
151.713 61526
179.927 61519
179.931 61518
179.933 61505
179.933 61492
179.937 61488
182.567 61481
182.63 61475
182.644 61461
182.646 61435
182.89 61426
182.891 61421
182.934 61418
182.936 61403
182.939 61397
182.939 61386
182.943 61369
182.946 61366
182.989 61358
182.994 61352
182.998 61351
183.009 61341
190.097 61340
190.098 61339
190.101 61319
190.105 61318
193.913 61307
193.914 61306
194.214 61303
194.217 61297
194.221 61290
206.861 61274
206.868 61271
209.107 61270
209.112 61265
209.116 61260
209.185 61254
209.582 61247
209.67 61239
209.674 61227
209.724 61213
209.758 61207
209.759 61203
209.778 61202
209.781 61194
209.927 61185
209.935 61174
209.949 61169
209.973 61165
209.977 61163
209.982 61160
210.993 61154
210.994 61151
210.994 61141
210.997 61120
229.53 61116
243.081 61113
243.092 61112
243.098 61109
243.239 61091
243.241 61090
243.242 61077
243.245 61076
243.249 61075
246.573 61074
263.39 61072
263.403 61070
263.404 61058
263.58 61054
263.595 61052
263.672 61050
263.673 61048
264.101 61043
264.395 61040
264.397 61036
264.401 61034
264.406 61033
264.444 61028
264.449 61027
280.762 61026
280.77 61021
280.794 61017
280.824 61006
280.851 60995
280.862 60986
280.863 60982
280.865 60979
280.889 60962
290.417 60957
291.345 60945
291.553 60944
291.556 60938
291.563 60927
291.607 60923
291.609 60917
291.981 60915
299.476 60914
300.562 60907
300.757 60905
300.997 60900
301 60897
301.008 60896
301.039 60894
301.072 60890
302.274 60887
302.284 60882
302.298 60878
302.325 60876
313.364 60875
313.376 60872
313.767 60869
313.777 60859
315.144 60858
315.208 60851
315.21 60848
360.105 60846
360.121 60843
360.962 60840
360.969 60830
361.057 60827
361.071 60825
361.077 60822
371.974 60817
371.974 60815
378.793 60811
378.826 60809
379.087 60798
379.129 60797
379.212 60795
380.789 60794
380.795 60793
380.799 60791
380.805 60789
380.985 60788
380.993 60786
382.856 60783
382.863 60781
382.875 60780
382.891 60779
382.899 60776
383.147 60775
383.229 60774
383.231 60769
386.347 60762
403.425 60759
403.484 60758
403.601 60756
403.669 60755
403.789 60753
403.832 60752
404.823 60750
404.856 60748
404.867 60747
416.353 60745
416.385 60741
416.671 60735
434.425 60734
442.449 60733
