0.05 46789
0.05 46769
0.051 46670
0.051 46643
0.051 46605
0.052 46569
0.052 46552
0.052 46542
0.053 46517
0.053 46514
0.054 46511
0.054 46451
0.055 45691
0.055 45675
0.056 45590
0.056 45562
0.056 45536
0.057 45515
0.057 45492
0.058 45485
0.059 45460
0.059 45455
0.06 45450
0.06 45447
0.06 45437
0.061 45380
0.062 45366
0.062 45341
0.064 45322
0.064 45306
0.065 45206
0.065 45202
0.066 45185
0.067 45175
0.067 45157
0.068 45147
0.068 45141
0.069 45116
0.07 45109
0.073 45078
0.075 44978
0.075 44940
0.075 44899
0.076 44894
0.076 44886
0.077 44853
0.078 44829
0.081 44798
0.081 44786
0.082 44764
0.083 44453
0.083 44421
0.084 44379
0.088 44332
0.089 44326
0.091 44308
0.092 44301
0.093 44292
0.093 44286
0.094 44255
0.096 44252
0.097 44188
0.106 44186
0.107 44160
0.108 44142
0.109 44021
0.11 44006
0.11 43995
0.111 43989
0.112 43945
0.118 43878
0.121 43814
0.122 43752
0.122 43736
0.123 43633
0.125 43602
0.126 43547
0.127 43521
0.128 43509
0.129 43502
0.131 43480
0.141 43406
0.142 43399
0.143 43389
0.147 43371
0.148 43365
0.15 43265
0.151 43250
0.153 43248
0.154 43207
0.157 43181
0.157 43120
0.158 43083
0.158 43079
0.16 43067
0.16 43066
0.178 43050
0.18 43048
0.18 42948
0.181 42869
0.181 42850
0.182 42805
0.188 42773
0.189 42766
0.189 42762
0.19 42732
0.192 42686
0.192 42675
0.206 42640
0.207 42639
0.208 42621
0.209 42604
0.21 42602
0.211 42590
0.213 42589
0.213 42582
0.213 42575
0.214 42526
0.215 42511
0.215 42502
0.215 42499
0.217 42495
0.223 42485
0.228 42478
0.229 42474
0.229 42468
0.235 42467
0.236 42466
0.236 42465
0.237 42457
0.238 42454
0.239 42435
0.24 42417
0.241 42405
0.241 42401
0.241 42395
0.243 42307
0.245 42304
0.258 42215
0.258 42207
0.259 42184
0.261 42181
0.261 42141
0.262 42132
0.264 42127
0.264 42123
0.265 42104
0.454 42100
0.456 42097
0.457 42031
0.459 42022
0.46 42001
0.461 41999
0.555 41998
0.568 41959
0.581 41956
0.581 41950
0.848 41945
0.85 41944
0.872 41933
0.873 41872
0.923 41821
0.925 41745
0.926 41738
0.928 41735
0.928 41729
0.929 41719
0.931 41684
0.94 41681
1.12 41680
1.121 41631
1.139 41621
1.157 41616
1.158 41585
1.159 41579
1.163 41548
1.163 41519
1.368 41500
1.369 41477
1.37 41457
1.371 41410
1.439 41390
1.452 41380
1.461 41337
1.679 41336
1.681 41335
1.682 41269
1.683 41265
1.685 41246
1.686 41219
1.687 41216
2.677 41167
2.685 41155
2.687 41152
2.687 41146
3.017 41110
3.017 41079
3.018 41019
3.018 41008
3.021 40959
3.022 40936
3.026 40925
3.032 40896
3.033 40886
3.036 40884
3.037 40883
3.037 40843
3.054 40838
3.055 40831
3.145 40828
3.146 40808
3.158 40806
3.159 40787
3.183 40783
3.185 40778
3.185 40726
3.188 40670
3.189 40669
3.888 40590
3.901 40578
3.902 40557
4.473 40540
4.473 40524
4.937 40521
4.938 40420
4.94 40417
4.941 40408
4.942 40377
4.944 40342
5.126 40340
5.903 40321
5.918 40318
5.919 40308
5.919 40304
5.921 40300
5.922 40280
5.922 40268
5.952 40212
6.555 40206
6.689 40187
6.692 40171
6.693 40159
6.696 40122
6.697 40097
6.71 40063
6.711 40060
6.715 40043
10.126 40010
10.128 39933
11.43 39905
11.432 39898
11.434 39888
11.434 39875
11.436 39874
12.275 39873
12.28 39834
12.28 39797
13.332 39782
13.338 39773
13.34 39766
13.344 39763
13.344 39761
13.381 39725
13.382 39702
13.382 39692
13.383 39680
13.886 39663
13.891 39654
13.898 39648
13.899 39635
13.906 39630
13.908 39619
15.174 39614
15.175 39611
15.184 39606
15.196 39561
18.843 39556
18.844 39553
18.845 39541
18.846 39522
18.846 39514
18.847 39510
18.847 39471
18.849 39470
18.849 39467
18.85 39464
19.431 39439
19.431 39431
19.436 39430
19.439 39417
19.439 39408
20.255 39381
20.256 39375
20.256 39374
20.258 39356
20.267 39316
28.14 39313
28.14 39311
29.071 39289
29.077 39283
29.081 39263
29.081 39262
29.081 39243
32.201 39232
32.202 39225
32.203 39213
32.204 39201
32.233 39175
32.267 39161
32.268 39115
32.342 39084
32.363 39064
41.711 39061
41.713 39054
42.5 39051
44.138 39037
44.166 39029
44.167 39022
44.182 39021
44.183 38981
44.185 38972
44.185 38951
44.186 38948
44.236 38939
44.237 38901
44.237 38864
44.238 38859
44.245 38846
51.379 38837
51.381 38821
51.389 38810
51.392 38808
58.521 38765
58.528 38762
58.626 38752
58.639 38725
58.653 38711
68.91 38673
68.915 38662
68.916 38658
68.917 38655
72.021 38654
72.023 38627
72.027 38594
72.028 38579
94.096 38572
94.161 38569
94.162 38558
94.17 38547
94.178 38528
159.447 38521
170.363 38517
170.386 38497
170.4 38492
170.403 38489
170.409 38482
170.411 38472
170.415 38463
170.425 38457
170.47 38452
170.485 38451
170.816 38450
173.646 38444
173.654 38441
173.659 38430
173.777 38429
173.778 38419
173.798 38412
173.814 38410
173.828 38391
187.446 38384
187.447 38380
187.756 38363
187.76 38362
187.779 38353
194.11 38343
194.119 38342
194.157 38341
194.159 38340
206.29 38320
206.292 38310
206.342 38307
206.391 38297
206.392 38291
206.394 38289
206.395 38286
216.344 38285
216.597 38279
216.754 38272
216.757 38270
216.76 38266
216.777 38264
216.799 38263
216.808 38260
216.808 38255
227.981 38252
227.983 38249
228.964 38247
228.967 38243
228.992 38239
228.995 38235
229.058 38234
229.063 38232
229.066 38222
229.069 38219
229.095 38215
229.103 38214
253.5 38213
253.537 38194
253.589 38193
253.895 38191
253.931 38185
281.412 38180
285.67 38179
285.833 38178
285.896 38177
286.057 38173
298.93 38167
298.942 38166
298.993 38164
303.585 38161
303.643 38158
303.776 38157
303.785 38155
303.808 38152
312.53 38148
320.686 38147
320.721 38143
320.802 38140
329.436 38138
329.505 38135
330.458 38134
338.418 38127
338.467 38126
338.638 38118
339.237 38117
346.897 38115
346.944 38112
346.974 38111
347.562 38105
