0.044 147840
0.045 147837
0.045 147828
0.045 147824
0.047 147799
0.047 147796
0.048 147676
0.049 147674
0.049 147622
0.049 147621
0.05 147541
0.05 147437
0.052 147363
0.053 146268
0.054 146220
0.055 146175
0.056 145921
0.057 145362
0.058 144687
0.059 144660
0.06 144656
0.062 144493
0.064 144121
0.065 142998
0.066 142795
0.066 142775
0.067 142748
0.068 141858
0.069 141675
0.07 140769
0.071 140692
0.072 140672
0.072 140664
0.073 140298
0.073 140268
0.074 140236
0.075 140218
0.076 140152
0.077 140028
0.078 139999
0.078 139976
0.079 139886
0.081 139448
0.081 139435
0.082 138831
0.083 137997
0.084 137982
0.086 137358
0.087 136555
0.088 136519
0.09 136093
0.09 136061
0.093 136019
0.096 135994
0.096 135967
0.098 135930
0.098 135928
0.101 135925
0.102 135831
0.103 135773
0.105 135656
0.109 135598
0.11 135561
0.111 135555
0.112 135333
0.115 135321
0.119 135305
0.123 135291
0.125 135288
0.129 135243
0.13 135239
0.133 135228
0.134 135200
0.135 135143
0.138 135098
0.138 135073
0.145 135055
0.146 135033
0.151 134860
0.152 134834
0.159 134822
0.161 134815
0.161 134747
0.168 134737
0.175 134735
0.189 134730
0.198 134656
0.212 134631
0.213 134627
0.244 134532
0.255 134403
0.256 134384
0.261 134361
0.269 134268
0.275 134263
0.277 134189
0.278 134169
0.279 134155
0.282 134153
0.283 134146
0.286 134143
0.287 134104
0.291 134035
0.296 134023
0.298 134021
0.299 134014
0.3 133843
0.315 133746
0.316 133742
0.316 133737
0.321 133728
0.324 133710
0.325 133670
0.326 133663
0.327 133646
0.347 133632
0.348 133573
0.35 133399
0.354 133372
0.36 133304
0.364 133290
0.364 133280
0.369 133257
0.37 133254
0.371 133232
0.372 133218
0.384 133190
0.385 133172
0.4 132888
0.404 132851
0.408 132822
0.409 132796
0.41 132785
0.41 132783
0.412 132670
0.413 132645
0.416 132635
0.418 132603
0.419 132528
0.422 132518
0.423 132412
0.424 132403
0.434 132199
0.435 132155
0.436 132084
0.436 131909
0.438 131844
0.442 131839
0.442 131783
0.443 131659
0.451 131653
0.453 131644
0.463 131273
0.465 131270
0.466 131269
0.472 131207
0.482 131166
0.489 131163
0.49 131155
0.49 131114
0.492 131046
0.492 131039
0.494 130993
0.499 130981
0.5 130977
0.506 130967
0.507 130931
0.508 130924
0.511 130891
0.534 130879
0.54 130874
0.671 130801
0.672 130799
0.672 130797
0.675 130787
0.676 130780
0.68 130741
0.682 130736
0.682 130733
0.683 130659
0.684 130643
0.688 130487
0.69 130404
0.694 130371
0.695 130370
0.696 130261
0.697 130254
0.698 130109
0.702 130072
0.703 130051
0.704 130035
0.706 130001
0.707 129995
0.708 129925
0.713 129872
0.714 129851
0.72 129820
0.721 129816
0.724 129775
0.725 129750
0.73 129737
0.73 129683
0.731 129597
0.765 129578
0.797 129561
0.798 129551
0.805 129492
0.808 129480
0.899 129473
0.91 129467
1.016 129425
1.058 129377
1.06 129326
1.062 129325
1.063 129287
1.069 129282
1.069 129261
1.07 129199
1.072 129191
1.073 129130
1.075 129128
1.099 129119
1.102 129113
1.103 129080
1.103 129059
1.103 129045
1.113 129033
1.116 129030
1.118 128999
1.119 128998
1.122 128961
1.133 128946
1.134 128924
1.137 128913
1.143 128894
1.144 128886
1.147 128885
1.149 128856
1.151 128854
1.155 128802
1.157 128800
1.161 128774
1.165 128765
1.165 128746
1.168 128716
1.171 128675
1.245 128655
1.246 128635
1.247 128627
1.248 128625
1.251 128605
1.256 128593
1.257 128576
1.303 128570
1.328 128553
1.339 128498
1.357 128453
1.359 128446
1.36 128430
1.363 128428
1.367 128394
1.37 128363
1.371 128362
1.373 128358
1.375 128346
1.415 128338
1.417 128326
1.419 128319
1.425 128312
1.428 128302
1.494 128298
1.495 128286
1.497 128249
1.498 128232
1.501 128228
1.543 128157
1.549 128126
1.566 128115
1.567 128101
1.57 128100
1.575 128043
2.038 128027
2.039 128023
2.039 128016
2.04 128009
2.051 127987
2.052 127934
2.052 127931
2.065 127925
2.145 127918
2.146 127909
2.148 127885
2.152 127880
2.156 127824
2.157 127796
2.245 127781
2.246 127744
2.248 127739
2.256 127723
2.316 127711
2.327 127708
2.63 127695
2.637 127671
2.863 127665
2.864 127635
2.888 127611
2.889 127577
2.897 127574
2.914 127556
3.335 127546
3.342 127533
3.347 127532
3.377 127524
3.381 127519
3.402 127506
3.404 127504
3.445 127502
4.282 127498
4.31 127468
4.311 127465
4.313 127456
4.319 127452
4.39 127415
4.405 127404
4.406 127396
4.422 127386
5.604 127385
5.644 127384
5.683 127334
5.684 127291
5.712 127281
5.715 127266
5.716 127251
5.717 127232
5.718 127230
5.85 127225
5.852 127220
5.977 127156
5.979 127151
6.083 127138
6.083 127133
6.097 127121
6.869 127103
6.89 127072
6.891 127068
6.892 126988
6.899 126947
6.924 126932
6.926 126898
6.931 126853
6.948 126852
7.37 126848
7.376 126830
8.755 126822
8.842 126795
8.842 126789
8.871 126775
8.875 126765
8.878 126750
8.882 126710
9.615 126704
9.976 126696
9.978 126631
9.984 126604
9.996 126602
9.997 126587
10.008 126474
10.015 126473
10.065 126434
10.067 126433
10.214 126375
10.215 126373
13.456 126367
13.459 126364
16.185 126318
16.185 126317
16.191 126315
16.697 126314
16.698 126312
16.708 126300
16.709 126291
16.71 126280
16.711 126266
16.712 126259
16.712 126253
16.714 126247
16.715 126229
16.719 126224
17.506 126221
17.506 126178
17.516 126133
17.522 126131
17.54 126105
17.554 126096
17.555 126093
17.557 126066
17.558 126055
18.391 126039
18.391 126038
18.392 126036
18.4 126027
18.411 126009
20.869 125975
23.168 125973
23.171 125968
23.174 125963
23.179 125905
23.179 125900
23.212 125891
23.216 125888
23.221 125872
23.223 125858
23.227 125755
24.203 125722
24.203 125701
24.21 125682
24.211 125676
24.215 125602
24.435 125587
24.455 125572
24.458 125549
24.548 125542
24.55 125532
31.23 125529
31.234 125501
31.237 125476
31.237 125431
31.243 125421
33.502 125399
33.517 125379
33.518 125377
33.52 125375
55.024 125373
61.383 125364
67.71 125334
67.717 125332
67.717 125295
67.722 125293
67.723 125292
67.729 125291
67.73 125290
74.13 125276
74.136 125273
74.143 125246
74.156 125245
74.157 125244
74.16 125242
76.007 125231
76.037 125203
76.037 125202
76.04 125196
76.042 125187
76.045 125180
76.048 125179
76.048 125149
76.054 125141
76.056 125139
76.077 125118
76.3 125107
76.369 125104
76.555 125095
76.558 125094
76.562 125092
76.877 125087
76.88 125086
76.88 125058
76.883 125039
76.891 125036
77.133 125022
77.134 124994
77.142 124992
77.195 124990
77.199 124986
77.227 124981
77.372 124979
77.378 124966
77.382 124951
77.385 124950
77.388 124932
79.666 124929
79.708 124913
79.717 124907
106.565 124905
106.612 124891
106.618 124887
106.62 124881
107.909 124874
107.91 124861
107.922 124849
115.554 124847
115.564 124842
115.565 124835
115.569 124819
115.58 124818
115.585 124806
115.585 124799
115.61 124783
115.614 124758
115.631 124729
115.633 124722
115.65 124716
115.67 124703
115.694 124699
115.703 124691
115.805 124686
115.815 124664
115.83 124648
115.846 124647
115.849 124640
115.876 124633
115.879 124632
115.905 124631
115.928 124627
115.962 124618
115.967 124616
120.961 124612
120.97 124611
120.97 124610
120.973 124607
120.977 124602
120.978 124593
128.625 124589
128.632 124588
128.684 124587
128.741 124585
128.763 124580
128.947 124577
128.976 124514
128.996 124482
129.016 124465
129.248 124460
129.257 124458
129.291 124448
138.489 124438
139.353 124400
139.36 124389
139.37 124387
139.441 124386
139.446 124379
139.448 124368
139.455 124363
139.457 124358
139.467 124356
140.025 124355
140.061 124341
140.072 124332
140.073 124326
140.075 124321
140.08 124303
140.089 124299
140.117 124276
140.121 124275
140.125 124264
140.127 124253
140.132 124247
140.282 124239
140.283 124238
176.399 124237
176.404 124230
176.421 124225
176.44 124223
179.23 124185
179.241 124167
179.669 124165
180.727 124152
180.744 124145
180.886 124140
180.891 124139
180.919 124131
180.931 124125
180.939 124112
181.224 124110
181.233 124108
181.234 124092
181.283 124061
181.29 124058
181.296 124052
181.297 124037
181.361 124030
181.364 124026
181.366 124025
181.367 124015
181.374 124003
182.688 123997
183.492 123996
183.5 123981
207.846 123979
207.864 123978
238.46 123977
238.593 123967
238.633 123966
238.652 123965
239.208 123964
239.21 123961
239.222 123956
239.236 123946
239.274 123945
239.889 123939
239.901 123934
239.918 123931
239.939 123926
239.948 123923
250.643 123909
251.847 123908
252.133 123901
252.133 123900
252.277 123896
256.375 123895
256.376 123886
256.378 123884
256.881 123883
256.896 123878
257.411 123874
270.528 123872
283.345 123862
283.351 123861
283.361 123860
283.389 123859
284.251 123857
284.368 123851
284.412 123850
284.804 123849
284.837 123847
284.925 123841
288.343 123826
288.402 123825
288.424 123822
288.463 123821
288.503 123820
288.527 123819
295.483 123818
295.555 123817
310.009 123814
316.57 123813
316.576 123811
317.736 123804
337.067 123800
337.292 123797
353.134 123796
354.662 123795
355.895 123794
355.951 123792
355.981 123791
356.012 123789
357.227 123775
357.254 123772
357.268 123769
357.431 123766
357.946 123765
358.026 123764
358.251 123763
359.367 123759
359.445 123757
359.675 123751
360.614 123750
360.814 123748
360.831 123746
363.557 123745
363.598 123741
371.101 123740
