0.056 104930
0.057 104926
0.057 104905
0.057 104901
0.058 104870
0.06 104866
0.061 104317
0.063 104180
0.064 104170
0.064 104167
0.065 104073
0.07 103808
0.071 103782
0.071 103779
0.072 103760
0.073 103751
0.074 103681
0.074 103645
0.075 103634
0.076 103476
0.077 103240
0.078 103023
0.079 102915
0.08 102895
0.081 102890
0.081 102884
0.082 102878
0.082 102874
0.083 102828
0.084 102823
0.084 102819
0.084 102814
0.086 102812
0.086 102807
0.088 102806
0.09 102757
0.092 102754
0.092 102746
0.096 102529
0.096 102528
0.097 102525
0.102 102377
0.103 102356
0.104 102353
0.106 102305
0.106 102291
0.108 102288
0.108 102248
0.108 102235
0.117 102211
0.118 101893
0.121 101862
0.122 101860
0.122 101846
0.123 101845
0.127 101838
0.127 101837
0.128 101683
0.133 101681
0.133 101679
0.133 101666
0.134 101659
0.137 101638
0.14 101637
0.142 101633
0.142 101625
0.146 101600
0.146 101593
0.147 101592
0.148 101574
0.148 101572
0.156 101522
0.157 101508
0.169 101136
0.17 101132
0.17 101122
0.171 101120
0.171 101107
0.173 101100
0.176 101093
0.176 101090
0.191 101068
0.191 101066
0.193 101055
0.194 101048
0.194 101047
0.195 101037
0.196 101032
0.196 101031
0.204 101030
0.204 101014
0.206 100840
0.207 100834
0.208 100831
0.208 100823
0.209 100822
0.209 100819
0.209 100814
0.21 100735
0.211 100733
0.212 100671
0.214 100669
0.217 100579
0.222 100526
0.222 100518
0.226 100500
0.227 100190
0.229 100189
0.23 99839
0.24 99832
0.24 99813
0.244 99704
0.246 99676
0.251 99608
0.253 99558
0.253 99556
0.254 99552
0.255 99544
0.256 99542
0.258 99535
0.273 99510
0.273 99507
0.275 99476
0.276 99473
0.279 99468
0.284 99457
0.34 99417
0.341 99405
0.342 99375
0.343 99371
0.343 99367
0.344 99366
0.345 99365
0.345 99361
0.348 99331
0.349 99326
0.35 99322
0.351 99300
0.352 99280
0.391 99169
0.393 99164
0.393 99159
0.438 99139
0.44 99083
0.444 99065
0.446 99048
0.449 98946
0.45 98928
0.451 98927
0.461 98791
0.463 98676
0.464 98671
0.466 98670
0.467 98667
0.469 98629
0.47 98626
0.47 98605
0.472 98602
0.475 98512
0.475 98508
0.526 98500
0.528 98495
0.531 98469
0.54 98449
0.541 98447
0.543 98444
0.544 98443
0.544 98439
0.547 98428
0.554 98388
0.618 98385
0.62 98383
0.621 98381
0.631 98360
0.638 98334
0.641 98332
0.655 98313
0.657 98305
0.935 98302
0.936 98294
0.937 98283
0.939 98254
0.94 98252
0.942 98251
0.977 98249
0.978 98242
0.979 98234
0.98 98223
1.003 98202
1.005 98146
1.013 98122
1.014 98079
1.015 98042
1.016 98038
1.024 98034
1.024 98025
1.029 98008
1.03 97972
1.031 97953
1.033 97931
1.034 97927
1.037 97925
1.06 97905
1.212 97904
1.213 97898
1.307 97884
1.308 97881
1.308 97878
1.314 97877
1.315 97876
1.317 97846
1.319 97835
1.322 97808
1.323 97801
2.081 97796
2.083 97791
2.088 97741
2.171 97671
2.174 97667
2.177 97645
2.178 97620
2.179 97601
2.19 97599
2.192 97598
2.194 97594
2.195 97590
2.197 97572
2.26 97570
2.261 97569
2.263 97538
2.264 97532
2.272 97513
2.275 97494
2.282 97472
2.283 97471
2.618 97470
2.623 97469
2.625 97458
2.626 97453
2.627 97415
2.629 97372
2.629 97371
2.631 97351
2.633 97347
2.654 97269
2.715 97267
2.717 97258
2.729 97256
2.835 97244
2.836 97225
2.836 97214
2.841 97203
2.842 97198
2.897 97185
2.897 97184
2.898 97178
2.899 97155
2.9 97152
2.918 97137
2.921 97127
2.934 97101
2.934 97096
2.937 97084
2.937 97058
2.94 97055
2.941 97044
2.946 97028
2.947 97026
2.948 97021
2.949 97009
2.949 97008
2.951 96994
4.846 96992
4.847 96977
4.848 96973
4.851 96966
4.857 96957
4.859 96947
4.86 96942
4.861 96933
4.941 96914
4.942 96912
4.953 96893
5.057 96884
5.067 96872
5.08 96858
5.082 96815
5.082 96719
5.084 96718
5.084 96715
5.085 96704
5.096 96702
5.097 96697
5.102 96662
5.103 96659
5.109 96641
5.349 96640
5.358 96609
5.359 96589
5.768 96580
5.774 96569
5.787 96567
5.787 96562
5.788 96548
5.79 96547
5.79 96544
5.79 96542
5.791 96537
5.944 96533
5.945 96518
5.945 96509
5.948 96507
5.95 96491
9.153 96477
9.172 96476
9.173 96470
9.173 96459
9.185 96441
9.186 96423
9.188 96418
9.437 96415
9.44 96409
9.754 96392
9.761 96389
9.761 96380
9.763 96364
9.793 96338
9.794 96326
9.795 96316
9.811 96311
9.812 96306
9.812 96299
9.814 96290
9.814 96281
10.885 96271
10.886 96270
10.886 96266
10.888 96264
10.89 96253
10.967 96203
10.971 96201
11.499 96198
11.499 96186
11.499 96180
11.5 96177
11.501 96171
11.503 96164
11.504 96158
11.511 96148
11.512 96144
11.78 96142
11.782 96139
11.783 96135
11.787 96134
11.801 96112
11.803 96111
11.818 96109
11.827 96098
11.827 96094
11.828 96078
11.829 96060
13.389 96041
13.391 96003
13.392 95996
21.163 95995
21.166 95989
21.167 95933
21.17 95922
21.173 95917
21.174 95916
21.178 95913
21.179 95906
21.181 95905
21.182 95903
21.182 95893
21.21 95882
29.311 95880
29.321 95868
29.332 95859
29.333 95856
29.334 95844
29.334 95841
29.337 95839
29.341 95799
29.343 95798
29.344 95757
29.402 95749
29.404 95745
29.416 95744
29.417 95732
29.418 95730
29.419 95715
29.421 95712
34.269 95705
34.272 95690
34.278 95682
34.279 95680
34.376 95677
34.379 95674
34.38 95673
34.432 95661
34.509 95653
34.511 95646
34.511 95644
34.514 95625
34.516 95589
34.517 95576
34.522 95562
34.572 95550
34.574 95539
34.633 95531
34.634 95525
34.634 95504
39.35 95498
39.481 95495
39.482 95465
39.484 95452
39.493 95447
39.495 95446
39.576 95431
39.581 95426
39.582 95425
41.439 95414
41.475 95412
41.475 95392
49.092 95380
49.093 95360
49.094 95357
49.095 95329
49.096 95327
49.106 95322
49.107 95321
49.108 95319
49.111 95318
49.115 95308
49.223 95302
49.229 95298
49.23 95295
49.233 95294
49.233 95288
49.247 95278
49.249 95255
49.25 95251
52.147 95231
52.149 95222
52.15 95215
52.152 95193
52.159 95191
52.163 95190
52.167 95187
52.168 95182
52.278 95173
52.279 95165
52.282 95160
52.283 95159
52.285 95158
52.285 95155
52.287 95154
52.287 95151
52.289 95147
52.638 95145
52.64 95142
53.846 95135
53.846 95134
53.85 95132
53.853 95128
53.854 95119
53.858 95117
53.859 95060
55.095 95051
55.102 95043
55.103 95035
55.104 95034
55.106 95033
63.475 95029
63.476 95024
63.477 95017
63.478 95015
63.521 95011
63.526 95010
64.528 95008
68.716 94984
68.717 94978
68.718 94965
68.718 94962
71.789 94948
72.418 94945
72.418 94944
72.42 94941
72.421 94939
72.423 94926
72.424 94885
72.431 94878
72.431 94836
72.437 94835
72.437 94834
72.447 94821
72.448 94818
72.449 94787
72.455 94782
72.469 94763
72.486 94741
72.488 94738
72.491 94736
72.491 94730
72.496 94664
87.689 94663
87.759 94662
87.763 94660
87.765 94640
87.766 94639
87.767 94633
87.768 94629
87.77 94622
87.775 94591
87.781 94586
87.783 94583
87.787 94546
87.793 94545
87.795 94535
87.796 94530
109.854 94528
109.855 94523
109.857 94517
109.859 94514
109.859 94513
109.86 94512
110.486 94511
110.495 94456
110.495 94443
110.505 94439
116.15 94437
118.119 94419
118.194 94398
118.507 94394
118.507 94390
118.509 94384
122.764 94379
122.766 94372
122.804 94363
122.805 94356
122.82 94333
122.821 94323
122.823 94319
122.824 94316
135.182 94309
135.186 94308
135.193 94304
135.193 94300
135.216 94297
148.337 94293
148.339 94291
158.785 94276
158.787 94273
158.796 94272
158.797 94271
158.798 94262
158.801 94260
158.805 94254
158.807 94252
174.145 94238
174.147 94231
174.176 94229
174.176 94222
174.193 94220
174.203 94217
174.204 94216
174.206 94214
174.245 94197
174.246 94190
174.247 94187
174.252 94185
174.257 94181
174.259 94180
174.267 94177
174.311 94174
174.311 94169
174.312 94156
174.33 94155
174.331 94148
174.368 94147
174.369 94145
174.373 94144
174.377 94137
200.279 94136
200.279 94135
200.324 94128
202.795 94125
208.881 94124
208.952 94122
208.954 94115
208.959 94099
208.965 94098
209.748 94085
209.75 94084
209.754 94072
220.427 94062
221.854 94056
222.742 94054
222.743 94046
222.744 94045
223.182 94038
223.186 94037
223.188 94022
230.307 94016
230.31 94011
230.312 94008
230.315 94006
230.315 94001
232.552 94000
232.562 93999
232.582 93998
232.583 93996
232.587 93990
232.589 93987
232.591 93978
232.594 93973
232.597 93972
232.597 93962
232.602 93959
232.609 93958
240.49 93957
240.491 93954
240.498 93949
241.471 93947
241.474 93945
241.712 93940
241.713 93938
241.714 93937
241.718 93936
241.72 93929
246.52 93923
246.523 93919
246.526 93912
246.527 93911
246.534 93910
246.534 93902
246.555 93901
246.557 93897
246.562 93894
246.564 93893
246.565 93892
246.599 93889
248.386 93886
249.029 93885
249.03 93883
249.031 93880
249.036 93879
249.041 93873
249.046 93870
249.048 93868
249.049 93867
249.052 93863
249.065 93854
249.07 93852
291.205 93851
291.209 93849
295.028 93845
295.199 93844
295.204 93838
295.212 93837
295.216 93836
295.279 93833
295.303 93827
295.308 93825
295.346 93819
295.354 93818
295.375 93817
295.381 93813
295.477 93810
296.551 93809
296.74 93800
296.74 93797
297.014 93789
297.029 93788
297.034 93787
297.037 93785
297.144 93783
297.155 93782
297.159 93775
297.164 93773
297.179 93771
297.19 93768
297.357 93767
297.362 93752
297.371 93751
297.468 93744
297.469 93741
297.47 93738
297.477 93737
297.508 93733
297.516 93730
297.519 93727
297.528 93726
297.621 93720
297.628 93717
297.689 93713
297.697 93712
297.965 93699
297.968 93693
298.04 93692
298.102 93688
298.116 93687
298.134 93686
298.135 93684
298.136 93682
298.14 93680
298.142 93679
298.144 93678
298.149 93677
298.159 93671
298.161 93667
298.266 93666
298.268 93664
298.269 93661
298.269 93658
298.757 93656
298.758 93655
300.353 93653
300.355 93649
300.358 93647
300.395 93640
300.483 93635
300.484 93633
301.289 93630
301.821 93620
301.886 93617
301.891 93616
301.899 93608
302.107 93607
302.111 93600
315.223 93598
322.667 93596
322.668 93593
322.672 93590
322.676 93589
322.679 93588
322.685 93587
322.689 93586
322.712 93575
322.714 93574
322.714 93572
322.784 93569
322.786 93566
322.793 93560
322.806 93558
322.806 93556
322.809 93552
322.881 93551
325.149 93542
325.152 93540
325.16 93539
325.16 93538
325.164 93537
329.006 93534
329.097 93533
329.097 93531
329.168 93530
329.209 93528
329.212 93526
329.218 93525
347.7 93524
347.719 93523
347.72 93521
347.72 93514
347.734 93508
358.462 93506
358.486 93504
358.504 93503
364.507 93502
364.583 93499
365.187 93488
365.189 93487
365.456 93482
365.46 93473
365.464 93472
365.468 93471
366.648 93469
367.03 93466
367.536 93465
367.539 93463
367.543 93458
367.557 93457
369.114 93454
372.579 93453
398.371 93452
398.572 93451
398.586 93450
398.601 93448
398.616 93447
398.618 93446
398.622 93445
398.642 93444
398.65 93443
398.723 93439
398.983 93437
398.983 93435
