9.779 249669
9.78 249659
9.781 249649
9.783 249611
9.784 249605
9.785 249591
9.786 249572
9.788 249526
9.789 249521
9.795 249501
9.797 249422
9.798 249414
9.799 249365
9.802 249344
9.804 249146
9.806 249137
9.807 249134
9.808 249117
9.81 248996
9.812 248989
9.813 248977
9.814 248969
9.816 248952
9.817 248928
9.818 248922
9.82 248915
9.825 248898
9.828 248713
9.829 248707
9.83 248700
9.832 248698
9.833 248695
9.835 248642
9.837 248584
9.838 248579
9.839 248576
9.841 248544
9.843 248536
9.846 248531
9.847 248518
9.849 248262
9.85 248251
9.851 248214
9.853 248195
9.855 248182
9.856 248139
9.858 248126
9.859 248078
9.861 248042
9.862 248036
9.864 248011
9.865 248000
9.868 247993
9.874 247981
9.876 247980
9.877 247947
9.878 247933
9.879 247925
9.881 247880
9.882 247871
9.883 247865
9.884 247846
9.886 247842
9.888 247811
9.889 247804
9.892 247800
9.894 247782
9.895 247779
9.896 247746
9.897 247738
9.898 247736
9.902 247735
9.904 247693
9.905 247691
9.908 247677
9.91 247642
9.911 247632
9.913 247564
9.915 247560
9.916 247553
9.918 247534
9.92 247530
9.921 247469
9.922 247468
9.924 247438
9.926 247362
9.929 247361
9.932 247356
9.933 247347
9.935 247344
9.937 247340
9.938 247315
9.939 247293
9.94 247292
9.942 247259
9.943 247224
9.945 247210
9.947 247209
9.95 247195
9.951 247173
9.954 247166
9.957 247152
9.959 247137
9.961 247094
9.962 247082
9.963 247078
9.965 247071
9.966 247066
9.968 247045
9.971 247036
9.972 247009
9.974 246961
9.976 246835
9.977 246834
9.978 246833
9.98 246805
9.981 246800
9.982 246795
9.986 246748
9.987 246736
9.988 246729
9.99 246700
9.991 246696
9.992 246692
9.993 246680
9.994 246665
9.996 246632
9.998 246624
10.001 246598
10.003 246593
10.004 246569
10.007 246568
10.008 246548
10.013 246545
10.015 246536
10.017 246523
10.018 246517
10.019 246516
10.02 246488
10.022 246486
10.023 246485
10.025 246466
10.026 246465
10.03 246456
10.031 246452
10.032 246448
10.033 246444
10.034 246426
10.036 246423
10.037 246402
10.038 246399
10.04 246372
10.042 246362
10.045 246315
10.046 246297
10.052 246296
10.055 246275
10.056 246268
10.057 246246
10.059 246237
10.061 246236
10.068 246224
10.069 246218
10.07 246217
10.074 246160
10.075 246154
10.076 246153
10.079 246151
10.08 246129
10.082 246111
10.084 246044
10.09 246031
10.092 246030
10.093 246022
10.094 246017
10.096 246007
10.098 246006
10.099 246003
10.106 245945
10.108 245923
10.109 245856
10.117 245855
10.118 245847
10.121 245832
10.123 245808
10.124 245807
10.126 245806
10.127 245803
10.144 245798
10.145 245797
10.148 245793
10.151 245789
10.154 245785
10.156 245778
10.158 245745
10.16 245744
10.163 245737
10.166 245725
10.168 245723
10.173 245721
10.175 245647
10.177 245642
10.179 245628
10.181 245616
10.182 245611
10.184 245601
10.186 245579
10.197 245575
10.199 245571
10.2 245534
10.202 245531
10.205 245521
10.206 245520
10.215 245515
10.22 245512
10.221 245502
10.226 245493
10.228 245478
10.23 245475
10.232 245468
10.233 245433
10.234 245426
10.237 245425
10.244 245385
10.244 245366
10.246 245362
10.247 245356
10.249 245353
10.25 245350
10.253 245260
10.258 245253
10.264 245246
10.271 245218
10.274 245202
10.277 245181
10.279 245164
10.281 245149
10.284 245092
10.286 245083
10.287 245077
10.29 245070
10.292 245015
10.293 245009
10.294 245008
10.298 244992
10.3 244986
10.304 244985
10.305 244980
10.307 244975
10.308 244963
10.31 244960
10.311 244959
10.312 244955
10.314 244921
10.316 244920
10.318 244919
10.32 244915
10.321 244907
10.323 244901
10.324 244894
10.334 244891
10.335 244890
10.336 244885
10.338 244883
10.339 244876
10.341 244870
10.343 244869
10.345 244868
10.346 244865
10.35 244864
10.351 244859
10.353 244857
10.354 244856
10.355 244839
10.356 244829
10.358 244822
10.36 244813
10.361 244808
10.362 244802
10.364 244798
10.365 244789
10.374 244773
10.376 244768
10.377 244765
10.378 244762
10.379 244750
10.382 244731
10.383 244727
10.384 244692
10.386 244676
10.389 244673
10.39 244644
10.391 244639
10.392 244636
10.394 244615
10.395 244603
10.397 244555
10.4 244547
10.407 244484
10.426 244463
10.427 244448
10.429 244439
10.43 244432
10.431 244405
10.433 244402
10.436 244393
10.437 244387
10.439 244371
10.441 244369
10.443 244356
10.447 244355
10.448 244345
10.45 244325
10.453 244324
10.454 244321
10.456 244299
10.458 244298
10.463 244290
10.468 244284
10.469 244269
10.471 244265
10.473 244241
10.474 244213
10.477 244197
10.479 244189
10.482 244188
10.485 244180
10.487 244167
10.488 244166
10.491 244153
10.5 244149
10.502 244140
10.504 244138
10.507 244112
10.508 244111
10.511 244106
10.514 244104
10.522 244101
10.523 244098
10.527 244057
10.535 244029
10.54 244015
10.542 244002
10.543 243997
10.546 243962
10.548 243961
10.556 243955
10.559 243940
10.563 243927
10.565 243923
10.566 243920
10.569 243918
10.573 243911
10.574 243907
10.576 243906
10.578 243896
10.582 243889
10.591 243878
10.595 243867
10.596 243853
10.598 243849
10.599 243847
10.604 243839
10.606 243834
10.608 243832
10.609 243831
10.615 243826
10.622 243816
10.624 243811
10.625 243810
10.627 243809
10.629 243802
10.63 243799
10.632 243788
10.634 243780
10.635 243776
10.637 243740
10.64 243721
10.642 243720
10.643 243709
10.644 243699
10.646 243697
10.649 243619
10.655 243615
10.659 243610
10.66 243604
10.662 243575
10.665 243543
10.667 243529
10.67 243527
10.672 243525
10.677 243522
10.692 243515
10.701 243514
10.705 243505
10.707 243503
10.711 243497
10.728 243487
10.73 243475
10.734 243473
10.736 243468
10.739 243464
10.741 243462
10.747 243461
10.748 243458
10.749 243434
10.752 243432
10.754 243429
10.76 243411
10.78 243401
10.781 243395
10.79 243390
10.792 243374
10.793 243350
10.796 243348
10.799 243328
10.801 243325
10.802 243324
10.804 243293
10.808 243291
10.811 243288
10.817 243280
10.819 243273
10.825 243270
10.829 243268
10.831 243263
10.841 243255
10.854 243254
10.857 243211
10.863 243204
10.871 243203
10.875 243199
10.877 243196
10.881 243193
10.883 243155
10.884 243150
10.887 243126
10.889 243113
10.89 243109
10.891 243107
10.892 243105
10.897 243099
10.9 243096
10.905 243088
10.91 243085
10.911 243070
10.912 243056
10.913 243052
10.916 243047
10.921 243043
10.923 243041
10.935 243034
10.94 243030
10.946 243028
10.955 243024
10.957 243018
10.969 243017
10.971 243008
10.974 242996
10.976 242971
10.98 242966
10.985 242964
10.986 242955
10.988 242941
10.99 242927
10.991 242922
10.994 242919
10.997 242913
11 242897
11.001 242895
11.003 242886
11.004 242879
11.005 242854
11.023 242841
11.031 242805
11.034 242802
11.037 242800
11.038 242793
11.04 242782
11.045 242770
11.048 242769
11.05 242760
11.052 242746
11.053 242745
11.057 242738
11.06 242736
11.063 242719
11.086 242699
11.14 242694
11.144 242629
11.148 242623
11.159 242591
11.166 242586
11.17 242581
11.171 242579
11.172 242577
11.183 242511
11.185 242493
11.186 242487
11.189 242470
11.193 242464
11.196 242433
11.244 242432
11.247 242422
11.249 242413
11.263 242410
11.271 242400
11.297 242378
11.455 242342
11.457 242305
11.459 242301
11.525 242285
11.526 242284
11.532 242280
11.546 242265
11.547 242245
11.55 242238
11.553 242233
11.554 242229
11.562 242223
11.564 242209
11.568 242191
11.575 242187
11.577 242186
11.58 242178
11.59 242176
11.595 242172
11.6 242170
11.602 242166
11.604 242159
11.609 242158
11.61 242147
11.612 242132
11.615 242128
11.616 242116
11.618 242104
11.621 242095
11.622 242086
11.686 242083
11.687 242077
11.689 242075
11.691 242074
11.692 242041
11.704 242038
11.705 242015
11.706 242012
11.708 242006
11.735 241989
11.769 241962
12.093 241961
12.101 241954
12.103 241906
12.108 241888
12.112 241879
12.116 241876
12.149 241875
12.198 241872
12.199 241869
12.212 241868
12.215 241853
12.217 241847
12.218 241822
12.219 241813
12.356 241806
12.453 241805
12.456 241794
12.458 241786
12.459 241780
12.46 241777
12.465 241776
12.491 241770
12.497 241763
12.704 241757
12.707 241733
12.735 241730
12.739 241666
12.742 241614
12.744 241610
12.745 241602
12.747 241584
12.749 241580
12.767 241559
12.768 241556
12.77 241555
12.771 241536
12.773 241531
12.783 241530
12.785 241523
12.802 241513
12.805 241511
12.807 241504
12.808 241502
12.823 241500
12.825 241496
12.827 241465
12.835 241462
12.97 241449
12.973 241445
12.975 241437
12.979 241432
13.234 241428
13.405 241423
13.412 241414
13.414 241411
13.415 241405
14.723 241403
14.724 241401
15.046 241349
15.055 241323
15.057 241306
15.105 241282
15.107 241276
15.109 241270
15.11 241258
15.274 241257
15.286 241249
15.287 241171
15.289 241162
15.29 241159
15.292 241158
15.294 241157
15.308 241149
15.311 241143
15.319 241141
15.323 241124
15.328 241121
15.338 241091
15.346 241069
15.348 241068
15.349 241063
15.36 241044
15.361 241040
15.364 241035
15.365 241033
15.383 241021
15.385 241009
15.388 241003
15.389 240965
15.393 240961
15.395 240959
15.427 240950
15.431 240949
15.434 240931
15.625 240929
15.632 240919
15.637 240901
15.641 240890
15.656 240888
15.66 240887
15.701 240875
15.709 240874
15.71 240864
15.715 240849
15.718 240834
15.722 240832
18.041 240822
18.053 240790
18.062 240785
18.072 240769
18.166 240765
18.173 240761
20.696 240760
20.697 240750
20.699 240737
20.702 240664
20.706 240662
20.711 240661
20.907 240654
20.91 240643
20.912 240640
20.917 240633
20.922 240623
20.937 240594
20.941 240586
20.944 240584
30.921 240574
30.922 240570
30.924 240566
30.93 240564
30.944 240561
30.949 240543
30.966 240542
31.222 240537
31.224 240508
31.225 240484
31.226 240481
31.277 240464
31.279 240460
31.57 240456
31.585 240445
31.617 240441
31.62 240432
31.621 240431
31.624 240429
31.625 240428
31.626 240411
31.634 240409
31.638 240404
31.64 240402
31.641 240399
31.659 240388
31.662 240377
31.664 240375
31.669 240374
31.68 240367
31.683 240352
31.684 240348
31.686 240332
31.705 240317
31.708 240309
31.714 240307
31.715 240291
31.717 240288
31.809 240284
31.815 240272
31.818 240265
31.82 240257
31.842 240196
31.848 240175
31.85 240166
31.852 240160
31.855 240154
31.857 240152
31.921 240149
31.942 240135
31.947 240132
31.95 240130
31.955 240113
33.848 240095
33.849 240085
33.851 240084
33.852 240083
33.855 240076
34.065 240065
34.066 240060
34.068 240045
34.079 240023
34.105 240012
34.316 239996
34.321 239984
34.323 239979
34.326 239966
34.33 239957
34.336 239941
34.337 239928
34.341 239927
34.342 239922
34.354 239911
34.355 239904
34.374 239893
34.393 239876
34.457 239871
34.77 239835
34.887 239804
34.89 239786
34.896 239770
34.914 239742
34.917 239735
35.437 239720
35.44 239710
35.441 239708
35.444 239679
35.455 239663
35.457 239662
35.46 239646
35.465 239644
35.466 239636
35.473 239617
35.474 239609
35.476 239607
35.478 239604
35.483 239595
35.497 239594
35.5 239583
35.504 239536
35.506 239529
35.54 239528
35.625 239517
35.743 239469
35.744 239450
35.748 239434
35.752 239431
35.756 239427
35.762 239425
35.903 239421
35.906 239419
35.909 239409
35.911 239395
35.913 239386
35.915 239381
35.917 239375
35.919 239328
35.921 239323
35.975 239318
35.976 239300
35.987 239276
35.992 239256
36.001 239246
36.002 239244
36.009 239232
36.017 239226
36.019 239225
36.031 239222
36.551 239217
36.556 239204
36.558 239194
36.561 239180
36.564 239176
36.576 239169
36.591 239162
36.594 239158
36.597 239153
36.612 239150
36.615 239128
36.622 239099
36.673 239087
36.674 239079
36.676 239077
36.677 239065
36.68 239033
36.686 239032
36.691 239018
36.692 239017
36.694 239009
36.695 239001
36.697 238999
36.701 238991
36.706 238974
36.707 238968
36.71 238964
36.723 238958
36.727 238946
36.729 238938
36.731 238935
36.805 238934
36.806 238924
36.811 238901
36.812 238899
36.814 238893
36.826 238875
36.828 238872
36.829 238860
36.959 238858
37.125 238845
37.127 238839
37.128 238836
37.154 238834
37.156 238822
37.159 238814
37.161 238813
37.162 238811
37.165 238731
37.166 238726
37.167 238717
37.171 238678
37.173 238677
37.202 238672
37.207 238671
37.221 238652
37.224 238650
37.229 238647
37.234 238626
37.236 238615
37.239 238566
37.244 238564
37.246 238554
37.248 238547
37.249 238534
37.259 238522
37.262 238501
37.268 238476
37.273 238463
37.274 238451
37.276 238366
37.277 238364
42.16 238358
42.161 238352
42.163 238334
42.164 238331
42.166 238329
42.169 238327
42.212 238314
42.218 238281
42.219 238276
42.227 238245
42.247 238229
42.253 238228
42.255 238213
42.265 238200
42.41 238198
42.417 238191
42.418 238189
42.421 238177
42.423 238174
42.553 238146
42.556 238139
42.559 238100
42.562 238088
42.642 238084
42.646 238081
42.719 238059
42.79 238049
42.797 237998
42.836 237986
42.838 237984
42.846 237971
52.513 237955
52.515 237940
52.517 237933
52.519 237892
52.521 237886
52.525 237881
52.641 237876
52.644 237871
52.645 237837
52.649 237835
52.652 237821
52.656 237817
52.664 237810
53.058 237798
54.881 237780
54.883 237740
54.885 237739
54.886 237710
54.932 237701
54.934 237658
54.936 237654
54.938 237651
54.939 237650
54.971 237628
54.973 237626
54.989 237600
54.992 237564
55.141 237541
55.187 237537
55.337 237535
55.339 237534
55.347 237531
55.353 237497
55.356 237494
59.195 237406
59.201 237398
59.229 237389
59.23 237385
59.234 237358
59.236 237336
59.245 237334
60.051 237327
60.054 237324
60.059 237309
60.684 237291
60.687 237287
60.769 237259
60.776 237257
60.78 237220
62.586 237211
69.444 237195
69.446 237190
69.45 237186
69.467 237181
69.469 237176
69.496 237161
69.499 237160
69.501 237155
69.502 237123
69.504 237119
69.542 237117
69.543 237094
69.545 237082
69.548 237072
69.568 237068
69.576 237065
71.11 237044
71.114 237030
71.116 237023
71.122 237020
71.124 237002
72.391 236997
72.393 236994
72.399 236991
72.405 236988
72.407 236983
72.439 236981
72.441 236978
72.444 236967
72.468 236943
79.364 236932
79.367 236907
79.384 236899
79.394 236874
79.399 236864
79.4 236857
79.403 236842
80.452 236831
80.559 236789
80.561 236773
80.565 236771
80.567 236760
80.569 236751
80.571 236741
80.584 236735
80.926 236734
80.927 236713
82.12 236708
82.121 236696
82.53 236691
82.534 236680
82.535 236659
82.537 236658
82.538 236655
82.547 236652
82.548 236650
82.55 236644
82.572 236638
82.577 236629
82.581 236623
82.589 236608
82.598 236606
82.6 236604
82.616 236596
82.628 236595
82.631 236560
82.641 236554
82.671 236547
82.673 236543
82.762 236542
82.87 236520
82.872 236519
82.873 236514
82.875 236494
90.086 236476
90.09 236456
90.093 236441
90.097 236440
90.108 236424
90.112 236418
90.113 236412
90.118 236411
90.121 236404
90.148 236385
90.151 236383
90.152 236378
90.154 236376
90.188 236369
90.199 236358
90.203 236295
90.205 236289
90.207 236286
90.211 236283
90.24 236267
90.368 236262
90.387 236246
90.388 236235
90.389 236227
90.39 236180
90.397 236163
90.4 236141
90.402 236092
90.406 236086
90.411 236085
90.419 236070
90.42 236062
90.422 236059
90.425 236050
90.426 236015
90.428 235999
90.438 235993
90.44 235992
90.445 235989
90.452 235982
90.456 235974
90.458 235966
90.467 235959
90.47 235958
90.475 235954
90.486 235952
90.489 235948
90.561 235947
90.935 235928
90.937 235927
90.939 235907
91.052 235884
91.067 235874
91.068 235866
91.072 235862
91.076 235856
91.083 235846
91.085 235819
91.089 235797
91.091 235793
91.129 235790
91.13 235789
91.137 235785
91.138 235783
91.145 235760
91.167 235743
93.98 235725
94.028 235656
94.03 235641
94.031 235627
94.033 235618
94.037 235610
95.782 235595
95.785 235591
95.799 235586
95.802 235568
95.805 235567
95.814 235565
95.838 235548
96.001 235535
96.002 235528
96.006 235524
96.01 235519
96.012 235518
96.014 235505
96.027 235502
96.032 235501
96.039 235493
96.042 235488
96.099 235477
96.1 235475
96.103 235453
96.107 235442
96.109 235425
96.113 235415
96.115 235395
96.121 235348
96.185 235336
96.192 235335
96.256 235317
96.26 235279
96.263 235274
96.265 235269
96.267 235263
97.633 235259
97.637 235250
97.731 235244
97.772 235243
97.829 235242
97.831 235240
97.833 235239
97.835 235234
97.857 235213
97.872 235157
97.877 235135
97.879 235120
97.919 235115
97.961 235106
97.966 235100
109.732 235090
109.735 235086
109.737 235083
109.742 235060
109.747 235057
109.749 235055
109.787 235049
109.792 235040
109.802 235013
109.804 235001
109.806 234999
109.809 234973
109.81 234972
109.812 234957
109.818 234948
109.821 234947
109.837 234946
109.843 234945
109.845 234916
109.854 234890
109.856 234884
109.858 234883
109.867 234846
109.869 234839
109.876 234838
109.877 234827
109.879 234814
109.885 234758
109.953 234752
109.963 234723
109.97 234707
109.974 234705
110.002 234704
110.005 234703
110.017 234692
110.018 234666
110.02 234657
110.025 234653
110.029 234631
110.031 234628
110.033 234604
110.038 234594
110.041 234593
110.043 234589
110.134 234576
110.157 234567
110.159 234566
110.185 234550
110.199 234540
117.017 234522
117.018 234518
117.024 234514
117.035 234501
117.039 234458
119.727 234456
119.728 234450
119.81 234442
119.818 234441
119.826 234437
119.833 234431
119.838 234417
119.845 234411
119.848 234401
119.888 234398
119.894 234384
119.895 234365
119.912 234364
119.968 234350
120.046 234337
120.047 234328
120.05 234304
120.051 234294
120.129 234282
120.252 234275
120.272 234264
120.274 234263
120.278 234238
120.433 234235
120.434 234231
120.436 234220
120.439 234218
120.457 234211
120.459 234205
120.46 234175
120.498 234173
120.502 234172
120.545 234157
120.569 234156
120.577 234151
120.653 234140
120.655 234139
120.682 234127
120.685 234124
120.691 234108
120.693 234103
121.933 234098
121.941 234086
121.946 234082
121.951 234081
121.954 234069
122 234059
122.005 234051
122.008 234049
122.04 234041
122.041 234040
122.047 234034
122.063 234015
122.065 233989
122.069 233987
122.074 233976
122.075 233973
122.092 233956
122.094 233947
122.112 233942
122.25 233937
122.285 233935
122.334 233931
122.335 233923
122.406 233914
122.432 233905
122.433 233904
122.44 233900
122.52 233894
122.524 233889
122.526 233886
122.544 233883
122.548 233880
122.55 233876
122.595 233873
122.599 233872
122.602 233858
122.894 233842
122.895 233840
122.945 233826
129.455 233816
129.457 233814
129.462 233811
129.489 233804
129.583 233788
129.584 233758
129.587 233752
129.59 233739
129.592 233737
129.593 233732
131.026 233721
131.033 233715
131.037 233713
131.038 233709
131.04 233704
131.046 233700
131.05 233693
131.057 233685
131.059 233679
131.106 233667
131.107 233661
131.11 233659
131.111 233650
135.95 233636
135.959 233634
135.96 233586
135.963 233581
135.967 233554
135.969 233546
135.99 233534
135.997 233517
136.148 233509
136.168 233504
136.176 233492
136.43 233484
136.432 233480
136.436 233478
136.437 233476
136.465 233460
136.469 233451
136.473 233442
136.941 233420
136.944 233416
136.945 233412
137.203 233401
137.205 233382
137.21 233372
137.211 233371
137.215 233364
137.218 233358
137.223 233350
137.345 233349
137.347 233330
137.351 233312
137.355 233301
137.358 233285
137.36 233284
137.365 233277
137.372 233258
137.408 233256
137.409 233255
137.416 233248
137.434 233243
137.436 233239
137.438 233235
137.439 233231
137.461 233228
137.463 233226
137.473 233223
137.484 233218
137.54 233209
137.546 233176
137.547 233167
137.552 233165
137.553 233154
137.554 233149
137.702 233124
137.707 233123
137.723 233101
137.732 233100
137.735 233039
137.74 233038
140.26 233024
140.263 233023
140.266 233016
140.267 232999
140.283 232996
140.371 232991
140.372 232975
140.378 232965
140.38 232959
140.382 232951
140.41 232939
140.413 232937
140.416 232936
140.421 232933
140.443 232904
140.444 232897
140.446 232888
140.45 232882
140.504 232877
140.508 232865
140.51 232817
140.511 232814
140.515 232806
140.517 232798
140.519 232775
140.521 232772
140.522 232767
140.524 232764
140.529 232758
140.598 232745
140.6 232744
140.601 232731
140.605 232727
140.625 232723
140.63 232721
142.858 232715
142.861 232713
142.867 232695
142.871 232668
142.873 232659
142.875 232656
142.882 232654
142.883 232644
142.897 232635
142.899 232634
142.902 232624
142.904 232600
142.908 232596
143.427 232594
143.433 232576
143.449 232569
143.475 232564
143.477 232560
143.478 232554
143.493 232509
143.645 232507
143.653 232505
143.663 232497
143.666 232496
143.676 232492
143.678 232478
143.692 232477
143.708 232467
143.724 232451
143.732 232447
143.876 232441
151.18 232438
151.265 232413
151.269 232380
151.271 232372
151.276 232369
151.278 232368
151.302 232358
151.304 232343
151.455 232337
151.461 232335
154.762 232316
154.764 232314
154.835 232310
154.838 232307
154.853 232296
154.856 232295
154.902 232288
154.904 232285
154.932 232282
154.934 232281
154.962 232280
154.964 232278
155.469 232266
155.487 232265
155.489 232263
155.492 232261
155.497 232257
155.501 232256
155.502 232242
155.564 232233
155.565 232231
155.567 232230
155.572 232228
155.611 232221
155.613 232220
155.624 232218
155.63 232214
155.774 232212
155.775 232210
155.779 232208
155.796 232163
155.845 232156
155.864 232154
155.868 232152
155.869 232151
155.878 232143
156.328 232140
156.346 232131
156.349 232112
156.35 232110
159.592 232104
159.594 232097
159.596 232095
159.598 232091
159.606 232079
159.613 232058
159.616 232050
159.626 232049
159.628 232036
159.63 232033
159.66 232006
159.662 232005
159.663 232004
159.67 231990
159.674 231989
159.676 231983
159.814 231967
159.815 231957
159.823 231956
159.824 231953
159.827 231951
159.854 231948
161.395 231944
161.399 231943
161.401 231937
161.449 231935
161.454 231931
161.466 231894
161.496 231874
161.553 231871
161.556 231869
161.619 231866
161.623 231860
161.625 231855
161.7 231853
161.701 231837
161.704 231823
161.744 231821
161.746 231802
161.748 231793
162.229 231791
164.912 231789
164.915 231782
164.939 231777
164.942 231762
164.943 231753
164.949 231740
164.952 231725
165.371 231720
165.383 231703
165.397 231692
165.4 231688
165.406 231681
165.407 231679
165.474 231673
165.478 231672
165.482 231671
165.489 231663
165.492 231631
165.497 231627
165.507 231618
165.51 231584
165.556 231569
165.558 231559
165.585 231558
165.591 231557
165.606 231546
165.608 231544
165.996 231536
168.015 231531
168.019 231527
168.021 231526
168.026 231504
168.03 231499
168.034 231494
168.037 231485
168.051 231469
168.185 231439
168.202 231416
176.771 231413
176.887 231402
176.898 231381
177.175 231378
177.177 231376
178.385 231372
178.387 231371
178.397 231359
178.402 231357
179.367 231353
179.504 231347
179.667 231324
179.67 231310
179.688 231300
179.845 231284
179.864 231276
179.874 231269
179.876 231260
179.881 231250
179.887 231237
179.937 231232
179.938 231222
179.939 231221
180.003 231214
180.008 231213
180.014 231202
180.147 231197
180.15 231195
180.185 231188
180.191 231187
180.305 231182
181.269 231173
181.287 231171
181.289 231168
181.29 231147
181.307 231142
182.907 231139
182.916 231121
182.936 231112
183.02 231108
183.268 231102
183.309 231092
183.31 231091
183.312 231083
183.313 231075
184.319 231061
184.321 231045
184.346 231040
184.356 231020
187.954 231019
187.956 231018
187.971 231014
187.973 231009
187.996 231001
188.041 230994
188.217 230980
188.22 230979
188.232 230974
188.235 230970
188.237 230969
188.241 230968
188.466 230959
190.263 230953
190.267 230941
190.27 230935
190.274 230918
190.276 230913
190.296 230906
190.355 230905
190.358 230888
190.362 230887
190.366 230884
190.372 230882
190.374 230873
199.238 230866
199.254 230856
199.256 230851
199.259 230847
199.281 230846
199.312 230842
199.314 230836
199.318 230829
199.329 230824
199.331 230820
199.333 230812
199.343 230809
199.344 230805
199.348 230804
199.355 230803
199.381 230796
199.382 230793
199.386 230791
199.388 230769
199.393 230768
199.394 230767
199.451 230750
199.456 230743
199.457 230728
199.461 230723
199.468 230715
199.471 230711
199.474 230702
199.479 230695
199.494 230689
199.497 230687
199.499 230685
199.502 230684
199.518 230678
199.522 230675
199.526 230674
199.532 230672
199.556 230667
199.572 230663
199.573 230662
199.657 230661
199.664 230651
199.68 230650
199.682 230640
199.719 230629
200.471 230623
200.495 230605
200.512 230594
200.514 230570
200.516 230553
200.528 230539
200.531 230525
200.539 230521
200.542 230517
200.544 230513
200.546 230512
200.588 230498
200.59 230489
200.593 230488
200.595 230487
200.615 230481
200.617 230479
200.618 230478
206.013 230473
206.014 230471
206.017 230468
206.041 230467
206.044 230462
206.25 230454
207.239 230452
207.542 230441
207.544 230437
207.608 230431
207.622 230425
207.624 230424
208.232 230418
208.233 230413
208.247 230405
208.25 230395
208.252 230386
208.262 230375
208.288 230372
208.292 230367
208.295 230364
208.298 230359
208.3 230358
208.302 230335
208.306 230333
208.307 230318
208.308 230314
208.31 230308
208.311 230303
208.315 230302
208.324 230295
208.335 230289
208.336 230288
209.777 230285
209.791 230282
209.812 230274
209.816 230273
209.841 230272
209.843 230264
209.854 230258
209.855 230251
209.857 230244
209.86 230235
209.868 230230
209.872 230221
209.876 230220
209.882 230217
209.889 230210
209.912 230200
209.916 230161
209.924 230148
209.928 230142
209.948 230137
209.956 230136
209.957 230120
209.961 230114
210.861 230105
210.876 230101
210.932 230096
210.984 230084
210.987 230077
210.991 230075
210.999 230074
211.001 230070
211.008 230067
211.027 230065
211.034 230064
211.041 230055
211.046 230053
211.05 230052
211.053 230051
211.069 230037
211.07 230031
211.072 230024
211.075 230023
211.081 230022
211.099 230019
211.1 230018
211.105 230008
211.706 229989
211.709 229986
211.729 229983
211.742 229978
211.983 229968
211.994 229961
211.997 229951
212.025 229942
212.046 229935
212.06 229934
212.117 229929
212.138 229921
212.143 229917
212.149 229915
212.152 229908
212.157 229906
212.166 229901
212.172 229896
217.931 229895
217.933 229890
217.935 229875
217.962 229868
217.983 229867
217.991 229865
217.992 229862
217.997 229860
217.998 229849
218.015 229846
219.284 229845
219.289 229840
219.745 229834
219.748 229832
219.755 229831
219.759 229811
219.768 229810
219.778 229808
219.78 229807
219.79 229801
219.799 229796
219.801 229793
219.81 229792
219.813 229786
219.816 229784
219.818 229779
219.837 229778
219.85 229776
219.857 229757
219.865 229740
219.877 229736
219.935 229735
219.984 229733
219.987 229728
220.021 229715
220.052 229714
220.054 229713
220.078 229705
220.147 229693
220.161 229681
220.202 229676
220.204 229675
220.211 229669
220.213 229668
220.215 229667
220.245 229664
220.249 229663
220.25 229645
220.257 229619
220.259 229617
221.127 229598
221.13 229597
221.133 229596
221.14 229594
221.8 229582
222.363 229578
222.389 229571
222.391 229568
222.396 229566
222.402 229564
222.433 229559
222.435 229558
222.48 229557
222.755 229554
222.76 229540
222.762 229524
223.101 229515
223.106 229510
223.109 229506
223.124 229503
223.15 229502
223.155 229500
223.16 229495
223.18 229492
223.182 229491
223.184 229485
223.188 229483
223.966 229474
223.981 229472
223.986 229468
224.056 229467
224.06 229465
224.071 229464
224.077 229457
224.117 229456
224.127 229443
224.13 229442
224.132 229440
224.144 229438
224.16 229437
224.163 229435
224.184 229422
224.186 229421
224.928 229414
224.931 229412
224.933 229410
225.372 229408
225.385 229391
225.97 229388
225.971 229386
225.985 229376
225.993 229374
226.821 229372
234.63 229370
234.632 229349
234.633 229348
234.638 229328
234.64 229320
237.074 229318
237.079 229311
237.142 229310
237.144 229299
237.167 229295
237.439 229292
237.449 229280
237.453 229279
237.457 229269
237.466 229263
237.47 229248
237.525 229244
237.528 229237
237.531 229232
237.538 229223
237.635 229213
237.657 229211
237.658 229205
237.721 229198
237.723 229195
237.871 229193
237.876 229186
237.88 229183
237.889 229177
237.906 229173
241.151 229171
241.19 229167
241.193 229161
241.203 229153
241.8 229152
241.806 229136
241.822 229134
241.83 229128
241.857 229127
241.867 229124
241.878 229118
241.882 229116
241.884 229114
241.887 229112
241.929 229107
241.955 229103
242.24 229099
243.05 229097
243.06 229095
243.065 229093
243.077 229080
243.1 229076
243.104 229073
243.105 229070
243.146 229069
243.147 229065
243.152 229060
243.161 229048
243.202 229046
243.208 229045
243.215 229036
243.22 229034
243.229 229032
243.23 229028
243.235 229027
243.439 229024
243.444 229023
243.447 229022
243.448 229013
243.45 229004
243.452 229003
243.465 228999
243.543 228995
243.546 228992
243.554 228988
243.556 228986
243.579 228983
243.58 228973
243.585 228967
243.591 228965
243.597 228962
243.601 228952
243.604 228940
243.608 228939
243.613 228936
243.614 228933
244.352 228925
244.455 228921
244.456 228920
244.46 228917
244.462 228911
244.472 228904
244.475 228903
244.476 228891
244.483 228889
244.486 228883
244.489 228881
244.5 228877
244.504 228876
244.732 228875
244.736 228871
244.74 228869
244.745 228860
244.754 228859
244.795 228858
244.797 228857
244.821 228853
244.823 228852
244.907 228845
245.006 228844
245.008 228841
245.018 228840
245.035 228838
245.037 228823
245.043 228819
245.056 228802
245.059 228799
245.12 228793
245.128 228787
245.138 228785
245.144 228779
246.149 228778
246.18 228776
246.181 228762
246.183 228761
246.184 228756
246.191 228753
246.196 228751
246.198 228750
246.199 228744
246.204 228740
246.215 228739
246.217 228738
246.221 228730
246.229 228715
246.43 228714
246.435 228703
246.44 228701
246.694 228698
247.085 228690
247.632 228689
247.64 228688
247.649 228687
247.695 228677
247.709 228662
247.716 228657
247.717 228645
247.719 228635
248.111 228622
248.123 228619
248.128 228614
248.184 228609
248.191 228606
248.194 228605
248.199 228604
248.233 228601
248.239 228595
248.246 228593
249.156 228588
249.158 228586
249.166 228585
249.174 228581
249.179 228579
250.969 228571
250.974 228568
250.977 228566
250.983 228557
251.006 228554
251.007 228540
251.012 228536
251.024 228535
251.025 228529
251.028 228517
251.034 228511
251.071 228505
251.238 228504
251.245 228503
251.247 228486
251.251 228482
251.569 228481
251.577 228480
251.581 228477
251.583 228471
251.585 228464
251.589 228463
251.6 228462
251.603 228460
251.608 228456
251.613 228453
251.614 228452
251.615 228451
251.619 228449
251.621 228446
251.636 228443
251.641 228441
251.661 228439
251.669 228436
251.682 228435
251.686 228434
251.699 228433
251.703 228432
251.706 228429
251.713 228423
251.737 228414
251.745 228409
251.751 228408
251.787 228405
251.832 228385
251.834 228384
251.847 228381
251.861 228376
251.867 228375
251.871 228373
251.876 228370
253.345 228369
253.346 228366
253.349 228365
253.35 228363
253.37 228354
253.38 228350
253.399 228348
253.401 228347
253.414 228346
253.415 228343
255.377 228340
256.406 228339
256.412 228335
256.449 228333
256.45 228331
256.456 228325
256.458 228323
256.465 228321
256.468 228320
256.495 228316
256.5 228310
256.529 228293
256.533 228292
256.534 228288
256.548 228287
256.749 228285
256.752 228284
257.37 228281
257.602 228279
257.605 228278
257.606 228274
257.607 228271
257.61 228269
257.613 228264
257.615 228220
257.619 228214
257.63 228209
257.647 228205
257.651 228204
257.654 228192
258.217 228189
258.225 228187
258.226 228177
258.234 228175
258.237 228168
258.238 228157
258.243 228154
258.482 228151
258.577 228149
258.965 228148
258.967 228140
258.979 228139
259.042 228132
259.045 228126
259.056 228124
263.978 228123
263.984 228119
263.985 228115
263.992 228109
264.113 228106
264.117 228101
264.119 228087
264.136 228084
264.261 228081
264.272 228080
264.319 228071
264.343 228065
264.806 228061
264.817 228060
264.818 228058
264.821 228057
264.857 228048
264.907 228045
264.909 228042
265.055 228040
265.057 228030
265.058 228029
265.061 228027
265.064 228024
265.066 228019
265.125 228017
265.314 228016
265.319 228014
265.341 228013
265.342 228010
265.349 228009
265.357 228004
265.362 228002
265.387 227997
265.415 227995
265.504 227994
265.517 227979
265.54 227975
265.556 227974
265.567 227973
265.601 227971
270.511 227970
270.524 227964
270.539 227963
270.542 227958
270.549 227955
270.561 227951
270.57 227945
270.593 227944
270.6 227943
270.618 227936
270.625 227929
270.652 227925
270.662 227922
270.667 227917
270.698 227916
270.7 227912
270.705 227910
270.706 227908
270.719 227906
270.732 227902
270.793 227900
270.86 227899
270.861 227897
270.874 227894
270.881 227891
271.008 227885
272.377 227884
272.378 227880
272.384 227875
272.395 227866
272.407 227862
272.409 227860
272.412 227859
272.416 227851
272.421 227838
272.429 227831
272.577 227826
272.584 227821
272.601 227818
272.611 227812
272.653 227808
277.776 227807
277.786 227804
277.868 227793
277.901 227792
277.908 227789
277.916 227786
277.923 227784
277.926 227781
277.927 227779
277.932 227775
277.978 227774
277.982 227766
278.007 227764
278.009 227760
278.093 227751
278.095 227750
278.098 227748
278.103 227747
278.104 227730
278.105 227729
278.113 227728
278.121 227724
278.133 227721
278.135 227720
278.35 227717
278.352 227710
278.36 227709
278.369 227704
278.372 227692
278.375 227688
278.38 227685
278.382 227681
278.385 227678
278.393 227673
278.396 227672
278.605 227671
278.65 227665
278.655 227664
279.021 227661
279.03 227659
279.033 227658
279.051 227656
279.055 227655
279.06 227649
279.226 227648
279.483 227646
279.492 227642
279.509 227641
279.589 227631
279.592 227629
279.596 227627
279.598 227617
279.601 227615
279.644 227614
279.65 227605
279.694 227602
279.752 227593
279.759 227591
279.767 227589
279.786 227581
279.804 227577
279.811 227576
279.813 227573
279.817 227571
279.827 227570
279.83 227569
279.833 227555
285.723 227554
285.726 227553
288.442 227547
288.446 227541
288.467 227539
288.495 227535
288.498 227534
288.499 227533
288.501 227529
288.516 227523
288.53 227515
289.237 227512
289.252 227506
289.253 227505
289.258 227503
289.277 227502
289.291 227497
289.311 227493
289.312 227492
289.328 227483
289.332 227479
289.484 227474
289.492 227470
289.595 227468
289.596 227464
289.603 227461
289.621 227454
289.628 227446
289.853 227437
290.45 227435
290.593 227422
290.595 227415
290.605 227412
290.677 227411
290.722 227405
290.747 227404
290.771 227398
290.775 227388
290.776 227376
290.796 227375
290.885 227372
291 227365
291.002 227360
291.004 227356
291.013 227355
291.021 227353
291.025 227352
291.049 227349
291.06 227348
291.327 227342
291.336 227337
291.408 227332
291.417 227329
291.427 227328
291.435 227326
291.437 227325
291.442 227323
291.444 227321
291.529 227318
291.531 227312
291.538 227307
291.61 227306
291.683 227303
291.726 227299
291.735 227292
291.739 227291
291.74 227290
291.747 227289
291.804 227285
291.833 227282
291.841 227276
291.963 227273
291.988 227267
291.991 227265
291.994 227264
292.002 227263
292.392 227260
292.404 227259
293.275 227258
293.279 227257
293.286 227246
293.289 227244
293.292 227243
293.326 227230
293.329 227223
293.335 227222
293.381 227219
293.386 227218
293.414 227213
293.416 227212
293.417 227209
293.514 227208
293.64 227207
293.642 227206
293.645 227205
294.288 227197
294.294 227190
294.295 227188
294.308 227187
294.315 227182
294.317 227177
294.32 227175
294.357 227173
294.369 227172
294.428 227170
294.431 227169
294.714 227159
294.716 227158
294.731 227157
294.757 227156
294.804 227153
294.814 227152
294.934 227148
294.943 227146
295.09 227136
295.093 227133
295.173 227127
296 227121
296.004 227119
296.012 227117
296.014 227110
296.021 227109
296.023 227101
296.025 227098
296.027 227096
296.039 227093
296.043 227085
296.045 227084
296.418 227082
296.598 227078
296.606 227074
296.607 227073
296.622 227072
296.625 227065
296.64 227064
296.642 227063
296.647 227054
296.649 227046
296.671 227042
296.684 227035
296.685 227034
296.711 227025
296.714 227022
296.914 227019
296.92 227017
296.954 227014
296.966 227011
296.974 227007
296.981 227003
296.99 227002
296.996 226992
297.057 226991
297.099 226990
297.112 226989
297.129 226971
297.228 226970
297.247 226968
297.265 226966
297.272 226964
297.277 226961
297.54 226960
297.978 226959
297.981 226956
298.211 226953
298.239 226947
298.248 226944
298.249 226941
298.257 226938
298.275 226937
298.279 226933
298.303 226928
298.384 226924
298.426 226919
298.427 226908
298.445 226906
298.449 226903
298.45 226893
298.455 226890
301.758 226889
301.789 226884
301.791 226880
301.845 226876
301.883 226875
301.89 226874
301.893 226864
301.946 226860
301.953 226857
301.999 226853
302.023 226849
302.029 226840
302.035 226838
302.054 226833
302.063 226832
302.067 226830
302.07 226826
302.107 226823
302.113 226822
302.12 226821
302.127 226820
302.175 226807
306.552 226805
306.629 226804
306.631 226801
306.633 226800
306.659 226798
306.67 226796
306.678 226794
306.681 226789
306.693 226787
306.748 226785
306.752 226784
306.795 226773
306.8 226770
306.803 226768
306.807 226767
306.912 226762
307.547 226761
307.573 226754
307.593 226748
307.599 226747
307.616 226745
307.621 226735
307.64 226733
307.815 226732
307.82 226726
307.822 226723
307.841 226721
307.85 226713
307.859 226704
307.864 226703
307.924 226695
307.98 226692
307.987 226687
308.009 226686
308.011 226679
308.014 226673
308.018 226672
308.129 226671
308.143 226661
308.151 226660
308.235 226656
308.241 226653
308.249 226652
308.266 226648
308.274 226646
308.292 226645
308.304 226643
308.485 226642
308.502 226627
308.504 226626
310.485 226624
310.855 226620
311.541 226617
311.549 226613
311.571 226612
311.859 226611
311.866 226597
311.872 226596
311.877 226593
311.917 226592
311.954 226587
311.956 226585
311.96 226583
311.963 226581
311.983 226580
311.99 226579
312.048 226575
312.073 226573
312.076 226572
312.081 226571
312.114 226570
312.124 226560
312.125 226559
312.137 226558
312.143 226550
312.147 226549
312.15 226544
312.178 226543
312.192 226541
312.204 226540
312.216 226536
312.221 226534
312.241 226529
312.273 226525
312.28 226519
312.351 226515
312.354 226514
312.36 226513
312.402 226510
315.909 226505
315.911 226504
315.958 226503
315.98 226500
315.987 226496
315.988 226493
316.049 226492
316.188 226490
316.189 226489
316.635 226484
316.697 226481
316.702 226480
317.656 226479
317.661 226477
317.756 226476
317.761 226468
317.767 226462
317.781 226459
317.972 226452
318.001 226450
318.069 226449
318.225 226448
318.232 226447
318.237 226446
318.242 226443
318.359 226437
318.363 226436
318.383 226433
318.392 226427
318.394 226423
318.396 226422
318.401 226419
318.418 226416
318.426 226412
318.429 226411
318.43 226410
318.609 226409
318.611 226404
319.294 226393
319.305 226388
319.306 226386
319.308 226384
319.324 226383
319.329 226382
319.33 226381
319.371 226379
319.403 226378
319.417 226374
319.497 226373
319.499 226370
319.501 226369
319.51 226368
319.658 226367
319.811 226366
319.813 226365
320.806 226361
320.816 226358
320.832 226356
320.833 226353
320.88 226346
320.883 226345
320.895 226343
320.897 226340
320.916 226333
320.924 226329
320.959 226326
320.963 226324
320.967 226322
320.969 226319
320.998 226316
321 226315
321.01 226313
321.022 226311
321.055 226305
321.057 226304
321.059 226303
321.196 226299
321.974 226297
322.46 226290
322.468 226288
322.473 226287
322.636 226286
324.353 226285
324.366 226281
324.375 226280
324.389 226277
324.639 226273
324.745 226266
324.751 226265
324.755 226259
324.771 226250
324.774 226246
324.803 226245
325.32 226244
325.41 226243
325.419 226242
325.439 226241
325.441 226239
325.525 226237
325.53 226230
325.56 226229
325.566 226223
325.571 226221
325.733 226216
326.021 226215
326.023 226214
326.026 226212
326.037 226210
326.062 226209
326.08 226207
326.085 226206
326.459 226202
326.478 226201
326.613 226189
326.617 226188
326.664 226182
326.67 226181
326.697 226179
327.122 226177
327.129 226175
327.161 226173
327.171 226172
327.18 226169
327.194 226165
327.203 226164
327.212 226163
327.221 226162
327.222 226158
327.227 226157
327.236 226153
327.249 226151
328.058 226148
328.071 226147
328.086 226143
328.089 226142
328.097 226139
328.104 226135
328.108 226132
328.121 226118
328.13 226114
328.145 226112
328.168 226111
328.172 226108
328.185 226106
328.187 226104
328.191 226103
328.198 226102
328.247 226096
328.25 226092
328.259 226090
328.262 226089
328.264 226088
328.272 226087
328.277 226086
328.283 226085
328.373 226084
328.424 226083
328.428 226081
328.43 226080
328.439 226073
328.455 226072
328.474 226071
328.494 226068
333.536 226067
333.629 226062
333.761 226061
333.779 226053
333.799 226047
333.813 226045
333.816 226042
333.827 226037
333.838 226036
333.841 226034
336.1 226033
336.11 226031
336.124 226027
336.14 226024
336.149 226023
336.164 226022
336.179 226021
336.192 226020
336.201 226016
336.212 226012
336.232 226009
336.26 226004
336.319 226001
336.328 225999
336.351 225996
336.36 225994
336.362 225993
336.373 225991
337.118 225986
337.133 225985
337.155 225984
337.157 225983
337.167 225980
337.171 225977
337.183 225972
337.19 225971
337.192 225967
337.205 225961
337.229 225960
338.618 225958
338.63 225956
340.314 225955
340.404 225951
340.432 225946
340.442 225931
340.444 225930
340.449 225929
340.455 225927
340.764 225923
340.773 225920
340.776 225917
340.777 225914
340.822 225904
340.852 225900
340.864 225899
340.877 225894
341.077 225893
341.08 225887
341.09 225885
341.092 225884
341.109 225882
341.121 225877
341.132 225874
341.145 225870
341.151 225869
341.157 225867
341.186 225866
341.225 225857
341.234 225856
341.238 225855
341.24 225852
341.258 225848
341.268 225842
341.283 225837
341.284 225832
341.287 225831
341.403 225829
341.423 225827
341.448 225825
341.449 225822
341.454 225821
341.641 225811
341.65 225810
346.14 225806
346.147 225805
346.15 225803
346.155 225801
346.165 225799
346.645 225797
346.753 225795
346.759 225794
346.765 225793
349.901 225792
349.916 225779
350.032 225775
350.057 225770
350.06 225769
350.078 225766
350.2 225764
350.206 225762
350.243 225760
350.382 225759
350.388 225757
350.391 225754
350.406 225751
350.407 225748
350.426 225747
350.453 225738
350.473 225736
350.475 225735
351.13 225729
351.135 225728
351.296 225726
351.31 225725
351.349 225724
351.351 225721
351.563 225719
351.567 225717
351.577 225715
351.587 225714
351.594 225712
351.944 225710
351.989 225696
352.075 225694
352.085 225691
352.096 225687
352.1 225684
352.119 225683
352.43 225682
352.446 225679
352.513 225671
352.542 225670
352.549 225669
352.568 225667
352.57 225666
352.623 225660
352.661 225650
352.7 225647
352.707 225639
352.735 225638
352.737 225636
352.868 225635
352.888 225634
352.909 225633
353.06 225632
353.078 225631
353.089 225625
353.143 225618
353.145 225616
353.162 225615
353.173 225613
353.178 225612
353.184 225604
353.194 225602
353.197 225601
353.205 225598
353.206 225594
353.213 225591
355.513 225589
355.518 225584
355.523 225583
355.529 225582
355.542 225581
355.565 225580
355.666 225579
356.49 225577
356.538 225576
356.574 225575
356.613 225574
356.614 225569
356.619 225568
356.639 225567
356.73 225566
357.041 225561
357.054 225560
357.077 225559
357.339 225557
357.449 225555
357.495 225554
357.674 225551
357.705 225550
357.714 225545
357.862 225542
357.873 225541
357.877 225538
357.929 225533
357.947 225531
357.961 225529
357.98 225521
358.045 225517
358.093 225515
359.137 225514
359.174 225512
359.243 225506
359.248 225505
359.26 225501
359.262 225495
359.265 225493
359.269 225492
359.319 225489
359.323 225486
359.353 225480
359.388 225478
360.047 225477
360.299 225468
360.504 225466
360.52 225464
360.531 225463
360.537 225462
360.545 225461
360.689 225458
361.744 225453
362.616 225445
362.617 225443
362.633 225439
363.877 225435
363.896 225434
363.936 225431
363.937 225429
363.95 225426
364.375 225413
364.433 225410
364.436 225409
364.456 225406
364.476 225405
364.545 225404
364.562 225402
364.755 225400
364.781 225399
364.811 225397
367.199 225395
367.222 225394
367.228 225391
367.403 225388
367.516 225387
367.536 225385
367.556 225384
367.572 225381
367.574 225380
367.582 225377
367.585 225376
367.599 225372
367.601 225370
367.608 225365
367.671 225364
367.686 225363
367.732 225362
367.959 225361
367.963 225360
369.548 225359
369.56 225357
369.696 225355
369.729 225352
369.749 225351
369.817 225350
369.904 225345
371.923 225341
371.937 225338
371.94 225337
371.973 225335
374.697 225319
374.71 225318
374.713 225317
374.738 225315
374.748 225314
374.764 225311
374.765 225310
374.807 225309
377.406 225308
378.103 225307
378.105 225306
378.202 225304
378.462 225300
378.689 225299
378.711 225296
378.742 225295
378.748 225293
378.751 225292
378.778 225290
378.922 225285
379.812 225284
379.822 225282
379.844 225281
379.854 225279
380.955 225277
381.019 225274
381.032 225271
381.036 225270
381.126 225267
382.063 225266
382.082 225265
382.125 225262
382.17 225259
382.172 225258
382.21 225256
382.297 225251
382.432 225247
382.434 225244
382.437 225243
382.449 225241
382.458 225240
382.516 225235
382.564 225233
382.814 225232
382.85 225231
382.851 225228
385.305 225227
385.473 225225
385.511 225223
385.527 225217
385.547 225216
385.579 225214
385.609 225212
385.628 225211
385.671 225210
385.749 225209
385.752 225208
385.755 225207
385.814 225202
385.817 225201
386.393 225197
386.662 225196
386.667 225195
386.686 225190
386.695 225189
386.702 225184
386.706 225180
391.467 225178
391.487 225177
391.489 225174
391.542 225173
391.605 225172
391.617 225171
391.632 225170
391.651 225169
391.689 225168
391.722 225165
391.799 225163
391.82 225158
391.853 225157
391.892 225145
391.894 225144
391.901 225142
391.914 225136
391.924 225135
391.963 225133
392.202 225130
392.275 225129
392.684 225127
392.873 225125
392.896 225124
392.904 225123
392.98 225122
393.459 225120
393.463 225119
393.464 225117
393.47 225112
393.472 225111
393.501 225109
393.573 225107
393.593 225106
393.635 225104
393.653 225101
394.203 225098
394.25 225097
394.289 225095
394.356 225093
394.706 225092
394.714 225084
394.79 225083
394.795 225080
394.836 225079
394.88 225075
395.143 225074
395.168 225070
395.182 225069
395.212 225067
395.23 225066
395.474 225065
395.518 225064
395.519 225063
395.718 225061
395.735 225058
395.74 225056
395.779 225054
395.844 225053
395.872 225049
395.878 225046
395.886 225044
397.099 225043
397.303 225041
397.32 225034
397.388 225033
397.449 225031
397.459 225030
397.464 225029
397.745 225026
397.747 225019
398.017 225017
398.047 225014
398.187 225013
398.407 225012
398.428 225009
398.511 225008
398.527 225006
398.593 225004
398.612 225003
398.643 225001
398.664 224996
400.887 224994
400.898 224992
400.927 224989
400.983 224988
401.043 224986
401.214 224985
401.284 224982
401.361 224981
401.381 224979
401.425 224978
401.457 224976
401.465 224975
401.467 224973
401.47 224972
401.589 224970
401.652 224969
401.744 224967
401.765 224965
401.869 224964
401.994 224963
402.23 224962
403.03 224961
403.242 224955
403.257 224950
403.295 224948
403.308 224944
403.314 224943
403.546 224942
403.57 224941
403.616 224940
403.638 224938
403.652 224937
403.706 224931
403.744 224930
403.83 224928
404.292 224926
404.497 224924
404.506 224920
404.519 224919
404.611 224918
404.656 224913
404.675 224912
404.683 224911
404.703 224909
404.707 224908
404.727 224906
404.788 224905
404.799 224902
404.846 224901
404.854 224899
404.857 224898
404.905 224897
405.507 224896
405.759 224893
405.965 224891
406.057 224889
406.083 224888
406.086 224886
406.091 224885
406.182 224884
406.204 224883
406.434 224880
407.316 224877
407.322 224876
407.371 224875
407.434 224866
407.522 224865
407.598 224861
407.625 224860
407.631 224858
407.816 224854
407.866 224853
407.873 224852
407.943 224851
407.948 224850
407.957 224849
407.998 224848
408.006 224847
408.175 224844
408.2 224842
408.232 224841
408.296 224840
408.318 224839
409.047 224837
409.064 224836
409.078 224835
409.094 224834
413.584 224832
413.631 224831
413.64 224829
413.878 224824
413.997 224822
414.017 224821
414.025 224820
414.08 224819
414.392 224816
414.398 224815
414.403 224812
414.44 224808
414.686 224807
414.708 224806
414.711 224805
414.744 224804
414.759 224803
414.776 224800
415.937 224799
415.975 224798
416.415 224797
416.453 224795
418.142 224794
418.146 224789
418.164 224788
418.174 224787
418.208 224784
418.963 224781
419.185 224779
419.248 224777
419.76 224776
421.735 224775
421.787 224773
421.794 224771
421.809 224770
421.817 224768
421.82 224764
421.832 224763
421.87 224760
421.894 224758
422.145 224756
422.269 224755
422.344 224754
422.368 224753
422.419 224752
422.424 224750
422.468 224748
422.492 224747
422.565 224746
422.648 224745
429.321 224741
429.393 224739
430.733 224737
430.761 224729
430.9 224728
430.91 224727
431.148 224726
431.214 224724
431.226 224723
431.316 224719
431.489 224717
431.536 224716
431.692 224715
431.71 224711
431.816 224709
432.167 224705
432.194 224704
432.287 224703
432.3 224700
432.736 224698
432.74 224697
432.766 224695
432.811 224694
432.831 224693
432.833 224692
433.222 224691
433.681 224690
433.729 224688
433.746 224687
433.748 224686
433.831 224685
433.841 224684
434.55 224683
434.575 224678
434.661 224677
435.133 224676
435.159 224675
435.174 224673
435.604 224672
437.593 224669
437.613 224668
437.666 224667
437.687 224666
437.724 224665
437.799 224664
437.804 224663
437.937 224661
438.096 224660
438.099 224658
438.101 224657
438.16 224654
438.177 224653
438.499 224651
438.547 224648
438.602 224645
438.942 224644
440.034 224643
440.05 224640
441.772 224639
441.793 224637
451.604 224635
451.634 224634
451.761 224632
451.764 224631
451.772 224630
451.779 224628
451.805 224626
451.871 224625
451.948 224624
452.686 224623
454.392 224621
454.404 224619
454.406 224618
454.894 224616
454.897 224615
455.054 224613
455.071 224612
455.074 224611
455.084 224610
455.161 224609
455.386 224608
455.509 224607
455.929 224605
455.979 224602
456.089 224597
456.316 224596
456.422 224595
456.493 224594
456.543 224593
456.557 224590
459.797 224588
459.838 224587
460.032 224586
460.044 224584
460.859 224583
460.88 224582
460.911 224581
460.936 224579
461.193 224578
461.998 224577
462.023 224576
462.039 224575
462.042 224573
462.075 224572
462.082 224569
463.774 224567
464.15 224566
464.21 224564
464.43 224563
464.435 224562
464.533 224559
464.54 224558
464.763 224556
464.774 224555
465.053 224553
465.236 224552
465.95 224551
466.316 224549
466.334 224547
466.439 224545
466.634 224543
467.056 224542
467.079 224540
467.177 224539
467.185 224537
467.242 224536
467.243 224535
467.308 224531
468.789 224530
468.804 224529
468.864 224528
469.485 224527
469.619 224526
469.646 224525
469.692 224524
469.761 224523
469.88 224521
469.96 224520
469.972 224519
470.047 224518
470.059 224517
470.103 224516
470.118 224515
470.139 224514
470.384 224513
470.411 224511
470.523 224509
470.559 224508
470.711 224507
470.731 224503
473.456 224499
473.568 224498
473.635 224497
473.732 224496
473.748 224495
473.95 224493
473.96 224492
473.986 224489
474.037 224487
474.042 224486
478.424 224485
478.612 224484
478.636 224483
478.656 224482
478.795 224481
479.394 224480
480.384 224479
481.033 224478
481.073 224477
481.115 224475
481.51 224471
484.021 224470
485.671 224469
485.952 224468
486.29 224465
486.449 224464
486.95 224463
487.147 224461
487.182 224459
487.331 224458
487.387 224457
487.476 224456
488.252 224455
488.332 224454
489.737 224452
489.904 224451
489.999 224450
490.107 224449
490.348 224446
490.367 224444
490.418 224441
492.229 224440
492.279 224439
492.331 224438
493.024 224436
493.066 224435
493.078 224434
494.109 224433
494.157 224431
494.556 224429
494.616 224428
494.831 224426
494.863 224423
495.592 224422
495.856 224420
496.341 224419
496.629 224418
496.725 224417
496.777 224416
497.691 224415
497.788 224414
498.752 224413
499.058 224412
499.087 224411
499.745 224410
499.85 224409
499.889 224408
499.927 224407
499.964 224406
500.009 224403
500.029 224400
500.227 224398
500.657 224397
500.664 224396
500.717 224394
502.532 224393
503.542 224392
503.623 224391
503.719 224390
503.841 224389
503.845 224386
503.895 224385
503.954 224383
503.957 224382
503.965 224381
504.027 224379
504.185 224378
504.254 224377
519.811 224376
519.855 224374
522.239 224373
522.602 224372
525.059 224370
527.281 224369
530.372 224368
533.603 224367
533.78 224366
533.782 224365
533.881 224364
534.969 224362
536.062 224360
536.614 224359
536.662 224358
538.149 224355
538.262 224354
538.48 224353
539.368 224352
541.519 224351
541.528 224350
541.716 224349
541.868 224348
541.981 224347
542.388 224346
542.468 224345
542.749 224344
543.18 224343
543.189 224342
546.873 224340
546.911 224339
546.96 224338
547.782 224336
548.165 224335
548.169 224334
548.269 224333
549.172 224332
549.204 224331
549.847 224329
549.957 224328
550.464 224327
550.557 224326
550.903 224325
550.943 224324
551.02 224323
551.226 224322
551.611 224320
551.624 224319
551.635 224317
552.521 224316
552.66 224315
552.68 224314
552.699 224313
552.705 224312
552.89 224311
553.051 224309
553.42 224307
553.601 224306
553.838 224305
553.872 224304
553.989 224303
555.006 224302
555.884 224300
556.441 224299
559.011 224298
559.118 224297
559.71 224295
560.07 224294
561.314 224289
561.478 224288
561.635 224287
561.671 224285
562.819 224284
564.301 224282
565.079 224281
566.26 224280
566.326 224279
566.366 224278
566.461 224277
