9.724 249638
9.725 249621
9.727 249553
9.729 249545
9.731 249512
9.733 249468
9.734 249455
9.735 249410
9.736 249396
9.738 249376
9.739 249362
9.74 249324
9.741 249306
9.743 249277
9.744 249263
9.745 249243
9.746 249228
9.747 249227
9.749 249210
9.751 249204
9.752 249192
9.755 249152
9.759 249127
9.761 249112
9.762 249077
9.766 249073
9.767 249025
9.769 249010
9.77 248996
9.775 248968
9.776 248959
9.777 248932
9.779 248916
9.78 248797
9.782 248792
9.783 248791
9.784 248787
9.785 248757
9.787 248696
9.789 248689
9.79 248686
9.792 248594
9.793 248589
9.794 248587
9.796 248561
9.8 248555
9.804 248452
9.806 248422
9.808 248393
9.81 248392
9.812 248382
9.813 248331
9.814 248317
9.816 248221
9.817 248201
9.818 248199
9.82 248180
9.821 248126
9.823 248121
9.826 248116
9.828 248106
9.829 248102
9.831 248097
9.833 248088
9.834 248071
9.835 248059
9.837 248053
9.838 248051
9.839 248025
9.841 247963
9.842 247958
9.844 247825
9.847 247821
9.849 247808
9.85 247792
9.852 247726
9.853 247725
9.857 247721
9.858 247718
9.86 247702
9.861 247697
9.862 247675
9.864 247613
9.866 247607
9.867 247604
9.868 247599
9.87 247566
9.871 247562
9.875 247551
9.876 247541
9.877 247495
9.879 247454
9.885 247445
9.886 247395
9.887 247389
9.889 247388
9.89 247384
9.892 247365
9.894 247304
9.896 247299
9.897 247291
9.899 247284
9.9 247279
9.901 247228
9.903 247225
9.904 247221
9.907 247220
9.908 247201
9.911 247172
9.913 247168
9.914 247162
9.917 247153
9.919 247138
9.92 247135
9.922 247081
9.923 247043
9.925 247029
9.927 247023
9.928 247021
9.929 247009
9.93 246996
9.931 246976
9.934 246966
9.937 246965
9.94 246963
9.941 246950
9.942 246890
9.944 246888
9.945 246869
9.952 246868
9.955 246857
9.956 246850
9.958 246835
9.959 246832
9.96 246819
9.962 246814
9.971 246800
9.979 246798
9.981 246736
9.984 246731
9.985 246715
9.986 246714
9.989 246672
9.99 246645
9.993 246630
9.994 246629
9.995 246618
9.997 246585
9.999 246578
10 246575
10.001 246572
10.002 246571
10.005 246566
10.007 246561
10.008 246558
10.01 246529
10.012 246528
10.014 246527
10.015 246525
10.018 246523
10.02 246481
10.023 246475
10.025 246474
10.026 246431
10.028 246421
10.031 246412
10.033 246406
10.035 246399
10.038 246385
10.04 246383
10.041 246371
10.042 246370
10.044 246354
10.045 246353
10.046 246350
10.048 246319
10.049 246288
10.05 246224
10.052 246219
10.054 246197
10.055 246170
10.056 246169
10.058 246168
10.059 246147
10.06 246146
10.061 246143
10.063 246141
10.069 246140
10.072 246139
10.074 246136
10.076 246092
10.079 246085
10.08 246028
10.081 246008
10.083 245998
10.086 245960
10.088 245956
10.089 245944
10.09 245791
10.092 245779
10.095 245778
10.097 245774
10.098 245767
10.1 245707
10.102 245667
10.108 245659
10.111 245655
10.112 245650
10.113 245633
10.115 245618
10.116 245578
10.117 245570
10.118 245569
10.12 245565
10.127 245523
10.129 245509
10.13 245497
10.131 245491
10.134 245490
10.135 245489
10.138 245488
10.139 245486
10.14 245478
10.143 245471
10.145 245465
10.146 245460
10.147 245453
10.149 245443
10.151 245426
10.152 245423
10.154 245415
10.156 245392
10.157 245389
10.161 245388
10.162 245380
10.166 245334
10.17 245333
10.171 245317
10.174 245314
10.176 245298
10.178 245292
10.181 245291
10.182 245289
10.184 245285
10.185 245281
10.187 245280
10.189 245272
10.19 245270
10.196 245268
10.197 245266
10.199 245265
10.205 245263
10.206 245256
10.213 245255
10.215 245245
10.217 245243
10.218 245237
10.22 245217
10.223 245210
10.227 245208
10.229 245202
10.232 245197
10.234 245196
10.235 245194
10.237 245190
10.239 245188
10.241 245179
10.243 245172
10.244 245134
10.247 245071
10.25 245067
10.254 245064
10.257 245053
10.259 245025
10.261 245024
10.263 245019
10.264 245002
10.265 245000
10.267 244978
10.268 244975
10.27 244938
10.272 244895
10.275 244880
10.278 244865
10.281 244856
10.282 244844
10.283 244840
10.284 244837
10.287 244835
10.288 244831
10.289 244829
10.291 244827
10.293 244802
10.3 244798
10.304 244769
10.306 244764
10.311 244743
10.312 244735
10.315 244732
10.316 244722
10.319 244719
10.323 244717
10.324 244714
10.325 244700
10.327 244695
10.331 244692
10.332 244688
10.333 244679
10.335 244676
10.337 244672
10.339 244669
10.341 244663
10.345 244654
10.346 244653
10.347 244652
10.348 244637
10.35 244628
10.351 244615
10.353 244586
10.358 244580
10.361 244570
10.363 244562
10.365 244559
10.367 244555
10.374 244551
10.376 244531
10.378 244530
10.384 244512
10.385 244499
10.388 244480
10.389 244474
10.391 244472
10.394 244462
10.396 244455
10.397 244444
10.398 244430
10.4 244384
10.401 244380
10.403 244357
10.406 244332
10.408 244323
10.409 244320
10.41 244319
10.411 244273
10.415 244253
10.417 244244
10.423 244184
10.426 244178
10.429 244172
10.436 244171
10.437 244129
10.44 244126
10.445 244105
10.447 244096
10.449 244080
10.45 244046
10.456 244043
10.457 244038
10.463 244033
10.464 244008
10.465 243959
10.467 243957
10.469 243939
10.471 243925
10.503 243909
10.506 243890
10.509 243889
10.512 243884
10.517 243873
10.518 243864
10.519 243827
10.521 243826
10.522 243803
10.529 243792
10.531 243790
10.532 243788
10.537 243786
10.543 243785
10.544 243780
10.546 243772
10.558 243755
10.561 243754
10.563 243744
10.574 243737
10.576 243736
10.577 243735
10.578 243729
10.579 243726
10.587 243722
10.589 243716
10.594 243710
10.596 243699
10.598 243689
10.606 243625
10.608 243608
10.61 243604
10.611 243600
10.616 243599
10.621 243594
10.626 243592
10.627 243574
10.629 243563
10.634 243561
10.635 243525
10.637 243520
10.641 243519
10.642 243517
10.644 243513
10.645 243496
10.646 243490
10.647 243486
10.651 243485
10.652 243482
10.658 243479
10.66 243478
10.661 243473
10.662 243471
10.665 243469
10.666 243465
10.667 243460
10.669 243458
10.67 243457
10.671 243455
10.673 243454
10.676 243453
10.677 243451
10.679 243429
10.68 243428
10.682 243286
10.683 243280
10.686 243277
10.687 243275
10.689 243272
10.69 243269
10.692 243267
10.696 243261
10.699 243260
10.701 243258
10.702 243242
10.703 243220
10.705 243214
10.706 243208
10.707 243191
10.711 243190
10.725 243189
10.735 243186
10.794 243147
10.795 243143
10.797 243142
10.804 243054
10.805 243053
10.808 243049
10.81 243012
10.811 243005
10.814 242994
10.816 242981
10.817 242972
10.819 242959
10.821 242948
10.823 242947
10.826 242939
10.829 242936
10.84 242933
10.845 242928
10.853 242923
10.855 242919
10.859 242910
10.86 242908
10.862 242907
10.863 242905
10.864 242904
10.868 242903
10.869 242902
10.872 242893
10.895 242803
10.898 242802
10.906 242786
10.907 242769
10.91 242760
10.916 242757
10.926 242738
10.927 242721
10.928 242712
10.931 242711
10.942 242695
10.943 242693
10.945 242689
10.948 242685
10.949 242681
10.951 242680
10.954 242672
10.955 242670
10.96 242668
11.056 242665
11.057 242649
11.061 242644
11.062 242642
11.068 242638
11.071 242635
11.073 242632
11.084 242627
11.086 242618
11.087 242577
11.09 242556
11.115 242553
11.122 242552
11.131 242551
11.138 242548
11.141 242540
11.142 242534
11.147 242531
11.224 242525
11.23 242520
11.24 242516
11.245 242507
11.247 242506
11.256 242500
11.258 242497
11.259 242494
11.261 242493
11.263 242492
11.264 242486
11.266 242484
11.267 242474
11.27 242472
11.271 242462
11.273 242460
11.281 242457
11.282 242454
11.287 242441
11.293 242437
11.298 242432
11.299 242423
11.301 242406
11.302 242404
11.304 242380
11.306 242376
11.308 242369
11.329 242341
11.332 242281
11.337 242261
11.34 242257
11.344 242244
11.366 242239
11.368 242228
11.371 242213
11.372 242212
11.376 242210
11.381 242203
11.383 242200
11.39 242199
11.393 242150
11.396 242149
11.398 242141
11.401 242139
11.404 242125
11.446 242102
11.457 242095
11.459 242094
11.461 242085
11.463 242083
11.466 242076
11.467 242075
11.472 242068
11.475 242067
11.477 242057
11.48 242054
11.483 242048
11.628 242045
11.63 242034
11.645 242017
11.657 242014
11.659 242013
11.669 242010
11.67 242009
11.677 241965
11.678 241962
11.685 241960
11.688 241951
11.691 241944
11.702 241935
11.704 241910
11.707 241899
11.708 241866
11.711 241862
11.726 241837
11.727 241835
11.73 241820
11.731 241800
11.739 241785
11.741 241779
11.745 241776
11.762 241772
11.764 241771
11.765 241738
11.767 241732
11.77 241708
11.774 241706
11.775 241705
11.78 241704
11.782 241693
11.785 241667
11.786 241666
11.809 241660
11.827 241659
11.829 241646
11.834 241641
11.845 241639
11.869 241634
11.873 241628
11.875 241624
11.877 241621
11.88 241619
11.915 241618
11.925 241616
11.939 241613
11.954 241607
11.958 241598
11.993 241597
12.01 241584
12.012 241574
12.556 241567
12.603 241559
12.605 241535
12.607 241533
12.61 241531
12.614 241530
13.75 241517
13.775 241508
13.835 241470
13.837 241462
13.939 241459
13.941 241455
13.943 241388
13.945 241373
13.946 241372
13.948 241366
13.949 241363
13.966 241338
13.976 241331
13.998 241297
14.004 241296
14.046 241284
14.054 241278
14.735 241252
14.737 241231
14.738 241228
14.74 241226
14.741 241206
14.746 241204
14.747 241201
14.749 241189
14.762 241180
14.765 241171
14.769 241151
14.771 241148
14.774 241115
14.778 241113
14.784 241056
14.792 241052
14.795 241029
14.8 241013
14.804 241012
14.806 241008
14.809 241006
14.813 240980
14.819 240970
14.822 240956
14.826 240953
14.828 240945
14.831 240932
14.833 240915
14.835 240911
14.838 240910
14.84 240907
14.843 240901
14.865 240892
14.877 240885
14.881 240874
14.898 240873
14.9 240870
14.902 240864
14.908 240849
14.91 240836
14.943 240828
14.946 240821
15.223 240777
15.224 240767
15.226 240765
15.227 240764
15.23 240759
15.232 240757
15.235 240755
15.275 240745
15.279 240740
15.299 240739
15.302 240717
15.304 240716
15.306 240699
15.32 240683
15.321 240679
15.322 240666
15.351 240664
15.356 240652
15.359 240651
15.365 240639
15.408 240634
15.409 240629
15.413 240625
15.454 240622
15.479 240621
15.485 240615
15.496 240612
15.607 240599
15.609 240571
15.612 240566
15.614 240564
15.616 240549
15.619 240548
15.621 240546
15.622 240533
15.627 240532
15.629 240528
28.229 240522
28.234 240505
28.236 240489
28.259 240411
28.274 240407
28.279 240406
28.3 240397
28.302 240391
28.303 240389
28.305 240385
28.307 240369
28.31 240331
28.393 240307
28.399 240302
28.422 240299
28.424 240289
28.427 240269
28.429 240263
28.438 240255
28.442 240250
28.459 240245
28.461 240235
28.467 240230
28.469 240214
28.482 240211
28.485 240203
28.488 240193
28.492 240184
28.496 240176
28.503 240174
28.505 240152
28.508 240147
29.057 240144
29.063 240132
29.064 240121
29.075 240113
40.479 240109
40.488 240107
40.49 240077
40.51 240076
40.515 240071
40.517 240060
40.519 240051
40.522 240049
40.527 240048
40.961 240040
40.963 240034
40.965 240019
40.969 239977
40.973 239966
40.975 239959
40.977 239945
40.978 239944
40.987 239937
40.988 239931
41.035 239921
41.037 239919
41.039 239914
41.04 239911
41.042 239909
41.044 239905
41.048 239898
41.05 239894
41.057 239889
41.102 239887
43.459 239884
43.462 239878
43.463 239876
43.464 239863
43.469 239859
43.476 239842
43.477 239832
43.491 239825
43.641 239817
43.642 239793
43.648 239756
43.656 239749
43.679 239739
43.686 239738
43.687 239734
43.72 239714
43.725 239713
43.735 239699
43.738 239693
43.739 239688
43.741 239684
43.742 239674
43.745 239628
43.748 239625
43.752 239584
46.964 239552
46.967 239547
46.969 239534
46.971 239530
46.973 239513
46.974 239509
46.975 239507
46.987 239475
46.99 239471
46.999 239464
47.004 239459
47.005 239454
47.019 239448
47.025 239429
47.035 239418
47.036 239417
47.038 239412
47.044 239411
47.052 239399
47.059 239397
47.061 239396
47.064 239391
47.073 239387
47.13 239382
47.137 239364
47.14 239338
47.142 239332
47.16 239325
47.162 239324
47.185 239305
47.277 239303
47.286 239298
47.29 239289
47.292 239287
47.3 239285
47.59 239266
47.592 239257
47.594 239253
47.597 239230
47.598 239222
47.602 239221
47.613 239214
63.556 239206
63.567 239201
63.57 239197
63.573 239177
63.578 239167
63.579 239165
63.582 239163
63.59 239141
63.618 239140
63.623 239135
63.632 239122
63.637 239110
63.651 239108
64.849 239067
64.851 239044
64.88 239035
64.883 238989
64.906 238960
65.043 238954
65.138 238949
65.152 238947
65.155 238945
65.157 238944
65.165 238943
65.167 238941
65.173 238937
65.177 238932
65.178 238923
65.19 238918
65.194 238913
65.209 238891
65.241 238884
65.244 238868
65.246 238861
65.248 238851
65.253 238838
65.255 238835
65.257 238789
65.259 238762
65.26 238758
65.27 238742
65.273 238729
65.303 238705
65.304 238698
65.322 238696
67.604 238680
67.613 238674
67.62 238667
68.358 238659
68.823 238640
68.824 238635
68.879 238628
68.883 238615
68.888 238613
68.893 238600
68.895 238590
68.896 238588
68.918 238584
68.922 238547
68.928 238540
68.958 238538
68.959 238521
68.964 238517
68.983 238515
68.989 238495
69.156 238491
69.158 238490
69.161 238482
69.201 238478
69.205 238464
69.208 238439
69.216 238420
69.218 238380
69.255 238377
69.469 238369
69.557 238368
69.66 238364
69.662 238363
72.876 238347
72.88 238321
72.956 238315
72.958 238301
72.987 238274
72.992 238258
73.019 238248
73.021 238240
73.026 238239
73.028 238232
73.035 238201
73.059 238182
73.062 238178
73.063 238174
73.066 238170
73.105 238138
73.112 238119
73.117 238110
73.124 238083
73.126 238071
73.792 238069
73.807 238057
73.809 238043
73.81 238035
76.744 238026
76.746 238012
76.839 238010
76.84 237999
76.842 237997
76.846 237981
76.858 237978
76.865 237970
76.878 237969
76.974 237968
76.986 237938
77.008 237925
77.012 237919
77.014 237918
77.027 237917
77.032 237914
77.034 237889
77.039 237887
77.051 237838
77.067 237834
77.095 237822
77.096 237821
77.098 237820
77.102 237814
77.137 237808
77.139 237767
77.141 237744
77.206 237719
77.208 237718
77.209 237717
77.211 237685
77.268 237682
77.271 237667
77.273 237663
77.276 237632
77.277 237616
77.279 237614
77.281 237605
77.358 237593
77.359 237582
77.366 237542
77.369 237538
77.37 237532
77.376 237527
77.384 237512
77.393 237511
77.413 237498
79.026 237493
79.031 237428
79.046 237421
79.054 237402
79.064 237397
79.066 237366
79.079 237357
79.08 237340
79.085 237329
79.091 237328
79.095 237311
79.103 237284
79.121 237256
79.128 237254
79.137 237240
91.838 237239
91.841 237238
91.843 237236
91.908 237233
91.93 237232
92.099 237210
92.101 237191
92.103 237190
92.104 237187
92.142 237185
92.144 237175
92.158 237162
92.159 237136
92.174 237124
92.177 237101
92.179 237092
92.183 237082
92.235 237066
92.239 237062
92.243 237060
92.252 237056
92.253 237023
92.255 237003
92.256 236995
92.283 236986
92.285 236983
92.291 236972
92.296 236967
92.301 236964
92.303 236962
92.306 236939
92.309 236938
92.314 236920
92.417 236917
92.427 236916
92.429 236914
92.432 236897
92.45 236892
92.459 236883
92.461 236876
92.478 236869
92.479 236857
92.481 236803
92.484 236766
92.501 236751
92.51 236731
92.53 236717
92.536 236711
92.546 236705
92.547 236704
92.598 236702
92.601 236684
92.606 236676
92.617 236667
92.624 236666
92.694 236663
92.698 236623
92.699 236622
92.701 236619
92.707 236616
92.718 236614
92.72 236591
92.722 236586
92.727 236575
92.735 236562
92.761 236547
92.766 236532
92.872 236529
92.873 236528
92.899 236527
92.902 236526
94.214 236506
94.215 236497
94.352 236492
94.376 236484
94.382 236481
94.388 236467
94.391 236461
94.392 236456
94.397 236428
94.399 236426
94.402 236420
94.405 236414
94.414 236413
94.416 236388
94.419 236387
94.421 236385
98.082 236371
98.084 236365
98.098 236351
98.11 236348
98.114 236342
98.126 236337
98.135 236336
98.136 236326
98.138 236310
98.147 236309
98.153 236308
98.16 236287
98.165 236283
98.17 236261
102.22 236245
102.222 236237
102.246 236235
102.248 236228
102.252 236227
102.256 236210
102.257 236207
102.26 236204
102.271 236196
102.319 236193
102.322 236180
102.323 236179
102.325 236163
102.354 236156
102.359 236153
102.368 236148
102.369 236141
102.403 236136
102.404 236134
102.82 236132
102.824 236127
102.965 236118
102.977 236110
102.978 236109
102.986 236107
102.992 236105
103.063 236097
103.067 236073
103.069 236064
103.072 236058
103.183 236048
103.21 236033
103.211 236019
103.214 235980
103.216 235970
103.23 235967
105.037 235960
105.039 235956
105.042 235929
105.043 235927
105.047 235925
105.074 235917
105.077 235904
105.078 235895
105.081 235892
105.083 235887
105.085 235882
105.087 235878
105.089 235872
105.095 235870
105.11 235825
105.267 235819
105.425 235810
105.429 235803
105.436 235791
105.446 235777
105.448 235772
105.45 235744
105.458 235732
105.46 235716
105.463 235710
105.472 235669
105.474 235663
105.475 235625
105.485 235623
105.493 235620
105.494 235612
105.496 235605
105.497 235596
105.504 235590
105.51 235586
105.522 235555
105.524 235542
105.537 235538
105.555 235535
106.159 235514
106.161 235508
106.166 235505
106.167 235503
106.17 235498
106.174 235497
106.182 235476
106.188 235470
106.19 235453
106.192 235450
106.198 235445
106.2 235435
106.203 235431
106.208 235423
106.211 235398
106.223 235386
106.235 235381
106.276 235366
108.554 235365
121.022 235364
121.06 235296
121.066 235294
121.067 235288
121.075 235277
121.076 235276
123.37 235250
123.374 235243
123.375 235229
123.383 235227
123.391 235226
123.392 235203
123.395 235189
123.407 235184
123.408 235181
123.411 235172
123.445 235166
123.456 235158
123.457 235131
123.459 235127
123.461 235116
123.463 235107
123.467 235103
123.468 235101
123.471 235075
123.484 235067
123.486 235066
123.489 235041
123.492 235037
124.896 235029
124.899 235013
124.917 235012
124.919 235007
124.92 235006
124.969 235004
124.97 235001
124.976 234999
125.005 234976
125.027 234973
125.029 234971
125.054 234964
125.06 234963
125.084 234937
125.085 234935
125.087 234925
125.09 234921
125.094 234919
125.096 234917
126.771 234912
126.787 234911
126.795 234908
126.807 234891
126.809 234881
126.81 234879
126.834 234877
126.835 234872
126.953 234855
126.957 234851
126.96 234848
126.961 234833
126.963 234832
128.559 234828
128.561 234822
128.742 234802
128.776 234800
128.777 234797
128.779 234796
128.784 234794
128.785 234790
128.794 234788
128.796 234785
128.798 234781
128.805 234774
128.807 234767
128.831 234761
128.832 234759
128.853 234757
128.856 234748
128.859 234744
128.861 234740
128.946 234698
128.948 234696
128.955 234691
129.339 234683
129.342 234677
129.412 234623
129.415 234608
129.417 234606
129.418 234603
129.553 234588
129.555 234571
129.722 234567
129.725 234565
129.726 234551
129.737 234547
129.878 234534
129.879 234516
129.882 234513
129.903 234508
129.931 234501
129.934 234498
129.955 234487
129.962 234467
132.173 234464
132.175 234462
132.222 234447
132.454 234444
132.456 234441
132.56 234424
132.562 234421
132.565 234420
132.618 234404
132.649 234400
132.656 234398
132.866 234382
133.187 234381
133.188 234377
133.192 234376
133.195 234368
133.202 234357
133.207 234354
133.213 234350
133.228 234347
133.237 234341
133.239 234316
139.213 234303
143.745 234302
143.75 234293
143.753 234292
143.864 234258
143.866 234255
149.039 234249
149.042 234248
149.043 234246
149.098 234232
149.312 234189
149.314 234177
149.322 234175
149.325 234155
149.327 234148
149.329 234137
149.337 234134
149.341 234124
149.343 234122
149.345 234120
149.346 234118
149.35 234114
149.352 234102
149.387 234097
149.389 234092
149.39 234086
149.394 234085
149.398 234067
149.4 234033
149.407 234032
149.409 234028
149.411 234020
149.412 234016
149.518 234005
149.525 233998
149.528 233997
149.776 233994
149.777 233991
149.779 233970
149.781 233969
149.782 233967
150.184 233935
150.358 233922
150.379 233916
151.529 233913
151.531 233904
151.539 233891
151.564 233881
151.567 233875
151.572 233871
151.627 233862
151.632 233855
151.637 233849
151.64 233847
151.651 233842
151.653 233831
151.657 233827
151.724 233821
151.745 233813
151.746 233801
151.748 233796
151.751 233792
151.793 233790
151.795 233789
151.822 233776
151.826 233758
151.83 233751
151.868 233743
151.947 233737
151.966 233735
151.972 233717
151.974 233713
151.975 233707
152.25 233697
152.274 233685
152.281 233678
152.36 233675
156.98 233670
156.995 233657
157.012 233650
157.013 233649
157.019 233648
157.027 233627
157.028 233622
157.135 233609
157.146 233607
157.147 233592
157.149 233585
157.152 233584
157.154 233583
157.16 233577
157.183 233566
157.198 233562
157.202 233553
157.204 233545
157.208 233537
157.211 233529
157.244 233528
158.892 233523
158.894 233514
159.395 233505
159.397 233497
159.414 233475
159.455 233473
159.458 233471
159.467 233468
159.472 233466
159.492 233459
159.495 233448
159.543 233440
159.64 233430
159.65 233405
160.432 233397
160.438 233391
160.485 233379
162.472 233372
162.48 233371
162.481 233357
162.483 233354
162.488 233350
162.491 233349
162.493 233338
163.485 233323
165.611 233310
165.613 233307
165.627 233306
165.629 233305
165.631 233297
165.638 233293
165.642 233291
165.678 233289
165.686 233269
165.749 233262
165.751 233259
165.754 233248
165.755 233236
165.758 233235
165.774 233230
165.775 233222
165.776 233221
165.78 233208
165.791 233200
165.804 233177
165.814 233176
165.819 233171
165.834 233170
165.838 233164
165.839 233128
165.874 233121
165.875 233119
165.897 233109
165.899 233107
165.902 233098
165.908 233088
165.924 233085
165.932 233068
165.933 233066
165.935 233061
165.948 233054
165.954 233051
165.963 233049
165.966 233037
166.004 233033
166.005 233016
166.009 232981
166.01 232974
166.018 232971
166.02 232966
167.275 232961
167.286 232954
167.289 232949
167.295 232932
167.301 232930
167.318 232907
167.341 232896
167.344 232872
167.348 232863
167.351 232861
167.371 232859
167.373 232824
167.376 232810
167.379 232801
167.381 232757
167.385 232750
167.388 232749
168.989 232747
168.99 232745
169.514 232741
169.518 232737
169.521 232734
169.522 232733
169.532 232717
169.536 232712
169.548 232693
169.557 232690
169.639 232685
169.668 232681
169.769 232663
169.77 232655
169.781 232653
169.785 232634
169.789 232632
169.796 232629
169.8 232620
169.804 232613
169.909 232605
169.91 232601
170.027 232600
170.028 232596
170.03 232592
170.043 232590
170.048 232586
170.064 232584
170.07 232570
170.073 232547
170.077 232541
170.08 232537
170.207 232526
170.212 232522
170.306 232521
170.307 232519
170.31 232500
170.314 232497
170.326 232489
170.335 232481
170.339 232480
170.341 232478
170.345 232473
177.306 232472
177.312 232469
177.316 232461
178.352 232457
178.354 232452
178.355 232451
178.357 232447
178.428 232446
178.431 232441
178.436 232422
178.446 232421
178.456 232416
178.458 232410
178.464 232406
178.466 232395
178.468 232393
178.473 232387
178.506 232380
178.619 232372
178.627 232368
178.628 232357
178.63 232348
178.652 232344
178.695 232332
178.699 232331
178.741 232323
178.747 232316
178.762 232310
178.77 232290
178.775 232282
178.785 232263
178.827 232259
178.938 232255
178.942 232252
178.944 232251
178.95 232224
178.98 232223
178.982 232214
178.993 232207
179.086 232198
179.092 232181
179.167 232172
179.174 232160
179.177 232158
179.182 232157
179.186 232155
179.187 232152
179.191 232150
179.203 232144
179.204 232142
179.252 232133
179.429 232129
179.434 232122
179.435 232118
179.438 232114
179.475 232108
179.485 232105
179.486 232103
181.993 232102
181.996 232094
181.999 232092
182.017 232090
182.019 232089
182.021 232084
182.048 232041
182.06 232034
182.135 232023
182.156 232022
182.161 232019
182.164 232008
182.234 232002
182.521 231992
182.524 231988
182.526 231975
188.186 231971
190.357 231965
190.359 231948
190.372 231946
190.376 231924
190.379 231923
190.381 231919
190.483 231901
190.5 231893
190.501 231888
190.508 231869
190.51 231865
190.511 231852
190.514 231851
190.515 231850
191.076 231842
191.082 231836
191.095 231825
191.408 231814
191.409 231804
191.411 231794
191.414 231783
191.415 231779
191.424 231776
191.43 231764
191.442 231760
191.487 231755
191.538 231747
191.541 231746
191.563 231744
191.567 231741
191.644 231733
191.647 231716
191.651 231708
191.655 231705
191.673 231704
191.676 231700
191.678 231689
191.683 231686
191.691 231685
191.693 231684
191.714 231682
191.743 231667
191.744 231666
191.757 231665
191.758 231662
191.768 231647
191.774 231640
191.775 231639
191.78 231625
191.832 231619
191.834 231616
191.837 231612
191.839 231599
191.843 231597
191.844 231595
191.888 231577
191.899 231560
191.907 231550
191.912 231542
191.939 231539
191.943 231534
192.42 231530
192.427 231521
192.431 231518
192.433 231511
192.438 231497
192.443 231491
192.447 231489
192.453 231488
192.517 231486
192.519 231484
192.522 231483
192.523 231481
192.527 231446
192.53 231437
192.532 231435
192.564 231421
192.575 231413
192.576 231412
202.098 231399
202.1 231398
202.121 231391
202.125 231385
202.128 231375
202.141 231372
202.157 231367
202.159 231364
202.162 231353
202.165 231351
202.175 231344
202.292 231343
202.293 231342
202.644 231340
202.654 231335
202.699 231329
202.702 231322
202.704 231316
202.77 231314
202.791 231308
202.797 231303
202.817 231299
202.823 231298
202.827 231277
202.829 231276
205.687 231268
205.728 231257
205.731 231250
205.746 231249
205.749 231236
205.75 231230
205.754 231229
205.769 231224
205.771 231219
205.777 231213
205.778 231210
205.78 231196
205.785 231193
205.839 231185
205.859 231176
205.861 231175
205.89 231151
205.895 231146
205.925 231138
205.929 231116
205.94 231112
205.949 231110
205.951 231107
206.157 231092
206.169 231090
206.17 231087
206.172 231051
206.194 231034
206.195 231030
206.2 231026
206.232 231017
206.336 231000
206.362 230999
206.398 230993
208.108 230991
208.109 230988
208.11 230987
208.131 230985
208.134 230984
208.137 230982
208.139 230970
208.978 230964
208.986 230960
208.996 230959
209.016 230954
209.018 230943
209.022 230939
209.024 230937
209.026 230935
209.03 230927
209.032 230921
209.044 230911
209.086 230910
209.088 230889
209.095 230864
209.099 230857
209.101 230851
209.103 230846
209.119 230834
209.122 230822
209.168 230816
209.171 230815
209.428 230812
209.434 230811
209.441 230808
209.444 230806
209.448 230788
209.45 230787
209.453 230786
209.472 230784
209.479 230781
209.501 230780
209.507 230774
209.522 230764
209.523 230762
209.53 230760
209.531 230757
209.541 230755
209.662 230742
211.986 230728
212.589 230726
212.593 230717
213.622 230713
213.631 230709
213.638 230707
213.683 230699
213.685 230690
213.742 230687
213.763 230684
213.769 230661
213.776 230656
213.789 230645
213.791 230643
213.804 230639
213.812 230638
213.819 230632
213.823 230625
213.825 230617
213.83 230615
213.849 230608
213.851 230607
213.853 230602
213.98 230586
213.982 230571
214.305 230569
214.318 230556
214.324 230550
214.327 230545
214.334 230543
214.339 230541
214.374 230536
214.38 230530
214.429 230529
214.431 230524
214.435 230517
214.454 230511
214.458 230500
214.461 230499
214.462 230498
214.529 230496
214.532 230489
214.533 230479
214.535 230478
214.845 230477
214.869 230455
214.876 230451
214.88 230445
214.889 230442
214.89 230429
214.902 230428
214.907 230413
214.909 230411
214.914 230409
214.917 230408
214.919 230404
214.952 230370
216.433 230358
216.61 230345
216.628 230344
216.635 230340
216.648 230330
216.662 230328
216.792 230324
216.889 230312
216.9 230310
216.908 230309
216.91 230308
216.913 230300
217.157 230296
217.169 230294
217.172 230292
217.178 230290
217.18 230289
217.471 230283
217.488 230278
217.492 230276
217.495 230266
217.56 230265
217.563 230256
217.564 230255
217.569 230248
217.57 230242
217.655 230241
217.657 230239
217.66 230238
217.668 230214
217.67 230213
217.679 230211
217.711 230189
217.726 230182
217.727 230176
217.76 230175
217.77 230169
217.795 230164
218.171 230162
218.176 230157
218.186 230153
218.19 230146
218.204 230142
218.207 230134
218.208 230131
218.21 230129
218.242 230122
218.245 230121
218.251 230119
218.278 230116
218.283 230102
218.284 230092
218.291 230091
218.293 230090
218.305 230087
222.634 230076
222.766 230073
222.769 230072
222.797 230064
222.805 230063
222.808 230057
222.81 230056
222.874 230051
222.875 230046
222.889 230045
225.811 230042
225.821 230034
225.827 230030
225.829 230029
225.833 230022
225.839 230015
225.844 230013
225.861 230010
225.865 230007
225.969 230003
225.983 229996
226.009 229986
226.01 229983
226.151 229982
226.156 229981
226.166 229978
226.178 229973
226.226 229970
226.228 229968
226.23 229966
226.247 229960
226.251 229959
226.254 229956
226.266 229954
226.273 229952
226.283 229951
227.758 229950
227.78 229948
227.782 229947
227.784 229941
227.791 229936
227.796 229910
227.825 229909
227.86 229904
227.903 229903
227.906 229902
227.907 229900
227.921 229897
227.923 229891
228.479 229887
228.481 229884
228.486 229881
228.488 229878
228.49 229865
228.492 229864
228.53 229860
228.541 229857
228.542 229852
228.546 229849
228.559 229847
228.572 229845
228.576 229842
228.594 229841
228.614 229837
228.617 229819
228.625 229809
228.668 229805
228.673 229787
232.019 229773
232.025 229772
232.033 229766
232.043 229756
232.046 229753
232.105 229748
232.114 229741
232.118 229739
232.134 229737
232.154 229736
232.159 229735
232.161 229734
232.187 229732
234.018 229731
234.021 229729
234.024 229720
234.038 229677
234.044 229670
234.051 229666
234.509 229663
234.536 229660
234.635 229658
234.721 229654
234.726 229651
234.75 229641
234.751 229635
234.808 229634
234.826 229633
234.837 229632
234.841 229629
236.034 229628
236.066 229624
236.068 229619
236.13 229617
236.137 229616
236.168 229613
236.532 229606
236.551 229605
236.599 229603
236.606 229595
236.614 229587
236.618 229583
236.621 229578
236.623 229574
236.625 229560
236.63 229559
236.632 229557
236.634 229551
236.968 229550
236.97 229545
237.031 229544
237.04 229543
237.045 229539
237.082 229527
237.099 229525
237.112 229517
237.118 229514
237.127 229512
237.129 229506
237.169 229504
238.128 229501
238.14 229495
238.142 229494
238.148 229484
238.152 229478
238.167 229476
238.179 229454
238.181 229446
238.182 229444
238.202 229437
240.006 229407
240.008 229401
240.024 229396
240.037 229395
240.04 229391
241.601 229388
241.61 229383
241.611 229381
241.613 229374
247.599 229373
247.666 229372
247.779 229363
247.784 229355
247.867 229347
247.875 229344
247.89 229339
247.892 229329
247.895 229322
247.897 229321
247.898 229306
247.9 229301
247.903 229294
247.921 229290
247.948 229286
247.954 229276
247.996 229269
248.001 229267
248.006 229264
248.009 229262
248.011 229257
248.013 229255
248.026 229252
248.035 229251
248.039 229249
248.043 229247
248.045 229243
248.051 229242
248.054 229241
248.055 229238
248.076 229237
248.122 229233
248.127 229225
248.128 229214
248.132 229212
248.141 229210
248.163 229209
248.168 229206
248.178 229201
248.181 229178
248.185 229177
248.198 229173
248.297 229168
248.299 229149
248.323 229144
248.409 229136
248.411 229131
248.417 229127
248.429 229112
248.431 229104
248.433 229103
248.444 229096
248.446 229075
248.882 229069
248.893 229066
248.897 229064
248.898 229059
248.904 229058
248.91 229057
248.912 229056
248.932 229041
249.001 229040
249.003 229039
249.013 229029
249.147 229018
249.15 229017
249.166 229016
249.449 229014
249.456 229000
249.465 228996
249.466 228993
249.645 228990
249.653 228980
249.655 228978
249.673 228976
249.728 228973
249.73 228969
249.731 228963
250.04 228961
250.044 228958
250.083 228954
250.086 228953
250.107 228952
250.203 228946
250.207 228942
250.209 228939
250.21 228936
250.211 228928
250.216 228927
250.228 228926
250.23 228921
250.265 228915
250.267 228901
250.268 228898
250.354 228895
250.359 228893
250.366 228885
250.379 228883
250.398 228876
250.41 228875
250.414 228873
250.429 228872
250.432 228859
250.804 228858
250.805 228854
250.813 228852
250.821 228851
250.83 228842
250.833 228835
250.837 228830
250.857 228824
257.377 228818
257.555 228811
257.559 228809
257.603 228806
257.605 228799
257.611 228787
257.612 228775
257.627 228774
257.633 228770
257.671 228763
257.68 228761
257.682 228753
257.749 228749
257.758 228745
257.763 228740
257.779 228739
257.831 228738
257.835 228734
257.942 228728
257.945 228727
257.946 228720
258.932 228715
258.934 228711
258.951 228707
258.99 228700
258.994 228696
258.996 228693
258.999 228688
259.026 228685
259.048 228683
259.05 228675
259.051 228674
259.056 228672
259.07 228661
259.1 228654
259.16 228650
259.185 228649
259.192 228647
259.193 228646
259.196 228643
259.199 228642
259.863 228636
259.885 228623
259.891 228621
259.898 228602
259.903 228597
259.919 228588
259.94 228581
259.943 228576
259.948 228572
259.965 228565
259.968 228556
259.972 228548
260.11 228537
260.112 228530
260.116 228529
260.124 228522
260.126 228516
260.337 228510
260.339 228506
260.449 228503
260.452 228496
260.467 228495
260.478 228487
260.512 228475
260.514 228472
260.519 228470
260.528 228468
260.637 228466
260.646 228460
260.65 228458
260.702 228457
260.709 228449
260.836 228437
260.841 228435
260.867 228433
261.454 228428
261.458 228409
261.459 228387
261.468 228385
261.471 228380
261.476 228377
261.487 228373
261.492 228370
261.504 228365
261.656 228363
261.661 228358
261.662 228355
261.765 228351
261.767 228341
261.77 228334
261.785 228327
261.789 228323
261.792 228314
261.801 228310
261.803 228294
261.834 228293
261.849 228288
261.865 228281
261.946 228280
262.053 228278
262.056 228276
262.429 228275
262.611 228266
262.625 228265
263.463 228258
263.465 228250
263.522 228245
263.529 228244
263.566 228241
263.57 228239
263.575 228237
263.589 228227
263.958 228224
263.964 228221
264.008 228220
264.01 228219
264.011 228215
264.016 228213
264.019 228210
264.022 228208
264.024 228199
264.08 228194
273.23 228193
273.275 228187
273.28 228179
273.283 228178
273.29 228177
273.293 228176
273.296 228175
273.381 228174
273.414 228171
273.417 228160
273.423 228153
273.427 228144
273.452 228136
273.46 228134
273.53 228133
273.54 228132
273.546 228130
274.199 228129
274.202 228123
274.215 228119
274.217 228112
274.222 228111
274.223 228110
274.279 228103
274.28 228101
274.294 228099
274.338 228097
274.343 228090
274.35 228085
274.498 228071
274.5 228070
274.507 228068
274.51 228066
274.511 228063
274.514 228056
274.537 228055
274.59 228053
274.638 228050
274.642 228049
274.648 228047
274.65 228045
274.653 228044
275.537 228043
275.54 228042
275.551 228041
275.559 228037
275.565 228036
275.566 228035
275.894 228034
275.904 228026
275.905 228024
280.189 228019
280.193 228017
280.209 228009
280.23 228008
280.234 228001
280.419 227997
280.425 227994
280.44 227992
280.511 227987
280.54 227986
280.543 227983
280.57 227979
280.589 227978
280.592 227977
280.602 227975
280.621 227974
280.624 227972
280.669 227971
280.694 227968
280.696 227966
281.044 227962
281.113 227957
281.123 227952
281.126 227950
281.136 227948
281.146 227947
281.171 227941
281.382 227932
281.386 227931
281.435 227926
281.655 227921
281.656 227920
281.686 227918
281.807 227916
281.856 227910
281.861 227909
281.868 227908
281.917 227897
281.921 227894
282.098 227891
283.08 227889
284.003 227882
284.023 227877
284.028 227874
284.051 227871
284.099 227869
284.108 227868
284.111 227859
284.112 227852
285.276 227845
285.292 227842
285.293 227841
285.311 227831
285.313 227828
285.32 227825
285.369 227813
285.384 227812
285.386 227811
285.388 227810
285.419 227807
285.452 227804
285.47 227800
285.478 227796
285.48 227793
285.485 227791
285.487 227786
285.52 227776
285.523 227769
285.593 227764
285.618 227756
285.627 227755
285.678 227750
285.683 227748
285.687 227740
285.716 227735
285.814 227734
285.82 227729
285.83 227728
285.832 227725
285.905 227717
285.919 227716
285.926 227711
285.929 227707
285.936 227701
286.005 227696
286.016 227693
286.071 227689
286.078 227688
286.08 227686
286.085 227678
286.088 227677
286.119 227676
286.121 227674
286.122 227673
286.146 227671
286.155 227670
286.158 227669
286.176 227668
286.203 227667
286.207 227666
286.209 227664
286.218 227663
286.242 227661
289.636 227649
289.658 227648
289.678 227646
289.925 227645
289.927 227640
289.929 227638
289.933 227634
290.012 227632
290.021 227629
290.032 227627
290.047 227618
290.06 227616
290.064 227615
290.131 227608
290.142 227604
290.147 227603
290.156 227596
290.163 227594
290.193 227591
290.198 227587
290.203 227586
290.208 227583
290.214 227581
290.216 227580
290.219 227578
290.783 227577
290.79 227574
293.879 227564
293.892 227563
293.894 227562
293.898 227558
293.9 227553
293.902 227551
293.908 227548
293.912 227546
293.913 227536
293.924 227534
293.933 227533
293.966 227532
293.982 227530
294 227529
294.006 227525
294.043 227524
294.069 227522
294.098 227518
294.103 227513
294.109 227511
294.116 227509
294.117 227508
294.119 227506
294.13 227502
294.148 227494
294.156 227484
294.178 227472
294.179 227470
294.186 227464
294.194 227454
294.206 227451
294.209 227448
294.589 227447
294.615 227441
294.65 227440
294.67 227434
294.675 227431
294.683 227427
294.719 227426
294.829 227425
294.836 227423
295.058 227418
295.113 227413
295.117 227400
295.13 227399
295.807 227396
297.349 227393
297.358 227387
297.366 227380
297.396 227372
297.4 227369
297.401 227360
297.404 227353
297.416 227352
297.447 227350
297.449 227340
297.482 227326
297.49 227325
297.521 227320
297.523 227317
297.525 227309
297.657 227307
297.685 227303
297.707 227294
297.714 227286
297.913 227285
297.929 227279
297.941 227275
297.946 227269
297.949 227267
297.954 227264
297.969 227254
298.12 227242
298.122 227239
298.191 227235
298.197 227232
298.23 227230
298.233 227229
298.236 227225
298.285 227217
298.289 227211
298.29 227210
298.293 227207
298.295 227201
298.302 227200
298.313 227199
298.902 227195
298.903 227191
298.906 227189
298.941 227187
299.004 227185
299.014 227181
299.017 227175
299.019 227162
299.021 227160
299.023 227159
299.048 227158
299.055 227148
299.068 227147
299.087 227140
299.094 227138
299.329 227133
299.377 227131
299.425 227126
299.427 227121
304.985 227117
305.012 227116
305.056 227113
305.069 227111
305.071 227108
305.084 227107
305.091 227105
305.093 227104
305.162 227101
305.164 227090
305.176 227081
305.369 227065
305.382 227064
305.891 227058
305.893 227057
305.977 227056
306.637 227049
306.651 227045
306.653 227038
306.91 227032
306.913 227027
306.929 227019
306.96 227016
306.969 227014
306.978 227011
307.362 227010
307.389 227008
307.646 227002
307.775 227001
307.784 226991
307.796 226981
307.963 226979
308.071 226976
308.565 226974
308.567 226973
308.57 226972
308.588 226970
308.59 226966
308.595 226962
308.606 226961
308.642 226954
309.824 226950
309.826 226939
309.989 226938
309.996 226937
310.001 226925
310.007 226923
310.019 226922
310.026 226921
310.034 226917
310.734 226915
310.744 226913
310.752 226911
310.764 226908
310.765 226900
310.774 226898
310.824 226897
310.834 226894
310.967 226893
311 226891
311.004 226886
311.011 226882
311.35 226880
311.364 226872
311.369 226864
311.372 226857
311.375 226853
311.386 226852
312.469 226850
312.514 226849
312.516 226848
312.715 226845
312.74 226842
312.746 226838
312.75 226834
312.755 226832
312.763 226830
312.765 226829
313.396 226822
313.649 226815
313.687 226810
313.694 226809
314.075 226799
314.166 226791
314.232 226788
314.241 226779
314.312 226773
314.316 226772
314.317 226771
314.342 226770
314.344 226769
314.346 226766
314.359 226763
314.547 226756
314.572 226755
314.582 226752
314.587 226749
314.598 226748
314.614 226742
314.634 226739
314.636 226734
314.64 226732
314.645 226729
314.663 226726
314.683 226725
314.685 226723
314.69 226722
314.696 226721
314.756 226715
314.764 226709
314.854 226707
314.897 226704
314.903 226699
314.904 226698
314.906 226697
314.911 226696
316 226692
316.005 226689
316.02 226686
316.025 226682
316.028 226679
316.03 226675
316.032 226674
316.062 226672
316.113 226671
316.129 226667
316.139 226664
316.147 226660
316.274 226658
316.395 226651
316.414 226644
317.401 226643
317.411 226630
317.414 226628
317.458 226623
317.466 226618
317.487 226616
317.535 226614
317.589 226607
317.593 226601
317.602 226585
318.263 226571
318.264 226568
318.274 226565
318.308 226564
318.33 226560
318.346 226558
318.484 226554
318.525 226553
318.596 226551
318.601 226549
318.976 226544
318.995 226539
319.03 226536
319.056 226535
319.07 226529
319.149 226528
319.169 226525
319.185 226520
319.195 226519
319.217 226518
319.224 226514
319.239 226512
319.249 226511
319.252 226505
319.273 226496
319.28 226495
319.283 226494
319.308 226489
319.332 226488
319.366 226485
319.405 226483
319.427 226481
319.432 226473
319.434 226470
319.444 226468
319.46 226467
319.511 226465
319.516 226462
319.519 226461
319.553 226459
319.977 226457
319.981 226456
320.03 226450
320.045 226449
320.113 226448
320.243 226447
320.351 226446
320.36 226445
320.361 226444
320.42 226443
320.507 226441
320.513 226437
320.542 226431
320.549 226430
320.63 226420
320.643 226419
320.648 226417
320.65 226410
320.91 226409
320.926 226407
320.941 226405
320.957 226399
320.967 226395
321.007 226389
321.016 226387
321.068 226384
321.074 226382
321.075 226380
321.129 226378
321.134 226371
321.141 226370
321.154 226369
321.176 226368
321.197 226362
321.222 226358
321.233 226357
322.09 226356
322.177 226355
322.219 226353
322.227 226349
322.233 226348
322.242 226347
322.247 226346
322.265 226339
322.267 226338
322.28 226336
322.282 226331
322.334 226330
322.336 226326
322.347 226324
322.36 226323
322.391 226315
322.394 226314
322.398 226313
325.6 226312
325.605 226309
325.927 226305
325.933 226303
325.95 226302
330.264 226299
330.275 226296
330.276 226290
330.318 226288
330.439 226287
330.442 226279
330.443 226274
330.459 226272
331.075 226262
331.084 226260
331.098 226254
331.128 226253
331.139 226252
331.159 226251
331.161 226248
331.165 226247
331.168 226244
331.174 226242
331.707 226239
331.725 226236
331.781 226235
331.792 226234
332.042 226233
332.046 226232
332.103 226231
332.132 226230
332.147 226227
332.176 226225
332.179 226224
332.18 226223
332.182 226222
332.27 226208
332.287 226207
332.325 226204
332.568 226201
332.662 226194
332.728 226191
332.733 226187
332.734 226183
332.736 226182
332.862 226172
333.467 226164
334.831 226158
334.852 226156
334.856 226150
334.868 226145
334.891 226143
334.923 226140
334.927 226138
334.938 226136
334.95 226135
335.009 226134
338.274 226131
338.28 226130
338.294 226115
338.299 226110
338.301 226104
338.305 226099
338.309 226098
338.324 226096
338.35 226086
338.377 226085
338.379 226082
338.755 226079
338.757 226075
338.769 226073
338.772 226067
338.776 226066
338.84 226064
338.894 226062
338.897 226061
338.912 226060
338.916 226057
339.022 226049
339.026 226038
339.084 226036
339.192 226033
339.197 226031
341.488 226023
341.52 226020
341.521 226019
341.525 226015
341.53 226014
341.544 226011
341.554 226010
341.557 226006
341.671 226001
341.673 225993
341.687 225988
341.868 225987
341.881 225986
341.903 225981
341.936 225978
342.009 225977
345.205 225976
345.214 225974
345.215 225973
345.328 225970
345.33 225969
345.37 225968
345.447 225962
345.463 225961
345.477 225960
348.239 225957
348.245 225952
348.263 225951
348.275 225950
348.286 225948
354.89 225942
354.911 225938
355.034 225936
355.041 225931
355.074 225930
355.209 225929
355.372 225924
355.455 225920
355.539 225919
355.571 225915
355.595 225912
359.667 225908
359.753 225904
359.754 225897
359.837 225891
359.843 225885
359.846 225875
359.859 225870
359.862 225869
359.884 225868
359.918 225866
359.933 225865
359.939 225863
361.052 225856
361.061 225855
361.072 225851
361.221 225850
361.222 225843
361.223 225842
361.227 225841
361.232 225839
361.248 225837
361.25 225833
361.252 225832
361.347 225831
361.415 225828
361.441 225826
361.444 225825
361.453 225824
361.58 225822
361.628 225819
361.631 225817
361.637 225815
361.656 225809
361.677 225800
361.789 225797
361.8 225795
362.102 225793
362.127 225792
362.145 225788
362.158 225786
362.208 225785
362.222 225782
362.227 225779
362.245 225778
364.79 225776
364.874 225773
364.949 225772
364.997 225769
365.342 225768
365.403 225767
365.434 225764
365.535 225763
365.555 225761
365.713 225760
365.727 225759
365.729 225757
365.731 225754
365.735 225749
366.051 225748
366.17 225747
366.178 225746
366.188 225743
366.189 225741
366.22 225739
366.224 225738
366.23 225735
368.347 225732
368.367 225728
368.37 225724
368.516 225719
368.655 225714
368.659 225713
369.272 225711
369.339 225708
369.355 225705
371.929 225704
371.952 225702
371.956 225701
371.98 225696
372.004 225694
372.006 225693
372.021 225685
372.032 225684
372.034 225683
372.044 225680
372.541 225679
372.553 225676
372.566 225675
372.645 225669
372.696 225667
372.724 225666
372.739 225662
373.101 225661
373.112 225659
374.188 225654
374.195 225651
374.207 225650
374.22 225647
374.243 225646
374.27 225641
374.278 225640
375.412 225638
379.838 225637
379.874 225636
379.966 225635
380.033 225633
380.035 225627
380.399 225626
380.763 225620
380.768 225614
380.772 225612
380.872 225611
380.884 225604
380.886 225602
380.913 225600
381.035 225598
381.037 225595
381.08 225593
381.096 225589
381.099 225586
381.11 225585
381.127 225584
381.526 225583
381.548 225580
381.572 225578
382.101 225576
382.118 225572
382.703 225570
382.714 225567
382.747 225566
382.769 225564
383.061 225563
383.722 225562
383.743 225560
383.777 225558
383.792 225556
383.826 225553
383.88 225551
383.883 225550
383.893 225549
383.899 225548
383.946 225542
384.202 225541
384.223 225539
384.23 225538
384.291 225536
384.294 225533
384.301 225532
384.322 225531
384.332 225530
384.685 225528
384.736 225525
384.748 225519
384.845 225518
384.852 225515
384.855 225511
384.961 225507
384.965 225502
384.994 225500
385.211 225498
385.219 225497
385.245 225496
385.25 225494
385.254 225493
385.259 225491
385.769 225490
385.814 225489
385.859 225487
386.577 225485
387.747 225484
387.761 225483
387.769 225481
387.772 225480
387.826 225477
387.847 225475
387.848 225474
387.982 225473
388.018 225472
388.08 225470
388.088 225469
388.141 225468
388.153 225467
390.005 225463
390.047 225462
390.052 225460
390.061 225458
390.093 225457
390.104 225455
390.247 225451
390.252 225449
390.255 225448
390.264 225446
390.267 225443
390.37 225437
390.395 225436
390.402 225433
390.404 225431
390.416 225430
391.301 225429
391.313 225428
391.37 225412
391.387 225411
391.409 225410
391.457 225409
391.491 225406
391.544 225402
391.605 225398
391.662 225395
391.669 225391
391.674 225384
391.693 225383
392.137 225381
392.142 225380
392.223 225379
392.249 225377
392.259 225369
392.352 225368
392.356 225365
392.499 225360
392.509 225356
392.514 225355
392.602 225354
392.623 225352
392.717 225349
392.778 225347
392.971 225345
392.979 225344
392.982 225343
392.991 225341
396.852 225335
396.856 225331
396.876 225328
396.916 225326
398.764 225325
398.79 225323
398.809 225318
398.829 225314
398.831 225313
398.972 225312
399.067 225311
399.098 225308
399.227 225307
399.23 225303
399.237 225302
399.251 225301
399.255 225299
399.297 225297
399.342 225296
399.371 225289
399.372 225288
399.382 225283
399.385 225281
399.402 225280
399.415 225278
399.421 225277
399.429 225276
399.532 225275
399.603 225269
399.609 225268
399.686 225266
399.771 225265
399.786 225264
399.811 225257
399.814 225255
400.058 225254
400.111 225249
400.119 225247
400.123 225243
400.152 225242
407.983 225241
408.062 225239
408.084 225238
408.12 225237
408.123 225236
408.132 225235
408.143 225229
408.177 225227
408.191 225225
408.635 225215
408.642 225214
408.845 225209
409.074 225207
409.083 225202
409.087 225201
409.097 225198
409.102 225197
409.113 225196
409.193 225195
409.223 225193
409.225 225191
409.229 225190
409.241 225189
409.259 225188
409.377 225187
409.907 225186
409.926 225185
409.933 225183
409.962 225180
410 225179
410.021 225178
410.053 225176
410.062 225175
410.067 225174
410.116 225173
410.167 225170
410.18 225169
410.919 225167
410.921 225166
411.124 225165
411.196 225163
411.208 225161
411.302 225158
411.307 225157
411.316 225155
411.374 225149
413.48 225147
413.509 225145
413.513 225144
413.522 225143
413.568 225142
413.587 225139
413.703 225137
413.71 225133
414.216 225132
414.317 225131
414.508 225130
414.537 225129
414.543 225127
414.577 225125
414.579 225122
414.619 225121
414.623 225120
414.656 225119
414.721 225111
416.567 225107
416.609 225105
416.803 225102
416.808 225100
416.837 225098
416.855 225097
416.919 225092
417.37 225091
417.411 225090
417.435 225089
417.512 225087
417.515 225086
417.626 225085
417.8 225082
417.845 225081
420.034 225080
420.044 225077
423.431 225075
423.453 225067
423.531 225065
423.928 225063
423.952 225062
423.961 225058
424.029 225057
424.045 225056
424.085 225051
424.101 225047
426.468 225044
426.506 225043
426.507 225040
426.511 225039
426.527 225038
426.618 225036
426.623 225034
426.655 225033
426.666 225032
426.874 225031
426.922 225029
427.434 225027
427.458 225026
427.46 225021
427.532 225020
428.013 225015
428.109 225014
428.116 225011
428.183 225010
428.234 225008
428.312 225007
428.345 225006
428.357 225002
428.398 225001
428.403 224999
428.516 224998
428.792 224997
429.106 224994
429.117 224993
429.186 224990
429.225 224989
433.193 224985
433.233 224983
433.37 224982
433.41 224981
434.365 224979
434.373 224978
435.162 224977
435.19 224976
435.192 224974
435.511 224973
436.088 224972
436.091 224967
436.11 224965
436.124 224963
436.131 224961
438.063 224960
438.074 224959
438.108 224958
438.111 224957
438.703 224956
439.846 224955
439.865 224954
440.481 224952
440.592 224949
440.596 224947
440.608 224943
440.618 224941
440.91 224939
441.055 224938
441.105 224937
441.155 224936
441.19 224935
441.613 224930
441.654 224929
441.714 224926
445.084 224923
445.091 224922
445.101 224921
445.106 224920
446.001 224916
446.27 224915
446.29 224914
446.618 224912
446.791 224911
446.824 224910
446.861 224908
446.874 224907
446.883 224904
446.916 224903
446.989 224901
447.003 224899
447.2 224898
447.245 224897
447.405 224890
447.412 224889
449.937 224888
450.012 224887
450.039 224886
450.047 224885
452.529 224884
452.942 224883
452.984 224880
452.992 224879
453.272 224877
453.348 224874
453.356 224873
453.391 224870
453.4 224869
453.492 224867
453.526 224866
453.584 224863
453.601 224856
455.046 224855
457.54 224854
457.588 224853
457.735 224851
457.737 224850
458.218 224849
458.324 224847
458.883 224846
458.963 224845
459.035 224844
459.146 224843
459.155 224841
459.236 224840
459.257 224839
461.624 224838
461.689 224835
462.042 224833
462.067 224832
462.092 224831
462.245 224830
462.485 224829
462.685 224828
463.01 224826
463.6 224825
463.644 224824
463.827 224823
463.848 224821
464.026 224819
464.057 224818
464.066 224817
464.828 224814
464.899 224813
466.537 224812
467.076 224811
467.181 224809
467.219 224808
467.285 224807
467.566 224806
467.585 224805
468.581 224803
468.677 224799
468.783 224797
469.145 224796
469.175 224794
469.233 224793
469.26 224792
470.329 224790
470.349 224789
470.434 224787
471.469 224786
471.486 224785
471.509 224784
471.569 224783
471.708 224782
472.029 224780
472.052 224779
473.219 224778
473.225 224777
473.287 224776
473.374 224775
474.061 224774
474.231 224772
474.246 224770
476.613 224769
476.753 224768
476.786 224765
477.104 224763
477.108 224762
477.653 224761
477.813 224760
477.978 224759
478.001 224757
478.248 224753
478.292 224752
478.441 224751
478.479 224749
478.512 224748
488.376 224747
488.379 224742
488.405 224741
488.517 224740
488.535 224739
489.08 224738
489.299 224737
489.326 224736
489.426 224735
489.475 224734
489.635 224733
489.66 224732
489.67 224730
489.687 224729
489.777 224728
489.806 224727
489.886 224726
489.984 224725
490.032 224724
490.182 224723
490.268 224721
493.262 224720
493.307 224719
493.803 224718
493.824 224717
494.153 224715
494.3 224714
494.408 224713
494.421 224712
494.517 224711
494.518 224710
494.643 224709
495.205 224708
495.384 224707
495.571 224706
495.591 224703
496.246 224702
496.6 224699
496.658 224698
496.824 224697
497.144 224696
497.694 224691
497.794 224690
497.81 224689
499.751 224688
499.853 224687
499.923 224685
501.726 224683
501.768 224682
501.827 224681
501.87 224680
501.887 224677
502.35 224675
502.41 224674
502.825 224671
502.901 224668
503.192 224667
503.418 224665
503.713 224664
503.818 224663
503.867 224662
503.995 224661
504.323 224660
504.412 224659
504.537 224658
504.688 224657
504.719 224655
504.751 224654
504.796 224653
508.664 224651
508.683 224650
508.807 224649
508.893 224648
509.517 224640
510.053 224635
510.162 224634
510.204 224632
510.419 224630
510.879 224627
511.136 224626
511.17 224625
511.94 224623
511.982 224621
512.021 224620
512.064 224616
512.098 224615
512.552 224614
512.582 224613
512.599 224612
512.909 224611
513.886 224610
513.896 224609
527.142 224605
527.181 224604
527.34 224601
531.709 224599
531.901 224598
531.969 224597
532.003 224595
532.195 224593
532.206 224592
532.726 224591
532.81 224589
532.833 224588
533.138 224587
533.154 224586
533.372 224585
533.403 224584
533.485 224583
533.704 224582
533.738 224581
533.75 224580
533.768 224579
534.661 224578
535.559 224577
535.595 224576
535.702 224575
535.738 224574
536.008 224573
536.195 224572
536.202 224570
536.784 224569
537.437 224568
538.073 224567
538.845 224565
538.903 224564
539.441 224560
540.208 224559
540.64 224558
540.842 224557
541.487 224555
541.816 224554
541.844 224553
541.859 224552
542.727 224551
545.22 224549
546.13 224547
546.318 224545
546.383 224544
546.751 224543
547.434 224542
548.549 224541
548.742 224540
549.178 224539
549.278 224538
549.803 224536
550.059 224535
550.237 224534
550.919 224533
551.303 224532
551.571 224530
553.378 224529
554.031 224525
554.56 224524
555.987 224523
556.018 224522
556.694 224521
557.554 224517
558.681 224516
558.772 224515
558.969 224514
561.366 224513
561.449 224512
561.686 224511
561.921 224510
562.622 224509
563.756 224508
563.766 224507
564.205 224506
565.07 224504
565.405 224502
567.268 224501
