4.334 185193
4.335 185186
4.342 184945
4.343 184935
4.344 184820
4.347 184814
4.348 184807
4.35 184776
4.351 184762
4.353 184755
4.354 184754
4.356 184739
4.358 184737
4.359 184726
4.361 184698
4.362 184693
4.363 184689
4.365 184685
4.367 184674
4.369 184670
4.371 184656
4.373 184642
4.374 184640
4.376 184627
4.383 184619
4.384 184618
4.386 184612
4.389 184575
4.391 184503
4.392 184389
4.394 184371
4.395 184367
4.397 184353
4.398 184133
4.401 184099
4.403 184097
4.405 184088
4.406 184028
4.408 183952
4.41 183948
4.411 183932
4.412 183908
4.415 183830
4.416 183824
4.418 183817
4.419 183759
4.421 183755
4.422 183744
4.424 183730
4.426 183699
4.428 183671
4.43 183658
4.432 183600
4.434 183583
4.436 183538
4.438 183496
4.439 183451
4.441 183442
4.446 183431
4.447 183426
4.449 183405
4.45 183402
4.452 183398
4.454 183362
4.456 183282
4.458 183264
4.461 183119
4.462 183114
4.465 183096
4.467 183093
4.469 183088
4.47 183085
4.473 182974
4.475 182951
4.48 182943
4.482 182924
4.483 182916
4.486 182875
4.488 182868
4.489 182849
4.49 182847
4.492 182839
4.494 182829
4.496 182811
4.497 182805
4.5 182799
4.505 182796
4.507 182778
4.509 182772
4.512 182753
4.513 182747
4.515 182737
4.517 182733
4.519 182728
4.52 182727
4.525 182670
4.526 182607
4.527 182591
4.529 182581
4.531 182579
4.532 182555
4.534 182535
4.535 182516
4.537 182509
4.538 182506
4.54 182504
4.542 182502
4.543 182481
4.546 182445
4.548 182435
4.552 182430
4.554 182345
4.555 182326
4.557 182316
4.559 182298
4.562 182297
4.563 182287
4.565 182274
4.568 182273
4.573 182257
4.575 182184
4.576 182163
4.58 182060
4.582 182058
4.584 182046
4.585 182003
4.588 182001
4.59 181998
4.591 181984
4.593 181970
4.597 181951
4.599 181946
4.6 181940
4.602 181920
4.606 181916
4.607 181902
4.609 181887
4.612 181885
4.62 181883
4.627 181877
4.628 181864
4.63 181857
4.635 181848
4.636 181839
4.641 181835
4.646 181825
4.651 181813
4.655 181800
4.658 181792
4.66 181789
4.662 181777
4.664 181752
4.665 181747
4.668 181734
4.669 181720
4.67 181717
4.673 181711
4.675 181691
4.677 181662
4.681 181651
4.682 181649
4.684 181640
4.686 181633
4.688 181626
4.691 181615
4.693 181600
4.694 181571
4.696 181568
4.697 181567
4.699 181397
4.702 181392
4.706 181385
4.707 181382
4.712 181362
4.714 181353
4.718 181350
4.723 181164
4.724 181154
4.725 181152
4.741 181087
4.744 181086
4.748 181066
4.751 181008
4.757 181002
4.758 181001
4.761 180931
4.764 180917
4.765 180898
4.768 180882
4.769 180881
4.771 180868
4.772 180864
4.776 180860
4.778 180855
4.783 180840
4.787 180811
4.788 180803
4.791 180796
4.794 180791
4.798 180786
4.804 180785
4.806 180764
4.808 180756
4.811 180739
4.814 180705
4.819 180690
4.823 180686
4.825 180682
4.827 180675
4.828 180673
4.829 180665
4.832 180656
4.833 180653
4.834 180651
4.837 180633
4.84 180626
4.842 180614
4.844 180610
4.845 180601
4.847 180596
4.851 180595
4.852 180593
4.855 180590
4.866 180589
4.869 180550
4.873 180549
4.875 180540
4.878 180537
4.88 180535
4.884 180528
4.886 180526
4.892 180520
4.893 180515
4.894 180513
4.896 180509
4.897 180504
4.898 180497
4.9 180494
4.904 180457
4.908 180456
4.918 180454
4.922 180447
4.924 180403
4.926 180400
4.927 180394
4.932 180385
4.934 180381
4.936 180372
4.94 180371
4.941 180370
4.944 180368
4.946 180359
4.959 180329
4.96 180323
4.963 180318
4.967 180315
4.969 180313
4.97 180303
4.972 180302
4.977 180284
4.978 180279
4.981 180262
4.99 180261
4.992 180259
4.993 180246
4.998 180245
5 180190
5.006 180184
5.01 180182
5.011 180181
5.013 180178
5.014 180175
5.023 180158
5.025 180157
5.027 180130
5.037 180104
5.039 180102
5.045 180077
5.054 180064
5.056 180055
5.064 180018
5.066 180017
5.067 180013
5.069 180010
5.073 180009
5.076 179999
5.08 179993
5.082 179990
5.084 179988
5.086 179980
5.088 179962
5.091 179907
5.093 179900
5.097 179899
5.117 179883
5.12 179874
5.124 179873
5.126 179869
5.134 179859
5.136 179857
5.139 179847
5.146 179844
5.149 179822
5.151 179818
5.152 179808
5.154 179789
5.156 179786
5.162 179781
5.165 179774
5.363 179768
5.364 179765
5.367 179763
5.37 179762
5.371 179752
5.373 179750
5.376 179745
5.389 179728
5.43 179727
5.444 179724
5.446 179723
5.447 179722
5.449 179715
5.481 179712
5.491 179710
5.495 179702
5.501 179681
5.507 179679
5.508 179667
5.522 179636
5.531 179634
5.536 179562
5.538 179549
5.543 179537
5.546 179520
5.548 179493
5.552 179472
5.595 179467
5.599 179465
5.607 179464
5.61 179453
5.613 179449
5.62 179448
5.623 179442
5.627 179391
5.629 179389
5.641 179385
5.647 179371
5.652 179368
5.653 179360
5.659 179359
5.66 179352
5.668 179347
5.684 179340
5.686 179338
5.688 179337
5.727 179316
5.732 179307
5.894 179291
5.895 179288
5.896 179287
5.989 179246
5.992 179245
5.993 179241
5.995 179238
5.996 179225
5.999 179219
6.002 179213
6.029 179184
6.03 179167
6.032 179165
6.033 179164
6.06 179160
6.078 179133
6.084 179130
6.085 179123
6.091 179111
6.092 179083
6.096 179082
6.224 179077
6.23 179076
6.233 179050
6.409 178954
6.421 178952
6.465 178935
6.555 178932
6.558 178930
6.559 178905
6.574 178900
6.58 178895
6.598 178886
6.627 178885
6.631 178880
6.634 178864
6.637 178861
6.65 178828
6.652 178825
6.891 178817
6.893 178800
6.894 178782
6.896 178768
6.897 178748
6.903 178734
7.008 178641
7.012 178635
7.017 178613
7.022 178608
7.023 178606
7.024 178604
7.034 178597
7.037 178591
7.049 178586
7.056 178550
7.155 178546
7.158 178544
7.162 178541
7.164 178540
7.177 178539
8.114 178517
8.118 178507
8.127 178506
8.131 178493
8.614 178483
8.616 178481
8.676 178476
8.679 178471
8.681 178467
8.689 178457
8.712 178437
8.72 178400
8.722 178399
8.729 178393
8.733 178388
8.741 178387
8.773 178384
8.778 178372
8.795 178370
8.801 178369
8.837 178361
8.841 178352
8.842 178350
8.845 178341
8.864 178329
8.897 178327
8.903 178316
8.91 178299
8.911 178290
8.914 178277
8.918 178275
8.922 178259
8.923 178258
9.392 178249
9.394 178223
9.396 178222
9.397 178216
9.398 178213
9.4 178212
9.424 178184
9.431 178176
9.434 178174
9.46 178173
9.462 178169
9.518 178167
9.521 178157
9.522 178156
9.531 178106
9.533 178105
9.549 178100
9.551 178085
9.553 178078
9.555 178052
9.583 178047
9.585 178044
9.587 178043
9.588 178042
9.595 178040
9.596 178015
9.598 178009
11.63 178008
11.643 177997
11.653 177991
11.684 177980
11.686 177977
11.698 177976
11.7 177954
11.704 177938
11.706 177884
11.707 177879
11.71 177863
11.712 177851
11.727 177837
11.731 177830
11.738 177829
11.76 177823
11.762 177822
11.766 177815
11.768 177811
11.769 177796
11.772 177795
11.773 177793
11.775 177779
11.777 177773
11.778 177772
11.787 177767
11.792 177737
11.794 177730
11.852 177728
22.927 177725
22.929 177721
22.93 177704
22.933 177686
25.291 177670
25.292 177661
25.295 177639
25.297 177622
25.299 177590
25.301 177583
25.316 177569
25.317 177564
25.319 177558
25.32 177550
25.322 177543
25.335 177530
25.34 177527
25.349 177519
25.353 177516
25.361 177499
25.368 177497
25.369 177491
25.372 177484
25.374 177482
25.383 177479
25.385 177476
25.39 177474
25.391 177463
25.4 177451
25.404 177449
25.406 177442
25.412 177441
25.418 177430
25.431 177425
25.453 177422
25.455 177399
25.458 177392
25.46 177381
25.464 177366
25.708 177365
25.709 177364
25.711 177352
25.714 177351
25.716 177348
25.718 177340
25.719 177291
25.722 177289
25.724 177283
25.729 177282
25.732 177276
28.094 177268
28.096 177260
28.1 177255
28.11 177240
28.111 177239
28.49 177232
28.495 177214
28.501 177213
28.588 177192
28.591 177181
28.593 177117
28.596 177095
28.6 177079
29.573 177074
29.713 177071
29.719 177064
29.722 177039
29.727 177017
29.824 177012
29.826 177007
29.828 176987
29.832 176973
29.957 176916
29.958 176907
29.96 176894
29.966 176881
29.967 176864
30.014 176863
30.015 176853
30.018 176829
30.02 176828
30.022 176822
30.03 176818
30.034 176789
30.037 176779
30.038 176771
30.04 176770
30.043 176728
30.046 176724
30.701 176711
30.713 176703
30.722 176694
30.726 176691
30.728 176665
30.729 176662
30.732 176655
30.877 176633
30.879 176596
30.895 176587
30.897 176581
30.955 176575
30.96 176573
30.962 176566
30.965 176555
30.966 176548
30.968 176522
30.97 176518
30.971 176506
30.999 176491
31.001 176489
31.003 176487
31.01 176485
31.016 176483
31.019 176479
31.022 176467
31.025 176455
31.151 176454
31.155 176451
31.156 176450
31.16 176437
31.195 176406
31.197 176365
31.201 176357
31.214 176353
31.288 176346
31.291 176344
31.295 176343
31.307 176339
31.311 176335
31.319 176328
31.353 176327
31.354 176326
31.356 176310
31.361 176309
31.37 176305
31.375 176285
31.396 176271
31.532 176251
31.539 176241
31.541 176227
31.549 176220
45.659 176219
45.661 176198
45.887 176190
45.889 176178
45.895 176163
45.897 176155
45.902 176127
45.906 176125
45.909 176119
45.911 176112
45.946 176110
45.948 176096
45.956 176089
45.96 176064
45.961 176052
45.963 176046
45.967 176045
45.968 176043
45.99 176021
46.054 175987
46.059 175962
46.066 175959
46.067 175956
46.091 175935
46.103 175933
46.104 175924
46.107 175874
46.112 175866
46.121 175857
55.854 175854
55.868 175821
55.876 175777
55.881 175774
55.897 175761
55.995 175755
56.005 175747
56.007 175736
56.01 175730
56.013 175722
56.015 175678
56.016 175671
56.026 175668
56.029 175667
56.032 175658
56.033 175646
56.037 175633
56.081 175623
56.087 175615
56.096 175590
56.097 175567
56.1 175548
56.106 175544
56.111 175542
56.113 175529
56.114 175500
56.148 175471
56.15 175470
56.298 175454
56.3 175453
56.775 175442
56.776 175433
56.778 175427
56.78 175391
56.783 175381
56.801 175350
56.886 175344
56.887 175342
56.89 175341
56.896 175331
56.899 175330
56.902 175306
56.91 175295
56.911 175288
56.913 175280
56.929 175275
56.933 175243
56.939 175229
56.945 175201
56.947 175155
57.082 175144
57.09 175112
57.092 175109
57.098 175106
57.102 175105
57.103 175091
57.109 175080
57.13 175064
57.172 175046
57.174 175023
57.177 174989
57.179 174976
57.184 174975
57.198 174961
57.217 174950
57.22 174947
57.221 174946
57.945 174930
57.946 174918
57.951 174912
57.954 174908
70.74 174886
70.746 174879
70.749 174861
70.752 174856
70.759 174832
70.762 174821
70.764 174819
70.774 174814
70.793 174807
70.795 174800
70.796 174782
70.799 174770
70.801 174758
70.803 174757
70.949 174693
70.954 174687
70.985 174674
70.994 174671
70.995 174659
71.001 174653
71.003 174609
71.004 174584
71.009 174558
71.015 174543
71.017 174524
71.029 174521
71.031 174518
71.036 174511
71.045 174506
71.05 174494
71.053 174480
71.055 174470
71.057 174453
71.071 174419
71.073 174398
75.791 174381
75.792 174379
75.797 174375
75.799 174371
75.803 174370
75.807 174356
75.823 174355
75.826 174343
75.833 174334
75.835 174333
75.837 174320
75.839 174294
75.84 174289
75.852 174279
75.855 174278
75.858 174265
76.071 174259
76.148 174252
76.157 174244
76.159 174240
77.49 174214
80.818 174185
80.827 174184
80.83 174176
80.838 174081
80.888 174059
80.906 174047
80.907 174012
80.932 174005
80.935 174003
83.566 173999
83.568 173965
83.569 173957
83.57 173937
83.581 173925
83.583 173900
83.586 173896
83.588 173891
83.598 173882
83.6 173879
83.601 173869
83.603 173854
83.604 173827
83.607 173810
83.634 173805
83.65 173803
83.652 173801
83.653 173762
83.658 173751
83.953 173749
87.297 173729
87.363 173693
87.367 173674
87.369 173658
87.373 173635
87.374 173632
91.976 173629
91.978 173625
91.994 173615
91.996 173606
92.057 173594
92.069 173588
92.07 173573
92.634 173568
92.636 173567
92.64 173566
92.642 173558
92.644 173549
92.646 173535
92.787 173531
92.834 173529
92.864 173521
92.87 173506
92.875 173504
92.878 173502
92.88 173499
92.882 173494
92.892 173474
92.936 173456
92.937 173455
92.946 173418
92.964 173414
92.967 173412
92.97 173405
101.591 173404
101.598 173394
101.616 173392
101.732 173389
101.903 173376
101.906 173372
101.907 173363
101.927 173360
101.929 173351
101.932 173337
101.934 173335
101.94 173323
101.945 173322
110.23 173317
110.233 173312
110.243 173310
110.25 173305
110.644 173289
110.645 173283
111.275 173257
111.277 173236
111.28 173227
111.284 173160
111.286 173146
111.288 173143
111.289 173139
111.293 173133
111.294 173123
111.345 173112
111.348 173108
111.366 173101
111.474 173096
111.48 173085
111.509 173084
111.512 173073
111.516 173072
111.518 173035
111.527 173019
111.534 173002
111.537 172992
111.54 172970
111.629 172961
111.647 172960
112.399 172940
112.407 172930
112.41 172929
112.412 172903
112.42 172865
112.423 172856
112.453 172850
112.455 172849
112.456 172844
112.993 172827
112.995 172826
114.862 172822
114.863 172817
114.866 172807
114.868 172802
116.028 172801
116.038 172769
116.039 172760
117.847 172757
117.85 172750
117.853 172747
117.856 172745
117.859 172740
117.891 172730
117.92 172729
117.922 172722
117.923 172711
117.927 172710
117.953 172705
117.955 172702
117.969 172658
117.97 172654
117.982 172644
117.984 172643
117.985 172636
117.988 172635
118 172624
118.002 172620
118.005 172618
118.006 172598
118.016 172588
118.017 172582
118.021 172572
118.023 172567
118.025 172559
118.029 172550
118.031 172547
118.127 172542
118.953 172530
118.957 172517
118.96 172513
118.962 172506
118.964 172503
118.982 172485
118.99 172481
119.017 172476
119.02 172462
119.025 172461
119.032 172452
119.034 172439
119.036 172438
119.04 172437
119.041 172430
119.043 172419
119.045 172417
119.047 172409
119.048 172403
119.055 172400
119.442 172383
119.444 172373
119.449 172367
119.452 172362
119.455 172357
119.459 172353
119.475 172349
119.478 172348
119.479 172346
119.497 172340
120.757 172297
120.866 172294
120.872 172292
120.877 172291
130.702 172288
130.709 172287
130.714 172280
130.744 172277
130.757 172268
130.76 172266
130.773 172263
130.775 172261
130.777 172246
130.824 172237
130.828 172219
130.831 172218
130.887 172211
131.236 172201
131.239 172199
131.24 172193
131.242 172187
131.244 172186
131.246 172170
131.249 172168
131.253 172162
131.268 172156
131.27 172150
131.273 172144
131.282 172140
131.29 172137
131.293 172135
131.297 172132
131.301 172119
131.438 172115
131.44 172114
131.511 172110
131.514 172106
131.52 172101
131.521 172097
131.523 172090
131.531 172088
131.54 172087
131.542 172076
131.545 172055
134.583 172048
134.606 172024
134.609 172009
134.612 172006
134.637 172001
134.653 171995
134.662 171986
134.911 171984
135 171951
135.004 171943
135.005 171937
135.019 171934
135.02 171928
135.023 171927
135.025 171923
135.028 171917
135.03 171911
135.034 171907
135.037 171897
135.041 171893
135.062 171882
135.064 171877
135.079 171859
135.087 171851
135.117 171849
135.125 171845
135.13 171841
135.134 171839
135.144 171828
135.147 171827
135.171 171825
135.175 171802
136.25 171775
136.254 171774
136.28 171763
136.291 171729
136.296 171727
136.304 171726
136.312 171718
145.371 171714
145.377 171698
145.383 171695
145.389 171685
145.39 171683
145.393 171678
145.397 171664
145.4 171660
145.688 171652
145.69 171650
145.693 171647
145.703 171634
156.822 171627
156.824 171626
156.828 171620
156.838 171614
156.842 171597
166.075 171547
166.077 171541
166.138 171540
166.202 171536
166.204 171535
166.205 171519
166.207 171517
166.211 171514
166.254 171497
166.289 171490
166.292 171487
166.302 171478
166.307 171473
168.068 171448
168.165 171443
168.177 171442
168.18 171441
168.212 171402
168.216 171391
168.219 171381
168.22 171375
168.239 171372
168.244 171371
168.25 171364
168.252 171362
168.256 171359
168.262 171357
168.265 171351
168.271 171349
168.275 171343
168.552 171312
168.558 171302
168.766 171292
168.773 171287
168.775 171279
168.777 171272
168.78 171268
168.784 171260
168.786 171249
168.789 171239
168.905 171235
168.906 171218
168.908 171217
168.91 171207
168.936 171205
168.946 171182
169.075 171178
170.04 171157
170.113 171153
170.119 171141
170.156 171133
170.158 171114
170.161 171103
170.162 171098
170.165 171095
170.166 171094
170.169 171081
170.19 171061
170.192 171057
170.194 171050
170.196 171047
170.201 171045
170.235 171041
170.24 171027
170.247 171024
170.249 171021
170.271 171011
170.273 171007
170.278 171004
170.279 171002
170.281 170995
170.282 170981
170.287 170980
170.299 170967
170.3 170950
170.307 170949
171.937 170948
171.98 170944
171.982 170943
171.984 170928
171.996 170913
172.003 170912
172.009 170907
172.02 170904
172.025 170901
172.027 170889
172.028 170878
172.032 170877
172.25 170869
172.26 170864
172.262 170862
172.264 170850
172.597 170847
172.622 170845
172.629 170839
172.736 170835
172.744 170828
172.749 170825
172.761 170820
172.944 170819
172.947 170812
172.959 170802
173.005 170799
173.007 170797
173.011 170796
173.012 170784
173.023 170783
173.049 170776
173.054 170774
173.065 170768
173.068 170762
173.069 170758
173.085 170755
173.09 170741
173.093 170724
173.097 170722
173.098 170720
173.101 170719
173.116 170714
173.122 170713
173.134 170705
173.148 170701
173.149 170693
173.167 170682
173.169 170678
173.193 170676
173.852 170670
173.856 170669
173.86 170668
173.871 170665
173.885 170659
173.886 170658
173.892 170651
173.904 170649
173.906 170638
174.539 170635
174.542 170633
174.543 170609
174.548 170607
174.56 170606
175.342 170604
175.348 170597
175.351 170588
175.356 170585
175.387 170567
175.39 170558
175.391 170557
175.402 170556
175.403 170553
175.405 170547
175.416 170546
175.702 170537
175.709 170525
175.711 170522
175.714 170521
175.716 170511
175.719 170508
175.72 170482
175.732 170478
175.765 170475
189.172 170465
193.142 170459
193.146 170452
193.149 170443
193.151 170440
193.16 170427
194.982 170420
194.984 170412
194.989 170411
195.006 170410
195.009 170400
195.011 170395
195.015 170387
195.154 170383
195.156 170382
195.158 170371
195.161 170363
195.166 170359
195.176 170350
195.179 170349
195.185 170348
195.433 170346
195.436 170344
195.437 170333
195.439 170332
195.462 170322
195.465 170317
195.525 170310
196.093 170299
196.098 170294
196.102 170286
196.103 170282
196.111 170265
196.124 170259
196.152 170255
196.157 170243
196.353 170232
196.373 170231
196.379 170215
196.382 170205
196.384 170204
196.387 170200
196.39 170199
196.392 170198
196.408 170197
196.616 170194
196.654 170191
196.664 170188
196.667 170174
196.686 170144
196.693 170142
196.696 170137
196.697 170134
196.714 170129
196.716 170101
196.726 170094
196.73 170093
196.731 170090
199.429 170084
199.44 170083
199.447 170077
199.452 170076
199.454 170067
199.456 170048
199.458 170047
199.474 170046
199.481 170045
199.485 170036
199.491 170035
199.505 170008
199.512 170007
199.577 170006
199.664 170003
199.694 170000
199.697 169994
199.713 169993
199.715 169989
199.716 169983
199.719 169981
199.723 169980
199.741 169977
199.743 169972
199.768 169971
200.533 169962
200.541 169953
200.548 169946
200.575 169945
200.582 169941
200.583 169939
200.594 169938
200.606 169937
200.609 169929
207.773 169922
208.869 169914
209.335 169901
209.372 169898
209.374 169893
209.376 169877
209.378 169858
209.383 169850
209.39 169845
209.492 169837
209.779 169825
209.976 169814
209.986 169793
209.989 169790
210.007 169787
210.02 169786
210.025 169785
210.03 169784
210.032 169773
210.042 169768
210.044 169767
210.047 169765
210.059 169760
210.239 169759
210.344 169756
210.347 169755
210.355 169742
210.359 169731
210.366 169730
210.368 169718
210.37 169717
210.372 169705
214.024 169696
214.082 169688
214.37 169687
214.661 169686
214.778 169677
214.862 169672
214.866 169668
214.875 169642
214.877 169637
214.881 169635
214.898 169634
214.9 169633
214.903 169629
214.909 169624
214.913 169617
214.916 169611
214.924 169600
214.935 169589
214.945 169554
214.953 169551
214.958 169550
214.96 169544
214.969 169539
214.974 169537
214.983 169534
217.956 169525
217.964 169520
217.967 169500
218.23 169493
218.235 169489
218.237 169486
218.276 169477
218.311 169465
218.316 169460
218.322 169453
218.33 169450
221.652 169448
221.68 169447
222.336 169432
222.41 169430
222.498 169423
222.519 169422
222.787 169421
222.789 169417
222.795 169403
223.015 169402
223.042 169398
223.049 169386
223.084 169385
223.087 169384
223.088 169383
223.091 169376
223.106 169367
224.628 169361
224.637 169355
224.638 169349
224.645 169348
224.647 169345
224.709 169344
227.692 169326
227.694 169309
227.697 169308
227.7 169306
227.705 169304
227.708 169290
227.738 169286
227.752 169285
227.753 169278
227.759 169271
227.761 169259
227.768 169254
238.155 169252
238.158 169249
239.014 169245
239.016 169242
239.074 169233
240.922 169231
240.966 169223
240.969 169222
240.981 169208
240.994 169206
243.711 169200
243.715 169199
243.724 169196
243.729 169194
243.733 169184
243.738 169182
243.74 169178
243.745 169173
243.766 169168
243.788 169166
244.327 169165
244.334 169159
244.822 169154
244.835 169134
244.842 169130
244.85 169127
244.852 169126
244.857 169118
244.863 169102
244.87 169091
244.877 169089
244.966 169087
249.26 169077
249.274 169074
249.276 169065
249.283 169062
249.296 169060
249.298 169059
249.315 169041
249.317 169033
249.319 169031
249.364 169030
249.368 169026
249.371 169025
249.373 169024
249.374 169023
249.377 169019
249.381 169012
249.419 169011
249.432 169007
249.437 169005
249.441 169002
249.454 168997
249.465 168994
249.477 168987
250.863 168982
250.904 168980
250.907 168979
250.911 168973
250.927 168971
250.929 168967
250.94 168966
250.948 168965
250.949 168962
251.079 168954
251.118 168950
251.124 168948
251.126 168944
251.129 168938
251.185 168931
251.19 168926
251.196 168923
251.199 168920
251.201 168918
251.214 168912
251.226 168909
251.239 168903
251.241 168901
251.275 168897
251.754 168892
251.756 168891
251.766 168890
251.769 168888
251.812 168885
251.819 168883
251.82 168878
251.832 168875
251.842 168868
251.846 168865
251.847 168863
251.911 168857
251.915 168856
251.917 168851
251.939 168849
251.965 168845
251.968 168838
255.702 168837
255.705 168829
255.707 168825
255.708 168824
255.713 168823
255.718 168813
255.729 168810
255.745 168809
255.747 168791
255.751 168787
259.986 168785
260.003 168778
260.004 168777
260.008 168776
260.014 168770
261.447 168769
261.464 168759
261.467 168757
261.471 168756
261.943 168747
261.946 168746
263.536 168741
263.551 168719
263.555 168717
263.561 168715
263.57 168712
263.575 168711
263.579 168702
263.713 168695
263.732 168693
263.735 168691
263.853 168685
263.866 168684
263.912 168679
263.914 168678
263.957 168675
264.025 168674
264.027 168661
264.035 168660
264.039 168631
264.05 168619
264.638 168604
264.644 168598
264.646 168579
264.647 168572
264.683 168568
264.692 168567
264.71 168566
264.726 168565
264.729 168560
264.741 168549
264.742 168532
264.75 168531
264.78 168528
264.784 168520
264.824 168508
264.918 168506
265.012 168500
265.016 168493
265.02 168491
265.05 168488
265.052 168485
265.055 168481
265.059 168479
265.073 168470
265.09 168463
265.109 168462
265.352 168455
265.365 168451
265.374 168448
265.386 168432
265.412 168430
265.596 168429
265.598 168428
265.599 168425
265.611 168420
265.622 168417
265.623 168415
265.626 168413
265.645 168410
265.72 168408
265.771 168406
265.888 168404
265.891 168398
265.987 168390
265.99 168389
265.994 168383
265.996 168372
275.224 168371
275.233 168367
275.262 168364
275.265 168352
275.279 168340
275.289 168339
275.293 168336
279.171 168333
279.173 168328
279.186 168324
279.187 168316
279.236 168311
279.237 168310
279.249 168307
279.26 168302
279.287 168297
279.296 168286
279.297 168279
279.304 168269
279.324 168268
279.356 168254
279.37 168246
279.373 168245
279.398 168243
279.399 168241
279.403 168238
279.441 168233
279.446 168229
279.454 168226
279.46 168225
279.462 168218
279.466 168214
279.82 168212
279.825 168210
279.877 168207
281.286 168199
281.292 168191
281.301 168185
281.31 168184
282.059 168182
286.479 168178
286.496 168175
286.519 168166
286.531 168164
286.617 168158
286.631 168154
286.635 168145
286.693 168144
286.705 168141
286.714 168138
286.747 168134
286.755 168132
286.865 168127
286.868 168122
286.899 168119
286.967 168113
287.058 168110
287.094 168106
287.103 168105
287.105 168102
287.154 168097
287.304 168080
287.306 168079
287.33 168075
287.352 168070
287.373 168066
287.384 168059
287.389 168055
287.421 168053
287.426 168046
287.427 168040
287.48 168037
287.493 168030
287.497 168027
287.517 168021
287.52 168013
287.533 168011
287.535 168010
287.538 168006
287.557 168001
287.572 167999
287.575 167995
287.576 167993
287.584 167988
287.703 167971
287.722 167969
287.725 167963
287.74 167957
287.746 167956
287.771 167955
287.775 167954
287.78 167953
287.789 167945
287.795 167943
287.802 167933
291.889 167928
291.891 167922
291.903 167920
291.914 167916
291.983 167910
293.053 167905
293.059 167903
293.128 167899
293.154 167897
293.168 167882
293.189 167881
293.191 167875
293.216 167874
293.385 167860
293.393 167859
293.411 167854
293.795 167848
293.807 167845
293.838 167840
293.924 167839
293.94 167831
293.95 167829
293.991 167814
293.994 167807
294.759 167806
294.763 167804
294.774 167796
294.777 167795
294.853 167792
295.02 167791
295.03 167790
295.033 167787
295.055 167786
295.059 167784
295.061 167779
295.084 167774
295.088 167771
295.098 167766
295.127 167763
295.133 167758
295.193 167753
295.197 167743
295.21 167738
295.217 167736
295.239 167725
295.246 167721
295.247 167716
295.255 167698
298.024 167696
298.026 167689
298.027 167681
298.031 167673
298.04 167671
298.041 167668
298.043 167665
298.069 167664
298.091 167657
298.1 167656
298.111 167650
298.153 167649
298.619 167644
298.645 167643
298.654 167639
298.672 167634
298.678 167630
298.686 167629
298.721 167627
298.842 167609
298.862 167608
298.878 167601
298.881 167600
298.894 167599
298.9 167596
298.917 167588
298.949 167584
299.003 167576
299.004 167565
299.013 167564
299.015 167563
299.034 167562
299.038 167556
299.045 167553
299.06 167548
299.141 167537
299.153 167534
299.157 167524
299.163 167523
299.179 167518
299.187 167515
299.292 167514
299.298 167513
299.341 167502
299.351 167496
299.382 167493
299.397 167492
299.412 167490
299.414 167489
299.432 167485
299.454 167483
299.456 167477
299.505 167470
299.52 167469
299.525 167468
299.53 167467
299.9 167466
299.901 167462
299.904 167456
299.907 167455
299.909 167454
299.91 167447
299.931 167446
299.94 167442
300.106 167440
300.107 167439
300.267 167432
300.339 167422
303.092 167421
303.103 167420
303.137 167419
303.139 167418
303.222 167416
303.227 167415
311.774 167414
311.778 167408
311.788 167406
311.798 167405
311.806 167404
311.808 167403
317.629 167399
317.652 167394
317.664 167392
317.667 167385
317.69 167384
317.694 167382
317.75 167379
317.754 167378
317.93 167377
317.944 167372
317.964 167369
317.971 167366
317.975 167365
317.984 167362
317.99 167359
318.003 167355
318.433 167354
318.497 167353
318.518 167349
318.521 167347
318.541 167344
318.547 167331
318.555 167328
319.428 167325
319.433 167324
319.439 167320
319.441 167309
319.445 167307
319.527 167306
319.529 167301
319.557 167298
319.561 167296
319.571 167287
319.575 167282
319.577 167281
319.585 167280
319.841 167274
319.858 167270
319.863 167268
319.886 167265
319.913 167261
319.921 167254
319.933 167251
319.934 167249
322.811 167247
322.835 167244
322.939 167238
322.949 167237
322.988 167235
323.006 167234
323.014 167229
323.074 167228
323.086 167218
323.09 167212
323.094 167211
324.369 167209
324.37 167204
324.375 167203
324.794 167197
326.173 167193
326.204 167190
326.234 167179
326.282 167177
326.29 167176
326.306 167175
326.311 167172
326.315 167170
326.334 167165
326.338 167162
326.351 167159
326.814 167157
326.817 167153
326.832 167152
326.875 167151
326.879 167150
326.977 167145
326.985 167138
326.987 167137
327.48 167135
327.5 167133
327.554 167132
327.559 167129
327.57 167127
327.581 167124
332.283 167121
332.331 167117
332.338 167116
332.482 167114
332.485 167113
332.903 167106
332.91 167104
332.934 167102
332.938 167098
332.947 167093
332.976 167092
332.977 167088
332.983 167081
332.985 167080
334.225 167077
334.3 167074
334.311 167073
334.898 167071
334.906 167069
334.919 167066
334.925 167064
334.929 167059
334.993 167057
334.997 167056
335.025 167055
335.044 167052
335.086 167049
335.27 167045
335.299 167041
335.306 167036
335.461 167033
335.516 167031
335.531 167028
335.532 167024
336.046 167020
336.08 167018
336.105 167011
336.117 167008
336.123 167005
336.437 167003
336.547 167001
336.85 167000
336.855 166996
336.858 166994
337.017 166990
337.404 166987
337.406 166984
337.432 166981
337.453 166976
337.454 166968
337.522 166962
337.524 166960
337.56 166957
342.106 166956
342.109 166954
343.889 166950
343.915 166946
343.927 166945
343.977 166944
343.993 166942
343.995 166936
343.999 166935
344.004 166933
344.057 166932
344.065 166926
344.069 166924
344.105 166923
344.113 166922
344.133 166919
344.135 166914
344.137 166911
344.158 166910
344.165 166908
344.17 166907
344.176 166906
344.228 166905
344.262 166902
344.263 166893
344.401 166892
344.586 166891
344.597 166887
354.685 166881
354.691 166876
354.788 166875
354.789 166872
354.807 166871
354.834 166870
354.845 166866
355.1 166858
355.136 166857
356.828 166845
356.859 166841
356.889 166838
356.896 166836
356.968 166827
356.98 166821
357.07 166815
357.072 166813
357.096 166811
357.116 166808
357.158 166806
357.448 166804
357.536 166803
357.62 166800
357.652 166798
357.664 166795
357.691 166794
357.699 166792
357.985 166788
357.986 166786
358.005 166784
358.153 166782
358.163 166781
358.164 166777
358.184 166774
358.212 166772
362.685 166769
362.694 166767
362.7 166766
362.734 166765
362.737 166763
362.952 166761
362.98 166760
363.347 166754
363.358 166753
363.373 166752
364.434 166750
364.465 166746
364.578 166744
364.594 166742
364.636 166741
364.653 166739
364.656 166738
364.737 166732
364.746 166728
364.776 166727
364.843 166724
364.852 166722
364.856 166719
364.857 166717
364.898 166715
364.899 166712
364.906 166711
364.936 166710
364.943 166706
364.956 166697
364.991 166693
364.992 166689
365.308 166688
365.627 166686
365.634 166683
365.654 166681
365.671 166679
365.684 166671
365.713 166668
365.77 166667
366.07 166663
366.08 166660
366.083 166658
366.109 166656
366.123 166654
366.132 166652
367.95 166649
367.963 166644
367.99 166643
368.008 166639
368.023 166633
368.195 166632
368.209 166630
368.212 166628
368.221 166626
368.23 166625
368.233 166622
368.475 166619
369.236 166613
369.261 166612
369.263 166610
369.27 166609
369.272 166607
369.717 166606
369.728 166604
369.736 166602
369.832 166601
369.843 166599
369.849 166598
369.864 166597
370.935 166596
370.936 166595
370.938 166594
371.126 166593
373.57 166591
373.587 166586
373.591 166585
373.666 166583
376.858 166580
376.861 166579
376.868 166578
376.918 166575
376.945 166574
377.021 166573
377.078 166572
377.197 166570
378.403 166569
378.452 166568
378.457 166565
378.461 166563
378.655 166562
378.662 166558
378.664 166555
383.213 166554
383.241 166552
383.297 166550
383.356 166549
383.364 166548
383.397 166547
383.457 166546
383.459 166543
383.487 166542
383.552 166541
383.558 166534
383.59 166531
383.608 166527
383.617 166526
383.624 166522
383.701 166520
383.831 166516
383.832 166515
384.079 166514
384.113 166512
384.123 166511
384.124 166510
384.156 166504
384.164 166502
384.165 166501
384.282 166499
384.297 166489
384.305 166485
384.472 166474
384.481 166470
384.495 166469
384.498 166468
384.509 166467
384.591 166462
384.668 166457
385.002 166455
385.005 166454
385.03 166451
385.033 166450
385.058 166449
385.074 166447
385.222 166446
385.24 166444
386.021 166442
386.076 166441
386.255 166440
388.591 166438
388.624 166437
388.99 166431
388.994 166427
389.007 166426
389.017 166425
389.023 166422
389.029 166420
389.032 166418
389.072 166416
389.085 166414
389.852 166401
389.854 166399
389.858 166395
389.862 166392
389.89 166390
389.923 166389
389.937 166387
393.109 166386
395.356 166385
395.37 166384
395.441 166383
396.019 166381
396.023 166378
396.036 166376
396.058 166370
396.168 166369
396.206 166365
396.234 166361
396.237 166359
396.25 166358
397.695 166356
397.724 166355
400.154 166354
400.163 166352
400.248 166347
400.437 166343
400.452 166336
400.467 166333
400.486 166330
400.513 166329
400.553 166328
400.563 166327
400.597 166324
400.601 166321
400.616 166318
401.031 166316
401.042 166312
401.073 166311
401.088 166308
401.115 166307
401.543 166305
401.552 166301
401.628 166300
401.632 166297
401.694 166296
401.774 166292
401.845 166291
403.654 166288
403.667 166286
403.844 166285
403.932 166284
403.981 166281
404.017 166279
404.054 166275
404.058 166271
404.069 166270
404.092 166269
404.129 166266
404.309 166262
404.529 166260
404.548 166257
404.837 166254
404.88 166252
405.313 166246
405.329 166245
405.345 166243
405.365 166239
405.444 166238
405.9 166237
405.903 166233
405.974 166230
406.028 166229
406.031 166224
406.1 166221
406.106 166220
406.115 166218
406.186 166214
406.239 166213
406.253 166211
408.879 166207
408.883 166206
408.911 166204
408.916 166202
408.945 166199
409.113 166198
409.154 166197
410.242 166196
410.253 166192
410.257 166190
415.202 166189
415.246 166185
415.433 166184
415.511 166182
415.548 166181
415.633 166180
415.635 166177
415.745 166176
417.803 166175
417.854 166174
417.868 166173
417.906 166170
418.041 166169
418.047 166167
418.07 166165
418.082 166164
418.122 166163
418.25 166161
419.247 166160
419.26 166156
419.272 166155
419.373 166154
424.03 166153
424.048 166151
424.093 166145
424.143 166144
424.168 166143
424.171 166142
424.211 166141
424.346 166140
424.564 166139
424.567 166137
424.587 166136
424.599 166135
424.816 166134
424.978 166131
425.001 166129
425.027 166128
425.058 166126
426.114 166125
426.117 166124
426.144 166123
426.424 166122
426.435 166120
426.567 166114
426.687 166113
426.751 166112
426.761 166111
426.818 166109
426.911 166105
427.061 166103
427.87 166101
427.936 166100
428.022 166098
428.057 166094
430.544 166093
430.571 166092
431.196 166089
431.777 166088
431.816 166087
431.824 166086
431.943 166083
434.819 166080
435.216 166078
435.843 166076
435.891 166073
436.312 166071
436.317 166069
436.408 166067
436.56 166065
436.573 166062
436.682 166059
439.604 166058
439.613 166056
439.662 166055
440.255 166054
440.355 166052
440.364 166051
440.409 166048
440.507 166047
440.605 166046
441.494 166045
441.802 166044
441.822 166038
441.83 166036
441.992 166035
442.008 166033
442.049 166032
442.417 166030
442.429 166026
442.437 166024
442.438 166022
451.726 166020
451.781 166019
451.829 166018
452.284 166017
452.291 166015
452.442 166014
452.464 166013
454.805 166011
454.996 166010
455.032 166008
455.035 166007
455.042 166005
455.089 166004
455.328 166003
455.415 166002
455.448 166001
455.462 166000
455.535 165999
462.348 165998
462.706 165997
462.718 165996
462.848 165994
467.558 165992
468.199 165989
471.58 165986
471.737 165985
473.296 165984
473.31 165983
473.323 165982
473.341 165980
473.632 165978
475.618 165974
475.682 165973
475.796 165968
475.912 165964
475.978 165963
476.448 165962
477.025 165959
477.116 165958
477.647 165957
477.811 165956
478.165 165955
478.183 165954
478.28 165953
478.286 165950
478.416 165949
478.499 165946
478.515 165945
479.097 165944
479.101 165942
479.121 165941
480.241 165938
480.377 165937
480.592 165936
480.642 165935
482.081 165934
482.315 165932
485.063 165931
485.079 165930
485.136 165929
485.148 165927
485.576 165926
486.406 165925
486.547 165922
486.572 165921
486.611 165919
487.998 165915
488.317 165914
488.61 165909
488.954 165907
489.062 165906
491.09 165905
491.702 165904
492.224 165903
492.234 165902
495.713 165901
496.036 165899
497.255 165897
497.598 165896
497.626 165893
498.435 165891
500.662 165890
505.717 165885
506.444 165883
506.491 165882
508.945 165881
509.466 165880
509.922 165879
510.262 165878
510.671 165877
510.742 165875
510.747 165867
511.107 165865
511.678 165864
511.748 165863
511.808 165862
511.856 165861
511.859 165859
513.052 165858
513.13 165857
513.297 165854
513.346 165852
513.42 165851
513.82 165850
513.862 165849
513.951 165848
516.794 165847
516.827 165846
516.982 165845
518.204 165843
518.338 165842
518.364 165841
521.547 165840
521.613 165839
521.887 165838
521.913 165835
522.252 165833
522.254 165831
522.401 165830
522.407 165828
522.444 165827
522.724 165826
522.762 165825
522.947 165824
524.6 165823
524.638 165822
524.707 165821
524.905 165820
524.964 165819
525.995 165818
526.012 165817
526.044 165815
526.061 165814
526.731 165813
528.618 165812
528.93 165811
529.045 165808
529.183 165807
529.258 165806
529.519 165804
529.548 165803
529.785 165801
529.833 165800
530.363 165799
530.793 165798
530.814 165797
530.943 165795
531.836 165794
532.114 165793
535.06 165792
535.082 165790
535.262 165789
537.617 165787
538.197 165786
538.999 165785
540.274 165783
540.619 165781
542.202 165780
542.601 165779
542.675 165778
544.152 165777
544.576 165776
544.61 165775
544.672 165774
545.237 165772
548.837 165771
549.153 165770
550.321 165769
550.438 165767
553.741 165766
553.815 165765
553.967 165764
554.268 165763
554.32 165762
559.58 165761
559.671 165760
559.69 165758
560.398 165757
560.546 165756
560.564 165754
560.872 165753
560.874 165752
561.09 165751
561.364 165749
562.111 165748
562.192 165747
562.673 165746
563.011 165745
563.503 165743
564.253 165742
564.671 165740
567.703 165737
567.835 165736
569.209 165735
569.368 165733
571.197 165732
571.272 165730
571.533 165729
571.692 165728
