4.341 185251
4.342 185243
4.344 185238
4.345 185219
4.348 185197
4.349 185196
4.35 185181
4.352 185176
4.353 185161
4.355 185154
4.356 185153
4.357 185151
4.359 185140
4.36 185128
4.362 185126
4.363 185125
4.365 184984
4.367 184943
4.369 184912
4.37 184898
4.371 184892
4.373 184854
4.375 184847
4.376 184804
4.379 184793
4.381 184678
4.382 184671
4.384 184634
4.386 184614
4.388 184608
4.389 184605
4.394 184578
4.395 184575
4.397 184528
4.398 184513
4.4 184498
4.402 184490
4.403 184476
4.405 184335
4.409 184321
4.41 184313
4.411 184308
4.413 184299
4.415 184285
4.416 184237
4.418 184043
4.419 184027
4.421 184010
4.422 184001
4.423 183985
4.425 183978
4.426 183965
4.429 183852
4.43 183829
4.432 183815
4.434 183799
4.436 183797
4.437 183787
4.439 183723
4.44 183721
4.442 183697
4.443 183660
4.444 183655
4.446 183654
4.447 183649
4.449 183644
4.45 183641
4.452 183628
4.453 183619
4.455 183582
4.457 183577
4.458 183514
4.461 183486
4.463 183463
4.465 183461
4.467 183458
4.469 183270
4.47 183251
4.472 183238
4.473 183221
4.475 183209
4.477 183202
4.479 183114
4.482 183111
4.484 183108
4.487 183104
4.493 183040
4.494 183036
4.496 183007
4.5 183004
4.502 182989
4.506 182988
4.508 182968
4.51 182930
4.512 182900
4.514 182897
4.515 182823
4.517 182819
4.518 182815
4.521 182810
4.523 182775
4.524 182773
4.527 182769
4.528 182766
4.529 182764
4.54 182763
4.541 182753
4.546 182751
4.548 182745
4.55 182735
4.551 182658
4.554 182652
4.555 182646
4.559 182645
4.561 182638
4.562 182636
4.565 182545
4.567 182456
4.569 182447
4.572 182446
4.575 182418
4.576 182415
4.578 182411
4.582 182376
4.584 182372
4.585 182271
4.586 182258
4.589 182250
4.59 182234
4.593 182206
4.594 182203
4.596 182196
4.601 181955
4.602 181953
4.607 181947
4.608 181946
4.611 181910
4.617 181906
4.618 181902
4.62 181900
4.622 181897
4.625 181868
4.627 181862
4.628 181856
4.63 181846
4.632 181841
4.635 181840
4.637 181828
4.64 181826
4.642 181802
4.644 181799
4.646 181785
4.648 181766
4.65 181731
4.651 181726
4.654 181643
4.66 181624
4.663 181623
4.664 181601
4.666 181600
4.667 181590
4.669 181583
4.67 181580
4.672 181566
4.674 181540
4.685 181530
4.692 181469
4.695 181459
4.696 181458
4.699 181446
4.7 181440
4.701 181420
4.704 181371
4.706 181343
4.708 181341
4.712 181340
4.714 181252
4.716 181234
4.718 181219
4.719 181211
4.721 181203
4.722 181190
4.725 181156
4.726 181140
4.728 181138
4.733 181126
4.735 181124
4.738 181097
4.74 181090
4.742 181085
4.745 181071
4.747 181068
4.748 181066
4.75 181057
4.751 181043
4.752 181033
4.754 181031
4.755 181030
4.756 181028
4.758 180950
4.759 180921
4.761 180910
4.763 180887
4.765 180885
4.767 180856
4.77 180847
4.771 180846
4.778 180833
4.781 180814
4.784 180794
4.785 180792
4.786 180785
4.789 180784
4.791 180781
4.793 180772
4.794 180756
4.8 180733
4.809 180705
4.811 180704
4.817 180687
4.819 180663
4.823 180656
4.825 180650
4.826 180630
4.828 180627
4.83 180614
4.831 180595
4.839 180580
4.842 180573
4.844 180569
4.845 180545
4.849 180542
4.853 180531
4.858 180520
4.86 180516
4.863 180512
4.866 180501
4.868 180499
4.871 180474
4.878 180470
4.88 180468
4.882 180465
4.883 180461
4.884 180459
4.888 180327
4.889 180323
4.89 180322
4.893 180319
4.895 180315
4.898 180312
4.902 180305
4.905 180275
4.911 180274
4.912 180266
4.915 180255
4.918 180253
4.92 180251
4.922 180216
4.925 180213
4.929 180205
4.932 180190
4.936 180184
4.939 180179
4.958 180172
4.959 180169
4.96 180168
4.962 180151
4.963 180148
4.966 180136
4.968 180134
4.97 180129
4.973 180123
4.974 180118
4.977 180115
4.979 180110
4.981 180102
4.982 180093
4.984 180090
4.986 180071
4.988 180066
4.997 180064
5.018 180063
5.022 180051
5.024 180011
5.025 180006
5.026 179977
5.028 179961
5.029 179953
5.033 179951
5.038 179938
5.04 179937
5.045 179930
5.048 179929
5.051 179920
5.053 179910
5.056 179877
5.061 179876
5.067 179874
5.07 179872
5.072 179870
5.073 179867
5.075 179863
5.086 179861
5.087 179849
5.091 179848
5.093 179843
5.101 179840
5.102 179835
5.104 179812
5.111 179811
5.115 179799
5.116 179763
5.117 179735
5.121 179720
5.124 179697
5.131 179696
5.132 179685
5.152 179677
5.155 179671
5.162 179645
5.164 179642
5.168 179629
5.17 179616
5.171 179610
5.173 179602
5.178 179577
5.181 179574
5.186 179572
5.188 179560
5.191 179553
5.2 179544
5.203 179542
5.205 179538
5.206 179536
5.213 179533
5.215 179529
5.216 179474
5.218 179454
5.219 179448
5.238 179445
5.243 179441
5.244 179435
5.246 179433
5.263 179422
5.268 179420
5.27 179411
5.271 179408
5.273 179405
5.275 179388
5.278 179386
5.281 179373
5.316 179360
5.359 179356
5.374 179346
5.377 179344
5.425 179327
5.427 179319
5.43 179297
5.431 179296
5.434 179293
5.436 179292
5.437 179291
5.44 179261
5.442 179260
5.444 179253
5.449 179238
5.451 179233
5.457 179232
5.477 179231
5.495 179230
5.497 179225
5.498 179224
5.503 179223
5.504 179221
5.508 179204
5.514 179189
5.538 179152
5.553 179140
5.557 179107
5.56 179077
5.569 179072
5.57 179069
5.578 179068
5.58 179065
5.586 179063
5.589 179060
5.646 179031
5.649 179003
5.661 179000
5.662 178992
5.664 178979
5.665 178972
5.667 178970
5.767 178969
5.768 178967
5.771 178965
5.773 178960
5.775 178958
5.777 178955
5.811 178954
5.844 178947
5.846 178931
6.138 178921
6.14 178912
6.292 178904
6.327 178890
6.33 178884
6.334 178883
6.336 178848
6.338 178847
6.342 178831
6.403 178827
6.447 178821
6.453 178794
6.458 178783
6.46 178765
6.462 178760
6.466 178756
6.468 178753
6.471 178747
6.478 178746
6.479 178743
6.484 178742
6.486 178741
6.487 178729
6.493 178711
6.494 178709
6.504 178708
6.506 178707
6.507 178695
6.51 178669
6.512 178668
6.519 178666
6.521 178664
6.523 178663
6.539 178655
6.549 178652
6.555 178638
6.559 178633
6.564 178630
6.568 178620
6.573 178618
6.579 178591
6.58 178590
6.582 178584
6.583 178570
6.586 178560
6.604 178556
6.613 178554
6.62 178538
6.67 178510
6.674 178508
6.676 178504
6.678 178490
6.68 178489
6.686 178486
6.787 178473
6.793 178468
6.794 178466
6.799 178462
6.804 178444
7.441 178434
7.449 178394
7.506 178376
7.507 178373
7.512 178348
7.531 178347
7.543 178301
7.545 178277
7.554 178262
7.556 178259
7.568 178257
7.572 178240
7.625 178236
7.628 178234
7.63 178228
7.744 178210
7.746 178208
7.748 178160
7.75 178152
7.752 178144
7.754 178141
7.767 178135
7.78 178106
7.781 178087
7.911 178083
7.912 178080
7.914 177988
9.385 177986
9.387 177977
9.392 177976
9.395 177975
9.397 177973
9.398 177963
9.4 177961
9.423 177943
9.425 177924
9.427 177922
9.43 177910
9.435 177895
9.478 177892
9.481 177882
9.486 177872
9.493 177869
9.495 177867
9.498 177862
9.499 177840
9.504 177838
9.562 177831
9.585 177826
11.411 177809
11.413 177795
11.414 177770
11.416 177738
11.42 177731
11.431 177726
11.432 177721
11.434 177718
11.439 177714
11.443 177705
12.461 177700
12.467 177698
12.47 177677
12.498 177633
12.504 177629
15.559 177613
15.567 177609
15.568 177606
15.633 177597
15.635 177594
15.637 177590
15.638 177568
15.653 177565
15.657 177550
15.66 177541
15.666 177538
15.668 177537
15.705 177526
15.707 177515
15.758 177514
15.761 177506
15.763 177504
15.77 177474
15.771 177441
15.773 177427
15.776 177421
15.788 177406
19.667 177395
19.671 177389
19.672 177375
19.819 177357
19.82 177354
19.822 177334
19.823 177328
19.852 177325
19.866 177324
19.868 177322
19.9 177318
19.903 177314
19.907 177294
19.91 177282
19.921 177280
19.923 177279
19.924 177276
19.926 177271
19.929 177270
19.931 177251
19.935 177245
19.937 177198
20.249 177114
20.252 177101
20.328 177099
20.332 177080
20.337 177079
20.341 177074
20.343 177063
20.356 177059
20.366 177050
20.751 177012
20.757 177002
20.758 176999
20.767 176991
20.771 176986
20.773 176985
20.775 176980
20.871 176953
20.879 176945
20.913 176926
20.916 176880
20.917 176873
20.92 176867
20.923 176854
20.93 176844
20.933 176809
21.883 176807
21.933 176805
21.936 176803
21.983 176766
21.985 176762
22 176759
22.002 176736
22.233 176726
22.237 176669
22.24 176647
22.243 176637
22.245 176633
22.246 176610
22.248 176604
22.256 176567
22.258 176511
22.268 176504
22.272 176499
22.273 176489
23.476 176471
23.611 176457
23.637 176452
24.985 176439
26.777 176436
26.789 176421
27.614 176402
27.616 176384
30.732 176383
30.741 176379
31.005 176372
31.1 176348
31.102 176344
31.105 176335
31.108 176326
31.134 176306
31.137 176292
31.145 176263
31.167 176253
31.184 176249
31.185 176230
31.187 176222
31.189 176205
31.192 176191
31.201 176190
31.203 176185
31.205 176182
31.211 176179
31.213 176162
31.218 176160
31.235 176153
31.24 176139
31.241 176122
31.3 176113
32.695 176098
32.763 176056
32.766 176035
32.774 176011
32.776 175993
32.783 175990
33.262 175975
33.264 175971
33.27 175943
33.271 175941
33.275 175934
33.295 175921
33.309 175918
33.322 175917
33.324 175911
33.325 175907
33.34 175897
33.342 175892
33.353 175890
33.356 175883
33.366 175881
33.368 175871
33.371 175866
33.381 175859
33.45 175854
33.451 175851
33.456 175792
33.458 175766
33.463 175746
33.47 175709
33.472 175708
33.475 175685
33.479 175656
33.481 175650
33.484 175648
33.495 175644
33.5 175640
33.502 175637
33.51 175611
33.512 175601
33.513 175599
45.022 175584
45.057 175581
45.061 175578
45.064 175530
45.276 175524
45.278 175516
45.279 175501
45.296 175491
45.299 175483
45.305 175479
45.308 175474
45.403 175473
45.405 175460
45.411 175456
45.413 175447
45.613 175437
45.615 175435
45.618 175410
45.623 175406
45.629 175402
45.631 175400
45.639 175371
45.64 175364
45.643 175361
45.648 175352
45.65 175315
45.651 175309
45.657 175308
45.659 175306
45.698 175302
45.701 175296
45.706 175289
45.708 175266
48.014 175258
48.019 175248
48.035 175238
51.103 175208
51.148 175203
51.15 175198
51.151 175175
51.153 175173
51.158 175169
51.163 175168
51.2 175051
51.202 175041
51.211 174982
51.216 174978
51.219 174966
51.22 174965
51.272 174954
51.291 174950
51.294 174942
51.295 174940
51.297 174922
51.299 174915
51.3 174913
51.304 174908
51.306 174877
51.31 174876
51.314 174839
51.316 174834
51.32 174806
51.322 174797
55.772 174787
55.781 174783
55.81 174782
55.817 174776
55.827 174773
55.829 174767
55.835 174759
58.256 174758
58.257 174753
58.259 174749
58.261 174737
58.29 174733
58.294 174730
58.302 174729
58.307 174716
58.347 174714
58.349 174709
58.373 174697
58.392 174685
58.487 174677
62.339 174664
62.343 174649
62.345 174644
62.527 174631
62.529 174619
62.532 174611
62.534 174607
62.556 174583
62.557 174582
62.572 174577
62.599 174576
62.6 174575
62.608 174565
62.658 174559
62.665 174542
62.699 174529
62.729 174527
62.734 174520
62.737 174519
63.9 174518
63.913 174494
63.924 174482
63.926 174479
63.938 174465
63.94 174464
63.941 174457
63.943 174444
63.949 174439
63.959 174437
63.962 174434
65.912 174432
66.423 174376
66.425 174375
70.842 174370
70.86 174368
71.046 174359
72.99 174350
73.007 174349
73.383 174320
73.385 174308
73.386 174301
73.486 174287
73.488 174278
73.543 174266
73.544 174265
73.555 174260
73.557 174223
73.558 174214
73.568 174183
73.577 174172
73.579 174167
73.589 174159
73.591 174111
73.6 174095
73.601 174075
73.603 174071
73.605 174043
74.334 174036
75.057 174022
75.058 174020
75.06 174006
75.063 174003
75.335 173996
75.339 173987
76.133 173986
76.137 173981
76.383 173975
76.386 173967
76.388 173964
76.391 173961
76.396 173945
83.951 173941
83.959 173939
83.963 173932
83.971 173923
83.975 173921
83.98 173915
83.992 173888
84.005 173879
84.007 173838
84.02 173833
84.103 173826
84.117 173823
84.12 173810
84.193 173795
84.194 173790
84.197 173770
84.204 173764
84.206 173757
84.21 173749
84.215 173726
84.22 173714
84.238 173710
84.239 173708
84.241 173701
84.244 173691
84.246 173629
84.273 173597
84.279 173594
84.28 173593
84.282 173586
84.292 173583
84.498 173576
89.822 173574
89.876 173562
89.88 173557
89.882 173556
89.884 173536
89.887 173522
89.889 173521
90.036 173476
90.04 173458
90.053 173449
90.055 173434
90.057 173426
90.086 173400
90.095 173394
90.101 173379
90.105 173350
90.106 173327
90.109 173309
90.112 173305
90.115 173293
90.122 173288
90.128 173284
90.13 173281
90.132 173277
90.137 173271
90.139 173266
90.14 173253
90.144 173241
90.147 173230
90.149 173212
90.344 173211
90.346 173210
90.358 173208
90.467 173207
90.528 173188
90.531 173181
90.568 173171
90.569 173170
90.574 173163
90.576 173162
90.58 173154
90.585 173148
90.596 173147
90.6 173144
90.601 173129
90.631 173128
90.635 173124
90.636 173122
90.64 173102
90.642 173078
90.644 173068
90.656 173066
90.7 173064
90.712 173059
90.714 173046
90.718 173038
90.72 173036
90.731 173035
94.038 173031
94.05 173030
94.053 173024
94.054 173021
94.056 173011
96.123 173010
96.127 172997
96.128 172981
96.13 172978
96.162 172968
96.164 172957
96.165 172954
96.169 172950
96.172 172947
96.332 172936
96.335 172927
96.35 172923
96.365 172913
96.374 172908
96.376 172907
96.482 172892
96.484 172878
96.508 172870
96.514 172869
96.552 172854
96.554 172853
96.557 172844
96.559 172843
96.56 172841
96.562 172838
96.575 172837
96.578 172830
96.581 172826
96.587 172823
96.59 172816
96.64 172814
96.643 172808
96.644 172802
96.774 172788
96.778 172780
96.779 172775
96.781 172772
96.782 172767
96.791 172760
96.796 172749
96.799 172732
96.802 172718
96.804 172714
96.833 172706
96.848 172693
96.853 172692
96.857 172691
96.859 172690
96.864 172687
96.865 172672
96.869 172670
96.872 172666
96.873 172659
96.876 172655
96.88 172653
96.886 172641
96.889 172620
96.891 172607
96.892 172593
96.893 172589
96.895 172579
96.899 172576
96.902 172573
116.984 172548
116.992 172542
117.09 172532
117.092 172527
117.133 172508
117.137 172500
117.139 172498
117.141 172495
117.149 172478
117.202 172454
117.203 172446
117.211 172441
117.215 172439
117.236 172429
117.238 172415
117.24 172411
117.366 172401
117.368 172391
117.37 172388
117.435 172386
117.438 172383
117.439 172382
117.443 172372
117.445 172357
117.456 172356
117.47 172345
117.472 172342
155.792 172319
155.802 172317
155.812 172274
155.821 172271
155.823 172244
155.825 172241
155.831 172235
155.844 172234
155.847 172225
155.848 172224
155.94 172220
155.941 172216
155.962 172215
155.967 172213
155.97 172212
156.024 172206
156.029 172200
156.04 172198
156.087 172193
156.088 172192
156.09 172182
156.159 172179
156.161 172159
156.169 172156
156.172 172151
156.26 172150
156.261 172148
156.273 172141
156.279 172138
156.28 172135
156.301 172125
156.373 172121
156.387 172119
156.415 172118
156.421 172107
156.422 172101
156.549 172083
156.555 172080
156.557 172074
156.588 172071
156.978 172069
157.524 172068
157.53 172061
157.563 172051
157.602 172008
157.604 171987
157.639 171983
157.652 171977
158.745 171974
158.746 171971
158.752 171969
158.755 171967
158.756 171966
158.758 171960
158.767 171952
158.788 171950
158.792 171930
158.793 171919
158.806 171915
158.813 171908
158.816 171905
158.817 171887
158.824 171883
158.826 171878
158.828 171872
158.836 171867
158.838 171859
158.847 171855
158.868 171838
158.876 171821
158.878 171804
158.884 171800
158.888 171799
158.89 171798
158.896 171777
158.901 171771
159.122 171769
159.143 171756
159.148 171733
159.15 171726
159.151 171723
159.159 171722
159.161 171708
159.197 171706
159.214 171702
159.216 171687
159.339 171682
159.341 171681
159.345 171675
159.349 171668
159.361 171665
159.364 171664
159.446 171662
159.471 171659
159.502 171655
159.508 171651
159.509 171632
159.733 171631
159.74 171624
159.741 171612
159.743 171610
159.877 171534
159.991 171517
159.996 171504
160.002 171492
160.003 171471
160.008 171466
160.01 171457
160.012 171450
160.081 171445
160.084 171436
160.119 171426
177.506 171416
177.51 171411
177.532 171410
177.56 171404
177.615 171386
177.618 171384
177.664 171377
177.666 171368
177.817 171366
178.021 171361
178.041 171344
178.355 171315
178.374 171306
178.405 171303
178.407 171301
178.425 171300
178.426 171295
178.436 171294
178.439 171290
178.446 171283
194.678 171266
194.781 171265
194.787 171262
194.792 171254
194.802 171251
194.807 171247
194.812 171227
194.832 171225
194.835 171224
194.849 171222
194.853 171216
194.854 171212
194.91 171204
194.917 171201
194.923 171199
194.927 171197
194.942 171194
194.944 171189
194.947 171183
194.949 171179
194.952 171170
194.958 171164
194.978 171162
194.983 171158
194.991 171155
195.002 171153
195.005 171144
195.015 171136
195.044 171131
195.06 171122
195.091 171118
195.097 171115
195.102 171114
197.596 171110
197.598 171109
197.6 171104
197.604 171100
197.607 171094
197.653 171085
197.655 171073
197.669 171061
197.676 171055
197.68 171043
197.687 171040
197.692 171038
197.704 171037
197.708 171036
197.71 171028
197.805 171026
197.9 171015
197.902 171014
197.908 170997
197.931 170988
197.939 170983
197.943 170979
198.024 170977
198.033 170972
198.034 170961
198.385 170949
198.386 170943
198.392 170941
198.394 170940
198.398 170938
198.401 170934
198.491 170933
198.501 170923
198.505 170922
198.901 170895
198.902 170884
198.905 170864
198.907 170860
198.91 170848
198.917 170844
198.919 170835
198.929 170831
198.931 170828
198.933 170821
198.94 170814
198.942 170812
199.072 170803
199.158 170787
199.163 170784
199.188 170768
199.19 170751
199.444 170734
199.669 170724
199.671 170723
199.685 170715
199.688 170706
199.69 170702
199.691 170701
199.694 170700
199.698 170693
199.754 170689
199.756 170669
199.758 170667
199.771 170660
199.778 170653
199.797 170650
199.808 170648
199.812 170646
200.002 170644
200.554 170643
200.564 170639
200.568 170633
200.591 170619
204.596 170613
204.893 170599
204.894 170597
205.02 170596
205.176 170586
205.198 170574
205.207 170572
205.21 170570
205.211 170556
205.502 170551
205.505 170537
205.506 170527
207.607 170521
207.62 170520
207.65 170517
207.652 170516
207.653 170513
207.658 170506
207.669 170505
208.549 170497
208.551 170493
208.577 170483
208.715 170481
208.722 170480
208.724 170449
208.987 170446
208.989 170444
208.995 170441
208.996 170427
209.49 170426
209.503 170424
210.945 170405
210.958 170401
210.97 170400
211.06 170371
211.064 170366
211.08 170365
211.262 170360
211.311 170351
211.316 170344
211.416 170341
211.421 170340
211.435 170333
211.437 170326
211.44 170315
211.443 170314
211.45 170307
211.456 170303
211.463 170300
211.471 170299
211.477 170296
211.495 170287
211.497 170285
211.504 170282
211.505 170274
211.512 170270
211.541 170265
211.543 170263
211.545 170260
211.557 170257
211.565 170256
211.571 170249
211.576 170239
211.634 170236
211.636 170233
211.652 170215
211.654 170211
211.662 170208
211.894 170206
211.895 170201
211.903 170200
211.904 170191
211.915 170190
211.921 170186
211.923 170182
211.927 170177
211.929 170176
211.93 170175
211.949 170171
211.966 170165
211.968 170159
211.986 170158
211.992 170148
211.996 170138
212.107 170133
212.111 170129
212.125 170123
212.142 170121
212.147 170116
212.149 170114
212.152 170113
212.153 170106
212.161 170105
212.167 170085
212.18 170084
212.184 170051
212.187 170032
212.196 170021
212.201 170005
212.203 169995
212.205 169992
212.207 169988
212.21 169981
212.215 169969
212.235 169958
212.237 169954
212.245 169952
212.271 169949
212.278 169945
212.333 169944
212.341 169943
212.445 169936
212.449 169933
212.451 169928
212.454 169927
212.458 169925
212.471 169923
212.474 169916
212.482 169915
212.49 169913
212.563 169910
212.574 169908
212.577 169905
212.596 169898
212.632 169885
212.641 169879
212.642 169877
212.648 169865
212.868 169862
212.871 169855
212.878 169854
212.888 169853
212.897 169846
212.898 169845
212.921 169842
212.927 169834
234.4 169832
234.414 169826
234.433 169825
234.435 169823
234.443 169818
234.451 169817
234.454 169806
234.456 169805
234.499 169796
234.505 169793
234.507 169784
234.74 169779
234.759 169776
234.851 169762
234.863 169759
234.868 169758
234.919 169755
234.921 169753
234.927 169744
234.929 169739
234.934 169737
234.948 169732
234.951 169730
234.954 169727
234.965 169712
234.973 169709
234.978 169706
234.982 169701
234.987 169694
235.059 169686
235.07 169669
235.079 169655
235.081 169650
235.15 169649
235.161 169648
235.166 169644
235.17 169643
235.173 169626
235.175 169616
235.18 169613
235.207 169608
235.469 169606
235.471 169592
235.481 169589
235.5 169586
235.504 169584
235.508 169572
235.547 169571
235.554 169569
235.561 169561
235.568 169558
236.418 169556
236.427 169548
236.431 169541
236.504 169539
236.513 169533
236.536 169529
236.56 169517
236.638 169510
236.651 169506
236.689 169503
236.696 169501
236.701 169498
236.708 169492
236.721 169490
236.723 169489
236.726 169487
236.738 169482
236.743 169481
236.75 169467
236.752 169465
236.756 169457
236.762 169443
236.767 169423
236.771 169413
236.774 169409
236.807 169402
236.811 169401
236.831 169396
236.833 169389
236.851 169380
236.867 169373
236.875 169371
237.151 169368
237.16 169359
237.165 169354
241.026 169352
241.028 169341
241.033 169323
241.037 169319
241.053 169315
242.739 169313
242.752 169310
242.756 169290
242.76 169287
243.15 169286
243.18 169283
243.183 169281
243.192 169270
243.206 169269
244.696 169261
244.702 169247
244.709 169244
244.766 169237
247.099 169232
247.103 169220
247.126 169211
247.134 169208
247.175 169201
247.419 169200
247.431 169192
247.435 169191
247.436 169184
247.454 169180
247.457 169174
247.467 169173
247.474 169168
247.484 169167
247.499 169157
247.502 169153
247.54 169152
247.708 169151
247.711 169150
247.755 169135
247.758 169129
247.774 169125
247.798 169115
247.801 169097
247.838 169094
247.84 169087
248.329 169080
248.361 169074
248.366 169071
248.368 169066
248.397 169065
248.4 169058
248.455 169053
248.555 169037
255.35 169029
255.356 169027
255.605 169022
255.612 169018
255.613 169015
255.651 169012
257.704 169008
257.758 168997
257.759 168992
257.824 168989
258.078 168977
258.085 168965
258.157 168957
258.257 168948
258.264 168935
258.277 168934
258.285 168933
258.306 168931
258.314 168930
258.322 168926
258.325 168921
258.326 168903
258.346 168896
258.406 168894
258.461 168887
258.472 168886
258.48 168885
258.495 168884
258.499 168882
258.568 168880
258.578 168873
258.579 168867
270.643 168865
270.653 168864
270.657 168863
270.668 168857
270.669 168849
270.687 168847
270.698 168841
270.717 168835
270.962 168832
270.964 168831
270.969 168830
270.975 168828
270.979 168824
271.156 168821
271.16 168820
271.197 168808
271.198 168806
271.211 168778
271.884 168760
271.9 168758
271.902 168756
271.907 168752
272.02 168743
272.024 168731
272.027 168729
273.016 168728
273.054 168721
273.083 168718
273.085 168716
273.248 168715
273.258 168712
273.31 168711
273.312 168708
273.324 168695
273.326 168692
273.388 168688
273.417 168676
273.424 168662
273.512 168652
273.537 168649
273.542 168648
273.545 168636
273.558 168618
273.607 168613
273.639 168610
273.641 168609
273.693 168606
273.889 168594
273.938 168593
273.941 168572
273.942 168570
273.949 168566
273.952 168564
273.981 168558
273.988 168554
273.996 168552
274.001 168550
274.191 168546
274.201 168543
274.204 168538
274.214 168533
274.235 168530
274.237 168527
274.239 168521
274.52 168520
274.763 168511
274.774 168507
275.22 168505
275.234 168496
275.257 168488
275.265 168484
275.275 168480
275.278 168475
275.301 168460
275.303 168456
275.398 168454
275.431 168453
275.433 168448
275.451 168445
275.459 168442
275.466 168439
275.737 168432
275.739 168428
275.742 168425
275.748 168420
275.751 168418
275.757 168411
275.778 168406
275.779 168401
275.876 168399
275.878 168397
275.905 168394
278.541 168388
278.545 168384
278.549 168366
279.967 168362
279.977 168359
280.135 168356
280.138 168355
280.14 168349
280.146 168347
280.212 168344
280.427 168341
280.431 168337
280.432 168326
280.437 168319
280.44 168315
280.443 168312
280.47 168309
280.488 168308
280.557 168299
280.559 168294
280.576 168278
280.585 168274
280.591 168272
280.606 168270
280.611 168266
280.657 168259
280.663 168254
280.681 168248
280.685 168243
280.711 168235
280.721 168231
280.749 168217
280.75 168209
280.756 168193
280.764 168178
280.787 168176
281.058 168171
281.172 168169
281.253 168167
281.266 168166
281.282 168165
281.285 168163
281.315 168155
281.328 168145
281.355 168143
281.358 168135
281.361 168129
281.4 168117
281.409 168107
281.443 168103
281.45 168087
281.453 168081
281.458 168080
281.465 168078
281.468 168077
281.47 168070
281.482 168068
281.489 168065
281.495 168064
281.503 168057
282.442 168056
282.519 168053
282.689 168049
282.693 168047
282.702 168039
282.722 168034
282.727 168031
282.733 168030
282.735 168027
282.74 168026
282.742 168020
282.769 168008
282.772 168006
282.78 168001
282.805 167999
282.806 167998
282.824 167994
282.885 167986
282.925 167985
283.134 167976
283.146 167974
283.148 167971
283.192 167966
283.276 167965
283.277 167956
283.281 167955
283.302 167950
283.303 167946
283.305 167936
283.307 167933
283.324 167931
283.329 167930
283.347 167928
283.355 167924
283.483 167923
283.496 167913
283.51 167905
283.513 167904
283.515 167903
283.528 167893
283.553 167888
283.556 167886
284.072 167881
284.077 167878
284.081 167877
284.084 167875
284.118 167872
284.132 167861
284.142 167857
284.178 167851
287.227 167849
287.235 167844
287.24 167843
287.25 167841
287.256 167837
287.298 167836
288.012 167829
288.024 167828
288.026 167826
288.034 167823
288.04 167819
288.29 167815
288.296 167814
288.308 167813
288.314 167809
288.322 167795
288.377 167792
288.378 167789
288.38 167783
288.381 167778
288.384 167775
288.405 167772
288.407 167771
288.418 167768
288.43 167765
288.432 167763
288.434 167760
293.358 167758
293.523 167757
293.531 167753
293.54 167748
293.543 167746
293.553 167745
293.555 167744
293.616 167737
293.631 167734
293.634 167728
293.636 167725
293.657 167724
293.732 167722
293.736 167715
293.759 167707
293.767 167703
293.789 167699
293.82 167696
293.827 167694
293.853 167691
293.87 167687
293.873 167686
293.901 167682
293.912 167680
293.923 167679
293.946 167678
294.008 167677
295.447 167673
295.466 167658
295.481 167657
295.491 167649
295.492 167648
295.497 167645
295.514 167643
295.517 167639
296.74 167635
298.155 167633
298.16 167629
298.619 167624
298.621 167622
298.676 167616
298.708 167611
298.963 167610
299.335 167606
299.372 167605
299.392 167602
299.399 167601
299.412 167595
299.42 167588
299.422 167583
299.43 167582
299.441 167576
299.444 167557
299.463 167555
301.264 167554
301.274 167549
301.276 167528
301.279 167524
301.28 167520
301.303 167518
301.306 167512
301.439 167511
301.478 167509
301.48 167506
301.496 167505
301.497 167504
301.507 167502
301.533 167501
302.109 167498
302.119 167497
302.125 167496
302.128 167492
302.178 167478
302.247 167477
302.252 167474
302.255 167473
302.258 167472
302.271 167469
302.339 167465
302.356 167463
302.358 167460
302.515 167456
302.529 167455
306.387 167454
306.442 167451
306.445 167449
306.59 167441
306.599 167439
306.605 167437
306.635 167436
310.039 167428
310.043 167424
310.056 167417
310.165 167416
310.174 167414
311.118 167411
311.137 167396
311.157 167390
320.893 167389
320.895 167388
321.285 167386
321.287 167382
321.339 167378
321.382 167376
321.387 167375
321.39 167374
321.425 167372
321.474 167368
321.479 167364
321.492 167362
322.643 167360
323.706 167356
324.46 167355
324.464 167353
324.471 167352
324.513 167350
324.514 167345
324.701 167344
324.741 167342
324.766 167341
324.772 167340
324.777 167337
324.958 167335
324.96 167330
324.97 167326
324.977 167325
326.263 167322
326.377 167310
326.56 167308
326.687 167306
326.694 167304
326.721 167303
326.729 167302
326.735 167299
326.759 167295
326.763 167294
326.782 167292
326.809 167289
326.9 167288
326.962 167285
327.135 167283
327.159 167282
327.169 167280
327.175 167267
327.224 167266
327.225 167265
327.905 167263
327.914 167259
327.954 167256
329.156 167255
329.158 167252
329.161 167251
329.167 167250
329.23 167246
329.243 167245
329.254 167244
329.259 167237
329.279 167233
329.281 167232
329.29 167230
329.293 167226
330.175 167221
330.184 167220
330.214 167216
331.546 167215
331.563 167213
331.573 167211
331.592 167209
332.591 167205
332.595 167202
332.6 167198
332.606 167197
332.611 167193
332.617 167189
332.62 167186
332.716 167179
332.72 167164
332.726 167160
332.747 167154
332.837 167147
332.857 167145
332.893 167144
338.421 167143
338.429 167142
338.436 167138
338.449 167134
338.509 167133
339.993 167132
339.995 167118
340 167116
340.007 167108
340.009 167105
340.093 167104
341.495 167085
341.508 167083
341.525 167077
341.558 167075
341.589 167073
341.609 167072
341.612 167070
341.626 167069
341.659 167067
341.673 167059
341.685 167057
341.699 167049
341.711 167048
341.713 167046
341.73 167044
341.734 167039
341.749 167037
341.75 167036
341.754 167034
341.903 167031
341.906 167030
341.975 167029
341.978 167028
341.989 167022
342.123 167021
342.146 167020
342.263 167016
342.276 167012
342.296 167011
342.356 167008
342.369 167001
342.463 167000
342.647 166999
342.758 166996
342.759 166994
342.761 166992
343.168 166990
343.17 166984
343.173 166982
343.196 166977
343.224 166963
348.169 166962
348.304 166960
348.306 166953
348.439 166952
348.456 166950
348.474 166949
348.587 166947
348.608 166941
348.613 166934
349.644 166933
349.753 166932
350.041 166922
350.089 166921
350.199 166919
350.4 166917
350.412 166915
350.514 166914
350.542 166909
350.637 166906
350.649 166905
350.665 166901
350.749 166899
350.753 166898
350.768 166897
350.851 166890
350.859 166889
350.88 166887
350.886 166886
350.95 166885
351.435 166877
351.436 166876
351.481 166875
351.524 166873
351.55 166870
351.566 166866
351.575 166863
351.693 166862
351.721 166859
351.729 166858
351.733 166855
357.405 166853
357.407 166852
357.425 166851
357.43 166850
358.367 166847
358.422 166846
358.427 166844
358.431 166841
358.484 166837
358.577 166835
358.598 166830
358.631 166829
358.633 166827
358.645 166826
358.683 166825
358.702 166824
358.854 166823
358.867 166821
358.966 166820
359.456 166814
359.49 166802
359.788 166795
359.79 166788
359.795 166787
359.951 166777
359.953 166776
361.238 166774
361.265 166773
361.58 166771
361.6 166770
361.625 166768
361.632 166767
361.675 166766
361.681 166764
361.685 166762
361.911 166761
362.247 166749
362.253 166743
362.346 166738
362.949 166727
363.176 166724
363.195 166721
363.205 166720
363.321 166718
363.356 166715
363.5 166714
363.511 166713
363.516 166708
363.523 166706
363.553 166701
363.578 166700
363.583 166699
363.589 166695
363.637 166691
365.093 166689
365.133 166684
365.139 166682
365.145 166681
365.147 166680
365.162 166674
365.178 166672
365.184 166670
365.2 166669
365.214 166666
365.233 166662
365.234 166659
365.237 166657
365.249 166654
365.313 166648
365.336 166645
365.351 166643
365.493 166642
365.507 166640
365.986 166635
366 166628
366.005 166616
366.011 166613
366.021 166611
366.049 166609
366.063 166606
366.099 166603
366.109 166602
366.139 166599
366.158 166598
366.325 166597
366.44 166596
366.477 166594
366.48 166592
366.521 166591
366.556 166588
366.589 166586
366.604 166584
366.608 166583
366.718 166580
366.72 166577
366.734 166576
366.739 166575
366.745 166572
366.747 166570
366.755 166561
366.775 166557
366.89 166556
366.903 166555
366.904 166554
366.915 166548
366.942 166547
366.944 166541
366.952 166540
383.118 166536
383.318 166531
383.323 166525
383.42 166518
383.422 166517
383.758 166514
383.827 166513
383.841 166506
383.864 166505
384.053 166504
384.063 166499
384.122 166498
385.105 166495
385.123 166491
385.137 166488
385.153 166487
385.158 166485
385.182 166483
385.49 166480
385.495 166479
385.535 166477
385.579 166476
385.581 166475
385.644 166474
385.657 166472
385.684 166471
385.7 166470
385.779 166463
385.837 166462
387.909 166457
390.304 166456
390.316 166452
390.339 166451
390.34 166448
390.421 166446
392.016 166444
392.036 166438
392.038 166437
392.042 166433
392.044 166430
392.575 166429
392.58 166426
392.582 166423
392.604 166414
392.626 166412
392.636 166409
392.649 166405
392.656 166402
392.666 166397
392.667 166394
392.757 166393
392.772 166391
392.795 166389
392.811 166386
392.877 166382
393.028 166378
393.062 166376
393.065 166373
393.145 166371
393.181 166366
393.359 166364
393.387 166363
393.662 166362
393.669 166361
393.703 166360
393.728 166359
393.735 166357
393.749 166354
393.827 166350
394.05 166345
394.105 166341
394.111 166340
394.447 166337
394.466 166336
394.493 166333
394.507 166331
394.607 166329
394.617 166328
394.618 166326
394.622 166322
398.338 166314
398.342 166313
398.381 166312
398.639 166311
398.644 166310
398.679 166309
398.698 166306
398.723 166305
398.738 166301
398.757 166298
399.154 166297
399.231 166296
399.261 166294
399.265 166293
399.544 166290
401.193 166285
401.304 166284
401.391 166281
401.434 166280
401.461 166273
401.479 166272
401.49 166269
401.564 166268
402.587 166267
402.708 166262
402.737 166260
402.803 166258
403.166 166255
403.183 166252
403.221 166249
403.256 166248
403.266 166247
403.281 166241
403.297 166237
403.394 166235
403.418 166234
403.454 166233
403.468 166230
403.491 166227
403.506 166225
403.509 166224
403.535 166221
403.553 166220
403.589 166211
403.677 166210
404.592 166208
404.599 166206
404.653 166205
404.66 166203
404.664 166201
404.671 166199
404.698 166197
404.745 166195
404.847 166194
404.851 166193
404.864 166190
405.179 166189
406.471 166187
406.504 166186
406.52 166179
406.916 166178
406.97 166175
407.009 166170
407.719 166169
407.729 166166
408.79 166163
408.833 166162
408.857 166161
409.726 166158
409.729 166154
409.796 166149
409.81 166144
409.825 166141
410.195 166140
410.221 166139
410.496 166137
410.516 166132
410.522 166128
410.983 166121
415.663 166119
415.82 166116
415.876 166104
415.896 166101
415.906 166100
415.918 166096
415.928 166095
415.932 166093
415.968 166092
415.97 166090
416.19 166087
416.197 166086
416.27 166083
416.364 166082
416.388 166081
419.588 166080
419.635 166078
419.641 166073
419.797 166072
419.859 166071
419.873 166070
419.889 166069
421.03 166066
421.049 166060
421.051 166058
421.08 166057
423.928 166056
423.95 166055
423.962 166053
423.974 166047
424.124 166045
424.139 166044
424.165 166043
424.211 166038
424.216 166034
424.24 166033
424.274 166026
424.277 166024
424.403 166023
424.536 166022
424.543 166021
424.589 166019
425.017 166014
425.043 166012
425.055 166011
425.06 166010
426.027 166006
426.062 166004
426.12 166003
426.125 166002
426.186 166001
426.203 165999
426.21 165997
427.276 165993
427.291 165991
427.301 165986
427.349 165984
427.42 165982
427.441 165981
427.459 165979
427.472 165978
427.543 165975
427.55 165974
429.969 165973
430.018 165969
431.485 165968
431.96 165965
431.984 165964
432.084 165963
432.089 165962
432.265 165960
432.28 165959
432.317 165956
432.319 165952
432.324 165949
432.421 165948
432.486 165946
432.541 165945
432.573 165944
432.663 165937
432.668 165936
432.682 165935
432.687 165934
432.738 165933
432.879 165928
435.107 165923
435.111 165920
435.138 165919
436.849 165915
436.872 165913
436.946 165912
436.964 165911
436.985 165909
437.049 165908
437.054 165907
437.086 165906
437.288 165905
437.315 165904
437.373 165902
437.423 165901
437.454 165900
438.014 165897
439.022 165896
440.286 165895
440.421 165894
440.478 165892
441.47 165891
441.506 165890
441.566 165887
441.595 165884
441.641 165881
441.649 165879
441.93 165878
442.002 165877
442.008 165875
442.019 165874
442.057 165873
444.611 165872
444.72 165871
445.327 165870
445.349 165869
446.24 165867
446.244 165866
446.631 165865
446.648 165863
446.765 165861
446.766 165860
446.814 165858
449.99 165853
450.051 165852
450.063 165851
450.065 165850
450.114 165849
450.395 165848
450.45 165847
450.497 165846
450.623 165844
451.152 165841
451.157 165838
451.231 165837
451.454 165832
451.551 165831
451.553 165829
451.567 165828
451.632 165824
451.89 165823
451.998 165821
452.045 165820
452.1 165819
452.517 165818
457.248 165815
457.259 165814
457.265 165813
459.017 165812
459.241 165811
459.349 165810
459.413 165809
459.416 165807
459.5 165805
461.099 165803
461.703 165801
461.79 165800
461.857 165799
461.88 165797
461.954 165794
462.02 165793
462.065 165792
462.072 165791
462.27 165790
462.318 165789
462.322 165787
462.366 165784
462.373 165781
462.483 165780
464.621 165779
465.224 165772
465.239 165768
465.248 165760
465.415 165758
465.479 165757
467.274 165755
467.285 165754
467.385 165752
468.336 165751
468.411 165750
468.655 165748
468.704 165747
468.712 165744
468.798 165742
468.819 165741
469.7 165736
469.717 165735
469.739 165734
469.78 165733
469.882 165732
469.919 165731
469.93 165730
469.936 165729
470.008 165728
470.125 165727
470.342 165726
470.444 165725
470.46 165720
470.765 165718
471.256 165717
471.273 165716
471.362 165715
471.492 165714
473.082 165713
473.098 165712
473.407 165711
473.411 165708
473.426 165707
473.435 165706
473.66 165705
481.293 165704
481.309 165702
481.896 165698
481.901 165697
482.217 165696
483.36 165692
483.455 165689
483.518 165686
483.85 165685
483.933 165684
483.938 165683
483.979 165681
484.053 165680
484.277 165679
485.113 165678
485.166 165676
485.252 165672
498.036 165671
498.037 165670
498.374 165669
498.557 165667
500.233 165666
500.564 165664
501.298 165663
501.416 165662
501.493 165659
501.94 165658
502.006 165656
502.118 165655
502.229 165652
502.248 165650
502.737 165649
502.825 165645
502.879 165644
503.093 165643
503.135 165642
503.178 165641
503.211 165638
503.221 165637
503.224 165636
503.266 165635
504.522 165634
506.772 165633
506.81 165632
506.847 165631
506.919 165630
506.938 165629
507.912 165627
507.971 165626
508.041 165625
508.056 165624
508.898 165623
508.91 165622
508.986 165621
510.282 165620
510.464 165618
510.497 165617
510.522 165616
510.562 165615
512.901 165611
512.957 165610
512.97 165609
513.231 165608
513.27 165607
513.287 165606
513.71 165605
513.907 165604
513.947 165603
516.56 165602
516.604 165600
522.816 165599
522.996 165598
523.161 165597
523.188 165596
523.19 165595
523.283 165594
524.818 165589
525.058 165587
525.221 165585
525.274 165584
525.554 165583
525.773 165582
528.755 165581
529.005 165580
529.172 165579
529.986 165578
532.676 165574
535.411 165573
536.633 165571
536.85 165570
537.326 165569
537.421 165566
537.945 165548
537.952 165547
537.992 165546
538.379 165544
538.417 165543
540.374 165542
540.437 165540
540.975 165539
541.04 165538
541.179 165537
541.264 165535
541.552 165534
541.827 165533
544.281 165532
544.828 165531
546.136 165530
546.362 165528
548.127 165527
548.822 165526
548.875 165523
550.769 165522
550.886 165521
550.903 165520
552.06 165516
552.34 165515
552.521 165514
552.792 165513
554.836 165512
554.844 165510
559.68 165509
559.786 165508
559.826 165507
562.352 165506
562.557 165505
562.755 165504
562.916 165503
564.229 165502
564.285 165501
564.388 165500
