0.738 88028
0.738 88025
0.739 87916
0.74 87778
0.74 87769
0.741 87765
0.742 87720
0.743 87690
0.743 87667
0.743 87653
0.744 87552
0.744 87536
0.745 87490
0.746 87457
0.746 87210
0.747 87179
0.748 87176
0.748 87165
0.749 86898
0.75 86867
0.75 86857
0.751 86851
0.752 86751
0.753 86587
0.754 86565
0.755 86556
0.756 86433
0.757 86430
0.757 86418
0.758 86354
0.759 86260
0.759 86239
0.76 86188
0.761 86186
0.761 86180
0.762 86178
0.763 86150
0.765 86117
0.765 86116
0.766 86111
0.767 86064
0.767 86062
0.768 86030
0.769 86022
0.77 86011
0.771 86009
0.771 85983
0.772 85886
0.773 85859
0.774 85847
0.774 85835
0.775 85825
0.776 85714
0.776 85634
0.777 85629
0.778 85623
0.779 85602
0.779 85566
0.783 85507
0.784 85492
0.785 85488
0.787 85436
0.787 85432
0.788 85399
0.789 85377
0.79 85362
0.79 85361
0.791 85351
0.792 85342
0.792 85321
0.793 85319
0.794 85318
0.794 85316
0.797 85308
0.797 85298
0.799 85241
0.8 85196
0.802 85118
0.804 85109
0.805 85106
0.806 85085
0.806 85075
0.807 85059
0.808 85055
0.809 85049
0.81 85048
0.81 85034
0.811 85030
0.811 85018
0.811 85015
0.812 85013
0.813 85012
0.814 85008
0.814 84996
0.816 84991
0.819 84988
0.82 84982
0.82 84980
0.822 84974
0.822 84971
0.823 84968
0.825 84934
0.826 84933
0.828 84929
0.829 84925
0.831 84909
0.832 84905
0.833 84904
0.833 84898
0.834 84890
0.835 84875
0.839 84874
0.841 84565
0.842 84546
0.843 84542
0.843 84538
0.844 84519
0.845 84493
0.848 84478
0.863 84476
0.864 84475
0.865 84473
0.865 84470
0.866 84465
0.869 84444
0.871 84441
0.872 84423
0.873 84421
0.874 84419
0.875 84413
0.876 84412
0.876 84399
0.877 84390
0.878 84356
0.879 84355
0.88 84354
0.881 84330
0.882 84325
0.884 84312
0.886 84309
0.886 84294
0.887 84286
0.887 84285
0.888 84272
0.889 84262
0.895 84257
0.897 84195
0.898 84194
0.899 84185
0.902 84184
0.903 84167
0.903 84155
0.905 84127
0.909 84123
0.914 84083
0.915 84079
0.915 84074
0.917 84070
0.917 84062
0.918 84059
0.918 84058
0.919 84055
0.92 84051
0.922 84050
0.923 84048
0.924 84026
0.926 84025
0.928 84002
0.93 83976
0.93 83967
0.931 83963
0.945 83934
0.946 83930
0.947 83895
0.949 83829
0.95 83828
0.953 83814
0.971 83801
1.018 83796
1.019 83793
1.02 83771
1.023 83765
1.023 83748
1.024 83733
1.04 83722
1.041 83707
1.045 83701
1.054 83686
1.055 83681
1.058 83669
1.06 83660
1.068 83646
1.069 83641
1.072 83636
1.072 83635
1.075 83634
1.077 83619
1.078 83617
1.08 83612
1.082 83601
1.083 83599
1.088 83595
1.09 83570
1.091 83569
1.091 83554
1.094 83548
1.1 83545
1.1 83541
1.102 83535
1.105 83503
1.115 83500
1.126 83498
1.139 83490
1.14 83487
1.141 83475
1.141 83458
1.142 83456
1.143 83434
1.153 83429
1.155 83419
1.155 83409
1.156 83408
1.157 83372
1.158 83349
1.161 83343
1.163 83340
1.164 83338
1.168 83331
1.169 83328
1.176 83302
1.179 83284
1.179 83281
1.18 83275
1.181 83256
1.182 83240
1.183 83237
1.185 83225
1.187 83222
1.188 83220
1.19 83216
1.191 83212
1.191 83209
1.192 83205
1.193 83201
1.195 83190
1.198 83189
1.2 83187
1.201 83185
1.236 83174
1.236 83172
1.237 83169
1.295 83153
1.456 83151
1.458 83140
1.459 83129
1.46 83108
1.461 83097
1.488 83094
1.492 83072
1.493 83064
1.498 83057
1.501 83025
1.504 83020
1.505 83006
1.507 83004
1.514 82989
1.515 82980
1.53 82967
1.531 82964
1.532 82958
1.532 82957
1.533 82941
1.565 82910
1.568 82907
1.569 82889
1.586 82888
1.588 82884
1.589 82872
1.59 82845
1.592 82840
1.594 82830
1.596 82826
1.603 82821
1.604 82817
1.605 82812
1.606 82799
1.608 82775
1.608 82768
1.616 82762
1.617 82749
1.619 82746
1.62 82702
1.622 82699
1.65 82698
1.651 82691
1.654 82678
1.654 82670
1.657 82651
1.658 82648
1.658 82641
1.665 82610
1.67 82581
1.671 82567
1.675 82562
1.676 82558
1.83 82555
1.831 82545
1.857 82528
1.859 82523
1.86 82510
1.865 82509
1.869 82480
1.871 82474
1.872 82471
1.879 82467
1.879 82416
1.88 82401
1.882 82392
1.883 82381
1.889 82374
1.889 82369
1.948 82351
1.949 82350
1.95 82297
1.95 82285
1.956 82281
1.957 82272
1.96 82264
1.963 82263
1.964 82251
1.966 82248
1.971 82242
1.974 82234
1.977 82230
1.996 82210
1.997 82209
1.997 82184
2.01 82176
2.01 82173
2.011 82169
2.014 82161
2.662 82148
2.674 82140
2.676 82122
2.686 82113
2.825 82108
2.826 82107
2.829 82103
2.83 82092
2.831 82087
2.832 82084
3.215 82083
3.217 82080
3.22 82054
3.464 81101
3.465 81089
3.466 81088
3.585 81085
3.592 81067
3.593 81065
4.361 81054
4.362 81032
4.364 81031
4.366 81021
4.367 81015
4.37 80997
4.399 80994
4.4 80993
4.401 80987
4.402 80982
5.785 80980
5.786 80950
5.787 80937
5.787 80926
5.788 80918
5.865 80909
5.875 80896
5.877 80892
5.987 80876
5.989 80870
5.989 80827
6.739 80825
6.739 80816
6.742 80805
6.744 80776
6.745 80769
7.1 80761
7.102 80743
7.103 80736
7.112 80735
7.118 80734
7.119 80731
7.12 80723
7.133 80717
7.135 80709
7.137 80700
7.241 80676
7.243 80675
7.245 80673
7.245 80670
7.246 80668
7.263 80661
7.264 80638
7.272 80629
7.3 80607
7.301 80576
7.303 80558
7.991 80551
7.992 80548
7.993 80537
7.999 80535
8.001 80531
8.008 80520
8.009 80510
8.01 80478
8.012 80474
8.02 80448
8.02 80422
8.022 80418
8.022 80414
8.024 80406
8.028 80395
9.15 80386
9.192 80357
9.194 80356
9.195 80343
9.197 80339
9.244 80336
9.245 80335
9.245 80316
9.246 80303
9.247 80295
9.248 80293
9.25 80291
10.241 80275
10.242 80261
10.242 80244
10.244 80235
10.247 80228
10.267 80216
10.269 80207
10.271 80203
10.658 80187
10.662 80175
10.662 80173
10.664 80155
10.664 80145
10.665 80135
10.666 80125
10.667 80123
10.67 80107
10.686 80098
10.69 80095
10.691 80088
10.693 80071
10.694 80063
10.695 80053
11.686 80039
11.69 80034
11.714 80025
11.717 80023
11.729 80017
11.733 80006
11.735 79995
11.738 79991
11.738 79990
11.739 79960
11.745 79915
11.764 79898
11.769 79888
19.714 79879
19.715 79870
19.723 79857
19.741 79839
19.77 79819
19.774 79806
19.888 79800
19.901 79792
19.904 79758
19.907 79754
19.909 79740
19.91 79722
19.914 79716
19.916 79693
19.919 79689
19.921 79679
26.758 79652
26.768 79645
26.771 79642
26.771 79636
26.773 79623
26.774 79621
26.775 79604
26.775 79579
26.776 79568
26.784 79516
26.786 79487
26.794 79472
27.108 79463
27.109 79453
27.118 79450
39.188 79444
39.19 79420
39.205 79419
39.234 79412
39.394 79410
39.395 79407
39.395 79381
39.4 79361
39.401 79352
39.402 79330
39.403 79319
39.404 79308
39.405 79302
39.407 79298
39.407 79295
39.409 79280
39.423 79267
39.424 79265
39.432 79260
41.048 79259
41.05 79254
41.05 79245
42.604 79237
43.653 79204
43.654 79190
43.662 79184
43.666 79181
43.669 79166
43.671 79161
43.672 79146
43.673 79142
52.808 79134
53.768 79115
57.78 79096
58.104 79076
58.106 79061
58.159 79056
58.16 79045
58.163 79021
58.173 78998
58.25 78989
58.269 78987
58.277 78953
58.277 78932
58.28 78930
58.281 78918
58.283 78898
58.348 78883
58.35 78880
58.53 78878
58.53 78867
58.531 78866
58.532 78865
58.534 78864
60.292 78837
60.293 78828
60.337 78822
60.341 78819
60.345 78806
60.346 78789
64.644 78788
64.646 78787
64.653 78779
64.655 78773
64.655 78768
64.657 78758
64.659 78743
64.661 78736
64.663 78727
64.667 78717
64.688 78713
64.689 78706
64.69 78700
64.69 78695
64.693 78684
64.694 78681
64.695 78650
64.697 78624
64.699 78614
64.701 78611
64.708 78606
66.599 78589
66.604 78573
66.606 78487
66.62 78476
66.622 78457
66.626 78445
66.629 78432
66.632 78409
66.713 78391
67.009 78360
67.01 78343
67.034 78319
67.035 78305
67.207 78296
67.208 78294
67.214 78283
67.215 78279
67.226 78269
67.233 78268
67.235 78262
67.236 78259
67.259 78257
67.266 78249
67.267 78248
67.268 78242
67.351 78240
67.393 78227
67.394 78213
67.421 78194
67.422 78177
67.423 78169
67.426 78167
67.427 78158
67.431 78153
79.226 78148
79.264 78147
79.266 78137
80.42 78134
80.422 78126
80.423 78122
80.424 78103
80.433 78098
80.433 78081
80.456 78080
80.459 78078
81.117 78071
81.129 78054
81.13 78017
82.31 78005
82.313 77998
82.315 77993
82.316 77971
82.459 77969
82.584 77958
82.589 77952
82.593 77945
82.597 77917
88.582 77899
88.584 77897
88.586 77894
89.685 77892
89.816 77887
89.816 77872
89.817 77861
89.818 77846
89.823 77843
89.825 77840
90.004 77837
90.009 77833
90.01 77825
90.01 77818
90.014 77810
93.8 77805
94.821 77804
94.824 77802
94.964 77795
94.965 77785
95.006 77782
95.007 77759
95.008 77745
95.012 77740
95.013 77735
95.027 77728
95.03 77719
95.044 77715
95.046 77705
95.047 77700
95.352 77696
95.356 77695
95.357 77684
95.36 77674
95.384 77671
95.385 77670
95.873 77667
95.878 77657
95.879 77648
95.893 77638
95.896 77627
95.899 77626
96.557 77624
105.342 77615
105.349 77610
105.389 77602
105.4 77598
105.441 77583
105.477 77577
105.837 77569
105.842 77560
105.848 77552
105.922 77550
106.014 77543
106.016 77534
108.438 77528
108.481 77519
108.56 77515
108.565 77512
108.567 77500
108.576 77484
108.577 77473
108.579 77466
108.58 77464
109.077 77463
109.092 77459
109.095 77450
109.096 77442
115.645 77436
115.647 77435
115.675 77424
115.676 77423
115.683 77422
115.684 77415
115.814 77412
118.659 77397
118.671 77384
118.681 77378
118.682 77377
118.684 77375
119.124 77374
119.132 77347
119.162 77346
119.166 77345
119.17 77332
119.173 77319
121.959 77317
121.96 77316
121.963 77313
121.968 77294
121.972 77282
121.974 77278
121.976 77274
121.976 77271
129.921 77269
130.487 77253
130.489 77245
130.493 77222
130.494 77216
133.943 77211
134.058 77208
135.637 77206
135.686 77200
135.687 77190
135.688 77189
135.692 77185
135.693 77183
135.723 77182
135.729 77177
135.73 77176
135.731 77175
135.798 77163
135.839 77142
135.85 77141
135.855 77135
136.825 77128
136.827 77127
136.831 77115
136.833 77114
136.833 77110
136.853 77105
136.898 77099
136.899 77096
136.902 77088
136.904 77080
137.037 77077
137.04 77076
137.044 77071
137.048 77070
137.061 77062
137.063 77054
137.082 77052
137.082 77049
137.084 77047
137.13 77042
137.167 77032
137.23 77029
137.231 77005
137.251 77004
137.278 77000
137.744 76990
138.004 76988
138.026 76985
138.03 76967
157.546 76964
157.548 76956
157.571 76954
157.738 76953
157.742 76949
157.752 76948
158.483 76934
158.715 76932
158.72 76918
159.094 76914
159.095 76911
159.097 76901
159.119 76898
159.277 76891
159.278 76890
159.93 76887
159.97 76886
160.014 76884
160.017 76883
160.762 76882
160.763 76879
168.368 76857
168.373 76854
168.377 76853
170.152 76846
170.161 76840
170.188 76831
170.189 76830
170.192 76820
172.503 76812
172.506 76802
172.509 76798
172.51 76797
172.513 76794
172.985 76787
172.989 76778
174.829 76776
174.83 76774
174.845 76771
174.849 76770
174.853 76769
174.896 76768
174.898 76767
180.371 76766
184.053 76753
184.171 76752
188.078 76749
188.081 76747
188.337 76746
188.36 76740
188.72 76737
188.738 76731
188.959 76720
188.984 76719
188.986 76711
188.991 76708
188.992 76707
188.998 76706
190.075 76705
190.144 76704
190.147 76703
190.171 76691
190.179 76690
190.179 76688
190.189 76687
190.302 76686
190.309 76681
191.978 76678
191.988 76666
192.016 76658
192.017 76654
192.023 76653
192.027 76651
192.032 76648
192.212 76647
192.235 76644
193.135 76641
193.139 76637
193.143 76636
193.254 76623
193.262 76620
193.269 76614
193.27 76610
193.334 76609
193.338 76607
198.256 76606
198.297 76596
198.338 76594
199.059 76590
199.065 76588
199.069 76587
199.071 76583
199.099 76580
199.106 76579
204.123 76577
204.124 76576
207.207 76575
207.354 76573
207.379 76572
210.294 76570
210.308 76568
210.363 76567
210.369 76558
210.376 76551
210.38 76550
210.381 76548
210.394 76546
210.425 76545
211.375 76539
211.382 76538
211.39 76537
211.391 76535
211.412 76533
213.669 76530
224.172 76523
224.376 76518
224.38 76512
224.384 76510
224.396 76508
224.398 76506
225.32 76501
227.107 76500
227.115 76498
227.119 76495
227.122 76493
227.145 76492
227.146 76488
227.147 76483
227.155 76482
227.164 76479
227.17 76478
227.283 76475
227.301 76474
227.626 76470
227.629 76468
227.812 76461
227.912 76459
228.01 76453
228.258 76448
228.301 76447
243.122 76439
245.808 76437
245.956 76433
245.985 76424
246.032 76413
246.076 76409
246.216 76407
246.995 76405
247.461 76403
247.473 76402
247.475 76399
247.507 76395
247.522 76394
247.553 76393
247.569 76391
247.576 76390
247.584 76387
247.605 76386
247.64 76384
247.643 76382
247.667 76379
263.557 76378
263.571 76374
263.652 76373
263.666 76372
264.966 76371
265.539 76367
265.544 76366
265.545 76361
265.56 76360
265.567 76359
265.877 76358
265.904 76356
265.925 76355
268.007 76354
283.04 76351
283.113 76347
284.325 76344
284.339 76343
284.342 76340
285.37 76338
290.809 76337
290.842 76332
290.86 76330
290.945 76329
290.96 76328
291.022 76326
309.758 76325
309.794 76324
314.161 76323
314.166 76321
316.95 76317
317.098 76315
317.268 76314
