0.063 50020
0.063 49989
0.064 49964
0.064 49925
0.064 49886
0.065 49875
0.065 49864
0.066 49825
0.066 49811
0.067 49789
0.067 49773
0.067 49769
0.068 49732
0.069 49726
0.069 49722
0.07 49703
0.07 49664
0.071 49591
0.071 49578
0.072 49494
0.073 49449
0.073 49402
0.074 49137
0.074 49114
0.075 48991
0.075 48977
0.075 48971
0.076 48919
0.076 48867
0.078 48719
0.078 48716
0.079 48672
0.079 48631
0.08 48627
0.08 48621
0.08 48619
0.081 48605
0.081 48598
0.081 48596
0.082 48594
0.082 48568
0.083 48557
0.083 48556
0.084 48531
0.084 48520
0.085 48456
0.087 48422
0.088 48415
0.088 48414
0.089 48363
0.089 48362
0.092 48327
0.093 48326
0.093 48310
0.094 48285
0.095 48276
0.095 48270
0.098 48268
0.098 48256
0.102 48252
0.104 48245
0.105 48222
0.106 48217
0.107 48189
0.107 48168
0.108 48151
0.108 48140
0.111 48137
0.111 48049
0.112 48022
0.112 48016
0.116 48014
0.117 48009
0.118 48008
0.125 47999
0.13 47993
0.131 47988
0.134 47976
0.137 47975
0.139 47965
0.15 47959
0.166 47930
0.171 47917
0.172 47913
0.277 47885
0.278 47840
0.278 47830
0.28 47821
0.309 47789
0.335 47768
0.339 47723
0.34 47710
0.341 47698
0.342 47654
0.346 47641
0.348 47598
0.351 47522
0.351 47520
0.352 47469
0.353 47420
0.422 47371
0.424 47336
0.574 47311
0.577 47280
0.578 47279
1.193 47225
1.225 47223
1.226 47219
1.226 47208
1.227 47183
1.231 47144
1.99 47125
1.99 47081
2.201 47067
2.299 47041
2.3 47039
2.305 47033
2.306 47032
2.348 47012
2.348 47009
2.35 47005
2.351 46944
2.353 46939
2.354 46934
2.354 46861
2.354 46857
2.357 46847
2.36 46846
2.381 46809
2.381 46808
2.382 46741
2.384 46720
2.386 46704
2.41 46677
2.411 46669
2.875 46655
2.875 46645
2.881 46635
2.881 46623
2.882 46614
2.908 46585
2.91 46582
2.911 46553
2.914 46521
2.915 46513
2.915 46505
2.937 46446
2.952 46428
2.966 46420
6.138 46413
6.14 46411
6.179 46377
6.182 46373
6.289 46351
6.762 46340
6.934 46332
6.961 46302
7.026 46296
7.028 46238
7.164 46226
7.287 46223
7.288 46222
7.5 46217
7.503 46214
7.522 46204
7.525 46202
8.1 46197
8.105 46196
8.191 46152
8.208 46148
8.209 46088
8.213 46071
8.215 46058
8.216 46036
8.247 46035
8.247 46024
8.258 46015
8.259 46014
8.26 46008
8.261 46005
8.262 46003
8.273 46000
8.292 45973
8.294 45972
8.295 45969
9.59 45964
9.598 45961
9.599 45932
9.623 45917
9.626 45913
9.643 45907
9.647 45904
9.653 45901
9.655 45895
9.685 45882
9.706 45876
9.707 45868
9.719 45847
11.146 45825
11.295 45821
11.296 45820
11.297 45811
11.297 45810
11.301 45808
11.303 45806
11.305 45796
11.305 45795
11.306 45785
11.306 45784
11.999 45782
12.008 45771
12.008 45762
12.011 45736
12.067 45735
12.069 45708
12.07 45706
12.071 45696
12.072 45636
12.073 45632
12.076 45610
12.077 45609
12.078 45593
12.114 45591
12.119 45588
12.12 45585
12.122 45584
12.207 45556
12.208 45547
12.21 45546
19.576 45543
19.891 45536
19.894 45532
19.907 45511
19.907 45486
19.922 45483
19.925 45482
21.417 45461
21.48 45458
21.501 45449
22.021 45441
22.039 45439
22.048 45438
22.053 45436
22.054 45432
22.063 45417
22.086 45392
23.403 45384
23.41 45383
23.424 45381
23.424 45368
23.46 45364
23.461 45360
23.559 45359
23.56 45357
26.279 45355
26.455 45349
26.513 45340
27.309 45332
27.316 45329
27.338 45325
27.408 45319
27.501 45315
27.51 45314
27.523 45311
27.536 45310
27.538 45309
27.564 45307
27.579 45302
27.695 45296
27.713 45290
27.723 45286
27.736 45275
27.743 45272
27.797 45257
28.107 45255
28.116 45246
28.198 45238
28.839 45235
28.865 45232
29.121 45229
29.121 45219
29.17 45215
29.18 45206
29.272 45204
29.328 45198
29.338 45197
29.472 45192
30.568 45191
30.598 45187
30.647 45182
30.684 45178
30.922 45177
37.365 45174
37.386 45167
37.388 45165
37.417 45164
37.515 45162
37.528 45156
38.433 45153
38.491 45143
38.507 45140
38.553 45139
38.579 45137
38.876 45136
39.167 45132
39.468 45130
39.482 45127
39.508 45118
39.51 45111
39.521 45110
39.521 45108
39.548 45106
