0.003 12449
0.004 12416
0.004 12381
0.005 12263
0.005 12248
0.006 12229
0.007 12227
0.007 12220
0.008 12170
0.009 11898
0.011 11874
0.015 11852
0.016 11814
0.017 11807
0.018 11792
0.021 11790
0.022 11757
0.022 11747
0.022 11746
0.022 11738
0.024 11733
0.025 11694
0.025 11693
0.035 11681
0.038 11595
0.039 11590
0.04 11553
0.059 11551
0.059 11546
0.065 11415
0.065 11339
0.066 11319
0.066 11162
0.106 11160
0.108 11135
0.609 11134
0.958 11129
1.256 11125
1.257 11119
1.257 11101
5.564 11100
5.579 11097
5.812 11093
6.67 11091
18.708 11089
19.156 11088
