0.004 30303
0.004 30283
0.005 30217
0.006 30135
0.007 29811
0.008 29760
0.008 29721
0.008 29689
0.009 29589
0.011 29564
0.012 29478
0.013 29477
0.014 29460
0.015 29344
0.016 28943
0.018 28776
0.019 28682
0.02 28681
0.024 28677
0.025 28670
0.029 28530
0.03 28525
0.036 28493
0.038 28456
0.039 28425
0.04 28251
0.08 28159
0.084 28139
0.093 28107
0.094 28106
0.094 28055
0.101 28051
0.102 28043
0.105 28037
0.109 27990
0.11 27989
0.11 27969
0.112 27953
0.212 27943
0.212 27940
0.212 27935
1.622 27887
1.653 27886
1.655 27858
1.777 27830
2.09 27821
2.094 27809
2.094 27802
2.489 27796
3.492 27723
13.541 27720
13.542 27710
15.634 27706
18.425 27677
18.458 27674
18.467 27673
18.471 27666
18.474 27661
18.791 27659
19.065 27655
19.381 27654
19.513 27644
19.518 27632
25.45 27628
25.495 27619
26.242 27609
