0.063 50078
0.064 50039
0.064 50003
0.064 49999
0.065 49966
0.065 49965
0.065 49934
0.066 49928
0.066 49926
0.066 49887
0.067 49852
0.067 49838
0.068 49725
0.068 49719
0.068 49715
0.068 49712
0.069 49326
0.07 49313
0.07 49310
0.07 49303
0.071 49285
0.071 49267
0.072 49247
0.072 49245
0.073 49220
0.074 49212
0.074 49175
0.075 49119
0.075 49068
0.076 48984
0.076 48965
0.077 48962
0.079 48951
0.08 48950
0.081 48939
0.081 48928
0.082 48811
0.083 48801
0.083 48795
0.085 48790
0.085 48776
0.087 48751
0.088 48746
0.088 48497
0.089 48495
0.09 48483
0.09 48455
0.09 48450
0.091 48327
0.091 48326
0.093 48314
0.093 48296
0.095 48287
0.096 48280
0.099 48252
0.099 48241
0.1 48185
0.103 48171
0.104 48165
0.105 48158
0.123 48151
0.124 48147
0.125 48144
0.127 48117
0.128 48112
0.129 48064
0.13 48059
0.137 48016
0.138 48014
0.139 47999
0.139 47987
0.141 47985
0.142 47935
0.143 47916
0.171 47904
0.172 47824
0.172 47800
0.191 47785
0.192 47784
0.195 47732
0.209 47710
0.256 47651
0.259 47647
0.261 47645
0.286 47641
0.303 47636
0.482 47607
0.483 47598
0.488 47548
0.494 47521
0.494 47475
0.495 47463
0.495 47456
0.502 47432
0.502 47419
0.503 47378
0.504 47365
0.514 47361
0.516 47352
0.518 47349
0.521 47346
1.271 47331
1.273 47258
1.275 47232
1.276 47210
1.332 47186
1.512 47177
1.512 47144
1.512 47113
1.514 47088
1.514 47060
1.519 47059
1.52 47053
1.522 47032
1.53 47024
1.532 47000
1.533 46987
1.587 46975
1.587 46966
1.6 46940
1.655 46882
1.656 46874
1.66 46867
1.66 46852
1.661 46833
2.345 46814
2.346 46808
2.348 46791
2.349 46790
2.35 46785
2.352 46754
2.353 46741
2.356 46730
2.649 46727
2.651 46712
2.653 46699
2.716 46697
2.721 46695
2.722 46692
2.725 46680
2.728 46679
2.733 46653
3.59 46642
3.594 46626
3.595 46620
3.597 46612
3.61 46585
3.611 46574
3.612 46573
3.613 46550
3.616 46541
3.691 46530
3.692 46527
7.715 46514
7.724 46499
7.727 46479
7.946 46474
7.946 46463
7.947 46419
7.949 46398
7.95 46397
8.391 46395
8.726 46349
8.727 46346
8.728 46310
8.73 46304
8.796 46274
8.802 46268
8.804 46261
8.815 46253
8.817 46252
8.82 46191
8.821 46187
8.821 46100
8.822 46098
9.09 46058
9.092 46036
9.161 46018
9.161 46016
9.17 46000
9.175 45999
9.175 45980
9.185 45975
9.211 45956
9.216 45954
9.216 45925
9.216 45922
9.309 45918
9.31 45901
9.315 45896
9.316 45892
13.688 45877
14.505 45865
14.507 45850
14.521 45814
14.528 45803
14.54 45796
14.541 45774
14.545 45768
14.549 45766
14.573 45755
14.592 45735
14.595 45704
14.605 45698
14.607 45692
14.607 45690
14.613 45689
16.673 45672
17.13 45663
17.167 45653
17.167 45650
17.168 45647
17.172 45621
18.687 45603
18.711 45602
18.712 45594
18.72 45587
18.722 45580
18.726 45575
18.728 45570
18.74 45569
18.793 45555
22.92 45549
22.922 45545
22.934 45543
22.966 45535
22.966 45533
22.969 45528
23.309 45526
23.482 45522
23.495 45509
23.53 45508
23.548 45505
23.568 45501
23.574 45491
23.581 45477
23.584 45474
23.587 45467
23.763 45466
24.943 45463
25.525 45461
25.53 45436
25.539 45430
25.543 45424
25.554 45418
25.565 45411
25.826 45410
25.835 45402
27.765 45398
27.779 45397
27.781 45391
27.93 45390
27.944 45389
27.953 45388
27.964 45385
29.994 45383
29.998 45382
30.05 45380
30.081 45379
30.082 45374
30.089 45373
30.576 45372
30.579 45371
30.587 45369
30.589 45350
30.592 45344
30.619 45340
30.672 45339
30.686 45335
30.743 45334
30.929 45322
30.936 45317
31.521 45308
31.523 45306
31.55 45303
31.554 45301
32.645 45299
32.672 45293
32.676 45283
32.798 45281
32.885 45278
32.898 45276
32.902 45275
32.903 45269
32.915 45267
34.006 45265
34.007 45262
34.026 45261
34.026 45259
34.135 45258
34.164 45255
35.381 45254
