0.002 16770
0.002 16764
0.002 16713
0.003 16707
0.003 16702
0.006 16565
0.007 16551
0.007 15622
0.008 15609
0.008 15605
0.01 15592
0.01 15536
0.013 15532
0.013 15517
0.014 15489
0.017 15455
0.017 15408
0.017 15405
0.019 15403
0.025 15299
0.026 15268
0.026 15244
0.029 15192
0.03 15183
0.039 15158
0.066 15107
0.067 15086
0.068 15032
0.068 15018
0.07 15004
0.073 15003
0.073 14993
0.076 14985
0.078 14982
0.101 14963
0.102 14930
0.103 14917
0.103 14916
0.108 14905
0.11 14900
0.11 14896
0.162 14892
0.163 14891
0.176 14888
0.177 14886
2.105 14885
3.854 14881
3.876 14874
26.643 14873
