0.003 32453
0.004 32442
0.004 32374
0.004 32371
0.006 32328
0.01 31986
0.011 31975
0.012 31950
0.014 31936
0.014 31925
0.015 31607
0.024 31605
0.026 31174
0.044 31166
0.044 31145
0.045 31048
0.046 31046
0.046 31040
0.047 31037
0.047 31021
0.051 30908
0.051 30898
0.054 30890
0.069 30888
0.07 30697
0.078 30579
0.085 30567
0.103 30536
0.104 30514
0.106 30475
0.11 30434
0.111 30340
0.112 30329
0.113 30297
0.114 30284
0.147 30195
0.149 30192
0.46 30179
0.46 30145
0.464 30132
0.464 30123
0.467 30119
0.474 30099
0.48 30076
0.61 30059
0.818 30045
0.819 29992
0.823 29972
0.828 29936
0.835 29901
0.842 29886
0.846 29707
0.847 29704
0.847 29690
0.871 29681
0.889 29645
0.891 29608
1.011 29578
1.013 29513
1.014 29507
1.021 29499
1.022 29476
1.023 29472
1.025 29470
1.337 29469
1.378 29449
1.436 29443
1.436 29435
1.447 29432
1.45 29422
1.457 29419
2.276 29401
2.277 29395
2.332 29371
2.335 29369
2.336 29358
2.339 29356
3.128 29351
3.129 29334
3.132 29276
3.202 29267
3.206 29254
3.217 29227
3.22 29205
3.227 29201
3.229 29190
3.958 29172
3.963 29165
3.964 29156
3.965 29105
4.159 29102
4.162 29096
4.162 29095
4.168 29093
4.171 29092
4.173 29084
5.555 29082
6.153 29080
6.333 29076
6.635 29074
6.651 29067
6.675 29065
6.682 29062
6.683 29060
7.197 29058
7.197 29057
7.199 29055
8.672 29044
8.71 29041
8.895 29039
8.898 29038
8.899 29036
8.901 29033
8.901 29032
8.903 29025
9.926 29022
9.937 29021
9.94 29019
10.655 29010
12.226 29008
20.575 29003
20.576 28999
20.591 28991
22.98 28982
24.444 28981
24.445 28980
