0.003 18012
0.004 17966
0.004 17889
0.005 17823
0.006 17688
0.007 17640
0.007 17626
0.008 17590
0.009 17565
0.018 17467
0.021 17263
0.023 17236
0.024 17232
0.025 17201
0.03 17114
0.031 17094
0.034 17077
0.035 17069
0.036 16886
0.058 16867
0.126 16858
0.129 16829
0.13 16661
0.131 16637
0.348 16633
0.35 16625
0.38 16624
0.384 16622
0.447 16615
0.447 16601
0.702 16542
0.94 16536
0.944 16485
0.994 16478
1.401 16394
1.403 16393
1.425 16382
1.425 16335
1.426 16327
1.427 16319
1.47 16270
3.9 16250
3.915 16233
3.925 16224
23.648 16219
25.74 16216
26.516 16215
26.862 16195
26.872 16188
26.887 16184
26.904 16183
