0.004 15906
0.005 15797
0.005 15792
0.005 15712
0.006 15556
0.008 15459
0.009 15434
0.01 15399
0.017 15302
0.019 15285
0.02 15211
0.021 15201
0.023 15198
0.024 15196
0.027 15161
0.028 15120
0.032 15108
0.041 15099
0.045 15085
0.047 15078
0.048 15068
0.051 15035
0.059 14968
0.06 14953
0.061 14860
0.062 14795
0.062 14741
0.063 14678
0.065 14674
0.067 14634
0.071 14607
0.076 14561
0.099 14560
0.1 14548
0.103 14543
0.107 14532
0.114 14523
0.122 14521
0.279 14507
0.296 14498
0.297 14496
0.298 14487
0.303 14457
0.303 14434
0.996 14418
2.802 14409
2.809 14393
2.809 14377
2.811 14371
5.653 14365
6.077 14363
6.079 14353
6.08 14334
11.141 14323
11.149 14322
11.158 14319
11.768 14303
11.772 14300
11.846 14286
11.849 14284
11.849 14282
11.865 14278
