0.007 32747
0.007 32744
0.008 32738
0.009 32423
0.01 32135
0.011 32091
0.012 32066
0.012 32027
0.014 32016
0.014 31995
0.015 31926
0.016 31862
0.019 31797
0.024 31649
0.025 31631
0.034 31549
0.036 31426
0.043 31332
0.044 31315
0.044 31220
0.048 31135
0.115 31126
0.125 31115
0.126 31060
0.126 31033
0.129 31028
0.132 30952
0.136 30948
0.138 30820
0.139 30807
0.233 30773
0.234 30733
0.247 30730
0.335 30729
0.337 30703
0.34 30690
0.346 30654
0.354 30645
0.362 30623
0.364 30614
0.703 30583
0.704 30574
0.733 30524
0.738 30501
0.739 30475
0.741 30471
0.745 30411
0.748 30358
0.753 30348
0.755 30344
0.85 30292
0.882 30288
1.127 30287
1.128 30259
1.129 30250
1.13 30205
1.817 30201
1.826 30174
1.827 30158
2.264 30149
2.312 30118
2.313 30117
2.315 30104
2.315 30093
2.316 30092
2.318 30089
2.322 30085
2.323 30068
2.725 30067
2.736 30061
2.736 30030
2.738 30024
2.743 29972
2.745 29948
2.746 29924
3.204 29923
10.011 29920
10.034 29904
10.035 29901
10.064 29871
10.417 29838
10.424 29837
16.126 29825
16.181 29823
18.488 29816
18.49 29805
19.048 29803
19.063 29802
