0.005 15525
0.005 15351
0.006 15350
0.006 15309
0.006 15240
0.007 15103
0.007 15093
0.007 15038
0.013 15020
0.015 15009
0.016 14969
0.016 14919
0.017 14907
0.112 14903
0.115 14901
0.116 14891
0.117 14889
0.121 14885
0.122 14867
0.136 14823
0.158 14796
0.252 14794
0.253 14779
0.253 14749
0.254 14716
0.256 14700
0.257 14656
0.258 14653
0.265 14645
0.266 14616
0.268 14613
0.273 14605
0.279 14603
0.533 14586
0.535 14576
0.535 14554
0.536 14531
2.062 14518
2.064 14514
3.643 14485
3.851 14471
3.852 14469
4.426 14460
4.431 14457
7.135 14430
7.136 14420
8.998 14418
9.008 14415
9.009 14408
9.016 14398
14.326 14397
14.368 14394
14.697 14377
