0.005 65895
0.005 65881
0.006 65810
0.006 65799
0.007 65726
0.008 65724
0.008 65647
0.011 65614
0.012 65605
0.013 65442
0.016 65317
0.017 65308
0.019 65034
0.02 65021
0.02 65003
0.021 64940
0.023 64931
0.024 64791
0.025 64790
0.026 64705
0.027 64686
0.032 64676
0.073 64647
0.074 64605
0.075 64595
0.076 64564
0.088 64477
0.089 64472
0.091 64438
0.098 64413
0.103 64405
0.105 64379
0.11 64354
0.114 64352
0.122 64320
0.123 64310
0.134 64302
0.135 64273
0.245 64263
0.246 64214
0.249 64180
0.39 64171
0.391 64153
0.395 64151
0.402 64122
0.454 64085
0.455 64076
0.456 64072
0.459 64063
0.465 64017
0.526 63987
1.128 63939
1.131 63931
1.926 63913
1.926 63905
1.931 63825
1.989 63808
1.991 63772
1.999 63766
9.119 63727
20.118 63726
20.121 63722
