0.007 32885
0.007 32798
0.007 32794
0.008 32696
0.008 32428
0.009 32425
0.011 32334
0.011 32322
0.012 32252
0.016 32190
0.018 32130
0.022 32065
0.022 32040
0.023 31933
0.025 31921
0.026 31907
0.027 31809
0.028 31805
0.031 31772
0.033 31761
0.035 31715
0.035 31709
0.036 31703
0.037 31636
0.037 31572
0.04 31555
0.045 31554
0.047 31503
0.048 31496
0.051 31432
0.052 31379
0.054 31363
0.056 31328
0.06 31300
0.061 31282
0.067 31241
0.069 31224
0.07 31176
0.071 31168
0.073 31138
0.09 31108
0.096 31034
0.097 30980
0.098 30962
0.099 30939
0.099 30925
0.101 30866
0.101 30847
0.102 30810
0.11 30795
0.144 30779
0.145 30778
0.163 30764
0.164 30756
0.166 30747
0.167 30740
0.168 30737
0.168 30712
0.169 30695
0.169 30666
0.171 30663
0.193 30650
0.195 30648
0.199 30644
0.207 30618
0.208 30608
0.209 30605
0.209 30594
0.21 30586
0.21 30572
0.212 30568
0.215 30567
0.247 30515
0.247 30507
0.503 30490
0.509 30473
0.515 30442
0.529 30381
0.53 30340
0.531 30313
0.532 30274
0.532 30256
0.533 30252
0.534 30247
0.542 30227
0.553 30208
0.554 30207
0.555 30177
0.556 30157
0.559 30154
0.56 30118
2.437 30088
2.502 30084
2.838 30048
2.841 30045
2.842 30026
2.844 29995
2.847 29988
2.849 29954
2.852 29909
2.89 29881
2.89 29866
2.892 29859
6.292 29844
8.091 29842
8.094 29822
8.094 29821
8.216 29807
8.23 29805
8.232 29804
9.773 29786
9.776 29782
9.776 29765
10.486 29764
10.489 29763
11.244 29753
12.74 29749
12.747 29748
12.75 29747
14.555 29744
14.583 29740
17.612 29737
20.543 29735
20.574 29734
22.178 29732
22.91 29721
22.915 29719
