0.006 15886
0.007 15857
0.007 15850
0.007 15734
0.007 15715
0.007 15708
0.008 15687
0.008 15681
0.008 15631
0.009 15607
0.009 15582
0.01 15576
0.01 15573
0.01 15532
0.011 15521
0.011 15510
0.012 15509
0.014 15436
0.015 15397
0.015 15382
0.016 15364
0.017 15355
0.021 15354
0.021 15348
0.03 15335
0.031 15326
0.031 15314
0.032 15313
0.033 15312
0.034 15290
0.035 15266
0.036 15254
0.037 15252
0.043 15124
0.046 15123
0.071 15100
0.072 15088
0.085 15084
0.086 15081
0.086 15080
0.087 15060
0.088 15058
0.089 15045
0.089 15044
0.101 14979
0.102 14977
0.102 14959
0.103 14948
0.103 14818
0.104 14624
0.105 14598
0.106 14548
0.112 14542
0.117 14528
0.12 14448
0.12 14439
0.123 14435
0.123 14434
0.124 14386
0.125 14362
0.126 14346
0.183 14332
0.184 14318
0.192 14312
0.199 14307
0.234 14265
0.237 14221
0.24 14218
0.244 14205
0.749 14183
0.762 14174
1.462 14167
1.463 14161
1.463 14159
1.464 14156
1.465 14147
1.544 14141
1.546 14133
1.548 14126
2.63 14118
2.637 14096
6.423 14091
6.426 14090
6.435 14088
6.59 14058
6.603 14053
6.606 14050
7.524 14037
9.303 14030
9.309 14024
9.369 14021
9.376 14019
9.416 14018
9.422 14001
10.199 13993
10.201 13990
10.21 13988
10.992 13987
10.992 13986
11.003 13985
11.089 13982
11.188 13981
11.197 13969
11.571 13966
11.584 13964
11.829 13963
11.987 13959
23.883 13958
27.565 13954
28.538 13951
28.733 13950
