0.005 19636
0.005 19612
0.006 19567
0.006 19529
0.006 19463
0.006 19459
0.006 19452
0.007 19373
0.007 19372
0.008 19351
0.008 19309
0.009 19256
0.009 19253
0.011 19247
0.012 19242
0.013 19241
0.022 19116
0.024 19100
0.024 19095
0.028 19079
0.028 19063
0.029 18993
0.029 18986
0.066 18856
0.066 18848
0.069 18841
0.089 18809
0.09 18800
0.111 18746
0.122 18569
0.122 18538
0.174 18523
0.175 18508
0.177 18500
0.177 18491
0.182 18425
0.192 18388
0.198 18357
0.199 18338
0.203 18322
0.203 18313
0.213 18297
0.215 18258
0.216 18250
0.217 18238
0.218 18224
1.397 18219
2.731 18193
2.751 18186
2.753 18178
2.906 18170
2.907 18128
2.908 18113
3.023 18045
3.038 18043
3.595 18041
4.561 18030
7.023 18029
7.046 18025
7.051 18008
7.052 17986
9.234 17970
9.369 17959
13.613 17955
13.962 17944
15.739 17910
15.757 17892
15.757 17887
15.766 17886
15.769 17885
15.779 17877
15.805 17875
15.812 17869
16.015 17867
16.658 17864
18.81 17861
