0.006 46668
0.007 46661
0.007 46614
0.008 46566
0.008 46539
0.008 46486
0.009 46387
0.011 46371
0.011 46356
0.011 46329
0.012 46320
0.012 46316
0.013 46315
0.013 46299
0.014 46286
0.015 46193
0.017 46094
0.017 46084
0.018 46061
0.018 46025
0.019 45991
0.02 45978
0.021 45961
0.022 45922
0.026 45910
0.03 45894
0.033 45888
0.034 45857
0.035 45856
0.037 45850
0.038 45844
0.039 45834
0.041 45830
0.041 45820
0.043 45816
0.045 45738
0.049 45683
0.052 45644
0.061 45642
0.063 45622
0.064 45595
0.065 45584
0.07 45484
0.071 45429
0.117 45420
0.12 45398
0.12 45390
0.12 45372
0.123 45320
0.125 45308
0.126 45262
0.135 45195
0.161 45179
0.161 45175
0.162 45125
0.171 45036
0.176 45023
0.177 45007
0.182 44992
0.185 44983
0.217 44945
0.217 44918
0.239 44882
0.254 44862
0.255 44839
0.256 44834
0.257 44813
0.259 44811
0.259 44732
0.261 44726
0.264 44706
0.265 44688
0.265 44662
0.279 44646
0.28 44642
0.28 44638
0.283 44595
0.286 44586
0.287 44508
0.289 44427
0.291 44421
0.294 44404
1.035 44376
1.036 44368
1.05 44367
1.101 44332
1.113 44327
1.132 44319
1.201 44303
1.201 44302
1.201 44292
1.485 44252
1.486 44229
1.492 44194
1.534 44192
1.535 44190
1.886 44182
1.886 44164
1.889 44163
1.89 44105
1.895 44098
1.896 44092
3.705 44067
3.707 44059
3.714 44053
3.714 44042
3.719 44039
3.746 44037
3.811 44034
3.832 44027
3.834 44026
3.838 44013
3.839 43995
3.841 43993
3.865 43990
3.879 43976
3.933 43973
3.937 43964
10.093 43962
10.735 43949
10.78 43947
10.782 43922
14.866 43921
14.917 43919
14.945 43918
15.01 43911
15.011 43910
15.018 43899
15.028 43898
15.03 43891
17.722 43887
17.75 43879
17.752 43877
17.757 43862
17.772 43860
17.773 43856
17.817 43841
17.817 43826
17.825 43816
17.851 43815
17.922 43811
17.936 43810
19.285 43798
19.293 43793
19.301 43792
19.304 43787
19.386 43786
19.616 43784
19.737 43783
19.778 43775
19.784 43773
19.814 43761
19.826 43756
19.833 43751
19.841 43747
20.055 43746
20.082 43737
20.483 43736
21.047 43735
