0.006 24673
0.006 24599
0.007 24570
0.007 24532
0.008 24525
0.008 24492
0.009 24430
0.01 24376
0.015 24375
0.015 24371
0.016 24356
0.019 24307
0.024 24294
0.036 24274
0.038 24239
0.039 24230
0.04 24206
0.059 24179
0.061 24172
0.062 24088
0.063 24054
0.069 24029
0.069 23935
0.071 23933
0.072 23929
0.073 23820
0.077 23809
0.083 23760
0.084 23726
0.086 23580
0.263 23544
0.263 23539
0.303 23521
0.304 23511
0.306 23485
0.306 23469
0.307 23456
0.307 23391
0.308 23261
0.341 23246
0.341 23238
0.8 23233
0.801 23189
0.804 23183
0.813 23180
0.815 23172
0.819 23153
0.843 23145
0.942 23130
0.945 23114
0.946 23101
1.105 23086
1.107 23074
1.119 23041
1.119 23011
1.129 23008
1.13 22984
1.148 22977
1.205 22961
1.206 22903
1.207 22888
3.771 22880
3.771 22857
5.81 22851
6.565 22849
6.567 22846
6.569 22831
6.57 22829
9.715 22828
9.723 22809
9.725 22798
9.775 22794
9.776 22776
9.778 22770
9.785 22766
9.889 22762
9.951 22755
9.958 22753
10.249 22728
10.866 22712
10.878 22707
11.019 22706
12.734 22696
12.736 22695
12.745 22683
12.747 22681
16.215 22680
16.216 22679
16.253 22675
16.254 22673
16.66 22653
16.66 22638
16.741 22628
16.893 22626
17.112 22616
19.55 22615
19.608 22612
20.571 22611
21.766 22610
21.771 22609
21.79 22607
21.809 22605
21.823 22603
21.831 22599
