0.005 25970
0.006 25942
0.007 25904
0.007 25893
0.007 25865
0.009 25844
0.009 25816
0.009 25791
0.009 25544
0.01 25529
0.011 25518
0.012 25450
0.013 25424
0.014 25270
0.016 25145
0.016 25110
0.017 25092
0.02 25071
0.022 25061
0.024 25029
0.024 25028
0.031 24998
0.047 24807
0.049 24800
0.049 24790
0.058 24772
0.078 24747
0.235 24716
0.24 24687
0.275 24650
0.367 24639
0.371 24628
0.377 24619
0.378 24618
0.381 24606
0.393 24585
0.394 24581
0.402 24574
0.935 24529
0.952 24464
0.952 24463
1.018 24455
1.019 24453
1.081 24443
1.084 24440
1.2 24409
1.202 24398
1.207 24397
1.512 24381
1.514 24375
1.516 24326
2.542 24320
2.542 24300
5.426 24297
5.431 24279
5.432 24274
5.432 24269
5.476 24253
5.519 24231
5.542 24227
5.948 24198
5.951 24191
5.952 24162
6.099 24145
8.334 24129
8.336 24128
8.343 24125
8.349 24123
8.374 24120
8.378 24114
8.381 24095
8.386 24085
8.387 24079
8.397 24074
8.411 24071
8.413 24056
8.419 24040
8.424 24038
8.434 24037
10.21 24024
10.212 24019
10.215 24010
10.218 24003
10.292 23996
11.136 23992
11.156 23990
11.16 23989
13.531 23986
13.629 23982
15.656 23980
15.726 23978
18.055 23977
18.246 23975
18.469 23969
18.472 23968
19.08 23966
19.093 23961
19.41 23960
19.821 23953
20.128 23949
20.147 23948
