0.004 22001
0.004 21957
0.004 21833
0.006 21777
0.006 21715
0.007 21638
0.007 21604
0.008 21547
0.008 21544
0.01 21535
0.011 21526
0.018 21517
0.019 21499
0.019 21498
0.02 21384
0.021 21212
0.024 21180
0.025 21171
0.025 21165
0.028 21136
0.031 21125
0.033 21073
0.033 21060
0.036 21059
0.037 21042
0.037 21018
0.037 21007
0.038 20973
0.044 20957
0.044 20932
0.045 20908
0.046 20903
0.047 20647
0.048 20611
0.048 20583
0.049 20511
0.054 20493
0.059 20333
0.063 20151
0.064 20113
0.065 20090
0.065 20043
0.066 20033
0.067 19990
0.067 19980
0.068 19947
0.073 19912
0.075 19900
0.077 19893
0.241 19828
0.242 19814
0.247 19790
0.248 19775
0.287 19768
0.875 19761
0.876 19758
0.877 19751
0.881 19737
1.595 19718
1.601 19704
1.605 19700
1.626 19686
2.595 19669
2.723 19661
2.728 19653
2.766 19650
2.769 19645
2.769 19600
2.772 19591
2.775 19584
2.775 19577
7.498 19576
7.501 19563
7.508 19554
8.007 19553
8.067 19543
8.243 19519
8.331 19508
8.332 19506
8.828 19505
8.836 19471
10.236 19464
14.631 19463
22.532 19456
