0.008 22085
0.008 22071
0.009 22056
0.009 21655
0.009 21597
0.009 21582
0.011 21525
0.011 21520
0.012 21505
0.012 21503
0.013 21483
0.016 21425
0.018 21200
0.019 21187
0.09 21132
0.094 21124
0.095 21060
0.117 21051
0.119 21038
0.126 21029
0.126 21011
0.179 21008
0.185 20987
0.27 20976
0.283 20967
0.283 20961
0.285 20930
0.288 20928
3.22 20917
3.224 20893
3.225 20871
3.226 20858
3.613 20843
3.614 20829
3.656 20810
3.657 20803
3.666 20763
3.668 20737
4.162 20734
4.163 20729
4.253 20704
4.254 20678
4.255 20638
15.644 20636
15.663 20633
15.718 20621
21.853 20619
22.2 20615
22.214 20604
22.216 20596
30.419 20595
30.455 20593
