0.01 18080
0.01 18045
0.01 18040
0.011 18037
0.011 18014
0.011 17991
0.011 17983
0.012 17761
0.013 17675
0.014 17665
0.014 17664
0.015 17645
0.017 17589
0.018 17587
0.02 17345
0.021 17249
0.023 17216
0.024 17197
0.025 17183
0.034 17164
0.037 17163
0.106 17148
0.107 17116
0.108 17082
0.108 17080
0.111 17064
0.111 17056
0.112 17053
0.116 16995
0.116 16981
0.118 16970
0.124 16957
0.124 16940
0.125 16920
0.125 16919
0.125 16871
0.126 16865
0.13 16857
0.133 16851
0.133 16850
0.134 16830
0.134 16805
0.137 16599
0.139 16591
0.139 16588
0.14 16570
0.145 16567
0.145 16562
0.15 16559
0.15 16547
0.151 16518
0.153 16517
0.153 16516
0.154 16508
0.157 16503
0.18 16494
0.18 16482
0.181 16481
0.181 16419
0.181 16416
0.182 16389
0.185 16357
0.243 16352
0.66 16351
0.661 16348
0.661 16343
0.662 16276
0.722 16275
0.725 16270
0.729 16260
0.734 16255
0.738 16246
0.791 16238
0.805 16237
0.807 16231
3.554 16230
3.556 16220
3.556 16217
3.557 16209
4.274 16207
4.278 16202
4.282 16191
4.282 16189
4.285 16171
4.287 16170
4.288 16162
4.293 16132
4.295 16129
4.296 16121
4.297 16097
4.297 16095
4.299 16094
4.3 16081
4.3 16079
4.301 16052
4.302 16051
4.303 16050
4.318 16039
4.32 16036
4.335 16028
4.335 15997
5.242 15996
5.243 15995
5.244 15980
5.245 15971
6.451 15969
6.452 15926
6.456 15907
6.464 15904
6.473 15902
6.475 15900
6.578 15895
6.582 15885
6.585 15863
6.614 15856
6.616 15841
6.616 15834
6.626 15818
6.628 15802
6.645 15781
6.646 15769
6.646 15758
6.683 15755
6.683 15750
6.708 15740
6.709 15736
6.72 15731
6.722 15723
6.724 15718
7.021 15708
7.025 15707
7.027 15697
7.029 15695
10.417 15690
10.419 15666
10.513 15660
10.515 15656
10.532 15655
10.536 15653
10.553 15647
10.6 15641
10.601 15630
11.506 15626
11.512 15621
11.533 15620
11.538 15612
11.539 15607
11.582 15603
11.589 15596
20.239 15594
20.251 15593
20.291 15588
20.298 15587
20.3 15582
20.535 15580
20.537 15579
20.662 15576
26.386 15575
26.636 15574
26.712 15572
26.724 15570
