0.009 34086
0.01 34074
0.012 33996
0.012 33986
0.013 33917
0.013 33894
0.014 33875
0.014 33873
0.014 33832
0.014 33831
0.014 33799
0.02 33769
0.02 33746
0.021 33731
0.021 33702
0.022 33658
0.025 33647
0.026 33633
0.027 33578
0.03 33576
0.05 33564
0.077 33541
0.078 33513
0.08 33494
0.081 33493
0.081 33414
0.082 33322
0.087 33247
0.092 33190
0.092 33178
0.093 33169
0.093 33068
0.103 33046
0.104 32993
0.105 32975
0.106 32951
0.108 32936
0.117 32928
0.118 32777
0.125 32769
0.126 32766
0.131 32736
0.133 32711
0.136 32703
0.138 32651
0.138 32648
0.142 32637
0.15 32634
0.154 32608
0.155 32571
0.158 32549
0.158 32541
0.422 32540
0.423 32478
0.424 32466
0.424 32458
0.427 32419
0.427 32393
0.427 32359
0.432 32352
0.433 32337
0.435 32320
0.455 32278
0.456 32277
0.52 32204
0.522 32198
0.522 32185
0.523 32183
0.523 32162
0.524 32144
0.524 32143
0.896 32139
0.922 32135
0.923 32119
2.266 32092
2.469 32029
2.488 32025
2.499 32004
2.502 31985
2.503 31977
2.504 31970
2.52 31946
2.521 31915
2.526 31889
2.526 31888
2.556 31882
2.558 31868
2.566 31865
2.572 31841
2.583 31838
2.625 31780
2.654 31756
2.66 31751
2.661 31748
2.671 31715
2.704 31703
5.249 31699
5.253 31663
5.254 31648
5.259 31642
5.261 31623
5.265 31620
5.313 31619
5.314 31614
5.314 31607
9.357 31590
9.358 31576
9.542 31538
9.542 31531
10.14 31529
10.14 31528
10.151 31521
10.161 31518
10.216 31513
10.24 31503
10.605 31501
10.61 31498
10.611 31491
10.623 31489
10.628 31461
20.806 31456
20.987 31453
21.004 31452
21.006 31448
21.774 31447
21.793 31446
23.22 31442
23.572 31441
23.578 31440
23.579 31439
23.904 31436
23.936 31434
25.105 31426
25.372 31421
25.923 31410
