0.01 82111
0.011 81854
0.011 81849
0.011 81838
0.011 81826
0.012 81823
0.013 81733
0.013 81730
0.014 81711
0.015 81686
0.016 81677
0.016 81672
0.016 81669
0.017 81656
0.018 81587
0.019 81568
0.02 81564
0.02 81557
0.041 81553
0.042 81542
0.043 81506
0.043 81463
0.044 81439
0.047 81394
0.048 81359
0.05 81327
0.057 81326
0.058 81302
0.082 81252
0.082 81237
0.102 81222
0.103 81150
0.104 81086
0.122 81065
0.122 81063
0.123 81057
0.151 81029
0.151 81024
0.154 81012
0.182 80983
0.183 80978
0.185 80960
0.187 80900
0.21 80889
0.23 80880
0.231 80863
0.232 80849
0.254 80814
0.256 80794
0.256 80758
0.419 80728
0.424 80692
0.44 80656
0.448 80654
0.456 80642
0.461 80634
0.54 80516
0.541 80504
0.542 80485
0.543 80483
0.55 80474
0.551 80389
0.552 80375
0.554 80355
0.555 80334
1.25 80310
1.256 80265
1.257 80247
1.37 80184
1.373 80158
1.374 80141
4.761 80113
4.762 80112
4.762 80102
6.927 80100
7.101 80082
7.102 80063
7.104 80060
7.422 80053
7.429 80029
7.431 80025
7.722 80024
7.729 79973
7.729 79964
7.731 79953
7.734 79947
7.864 79934
8.297 79932
9.084 79930
9.085 79918
9.089 79901
10.227 79885
10.233 79882
10.261 79877
10.261 79872
13.425 79866
13.426 79857
13.428 79832
13.661 79821
15.407 79816
17.119 79801
17.888 79787
19.374 79783
19.438 79775
19.593 79764
19.676 79751
19.683 79744
19.691 79742
20.739 79740
20.743 79736
20.751 79733
20.752 79724
20.772 79718
23.359 79708
23.363 79702
23.389 79682
24.505 79677
31.359 79676
31.373 79671
31.443 79670
31.459 79666
32.279 79662
35.976 79660
