0.008 21068
0.009 20957
0.009 20937
0.009 20905
0.01 20838
0.011 20780
0.011 20774
0.014 20747
0.014 20733
0.015 20665
0.016 20613
0.016 20539
0.017 20529
0.018 20449
0.018 20440
0.018 20434
0.019 20419
0.023 20412
0.024 20410
0.025 20400
0.026 20370
0.031 20369
0.033 20364
0.045 20288
0.045 20273
0.046 20227
0.046 20224
0.047 20192
0.049 20128
0.05 20127
0.05 20112
0.057 20061
0.058 20035
0.059 20014
0.061 19967
0.111 19950
0.112 19930
0.136 19914
0.137 19875
0.205 19873
0.206 19832
0.206 19831
0.209 19827
0.23 19819
0.231 19809
0.232 19797
0.233 19789
0.236 19778
0.237 19769
0.237 19760
0.324 19739
1.35 19731
1.351 19730
1.359 19716
1.361 19706
1.361 19672
1.363 19671
1.363 19669
1.364 19664
1.371 19662
1.376 19626
1.469 19586
2.387 19576
2.398 19563
2.398 19556
2.398 19547
2.399 19538
2.4 19536
2.404 19497
2.405 19495
2.69 19484
2.691 19461
2.694 19455
2.695 19452
3.053 19444
3.054 19434
7.498 19430
13.537 19418
13.724 19414
13.967 19405
13.968 19397
16.09 19393
18.797 19385
18.96 19384
19.112 19381
20.248 19378
20.261 19377
20.328 19373
24.382 19364
24.389 19359
24.5 19357
24.502 19347
24.813 19344
24.814 19343
24.833 19339
28.56 19337
28.565 19328
28.612 19326
28.616 19324
