0.009 19147
0.009 19143
0.01 19140
0.01 19068
0.01 19052
0.011 19038
0.013 18563
0.013 18557
0.014 18539
0.015 18523
0.016 18471
0.017 18457
0.018 18452
0.018 18444
0.02 18435
0.02 18411
0.046 18396
0.047 18389
0.047 18383
0.048 18333
0.048 18311
0.049 18310
0.049 18309
0.06 18298
0.061 18297
0.061 18270
0.061 18264
0.062 18257
0.063 18249
0.063 18243
0.069 18231
0.074 18225
0.076 18216
0.077 18215
0.078 18210
0.079 18206
0.086 18174
0.091 18172
0.132 18154
0.132 18146
0.134 18132
0.136 18130
0.137 18064
0.137 18051
0.154 18049
0.161 18048
0.163 18016
0.165 18006
0.166 17999
0.166 17989
0.167 17987
0.185 17984
0.186 17981
0.187 17979
0.192 17974
0.193 17971
0.194 17960
0.195 17954
0.197 17953
0.198 17935
0.199 17929
0.27 17923
0.277 17914
0.515 17911
0.52 17901
0.523 17891
0.523 17873
0.659 17838
0.662 17829
0.663 17824
0.678 17822
0.679 17814
0.68 17804
0.76 17800
0.761 17776
0.83 17771
0.832 17761
0.833 17728
0.84 17716
0.841 17707
0.842 17699
0.849 17675
0.856 17669
1.06 17663
1.062 17656
1.063 17655
1.063 17638
1.066 17629
1.541 17618
1.578 17596
1.579 17595
3.24 17587
3.257 17578
4.949 17576
4.95 17575
4.952 17569
4.958 17557
5.131 17547
5.132 17545
5.132 17541
5.173 17528
5.173 17521
5.306 17507
5.766 17505
5.786 17477
5.789 17472
5.79 17464
5.799 17450
5.801 17427
5.83 17424
5.849 17423
8.438 17422
8.44 17419
8.467 17418
8.472 17416
8.473 17406
8.476 17387
8.479 17378
8.482 17377
8.489 17373
9.242 17372
9.284 17368
9.286 17365
9.296 17364
9.297 17359
9.314 17352
9.314 17341
9.315 17338
9.329 17335
9.33 17332
9.375 17328
9.38 17321
9.646 17317
9.652 17315
9.669 17309
10.44 17298
10.933 17279
10.941 17264
10.947 17263
10.977 17256
13.717 17252
13.734 17249
13.81 17239
13.981 17232
13.989 17229
14.061 17220
14.071 17219
14.133 17217
18.799 17216
18.836 17212
21.948 17206
22.554 17204
25.235 17203
25.278 17200
25.8 17199
25.821 17197
26.704 17191
26.798 17189
