0.011 27071
0.011 27058
0.012 27045
0.012 26961
0.012 26917
0.012 26911
0.013 26907
0.013 26856
0.014 26828
0.014 26811
0.014 26771
0.015 26743
0.015 26734
0.015 26664
0.016 26619
0.016 26616
0.016 26592
0.018 26476
0.021 26442
0.021 26428
0.036 26406
0.036 26328
0.094 26237
0.138 26228
0.139 26208
0.139 26204
0.141 26198
0.142 26156
0.189 26152
0.196 26123
0.196 26115
0.197 26095
0.202 26085
0.206 26036
0.255 26029
0.277 26014
0.319 25997
0.323 25988
0.444 25930
0.478 25911
0.478 25899
0.478 25894
0.479 25874
0.495 25869
0.496 25855
0.504 25778
0.507 25760
0.521 25757
0.544 25744
0.545 25727
0.546 25723
0.546 25714
0.547 25671
0.611 25661
0.614 25569
0.615 25560
0.618 25551
0.619 25539
0.62 25538
0.622 25531
0.622 25522
0.63 25515
0.631 25488
0.634 25471
0.673 25464
1.112 25421
1.345 25416
1.348 25397
1.349 25323
2.154 25317
2.157 25277
2.157 25239
2.159 25235
2.161 25228
2.479 25226
2.757 25220
2.774 25205
2.825 25160
2.837 25156
2.839 25150
3.004 25149
3.006 25140
3.007 25131
3.011 25097
3.676 25084
4.434 25060
4.44 25058
4.442 25043
6.421 25036
6.425 25028
12.625 25024
12.625 25020
12.848 25019
12.848 25016
12.852 25015
12.925 25012
12.928 25009
12.934 25002
12.964 24994
12.984 24988
13.911 24986
13.962 24985
13.971 24980
14.014 24969
14.015 24961
17.862 24953
17.865 24943
17.866 24933
19.167 24931
19.453 24929
19.658 24928
19.662 24921
20.344 24915
20.364 24910
20.378 24903
20.38 24901
20.657 24897
20.743 24882
20.792 24880
20.843 24877
22.669 24876
23.243 24874
23.266 24871
23.299 24866
