0.014 36917
0.014 36799
0.014 36750
0.015 36734
0.015 36721
0.016 36710
0.016 36677
0.017 36664
0.017 36605
0.018 36525
0.021 36440
0.021 36409
0.022 36372
0.022 36346
0.023 36319
0.023 36279
0.024 36222
0.027 36193
0.028 36136
0.028 36110
0.029 36078
0.029 36074
0.03 35977
0.031 35972
0.035 35962
0.05 35961
0.065 35941
0.08 35917
0.101 35902
0.102 35894
0.103 35882
0.107 35872
0.127 35827
0.137 35803
0.138 35797
0.139 35785
0.14 35770
0.353 35766
0.354 35710
0.355 35652
0.356 35644
0.358 35616
0.37 35608
0.371 35587
0.372 35586
0.375 35529
0.459 35520
0.459 35514
0.459 35471
0.628 35442
0.629 35441
0.63 35435
0.631 35431
0.634 35427
1.058 35372
1.375 35349
1.383 35333
1.383 35326
1.388 35278
1.388 35253
1.399 35228
1.399 35173
1.403 35162
1.57 35134
1.57 35133
2.251 35109
2.549 35084
2.55 35073
2.726 35048
2.728 35042
2.729 35029
2.732 35020
2.754 35013
2.765 34993
2.768 34991
2.855 34989
2.859 34962
4.454 34949
4.46 34939
4.461 34931
4.467 34926
9.234 34922
9.247 34917
9.258 34907
9.26 34831
9.273 34818
9.28 34790
9.28 34778
9.298 34770
9.342 34752
9.342 34747
11.624 34735
11.63 34705
11.643 34698
11.839 34685
11.842 34678
14.871 34676
14.891 34667
14.899 34662
15.387 34659
15.39 34644
15.429 34552
15.443 34551
15.52 34550
15.521 34547
15.857 34546
17.581 34545
17.583 34544
17.598 34541
17.622 34540
17.634 34538
17.663 34520
17.666 34514
17.926 34511
18.019 34509
18.033 34508
20.431 34490
20.49 34484
21.258 34478
21.285 34477
23.661 34471
23.68 34470
23.711 34445
24.41 34444
25.252 34442
25.474 34441
25.626 34440
27.252 34439
