0.014 18129
0.014 18108
0.014 18074
0.015 18017
0.016 17946
0.016 17899
0.017 17867
0.017 17859
0.019 17799
0.019 17791
0.02 17777
0.022 17754
0.022 17752
0.024 17689
0.024 17685
0.025 17649
0.026 17643
0.026 17637
0.027 17604
0.028 17600
0.029 17598
0.03 17595
0.03 17575
0.032 17549
0.034 17533
0.034 17523
0.043 17511
0.043 17491
0.044 17490
0.052 17428
0.053 17409
0.055 17399
0.055 17361
0.058 17342
0.058 17330
0.059 17313
0.063 17307
0.233 17303
0.233 17275
0.25 17271
0.262 17258
0.262 17254
0.262 17249
0.263 17243
0.264 17218
0.264 17212
0.265 17205
0.268 17204
0.269 17203
0.269 17200
0.27 17187
0.271 17178
0.274 17175
0.275 17167
0.275 17163
0.276 17152
0.306 17139
0.307 17127
0.308 17097
0.313 17096
0.315 17083
0.316 17064
0.733 16992
0.739 16988
0.742 16966
1.521 16964
1.524 16934
1.524 16920
1.525 16901
1.528 16890
1.532 16889
1.533 16873
1.536 16864
1.537 16858
1.554 16854
1.555 16838
1.556 16832
1.556 16828
1.559 16826
1.56 16824
1.562 16811
1.563 16809
1.563 16807
3.149 16806
3.152 16791
3.189 16787
6.267 16786
11.15 16774
11.153 16748
11.939 16746
11.94 16745
11.941 16742
12.209 16733
12.211 16706
12.32 16702
12.321 16700
12.322 16695
12.323 16691
13.283 16689
13.371 16678
13.404 16669
13.406 16668
13.416 16667
13.423 16666
13.424 16665
13.45 16650
13.46 16643
13.463 16634
13.464 16632
13.478 16618
13.501 16610
13.506 16609
13.507 16606
13.518 16604
13.524 16603
13.524 16596
13.533 16594
17.527 16580
17.632 16579
17.64 16574
17.641 16571
18.509 16568
18.582 16565
19.436 16561
19.643 16557
19.65 16555
20.099 16553
20.107 16544
21.023 16543
21.621 16536
21.663 16532
21.673 16531
21.699 16529
21.72 16527
21.923 16526
28.126 16525
28.215 16524
