0.016 43751
0.016 43719
0.017 43577
0.018 43570
0.019 43556
0.019 43515
0.02 43466
0.021 43465
0.022 43433
0.022 43404
0.023 43402
0.024 43401
0.025 43381
0.025 43363
0.026 43361
0.027 43356
0.028 43350
0.029 43319
0.029 43310
0.029 43296
0.03 43260
0.057 43231
0.058 43111
0.058 43104
0.059 43100
0.06 43093
0.06 43085
0.08 43074
0.081 42979
0.082 42963
0.083 42929
0.083 42915
0.083 42829
0.084 42823
0.085 42778
0.086 42773
0.088 42770
0.089 42708
0.148 42697
0.148 42681
0.149 42679
0.155 42611
0.157 42571
0.163 42516
0.166 42491
0.213 42444
0.214 42437
0.215 42350
0.216 42344
0.302 42318
0.303 42309
0.307 42268
0.307 42266
0.308 42255
0.309 42251
0.313 42245
0.316 42220
0.317 42163
0.458 42158
0.778 42123
0.779 42083
0.781 42061
0.781 42057
0.784 42035
0.786 42026
0.789 42017
0.79 41945
0.791 41869
0.792 41858
0.792 41848
0.803 41847
0.803 41761
0.805 41722
0.805 41721
0.805 41702
0.813 41688
0.835 41683
0.838 41673
0.842 41646
0.92 41610
0.958 41601
0.958 41586
0.959 41581
0.961 41573
0.966 41543
0.967 41508
0.972 41488
0.972 41470
0.973 41458
0.975 41414
2.136 41385
2.137 41378
2.139 41377
2.14 41363
2.141 41358
4.231 41329
4.231 41319
4.262 41317
4.417 41299
4.427 41268
4.437 41229
6.324 41179
6.671 41172
6.672 41158
6.674 41151
6.674 41137
6.676 41136
6.676 41120
6.743 41108
6.744 41101
6.753 41093
6.754 41072
6.758 41065
6.789 41057
6.789 41055
6.838 40997
6.842 40970
6.904 40955
6.904 40938
7.34 40926
9.888 40901
9.906 40874
10.602 40866
10.605 40863
10.608 40856
10.611 40849
10.617 40844
10.621 40819
10.625 40812
10.637 40809
10.644 40806
10.649 40804
10.657 40784
10.661 40775
11.088 40768
11.091 40764
11.093 40759
11.268 40755
11.348 40742
12.127 40731
12.131 40727
12.378 40722
12.381 40717
12.387 40711
12.388 40702
12.439 40697
12.507 40696
12.508 40678
12.508 40666
12.853 40660
12.854 40657
12.881 40656
12.988 40655
14.014 40654
14.014 40652
14.015 40640
14.024 40636
14.032 40626
14.034 40615
14.038 40613
14.04 40600
14.044 40597
22.887 40590
22.949 40587
22.952 40584
23.077 40583
23.135 40578
23.808 40577
23.843 40564
23.851 40561
