0.013 68743
0.014 68644
0.014 68617
0.016 68605
0.018 68591
0.018 68580
0.02 68410
0.02 68389
0.021 68341
0.022 68340
0.029 68301
0.031 68198
0.035 68163
0.037 68156
0.037 68147
0.038 68144
0.04 68131
0.041 67981
0.042 67767
0.043 67764
0.047 67757
0.047 67632
0.048 67631
0.048 67618
0.049 67612
0.052 67511
0.069 67438
0.07 67409
0.072 67406
0.078 67327
0.082 67249
0.083 67180
0.083 67177
0.085 67161
0.085 67143
0.093 67071
0.094 67034
0.097 67032
0.098 67003
0.14 66944
0.161 66895
0.188 66835
0.189 66794
0.191 66726
0.192 66719
0.195 66718
0.196 66717
0.198 66637
0.201 66625
0.208 66574
0.208 66529
0.214 66527
0.214 66516
0.215 66501
0.217 66470
0.239 66445
0.241 66443
0.25 66398
0.251 66391
0.256 66300
0.26 66284
0.262 66268
0.281 66265
0.284 66261
0.286 66237
0.29 66223
0.294 66201
0.301 66190
0.307 66107
0.311 66080
0.312 66070
0.312 66061
0.317 66049
0.317 66047
0.318 66037
0.319 66030
0.322 65895
0.334 65875
0.338 65809
0.348 65803
0.349 65798
0.351 65796
0.373 65789
0.396 65768
0.397 65730
0.398 65729
0.398 65717
0.401 65714
0.401 65711
0.404 65581
0.481 65521
0.498 65465
0.5 65454
0.501 65447
0.502 65446
0.503 65428
0.602 65415
0.611 65361
0.612 65343
0.616 65339
0.617 65330
0.642 65329
0.647 65293
0.749 65255
0.75 65238
0.751 65208
0.758 65199
0.764 65198
0.769 65194
0.772 65185
0.773 65152
0.773 65139
0.793 65116
0.803 65108
0.82 65104
0.82 65087
0.821 65083
0.822 65065
0.826 65060
0.844 65056
0.877 65045
0.935 65044
0.935 65041
0.938 65034
0.939 65033
0.941 65018
0.945 64980
0.947 64964
0.95 64906
0.951 64901
1.272 64896
1.712 64816
1.714 64767
1.804 64741
1.805 64737
1.807 64678
1.808 64667
2.424 64658
2.425 64648
2.427 64641
2.431 64637
2.436 64621
2.437 64618
2.44 64613
2.442 64607
2.452 64605
2.453 64592
2.453 64591
2.458 64588
2.501 64581
2.526 64567
2.527 64535
2.527 64532
2.563 64443
2.569 64426
2.571 64397
2.571 64382
2.574 64365
5.095 64363
5.095 64359
5.236 64345
5.243 64325
5.249 64317
5.256 64315
5.257 64306
5.259 64274
5.26 64273
5.264 64268
5.295 64252
5.297 64239
5.301 64232
5.339 64221
5.416 64144
5.416 64138
11.746 64129
11.762 64124
14.551 64121
14.551 64113
14.558 64110
14.568 64101
14.569 64095
14.573 64091
14.581 64087
14.591 64083
14.847 64071
14.859 64062
16.718 64057
16.894 64050
16.897 64048
16.902 64032
17.222 64029
19.511 64028
19.512 64027
20.12 63997
20.124 63996
20.184 63993
20.188 63988
20.2 63982
20.203 63981
22.982 63979
22.983 63978
23.348 63973
23.35 63971
23.757 63970
23.781 63964
23.811 63961
23.813 63959
23.817 63953
23.82 63952
23.833 63948
23.843 63938
23.845 63932
23.847 63930
23.848 63929
25.953 63928
25.99 63924
26.578 63920
26.594 63916
26.601 63910
26.629 63907
26.633 63891
26.682 63887
26.686 63884
26.723 63879
27.485 63875
27.538 63859
27.553 63858
27.561 63857
27.567 63856
27.602 63853
27.617 63852
27.623 63846
