0.011 40723
0.011 40719
0.012 40711
0.013 40689
0.013 40680
0.014 40546
0.014 40535
0.015 40454
0.018 40378
0.018 40341
0.018 40320
0.019 40314
0.019 40313
0.019 40310
0.02 40309
0.021 40297
0.031 40230
0.031 40224
0.043 40202
0.044 40181
0.046 40150
0.047 40138
0.049 40125
0.049 40111
0.05 40109
0.072 40084
0.075 40083
0.086 39455
0.086 39432
0.087 39335
0.089 39274
0.092 39230
0.094 39207
0.094 39198
0.096 39191
0.096 39171
0.098 39155
0.098 39129
0.1 39128
0.1 39116
0.101 39095
0.103 39088
0.104 38928
0.109 38919
0.109 38915
0.11 38895
0.126 38889
0.129 38878
0.132 38874
0.133 38794
0.134 38789
0.134 38783
0.15 38765
0.151 38762
0.176 38746
0.176 38735
0.18 38734
0.181 38728
0.193 38702
0.194 38678
0.198 38671
0.261 38669
0.262 38646
0.263 38638
0.265 38597
0.271 38594
0.272 38591
0.376 38552
0.379 38526
0.385 38494
0.386 38464
0.387 38458
0.393 38446
1.069 38421
1.069 38416
1.076 38409
1.084 38408
6.13 38396
6.194 38389
6.194 38366
6.2 38365
6.636 38336
6.696 38334
6.751 38330
6.771 38327
6.772 38325
6.773 38314
6.993 38303
10.509 38282
10.59 38254
10.593 38248
10.595 38241
10.596 38237
10.612 38226
10.617 38219
10.767 38209
11.458 38207
11.458 38200
12.56 38198
12.562 38180
12.563 38177
12.565 38167
12.569 38160
14.451 38158
14.459 38156
14.466 38155
14.47 38122
14.483 38120
14.485 38114
14.755 38113
14.767 38105
14.768 38097
14.776 38095
14.875 38083
15.107 38082
15.424 38081
15.446 38071
15.483 38069
15.487 38065
15.8 38060
22.1 38056
22.101 38047
22.591 38043
22.638 38041
22.653 38034
22.686 38027
22.693 38025
22.733 38024
22.8 38003
22.809 37998
22.816 37995
22.904 37982
24.069 37981
24.116 37979
24.146 37976
24.216 37973
24.224 37971
24.232 37966
24.234 37963
24.484 37961
24.494 37960
24.519 37959
24.643 37958
24.739 37957
24.77 37954
24.885 37953
24.946 37943
24.947 37937
24.987 37935
24.988 37934
28.506 37932
28.533 37925
28.579 37922
29.237 37918
29.268 37909
29.344 37901
29.358 37893
29.359 37889
29.739 37885
29.829 37874
29.835 37865
30.131 37864
30.463 37860
31.234 37859
