0.016 55857
0.016 55847
0.017 55838
0.017 55819
0.018 55755
0.019 55714
0.02 55712
0.021 55423
0.022 55409
0.023 55387
0.028 55365
0.029 55331
0.029 55326
0.03 55324
0.038 55252
0.039 55243
0.04 55230
0.041 55227
0.043 55172
0.043 55171
0.049 55137
0.05 55135
0.054 55061
0.055 55019
0.058 54993
0.06 54715
0.06 54710
0.068 54644
0.09 54619
0.091 54557
0.091 54445
0.097 54436
0.098 54399
0.099 54381
0.1 54351
0.101 54321
0.125 54260
0.126 54228
0.129 54224
0.157 54221
0.162 54202
0.171 54162
0.181 54153
0.189 54125
0.19 54064
0.19 54036
0.249 53962
0.25 53920
0.251 53905
0.254 53854
0.254 53853
0.255 53838
0.257 53783
0.258 53743
0.259 53701
0.261 53698
0.275 53693
0.275 53685
0.334 53675
0.334 53603
0.335 53596
0.336 53579
0.337 53539
0.342 53518
0.359 53480
0.359 53474
0.362 53470
0.373 53460
0.376 53458
0.378 53429
0.384 53403
0.44 53385
0.441 53379
0.442 53340
0.444 53310
0.444 53286
0.446 53245
0.446 53229
0.448 53219
0.449 53217
0.45 53168
0.452 53162
0.452 53150
0.456 53110
0.472 53102
0.481 53069
0.679 53057
0.681 53056
0.685 53049
0.686 52923
0.687 52866
0.69 52837
0.691 52833
0.701 52825
0.704 52819
0.715 52746
0.719 52740
0.721 52694
0.721 52684
0.771 52661
0.808 52639
0.808 52622
0.808 52604
0.816 52596
0.839 52556
0.84 52538
0.841 52535
3.493 52500
3.493 52447
3.663 52422
3.663 52419
3.664 52404
3.671 52399
3.671 52393
3.738 52351
3.739 52336
3.821 52325
3.824 52322
3.99 52321
3.993 52295
4.127 52244
4.178 52222
4.195 52184
4.266 52104
4.273 52087
4.274 52077
4.275 52042
4.288 52032
4.296 52016
4.297 52011
4.298 51984
4.31 51976
4.343 51956
4.345 51947
4.348 51943
4.348 51923
6.313 51901
6.314 51893
6.318 51882
6.322 51866
6.327 51850
7.94 51843
7.944 51831
8.243 51824
8.251 51810
8.262 51800
8.274 51795
8.336 51788
8.338 51772
8.341 51770
8.41 51769
8.658 51766
8.658 51761
8.66 51760
9.287 51726
9.464 51700
9.627 51693
9.687 51689
9.697 51688
9.709 51683
11.289 51682
11.291 51662
11.293 51645
11.296 51644
11.297 51643
11.304 51638
11.305 51637
11.306 51636
11.307 51635
11.399 51616
11.4 51608
11.409 51600
11.41 51585
11.417 51576
11.418 51574
11.421 51541
16.444 51528
16.912 51525
17.028 51516
17.028 51506
17.054 51494
17.36 51482
17.576 51478
17.579 51471
18.736 51469
18.75 51463
18.772 51459
18.783 51458
19.134 51456
19.189 51452
19.244 51440
19.265 51438
19.369 51437
19.376 51431
19.378 51430
19.388 51428
19.399 51426
19.605 51401
19.714 51400
19.805 51394
19.961 51393
19.965 51389
19.978 51388
19.98 51365
20.248 51363
20.349 51362
20.419 51350
20.423 51347
20.429 51343
20.435 51338
20.445 51324
20.447 51322
20.486 51321
20.493 51318
23.728 51307
24.786 51301
24.799 51298
24.824 51296
25.013 51292
25.022 51289
28.337 51284
28.358 51276
28.439 51275
28.558 51273
