0.011 40689
0.012 40685
0.012 40610
0.013 40601
0.013 40580
0.013 40561
0.013 40532
0.014 40528
0.015 40462
0.015 40407
0.016 40392
0.024 40355
0.024 40353
0.025 40350
0.026 40319
0.027 40312
0.069 40285
0.07 40268
0.07 40267
0.071 40251
0.071 40220
0.074 40215
0.075 40189
0.076 40187
0.076 40174
0.077 40150
0.086 40114
0.089 40109
0.09 40094
0.099 40087
0.101 40054
0.125 40033
0.126 40029
0.127 39982
0.129 39973
0.147 39970
0.149 39952
0.149 39925
0.152 39923
0.162 39901
0.17 39860
0.171 39859
0.171 39856
0.174 39855
0.175 39788
0.176 39765
0.177 39758
0.177 39757
0.214 39740
0.22 39717
0.222 39703
0.224 39657
0.227 39624
0.23 39619
0.23 39593
0.271 39566
0.404 39553
0.405 39552
0.489 39535
1.385 39398
1.388 39363
1.388 39316
1.39 39315
1.394 39293
1.4 39287
1.401 39285
1.402 39162
1.402 39161
1.402 39128
1.403 39111
1.407 39108
1.412 39086
1.413 38904
1.416 38896
1.435 38823
1.435 38788
1.436 38785
1.437 38780
1.438 38769
1.44 38753
1.446 38724
1.446 38700
1.447 38694
1.453 38685
1.454 38672
1.462 38652
1.948 38651
1.949 38639
2.161 38613
2.162 38599
2.164 38577
2.167 38573
2.169 38571
2.171 38535
2.179 38525
2.179 38521
2.18 38505
2.829 38480
2.832 38475
2.833 38473
3.042 38468
3.072 38462
4.853 38447
4.875 38441
4.878 38439
4.88 38435
4.889 38412
4.892 38387
4.892 38375
4.895 38352
4.895 38349
4.914 38348
4.914 38322
6.249 38302
6.404 38295
6.408 38269
6.409 38268
6.409 38259
6.41 38252
6.415 38225
6.428 38211
6.432 38210
6.44 38208
6.441 38207
6.444 38179
6.446 38143
7.671 38127
7.673 38125
7.73 38113
7.743 38111
7.743 38108
7.744 38066
7.744 38061
7.8 38033
7.803 38030
7.812 38020
12.503 38019
14.312 38014
14.473 38003
14.503 37995
14.559 37992
14.577 37984
14.581 37982
15.387 37980
15.39 37968
15.468 37965
15.477 37961
15.486 37960
15.489 37945
15.49 37941
15.643 37939
15.643 37934
15.644 37928
15.645 37921
15.649 37918
15.651 37915
16.734 37910
16.813 37902
16.813 37898
16.817 37894
16.886 37891
18.854 37888
18.857 37883
18.861 37880
22.041 37866
22.164 37865
22.218 37862
22.224 37860
23.766 37858
24.688 37855
24.699 37852
24.704 37851
24.946 37847
24.946 37843
24.975 37840
25.376 37837
28.483 37836
28.485 37828
28.491 37825
28.578 37821
28.592 37819
28.672 37816
28.684 37813
28.694 37811
28.701 37809
