0.014 18143
0.015 18041
0.015 18031
0.015 17991
0.016 17973
0.017 17970
0.017 17924
0.017 17923
0.018 17915
0.018 17910
0.022 17870
0.022 17867
0.024 17866
0.025 17813
0.026 17728
0.027 17722
0.027 17710
0.029 17709
0.029 17702
0.031 17692
0.036 17547
0.06 17533
0.061 17527
0.061 17514
0.062 17511
0.064 17462
0.065 17456
0.065 17448
0.066 17444
0.066 17443
0.066 17434
0.071 17422
0.072 17402
0.072 17359
0.073 17348
0.076 17274
0.076 17266
0.163 17242
0.164 17239
0.165 17233
0.174 17226
0.174 17214
0.183 17182
0.187 17167
0.196 17160
0.198 17155
0.202 17141
0.203 17135
0.204 17130
0.627 17087
0.977 17078
0.978 17069
0.978 17045
1.081 17043
1.114 17038
1.115 17033
1.129 17013
1.13 17007
1.239 16991
1.24 16975
1.242 16935
1.244 16933
1.308 16930
1.311 16922
1.311 16917
1.312 16913
1.318 16909
1.378 16905
1.378 16904
1.615 16885
1.615 16863
1.617 16861
1.618 16855
1.62 16842
1.623 16820
1.629 16816
1.669 16797
3.196 16776
3.416 16760
3.423 16745
3.424 16737
3.426 16733
3.427 16727
3.428 16720
3.434 16706
5.865 16658
9.541 16652
9.554 16640
9.582 16631
11.719 16615
11.72 16598
11.858 16590
11.858 16589
11.873 16588
11.879 16575
11.883 16574
11.887 16573
14.417 16568
15.316 16563
15.37 16558
15.414 16557
15.908 16547
15.932 16541
15.933 16539
16.622 16537
17.418 16534
17.609 16532
17.668 16527
17.679 16525
17.685 16523
18.088 16522
18.1 16517
18.882 16508
20.329 16507
20.396 16504
20.408 16502
20.409 16500
20.415 16496
20.415 16491
20.45 16482
23.055 16479
23.065 16477
23.08 16476
24.052 16471
24.079 16466
24.325 16460
24.669 16459
24.675 16457
