0.02 31184
0.02 31182
0.02 31166
0.021 31117
0.021 31062
0.022 30998
0.023 30824
0.023 30815
0.023 30592
0.024 30581
0.026 30475
0.026 30450
0.028 30440
0.029 30354
0.031 30345
0.031 30313
0.032 30282
0.033 30265
0.034 30185
0.035 30184
0.038 30155
0.038 30148
0.039 30145
0.039 30121
0.04 30089
0.043 30073
0.047 30065
0.049 30017
0.05 29997
0.054 29985
0.058 29982
0.058 29981
0.059 29911
0.062 29908
0.062 29906
0.062 29887
0.063 29884
0.065 29871
0.065 29868
0.065 29865
0.069 29768
0.069 29764
0.141 29752
0.143 29747
0.16 29746
0.199 29716
0.2 29680
0.203 29678
0.207 29590
0.207 29582
0.208 29572
0.217 29567
0.218 29544
0.218 29536
0.248 29494
0.248 29491
0.257 29487
0.269 29478
0.27 29475
0.27 29472
0.271 29469
0.272 29440
0.277 29425
0.713 29376
0.716 29374
0.718 29370
0.73 29333
0.73 29330
1.219 29263
1.223 29253
1.223 29247
1.224 29244
1.225 29223
1.43 29197
1.431 29175
1.432 29162
1.432 29161
1.434 29157
1.435 29148
1.436 29135
1.671 29085
3.138 29049
3.139 29032
3.711 29007
3.712 29003
3.716 28993
3.721 28990
3.73 28959
3.732 28946
3.733 28945
3.736 28917
4.396 28911
4.538 28910
4.552 28881
4.559 28880
4.606 28865
4.607 28848
4.61 28787
7.638 28782
10.419 28761
10.421 28750
10.444 28746
10.445 28740
10.458 28734
10.459 28733
10.46 28732
10.464 28729
10.473 28722
10.475 28706
10.477 28693
10.486 28681
10.503 28604
10.817 28590
10.823 28583
10.824 28579
10.831 28557
13.622 28529
13.754 28525
13.76 28506
13.76 28504
15.519 28493
15.797 28483
16.295 28473
16.298 28463
16.329 28453
17.692 28450
17.712 28448
18.742 28430
18.751 28429
24.037 28428
24.041 28424
24.051 28420
24.068 28418
24.191 28392
24.194 28389
24.266 28386
24.284 28382
30.934 28381
31.049 28380
31.069 28376
33.931 28375
