0.02 54130
0.021 54017
0.022 53941
0.022 53872
0.022 53813
0.023 53775
0.023 53726
0.023 53725
0.024 53717
0.024 53710
0.024 53631
0.025 53617
0.025 53611
0.026 53608
0.027 53583
0.027 53581
0.028 53532
0.029 53489
0.029 53461
0.029 53456
0.03 53436
0.031 53425
0.033 53418
0.035 53383
0.036 53382
0.036 53381
0.037 53332
0.039 53319
0.039 53315
0.04 53312
0.041 53276
0.041 53275
0.051 53272
0.052 53248
0.053 53225
0.053 53182
0.055 53167
0.056 53166
0.056 53141
0.057 53131
0.058 53122
0.058 53113
0.088 53061
0.088 53024
0.089 53022
0.089 52991
0.089 52973
0.098 52966
0.099 52939
0.101 52892
0.104 52831
0.124 52804
0.125 52771
0.126 52769
0.127 52761
0.128 52760
0.167 52749
0.216 52673
0.217 52571
0.217 52537
0.219 52452
0.22 52448
0.22 52442
0.221 52365
0.229 52341
0.229 52339
0.23 52337
0.231 52283
0.232 52253
0.24 52164
0.24 52154
0.257 52117
0.258 52074
0.261 51886
0.349 51876
0.351 51873
0.351 51792
0.371 51779
0.372 51747
0.373 51716
0.4 51678
0.403 51649
0.406 51634
0.409 51615
0.422 51614
0.843 51553
0.844 51460
0.845 51445
0.845 51433
0.846 51402
0.847 51363
1.027 51361
1.162 51337
1.162 51316
1.166 51306
1.185 51287
1.185 51274
2.103 51239
2.11 51230
2.111 51175
2.114 51172
2.115 51156
2.118 51154
2.14 51145
2.156 51122
2.159 51117
2.159 51115
2.171 51111
2.172 51110
2.173 51087
2.174 51070
2.254 50976
2.257 50954
2.416 50945
2.421 50893
2.423 50878
2.424 50875
2.425 50872
2.426 50866
3.947 50841
3.956 50823
6.744 50819
6.745 50796
6.811 50792
6.813 50775
6.814 50753
6.814 50749
6.839 50735
6.844 50734
6.845 50682
6.845 50668
6.845 50661
6.846 50645
7.319 50626
7.32 50594
7.323 50572
9.092 50570
9.093 50552
9.095 50546
9.096 50522
9.097 50506
9.098 50494
9.1 50464
9.103 50458
9.103 50435
9.866 50433
9.868 50420
9.937 50414
9.937 50400
11.347 50398
11.349 50394
11.35 50378
11.419 50372
11.421 50371
11.587 50321
14.291 50303
14.306 50279
14.31 50251
14.313 50246
14.314 50242
14.316 50222
14.32 50200
14.755 50175
14.966 50167
14.972 50158
16.297 50105
16.783 50087
16.792 50080
16.887 50074
16.891 50064
17.188 50062
17.205 50050
17.367 50047
17.398 50041
17.402 50037
17.402 50033
18.258 50032
18.263 50028
18.269 50014
18.64 50013
18.642 50008
18.648 50001
18.649 49995
18.663 49983
18.664 49972
20.817 49960
20.831 49956
20.832 49955
21.134 49934
21.136 49932
21.164 49929
21.221 49922
27.006 49921
27.029 49917
27.564 49911
28.588 49910
31.551 49909
