0.017 20992
0.017 20989
0.017 20972
0.018 20940
0.018 20934
0.018 20923
0.019 20920
0.019 20849
0.019 20821
0.019 20795
0.02 20749
0.02 20685
0.021 20664
0.022 20575
0.022 20570
0.022 20563
0.023 20505
0.023 20479
0.023 20471
0.024 20438
0.024 20349
0.025 20324
0.026 20276
0.026 20274
0.027 20270
0.027 20251
0.028 20242
0.028 20204
0.029 20203
0.03 20095
0.03 20089
0.033 19999
0.034 19989
0.034 19979
0.036 19948
0.036 19946
0.038 19933
0.039 19919
0.04 19916
0.041 19887
0.047 19866
0.048 19863
0.052 19857
0.053 19848
0.164 19842
0.166 19829
0.168 19799
0.173 19795
0.228 19788
0.228 19762
0.23 19691
0.242 19686
0.242 19685
0.243 19684
0.243 19636
0.244 19634
0.245 19626
0.255 19596
0.256 19591
0.257 19586
0.266 19573
0.267 19570
0.268 19549
0.275 19548
0.275 19546
0.287 19509
0.289 19487
0.289 19459
0.291 19444
0.291 19441
0.306 19440
0.307 19437
0.308 19431
0.308 19414
0.518 19400
0.528 19396
0.532 19395
0.539 19393
0.897 19390
0.96 19386
0.965 19383
1.028 19380
1.029 19372
1.033 19365
1.033 19349
1.035 19335
1.098 19318
1.103 19292
1.105 19291
1.112 19289
1.113 19283
1.114 19262
3.199 19238
3.2 19216
3.201 19215
3.381 19194
8.173 19190
11.064 19188
11.199 19178
11.201 19157
11.289 19147
11.341 19146
13.222 19144
13.246 19139
13.255 19138
13.26 19121
13.285 19120
13.295 19119
13.306 19118
13.327 19117
13.334 19106
14.422 19087
14.423 19085
18.933 19083
18.938 19073
21.057 19069
21.063 19066
21.092 19065
21.163 19057
21.516 19055
22.047 19054
34.821 19053
34.822 19052
34.911 19049
35.266 19048
