0.023 111744
0.024 111536
0.024 111532
0.025 111529
0.025 111488
0.027 111377
0.028 111361
0.03 111350
0.03 111346
0.031 111305
0.032 111237
0.033 111233
0.034 111226
0.035 111153
0.036 111136
0.039 111107
0.039 111077
0.04 111040
0.041 110760
0.042 110746
0.042 110741
0.047 110730
0.048 110695
0.049 110694
0.051 110525
0.051 110500
0.054 110453
0.055 110448
0.058 110434
0.058 110422
0.059 110407
0.083 110398
0.084 110317
0.085 110294
0.085 110283
0.086 110226
0.087 110133
0.088 110037
0.09 110019
0.091 109859
0.094 109785
0.099 109779
0.1 109757
0.101 109748
0.101 109743
0.113 109686
0.114 109653
0.115 109652
0.115 109606
0.116 109597
0.122 109555
0.122 109490
0.124 109410
0.139 109407
0.14 109406
0.14 109374
0.142 109364
0.145 109358
0.195 109271
0.195 109247
0.197 109244
0.198 109159
0.199 109137
0.226 109136
0.227 109134
0.23 109127
0.23 109126
0.233 109124
0.233 109122
0.236 109121
0.238 109116
0.238 109017
0.374 109012
0.374 109006
0.375 109000
0.391 108987
0.465 108969
0.542 108871
0.543 108869
0.544 108803
0.545 108726
0.547 108719
0.548 108716
0.553 108704
0.553 108700
0.56 108667
0.561 108655
0.561 108635
0.565 108617
0.567 108579
0.568 108549
0.572 108546
0.63 108537
0.632 108517
0.632 108503
0.633 108501
0.634 108487
0.641 108391
0.643 108384
0.644 108355
0.658 108353
0.66 108342
0.661 108316
0.688 108306
0.699 108275
0.699 108222
0.851 108152
0.852 108118
0.855 108117
0.856 108094
0.858 108093
0.862 108069
0.868 108056
0.87 108052
0.877 108014
1.087 108013
1.088 108010
1.089 108006
1.089 107904
1.091 107884
1.095 107875
1.096 107824
1.098 107773
1.1 107751
1.1 107747
1.113 107726
1.114 107690
1.115 107686
1.116 107681
1.117 107678
1.119 107677
1.121 107633
1.443 107619
1.446 107584
1.458 107573
1.823 107529
1.963 107528
1.964 107504
3.071 107498
3.073 107466
3.164 107461
3.165 107456
3.169 107446
3.205 107400
3.206 107390
3.221 107374
3.222 107340
3.224 107322
3.228 107321
3.229 107300
3.23 107275
3.233 107256
3.24 107235
3.241 107220
3.251 107189
3.252 107188
3.254 107156
3.255 107155
5.198 107130
5.232 107128
5.8 107097
5.801 107093
5.807 107088
5.849 107086
5.858 107072
5.859 107055
5.864 107049
5.865 107036
5.866 107030
5.885 107027
6.108 107013
6.119 106942
6.12 106933
6.824 106926
6.985 106902
6.99 106894
7.002 106889
7.011 106883
7.012 106879
7.019 106869
7.019 106868
7.025 106857
7.029 106854
7.032 106835
7.054 106822
7.338 106816
7.341 106809
7.343 106763
7.344 106754
7.349 106696
7.412 106692
7.984 106689
7.989 106670
8.575 106664
8.582 106641
8.582 106603
8.754 106528
8.754 106527
9.883 106523
9.889 106496
9.891 106481
9.962 106474
9.973 106471
10.301 106462
10.306 106461
10.311 106446
10.315 106391
10.316 106375
10.326 106358
10.328 106354
10.332 106353
10.334 106330
10.446 106316
10.479 106312
10.48 106298
10.48 106241
10.507 106230
11.01 106220
11.011 106219
11.087 106216
11.088 106207
11.483 106194
11.591 106155
11.592 106145
11.602 106125
11.61 106124
11.968 106109
11.971 106097
11.992 106090
12.167 106084
12.169 106079
12.174 106073
12.174 106061
12.175 106058
12.175 106048
12.176 106042
12.188 106035
12.212 106031
12.213 106022
14.143 106014
14.93 105981
14.931 105961
14.937 105927
14.944 105920
14.944 105894
15.014 105889
15.017 105888
15.045 105886
15.05 105881
15.064 105876
15.119 105873
15.122 105872
15.134 105865
15.138 105862
15.168 105830
15.169 105820
15.18 105814
15.183 105796
15.632 105792
15.896 105778
15.897 105764
15.903 105751
15.91 105747
15.921 105743
16.647 105737
16.648 105728
16.649 105697
16.651 105695
16.652 105686
16.653 105670
16.682 105646
17.641 105621
17.652 105603
18.522 105572
18.523 105570
18.523 105543
18.524 105541
18.533 105538
18.541 105533
18.578 105526
18.793 105519
18.818 105517
18.934 105498
18.955 105495
18.967 105491
18.973 105479
21.268 105478
21.271 105470
23.501 105466
23.522 105455
23.528 105450
23.561 105444
32.165 105439
32.224 105437
32.228 105436
32.491 105432
33.276 105430
33.34 105428
34.867 105421
34.916 105414
35.545 105409
35.638 105407
36.235 105404
36.272 105399
36.32 105392
36.365 105391
36.668 105389
37.065 105386
