0.021 33677
0.022 33676
0.022 33634
0.023 33629
0.024 33626
0.024 33620
0.024 33619
0.025 33609
0.025 32388
0.026 32307
0.026 32305
0.026 32301
0.026 32300
0.026 32299
0.027 32294
0.027 32282
0.027 32270
0.028 32241
0.029 32223
0.032 32222
0.033 32208
0.035 32199
0.036 32198
0.036 32166
0.037 32165
0.038 32163
0.05 32149
0.051 32133
0.052 32132
0.053 32131
0.055 32115
0.056 32105
0.062 32080
0.062 32079
0.073 32059
0.074 32058
0.074 32055
0.118 32054
0.12 32053
0.12 32037
0.122 32021
0.122 32019
0.123 32010
0.123 32000
0.128 30922
0.129 30884
0.13 30882
0.132 30880
0.133 30878
0.139 30872
0.14 30858
0.141 30837
0.142 30833
0.143 30829
0.144 30807
0.145 30784
0.149 30753
0.162 30743
0.162 30720
0.169 30669
0.171 30651
0.172 30645
0.177 30640
0.521 30630
0.522 30627
0.523 30626
0.523 30624
0.581 30619
0.603 30617
0.604 30608
0.606 30607
0.607 30584
0.626 30581
0.743 30566
0.745 30551
0.901 30549
0.905 30547
0.918 30538
0.919 30536
0.919 30535
0.92 30531
0.921 30522
1.264 30521
1.267 30516
1.294 30515
1.294 30511
1.295 30507
1.297 30503
1.3 30499
1.301 30473
1.301 30470
1.301 30468
1.312 30453
1.314 30450
1.721 30449
2.304 30443
2.307 30435
2.308 30433
2.34 30430
2.341 30426
2.343 30424
2.349 30414
2.349 30408
2.352 30397
2.353 30390
2.356 30388
2.359 30378
2.413 30371
2.414 30369
2.432 30367
2.433 30363
2.526 30356
2.526 30350
2.542 30349
2.549 30348
2.55 30333
2.754 30326
2.756 30321
2.756 30294
2.776 30278
2.777 30277
2.778 30235
2.79 30204
2.919 30202
2.92 30200
2.92 30187
2.927 30181
2.927 30165
2.927 30163
2.931 30161
2.933 30160
5.38 30147
5.644 30146
5.645 30144
5.656 30143
5.667 30139
5.668 30137
5.67 30128
5.671 30121
5.671 30113
5.675 30106
5.678 30105
6.214 30094
6.217 30092
6.226 30085
6.231 30082
6.336 29814
6.337 29807
6.338 29799
6.339 29780
6.34 29645
6.341 29579
6.342 29537
6.344 29533
6.345 29491
6.346 29479
6.347 29395
6.41 29365
6.41 29349
6.432 29348
6.434 29325
6.436 29323
6.583 29322
6.584 29320
6.589 29314
6.596 29306
6.599 29302
6.599 29297
6.605 29293
6.608 29292
6.609 29261
6.61 29257
6.645 29250
6.646 29248
6.647 29244
6.7 29242
6.735 29237
6.739 29236
6.75 29235
6.752 29233
6.753 29231
7.21 29230
7.211 29223
7.211 29220
7.212 29217
7.22 29209
7.222 29207
7.223 29202
7.223 29200
7.223 29198
7.225 29197
7.226 29195
7.23 29193
7.23 29186
7.246 29175
7.248 29160
7.25 29153
7.25 29152
7.251 29141
7.255 29140
7.258 29136
8.489 29134
8.489 29131
8.49 29128
8.497 29127
8.504 29125
8.504 29124
8.51 29120
8.512 29118
8.514 29116
9.219 29111
9.219 29104
9.227 29101
9.228 29095
9.723 29092
9.751 29088
9.757 29083
9.76 29072
9.765 29067
9.771 29066
9.778 29062
9.786 29060
9.79 29054
9.792 29052
9.794 29051
9.796 29050
10.456 29049
10.458 29047
10.461 29044
10.463 29043
13.031 29042
13.039 29040
13.045 29034
13.555 29032
14.293 29030
14.294 29028
14.295 29026
14.297 29024
14.312 29016
14.328 29011
14.33 29006
14.334 29005
14.352 28995
14.355 28993
14.358 28986
14.358 28981
14.359 28980
14.364 28978
17.003 28977
17.005 28975
17.009 28973
17.144 28972
17.15 28970
17.157 28966
17.157 28963
17.159 28956
17.16 28954
18.338 28950
18.34 28947
18.343 28944
18.35 28943
18.364 28942
18.375 28941
23.318 28939
23.387 28937
23.406 28936
23.415 28935
23.418 28933
23.418 28928
24.137 28927
24.251 28926
25.104 28925
25.107 28922
25.121 28921
25.124 28919
25.136 28918
25.145 28916
25.153 28912
25.16 28911
30.297 28910
33.323 28909
33.364 28904
33.526 28903
34.751 28902
34.783 28901
34.8 28899
34.814 28898
34.831 28897
34.895 28894
35.093 28893
35.228 28892
35.248 28891
36.145 28890
36.446 28889
36.485 28888
36.558 28887
36.569 28886
36.584 28885
39.486 28883
39.504 28882
