0.03 97022
0.03 96907
0.031 96893
0.031 96892
0.031 96888
0.032 96855
0.033 96809
0.034 96781
0.034 96716
0.035 96710
0.036 96636
0.037 96518
0.038 96133
0.039 96064
0.039 96060
0.04 96015
0.041 96013
0.043 95982
0.043 95981
0.044 95979
0.045 95634
0.046 95578
0.047 95493
0.047 95466
0.052 95447
0.068 95366
0.071 95325
0.076 95090
0.076 95079
0.077 95078
0.078 95073
0.079 95067
0.08 95055
0.081 95050
0.083 95046
0.109 95028
0.109 95023
0.11 95022
0.118 94993
0.12 94992
0.121 94968
0.121 94960
0.123 94959
0.127 94830
0.129 94828
0.13 94816
0.131 94815
0.132 94728
0.133 94715
0.133 94659
0.135 94600
0.137 94596
0.146 94570
0.151 94527
0.152 94404
0.152 94403
0.153 94402
0.153 94365
0.156 94164
0.156 94138
0.158 94136
0.162 94116
0.163 94109
0.164 94098
0.168 94072
0.169 94071
0.169 94057
0.17 93971
0.171 93968
0.172 93967
0.172 93965
0.175 93964
0.185 93961
0.186 93915
0.186 93891
0.187 93882
0.187 93880
0.188 93847
0.189 93821
0.189 93815
0.19 93767
0.191 93753
0.193 93693
0.197 93477
0.202 93472
0.202 93377
0.203 93366
0.205 93360
0.205 93318
0.206 93313
0.206 93308
0.208 93277
0.209 93255
0.214 93122
0.215 93119
0.217 93117
0.221 93108
0.223 93103
0.223 93098
0.225 93090
0.232 92874
0.232 92850
0.233 92846
0.233 92843
0.234 92829
0.234 92826
0.237 92770
0.242 92738
0.246 92734
0.247 92731
0.286 92721
0.287 92719
0.287 92704
0.29 92698
0.291 92687
0.295 92635
0.296 92628
0.297 92620
0.298 92616
0.309 92565
0.311 92554
0.311 92550
0.312 92548
0.313 92536
0.33 92524
0.332 92520
0.333 92516
0.335 92503
0.335 92484
0.336 92483
0.337 92467
0.346 92436
0.346 92428
0.372 92426
0.373 92408
0.375 92403
0.384 92402
0.417 92399
0.424 92355
0.43 92340
0.431 92327
0.432 92325
0.432 92322
0.433 92307
0.451 92305
0.451 92297
0.452 92252
0.453 92237
0.454 92224
0.454 92222
0.457 92221
0.475 92092
0.477 92071
0.479 92063
0.479 92054
0.48 92049
0.482 92041
0.484 92026
0.488 91860
0.489 91844
0.49 91840
0.49 91831
0.493 91811
0.497 91810
0.498 91758
0.499 91725
0.5 91515
0.502 91479
0.51 91478
0.51 91464
0.511 91456
0.513 91435
0.514 91426
0.702 91250
0.706 91241
0.706 91231
0.707 91227
0.715 91224
0.722 91212
0.723 91205
0.897 91180
0.898 91168
0.898 91164
0.899 91161
0.902 91144
0.904 91139
0.906 91137
0.907 91130
0.917 91120
0.918 91112
0.918 91108
0.92 91087
0.92 91073
0.953 91048
0.955 90980
0.956 90976
0.957 90963
0.965 90859
0.967 90858
0.971 90834
0.978 90822
0.982 90787
0.982 90773
0.983 90739
0.983 90724
0.984 90720
0.995 90705
0.996 90678
0.997 90652
1.042 90642
1.044 90641
1.082 90608
1.088 90567
1.09 90563
1.091 90560
1.092 90554
1.094 90535
1.142 90531
1.143 90521
1.145 90499
1.146 90492
1.148 90468
1.149 90463
1.237 90437
1.243 90433
1.244 90423
1.252 90420
1.394 90382
1.396 90371
1.397 90364
1.475 90341
1.528 90340
1.529 90321
1.533 90304
1.535 90303
1.536 90301
1.537 90298
1.541 90279
1.542 90274
1.606 90265
1.607 90259
1.607 90258
1.609 90256
1.633 90242
1.636 90239
1.637 90233
1.639 90220
1.64 90218
1.641 90214
1.642 90209
1.645 90205
1.647 90196
1.65 90190
1.722 90148
1.725 90136
2.3 90134
2.301 90121
2.9 90117
2.901 90113
2.902 90096
3.101 90081
3.101 90046
3.104 90044
3.104 90039
3.105 90032
3.107 90021
3.115 90018
3.182 90017
3.187 90013
3.19 90008
3.191 90007
3.192 89998
3.193 89993
3.286 89974
3.287 89969
3.288 89968
3.288 89963
3.441 89917
4.587 89911
4.587 89902
4.602 89879
4.603 89870
4.603 89867
4.604 89856
5.053 89839
5.057 89816
5.058 89814
5.058 89813
5.061 89803
5.086 89766
5.087 89748
5.088 89737
5.089 89726
5.091 89719
5.094 89712
5.095 89707
5.097 89701
5.099 89700
5.121 89667
5.122 89663
5.122 89597
5.123 89590
5.124 89486
5.125 89483
5.126 89481
5.127 89480
5.132 89475
5.136 89460
5.138 89457
5.147 89425
5.147 89424
5.149 89400
5.15 89397
5.464 89388
5.477 89356
5.531 89350
5.534 89313
5.535 89312
5.538 89310
5.538 89304
5.545 89302
5.652 89277
5.655 89264
5.657 89261
5.658 89259
5.683 89221
5.685 89220
5.715 89198
5.718 89194
5.722 89181
5.727 89179
5.727 89175
5.729 89162
5.73 89160
5.73 89159
5.731 89153
5.735 89152
5.737 89151
5.738 89149
5.74 89144
5.761 89125
5.762 89123
5.764 89115
6.343 89032
8.5 89025
8.504 89024
8.504 89016
8.505 89015
8.506 89014
8.507 89013
8.507 89007
8.509 88980
8.511 88978
8.512 88974
8.514 88959
8.515 88957
8.516 88953
8.517 88952
10.305 88921
10.305 88915
10.307 88893
10.337 88852
10.337 88837
10.341 88830
10.342 88828
10.437 88823
10.502 88817
10.505 88814
10.509 88809
10.514 88806
10.515 88792
10.518 88788
10.519 88779
10.521 88763
13.131 88762
13.132 88756
13.157 88753
13.45 88732
13.585 88731
13.586 88730
13.588 88726
13.591 88723
13.595 88700
13.686 88699
13.686 88670
14.242 88666
14.281 88654
14.294 88637
14.296 88635
14.306 88630
14.309 88617
14.311 88598
14.626 88593
14.714 88583
14.732 88579
14.732 88564
14.734 88562
14.735 88561
15.252 88556
15.252 88554
15.254 88551
15.254 88550
15.256 88546
15.256 88545
15.298 88543
15.319 88536
15.319 88535
15.32 88533
15.322 88532
15.439 88525
15.441 88518
15.441 88517
15.442 88514
15.444 88513
18.063 88501
18.08 88481
18.082 88476
18.096 88475
18.099 88473
18.107 88464
18.108 88454
18.111 88453
20.606 88442
20.613 88439
20.613 88431
20.614 88430
20.616 88422
20.616 88421
20.692 88413
20.693 88412
20.702 88411
20.703 88408
20.708 88383
20.708 88375
20.983 88374
20.984 88367
20.984 88366
21.06 88327
21.061 88323
21.307 88321
21.337 88299
21.345 88287
21.426 88286
21.427 88285
21.443 88275
21.443 88262
21.445 88260
21.445 88255
21.451 88252
21.452 88248
21.463 88237
21.464 88235
21.57 88226
21.572 88220
21.573 88213
22.023 88211
22.023 88210
22.025 88208
22.03 88202
22.032 88198
22.059 88187
22.061 88180
22.061 88179
22.062 88172
22.062 88168
22.065 88159
22.066 88158
22.069 88150
22.069 88148
22.072 88140
22.073 88139
22.074 88137
23.527 88132
23.542 88128
23.615 88126
23.631 88125
23.632 88122
23.639 88121
23.643 88116
23.643 88109
23.829 88103
23.85 88102
23.889 88088
23.89 88087
23.893 88085
23.896 88084
23.9 88078
23.902 88074
23.903 88070
23.91 88069
23.962 88059
26.622 88056
26.622 88045
26.663 88041
26.836 88036
26.837 88034
26.847 88021
26.851 88019
27.634 88017
27.652 88014
27.654 88013
27.661 88012
27.662 88009
27.68 88007
27.722 87999
33.789 87997
34.141 87995
34.143 87989
34.148 87984
34.151 87983
34.155 87982
34.158 87981
34.206 87979
38.815 87978
38.826 87976
38.832 87972
38.92 87965
38.934 87964
38.935 87963
38.956 87962
38.979 87958
38.993 87957
38.996 87956
39.448 87955
39.454 87954
39.455 87952
39.456 87949
39.463 87948
39.956 87942
39.959 87941
39.971 87936
40.665 87935
41.157 87934
41.157 87933
41.158 87928
41.183 87927
41.195 87923
41.195 87921
41.2 87917
41.211 87915
41.215 87914
