0.027 62629
0.027 62614
0.028 62600
0.028 62577
0.029 62522
0.03 62517
0.031 62515
0.031 62435
0.032 62434
0.032 62426
0.034 62391
0.034 62361
0.035 62347
0.035 62344
0.036 62316
0.037 62284
0.038 62258
0.038 62250
0.039 62247
0.041 62223
0.042 62196
0.043 62191
0.045 62190
0.046 62167
0.049 62125
0.049 62102
0.05 62101
0.052 62082
0.052 62058
0.054 62051
0.055 62050
0.056 62044
0.056 62043
0.056 62041
0.075 62030
0.075 62028
0.079 62027
0.079 62026
0.08 61992
0.081 61892
0.081 61880
0.082 61486
0.083 61483
0.083 61474
0.085 61335
0.086 61291
0.086 61274
0.087 61221
0.088 61193
0.088 61192
0.113 61189
0.114 61157
0.115 61154
0.121 61152
0.123 61140
0.127 61101
0.128 61099
0.129 61094
0.129 61092
0.13 61078
0.132 61074
0.132 61070
0.14 61043
0.141 61024
0.143 61009
0.147 61003
0.159 60990
0.16 60988
0.162 60973
0.165 60951
0.171 60942
0.172 60937
0.173 60924
0.179 60912
0.179 60903
0.18 60895
0.181 60884
0.181 60837
0.184 60776
0.193 60654
0.196 60602
0.198 60573
0.199 60566
0.2 60499
0.2 60497
0.207 60486
0.21 60485
0.211 60471
0.213 60396
0.214 60366
0.215 60350
0.216 60331
0.216 60325
0.227 60301
0.229 60281
0.23 60264
0.23 60248
0.231 60211
0.238 60185
0.248 60176
0.256 60173
0.257 60148
0.26 60140
0.267 60133
0.267 60132
0.278 60113
0.278 60072
0.279 60046
0.281 60032
0.282 60014
0.291 60008
0.293 59993
0.294 59989
0.295 59987
0.321 59984
0.331 59981
0.331 59976
0.332 59970
0.334 59966
0.375 59947
0.394 59946
0.401 59939
0.402 59929
0.402 59886
0.594 59879
0.595 59867
0.608 59852
0.609 59849
0.612 59843
0.636 59841
0.794 59829
0.794 59815
0.797 59779
0.797 59762
0.797 59756
1.066 59753
1.067 59739
1.07 59727
1.073 59707
1.076 59689
1.078 59688
1.086 59681
1.09 59659
1.09 59638
1.126 59605
1.128 59604
1.129 59602
1.135 59593
1.136 59585
1.137 59518
1.138 59501
2.151 59500
2.151 59495
2.152 59488
2.155 59482
2.165 59471
3.353 59464
8.192 59459
8.624 59429
8.648 59417
8.948 59413
8.951 59389
8.952 59382
8.955 59338
8.956 59326
8.958 59315
11.405 59310
11.445 59290
11.449 59273
11.457 59252
12.457 59242
12.634 59237
12.644 59234
12.652 59233
12.652 59230
12.677 59228
12.679 59220
12.682 59216
12.683 59212
14.806 59207
15.267 59201
15.322 59186
15.33 59175
15.343 59167
15.347 59161
15.352 59160
15.352 59155
15.53 59154
15.659 59117
15.665 59081
15.672 59075
15.675 59055
16.27 59049
16.272 59045
16.273 59034
16.276 59030
17.103 59009
17.107 59004
17.114 59001
17.115 59000
17.117 58994
17.12 58990
17.211 58973
17.214 58971
17.243 58970
17.255 58962
17.257 58955
17.263 58948
17.265 58943
17.265 58942
19.34 58935
19.363 58920
19.552 58898
19.557 58887
19.643 58881
19.651 58880
20.889 58876
21.083 58872
21.085 58869
21.106 58868
21.118 58866
21.119 58852
21.404 58851
21.405 58850
21.413 58848
21.426 58843
22.257 58825
22.263 58815
22.373 58811
22.378 58805
22.385 58802
22.481 58801
22.51 58786
23.784 58776
24.357 58769
24.378 58758
24.601 58752
24.787 58746
24.789 58744
24.795 58742
24.816 58737
24.818 58718
24.823 58709
24.829 58704
24.829 58701
24.832 58699
27.985 58693
28.113 58692
28.139 58685
28.149 58684
30.304 58680
30.322 58675
30.333 58674
30.347 58672
30.365 58670
30.384 58660
31.241 58657
31.261 58656
31.28 58655
34.548 58650
34.555 58643
34.56 58640
34.581 58635
34.591 58634
34.604 58629
34.638 58628
34.641 58625
34.929 58623
34.945 58622
34.978 58618
36.369 58611
36.379 58609
36.382 58608
36.646 58603
36.656 58601
36.749 58599
36.761 58596
37.843 58593
37.89 58591
37.912 58590
44.819 58588
44.987 58578
45.559 58575
45.581 58573
46.215 58572
46.606 58567
47.18 58563
47.181 58562
47.237 58561
47.391 58560
47.44 58558
47.656 58555
47.691 58552
47.855 58548
