0.032 51921
0.032 51918
0.032 51888
0.033 51824
0.033 51817
0.033 51705
0.034 51683
0.034 51661
0.035 51631
0.036 51616
0.036 51604
0.036 51498
0.037 51053
0.038 51029
0.039 51009
0.04 50880
0.04 50845
0.041 50809
0.041 50796
0.041 50762
0.043 50711
0.043 50693
0.044 50676
0.045 50658
0.046 50657
0.046 50655
0.047 50654
0.047 50605
0.047 50581
0.049 50572
0.05 50568
0.051 50552
0.055 50549
0.055 50543
0.059 50534
0.061 50533
0.063 50498
0.13 50433
0.131 50409
0.136 50405
0.155 50402
0.156 50396
0.162 50390
0.174 50332
0.18 50299
0.205 50272
0.209 50238
0.21 50237
0.21 50229
0.211 50223
0.211 50222
0.214 50214
0.215 50186
0.215 50183
0.217 50174
0.218 50172
0.219 50170
0.225 50151
0.225 50148
0.226 50115
0.226 50108
0.226 50097
0.233 50086
0.237 50050
0.239 50035
0.302 50026
0.93 50010
1.053 49947
1.055 49937
1.066 49910
1.067 49898
1.071 49871
1.074 49819
1.074 49807
1.075 49806
2.075 49805
2.076 49802
2.077 49797
2.077 49788
2.078 49778
2.082 49696
3.791 49679
3.793 49643
3.794 49621
3.794 49600
3.97 49567
3.97 49545
3.976 49524
4.016 49512
4.105 49509
5.754 49495
5.757 49489
5.765 49487
5.767 49486
5.773 49484
5.774 49478
5.776 49467
5.777 49462
5.778 49454
5.783 49446
5.79 49423
5.793 49417
6.975 49399
6.977 49382
6.977 49360
6.98 49352
6.981 49346
7.033 49337
7.053 49333
7.07 49332
7.077 49300
7.078 49278
7.08 49267
7.08 49263
7.082 49247
7.375 49240
7.38 49233
7.38 49228
7.397 49221
7.412 49211
7.506 49201
7.51 49180
8.051 49169
8.067 49167
8.071 49138
8.082 49135
8.088 49120
8.089 49119
10.697 49106
10.698 49084
10.706 49079
10.772 49062
10.845 49032
10.847 49027
10.879 49015
10.97 48991
10.996 48990
10.997 48977
11.003 48970
11.004 48962
11.005 48956
11.005 48954
11.007 48942
11.011 48932
11.042 48919
11.045 48872
11.046 48869
11.047 48816
11.048 48814
14.016 48806
14.019 48804
14.134 48780
14.139 48761
14.147 48757
14.148 48734
14.15 48728
14.155 48727
14.156 48724
14.161 48714
14.174 48708
14.19 48705
14.193 48699
14.642 48683
14.789 48681
14.791 48680
14.833 48678
14.837 48670
14.875 48669
14.904 48655
17.991 48654
18.004 48645
18.026 48630
18.032 48626
18.049 48625
18.049 48607
18.118 48586
18.121 48585
18.123 48579
18.126 48572
18.138 48556
18.141 48548
18.21 48545
18.246 48539
18.272 48536
18.272 48507
18.277 48505
18.281 48503
18.505 48494
18.508 48491
18.66 48485
18.689 48476
18.695 48472
18.716 48463
18.8 48450
18.965 48435
18.969 48424
18.983 48415
19.001 48411
19.002 48410
19.036 48408
20.706 48390
21.665 48389
21.671 48385
21.682 48384
21.685 48374
21.69 48368
22.357 48363
22.359 48359
22.499 48358
22.509 48351
22.577 48338
22.593 48328
22.595 48322
22.603 48318
22.605 48308
22.611 48302
23 48300
23.049 48299
23.054 48296
23.089 48291
23.09 48285
23.102 48262
23.108 48259
23.111 48256
23.115 48255
23.685 48247
23.686 48235
23.693 48225
23.705 48224
27.542 48221
27.543 48220
27.555 48214
29.788 48213
30.266 48211
30.284 48207
30.29 48206
31.085 48205
31.367 48203
31.371 48202
31.684 48199
31.699 48196
31.704 48195
31.73 48194
32.228 48190
32.555 48189
32.561 48188
32.563 48180
32.588 48174
32.644 48171
32.69 48170
34.332 48168
35.899 48165
35.908 48162
35.955 48160
