0.032 51852
0.032 51830
0.032 51828
0.033 51802
0.034 51380
0.034 51373
0.034 51320
0.035 51285
0.035 51254
0.037 51244
0.037 51204
0.037 51188
0.039 51174
0.041 51130
0.042 51095
0.043 51043
0.044 51023
0.044 51022
0.044 51016
0.045 50860
0.045 50857
0.047 50848
0.047 50833
0.052 50781
0.052 50777
0.052 50771
0.055 50760
0.062 50747
0.062 50741
0.063 50739
0.064 50724
0.074 50723
0.074 50680
0.074 50578
0.077 50557
0.079 50490
0.08 50481
0.08 50474
0.094 50455
0.098 50450
0.102 50435
0.104 50407
0.106 50387
0.12 50377
0.12 50362
0.132 50359
0.134 50358
0.137 50346
0.138 50344
0.152 50286
0.156 50275
0.157 50273
0.162 50270
0.163 50247
0.164 50227
0.178 50223
0.196 50207
0.227 50202
0.228 50195
0.239 50156
0.244 50154
0.244 50133
0.268 50120
0.269 50103
0.269 50100
0.273 50096
0.274 50008
0.274 49999
0.276 49983
0.307 49982
0.308 49972
0.321 49968
0.863 49962
0.864 49959
0.866 49957
0.866 49951
0.867 49926
0.867 49915
0.87 49913
0.871 49880
0.872 49871
0.876 49868
0.879 49845
0.879 49843
0.886 49838
0.934 49837
1.344 49831
1.346 49813
1.347 49790
1.551 49778
1.556 49742
1.557 49740
1.565 49717
1.565 49701
2.356 49680
2.453 49677
2.615 49661
2.617 49656
2.622 49645
2.656 49635
2.658 49623
2.668 49611
2.671 49605
2.671 49595
2.675 49593
2.856 49568
2.875 49551
3.24 49540
3.24 49532
3.247 49525
3.247 49498
3.247 49497
3.259 49482
3.267 49480
3.269 49465
3.557 49437
3.562 49427
3.564 49411
3.569 49404
3.569 49383
3.572 49330
7.071 49316
7.072 49312
7.074 49305
7.09 49289
7.092 49272
7.094 49257
7.097 49248
7.098 49244
7.232 49242
7.233 49215
7.827 49208
7.828 49203
7.926 49200
7.93 49176
7.932 49172
7.933 49169
7.992 49153
7.994 49143
7.997 49138
7.997 49082
8.005 49071
8.01 49066
8.545 49059
8.592 48986
8.979 48981
8.985 48979
8.986 48978
8.986 48975
9.257 48967
9.258 48963
11.749 48956
11.75 48950
11.755 48937
11.834 48924
11.834 48923
11.842 48912
11.843 48906
14.271 48882
14.272 48853
14.454 48834
14.456 48826
14.602 48817
15.463 48797
15.599 48788
15.885 48772
15.886 48769
16.38 48756
16.496 48754
16.502 48737
16.503 48694
16.525 48688
16.527 48684
18.735 48680
18.768 48675
18.773 48674
18.775 48671
18.986 48670
18.994 48664
18.995 48657
19 48649
19.01 48646
19.033 48642
19.099 48631
19.199 48629
19.693 48626
19.698 48618
19.698 48616
19.724 48615
19.734 48613
19.911 48611
20.475 48610
20.477 48596
21.134 48540
21.138 48538
21.14 48537
21.141 48533
21.506 48527
21.514 48522
21.531 48518
21.55 48516
21.562 48511
21.565 48503
21.994 48501
22.527 48498
22.534 48493
22.535 48486
22.539 48484
22.659 48478
22.659 48474
22.668 48473
22.703 48472
22.705 48467
22.708 48456
22.709 48455
22.719 48452
22.723 48436
22.745 48430
23.13 48419
23.135 48418
23.404 48415
23.416 48414
23.424 48413
23.427 48406
23.432 48400
23.437 48390
23.681 48387
23.687 48382
25.734 48373
25.749 48372
25.761 48370
25.769 48366
25.771 48364
25.772 48356
25.773 48354
25.775 48349
25.778 48344
25.838 48342
26.153 48338
26.168 48331
26.174 48328
26.197 48327
26.523 48324
26.789 48319
26.814 48308
27.048 48304
27.073 48296
27.083 48294
27.106 48291
27.11 48289
27.114 48286
27.115 48280
30.609 48279
30.613 48274
