0.039 48550
0.04 48478
0.04 48466
0.041 48353
0.041 48349
0.042 48302
0.042 48297
0.043 48296
0.043 48293
0.044 48211
0.044 48157
0.045 48121
0.045 48045
0.046 48024
0.046 47996
0.046 47919
0.048 47903
0.048 47874
0.049 47838
0.049 47726
0.049 47725
0.05 47696
0.051 47675
0.058 47670
0.058 47663
0.058 47650
0.059 47607
0.061 47570
0.061 47565
0.069 47564
0.07 47561
0.07 47550
0.073 47519
0.073 47515
0.079 47510
0.081 47508
0.093 47487
0.094 47486
0.095 47485
0.097 47476
0.099 47470
0.125 47391
0.129 47374
0.132 47354
0.132 47338
0.133 47317
0.134 47309
0.138 47306
0.14 47297
0.141 47293
0.141 47260
0.15 47225
0.242 47201
0.244 47138
0.244 47125
0.245 47101
0.246 47085
0.247 47053
0.249 47042
0.258 47041
0.274 47031
0.281 47016
0.282 47010
0.287 47007
0.288 46994
0.295 46980
0.296 46943
0.298 46940
0.299 46906
0.3 46881
0.304 46869
0.304 46844
0.305 46838
0.307 46802
0.31 46789
0.31 46761
0.311 46747
0.347 46675
0.347 46670
0.358 46666
0.463 46619
0.465 46565
0.483 46554
0.711 46552
0.718 46524
0.727 46474
0.728 46426
0.758 46422
0.857 46416
0.893 46409
0.893 46401
0.921 46372
1.032 46360
1.032 46319
1.035 46316
1.236 46286
1.237 46279
1.24 46241
1.24 46237
1.242 46223
1.246 46222
1.25 46172
1.285 46133
1.286 46114
1.301 46088
1.301 46066
1.302 46033
1.382 46001
1.385 45991
1.508 45975
1.508 45922
1.509 45913
1.51 45883
2.166 45857
2.167 45856
2.168 45854
2.169 45852
2.224 45844
2.225 45819
2.453 45813
2.512 45808
2.515 45780
2.516 45773
2.657 45739
2.659 45732
2.866 45728
2.958 45717
2.958 45693
2.962 45688
2.963 45620
2.965 45614
2.966 45611
3.724 45598
3.725 45569
3.726 45478
3.744 45465
3.745 45427
3.747 45356
5.388 45348
5.39 45339
8.019 45319
8.02 45290
8.021 45274
8.113 45272
8.115 45271
8.119 45252
8.575 45238
8.576 45218
8.578 45202
8.641 45178
8.643 45173
8.653 45172
8.656 45121
8.661 45087
8.701 45084
8.701 45070
8.718 45064
8.837 45054
8.84 45053
11.233 45038
11.24 45037
11.253 45032
11.255 45029
12.173 45020
12.198 45016
12.243 45004
12.244 45003
12.252 44998
12.253 44987
13.206 44967
13.214 44965
13.215 44963
13.216 44958
13.217 44946
13.222 44945
13.227 44938
13.716 44933
13.847 44914
13.848 44882
13.853 44878
13.854 44866
13.965 44860
13.979 44856
13.995 44852
14.009 44849
14.577 44843
14.577 44842
15.45 44830
15.45 44828
15.495 44826
15.517 44824
15.587 44823
15.588 44813
15.609 44804
15.614 44803
15.619 44801
15.623 44792
17.484 44789
17.492 44782
18.134 44758
18.155 44755
18.16 44740
18.315 44721
18.548 44704
18.557 44702
18.56 44691
18.562 44688
20.425 44685
20.444 44684
20.461 44675
21.893 44669
22.097 44659
22.102 44658
22.102 44651
22.104 44641
22.106 44637
22.134 44635
24.142 44633
24.183 44629
24.55 44615
24.571 44612
24.594 44609
25.139 44604
25.163 44596
31.005 44594
31.202 44589
31.223 44580
31.233 44579
31.283 44578
32.576 44574
33.124 44573
33.145 44561
33.264 44556
33.326 44552
33.358 44548
33.378 44544
33.484 44543
33.486 44542
33.535 44531
33.537 44530
33.576 44519
33.713 44517
34.621 44511
34.633 44510
34.818 44503
35.649 44500
35.686 44499
36.2 44497
36.416 44490
37.596 44487
37.643 44482
37.782 44480
38.388 44478
38.457 44473
38.556 44469
