0.05 38878
0.05 38874
0.051 38860
0.051 38848
0.052 38841
0.052 38663
0.052 38656
0.053 38654
0.053 38642
0.053 38591
0.054 38587
0.054 38584
0.054 38517
0.055 38482
0.056 38478
0.057 38444
0.057 38438
0.058 38431
0.058 38423
0.059 38404
0.059 38402
0.059 38375
0.06 38339
0.06 38291
0.061 38260
0.062 38245
0.063 38179
0.064 38172
0.065 38157
0.065 38143
0.066 38124
0.066 38122
0.067 38114
0.069 38107
0.072 38033
0.075 38029
0.075 38022
0.076 37985
0.077 37942
0.079 37915
0.079 37839
0.1 37822
0.101 37813
0.101 37729
0.102 37706
0.109 37687
0.109 37682
0.111 37639
0.112 37603
0.119 37594
0.12 37570
0.121 37545
0.121 37519
0.137 37513
0.138 37487
0.139 37469
0.142 37456
0.183 37454
0.184 37396
0.187 37392
0.188 37370
0.188 37359
0.232 37343
0.27 37318
0.271 37265
0.274 37236
0.275 37222
0.283 37184
0.283 37161
0.285 37136
0.287 37089
0.289 37081
0.563 37078
0.563 37072
0.566 37068
0.567 37061
0.571 37034
0.82 37029
0.821 37006
0.999 36984
1.005 36978
1.005 36951
1.007 36903
1.009 36901
1.009 36892
1.012 36887
1.015 36854
1.015 36845
1.016 36843
1.017 36790
1.018 36779
1.018 36757
1.022 36690
1.023 36675
1.024 36664
1.025 36628
1.028 36570
2.476 36486
3.312 36482
3.313 36471
3.317 36439
3.319 36419
3.32 36413
3.333 36382
3.336 36371
3.369 36369
3.371 36367
3.439 36363
3.813 36336
3.814 36330
3.814 36327
3.858 36324
3.861 36311
3.862 36294
3.867 36293
5.281 36284
5.29 36276
5.293 36266
5.359 36262
5.476 36245
5.482 36235
5.489 36232
5.49 36228
5.49 36223
5.496 36199
5.496 36192
5.764 36167
5.769 36117
5.77 36114
5.771 36059
5.771 36038
5.772 36037
5.773 36031
5.779 36025
5.78 36002
5.781 35996
5.781 35989
5.782 35971
5.782 35961
5.783 35952
5.784 35951
5.868 35942
6.526 35935
6.648 35909
6.649 35899
8.119 35884
8.436 35849
8.438 35847
8.439 35833
8.44 35831
9.673 35816
9.673 35810
9.675 35782
9.682 35780
9.686 35764
9.687 35760
11.193 35758
11.207 35722
11.208 35720
11.362 35678
11.942 35665
12.046 35640
12.199 35632
12.364 35606
12.365 35600
12.368 35589
12.368 35588
12.398 35574
12.399 35573
14.093 35569
15.772 35568
15.773 35564
15.779 35562
15.78 35551
15.786 35529
15.789 35526
16.326 35525
16.331 35514
16.333 35512
16.447 35508
16.488 35498
16.494 35486
18.547 35479
18.595 35477
18.612 35464
18.615 35462
18.631 35461
18.639 35449
18.668 35446
18.672 35436
18.71 35429
18.715 35415
18.722 35414
18.723 35400
18.726 35388
18.745 35386
18.911 35380
18.938 35370
18.938 35369
18.94 35360
18.943 35349
18.946 35339
23.338 35323
23.357 35322
23.372 35317
23.375 35312
23.381 35300
23.383 35290
23.509 35285
23.523 35283
23.526 35279
23.528 35274
23.549 35270
23.564 35263
23.593 35260
23.595 35256
23.597 35245
23.608 35240
24.614 35237
24.614 35232
24.619 35227
25.06 35221
25.137 35220
25.144 35219
25.151 35215
25.152 35213
25.154 35208
25.158 35204
25.287 35199
25.299 35197
25.387 35190
25.392 35184
25.427 35183
25.446 35182
25.598 35174
25.611 35169
25.614 35167
26.003 35165
26.015 35161
26.1 35159
31.026 35157
31.03 35143
31.043 35140
31.043 35138
36.057 35137
36.074 35135
36.098 35132
36.351 35128
36.352 35126
36.397 35124
36.569 35121
36.59 35120
37.412 35118
37.422 35117
37.437 35114
37.598 35113
37.626 35110
37.659 35107
37.869 35103
