0.045 114908
0.045 114906
0.048 114865
0.049 114778
0.05 114777
0.05 114767
0.051 114746
0.051 114720
0.051 114719
0.052 114707
0.053 114677
0.053 114668
0.053 114664
0.054 114659
0.055 114601
0.055 114578
0.058 114577
0.058 114563
0.062 114489
0.063 114486
0.063 114426
0.064 114373
0.065 114369
0.065 114368
0.066 114360
0.066 114357
0.066 114343
0.067 114309
0.067 114292
0.069 114276
0.07 114215
0.07 114208
0.071 114188
0.072 114184
0.074 114161
0.074 114157
0.076 114150
0.077 114141
0.077 114140
0.078 114139
0.079 114132
0.079 114063
0.08 114062
0.083 114059
0.085 114057
0.093 113923
0.095 113849
0.096 113835
0.098 113804
0.112 113740
0.139 113735
0.139 113729
0.143 113587
0.145 113571
0.145 113555
0.146 113553
0.147 113548
0.147 113542
0.161 113501
0.18 113472
0.181 113434
0.182 113398
0.197 113189
0.218 113176
0.218 113172
0.222 113168
0.223 113167
0.225 113038
0.227 113017
0.231 112963
0.232 112942
0.235 112929
0.235 112927
0.237 112924
0.339 112857
0.342 112823
0.346 112820
0.347 112784
0.35 112770
0.358 112762
0.359 112735
0.359 112722
0.361 112674
0.365 112650
0.367 112607
0.368 112601
0.369 112592
0.503 112541
0.51 112540
0.511 112518
0.651 112511
0.681 112458
0.691 112451
0.693 112409
0.695 112376
0.697 112352
0.698 112330
0.699 112231
0.709 112196
0.715 112156
1.25 112099
1.27 112092
1.272 111997
1.4 111975
1.402 111970
1.402 111947
1.404 111914
1.406 111884
1.408 111828
1.467 111827
1.47 111823
1.471 111812
1.474 111795
1.475 111782
1.477 111772
1.479 111769
1.481 111763
1.483 111741
1.484 111736
1.485 111732
1.486 111711
1.636 111693
1.642 111684
1.858 111680
1.86 111637
1.86 111607
1.865 111591
1.868 111578
1.876 111570
1.878 111554
1.881 111552
1.884 111532
1.884 111527
1.886 111496
1.924 111492
1.925 111489
1.931 111442
2.862 111417
3.123 111408
3.124 111406
3.126 111377
3.127 111375
3.129 111368
3.13 111365
3.132 111305
3.135 111302
3.141 111253
3.144 111249
3.146 111248
3.16 111215
3.454 111212
3.456 111196
3.458 111169
3.97 111162
4.037 111130
4.082 111123
4.088 111117
4.088 111097
4.094 111059
4.106 111021
4.107 110976
4.11 110948
4.223 110922
4.268 110917
4.273 110915
4.279 110859
4.283 110814
4.287 110807
4.305 110767
4.317 110763
4.318 110754
4.323 110709
4.323 110678
4.449 110652
4.452 110593
4.453 110582
4.543 110556
4.546 110552
4.822 110484
4.822 110477
4.918 110472
4.919 110465
5.456 110451
5.467 110444
5.467 110426
5.658 110424
5.663 110423
5.664 110421
5.685 110414
5.685 110412
5.686 110408
5.686 110406
5.723 110380
5.724 110351
5.725 110349
5.74 110281
5.748 110271
5.783 110267
5.788 110262
5.789 110255
5.938 110229
6.04 110165
6.04 110157
6.192 110115
6.273 110113
6.276 110096
6.289 110083
6.317 110067
6.32 110063
7.159 110041
7.163 110040
7.235 110007
7.236 110002
7.238 110001
7.238 109990
7.305 109959
7.321 109957
7.334 109956
7.335 109947
7.346 109934
8.725 109893
8.738 109883
8.742 109873
8.766 109868
8.767 109845
8.775 109844
8.785 109829
8.789 109765
8.791 109763
8.792 109757
8.818 109734
8.821 109713
8.825 109708
8.826 109657
8.843 109639
8.857 109632
8.865 109631
8.866 109610
8.869 109578
8.875 109573
8.876 109533
8.877 109532
8.885 109530
8.888 109514
8.891 109500
8.894 109486
8.895 109479
9.054 109475
9.055 109441
9.068 109430
9.069 109418
9.075 109415
9.098 109372
9.266 109370
9.294 109342
9.295 109341
9.295 109337
9.296 109333
9.298 109296
9.311 109277
9.4 109259
9.406 109250
13.926 109247
16.014 109232
16.023 109214
16.06 109191
16.062 109178
16.068 109164
16.104 109163
16.116 109153
16.118 109144
16.132 109134
16.32 109121
16.323 109115
16.729 109087
16.788 109085
16.794 109075
16.798 109074
16.801 109071
16.803 109069
16.812 109051
16.827 109049
16.829 109047
16.95 109044
16.991 109032
16.993 108999
17 108992
17.02 108975
17.029 108971
17.832 108964
17.836 108957
17.941 108883
17.946 108882
17.948 108873
17.958 108868
17.959 108867
17.96 108842
17.962 108841
17.963 108837
17.965 108834
17.965 108832
17.966 108812
18.003 108797
18.005 108789
18.042 108786
18.042 108780
18.051 108768
18.059 108737
18.094 108723
18.221 108716
18.23 108694
18.234 108689
18.382 108670
18.382 108669
18.384 108664
18.386 108663
18.393 108653
18.394 108645
18.697 108638
18.702 108629
18.707 108625
18.708 108613
19.182 108610
19.391 108604
19.425 108591
19.454 108586
19.456 108585
19.461 108575
19.469 108570
19.47 108558
19.481 108555
19.484 108538
19.515 108536
19.523 108533
19.576 108523
19.577 108509
19.581 108484
19.587 108472
22.595 108466
22.613 108456
22.62 108453
22.624 108452
22.643 108436
22.663 108434
22.664 108426
22.951 108423
22.965 108416
25.634 108406
25.636 108404
25.659 108396
26.231 108374
26.231 108361
26.315 108359
26.32 108356
26.414 108348
26.415 108346
26.462 108339
26.483 108321
26.492 108317
26.573 108316
26.681 108315
26.682 108312
26.695 108311
26.702 108309
26.707 108292
26.85 108278
26.853 108253
26.889 108250
26.896 108245
27.077 108237
27.084 108235
27.094 108234
27.105 108232
27.116 108229
27.312 108227
27.314 108224
27.32 108223
27.324 108218
27.861 108217
28.546 108208
28.562 108203
28.607 108196
28.611 108187
28.617 108185
28.629 108182
28.649 108179
28.664 108177
28.705 108171
28.714 108168
28.72 108166
28.875 108160
28.955 108146
28.958 108138
28.965 108137
28.987 108124
30.403 108113
30.481 108096
30.493 108095
30.518 108072
30.555 108068
30.555 108066
30.585 108050
30.6 108034
30.603 108033
30.609 108015
31.026 108014
31.033 108013
31.053 108012
31.07 108010
31.072 108002
31.09 107999
31.091 107998
33.226 107993
33.231 107988
33.252 107981
33.91 107979
33.928 107972
33.976 107970
33.98 107969
34.324 107968
34.346 107963
34.453 107959
34.577 107952
34.598 107950
37.66 107943
37.672 107939
37.806 107933
37.854 107929
37.887 107926
37.99 107924
38.008 107923
38.041 107921
38.066 107920
38.102 107919
38.12 107916
38.434 107913
38.446 107911
40.286 107908
40.463 107907
40.487 107906
40.495 107904
40.511 107903
40.55 107902
40.559 107900
40.63 107899
40.645 107896
40.803 107895
40.804 107891
40.862 107887
