0.044 114945
0.045 114903
0.046 114881
0.047 114879
0.047 114865
0.047 114854
0.048 114839
0.049 114813
0.051 114773
0.052 114768
0.053 114763
0.053 114744
0.054 114723
0.054 114721
0.055 114709
0.055 114626
0.056 114610
0.056 114581
0.057 114578
0.057 114569
0.057 114562
0.058 114557
0.062 114501
0.063 114496
0.064 114453
0.064 114430
0.065 114426
0.071 114338
0.076 114291
0.077 114276
0.082 114263
0.082 114231
0.084 114225
0.084 114209
0.084 114207
0.087 114069
0.089 114068
0.096 114017
0.098 113970
0.098 113913
0.099 113837
0.102 113829
0.103 113825
0.104 113804
0.105 113789
0.11 113788
0.111 113748
0.112 113735
0.113 113734
0.116 113732
0.119 113621
0.121 113533
0.121 113530
0.133 113519
0.134 113440
0.134 113435
0.136 113411
0.142 113396
0.143 113371
0.149 113325
0.15 113305
0.166 113166
0.167 113131
0.191 113074
0.192 113072
0.192 113066
0.193 113034
0.193 113021
0.194 113017
0.195 112993
0.197 112988
0.205 112964
0.206 112943
0.209 112843
0.209 112818
0.236 112809
0.259 112731
0.296 112684
0.299 112679
0.3 112676
0.301 112671
0.303 112643
0.318 112601
0.338 112567
0.339 112566
0.477 112557
0.533 112537
0.534 112531
0.534 112529
0.535 112443
0.536 112419
0.54 112349
0.553 112337
0.565 112304
0.566 112259
0.567 112250
0.568 112235
0.575 112191
0.802 112173
0.803 112167
0.806 112151
0.846 112101
0.848 112077
0.849 112033
0.854 111998
0.864 111976
0.873 111923
0.874 111904
0.879 111892
0.88 111891
0.88 111878
0.881 111797
0.882 111796
0.886 111792
0.889 111789
0.892 111780
0.894 111779
0.894 111677
0.965 111633
0.969 111630
0.977 111629
0.978 111628
0.984 111592
1.009 111584
1.01 111547
1.096 111537
1.098 111525
1.102 111506
1.109 111485
1.114 111454
1.122 111449
1.129 111436
1.54 111431
1.551 111418
1.559 111417
1.598 111406
1.6 111399
1.602 111373
1.608 111370
1.618 111368
2.002 111355
2.006 111347
2.009 111333
2.01 111301
2.01 111269
2.152 111252
2.154 111183
2.156 111162
2.161 111144
2.181 111117
2.182 111068
2.182 111065
2.205 110976
2.216 110867
2.217 110857
2.217 110841
2.219 110839
2.222 110830
2.223 110824
2.224 110816
2.224 110812
2.239 110795
2.24 110791
2.242 110787
2.255 110768
2.384 110676
2.41 110664
2.414 110614
2.42 110609
3.752 110598
3.758 110490
3.759 110468
3.765 110461
3.78 110429
3.781 110395
3.783 110394
3.792 110392
3.793 110387
3.798 110381
3.805 110316
4.088 110300
4.09 110296
4.116 110292
4.724 110282
4.725 110280
4.727 110258
5.02 110220
6.537 110197
6.557 110176
6.558 110175
6.559 110172
6.562 110166
6.564 110155
6.566 110141
6.818 110101
6.877 110090
6.879 110087
6.882 110029
7.186 109993
7.284 109991
7.296 109986
7.305 109984
7.308 109983
7.429 109972
7.446 109951
7.459 109930
7.464 109920
7.474 109893
7.475 109889
7.479 109866
7.487 109864
7.534 109854
7.538 109819
7.555 109817
7.556 109796
7.668 109795
7.702 109774
7.706 109670
7.743 109662
7.75 109660
7.765 109654
7.768 109601
7.769 109587
7.771 109573
7.775 109567
7.795 109557
7.865 109555
7.878 109550
7.999 109523
8.001 109522
8.001 109464
8.004 109459
8.006 109452
8.007 109446
8.009 109431
8.013 109420
8.015 109400
10.642 109399
10.703 109372
10.703 109362
10.705 109355
10.708 109351
10.718 109348
10.744 109329
11.07 109310
11.341 109299
11.353 109279
11.353 109273
11.354 109243
11.364 109234
11.384 109220
11.385 109152
11.392 109149
11.392 109137
11.393 109120
12.283 109115
12.285 109083
12.292 109051
12.296 109040
12.478 109036
13.257 109021
13.259 109006
13.26 109003
13.261 108980
13.275 108979
13.278 108951
13.28 108893
13.423 108857
13.452 108856
13.455 108852
13.459 108845
14.279 108843
14.286 108839
14.344 108828
14.345 108827
14.495 108816
14.501 108813
14.501 108792
14.509 108791
14.914 108760
14.916 108747
14.916 108745
14.918 108744
14.92 108740
14.929 108730
15.32 108717
15.391 108694
15.394 108689
15.397 108682
15.476 108672
15.554 108659
15.736 108654
15.908 108650
15.927 108642
15.93 108635
15.93 108623
15.939 108601
15.94 108584
15.946 108582
15.986 108577
15.997 108570
15.997 108568
16.007 108565
16.166 108553
16.168 108528
16.183 108517
16.186 108514
17.162 108504
17.166 108496
17.177 108488
17.179 108487
17.187 108486
17.695 108473
17.71 108471
17.711 108461
17.712 108438
17.719 108389
17.725 108380
17.726 108372
17.731 108370
17.732 108364
17.742 108362
17.742 108358
17.755 108355
17.758 108354
17.779 108342
17.782 108326
17.787 108288
17.815 108286
17.822 108273
17.833 108270
17.852 108267
18.638 108255
18.645 108234
18.658 108230
18.661 108228
18.683 108227
18.684 108225
18.867 108215
18.916 108202
19.002 108201
19.009 108190
20.84 108182
20.876 108180
20.884 108179
20.906 108177
20.943 108172
22.423 108159
22.529 108154
23.799 108143
23.869 108137
23.878 108135
23.884 108131
23.928 108128
24.526 108126
24.541 108103
24.55 108096
24.555 108084
24.578 108071
24.665 108063
24.757 108056
24.896 108055
24.9 108048
25.059 108045
25.106 108042
25.108 108027
25.115 108020
25.133 108013
29.467 108010
29.487 108008
30.22 108005
30.385 107997
30.451 107995
30.462 107993
30.517 107988
30.95 107987
31.069 107986
31.106 107984
31.183 107979
31.184 107976
33.804 107972
35.249 107970
35.255 107969
35.289 107968
35.341 107952
35.386 107950
35.397 107949
35.562 107947
35.6 107943
35.621 107940
35.698 107939
35.765 107938
35.816 107937
35.92 107924
36.253 107920
36.862 107913
36.961 107906
38.38 107905
38.401 107898
38.461 107892
38.56 107888
38.896 107884
38.9 107882
39.556 107880
39.588 107878
39.631 107876
39.77 107873
39.794 107871
40.535 107867
40.694 107858
40.712 107855
40.724 107853
