0.041 48589
0.041 48560
0.041 48451
0.042 48426
0.042 48406
0.042 48402
0.042 48395
0.043 48365
0.043 48347
0.043 48314
0.044 48247
0.044 48207
0.045 48202
0.045 48161
0.045 48139
0.045 48137
0.046 47968
0.046 47927
0.046 47896
0.047 47892
0.047 47872
0.048 47845
0.048 47816
0.049 47789
0.049 47782
0.05 47675
0.05 47612
0.05 47572
0.052 47566
0.053 47557
0.055 47513
0.055 47508
0.056 47448
0.056 47399
0.057 47397
0.059 47374
0.059 47368
0.059 47363
0.062 47303
0.063 47277
0.066 47191
0.067 47161
0.073 47151
0.075 47113
0.076 47089
0.082 47083
0.082 47074
0.084 47071
0.084 46999
0.085 46996
0.086 46991
0.094 46984
0.095 46968
0.096 46931
0.097 46928
0.106 46894
0.121 46866
0.122 46859
0.129 46852
0.131 46812
0.138 46794
0.178 46780
0.178 46752
0.18 46593
0.18 46578
0.18 46576
0.182 46571
0.184 46540
0.185 46521
0.185 46520
0.201 46516
0.202 46488
0.212 46459
0.212 46427
0.212 46421
0.214 46273
0.215 46238
0.215 46233
0.247 46232
0.248 46221
0.248 46210
0.248 46207
0.252 46188
0.268 46187
0.274 46184
0.56 46113
0.569 46090
0.57 46088
0.571 46060
0.572 46058
0.604 46050
0.605 46039
0.605 46000
0.611 45972
0.612 45953
0.616 45915
0.911 45899
0.912 45894
1.021 45871
1.022 45852
1.148 45840
1.156 45804
1.156 45802
1.157 45779
1.338 45774
1.339 45758
1.339 45746
1.346 45733
1.436 45717
1.437 45707
1.437 45704
1.438 45692
1.438 45677
1.44 45673
1.442 45668
1.444 45644
1.445 45610
1.448 45581
1.45 45577
3.34 45552
3.34 45548
3.341 45540
3.367 45530
3.367 45527
7.223 45514
7.225 45512
7.232 45475
7.474 45457
7.494 45449
8.914 45429
10.095 45425
10.098 45414
10.118 45400
10.119 45359
10.129 45355
10.131 45346
10.133 45325
10.135 45305
10.137 45261
10.141 45252
10.143 45235
10.143 45226
10.145 45219
10.146 45218
11.327 45211
11.339 45185
11.344 45164
11.344 45163
12.021 45130
12.022 45129
12.022 45115
12.066 45101
12.067 45084
12.067 45080
12.15 45065
12.2 45058
12.201 45048
12.326 45017
12.328 44999
12.331 44996
12.682 44986
12.683 44965
12.684 44950
12.684 44904
12.686 44892
12.691 44883
12.721 44873
12.726 44843
12.726 44824
12.73 44822
13.205 44820
13.229 44797
13.72 44792
13.772 44787
13.774 44774
15.145 44771
15.168 44769
15.171 44754
15.176 44744
15.184 44740
15.391 44722
17.194 44715
17.196 44712
17.197 44678
18.91 44671
18.912 44670
18.922 44660
19.148 44659
19.153 44632
19.156 44625
19.162 44624
19.169 44605
19.216 44593
19.22 44580
19.247 44571
19.281 44568
19.288 44560
19.3 44551
19.373 44541
21.036 44540
21.037 44537
21.051 44528
21.065 44507
21.084 44499
23.284 44489
23.285 44488
23.289 44487
23.29 44483
24.107 44479
24.121 44449
24.126 44446
24.132 44445
24.134 44431
24.14 44424
24.169 44414
24.169 44411
24.171 44407
24.18 44405
24.188 44397
24.768 44386
24.806 44378
24.809 44377
24.814 44376
25.251 44373
25.252 44366
25.257 44362
26.212 44361
26.212 44357
26.218 44356
26.226 44348
26.991 44347
26.996 44346
27.004 44337
27.487 44332
27.495 44327
27.525 44320
27.529 44318
27.541 44309
27.543 44308
27.548 44304
27.556 44300
27.562 44292
27.79 44289
27.809 44284
27.874 44282
27.888 44280
27.888 44278
27.89 44276
28.517 44273
28.52 44272
28.623 44268
29.393 44266
29.406 44264
29.412 44260
29.529 44255
29.551 44250
29.565 44246
29.568 44243
31.109 44224
31.112 44222
31.134 44211
31.142 44205
33.523 44203
33.529 44191
33.596 44189
33.617 44185
33.634 44180
33.639 44179
37.579 44178
37.59 44177
37.598 44176
37.622 44172
