0.056 55182
0.056 55178
0.057 55141
0.057 55113
0.058 55103
0.059 55051
0.059 55018
0.06 55012
0.061 54989
0.061 54973
0.062 54931
0.062 54908
0.063 54893
0.063 54855
0.064 54738
0.064 54700
0.065 54679
0.066 54643
0.066 54641
0.066 54595
0.067 54577
0.067 54568
0.068 54559
0.068 54524
0.069 54522
0.069 54508
0.07 54494
0.07 54473
0.07 54462
0.071 54461
0.073 54433
0.076 54432
0.076 54426
0.077 54412
0.078 54365
0.078 54355
0.082 54343
0.083 54339
0.084 54325
0.085 54290
0.088 54281
0.089 54249
0.089 54226
0.103 54203
0.123 54192
0.123 54190
0.128 54180
0.13 54174
0.131 54168
0.132 54157
0.136 54152
0.136 54137
0.137 54134
0.138 54124
0.14 54105
0.141 54092
0.142 54090
0.143 54085
0.144 54080
0.144 54078
0.168 54074
0.169 54016
0.17 54013
0.185 54009
0.186 54003
0.189 53949
0.196 53905
0.198 53882
0.392 53881
0.394 53878
0.395 53862
0.396 53861
0.397 53851
0.399 53826
0.4 53817
0.466 53814
0.467 53783
0.468 53778
0.476 53745
0.477 53681
0.489 53672
0.56 53640
0.609 53627
0.609 53619
0.61 53616
0.611 53611
0.614 53605
0.664 53593
0.665 53590
0.711 53583
0.719 53564
0.739 53558
0.74 53551
0.74 53540
0.743 53535
0.743 53529
0.744 53522
0.745 53480
0.747 53475
0.748 53434
0.751 53427
0.752 53402
0.753 53399
0.754 53394
0.76 53366
0.764 53361
0.765 53277
0.768 53261
0.768 53236
0.915 53235
0.918 53213
0.918 53177
0.921 53171
0.921 53156
0.924 53154
0.931 53150
0.932 53140
0.935 53132
0.935 53119
0.937 53112
0.938 53078
0.94 53075
0.954 53064
0.956 53040
0.96 53036
1.436 53030
1.447 53017
1.448 53016
1.875 53014
1.876 53012
1.877 52990
1.977 52976
1.978 52964
1.979 52950
2.019 52882
2.022 52855
2.023 52854
2.026 52840
4.064 52835
4.064 52831
4.067 52795
4.067 52764
4.717 52755
4.717 52751
5.082 52700
5.083 52698
5.88 52686
5.885 52670
6.737 52632
6.737 52621
6.74 52619
6.741 52618
7.997 52608
8 52606
8.214 52599
8.216 52593
8.217 52591
8.222 52582
8.226 52580
8.227 52575
8.237 52557
8.238 52544
8.245 52536
8.247 52521
8.249 52481
8.266 52479
8.266 52477
8.267 52474
8.268 52472
8.269 52463
8.271 52446
8.273 52436
8.622 52428
8.623 52421
8.628 52413
8.629 52399
9.096 52398
9.104 52395
9.105 52388
9.108 52383
9.111 52375
9.615 52351
10.225 52339
10.227 52338
10.227 52335
10.229 52334
10.505 52332
10.51 52328
10.515 52322
10.516 52319
10.517 52308
10.518 52283
10.519 52275
10.525 52265
10.541 52254
10.544 52223
10.545 52198
10.551 52181
10.552 52173
10.687 52168
10.688 52167
10.689 52164
10.689 52156
10.69 52145
10.753 52142
10.755 52137
11.54 52124
11.764 52102
11.795 52095
11.926 52093
11.933 52077
11.934 52040
11.935 52018
11.935 52017
11.94 51992
11.943 51988
14.36 51981
14.36 51967
14.39 51959
14.397 51950
14.397 51943
14.398 51935
15.076 51926
15.554 51924
15.555 51915
15.557 51907
15.58 51901
15.582 51889
15.599 51883
15.603 51879
15.96 51875
15.963 51873
15.963 51872
15.964 51868
15.969 51862
15.97 51853
15.971 51851
15.972 51850
16.029 51847
16.041 51835
16.221 51821
16.223 51809
16.224 51795
16.229 51784
16.232 51778
16.234 51773
19.376 51769
19.381 51767
19.47 51762
19.518 51761
19.534 51738
19.538 51735
19.539 51717
19.54 51708
20.302 51703
20.305 51686
20.308 51683
20.318 51680
20.348 51675
20.348 51665
20.351 51644
20.358 51643
20.405 51641
20.408 51634
20.409 51627
20.417 51600
20.471 51588
20.473 51584
20.507 51559
22.97 51552
22.971 51548
22.991 51545
24.238 51538
24.306 51537
25.072 51533
25.105 51528
25.11 51517
25.11 51506
25.117 51505
25.145 51499
25.145 51498
25.148 51492
25.15 51488
25.151 51481
25.165 51478
25.524 51472
25.525 51461
25.634 51458
25.649 51454
25.654 51450
25.711 51447
26.908 51443
26.916 51441
26.92 51437
26.936 51435
26.94 51428
27.06 51421
27.076 51418
27.076 51398
27.168 51397
27.175 51392
27.179 51386
27.339 51381
27.344 51372
27.349 51364
28.489 51362
28.496 51358
28.522 51351
28.555 51350
28.559 51349
28.56 51348
28.592 51345
28.593 51342
30.956 51337
31.856 51336
31.868 51328
31.882 51326
31.976 51321
33.42 51318
33.438 51314
33.44 51311
33.467 51307
33.469 51306
33.478 51300
33.653 51296
38.448 51292
38.463 51289
38.47 51286
38.477 51272
38.573 51267
38.838 51258
38.838 51250
38.844 51249
38.853 51244
39.371 51241
39.566 51234
39.715 51224
39.729 51219
41.268 51216
41.28 51211
