0.053 187845
0.055 187803
0.056 187796
0.057 187670
0.059 187580
0.061 187491
0.062 187457
0.063 187336
0.064 187330
0.064 187309
0.065 187307
0.066 187298
0.068 187049
0.069 187000
0.069 186997
0.07 186991
0.071 186938
0.075 186910
0.076 186864
0.077 186850
0.079 186828
0.08 186809
0.081 186789
0.082 186531
0.083 186510
0.084 186428
0.085 186427
0.087 186425
0.088 186418
0.088 186182
0.089 186113
0.09 186015
0.091 186014
0.091 186011
0.093 185896
0.093 185883
0.094 185881
0.106 185786
0.107 185783
0.107 185776
0.109 185741
0.109 185728
0.11 185691
0.111 185655
0.111 185653
0.113 185630
0.113 185623
0.115 185550
0.122 185543
0.123 185535
0.131 185534
0.132 185526
0.138 185488
0.139 185468
0.14 185318
0.143 185309
0.145 185272
0.151 185258
0.161 185253
0.17 185222
0.171 185206
0.171 185203
0.173 185188
0.175 185149
0.175 185114
0.177 185089
0.181 185002
0.185 185001
0.194 184994
0.204 184993
0.205 184969
0.208 184959
0.209 184922
0.236 184918
0.239 184908
0.24 184899
0.241 184881
0.246 184859
0.248 184821
0.25 184729
0.252 184698
0.254 184676
0.254 184640
0.254 184635
0.266 184618
0.268 184552
0.286 184549
0.289 184545
0.298 184468
0.301 184445
0.302 184388
0.304 184347
0.307 184314
0.308 184312
0.346 184268
0.359 184207
0.36 184199
0.361 184197
0.366 184187
0.367 184139
0.384 184138
0.386 184047
0.387 184030
0.388 183958
0.391 183906
0.395 183905
0.397 183898
0.4 183896
0.403 183852
0.41 183846
0.412 183828
0.418 183802
0.418 183799
0.419 183742
0.421 183739
0.422 183731
0.423 183668
0.427 183644
0.448 183594
0.449 183577
0.451 183574
0.453 183560
0.454 183553
0.465 183533
0.467 183496
0.468 183483
0.49 183467
0.526 183420
0.528 183400
0.546 183376
0.547 183374
0.848 183355
0.855 183351
0.86 183350
0.861 183348
0.876 183336
0.876 183317
0.877 183316
0.878 183312
0.879 183305
0.901 183267
0.901 183237
0.904 183231
0.907 183149
0.909 183144
0.91 183140
0.928 183077
0.93 183052
0.934 183026
0.934 183007
0.935 183000
0.939 182996
0.941 182978
0.943 182974
0.944 182971
1.149 182969
1.152 182962
1.298 182940
1.308 182868
1.309 182866
1.322 182788
1.327 182739
1.332 182735
1.332 182700
1.333 182699
1.336 182676
1.345 182574
1.346 182555
1.349 182544
1.35 182514
1.355 182510
1.36 182489
2.222 182448
2.266 182411
2.267 182406
2.268 182398
2.27 182392
2.271 182387
2.274 182348
2.276 182345
2.324 182268
2.326 182265
2.327 182254
2.336 182248
2.342 182233
2.351 182228
2.362 182225
2.374 182192
2.376 182185
2.381 182183
2.383 182155
2.384 182144
2.389 182124
2.395 182120
2.397 182116
2.399 182103
2.407 182073
2.703 182026
2.715 182009
2.717 181981
2.729 181979
2.732 181975
2.83 181941
2.836 181901
2.854 181900
2.855 181867
2.888 181842
2.889 181836
3.48 181815
3.529 181805
3.542 181717
3.548 181714
3.552 181631
3.552 181630
3.554 181603
3.554 181601
3.556 181597
3.558 181588
3.562 181579
3.571 181552
3.572 181545
3.575 181536
3.576 181535
3.58 181517
3.584 181516
3.605 181506
3.605 181483
3.624 181452
3.626 181434
3.627 181428
3.634 181425
3.64 181380
3.64 181377
3.642 181375
3.643 181367
3.644 181322
3.655 181284
3.714 181281
4.075 181272
4.075 181255
4.125 181254
4.129 181236
4.141 181170
4.169 181147
4.171 181140
4.176 181091
4.178 181032
4.182 181010
4.183 181009
4.184 181000
4.186 180986
4.189 180971
4.192 180891
4.689 180860
4.702 180857
4.703 180807
4.71 180805
4.717 180792
4.717 180753
4.718 180726
4.723 180715
4.723 180714
4.724 180705
4.836 180638
4.837 180627
4.838 180617
4.85 180587
4.866 180577
4.868 180569
6.081 180564
6.126 180556
6.129 180546
6.205 180515
6.21 180509
6.228 180477
6.229 180473
6.232 180467
6.243 180465
6.25 180462
6.27 180428
6.273 180420
6.28 180419
6.302 180413
6.304 180407
6.305 180405
7.156 180394
7.194 180388
7.195 180384
7.201 180337
7.203 180326
7.206 180318
7.276 180316
7.277 180315
7.279 180314
8.562 180309
8.567 180275
8.575 180267
8.577 180265
8.587 180250
9.021 180249
9.033 180240
9.035 180237
9.044 180220
9.058 180206
9.069 180195
9.073 180192
9.12 180189
9.207 180132
9.229 180121
9.236 180110
9.237 180108
9.242 180106
9.262 180100
9.262 180099
9.264 180098
9.276 180092
9.277 180082
9.281 180067
9.282 180029
9.285 180007
9.944 180004
9.949 180002
9.951 179994
9.953 179986
9.954 179978
9.958 179967
9.967 179964
9.971 179961
9.974 179960
9.975 179954
9.982 179952
9.982 179948
10.25 179944
10.252 179939
10.253 179927
10.254 179917
10.26 179914
10.275 179895
10.278 179890
10.283 179864
10.283 179841
10.284 179840
10.3 179836
10.32 179825
10.332 179824
10.337 179797
10.339 179778
10.343 179775
10.377 179752
10.388 179718
10.388 179714
10.429 179707
10.753 179687
10.754 179685
10.763 179632
10.769 179604
10.889 179603
10.894 179587
10.901 179578
11.565 179556
11.568 179549
11.594 179535
11.595 179532
11.617 179530
12.153 179521
12.2 179484
12.201 179474
12.227 179470
12.227 179463
12.661 179434
12.665 179422
12.667 179394
12.749 179391
12.751 179378
12.753 179373
12.833 179332
12.84 179323
12.84 179305
12.849 179291
12.85 179273
12.857 179270
12.859 179267
12.86 179264
12.862 179259
12.867 179251
12.923 179241
12.928 179234
13.81 179229
13.818 179219
13.823 179217
13.825 179208
13.832 179201
13.835 179180
13.845 179173
13.899 179171
13.903 179127
13.904 179126
13.908 179107
13.921 179060
13.99 179058
14.061 179056
14.128 179033
14.293 179019
14.298 179016
14.653 178991
14.712 178988
14.716 178977
14.719 178974
14.724 178968
14.732 178929
14.741 178899
14.744 178883
14.75 178874
14.755 178870
14.763 178868
14.765 178854
15.462 178849
15.731 178821
15.758 178819
15.805 178816
15.817 178797
15.82 178775
15.845 178762
15.853 178737
15.858 178727
16.024 178724
16.467 178721
16.467 178704
18.167 178700
18.174 178698
18.176 178697
18.177 178687
18.193 178681
18.195 178675
18.197 178672
18.198 178667
18.229 178627
18.234 178624
18.246 178621
18.336 178620
18.386 178608
18.407 178594
18.408 178592
20.549 178577
20.551 178567
20.557 178556
20.56 178547
20.565 178544
20.569 178528
20.57 178522
20.577 178518
20.586 178489
20.59 178484
20.648 178481
20.651 178468
20.658 178454
20.832 178437
22.711 178432
22.754 178423
23.178 178420
23.333 178396
23.413 178395
26.041 178393
26.059 178387
26.059 178378
26.1 178362
26.115 178354
26.152 178352
26.183 178349
26.185 178347
26.602 178335
26.614 178332
26.631 178330
26.636 178329
26.649 178322
26.853 178320
26.864 178319
26.865 178309
26.96 178307
26.994 178306
27.724 178305
27.783 178295
27.823 178293
27.833 178287
27.97 178281
28.072 178279
28.23 178275
28.267 178273
28.309 178271
28.339 178267
28.352 178263
28.362 178262
28.367 178253
28.506 178251
28.983 178248
29.62 178239
31.261 178237
31.269 178235
32.296 178221
32.305 178220
32.306 178210
32.439 178207
32.534 178191
33.733 178189
33.883 178187
34.073 178177
34.105 178169
34.114 178167
34.124 178164
34.127 178163
34.147 178161
34.385 178139
34.39 178137
34.403 178129
35.109 178127
35.19 178112
35.19 178108
35.207 178106
35.246 178102
35.595 178100
35.718 178098
36.116 178097
36.594 178092
36.972 178087
36.987 178084
37.003 178082
37.038 178079
37.045 178076
37.052 178074
37.351 178073
37.357 178068
37.59 178067
37.596 178066
37.761 178064
38.04 178061
38.074 178058
38.265 178055
38.35 178053
38.796 178044
38.906 178037
38.919 178034
38.927 178032
39.087 178031
40.155 178029
40.162 178028
40.197 178018
40.214 178016
40.751 178012
40.769 178010
40.771 178009
40.795 178008
40.827 178007
41.46 178004
41.506 178001
41.608 177999
41.628 177997
41.651 177995
41.663 177994
41.704 177992
42.034 177991
42.171 177986
42.176 177982
42.197 177980
42.226 177973
42.262 177970
42.277 177968
42.324 177967
43.613 177965
