0.06 72190
0.06 72181
0.061 72136
0.062 72098
0.062 72062
0.063 71869
0.063 71864
0.063 71863
0.064 71846
0.064 71701
0.064 71684
0.065 71648
0.066 71633
0.066 71625
0.067 71622
0.067 71618
0.067 71570
0.068 71534
0.068 71528
0.068 71518
0.071 71515
0.071 71506
0.071 71500
0.072 71463
0.072 71430
0.075 71421
0.075 71409
0.076 71405
0.077 71354
0.077 71353
0.081 71326
0.082 71189
0.084 71144
0.085 71109
0.085 71107
0.086 71008
0.09 70971
0.091 70963
0.093 70961
0.094 70935
0.095 70930
0.097 70926
0.097 70919
0.098 70916
0.1 70897
0.102 70894
0.105 70892
0.106 70873
0.114 70824
0.114 70821
0.118 70807
0.118 70789
0.121 70779
0.122 70746
0.124 70742
0.127 70737
0.128 70718
0.129 70638
0.13 70313
0.13 70278
0.131 70242
0.132 70236
0.148 70233
0.151 70229
0.153 70190
0.153 70169
0.154 70146
0.155 70131
0.156 70126
0.157 70103
0.157 70102
0.159 70095
0.16 70089
0.16 70086
0.167 69808
0.2 69804
0.201 69792
0.208 69774
0.228 69770
0.233 69755
0.234 69738
0.241 69736
0.241 69689
0.242 69662
0.246 69650
0.246 69619
0.252 69611
0.255 69606
0.341 69605
0.344 69562
0.345 69542
0.346 69541
0.346 69540
0.349 69533
0.42 69530
0.421 69517
0.422 69504
0.497 69501
0.52 69492
0.748 69458
0.749 69411
0.753 69333
0.753 69320
0.754 69312
0.79 69279
0.796 69239
0.796 69236
1.256 69217
1.258 69210
1.324 69171
1.328 69125
1.333 69124
1.369 69104
1.376 69087
1.377 69050
1.378 69049
1.379 69043
1.418 69035
1.423 69028
1.425 69009
1.434 68999
1.435 68933
1.445 68924
1.446 68898
1.456 68896
1.463 68895
1.47 68879
1.484 68872
1.485 68786
1.517 68776
1.519 68775
2.123 68758
2.124 68732
2.125 68684
2.125 68680
2.126 68676
2.127 68675
7.65 68670
7.683 68651
7.683 68639
7.684 68624
7.71 68615
7.712 68606
7.841 68601
7.844 68598
7.853 68585
7.853 68576
7.856 68575
7.973 68567
8.288 68562
8.288 68542
9.22 68539
9.232 68530
9.641 68527
9.644 68526
9.673 68520
9.691 68511
9.692 68505
9.695 68468
9.695 68467
9.699 68447
9.701 68443
10.154 68438
10.207 68400
10.21 68394
10.211 68380
10.215 68378
10.231 68374
10.239 68359
10.254 68353
10.259 68345
10.261 68343
10.265 68318
10.279 68312
10.281 68308
10.282 68305
16.944 68297
16.97 68293
16.97 68291
16.971 68289
17.671 68288
17.672 68272
17.672 68269
17.673 68266
18.126 68244
18.4 68237
18.405 68230
18.407 68226
18.42 68211
18.516 68208
18.519 68202
18.52 68186
18.521 68179
18.522 68173
21.779 68172
21.984 68162
22.01 68159
22.014 68158
22.015 68154
22.016 68152
22.019 68150
22.019 68143
22.024 68132
22.148 68124
22.154 68111
22.155 68109
22.159 68101
22.16 68093
22.173 68080
22.173 68074
22.208 68043
22.225 68040
22.23 68026
22.232 68014
22.236 67998
22.236 67979
22.243 67973
22.246 67965
22.249 67963
22.266 67955
22.27 67951
22.275 67949
22.345 67937
24.178 67934
24.179 67915
24.181 67912
24.254 67908
24.26 67905
24.263 67901
24.27 67893
24.278 67882
24.28 67881
24.289 67873
24.295 67860
24.325 67859
26.627 67856
26.628 67853
26.636 67852
26.637 67850
26.659 67845
26.664 67833
26.666 67822
26.666 67820
30.748 67815
30.749 67814
30.775 67809
30.78 67807
30.797 67774
30.798 67769
30.984 67766
31.002 67764
31.007 67762
31.011 67759
31.06 67757
31.092 67756
31.098 67748
31.125 67725
31.135 67723
31.271 67719
31.293 67706
31.296 67700
31.389 67690
31.429 67689
31.44 67675
31.478 67653
35.357 67648
35.434 67646
35.438 67641
35.447 67640
35.458 67637
35.463 67635
35.798 67634
35.799 67632
35.805 67625
35.885 67619
37.686 67616
38.039 67611
38.185 67610
38.192 67608
38.257 67605
38.265 67602
38.268 67598
38.32 67596
38.34 67595
38.406 67590
39.521 67586
39.633 67580
39.641 67578
39.656 67568
39.678 67567
39.684 67565
39.693 67562
39.702 67561
39.703 67555
39.768 67549
39.808 67537
39.815 67527
39.821 67521
39.874 67514
40.971 67512
41.073 67509
41.081 67508
45.452 67507
45.459 67503
45.465 67501
45.623 67496
45.632 67495
45.821 67491
45.821 67490
45.83 67482
45.841 67480
45.842 67472
45.963 67471
45.988 67469
49.685 67468
50.374 67467
50.464 67464
50.833 67463
50.861 67462
51.058 67460
