0.004 1495.13
0.004 1490.36
0.005 1490.11
0.006 1477.87
0.006 1476.97
0.007 1476.84
0.007 1473.8
0.008 1470.04
0.008 1465.2
0.009 1464.2
0.013 1460.6
0.013 1455.08
0.014 1453.54
0.014 1451.64
0.016 1451.45
0.016 1451.2
0.017 1444.98
0.019 1441.25
0.021 1440.73
0.021 1439.65
0.022 1433.04
0.024 1428.17
0.037 1425.95
0.039 1425.71
0.04 1422.13
0.042 1421.81
0.043 1421.6
0.045 1418.98
0.045 1418.38
0.046 1417.73
0.069 1417.28
0.07 1414.87
0.076 1414.69
0.087 1413.55
0.109 1410.32
0.109 1409.68
0.161 1409.44
0.161 1405.04
0.162 1403.51
0.163 1401.75
0.167 1401.54
0.227 1401.41
0.782 1400.61
0.79 1400.49
0.79 1399.48
1.035 1399.33
1.149 1398
1.152 1397.88
1.153 1397.24
1.154 1397.04
1.155 1395.88
2.284 1395.39
2.294 1394.99
2.339 1394.97
2.342 1394.63
2.413 1387.24
2.417 1385.76
2.418 1384.9
2.423 1384.67
2.424 1384.02
2.425 1383.97
2.428 1383.81
2.43 1383.76
14.12 1382.64
14.125 1382.47
26.525 1382.09
26.531 1381.39
26.538 1381.17
43.773 1381.12
48.05 1381.08
55.69 1380.91
65.346 1380.81
65.349 1380.6
81.383 1380.33
101.732 1380.25
115.137 1379.97
