0.002 14168
0.003 14009
0.003 14007
0.003 13989
0.003 13979
0.005 13703
0.007 13650
0.013 13625
0.014 13197
0.015 13009
0.018 12947
0.02 12945
0.021 12806
0.022 12797
0.024 12795
0.025 12698
0.026 12621
0.031 12598
0.031 12538
0.031 12469
0.032 12399
0.033 12312
0.056 12311
0.057 12309
0.058 12308
0.102 12292
0.111 12280
0.112 12272
0.113 12270
0.113 12256
0.114 12248
0.12 12219
0.126 12216
0.132 12210
0.132 12166
0.133 12122
0.186 12108
0.186 12097
0.194 12088
0.194 12086
0.281 12080
0.285 12041
0.285 12021
0.819 12020
1.03 12019
9.755 12017
26.605 12014
35.301 12012
