0.002 23071
0.003 22956
0.004 22787
0.004 22754
0.004 22753
0.005 22398
0.005 22274
0.006 22183
0.006 22167
0.008 22103
0.01 22099
0.011 22070
0.011 22060
0.014 21992
0.014 21990
0.015 21724
0.015 21603
0.016 21515
0.016 21022
0.019 21004
0.021 20989
0.023 20936
0.028 20886
0.029 20731
0.03 20684
0.03 20664
0.031 20656
0.035 20628
0.036 20619
0.037 20552
0.039 20511
0.041 20465
0.042 20327
0.046 20185
0.047 20167
0.049 20083
0.052 20049
0.054 20015
0.058 20003
0.095 19999
0.095 19993
0.097 19984
0.098 19972
0.099 19951
0.102 19885
0.102 19831
0.105 19729
0.105 19660
0.114 19656
0.115 19646
0.118 19622
0.119 19621
0.121 19616
0.126 19579
0.129 19555
0.13 19542
0.13 19535
0.132 19473
0.142 19460
0.145 19417
0.146 19332
0.15 19293
0.152 19289
0.152 19288
0.152 19253
0.259 19251
0.274 19246
0.277 19121
0.452 19050
1.76 19049
1.814 19026
8.816 19017
8.887 19000
8.916 18999
8.917 18989
13.284 18981
19.062 18979
30.653 18978
31.879 18977
31.925 18964
31.941 18959
50.338 18951
50.375 18945
