0.002 43273
0.004 43259
0.006 43216
0.007 43214
0.007 43121
0.008 42968
0.01 42551
0.014 42440
0.014 42436
0.014 42420
0.015 42283
0.018 42266
0.018 42035
0.019 42011
0.019 41985
0.027 41916
0.033 41889
0.041 41877
0.043 41865
0.044 41823
0.045 41790
0.045 41789
0.072 41711
0.073 41709
0.076 41662
0.076 41642
0.087 41630
0.089 41488
0.092 41467
0.094 41446
0.102 41420
0.103 41402
0.114 41401
0.116 41394
0.119 41377
0.142 41256
0.154 41247
0.155 41197
0.181 41145
0.186 41131
0.49 41122
0.493 41114
0.623 41110
0.649 41105
0.65 41103
0.654 41099
0.655 41098
0.658 41090
0.658 41032
0.734 41028
0.736 41023
0.751 41010
0.751 41002
0.808 40993
0.938 40973
0.938 40957
0.942 40948
0.95 40701
0.957 40676
0.96 40648
1.063 40643
1.077 40627
1.078 40560
1.079 40538
1.082 40535
1.084 40488
1.094 40480
1.103 40449
1.104 40443
1.105 40441
1.111 40426
1.114 40425
1.115 40405
1.119 40365
1.511 40362
1.584 40333
1.585 40313
1.589 40307
2.142 40293
2.143 40289
2.193 40276
2.518 40272
2.518 40257
2.538 40246
2.562 40231
3.939 40230
3.965 40226
9.634 40223
9.636 40214
10.001 40206
10.007 40194
10.01 40186
10.214 40176
10.221 40169
10.222 40159
10.3 40158
10.376 40098
10.387 40087
34.938 40082
45.146 40071
45.177 40067
45.233 40065
45.57 40062
46.738 40060
46.752 40054
51.234 40047
