0.003 13746
0.003 13682
0.004 13022
0.004 13016
0.005 12978
0.005 12970
0.006 12965
0.007 12918
0.008 12856
0.01 12814
0.011 12770
0.013 12720
0.017 12710
0.031 12704
0.031 12701
0.037 12699
0.038 12681
0.053 12671
0.054 12663
0.058 12652
0.058 12627
0.06 12608
0.079 12574
0.15 12566
0.15 12546
0.15 12542
0.151 12529
0.153 12517
0.154 12513
0.174 12475
0.174 12466
0.179 12458
0.189 12440
0.189 12436
0.191 12425
0.192 12416
0.211 12409
0.211 12407
0.212 12387
0.218 12355
0.511 12344
0.528 12321
0.528 12314
16.989 12311
44.966 12309
45.909 12305
45.909 12304
77.064 12300
