0.062 60353
0.063 60313
0.063 60312
0.064 60266
0.064 60213
0.065 60170
0.066 60155
0.066 59912
0.069 59901
0.069 59891
0.07 59867
0.071 59866
0.071 59853
0.071 59849
0.072 59819
0.073 59718
0.073 59704
0.073 59694
0.074 59617
0.075 59600
0.076 59588
0.077 59584
0.077 59540
0.078 59486
0.08 59484
0.08 59450
0.081 59436
0.081 59427
0.081 59382
0.082 59336
0.082 59282
0.083 59235
0.083 59234
0.085 59173
0.085 59170
0.086 58923
0.089 58908
0.089 58904
0.09 58830
0.091 58778
0.092 58214
0.094 58205
0.094 58124
0.096 58101
0.097 58052
0.098 58032
0.1 57946
0.101 57941
0.102 57912
0.102 57902
0.103 57843
0.104 57836
0.105 57835
0.106 57833
0.106 57829
0.107 57806
0.108 57784
0.111 57767
0.115 57713
0.116 57707
0.117 57684
0.118 57610
0.119 57601
0.121 57596
0.121 57595
0.124 57582
0.131 57567
0.131 57545
0.132 57539
0.132 57536
0.133 57492
0.141 57482
0.141 57429
0.141 57419
0.142 57328
0.143 57314
0.144 57282
0.145 57278
0.149 57263
0.15 57247
0.16 57234
0.16 57196
0.164 57178
0.165 57122
0.166 57099
0.17 57058
0.182 57015
0.195 57009
0.196 57003
0.196 56939
0.196 56928
0.197 56924
0.198 56915
0.201 56820
0.203 56814
0.217 56805
0.217 56800
0.218 56610
0.218 56591
0.222 56590
0.223 56544
0.223 56514
0.225 56479
0.226 56467
0.226 56369
0.252 56353
0.255 56165
0.255 56157
0.256 56118
0.257 56109
0.258 56077
0.261 56018
0.261 56009
0.263 56001
0.27 55948
0.272 55935
0.273 55927
0.274 55881
0.275 55880
0.276 55844
0.287 55827
0.364 55751
0.366 55697
0.368 55692
0.371 55654
0.374 55596
0.375 55547
0.376 55468
0.379 55463
0.379 55408
0.382 55400
0.382 55379
0.418 55339
0.42 55304
0.421 55300
0.422 55265
0.461 55240
0.462 55237
0.494 55158
0.495 55153
0.496 55144
0.506 55135
0.525 55133
0.526 55124
0.53 55123
0.533 55095
0.533 55090
0.541 55060
0.541 55055
0.542 55048
0.543 55017
0.544 55000
0.545 54998
0.548 54989
0.556 54981
0.569 54972
0.569 54919
0.57 54911
0.58 54900
0.596 54863
0.601 54844
0.602 54836
0.603 54797
0.606 54792
0.665 54771
0.666 54758
0.672 54621
0.672 54605
0.678 54602
0.679 54591
0.732 54576
0.733 54563
0.741 54545
0.743 54539
0.746 54535
0.747 54533
0.748 54525
0.749 54512
0.753 54506
0.84 54459
0.841 54440
0.841 54425
0.857 54417
0.857 54392
0.858 54384
0.859 54356
0.859 54339
0.86 54327
0.86 54295
0.861 54259
0.871 54252
0.947 54181
0.948 54176
0.951 54175
0.953 54161
0.954 54142
0.956 54101
0.956 53994
0.958 53963
0.959 53929
0.96 53895
0.96 53868
0.965 53826
0.965 53818
0.972 53816
1.08 53756
1.081 53747
1.082 53722
1.083 53700
1.098 53660
1.099 53651
1.102 53615
1.103 53613
1.109 53604
1.111 53588
1.113 53576
1.12 53558
1.12 53513
1.122 53501
1.122 53492
1.125 53465
1.134 53382
1.136 53366
1.178 53363
1.179 53361
1.189 53351
1.19 53344
1.191 53326
1.191 53293
1.192 53288
1.22 53256
1.221 53243
1.222 53214
1.224 53189
1.225 53182
1.303 53172
1.303 53154
1.304 53126
1.304 53119
2.767 53118
2.768 53089
2.842 53068
2.842 53058
2.846 53043
2.847 52974
2.849 52967
2.849 52966
2.85 52915
2.851 52903
2.852 52873
2.852 52862
2.855 52861
2.856 52822
2.857 52813
2.858 52787
2.962 52766
3.066 52765
3.067 52718
3.07 52701
3.176 52672
3.176 52664
3.179 52658
3.181 52657
3.205 52655
3.206 52573
3.208 52556
3.213 52523
3.215 52501
3.226 52495
3.24 52459
3.311 52427
3.358 52374
3.423 52359
6.605 52328
6.607 52327
6.61 52232
6.616 52197
6.729 52195
6.73 52175
6.732 52173
6.732 52163
6.733 52112
6.735 52111
6.735 52106
6.74 52103
6.744 52084
6.745 52053
6.745 52050
6.746 52045
6.747 52033
6.835 52018
6.854 51987
6.854 51986
6.856 51963
6.856 51936
6.857 51906
6.889 51888
6.891 51884
6.897 51872
6.897 51852
6.929 51842
6.931 51822
6.934 51775
8.778 51752
8.78 51746
8.78 51733
8.908 51724
8.912 51720
9.46 51702
9.461 51690
9.461 51668
10.664 51642
10.762 51640
10.808 51625
10.809 51621
10.816 51614
10.816 51603
10.82 51580
10.82 51571
11.226 51564
11.226 51543
11.227 51540
11.239 51532
11.245 51515
11.246 51514
11.247 51511
11.247 51510
12.016 51509
12.021 51484
12.022 51471
12.035 51438
12.035 51408
12.036 51407
12.038 51392
12.038 51383
12.039 51324
12.136 51238
12.137 51192
12.138 51167
13.105 51158
13.503 51134
13.503 51086
13.505 51075
13.506 51072
21.778 51062
21.779 51048
21.782 51024
21.785 51007
22.168 51005
22.169 51000
22.169 50992
22.17 50989
22.176 50982
22.937 50975
22.939 50955
23.157 50953
23.158 50950
23.16 50948
23.163 50935
24.626 50925
24.63 50895
24.631 50888
24.635 50872
24.635 50868
24.636 50863
24.65 50856
24.65 50852
24.655 50832
24.659 50831
24.66 50830
24.713 50816
24.715 50797
24.716 50745
24.718 50744
24.774 50740
24.775 50727
27.255 50720
27.314 50713
27.316 50706
27.368 50705
27.376 50688
27.379 50672
27.38 50668
27.381 50641
27.385 50640
27.386 50631
27.386 50624
28.82 50623
28.822 50622
28.825 50595
28.826 50578
28.828 50576
28.857 50558
28.918 50556
28.924 50555
28.932 50524
28.937 50522
29.394 50514
29.58 50488
29.64 50474
29.641 50472
29.642 50470
29.645 50414
29.651 50397
29.656 50374
29.974 50368
29.976 50352
29.988 50315
30.166 50293
51.387 50280
51.39 50266
51.391 50265
51.397 50258
51.401 50226
54.401 50225
54.586 50213
54.691 50183
54.692 50182
54.695 50175
54.701 50166
55.711 50160
55.712 50148
55.714 50145
55.716 50144
55.718 50141
55.718 50139
79.889 50132
79.889 50131
79.894 50122
79.895 50120
79.9 50111
79.901 50105
79.903 50104
79.904 50098
79.905 50084
79.907 50072
79.925 50066
79.925 50039
84.911 50037
84.913 50031
84.919 50028
86.097 50019
86.099 50002
86.1 49998
87.663 49976
87.671 49974
87.676 49973
87.683 49960
87.687 49955
90.333 49950
90.333 49947
90.375 49929
92.008 49928
92.016 49924
92.018 49912
92.089 49907
92.125 49906
92.127 49899
92.236 49898
95.566 49895
95.569 49887
95.571 49880
95.571 49871
95.586 49858
95.587 49844
95.67 49832
95.67 49831
95.671 49821
95.676 49819
95.678 49813
95.818 49805
95.822 49797
95.852 49795
95.856 49783
95.861 49782
95.862 49772
95.916 49756
97.277 49753
97.278 49749
97.333 49748
97.336 49737
97.345 49729
100.041 49721
100.043 49719
100.049 49712
100.049 49709
100.054 49695
100.056 49687
100.065 49686
110.416 49677
110.436 49665
110.5 49663
111.505 49651
111.533 49647
111.538 49643
111.661 49639
111.676 49618
111.677 49617
111.68 49611
111.766 49608
111.771 49607
111.778 49605
111.782 49604
111.783 49599
111.787 49594
111.788 49592
111.788 49590
121.552 49584
121.565 49582
121.603 49580
121.619 49578
121.655 49577
121.67 49575
121.685 49565
121.716 49564
122.093 49559
122.179 49553
122.186 49547
122.188 49542
122.189 49535
122.305 49533
126.871 49530
126.871 49523
126.875 49511
127.558 49503
129.726 49495
129.727 49487
131.008 49486
131.422 49478
131.424 49461
131.425 49455
131.598 49449
131.6 49447
140.08 49436
140.09 49434
140.161 49426
140.165 49423
140.32 49420
140.525 49419
141.128 49415
155.108 49413
155.693 49406
160.734 49403
162.716 49402
162.769 49397
175.548 49395
177.281 49393
177.347 49392
177.376 49390
185.094 49389
185.261 49386
185.268 49385
186.067 49384
186.127 49383
186.13 49382
186.138 49379
188.151 49377
190.51 49375
190.668 49374
198.044 49373
198.224 49372
198.239 49370
