0.004 14351
0.004 14350
0.004 14345
0.005 14344
0.005 14266
0.006 14196
0.006 14175
0.009 14167
0.009 14151
0.009 14098
0.017 14097
0.019 14090
0.03 14009
0.032 14004
0.033 13984
0.034 13931
0.034 13921
0.035 13913
0.036 13782
0.062 13756
0.063 13754
0.065 13719
0.067 13711
0.068 13696
0.068 13680
0.073 13650
0.073 13634
0.074 13629
0.076 13605
0.077 13598
0.077 13586
0.079 13566
0.082 13561
0.084 13540
0.084 13506
0.109 13459
0.111 13456
0.132 13446
0.134 13435
0.163 13434
0.164 13426
0.302 13418
0.306 13416
0.308 13414
0.308 13409
0.45 13399
0.45 13395
0.454 13384
0.458 13379
0.46 13370
11.48 13361
11.507 13355
13.133 13344
34.525 13339
53.339 13333
53.343 13328
53.344 13326
53.353 13322
79.313 13321
82.582 13315
93.506 13314
94.285 13312
94.286 13308
94.359 13305
113.721 13300
113.727 13296
113.727 13291
