0.006 29262
0.007 29216
0.009 29127
0.01 29101
0.01 29100
0.015 28882
0.016 28840
0.016 28772
0.017 28734
0.017 28705
0.018 28703
0.019 28698
0.019 28615
0.021 28609
0.028 28585
0.029 28575
0.03 28504
0.033 28497
0.034 28450
0.034 28449
0.035 28299
0.048 28247
0.099 28213
0.099 28181
0.124 28138
0.133 28120
0.142 28102
0.142 28046
0.159 28014
0.16 27959
0.167 27924
0.167 27890
0.168 27887
0.175 27863
0.181 27848
0.183 27843
0.184 27723
0.184 27709
0.185 27655
0.185 27599
0.298 27579
0.298 27572
0.391 27571
0.391 27540
0.392 27523
0.393 27491
0.395 27490
0.406 27475
0.407 27467
0.409 27456
0.443 27440
0.493 27416
0.588 27390
0.596 27383
0.6 27381
0.602 27356
0.616 27337
0.667 27276
0.668 27202
0.669 27142
0.707 27136
0.709 27135
2.27 27129
2.273 27128
2.275 27110
2.514 27015
8.619 27009
8.619 27006
8.62 27003
8.941 26989
8.943 26956
8.998 26865
8.999 26838
9.001 26826
9.003 26822
9.039 26813
9.05 26809
9.05 26785
32.267 26770
32.268 26766
32.416 26755
32.631 26751
35.349 26748
35.359 26738
35.369 26731
40.191 26720
40.271 26714
40.351 26702
40.359 26690
40.364 26674
40.367 26669
40.376 26654
40.545 26649
40.546 26648
69.316 26647
69.874 26644
69.879 26635
69.882 26634
69.883 26630
70.354 26629
70.379 26623
70.38 26618
75.874 26615
75.886 26609
80.262 26607
80.262 26604
80.268 26600
80.369 26590
80.37 26579
80.422 26578
80.426 26576
80.432 26574
80.439 26571
80.46 26567
80.468 26566
80.476 26563
87.61 26562
87.753 26561
87.756 26559
87.757 26545
87.784 26541
88.135 26540
88.135 26535
