0.005 33989
0.008 33982
0.008 33981
0.009 33968
0.009 33799
0.012 33790
0.013 33763
0.014 33665
0.015 33662
0.016 33291
0.016 33233
0.017 33218
0.018 33198
0.024 33192
0.026 33190
0.027 32997
0.027 32891
0.028 32884
0.028 32570
0.028 32453
0.031 32247
0.032 31801
0.035 31797
0.036 31787
0.037 31770
0.04 31765
0.041 31679
0.045 31598
0.046 31595
0.048 31590
0.051 31538
0.052 31512
0.056 31504
0.068 31449
0.068 31433
0.068 31432
0.069 31427
0.08 31414
0.08 31409
0.081 31399
0.081 31398
0.082 31395
0.092 31368
0.095 31367
0.096 31366
0.096 31309
0.102 31307
0.102 31289
0.143 31287
0.144 31282
0.145 31155
0.145 31124
0.146 31120
0.147 31021
0.178 30999
0.178 30992
0.179 30982
0.182 30863
0.228 30811
0.281 30795
0.282 30787
0.284 30786
0.285 30785
0.287 30732
0.287 30730
0.306 30720
0.307 30695
0.313 30669
0.313 30663
0.315 30642
0.318 30622
0.322 30595
0.323 30590
0.339 30583
0.384 30571
0.388 30553
0.388 30526
0.391 30462
0.393 30441
0.461 30411
0.473 30409
0.491 30354
1.054 30350
1.056 30342
3.396 30291
3.756 30276
3.757 30249
3.759 30213
15.521 30212
15.525 30206
15.796 30186
15.799 30131
60.191 30120
61.101 30112
61.172 30109
61.173 30096
61.178 30094
61.182 30089
70.56 30071
70.576 30062
70.578 30061
70.579 30056
70.583 30054
70.983 30053
71.035 30040
71.04 30030
71.044 30023
71.052 30006
71.079 30002
71.369 30001
72.069 29999
72.08 29988
72.084 29962
100.105 29957
100.111 29953
134.404 29945
134.742 29943
136.077 29941
136.524 29939
136.967 29931
137.331 29929
