0.005 64791
0.006 64757
0.007 63706
0.007 63685
0.009 62609
0.009 62576
0.01 62546
0.01 62429
0.013 62411
0.014 61715
0.016 61422
0.017 61371
0.017 61359
0.018 61298
0.019 61266
0.022 61080
0.023 60679
0.024 60519
0.025 60295
0.026 59054
0.026 59006
0.027 58928
0.027 58211
0.028 57842
0.029 57570
0.03 57548
0.03 57502
0.031 57480
0.032 57409
0.032 57398
0.033 57343
0.033 57338
0.033 57336
0.034 57333
0.035 57075
0.038 57037
0.038 57006
0.039 56949
0.04 56800
0.04 56786
0.041 56648
0.042 56646
0.042 56619
0.043 56615
0.043 56593
0.043 56565
0.045 56527
0.046 56523
0.046 56458
0.047 56445
0.048 56318
0.048 56310
0.049 56307
0.049 56282
0.052 56222
0.053 56200
0.053 56183
0.055 55436
0.056 54970
0.057 54965
0.058 54964
0.059 54962
0.059 54912
0.062 54903
0.062 54856
0.064 54767
0.069 54681
0.069 54600
0.075 54532
0.075 54470
0.084 54409
0.085 54395
0.106 54277
0.107 54274
0.108 54246
0.108 54155
0.109 54118
0.11 54035
0.111 54014
0.116 53959
0.117 53950
0.117 53935
0.119 53906
0.134 53862
0.135 53805
0.139 53787
0.141 53779
0.157 53777
0.157 53756
0.18 53686
0.183 53680
0.184 53443
0.186 53424
0.191 53384
0.191 53366
0.198 53336
0.198 53328
0.202 53320
0.203 53319
0.221 53313
0.222 53311
0.223 53307
0.226 53306
0.228 53303
0.339 53301
0.342 53299
0.344 53296
0.344 53283
0.873 53268
0.874 53259
0.893 53183
0.896 53181
1.472 53129
1.474 53116
1.479 53107
1.554 53065
1.555 53062
1.556 53005
1.565 53000
1.625 52992
2.367 52857
2.522 52847
2.58 52791
2.581 52779
3.493 52775
3.504 52763
3.525 52756
3.94 52747
3.942 52730
3.948 52718
3.959 52703
6.57 52701
6.572 52699
6.573 52649
6.578 52638
6.701 52627
7.508 52596
7.569 52590
7.57 52584
7.578 52563
7.582 52558
13.289 52555
13.29 52536
14.39 52532
14.392 52531
14.392 52523
18.277 52518
18.286 52498
18.291 52481
25.85 52449
25.857 52441
25.86 52427
26.402 52425
26.588 52420
26.594 52415
26.594 52414
26.702 52397
26.702 52367
26.703 52329
26.703 52296
39.305 52295
39.313 52283
40.072 52258
40.134 52247
40.136 52240
41.222 52235
41.226 52214
43.972 52210
43.991 52205
44.115 52200
44.115 52199
44.12 52193
44.121 52191
44.144 52190
44.159 52186
44.192 52176
44.197 52169
53.684 52153
53.684 52125
54.313 52117
54.315 52108
54.44 52105
57.613 52103
57.658 52100
70.394 52099
70.394 52095
70.423 52092
73.146 52091
73.146 52082
73.151 52080
73.153 52071
79.814 52070
80.757 52067
83.622 52065
83.624 52062
83.634 52050
90.655 52040
90.66 52039
105.033 52038
105.059 52027
116.862 52026
