0.004 9661
0.004 9625
0.005 9620
0.005 9573
0.005 9572
0.006 9565
0.006 9494
0.007 9463
0.008 9442
0.009 9347
0.009 9315
0.013 9308
0.013 9307
0.015 9289
0.015 9243
0.015 9240
0.02 9218
0.022 9207
0.024 9203
0.025 9202
0.025 9198
0.026 9173
0.027 9132
0.03 9122
0.035 9109
0.036 9090
0.037 9084
0.041 9067
0.042 9065
0.043 9054
0.049 9051
0.05 9041
0.051 9028
0.051 9018
0.081 8996
0.082 8990
0.117 8908
0.119 8901
0.125 8898
0.138 8891
0.165 8890
0.165 8873
0.229 8869
0.23 8868
0.371 8856
0.382 8848
0.382 8801
0.384 8790
0.385 8778
0.386 8762
0.386 8761
0.831 8759
0.837 8751
0.838 8742
0.839 8732
0.841 8711
0.85 8704
1.194 8690
1.322 8681
1.322 8680
1.324 8679
1.327 8675
1.329 8608
1.33 8589
1.335 8588
1.55 8584
12.711 8563
12.734 8560
12.738 8553
30.655 8551
40.272 8548
40.285 8543
40.285 8538
40.305 8537
45.045 8528
64.094 8527
64.096 8526
64.127 8515
102.635 8512
102.654 8511
