0.006 58067
0.007 57337
0.008 57286
0.008 56993
0.009 56830
0.01 56828
0.013 56586
0.013 56557
0.014 56383
0.014 56366
0.016 55984
0.017 55952
0.017 55491
0.018 55247
0.019 55242
0.019 55204
0.02 55186
0.021 54867
0.021 54854
0.023 54716
0.023 54651
0.024 54519
0.025 54465
0.026 54382
0.027 54337
0.031 54124
0.032 54120
0.033 54083
0.035 53976
0.036 53948
0.037 53716
0.038 53671
0.039 53623
0.039 53527
0.04 53481
0.047 53322
0.048 53275
0.054 53173
0.055 53070
0.057 53028
0.057 53013
0.066 52995
0.066 52937
0.067 52914
0.068 52892
0.069 52879
0.075 52415
0.082 52387
0.089 52377
0.099 52285
0.101 52263
0.108 52229
0.108 52222
0.11 52190
0.111 52147
0.111 52146
0.112 52144
0.113 52137
0.113 52093
0.114 52085
0.122 52068
0.125 51979
0.126 51894
0.127 51889
0.128 51853
0.13 51785
0.15 51731
0.176 51728
0.179 51720
0.185 51692
0.186 51681
0.214 51659
0.215 51636
0.216 51625
0.222 51615
0.223 51610
0.228 51590
0.235 51572
0.236 51562
0.315 51556
0.492 51554
0.493 51531
0.502 51506
0.525 51494
0.53 51468
0.599 51453
0.649 51364
0.885 51360
0.934 51351
0.959 51326
0.965 51311
1.019 51296
1.02 51274
1.022 51199
1.025 51187
1.033 51180
1.034 51157
1.039 51150
1.05 51083
1.056 51077
1.064 51064
1.1 51029
1.1 51027
1.106 51020
1.111 51019
1.113 51015
1.113 51014
1.334 50947
1.339 50905
1.4 50885
1.429 50880
1.432 50870
3.316 50843
3.386 50809
6.678 50795
6.679 50790
6.681 50786
6.692 50772
6.692 50758
7.467 50750
7.479 50738
7.48 50729
7.504 50710
7.505 50699
7.507 50669
7.511 50667
7.513 50621
7.514 50589
19.387 50579
22.825 50572
22.831 50566
22.843 50553
23.171 50541
23.605 50535
23.61 50523
23.632 50519
23.643 50480
27.232 50475
27.234 50467
28.828 50465
28.83 50447
28.831 50437
30.735 50430
30.747 50419
31.22 50409
31.273 50399
31.277 50393
37.962 50385
40.502 50376
40.956 50355
40.979 50345
41.327 50338
41.33 50336
41.334 50333
53.418 50328
53.421 50327
57.362 50326
57.393 50320
61.366 50318
62.133 50313
62.141 50299
63.797 50288
63.898 50281
64.051 50276
67.554 50273
67.621 50269
67.847 50262
67.869 50249
67.882 50245
68.083 50243
69.36 50242
69.54 50238
69.618 50219
69.631 50218
70.854 50209
70.86 50208
71.396 50207
71.424 50205
71.465 50189
71.954 50179
86.943 50165
90.501 50155
90.541 50152
90.555 50151
91.145 50147
96.369 50144
96.381 50140
96.386 50139
96.4 50135
101.262 50130
101.271 50126
101.451 50123
102.151 50122
