0.004 24902
0.004 24772
0.004 24744
0.005 24704
0.006 24628
0.007 24573
0.007 24548
0.008 24250
0.009 23345
0.009 23074
0.01 23052
0.01 22946
0.012 22875
0.014 22859
0.014 22843
0.015 22839
0.015 22837
0.016 22834
0.018 22767
0.023 22734
0.024 22716
0.024 22696
0.027 22674
0.036 22466
0.038 22407
0.038 22405
0.041 22404
0.048 22382
0.048 22381
0.052 21732
0.053 21715
0.054 21700
0.061 21661
0.062 21637
0.062 21624
0.063 21604
0.063 21600
0.064 21525
0.066 21508
0.066 21419
0.075 21415
0.079 21395
0.09 21334
0.094 21319
0.097 21314
0.115 21306
0.155 21303
0.156 21251
0.162 21233
0.163 21223
0.17 21168
0.174 21145
0.175 21135
0.176 21059
0.204 21029
0.221 20983
0.519 20979
0.52 20960
0.525 20947
1.337 20937
1.338 20897
1.341 20891
1.707 20882
1.768 20872
1.77 20862
1.777 20860
1.785 20851
1.788 20804
1.788 20791
1.79 20788
1.83 20774
1.832 20764
1.833 20761
5.309 20750
10.427 20749
10.459 20738
10.585 20728
11.187 20718
13.513 20709
16.451 20690
17.436 20659
17.546 20643
17.602 20642
35.65 20634
35.853 20632
