0.007 28329
0.007 28315
0.011 28310
0.011 28296
0.012 28139
0.012 28131
0.012 28100
0.017 28095
0.017 28046
0.018 28043
0.018 27788
0.019 27659
0.02 27648
0.02 27595
0.021 27581
0.022 27568
0.022 27519
0.023 27505
0.023 27478
0.025 27431
0.033 27403
0.033 27394
0.035 27292
0.038 27278
0.039 27254
0.04 27210
0.04 27209
0.042 27175
0.05 27122
0.051 27109
0.052 27096
0.052 27085
0.053 26978
0.067 26914
0.068 26904
0.068 26901
0.073 26707
0.073 26690
0.074 26659
0.076 26618
0.076 26584
0.079 26578
0.079 26562
0.079 26333
0.08 26325
0.081 26324
0.082 26322
0.162 26316
0.164 26225
0.164 26203
0.166 26190
0.167 26174
0.17 26167
0.181 26112
0.184 26073
0.185 26065
0.186 26064
0.187 26055
0.206 26044
0.207 25958
0.209 25942
0.21 25940
0.222 25902
0.226 25878
0.234 25852
0.236 25808
0.326 25765
0.329 25729
0.401 25727
0.401 25707
0.406 25700
0.407 25688
0.407 25660
0.408 25639
0.415 25632
0.416 25612
0.509 25586
0.514 25570
0.517 25557
0.517 25550
0.527 25511
0.528 25466
0.529 25431
0.54 25419
0.619 25412
0.621 25398
0.624 25391
0.625 25382
0.627 25365
1.007 25362
1.007 25335
1.01 25323
1.012 25290
1.012 25289
1.609 25191
1.611 25148
1.612 25114
1.633 25098
4.061 25052
4.061 25050
4.062 25045
4.318 25033
4.32 25015
4.323 25013
4.368 24995
4.369 24972
4.37 24971
4.372 24942
4.373 24912
5.014 24908
8.188 24851
8.244 24834
27.541 24831
27.544 24817
34.839 24799
34.839 24786
69.647 24780
87.282 24777
87.432 24773
87.441 24772
87.443 24771
88.484 24760
109.69 24750
109.706 24749
