0.006 23036
0.006 22950
0.006 22894
0.007 22762
0.007 22684
0.008 22194
0.009 22187
0.009 21864
0.01 21852
0.011 21612
0.012 21610
0.012 21575
0.013 21444
0.014 21437
0.014 21405
0.014 21403
0.015 21376
0.016 21374
0.018 21312
0.021 21285
0.023 21232
0.026 21222
0.029 21162
0.033 21097
0.034 21087
0.035 20986
0.036 20977
0.037 20971
0.038 20970
0.039 20954
0.04 20917
0.041 20686
0.042 20673
0.044 20659
0.075 20557
0.076 20523
0.095 20477
0.137 20472
0.14 20464
0.161 20447
0.161 20441
0.162 20298
0.163 19977
0.164 19944
0.164 19928
0.165 19767
0.169 19758
0.173 19727
0.178 19714
0.179 19630
0.179 19596
0.18 19559
0.182 19545
0.19 19494
0.191 19493
0.192 19473
0.193 19468
0.206 19441
0.206 19430
0.209 19415
0.213 19386
0.213 19370
0.23 19350
0.231 19349
0.231 19312
0.232 19305
0.253 19294
0.254 19293
0.256 19243
0.277 19236
0.278 19118
0.279 19114
0.328 19112
0.378 19108
0.379 19102
0.381 19096
0.381 19089
0.381 19077
0.443 19068
0.447 19064
0.447 19056
0.472 19049
0.493 19043
0.497 19030
0.498 19028
0.524 19018
0.524 19010
0.524 18963
0.556 18960
0.557 18937
0.557 18921
0.561 18917
0.562 18906
0.562 18874
2.711 18834
2.74 18827
2.992 18804
2.994 18800
3.842 18774
4.076 18771
7.215 18753
8.103 18747
8.106 18732
10.2 18731
10.202 18726
10.202 18702
10.208 18693
10.21 18682
10.212 18656
23.742 18620
23.742 18615
24.164 18610
25.52 18594
26.352 18590
26.353 18589
26.354 18588
26.355 18556
26.361 18520
31.561 18482
31.563 18469
31.57 18462
31.612 18454
39.961 18452
40.137 18447
40.153 18428
40.19 18426
40.389 18423
40.97 18402
81.389 18391
87.112 18382
100.755 18379
100.844 18373
100.863 18368
101.21 18366
102.91 18365
103.238 18360
103.255 18353
124.431 18343
129.623 18340
130.327 18334
