0.005 30358
0.006 30356
0.006 30355
0.006 30348
0.008 30269
0.009 30129
0.009 30055
0.01 30047
0.011 30035
0.011 29983
0.011 29958
0.012 29821
0.013 29813
0.015 29794
0.015 29778
0.016 29732
0.016 29698
0.018 29445
0.019 29375
0.02 29361
0.021 29360
0.021 29347
0.023 29270
0.024 29268
0.024 29222
0.025 29219
0.026 29214
0.028 29161
0.029 29108
0.03 29094
0.03 29078
0.031 29064
0.033 29050
0.034 29033
0.035 29030
0.036 29010
0.038 29008
0.039 29006
0.04 28952
0.04 28950
0.041 28945
0.042 28944
0.042 28928
0.043 28900
0.052 28825
0.052 28707
0.053 28704
0.057 28683
0.059 28637
0.06 28599
0.071 28584
0.073 28578
0.076 28539
0.078 28485
0.079 28476
0.079 28435
0.08 28424
0.081 28332
0.082 28331
0.088 28301
0.09 28299
0.116 28266
0.119 28222
0.119 28201
0.125 28175
0.145 28171
0.146 28170
0.154 28166
0.155 28156
0.162 28153
0.164 28139
0.164 28117
0.166 28116
0.167 28099
0.168 28066
0.168 28065
0.177 28044
0.368 28002
0.37 27989
0.37 27953
0.435 27917
0.449 27901
0.48 27876
0.485 27864
0.486 27825
0.487 27815
0.488 27814
0.488 27796
0.488 27793
0.783 27743
0.88 27741
0.908 27705
1.097 27704
1.102 27676
1.105 27660
1.107 27647
1.11 27630
1.112 27618
1.112 27604
1.337 27600
1.337 27597
1.35 27596
1.355 27594
1.356 27592
1.39 27585
1.391 27582
1.396 27576
1.398 27570
1.4 27505
1.401 27504
1.413 27499
1.417 27493
1.432 27481
1.437 27466
1.438 27465
1.531 27431
1.531 27400
1.533 27385
1.537 27336
1.539 27312
1.54 27281
1.54 27275
1.558 27235
1.631 27232
1.646 27203
1.665 27197
1.669 27193
1.703 27191
1.707 27180
1.876 27155
2.446 27123
3.531 27069
3.578 27061
3.587 27059
3.587 27056
3.587 27046
3.598 27009
3.6 26999
5.786 26972
5.787 26968
5.789 26960
5.791 26946
5.792 26942
5.834 26910
5.835 26872
5.836 26851
7.073 26834
7.077 26828
7.082 26799
7.143 26790
7.156 26781
7.162 26776
7.199 26773
7.281 26721
7.284 26714
7.285 26701
7.296 26698
7.356 26691
7.515 26690
8.371 26668
8.855 26645
11.05 26644
22.446 26640
23.267 26601
23.267 26598
23.269 26593
32.235 26592
32.711 26565
34.004 26555
34.078 26542
36.113 26521
64.421 26519
64.991 26517
65.035 26510
74.104 26503
74.118 26502
74.238 26500
74.28 26498
74.297 26494
78.1 26493
86.042 26491
86.057 26478
86.08 26472
86.084 26448
86.135 26443
87.509 26442
87.704 26440
87.971 26438
88.103 26437
106.921 26436
106.934 26429
108.06 26428
108.078 26425
108.179 26423
108.186 26416
108.84 26413
109.049 26411
116.901 26404
117.463 26395
122.469 26391
123.789 26389
