0.005 25460
0.005 25451
0.006 25448
0.007 25392
0.007 25390
0.008 25330
0.008 25324
0.008 25317
0.009 25313
0.012 25304
0.016 25299
0.026 25298
0.029 25291
0.031 25273
0.032 25244
0.033 25233
0.036 25226
0.042 25210
0.044 25205
0.046 25192
0.069 25179
0.069 25171
0.07 25160
0.07 25156
0.072 25138
0.072 25135
0.127 25119
0.129 25111
0.145 25022
0.149 24978
0.15 24976
0.15 24972
0.151 24969
0.166 24949
0.169 24940
0.169 24932
0.169 24923
0.175 24903
0.176 24882
0.177 24880
0.193 24854
0.196 24847
0.198 24833
0.211 24832
0.213 24826
0.215 24814
0.215 24727
0.217 24716
0.863 24708
0.866 24689
0.873 24688
0.947 24678
1.04 24675
1.04 24673
1.041 24665
1.042 24664
1.043 24658
1.045 24643
1.046 24637
1.051 24635
1.054 24626
1.055 24625
1.055 24621
1.064 24602
1.108 24601
1.119 24597
1.12 24588
1.122 24584
1.123 24581
1.123 24559
1.128 24554
1.564 24553
1.565 24552
1.565 24551
1.567 24532
1.568 24521
1.593 24494
1.644 24490
1.646 24478
1.651 24465
1.66 24462
1.662 24456
1.663 24454
1.667 24450
1.67 24437
1.671 24433
1.671 24432
1.674 24423
1.674 24422
1.678 24419
1.705 24402
1.709 24391
1.721 24387
1.724 24386
1.725 24384
1.988 24381
2.047 24380
2.079 24375
2.081 24368
2.082 24352
2.082 24349
2.175 24348
2.175 24346
2.178 24326
2.18 24316
2.18 24288
2.407 24280
2.407 24279
2.411 24270
2.42 24263
3.967 24259
3.967 24257
5.66 24243
6.152 24233
6.155 24228
6.155 24223
6.16 24220
38.902 24219
38.988 24207
38.988 24206
39.002 24204
39.006 24203
39.861 24200
39.984 24197
39.987 24184
40.018 24181
40.025 24180
40.12 24173
40.131 24161
40.135 24155
73.119 24151
73.12 24148
105.926 24147
128.457 24145
128.458 24144
128.529 24142
129.162 24140
129.211 24139
129.524 24138
129.607 24137
183.73 24136
