0.005 34198
0.005 34184
0.007 33891
0.007 33870
0.009 33742
0.01 33708
0.01 33651
0.011 33650
0.011 33579
0.012 33572
0.013 33555
0.014 33549
0.014 33543
0.015 33497
0.015 33489
0.016 33452
0.016 33445
0.017 33431
0.019 33346
0.02 33341
0.022 33271
0.023 33270
0.024 33066
0.024 33038
0.025 32980
0.027 32961
0.028 32918
0.029 32887
0.031 32866
0.032 32862
0.033 32860
0.033 32849
0.034 32847
0.034 32838
0.035 32806
0.038 32765
0.039 32717
0.04 32679
0.043 32644
0.044 32568
0.044 32546
0.047 32296
0.048 32288
0.048 32233
0.049 32211
0.05 32192
0.051 32098
0.052 32082
0.058 32055
0.059 32033
0.06 31864
0.06 31832
0.062 31801
0.063 31518
0.064 31492
0.064 31470
0.065 31449
0.067 31417
0.067 31388
0.068 31383
0.069 31343
0.072 31313
0.073 31290
0.074 31285
0.074 31283
0.075 31282
0.075 31275
0.077 31250
0.078 31230
0.079 31197
0.102 31151
0.104 31149
0.105 31148
0.107 31140
0.108 31120
0.111 31037
0.112 30969
0.112 30956
0.149 30939
0.174 30845
0.185 30844
0.186 30825
0.188 30820
0.188 30818
0.188 30705
0.189 30700
0.189 30690
0.189 30684
0.191 30676
0.196 30654
0.201 30610
0.201 30556
0.204 30481
0.205 30467
0.21 30455
0.364 30331
0.46 30296
0.58 30281
0.581 30278
0.596 30263
0.598 30262
0.622 30258
0.622 30235
3.372 30226
3.372 30220
4.74 30204
4.746 30147
5.411 30130
7.163 30112
7.163 30091
7.176 30067
7.178 30065
7.18 30034
13.772 30033
13.816 30029
13.82 30017
13.824 30001
13.878 29998
20.354 29985
20.357 29982
20.357 29979
21.988 29969
21.992 29957
24.109 29912
24.113 29907
24.135 29882
24.137 29849
74.08 29847
74.181 29832
74.183 29829
74.188 29827
74.591 29821
74.593 29818
75.645 29808
81.264 29805
95.083 29804
125.523 29803
134.112 29800
