0.006 18869
0.007 18795
0.007 18772
0.007 18684
0.008 18648
0.008 18634
0.012 18593
0.013 18580
0.015 18535
0.016 18508
0.016 18481
0.017 18450
0.017 18431
0.018 18426
0.02 18413
0.021 18151
0.022 18052
0.022 18028
0.023 17953
0.024 17945
0.024 17940
0.025 17910
0.027 17895
0.027 17891
0.029 17881
0.033 17859
0.034 17836
0.034 17828
0.037 17825
0.042 17817
0.047 17802
0.047 17779
0.048 17778
0.048 17617
0.051 17606
0.052 17595
0.052 17562
0.053 17551
0.054 17549
0.055 17548
0.055 17537
0.056 17523
0.058 17516
0.058 17504
0.09 17501
0.094 17493
0.094 17487
0.096 17469
0.097 17452
0.111 17436
0.113 17430
0.175 17418
0.219 17414
0.221 17370
0.221 17347
0.559 17340
0.574 17327
0.773 17323
0.774 17321
0.831 17293
1.003 17292
1.005 17266
1.033 17251
1.034 17239
1.191 17217
1.443 17216
1.447 17208
1.447 17202
1.449 17194
5.263 17193
5.347 17192
5.348 17189
7.455 17177
7.528 17174
7.528 17134
9.442 17111
24.964 17100
24.967 17089
24.967 17085
24.968 17062
24.973 17049
24.984 17032
61.304 17025
61.305 17024
61.99 17020
66.256 17010
83.885 17009
83.886 17007
83.887 17006
89.04 16998
89.05 16997
109.594 16996
109.603 16994
109.812 16987
109.818 16983
109.888 16981
110.459 16980
112.285 16979
