0.007 38866
0.01 38754
0.011 38660
0.011 38646
0.011 38620
0.012 38583
0.013 38554
0.013 38521
0.014 38441
0.014 38428
0.027 38347
0.028 38342
0.03 38112
0.031 37931
0.033 37887
0.035 37858
0.035 37809
0.039 37807
0.04 37800
0.041 37794
0.042 37695
0.043 37681
0.045 37646
0.049 37634
0.049 37633
0.064 37617
0.066 37540
0.078 37518
0.079 37513
0.081 37497
0.082 37483
0.084 37471
0.088 37444
0.089 37428
0.102 37338
0.103 37332
0.125 37323
0.126 37268
0.134 37202
0.135 37183
0.138 37171
0.139 37146
0.14 37122
0.141 36975
0.165 36964
0.167 36961
0.167 36956
0.168 36902
0.228 36868
0.309 36843
0.309 36836
0.368 36829
0.369 36760
0.37 36744
0.448 36720
0.448 36708
0.45 36577
0.451 36573
0.452 36565
0.458 36527
0.46 36518
0.466 36492
0.473 36463
0.473 36449
0.475 36438
0.477 36425
0.484 36412
0.511 36387
0.512 36375
0.515 36283
0.515 36239
0.548 36144
0.577 36132
1.83 36120
1.832 36099
1.942 36073
1.943 36067
1.945 36065
1.959 36030
2.08 35994
2.081 35981
2.083 35972
2.154 35965
2.754 35936
2.755 35931
3.563 35920
3.563 35918
4.674 35899
4.675 35889
4.675 35887
4.711 35884
9.561 35871
9.563 35859
9.606 35838
9.794 35829
9.796 35827
9.798 35810
9.798 35790
10.42 35769
10.735 35760
10.74 35728
10.772 35680
10.773 35672
11.059 35653
11.06 35621
11.603 35614
13.557 35573
14.205 35571
15.101 35563
15.106 35529
15.107 35526
15.118 35514
15.122 35507
19.753 35505
19.754 35489
19.754 35464
19.755 35429
19.757 35428
19.761 35423
26.784 35418
26.809 35411
28.884 35406
28.885 35400
28.886 35398
28.89 35396
28.891 35377
32.737 35368
32.848 35358
32.849 35325
32.85 35324
32.855 35322
32.859 35315
39.384 35280
39.392 35277
40.18 35276
40.205 35258
40.211 35256
40.213 35251
40.231 35239
42.891 35217
43.011 35210
43.023 35206
43.027 35194
43.031 35192
43.031 35179
43.507 35175
43.569 35170
46.712 35167
46.715 35142
46.748 35141
46.757 35130
47.287 35126
47.308 35122
47.309 35116
48.127 35097
49.312 35091
49.323 35085
50.114 35071
50.115 35052
51.234 35051
51.408 35041
51.417 35022
51.421 35017
51.442 35016
51.449 35012
54.284 35006
54.285 34989
54.96 34970
89.011 34964
89.096 34962
