0.007 28360
0.008 28271
0.008 28261
0.008 28251
0.008 28248
0.008 28230
0.009 28192
0.009 28185
0.012 28167
0.015 28159
0.015 28140
0.016 27407
0.023 27311
0.024 27202
0.024 27134
0.03 27098
0.038 27088
0.04 26959
0.042 26900
0.044 26880
0.044 26849
0.048 26838
0.049 26809
0.049 26798
0.05 26613
0.051 26497
0.08 26486
0.082 26461
0.082 26413
0.096 26391
0.109 26370
0.11 26369
0.134 26290
0.148 26275
0.148 26266
0.149 26259
0.149 26257
0.15 26255
0.16 26253
0.16 26228
0.171 26217
0.171 26168
0.172 26090
0.175 26054
0.176 26035
0.201 26029
0.201 26021
0.203 26019
0.204 26013
0.207 25959
0.26 25954
0.261 25947
0.263 25936
0.289 25934
0.29 25845
0.645 25826
0.645 25798
0.646 25795
0.648 25755
0.656 25751
0.661 25718
0.664 25717
0.732 25701
0.732 25679
0.733 25642
0.734 25630
0.736 25628
0.74 25596
0.755 25568
0.962 25538
1.023 25524
1.027 25519
1.029 25499
1.03 25491
1.034 25471
1.062 25447
1.065 25434
1.067 25433
1.067 25426
1.068 25417
1.145 25402
1.147 25397
1.181 25395
1.184 25382
1.186 25308
1.277 25305
1.393 25279
1.394 25264
1.394 25257
1.618 25248
1.62 25243
1.961 25230
1.962 25194
3.834 25127
3.888 25116
3.888 25100
4.934 25079
5.439 25064
5.44 25045
5.463 25030
5.464 24972
5.466 24971
5.466 24970
5.472 24959
5.48 24947
5.481 24936
19.028 24926
19.045 24915
19.046 24891
19.046 24884
19.246 24883
19.249 24875
19.254 24869
20.117 24863
20.177 24851
22.769 24850
22.786 24848
25.169 24827
25.2 24821
32.987 24807
32.987 24779
32.992 24772
37.51 24767
37.752 24761
39.869 24745
44.163 24734
44.166 24730
44.166 24727
44.167 24723
44.175 24719
44.175 24711
68.51 24710
68.527 24704
68.533 24698
81.859 24696
82.067 24695
104.142 24693
118.025 24689
