0.005 64834
0.005 64825
0.007 64769
0.009 63872
0.01 63865
0.01 63850
0.012 63606
0.013 63598
0.014 63548
0.015 63307
0.015 62846
0.017 62688
0.017 62288
0.018 62212
0.019 61345
0.019 61302
0.021 61023
0.021 61009
0.022 60766
0.023 60593
0.023 59611
0.024 58599
0.026 58252
0.027 57852
0.028 57776
0.028 57506
0.029 57464
0.03 57432
0.032 57025
0.034 56958
0.034 56784
0.035 56591
0.036 56562
0.036 56280
0.037 55865
0.038 55838
0.039 55828
0.04 55667
0.042 55620
0.043 55538
0.044 55532
0.044 55466
0.046 55116
0.046 54901
0.048 54765
0.049 54761
0.05 54679
0.051 54675
0.054 54362
0.056 54271
0.059 54032
0.059 54027
0.06 53999
0.061 53960
0.062 53884
0.065 53841
0.079 53823
0.102 53797
0.103 53793
0.107 53787
0.114 53729
0.115 53411
0.134 53365
0.141 53306
0.153 53230
0.17 53170
0.376 53154
0.378 53111
0.456 53071
0.485 53032
0.486 52968
0.488 52964
0.494 52941
0.497 52906
0.497 52898
0.497 52883
0.54 52879
0.548 52860
0.614 52807
0.972 52806
0.976 52785
0.976 52775
0.979 52767
1.003 52734
1.006 52730
1.163 52717
1.173 52716
1.627 52707
1.629 52706
1.631 52704
2.113 52691
2.115 52677
2.116 52662
2.119 52658
2.123 52652
2.194 52645
2.214 52641
2.216 52637
2.225 52632
2.977 52606
2.985 52596
6.238 52593
6.238 52585
6.239 52569
6.24 52545
6.245 52541
11.195 52540
11.341 52535
11.344 52522
11.436 52515
11.437 52512
11.622 52508
11.624 52500
11.633 52475
11.645 52472
11.748 52464
14.934 52457
14.945 52440
14.957 52422
19.009 52393
19.01 52379
19.018 52370
19.12 52361
19.121 52359
19.126 52335
19.127 52305
19.166 52286
19.256 52217
19.263 52195
19.263 52188
21.476 52184
21.485 52157
25.618 52153
25.79 52151
25.79 52147
25.792 52132
25.915 52127
26.505 52123
26.513 52114
44.377 52092
44.39 52089
44.445 52073
44.447 52070
44.463 52014
44.492 52013
44.497 51992
44.517 51984
45.078 51982
45.627 51964
45.641 51940
58.003 51938
145.716 51922
146.217 51917
146.227 51913
150.111 51911
