0.005 21494
0.005 21190
0.006 21142
0.009 21141
0.012 21140
0.013 21125
0.014 21118
0.016 20924
0.017 20813
0.017 20811
0.018 20725
0.018 20723
0.02 20684
0.022 20654
0.023 20653
0.027 20649
0.027 20634
0.028 20621
0.028 20620
0.029 20609
0.029 20582
0.037 20580
0.038 20554
0.038 20533
0.052 20483
0.053 20482
0.054 20471
0.054 20461
0.055 20446
0.062 20445
0.068 20423
0.071 20415
0.071 20406
0.072 20394
0.073 20312
0.073 20273
0.074 20268
0.09 20235
0.092 20234
0.092 20233
0.095 20213
0.1 20211
0.105 20199
0.131 20170
0.132 20165
0.134 20117
0.134 20114
0.135 20097
0.192 20080
0.395 20023
0.603 20012
0.78 20002
1.285 20000
1.288 19989
1.294 19984
1.296 19957
2.9 19941
2.919 19919
2.92 19917
3.743 19910
3.782 19905
4.19 19893
18.764 19892
18.833 19882
18.833 19880
18.883 19861
18.884 19860
18.884 19853
21.137 19852
21.139 19841
21.142 19837
21.144 19835
50.286 19829
50.286 19811
50.289 19807
70.592 19805
70.605 19800
73.082 19778
73.087 19767
78.878 19757
78.9 19744
100.769 19742
103.023 19741
103.027 19736
103.031 19735
103.033 19732
113.704 19728
113.827 19723
115.033 19718
115.129 19715
115.164 19713
115.165 19712
115.194 19710
115.196 19698
115.321 19695
115.37 19694
115.374 19693
116.15 19692
119.177 19687
135.854 19685
