0.005 92932
0.005 92827
0.006 92781
0.007 92419
0.007 92391
0.009 91380
0.01 90325
0.011 88860
0.012 88090
0.014 88032
0.014 87086
0.016 86872
0.017 86831
0.019 86825
0.02 86815
0.021 86678
0.022 86641
0.025 86508
0.03 86467
0.031 86394
0.038 86366
0.039 86346
0.046 86281
0.05 86210
0.05 86209
0.091 86093
0.092 86092
0.092 86081
0.123 86053
0.127 85837
0.129 85751
0.131 85740
0.139 85662
0.144 85425
0.148 85409
0.158 85392
0.162 85333
0.164 85324
0.166 85297
0.181 85293
0.183 85242
0.192 85237
0.193 85223
0.199 85187
0.199 85128
0.349 85121
0.35 85102
0.353 85023
0.356 85019
0.357 84994
0.362 84968
0.363 84942
0.364 84821
0.367 84811
0.368 84710
0.374 84695
0.531 84694
0.54 84688
0.541 84685
0.543 84669
0.547 84657
0.578 84654
0.58 84627
0.616 84623
0.617 84570
0.651 84569
0.656 84563
0.659 84536
0.661 84517
0.669 84483
0.671 84466
1.002 84404
1.007 84403
1.009 84359
1.01 84257
1.01 84237
1.013 84236
1.016 84233
1.631 84231
2.545 84216
2.547 84191
2.549 84140
3.547 84137
3.555 84135
3.561 84128
3.561 84121
3.844 84105
3.844 84087
3.845 84072
3.848 84065
3.908 84023
3.914 83995
4.401 83977
4.402 83937
4.573 83928
4.574 83900
4.693 83898
4.695 83861
9.241 83796
9.244 83754
9.245 83748
9.267 83715
9.268 83711
9.269 83710
12.469 83651
12.47 83644
12.471 83628
12.482 83613
12.514 83602
12.515 83593
12.52 83569
12.53 83556
12.539 83545
12.617 83536
12.618 83533
26.233 83530
26.235 83529
34.456 83503
34.461 83481
34.463 83478
34.508 83455
44.57 83414
44.597 83400
44.597 83389
44.6 83386
44.605 83383
44.612 83379
44.621 83375
47.117 83369
47.122 83358
47.834 83354
49.07 83336
49.118 83329
49.13 83317
49.138 83315
62.235 83304
70.111 83300
70.566 83296
73.385 83294
73.394 83293
73.429 83285
73.435 83284
75.342 83274
79.588 83267
79.59 83265
79.612 83250
79.616 83249
79.782 83245
79.784 83173
80.443 83171
80.445 83164
80.45 83159
80.514 83154
80.593 83142
80.633 83137
82.683 83136
82.692 83132
82.769 83131
82.806 83117
82.906 83085
103.789 83076
103.804 83075
103.864 83072
103.877 83066
113.133 83062
114.233 83060
114.248 83057
114.315 83055
117.338 83047
166.277 83046
