0.007 38866
0.007 38787
0.008 38747
0.009 38738
0.017 38712
0.021 38636
0.023 38634
0.023 38334
0.025 38319
0.029 38271
0.029 38213
0.031 38137
0.033 38067
0.034 38024
0.036 38007
0.036 37983
0.037 37977
0.039 37929
0.039 37878
0.04 37821
0.043 37710
0.044 37673
0.044 37665
0.047 37621
0.048 37601
0.051 37579
0.053 37554
0.057 37536
0.069 37533
0.071 37450
0.081 37390
0.087 37381
0.131 37376
0.136 37302
0.137 37298
0.139 37285
0.193 37270
0.198 37170
0.211 37145
0.212 37141
0.213 37055
0.216 37046
0.216 37045
0.216 37012
0.227 36982
0.288 36972
0.289 36960
0.292 36950
0.293 36931
0.294 36917
0.298 36894
0.298 36776
0.298 36754
0.3 36723
0.3 36717
0.332 36701
0.334 36700
0.335 36629
0.336 36609
0.501 36600
0.503 36593
0.504 36573
0.508 36538
0.509 36488
0.655 36470
0.661 36466
0.688 36458
0.691 36454
0.692 36370
0.692 36365
0.706 36300
0.708 36261
0.712 36207
0.839 36154
0.847 36129
1.013 36124
1.016 36104
1.017 36088
1.018 36044
1.508 36043
2.045 36040
2.213 36010
2.215 35995
2.218 35970
7.119 35962
7.12 35946
10.822 35911
10.822 35901
10.823 35898
10.824 35871
10.827 35847
11.134 35834
13.297 35793
13.299 35786
13.299 35765
13.307 35742
13.308 35737
20.019 35634
20.02 35633
20.069 35631
20.133 35628
20.135 35625
27.493 35605
31.168 35587
31.171 35586
31.316 35536
31.318 35534
31.319 35532
31.344 35531
31.346 35529
36.082 35527
36.085 35526
36.114 35483
37.922 35473
37.922 35471
37.924 35451
37.95 35427
37.952 35411
37.966 35383
37.973 35381
38.444 35380
38.453 35361
42.281 35356
42.599 35352
42.603 35349
42.657 35344
44.252 35339
44.259 35327
44.285 35315
44.287 35310
69.665 35306
69.666 35304
69.667 35300
69.711 35299
69.718 35294
70.124 35288
70.221 35285
70.227 35284
70.237 35271
70.252 35253
70.391 35247
70.55 35236
75.585 35235
75.604 35234
78.85 35222
79.207 35217
82.281 35212
82.337 35202
82.381 35198
82.416 35192
84.442 35171
84.541 35169
86.528 35167
103.846 35165
104.906 35164
105.349 35162
