0.004 9626
0.004 9621
0.005 9611
0.005 9606
0.005 9563
0.006 9533
0.006 9523
0.007 9521
0.007 9496
0.008 9302
0.008 9283
0.009 9263
0.009 9260
0.01 9255
0.016 9244
0.016 9231
0.031 9228
0.032 9226
0.033 9224
0.033 9198
0.034 9195
0.034 9182
0.034 9181
0.034 9180
0.039 9138
0.042 9116
0.048 9106
0.049 9092
0.09 9048
0.09 9036
0.092 9029
0.106 8978
0.107 8962
0.108 8942
0.109 8932
0.109 8926
0.11 8914
0.11 8887
0.113 8875
0.169 8863
0.175 8855
0.196 8838
0.266 8832
0.267 8797
0.267 8776
0.27 8766
0.271 8757
0.821 8749
1.346 8739
2.05 8735
2.063 8729
2.065 8727
2.07 8710
2.832 8707
2.833 8698
3.234 8677
3.322 8675
7.518 8674
9.141 8673
9.432 8665
9.488 8652
9.494 8647
9.496 8638
13.884 8622
33.494 8612
33.684 8611
40.01 8609
40.02 8576
40.123 8574
40.143 8572
