0.006 22958
0.006 22826
0.007 22745
0.007 22659
0.008 22602
0.008 22573
0.009 22070
0.011 22036
0.011 22001
0.012 21986
0.012 21930
0.015 21900
0.016 21821
0.018 21765
0.019 21716
0.021 21683
0.021 21678
0.023 21633
0.023 21627
0.024 21625
0.025 21622
0.025 21620
0.025 21547
0.028 21524
0.03 21497
0.031 21417
0.032 21400
0.033 21394
0.035 21365
0.039 21299
0.046 21285
0.048 21270
0.049 21265
0.051 21179
0.052 21108
0.052 21097
0.053 21092
0.055 20957
0.059 20938
0.059 20927
0.061 20884
0.061 20870
0.062 20860
0.064 20855
0.065 20780
0.065 20672
0.066 20527
0.067 20467
0.067 20404
0.068 20401
0.069 20383
0.069 20375
0.077 20329
0.083 20154
0.084 20136
0.084 20132
0.086 20130
0.087 20110
0.089 20078
0.09 20024
0.094 19961
0.094 19959
0.095 19951
0.106 19950
0.106 19883
0.107 19882
0.11 19764
0.11 19752
0.11 19715
0.111 19704
0.112 19675
0.112 19652
0.114 19639
0.115 19580
0.116 19496
0.117 19486
0.123 19418
0.133 19400
0.134 19395
0.135 19390
0.139 19368
0.151 19267
0.152 19251
0.153 19217
0.153 19207
0.154 19205
0.155 19045
0.156 19022
0.157 19009
0.157 18983
0.158 18968
0.158 18965
0.158 18964
0.162 18963
0.175 18944
0.355 18914
0.355 18893
0.358 18878
0.371 18844
0.429 18830
0.434 18819
0.435 18793
0.531 18767
0.536 18766
0.674 18711
4.47 18699
4.471 18647
32.957 18642
33.008 18634
33.01 18625
38.531 18623
38.557 18610
38.561 18607
38.563 18600
38.564 18560
38.697 18514
38.698 18507
38.954 18494
38.967 18493
39.712 18492
39.718 18473
69.907 18465
70.924 18453
74.61 18444
74.612 18437
74.771 18429
74.849 18425
74.859 18407
74.922 18405
75.092 18375
75.099 18356
78.856 18352
102.702 18347
117.806 18346
