0.006 23069
0.006 23030
0.007 22952
0.007 22724
0.008 22662
0.008 22635
0.009 22629
0.009 22621
0.01 22388
0.011 22121
0.012 22031
0.012 22020
0.013 21960
0.013 21921
0.014 21880
0.014 21845
0.015 21815
0.015 21789
0.016 21754
0.017 21628
0.031 21418
0.031 21300
0.032 21298
0.032 21291
0.032 21279
0.033 21253
0.034 21251
0.034 21199
0.034 21132
0.035 21119
0.035 21111
0.037 21105
0.038 20862
0.047 20832
0.047 20818
0.048 20813
0.048 20809
0.049 20799
0.056 20785
0.061 20771
0.061 20764
0.063 20749
0.069 20744
0.07 20739
0.079 20717
0.08 20648
0.08 20640
0.083 20604
0.083 20496
0.087 20475
0.088 20436
0.095 20393
0.131 20219
0.132 20187
0.132 20140
0.133 19870
0.134 19645
0.135 19618
0.136 19565
0.137 19445
0.137 19372
0.138 19277
0.141 19176
0.144 19161
0.145 19151
0.169 19081
0.17 19054
0.171 19048
0.172 19044
0.181 18997
0.284 18939
0.304 18938
0.42 18928
0.422 18882
0.426 18861
0.863 18800
3.895 18789
4.152 18760
8.662 18733
13.647 18721
19.219 18682
19.219 18661
19.22 18655
19.221 18580
19.224 18579
19.255 18531
19.256 18529
19.259 18501
42.615 18489
45.274 18485
48.997 18478
49.076 18472
55.278 18460
55.535 18450
56.799 18448
56.922 18413
56.922 18406
56.924 18399
56.968 18380
56.968 18373
57.004 18369
58.255 18364
58.298 18357
