0.004 42580
0.004 42577
0.005 42573
0.005 42505
0.005 42476
0.006 42467
0.007 42338
0.008 42327
0.01 42126
0.011 42109
0.012 42105
0.013 42101
0.017 42059
0.018 41999
0.019 41826
0.02 41214
0.022 40757
0.022 40741
0.023 40468
0.024 40337
0.025 39782
0.026 39698
0.026 39472
0.033 39407
0.036 39399
0.036 39347
0.044 39292
0.046 39238
0.048 39218
0.048 38945
0.05 38888
0.051 38844
0.052 38801
0.052 38790
0.053 38710
0.053 38538
0.067 38514
0.068 38511
0.069 38350
0.069 38290
0.07 38260
0.07 38259
0.071 38255
0.112 38234
0.148 38160
0.344 38156
0.346 38154
0.346 38124
0.347 38103
0.442 38096
0.448 38077
0.468 38072
0.469 38069
0.491 38066
0.557 38063
0.557 38053
0.558 38047
0.559 38046
0.657 38045
0.66 38041
0.664 38015
0.668 37975
0.669 37973
0.671 37960
0.672 37947
0.674 37944
1.65 37940
1.654 37933
1.654 37920
1.985 37909
1.987 37908
1.992 37887
1.992 37885
2.013 37853
2.017 37833
2.076 37827
2.083 37814
2.093 37788
2.096 37777
2.097 37742
2.104 37740
2.105 37738
2.106 37727
2.108 37725
2.112 37720
2.117 37704
2.117 37702
2.118 37697
2.119 37665
2.311 37659
2.321 37648
2.338 37640
2.339 37631
2.349 37629
2.368 37628
2.371 37601
2.372 37592
3.436 37579
4.909 37540
4.911 37535
6.742 37529
6.745 37523
7.028 37515
7.029 37510
7.031 37508
7.045 37499
7.051 37491
7.052 37479
7.131 37473
23.616 37461
29.19 37451
29.194 37450
36.102 37439
36.119 37435
36.12 37433
36.13 37421
37.51 37418
38.174 37417
38.182 37412
39.714 37395
39.714 37374
39.893 37360
39.895 37351
39.896 37330
55.678 37320
55.813 37307
77.789 37300
77.957 37297
77.979 37293
77.998 37287
78.002 37285
78.742 37284
78.759 37277
81.535 37274
82.475 37269
82.484 37263
96.819 37260
103.435 37258
103.439 37256
103.44 37254
103.458 37247
115.888 37245
115.922 37236
122.078 37228
122.107 37223
122.139 37222
122.372 37216
123.642 37213
