0.007 22628
0.008 22465
0.008 22387
0.008 22382
0.009 22327
0.01 22182
0.013 22177
0.013 22167
0.013 22100
0.014 22046
0.016 21899
0.018 21889
0.018 21842
0.019 21810
0.019 21808
0.02 21786
0.02 21776
0.022 21662
0.023 21638
0.025 21628
0.025 21620
0.025 21571
0.027 21562
0.031 21482
0.031 21466
0.043 21456
0.046 21341
0.05 21211
0.05 21200
0.055 21170
0.056 21142
0.056 21088
0.058 21026
0.058 21022
0.059 21021
0.119 21010
0.12 20876
0.133 20854
0.134 20833
0.135 20787
0.136 20786
0.138 20752
0.139 20745
0.162 20737
0.163 20727
0.164 20699
0.171 20692
0.2 20506
0.2 20489
0.201 20486
0.202 20467
0.202 20438
0.203 20371
0.204 20251
0.204 20230
0.208 20212
0.208 20187
0.21 19835
0.21 19829
0.213 19824
0.213 19684
0.214 19672
0.216 19664
0.25 19661
0.259 19659
0.266 19620
0.352 19428
0.352 19421
0.355 19414
0.356 19404
0.356 19378
0.358 19310
0.362 19308
0.364 19261
0.37 19245
0.371 19195
0.373 19160
0.374 19141
0.375 19125
0.377 19105
0.377 19082
0.381 19068
0.382 19031
0.384 19023
0.384 19018
0.385 19013
0.386 19011
0.401 19000
0.402 18988
0.504 18980
0.508 18967
0.514 18966
0.514 18963
0.516 18923
0.518 18910
0.615 18850
0.615 18802
0.617 18763
0.617 18762
0.633 18761
0.636 18739
0.637 18702
0.638 18694
0.638 18662
0.638 18656
1.15 18639
1.153 18621
1.349 18596
1.35 18578
1.915 18570
1.919 18553
2.049 18526
2.05 18519
2.05 18479
2.578 18473
3.186 18442
3.187 18387
3.199 18386
4.466 18371
9.863 18351
9.863 18349
9.867 18332
10.448 18324
15.905 18318
15.906 18314
15.906 18312
15.908 18310
15.917 18306
28.971 18292
28.975 18289
62.54 18285
62.543 18284
62.544 18278
62.565 18275
64 18274
85.132 18270
85.136 18268
95.366 18267
95.37 18264
95.418 18255
95.428 18246
95.445 18232
95.448 18231
95.463 18229
95.466 18224
95.472 18211
95.506 18209
95.671 18203
95.696 18194
95.698 18189
101.624 18183
101.645 18182
101.655 18178
101.663 18176
101.691 18175
139.187 18174
139.741 18173
139.76 18172
139.788 18168
139.86 18167
140.107 18165
