0.007 18464
0.008 18441
0.008 18405
0.008 18404
0.009 18375
0.01 18373
0.01 18271
0.011 18200
0.011 18167
0.011 18145
0.012 18139
0.012 18138
0.013 18127
0.013 18083
0.014 18044
0.014 18024
0.015 17937
0.016 17924
0.017 17914
0.018 17877
0.018 17876
0.019 17866
0.027 17853
0.035 17821
0.036 17766
0.037 17752
0.038 17749
0.042 17746
0.043 17594
0.048 17554
0.049 17510
0.05 17452
0.05 17449
0.051 17443
0.054 17442
0.055 17434
0.057 17413
0.059 17390
0.06 17379
0.06 17375
0.064 17371
0.065 17321
0.066 17260
0.067 17213
0.071 17199
0.075 17148
0.079 17142
0.081 17140
0.096 17139
0.098 17137
0.17 17119
0.188 17106
0.189 17099
0.189 17092
0.19 17068
0.191 17062
0.366 17059
0.367 17035
0.393 17014
0.395 16975
0.396 16959
0.398 16958
0.402 16953
0.404 16881
0.406 16732
0.446 16714
0.453 16696
0.663 16685
0.73 16681
0.731 16663
1.634 16657
1.638 16649
1.666 16646
1.667 16644
4.088 16641
4.089 16637
4.654 16624
5.234 16616
5.235 16610
7.273 16598
8.087 16591
12.471 16560
29.791 16559
29.794 16549
32.528 16546
32.529 16545
32.531 16543
32.534 16541
32.662 16535
36.03 16534
36.27 16522
40.11 16521
45.702 16512
45.722 16509
45.723 16503
63.394 16502
63.394 16474
63.434 16441
63.439 16437
63.439 16435
63.448 16430
63.477 16425
63.502 16422
63.515 16412
63.605 16406
63.611 16403
63.615 16400
63.778 16367
63.782 16355
63.785 16347
63.803 16337
65.306 16331
65.306 16329
65.498 16319
65.66 16308
65.976 16291
66.292 16286
67.848 16283
67.85 16282
69.74 16270
70.842 16261
70.923 16260
70.932 16255
70.933 16245
74.023 16242
74.488 16234
74.511 16230
74.955 16216
74.958 16208
77.79 16205
89.244 16204
89.984 16199
89.987 16198
106.863 16194
106.986 16190
107.629 16187
107.64 16178
