0.01 120341
0.011 119679
0.012 119668
0.013 119630
0.013 118593
0.014 118588
0.015 117645
0.016 116965
0.016 116957
0.017 116569
0.018 116240
0.019 115498
0.021 115059
0.021 114583
0.022 114088
0.023 113559
0.024 112852
0.025 112823
0.026 112703
0.027 112702
0.03 111638
0.032 111612
0.033 111516
0.035 111414
0.036 111193
0.038 110978
0.038 110966
0.039 110910
0.039 110733
0.042 110432
0.043 110242
0.044 110239
0.045 110189
0.047 110054
0.048 109963
0.053 109904
0.054 109863
0.056 109769
0.057 109577
0.057 109574
0.06 109568
0.061 109405
0.062 109367
0.062 109352
0.067 109330
0.068 109146
0.069 109076
0.069 109016
0.07 108671
0.071 108302
0.072 108279
0.073 108025
0.074 107824
0.074 107819
0.075 107286
0.077 107265
0.078 107104
0.079 107008
0.079 106853
0.08 106647
0.083 106540
0.084 106485
0.091 106464
0.092 106435
0.097 106348
0.098 106332
0.099 106312
0.1 106261
0.101 106240
0.103 106048
0.106 105961
0.113 105897
0.115 105894
0.115 105849
0.116 105837
0.125 105812
0.127 105794
0.132 105734
0.134 105670
0.138 105669
0.139 105667
0.14 105459
0.142 105438
0.142 105435
0.191 105328
0.193 105326
0.196 105316
0.199 105298
0.2 105288
0.201 105287
0.202 105270
0.203 105206
0.209 105187
0.212 105185
0.213 105161
0.217 105125
0.227 105122
0.23 105002
0.233 104934
0.235 104911
0.259 104874
0.26 104862
0.261 104821
0.27 104802
0.271 104498
0.277 104367
0.278 104159
0.28 104128
0.28 104115
0.281 103993
0.287 103969
0.291 103967
0.302 103950
0.312 103928
0.313 103866
0.314 103836
0.315 103778
0.322 103773
0.323 103750
0.361 103733
0.365 103730
0.367 103711
0.386 103688
0.387 103663
0.402 103657
0.404 103617
0.405 103614
0.438 103547
0.438 103546
0.439 103502
0.442 103391
0.449 103390
0.456 103358
0.456 103343
0.457 103330
0.459 103319
0.464 103307
0.467 103242
0.481 103233
0.482 103203
0.482 103197
0.487 103196
0.488 103181
0.491 103162
0.501 103156
0.516 103118
0.517 103076
0.518 103056
0.521 103026
0.544 102991
1.169 102971
1.17 102932
1.172 102918
1.199 102888
1.303 102842
1.306 102840
1.306 102806
1.312 102786
1.315 102771
1.316 102751
1.318 102745
1.359 102721
1.36 102715
1.553 102705
1.556 102665
1.556 102653
1.628 102613
1.82 102592
1.871 102573
1.871 102554
1.875 102528
1.878 102500
1.897 102493
1.899 102456
1.9 102439
1.915 102431
1.916 102429
1.922 102428
1.944 102426
1.945 102417
3.503 102403
3.504 102402
3.506 102394
3.516 102384
4.026 102363
4.029 102359
4.109 102341
4.11 102339
4.117 102332
4.121 102306
4.123 102294
4.124 102292
4.131 102281
4.131 102280
4.138 102277
4.141 102270
4.142 102267
4.356 102239
4.356 102236
4.359 102210
4.361 102204
4.363 102162
4.365 102150
4.375 102114
4.382 102109
6.075 102085
6.076 102083
6.112 102074
6.112 102046
6.116 102043
6.148 102027
6.151 102023
6.156 101982
6.157 101972
6.164 101926
6.172 101925
12.645 101918
12.655 101901
12.66 101896
13.625 101875
23.93 101864
25.032 101851
25.069 101848
25.07 101838
30.648 101835
30.649 101819
38.136 101815
38.144 101801
38.15 101794
41.943 101787
41.943 101761
41.946 101743
41.95 101742
41.958 101741
41.959 101712
48.301 101690
48.304 101689
48.315 101672
48.316 101667
48.322 101659
48.327 101645
48.329 101640
57.778 101634
57.782 101615
58.96 101608
58.987 101594
63.641 101575
66.981 101572
66.988 101563
66.991 101562
66.991 101545
67.195 101544
67.206 101540
67.208 101534
70.711 101520
70.712 101518
72.187 101514
72.468 101513
72.469 101503
72.47 101501
72.483 101500
76.443 101491
76.83 101490
76.887 101485
82.12 101466
82.123 101461
82.126 101458
82.138 101457
82.31 101456
82.537 101448
82.551 101447
82.556 101443
82.581 101442
82.661 101436
85.097 101423
95.932 101421
96.117 101418
98.007 101399
98.931 101396
98.959 101380
99.093 101377
100.983 101365
103.73 101359
103.747 101358
103.753 101352
107.694 101349
107.713 101343
107.797 101340
107.805 101339
107.81 101338
107.871 101337
110.195 101327
110.284 101312
111.011 101311
131.438 101307
131.457 101303
131.461 101266
131.504 101262
131.51 101252
131.627 101247
131.664 101240
134.041 101237
146.701 101236
