0.007 22482
0.008 22472
0.008 22433
0.009 22431
0.009 22429
0.009 22424
0.01 22300
0.01 22278
0.01 22240
0.011 22120
0.013 22059
0.013 22029
0.014 22005
0.022 21992
0.023 21991
0.024 21985
0.026 21932
0.026 21923
0.03 21922
0.032 21907
0.032 21902
0.033 21857
0.036 21821
0.036 21783
0.037 21766
0.038 21763
0.043 21592
0.046 21575
0.047 21563
0.047 21548
0.048 21529
0.048 21512
0.05 21444
0.05 21265
0.051 21117
0.051 20775
0.052 20773
0.053 20770
0.056 20764
0.056 20762
0.062 20654
0.064 20650
0.066 20607
0.067 20605
0.068 20600
0.068 20593
0.07 20569
0.074 20539
0.077 20521
0.078 20519
0.082 20508
0.083 20502
0.084 20496
0.128 20476
0.128 20451
0.128 20339
0.131 20317
0.132 20316
0.136 20268
0.138 20250
0.138 20213
0.139 20211
0.139 20206
0.14 20167
0.14 20151
0.141 20149
0.141 20138
0.151 20000
0.152 19981
0.152 19968
0.153 19940
0.154 19913
0.155 19864
0.157 19852
0.157 19409
0.158 19399
0.181 19385
0.183 19364
0.185 19344
0.185 19304
0.185 19286
0.188 19283
0.229 19247
0.232 19246
0.234 19230
0.241 19228
0.242 19226
0.248 19193
0.278 19187
0.292 19177
0.331 19150
0.369 19148
0.373 19137
0.374 19100
0.415 19096
0.415 19076
0.417 19073
0.418 19026
0.42 19025
0.434 19009
0.434 18997
0.756 18993
0.774 18990
0.775 18969
0.775 18951
0.776 18947
0.778 18938
0.778 18935
0.78 18926
0.81 18916
0.811 18911
0.817 18884
0.818 18881
0.952 18864
0.952 18856
2.322 18851
2.337 18844
2.338 18834
2.344 18829
2.345 18826
3.843 18823
5.628 18820
5.672 18810
5.705 18795
5.715 18757
5.715 18754
5.762 18753
15.202 18752
20.684 18747
20.772 18743
20.881 18739
20.882 18727
20.884 18726
21.152 18724
21.162 18721
21.163 18720
21.164 18704
36.362 18703
38.173 18694
38.186 18688
47.642 18684
54.669 18683
54.689 18680
58.301 18664
58.301 18663
67.155 18661
74.641 18650
74.65 18649
74.668 18647
103.225 18639
156.095 18637
156.659 18633
