0.01 20374
0.011 20208
0.012 20176
0.012 20172
0.013 20143
0.013 20063
0.014 20049
0.014 20027
0.015 20017
0.015 20016
0.016 19806
0.016 19801
0.017 19782
0.018 19781
0.022 19750
0.032 19746
0.033 19728
0.033 19721
0.037 19718
0.04 19680
0.04 19640
0.042 19628
0.042 19596
0.054 19567
0.055 19557
0.057 19550
0.057 19548
0.057 19532
0.059 19498
0.06 19494
0.062 19456
0.069 19444
0.07 19417
0.07 19416
0.072 19385
0.076 19378
0.078 19349
0.079 19344
0.08 19330
0.08 19314
0.081 19281
0.087 19271
0.087 19270
0.087 19266
0.088 19249
0.108 19246
0.143 19184
0.149 19175
0.15 19061
0.156 18961
0.199 18847
0.2 18807
0.201 18794
0.218 18786
0.223 18778
0.225 18774
0.427 18730
0.428 18720
0.432 18692
0.491 18651
0.495 18646
0.495 18638
0.507 18632
0.508 18612
0.509 18583
0.509 18523
0.514 18520
0.515 18496
0.517 18483
0.52 18475
0.521 18451
0.528 18446
0.528 18443
6.867 18433
6.867 18429
12.494 18422
12.496 18406
12.497 18396
12.506 18395
24.035 18393
30.57 18387
30.57 18380
30.571 18377
30.942 18371
34.041 18363
44.932 18361
44.938 18356
44.939 18354
44.943 18342
48.774 18334
49.898 18328
61.472 18315
61.475 18313
61.478 18310
150.629 18309
150.639 18308
150.644 18307
150.693 18296
