0.007 18668
0.008 18667
0.008 18656
0.008 18652
0.008 18587
0.009 18550
0.009 18514
0.009 18513
0.009 18508
0.011 18497
0.011 18457
0.012 18434
0.012 18427
0.012 18394
0.013 18264
0.014 17967
0.014 17957
0.015 17950
0.015 17916
0.016 17746
0.017 17652
0.018 17556
0.019 17502
0.02 17472
0.022 17463
0.023 17443
0.028 17435
0.03 17432
0.032 17406
0.032 17400
0.033 17391
0.033 17266
0.034 17265
0.035 17232
0.036 17191
0.037 17188
0.038 17161
0.039 17158
0.045 17128
0.046 17114
0.046 17051
0.047 17039
0.049 16982
0.049 16967
0.071 16960
0.071 16937
0.072 16933
0.08 16917
0.081 16903
0.081 16891
0.081 16840
0.083 16831
0.095 16818
0.098 16817
0.446 16815
0.448 16807
0.452 16804
0.768 16782
0.769 16753
0.809 16737
0.82 16732
0.821 16714
0.821 16711
0.901 16704
0.903 16701
0.906 16697
0.908 16688
0.908 16648
0.908 16632
0.909 16631
0.91 16611
1.329 16603
1.33 16601
3.528 16585
3.53 16584
12.045 16574
12.047 16563
12.047 16551
37.638 16548
37.639 16545
62.949 16544
66.205 16539
66.478 16530
67.611 16525
71.468 16521
73.103 16519
75.086 16518
75.086 16516
82.526 16512
82.677 16500
82.687 16497
82.73 16496
82.732 16493
95.272 16489
95.919 16488
95.926 16483
95.932 16479
97.211 16477
97.221 16476
