0.01 20289
0.011 20136
0.011 20113
0.011 20091
0.012 20077
0.013 20009
0.013 19974
0.014 19973
0.014 19969
0.017 19879
0.019 19792
0.021 19791
0.027 19790
0.027 19783
0.029 19776
0.03 19762
0.031 19757
0.031 19753
0.036 19721
0.037 19710
0.038 19698
0.039 19662
0.039 19654
0.04 19651
0.04 19641
0.041 19639
0.045 19636
0.045 19605
0.045 19596
0.062 19594
0.067 19574
0.068 19527
0.069 19515
0.069 19506
0.07 19500
0.078 19499
0.079 19497
0.079 19477
0.098 19475
0.103 19474
0.104 19424
0.112 19408
0.112 19406
0.114 19353
0.114 19339
0.115 19334
0.151 19291
0.157 19287
0.157 19274
0.167 19265
0.171 19264
0.173 19255
0.173 19231
0.217 19209
0.217 19179
0.218 19177
0.228 19166
0.229 19165
0.275 19159
0.284 19140
0.296 19136
0.35 19133
0.351 19113
0.355 19109
0.358 19105
0.359 19094
0.361 19087
0.361 19062
0.369 19043
0.369 19013
0.407 19001
0.408 18932
0.409 18930
0.409 18906
0.411 18894
0.411 18862
0.431 18851
0.431 18838
0.432 18834
0.434 18801
0.438 18780
0.439 18759
0.44 18754
0.443 18746
0.443 18741
0.454 18730
0.455 18703
0.456 18694
0.46 18691
0.461 18687
0.467 18634
0.58 18620
0.581 18612
0.582 18604
0.586 18590
0.653 18547
0.655 18539
0.656 18523
0.656 18511
0.658 18493
0.679 18490
1.189 18488
1.189 18477
1.19 18471
1.191 18469
1.201 18462
1.631 18461
5.189 18458
5.196 18452
5.198 18442
5.2 18438
12.101 18436
12.129 18425
12.129 18415
12.131 18399
12.153 18396
14.714 18395
18.332 18389
18.337 18384
18.338 18380
35.403 18375
39.22 18359
39.516 18352
39.529 18349
39.53 18348
39.551 18345
39.945 18336
39.974 18325
58.538 18301
58.539 18295
84.992 18293
85.012 18290
85.472 18287
85.484 18284
85.497 18281
114.796 18271
119.739 18269
123.076 18267
123.124 18266
130.887 18265
