0.007 18532
0.008 18489
0.008 18462
0.008 18461
0.009 18448
0.009 18446
0.01 18393
0.01 18389
0.01 18361
0.011 18246
0.011 18210
0.011 18203
0.011 18193
0.012 18185
0.014 18017
0.014 17976
0.018 17896
0.019 17873
0.02 17865
0.025 17857
0.026 17849
0.026 17839
0.027 17769
0.027 17744
0.029 17717
0.033 17676
0.033 17637
0.034 17634
0.035 17520
0.036 17499
0.038 17474
0.057 17462
0.057 17454
0.06 17450
0.06 17442
0.061 17431
0.062 17414
0.062 17379
0.065 17372
0.067 17365
0.07 17322
0.071 17275
0.072 17262
0.078 17235
0.079 17117
0.079 17114
0.079 17112
0.095 17103
0.125 16993
0.126 16973
0.13 16965
0.131 16951
0.203 16914
0.203 16864
0.204 16849
0.204 16838
0.205 16817
0.242 16781
0.254 16779
0.255 16777
0.255 16775
0.256 16759
0.299 16758
0.299 16738
0.3 16737
0.411 16728
0.432 16701
0.433 16677
0.493 16665
0.747 16659
1.656 16649
4.326 16631
4.406 16616
8.411 16613
8.421 16609
8.422 16608
8.424 16607
9.5 16589
17.3 16585
17.3 16581
18.932 16580
20.255 16579
20.345 16571
28.791 16566
28.793 16565
28.879 16564
33.285 16518
51.931 16515
51.932 16499
51.933 16495
51.941 16488
51.941 16487
74.42 16485
118.724 16483
118.834 16482
124.428 16481
130.445 16479
130.605 16478
130.949 16477
142.421 16476
146.733 16475
