0.013 54176
0.014 54079
0.014 54058
0.016 54032
0.016 54018
0.016 54016
0.017 53976
0.018 53938
0.018 53935
0.018 53931
0.019 53901
0.025 53736
0.025 53722
0.029 53669
0.029 53594
0.03 53567
0.03 53551
0.031 53343
0.032 53342
0.033 53310
0.034 53177
0.036 53166
0.036 53136
0.037 53077
0.038 53032
0.038 53017
0.039 53014
0.04 52777
0.041 52729
0.042 52703
0.043 52571
0.045 52521
0.045 52515
0.045 52509
0.047 52465
0.048 52400
0.048 52367
0.049 51983
0.053 51974
0.054 51900
0.056 51897
0.058 51880
0.06 51830
0.06 51808
0.062 51700
0.062 51636
0.064 51487
0.065 51367
0.065 51365
0.069 51364
0.081 51316
0.083 51297
0.085 51245
0.087 51223
0.103 51212
0.104 51204
0.105 51152
0.107 51141
0.111 51138
0.114 51128
0.114 51126
0.116 51123
0.116 51084
0.117 50889
0.131 50878
0.131 50835
0.131 50825
0.133 50760
0.133 50746
0.171 50739
0.176 50715
0.178 50663
0.178 50654
0.198 50598
0.213 50594
0.214 50574
0.214 50539
0.214 50523
0.215 50364
0.224 50351
0.225 50234
0.225 50204
0.227 50137
0.228 50117
0.234 50079
0.234 50022
0.235 49948
0.235 49925
0.235 49919
0.236 49850
0.237 49789
0.238 49690
0.24 49632
0.24 49620
0.242 49613
0.242 49558
0.243 49546
0.243 49516
0.245 49445
0.245 49422
0.247 49416
0.249 49295
0.25 49250
0.25 49146
0.251 49132
0.253 49089
0.255 49077
0.26 49058
0.262 49050
0.267 48997
0.267 48907
0.269 48882
0.271 48860
0.273 48749
0.279 48677
0.279 48631
0.279 48571
0.282 48544
0.282 48496
0.448 48491
0.464 48435
0.514 48395
0.567 48352
0.571 48350
0.572 48295
0.572 48268
0.592 48261
0.593 48255
0.599 48222
0.602 48173
0.604 48161
0.604 48154
0.604 48117
0.606 48077
0.607 48075
0.711 48065
0.721 48055
0.722 48024
0.727 48001
0.728 47995
0.73 47972
0.731 47930
0.732 47922
0.76 47917
0.761 47911
0.762 47785
0.771 47741
1.782 47740
1.801 47739
1.803 47735
1.804 47731
2.279 47723
2.285 47708
2.292 47692
2.293 47688
2.293 47682
2.294 47616
2.295 47602
2.296 47601
2.296 47589
3.048 47580
3.049 47576
3.051 47556
3.056 47504
3.057 47474
3.059 47473
3.38 47452
3.386 47427
3.387 47411
3.389 47410
3.389 47407
3.391 47394
11.218 47373
11.222 47369
12.097 47345
12.105 47320
12.114 47310
12.271 47268
12.271 47255
12.273 47237
12.276 47236
12.277 47231
12.277 47161
12.377 47150
12.382 47142
12.385 47134
12.388 47109
12.39 47097
12.399 47094
13.551 47085
13.632 47083
13.642 47069
13.645 47068
28.053 47065
28.061 47053
28.066 47031
28.61 47030
28.616 47029
28.619 47020
28.629 47012
28.642 47010
28.642 46995
28.669 46987
36.823 46966
36.826 46951
36.844 46905
42.671 46893
42.714 46871
42.724 46868
42.725 46863
42.726 46856
42.903 46842
42.904 46841
42.925 46837
42.925 46825
42.936 46824
43.769 46810
43.779 46807
43.781 46805
45.025 46789
45.191 46782
45.203 46779
45.952 46772
46.079 46759
46.204 46753
50.871 46750
50.872 46749
50.872 46741
51.101 46739
57.847 46738
57.848 46736
57.848 46735
57.851 46705
57.868 46698
57.869 46694
57.877 46692
57.962 46686
58.059 46683
78.712 46680
78.72 46674
78.767 46653
78.771 46644
79.764 46641
79.778 46640
79.781 46634
80.743 46629
81.006 46627
81.023 46602
81.024 46601
81.027 46596
81.093 46595
81.094 46594
81.266 46591
81.696 46590
81.785 46581
82.846 46579
83.29 46573
83.291 46572
84.321 46569
88.694 46566
88.971 46564
89.037 46549
89.039 46548
89.05 46547
92.888 46544
92.889 46540
92.896 46535
93.564 46530
93.564 46529
93.57 46528
93.58 46518
93.628 46517
94.959 46515
94.971 46513
