0.013 32095
0.013 32076
0.013 31955
0.014 31641
0.015 31639
0.015 31617
0.016 31615
0.016 31614
0.017 31533
0.017 31525
0.017 31518
0.018 31496
0.018 31482
0.019 31448
0.019 31443
0.019 31414
0.02 31216
0.02 31171
0.02 31144
0.021 31097
0.021 30982
0.021 30955
0.022 30951
0.022 30923
0.023 30918
0.024 30905
0.024 30901
0.025 30899
0.028 30888
0.028 30858
0.029 30856
0.03 30812
0.031 30749
0.033 30734
0.034 30725
0.036 30709
0.036 30705
0.036 30645
0.04 30640
0.041 30155
0.041 30050
0.042 29981
0.044 29944
0.046 29839
0.047 29830
0.051 29795
0.052 29482
0.054 29481
0.062 29437
0.062 29432
0.063 29422
0.063 29421
0.064 29389
0.064 29363
0.065 29354
0.065 29335
0.074 29306
0.076 29294
0.076 29266
0.078 29187
0.079 29152
0.08 29126
0.1 29107
0.1 29044
0.154 29027
0.156 29019
0.161 28996
0.161 28992
0.162 28925
0.164 28911
0.164 28905
0.165 28879
0.174 28864
0.174 28858
0.175 28830
0.176 28788
0.18 28748
0.182 28742
0.183 28659
0.183 28453
0.185 28452
0.208 28434
0.21 28433
0.211 28409
0.211 28398
0.216 28388
0.217 28386
0.223 28370
0.233 28360
0.235 28329
0.237 28250
0.241 28226
0.252 28223
0.252 28215
0.252 28188
0.258 28176
0.258 28172
0.259 28114
0.262 28055
0.263 28046
0.364 28003
0.365 27998
0.366 27991
0.38 27962
0.448 27897
0.459 27889
0.46 27886
0.464 27819
0.469 27803
0.47 27790
3.028 27767
3.029 27761
3.031 27737
3.037 27734
3.211 27709
3.211 27698
3.215 27677
3.277 27662
3.279 27644
3.28 27633
3.281 27626
3.281 27618
3.283 27577
3.283 27576
3.29 27571
3.291 27557
3.291 27555
3.298 27532
3.3 27510
3.3 27491
27.719 27488
27.721 27469
29.193 27465
34.518 27464
34.52 27454
34.562 27446
34.565 27432
34.57 27420
34.571 27414
34.678 27404
34.68 27395
34.982 27380
69.445 27371
71.402 27355
71.408 27343
71.41 27331
71.416 27328
71.417 27322
71.421 27314
71.534 27310
71.547 27306
71.731 27303
71.748 27300
71.759 27294
82.318 27287
82.319 27267
82.336 27258
82.336 27257
82.337 27252
82.347 27249
82.348 27248
90.049 27244
90.283 27233
91.238 27227
91.244 27226
91.248 27225
91.262 27221
91.36 27220
91.361 27212
91.385 27200
94.424 27198
94.53 27192
94.88 27186
114.054 27184
114.055 27183
114.248 27179
114.249 27178
114.254 27174
114.287 27171
118.885 27167
118.891 27164
118.919 27161
119.753 27158
120.36 27157
133.056 27156
136.938 27155
140.655 27153
144.12 27150
148.038 27149
