0.014 23165
0.014 23148
0.014 23140
0.015 23097
0.016 23057
0.016 23032
0.017 22968
0.017 22959
0.018 22948
0.018 22901
0.018 22889
0.019 22843
0.019 22834
0.02 22806
0.02 22799
0.022 22779
0.023 22762
0.024 22746
0.025 22743
0.026 22742
0.026 22723
0.028 22689
0.029 22558
0.032 22557
0.033 22534
0.034 22533
0.035 22502
0.035 22477
0.036 22475
0.036 22469
0.036 22310
0.037 22220
0.037 22211
0.038 22186
0.043 22135
0.048 22121
0.048 22111
0.049 22095
0.056 22084
0.062 22059
0.062 22030
0.062 22029
0.063 22022
0.064 22018
0.064 22011
0.077 21984
0.078 21983
0.079 21975
0.079 21950
0.08 21922
0.08 21921
0.081 21913
0.085 21878
0.1 21866
0.101 21857
0.101 21856
0.134 21854
0.136 21853
0.139 21851
0.141 21823
0.143 21803
0.144 21799
0.145 21796
0.146 21775
0.205 21759
0.206 21751
0.206 21743
0.207 21723
0.208 21714
0.21 21698
0.21 21693
0.211 21663
0.214 21658
0.214 21653
0.226 21649
0.254 21628
0.259 21597
0.282 21564
0.283 21550
0.286 21547
0.496 21539
0.497 21537
0.511 21528
0.514 21522
0.644 21508
0.779 21481
0.781 21470
0.782 21457
0.794 21431
0.804 21405
1.59 21383
1.596 21382
1.812 21371
2.15 21367
2.157 21365
2.161 21362
2.162 21357
2.165 21348
2.167 21288
2.187 21287
2.187 21281
2.188 21262
2.188 21254
2.192 21239
2.503 21226
2.503 21222
15.98 21219
27.087 21215
27.136 21206
27.139 21194
27.139 21192
27.141 21180
32.614 21173
36.553 21172
36.554 21141
36.556 21139
36.558 21131
36.56 21127
36.561 21124
36.562 21112
36.562 21103
55.688 21101
58.86 21099
58.862 21079
58.862 21074
58.863 21072
58.864 21067
73.261 21064
73.273 21046
73.279 21045
73.282 21043
73.367 21042
73.369 21039
73.371 21031
85.31 21030
85.342 21027
85.346 21026
85.39 21017
85.416 21016
101.039 21015
101.169 21011
106.794 21008
113.767 21004
114.015 21000
115.307 20998
115.308 20997
115.398 20996
115.421 20995
115.562 20991
127.899 20989
127.908 20988
127.916 20987
130.76 20986
142.959 20985
142.963 20984
