0.013 31955
0.013 31904
0.014 31893
0.014 31842
0.015 31721
0.015 31615
0.015 31586
0.016 31577
0.017 31533
0.017 31488
0.017 31430
0.018 31427
0.018 31424
0.018 31411
0.018 31378
0.019 31226
0.019 31119
0.02 31077
0.023 31068
0.024 31054
0.025 31031
0.026 30967
0.027 30714
0.029 30569
0.03 30169
0.031 30126
0.031 30007
0.032 30005
0.032 29973
0.037 29966
0.044 29957
0.045 29805
0.046 29796
0.046 29721
0.046 29703
0.048 29691
0.048 29621
0.05 29564
0.05 29540
0.05 29511
0.052 29507
0.067 29459
0.069 29458
0.069 29421
0.07 29384
0.071 29354
0.072 29338
0.072 29324
0.087 29252
0.088 29237
0.091 29231
0.092 29219
0.095 28987
0.096 28986
0.097 28947
0.099 28931
0.1 28909
0.114 28866
0.114 28854
0.13 28647
0.131 28646
0.132 28635
0.137 28608
0.137 28586
0.137 28578
0.138 28573
0.138 28571
0.139 28541
0.139 28528
0.14 28525
0.143 28505
0.144 28503
0.145 28493
0.145 28442
0.34 28369
0.341 28366
0.342 28358
0.343 28314
0.349 28296
0.578 28280
0.598 28272
0.598 28261
0.693 28252
0.693 28250
0.701 28238
0.702 28226
0.711 28188
0.745 28163
0.748 28123
0.748 28113
0.748 28086
0.75 28077
0.751 28051
0.752 28036
1.218 28032
1.222 27997
1.222 27987
1.223 27984
2.244 27965
2.246 27964
2.246 27943
2.247 27915
2.248 27904
2.787 27902
2.79 27887
2.792 27886
2.792 27855
2.792 27825
2.832 27816
3.112 27803
3.113 27793
3.115 27791
3.12 27789
3.121 27781
3.121 27779
3.806 27767
3.807 27737
3.809 27725
3.81 27719
3.819 27706
6.667 27694
8.679 27690
8.681 27689
8.682 27624
15.173 27612
15.174 27609
15.174 27607
15.175 27605
15.177 27603
15.225 27598
15.227 27569
15.228 27552
15.228 27550
15.236 27543
15.239 27539
15.248 27520
22.536 27514
25.875 27488
25.884 27487
25.884 27470
25.888 27461
25.892 27452
25.893 27451
25.898 27440
35.405 27439
35.406 27437
35.411 27432
35.429 27409
35.43 27406
41.2 27400
41.21 27382
41.212 27380
41.212 27375
41.213 27370
41.213 27368
59.135 27367
60.272 27366
60.275 27360
60.393 27344
60.403 27343
60.41 27340
60.737 27329
70.643 27315
70.643 27314
70.655 27309
70.656 27308
70.665 27303
71.319 27281
71.319 27279
