0.011 18340
0.012 18310
0.012 18237
0.012 18234
0.013 18172
0.013 18155
0.013 18144
0.014 18083
0.014 17587
0.015 17447
0.016 17385
0.016 17383
0.017 17355
0.017 17349
0.017 17282
0.018 17280
0.021 17274
0.022 17235
0.023 17228
0.023 17222
0.024 17215
0.024 17189
0.025 17168
0.025 17166
0.026 17158
0.026 17156
0.026 17152
0.028 16607
0.029 16549
0.029 16528
0.03 16430
0.03 16366
0.031 16214
0.033 16211
0.033 16196
0.036 16161
0.038 16151
0.038 16150
0.039 16148
0.042 16146
0.049 16131
0.05 16129
0.051 15948
0.051 15942
0.052 15932
0.052 15923
0.054 15881
0.055 15860
0.057 15842
0.06 15827
0.062 15807
0.202 15786
0.35 15775
0.547 15768
0.547 15761
0.548 15745
0.576 15743
0.576 15739
0.576 15736
0.635 15725
0.637 15723
0.638 15711
0.641 15710
0.708 15655
0.709 15649
0.71 15644
0.761 15642
0.763 15609
0.763 15599
1.704 15593
1.704 15582
1.709 15568
1.71 15561
1.724 15541
1.725 15521
1.725 15510
1.728 15509
1.728 15506
1.738 15477
2.022 15474
2.025 15466
2.026 15465
2.028 15446
2.171 15424
2.307 15392
3.194 15373
5.853 15337
5.853 15332
5.861 15324
12.75 15320
12.75 15312
12.751 15304
12.751 15303
41.66 15291
41.689 15287
41.692 15284
41.854 15275
41.858 15247
57.846 15245
57.85 15237
57.851 15231
57.855 15220
57.856 15215
58.327 15210
58.329 15204
60.086 15200
69.406 15198
69.412 15188
69.413 15181
69.413 15177
69.415 15176
69.416 15167
82.763 15163
100.28 15160
100.291 15157
100.929 15147
100.933 15141
100.946 15133
100.993 15131
100.998 15130
100.999 15126
101.016 15114
