0.016 68726
0.017 68478
0.017 68473
0.018 68379
0.019 68249
0.022 67529
0.023 67521
0.031 67505
0.032 67485
0.035 67481
0.036 67479
0.038 67463
0.038 67436
0.039 67430
0.042 67418
0.044 67375
0.045 67315
0.046 67269
0.048 67252
0.049 67179
0.049 67125
0.049 67085
0.05 67063
0.05 67061
0.05 66969
0.055 66891
0.056 66688
0.057 66555
0.058 66473
0.058 66453
0.059 66443
0.059 66433
0.064 66257
0.064 66229
0.065 66207
0.067 66196
0.071 66118
0.073 66108
0.075 66100
0.078 65981
0.08 65970
0.081 65893
0.081 65879
0.082 65831
0.082 65812
0.084 65721
0.084 65431
0.085 65399
0.086 65340
0.086 65219
0.087 65186
0.087 65171
0.088 65141
0.09 65036
0.091 64876
0.092 64874
0.093 64843
0.096 64829
0.096 64818
0.098 64804
0.102 64733
0.102 64719
0.103 64690
0.104 64688
0.105 64649
0.105 64648
0.105 64644
0.106 64578
0.109 64558
0.116 64510
0.123 64499
0.123 64467
0.129 64455
0.131 64441
0.132 64415
0.132 64374
0.135 64363
0.137 64277
0.138 64273
0.14 64225
0.141 64132
0.142 64103
0.145 64094
0.146 64059
0.174 64047
0.175 64011
0.177 64001
0.177 63930
0.178 63913
0.183 63909
0.184 63894
0.185 63811
0.185 63795
0.188 63784
0.189 63775
0.19 63770
0.19 63761
0.192 63755
0.198 63726
0.201 63580
0.208 63569
0.21 63555
0.212 63530
0.219 63527
0.224 63510
0.224 63437
0.225 63435
0.228 63418
0.236 63414
0.241 63378
0.328 63356
0.328 63353
0.329 63321
0.331 63319
0.335 63284
0.338 63275
0.339 63264
0.343 63203
0.345 63105
0.401 63066
0.481 63035
0.492 62990
0.492 62981
0.493 62956
0.888 62942
0.897 62934
0.898 62932
0.899 62925
0.9 62890
0.902 62815
0.902 62791
0.904 62767
0.907 62762
0.91 62727
0.911 62714
0.912 62697
0.918 62685
0.923 62683
0.929 62665
0.931 62664
1.184 62630
1.185 62628
1.187 62575
1.189 62572
1.19 62566
1.222 62554
1.222 62550
1.231 62528
1.237 62500
1.237 62490
1.24 62484
1.241 62479
1.249 62255
1.55 62249
1.552 62237
1.553 62213
1.554 62208
1.556 62205
1.558 62190
1.558 62179
1.566 62174
1.574 62172
1.614 62112
1.614 62101
1.717 62075
1.719 62069
1.719 62066
1.725 62020
1.733 62005
1.738 61997
1.738 61963
1.739 61939
1.853 61931
1.861 61913
1.865 61908
1.866 61906
1.866 61898
1.869 61889
1.87 61856
1.892 61809
1.893 61792
1.899 61791
9.689 61777
9.69 61762
9.692 61760
14.197 61758
14.198 61740
14.199 61739
14.202 61732
14.202 61725
25.231 61709
25.236 61680
25.322 61664
25.324 61662
25.328 61654
25.365 61652
31.061 61648
31.463 61640
31.488 61637
31.489 61628
31.49 61607
31.496 61605
31.717 61601
31.748 61587
31.751 61575
31.752 61574
32.29 61564
32.296 61562
32.297 61544
32.302 61542
32.306 61536
32.306 61517
33.823 61515
34.671 61512
34.673 61510
34.674 61508
35.164 61499
35.164 61487
35.167 61484
35.167 61428
35.172 61423
35.29 61418
35.32 61417
35.383 61416
35.387 61413
35.434 61410
35.578 61395
35.589 61394
35.596 61375
35.599 61372
36.068 61366
36.083 61365
36.086 61362
36.336 61353
39.026 61337
39.1 61327
39.105 61316
39.133 61314
39.135 61305
39.135 61277
39.135 61260
39.136 61257
39.305 61240
51.275 61222
51.289 61214
55.223 61196
55.229 61185
55.23 61179
55.232 61177
55.233 61176
55.235 61169
55.235 61158
55.236 61150
55.236 61143
55.254 61132
56.937 61128
56.938 61104
58.671 61081
58.721 61074
58.725 61073
58.73 61065
58.739 61047
58.836 61031
58.84 61030
58.84 61025
58.848 61024
58.85 61019
58.886 61018
58.894 61010
58.898 61006
58.9 61002
62.758 60978
62.794 60959
62.795 60953
62.799 60952
68.387 60950
68.473 60934
68.493 60910
68.494 60892
68.5 60885
73.095 60882
73.176 60870
74.586 60850
74.807 60848
74.839 60842
74.84 60837
74.936 60830
98.085 60823
98.15 60820
98.154 60801
98.157 60798
98.183 60788
102.403 60783
102.766 60781
102.897 60778
102.899 60776
102.904 60775
103.625 60769
103.626 60764
103.735 60756
104.018 60749
113.308 60747
113.386 60742
114.924 60740
114.936 60738
117.591 60733
117.598 60730
117.614 60729
117.614 60727
117.622 60717
117.629 60715
117.638 60714
117.642 60712
117.793 60710
119.944 60706
120.227 60704
120.236 60703
121.402 60696
121.421 60694
121.504 60693
121.506 60691
122.015 60680
138.792 60678
138.81 60675
