0.013 32083
0.014 32082
0.014 31960
0.015 31926
0.015 31807
0.016 31686
0.016 31631
0.017 31516
0.017 31506
0.017 31438
0.019 31399
0.02 31368
0.023 31317
0.024 31300
0.024 31255
0.024 31253
0.025 31252
0.025 31223
0.026 31127
0.027 31125
0.027 31019
0.027 31015
0.027 30992
0.028 30979
0.028 30953
0.028 30943
0.029 30936
0.029 30895
0.029 30863
0.032 30829
0.032 30792
0.035 30777
0.036 30689
0.036 30684
0.036 30678
0.038 30662
0.038 30625
0.04 30624
0.041 29899
0.041 29854
0.043 29444
0.043 29441
0.044 29439
0.044 29438
0.059 29395
0.06 29384
0.063 29345
0.064 29338
0.065 29293
0.069 29230
0.071 29090
0.074 29082
0.079 29078
0.08 29007
0.08 29004
0.08 29000
0.107 28987
0.111 28982
0.112 28980
0.113 28979
0.113 28975
0.119 28968
0.122 28901
0.122 28899
0.127 28870
0.129 28856
0.13 28850
0.179 28845
0.199 28804
0.2 28803
0.21 28771
0.224 28683
0.225 28643
0.225 28623
0.226 28621
0.23 28598
0.356 28572
0.357 28565
0.36 28548
0.36 28498
0.361 28496
0.362 28454
0.444 28453
0.444 28449
0.445 28437
0.532 28428
0.591 28424
0.646 28404
0.81 28349
0.812 28340
0.812 28334
0.814 28284
0.816 28281
0.817 28272
0.819 28271
0.821 28270
0.821 28239
0.822 28195
0.823 28191
0.824 28181
0.845 28174
0.846 28154
0.846 28152
0.847 28131
2.296 28097
2.357 28077
2.358 28070
2.399 28063
2.399 28048
2.402 28041
2.413 28039
2.413 28021
2.415 27993
2.415 27975
2.421 27959
2.422 27956
2.423 27938
2.918 27936
2.918 27911
2.919 27904
3.531 27898
3.535 27883
3.995 27869
4.224 27866
4.224 27840
4.599 27830
4.645 27810
9.614 27785
9.62 27780
12.48 27774
12.481 27771
12.919 27759
12.92 27757
12.926 27751
12.953 27749
12.954 27708
12.954 27685
12.955 27673
12.957 27668
12.958 27649
14.989 27639
14.99 27619
22.361 27617
24.524 27615
26.408 27606
26.409 27604
26.411 27590
26.577 27589
26.613 27588
26.614 27526
26.619 27512
26.672 27511
26.672 27489
27.202 27477
27.206 27467
28.847 27452
29.455 27451
29.502 27450
29.504 27429
29.513 27425
29.513 27394
29.514 27392
29.515 27383
29.517 27372
29.521 27370
29.522 27350
29.522 27335
148.572 27333
148.595 27331
148.615 27322
148.631 27319
149.845 27318
