0.014 23149
0.014 23121
0.014 23057
0.015 23040
0.015 22983
0.015 22936
0.016 22911
0.016 22906
0.016 22889
0.017 22882
0.017 22873
0.018 22865
0.018 22862
0.018 22838
0.021 22763
0.022 22718
0.023 22684
0.024 22682
0.026 22669
0.026 22646
0.033 22645
0.034 22607
0.036 22590
0.036 22575
0.037 22568
0.038 22565
0.038 22557
0.04 22528
0.041 22500
0.041 22492
0.041 22491
0.042 22488
0.043 22473
0.044 22461
0.045 22456
0.049 22426
0.049 22403
0.058 22302
0.059 22261
0.06 22243
0.06 22221
0.061 22196
0.061 22181
0.062 22168
0.064 22146
0.064 22057
0.065 22037
0.066 21981
0.068 21957
0.069 21952
0.071 21949
0.071 21946
0.072 21937
0.072 21908
0.073 21898
0.074 21876
0.075 21875
0.079 21857
0.08 21846
0.08 21845
0.088 21826
0.089 21803
0.089 21787
0.09 21775
0.09 21742
0.104 21729
0.11 21716
0.112 21702
0.113 21700
0.115 21668
0.119 21659
0.158 21621
0.159 21611
0.16 21581
0.359 21579
0.36 21576
0.36 21556
0.363 21537
0.364 21492
0.367 21489
0.367 21461
0.368 21456
0.542 21445
0.542 21442
0.543 21426
0.546 21415
0.547 21411
0.789 21309
0.872 21304
0.872 21275
15.424 21261
15.426 21247
15.427 21237
15.428 21233
15.428 21230
15.429 21216
19.539 21202
25.47 21200
25.472 21195
25.474 21193
26.314 21170
26.316 21164
26.317 21147
46.587 21140
46.59 21130
46.592 21125
46.6 21110
46.604 21108
46.606 21097
46.608 21088
65.49 21068
65.521 21066
70.639 21060
70.645 21054
70.67 21052
74.333 21051
89.408 21045
89.709 21042
89.772 21039
89.777 21033
89.78 21030
89.856 21027
106.724 21020
107.499 21018
107.552 21014
107.569 21011
132.342 20994
133.004 20991
134.03 20987
