0.011 59066
0.012 59060
0.012 59033
0.013 59003
0.013 58980
0.013 58959
0.018 58808
0.018 58784
0.018 58765
0.019 58745
0.023 58702
0.024 58695
0.024 58685
0.025 58680
0.025 58655
0.026 58624
0.029 58485
0.031 58467
0.032 58388
0.035 58283
0.036 58277
0.036 58271
0.038 58242
0.038 57954
0.039 57953
0.045 57924
0.045 57920
0.045 57918
0.045 57276
0.047 57222
0.053 57216
0.055 57201
0.058 57192
0.058 57173
0.062 57160
0.068 57152
0.073 57097
0.073 57077
0.075 57076
0.076 57068
0.077 57067
0.084 57024
0.085 56967
0.086 56947
0.087 56910
0.091 56857
0.092 56808
0.093 56807
0.093 55984
0.094 55885
0.094 55877
0.095 55871
0.101 55845
0.181 55826
0.201 55812
0.204 55795
0.204 55769
0.221 55760
0.223 55734
0.225 55729
0.232 55727
0.258 55660
0.263 55657
0.269 55656
0.27 55644
0.271 55630
0.355 55599
0.359 55577
0.362 55536
0.372 55532
0.372 55504
0.374 55497
0.375 55493
0.375 55424
0.452 55421
0.455 55381
0.456 55367
0.554 55297
0.624 55292
0.638 55246
0.651 55215
0.651 55193
0.661 55146
0.661 55130
3.943 55126
3.944 55125
3.947 55121
4.557 55105
4.56 55093
4.561 55088
4.563 55066
4.862 55062
4.864 55056
4.865 55046
4.926 55029
6.726 55028
6.73 55010
6.73 54996
6.87 54989
7.518 54950
7.897 54908
7.908 54869
7.919 54859
7.921 54854
7.921 54853
7.922 54845
15.743 54842
16.974 54840
16.978 54838
16.978 54832
16.979 54822
23.816 54806
23.82 54805
24.028 54769
24.501 54758
24.542 54732
24.547 54704
24.687 54701
59.676 54700
73.572 54691
73.575 54669
75.701 54665
75.72 54653
75.723 54638
77.714 54636
77.717 54633
77.723 54627
77.98 54621
77.982 54604
119.676 54600
119.996 54599
120.187 54596
120.189 54590
120.201 54578
120.215 54574
122.85 54572
122.853 54568
123.098 54567
123.1 54558
123.394 54553
123.423 54548
127.147 54541
134.059 54539
144.05 54535
144.363 54534
144.37 54521
144.37 54512
144.418 54510
144.447 54507
145.117 54503
145.799 54500
146.94 54499
146.99 54494
151.382 54490
151.535 54486
151.594 54485
151.628 54484
156.351 54482
157.37 54478
157.414 54477
157.545 54471
157.697 54466
157.716 54462
157.729 54456
177.12 54451
177.974 54447
