0.019 106554
0.02 106425
0.021 106337
0.022 106332
0.023 106328
0.023 106311
0.024 106196
0.026 106170
0.027 106104
0.029 106076
0.029 106045
0.031 106024
0.032 105982
0.033 105981
0.033 105868
0.035 105867
0.035 105861
0.037 105842
0.04 105732
0.042 105730
0.043 105699
0.043 105698
0.045 105688
0.045 105683
0.045 105460
0.046 105075
0.048 105049
0.049 104851
0.049 104847
0.054 104657
0.056 104648
0.057 104644
0.058 104614
0.058 104430
0.06 104423
0.062 104406
0.062 104405
0.066 104189
0.066 104158
0.069 104125
0.071 104121
0.072 103893
0.075 103651
0.075 103648
0.076 103643
0.078 103640
0.084 103582
0.085 103477
0.086 103459
0.089 103362
0.09 103342
0.091 103319
0.093 103311
0.095 103033
0.097 102724
0.098 102720
0.099 102611
0.1 102565
0.102 102553
0.102 102518
0.108 102508
0.112 102496
0.113 102492
0.113 102489
0.114 102460
0.119 102388
0.121 102315
0.124 102314
0.127 102311
0.129 102292
0.13 102285
0.131 102178
0.132 102116
0.133 102115
0.134 102018
0.135 101997
0.137 101981
0.138 101978
0.139 101972
0.141 101970
0.143 101954
0.146 101943
0.146 101917
0.146 101909
0.148 101908
0.148 101902
0.149 101880
0.153 101845
0.177 101832
0.178 101802
0.178 101800
0.18 101734
0.186 101692
0.187 101679
0.191 101559
0.191 101555
0.192 101549
0.194 101548
0.196 101528
0.212 101443
0.212 101441
0.214 101398
0.215 101397
0.216 101377
0.216 101355
0.217 101354
0.218 101351
0.219 101338
0.22 101335
0.223 101326
0.223 101300
0.224 101273
0.23 101271
0.232 101270
0.235 101260
0.235 101170
0.242 101169
0.262 101068
0.262 101064
0.263 101043
0.265 101041
0.269 101038
0.269 101030
0.272 101028
0.275 101022
0.277 101021
0.278 101017
0.279 101011
0.281 101009
0.283 100968
0.283 100961
0.285 100946
0.295 100909
0.331 100896
0.343 100887
0.348 100861
0.416 100815
0.417 100814
0.421 100760
0.422 100728
0.425 100714
0.426 100665
0.428 100610
0.431 100606
0.433 100577
0.435 100575
0.436 100574
0.459 100550
0.466 100549
0.467 100541
0.467 100537
0.468 100535
0.469 100526
0.469 100522
0.488 100517
0.488 100514
0.488 100513
0.489 100512
0.543 100511
0.546 100506
0.549 100499
0.549 100479
0.583 100476
0.687 100463
0.687 100460
0.689 100455
0.692 100428
0.824 100426
0.825 100424
0.825 100423
0.847 100239
0.848 100215
0.848 100214
0.849 100210
0.851 100209
0.851 100198
0.852 100110
0.854 100105
0.855 100102
0.861 100054
0.861 100051
0.966 100032
0.972 100018
0.986 99983
1.005 99979
1.008 99965
1.034 99950
1.034 99949
1.035 99848
1.068 99840
1.071 99839
1.072 99834
1.076 99763
1.076 99761
1.077 99757
1.077 99756
1.093 99745
1.093 99738
1.096 99730
1.099 99720
1.1 99719
1.118 99717
1.118 99693
1.118 99609
1.124 99601
1.125 99599
1.299 99592
1.308 99589
1.334 99566
1.334 99560
1.336 99558
1.337 99522
1.339 99491
1.345 99422
1.346 99421
1.397 99407
1.4 99381
1.4 99372
1.401 99371
1.464 99329
1.466 99216
1.523 99196
1.533 99191
1.543 99188
1.548 99186
1.553 99165
1.869 99160
1.895 99159
1.896 99143
1.897 99142
1.937 99110
1.964 99094
3.13 99062
3.268 99036
3.471 99029
3.474 99017
3.479 99016
3.48 99013
3.481 99011
3.481 99009
6.012 99008
6.013 99006
6.014 99005
6.015 98965
6.02 98960
6.021 98956
6.082 98949
12.146 98946
12.197 98939
12.201 98935
12.201 98891
12.202 98889
12.209 98887
12.211 98886
12.213 98880
12.214 98879
12.246 98859
12.249 98844
12.25 98828
12.253 98817
12.254 98816
12.295 98776
12.297 98775
12.871 98768
12.872 98764
12.954 98757
12.955 98709
12.965 98708
12.977 98707
12.98 98705
12.986 98679
12.988 98660
13.026 98648
13.032 98634
13.033 98628
13.034 98608
13.045 98605
13.045 98574
13.048 98573
13.049 98570
13.05 98567
13.052 98546
13.055 98545
13.056 98532
13.056 98527
13.059 98518
13.239 98498
13.605 98490
13.605 98485
13.607 98484
13.608 98482
13.61 98479
13.611 98458
13.613 98449
13.614 98447
13.616 98431
13.618 98425
13.867 98398
13.867 98394
14.002 98388
14.012 98385
14.498 98381
14.499 98374
14.5 98373
14.5 98372
14.5 98370
14.501 98368
14.501 98364
14.502 98317
14.505 98316
14.505 98314
15.01 98310
15.082 98304
15.084 98303
15.084 98301
15.085 98300
18.466 98298
18.474 98294
18.503 98292
18.747 98259
18.749 98258
18.752 98236
18.948 98222
18.949 98217
18.95 98198
18.952 98197
18.953 98191
18.962 98186
18.98 98176
18.983 98173
18.985 98166
18.986 98165
18.99 98159
18.993 98158
19.225 98145
19.227 98144
19.231 98139
19.261 98131
19.262 98112
19.265 98107
19.266 98103
19.282 98088
19.283 98085
19.287 98083
19.287 98075
19.29 98032
19.848 98028
19.854 98023
19.855 98014
19.856 98012
19.885 98004
19.887 97993
19.891 97983
19.9 97981
19.908 97973
24.792 97971
24.793 97955
24.807 97954
25.519 97936
25.535 97931
25.537 97915
25.537 97894
25.538 97893
25.557 97880
25.557 97877
25.558 97874
25.558 97873
25.561 97858
27.951 97853
27.953 97852
27.959 97848
27.961 97847
27.962 97846
28.477 97834
28.48 97825
28.481 97824
28.495 97823
28.5 97813
28.502 97805
28.511 97803
28.512 97785
29.111 97784
29.24 97774
29.249 97771
29.25 97769
29.251 97765
29.253 97762
29.3 97759
37.693 97752
37.694 97751
37.697 97749
37.698 97748
37.722 97746
37.725 97698
37.729 97697
37.73 97689
37.737 97688
37.737 97687
37.745 97676
37.746 97660
37.748 97641
37.752 97637
37.753 97636
37.753 97624
37.754 97623
37.754 97622
37.769 97604
37.769 97599
37.776 97597
37.787 97589
37.787 97580
37.788 97578
37.79 97577
57.272 97572
57.275 97548
57.276 97546
57.282 97535
57.364 97534
57.378 97531
57.378 97525
57.378 97524
57.379 97513
59.108 97508
59.129 97502
59.131 97499
59.131 97497
59.142 97489
59.294 97488
59.295 97475
61.365 97464
61.366 97460
61.369 97459
61.39 97442
63.596 97441
63.618 97432
63.624 97431
63.64 97421
68.896 97420
68.9 97416
68.903 97409
68.91 97390
79.545 97386
79.55 97383
79.56 97382
79.564 97381
79.565 97379
79.567 97375
79.57 97371
79.577 97366
79.668 97360
79.674 97358
79.681 97351
80.262 97348
80.263 97346
80.266 97343
80.269 97342
80.271 97340
80.277 97338
80.362 97337
80.53 97330
80.54 97329
81.228 97325
81.228 97316
94.199 97311
94.205 97310
95.096 97309
95.131 97307
95.243 97295
95.244 97293
95.248 97284
95.25 97282
95.251 97280
95.253 97278
95.484 97274
95.511 97270
95.517 97268
95.517 97264
95.579 97261
95.587 97260
95.589 97259
95.591 97255
95.592 97247
95.593 97243
95.593 97241
95.596 97223
95.686 97217
95.689 97216
98.55 97215
100.548 97211
103.903 97210
103.904 97209
103.951 97202
103.954 97201
104.153 97200
104.25 97196
104.293 97195
104.971 97192
104.98 97190
105.079 97187
105.081 97184
105.096 97183
105.096 97182
105.099 97178
105.131 97175
105.132 97174
105.133 97170
105.143 97168
105.169 97165
105.178 97163
105.239 97161
105.24 97156
105.251 97155
105.254 97154
105.301 97153
113.156 97151
113.161 97150
113.317 97147
113.32 97146
114.487 97140
114.488 97138
114.549 97130
114.56 97129
114.562 97128
114.61 97127
114.624 97119
114.626 97118
114.632 97116
114.637 97115
114.662 97113
119.374 97108
120.696 97106
120.702 97105
120.709 97104
121.751 97103
124.869 97097
124.871 97086
124.872 97085
124.89 97081
127.697 97080
128.31 97078
128.315 97075
128.318 97067
128.341 97055
128.362 97053
128.364 97052
128.376 97051
128.753 97048
128.785 97046
129.914 97045
129.928 97041
130.028 97037
130.031 97034
130.037 97033
130.049 97032
130.071 97029
130.147 97020
130.151 97016
133.745 97015
133.757 97014
135.4 97009
135.407 97008
135.414 96995
135.415 96994
135.43 96982
135.433 96981
135.446 96977
135.451 96975
135.523 96971
135.579 96970
135.591 96968
135.602 96954
135.612 96951
135.875 96932
135.884 96931
135.888 96928
135.895 96926
135.898 96923
135.899 96920
135.9 96919
135.903 96918
136.482 96917
136.483 96916
136.487 96914
136.493 96912
136.498 96911
136.504 96910
136.511 96909
136.511 96906
137.042 96904
137.045 96901
137.06 96898
137.113 96897
137.117 96895
137.125 96888
137.129 96886
137.186 96885
137.188 96879
138.949 96877
138.95 96871
138.954 96870
138.967 96866
139.265 96864
140.211 96863
147.203 96862
148.392 96861
148.89 96860
148.891 96859
148.896 96857
148.904 96856
148.907 96855
148.909 96853
148.91 96852
148.916 96851
148.935 96850
148.964 96848
148.977 96847
151.474 96846
