0.021 38537
0.021 38522
0.022 38518
0.022 38517
0.022 38505
0.023 38436
0.024 38424
0.024 38188
0.025 38136
0.025 38116
0.026 38094
0.026 38082
0.026 38055
0.026 38050
0.027 38049
0.027 38044
0.028 38039
0.028 38027
0.029 38008
0.029 38007
0.029 37984
0.03 37983
0.03 37960
0.03 37956
0.03 37953
0.031 37926
0.031 37922
0.031 37914
0.033 37911
0.034 37909
0.034 37908
0.035 37900
0.035 37895
0.037 37891
0.037 37890
0.047 37880
0.049 37875
0.071 37844
0.073 37842
0.073 37841
0.075 37840
0.076 37835
0.078 37828
0.08 37826
0.084 37807
0.085 37771
0.114 37763
0.116 37762
0.116 37745
0.117 37721
0.12 37634
0.124 37631
0.127 37624
0.129 37616
0.13 37576
0.145 37573
0.145 37570
0.146 37564
0.155 37550
0.156 37535
0.158 37530
0.167 37521
0.168 37513
0.169 37506
0.172 37504
0.176 37502
0.177 37487
0.178 37467
0.178 37465
0.178 37461
0.179 37446
0.193 37437
0.194 37433
0.201 37432
0.203 37431
0.205 37427
0.205 37425
0.28 37408
0.28 37404
0.281 37391
0.282 37355
0.283 37334
0.289 37312
0.289 37306
0.29 37305
0.301 36905
0.306 36892
0.306 36890
0.307 36876
0.31 36873
0.314 36818
0.315 36780
0.32 36763
0.323 36761
0.331 36667
0.331 36666
0.332 36665
0.345 36576
0.345 36573
0.346 36567
0.346 36564
0.348 36560
0.35 36496
0.352 36481
0.359 36473
0.36 36453
0.36 36444
0.361 36429
0.37 36428
0.374 36423
0.378 36395
0.379 36393
0.383 36388
0.383 36318
0.384 36317
0.385 36304
0.385 36303
0.385 36300
0.388 36298
0.391 36292
0.391 36291
0.395 36290
0.395 36231
0.397 36230
0.398 36217
0.464 36201
0.465 36199
0.475 36147
0.475 36136
0.476 36127
0.476 36121
0.477 36106
0.494 36078
0.496 36074
0.497 36066
0.499 36062
0.513 36056
0.527 36053
0.528 36037
0.53 36008
0.532 35998
0.589 35989
0.59 35981
0.591 35968
0.593 35962
0.905 35953
1.015 35952
1.017 35947
1.019 35942
1.023 35937
1.026 35934
1.026 35932
1.027 35922
1.028 35909
1.052 35900
1.055 35878
1.056 35434
1.064 35420
1.065 35418
1.07 35412
1.071 35393
1.074 35353
1.074 35303
1.078 35295
1.079 35288
1.081 35281
1.095 35270
1.097 35263
1.097 35246
1.101 35243
1.102 35224
1.105 35185
1.107 35082
1.107 35069
1.108 35047
1.108 35046
1.109 35043
1.11 34955
1.131 34921
1.132 34915
1.133 34912
1.135 34882
1.137 34870
1.143 34859
1.145 34843
1.155 34835
1.156 34828
1.158 34827
1.16 34785
1.163 34775
1.163 34772
1.163 34761
1.174 34748
1.174 34745
1.176 34744
1.186 34733
1.187 34724
1.188 34718
1.191 34711
1.198 34708
1.204 34697
1.212 34694
1.22 34676
1.22 34664
1.221 34658
1.221 34657
1.486 34650
1.5 34645
1.503 34644
1.503 34623
1.505 34613
1.512 34602
1.514 34549
1.534 34543
1.536 34530
1.538 34526
1.548 34516
1.548 34508
1.549 34496
1.557 34487
1.558 34483
1.561 34459
1.604 34458
1.604 34446
1.618 34444
1.618 34421
1.619 34415
1.693 34388
1.931 34380
1.932 34359
2.797 34354
3.191 34353
3.192 34345
3.195 34333
3.207 34328
3.208 34323
3.33 34322
3.352 34308
3.394 34306
3.394 34292
3.395 34291
3.396 34278
3.402 34275
3.409 34270
3.41 34257
3.411 34248
5.317 34240
5.322 34226
5.874 34212
5.874 34198
9.039 34194
10.156 34189
11.328 34186
11.362 34169
16.888 34164
16.888 34161
16.893 34159
16.897 34156
16.935 34142
16.946 34140
20.804 34131
24.697 34123
24.704 34117
24.777 34106
24.827 34081
24.829 34074
24.83 34071
24.83 34062
24.831 34061
33.53 34059
33.53 34057
33.537 34046
33.538 34041
33.538 34038
37.059 34034
37.062 34031
37.064 34014
39.561 34009
56.08 33999
56.08 33998
57.463 33995
57.464 33993
57.466 33989
75.022 33979
75.022 33975
75.045 33971
75.053 33958
75.054 33956
88.845 33953
88.858 33952
88.896 33949
88.919 33943
88.919 33938
95.343 33933
95.347 33925
95.355 33919
95.373 33918
118.462 33916
121.643 33912
141.7 33911
141.718 33910
141.72 33909
141.774 33907
141.79 33906
141.802 33904
143.061 33903
144.298 33898
144.996 33891
172.968 33889
175.67 33888
175.681 33887
188.372 33885
195.412 33884
223.587 33883
