0.024 139681
0.025 139585
0.026 139129
0.028 139005
0.028 139003
0.034 137551
0.035 137543
0.037 137524
0.038 137442
0.039 137394
0.039 137266
0.04 137220
0.041 137168
0.042 137156
0.045 137146
0.049 137122
0.052 137059
0.053 137055
0.054 137048
0.054 137041
0.057 136177
0.058 136091
0.061 135965
0.061 135961
0.062 135949
0.064 135924
0.065 135889
0.066 135787
0.067 135755
0.068 135718
0.071 135690
0.075 135639
0.076 135622
0.091 135594
0.092 135466
0.093 135275
0.094 135130
0.095 135114
0.099 135081
0.115 135018
0.117 134968
0.125 134963
0.131 134773
0.132 134666
0.133 134226
0.134 134104
0.135 134040
0.141 133812
0.143 133752
0.15 133676
0.208 133635
0.209 133620
0.211 133592
0.211 133573
0.214 133555
0.218 133508
0.219 133495
0.22 133442
0.221 133398
0.223 133370
0.227 133351
0.245 133347
0.245 133340
0.248 133335
0.249 133308
0.345 133290
0.348 133279
0.356 133199
0.369 133197
0.376 133158
0.376 133155
0.421 133145
0.433 133130
0.433 133124
0.434 133091
0.51 133069
0.515 133036
0.52 132998
0.522 132989
0.523 132966
0.524 132963
0.546 132958
0.548 132952
0.552 132882
0.558 132876
0.564 132847
0.574 132774
0.574 132764
0.575 132729
0.58 132725
0.583 132720
0.585 132701
0.59 132696
0.602 132683
0.604 132668
0.619 132504
0.62 132503
0.622 132500
0.673 132479
0.676 132476
0.686 132468
0.725 132467
0.728 132438
0.746 132301
0.746 132298
0.749 132290
0.75 132277
0.752 132209
0.794 132207
0.796 132087
0.799 132084
0.81 132048
0.811 132046
0.814 132040
0.815 132039
0.816 132033
0.824 132021
0.826 131968
0.828 131950
0.828 131949
0.831 131905
0.832 131898
0.833 131853
0.84 131808
0.86 131785
0.864 131769
0.866 131765
0.87 131701
0.873 131624
0.878 131617
0.883 131593
0.885 131563
0.888 131551
0.89 131479
0.918 131417
0.924 131414
0.93 131407
0.933 131348
0.934 131321
0.935 131294
0.935 131270
0.94 131269
0.943 131243
0.954 131117
1.313 131092
1.325 131089
1.327 131076
1.328 131067
1.33 131053
1.33 131003
1.333 130966
1.335 130962
1.34 130936
1.342 130932
1.353 130912
1.356 130802
1.364 130776
1.368 130485
1.376 130422
1.387 130409
1.44 130386
1.624 130375
1.626 130368
1.627 130328
1.628 130304
1.634 130303
1.635 130293
1.793 130162
1.8 130159
1.801 130157
1.807 130153
1.809 130123
1.81 130084
1.817 130078
3.196 130072
3.2 130049
3.211 130008
3.716 130006
3.932 129979
3.934 129976
4.35 129973
5.04 129944
5.042 129933
5.05 129922
5.063 129874
5.066 129864
5.074 129853
5.085 129776
5.24 129734
5.242 129730
5.244 129727
5.418 129713
5.43 129693
5.517 129659
5.519 129646
5.525 129630
5.547 129616
5.582 129615
5.588 129605
5.601 129515
5.602 129512
5.603 129491
5.607 129484
5.608 129475
5.612 129474
5.617 129423
5.628 129399
5.629 129395
13.599 129391
13.6 129390
13.601 129378
13.608 129373
13.61 129372
13.619 129345
13.63 129342
17.506 129329
19.433 129310
19.434 129308
19.434 129303
19.447 129271
19.458 129248
19.97 129215
19.972 129190
19.974 129188
19.983 129172
20.002 129167
20.011 129166
20.011 129159
20.012 129146
20.016 129143
20.016 129137
20.052 129127
22.841 129119
22.898 129111
22.904 129095
22.914 129091
22.92 129086
25.642 129083
25.644 129074
25.646 129071
25.653 129060
25.666 129051
25.672 129009
25.679 128989
25.721 128979
25.855 128978
25.857 128976
25.864 128937
25.867 128917
25.917 128888
35.872 128881
35.921 128874
35.991 128866
35.995 128864
35.995 128860
36.009 128858
36.037 128770
36.161 128755
36.162 128754
36.198 128746
36.206 128716
36.211 128715
36.212 128707
36.216 128700
36.251 128694
36.259 128692
36.294 128689
36.316 128680
36.335 128677
36.34 128672
47.454 128668
47.462 128664
47.467 128649
47.498 128638
52.86 128632
52.919 128616
53.23 128610
53.231 128606
53.332 128567
53.348 128546
53.35 128529
53.413 128526
53.763 128524
56.606 128518
56.625 128517
56.627 128513
56.633 128508
56.672 128494
56.683 128483
56.716 128479
56.722 128475
56.725 128472
56.742 128439
56.745 128436
56.837 128419
56.848 128407
56.851 128396
56.851 128382
56.855 128377
58.664 128376
58.666 128367
58.88 128334
58.934 128333
58.964 128319
58.967 128317
58.967 128301
59.43 128285
59.432 128271
59.438 128263
61.145 128225
61.149 128219
61.219 128209
61.273 128207
61.426 128203
61.446 128202
61.515 128198
61.525 128197
61.719 128171
61.723 128152
62.405 128151
63.15 128143
63.35 128122
63.357 128108
63.392 128103
63.408 128099
66.03 128060
70.738 128058
70.747 128052
70.751 128032
70.821 128017
70.89 128013
70.896 128006
76.719 128001
76.898 127992
77.17 127984
77.194 127977
77.197 127970
77.373 127961
77.377 127959
77.381 127957
77.393 127950
77.76 127946
77.779 127937
89.663 127933
89.678 127929
89.686 127928
89.688 127921
89.692 127910
92.623 127908
92.68 127902
92.682 127896
92.73 127894
92.733 127893
92.742 127872
97.752 127861
98.245 127834
98.246 127831
98.361 127822
98.387 127809
98.395 127806
98.44 127804
98.461 127801
98.624 127793
98.646 127791
98.753 127786
98.865 127785
98.88 127784
99.063 127782
99.162 127769
99.21 127766
99.24 127763
99.272 127760
99.274 127759
99.343 127752
99.369 127751
99.43 127742
99.47 127738
102.608 127708
102.633 127707
102.727 127701
102.768 127697
102.777 127681
102.894 127675
103.807 127671
103.837 127670
103.909 127655
103.934 127641
104.558 127634
109.689 127629
109.711 127607
109.791 127606
109.831 127602
110.951 127596
110.962 127594
110.989 127593
111.733 127584
111.856 127577
112.055 127573
116.695 127566
116.709 127555
116.715 127550
116.733 127546
120.117 127543
120.559 127542
120.578 127534
121.305 127522
121.416 127521
121.43 127520
121.852 127519
124.332 127507
124.334 127506
124.728 127498
132.479 127495
132.483 127492
132.563 127490
132.565 127488
132.574 127486
132.663 127483
132.665 127473
132.703 127459
132.718 127451
132.741 127450
132.761 127447
132.84 127330
132.88 127328
132.894 127324
134.812 127322
134.845 127320
134.955 127319
134.962 127318
135.017 127314
135.026 127306
139.225 127291
139.994 127290
140.016 127287
140.219 127281
140.311 127278
140.348 127268
140.383 127265
140.418 127261
141.88 127253
160.664 127252
161.022 127250
163.064 127249
163.212 127243
163.547 127242
