0.019 74630
0.02 74079
0.02 74048
0.022 74034
0.022 74022
0.023 73972
0.023 73528
0.025 73408
0.026 72973
0.026 72953
0.027 72947
0.028 72886
0.03 72369
0.032 72155
0.032 72151
0.034 71774
0.035 71730
0.04 71715
0.042 71695
0.043 71653
0.043 71002
0.043 70988
0.044 70976
0.045 70944
0.045 70921
0.046 70916
0.049 70902
0.05 70706
0.052 70578
0.052 70567
0.054 70466
0.054 70441
0.055 70431
0.055 70422
0.06 69956
0.06 69954
0.06 69950
0.063 69910
0.066 69907
0.066 69901
0.067 69876
0.068 69871
0.068 69863
0.069 69835
0.069 69827
0.07 69782
0.071 69749
0.072 69711
0.076 69673
0.08 69655
0.082 69636
0.089 69557
0.089 69544
0.09 69514
0.091 69501
0.095 69438
0.095 69425
0.096 69421
0.097 69369
0.098 69251
0.098 69236
0.099 69228
0.101 69220
0.101 69212
0.102 69200
0.103 69155
0.104 69124
0.106 69120
0.123 69051
0.123 69007
0.124 68943
0.125 68939
0.126 68896
0.129 68833
0.129 68809
0.131 68794
0.131 68793
0.148 68764
0.15 68744
0.18 68606
0.181 68596
0.181 68507
0.209 68489
0.217 68480
0.217 68405
0.234 68367
0.237 68350
0.24 68273
0.241 68257
0.242 68224
0.305 68222
0.305 68190
0.311 68183
0.312 68161
0.339 68134
0.358 68083
0.368 68047
0.37 68029
0.373 68014
0.374 67986
0.436 67931
0.437 67911
0.438 67910
0.454 67903
0.455 67900
0.456 67838
0.459 67788
0.461 67771
0.469 67748
0.473 67635
0.476 67611
0.477 67587
0.548 67573
0.633 67553
0.637 67552
0.674 67540
0.846 67506
0.847 67431
0.848 67426
0.851 67419
0.857 67408
0.86 67400
0.863 67373
0.864 67366
0.865 67354
0.867 67348
0.884 67333
0.885 67329
0.888 67295
0.89 67277
0.896 67254
0.899 67242
0.921 67232
1.025 67225
1.026 67185
1.026 67182
1.09 67177
1.096 67173
1.097 67157
1.097 67149
1.099 67109
1.099 67108
1.1 67106
1.102 67103
1.132 67090
1.161 67082
1.163 67066
1.166 67062
1.319 67058
1.319 67042
1.321 67029
1.323 67018
1.324 67016
1.328 66994
1.345 66970
2.772 66966
2.781 66959
2.782 66948
2.795 66941
2.795 66938
2.797 66920
2.812 66916
2.813 66896
2.815 66871
2.815 66870
2.972 66859
3.751 66856
3.752 66800
3.899 66799
3.9 66764
4.091 66760
4.095 66754
4.096 66745
4.097 66711
5.516 66709
8.768 66694
8.77 66691
9.441 66668
9.442 66657
9.449 66656
9.449 66654
9.457 66653
9.458 66651
9.458 66644
9.558 66642
9.568 66619
9.569 66616
9.58 66605
9.588 66593
9.588 66567
10.937 66553
10.938 66552
10.939 66544
11.003 66524
11.005 66510
11.007 66506
11.008 66505
11.017 66500
11.037 66496
11.05 66492
11.052 66481
11.285 66462
11.29 66422
11.318 66410
11.319 66400
11.327 66394
11.344 66384
11.345 66380
11.348 66379
11.382 66355
12.749 66353
12.749 66330
12.751 66327
12.755 66282
12.912 66266
12.915 66259
12.921 66254
12.922 66250
12.922 66240
15.154 66229
15.185 66227
15.185 66189
30.577 66154
30.578 66153
30.946 66143
30.947 66141
30.955 66134
30.958 66133
30.967 66116
30.976 66113
30.979 66108
30.982 66101
30.984 66079
31.017 66070
32.722 66052
37.18 66047
45.482 66046
47.213 66043
47.341 66036
47.342 66028
47.354 66027
47.356 66026
47.359 66023
47.362 66015
47.858 66010
47.867 65980
47.868 65966
47.871 65962
47.933 65957
48.124 65940
48.125 65938
50.145 65922
50.19 65915
50.201 65901
50.208 65892
50.212 65885
50.214 65884
61.18 65861
61.181 65850
61.188 65841
61.191 65837
62.583 65829
62.615 65828
62.618 65821
64.289 65813
64.3 65807
64.302 65793
64.303 65781
64.336 65780
71.904 65776
71.907 65770
71.916 65766
71.925 65760
71.928 65752
72.697 65746
72.77 65729
72.771 65723
72.778 65715
76.582 65706
76.583 65705
76.584 65704
76.585 65678
76.619 65668
78.647 65665
78.655 65663
78.721 65657
78.749 65654
78.757 65652
78.887 65636
78.897 65626
78.898 65623
78.904 65615
79.538 65610
79.565 65609
79.567 65608
79.667 65598
79.67 65593
79.675 65592
79.712 65587
79.713 65582
79.724 65578
80.244 65576
80.266 65571
81.596 65569
81.6 65563
81.602 65562
81.612 65548
81.615 65547
81.621 65542
81.727 65541
92.257 65538
92.259 65536
92.26 65534
92.263 65532
92.271 65531
92.275 65529
92.276 65527
92.303 65526
92.363 65525
92.374 65522
92.375 65517
92.456 65509
92.461 65501
93.079 65492
93.277 65478
94.972 65474
117.627 65468
117.669 65444
117.681 65442
122.319 65438
122.32 65428
122.371 65427
122.385 65413
125.711 65412
125.734 65408
125.901 65402
126.493 65401
134.942 65398
134.944 65393
134.962 65392
135.112 65388
135.116 65386
135.124 65385
135.134 65383
136.007 65381
136.685 65378
137.373 65374
137.877 65372
137.915 65370
138.032 65367
138.038 65366
138.04 65365
138.247 65357
149.076 65356
150.524 65354
150.548 65351
150.548 65347
150.563 65346
150.565 65344
151.257 65343
151.285 65340
151.289 65338
151.319 65334
151.342 65330
161.167 65329
161.201 65327
166 65326
168.202 65324
168.229 65323
168.37 65320
168.728 65318
168.744 65314
169.032 65313
169.224 65311
169.241 65307
169.372 65306
170.586 65305
171.264 65304
171.445 65302
171.56 65299
