0.023 86904
0.023 86895
0.024 86484
0.024 86390
0.025 86344
0.025 86310
0.026 86033
0.026 86008
0.027 86006
0.028 85998
0.028 85997
0.029 85976
0.029 85972
0.03 85969
0.031 85829
0.031 85807
0.032 85780
0.033 85766
0.034 85733
0.035 85732
0.037 85715
0.039 85705
0.041 85686
0.041 85654
0.042 85649
0.042 85611
0.045 85609
0.046 85588
0.046 85574
0.048 85554
0.049 85547
0.051 85540
0.052 85051
0.053 85009
0.054 84981
0.055 84824
0.057 84522
0.059 84510
0.06 84455
0.063 83759
0.063 83757
0.063 83616
0.064 83572
0.065 83543
0.076 83538
0.077 83530
0.082 83115
0.083 83090
0.086 83075
0.087 83072
0.088 83064
0.089 82904
0.095 82885
0.098 82612
0.099 82609
0.099 82575
0.1 82543
0.101 82541
0.102 82526
0.102 82505
0.103 82494
0.103 82414
0.103 82393
0.105 82367
0.105 82366
0.111 82181
0.112 81794
0.112 81734
0.113 81695
0.114 81666
0.114 81517
0.115 81512
0.115 81491
0.116 81424
0.119 81329
0.135 81216
0.137 81207
0.138 81179
0.138 81115
0.142 81029
0.143 81027
0.143 80993
0.144 80949
0.144 80794
0.147 80701
0.149 80688
0.151 80678
0.158 80639
0.159 80628
0.16 80625
0.162 80430
0.162 80412
0.162 80391
0.166 80382
0.178 80365
0.198 80323
0.2 80310
0.202 80306
0.21 80299
0.213 80290
0.213 80288
0.221 80266
0.226 80248
0.229 80238
0.232 80230
0.234 80185
0.24 80181
0.243 80129
0.243 80009
0.246 79761
0.246 79513
0.257 79502
0.262 79468
0.265 79193
0.267 79105
0.267 79093
0.267 78967
0.272 78949
0.272 78944
0.273 78940
0.274 78863
0.275 78849
0.275 78842
0.278 78698
0.279 78645
0.28 78564
0.281 78543
0.285 78474
0.286 78418
0.287 78409
0.289 78386
0.291 78354
0.292 78333
0.293 78320
0.318 78270
0.32 78263
0.321 78260
0.324 78259
0.325 78221
0.326 78213
0.326 78189
0.327 78158
0.328 78102
0.328 78085
0.328 78025
0.332 77929
0.334 77885
0.347 77861
0.348 77843
0.349 77841
0.35 77837
0.351 77797
0.353 77499
0.354 77369
0.355 77344
0.356 77332
0.376 77328
0.377 77215
0.378 77211
0.38 77206
0.381 77190
0.417 77182
0.427 77178
0.429 77118
0.439 77111
0.443 77100
0.443 77074
0.445 77068
0.446 77065
0.45 77062
0.452 77039
0.453 77031
0.458 77013
0.459 76975
0.478 76959
0.479 76957
0.48 76948
0.482 76939
0.486 76918
0.557 76879
0.557 76864
0.559 76859
0.563 76810
0.563 76804
0.565 76801
0.577 76759
0.579 76741
0.587 76739
0.589 76706
0.59 76693
0.601 76557
0.606 76532
0.61 76523
0.61 76519
0.67 76424
0.671 76418
0.681 76396
0.682 76394
0.682 76364
0.683 76349
0.685 76340
0.696 76298
0.697 76296
0.745 76294
0.747 76265
0.748 76183
0.76 76140
0.777 76107
0.799 76089
0.808 76063
0.81 76042
0.811 76027
0.822 76016
0.826 75984
0.828 75960
0.831 75915
0.834 75901
0.839 75893
0.846 75889
0.846 75886
0.848 75869
0.849 75860
0.85 75853
0.852 75836
0.853 75825
0.854 75801
0.854 75799
0.964 75775
0.964 75770
0.965 75704
0.965 75692
0.966 75656
0.976 75634
0.981 75618
1.013 75609
1.017 75606
1.08 75566
1.198 75561
1.232 75522
1.237 75484
1.237 75419
1.239 75389
1.24 75364
1.283 75355
1.284 75339
1.285 75332
1.291 75330
1.295 75326
1.315 75319
1.316 75312
1.317 75309
1.36 75257
1.572 75256
2.083 75243
2.084 75242
2.086 75190
2.164 75172
2.165 75152
2.166 75130
2.17 75117
2.175 75115
2.178 75107
2.315 75104
2.364 75046
2.379 74975
2.381 74921
2.39 74870
2.392 74848
2.393 74840
2.424 74823
2.425 74807
2.494 74785
2.495 74768
2.502 74765
2.515 74756
2.527 74735
2.529 74731
2.606 74709
2.675 74635
2.704 74629
2.71 74627
2.723 74625
3.11 74616
3.12 74610
3.121 74570
3.79 74538
3.791 74531
3.795 74521
3.825 74469
9.707 74333
9.708 74331
9.716 74330
14.812 74304
14.816 74302
14.818 74284
14.82 74226
14.836 74172
17.955 74150
18.002 74140
18.013 74128
18.015 74127
18.015 74107
20.884 74098
20.885 74094
20.886 74087
20.889 74061
20.894 74052
20.9 74051
20.908 74048
21.002 74020
21.002 74019
21.904 74017
21.918 73990
21.918 73984
21.92 73983
21.922 73972
21.923 73967
21.926 73966
21.931 73954
21.933 73951
21.943 73943
21.944 73936
21.945 73918
21.951 73910
21.953 73901
21.957 73887
21.96 73883
21.984 73876
21.986 73871
22.005 73847
22.033 73845
22.036 73843
22.044 73842
22.048 73799
23.612 73764
23.614 73757
23.618 73734
23.619 73720
23.623 73689
36.236 73687
36.246 73677
36.249 73670
36.252 73669
36.258 73635
36.261 73633
36.261 73617
36.268 73600
36.27 73580
36.272 73573
38.915 73554
38.954 73542
38.997 73540
39.002 73518
39.021 73514
39.149 73509
40.347 73497
40.366 73474
40.368 73471
40.391 73444
40.394 73415
40.4 73365
45.406 73345
45.532 73305
45.533 73269
45.961 73261
46.053 73247
46.063 73246
66.257 73236
66.26 73235
66.287 73226
66.304 73216
66.309 73204
66.313 73191
66.316 73150
66.351 73140
66.584 73132
68.618 73126
68.618 73107
68.624 73099
68.635 73096
68.693 73095
68.732 73092
68.746 73080
71.056 73065
71.063 73051
74.857 73049
75.278 73018
75.304 72998
75.308 72996
75.594 72995
75.621 72983
75.657 72980
75.714 72975
75.754 72974
76.293 72959
76.295 72928
76.31 72927
113.471 72919
113.516 72900
126.181 72895
126.189 72893
126.277 72889
126.514 72885
129.058 72872
129.257 72871
129.364 72870
129.378 72852
132.417 72848
137.89 72845
137.914 72840
140.217 72838
140.393 72836
141.638 72835
141.874 72833
141.973 72827
141.977 72824
141.988 72822
154.02 72819
156.562 72815
160.301 72810
160.311 72808
160.388 72806
160.431 72801
160.438 72800
161.255 72799
163.39 72797
