0.03 56347
0.031 56224
0.032 56148
0.034 56128
0.035 56117
0.035 56109
0.036 56096
0.036 56091
0.037 56078
0.037 56075
0.037 56062
0.038 56018
0.039 56006
0.039 55998
0.041 55976
0.042 55957
0.043 55951
0.044 55946
0.044 55894
0.046 55893
0.052 55887
0.055 55882
0.056 55871
0.057 55842
0.057 55612
0.06 55592
0.061 55588
0.063 55581
0.064 55563
0.065 55561
0.071 55415
0.074 55400
0.091 55306
0.092 55300
0.094 55283
0.095 55275
0.095 55274
0.097 55266
0.098 55138
0.101 55120
0.102 55074
0.102 55070
0.103 55058
0.104 54964
0.105 54939
0.106 54912
0.11 54908
0.11 54901
0.112 54897
0.115 54895
0.133 54894
0.133 54874
0.135 54846
0.142 54832
0.146 54592
0.147 54591
0.15 54574
0.171 54532
0.172 54526
0.173 54417
0.174 54330
0.178 54321
0.181 54268
0.181 54264
0.182 54238
0.203 54215
0.204 54205
0.207 54195
0.305 54178
0.31 54158
0.372 54125
0.373 54122
0.378 54110
0.387 54107
0.389 54086
0.392 54074
0.393 54064
0.394 54036
0.401 54026
0.403 54009
0.404 54001
0.409 53996
0.41 53968
0.416 53943
0.417 53936
0.419 53871
0.422 53869
0.422 53868
0.423 53867
0.623 53805
0.623 53763
0.635 53744
0.658 53739
0.659 53726
0.661 53718
0.661 53714
0.665 53685
0.666 53658
0.667 53640
0.668 53637
0.672 53628
0.672 53579
0.673 53561
0.674 53522
0.675 53519
0.677 53488
0.679 53475
0.682 53462
0.69 53457
0.693 53434
0.828 53399
0.829 53354
0.831 53342
0.832 53330
0.832 53293
0.833 53277
0.835 53261
0.836 53259
0.838 53257
0.838 53254
0.925 53238
0.979 53231
0.981 53228
0.984 53226
1.001 53211
1.003 53185
1.004 53178
1.006 53130
1.009 53124
1.009 53123
1.013 53119
1.015 53103
1.022 53079
1.023 53075
1.026 53063
1.028 53060
1.03 53051
1.12 52991
1.125 52989
1.165 52868
1.166 52817
1.168 52808
1.171 52802
1.173 52767
1.174 52742
1.174 52735
1.177 52733
1.177 52724
1.178 52712
1.18 52701
1.181 52676
1.182 52668
1.182 52655
1.194 52625
1.196 52618
1.198 52593
1.199 52582
1.202 52580
1.237 52571
1.239 52570
1.239 52558
1.253 52550
1.254 52548
1.256 52545
1.258 52543
1.258 52531
2.406 52526
3.709 52523
3.71 52503
3.731 52438
3.797 52436
3.829 52419
3.829 52400
3.829 52394
3.839 52346
3.84 52314
3.846 52313
3.846 52310
3.848 52305
3.852 52298
3.853 52278
3.855 52276
3.868 52251
3.87 52249
3.873 52235
3.918 52234
3.923 52213
3.928 52182
3.931 52174
3.936 52170
3.938 52160
3.966 52143
20.764 52127
20.765 52122
20.766 52118
20.766 52116
20.767 52114
20.769 52090
20.77 52081
20.787 52078
20.806 52071
20.935 52059
20.936 52056
20.938 52038
20.943 52036
20.944 52001
20.945 51989
20.952 51983
20.955 51973
20.956 51969
22.323 51966
22.326 51962
26.266 51953
26.268 51945
27.6 51929
27.602 51920
27.607 51915
27.608 51914
27.612 51910
27.613 51885
27.615 51881
27.621 51876
27.624 51871
27.625 51840
27.625 51806
27.627 51805
27.628 51785
29.225 51779
29.279 51772
29.281 51759
29.338 51747
29.338 51741
37.071 51738
37.092 51735
37.176 51734
37.178 51732
37.178 51717
37.289 51716
37.293 51715
39.794 51704
39.82 51688
39.821 51675
39.822 51674
39.841 51666
39.842 51659
40.177 51639
46.597 51636
46.601 51624
46.608 51618
46.61 51613
46.847 51609
46.847 51591
46.848 51590
46.849 51587
46.853 51556
46.975 51540
46.977 51536
46.978 51523
48.821 51519
52.253 51509
56.018 51504
56.021 51470
56.028 51466
56.029 51432
56.032 51424
56.035 51421
56.036 51413
56.036 51410
56.039 51408
56.056 51404
56.097 51400
56.099 51376
56.126 51367
56.128 51365
56.132 51364
56.136 51347
56.698 51342
64.201 51328
65.349 51327
65.353 51318
65.354 51311
66.189 51293
67.85 51291
67.854 51274
67.856 51269
67.856 51258
67.859 51256
67.869 51251
67.871 51248
67.873 51208
67.875 51205
67.914 51199
70.022 51195
70.023 51185
70.381 51178
70.39 51174
70.96 51173
70.961 51168
70.964 51142
70.966 51123
70.968 51113
70.969 51103
70.973 51093
70.973 51091
70.98 51073
70.985 51071
72.014 51068
72.016 51066
72.74 51063
74.214 51035
74.216 51032
74.218 51026
74.22 51022
74.248 50987
74.249 50968
88.121 50963
91.379 50948
91.382 50947
91.601 50945
91.604 50941
91.614 50936
91.644 50922
93.182 50914
93.261 50905
93.261 50900
93.267 50889
95.711 50887
95.715 50877
95.716 50866
95.717 50865
95.72 50861
99.257 50856
113.01 50855
115.368 50853
115.374 50847
115.796 50844
115.797 50840
115.8 50839
115.801 50832
117.249 50827
117.637 50820
118.532 50819
118.615 50813
118.621 50806
120.464 50802
120.465 50799
120.466 50790
120.475 50789
120.495 50777
120.496 50772
127.841 50771
127.913 50770
129.611 50763
129.616 50762
129.631 50760
129.648 50759
129.669 50755
134.011 50753
134.011 50750
134.115 50748
134.131 50746
134.162 50745
144.427 50744
148.921 50740
148.934 50737
149.738 50735
150.223 50734
150.299 50733
150.464 50730
157.505 50726
157.577 50724
