0.03 56339
0.032 56290
0.033 56283
0.033 56218
0.035 55925
0.036 55906
0.036 55831
0.037 55812
0.039 55811
0.039 55805
0.039 55792
0.04 55663
0.04 55622
0.043 55526
0.043 55521
0.044 55509
0.044 55507
0.045 55506
0.045 55480
0.046 55473
0.048 55398
0.051 55394
0.052 55360
0.052 55359
0.053 55350
0.055 55319
0.056 55302
0.061 55293
0.063 55288
0.063 55283
0.064 55279
0.065 55096
0.065 55095
0.074 55056
0.074 55048
0.075 55043
0.079 54998
0.086 54944
0.087 54933
0.094 54740
0.095 54586
0.098 54564
0.1 54561
0.101 54544
0.103 54535
0.107 54523
0.107 54518
0.108 54480
0.115 54468
0.117 54281
0.117 54280
0.157 54259
0.158 54246
0.159 54232
0.17 54080
0.193 54079
0.198 54046
0.2 54044
0.201 54042
0.202 54035
0.203 53986
0.207 53951
0.209 53948
0.227 53937
0.315 53908
0.316 53881
0.317 53862
0.319 53849
0.323 53835
0.325 53826
0.334 53822
0.334 53800
0.335 53798
0.338 53790
0.338 53786
0.34 53743
0.341 53664
0.396 53656
0.4 53596
0.401 53544
0.402 53527
0.403 53490
0.407 53474
0.407 53473
0.409 53470
0.417 53409
0.417 53401
0.442 53388
0.442 53373
0.531 53327
0.54 53286
0.737 53273
0.743 53254
0.743 53244
0.743 53231
0.744 53221
0.769 53214
0.772 53194
0.776 53179
0.776 53171
0.833 53165
0.833 53142
0.834 53105
0.835 53055
0.836 53042
0.902 53003
0.904 53002
0.906 52979
0.916 52975
1.739 52968
1.739 52949
1.74 52946
1.979 52828
1.98 52821
1.983 52798
1.985 52794
2.072 52787
2.091 52774
2.093 52750
2.094 52747
2.095 52735
2.101 52706
2.101 52696
2.101 52665
2.102 52636
3.988 52624
3.989 52604
3.99 52603
3.99 52577
4.131 52561
4.137 52559
4.138 52536
6.282 52523
6.283 52520
6.324 52476
6.327 52438
6.327 52433
6.329 52432
6.329 52424
6.33 52402
6.367 52376
6.371 52372
6.374 52367
6.375 52366
6.403 52352
6.477 52337
6.478 52335
8.062 52323
8.105 52307
8.108 52306
8.109 52303
8.111 52299
9.048 52295
9.05 52294
9.091 52292
9.813 52284
9.817 52282
9.818 52279
9.818 52274
18.431 52273
19.758 52257
19.762 52243
19.763 52224
19.764 52197
19.779 52190
19.819 52183
19.819 52167
19.82 52153
19.822 52141
20.88 52124
20.881 52108
20.885 52107
20.887 52106
20.894 52105
20.894 52101
21.008 52094
21.01 52090
21.015 52089
21.489 52067
21.49 52066
21.49 52060
21.868 52048
21.999 52044
22.002 52017
22.002 52001
22.009 51999
22.01 51988
22.011 51975
22.072 51963
22.073 51962
22.075 51942
22.086 51931
22.086 51930
22.087 51922
22.088 51918
23.098 51917
23.099 51909
23.17 51903
23.172 51879
23.172 51862
23.292 51857
23.294 51856
23.406 51847
23.408 51839
23.41 51836
23.41 51815
23.411 51789
23.482 51777
23.501 51772
23.504 51745
23.506 51727
23.513 51722
23.553 51719
23.554 51716
23.554 51707
23.556 51701
23.556 51680
23.559 51659
26.784 51620
26.799 51612
26.819 51611
26.82 51609
26.82 51608
26.824 51575
26.828 51566
32.422 51552
32.422 51514
32.423 51504
32.428 51454
32.429 51443
32.431 51439
32.432 51428
32.432 51424
32.434 51414
47.379 51409
47.382 51385
47.383 51383
47.385 51381
47.387 51374
49.173 51341
51.973 51339
51.985 51338
51.995 51310
51.995 51309
51.996 51299
51.997 51297
51.997 51295
51.998 51286
51.999 51284
52 51275
52.017 51273
52.017 51242
52.17 51237
52.258 51234
52.26 51229
54.055 51227
54.056 51224
54.069 51214
54.286 51197
54.289 51194
54.503 51187
54.504 51182
54.55 51181
54.551 51173
54.553 51165
54.556 51139
54.558 51128
54.559 51119
54.559 51118
54.561 51084
54.563 51080
54.598 51069
54.616 51067
54.617 51061
54.618 51051
55 51046
55.002 51044
55.003 51043
74.422 51030
74.424 51028
74.429 51025
74.432 51021
74.435 51019
76.922 51014
76.933 51013
76.937 50989
76.949 50977
76.956 50972
88.532 50970
88.532 50966
88.703 50965
88.9 50963
88.906 50960
88.953 50948
88.971 50945
88.973 50935
89 50925
89.036 50908
89.038 50894
89.04 50891
91.328 50888
91.329 50882
95.803 50878
95.805 50862
102.242 50845
111.126 50834
111.136 50831
111.347 50827
111.353 50814
111.354 50811
111.702 50806
111.716 50803
111.718 50802
111.726 50800
111.758 50792
111.76 50789
111.771 50788
111.789 50785
111.799 50780
133.103 50778
133.113 50777
133.131 50775
135.041 50774
135.099 50773
135.609 50772
135.658 50770
137.175 50764
137.204 50762
137.252 50761
141.167 50760
149.633 50756
152.625 50753
152.64 50751
172.737 50747
172.925 50745
172.938 50744
173.16 50743
173.512 50742
174.33 50741
174.353 50735
