0.035 107615
0.036 107557
0.037 107533
0.041 107510
0.041 107313
0.042 107300
0.043 107297
0.044 107198
0.048 107135
0.048 107083
0.049 107073
0.049 107020
0.05 107018
0.059 106974
0.06 106762
0.063 106593
0.065 106569
0.066 106501
0.067 106437
0.068 106435
0.069 106419
0.07 106400
0.071 106397
0.073 106384
0.074 106382
0.074 106379
0.076 106368
0.077 106358
0.079 106335
0.079 106332
0.082 106297
0.088 106205
0.102 106198
0.103 106171
0.103 106167
0.104 106140
0.107 106070
0.11 106028
0.116 106024
0.117 106016
0.117 106015
0.122 105620
0.128 105595
0.129 105590
0.129 105526
0.134 105407
0.187 105397
0.217 105354
0.224 105352
0.224 105319
0.229 105305
0.233 105244
0.234 105214
0.235 105213
0.236 105201
0.237 105153
0.243 105137
0.245 105131
0.246 105125
0.247 105098
0.396 105092
0.407 105082
0.429 105078
0.435 105049
0.439 105011
0.444 104949
0.483 104772
0.49 104726
0.491 104725
0.491 104636
0.494 104631
0.497 104619
0.497 104588
0.716 104526
0.718 104522
0.757 104515
0.759 104504
0.945 104456
0.946 104445
0.949 104209
0.95 104207
0.954 104130
0.956 104121
0.956 104110
0.959 104102
0.96 104100
0.964 104093
0.967 104053
0.97 103988
0.97 103949
0.971 103936
1.119 103876
1.119 103873
1.167 103857
1.171 103833
1.176 103824
1.179 103800
1.179 103766
1.182 103754
1.187 103743
1.192 103736
1.192 103734
1.877 103718
1.897 103620
1.9 103542
1.915 103539
1.916 103536
1.919 103495
1.92 103465
1.923 103462
1.936 103445
1.938 103425
1.95 103419
1.951 103398
2.014 103269
2.023 103267
2.023 103266
2.026 103265
2.027 103263
2.411 103224
2.413 103134
2.413 103123
2.417 103118
2.419 103106
2.419 103105
2.422 103090
2.425 103042
2.429 103037
2.436 103027
2.458 103020
2.467 102993
2.468 102911
2.471 102792
2.489 102765
4.118 102746
4.125 102738
4.127 102690
4.127 102687
5.081 102645
5.145 102632
5.151 102625
5.151 102622
5.152 102621
5.494 102567
5.513 102541
5.53 102514
5.531 102503
5.543 102492
5.546 102477
5.547 102458
5.993 102450
5.994 102400
5.998 102387
6.072 102367
6.074 102355
6.08 102287
6.08 102228
6.084 102224
6.084 102219
6.089 102210
7.106 102190
7.107 102173
7.11 102167
7.11 102164
7.111 102152
7.112 102142
7.162 102132
7.163 102130
7.168 102128
7.169 102124
7.305 102099
7.31 102098
7.312 102095
7.328 102068
7.337 102030
7.338 102029
7.342 102019
7.352 102006
7.353 101994
7.355 101993
7.359 101983
9.454 101884
9.455 101855
9.456 101850
9.456 101816
9.457 101804
9.468 101736
9.47 101730
10.909 101710
10.914 101703
10.915 101696
10.954 101647
10.959 101640
10.962 101639
10.962 101638
11.013 101560
11.013 101531
11.016 101523
11.032 101519
13.52 101498
13.522 101494
13.523 101469
13.544 101463
13.56 101458
13.589 101429
13.59 101424
13.592 101401
13.595 101397
13.603 101381
13.604 101374
13.609 101356
13.61 101336
13.614 101316
13.618 101303
16.733 101291
16.736 101282
16.751 101233
16.754 101213
16.756 101211
16.758 101209
16.759 101208
16.767 101191
16.769 101190
16.773 101180
16.776 101164
16.821 101160
16.822 101149
16.828 101096
16.848 101089
18.179 101088
18.185 101079
18.185 101075
18.186 101071
18.187 101062
18.189 101034
18.19 101014
18.19 101004
18.192 100999
18.565 100995
18.566 100985
18.569 100983
20.352 100977
29.459 100976
34.516 100961
34.522 100958
34.525 100956
34.526 100946
34.534 100907
34.538 100900
34.548 100885
34.55 100878
35.18 100876
35.182 100874
35.184 100871
35.187 100842
35.191 100840
36.386 100838
36.684 100837
36.688 100773
36.693 100770
36.695 100740
36.695 100713
36.71 100710
36.729 100698
36.73 100692
36.74 100676
36.744 100644
36.745 100640
36.746 100633
37.451 100622
37.454 100618
44.307 100599
44.352 100595
44.355 100584
44.367 100582
44.369 100580
44.372 100574
45.147 100559
48.795 100541
48.803 100513
48.807 100485
48.838 100484
48.845 100477
48.845 100473
48.852 100465
48.88 100464
48.88 100463
48.884 100457
48.896 100432
48.896 100431
54.517 100417
58.004 100413
58.005 100378
58.045 100369
58.045 100351
58.082 100329
58.094 100321
59.351 100309
59.355 100308
59.365 100285
59.374 100249
59.374 100242
59.376 100241
59.403 100240
59.406 100234
59.414 100220
66.741 100217
67.661 100201
67.664 100175
67.667 100165
67.667 100164
67.682 100137
67.687 100132
71.646 100106
71.648 100053
71.853 100051
74.271 100050
74.286 100047
74.328 100046
74.342 100044
74.722 100035
74.735 100030
75.472 100028
75.48 100024
75.506 100019
78.799 100009
78.81 100000
78.878 99983
78.879 99980
78.887 99973
79.209 99967
79.221 99943
79.279 99933
79.287 99926
79.289 99925
79.423 99924
79.45 99912
79.469 99904
79.471 99900
79.475 99899
79.475 99896
79.479 99882
79.486 99874
81.271 99857
81.274 99837
81.277 99829
82.088 99828
82.249 99815
82.255 99814
82.257 99798
82.294 99796
82.296 99792
82.361 99785
82.431 99768
82.446 99765
95.41 99762
95.438 99751
95.641 99744
95.687 99741
95.83 99740
95.872 99733
95.874 99720
95.889 99713
95.898 99711
102.463 99698
102.612 99692
102.613 99689
102.622 99680
102.624 99677
103.67 99676
103.67 99668
103.69 99642
103.698 99641
103.78 99633
103.781 99632
103.782 99625
103.791 99624
103.793 99622
103.897 99620
103.918 99618
103.941 99614
103.947 99607
103.959 99606
104.024 99604
104.024 99601
104.031 99589
104.084 99586
104.135 99566
104.826 99551
104.826 99549
104.844 99543
105.46 99533
105.461 99512
105.469 99486
105.473 99485
105.521 99482
105.526 99481
105.532 99479
105.544 99477
105.554 99472
105.603 99468
105.61 99463
105.616 99455
105.681 99450
105.717 99447
105.743 99446
105.746 99443
108.166 99434
114.792 99428
114.801 99427
114.829 99424
115.983 99422
116.004 99421
116.037 99420
116.259 99418
116.261 99416
116.29 99415
116.636 99407
117.133 99405
117.155 99400
118.172 99393
118.23 99392
118.29 99381
118.347 99380
118.359 99364
118.365 99361
118.376 99356
118.383 99355
118.48 99351
118.493 99347
118.5 99338
118.519 99337
118.92 99330
118.934 99317
120.963 99314
120.969 99313
121.091 99306
121.137 99304
121.205 99300
122.927 99289
123.484 99278
123.69 99272
123.705 99271
123.734 99267
123.87 99256
124.865 99250
125.675 99248
126.199 99246
126.217 99244
126.23 99242
126.247 99240
126.378 99239
126.379 99237
126.381 99236
126.707 99234
126.726 99230
127.609 99228
131.275 99215
131.359 99214
131.658 99211
132.07 99209
132.102 99207
132.192 99204
132.386 99196
132.878 99195
134.05 99194
134.058 99193
134.075 99183
136.653 99180
136.758 99176
136.903 99173
136.966 99171
139.221 99169
139.27 99163
139.342 99162
139.349 99158
139.353 99156
139.386 99155
139.632 99154
149.108 99151
149.117 99150
