0.041 61871
0.041 61868
0.041 61861
0.042 61699
0.042 61659
0.042 61459
0.044 61431
0.044 61414
0.044 61411
0.045 61371
0.046 61365
0.046 61345
0.047 61288
0.047 61005
0.048 61004
0.049 60976
0.049 60967
0.05 60934
0.05 60825
0.053 60780
0.053 60767
0.053 60759
0.054 60741
0.054 60733
0.055 60676
0.058 60629
0.058 60627
0.058 60586
0.059 60544
0.06 60535
0.064 60530
0.065 60511
0.068 60510
0.071 60494
0.071 60492
0.072 60483
0.073 60452
0.073 60437
0.074 60435
0.075 60415
0.076 60407
0.076 60303
0.077 60290
0.077 60254
0.079 60226
0.08 60212
0.081 60200
0.081 60150
0.083 60104
0.084 60098
0.086 60060
0.086 60044
0.087 59950
0.088 59948
0.09 59906
0.092 59855
0.093 59838
0.094 59812
0.094 59811
0.094 59800
0.095 59620
0.098 59551
0.099 59531
0.1 59514
0.101 59494
0.101 59476
0.102 59462
0.102 58973
0.105 58971
0.107 58902
0.107 58889
0.108 58722
0.108 58718
0.11 58711
0.11 58709
0.113 58704
0.115 58628
0.116 58618
0.116 58614
0.117 58602
0.118 58596
0.119 58569
0.122 58530
0.127 58523
0.137 58511
0.139 58507
0.14 58465
0.14 58462
0.142 58459
0.143 58389
0.145 58376
0.145 58365
0.147 58353
0.148 58345
0.155 58342
0.156 58204
0.182 58196
0.182 58101
0.183 58077
0.183 58053
0.198 58044
0.241 57847
0.242 57846
0.242 57768
0.244 57766
0.246 57746
0.248 57729
0.249 57714
0.249 57681
0.25 57638
0.251 57609
0.252 57607
0.258 57574
0.263 57544
0.278 57541
0.28 57522
0.3 57453
0.303 57445
0.305 57426
0.307 57408
0.307 57363
0.309 57347
0.31 57332
0.313 57312
0.315 57259
0.336 57235
0.341 57190
0.342 57131
0.345 57123
0.346 57122
0.347 57111
0.347 57069
0.349 57063
0.35 57003
0.35 56970
0.352 56966
0.354 56575
0.355 56556
0.359 56551
0.359 56492
0.36 56474
0.361 56391
0.362 56339
0.363 56321
0.378 56282
0.379 56227
0.38 56213
0.381 56207
0.459 56172
0.462 56165
0.462 56150
0.463 56126
0.464 56080
0.464 56078
0.465 56036
0.465 56006
0.466 56003
0.466 56000
0.468 55986
0.468 55942
0.471 55940
0.476 55934
0.476 55933
0.478 55852
0.479 55776
0.484 55668
0.486 55650
0.486 55632
0.487 55580
0.487 55579
0.488 54717
0.489 54651
0.49 54639
0.491 54628
0.495 54583
0.5 54462
0.501 54461
0.609 54401
0.617 54398
0.625 54346
0.647 54344
0.648 54337
0.655 54335
0.659 54333
0.66 54317
0.66 54306
0.679 54271
0.696 54261
0.698 54247
0.699 54230
0.699 54193
0.7 54150
0.701 54145
0.709 54123
0.716 54111
0.718 54110
0.718 54102
0.722 54086
0.723 54078
0.728 54028
0.729 54026
0.729 53976
0.736 53963
0.736 53947
0.737 53893
0.738 53873
0.739 53866
0.765 53782
0.766 53751
0.767 53746
0.768 53744
0.769 53700
0.77 53699
0.773 53692
0.869 53687
0.87 53660
0.873 53659
0.875 53606
0.876 53591
0.876 53479
0.88 53430
0.88 53366
0.881 53347
0.886 53331
0.886 53314
0.887 53299
0.893 53268
0.894 53261
0.895 53138
0.897 53128
0.898 53044
0.898 52937
0.899 52885
0.902 52850
0.902 52837
0.904 52782
0.907 52630
0.908 52620
0.909 52610
0.909 52587
0.91 52562
0.91 52504
0.914 52503
0.915 52491
0.915 52376
0.916 52294
0.917 52200
0.938 52184
0.939 52180
0.94 52172
0.94 52169
0.94 52159
0.942 52121
0.942 52081
0.949 52079
0.952 52066
0.954 52057
0.958 52030
0.959 52007
0.963 51990
0.964 51966
0.964 51942
1.068 51941
1.069 51922
1.07 51896
1.071 51888
1.071 51824
1.074 51818
1.074 51797
1.075 51790
1.079 51787
1.112 51782
1.112 51760
1.114 51748
1.116 51732
1.133 51701
1.133 51664
1.135 51641
1.137 51639
1.138 51594
1.138 51590
1.138 51582
1.139 51536
1.14 51528
1.144 51515
1.148 51472
1.158 51436
1.159 51422
1.167 51415
1.168 51325
1.17 51310
1.175 51300
1.177 51289
1.178 51282
1.178 51221
1.182 51207
1.184 50983
1.184 50975
1.191 50955
1.192 50865
1.193 50854
1.194 50820
1.196 50804
1.196 50797
1.197 50747
1.197 50724
1.2 50662
1.201 50624
1.202 50622
1.216 50466
1.221 50432
1.225 50430
1.225 50414
1.226 50374
1.23 50371
1.231 50366
1.232 50303
1.249 50299
1.25 50297
1.251 50246
1.251 50235
1.252 50223
1.264 50141
1.267 50121
1.267 50107
1.27 50002
1.271 49973
1.272 49970
1.275 49969
1.275 49943
1.276 49915
1.28 49907
1.281 49901
1.281 49888
1.295 49884
1.298 49612
1.301 49603
1.302 49542
1.303 49532
1.303 49527
1.612 49524
1.615 49498
1.631 49491
1.632 49458
1.643 49457
2.874 49432
3.923 49421
3.924 49407
3.925 49396
3.928 49394
3.932 49385
3.934 49353
3.944 49328
3.946 49321
3.948 49315
3.98 49301
4.55 49299
4.551 49279
4.552 49264
4.553 49250
4.554 49246
4.555 49220
4.558 49219
4.563 49218
4.565 49182
4.566 49167
26.049 49165
26.05 49141
26.057 49139
26.059 49105
30.197 49071
30.205 49069
30.218 49041
30.218 49020
30.743 49011
30.743 49007
30.748 48996
35.068 48983
37.76 48971
37.761 48961
49.215 48946
50.327 48930
50.365 48923
50.374 48907
50.376 48893
50.377 48892
50.38 48877
51.044 48858
51.046 48854
51.049 48840
51.053 48839
51.054 48834
58.37 48828
58.471 48776
61.524 48750
61.853 48740
62.281 48724
69.774 48720
69.784 48714
69.785 48709
69.808 48700
69.808 48699
69.852 48684
69.858 48673
69.859 48669
69.86 48665
69.862 48663
69.87 48643
69.875 48622
69.876 48620
69.876 48604
87.013 48578
87.013 48576
87.014 48567
87.016 48566
87.021 48564
87.026 48562
87.03 48545
88.887 48537
88.889 48532
88.903 48525
89.668 48512
92.256 48494
92.447 48486
92.453 48460
92.472 48459
93.056 48454
93.067 48432
94.072 48429
95.084 48428
95.754 48425
95.768 48417
95.77 48397
105.068 48390
105.082 48387
105.083 48374
105.089 48362
105.128 48351
105.183 48349
105.189 48344
105.421 48337
105.427 48330
105.428 48329
105.431 48327
109.639 48326
109.645 48318
109.664 48317
109.664 48314
109.713 48310
109.719 48308
109.725 48292
109.756 48266
109.769 48264
109.771 48258
109.946 48254
109.952 48241
109.954 48240
109.954 48233
120.476 48227
120.477 48215
120.878 48208
120.879 48200
123.377 48195
123.38 48193
123.389 48179
123.401 48178
123.434 48165
123.629 48163
124.119 48160
124.705 48155
124.707 48143
124.983 48139
124.988 48135
125.008 48133
152.443 48132
157.187 48131
157.189 48127
157.216 48125
157.246 48122
157.347 48121
162.978 48108
163.033 48103
163.09 48101
163.101 48096
163.109 48087
163.346 48081
174.258 48079
174.259 48076
174.294 48073
174.298 48071
174.343 48068
174.353 48061
174.625 48059
178.685 48055
178.726 48046
178.96 48041
179.107 48038
179.12 48036
179.157 48029
179.168 48028
179.219 48023
206.002 48022
206.007 48020
206.013 48018
206.074 48015
206.699 48014
