0.048 74869
0.049 74851
0.05 74846
0.05 74812
0.05 74809
0.051 74789
0.051 74780
0.052 74771
0.053 74757
0.054 74755
0.054 74754
0.054 74748
0.055 74746
0.058 74736
0.059 74730
0.06 74726
0.06 74715
0.063 74544
0.064 74541
0.064 74530
0.065 74518
0.066 74399
0.067 74352
0.068 74245
0.068 74240
0.071 74220
0.071 74214
0.072 74208
0.072 74168
0.072 74110
0.073 74103
0.075 74090
0.076 74088
0.078 73442
0.079 73441
0.079 73408
0.08 73394
0.085 73327
0.086 73326
0.086 73321
0.086 73310
0.087 73305
0.088 73304
0.097 73224
0.099 73108
0.101 73102
0.116 73101
0.117 73088
0.119 73053
0.122 73047
0.123 73043
0.139 73040
0.139 73036
0.141 73029
0.142 73026
0.143 73019
0.144 72986
0.145 72928
0.145 72898
0.146 72896
0.147 72859
0.147 72847
0.161 72839
0.163 72838
0.165 72812
0.175 72774
0.175 72757
0.175 72754
0.177 72748
0.178 72731
0.178 72730
0.179 72727
0.181 72710
0.183 72702
0.183 72692
0.188 72590
0.19 72587
0.191 72586
0.192 72581
0.192 72577
0.194 72560
0.2 72557
0.205 72555
0.205 72527
0.219 72526
0.222 72525
0.233 72521
0.233 72467
0.234 72465
0.235 72438
0.236 72435
0.236 72429
0.237 72428
0.24 72174
0.241 72168
0.242 72157
0.243 72131
0.247 72107
0.248 72057
0.259 72051
0.26 72010
0.261 71963
0.262 71945
0.263 71938
0.267 71936
0.268 71824
0.269 71802
0.27 71751
0.27 71659
0.271 71658
0.274 71652
0.287 71649
0.287 71634
0.288 71620
0.29 71615
0.293 71574
0.293 71571
0.299 71549
0.299 71541
0.3 71531
0.302 71520
0.311 71495
0.312 71478
0.312 71468
0.319 71450
0.321 71442
0.321 71440
0.323 71432
0.324 71411
0.325 71371
0.325 71365
0.327 71352
0.338 71054
0.34 70945
0.341 70906
0.343 70903
0.344 70878
0.344 70877
0.345 70810
0.36 70799
0.361 70792
0.363 70757
0.364 70755
0.48 70670
0.48 70614
0.505 70585
0.505 70566
0.507 70547
0.51 70540
0.649 70532
0.649 70513
0.703 70497
0.738 70435
0.848 70413
0.848 70398
0.851 70397
0.853 70386
0.854 70380
0.858 70373
0.859 70371
0.862 70353
0.863 70319
0.965 70317
0.966 70300
0.967 70295
0.967 70278
0.968 70277
0.971 70265
0.972 70249
0.973 70247
0.978 70243
1.009 70223
1.04 70175
1.043 70162
1.051 70120
1.061 70116
1.061 70112
1.062 70102
1.063 70090
1.063 70078
1.065 70067
1.066 70048
1.068 70013
1.07 69998
1.077 69962
1.08 69949
1.117 69948
1.993 69942
1.994 69932
2.001 69913
2.002 69905
2.004 69855
2.005 69839
2.009 69808
2.009 69803
2.01 69801
2.011 69797
2.013 69790
2.023 69773
2.039 69754
2.07 69738
2.082 69696
2.082 69673
2.083 69651
2.085 69639
2.957 69633
2.958 69625
2.96 69605
2.962 69411
2.962 69100
2.964 69079
2.965 69057
2.968 68990
2.968 68983
2.971 68878
2.982 68861
2.986 68815
3.007 68739
3.008 68714
3.038 68696
3.038 68678
3.881 68633
3.884 68618
3.885 68607
3.89 68599
4.01 68596
4.011 68581
4.123 68571
4.133 68530
4.139 68521
4.141 68510
4.141 68507
4.239 68503
5.086 68496
5.086 68491
5.088 68479
5.088 68478
5.161 68477
5.161 68468
5.162 68467
5.164 68450
5.167 68443
5.236 68423
5.238 68422
5.24 68415
5.25 68407
5.256 68393
5.26 68389
5.261 68326
5.262 68325
5.287 68324
5.288 68316
5.289 68311
5.302 68304
14.023 68298
14.031 68296
14.078 68279
14.082 68271
14.094 68260
14.095 68255
14.096 68191
14.698 68189
14.704 68184
14.708 68181
14.711 68148
14.712 68081
14.716 68078
14.716 68050
14.717 68048
14.719 68044
14.723 68037
14.724 68033
14.726 68031
28.547 68007
28.548 67998
28.548 67995
28.562 67982
28.563 67953
28.565 67944
28.568 67940
28.568 67934
28.583 67931
28.585 67923
28.587 67920
44.713 67917
44.714 67915
44.719 67903
44.721 67898
44.722 67890
44.724 67887
44.725 67882
54.436 67864
54.437 67860
54.441 67842
54.457 67837
54.462 67828
54.467 67820
54.467 67819
54.468 67818
56.944 67817
57.138 67812
59.285 67793
59.286 67769
59.371 67755
59.371 67754
59.389 67739
59.395 67732
59.401 67726
59.44 67717
59.442 67710
86.159 67701
86.168 67691
86.168 67678
86.17 67664
86.17 67661
86.172 67655
86.199 67653
86.2 67640
86.242 67633
88.442 67625
88.443 67622
88.458 67616
88.535 67601
88.537 67598
88.538 67597
88.539 67589
88.539 67587
88.636 67578
88.638 67573
88.64 67565
92.8 67562
92.804 67555
92.82 67549
93.058 67546
93.06 67534
93.062 67528
97.485 67526
97.548 67524
97.549 67516
97.656 67502
97.659 67499
97.699 67497
97.719 67479
97.721 67476
97.893 67468
97.893 67465
124.603 67459
128 67458
128.828 67451
128.919 67449
128.936 67443
128.941 67441
128.941 67440
128.951 67434
129.008 67432
129.01 67425
129.015 67423
129.016 67419
129.017 67407
129.035 67404
129.039 67403
130.875 67400
130.877 67399
132.047 67389
132.053 67387
132.067 67384
132.067 67383
132.076 67378
132.079 67377
132.081 67355
132.082 67349
132.091 67347
132.104 67342
132.106 67339
141.777 67332
141.779 67323
141.79 67318
148.354 67315
148.359 67314
150.588 67292
150.602 67286
150.621 67283
150.631 67282
150.638 67281
150.639 67276
150.65 67268
150.703 67246
151.579 67242
151.587 67235
151.592 67232
151.594 67230
151.599 67227
151.633 67219
151.656 67217
163.127 67213
163.182 67206
163.196 67204
163.205 67201
163.207 67195
163.213 67194
163.216 67190
163.224 67186
163.233 67184
163.397 67181
163.4 67180
163.455 67178
163.46 67171
168.651 67169
168.658 67168
168.671 67165
168.672 67164
168.754 67160
168.756 67149
168.764 67143
168.768 67141
168.774 67140
199.019 67138
199.043 67137
199.048 67136
199.08 67134
199.243 67129
200.721 67128
200.729 67127
200.74 67125
202.294 67120
202.32 67119
202.356 67118
202.452 67116
202.703 67115
202.709 67112
203.316 67110
207.506 67108
207.52 67107
217 67105
217.119 67100
217.253 67099
217.269 67098
217.312 67097
219.26 67096
219.303 67095
219.419 67092
219.651 67091
219.682 67090
219.686 67089
219.703 67088
219.857 67081
219.858 67080
219.89 67079
219.895 67078
220.197 67077
220.21 67070
220.266 67069
220.349 67067
220.358 67066
