0.046 69702
0.047 69696
0.047 69692
0.048 69635
0.048 69576
0.048 69553
0.049 69514
0.051 69465
0.051 69417
0.051 69338
0.052 69326
0.052 69317
0.054 69098
0.055 68980
0.055 68976
0.056 68959
0.057 68870
0.057 68867
0.058 68812
0.058 68810
0.059 68719
0.059 68712
0.059 68700
0.06 68642
0.06 68610
0.06 68597
0.061 68562
0.062 68512
0.062 68506
0.063 68451
0.064 68446
0.066 68188
0.071 68182
0.074 68165
0.074 68148
0.075 68131
0.076 68111
0.077 68057
0.077 68020
0.078 67967
0.079 67941
0.08 67915
0.081 67861
0.081 67850
0.083 67837
0.083 67827
0.086 67781
0.087 67674
0.089 67654
0.09 67652
0.091 67650
0.095 67199
0.096 67091
0.098 66802
0.104 66794
0.105 66778
0.106 66754
0.108 66745
0.109 66743
0.11 66739
0.11 66657
0.112 66655
0.112 66616
0.113 66601
0.114 66597
0.118 66540
0.121 66537
0.125 66528
0.125 66527
0.126 66521
0.127 66497
0.127 66494
0.128 66476
0.129 66459
0.131 66449
0.133 66444
0.136 66381
0.14 65540
0.142 65504
0.143 65499
0.144 65464
0.145 65435
0.149 65411
0.172 65390
0.172 65322
0.173 65320
0.183 65282
0.187 65048
0.191 65014
0.191 64995
0.196 64986
0.197 64985
0.198 64974
0.202 64905
0.203 64755
0.204 64747
0.208 64622
0.223 64610
0.226 64598
0.229 64575
0.229 64557
0.23 64516
0.271 64495
0.279 64393
0.28 64372
0.284 64246
0.287 64244
0.288 64239
0.317 64126
0.318 64117
0.381 64098
0.385 64093
0.39 64065
0.393 64039
0.394 64030
0.394 64004
0.398 63973
0.399 63972
0.402 63960
0.405 63958
0.406 63953
0.407 63948
0.41 63945
0.411 63940
0.412 63900
0.412 63898
0.413 63897
0.413 63863
0.445 63832
0.46 63831
0.461 63778
0.465 63675
0.466 63667
0.467 63664
0.488 63657
0.49 63646
0.491 63600
0.492 63579
0.492 63578
0.494 63545
0.507 63543
0.508 63508
0.508 63488
0.514 63478
0.652 63373
0.657 63365
0.658 63349
0.66 63290
0.7 63239
0.704 63228
0.705 63183
0.705 63165
0.706 63151
0.708 63144
0.709 63104
0.709 62973
0.71 62925
0.711 62902
0.712 62896
0.717 62869
0.721 62860
0.722 62809
0.722 62787
0.723 62772
0.729 62758
0.729 62748
0.747 62746
0.751 62745
0.904 62723
0.904 62711
0.908 62674
0.911 62659
0.912 62655
0.915 62644
0.916 62641
0.916 62626
0.918 62597
2.158 62590
2.191 62528
2.192 62524
2.283 62448
2.34 62389
2.342 62387
2.345 62380
2.346 62373
2.349 62332
2.35 62300
2.354 62288
3.067 62272
3.068 62260
3.069 62222
3.069 62209
3.082 62200
3.097 62186
3.098 62155
3.13 62138
3.13 62128
3.132 62089
3.135 62083
19.294 62063
19.478 62050
19.479 62048
19.48 62028
19.482 62023
19.483 62003
19.485 61999
19.848 61991
30.256 61981
30.319 61914
30.903 61912
30.905 61909
30.91 61874
30.911 61872
30.921 61865
30.924 61859
30.925 61855
30.93 61854
30.93 61847
30.931 61813
30.981 61801
30.983 61800
31.007 61794
31.009 61791
31.012 61786
31.014 61780
47.797 61759
47.813 61757
47.814 61751
47.883 61749
47.884 61741
47.892 61736
47.912 61688
47.913 61680
47.914 61670
55.086 61669
55.971 61652
55.972 61631
55.975 61625
55.978 61606
55.979 61602
58.792 61585
58.798 61567
58.799 61533
58.8 61529
58.812 61524
59.102 61523
70.531 61504
70.538 61496
70.539 61494
70.545 61471
70.548 61453
70.554 61449
70.556 61448
70.557 61437
70.563 61428
70.564 61427
70.567 61424
78.322 61416
78.352 61365
78.354 61363
78.356 61358
78.362 61356
78.365 61354
78.366 61340
78.371 61338
81.756 61336
81.76 61327
81.788 61324
90.7 61310
90.701 61308
90.886 61285
90.887 61263
90.894 61260
90.907 61236
90.912 61226
90.914 61215
90.923 61209
95.832 61202
95.833 61201
95.84 61193
107.714 61190
107.836 61186
107.851 61180
109.201 61157
109.204 61133
109.222 61130
109.226 61129
109.48 61117
109.496 61098
109.497 61069
109.614 61067
109.756 61058
109.758 61051
109.765 61038
109.768 61030
109.77 61018
109.771 61014
114.517 61003
114.518 60994
114.519 60989
124.995 60985
125.005 60981
125.006 60979
125.008 60975
125.087 60973
125.089 60971
125.149 60955
126.266 60954
127.507 60951
127.508 60950
127.568 60949
127.59 60948
127.598 60947
127.606 60943
129.237 60935
129.274 60934
129.598 60932
129.603 60929
129.622 60921
129.627 60916
129.642 60913
129.644 60912
130.236 60876
130.237 60870
130.252 60867
132.186 60861
133.692 60860
133.872 60839
133.873 60838
137.34 60836
137.346 60835
137.348 60833
137.359 60832
137.37 60828
137.374 60827
139.756 60823
139.759 60816
139.765 60810
140.204 60808
140.22 60807
140.227 60805
140.234 60794
140.244 60793
140.244 60792
140.251 60785
140.255 60780
140.256 60773
140.262 60770
157.825 60765
157.876 60761
174.911 60760
174.914 60759
174.976 60758
174.978 60754
175.888 60750
175.905 60743
175.907 60741
177.417 60740
177.602 60739
181.925 60733
186.544 60728
186.549 60727
186.567 60715
186.569 60712
186.578 60711
186.579 60710
186.599 60706
187.772 60705
187.92 60704
187.93 60703
187.964 60701
189.616 60700
189.625 60695
203.893 60691
204.076 60690
204.105 60685
204.339 60683
216.848 60682
216.869 60680
220.21 60678
220.23 60673
