0.059 106273
0.06 106272
0.061 106262
0.061 106000
0.062 105934
0.063 105801
0.064 105747
0.064 105739
0.064 105609
0.065 105588
0.066 105575
0.066 105493
0.067 105480
0.068 105478
0.068 105475
0.068 105460
0.069 105431
0.069 105427
0.07 105420
0.07 105403
0.07 105333
0.071 105309
0.071 105304
0.073 105298
0.073 105239
0.075 105228
0.076 105227
0.076 105211
0.077 105201
0.078 105193
0.078 105191
0.079 105160
0.08 104983
0.088 104979
0.089 104772
0.091 104713
0.092 104709
0.093 104708
0.099 104671
0.099 104669
0.101 104607
0.102 104520
0.106 104315
0.109 104241
0.111 104204
0.113 104195
0.114 104165
0.114 104158
0.115 104131
0.115 104105
0.116 104090
0.117 104071
0.12 104063
0.12 104061
0.121 103996
0.122 103994
0.123 103983
0.126 103980
0.126 103979
0.13 103973
0.131 103925
0.133 103772
0.149 103740
0.15 103715
0.152 103678
0.153 103581
0.16 103408
0.161 103391
0.161 103386
0.169 103353
0.172 103335
0.172 103331
0.173 103329
0.176 103307
0.179 103287
0.18 103281
0.187 103277
0.187 103272
0.189 103249
0.19 103244
0.194 103241
0.196 103211
0.199 103156
0.201 103148
0.213 103145
0.214 103141
0.215 103130
0.22 103116
0.223 103110
0.238 103104
0.238 103093
0.238 103092
0.239 103083
0.24 103077
0.24 103076
0.241 103056
0.25 103044
0.251 103025
0.379 102964
0.38 102954
0.38 102953
0.381 102950
0.381 102947
0.382 102945
0.383 102937
0.384 102680
0.385 102670
0.385 102662
0.389 102644
0.39 102630
0.396 102621
0.404 102616
0.404 102600
0.441 102593
0.471 102585
0.474 102395
0.485 102392
0.55 102390
0.55 102368
0.552 102365
0.552 102358
0.559 102354
0.565 102353
0.566 102335
0.569 102316
0.61 102302
0.621 102301
0.643 102300
0.645 102296
0.649 102294
0.659 102283
0.665 102277
0.666 102265
0.669 102247
0.669 102224
0.67 102209
0.671 102198
0.674 102196
0.677 102195
0.679 102179
0.778 102165
0.781 102140
0.781 102057
0.782 102049
0.786 102021
0.787 101994
0.794 101993
0.795 101975
0.798 101926
0.8 101886
0.8 101884
0.801 101767
0.803 101757
0.804 101754
0.81 101737
0.811 101716
0.811 101705
0.813 101703
0.816 101694
0.817 101678
0.819 101614
0.82 101604
0.82 101586
0.823 101574
0.828 101572
0.835 101571
0.838 101565
0.84 101557
0.841 101538
0.842 101437
0.849 100871
0.849 100851
0.863 100850
0.867 100847
0.868 100821
0.869 100776
0.87 100755
0.878 100730
0.878 100706
0.888 100643
0.893 100630
1.771 100620
1.774 100577
1.777 100557
1.783 100538
1.807 100533
1.81 100515
1.812 100510
1.823 100491
1.826 100484
1.827 100459
1.829 100439
1.831 100437
1.933 100347
1.934 100322
1.938 100306
1.956 100276
1.957 100272
1.957 100260
2.204 100211
2.208 100202
2.209 100013
2.209 100012
2.21 99986
2.397 99984
3.335 99983
3.355 99982
3.356 99941
3.357 99938
3.411 99913
3.415 99909
3.794 99897
3.802 99896
4.203 99877
4.204 99876
4.208 99875
4.21 99860
4.21 99820
4.761 99817
4.823 99813
4.823 99795
4.826 99786
4.919 99742
7.139 99724
7.144 99723
7.148 99717
7.533 99712
7.536 99708
7.554 99701
7.59 99696
7.641 99683
7.646 99670
7.646 99662
7.649 99658
7.802 99647
7.814 99605
7.814 99556
7.815 99554
7.816 99552
7.998 99542
8.001 99526
8.006 99463
49.206 99449
49.209 99444
49.303 99438
49.307 99402
49.316 99400
51.378 99396
51.391 99395
51.425 99376
51.437 99359
51.446 99358
53.63 99331
53.631 99328
55.711 99306
55.716 99287
55.731 99277
55.731 99274
55.737 99251
55.869 99248
55.875 99241
55.892 99213
55.894 99210
81.175 99199
81.176 99150
81.176 99121
88.247 99120
88.26 99118
88.26 99111
88.263 99103
88.333 99098
88.675 99087
88.687 99084
88.687 99083
88.69 99069
88.694 99056
88.764 99052
88.765 99042
88.769 99041
99.011 99026
103.068 99025
103.079 99017
103.109 99009
103.118 99006
103.144 99002
103.146 98999
103.148 98990
103.151 98979
103.152 98972
103.152 98969
103.156 98962
103.159 98953
103.166 98919
109.59 98913
115.96 98903
115.99 98899
115.994 98898
116.022 98891
116.023 98877
119.091 98871
119.168 98870
120.589 98856
120.59 98855
120.59 98848
120.591 98837
120.599 98836
120.602 98826
120.631 98819
120.635 98818
120.638 98811
120.657 98808
120.66 98794
124.023 98793
124.486 98791
124.488 98788
124.489 98786
124.575 98784
124.583 98779
124.588 98761
124.735 98750
124.742 98748
124.75 98709
124.753 98707
126.699 98706
126.798 98703
126.802 98700
126.811 98694
126.816 98675
126.821 98668
126.825 98665
126.828 98664
126.837 98663
126.846 98658
126.881 98649
126.887 98647
130.279 98645
130.287 98643
130.295 98638
133.086 98634
133.091 98632
133.108 98622
133.113 98620
133.117 98619
134.253 98611
156.872 98610
156.883 98609
156.92 98607
156.992 98603
157.057 98593
157.057 98583
157.062 98581
157.071 98576
158.413 98573
158.414 98571
158.422 98569
158.81 98568
158.821 98565
158.831 98544
158.855 98541
158.858 98537
158.869 98526
158.876 98520
158.9 98517
159.15 98516
159.166 98509
159.169 98498
159.189 98494
159.196 98490
159.951 98484
159.96 98482
160.012 98480
160.222 98478
160.253 98476
160.507 98474
160.512 98472
160.98 98463
161.64 98455
165.801 98454
165.803 98453
165.992 98449
165.997 98442
166.014 98436
166.591 98434
170.493 98431
170.499 98423
170.523 98421
171.288 98420
171.294 98419
171.307 98413
171.378 98408
171.39 98404
174.547 98403
174.587 98402
174.592 98397
174.634 98394
174.637 98391
174.638 98383
174.661 98379
174.663 98366
183.742 98357
183.884 98356
183.906 98353
184.1 98346
184.475 98345
184.543 98342
184.568 98339
184.577 98336
184.599 98335
186.8 98332
187.017 98331
201.491 98330
201.511 98329
201.567 98327
201.614 98326
201.616 98316
201.616 98315
202.178 98314
202.202 98310
202.221 98309
202.302 98307
204.554 98303
206.1 98301
206.123 98300
206.159 98298
206.171 98295
206.194 98294
206.199 98289
209.08 98288
209.087 98287
209.154 98285
209.204 98283
210.704 98282
211.034 98281
211.038 98280
211.047 98279
211.047 98272
211.048 98271
211.175 98268
211.177 98262
211.22 98258
211.499 98255
211.504 98254
211.524 98253
211.534 98245
211.549 98234
211.56 98229
211.784 98226
211.8 98225
212.079 98224
212.21 98222
212.266 98221
212.276 98218
213.552 98216
213.566 98214
213.572 98209
213.584 98208
215.261 98206
215.263 98205
215.338 98204
215.342 98200
215.346 98198
219.598 98197
219.818 98196
219.831 98193
221.063 98192
221.073 98191
221.09 98190
221.104 98184
221.117 98178
221.566 98177
221.702 98175
221.703 98174
221.714 98169
223.436 98167
223.447 98164
223.487 98163
223.503 98161
234.104 98160
234.208 98157
234.214 98156
234.299 98152
239.421 98151
239.436 98150
239.467 98149
239.474 98148
242.941 98147
243.024 98146
243.051 98143
244.032 98142
252.85 98141
253.288 98137
255.509 98135
