0.065 995.541
0.065 972.683
0.065 970.092
0.065 967.245
0.066 962.474
0.066 960.726
0.067 959.882
0.074 947.355
0.075 946.143
0.076 945.175
0.078 945.165
0.079 944.915
0.08 938.043
0.08 934.447
0.089 931.514
0.09 931.098
0.095 930.493
0.096 927.796
0.097 926.425
0.124 924.378
0.125 924.354
0.181 923.113
0.204 923.05
0.225 922.735
0.252 922.728
0.252 922.582
0.254 922.46
0.289 922.132
0.3 921.725
0.324 921.616
0.353 921.456
0.361 920.7
0.418 920.037
0.419 919.134
0.453 919.031
1.069 918.56
1.759 917.782
2.328 917.419
2.34 916.068
2.63 915.605
