0.066 1214.76
0.066 1213.41
0.067 1212.46
0.067 1209.73
0.069 1208.39
0.069 1207.84
0.07 1204.54
0.07 1193.58
0.07 1192.89
0.071 1184.4
0.072 1184.35
0.073 1178.07
0.075 1175.92
0.075 1175.36
0.083 1174.9
0.085 1173.59
0.086 1173.56
0.089 1173.08
0.091 1172.96
0.091 1172.12
0.094 1168.73
0.098 1167.12
0.098 1161.79
0.1 1157.33
0.111 1155.7
0.115 1154.91
0.116 1150.17
0.121 1149.91
0.14 1149.04
0.141 1147.11
0.142 1145.96
0.143 1145.82
0.143 1144.95
0.143 1141.97
0.176 1141.64
0.194 1140.85
0.195 1136.42
0.195 1135.87
0.2 1130.22
0.206 1127.41
0.291 1127.17
0.295 1125.89
0.296 1122.07
0.297 1120.16
0.34 1119.62
0.366 1119.38
0.367 1117.47
0.368 1117.33
2.022 1116.83
2.023 1113.66
2.024 1113.6
6.754 1113.4
6.76 1112.46
6.762 1112.34
6.766 1112.11
6.771 1111.84
6.779 1111.73
7.542 1111.59
7.926 1111.4
7.93 1110.9
10.436 1109.52
10.439 1109.22
10.476 1108.96
10.484 1108.79
10.486 1108.26
10.487 1107.85
11.409 1107.45
23.372 1107.12
