0.004 1505.99
0.004 1504.41
0.005 1494.49
0.005 1489.72
0.006 1488.96
0.006 1483.64
0.006 1480.96
0.007 1480.46
0.007 1478.05
0.007 1459.63
0.008 1457.69
0.013 1456.97
0.014 1452.75
0.017 1448.14
0.021 1446.81
0.022 1446.35
0.022 1445.4
0.023 1445.22
0.024 1442.16
0.026 1441.81
0.029 1441.2
0.033 1438.58
0.034 1435.68
0.05 1430.05
0.054 1429.01
0.063 1426
0.083 1422.55
0.084 1419.81
0.085 1418.81
0.086 1417.5
0.094 1417.43
0.094 1413.95
0.095 1413.75
0.096 1412.92
0.098 1411.38
0.104 1410.89
0.105 1408.77
0.106 1407.3
0.107 1406.42
0.162 1404.59
0.211 1402.15
0.211 1402.06
0.323 1401.18
0.33 1399.53
0.331 1399.48
0.332 1399.09
0.853 1396.77
0.869 1396.71
1.118 1391.98
1.119 1390.01
1.12 1389.36
1.602 1387.78
1.604 1386.94
1.605 1385.92
1.606 1385.33
1.607 1384.85
5.273 1383.82
5.281 1383.82
5.284 1383.35
7.149 1382.85
19.955 1382.58
20.012 1381.48
31.426 1380.95
34.292 1380.68
34.996 1380.35
35.002 1379.71
35.028 1379.34
35.036 1378.29
65.471 1377.71
65.483 1377.5
65.518 1376.87
67.829 1376.75
73.645 1376.54
79.173 1376.31
121.054 1376.26
