0.002 936.734
0.003 929.374
0.003 927.827
0.004 927.351
0.004 927.008
0.009 922.706
0.013 918.522
0.013 918.093
0.013 917.202
0.014 913.123
0.015 912.432
0.016 901.217
0.018 895.185
0.019 879.767
0.022 879.414
0.028 878.587
0.034 878.531
0.035 878.091
0.047 872.145
0.05 870.451
0.05 863.638
0.056 862.791
0.093 861.056
0.094 860.753
0.095 860.59
0.099 860.054
0.175 859.953
0.177 859.67
0.182 857.664
0.183 857.064
0.185 855.737
0.384 855.359
0.385 853.658
2.783 853.639
18.028 853.485
18.044 853.247
19.349 852.832
19.812 852.463
