0.004 1166.3
0.004 1165.56
0.004 1163.81
0.005 1163.55
0.005 1161.67
0.006 1153.23
0.007 1149.42
0.008 1145.71
0.008 1140.07
0.009 1138.7
0.01 1138.43
0.01 1135.32
0.013 1129.56
0.015 1128.22
0.017 1127.48
0.025 1127.27
0.027 1122.33
0.027 1121.35
0.03 1118.81
0.034 1109.01
0.034 1105.45
0.039 1097.82
0.04 1093.38
0.042 1091.71
0.042 1091.65
0.043 1089
0.044 1087.19
0.045 1086.7
0.046 1086.6
0.047 1086.33
0.055 1086.09
0.057 1084.74
0.084 1082.74
0.086 1081.3
0.087 1080.92
0.09 1079.45
0.09 1074.49
0.093 1072.98
0.098 1071.11
0.099 1071.01
0.371 1068.51
0.373 1068.44
0.374 1067.31
0.378 1066.84
0.379 1059.62
0.382 1059.37
0.409 1054.79
0.41 1054.21
0.411 1052.72
0.425 1052.18
0.426 1052.17
0.426 1050.99
0.444 1049.36
0.453 1047.84
0.458 1045.03
0.459 1041.31
0.459 1040.8
0.467 1040.46
0.489 1040.26
0.49 1038.38
0.491 1037.52
0.494 1035.55
0.5 1035.38
0.5 1034.91
0.506 1034.02
2.103 1030.5
2.103 1030
8.434 1029.84
18.595 1029.44
20.514 1029.25
