0.003 48065
0.004 48064
0.005 48035
0.005 48034
0.008 47963
0.014 47905
0.017 47826
0.03 47706
0.031 47697
0.031 47681
0.032 47645
0.034 47629
0.034 47624
0.034 47623
0.042 47569
0.043 47534
0.045 47530
0.045 47515
0.045 47478
0.045 47469
0.048 47323
0.048 47322
0.053 47187
0.058 46622
0.06 46573
0.061 46330
0.064 46248
0.065 45773
0.091 45768
0.094 45759
0.095 45755
0.097 45741
0.103 45729
0.137 45712
0.342 45694
0.35 45685
0.351 45682
0.452 45681
0.48 45676
0.482 45671
0.484 45662
0.51 45634
1.87 45632
1.877 45621
2.913 45620
3.045 45602
4.101 45590
4.36 45584
4.366 45573
4.37 45572
4.371 45566
14.906 45555
14.91 45552
14.912 45548
14.912 45547
14.917 45541
14.917 45537
14.943 45530
14.945 45526
62.46 45517
62.473 45514
90.569 45478
90.57 45372
90.57 45344
90.571 45338
90.576 45321
90.589 45316
90.594 45282
90.697 45270
90.699 45269
90.7 45266
90.717 45261
90.722 45260
90.722 45254
90.732 45248
90.735 45245
90.743 45239
90.811 45232
90.838 45225
90.849 45220
90.865 45198
90.888 45144
90.889 45142
90.919 45136
90.923 45133
90.959 45126
90.997 45124
91.045 45117
91.045 45105
91.084 45099
91.137 45096
91.14 45069
91.145 45056
91.149 45053
91.154 45042
91.159 45030
91.159 45026
91.163 45025
91.232 45023
91.234 45017
91.236 44998
91.408 44996
91.41 44990
91.413 44986
91.46 44979
91.752 44977
91.752 44976
92 44972
92.046 44970
92.215 44968
92.216 44967
92.26 44963
92.298 44928
92.302 44927
92.319 44919
92.347 44892
92.364 44890
92.45 44876
92.453 44850
92.453 44845
92.512 44842
92.512 44829
92.551 44799
94.716 44782
94.717 44775
94.718 44773
94.833 44766
115.973 44760
115.974 44751
115.976 44747
116.255 44744
116.285 44743
116.289 44742
118.007 44741
118.007 44734
121.073 44731
121.074 44724
166.157 44716
182.533 44715
186.237 44713
206.856 44711
206.858 44710
213.118 44709
221.317 44708
232.489 44706
237.839 44702
