0.003 20016
0.047 20004
0.051 20003
0.053 19997
0.06 19987
0.06 19981
0.062 19979
0.063 19975
0.067 19968
0.069 19963
0.073 19601
0.075 19584
0.077 19532
0.078 19526
0.08 19499
0.081 19498
0.088 19490
0.09 19462
0.09 19456
0.09 19447
0.091 19436
0.103 19428
0.106 19387
0.107 19379
0.113 19373
0.114 19362
0.245 19316
0.269 19315
0.271 19312
0.273 19306
0.274 19303
0.278 19293
1.039 19288
2.378 19286
2.434 19280
2.644 19273
2.649 19259
2.65 19257
5.033 19255
5.035 19238
5.039 19234
18.735 19233
23.524 19231
23.527 19230
23.529 19228
33.489 19224
48.809 19214
48.81 19212
84.508 19210
153.349 19209
161.302 19207
184.805 19196
248.027 19195
313.221 19194
313.233 19189
313.258 19186
313.259 19185
