0.062 71269
0.062 71263
0.063 71221
0.063 71198
0.064 71139
0.064 71134
0.064 71131
0.065 71122
0.065 71074
0.066 71049
0.067 70965
0.067 70924
0.067 70893
0.068 70889
0.068 70864
0.069 70830
0.07 70793
0.071 70766
0.072 70762
0.074 70759
0.074 70755
0.075 70744
0.075 70734
0.076 70727
0.076 70700
0.077 70604
0.078 70599
0.078 70581
0.078 70533
0.079 70485
0.08 70414
0.083 70413
0.084 70390
0.084 70337
0.085 70328
0.086 70257
0.086 70250
0.088 70244
0.091 70243
0.091 70238
0.092 70165
0.093 70163
0.094 70087
0.094 70084
0.101 70053
0.103 70049
0.103 70046
0.104 70041
0.104 70034
0.105 70004
0.106 69931
0.111 69923
0.112 69888
0.112 69887
0.115 69885
0.116 69879
0.118 69873
0.12 69867
0.121 69851
0.121 69822
0.123 69818
0.129 69816
0.141 69813
0.155 69808
0.157 69802
0.16 69797
0.16 69773
0.161 69759
0.163 69758
0.169 69756
0.212 69749
0.213 69745
0.219 69734
0.225 69722
0.226 69720
0.227 69714
0.23 69703
0.232 69701
0.232 69683
0.233 69672
0.237 69666
0.238 69651
0.238 69650
0.241 69612
0.245 69557
0.246 69545
0.247 69534
0.248 69524
0.736 69519
0.74 69507
0.74 69484
0.741 69468
0.743 69466
0.746 69464
0.747 69436
0.995 69427
0.996 69412
0.996 69410
0.998 69407
0.998 69401
1.009 69387
1.009 69379
1.011 69375
1.023 69355
1.025 69342
2.265 69319
2.267 69313
2.267 69265
2.276 69262
2.277 69261
2.278 69232
2.279 69221
2.282 69217
2.283 69181
3.221 69157
3.222 69143
3.223 69136
3.225 69095
3.226 69066
3.227 69031
3.228 69011
3.228 69002
3.244 68986
3.246 68984
3.251 68963
4.059 68924
4.06 68903
4.061 68898
4.082 68881
4.083 68880
4.095 68856
4.096 68850
4.105 68834
4.106 68826
4.694 68806
4.694 68800
4.695 68798
4.698 68797
4.735 68791
4.736 68782
4.738 68746
4.743 68712
4.745 68686
4.749 68660
12.814 68628
44.013 68619
44.016 68596
44.018 68587
44.019 68580
44.019 68562
44.021 68561
44.022 68537
44.023 68526
44.471 68518
44.478 68516
44.482 68493
44.547 68479
44.548 68461
44.689 68455
44.878 68447
44.878 68443
44.879 68412
46.208 68410
46.213 68407
46.214 68404
46.215 68403
46.274 68402
46.276 68399
46.276 68398
55.707 68379
55.711 68378
62.848 68363
62.851 68346
62.853 68303
62.856 68271
62.858 68269
88.524 68268
89.194 68266
89.194 68256
89.299 68252
89.314 68235
89.315 68200
89.342 68183
89.343 68152
89.345 68150
89.348 68140
89.348 68133
89.35 68131
89.816 68102
89.816 68096
92.734 68094
92.735 68093
92.735 68092
92.736 68089
92.736 68075
92.737 68071
92.739 68068
92.741 68052
92.742 68036
92.742 68035
92.743 68032
92.749 68021
92.751 68014
114.305 68010
114.31 68001
114.313 67971
114.315 67943
117.233 67940
117.234 67936
117.235 67931
117.239 67921
117.241 67920
117.244 67919
117.25 67918
117.251 67917
118.502 67867
118.559 67849
118.563 67845
118.586 67842
120.631 67833
120.632 67831
120.636 67820
120.654 67817
139.086 67807
139.124 67801
139.125 67799
139.127 67798
139.137 67785
139.141 67777
139.188 67771
139.192 67766
139.194 67747
139.195 67740
139.617 67736
139.618 67727
139.629 67723
139.693 67718
139.694 67715
139.695 67710
139.699 67683
157.6 67667
157.601 67666
157.61 67656
157.613 67653
157.614 67642
157.627 67636
157.627 67631
157.628 67629
157.629 67622
157.635 67614
157.635 67612
157.638 67611
157.639 67608
157.867 67604
157.869 67601
157.87 67597
157.872 67576
157.873 67569
157.893 67565
157.893 67564
157.898 67556
157.901 67553
157.924 67552
189.243 67549
189.252 67547
189.262 67539
189.276 67532
189.277 67519
189.843 67501
189.844 67496
189.847 67490
189.849 67488
189.871 67487
189.874 67481
189.882 67462
189.901 67459
215.443 67450
215.451 67442
215.456 67439
215.461 67436
215.462 67431
215.468 67420
215.469 67406
215.471 67392
215.495 67386
215.497 67379
215.506 67353
215.847 67352
223.609 67343
223.627 67337
223.63 67335
223.66 67329
223.661 67320
223.665 67303
223.666 67294
223.68 67285
223.681 67284
229.426 67283
229.451 67273
229.485 67269
229.533 67258
229.541 67247
229.545 67244
229.559 67241
229.562 67238
230.604 67237
230.633 67227
230.637 67226
230.661 67184
230.719 67179
230.723 67178
230.726 67164
230.737 67159
230.751 67156
252.938 67153
252.956 67149
252.962 67146
252.963 67128
252.969 67115
252.978 67114
252.991 67109
253.021 67108
253.022 67106
253.026 67104
253.113 67099
253.121 67096
253.182 67092
294.739 67084
294.748 67083
294.773 67078
294.992 67077
294.998 67076
299.363 67068
307.822 67055
307.83 67053
320.602 67048
320.703 67046
320.732 67040
320.746 67037
320.76 67032
320.82 67028
320.831 67027
320.846 67025
320.858 67024
320.894 67018
320.901 67015
320.903 67010
333.728 67002
333.791 66999
333.812 66992
333.827 66990
333.842 66986
333.844 66985
333.844 66975
333.853 66969
335.596 66967
335.621 66953
335.648 66952
335.703 66951
369.238 66943
369.24 66933
369.732 66931
369.766 66930
369.829 66928
369.838 66927
370.782 66926
370.783 66922
370.887 66920
372.162 66918
372.275 66909
372.292 66903
372.462 66901
372.501 66900
372.504 66898
372.547 66894
372.585 66893
382.859 66890
382.863 66885
382.868 66884
382.919 66879
383.024 66878
383.025 66873
383.038 66872
383.052 66863
383.062 66861
383.653 66858
384.58 66856
384.589 66851
384.59 66849
390.218 66848
390.235 66845
390.299 66840
390.369 66839
390.42 66833
390.431 66824
408.823 66823
410.464 66822
420.728 66820
421.041 66819
421.072 66814
421.842 66809
437.503 66806
437.504 66805
437.711 66802
437.747 66799
437.748 66798
437.823 66796
437.848 66794
