0.062 71303
0.062 71292
0.063 71205
0.063 71194
0.064 71185
0.064 71143
0.067 71135
0.067 71073
0.067 71024
0.068 70994
0.069 70930
0.069 70911
0.07 70896
0.07 70893
0.071 70865
0.072 70810
0.072 70748
0.073 70723
0.074 70647
0.075 70633
0.076 70610
0.076 70601
0.076 70600
0.077 70520
0.079 70504
0.079 70494
0.082 70476
0.083 70414
0.083 70401
0.084 70386
0.085 70375
0.085 70374
0.086 70343
0.087 70249
0.088 70243
0.088 70237
0.089 70234
0.092 70190
0.093 70185
0.093 70178
0.094 70167
0.095 70166
0.096 70162
0.096 70153
0.099 70125
0.099 70120
0.101 70109
0.107 70090
0.108 70080
0.11 70078
0.113 70066
0.113 70059
0.118 70049
0.118 70031
0.119 69994
0.12 69984
0.148 69976
0.151 69959
0.153 69955
0.155 69939
0.161 69927
0.162 69926
0.162 69924
0.167 69921
0.169 69919
0.175 69886
0.176 69876
0.177 69841
0.184 69825
0.187 69783
0.188 69773
0.189 69763
0.191 69718
0.192 69710
0.192 69709
0.198 69696
0.199 69672
0.2 69569
0.201 69542
0.203 69532
0.204 69530
0.204 69529
0.208 69496
0.208 69483
0.209 69480
0.554 69406
0.556 69403
0.559 69383
0.56 69343
0.562 69341
0.564 69321
1.651 69313
1.651 69308
1.652 69294
1.653 69289
1.654 69280
2.361 69277
2.567 69276
2.569 69267
2.569 69250
2.955 69235
2.956 69223
2.957 69220
2.959 69218
2.96 69195
2.965 69126
2.967 69122
3.821 69097
3.827 69072
3.828 69067
3.828 69066
3.915 69055
3.921 69044
3.921 69003
3.925 68993
3.925 68981
3.926 68978
3.926 68971
3.93 68969
3.931 68939
3.931 68932
3.935 68926
3.978 68903
3.979 68900
3.979 68880
9.915 68836
9.924 68828
9.925 68823
9.926 68821
9.929 68815
9.931 68812
9.937 68806
9.938 68802
9.939 68782
9.939 68746
27.461 68686
27.462 68676
38.527 68656
38.528 68624
39.256 68616
39.258 68603
51.465 68600
51.503 68590
51.504 68585
51.504 68576
51.51 68574
51.512 68572
52.363 68565
52.363 68564
52.37 68562
58.649 68548
58.65 68542
58.651 68536
58.654 68534
58.654 68530
58.655 68505
79.936 68501
79.939 68499
79.939 68495
79.958 68488
79.958 68487
79.976 68480
79.977 68470
80.146 68464
80.149 68438
80.154 68431
80.16 68427
80.161 68420
80.165 68418
80.167 68417
80.196 68400
80.213 68398
80.217 68395
80.223 68392
80.224 68386
80.227 68369
80.228 68313
80.232 68297
80.239 68288
80.241 68246
80.27 68244
80.274 68223
81.056 68168
81.064 68145
81.066 68140
81.067 68133
81.068 68129
81.069 68114
81.072 68104
81.073 68098
81.077 68091
81.08 68078
81.084 68075
99.66 68068
99.995 68050
99.996 68038
100.001 68022
100.009 67995
100.028 67993
100.088 67986
100.091 67972
100.098 67961
100.221 67941
100.296 67939
112.774 67919
112.776 67913
112.777 67912
112.779 67909
112.781 67903
112.873 67897
112.884 67894
120.023 67879
120.029 67852
120.029 67849
120.03 67834
120.375 67831
120.402 67807
120.405 67794
120.409 67783
141.68 67778
141.681 67775
141.682 67768
141.834 67763
141.836 67739
141.84 67736
141.842 67731
141.844 67728
141.85 67717
141.863 67714
141.87 67712
142.15 67693
142.151 67673
142.369 67645
142.37 67636
142.375 67630
142.406 67628
142.409 67607
142.41 67597
142.412 67583
154.986 67576
155.019 67570
155.019 67562
155.022 67556
155.061 67533
155.063 67529
155.064 67520
155.065 67519
155.07 67517
155.078 67511
155.729 67493
155.74 67491
155.758 67487
155.759 67482
155.763 67481
155.768 67479
155.773 67473
191.353 67471
191.504 67463
191.519 67459
192.003 67453
192.012 67445
192.013 67444
192.014 67433
192.014 67432
192.058 67427
192.064 67417
192.071 67414
203.587 67410
203.59 67407
203.594 67389
203.599 67382
203.613 67381
226.554 67380
226.556 67379
227.741 67378
227.742 67367
227.744 67365
227.748 67356
227.809 67348
227.821 67341
227.83 67338
227.832 67336
227.839 67334
227.839 67332
233.437 67327
233.467 67317
239.216 67315
241.602 67314
241.633 67311
241.635 67302
242.264 67285
242.267 67261
242.269 67259
242.275 67257
242.275 67251
245.949 67246
245.99 67244
245.993 67220
246.086 67216
246.682 67214
246.688 67206
246.795 67198
246.811 67192
246.813 67188
246.827 67187
246.839 67181
254.114 67153
254.924 67151
254.934 67150
255.407 67142
255.419 67141
255.422 67137
255.425 67136
255.428 67130
255.431 67129
255.61 67126
255.619 67113
255.62 67110
255.622 67108
255.637 67102
255.655 67092
255.71 67082
255.735 67079
255.763 67071
273.921 67065
273.927 67058
303.65 67055
303.654 67048
303.68 67046
303.683 67043
303.698 67039
303.699 67032
303.731 67031
303.748 67026
303.748 67021
313.325 67015
313.434 67014
313.438 67011
313.449 67009
322.007 67007
322.015 66997
322.121 66996
322.19 66995
322.29 66994
322.299 66990
352.765 66988
352.876 66986
352.887 66983
352.917 66982
354.343 66981
354.346 66971
354.444 66965
354.798 66964
354.835 66961
360.207 66959
360.213 66958
360.249 66957
366.13 66953
366.159 66952
366.186 66951
366.246 66949
367.85 66945
368 66943
368.02 66941
368.021 66939
368.063 66937
368.064 66935
372.773 66934
374.874 66931
374.9 66930
374.982 66921
374.986 66920
375.187 66919
376.076 66918
383.724 66917
383.764 66916
383.77 66912
383.836 66911
383.847 66908
383.871 66905
383.874 66903
383.882 66898
404.934 66895
404.938 66893
404.994 66887
406.147 66884
413.415 66882
413.417 66881
413.454 66878
414.425 66877
414.476 66871
414.506 66870
416.154 66868
416.316 66867
417.024 66865
417.071 66863
417.083 66861
