0.004 48150
0.005 48110
0.006 48075
0.008 48069
0.008 47967
0.031 47965
0.032 47772
0.035 47756
0.036 47754
0.036 47734
0.036 47621
0.037 47616
0.038 47607
0.046 47597
0.047 47569
0.048 47566
0.049 47533
0.049 47516
0.05 47485
0.056 46287
0.057 46111
0.074 46087
0.074 46033
0.077 46015
0.091 46010
0.092 46000
0.092 45979
0.095 45916
0.095 45899
0.125 45876
0.125 45871
0.175 45827
0.176 45826
0.25 45809
0.251 45799
0.357 45793
0.359 45778
0.361 45757
0.362 45751
0.372 45747
0.488 45744
0.501 45699
0.504 45686
0.791 45676
0.791 45674
0.793 45672
0.797 45669
0.804 45664
0.807 45659
0.955 45658
0.958 45641
0.958 45630
0.992 45617
0.992 45614
1.001 45610
1.578 45597
4.01 45581
4.012 45574
4.014 45567
11.969 45539
44.416 45441
44.418 45416
44.429 45402
44.43 45388
44.439 45370
44.447 45356
44.469 45305
44.497 45301
44.498 45293
44.499 45268
44.501 45259
44.502 45256
44.512 45254
44.52 45253
44.525 45228
44.555 45219
44.598 45208
44.602 45204
44.604 45181
44.605 45180
44.61 45168
44.612 45165
44.612 45160
44.743 45139
44.743 45113
44.744 45106
44.745 45075
44.746 45043
44.798 44983
44.799 44962
44.866 44899
44.912 44880
44.915 44879
44.916 44872
44.92 44866
44.922 44860
46.874 44846
46.878 44835
46.881 44833
46.883 44825
46.893 44816
46.893 44810
46.898 44800
46.925 44778
59.019 44772
59.095 44767
78.654 44763
78.655 44750
82.527 44747
118.677 44745
118.694 44739
129.846 44737
129.847 44735
129.86 44733
129.887 44728
129.89 44727
134.239 44722
137.367 44720
137.403 44713
154.126 44710
168.729 44707
168.734 44706
186.481 44705
232.639 44702
