0.002 27194
0.003 27188
0.006 27128
0.007 27114
0.008 26932
0.009 26910
0.013 26871
0.017 26834
0.019 26747
0.022 26679
0.023 26591
0.032 26524
0.092 26508
0.093 26505
0.094 26501
0.098 26425
0.116 26385
0.116 26378
0.127 26365
0.131 26361
0.193 26343
0.2 26333
0.202 26331
0.212 26321
0.213 26310
0.25 26253
0.295 26237
0.297 26230
0.319 26223
0.332 26219
0.445 26216
0.725 26215
0.805 26209
0.806 26204
0.808 26203
1.147 26189
1.148 26188
1.16 26177
1.162 26176
2.417 26171
2.417 26164
2.42 26163
2.618 26162
4.375 26161
4.387 26160
10.188 26155
10.189 26154
10.292 26144
17.492 26139
51.116 26133
60.256 26131
137.506 26130
196.029 26126
234.71 26123
306.93 26119
