0.001 26071
0.002 26067
0.002 25908
0.005 25889
0.006 25884
0.006 25873
0.007 25844
0.007 25828
0.009 25765
0.013 25658
0.013 25562
0.014 25530
0.08 25529
0.082 25493
0.082 25490
0.083 25486
0.085 25444
0.104 25408
0.105 25377
0.128 25332
0.192 25328
0.192 25315
0.194 25243
0.194 25239
0.198 25238
0.199 25236
0.202 25227
0.213 25216
0.216 25208
0.278 25196
0.378 25188
0.38 25169
1.27 25158
2.153 25147
3.717 25139
4.579 25138
4.58 25136
4.58 25135
4.581 25133
4.586 25129
7.133 25116
7.134 25103
15.831 25096
86.211 25095
86.218 25093
95.643 25090
