0.003 23371
0.004 23324
0.004 23274
0.005 23165
0.005 23131
0.007 23130
0.007 22919
0.008 22830
0.053 22827
0.054 22821
0.097 22791
0.106 22752
0.106 22744
0.108 22709
0.111 22690
0.112 22662
0.113 22583
0.165 22559
0.169 22551
0.36 22524
0.362 22497
0.371 22487
0.42 22444
0.422 22371
0.449 22359
0.757 22353
0.76 22319
0.76 22279
0.761 22272
0.762 22266
0.762 22263
0.767 22249
0.768 22239
0.804 22225
0.805 22202
0.86 22200
1.091 22181
8.875 22171
9.178 22153
11.255 22139
15.16 22136
15.16 22134
46.55 22124
118.55 22121
158.807 22120
162.137 22119
