0.006 70532
0.008 70510
0.008 70466
0.009 70464
0.023 70455
0.026 70453
0.027 70444
0.028 70425
0.029 70420
0.03 70410
0.03 70388
0.032 70359
0.033 70351
0.034 70233
0.034 70197
0.039 70177
0.039 70155
0.039 70138
0.049 70104
0.051 70095
0.058 70068
0.064 70048
0.064 70047
0.069 70045
0.07 70037
0.071 70029
0.079 70020
0.08 70006
0.09 69996
0.093 69979
0.11 69960
0.111 69947
0.114 69938
0.127 69915
0.133 69908
0.143 69903
0.148 69858
0.164 69848
0.165 69836
0.166 69795
0.169 69711
0.17 69694
0.17 69667
0.172 69654
0.173 69566
0.174 69512
0.194 69506
0.262 69485
0.271 69471
0.275 69439
0.303 69434
0.346 69412
0.357 69173
0.366 69172
0.386 69163
0.397 69150
0.406 69149
0.51 69131
0.512 69127
0.562 69116
0.565 69112
0.568 69103
0.57 69096
0.575 69041
0.577 69030
0.592 68968
0.6 68958
0.601 68950
0.604 68920
0.638 68837
0.642 68823
0.674 68810
0.678 68800
0.681 68799
0.688 68793
0.695 68768
0.726 68761
0.732 68736
0.74 68716
0.747 68656
0.985 68620
1.005 68586
1.006 68581
1.008 68559
1.031 68538
1.032 68536
1.033 68488
1.05 68479
1.05 68458
1.087 68437
1.096 68428
1.099 68420
1.101 68390
1.103 68385
1.105 68384
1.107 68379
1.108 68370
1.116 68368
1.118 68363
1.23 68353
1.23 68344
1.242 68341
5.093 68317
5.1 68308
5.101 68307
5.101 68304
5.102 68295
5.405 68290
5.409 68281
5.41 68274
5.435 68271
5.443 68253
5.445 68231
5.446 68210
5.579 68189
5.585 68183
9.69 68168
9.884 68164
9.898 68162
15.781 68159
15.79 68155
18.667 68141
18.712 68132
18.712 68123
18.714 68118
18.718 68116
18.72 68113
22.156 68106
22.158 68101
30.253 68090
30.256 68088
30.268 68075
30.268 68074
30.271 68062
30.282 68057
32.198 68056
32.254 68052
32.255 68027
34.08 68011
34.086 67998
34.087 67993
44.648 67982
106.441 67964
106.486 67959
107.52 67945
107.521 67943
113.458 67930
113.651 67918
113.858 67910
113.863 67908
113.866 67907
113.89 67905
113.891 67896
113.954 67893
113.964 67887
116.788 67882
229.773 67877
231.461 67864
231.554 67863
241.915 67861
242.524 67858
243.157 67852
243.185 67848
263.98 67846
263.989 67843
267.67 67839
269.5 67834
269.613 67831
285.74 67830
298.78 67827
298.78 67822
347.496 67817
348.481 67815
348.517 67813
348.686 67812
348.723 67811
349.975 67810
349.982 67808
