0.005 26776
0.005 26662
0.005 26610
0.006 26603
0.006 26545
0.007 26507
0.007 26497
0.008 26353
0.008 26339
0.009 26291
0.009 26279
0.009 26252
0.01 26205
0.012 26188
0.013 26084
0.014 25981
0.014 25866
0.014 25857
0.015 25786
0.016 25749
0.017 25747
0.076 25731
0.076 25680
0.077 25667
0.114 25661
0.115 25657
0.119 25622
0.161 25618
0.162 25607
0.162 25558
0.167 25557
0.169 25526
0.17 25492
0.173 25463
0.182 25462
0.225 25351
0.276 25341
0.276 25338
0.302 25309
0.302 25266
0.303 25258
0.304 25247
0.499 25231
2.705 25216
2.708 25213
2.84 25190
2.84 25155
2.842 25135
4.296 25114
5.996 25088
62.165 25085
78.327 25083
78.723 25078
80.327 25077
82.826 25076
90.351 25071
90.353 25053
90.355 25050
106.82 25047
121.643 25038
121.644 25034
161.839 25009
161.843 25005
182.935 25002
182.955 25000
184.431 24999
184.433 24998
194.663 24992
194.663 24988
255.016 24987
255.483 24985
