0.005 37967
0.007 37963
0.007 37944
0.008 37938
0.011 37861
0.016 37703
0.032 37697
0.033 37676
0.035 37671
0.037 37502
0.038 37400
0.039 37399
0.044 37392
0.047 37386
0.049 37373
0.051 37366
0.053 37042
0.054 37037
0.055 37028
0.085 37027
0.087 37026
0.088 37025
0.091 37016
0.094 37002
0.101 36996
0.102 36992
0.103 36987
0.108 36983
0.109 36981
0.11 36448
0.111 36447
0.112 36422
0.113 36364
0.115 36363
0.115 36362
0.116 36355
0.122 36349
0.123 36340
0.153 36337
0.154 36327
0.158 36307
0.171 36144
0.174 36140
0.175 36131
0.176 36121
0.189 36118
0.194 36114
0.212 36112
0.243 36090
0.28 36069
0.28 36067
0.281 36061
0.284 36055
0.284 36054
0.29 36041
0.318 36040
0.319 36037
0.321 36036
0.326 36029
0.33 36028
0.333 36022
0.397 36013
0.399 35992
0.752 35982
0.826 35906
0.827 35774
0.828 35755
0.829 35734
0.832 35717
0.834 35712
0.863 35703
0.864 35673
0.875 35671
0.876 35667
0.877 35583
0.884 35581
0.939 35575
1.034 35574
1.037 35569
1.04 35568
1.044 35550
1.049 35534
1.05 35521
1.055 35517
1.339 35515
2.38 35513
2.381 35502
3.122 35478
3.124 35470
3.124 35469
3.522 35466
3.523 35465
3.598 35458
3.602 35457
3.625 35440
4.212 35431
4.214 35430
4.217 35424
4.219 35411
4.359 35409
4.362 35381
4.363 35377
4.374 35370
5.512 35366
5.555 35362
5.56 35354
5.567 35351
5.567 35337
5.568 35335
5.78 35330
5.782 35321
5.785 35317
5.788 35312
5.797 35307
5.798 35306
5.8 35297
5.916 35294
6.618 35293
6.619 35290
6.624 35288
8.303 35285
8.639 35281
8.644 35280
11.975 35279
15.894 35274
17.496 35271
17.497 35268
17.5 35261
22.527 35260
45.027 35257
67.922 35255
87.934 35252
87.939 35251
88.31 35249
91.277 35244
91.283 35243
91.284 35227
91.285 35226
91.287 35224
91.29 35221
157.684 35220
157.855 35216
191.308 35213
191.372 35212
192.214 35208
192.215 35205
225.625 35194
225.664 35192
225.667 35189
225.671 35187
225.672 35184
225.673 35180
225.886 35179
225.891 35173
225.892 35171
225.897 35169
225.899 35168
225.916 35165
225.917 35164
225.921 35161
225.927 35160
225.929 35158
225.93 35154
226.872 35153
226.891 35151
226.906 35148
226.909 35145
226.941 35142
226.942 35140
228.204 35135
228.205 35125
228.535 35122
228.536 35120
230.397 35107
230.433 35105
230.455 35102
230.459 35100
230.686 35095
230.689 35090
230.691 35089
230.693 35088
231.417 35086
231.613 35083
232.417 35082
234.337 35076
248.009 35072
273.821 35071
273.825 35070
284.357 35069
289.334 35062
305.002 35061
313.718 35059
313.863 35057
313.894 35056
313.896 35050
360.864 35049
360.87 35047
379.346 35046
379.408 35036
379.413 35035
379.434 35032
379.444 35030
379.474 35029
379.477 35024
379.511 35023
379.59 35022
379.601 35021
379.651 35019
379.667 35016
379.671 35015
