0.004 56057
0.005 55997
0.005 55994
0.006 55948
0.007 55946
0.008 55921
0.009 55874
0.01 55863
0.01 55828
0.01 55805
0.011 55777
0.014 55713
0.019 55710
0.023 55697
0.024 55687
0.032 55682
0.032 55653
0.033 55625
0.034 55537
0.034 55532
0.036 55514
0.036 55487
0.047 55445
0.048 55442
0.048 55441
0.049 55439
0.049 55438
0.057 55434
0.058 55428
0.059 55386
0.062 55359
0.069 55358
0.261 55237
0.265 55206
0.266 55195
0.277 55086
0.279 54926
0.288 54796
0.305 54689
0.311 54686
0.312 54602
0.345 54590
0.349 54552
0.349 54548
0.352 54434
0.372 54425
0.378 54353
0.444 54304
0.451 54298
0.451 54280
0.452 54273
0.453 54267
0.464 54266
0.473 54229
0.502 54207
0.502 54183
0.503 54136
0.604 54094
1.323 54088
1.338 54086
5.016 54081
5.018 54078
5.019 54071
5.019 54060
6.987 54059
6.998 54055
6.998 54049
7.047 54044
9.706 54037
9.709 54033
11.601 54021
12.169 54013
12.937 53999
12.938 53996
12.938 53993
12.973 53966
12.976 53964
42.978 53951
42.979 53945
42.98 53932
43.852 53914
43.853 53891
43.853 53885
135.007 53882
135.013 53880
135.043 53878
135.345 53877
139.789 53870
139.798 53867
139.942 53864
141.866 53859
141.929 53857
141.931 53852
141.942 53850
141.972 53845
163.726 53843
163.735 53838
163.737 53836
163.739 53835
164.163 53834
167.57 53826
179.445 53824
179.446 53819
183.553 53818
183.554 53813
183.556 53808
187.558 53801
187.572 53794
187.683 53791
187.692 53790
187.697 53786
187.703 53785
187.711 53782
187.72 53775
187.729 53774
187.746 53768
187.767 53766
217.81 53764
218.276 53758
223.216 53756
224.317 53752
224.411 53743
224.427 53741
224.621 53735
