0.007 45205
0.012 45155
0.012 45151
0.013 45109
0.013 44925
0.015 44889
0.015 44839
0.022 44775
0.023 44745
0.024 44698
0.026 44668
0.028 44584
0.09 44560
0.101 44518
0.102 44494
0.104 44468
0.105 44464
0.107 44408
0.108 44397
0.246 44387
0.246 44366
0.247 44361
0.248 44285
0.253 44273
0.502 44260
0.506 44251
0.507 44249
0.514 44244
0.515 44204
0.519 44203
2.24 44193
2.332 44190
2.332 44169
2.334 44142
2.345 44121
2.346 44111
2.346 44110
2.984 44088
2.985 44081
3.031 44059
3.044 44053
4.812 44046
6.697 44033
6.893 44002
6.894 43992
6.894 43965
6.897 43958
6.898 43920
6.908 43914
17.401 43899
42.235 43875
53.118 43811
53.119 43797
61.804 43789
61.813 43779
61.977 43774
61.98 43763
80.036 43750
80.04 43741
81.278 43718
94.755 43713
94.919 43700
94.921 43676
94.926 43663
94.928 43662
94.93 43646
94.936 43645
94.946 43636
94.947 43635
124.393 43634
124.395 43608
124.509 43602
125.432 43596
125.433 43592
125.436 43585
125.439 43579
125.705 43577
125.869 43571
126.155 43553
155.844 43551
155.849 43545
155.851 43544
155.895 43542
155.917 43533
175.404 43530
179.925 43521
179.928 43519
180.1 43516
180.113 43505
180.498 43504
180.505 43499
180.505 43492
180.509 43491
181.246 43489
181.335 43484
181.372 43477
181.651 43467
182.09 43465
182.094 43458
182.098 43457
215.701 43453
280.242 43451
