0.006 34360
0.007 34269
0.007 34032
0.008 34006
0.01 34004
0.011 33997
0.011 33968
0.012 33908
0.014 33844
0.015 33793
0.018 33711
0.019 33659
0.021 33636
0.021 33635
0.022 33608
0.025 33599
0.025 33579
0.026 33405
0.04 33378
0.047 33297
0.048 33275
0.056 33270
0.215 33208
0.238 33175
0.24 33152
0.445 33137
0.465 33097
0.466 33058
0.467 32999
0.467 32925
0.468 32911
1.062 32860
1.063 32844
1.414 32840
1.418 32826
2.821 32822
2.829 32777
2.83 32769
4.605 32707
4.606 32597
4.621 32577
11.665 32542
11.669 32535
11.671 32493
25.013 32492
33.249 32474
77.07 32462
77.07 32450
77.085 32446
77.087 32442
77.09 32427
77.096 32418
77.119 32409
78.08 32371
78.081 32369
78.334 32364
101.121 32343
101.125 32332
101.13 32331
101.134 32325
101.136 32320
117.534 32305
117.538 32303
117.576 32301
117.622 32290
117.624 32285
117.629 32280
166.878 32278
194.19 32277
195.288 32275
195.289 32274
195.296 32271
195.296 32264
