0.007 33451
0.008 33444
0.008 33439
0.008 33367
0.009 33340
0.01 33309
0.01 33228
0.01 33214
0.011 33197
0.012 33192
0.012 33166
0.047 33099
0.064 33074
0.065 33056
0.066 33003
0.088 32979
0.097 32958
0.097 32902
0.098 32866
0.098 32855
0.099 32846
0.105 32829
0.108 32698
0.109 32626
0.109 32623
0.11 32619
0.11 32617
0.111 32594
0.129 32520
0.308 32518
0.308 32446
0.314 32432
0.315 32401
0.315 32395
0.317 32390
0.754 32377
2.095 32371
2.096 32363
2.097 32337
2.097 32265
5.766 32262
5.769 32213
5.771 32206
6.992 32199
6.993 32197
11.65 32163
11.65 32124
11.653 32119
31.683 32111
31.684 32102
31.816 32091
38.136 32077
38.137 32075
38.137 32056
38.138 32055
43.548 32054
49.646 32051
66.175 32050
66.191 32028
66.317 32025
66.378 32023
66.384 32015
66.589 31996
66.592 31988
66.611 31987
76.57 31984
76.572 31969
79.84 31966
79.842 31964
94.597 31941
96.268 31939
96.279 31929
96.286 31917
96.288 31906
96.438 31894
100.994 31891
108.546 31885
108.546 31881
108.551 31865
112.499 31862
113.461 31861
119.103 31859
119.106 31858
119.106 31849
135.188 31843
135.189 31838
135.203 31835
143.749 31825
145.562 31824
153.098 31814
156.235 31811
156.243 31810
157.322 31807
157.328 31806
157.332 31802
161.901 31799
167.031 31797
167.058 31796
167.063 31792
181.335 31787
