0.004 107413
0.005 107402
0.006 107395
0.007 107385
0.008 107329
0.008 107273
0.009 107242
0.009 107241
0.011 107187
0.011 107153
0.014 107143
0.014 107107
0.018 107101
0.019 106982
0.054 106981
0.056 106959
0.059 106937
0.06 106926
0.062 106925
0.064 106922
0.087 106894
0.098 106803
0.11 106773
0.14 106697
0.163 106685
0.166 106645
0.167 106641
0.264 106631
0.264 106628
0.268 106614
0.269 106611
0.269 106608
0.271 106594
0.51 106584
0.512 106581
0.523 106579
0.54 106578
0.555 106571
0.556 106569
126.125 106568
126.171 106567
126.172 106564
126.183 106561
126.183 106559
220.436 106558
360.571 106557
370.268 106555
455.205 106549
455.218 106548
509.978 106547
609.801 106543
688.426 106541
688.45 106540
819.653 106536
819.779 106533
