0.005 26626
0.005 26614
0.005 26612
0.006 26413
0.006 26300
0.006 26216
0.007 26149
0.007 26135
0.008 26078
0.009 26026
0.012 26009
0.014 25777
0.014 25753
0.016 25742
0.018 25708
0.02 25699
0.031 25691
0.031 25588
0.033 25587
0.034 25580
0.035 25578
0.109 25576
0.11 25560
0.113 25540
0.114 25539
0.123 25497
0.124 25481
0.124 25416
0.125 25404
0.126 25367
0.187 25312
0.203 25306
0.203 25216
0.546 25203
2.368 25198
2.369 25168
2.426 25136
3.332 25123
24.961 25110
24.961 25109
24.961 25107
30.224 25097
36.178 25092
36.178 25082
58.148 25070
76.382 25044
78.059 25041
96.082 25026
