0.006 33967
0.007 33965
0.007 33909
0.008 33650
0.008 33645
0.009 33538
0.01 33419
0.01 33395
0.01 33386
0.011 33349
0.011 33342
0.011 33338
0.022 33281
0.023 33273
0.023 33256
0.024 33242
0.024 33240
0.025 33238
0.026 33226
0.029 33214
0.029 33202
0.03 33188
0.034 33170
0.035 33164
0.036 33153
0.036 33064
0.036 33057
0.037 33056
0.039 33051
0.043 32881
0.044 32870
0.044 32837
0.045 32825
0.045 32803
0.045 32800
0.046 32798
0.047 32774
0.049 32693
0.052 32689
0.055 32672
0.071 32664
0.072 32648
0.072 32624
0.096 32619
0.098 32616
0.098 32606
0.113 32605
0.148 32596
0.15 32592
0.15 32570
0.151 32557
0.152 32551
0.153 32545
0.252 32515
0.254 32509
0.256 32481
0.387 32466
0.412 32461
0.421 32446
0.422 32436
0.424 32374
0.427 32362
1.006 32302
1.009 32294
1.009 32291
1.032 32272
1.033 32250
1.647 32179
1.648 32161
1.648 32150
1.649 32149
1.65 32125
1.651 32106
1.837 32079
1.84 32034
1.841 32028
1.842 32026
1.842 32014
1.845 32008
1.996 32007
1.997 31996
1.998 31992
2.159 31981
2.165 31977
2.165 31975
2.165 31959
2.166 31941
2.166 31938
2.167 31935
2.169 31893
2.169 31878
4.686 31876
4.688 31861
4.689 31859
6.044 31818
6.046 31809
8.326 31807
19.418 31794
42.771 31789
45.281 31743
45.285 31713
70.131 31709
84.45 31703
101.993 31701
103.444 31693
105.944 31675
134.849 31674
136.988 31662
136.99 31661
145.754 31653
145.76 31647
145.761 31646
145.761 31636
174.818 31630
176.059 31627
176.068 31623
176.071 31615
176.079 31614
176.767 31594
176.774 31588
177.832 31587
181.171 31584
181.266 31580
181.293 31570
214.166 31565
217.923 31560
218.11 31554
243.138 31550
251.279 31545
262.538 31544
279.382 31541
280.072 31537
