0.004 11029
0.004 11022
0.005 10982
0.006 10975
0.007 10961
0.007 10956
0.009 10892
0.009 10884
0.011 10794
0.012 10788
0.012 10757
0.015 10731
0.016 10716
0.017 10715
0.018 10703
0.022 10702
0.025 10700
0.026 10656
0.03 10636
0.048 10628
0.052 10620
0.1 10615
0.102 10613
0.108 10581
0.11 10549
0.117 10528
0.119 10497
0.119 10492
0.12 10487
0.122 10480
0.144 10479
0.148 10476
0.148 10441
0.15 10437
0.242 10435
0.251 10434
0.27 10424
0.341 10391
0.577 10389
0.881 10382
0.91 10379
0.91 10377
0.921 10368
0.924 10340
2.082 10317
2.083 10315
2.085 10310
2.086 10300
2.53 10299
2.547 10296
2.547 10288
4.235 10280
4.251 10279
7.691 10277
7.692 10264
7.841 10261
8.067 10258
8.191 10239
14.024 10224
14.03 10209
14.031 10193
14.031 10191
25.302 10180
25.303 10168
83.177 10162
111.155 10161
213.401 10157
213.445 10148
259.644 10147
