0.01 49432
0.01 49409
0.01 49391
0.011 49366
0.011 49346
0.011 49310
0.012 49253
0.019 49237
0.022 49232
0.023 49179
0.023 49165
0.023 49161
0.023 49155
0.025 49132
0.031 49123
0.032 49117
0.033 49032
0.035 49028
0.035 49010
0.039 48943
0.04 48917
0.044 48858
0.047 48806
0.054 48788
0.057 48787
0.06 48640
0.063 48635
0.064 48633
0.065 48627
0.072 48616
0.073 48601
0.082 48589
0.082 48579
0.109 48533
0.109 48482
0.11 48478
0.111 48469
0.112 48463
0.196 48448
0.196 48443
0.2 48424
0.201 48319
0.206 48315
0.206 48314
0.208 48297
0.377 48269
0.396 48266
0.397 48227
0.399 48224
0.4 48218
0.404 48215
0.413 48212
0.415 48210
0.419 48161
0.47 48119
0.471 48116
0.52 48104
0.522 48098
0.534 48085
0.537 48066
0.544 48058
0.545 48031
0.545 47978
0.548 47968
0.55 47956
0.552 47950
0.567 47943
0.569 47936
1.499 47904
1.52 47872
1.526 47819
1.527 47813
1.531 47787
1.533 47779
1.543 47765
1.544 47756
1.577 47739
1.578 47730
6.846 47684
11.709 47680
13.856 47631
15.128 47618
15.137 47609
23.957 47600
23.965 47599
26.108 47581
26.114 47576
26.115 47572
26.123 47558
27.64 47555
27.644 47534
49.244 47521
49.245 47498
70.058 47496
70.062 47494
70.076 47491
70.076 47486
70.077 47484
70.079 47470
94.336 47462
94.349 47450
94.773 47448
94.774 47445
95.94 47443
95.966 47428
95.967 47427
95.969 47423
95.972 47422
95.974 47420
95.975 47412
100.212 47392
100.213 47390
100.217 47380
100.218 47369
101.656 47341
101.657 47321
101.667 47320
101.669 47312
101.675 47311
101.851 47265
101.875 47264
104.489 47254
104.498 47253
104.5 47251
104.534 47250
104.538 47244
112.489 47238
112.5 47237
113.285 47236
113.356 47232
114.358 47231
114.362 47229
124.71 47207
125.871 47205
125.872 47204
125.882 47197
125.912 47190
125.916 47189
125.959 47187
125.966 47180
126.412 47177
126.414 47138
165.056 47131
165.073 47129
165.073 47126
165.079 47108
165.086 47106
192.367 47094
195.959 47092
214.761 47091
214.778 47088
223.143 47087
223.145 47083
235.593 47082
235.602 47079
