0.008 89322
0.01 89255
0.01 89246
0.011 89197
0.012 89190
0.014 89167
0.015 89049
0.022 88623
0.064 88484
0.065 88456
0.065 88451
0.067 88427
0.076 88402
0.076 88305
0.129 88301
0.13 88295
0.131 88294
0.139 88268
0.139 88248
0.146 88028
0.153 88012
0.156 87792
0.157 87782
0.17 87759
0.171 87758
0.174 87753
0.177 87744
0.178 87689
0.185 87619
0.185 87596
0.187 87570
0.187 87566
0.188 87554
0.246 87508
0.247 87408
0.293 87385
0.347 87368
0.351 87348
0.351 87265
0.352 87264
0.439 87176
0.442 87169
0.444 87143
0.448 87141
1.185 87117
1.27 87079
1.272 87054
1.273 87043
1.274 87010
1.276 86980
1.277 86972
1.277 86970
1.28 86953
1.304 86942
1.532 86933
1.535 86930
1.54 86925
1.544 86857
1.548 86850
1.56 86839
2.387 86809
2.389 86785
2.39 86728
2.438 86705
2.441 86695
2.444 86692
4.425 86674
7.008 86670
7.008 86661
7.008 86628
7.338 86627
7.345 86613
13.487 86596
13.605 86592
13.605 86561
13.828 86552
13.832 86441
13.837 86440
13.839 86436
13.84 86434
13.858 86428
13.88 86423
13.883 86421
14.664 86400
14.666 86393
14.827 86390
14.908 86388
14.909 86370
14.909 86368
15.301 86367
15.307 86366
38.787 86356
38.788 86351
38.789 86338
38.8 86299
38.836 86288
38.847 86279
39.666 86276
39.672 86270
39.676 86269
39.678 86262
39.683 86259
42.34 86245
80.691 86232
80.695 86222
80.706 86205
80.716 86204
80.719 86178
80.722 86171
83.617 86160
83.624 86152
83.624 86145
83.63 86116
83.633 86112
83.648 86111
83.704 86100
84.333 86079
84.334 86078
84.336 86042
95.445 86027
97.426 86019
97.429 86009
121.554 85996
121.578 85995
129.989 85993
134.323 85989
141.877 85988
141.881 85981
141.909 85976
147.533 85964
147.548 85962
147.548 85961
147.55 85952
147.558 85947
148.311 85899
148.317 85894
148.368 85893
148.402 85868
194.893 85864
196.243 85862
213.265 85858
214.483 85857
214.498 85855
214.501 85849
214.602 85844
214.667 85843
221.085 85841
222.548 85836
222.559 85827
222.565 85826
234.673 85823
234.762 85820
307.696 85819
307.704 85818
307.706 85817
307.746 85815
