0.008 26124
0.008 26112
0.008 26026
0.008 25945
0.009 25938
0.009 25936
0.011 25932
0.013 25918
0.014 25915
0.014 25848
0.017 25824
0.018 25793
0.019 25790
0.019 25787
0.02 25762
0.023 25758
0.027 25742
0.061 25740
0.062 25725
0.062 25711
0.069 25684
0.07 25667
0.071 25662
0.072 25650
0.079 25637
0.083 25607
0.083 25602
0.088 25600
0.09 25512
0.091 25496
0.093 25491
0.127 25452
0.128 25449
0.129 25413
0.132 25388
0.132 25377
0.138 25355
0.139 25306
0.139 25284
0.152 25272
0.165 25270
0.165 25262
0.168 25247
0.168 25242
0.168 25236
0.169 25167
0.246 25154
0.252 25143
0.253 25121
0.254 25118
0.256 25088
0.256 25087
0.258 25080
0.518 25021
0.518 25018
0.519 25017
0.581 24997
0.585 24991
0.665 24954
0.704 24946
0.704 24915
0.944 24872
1.108 24818
1.111 24808
1.115 24805
1.339 24796
1.34 24778
1.341 24766
1.342 24726
1.342 24722
10 24704
10.001 24703
10.002 24700
19.703 24661
28.339 24653
36.724 24652
37.388 24630
37.699 24618
60.219 24615
60.511 24594
62.423 24589
105.855 24587
105.878 24583
105.892 24568
105.994 24562
105.996 24561
107.235 24558
107.237 24546
122.4 24522
122.455 24516
145.044 24509
176.855 24506
176.858 24498
182.393 24494
191.953 24488
191.956 24484
191.969 24481
219.158 24480
219.394 24479
220.07 24477
222.106 24470
222.118 24466
244.657 24464
244.799 24458
