0.008 72788
0.008 72787
0.009 72754
0.01 72713
0.01 72672
0.011 72628
0.011 72621
0.012 72564
0.012 72544
0.013 72536
0.015 72478
0.021 72473
0.028 72441
0.029 72438
0.036 72434
0.037 72426
0.039 72423
0.04 72418
0.04 72417
0.041 72338
0.095 72283
0.097 72282
0.098 72264
0.099 72262
0.101 72242
0.102 72229
0.103 72227
0.103 72225
0.106 72192
0.107 72165
0.108 72156
0.11 72136
0.169 72134
0.171 72128
0.173 72118
0.173 72114
0.534 72069
0.536 72067
0.537 72063
0.541 72058
0.557 72047
2.978 72038
2.979 72036
2.981 72035
4.237 72003
6.28 72000
7.066 71996
7.071 71986
7.087 71981
7.468 71963
7.484 71940
7.693 71881
48.633 71869
48.634 71867
48.661 71864
117.583 71859
127.736 71856
128.929 71853
128.929 71846
128.93 71844
129.043 71843
129.047 71836
129.051 71816
129.052 71815
166.426 71804
223.462 71803
223.465 71801
226.925 71796
226.93 71795
227.683 71793
227.685 71792
233.013 71791
236.972 71787
236.978 71780
239.708 71778
248.226 71774
290.73 71763
325.303 71754
333.941 71749
333.948 71746
335.628 71737
335.629 71734
377.885 71731
381.172 71726
406.094 71722
407.468 71721
412.365 71716
461.33 71715
502.362 71709
549.542 71708
551.269 71707
