0.007 26173
0.008 26065
0.008 26008
0.009 25940
0.009 25933
0.01 25917
0.015 25914
0.016 25864
0.017 25818
0.022 25778
0.022 25771
0.023 25731
0.034 25724
0.034 25712
0.037 25651
0.038 25631
0.038 25619
0.038 25594
0.049 25577
0.05 25545
0.05 25488
0.051 25486
0.051 25484
0.052 25473
0.053 25453
0.053 25371
0.054 25361
0.056 25360
0.056 25353
0.059 25346
0.06 25345
0.062 25271
0.065 25254
0.067 25219
0.068 25182
0.068 25181
0.069 25176
0.071 25158
0.072 25118
0.074 25084
0.076 25070
0.077 25065
0.078 25031
1.683 25015
1.685 25008
1.716 24998
1.791 24970
1.803 24955
1.819 24951
1.819 24929
1.82 24919
1.825 24912
1.91 24911
1.911 24907
1.911 24903
1.914 24895
1.915 24889
2.005 24773
2.008 24769
3.152 24712
3.152 24682
3.157 24680
36.705 24657
36.765 24653
36.767 24648
36.802 24620
36.807 24616
36.807 24607
36.808 24605
59.219 24602
76.861 24599
88.899 24596
90.32 24593
94.079 24591
94.08 24589
94.081 24588
94.102 24576
94.109 24575
97.708 24566
97.84 24563
98.418 24562
99.18 24560
101.888 24536
101.913 24526
109.496 24518
109.514 24512
109.515 24499
109.519 24493
139.786 24490
139.792 24489
139.801 24481
139.805 24479
175.218 24474
175.221 24470
181.137 24469
181.138 24460
181.139 24459
187.121 24457
190.743 24456
213.871 24454
215.934 24452
216.583 24443
216.637 24435
216.666 24433
227.607 24431
227.648 24430
227.682 24429
227.691 24428
255.268 24426
255.273 24424
255.289 24423
264.018 24420
264.022 24418
264.024 24417
265.372 24414
273.161 24413
273.168 24411
275.722 24408
275.722 24404
