0.008 30592
0.008 30573
0.008 30565
0.009 30519
0.009 30500
0.009 30491
0.01 30463
0.01 30408
0.01 30360
0.01 30358
0.011 30354
0.011 30225
0.012 30215
0.012 30195
0.012 30189
0.012 30184
0.013 30183
0.014 30177
0.015 30168
0.017 30004
0.017 30003
0.018 30000
0.018 29969
0.019 29941
0.019 29933
0.021 29929
0.022 29896
0.023 29878
0.026 29863
0.027 29799
0.027 29789
0.029 29773
0.031 29770
0.031 29751
0.032 29731
0.032 29711
0.035 29578
0.036 29554
0.036 29520
0.037 29498
0.037 29475
0.039 29449
0.039 29447
0.04 29415
0.041 29400
0.051 29357
0.051 29332
0.053 29232
0.054 29202
0.054 29196
0.055 29134
0.056 29129
0.082 29113
0.084 29106
0.088 29046
0.088 29030
0.089 29016
0.11 29004
0.283 29001
0.285 28991
0.302 28965
0.335 28959
0.337 28947
0.434 28920
0.439 28863
0.439 28857
1.449 28854
1.451 28853
2.115 28852
2.134 28840
2.137 28789
4.845 28781
10.337 28774
10.346 28740
15.917 28737
15.919 28707
15.92 28700
36.624 28697
36.625 28689
43.487 28684
43.487 28682
43.489 28658
43.49 28654
43.492 28652
43.496 28642
60.565 28632
60.566 28617
60.566 28603
108.7 28592
108.701 28584
108.703 28561
117.332 28559
117.335 28548
137.342 28546
137.351 28541
140.607 28539
140.607 28537
140.608 28529
145.092 28526
163.866 28525
163.867 28511
163.875 28509
195.937 28507
222.197 28506
222.256 28502
256.921 28501
