0.008 89358
0.01 89289
0.011 89288
0.013 89267
0.016 89253
0.019 89250
0.019 89249
0.021 89182
0.022 89039
0.023 89017
0.026 88993
0.029 88964
0.034 88960
0.034 88878
0.035 88835
0.038 88748
0.039 88747
0.052 88641
0.053 88635
0.053 88627
0.062 88583
0.066 88554
0.075 88520
0.077 88410
0.082 88409
0.082 88405
0.1 88386
0.105 88384
0.117 88113
0.117 88075
0.12 88036
0.122 88030
0.125 88016
0.126 88009
0.134 87923
0.134 87921
0.138 87848
0.141 87768
0.142 87725
0.143 87681
0.144 87619
0.145 87518
0.153 87489
0.155 87450
0.158 87449
0.232 87425
0.233 87421
0.234 87418
0.236 87396
0.236 87390
0.244 87385
0.251 87361
0.251 87342
0.252 87307
0.257 87271
0.257 87264
0.264 87250
0.272 87234
0.278 87196
0.278 87191
0.41 87186
0.411 87175
0.789 87110
0.791 87097
0.793 87095
0.793 87090
0.794 87088
0.803 87084
0.804 87083
0.805 87076
0.808 87069
1.675 87047
1.676 87044
1.678 87035
1.679 86974
1.679 86973
1.714 86970
1.714 86965
1.753 86928
1.757 86927
1.757 86817
1.759 86773
1.759 86767
1.761 86701
17.662 86696
17.67 86668
17.673 86613
17.684 86565
17.685 86563
17.689 86556
17.808 86546
17.808 86536
17.814 86521
17.814 86497
17.82 86454
17.823 86440
30.407 86414
36.377 86412
36.52 86410
36.526 86392
48.851 86370
66.771 86367
66.771 86366
66.775 86356
75.456 86348
83.451 86332
83.456 86327
83.673 86319
85.354 86318
85.359 86299
85.362 86293
85.363 86289
85.378 86287
85.869 86270
85.947 86265
86.59 86255
86.596 86252
86.715 86231
86.718 86230
86.727 86225
86.728 86224
86.738 86206
86.767 86201
86.778 86189
86.783 86169
87.27 86165
87.332 86164
91.67 86106
91.673 86081
91.683 86052
91.688 86030
91.694 86027
91.764 86026
91.773 86001
91.776 85994
91.776 85989
91.778 85983
91.814 85966
91.819 85963
91.822 85954
168.798 85953
168.798 85946
172.601 85941
172.603 85936
172.604 85930
172.605 85929
175.8 85928
177.511 85864
179.89 85859
179.89 85851
180.332 85837
180.338 85835
180.339 85834
180.344 85811
181.761 85806
181.772 85795
181.782 85792
210.898 85791
210.901 85790
210.913 85787
210.934 85780
237.12 85779
237.181 85769
237.267 85767
247.993 85762
248.006 85761
252.435 85760
252.442 85756
261.843 85755
261.989 85754
261.998 85753
264.651 85745
264.676 85743
264.68 85742
293.568 85738
293.578 85737
