0.008 30586
0.008 30577
0.008 30549
0.009 30525
0.009 30517
0.009 30352
0.009 30304
0.01 30263
0.01 30221
0.01 30219
0.011 30218
0.011 30199
0.013 30193
0.016 30160
0.016 30137
0.017 30131
0.018 30116
0.023 30059
0.024 30055
0.024 30050
0.025 30040
0.025 30039
0.026 29979
0.027 29977
0.027 29965
0.028 29931
0.029 29927
0.032 29917
0.036 29869
0.037 29788
0.038 29785
0.039 29776
0.039 29668
0.04 29645
0.04 29611
0.041 29604
0.041 29584
0.043 29553
0.044 29537
0.048 29534
0.057 29465
0.058 29309
0.059 29239
0.06 29217
0.063 29208
0.073 29163
0.076 29105
0.077 29094
0.102 29088
0.103 29067
0.106 29066
0.112 29042
0.116 29041
0.122 29018
0.123 28986
0.123 28970
0.187 28901
0.254 28884
0.255 28871
1.007 28859
1.01 28835
1.02 28830
1.022 28819
1.024 28802
1.025 28784
1.026 28768
1.284 28767
1.286 28725
1.286 28692
1.289 28689
4.559 28685
17.645 28680
17.646 28673
50.911 28670
62.481 28663
62.483 28652
75.589 28649
75.647 28636
102.478 28631
102.486 28615
102.487 28589
111.154 28583
136.697 28581
137.045 28578
137.091 28576
137.092 28574
150.231 28564
163.51 28563
163.517 28550
163.522 28549
163.553 28545
166.006 28537
166.008 28534
166.023 28529
166.024 28526
166.025 28519
166.027 28515
166.027 28512
170.401 28502
174.316 28500
191.351 28495
192.808 28492
247.326 28490
248.617 28489
255.909 28488
262.613 28486
265.856 28484
268.955 28472
