0.011 61692
0.011 61672
0.012 61630
0.012 61625
0.016 61602
0.017 61562
0.018 61557
0.019 61528
0.019 61379
0.019 61333
0.02 61321
0.021 61309
0.022 61308
0.022 61302
0.023 61296
0.023 61256
0.024 61254
0.026 61248
0.028 61209
0.03 61186
0.032 61112
0.033 61108
0.033 61103
0.033 60966
0.041 60963
0.042 60948
0.043 60910
0.043 60900
0.045 60881
0.054 60860
0.061 60820
0.066 60818
0.068 60768
0.069 60734
0.077 60733
0.081 60706
0.084 60702
0.085 60691
0.085 60668
0.096 60653
0.096 60617
0.097 60554
0.098 60531
0.576 60496
0.595 60473
0.596 60435
0.609 60424
0.635 60419
0.636 60315
0.654 60310
1.637 60308
1.771 60301
3.895 60288
3.998 60272
4.001 60270
4.004 60257
4.018 60243
4.044 60222
4.045 60206
6.372 60200
6.373 60189
6.378 60181
7.262 60174
7.265 60134
7.515 60106
7.517 60061
7.518 60057
7.522 60052
7.523 60018
7.526 60016
7.528 59995
7.531 59982
7.538 59968
7.543 59922
7.594 59908
7.595 59900
7.706 59886
7.713 59875
7.736 59856
7.737 59854
31.016 59839
31.021 59817
31.027 59812
31.031 59792
31.041 59784
90.321 59761
90.323 59756
91.734 59752
91.738 59731
91.741 59726
91.743 59712
92.081 59697
118.177 59681
118.181 59668
118.234 59661
118.238 59660
118.241 59633
118.241 59627
118.252 59616
118.307 59613
118.998 59612
119.012 59588
119.016 59584
171.328 59574
171.44 59567
171.446 59555
174.52 59550
174.529 59547
200.217 59532
200.481 59530
200.483 59529
200.544 59527
200.627 59525
200.64 59515
200.64 59504
202.526 59501
202.531 59494
202.585 59482
202.721 59478
202.724 59477
208.745 59472
254.736 59470
254.764 59462
254.998 59459
255.043 59455
255.053 59453
255.063 59449
255.126 59448
255.13 59442
312.295 59437
312.399 59436
312.409 59432
312.429 59431
314.051 59430
314.589 59422
314.591 59421
315.136 59418
316.693 59409
317.116 59401
328.161 59400
346.851 59398
346.868 59397
355.235 59396
355.358 59394
