0.008 89362
0.01 89347
0.011 89280
0.012 89273
0.014 89262
0.014 89258
0.015 89231
0.015 89208
0.016 89149
0.024 88920
0.031 88907
0.032 88901
0.037 88653
0.038 88645
0.057 88627
0.058 88583
0.06 88560
0.091 88271
0.092 88242
0.095 88222
0.096 88204
0.101 88138
0.103 88130
0.103 88014
0.134 88009
0.137 87953
0.138 87930
0.198 87906
0.203 87844
0.209 87820
0.214 87810
0.22 87809
0.223 87801
0.224 87786
0.234 87782
0.236 87766
0.237 87764
0.241 87757
0.265 87736
0.268 87726
0.275 87721
0.276 87704
0.278 87687
0.278 87656
0.279 87636
0.287 87571
0.288 87563
0.288 87561
0.292 87521
0.295 87503
0.345 87405
0.362 87386
0.362 87370
0.411 87279
0.412 87275
0.415 87251
0.418 87221
0.419 87206
0.419 87204
0.42 87197
0.421 87159
0.421 87132
0.423 87107
0.424 87104
0.424 87077
0.426 87063
0.431 87048
0.516 87047
0.616 87027
0.63 87024
0.632 86985
0.637 86979
0.638 86957
0.639 86920
0.64 86894
0.64 86876
0.656 86873
0.658 86872
0.765 86832
0.768 86830
0.775 86824
2.531 86809
2.533 86808
2.536 86807
2.549 86796
2.55 86793
2.552 86777
2.554 86684
2.555 86683
2.865 86681
2.889 86655
2.904 86637
2.905 86636
3.964 86583
3.964 86572
34.893 86510
34.949 86500
34.951 86489
34.953 86475
48.34 86445
48.341 86443
48.342 86438
48.359 86406
48.373 86378
48.374 86350
48.376 86346
51.042 86341
51.051 86333
51.06 86324
51.09 86321
51.253 86317
51.254 86315
51.259 86314
51.303 86307
51.305 86305
51.422 86285
51.431 86251
51.432 86215
51.433 86214
51.436 86213
51.453 86206
51.459 86205
53.436 86177
56.415 86151
56.419 86145
60.989 86142
61.002 86141
61.003 86139
61.01 86122
61.012 86121
61.013 86101
61.021 86097
61.069 86091
61.072 86078
61.073 86077
61.077 86069
100.01 86063
100.083 86045
108.345 86041
108.348 86027
108.349 86025
110.75 86021
114.705 86008
114.771 85991
115.54 85984
115.8 85978
115.843 85970
115.844 85967
115.845 85960
115.889 85954
115.9 85946
115.903 85940
115.904 85928
115.905 85925
125.343 85920
125.361 85919
125.365 85902
125.368 85901
125.374 85900
125.376 85892
125.38 85890
125.405 85889
130.255 85881
130.287 85873
130.29 85868
130.292 85858
169.846 85855
170.982 85844
170.984 85841
176.721 85829
177.322 85825
177.341 85823
177.345 85821
177.356 85818
177.36 85813
193.092 85798
241.692 85795
241.707 85793
243.089 85789
245.258 85785
245.274 85780
245.287 85779
245.377 85773
245.378 85764
245.425 85763
245.543 85761
245.545 85757
245.556 85756
251.184 85750
258.213 85746
258.335 85745
258.369 85744
258.37 85743
262.946 85742
279.088 85739
279.089 85738
279.525 85736
