0.009 24983
0.01 24957
0.011 24917
0.011 24915
0.013 24890
0.013 24880
0.014 24853
0.014 24845
0.016 24830
0.021 24720
0.023 24703
0.026 24683
0.028 24677
0.03 24673
0.041 24601
0.042 24587
0.042 24581
0.043 24545
0.043 24538
0.049 24523
0.051 24514
0.051 24472
0.082 24452
0.084 24451
0.085 24415
0.104 24366
0.108 24365
0.291 24344
0.321 24296
0.33 24282
0.722 24274
0.723 24251
0.733 24250
0.737 24247
0.741 24242
0.798 24200
0.798 24194
0.8 24191
1.484 24187
1.486 24178
2.787 24175
2.787 24165
2.788 24159
2.789 24152
2.802 24132
6.54 24119
6.693 24099
17.963 24098
17.965 24094
17.967 24087
17.968 24080
32.212 24079
32.22 24077
32.222 24071
44.275 24050
56.069 24046
56.069 24044
56.07 24037
56.073 24026
56.074 23988
56.076 23986
56.081 23983
56.084 23972
117.668 23969
117.713 23961
117.725 23953
118.213 23948
118.215 23943
118.31 23933
118.314 23932
118.315 23924
118.33 23923
118.335 23921
118.339 23918
118.34 23911
118.342 23909
118.354 23908
118.387 23903
118.387 23902
118.399 23901
118.4 23890
118.4 23888
118.404 23879
119.902 23877
120.526 23872
120.562 23869
120.569 23867
120.95 23865
120.998 23860
121.017 23852
157.108 23850
164.065 23838
165.591 23836
165.61 23830
166.54 23823
166.542 23821
169.25 23820
175.95 23818
175.977 23812
177.033 23811
177.042 23810
187.116 23805
187.157 23803
231.974 23802
231.982 23799
231.999 23798
241.839 23797
241.946 23795
241.967 23791
