0.009 40807
0.009 40761
0.011 40712
0.012 40686
0.013 40674
0.014 40599
0.016 40540
0.016 40492
0.019 40474
0.019 40452
0.019 40410
0.02 40376
0.022 40369
0.022 40368
0.023 40330
0.028 40239
0.029 40188
0.029 40155
0.03 40140
0.037 40064
0.039 39945
0.061 39911
0.061 39873
0.063 39865
0.063 39855
0.065 39850
0.066 39849
0.069 39844
0.072 39589
0.072 39519
0.075 39516
0.076 39494
0.076 39486
0.113 39441
0.115 39423
0.119 39415
0.391 39410
0.392 39380
0.807 39344
0.828 39197
0.833 39190
0.834 39147
0.88 39143
0.882 39059
11.438 39056
12.727 39035
12.77 39034
13.171 38973
13.171 38968
13.172 38909
13.175 38895
13.177 38885
13.177 38881
43.319 38877
78.293 38873
78.296 38868
78.297 38854
78.354 38853
78.388 38851
78.392 38847
85.292 38844
86.928 38836
86.929 38823
86.93 38817
86.931 38808
86.933 38805
86.935 38798
86.942 38768
141.085 38765
141.086 38726
141.086 38714
171.324 38711
185.197 38703
191.69 38698
191.707 38695
191.714 38685
192.062 38672
192.096 38666
192.098 38665
215.158 38652
227.035 38647
227.08 38646
239.817 38633
239.892 38627
239.958 38625
239.966 38624
254.668 38623
254.679 38613
254.691 38612
