0.009 132142
0.009 132121
0.012 132033
0.015 131961
0.016 131570
0.017 130986
0.023 130885
0.024 130860
0.025 130858
0.026 130814
0.027 130712
0.03 130442
0.031 130437
0.031 130409
0.032 130183
0.042 129900
0.044 129854
0.045 129830
0.047 129569
0.047 129529
0.048 129446
0.056 129042
0.056 129004
0.061 128977
0.062 128968
0.069 128938
0.069 128807
0.072 128806
0.073 128802
0.075 128783
0.083 128771
0.084 128739
0.087 128715
0.108 128696
0.109 128695
0.113 128681
0.169 128660
0.182 128610
0.182 128602
0.188 128570
0.206 128488
0.207 128455
0.208 128379
0.21 128377
0.211 128360
0.221 128354
0.222 128340
0.323 128337
0.482 128302
0.482 128287
0.483 128283
0.484 128243
0.513 128210
0.8 128151
0.807 128066
0.808 128040
0.811 128001
0.819 127997
0.824 127929
0.825 127908
0.832 127871
0.84 127859
0.84 127840
0.841 127839
0.863 127830
0.864 127829
0.9 127773
0.901 127648
0.91 127619
0.916 127578
0.918 127563
1.31 127526
1.311 127509
1.312 127285
1.314 127176
1.319 127145
4.797 127063
4.803 127055
4.811 127050
4.813 126983
4.814 126982
4.818 126972
6.607 126965
6.608 126958
6.617 126934
6.619 126930
6.622 126927
6.641 126903
6.648 126893
6.649 126885
6.655 126866
6.667 126857
6.668 126849
6.685 126848
6.686 126844
6.688 126840
6.714 126826
6.731 126817
6.734 126773
6.74 126740
22.556 126739
22.557 126734
22.564 126720
24.397 126710
24.402 126703
24.403 126688
26.096 126684
26.098 126681
26.12 126677
26.126 126676
26.153 126642
26.155 126617
26.157 126616
27.331 126613
27.942 126598
27.945 126574
27.947 126566
29.818 126561
29.822 126553
29.832 126520
30.547 126502
55.526 126490
55.526 126463
55.532 126459
55.578 126458
55.589 126444
55.605 126440
55.613 126432
55.614 126424
55.615 126421
73.846 126419
73.856 126408
73.879 126404
74.193 126403
74.449 126400
74.45 126387
75.313 126384
75.313 126371
96.09 126365
96.091 126364
103.32 126327
103.325 126317
103.327 126312
103.336 126309
107.768 126308
107.796 126307
107.807 126303
108.08 126297
108.085 126295
108.086 126294
108.089 126290
108.093 126283
108.11 126274
108.111 126273
108.129 126264
108.143 126259
108.15 126250
108.152 126247
108.157 126246
108.16 126239
108.162 126237
108.17 126236
108.171 126230
108.236 126225
108.523 126218
108.534 126203
108.535 126199
108.541 126197
108.541 126195
108.577 126179
108.694 126169
108.699 126157
109.684 126152
109.696 126151
109.698 126148
109.698 126141
109.703 126140
109.704 126139
109.822 126136
109.823 126129
109.825 126128
109.975 126122
118.095 126119
118.135 126115
138.889 126111
138.89 126105
139.005 126092
139.007 126036
139.026 126028
139.027 126025
139.047 126020
139.047 126019
139.058 126016
143.057 126015
143.057 126014
144.458 126013
144.728 126010
144.729 126007
157.765 126006
157.775 126005
157.78 125999
157.821 125992
157.83 125991
158.08 125984
159.429 125983
159.889 125951
159.89 125945
159.98 125944
159.981 125937
160.355 125928
160.359 125927
160.36 125920
189.079 125918
189.085 125909
207.286 125904
207.336 125902
207.341 125894
208.156 125884
208.163 125876
208.239 125874
208.242 125872
208.362 125871
219.591 125869
219.596 125868
219.702 125862
219.719 125861
219.782 125860
219.794 125857
221.935 125856
221.945 125855
231.289 125853
233.786 125846
233.787 125841
233.794 125835
233.8 125834
233.806 125833
233.812 125832
236.503 125827
250.472 125822
250.523 125821
250.526 125820
