0.01 136178
0.011 136156
0.012 136101
0.014 136099
0.014 136079
0.014 135976
0.015 135966
0.017 135935
0.018 135860
0.021 135818
0.023 135817
0.026 135777
0.028 135774
0.03 135734
0.031 135721
0.032 135683
0.033 135665
0.034 135630
0.035 135597
0.037 135594
0.037 135575
0.045 135538
0.045 135537
0.049 135513
0.051 135473
0.069 135468
0.071 135453
0.071 135442
0.074 135439
0.076 135430
0.076 135419
0.202 135398
0.202 135381
0.203 135378
0.231 135312
0.236 135280
0.236 135279
0.237 135259
0.261 135244
0.268 135228
0.269 135219
0.271 135215
0.392 135214
0.394 135208
0.446 135192
0.448 135147
0.448 135142
0.45 135141
0.452 135137
0.583 135000
0.59 134989
1.005 134987
1.144 134984
1.145 134974
1.149 134970
1.153 134965
1.153 134905
1.157 134901
84.478 134888
84.514 134883
132.53 134872
132.532 134844
132.539 134830
132.546 134829
132.567 134820
164.724 134806
164.741 134800
203.65 134795
203.652 134794
203.657 134791
247.928 134785
248.151 134771
288.949 134770
301.019 134763
357.205 134762
369.844 134757
404.613 134755
409.591 134754
409.597 134749
432.816 134748
436.644 134744
436.657 134739
443.34 134737
443.343 134734
444.137 134729
444.156 134726
444.161 134722
555.167 134717
555.174 134713
555.21 134708
555.247 134707
555.742 134706
600.32 134705
600.63 134704
603.674 134701
618.187 134700
631.448 134696
631.459 134692
631.533 134690
