0.016 213330
0.017 213309
0.017 213268
0.022 213256
0.024 213227
0.024 213208
0.026 213191
0.028 213057
0.029 213052
0.032 212541
0.032 212533
0.034 212506
0.04 212435
0.044 212423
0.054 212399
0.055 212276
0.072 212017
0.072 211979
0.074 211873
0.077 211863
0.078 211860
0.082 211823
0.084 211815
0.091 211791
0.093 211781
0.094 211613
0.095 211581
0.096 211493
0.097 211464
0.1 211350
0.104 211135
0.105 211119
0.105 211102
0.106 210883
0.114 210778
0.115 210767
0.116 210764
0.116 210751
0.121 210716
0.121 210630
0.122 210593
0.123 210572
0.123 210419
0.126 209958
0.127 209925
0.127 209874
0.13 209863
0.157 209821
0.166 209809
0.17 209587
0.172 209314
0.175 209285
0.182 209259
0.183 209243
0.184 209237
0.263 209206
0.284 209196
0.288 209188
0.289 209174
0.29 209171
0.291 209169
0.293 209166
0.299 209139
0.299 209125
0.3 209107
0.301 209076
0.319 209072
0.319 209063
0.321 209051
0.321 209037
0.323 209007
0.327 208972
0.329 208892
0.333 208875
0.334 208845
0.335 208727
0.336 208717
0.338 208657
0.403 208643
0.404 208556
0.405 208475
0.41 208430
0.412 208421
0.412 208407
0.42 208332
0.424 208331
0.424 208328
0.425 208282
0.431 208273
0.431 208194
0.433 208183
0.433 208165
0.435 207942
0.439 207916
0.443 207913
0.444 207905
0.445 207892
0.45 207881
0.452 207843
0.453 207835
0.465 207819
0.471 207790
0.477 207777
0.504 207748
0.508 207746
0.544 207736
0.545 207716
0.546 207710
0.547 207665
0.555 207643
0.556 207631
0.557 207604
0.558 207600
0.561 207594
0.563 207588
0.689 207580
0.69 207516
0.874 207458
0.874 207369
0.964 207366
0.964 207358
0.965 207270
0.975 207266
1.03 207249
1.033 207246
1.034 207243
1.036 207230
1.046 207226
1.126 207215
1.127 207137
1.131 207132
1.165 207122
1.166 207115
1.169 207108
1.17 207021
1.176 206984
1.177 206982
1.455 206974
1.456 206967
1.475 206966
1.475 206959
1.514 206928
1.516 206912
1.519 206902
1.52 206890
1.522 206867
1.534 206841
1.541 206827
1.541 206818
1.542 206816
1.543 206815
1.592 206787
1.596 206770
1.597 206752
1.6 206750
1.605 206726
3.249 206722
3.25 206689
3.255 206674
3.256 206672
3.257 206669
3.258 206661
3.262 206644
3.262 206624
3.264 206623
3.264 206613
3.266 206587
3.528 206568
3.624 206566
3.625 206565
3.626 206563
3.672 206556
3.673 206548
3.675 206541
3.676 206527
3.676 206492
3.681 206458
3.683 206423
3.735 206420
3.736 206416
4.092 206408
4.101 206387
4.204 206384
4.205 206373
4.207 206371
4.209 206357
4.216 206344
4.351 206340
4.351 206339
4.362 206326
4.376 206319
4.378 206317
4.381 206303
4.391 206293
4.396 206286
4.397 206268
4.556 206164
4.558 206130
4.574 206128
4.581 206122
4.59 206100
4.593 206083
4.748 205961
4.75 205960
4.753 205950
4.755 205915
4.756 205903
4.786 205732
4.793 205642
4.793 205561
4.795 205556
6.158 205465
6.167 205464
6.167 205457
6.168 205447
6.17 205435
6.186 205420
6.2 205417
6.202 205414
6.207 205410
6.235 205402
6.262 205400
6.872 205392
6.873 205354
6.874 205336
6.88 205323
6.887 205321
9.294 205297
9.319 205272
9.321 205266
9.323 205258
9.324 205241
9.325 205232
9.326 205229
9.368 205226
9.369 205210
9.566 205200
9.576 205185
9.578 205178
9.58 205174
9.584 205170
9.678 205168
9.701 205124
9.708 205121
9.713 205107
9.72 205083
9.914 205044
9.929 205043
9.936 205034
9.975 205028
9.998 205000
10.063 204997
10.355 204986
10.356 204962
10.358 204961
10.36 204956
10.361 204936
10.483 204934
10.497 204926
10.499 204921
10.508 204904
10.524 204882
10.525 204880
10.528 204879
10.529 204870
10.548 204812
10.549 204811
10.554 204810
10.555 204785
10.56 204784
10.577 204774
10.584 204761
10.584 204760
10.585 204750
10.588 204747
10.633 204728
10.641 204712
10.653 204685
10.677 204683
10.678 204662
10.684 204648
10.694 204638
10.694 204634
10.702 204631
12.756 204609
12.787 204549
12.789 204514
12.919 204490
12.92 204463
12.929 204462
12.934 204458
18.377 204457
22.408 204453
22.422 204452
22.423 204449
22.423 204439
22.452 204435
22.632 204430
22.632 204429
22.687 204420
22.688 204416
22.708 204409
22.715 204408
22.722 204407
22.725 204389
22.727 204387
22.917 204382
22.917 204379
23.484 204378
23.492 204371
23.495 204370
23.496 204366
23.712 204365
30.478 204362
30.541 204333
30.543 204325
30.569 204311
30.571 204259
30.573 204235
32.651 204230
34.603 204216
34.668 204208
34.672 204207
34.687 204175
35.409 204163
35.412 204148
46.664 204143
47.448 204139
47.45 204134
47.45 204133
47.453 204132
47.454 204129
47.455 204125
64.298 204053
64.311 203904
64.312 203903
64.351 203894
64.352 203892
64.355 203890
64.357 203854
65.382 203851
65.394 203831
65.394 203827
103.158 203825
103.159 203819
103.165 203814
103.166 203805
103.371 203800
103.415 203794
109.36 203793
109.364 203791
109.365 203773
109.407 203768
109.691 203764
109.714 203746
133.819 203744
137.071 203736
138.228 203732
138.232 203724
138.235 203723
138.238 203716
138.929 203714
139.56 203709
139.717 203705
139.735 203703
139.739 203698
139.741 203692
139.741 203681
139.749 203673
145.575 203670
146.829 203666
151.343 203664
154.183 203659
154.196 203658
154.198 203656
154.199 203653
154.202 203649
154.204 203638
154.394 203635
154.397 203630
154.484 203625
159.57 203620
159.575 203614
161.377 203611
165 203606
165.003 203605
165.151 203595
166.009 203594
166.647 203573
166.66 203572
166.66 203571
166.664 203567
166.667 203566
168.496 203556
168.502 203531
168.693 203529
168.704 203528
168.705 203520
168.709 203513
168.964 203501
168.968 203496
169.301 203492
169.377 203485
169.39 203474
169.418 203469
169.476 203465
169.483 203464
170.264 203451
170.276 203442
170.414 203439
170.419 203435
170.42 203434
170.43 203421
172.887 203415
176.207 203414
176.971 203408
177.481 203404
177.484 203399
177.49 203366
246.572 203360
246.588 203357
246.623 203354
265.377 203350
266.323 203349
268.788 203348
268.79 203346
268.798 203345
268.802 203343
277.199 203342
277.666 203341
281.428 203336
287.945 203334
316.718 203331
316.896 203330
318.249 203328
318.272 203327
318.316 203326
318.342 203325
331.319 203324
331.338 203317
339.299 203314
352.022 203308
352.025 203304
352.046 203303
352.056 203300
352.064 203299
352.099 203298
359.193 203297
359.855 203296
359.892 203295
359.905 203292
359.969 203290
360.045 203288
360.046 203283
360.047 203280
360.055 203276
360.059 203275
360.075 203274
360.104 203269
368.014 203268
368.03 203266
