0.015 213330
0.016 213292
0.018 213268
0.02 213216
0.021 213206
0.021 213122
0.022 212996
0.022 212840
0.026 212821
0.028 212725
0.031 212717
0.032 212707
0.033 212550
0.033 212433
0.039 212361
0.04 212174
0.041 212143
0.043 211919
0.044 211884
0.044 211881
0.047 211573
0.049 211521
0.05 211512
0.062 211311
0.062 211251
0.072 211230
0.08 211207
0.082 211200
0.082 211123
0.087 211078
0.088 211036
0.089 210986
0.089 210930
0.091 210893
0.096 210842
0.097 210575
0.103 210312
0.104 210310
0.108 210287
0.109 210186
0.117 210143
0.121 209997
0.126 209936
0.128 209895
0.138 209846
0.14 209841
0.14 209837
0.141 209828
0.163 209762
0.164 209755
0.167 209738
0.175 209677
0.183 209622
0.192 209581
0.193 209576
0.201 209560
0.212 209456
0.275 209450
0.295 209412
0.31 209381
0.319 209339
0.32 209302
0.32 209298
0.324 209070
0.342 209059
0.343 209022
0.346 209018
0.352 209016
0.352 209013
0.357 209008
0.362 208947
0.364 208943
0.376 208928
0.381 208911
0.382 208895
0.382 208894
0.383 208885
0.391 208870
0.391 208840
0.393 208837
0.393 208834
0.453 208634
0.453 208622
0.454 208567
0.456 208560
0.456 208518
0.459 208514
0.46 208513
0.479 208512
0.482 208369
0.483 208368
0.483 208364
0.484 208270
0.488 208265
0.49 208264
0.51 208252
0.527 208222
0.531 208219
0.534 208064
0.543 207943
0.543 207940
0.548 207936
0.555 207926
0.559 207923
0.573 207743
0.574 207717
0.585 207710
0.586 207693
0.61 207686
0.642 207651
0.65 207649
0.67 207441
0.671 207427
0.678 207413
0.68 207412
0.695 207232
0.703 207204
0.705 207189
0.705 207167
0.707 207166
0.711 207163
0.712 207150
0.714 207148
0.718 207133
0.721 207118
0.727 207110
0.73 207077
0.731 206981
0.753 206927
0.755 206896
0.756 206890
0.758 206889
0.76 206888
0.761 206882
0.77 206816
0.926 206795
0.927 206791
0.929 206761
0.93 206757
0.932 206753
1.001 206742
1.002 206736
1.084 206716
1.238 206646
1.241 206633
1.243 206607
1.246 206602
1.253 206592
1.279 206567
1.696 206563
1.697 206559
1.759 206493
1.783 206490
1.82 206476
1.823 206475
1.992 206459
2.001 206448
2.013 206419
2.014 206356
2.068 206353
2.069 206350
2.07 206344
2.075 206328
2.082 206314
2.208 206293
2.212 206288
2.213 206250
2.213 206238
2.222 206230
2.223 206219
2.225 206211
2.33 206199
2.339 206189
2.343 206175
2.344 206168
2.689 206165
2.691 206142
2.694 206137
2.695 206135
2.696 206132
2.875 206115
2.88 206100
2.88 206097
2.88 206077
2.895 206059
2.947 206058
2.975 206043
3.464 205978
3.464 205931
3.592 205926
3.635 205802
3.636 205789
3.636 205788
3.638 205786
3.64 205783
4.008 205742
4.009 205741
4.29 205703
4.353 205663
4.355 205648
4.364 205647
4.372 205645
4.373 205643
4.381 205571
4.381 205569
4.383 205567
4.383 205564
4.451 205563
4.465 205541
4.466 205537
4.497 205527
4.499 205526
4.5 205468
4.502 205396
4.924 205349
4.945 205345
10.4 205341
10.403 205337
10.403 205336
10.522 205332
10.523 205289
10.525 205283
10.53 205281
10.746 205259
10.767 205220
10.768 205193
10.924 205191
10.925 205184
11.5 205173
11.501 205145
12.65 205102
12.659 205090
12.725 205082
12.726 205072
15.187 205055
15.215 205045
15.229 205030
15.23 204998
20.203 204979
23.275 204920
23.275 204918
23.278 204909
23.284 204907
23.287 204856
23.29 204849
26.558 204847
26.558 204844
26.569 204838
26.585 204835
26.59 204829
39.604 204822
39.944 204816
39.948 204785
39.949 204780
39.949 204772
39.954 204699
39.956 204682
39.958 204679
39.967 204662
40.306 204657
40.307 204622
42.571 204603
42.582 204598
42.586 204594
42.598 204578
60.856 204576
60.858 204575
60.976 204571
61.005 204561
61.006 204560
61.072 204555
61.104 204542
61.106 204538
61.384 204537
61.385 204534
61.435 204515
61.441 204511
61.754 204506
61.758 204496
61.806 204489
61.813 204488
61.813 204484
61.816 204472
61.817 204471
61.819 204470
61.834 204467
61.84 204466
61.845 204465
61.865 204439
61.867 204423
61.873 204420
61.904 204407
61.905 204406
61.911 204402
62.138 204394
62.138 204392
62.327 204389
62.33 204368
62.333 204361
62.336 204358
62.336 204348
67.754 204329
67.758 204328
67.802 204323
67.802 204313
67.809 204309
67.809 204308
67.822 204269
67.822 204264
67.824 204255
67.832 204248
68.09 204221
68.09 204218
68.093 204217
68.094 204213
72.265 204210
72.265 204209
72.274 204206
72.376 204192
72.401 204191
72.403 204183
72.415 204180
72.439 204164
85.05 204156
85.192 204137
85.194 204132
85.218 204114
85.222 204098
85.897 204079
85.903 204069
86.161 204052
86.171 204051
86.174 204049
86.186 204048
86.395 204047
86.398 204032
86.401 204029
86.407 204021
86.411 203979
86.414 203975
86.419 203943
86.427 203940
86.427 203938
86.453 203936
86.456 203931
86.471 203928
86.845 203926
86.851 203877
86.864 203875
86.868 203873
109.866 203866
109.868 203865
125.974 203851
125.978 203847
141.23 203844
141.237 203843
141.261 203839
141.27 203837
141.271 203834
141.274 203819
147.002 203813
147.006 203810
147.01 203806
165.325 203805
165.328 203802
165.328 203797
186.483 203795
186.485 203792
186.487 203790
186.492 203789
186.495 203788
186.497 203778
186.817 203777
192.46 203772
192.952 203770
192.955 203767
192.98 203762
193.028 203761
204.315 203760
204.322 203755
204.328 203754
204.33 203753
205.013 203752
205.152 203748
205.167 203739
207.459 203738
207.509 203737
222.281 203725
222.285 203718
222.35 203713
231.692 203711
234.839 203710
239.677 203709
239.684 203708
239.72 203705
295.453 203704
295.455 203703
296.963 203701
296.967 203698
296.97 203693
297.231 203692
298.31 203684
298.776 203675
298.974 203674
298.987 203673
298.987 203665
303.179 203664
311.749 203663
311.756 203662
311.885 203659
311.891 203658
311.896 203654
311.956 203652
354.293 203649
354.337 203648
354.34 203646
381.17 203644
381.173 203641
