0.012 64097
0.012 64092
0.013 64051
0.013 63997
0.014 63908
0.014 63902
0.017 63873
0.017 63868
0.018 63839
0.019 63804
0.019 63787
0.023 63720
0.024 63661
0.026 63619
0.029 63610
0.031 63562
0.031 63534
0.033 63496
0.059 63494
0.059 63460
0.06 63443
0.061 63368
0.061 63340
0.063 63311
0.063 63310
0.081 63289
0.086 63280
0.087 63253
0.095 63178
0.096 63168
0.098 63166
0.099 63163
0.103 63111
0.11 63096
0.118 63042
0.119 63026
0.12 63023
0.122 63021
0.13 63012
0.13 63007
0.135 63002
0.137 62997
0.139 62986
0.139 62980
0.14 62966
0.141 62963
0.143 62958
0.144 62948
0.152 62900
0.152 62883
0.154 62874
0.159 62871
0.161 62863
0.164 62848
0.166 62788
0.168 62773
0.172 62765
0.179 62720
0.18 62715
0.181 62697
0.183 62686
0.604 62667
1.038 62662
1.432 62644
1.432 62642
1.876 62636
1.877 62625
1.881 62593
4.95 62588
4.952 62535
10.617 62520
10.619 62506
10.62 62493
10.623 62454
10.636 62431
44.623 62419
44.624 62393
68.532 62391
69.02 62363
69.021 62357
69.022 62353
73.315 62348
73.315 62340
73.317 62328
73.497 62327
73.497 62324
73.506 62320
73.507 62301
73.564 62300
73.565 62298
73.579 62288
73.58 62259
73.581 62255
73.585 62247
91.089 62237
114.93 62218
114.932 62213
144.114 62202
144.669 62190
144.675 62189
144.68 62183
144.686 62166
144.687 62139
144.701 62135
147.244 62133
147.256 62130
147.569 62126
147.65 62125
147.651 62124
176.624 62122
176.636 62117
176.638 62114
176.667 62111
176.835 62095
176.837 62092
176.838 62091
179.126 62090
179.148 62069
179.151 62058
179.165 62042
179.165 62040
179.17 62039
179.199 62036
228.248 62035
228.254 62030
228.257 62029
228.264 62025
265.974 62010
267.352 62009
267.411 62001
267.563 61998
289.92 61995
290.17 61993
338.741 61991
339.844 61988
356.691 61986
357.069 61984
357.075 61982
