0.016 63319
0.016 63265
0.017 63144
0.018 63121
0.018 63083
0.02 63047
0.021 63007
0.021 62885
0.022 62883
0.026 62856
0.026 62842
0.027 62834
0.029 62824
0.03 62823
0.031 62816
0.032 62804
0.032 62800
0.033 62780
0.036 62771
0.037 62765
0.038 62749
0.053 62706
0.064 62687
0.066 62682
0.071 62675
0.072 62500
0.072 62497
0.081 62484
0.081 62478
0.082 62446
0.129 62431
0.129 62419
0.138 62417
0.14 62414
0.14 62353
0.155 62350
0.182 62309
0.776 62296
0.777 62292
0.806 62275
2.219 62261
2.219 62233
2.22 62201
2.539 62155
2.539 62146
2.767 62114
2.771 62098
4.982 62062
4.983 62014
5.174 62007
6.427 61993
7.679 61973
8.25 61965
8.253 61959
8.254 61957
8.256 61956
8.261 61951
8.455 61903
8.456 61861
8.906 61845
8.909 61836
8.91 61834
8.912 61829
9.301 61800
24.372 61782
24.372 61745
24.373 61742
24.384 61737
27.774 61672
27.774 61666
27.775 61664
31.69 61658
31.697 61632
31.698 61631
31.698 61628
31.701 61625
31.702 61620
31.706 61617
31.707 61616
31.71 61585
31.712 61562
32.892 61559
33.483 61531
33.488 61527
33.495 61525
34.324 61523
36.679 61520
36.681 61515
36.698 61501
36.707 61492
36.707 61477
36.707 61476
39.69 61466
39.69 61459
39.694 61445
39.72 61441
39.721 61440
39.721 61425
39.726 61394
39.726 61373
39.731 61364
39.741 61352
39.743 61351
51.159 61345
51.16 61328
51.162 61325
68.68 61302
68.802 61277
68.931 61274
68.933 61261
69.934 61245
69.934 61237
86.123 61234
86.126 61220
87.049 61215
87.054 61212
87.057 61201
91.605 61199
91.606 61176
91.627 61163
91.653 61157
105.885 61153
105.89 61141
105.896 61135
105.898 61130
105.905 61119
105.905 61107
105.905 61106
105.908 61101
111.128 61086
111.13 61083
111.147 61069
138.95 61037
138.951 61035
139.507 61019
139.537 61010
139.671 61008
150.107 61004
150.111 61003
150.115 60989
150.116 60987
150.12 60986
150.133 60981
150.242 60976
150.244 60971
150.245 60966
160.01 60965
160.018 60952
160.02 60946
160.047 60942
160.048 60938
160.06 60936
160.064 60932
160.149 60928
160.149 60913
163.235 60908
163.237 60907
163.24 60904
181.157 60903
199.21 60896
199.225 60888
201.277 60880
201.279 60877
201.337 60873
201.62 60872
201.625 60870
201.625 60861
201.629 60857
201.634 60855
201.634 60851
201.638 60848
201.64 60845
201.643 60840
201.692 60837
201.696 60813
201.701 60810
201.708 60803
201.71 60802
201.713 60799
201.719 60795
201.724 60787
201.725 60786
201.738 60784
201.749 60781
240.736 60780
241.124 60779
245.632 60777
245.638 60771
245.647 60770
283.704 60768
283.726 60762
283.727 60761
284.234 60753
286.508 60750
286.521 60745
286.751 60741
288.68 60739
288.683 60736
288.692 60735
296.985 60732
296.992 60731
296.997 60730
297.208 60728
304.048 60726
304.152 60722
304.158 60721
304.16 60719
304.163 60717
307.344 60716
