0.014 24380
0.014 24337
0.015 24273
0.015 24267
0.016 24258
0.016 24173
0.017 24158
0.017 24111
0.018 24052
0.018 24040
0.02 24031
0.02 24026
0.022 24015
0.022 24007
0.023 23958
0.024 23939
0.025 23933
0.025 23898
0.027 23896
0.028 23892
0.028 23887
0.033 23881
0.046 23819
0.047 23790
0.052 23756
0.059 23737
0.062 23730
0.063 23724
0.063 23716
0.065 23712
0.067 23691
0.068 23676
0.077 23667
0.122 23622
0.124 23620
0.124 23582
0.124 23578
0.125 23553
0.126 23515
0.126 23514
0.127 23505
0.137 23498
0.146 23492
0.147 23478
0.149 23474
0.15 23466
0.151 23460
0.152 23459
0.156 23445
0.157 23444
0.165 23442
0.184 23439
0.186 23418
0.187 23404
0.188 23390
0.193 23389
0.193 23353
0.194 23322
0.196 23321
0.198 23318
0.235 23311
0.238 23308
0.24 23260
0.246 23246
0.247 23233
0.248 23229
0.361 23212
0.362 23209
0.364 23198
0.632 23195
0.632 23176
0.633 23164
0.642 23154
0.643 23147
0.653 23138
1.242 23135
1.294 23125
1.294 23105
1.587 23030
1.638 23024
1.639 23012
1.64 23003
1.64 22990
1.649 22986
1.65 22980
1.65 22967
1.655 22964
12.045 22958
12.046 22942
12.058 22927
12.06 22910
12.064 22908
12.069 22907
12.074 22890
12.075 22875
12.076 22862
52.655 22849
65.742 22847
65.742 22835
66.393 22830
66.396 22820
66.399 22798
66.401 22796
66.44 22795
66.442 22787
89.554 22776
89.555 22775
89.557 22753
89.558 22742
89.56 22738
89.562 22735
106.572 22732
106.573 22731
106.576 22729
106.577 22727
106.985 22723
107.014 22722
107.5 22713
126.32 22710
126.32 22701
132.539 22686
132.624 22685
132.646 22678
132.647 22676
132.652 22673
157.325 22670
159.8 22668
159.807 22667
160.01 22666
160.057 22665
160.081 22663
160.123 22658
162.311 22655
162.312 22654
170.129 22649
170.132 22647
170.135 22646
181.892 22641
181.901 22639
190.865 22638
190.944 22628
190.944 22625
190.951 22618
190.952 22617
191.047 22615
195.191 22607
195.209 22605
195.228 22604
215.018 22603
215.714 22602
225.978 22599
226.045 22597
242.6 22594
244.939 22593
245.123 22591
245.237 22590
245.246 22587
245.252 22586
245.256 22585
245.257 22583
245.259 22582
245.268 22581
245.29 22580
267.633 22577
267.88 22574
