0.017 63301
0.018 63251
0.019 63200
0.02 63165
0.021 63153
0.023 63021
0.026 63015
0.027 62978
0.028 62949
0.029 62948
0.029 62922
0.03 62920
0.043 62901
0.044 62884
0.046 62819
0.059 62785
0.059 62784
0.06 62782
0.061 62759
0.061 62758
0.062 62756
0.065 62727
0.065 62715
0.066 62670
0.067 62663
0.075 62654
0.077 62651
0.088 62614
0.089 62609
0.092 62587
0.111 62580
0.118 62558
0.12 62552
0.121 62513
0.121 62481
0.122 62479
0.122 62456
0.122 62443
0.125 62442
0.126 62415
0.126 62340
0.135 62320
0.408 62295
0.409 62249
0.414 62241
0.589 62230
0.623 62217
0.63 62216
0.689 62212
0.69 62199
0.694 62169
0.695 62152
0.705 62139
1.238 62084
1.241 61982
1.257 61981
6.652 61964
6.653 61960
6.653 61946
6.658 61926
6.708 61894
6.728 61889
8.484 61887
8.581 61870
8.581 61865
9.025 61860
9.027 61859
9.031 61838
9.032 61828
9.083 61823
9.086 61816
9.086 61814
9.086 61771
9.096 61762
11.931 61759
13.85 61747
13.865 61717
13.866 61714
13.906 61680
14.106 61662
14.107 61620
14.108 61618
14.138 61611
34.188 61600
36.786 61590
36.791 61572
36.797 61550
52.825 61547
52.828 61546
52.83 61496
62.669 61481
62.672 61447
62.674 61441
62.725 61440
62.729 61436
62.731 61434
62.733 61432
62.736 61396
68.201 61395
68.201 61390
68.218 61372
72.039 61370
72.041 61361
76.04 61360
76.04 61352
107.558 61324
107.558 61322
107.56 61309
107.561 61295
107.568 61287
107.568 61276
107.572 61274
107.578 61262
107.579 61247
147.816 61246
147.816 61243
147.817 61240
147.819 61237
147.821 61235
147.825 61232
163.269 61221
163.27 61220
163.274 61174
163.275 61169
163.353 61161
163.358 61152
163.369 61146
163.37 61144
190.798 61142
203.725 61134
203.791 61120
203.862 61113
203.867 61110
203.879 61099
203.88 61095
203.881 61088
261.887 61080
261.888 61077
267.772 61076
267.816 61070
268.878 61067
268.907 61066
268.932 61065
269.826 61063
269.834 61062
271.916 61061
272.429 61057
273.046 61053
281.765 61050
281.829 61047
281.888 61046
281.899 61045
281.917 61043
281.918 61042
281.99 61040
341.327 61038
