0.017 64487
0.017 64475
0.018 64469
0.019 64133
0.019 64104
0.02 64091
0.021 64022
0.021 63998
0.022 63994
0.022 63992
0.023 63962
0.024 63959
0.024 63957
0.025 63953
0.025 63946
0.026 63917
0.029 63893
0.029 63890
0.029 63889
0.03 63871
0.031 63854
0.033 63846
0.042 63844
0.043 63834
0.044 63832
0.045 63826
0.047 63825
0.048 63820
0.057 63818
0.062 63800
0.064 63798
0.064 63779
0.065 63766
0.114 63718
0.126 63716
0.133 63709
0.134 63706
0.136 63699
0.139 63695
0.207 63660
0.208 63591
0.215 63588
0.217 63582
0.219 63553
0.219 63552
0.22 63545
0.223 63483
0.223 63477
0.223 63449
0.224 63437
0.264 63431
0.264 63423
0.266 63406
0.271 63377
0.273 63372
0.273 63370
0.274 63357
0.281 63350
0.283 63343
0.435 63334
0.443 63332
0.515 63326
2.072 63315
2.073 63304
3.467 63283
3.473 63277
5.927 63256
24.309 63237
31.137 63168
31.142 63162
39.721 63160
73.051 63147
75.195 63146
75.197 63115
75.199 63094
75.202 63090
150.872 63075
152.259 63067
152.262 63061
152.263 63055
176.859 63048
176.868 63041
176.871 63040
181.702 63024
183.226 62993
232.734 62992
250.221 62986
250.222 62976
250.585 62959
270.097 62947
270.111 62944
270.144 62939
270.157 62932
274.724 62929
295.9 62926
295.901 62918
295.906 62914
295.913 62899
295.915 62891
336.414 62875
340.682 62874
340.683 62868
361.498 62866
361.5 62863
361.511 62862
367.972 62857
379.797 62856
379.864 62852
380.792 62839
380.797 62838
399.539 62825
399.541 62821
399.544 62817
401.265 62814
401.273 62812
401.411 62807
401.421 62806
401.427 62805
403.497 62804
432.793 62798
432.873 62796
486.186 62794
486.197 62789
522.712 62787
522.764 62785
524.636 62784
524.639 62783
538.675 62781
543.412 62779
546.621 62778
547.687 62774
579.415 62770
579.43 62765
579.445 62760
