0.023 181240
0.024 181223
0.026 181187
0.028 181149
0.03 181138
0.031 181123
0.032 181016
0.039 180971
0.039 180970
0.042 180924
0.044 180834
0.046 180753
0.047 180752
0.053 180692
0.055 180681
0.055 180660
0.064 180589
0.065 180576
0.066 180557
0.071 180504
0.072 180318
0.073 179955
0.074 179952
0.089 179800
0.093 179798
0.094 179797
0.095 179711
0.097 179616
0.1 179565
0.101 179479
0.106 179420
0.108 179419
0.109 179417
0.114 179397
0.116 179389
0.119 179367
0.122 179117
0.153 179069
0.155 179020
0.162 178997
0.163 178990
0.164 178981
0.166 178928
0.173 178660
0.174 178659
0.174 178561
0.175 178559
0.184 178558
0.191 178534
0.193 178529
0.202 178454
0.225 178400
0.227 178285
0.23 178271
0.231 178221
0.237 178168
0.249 178102
0.249 178092
0.254 178001
0.258 177968
0.26 177851
0.261 177801
0.264 177768
0.267 177767
0.267 177763
0.28 177758
0.282 177740
0.304 177709
0.305 177703
0.315 177645
0.317 177557
0.352 177522
0.352 177509
0.353 177446
0.354 177439
0.36 177415
0.361 177282
0.362 177280
0.365 177268
0.374 177137
0.375 177119
0.424 177048
0.427 177036
0.43 177011
0.431 177002
0.434 176884
0.436 176883
0.443 176806
0.751 176777
0.754 176773
0.758 176757
0.76 176754
0.762 176739
0.764 176730
0.77 176699
0.772 176698
0.787 176693
0.788 176691
0.79 176690
0.794 176660
0.795 176646
0.795 176602
0.803 176590
0.805 176554
0.807 176540
0.808 176485
0.812 176432
0.813 176428
0.814 176415
0.815 176414
0.816 176409
0.924 176285
0.931 176267
0.939 176242
0.942 176207
0.955 176199
0.971 176182
0.975 176168
0.977 176161
0.978 176160
1.026 176115
1.027 176081
1.949 176076
1.953 176052
1.954 176043
1.958 176038
1.96 176025
1.961 175940
1.962 175927
1.976 175921
1.978 175918
1.983 175913
2.007 175835
2.009 175833
3.191 175774
3.194 175765
3.198 175751
3.199 175735
3.203 175733
3.203 175731
3.219 175730
3.22 175712
3.237 175669
3.315 175661
3.538 175569
3.546 175566
3.803 175563
3.805 175557
3.806 175518
3.808 175505
3.809 175479
3.834 175478
3.834 175469
3.836 175261
4.126 175241
4.147 175236
4.148 175220
4.162 175219
4.164 175204
4.164 175197
4.168 175196
4.169 175189
4.176 175151
4.178 175126
4.189 175124
4.192 175121
4.193 175120
4.268 175117
4.28 175099
4.285 175042
4.447 175037
4.978 175035
4.978 175033
5.094 175026
5.095 175025
5.102 175011
5.104 174990
5.105 174965
6.527 174943
6.532 174942
6.539 174914
6.6 174866
6.718 174784
6.776 174772
15.494 174771
15.495 174748
15.549 174709
15.662 174705
15.664 174701
15.669 174698
15.67 174696
15.671 174695
15.674 174675
16.184 174667
16.184 174666
16.185 174609
16.19 174604
16.191 174603
16.192 174581
16.192 174564
16.196 174553
16.197 174539
16.211 174528
16.212 174521
16.382 174515
16.39 174514
17.403 174465
17.57 174444
17.571 174425
17.606 174417
17.614 174412
17.615 174411
17.628 174376
20.3 174344
20.302 174342
20.302 174335
20.308 174334
20.309 174282
20.333 174264
20.34 174234
20.342 174229
20.346 174225
20.349 174178
20.35 174172
20.381 174170
34.973 174168
34.975 174159
35.299 174153
35.3 174152
35.305 174147
35.305 174141
35.369 174110
35.394 174107
35.446 174105
36.186 174073
42.756 174058
43.339 174057
43.341 174053
43.342 174052
43.357 174042
43.369 174038
44.008 174015
44.102 173985
44.265 173981
44.269 173963
44.269 173954
59.417 173949
59.422 173948
59.429 173947
59.433 173941
59.435 173940
59.457 173937
59.463 173934
59.468 173927
59.523 173925
59.524 173924
59.525 173918
59.527 173908
59.532 173906
59.842 173902
59.846 173900
59.982 173896
60.319 173893
60.323 173883
60.329 173879
60.332 173878
60.334 173874
60.338 173872
60.358 173862
60.362 173857
60.394 173850
60.401 173839
60.41 173834
60.412 173818
60.414 173804
60.42 173796
60.421 173787
60.426 173768
60.427 173760
127.186 173759
127.22 173749
127.805 173743
153.272 173737
160.966 173728
161.101 173721
161.104 173720
161.109 173711
161.198 173696
161.199 173691
165.513 173683
166.704 173681
166.896 173660
166.913 173651
166.926 173648
175.954 173645
175.961 173644
175.965 173642
175.981 173641
177.281 173634
177.286 173623
177.378 173610
177.379 173600
185.179 173595
185.189 173594
185.197 173576
185.205 173575
185.211 173574
185.215 173571
185.221 173570
185.226 173564
213.111 173557
213.327 173556
213.329 173545
213.336 173544
219.366 173543
220.008 173541
220.013 173539
220.015 173507
220.016 173506
220.075 173500
220.083 173499
220.086 173498
220.095 173497
246.54 173495
246.739 173493
246.774 173488
246.785 173485
263.763 173473
271.443 173471
271.449 173468
271.475 173467
271.482 173465
271.492 173455
271.504 173451
271.58 173439
275.295 173433
282.539 173431
282.54 173430
282.568 173429
282.618 173428
290.948 173427
290.95 173414
290.958 173408
290.99 173405
290.995 173402
290.996 173399
305.54 173389
305.548 173384
305.591 173383
306.011 173382
306.576 173357
306.682 173348
306.703 173347
306.72 173346
307.067 173342
307.072 173338
307.072 173332
307.081 173326
307.168 173320
307.169 173308
307.172 173299
321.783 173297
324.037 173293
324.04 173292
325.589 173291
327.337 173288
327.338 173287
327.348 173285
327.348 173278
327.362 173277
327.364 173276
446.179 173275
448.756 173273
