0.02 81420
0.02 81408
0.021 81335
0.021 81320
0.022 81318
0.022 81298
0.023 81272
0.023 81264
0.023 81242
0.023 81229
0.024 81226
0.024 81199
0.025 81198
0.025 81163
0.025 81156
0.028 81122
0.029 81071
0.03 81032
0.032 81020
0.033 80990
0.034 80989
0.034 80969
0.044 80961
0.047 80941
0.047 80905
0.049 80887
0.052 80857
0.053 80840
0.054 80838
0.054 80829
0.057 80809
0.066 80667
0.066 80624
0.074 80611
0.074 80578
0.074 80568
0.087 80558
0.089 80534
0.09 80523
0.337 80459
0.353 80434
0.355 80417
0.356 80415
0.358 80392
0.36 80369
0.4 80308
0.403 80288
0.436 80236
0.438 80228
0.438 80200
0.441 80175
0.441 80117
0.444 80115
2.952 80113
2.953 80103
2.958 80101
2.96 80095
4.797 80084
7.326 80041
7.327 80013
16.326 80002
16.326 79999
16.329 79987
19.856 79971
21.671 79953
21.672 79931
21.674 79924
21.678 79920
21.688 79905
21.688 79890
21.695 79871
21.717 79868
21.718 79859
21.72 79847
29.479 79824
29.481 79822
29.493 79819
29.494 79807
29.495 79795
40.14 79770
40.176 79701
40.177 79691
40.179 79673
40.181 79664
40.185 79662
82.7 79642
82.702 79627
82.705 79618
82.716 79608
82.717 79606
108.248 79594
108.934 79591
108.934 79544
108.939 79543
108.94 79533
108.943 79506
108.947 79498
116.539 79492
120.668 79491
142.36 79475
143.123 79459
143.127 79449
143.128 79448
143.165 79438
143.165 79427
143.166 79424
143.188 79403
149.711 79401
149.713 79396
149.719 79388
149.719 79387
149.72 79380
153.119 79346
153.121 79335
153.125 79328
153.125 79312
153.128 79303
207.232 79290
207.344 79288
207.345 79276
207.349 79264
207.352 79262
207.377 79258
207.381 79255
226.69 79248
232.405 79231
232.408 79224
238.436 79219
238.56 79213
238.561 79211
239.756 79197
245.009 79196
245.121 79192
245.126 79191
245.129 79186
245.131 79185
245.137 79181
245.137 79178
245.201 79176
246.892 79175
246.895 79150
246.895 79145
246.902 79138
295.225 79137
295.828 79135
295.835 79132
295.845 79128
295.848 79114
295.857 79111
295.863 79109
306.815 79108
306.824 79105
306.824 79104
307.091 79095
307.107 79092
351.599 79091
359.324 79088
359.327 79076
359.333 79071
423.391 79069
424.211 79066
424.258 79062
451.443 79061
