0.023 103069
0.024 102984
0.025 102963
0.026 102940
0.026 102928
0.027 102918
0.028 102893
0.028 102777
0.03 102677
0.03 102642
0.04 102624
0.041 102595
0.042 102511
0.042 102508
0.042 102504
0.057 102501
0.062 102463
0.063 102407
0.065 102393
0.065 102349
0.067 102340
0.071 102258
0.072 102256
0.078 102255
0.103 102245
0.106 102208
0.107 102197
0.107 102174
0.129 102146
0.13 102144
0.131 102126
0.132 102089
0.137 102066
0.14 102050
0.142 102032
0.147 102015
0.147 102005
0.151 102001
0.152 101964
0.153 101950
0.156 101938
0.214 101931
0.214 101913
0.359 101907
0.36 101891
0.379 101773
0.381 101753
0.403 101671
0.405 101668
0.409 101660
0.412 101654
0.417 101644
0.431 101641
0.432 101626
0.457 101622
0.459 101610
0.462 101597
0.463 101594
0.464 101593
0.464 101575
0.465 101559
0.496 101550
0.504 101541
0.507 101537
0.51 101533
0.515 101435
0.517 101407
0.521 101394
0.523 101390
0.525 101375
0.527 101358
0.529 101326
0.543 101279
0.544 101277
0.899 101270
0.914 101260
0.914 101213
0.915 101184
1.638 101146
1.66 101142
1.738 101135
2.094 101124
2.095 101109
2.13 101088
2.135 101081
2.14 101071
2.142 101067
2.145 101065
2.151 101042
2.152 100996
2.846 100983
3.153 100952
4.188 100949
4.309 100906
4.31 100836
4.311 100834
4.317 100820
4.317 100786
8.89 100760
8.891 100748
8.893 100733
8.894 100655
13.464 100643
13.467 100619
18.468 100604
18.469 100590
18.515 100575
18.52 100574
18.535 100548
18.536 100547
18.551 100546
18.552 100521
18.554 100493
18.556 100490
18.557 100477
18.563 100463
18.568 100461
18.62 100458
18.622 100454
18.624 100452
18.626 100450
18.645 100387
36.566 100385
36.57 100367
36.593 100357
36.594 100355
36.595 100343
36.596 100294
36.601 100278
36.602 100272
36.608 100252
37.319 100250
37.355 100248
37.692 100236
37.698 100199
37.733 100193
37.781 100129
37.782 100117
37.782 100056
37.805 100055
59.037 100050
59.041 100029
62.258 100024
62.258 100013
62.268 100010
89.718 100008
89.73 99987
89.768 99949
89.782 99946
89.784 99917
90.769 99911
91.297 99908
91.299 99885
109.681 99877
109.683 99862
109.845 99858
109.849 99850
109.857 99843
109.86 99840
109.863 99837
109.869 99823
109.894 99815
129.18 99810
129.181 99806
129.802 99797
129.804 99795
129.805 99794
130.612 99786
130.632 99766
133.959 99761
133.961 99749
133.961 99720
138.435 99714
140.672 99695
140.673 99692
140.673 99689
141.184 99642
141.193 99638
141.194 99626
141.199 99624
141.199 99622
141.201 99621
141.204 99618
141.205 99608
159.582 99599
159.586 99598
159.595 99585
159.624 99583
159.944 99576
159.955 99571
159.956 99570
159.957 99568
160.011 99564
160.064 99562
160.064 99555
169.61 99552
189.905 99547
189.907 99545
191.018 99534
193.656 99526
198.41 99520
198.424 99519
199.679 99510
199.823 99509
200.238 99506
200.249 99490
202.563 99476
202.6 99474
208.971 99470
208.972 99466
208.976 99465
209.031 99440
213.881 99437
213.886 99431
217.974 99425
236.241 99424
236.262 99423
236.263 99421
236.361 99407
252.394 99401
252.403 99400
252.408 99398
252.411 99394
266.657 99393
266.662 99376
294.449 99375
301.073 99372
301.084 99371
301.117 99369
301.121 99368
301.122 99360
301.125 99359
301.126 99358
301.14 99357
353.059 99356
386.9 99349
421.523 99346
421.54 99345
422.164 99344
422.173 99343
422.889 99342
422.895 99340
422.972 99339
