0.023 102916
0.024 102908
0.024 102904
0.024 102895
0.025 102815
0.025 102787
0.026 102774
0.026 102767
0.027 102749
0.027 102741
0.028 102737
0.03 102734
0.033 102718
0.034 102702
0.034 102675
0.035 102647
0.037 102639
0.038 102610
0.038 102586
0.038 102542
0.039 102529
0.049 102474
0.051 102471
0.055 102451
0.06 102428
0.06 102414
0.072 102256
0.073 102202
0.073 102196
0.105 102127
0.12 102074
0.121 102059
0.122 102053
0.123 102052
0.147 102026
0.149 102011
0.15 101984
0.15 101871
0.153 101859
0.154 101814
0.154 101802
0.16 101779
0.162 101755
0.178 101743
0.181 101719
0.181 101717
0.183 101711
0.184 101696
0.185 101674
0.186 101672
0.216 101616
0.246 101549
0.59 101540
0.591 101534
0.6 101532
0.603 101474
0.604 101460
0.604 101455
0.605 101449
0.711 101419
0.713 101398
0.716 101338
0.719 101295
0.721 101290
0.729 101276
0.75 101270
0.752 101266
0.755 101264
0.768 101259
0.768 101242
0.77 101240
0.78 101232
0.784 101226
0.785 101208
0.786 101205
0.921 101198
0.922 101197
0.923 101189
0.925 101174
0.93 101151
0.934 101140
0.937 101097
0.94 101080
0.974 101074
0.975 101041
1.379 101034
1.379 101016
1.386 100907
2.443 100897
2.443 100854
2.447 100851
2.46 100849
2.465 100770
2.487 100746
2.487 100689
2.534 100680
3.555 100678
3.617 100677
3.623 100643
3.623 100642
3.645 100621
3.647 100543
3.649 100535
5.793 100513
5.794 100511
5.798 100509
5.798 100507
5.799 100504
5.799 100485
5.8 100484
5.808 100459
5.808 100458
5.809 100455
5.814 100413
5.822 100362
5.825 100355
6.436 100342
47.381 100329
47.383 100328
47.389 100281
47.457 100280
47.464 100278
47.465 100259
48.757 100256
49.151 100229
49.155 100185
59.555 100180
59.561 100178
60.406 100153
60.408 100151
60.411 100150
75.155 100140
78.78 100131
78.78 100128
78.785 100104
78.789 100100
78.79 100092
79.447 100073
79.449 100072
79.461 100070
79.462 100067
94.446 100049
94.447 100025
94.447 100024
94.477 100023
94.48 100022
94.483 100014
94.486 100013
94.491 100010
94.493 100007
94.499 99999
94.638 99987
94.638 99956
94.685 99953
94.685 99944
97.092 99943
97.093 99939
97.12 99937
97.13 99935
97.133 99887
119.637 99876
119.666 99856
119.668 99824
119.781 99816
119.81 99812
120.361 99785
120.361 99771
120.728 99769
120.729 99753
120.731 99747
120.734 99736
120.781 99732
121.864 99729
121.865 99721
121.866 99720
121.867 99718
122.801 99716
122.802 99705
122.805 99690
125.518 99685
125.521 99662
125.522 99657
127.158 99651
127.159 99645
127.182 99640
127.188 99639
127.189 99630
127.19 99616
127.194 99615
127.2 99613
127.201 99611
127.204 99610
127.267 99595
127.275 99589
127.278 99551
127.28 99541
127.285 99530
127.285 99497
127.289 99492
127.29 99481
127.299 99467
127.307 99453
127.36 99448
127.361 99424
127.364 99417
127.387 99410
197.964 99406
198.02 99392
198.021 99389
198.03 99387
198.031 99385
198.043 99382
198.058 99380
199.68 99378
199.73 99366
199.731 99364
199.734 99362
199.795 99357
389.471 99356
389.489 99355
389.713 99354
389.768 99353
389.784 99351
401.14 99349
409.924 99348
437.563 99347
437.601 99346
472.99 99343
474.237 99341
