0.027 61258
0.027 61228
0.028 61217
0.029 61177
0.029 61147
0.03 61070
0.03 61061
0.031 61044
0.031 61034
0.033 61011
0.033 60975
0.033 60926
0.034 60909
0.034 60908
0.036 60891
0.037 60805
0.037 60799
0.038 60771
0.039 60765
0.039 60764
0.039 60750
0.042 60724
0.043 60695
0.043 60688
0.045 60678
0.046 60677
0.047 60669
0.047 60666
0.048 60665
0.051 60626
0.052 60562
0.054 60508
0.059 60464
0.059 60452
0.059 60436
0.06 60435
0.071 60394
0.073 60370
0.074 60364
0.074 60338
0.076 60324
0.145 60252
0.154 60171
0.154 60149
0.156 60141
0.158 60118
0.534 60095
0.537 60048
0.562 60044
0.564 60011
0.565 60010
0.57 59965
0.584 59957
0.59 59937
0.591 59899
0.592 59884
0.593 59876
0.594 59873
0.665 59833
0.669 59827
0.672 59825
0.672 59821
0.674 59790
0.679 59770
0.682 59748
0.693 59735
0.697 59721
0.698 59716
3.841 59690
6.606 59678
6.608 59650
6.61 59633
7.537 59618
7.539 59607
7.541 59578
7.544 59561
7.546 59548
8.223 59527
8.223 59524
8.226 59500
9.115 59462
16.485 59460
16.485 59399
17.738 59360
17.741 59351
17.741 59344
29.443 59343
29.551 59316
29.551 59290
29.559 59278
29.56 59275
29.584 59267
29.586 59263
29.588 59218
29.59 59208
29.593 59193
29.595 59185
47.143 59175
47.146 59155
49.87 59141
49.916 59122
49.916 59119
82.757 59115
82.761 59113
90.397 59105
90.397 59092
90.482 59067
90.623 59003
90.624 58996
90.625 58989
90.629 58977
90.632 58958
126.334 58951
126.338 58948
126.34 58938
141.918 58929
141.941 58923
141.947 58906
141.95 58903
141.95 58890
141.982 58887
144.129 58884
144.129 58882
144.139 58877
144.14 58852
146.722 58842
146.769 58831
147.948 58824
147.949 58823
149.857 58813
149.97 58774
149.975 58766
149.975 58764
149.976 58760
149.992 58753
150.002 58742
150.003 58740
150.005 58731
150.008 58721
150.02 58716
150.021 58714
170.817 58707
170.821 58705
170.828 58703
170.83 58700
170.838 58695
170.838 58685
171.03 58673
171.038 58669
181.318 58668
192.803 58662
192.808 58660
192.825 58653
192.827 58650
192.858 58648
192.862 58646
192.865 58643
192.957 58642
193.105 58626
193.107 58622
193.116 58621
193.127 58607
193.468 58591
193.474 58580
193.681 58569
193.682 58567
193.69 58566
193.702 58557
193.702 58556
193.706 58550
193.745 58534
193.752 58528
193.758 58516
193.867 58508
193.871 58501
203.707 58494
203.708 58489
203.716 58488
203.717 58485
203.728 58474
203.729 58470
203.73 58468
203.747 58465
203.75 58457
203.753 58456
203.778 58448
203.78 58437
203.781 58436
203.789 58435
203.811 58433
203.813 58428
203.818 58425
270.665 58410
270.674 58405
270.689 58402
275.832 58399
278.716 58388
307.5 58387
307.506 58385
308.447 58381
308.451 58378
308.456 58369
308.667 58368
343.871 58367
343.872 58366
344.014 58364
344.019 58360
344.022 58350
344.028 58348
344.274 58347
350.862 58345
350.864 58344
407.659 58343
407.684 58341
407.686 58338
407.701 58337
409.331 58332
409.355 58330
409.378 58327
409.479 58325
410.233 58324
410.247 58322
410.299 58320
422.413 58319
