0.03 65489
0.03 65462
0.031 65356
0.031 65336
0.032 65330
0.033 65319
0.034 65313
0.034 65312
0.035 65272
0.035 65249
0.039 65211
0.041 65209
0.041 65194
0.045 65186
0.046 65164
0.047 65134
0.048 65133
0.048 65128
0.053 65076
0.057 65073
0.059 65070
0.06 65042
0.061 64884
0.063 64883
0.063 64878
0.071 64859
0.071 64857
0.073 64854
0.074 64850
0.076 64848
0.077 64839
0.078 64836
0.08 64755
0.08 64730
0.083 64725
0.089 64704
0.091 64690
0.092 64683
0.101 64673
0.103 64661
0.122 64642
0.141 64632
0.212 64629
0.213 64624
0.214 64599
0.216 64593
0.221 64525
0.231 64518
0.233 64492
0.336 64476
0.337 64454
0.339 64451
0.343 64433
0.344 64428
0.345 64427
0.346 64418
0.567 64398
0.567 64382
0.903 64325
0.906 64249
0.906 64240
0.909 64232
0.995 64229
1.3 64224
1.3 64208
1.301 64200
1.309 64180
1.323 64172
1.337 64164
1.338 64154
1.339 64151
1.374 64143
1.376 64131
1.381 64058
1.381 64048
1.747 64045
1.76 63972
5.979 63954
5.979 63952
6.081 63947
6.081 63944
6.083 63937
11.738 63919
11.739 63917
11.739 63889
11.74 63882
11.743 63856
11.75 63834
11.753 63818
11.753 63800
11.758 63789
11.761 63787
11.761 63772
19.556 63764
19.565 63759
19.567 63748
19.571 63703
19.572 63693
19.572 63685
19.573 63668
19.574 63666
19.575 63665
19.576 63654
63.495 63644
64.639 63639
64.647 63637
64.647 63630
64.697 63620
64.698 63594
64.698 63592
64.699 63581
64.702 63569
64.703 63562
64.717 63557
64.718 63531
71.574 63527
71.576 63524
72.398 63516
72.419 63501
72.422 63491
72.434 63489
72.435 63484
73.749 63463
73.75 63459
73.754 63415
73.754 63408
73.76 63407
73.76 63404
73.764 63370
73.795 63369
121.261 63367
121.262 63354
121.264 63337
121.358 63327
121.36 63317
121.362 63301
151.126 63297
151.126 63290
151.243 63279
151.244 63275
151.246 63240
151.247 63235
151.248 63213
151.25 63210
158.738 63199
159.769 63190
159.782 63183
159.789 63180
162.364 63167
162.367 63163
162.368 63159
162.417 63154
162.424 63141
162.432 63137
162.444 63135
162.447 63133
162.456 63102
163.284 63099
163.288 63097
163.311 63086
163.313 63075
163.316 63071
163.317 63064
163.319 63061
163.32 63060
163.322 63054
181 63051
181.008 63048
188.596 63042
188.597 63029
188.615 63024
189.097 63012
189.103 63011
189.117 63008
189.122 63006
195.364 63005
195.37 63002
195.371 62999
195.374 62985
195.497 62984
195.499 62977
195.508 62975
195.523 62967
195.538 62958
235.839 62953
235.872 62952
235.889 62949
236.366 62948
236.369 62943
236.448 62942
236.465 62937
236.541 62928
236.542 62926
236.57 62919
238.179 62911
238.206 62902
239.729 62896
241.219 62894
241.22 62891
314.076 62885
315.11 62874
315.227 62873
315.566 62870
323.148 62868
323.189 62867
323.357 62862
323.36 62860
344.549 62859
344.55 62858
344.576 62852
345.847 62850
345.868 62846
345.886 62842
345.919 62837
355.921 62831
355.966 62830
359.976 62824
362.221 62822
377.223 62821
377.245 62820
377.262 62819
377.3 62818
377.848 62817
378.324 62814
378.372 62811
378.384 62806
378.48 62802
