0.04 70117
0.041 70060
0.041 70042
0.042 69938
0.042 69886
0.043 69845
0.043 69840
0.043 69827
0.044 69785
0.044 69752
0.045 69745
0.045 69715
0.046 69681
0.047 69653
0.048 69616
0.048 69615
0.048 69611
0.049 69610
0.05 69594
0.051 69569
0.051 69567
0.052 69558
0.055 69548
0.055 69544
0.056 69540
0.057 69518
0.057 69507
0.058 69386
0.059 69376
0.06 69350
0.063 69244
0.064 69231
0.065 69141
0.065 69083
0.066 69072
0.075 69015
0.077 68980
0.078 68954
0.081 68887
0.085 68809
0.088 68796
0.093 68764
0.093 68763
0.1 68762
0.105 68757
0.105 68746
0.122 68701
0.148 68693
0.156 68642
0.158 68623
0.205 68561
0.206 68555
0.207 68545
0.221 68542
0.221 68528
0.221 68507
0.222 68506
0.224 68490
0.348 68424
0.348 68416
0.35 68385
0.35 68383
0.351 68371
0.352 68357
0.353 68325
0.353 68312
0.357 68304
0.361 68256
0.364 68197
0.365 68194
0.365 68189
0.367 68186
0.374 68178
0.377 68143
0.389 68081
0.39 68078
0.391 68059
0.412 68032
0.413 68028
0.414 67953
1.199 67893
1.2 67876
1.201 67871
1.367 67870
1.37 67866
1.371 67865
1.372 67853
1.375 67847
1.376 67845
1.422 67835
1.431 67811
1.432 67789
1.433 67785
1.467 67711
1.468 67698
1.482 67660
1.483 67631
1.484 67616
1.5 67593
1.513 67590
1.514 67547
1.515 67542
1.518 67541
1.533 67505
15.822 67493
18.073 67468
18.681 67399
18.683 67385
18.695 67383
18.696 67382
29.464 67381
29.465 67370
29.468 67366
29.47 67341
29.487 67323
29.488 67319
63.102 67299
69.322 67288
69.334 67247
77.242 67246
77.244 67223
77.245 67220
77.248 67212
84.795 67211
84.796 67206
84.796 67202
84.835 67195
84.837 67185
87.896 67184
90.373 67183
90.373 67119
90.388 67083
90.389 67068
90.39 67063
106.684 67045
106.687 67041
108.667 67038
108.67 67026
108.672 67017
108.672 67015
108.675 67012
108.677 67008
108.68 66995
108.681 66986
117.295 66964
117.296 66963
117.3 66955
117.304 66953
117.675 66941
117.68 66928
117.68 66899
117.749 66893
117.749 66884
135.903 66881
135.906 66866
142.83 66854
142.937 66834
142.943 66833
142.944 66827
142.949 66813
142.95 66807
142.953 66799
142.968 66784
142.974 66781
142.974 66770
142.99 66769
142.992 66765
145.197 66764
145.2 66763
145.205 66761
145.208 66749
145.209 66748
145.21 66742
145.211 66741
145.278 66738
145.287 66737
145.288 66732
145.289 66730
145.29 66729
145.296 66728
145.297 66700
145.308 66698
149.125 66655
149.125 66653
170.992 66645
171.178 66638
171.181 66634
171.23 66620
171.232 66606
171.294 66601
171.294 66599
171.3 66590
171.313 66584
171.317 66583
171.329 66573
171.349 66563
171.351 66561
171.612 66544
192.971 66520
192.972 66514
197.901 66511
197.984 66505
198.015 66487
198.17 66486
198.894 66484
198.91 66482
198.912 66478
198.913 66473
198.925 66471
199.088 66470
199.09 66464
202.493 66462
203.017 66443
203.029 66433
207.776 66423
207.781 66417
207.95 66415
208.055 66412
208.056 66410
208.056 66406
208.07 66394
208.095 66391
208.101 66384
208.106 66377
208.107 66376
208.108 66372
208.108 66369
220.579 66367
220.58 66357
220.583 66352
220.584 66351
237.973 66348
237.981 66347
258.492 66340
258.493 66339
258.493 66333
258.512 66321
258.922 66319
258.922 66316
258.925 66314
258.931 66311
258.934 66309
258.982 66307
259.118 66306
259.131 66305
275.236 66304
275.249 66300
276.629 66297
276.645 66288
276.646 66285
294.342 66280
295.882 66274
295.888 66268
295.907 66256
299.777 66251
299.808 66241
302.854 66237
337.025 66234
344.598 66232
344.835 66223
344.836 66222
344.854 66221
344.965 66219
344.977 66216
345.134 66212
345.14 66209
348.481 66206
348.489 66203
348.512 66200
348.513 66196
348.517 66191
349.348 66190
349.442 66188
349.462 66185
349.491 66181
349.494 66178
349.514 66177
349.567 66174
349.588 66170
379.638 66169
380.07 66162
