0.053 311662
0.055 311641
0.056 311526
0.057 311511
0.058 311509
0.059 311488
0.06 311419
0.064 311408
0.064 311391
0.066 311384
0.067 311252
0.068 311237
0.073 311228
0.075 311220
0.075 311213
0.078 311163
0.079 311158
0.081 311144
0.083 311140
0.084 311116
0.084 311115
0.085 311113
0.091 311073
0.092 311013
0.093 310957
0.094 310857
0.095 310847
0.103 310753
0.103 310745
0.105 310706
0.11 310703
0.111 310631
0.112 310486
0.115 310384
0.116 310328
0.116 310311
0.118 310156
0.12 309993
0.121 309990
0.121 309975
0.123 309861
0.124 309737
0.134 308821
0.134 308742
0.135 308740
0.135 308735
0.136 308733
0.138 308717
0.139 308707
0.141 308659
0.143 308652
0.144 308644
0.151 308609
0.155 308594
0.156 308568
0.157 308562
0.159 308555
0.171 308493
0.184 308482
0.188 308477
0.192 308473
0.198 308448
0.212 308356
0.212 308323
0.219 308315
0.242 308262
0.242 308258
0.25 307939
0.256 307926
0.256 307916
0.257 307912
0.259 307884
0.264 307879
0.267 307732
0.268 307682
0.268 307658
0.269 307625
0.27 307620
0.27 307579
0.273 307494
0.276 307485
0.287 307470
0.288 307460
0.289 307429
0.29 307421
0.29 307402
0.304 307399
0.306 307389
0.31 307344
0.311 307326
0.327 307321
0.327 307278
0.329 307251
0.331 307232
0.332 307215
0.333 307198
0.335 307150
0.338 307145
0.341 307143
0.341 307083
0.358 307034
0.366 306994
0.37 306975
0.37 306974
0.371 306963
0.373 306962
0.407 306951
0.408 306950
0.419 306855
0.426 306851
0.435 306847
0.438 306833
0.455 306732
0.456 306726
0.46 306720
0.463 306669
0.463 306658
0.463 306656
0.484 306620
0.488 306619
0.506 306565
0.51 306509
0.528 306496
0.531 306480
0.534 306447
0.572 306426
0.584 306155
0.585 306131
0.59 306114
0.593 306081
0.598 306077
0.601 306039
0.602 306013
0.612 305989
0.617 305982
0.62 305981
0.623 305979
0.633 305977
0.636 305936
0.643 305929
0.646 305923
0.646 305916
0.646 305908
0.647 305906
0.648 305904
0.659 305843
0.66 305837
0.662 305778
0.662 305752
0.664 305579
0.874 305578
0.876 305565
0.894 305553
0.903 305525
0.905 305523
0.907 305506
0.972 305454
0.972 305449
0.991 305432
0.992 305429
1.004 305395
1.033 305318
1.033 305317
1.034 305316
1.035 305301
1.038 305264
1.041 305263
1.046 305247
1.047 305235
1.051 305172
1.075 305170
1.076 305156
1.095 305148
1.097 305138
1.097 305131
1.098 305100
1.126 305006
1.128 305004
1.129 305002
1.16 304997
1.169 304953
1.173 304888
1.19 304876
1.221 304867
1.328 304859
1.386 304854
1.387 304843
1.389 304837
1.39 304834
1.391 304796
1.392 304795
1.392 304788
1.524 304708
1.525 304686
1.527 304663
1.601 304649
1.602 304648
1.603 304621
1.604 304575
1.607 304491
1.607 304485
1.608 304387
1.613 304266
1.614 304252
1.614 304248
1.616 304237
1.62 304234
1.669 304232
1.67 304229
1.671 304200
1.673 304162
1.674 304159
1.71 304155
1.89 304151
1.935 304146
1.938 304122
1.938 304085
1.939 304082
1.941 304000
1.944 303998
1.949 303958
1.953 303930
1.954 303919
1.956 303905
1.958 303904
1.966 303852
1.967 303826
1.967 303700
1.968 303693
1.999 303667
1.999 303628
2.002 303613
2.053 303605
2.059 303578
2.068 303577
2.071 303572
2.074 303550
2.079 303549
2.152 303547
2.154 303546
2.159 303523
2.193 303468
3.337 303450
3.338 303418
3.343 303410
3.345 303385
3.358 303373
3.361 303358
3.38 303286
3.381 303279
3.382 303276
3.384 303273
3.385 303269
3.386 303243
3.387 303238
3.399 303207
3.401 303194
3.404 303172
3.696 303169
3.697 303153
3.798 303147
3.799 303083
3.809 303077
3.816 303074
3.817 303043
3.817 303029
3.821 303025
3.868 303009
3.874 302997
3.884 302892
3.885 302887
3.931 302881
4.69 302856
4.691 302848
4.824 302796
4.824 302795
4.825 302760
4.826 302757
4.836 302734
4.843 302684
4.844 302638
4.886 302621
4.887 302611
4.888 302589
4.895 302568
4.896 302553
4.905 302434
4.907 302432
4.908 302430
4.945 302419
4.948 302418
4.954 302409
4.966 302398
4.967 302393
4.997 302392
4.999 302380
5.006 302372
5.006 302371
5.022 302345
5.029 302306
5.03 302288
5.048 302277
5.072 302144
5.085 302097
5.087 302096
5.157 302085
5.162 302076
5.163 302074
5.64 302061
6.316 301964
6.317 301963
6.318 301955
6.319 301952
6.402 301949
6.402 301937
6.406 301935
6.409 301932
6.413 301927
6.427 301924
6.428 301923
6.442 301901
6.446 301898
8.618 301893
8.621 301892
8.624 301891
9.863 301882
9.885 301881
9.888 301877
9.925 301866
11.538 301865
11.542 301855
11.546 301854
11.563 301852
11.584 301764
11.585 301723
11.588 301709
11.592 301655
11.593 301619
11.595 301615
11.596 301612
11.596 301606
11.597 301602
11.598 301599
11.6 301598
11.601 301596
11.61 301553
11.614 301550
12.72 301544
12.748 301504
12.748 301486
12.752 301484
12.754 301455
12.754 301454
12.77 301453
12.772 301450
12.773 301449
12.777 301448
12.777 301426
12.78 301421
12.786 301420
12.792 301346
12.795 301345
12.798 301335
12.803 301333
12.878 301326
12.881 301310
12.881 301304
12.881 301291
22.344 301271
22.347 301265
22.349 301261
22.351 301253
22.359 301231
22.365 301230
22.367 301215
22.421 301195
22.423 301185
22.423 301184
22.426 301183
22.432 301182
23.627 301179
23.629 301177
23.73 301174
23.739 301173
23.74 301172
23.742 301169
23.744 301162
23.746 301159
23.75 301126
24.383 301106
24.387 301089
24.388 301041
24.397 301010
24.399 301009
24.401 301003
24.403 300992
24.41 300985
24.412 300982
24.413 300959
24.413 300955
24.447 300942
24.52 300941
25.102 300937
26.201 300917
26.202 300897
26.203 300896
26.206 300886
26.63 300882
26.645 300871
26.647 300870
29.976 300868
29.979 300836
30.005 300834
30.006 300828
30.007 300827
46.221 300789
46.232 300772
46.256 300771
46.257 300770
46.303 300769
46.304 300761
46.308 300732
46.324 300725
46.327 300718
46.329 300703
46.334 300676
46.338 300671
46.341 300667
46.35 300645
46.352 300640
52.171 300635
52.174 300606
52.176 300598
52.176 300595
57.124 300566
57.127 300565
57.134 300556
57.138 300551
57.141 300550
57.142 300533
57.143 300510
57.297 300508
57.319 300491
57.323 300465
57.418 300445
60.225 300437
60.271 300412
61.713 300411
61.719 300395
62.636 300382
62.641 300372
62.667 300360
63.086 300357
63.101 300356
63.123 300338
63.129 300334
63.131 300332
63.139 300324
63.139 300323
63.14 300316
63.14 300313
63.161 300310
63.166 300294
63.169 300278
70.894 300266
70.902 300253
70.903 300248
70.903 300238
70.918 300204
70.924 300203
70.926 300201
70.948 300198
70.948 300182
70.955 300181
71.09 300178
71.091 300159
71.094 300139
71.117 300115
71.132 300100
71.137 300097
71.142 300083
71.142 300076
71.143 300033
71.148 300022
124.609 300018
124.61 300015
139.727 299995
139.869 299993
139.873 299988
139.879 299958
146.186 299950
146.218 299947
146.229 299946
161.767 299927
169.15 299900
178 299896
178.002 299894
178.007 299893
194.876 299892
195.117 299886
195.122 299869
195.125 299865
195.139 299853
195.147 299843
195.414 299842
195.637 299833
195.638 299832
195.656 299830
195.683 299826
195.685 299798
217.216 299778
219.874 299768
219.946 299763
219.956 299762
220.436 299735
220.45 299734
235.249 299725
235.252 299693
235.288 299686
235.298 299685
235.3 299683
235.3 299679
235.303 299677
235.307 299675
237.547 299672
237.568 299662
237.574 299661
237.579 299660
237.775 299657
237.781 299656
237.923 299655
237.929 299653
237.95 299650
237.975 299642
238.055 299630
238.058 299626
238.841 299615
238.842 299613
238.844 299611
238.861 299597
238.905 299596
238.922 299589
238.923 299581
238.923 299579
247.281 299578
247.284 299575
247.365 299572
247.372 299571
247.375 299568
247.401 299553
247.43 299552
247.439 299551
247.441 299550
268.071 299548
268.088 299546
268.189 299545
268.192 299535
269.411 299528
272.127 299526
272.129 299512
272.139 299503
272.14 299502
272.145 299501
272.154 299499
272.213 299498
272.237 299497
272.253 299490
272.445 299479
272.477 299478
283.29 299477
283.292 299475
285.19 299471
285.204 299467
285.22 299465
285.224 299464
285.226 299462
285.25 299459
305.954 299457
305.959 299456
305.973 299455
305.974 299454
307.152 299453
307.154 299452
307.155 299451
307.168 299446
323.255 299442
323.267 299440
323.27 299439
323.278 299438
323.287 299437
323.29 299436
323.34 299435
323.353 299429
323.362 299421
327.833 299420
372.576 299418
372.615 299415
372.62 299414
372.628 299413
373.224 299411
373.37 299401
373.374 299400
375.554 299398
385.804 299397
387.715 299396
387.718 299394
387.726 299393
387.743 299392
387.776 299391
387.803 299390
387.809 299389
387.821 299388
387.832 299387
389.641 299385
389.691 299384
389.887 299379
390.398 299376
390.404 299375
390.443 299373
391.339 299372
391.343 299366
397.98 299365
398.031 299357
398.088 299356
418.582 299350
419.552 299348
420.181 299347
427.201 299346
427.244 299340
431.563 299338
431.661 299337
431.668 299336
435.94 299332
436.194 299331
447.37 299323
447.408 299321
448.194 299316
448.2 299315
448.253 299314
448.602 299310
448.612 299309
452.135 299308
452.136 299307
452.163 299306
452.163 299305
452.173 299304
455 299303
455.032 299301
455.063 299300
458.482 299298
