0.059 113683
0.059 113677
0.061 113491
0.061 113459
0.061 113416
0.063 113392
0.063 113375
0.064 113373
0.065 113305
0.065 113291
0.066 113263
0.066 113242
0.066 113230
0.067 113214
0.067 113200
0.068 113182
0.069 113172
0.069 113154
0.069 113153
0.07 113141
0.07 113111
0.071 113105
0.071 113059
0.071 112904
0.073 112899
0.073 112898
0.074 112890
0.075 112883
0.081 112814
0.082 112813
0.082 112804
0.083 112784
0.084 112755
0.085 112707
0.086 112705
0.086 112701
0.086 112687
0.087 112679
0.087 112661
0.088 112656
0.089 112629
0.089 112625
0.093 112623
0.093 112603
0.093 112598
0.095 112502
0.097 112501
0.1 112470
0.111 112469
0.114 112456
0.115 112452
0.116 112448
0.118 112446
0.118 112443
0.124 112421
0.124 112414
0.125 112410
0.125 112372
0.126 112371
0.129 112343
0.13 112335
0.132 112324
0.133 112279
0.134 112269
0.134 112265
0.136 112252
0.136 112247
0.138 112224
0.139 112204
0.147 112095
0.149 112090
0.15 111978
0.151 111975
0.152 111968
0.154 111956
0.155 111949
0.155 111938
0.156 111926
0.158 111922
0.159 111897
0.172 111893
0.176 111884
0.176 111842
0.178 111816
0.191 111812
0.192 111801
0.193 111792
0.193 111776
0.194 111773
0.2 111772
0.203 111771
0.204 111770
0.291 111761
0.292 111742
0.312 111741
0.313 111707
0.314 111704
0.314 111684
0.32 111683
0.321 111665
0.322 111656
0.326 111654
0.327 111650
0.344 111637
0.345 111636
0.346 111621
0.346 111596
0.346 111592
0.347 111586
0.353 111572
0.353 111565
0.359 111563
0.361 111562
0.365 111518
0.365 111517
0.366 111516
0.376 111512
0.384 111494
0.389 111484
0.391 111483
0.391 111478
0.392 111462
0.393 111441
0.395 111397
0.406 111106
0.41 111040
0.411 110987
0.412 110953
0.414 110952
0.422 110950
0.423 110948
0.424 110928
0.428 110922
0.439 110737
0.44 110732
0.441 110712
0.442 110711
0.443 110709
0.456 110707
0.456 110703
0.458 110699
0.461 110698
0.47 110661
0.47 110659
0.473 110655
0.478 110648
0.482 110640
0.482 110639
0.486 110638
0.487 110620
0.488 110618
0.491 110598
0.492 110596
0.493 110593
0.496 110577
0.498 110515
0.695 110494
0.699 110443
0.948 110431
0.951 110424
0.958 110393
0.96 110391
1.007 110384
1.008 110382
1.045 110380
1.045 110378
1.047 110375
1.048 110371
1.049 110366
1.064 110364
1.066 110361
2.492 110358
2.494 110352
2.495 110350
2.495 110349
2.499 110320
2.717 110308
2.727 110288
2.742 110252
2.751 110246
3.59 110228
3.62 110203
3.684 110191
4.02 110189
4.021 110180
4.023 110179
4.025 110172
4.273 110168
4.277 110164
4.277 110158
4.279 110148
4.293 110140
4.293 110126
4.296 110123
4.297 110120
4.297 110115
6.831 110068
6.837 110054
7.037 110008
7.158 110006
7.172 110005
7.177 110002
7.326 109923
7.334 109911
7.335 109905
7.342 109898
7.41 109853
7.413 109842
7.414 109835
7.415 109820
7.416 109818
7.639 109797
7.639 109794
7.648 109792
7.651 109777
7.652 109766
7.803 109764
7.804 109748
7.806 109736
7.807 109700
7.813 109699
7.816 109694
7.817 109693
7.82 109679
7.821 109669
7.971 109667
7.972 109663
7.973 109631
7.974 109604
7.975 109595
7.975 109587
8.008 109584
8.077 109581
8.079 109538
8.079 109535
8.08 109531
8.083 109525
8.086 109517
8.096 109516
8.103 109515
8.107 109505
8.108 109501
8.111 109465
8.169 109462
8.434 109457
8.506 109442
8.508 109438
8.52 109435
8.521 109433
8.528 109427
9.856 109413
9.858 109412
9.859 109411
9.862 109379
9.864 109378
13.348 109371
13.35 109362
21.776 109360
21.802 109359
21.891 109351
21.894 109348
21.896 109347
21.899 109335
23.364 109323
23.366 109313
44.991 109305
51.101 109293
54.83 109277
54.83 109252
54.831 109244
54.833 109215
54.837 109213
54.837 109190
60.2 109162
60.219 109151
60.241 109128
60.513 109124
61.349 109109
61.351 109102
61.354 109090
61.357 109081
61.358 109075
112.792 109069
112.814 109044
112.848 109041
112.852 109039
112.866 109038
112.883 109014
112.884 109002
112.894 109000
112.895 108977
112.903 108962
117.434 108941
121.624 108940
121.625 108938
132.241 108932
132.242 108917
132.535 108916
133.685 108909
133.697 108907
138.83 108882
142.514 108877
142.515 108874
142.516 108870
142.518 108868
142.524 108855
142.539 108850
142.54 108846
142.705 108838
142.706 108835
142.71 108806
142.713 108798
142.715 108786
162.614 108785
162.647 108774
162.648 108766
162.667 108744
162.674 108737
162.717 108733
162.719 108729
162.722 108720
162.728 108711
163.43 108695
190.8 108693
190.857 108675
190.859 108673
195.592 108671
209.033 108669
209.04 108666
209.062 108659
209.732 108658
209.768 108657
212.607 108641
212.616 108631
212.617 108627
212.652 108612
212.655 108608
212.657 108607
212.67 108594
237.731 108591
237.736 108587
237.759 108586
237.805 108585
237.809 108580
237.809 108568
237.82 108541
237.858 108540
237.865 108531
237.874 108513
238.058 108506
238.998 108504
238.998 108499
239.012 108492
262.422 108491
262.431 108483
262.446 108478
262.567 108472
262.569 108470
262.872 108461
262.933 108456
262.933 108453
262.94 108451
262.962 108449
262.969 108447
264.504 108446
264.505 108441
272.006 108431
272.44 108414
272.442 108411
272.442 108408
272.456 108397
272.503 108393
272.645 108390
272.654 108389
272.732 108384
272.733 108381
274.74 108363
274.746 108349
274.755 108347
274.851 108338
301.016 108335
301.033 108334
301.035 108318
305.752 108316
305.756 108315
305.766 108305
305.782 108304
305.784 108303
305.789 108300
305.812 108299
305.824 108297
306.949 108294
306.949 108291
307.07 108285
307.071 108279
312.879 108273
312.884 108264
312.886 108263
312.888 108257
313.665 108256
331.365 108252
331.39 108251
331.393 108247
332.198 108239
332.208 108235
332.215 108232
332.225 108231
332.23 108228
332.271 108225
336.793 108222
343.173 108220
357.989 108218
358.011 108213
358.018 108209
358.034 108208
359.122 108206
359.321 108205
359.322 108203
359.35 108197
359.403 108196
359.41 108189
361.05 108184
361.062 108183
372.195 108173
372.337 108170
372.344 108167
372.351 108166
372.357 108161
372.388 108152
372.434 108146
372.461 108141
372.462 108136
387.752 108135
387.818 108133
387.842 108132
387.883 108128
387.884 108127
387.921 108126
387.934 108124
387.967 108120
408.813 108114
408.83 108111
408.833 108109
408.85 108108
408.876 108107
408.89 108105
408.903 108104
408.919 108103
420.565 108100
420.578 108097
420.594 108094
420.612 108091
420.617 108090
432.776 108088
453.521 108086
454.734 108084
454.741 108079
454.742 108078
454.743 108077
454.827 108070
454.893 108069
454.922 108065
455.085 108063
455.089 108056
478.019 108053
478.037 108052
478.038 108046
478.048 108044
478.181 108041
515.919 108039
515.93 108038
523.297 108037
524.17 108036
524.188 108031
524.269 108030
524.402 108027
524.579 108026
524.638 108025
524.649 108024
524.655 108023
