0.057 132046
0.058 131375
0.059 131367
0.06 131354
0.061 131353
0.062 131351
0.063 131349
0.063 131299
0.064 131294
0.064 131288
0.066 131287
0.072 131282
0.073 131238
0.077 131235
0.078 131222
0.078 131219
0.079 131213
0.081 131204
0.082 130970
0.083 130949
0.084 130948
0.091 130929
0.091 130927
0.092 130926
0.105 130845
0.105 130843
0.107 130838
0.107 130837
0.123 130832
0.124 130820
0.135 130776
0.136 130775
0.138 130769
0.14 130767
0.157 130744
0.167 130375
0.167 130374
0.168 130367
0.169 130361
0.174 130315
0.178 130306
0.179 130001
0.18 129999
0.182 129888
0.182 129874
0.183 129868
0.184 129192
0.185 129190
0.186 129189
0.189 129171
0.195 129089
0.195 129088
0.196 129085
0.196 129057
0.197 129004
0.199 128990
0.199 128986
0.2 128798
0.201 128795
0.201 128785
0.205 128784
0.206 128781
0.206 128777
0.208 128771
0.209 128767
0.216 128766
0.216 128765
0.216 128764
0.247 128663
0.247 128657
0.248 128653
0.258 128649
0.258 128641
0.259 128635
0.261 128632
0.267 128369
0.269 128319
0.271 128303
0.276 127969
0.278 127949
0.288 127925
0.293 127866
0.295 127785
0.297 127781
0.297 127778
0.298 127762
0.299 127718
0.3 127710
0.3 127698
0.303 127696
0.315 127545
0.315 127540
0.316 127533
0.317 127525
0.319 127208
0.32 127042
0.325 126971
0.327 126944
0.328 126937
0.33 126928
0.331 126924
0.341 126916
0.341 126904
0.343 126885
0.345 126879
0.35 126848
0.35 126846
0.351 126834
0.352 126803
0.372 126792
0.373 126790
0.376 126788
0.377 126744
0.378 126742
0.379 126731
0.382 126727
0.383 126583
0.392 126579
0.395 126576
0.396 126573
0.397 126571
0.41 126563
0.41 126551
0.415 126519
0.417 126485
0.419 126469
0.419 126254
0.42 126155
0.42 126154
0.424 126148
0.425 126146
0.426 126142
0.428 126134
0.43 126130
0.43 126122
0.431 126077
0.535 126076
0.537 126073
0.538 126068
0.539 126058
0.54 126057
0.614 126055
0.615 126030
0.615 126029
0.618 126027
0.621 125839
0.623 125836
0.624 125830
0.625 125805
0.635 125771
0.636 125767
0.765 125704
0.767 125696
0.768 125652
0.774 125642
0.777 125621
0.779 125617
0.78 125575
0.789 125536
0.944 125510
0.96 125382
0.964 125367
0.967 125348
0.967 125330
1.076 125329
1.077 125325
1.078 125324
1.092 125323
1.096 125321
1.096 125303
1.102 125297
1.102 125277
1.102 125245
1.234 125243
1.238 125242
1.238 125230
1.24 125214
1.24 125207
1.26 125192
1.264 125177
1.304 125176
1.305 125172
1.306 125166
1.308 125140
1.311 125102
1.322 125046
1.33 125041
1.334 125028
1.336 125026
1.337 125017
1.339 125014
1.34 124993
1.364 124888
1.364 124884
1.365 124879
1.367 124619
1.369 124615
1.373 124604
1.376 124550
1.381 124548
1.382 124536
1.412 124531
1.42 124529
1.423 124527
1.423 124502
1.482 124493
1.483 124487
1.483 124437
1.484 124422
1.499 124419
1.499 124413
1.5 124405
1.506 124404
1.507 124402
1.511 124396
1.511 124395
1.512 124394
1.539 124392
1.542 124376
1.546 124368
1.603 124341
1.604 124337
1.619 124332
1.625 124305
1.626 124302
1.659 124298
1.659 124282
1.675 124273
1.742 124272
1.744 124262
1.745 124252
1.749 124250
1.749 124244
1.75 124238
1.753 124236
1.755 124234
1.765 124228
1.768 124220
1.771 124207
1.772 124203
1.79 124202
1.791 124199
1.792 124183
1.794 124149
1.794 124133
1.797 124131
1.801 124125
1.808 124120
1.809 124119
1.81 124116
1.813 124114
1.818 124110
1.82 124102
1.824 124100
1.826 124093
2.967 124082
2.969 124059
2.972 124053
2.977 124040
2.977 124034
2.979 123963
3.028 123951
3.03 123950
3.03 123942
3.105 123937
3.106 123933
3.112 123920
3.12 123915
3.152 123904
3.153 123848
3.154 123839
3.157 123812
3.158 123803
3.158 123800
3.177 123766
3.179 123761
3.64 123735
3.642 123729
3.644 123713
3.654 123708
3.657 123706
3.658 123705
3.663 123703
3.664 123702
3.665 123686
3.675 123667
3.678 123656
3.679 123634
3.682 123532
3.683 123525
3.761 123497
3.761 123468
3.874 123460
3.875 123458
3.877 123457
3.881 123445
3.943 123440
3.947 123427
3.948 123404
3.948 123345
3.961 123334
3.982 123326
3.993 123314
4.004 123311
4.004 123310
4.005 123291
4.008 123284
4.009 123277
4.015 123246
4.015 123241
4.017 123232
4.018 123230
4.018 123224
4.019 123220
4.022 123214
5.255 123195
5.258 123173
5.26 123144
5.266 123110
5.409 123091
5.425 123077
5.427 123065
5.428 123062
6.34 123053
6.343 123052
6.343 123044
6.345 123008
6.35 122985
6.351 122978
6.352 122945
6.353 122939
6.354 122934
6.358 122930
6.367 122927
6.368 122918
6.37 122890
8.558 122852
8.561 122849
8.563 122848
8.564 122835
8.566 122833
8.566 122832
8.568 122817
8.57 122808
8.589 122800
8.594 122772
8.595 122758
8.597 122756
8.6 122755
8.602 122682
8.605 122679
8.605 122678
8.61 122675
8.813 122666
8.814 122661
8.816 122658
8.816 122624
8.818 122622
8.82 122617
8.821 122616
8.827 122585
8.831 122582
8.831 122579
8.834 122577
8.837 122557
8.846 122546
8.851 122528
8.854 122524
8.857 122502
8.859 122500
14.637 122496
14.667 122487
14.669 122483
14.67 122476
14.672 122473
14.678 122472
17.437 122464
17.439 122459
17.455 122442
17.456 122441
17.479 122428
17.48 122424
17.482 122419
17.505 122414
18.416 122404
18.42 122402
18.421 122390
18.422 122387
18.428 122384
18.429 122381
18.445 122368
19.499 122366
19.5 122362
19.501 122357
19.502 122348
19.503 122341
19.504 122335
20.445 122297
20.446 122291
21.477 122288
21.479 122280
21.48 122279
21.48 122274
21.493 122262
21.494 122242
21.496 122235
21.499 122233
21.5 122225
21.501 122222
21.505 122218
21.506 122216
21.507 122197
21.508 122182
21.511 122179
21.514 122166
21.517 122160
21.519 122153
21.558 122147
21.559 122146
21.56 122129
21.565 122120
21.576 122114
21.579 122098
21.583 122096
21.584 122073
21.663 122046
21.664 122034
49.452 122027
49.454 122018
69.277 122008
69.278 122003
69.285 122000
72.096 121994
72.097 121988
77.151 121983
77.173 121980
77.173 121973
77.174 121968
77.179 121962
77.387 121960
77.388 121958
77.389 121956
77.412 121953
77.416 121942
77.417 121930
77.439 121923
77.44 121921
77.451 121920
77.484 121908
77.486 121901
96.544 121898
96.552 121896
105.021 121879
105.059 121876
105.063 121873
105.071 121872
105.075 121870
105.076 121867
109.994 121864
113.585 121863
113.595 121862
113.596 121855
113.597 121852
113.599 121851
113.804 121847
113.859 121835
113.864 121834
113.864 121831
113.865 121826
113.87 121801
113.876 121800
113.884 121799
113.886 121795
113.89 121787
113.89 121784
117.455 121771
117.456 121767
117.464 121753
117.465 121752
117.466 121742
117.467 121741
117.468 121725
127.039 121712
127.04 121703
129.408 121691
149.108 121682
149.11 121674
149.111 121655
149.112 121654
149.113 121641
149.114 121625
149.114 121624
149.125 121606
149.127 121590
149.127 121583
149.132 121566
149.139 121562
149.141 121558
149.142 121556
149.143 121553
149.144 121552
150.499 121547
150.5 121545
150.502 121535
150.505 121531
150.505 121526
150.506 121516
150.51 121509
150.513 121501
150.846 121500
150.847 121499
150.885 121494
150.886 121486
160.077 121482
160.079 121460
160.088 121459
160.088 121450
160.09 121449
160.529 121437
160.55 121435
160.551 121425
160.553 121420
160.564 121399
160.568 121394
160.569 121393
160.572 121392
160.573 121386
160.575 121381
160.579 121379
160.579 121361
161.194 121359
194.47 121355
194.479 121348
194.482 121345
194.485 121344
202.915 121343
204.918 121341
204.921 121337
204.957 121331
204.957 121325
204.958 121320
204.962 121317
204.973 121305
205.008 121297
205.014 121293
205.016 121291
205.028 121289
205.373 121281
205.379 121278
205.53 121276
205.532 121265
205.533 121263
205.533 121255
221.357 121252
221.358 121249
221.358 121245
221.364 121243
257.123 121242
257.126 121235
257.127 121231
257.131 121208
257.194 121200
257.203 121197
257.204 121178
257.241 121176
260.689 121168
260.693 121162
260.727 121161
260.728 121159
272.035 121157
272.268 121143
272.276 121141
272.28 121138
272.674 121132
272.732 121127
272.732 121122
272.733 121120
276.442 121113
309.519 121107
309.59 121103
309.591 121102
309.6 121100
309.6 121098
309.607 121097
309.609 121090
318.877 121084
318.879 121080
318.882 121079
319.163 121066
319.164 121056
319.169 121055
319.172 121050
328.945 121049
329.01 121036
334.857 121035
334.865 121033
334.888 121032
334.89 121031
334.909 121030
334.913 121029
334.919 121027
334.924 121021
348.26 121020
348.265 121018
348.268 121016
348.269 120998
360.049 120996
360.049 120995
360.051 120991
360.052 120980
360.086 120978
360.089 120975
360.09 120974
379.097 120971
379.097 120970
379.108 120967
379.109 120966
384.946 120964
384.956 120957
430.969 120955
431.062 120954
442.854 120950
473.036 120949
477.203 120947
486.258 120945
486.272 120944
486.273 120942
486.308 120941
486.476 120939
486.526 120934
