0.002 45869
0.004 45619
0.004 45616
0.005 45537
0.006 45498
0.006 45484
0.007 45474
0.008 45460
0.01 45315
0.011 45306
0.011 45298
0.012 45275
0.014 45269
0.014 45261
0.016 45205
0.017 45176
0.021 45165
0.022 45158
0.03 45150
0.03 45130
0.033 45111
0.034 45044
0.035 45009
0.036 45001
0.037 44973
0.037 44964
0.038 44961
0.039 44762
0.04 44745
0.041 44730
0.042 44716
0.046 44713
0.057 44630
0.057 44628
0.062 44609
0.065 44275
0.065 44266
0.069 44180
0.071 44175
0.155 44169
0.192 44162
0.194 44160
0.196 44158
0.198 44156
0.199 44134
0.201 44123
0.204 44114
0.21 44110
0.211 44101
0.449 44093
0.449 44091
0.478 44083
0.479 44078
0.48 44038
0.758 44037
0.793 44021
0.805 43955
0.805 43953
0.806 43952
0.808 43946
0.809 43929
0.811 43921
0.812 43920
0.813 43898
0.814 43896
0.832 43889
0.929 43878
0.931 43875
0.933 43872
0.933 43850
1.646 43848
1.651 43847
1.653 43845
1.784 43829
1.784 43827
1.789 43811
1.914 43795
1.915 43793
1.939 43788
1.943 43773
1.948 43772
2.036 43769
4.696 43768
4.697 43763
5.413 43760
8.537 43743
8.551 43739
8.552 43732
46.654 43685
46.656 43676
46.664 43667
46.673 43664
46.693 43663
46.701 43662
46.737 43653
46.8 43652
46.874 43632
46.891 43629
46.894 43627
47.063 43616
47.98 43610
47.992 43603
48.842 43602
48.848 43599
48.852 43596
48.852 43595
48.855 43594
51.776 43590
51.778 43579
51.781 43570
51.783 43566
57.711 43558
57.725 43555
118.317 43552
160.568 43551
