0.003 18859
0.003 18805
0.003 18786
0.003 18751
0.003 18736
0.004 18712
0.005 18671
0.005 18627
0.006 18618
0.006 18564
0.007 18538
0.008 18511
0.009 18482
0.009 18466
0.01 18445
0.011 18417
0.012 18410
0.012 18382
0.017 18378
0.017 18362
0.018 18355
0.02 18351
0.026 18349
0.028 18295
0.028 18273
0.029 18244
0.03 18234
0.04 18105
0.041 18036
0.042 18035
0.043 17983
0.045 17925
0.045 17854
0.051 17713
0.08 17709
0.082 17683
0.082 17680
0.128 17676
0.128 17656
0.129 17639
0.13 17597
0.131 17593
0.172 17587
0.177 17586
0.2 17568
0.202 17552
0.202 17532
0.204 17516
0.204 17513
0.205 17505
0.206 17500
0.219 17486
1.017 17483
1.426 17476
1.428 17462
1.478 17419
1.478 17410
1.49 17392
2.396 17387
2.424 17357
2.798 17352
5.719 17323
5.72 17306
23.058 17303
42.934 17302
42.962 17292
52.048 17279
52.053 17266
71.477 17265
109.254 17261
109.278 17259
