0.062 61469
0.062 61437
0.063 61432
0.063 61426
0.064 61382
0.064 61366
0.064 61319
0.065 61316
0.066 61156
0.066 61151
0.067 61145
0.067 61120
0.068 61095
0.068 61074
0.069 60977
0.069 60976
0.07 60962
0.07 60914
0.071 60912
0.072 60903
0.072 60898
0.072 60837
0.073 60746
0.074 60723
0.074 60698
0.075 60688
0.075 60678
0.076 60671
0.077 60605
0.077 60591
0.079 60581
0.079 60572
0.079 60569
0.08 60539
0.081 60527
0.082 60524
0.082 60513
0.083 60500
0.085 60494
0.086 60489
0.086 60464
0.086 60459
0.087 60450
0.088 60443
0.092 60432
0.093 60431
0.095 60391
0.095 60386
0.096 60382
0.097 60378
0.1 60348
0.103 60335
0.104 60325
0.105 60294
0.105 60290
0.106 60289
0.107 60282
0.11 60278
0.111 60274
0.112 60245
0.112 60231
0.129 60141
0.13 60140
0.13 60120
0.132 60113
0.134 60085
0.136 60084
0.137 60065
0.141 60063
0.145 60060
0.155 60052
0.155 60045
0.158 60037
0.16 60023
0.185 60017
0.186 60008
0.189 60000
0.192 59995
0.193 59992
0.201 59973
0.202 59951
0.203 59947
0.204 59938
0.713 59917
0.717 59881
0.721 59872
0.731 59854
0.731 59825
1.401 59818
1.401 59810
1.402 59802
1.408 59777
1.412 59776
1.413 59773
1.413 59754
1.654 59680
3.022 59639
3.026 59638
3.027 59513
3.18 59487
3.183 59442
3.183 59390
3.186 59378
3.206 59349
12.124 59346
12.131 59345
12.25 59307
12.252 59296
22.672 59283
22.677 59262
22.678 59258
22.681 59232
22.683 59230
23.891 59214
23.897 59209
23.909 59198
23.916 59193
26.93 59186
26.947 59180
26.948 59173
28.941 59151
28.942 59150
28.942 59114
28.943 59109
29 59093
29 59080
29.02 59066
29.026 59049
29.227 59048
29.235 59042
29.235 59039
29.414 59012
29.99 59009
29.991 58987
29.991 58986
29.992 58963
30.01 58951
30.01 58949
30.016 58946
30.019 58919
32.779 58916
32.781 58900
32.781 58879
32.802 58878
32.802 58818
40.611 58802
40.611 58789
40.612 58775
40.613 58773
40.614 58761
40.618 58755
40.618 58754
40.62 58750
40.628 58748
40.628 58747
40.629 58746
40.633 58744
40.715 58732
40.754 58726
40.782 58715
40.785 58707
40.786 58674
40.789 58628
40.789 58613
40.844 58597
40.845 58596
40.864 58593
40.864 58578
40.865 58542
40.865 58538
41.139 58534
41.14 58528
41.141 58525
41.147 58511
41.148 58504
41.149 58502
41.156 58500
41.158 58487
41.161 58484
41.234 58467
41.235 58436
41.237 58435
62.731 58429
67.44 58422
67.441 58414
67.444 58387
67.449 58373
70.89 58366
70.891 58356
70.896 58353
70.9 58352
70.903 58349
70.909 58345
70.972 58333
71.039 58328
71.04 58327
71.041 58326
71.043 58322
71.044 58321
71.049 58313
71.051 58312
74.961 58309
74.964 58282
74.966 58278
74.974 58276
75.014 58269
75.015 58267
75.019 58259
75.647 58249
75.649 58243
75.655 58240
75.669 58236
75.669 58208
75.688 58201
75.739 58199
75.74 58191
75.741 58180
85.084 58176
85.086 58173
98.649 58167
98.695 58157
100.632 58153
100.635 58147
104.735 58146
104.773 58132
104.773 58121
105.549 58119
105.979 58111
105.982 58094
105.982 58091
109.257 58069
109.262 58064
109.267 58059
109.29 58044
109.293 58041
109.633 58038
110.708 58035
110.722 58033
110.823 58031
110.825 58030
110.828 58029
111.806 58009
111.994 58007
111.994 57997
112.217 57994
112.23 57985
112.233 57981
112.248 57974
112.276 57959
112.285 57958
112.287 57955
112.289 57953
112.29 57947
112.293 57943
124.056 57941
124.058 57926
124.06 57925
124.065 57924
125.069 57923
125.077 57922
125.078 57917
125.081 57916
125.083 57912
136.89 57910
136.898 57904
136.916 57903
136.931 57900
137.008 57895
137.01 57887
137.021 57886
137.022 57880
137.046 57879
137.853 57878
137.952 57876
138.002 57873
138.006 57871
138.007 57867
138.023 57859
138.024 57843
139.365 57842
139.368 57835
139.39 57834
139.421 57825
139.441 57809
139.444 57804
139.445 57797
139.45 57791
139.458 57790
139.462 57780
139.5 57778
139.531 57775
139.557 57772
139.558 57771
140.791 57769
140.791 57767
141.177 57761
141.183 57758
141.184 57754
141.216 57751
142.245 57750
142.247 57748
143.716 57747
143.727 57743
143.777 57739
144.027 57735
144.033 57734
148.738 57731
148.785 57728
164.842 57727
165.697 57726
179.128 57722
179.191 57719
179.228 57716
179.296 57715
179.309 57714
179.312 57712
180.039 57708
180.052 57706
180.056 57705
180.684 57702
180.685 57700
180.688 57699
180.728 57697
180.729 57696
180.733 57691
181.335 57687
181.358 57678
181.37 57677
184.509 57669
184.51 57668
184.511 57666
184.841 57664
184.847 57660
184.9 57658
186.089 57657
186.558 57652
186.592 57649
186.687 57646
186.75 57645
186.757 57639
186.758 57638
190.873 57635
190.902 57634
190.915 57633
190.926 57631
191.316 57628
191.339 57623
191.344 57620
193.129 57619
195.585 57617
195.881 57614
195.896 57611
195.901 57609
