0.001 23050
0.002 23000
0.003 22997
0.003 22899
0.004 22865
0.007 22863
0.008 22857
0.013 22848
0.014 22721
0.016 22628
0.017 22625
0.018 22605
0.019 22598
0.019 22576
0.021 22544
0.022 22504
0.027 22288
0.028 22224
0.032 22215
0.034 22214
0.034 22199
0.041 22197
0.047 22196
0.047 22181
0.049 22166
0.05 22151
0.052 22126
0.054 22112
0.055 22110
0.066 22086
0.095 22076
0.157 22044
0.779 22036
0.783 22011
3.814 21994
4.019 21984
4.088 21982
4.088 21976
4.328 21975
4.329 21965
6.517 21960
16.225 21953
16.228 21947
16.237 21944
39.356 21936
91.283 21933
