0.007 74645
0.007 74635
0.008 74569
0.011 74567
0.011 74545
0.012 74522
0.012 74513
0.012 74508
0.013 74495
0.015 74493
0.015 74362
0.015 74357
0.016 74085
0.017 74058
0.019 74054
0.026 73968
0.03 73947
0.033 73869
0.034 73847
0.034 73804
0.038 73716
0.044 73712
0.047 73694
0.051 73626
0.057 73604
0.074 73603
0.081 73597
0.088 73528
0.089 73516
0.089 73513
0.113 73503
0.114 73489
0.116 73476
0.116 73383
0.122 73380
0.143 73365
0.144 73364
0.149 73361
0.151 73276
0.244 73268
0.245 73232
0.245 73202
0.255 73180
0.302 73103
0.308 73089
0.309 73042
0.31 73029
0.316 73028
0.378 73014
0.379 72989
0.382 72985
0.384 72966
0.385 72963
0.386 72908
0.387 72894
0.388 72892
0.391 72882
0.392 72879
0.392 72861
0.4 72852
0.407 72840
0.408 72825
0.411 72817
0.905 72758
0.976 72757
0.977 72740
0.984 72737
0.985 72735
0.999 72712
1 72701
1.001 72695
1.272 72677
1.305 72676
1.309 72669
1.312 72644
1.314 72643
1.318 72640
1.369 72616
1.398 72570
1.398 72563
1.424 72542
1.425 72529
1.427 72517
1.432 72499
1.433 72459
1.436 72453
1.438 72425
1.439 72407
1.446 72380
1.447 72356
11.997 72344
12.001 72340
12.017 72305
12.174 72303
12.556 72296
12.991 72291
12.997 72279
13.006 72275
13.007 72253
15.688 72252
15.689 72248
15.807 72247
15.808 72230
15.814 72208
15.815 72202
15.816 72201
17.54 72196
18.679 72194
18.679 72178
18.682 72170
18.682 72168
18.683 72140
33.022 72118
40.492 72109
40.494 72064
40.495 72063
42.948 72045
42.95 72043
43.035 72022
43.038 72013
43.038 71976
43.047 71973
48.532 71953
48.533 71952
50.234 71925
50.236 71905
50.271 71903
50.601 71901
50.611 71890
52.256 71882
52.257 71881
52.261 71866
52.265 71864
52.267 71837
56.439 71834
62.419 71833
62.42 71797
75.013 71786
83.088 71772
89.138 71768
89.145 71736
89.156 71731
89.206 71720
89.36 71715
89.779 71714
89.835 71711
89.838 71708
89.858 71705
89.866 71700
89.882 71694
89.903 71685
89.908 71679
134.311 71678
134.348 71676
134.396 71674
148.341 71673
158.923 71671
158.957 71670
172.781 71668
182.579 71666
