0.004 46354
0.005 46351
0.005 46243
0.006 46237
0.006 46120
0.012 46111
0.013 46110
0.017 46103
0.019 46077
0.019 46065
0.02 46060
0.022 46044
0.024 46036
0.025 46030
0.025 45991
0.055 45956
0.056 45944
0.058 45923
0.064 45912
0.065 45878
0.077 45754
0.095 45752
0.099 45647
0.099 45643
0.101 45582
0.109 45572
0.12 45557
0.121 45484
0.121 45412
0.122 45400
0.145 45396
0.151 45338
0.152 45269
0.154 45261
0.179 45260
0.186 45259
0.255 45241
0.256 45230
0.258 45206
0.315 45161
0.315 45118
0.326 45116
0.354 45114
0.356 45094
0.357 45088
0.365 45081
0.368 45079
0.382 45015
0.384 45014
0.423 45013
0.423 45012
0.424 45011
0.535 45000
0.537 44996
0.539 44985
0.54 44975
0.541 44970
0.541 44966
0.542 44960
0.544 44945
1.787 44936
14.118 44923
17.47 44912
26.499 44901
26.511 44898
26.534 44887
34.397 44873
34.4 44858
34.4 44854
34.401 44851
39.024 44844
42.138 44841
42.286 44834
42.288 44822
42.319 44817
42.32 44812
60.977 44805
60.981 44798
61.318 44795
87.862 44791
87.863 44789
87.864 44785
87.874 44780
87.875 44777
87.892 44776
90.616 44758
90.619 44757
90.905 44755
90.906 44750
90.906 44742
90.91 44741
90.93 44739
90.939 44735
90.951 44733
90.953 44724
90.957 44722
150.307 44720
150.315 44717
150.328 44715
150.633 44714
150.659 44711
151.028 44710
151.459 44709
156.638 44708
173.889 44707
