0.006 18408
0.007 18386
0.007 18385
0.008 18364
0.008 18363
0.008 18352
0.009 18330
0.009 18319
0.009 18271
0.01 18248
0.011 18216
0.011 18186
0.012 18135
0.012 18110
0.014 18085
0.014 18080
0.015 18078
0.015 18071
0.024 18043
0.025 18033
0.025 18022
0.027 18018
0.028 18002
0.029 17979
0.036 17966
0.047 17963
0.048 17956
0.048 17951
0.05 17936
0.05 17922
0.051 17919
0.051 17915
0.058 17907
0.091 17889
0.093 17880
0.094 17857
0.094 17845
0.095 17835
0.096 17807
0.097 17794
0.185 17783
0.186 17774
0.186 17756
0.236 17752
0.304 17747
0.484 17734
0.816 17686
0.818 17685
0.843 17673
8.957 17672
16.686 17653
16.687 17650
19.866 17620
19.87 17612
53.035 17608
53.037 17598
53.037 17594
73.643 17592
73.645 17588
73.648 17587
78.864 17586
78.874 17580
78.875 17569
105.656 17567
111.627 17561
113.073 17560
113.137 17558
176.632 17557
176.638 17556
