0.007 74288
0.007 74283
0.008 74234
0.009 73992
0.01 73976
0.01 73952
0.011 73948
0.015 73909
0.016 73855
0.017 73774
0.063 73771
0.151 73723
0.156 73672
0.174 73668
0.176 73585
0.176 73583
0.178 73556
0.182 73534
0.183 73505
0.185 73473
0.186 73466
0.19 73461
0.191 73459
0.216 73447
0.218 73434
0.219 73432
0.221 73418
0.222 73406
0.223 73405
0.232 73356
0.235 73355
0.238 73347
0.244 73340
0.262 73321
0.276 73307
0.276 73270
0.278 73256
0.281 73237
0.282 73228
0.283 73195
0.285 73149
0.287 73144
0.292 73111
0.295 73059
0.308 73052
0.309 73035
0.31 73013
0.311 72951
0.314 72909
0.318 72672
0.318 72569
0.318 72518
0.332 72502
0.333 72466
0.337 72446
0.337 72445
0.347 72433
0.35 72421
0.352 72413
0.358 72408
0.38 72382
0.532 72302
0.533 72295
0.547 72276
0.573 72267
0.576 72263
0.576 72262
1.292 72255
1.293 72254
1.359 72252
1.381 72249
1.386 72243
1.391 72234
1.392 72220
1.399 72202
1.4 72181
1.401 72179
1.684 72163
1.684 72158
1.688 72138
1.857 72120
1.859 72115
1.861 72100
13.13 72094
13.22 72080
13.22 72079
13.227 72073
14.126 72062
14.149 72059
14.15 72053
14.155 72040
14.156 72034
14.161 72018
14.171 72014
14.174 72010
19.274 72007
19.275 72006
19.278 71984
19.331 71978
19.338 71974
19.34 71964
68.101 71962
69.677 71952
69.757 71943
69.76 71939
69.76 71935
74.294 71924
74.295 71921
74.452 71909
100.549 71900
100.549 71898
100.559 71893
101.427 71892
102.179 71891
103.486 71885
103.487 71883
105.729 71882
105.732 71880
105.735 71871
115.958 71870
127.163 71869
127.274 71863
127.3 71862
131.165 71861
134.618 71852
137.421 71848
138.969 71839
138.974 71838
138.976 71836
163.157 71834
163.178 71832
164.502 71831
164.506 71824
164.521 71823
186.372 71822
186.372 71821
186.378 71819
