0.006 18365
0.007 18364
0.007 18324
0.008 18319
0.009 18303
0.01 18275
0.013 18266
0.014 18238
0.014 18234
0.015 18227
0.015 18212
0.02 18204
0.021 18203
0.021 18129
0.022 18127
0.023 18120
0.026 18117
0.027 18093
0.029 18091
0.029 18080
0.03 18027
0.044 18026
0.046 17986
0.057 17975
0.058 17963
0.06 17917
0.062 17893
0.083 17892
0.083 17879
0.084 17863
0.086 17845
0.087 17829
0.114 17818
0.148 17808
0.423 17803
0.424 17795
0.429 17787
0.474 17783
0.479 17762
0.646 17749
0.65 17747
0.651 17744
0.662 17724
1.531 17703
1.533 17693
6.627 17681
8.268 17678
8.269 17677
8.269 17669
16.075 17662
16.076 17659
16.076 17652
20.852 17635
22.42 17628
22.421 17626
22.425 17625
22.461 17615
22.461 17610
22.466 17599
22.466 17598
41.729 17596
62.129 17591
62.134 17577
101.069 17569
101.085 17568
113.218 17562
136.718 17552
136.745 17548
