0.007 74437
0.008 74310
0.009 74157
0.01 74138
0.011 74123
0.011 74108
0.014 74103
0.014 74081
0.015 74053
0.015 73919
0.018 73820
0.046 73779
0.063 73741
0.066 73578
0.067 73563
0.067 73559
0.072 73526
0.074 73484
0.078 73451
0.081 73450
0.088 73420
0.089 73419
0.107 73414
0.108 73371
0.113 73361
0.115 73337
0.121 73306
0.123 73288
0.124 73280
0.26 73242
0.264 73232
0.269 73213
0.272 73210
0.362 73151
0.363 73118
0.365 73099
0.406 73067
0.413 73043
0.428 73040
0.43 72986
0.43 72985
0.434 72981
0.445 72979
0.448 72965
0.458 72963
0.463 72936
0.487 72929
0.489 72923
0.5 72908
0.52 72889
0.522 72886
0.664 72878
0.732 72865
0.74 72855
0.768 72850
0.791 72809
0.792 72808
0.793 72763
0.793 72749
0.795 72748
0.807 72734
0.814 72719
0.851 72624
0.851 72623
0.857 72615
0.865 72573
0.87 72567
0.882 72537
1.04 72527
1.166 72513
1.644 72497
1.65 72496
1.665 72481
2.334 72455
2.335 72453
2.337 72449
2.343 72434
2.352 72385
2.353 72380
2.411 72373
3.107 72360
4.315 72350
4.317 72348
4.319 72341
4.323 72326
5.297 72306
5.298 72304
5.372 72229
5.374 72219
5.378 72217
5.378 72214
5.39 72205
8.009 72195
8.325 72194
8.326 72140
8.536 72135
8.627 72095
8.63 72090
15.859 72089
15.861 72080
15.861 72046
16.258 72041
16.258 72039
20.638 72019
27.498 71988
27.993 71983
27.995 71970
28.095 71955
76.507 71954
108.555 71952
108.836 71945
110.754 71943
111.182 71938
111.192 71934
111.218 71921
111.869 71910
111.895 71908
114.511 71893
115.314 71892
115.315 71887
115.326 71873
126.905 71870
126.94 71860
126.949 71859
126.956 71853
145.653 71852
147.144 71849
147.773 71845
149.918 71843
178.446 71841
184.036 71839
