0.005 22805
0.005 22796
0.006 22767
0.006 22765
0.007 22722
0.007 22707
0.007 22702
0.008 22699
0.008 22695
0.01 22682
0.01 22681
0.018 22549
0.036 22521
0.036 22519
0.038 22508
0.05 22424
0.051 22407
0.052 22282
0.057 22274
0.058 22265
0.08 22165
0.082 22163
0.083 22161
0.084 22119
0.087 22091
0.093 22060
0.094 22026
0.095 21993
0.096 21976
0.097 21949
0.097 21880
0.099 21874
0.13 21824
0.141 21773
0.142 21759
0.169 21700
0.192 21676
0.198 21660
0.214 21657
0.215 21604
0.27 21603
0.56 21602
0.561 21585
0.564 21542
0.569 21533
0.579 21524
0.584 21521
0.585 21516
0.586 21503
0.588 21485
0.589 21480
0.593 21477
0.593 21467
0.595 21456
0.596 21418
0.602 21404
0.603 21382
0.722 21373
1.793 21344
2.618 21340
2.62 21337
14.747 21331
14.755 21327
14.765 21308
14.768 21307
14.771 21306
14.772 21304
14.772 21301
24.73 21289
38.329 21282
38.331 21278
38.334 21274
38.335 21268
76.714 21254
123.059 21253
126.364 21250
141.362 21248
141.366 21242
150.316 21241
150.369 21238
164.275 21234
164.29 21232
164.297 21231
164.298 21229
164.398 21228
164.44 21226
