0.005 32754
0.006 32555
0.006 32554
0.006 32513
0.007 32440
0.008 32377
0.009 32366
0.009 32353
0.01 32276
0.01 32256
0.012 32187
0.012 32145
0.013 32085
0.013 32027
0.014 32023
0.015 32011
0.016 31994
0.016 31913
0.021 31904
0.022 31899
0.022 31894
0.022 31871
0.023 31865
0.024 31858
0.025 31820
0.049 31781
0.05 31777
0.051 31661
0.051 31654
0.053 31629
0.056 31623
0.061 31613
0.092 31605
0.093 31601
0.097 31534
0.192 31492
0.194 31462
0.194 31439
0.195 31429
0.196 31388
0.257 31377
0.259 31363
0.259 31352
0.26 31325
0.261 31324
0.263 31322
0.263 31302
0.274 31244
0.309 31163
0.309 31145
0.311 31139
0.312 31134
0.356 31119
0.367 31113
0.368 31064
0.369 31059
0.405 31048
0.408 31007
0.668 30979
0.669 30977
0.669 30975
1.15 30960
1.151 30939
1.151 30927
1.161 30897
2.393 30886
2.394 30854
2.394 30781
2.395 30764
2.396 30762
2.398 30754
2.4 30753
2.838 30721
2.838 30712
3.671 30709
7.991 30692
8.005 30675
15.087 30673
15.338 30634
15.338 30630
45.664 30622
45.671 30613
46.016 30610
47.584 30609
47.602 30605
47.691 30604
47.699 30597
47.713 30579
47.714 30565
47.962 30562
59.415 30559
59.732 30534
59.733 30532
65.464 30525
65.476 30512
65.493 30511
65.497 30510
65.524 30497
65.528 30496
71.638 30490
72.271 30489
72.271 30485
72.431 30480
72.448 30478
74.815 30474
74.826 30459
89.076 30451
132.4 30447
132.405 30446
132.607 30444
142.456 30441
