0.011 32999
0.011 32950
0.012 32941
0.012 32929
0.013 32749
0.013 32713
0.014 32710
0.015 32708
0.015 32707
0.016 32688
0.017 32675
0.018 32666
0.019 32597
0.019 32577
0.02 32572
0.021 32557
0.021 32548
0.024 32528
0.025 32526
0.025 32515
0.026 32511
0.034 32426
0.046 32249
0.047 32234
0.048 32209
0.049 32208
0.056 32196
0.062 32191
0.062 32177
0.065 32140
0.066 32110
0.071 32090
0.076 32084
0.116 32043
0.117 31976
0.118 31962
0.119 31940
0.12 31916
0.121 31915
0.122 31897
0.123 31885
0.142 31878
0.142 31873
0.144 31788
0.149 31771
0.149 31763
0.18 31758
0.208 31757
0.21 31731
0.461 31720
0.478 31716
0.52 31715
0.52 31704
0.544 31692
0.545 31676
0.546 31535
0.906 31523
0.907 31492
0.912 31486
0.993 31444
0.995 31425
1.004 31396
1.005 31380
1.039 31370
1.041 31366
19.98 31360
19.981 31351
19.982 31346
20.64 31345
20.65 31332
20.651 31291
20.652 31269
29.181 31245
29.181 31233
41.283 31232
41.304 31218
56.766 31177
56.767 31174
65.722 31172
65.723 31164
65.724 31155
66.38 31142
66.381 31134
66.384 31124
66.615 31117
66.621 31114
66.625 31112
66.629 31103
81.851 31096
81.945 31089
81.95 31086
81.956 31084
81.958 31076
81.969 31075
81.973 31073
83.03 31067
87.484 31063
87.93 31060
87.93 31059
87.935 31052
87.941 31042
88.236 31033
88.239 31026
88.329 31025
88.897 31024
89.102 31021
89.116 31018
89.116 31015
111.355 31011
111.442 31010
111.582 31007
129.594 31001
137.36 31000
138.241 30999
138.242 30996
