0.008 76452
0.01 76397
0.011 76314
0.012 76307
0.013 76283
0.014 76260
0.014 76258
0.015 76246
0.017 76242
0.019 76204
0.02 76196
0.021 76168
0.038 76081
0.038 76078
0.043 76023
0.044 75772
0.044 75753
0.061 75687
0.062 75683
0.063 75677
0.066 75670
0.067 75647
0.075 75617
0.076 75460
0.087 75367
0.102 75363
0.103 75358
0.104 75343
0.11 75305
0.111 75262
0.112 75153
0.114 75147
0.116 75142
0.118 75133
0.119 75122
0.138 75118
0.14 75093
0.142 75023
0.493 75020
0.495 75017
0.503 75005
0.503 75002
0.506 74998
0.509 74976
0.509 74963
0.511 74956
0.581 74775
0.582 74755
0.584 74693
0.643 74686
0.711 74681
0.711 74662
0.715 74647
0.715 74645
0.72 74616
0.73 74593
0.734 74585
0.749 74549
1.401 74535
1.401 74532
1.403 74521
1.405 74510
1.409 74503
1.422 74485
1.423 74469
2.912 74465
2.913 74455
2.915 74453
2.919 74444
3.049 74432
3.05 74430
3.151 74418
3.152 74395
3.152 74345
3.153 74344
3.154 74341
3.154 74322
3.16 74314
4.627 74303
4.627 74265
12.891 74261
12.893 74258
12.896 74256
12.898 74244
19.92 74243
19.921 74237
19.925 74214
19.936 74209
20.301 74204
20.307 74192
20.366 74183
20.37 74152
20.373 74139
20.374 74129
20.422 74091
20.428 74064
20.428 74019
20.438 74001
20.656 73990
69.25 73986
69.254 73978
69.302 73975
69.333 73973
69.927 73967
69.955 73959
69.96 73958
72.625 73955
72.632 73952
76.669 73946
76.674 73938
76.674 73927
97.959 73921
99.584 73918
99.593 73904
99.599 73900
100.996 73899
101.008 73892
101.01 73888
102.691 73887
102.691 73884
102.696 73882
102.703 73872
102.716 73869
104.595 73861
104.599 73846
104.673 73842
104.825 73840
104.833 73838
104.843 73833
104.845 73828
104.862 73821
104.869 73819
104.897 73813
104.898 73812
104.914 73803
105.011 73802
105.197 73799
110.026 73797
110.028 73796
110.341 73794
110.344 73791
110.345 73778
115.766 73776
115.773 73775
116.841 73773
116.843 73770
116.843 73769
125.416 73767
125.427 73765
132.648 73764
132.649 73754
132.709 73751
132.709 73748
132.71 73747
132.716 73746
132.723 73745
134.156 73738
134.157 73737
134.16 73735
134.164 73729
134.181 73727
139.526 73726
139.543 73725
139.594 73723
139.595 73722
139.832 73720
139.841 73718
139.845 73713
141.125 73711
142.44 73706
142.563 73705
143.187 73699
143.21 73698
143.968 73675
144.069 73673
144.129 73672
144.317 73667
144.322 73659
144.657 73657
144.659 73646
145.711 73642
145.719 73640
145.788 73636
147.85 73635
147.865 73632
149.999 73631
152.838 73626
152.847 73622
156.788 73621
158.449 73617
165.027 73607
165.035 73606
165.063 73604
165.083 73603
