0.011 33016
0.011 33000
0.011 32997
0.011 32953
0.013 32774
0.014 32706
0.017 32700
0.018 32630
0.02 32615
0.02 32610
0.022 32592
0.022 32537
0.023 32524
0.025 32520
0.052 32440
0.053 32439
0.056 32339
0.058 32308
0.064 32284
0.065 32283
0.066 32240
0.067 32212
0.083 32178
0.086 32157
0.1 32103
0.101 32042
0.103 32032
0.118 32031
0.122 31937
0.255 31932
0.255 31877
0.286 31836
0.368 31805
0.368 31797
0.385 31795
0.385 31792
0.389 31791
0.406 31782
0.407 31758
0.528 31753
0.529 31742
0.529 31738
0.548 31734
0.556 31725
1.323 31717
1.323 31716
1.441 31698
1.449 31689
1.589 31662
1.592 31618
1.593 31590
1.873 31589
1.874 31573
2.057 31563
2.061 31560
2.341 31524
2.342 31475
2.342 31450
2.342 31447
2.345 31424
2.379 31418
2.381 31409
12.096 31402
12.106 31394
12.113 31393
12.77 31374
14.336 31344
14.35 31342
14.36 31337
14.361 31315
14.362 31305
14.378 31275
14.379 31207
14.379 31204
14.381 31200
46.304 31189
46.305 31187
46.307 31185
67.273 31165
68.964 31160
68.975 31153
68.977 31146
68.978 31139
69.008 31131
69.015 31125
71.1 31123
74.197 31113
77.794 31112
77.795 31105
77.797 31099
80.31 31096
80.316 31095
82.625 31093
82.651 31092
82.651 31089
83.716 31087
83.717 31082
83.844 31075
88.15 31073
88.169 31070
88.172 31062
88.191 31057
88.192 31056
90.384 31044
90.403 31042
118.192 31041
118.196 31032
118.237 31031
118.24 31030
127.736 31029
127.763 31028
127.765 31026
130.751 31023
130.771 31017
130.935 31010
130.985 31009
131.452 31007
