0.009 35951
0.01 35940
0.01 35856
0.01 35850
0.011 35731
0.012 35715
0.014 35704
0.014 35687
0.015 35509
0.016 35447
0.017 35420
0.017 35415
0.018 35382
0.018 35306
0.027 35291
0.045 35289
0.046 35285
0.047 35263
0.05 35196
0.051 35159
0.057 34998
0.058 34986
0.065 34945
0.067 34931
0.067 34920
0.068 34906
0.071 34876
0.072 34862
0.072 34857
0.073 34822
0.073 34817
0.1 34809
0.101 34804
0.102 34802
0.102 34801
0.398 34745
0.4 34716
0.4 34694
0.401 34680
0.405 34675
0.406 34670
0.406 34628
0.408 34578
0.421 34572
0.423 34569
1.476 34545
1.497 34486
1.598 34483
1.601 34474
2.765 34383
5.081 34363
5.105 34314
17.373 34292
17.374 34222
31.949 34221
35.766 34218
39.179 34214
39.973 34198
40.1 34194
41.847 34159
42.574 34158
42.575 34135
52.055 34127
52.056 34115
52.321 34114
52.324 34101
52.352 34089
52.352 34075
52.353 34074
52.354 34066
52.921 34064
52.97 34056
53.202 34052
54.199 34048
54.538 34025
54.562 34016
54.703 34015
54.826 34013
55.133 33996
56.824 33992
57.619 33987
58.912 33985
62.032 33978
62.033 33977
62.276 33972
66.934 33954
75.574 33943
80.218 33939
80.582 33936
81.364 33932
82.797 33929
82.801 33921
83.064 33918
85.593 33917
85.641 33906
85.649 33892
85.651 33891
92 33888
92.436 33885
107.924 33877
108.141 33876
108.144 33875
110.908 33873
110.919 33868
118.989 33867
128.998 33860
