0.008 62782
0.009 62589
0.009 62557
0.009 62525
0.011 62512
0.012 62508
0.015 62450
0.016 62437
0.017 62435
0.017 62311
0.019 62277
0.019 62266
0.025 62218
0.025 62209
0.026 62206
0.045 62183
0.287 62170
0.287 62166
0.289 62144
0.3 62123
0.345 62113
0.347 62105
0.348 62094
0.348 62083
0.426 62081
0.427 62077
0.43 62064
0.833 62040
0.835 62039
0.837 62035
0.838 62023
0.99 62019
0.99 62013
1.095 61984
1.095 61982
1.096 61963
1.125 61958
7.728 61941
7.738 61890
8.544 61877
37.743 61866
37.744 61865
41.727 61834
43.114 61825
48.437 61818
62.556 61800
62.558 61798
63.703 61785
93.951 61770
93.952 61763
93.954 61723
107.287 61715
126.475 61695
156.677 61692
158.141 61686
162.505 61682
163.293 61657
175.389 61649
178.16 61635
178.223 61621
206.743 61619
207.672 61618
209.444 61614
209.449 61608
218.565 61604
222.971 61598
222.976 61597
257.61 61589
257.633 61586
257.638 61584
273.114 61583
273.244 61581
