0.013 55859
0.013 55787
0.013 55672
0.014 55616
0.015 55610
0.016 55602
0.016 55594
0.018 55494
0.018 55431
0.02 55408
0.02 55397
0.021 55394
0.021 55386
0.022 55281
0.024 55264
0.024 55258
0.025 55109
0.026 55030
0.026 55005
0.027 55004
0.027 54916
0.034 54784
0.036 54779
0.036 54772
0.037 54764
0.039 54762
0.039 54740
0.039 54677
0.041 54603
0.042 54602
0.043 54599
0.046 54580
0.047 54568
0.048 54564
0.05 54559
0.052 54427
0.052 54371
0.07 54305
0.07 54274
0.07 54264
0.071 54246
0.072 54174
0.073 54029
0.101 54026
0.111 54000
0.113 53997
0.113 53988
0.132 53984
0.183 53978
0.199 53976
0.214 53942
0.214 53941
0.216 53862
0.245 53836
0.246 53803
0.247 53801
0.248 53717
0.248 53661
0.807 53543
0.808 53505
0.83 53498
0.834 53485
0.837 53473
0.838 53434
0.84 53432
0.845 53384
0.911 53380
1.059 53352
1.061 53317
1.063 53288
1.07 53286
1.071 53268
1.072 53234
1.073 53220
1.09 53209
1.158 53137
11.433 53131
11.433 53096
11.434 53084
11.436 53020
14.336 52957
14.452 52935
14.454 52933
14.473 52926
14.473 52911
14.477 52895
14.477 52889
16.531 52853
47.411 52851
47.413 52835
48.583 52833
48.584 52815
48.747 52806
49.018 52793
49.018 52791
49.549 52776
73.085 52770
73.085 52766
73.137 52756
73.168 52749
73.187 52741
84.297 52735
84.3 52725
84.731 52707
84.839 52706
84.848 52701
84.849 52697
84.85 52696
84.943 52693
84.945 52692
84.951 52683
84.959 52680
85.313 52659
86.485 52656
86.491 52649
89.299 52645
89.3 52641
92.784 52607
92.805 52599
92.819 52598
92.821 52596
92.842 52593
117.164 52590
117.166 52589
119.58 52585
133.464 52580
133.465 52579
135.042 52578
135.051 52576
136.189 52575
136.192 52568
157.26 52564
157.264 52553
157.721 52548
157.871 52547
157.935 52544
157.998 52540
158 52538
158.119 52536
158.123 52533
163.508 52532
