0.012 18490
0.012 18475
0.012 18461
0.012 18443
0.014 18248
0.014 18222
0.015 17958
0.015 17934
0.015 17922
0.015 17921
0.015 17920
0.016 17912
0.016 17894
0.016 17893
0.017 17875
0.024 17860
0.024 17850
0.025 17785
0.025 17755
0.032 17736
0.032 17727
0.033 17686
0.033 17684
0.033 17679
0.034 17650
0.036 17649
0.047 17641
0.054 17605
0.059 17591
0.06 17571
0.061 17554
0.066 17536
0.067 17528
0.068 17514
0.07 17510
0.076 17495
0.076 17491
0.077 17471
0.092 17441
0.093 17418
0.096 17411
0.097 17384
0.101 17378
0.106 17339
0.106 17308
0.106 17269
0.107 17268
0.107 17261
0.176 17254
0.177 17236
0.178 17192
0.178 17153
0.18 17131
0.181 17123
0.182 17119
0.182 17116
0.183 17088
0.184 17083
0.19 17070
0.19 17065
0.191 17060
0.192 17054
0.194 17053
0.194 17048
0.196 17045
0.202 16997
0.21 16995
0.618 16969
0.619 16943
0.621 16921
2.748 16920
4.491 16916
4.492 16910
4.499 16909
4.499 16881
4.5 16861
4.705 16858
4.706 16852
12.113 16846
12.249 16844
13.012 16828
13.013 16826
13.014 16818
13.016 16817
13.893 16812
13.894 16802
16.806 16796
16.808 16787
25.344 16783
25.345 16775
44.698 16773
44.701 16765
45.449 16760
45.449 16759
45.451 16754
45.463 16745
52.188 16714
52.191 16712
52.222 16700
52.224 16697
59.292 16690
59.302 16687
59.438 16686
59.442 16681
59.445 16659
59.448 16658
59.452 16657
67.796 16650
67.797 16647
67.799 16643
84.289 16640
84.303 16623
96.094 16618
96.095 16615
96.136 16613
96.172 16611
96.18 16608
97.111 16603
126.85 16602
127.039 16600
127.053 16599
127.24 16598
127.243 16593
128.653 16591
128.654 16590
128.654 16587
130.219 16586
130.224 16581
130.235 16580
146.628 16578
146.635 16577
146.695 16575
146.799 16574
146.8 16569
