0.015 178735
0.016 178545
0.016 178441
0.018 178339
0.019 178290
0.02 178236
0.023 178214
0.024 177870
0.027 177186
0.029 176888
0.03 176778
0.036 176622
0.037 176304
0.039 176233
0.041 176193
0.041 176192
0.042 175887
0.052 175881
0.06 175860
0.065 175858
0.067 175776
0.068 175548
0.069 175507
0.071 175460
0.072 175443
0.073 175368
0.08 175259
0.081 175257
0.083 175211
0.083 175184
0.089 174984
0.091 174930
0.096 174926
0.096 174920
0.098 174915
0.098 174839
0.1 174817
0.102 174779
0.106 174775
0.109 174759
0.11 174733
0.113 174719
0.114 174713
0.114 174708
0.115 174697
0.124 174683
0.124 174678
0.132 174674
0.134 174591
0.134 174585
0.135 174565
0.137 174563
0.138 174558
0.326 174541
0.329 174535
0.331 174526
0.332 174515
0.332 174494
0.337 174492
0.356 174464
0.361 174460
0.38 174330
0.38 174323
0.382 174303
0.382 174287
0.412 174239
0.412 174209
0.421 174205
0.428 174177
0.43 174125
0.431 174076
0.431 174019
0.433 174016
0.436 173994
0.437 173988
0.446 173970
0.448 173940
0.46 173843
0.464 173777
0.467 173765
0.467 173761
0.469 173743
0.506 173725
0.508 173724
0.508 173702
0.509 173699
0.551 173605
0.552 173582
0.571 173568
0.574 173564
0.576 173555
0.577 173526
0.577 173485
0.642 173434
0.643 173420
0.645 173338
0.672 173335
0.673 173278
0.676 173256
0.688 173193
0.69 173182
0.691 173180
0.692 173161
0.699 173107
0.7 173105
0.705 173092
0.718 173079
0.728 173073
0.735 173059
0.735 173058
0.745 173053
0.759 173002
0.79 172990
0.794 172961
0.799 172957
0.8 172904
0.8 172881
0.852 172645
0.853 172588
0.859 172583
0.862 172563
0.864 172545
0.881 172517
0.884 172515
0.898 172491
0.903 172483
0.929 172476
0.93 172474
0.931 172462
0.932 172459
1.487 172457
1.487 172431
1.593 172429
1.623 172413
1.624 172407
1.628 172378
1.631 172351
1.655 172349
1.66 172333
1.661 172270
1.664 172252
1.665 172240
1.671 172233
1.694 172112
1.721 171989
1.727 171973
1.729 171966
1.73 171941
1.731 171936
1.731 171924
1.732 171923
1.747 171868
1.749 171863
1.757 171861
1.757 171849
1.793 171847
1.794 171808
1.797 171778
1.798 171769
1.8 171768
1.806 171732
1.81 171730
1.811 171720
3.648 171696
3.649 171637
4.033 171617
4.039 171613
4.049 171550
4.05 171548
4.155 171503
4.185 171502
4.192 171490
4.192 171445
4.195 171385
4.201 171371
4.204 171363
4.204 171359
4.207 171335
4.208 171334
4.209 171329
5.025 171327
5.216 171308
5.217 171306
5.217 171276
5.388 171223
5.393 171215
5.399 171211
5.4 171208
5.45 171197
5.45 171186
5.501 171183
5.501 171178
5.504 171166
5.547 171157
5.551 171155
5.628 171150
5.795 171147
5.798 171141
5.806 171132
5.806 171126
5.808 171119
5.906 171104
5.914 171093
5.917 171058
5.917 171037
5.918 171021
7.325 171016
7.359 171013
7.36 171009
7.36 170992
7.361 170991
7.368 170967
7.369 170966
7.372 170964
7.378 170963
7.385 170962
7.391 170953
7.658 170941
7.66 170936
8.033 170912
8.05 170879
8.059 170835
8.064 170824
8.072 170789
8.141 170784
8.145 170774
8.152 170766
8.171 170761
8.172 170747
8.176 170735
8.182 170727
8.578 170698
8.579 170694
8.58 170668
8.581 170644
8.582 170619
8.583 170613
8.585 170609
8.593 170579
8.594 170568
8.823 170533
8.826 170532
8.828 170520
8.83 170519
8.83 170512
8.835 170475
8.844 170461
8.845 170439
8.859 170434
8.859 170425
8.862 170392
10.797 170380
10.798 170340
10.799 170331
10.802 170308
10.806 170306
10.806 170287
11.246 170285
16.586 170248
16.594 170246
16.595 170244
16.598 170224
16.632 170223
16.633 170216
25.144 170215
25.152 170190
25.175 170186
25.177 170185
26.126 170163
26.129 170161
26.131 170139
26.134 170137
26.134 170124
26.163 170038
26.165 170034
26.167 170031
26.17 170021
26.172 170016
26.178 170013
26.186 170005
26.19 170001
26.191 169988
26.342 169967
29.477 169944
31.139 169939
31.141 169921
33.384 169911
33.693 169908
33.715 169889
33.719 169884
33.719 169881
33.722 169873
33.722 169872
33.732 169844
33.738 169826
33.739 169822
33.745 169820
33.746 169816
33.748 169814
33.914 169809
56.068 169808
56.08 169805
56.706 169771
56.707 169761
56.709 169757
56.719 169730
56.723 169725
73.094 169722
73.456 169705
73.458 169701
73.459 169696
73.474 169692
73.479 169675
73.485 169671
74.645 169651
74.646 169640
75.744 169632
75.744 169628
75.745 169625
75.827 169616
76.1 169580
76.16 169579
76.16 169578
76.162 169575
76.163 169571
76.187 169569
76.189 169568
76.541 169553
76.55 169541
76.565 169536
76.655 169523
76.657 169520
76.667 169519
80.259 169507
80.262 169498
80.268 169485
89.604 169468
89.625 169456
89.633 169449
90.63 169444
90.634 169430
98.241 169427
98.242 169421
99.807 169417
99.807 169405
99.814 169404
99.818 169401
99.818 169400
99.825 169395
99.837 169393
99.964 169392
99.989 169391
99.992 169387
99.993 169384
100.172 169375
100.182 169369
100.183 169361
100.185 169356
100.369 169334
101.296 169333
101.299 169332
101.349 169321
101.351 169320
101.371 169310
101.809 169309
101.809 169306
102.95 169301
103.2 169297
103.695 169294
107.227 169285
107.23 169281
108.557 169277
108.563 169274
108.924 169271
113.82 169268
117.204 169260
117.207 169257
117.211 169252
117.224 169247
117.238 169243
117.512 169236
117.513 169233
117.787 169229
117.788 169228
117.789 169213
119.57 169212
119.595 169211
119.622 169209
119.632 169202
119.642 169200
119.692 169197
119.692 169196
119.697 169183
119.697 169179
119.964 169168
122.045 169160
122.058 169154
122.061 169152
123.006 169150
123.07 169149
123.085 169138
123.087 169137
123.09 169134
149.946 169133
149.964 169128
156.882 169125
156.882 169121
157.116 169120
157.142 169119
157.977 169114
157.979 169110
157.982 169109
165.139 169108
165.155 169106
165.157 169103
165.176 169102
165.177 169099
