0.013 32107
0.013 32073
0.014 31966
0.014 31943
0.015 31928
0.016 31903
0.016 31887
0.016 31853
0.017 31847
0.017 31716
0.017 31666
0.017 31601
0.018 31488
0.019 31476
0.019 31469
0.02 31466
0.02 31365
0.029 31361
0.031 31249
0.031 31224
0.032 31217
0.032 31185
0.032 31175
0.033 31146
0.033 31110
0.033 31092
0.035 31079
0.036 31013
0.038 30998
0.039 30990
0.039 30938
0.039 30912
0.04 30904
0.04 30903
0.041 30876
0.048 30861
0.048 30820
0.048 30814
0.049 30811
0.05 30803
0.05 30800
0.051 30772
0.051 30766
0.052 30759
0.063 30752
0.064 30724
0.064 30700
0.066 30689
0.067 30664
0.067 30630
0.076 30623
0.076 30599
0.078 30583
0.079 30562
0.08 30559
0.08 30547
0.082 30543
0.083 30537
0.104 30510
0.105 30509
0.105 30507
0.109 30448
0.109 30412
0.111 30379
0.117 30366
0.229 30362
0.231 30317
0.239 30315
0.41 30247
0.41 30244
0.411 30238
0.411 30231
1.865 30207
1.866 30203
1.888 30201
1.89 30200
7.548 30184
7.623 30180
9.92 30168
9.92 30167
9.921 30165
9.921 30158
9.921 30157
9.925 30153
11.2 30144
11.202 30134
11.205 30131
11.207 30122
17.809 30121
17.815 30107
17.815 30094
17.818 30087
17.832 30081
17.834 30056
28.345 30032
28.347 29983
41.246 29964
41.247 29958
41.271 29952
41.276 29942
41.276 29939
58.312 29938
58.312 29936
58.407 29934
58.407 29920
58.412 29918
83.323 29917
83.325 29912
83.327 29911
101.301 29904
101.301 29883
101.374 29880
103.655 29873
106.299 29872
106.3 29870
106.357 29863
106.361 29856
110.728 29854
110.741 29842
123.688 29840
127.188 29835
127.189 29833
127.204 29832
129.796 29824
131.008 29823
143.062 29820
143.074 29819
154.783 29815
154.811 29814
160.558 29812
164.304 29810
