0.017 24135
0.018 24100
0.018 24096
0.018 24090
0.018 24079
0.019 24058
0.019 24037
0.019 24024
0.019 23950
0.02 23708
0.02 23549
0.021 23520
0.022 23497
0.022 23429
0.022 23423
0.023 23422
0.023 23419
0.024 23414
0.025 23412
0.025 23361
0.026 23334
0.027 23323
0.03 23297
0.03 23161
0.031 23131
0.031 23123
0.033 23111
0.033 23108
0.035 23104
0.035 23040
0.036 22969
0.037 22942
0.037 22888
0.041 22879
0.042 22869
0.044 22863
0.047 22841
0.047 22825
0.048 22817
0.052 22814
0.052 22767
0.053 22765
0.053 22763
0.083 22748
0.087 22741
0.094 22739
0.095 22727
0.098 22722
0.102 22718
0.103 22711
0.103 22708
0.104 22684
0.105 22667
0.106 22619
0.107 22518
0.108 22517
0.144 22511
0.145 22510
0.146 22507
0.151 22397
0.154 22321
0.173 22319
0.203 22287
0.205 22273
0.206 22249
0.215 22239
0.321 22222
0.321 22220
0.332 22205
0.85 22168
0.858 22166
0.859 22139
0.862 22138
0.905 22098
0.91 22096
1.079 22069
1.08 22038
1.093 22028
1.093 21999
1.112 21997
1.124 21993
1.125 21982
1.126 21981
1.127 21978
1.132 21972
1.133 21963
7.63 21947
7.651 21913
7.664 21904
26.582 21894
26.586 21893
27.745 21888
27.746 21887
27.749 21839
27.75 21837
27.75 21833
27.763 21809
29.049 21780
33.845 21779
33.85 21766
34.115 21759
45.184 21755
45.842 21744
45.904 21742
45.906 21740
47.891 21736
50.502 21730
58.508 21725
58.644 21723
58.656 21722
58.661 21707
58.691 21698
58.693 21697
58.751 21696
58.769 21673
58.791 21672
64.554 21670
64.555 21668
64.564 21664
66.285 21659
66.472 21657
66.503 21655
69.257 21653
69.262 21647
69.263 21645
69.269 21641
71.222 21640
71.225 21637
71.226 21629
80.751 21622
80.758 21615
80.76 21614
80.769 21609
85.081 21598
98.022 21596
99.737 21593
102.158 21590
113.589 21588
125.038 21587
125.107 21584
125.213 21579
125.299 21576
126.82 21574
132.01 21573
139.362 21565
140.243 21563
140.257 21560
140.286 21559
142.057 21550
142.117 21549
143.672 21544
143.686 21541
143.689 21540
144.05 21537
144.059 21536
