0.02 36897
0.02 36873
0.021 36799
0.021 36752
0.023 36709
0.023 36706
0.023 36705
0.023 36698
0.024 36680
0.025 36653
0.025 36539
0.026 36518
0.026 36454
0.027 36447
0.028 36445
0.029 36444
0.029 36396
0.029 36393
0.03 36381
0.031 36332
0.031 36327
0.032 36316
0.034 36264
0.034 36263
0.035 36251
0.036 36247
0.036 36241
0.037 36232
0.038 36212
0.039 36191
0.04 36160
0.04 36159
0.045 36158
0.05 36137
0.069 36135
0.069 36132
0.071 36096
0.071 36084
0.082 36068
0.083 36059
0.084 36058
0.084 36016
0.085 36015
0.085 36013
0.096 36012
0.102 35969
0.117 35944
0.117 35938
0.122 35920
0.167 35889
0.168 35867
0.17 35823
0.176 35793
0.177 35764
0.198 35736
0.199 35667
0.24 35648
0.254 35630
0.254 35624
0.258 35620
0.259 35615
0.26 35609
0.261 35595
0.262 35580
0.262 35578
0.263 35569
0.266 35556
0.266 35555
0.269 35532
0.273 35491
0.278 35490
0.301 35485
0.303 35482
0.303 35470
0.305 35448
0.306 35430
0.307 35415
0.308 35412
0.338 35366
0.365 35364
0.37 35299
0.6 35282
0.6 35279
0.94 35249
0.943 35248
0.945 35230
0.945 35221
4.236 35182
4.237 35176
4.248 35166
4.273 35150
5.333 35144
5.344 35121
5.345 35115
9.944 35063
22.522 35015
22.522 35005
22.523 34987
22.524 34983
22.525 34946
24.514 34944
24.515 34940
24.516 34938
24.516 34935
24.541 34927
24.542 34919
33.63 34912
33.631 34911
49.262 34861
49.266 34859
61.145 34822
61.146 34821
66.94 34816
66.943 34812
66.949 34797
66.95 34796
67.207 34771
67.212 34770
67.214 34769
67.287 34758
70.763 34752
70.764 34742
70.764 34738
70.771 34727
70.775 34723
70.778 34707
82.311 34698
82.313 34693
89.489 34686
89.499 34683
89.501 34675
89.51 34674
89.526 34647
91.898 34637
91.9 34635
91.901 34628
91.901 34627
91.902 34624
92.01 34623
92.027 34621
92.038 34613
97.915 34593
97.928 34592
98.281 34588
98.281 34587
98.379 34583
98.382 34581
98.397 34570
98.415 34568
98.432 34566
98.439 34556
132.195 34555
132.212 34547
132.565 34543
138.35 34539
146.693 34535
146.694 34533
149.679 34529
149.744 34527
149.745 34526
149.748 34525
149.75 34521
149.767 34520
149.797 34514
149.798 34510
149.82 34508
160.518 34506
164.068 34502
164.111 34500
166.401 34499
166.703 34496
