0.019 76455
0.02 76449
0.021 76442
0.021 76440
0.022 76379
0.024 76353
0.025 76311
0.025 76310
0.03 76307
0.031 76252
0.031 76240
0.032 76225
0.036 76153
0.037 76132
0.044 75955
0.047 75946
0.048 75943
0.052 75815
0.053 75805
0.058 75797
0.063 75723
0.064 75644
0.072 75643
0.09 75580
0.091 75566
0.093 75552
0.096 75540
0.103 75517
0.104 75516
0.104 75509
0.104 75501
0.105 75486
0.106 75438
0.106 75436
0.107 75364
0.124 75342
0.124 75339
0.124 75335
0.134 75324
0.142 75254
0.143 75252
0.145 75229
0.174 75192
0.184 75157
0.185 75135
0.185 75132
0.186 75122
0.186 75104
0.188 75073
0.189 75056
0.194 75048
0.194 75030
0.196 75023
0.199 75017
0.201 75011
0.201 75009
0.202 74997
0.205 74992
0.207 74929
0.238 74922
0.245 74915
0.246 74909
0.248 74888
0.249 74887
0.249 74831
0.249 74813
0.268 74804
0.27 74799
0.273 74787
0.286 74778
0.288 74769
0.29 74767
0.323 74766
0.324 74730
0.325 74727
0.326 74720
0.326 74655
0.381 74626
0.383 74611
0.386 74608
0.388 74584
0.389 74554
0.654 74547
0.656 74520
0.657 74516
0.657 74513
0.658 74497
0.759 74448
0.761 74432
0.765 74427
0.765 74422
0.766 74390
0.766 74375
0.768 74363
0.768 74361
0.77 74320
9.585 74297
9.586 74286
11.502 74188
11.503 74185
13.511 74183
13.53 74152
13.532 74148
13.662 74103
13.662 74102
13.663 74095
13.672 74092
13.674 74084
13.675 74081
13.676 74079
13.676 74078
13.677 74071
13.711 74061
13.735 74054
13.782 74050
13.784 74047
13.787 74037
13.788 74008
13.791 73982
18.952 73945
18.963 73900
18.968 73891
18.975 73886
18.98 73883
19.373 73853
19.377 73837
19.38 73826
19.459 73755
19.461 73750
19.475 73739
19.578 73736
19.603 73702
19.614 73684
19.657 73682
19.658 73677
19.675 73649
19.676 73639
19.677 73625
19.679 73621
19.68 73620
22.749 73618
22.75 73616
22.752 73611
22.759 73610
22.964 73596
26.094 73594
26.094 73591
26.097 73589
26.101 73586
26.102 73572
26.218 73570
26.218 73566
26.22 73558
26.256 73557
26.256 73546
26.256 73544
32.489 73522
32.489 73519
32.497 73517
32.533 73516
32.577 73514
32.928 73513
33.359 73509
33.359 73489
33.368 73488
33.369 73487
33.382 73482
42.907 73470
42.909 73452
42.913 73441
42.922 73438
42.926 73435
42.927 73434
45.651 73415
45.676 73412
45.969 73407
45.978 73395
45.979 73394
45.981 73393
45.982 73387
45.988 73386
45.992 73375
45.992 73370
51.867 73350
51.87 73345
51.872 73338
51.879 73336
51.882 73333
66.209 73329
66.213 73323
66.216 73320
66.218 73315
66.219 73313
66.222 73311
66.244 73304
66.245 73303
66.25 73299
67.757 73298
67.785 73284
67.788 73280
67.79 73279
67.93 73273
67.931 73265
67.986 73264
71.583 73240
71.592 73229
100.401 73223
100.402 73222
100.402 73218
100.408 73215
100.409 73213
101.308 73208
101.315 73206
101.317 73199
101.33 73196
101.335 73195
101.344 73192
101.345 73180
101.43 73171
113.645 73165
113.647 73163
114.475 73162
114.493 73161
114.504 73159
114.504 73157
114.506 73156
114.508 73155
114.578 73154
114.583 73148
114.586 73144
114.588 73141
114.589 73136
115.934 73135
123.212 73133
123.217 73127
123.219 73116
123.832 73114
123.898 73106
124.545 73105
124.548 73102
130.176 73094
130.178 73093
130.187 73085
130.19 73079
130.194 73078
130.505 73074
130.574 73069
130.577 73068
130.579 73065
164.034 73064
165.459 73063
165.504 73062
165.511 73055
171.366 73053
171.41 73050
171.426 73049
171.428 73045
171.447 73043
176.406 73042
193.8 73038
193.809 73037
193.822 73036
193.937 73035
193.942 73034
193.944 73030
193.969 73028
193.973 73027
193.981 73025
