0.018 127598
0.02 127588
0.02 127548
0.022 127524
0.03 127508
0.031 127452
0.032 127446
0.032 127433
0.035 127112
0.043 126375
0.047 126367
0.047 126361
0.048 126358
0.051 126357
0.065 126193
0.066 126017
0.066 125994
0.068 125305
0.069 125286
0.069 125266
0.07 125265
0.07 125262
0.073 125237
0.075 125205
0.077 125196
0.087 125151
0.097 125137
0.098 125135
0.1 125134
0.102 124952
0.102 124950
0.104 124948
0.104 124938
0.105 124933
0.121 124734
0.122 124718
0.126 124711
0.127 124666
0.127 124596
0.128 124592
0.128 124588
0.13 124521
0.13 124506
0.146 124402
0.147 124401
0.148 124232
0.148 124230
0.149 124218
0.15 124217
0.17 124200
0.171 124188
0.172 124153
0.172 124142
0.172 124141
0.175 124123
0.176 124119
0.177 124069
0.187 124050
0.208 123791
0.209 123775
0.211 123716
0.217 123638
0.217 123637
0.218 123603
0.219 123573
0.221 123569
0.222 123568
0.223 123563
0.224 123546
0.225 123542
0.233 123148
0.233 123146
0.235 123117
0.236 123099
0.236 123061
0.238 123038
0.239 122976
0.24 122974
0.24 122959
0.241 122876
0.243 122802
0.243 122794
0.248 122784
0.25 122781
0.26 122473
0.262 122468
0.265 122337
0.266 122324
0.273 122319
0.273 122318
0.276 122316
0.277 122300
0.279 122289
0.285 122287
0.286 122253
0.286 122247
0.287 122244
0.288 122242
0.292 122241
0.297 122237
0.314 122198
0.315 122196
0.316 122195
0.318 122190
0.321 122184
0.322 122157
0.323 122151
0.35 122084
0.36 122047
0.366 122044
0.367 122033
0.368 122032
0.369 122022
0.372 122007
0.402 121977
0.405 121960
0.405 121955
0.449 121940
0.452 121930
0.467 121927
0.499 121920
0.499 121909
0.505 121907
0.505 121906
0.508 121869
0.509 121865
0.51 121861
0.524 121857
0.525 121856
0.526 121852
0.542 121833
0.544 121828
0.545 121826
0.551 121798
0.552 121797
0.552 121796
0.554 121790
0.56 121783
0.582 121640
0.586 121621
0.587 121618
0.593 121602
0.595 121556
0.603 121552
0.648 121551
0.676 121546
0.683 121544
0.684 121541
0.684 121536
0.69 121531
0.701 121403
0.702 121398
0.705 121386
0.709 121244
0.71 121243
0.711 121241
0.714 121232
1.083 121231
1.084 121226
1.085 121223
1.096 121198
1.099 121185
1.099 121181
1.226 121180
1.227 121135
1.228 121119
1.499 120686
1.506 120661
1.525 120659
1.525 120626
1.527 120544
1.528 120543
1.533 120539
1.539 120532
1.539 120486
2.719 120392
2.72 120388
2.735 120377
2.735 120366
2.735 120359
2.737 120355
2.888 120335
2.892 120296
2.893 120288
2.895 120285
2.895 120274
2.898 120273
2.899 120262
3.163 120002
3.165 119968
3.166 119933
3.167 119932
3.194 119908
3.202 119890
3.203 119876
3.205 119854
3.268 119829
3.269 119815
3.274 119807
3.288 119805
3.289 119803
3.397 119761
3.4 119745
3.496 119742
3.5 119741
3.542 119735
3.543 119734
3.545 119733
3.546 119723
3.548 119720
3.548 119711
3.562 119704
3.566 119693
3.567 119679
4.84 119667
4.851 119663
4.852 119661
6.082 119647
6.083 119646
6.103 119636
6.104 119610
6.106 119600
6.109 119593
6.111 119585
6.112 119583
6.296 119582
6.296 119580
6.299 119552
6.315 119534
7.808 119533
7.835 119525
7.845 119487
11.128 119473
11.133 119464
15.05 119463
15.746 119444
15.963 119441
15.964 119437
18.95 119402
18.955 119389
18.958 119382
18.962 119377
18.964 119376
27.296 119375
27.296 119374
27.297 119364
28.977 119292
28.978 119283
28.979 119280
28.982 119278
29.001 119273
29.004 119269
29.008 119263
29.017 119260
29.019 119254
29.019 119243
29.023 119230
29.091 119227
29.095 119226
29.097 119203
29.097 119202
29.099 119169
29.265 119162
29.314 119156
29.315 119143
29.318 119141
60.723 119138
60.723 119132
72.254 119128
72.254 119123
74.139 119119
74.143 119118
75.721 119108
86.625 119101
86.631 119097
92.489 119096
92.493 119095
97.745 119092
97.746 119091
97.748 119073
107.439 118911
107.446 118899
107.451 118896
107.452 118884
107.453 118880
107.454 118879
107.454 118878
107.457 118876
107.661 118872
107.666 118863
107.667 118862
107.668 118859
107.727 118858
107.895 118852
121.64 118849
121.641 118848
122.703 118846
122.709 118844
122.709 118843
136.652 118841
136.657 118836
136.661 118835
136.662 118825
142.826 118824
155.331 118817
155.334 118813
155.339 118812
176.225 118807
187.336 118806
195.385 118801
201.571 118800
201.572 118799
201.577 118798
206.935 118797
206.97 118796
206.983 118795
206.986 118788
242.741 118787
242.758 118786
243.431 118781
248.262 118780
248.262 118773
248.266 118772
254.43 118771
254.466 118770
254.508 118768
