0.021 41376
0.021 41360
0.022 41343
0.022 41291
0.022 41286
0.023 41284
0.023 41268
0.023 41266
0.024 41251
0.025 41245
0.025 41240
0.025 41237
0.026 41225
0.027 41223
0.027 41216
0.028 41154
0.029 41153
0.03 41144
0.033 41141
0.034 41139
0.034 41132
0.035 41120
0.036 41069
0.037 41058
0.038 41049
0.039 41046
0.043 41005
0.055 40999
0.055 40998
0.057 40985
0.061 40983
0.062 40980
0.065 40979
0.092 40960
0.109 40954
0.11 40919
0.11 40912
0.111 40893
0.124 40889
0.129 40888
0.139 40877
0.141 40855
0.141 40836
0.169 40826
0.17 40808
0.171 40792
0.173 40781
0.174 40740
0.174 40734
0.175 40714
0.214 40681
0.216 40680
0.217 40670
0.237 40662
0.237 40660
0.238 40657
0.238 40654
0.24 40646
0.245 40640
0.475 40637
0.476 40618
0.479 40617
0.561 40616
1.53 40605
1.53 40599
1.533 40595
1.548 40585
1.583 40558
1.59 40555
1.607 40554
1.608 40553
1.829 40535
2.005 40534
2.016 40484
2.017 40481
2.018 40474
2.031 40466
2.032 40458
2.033 40454
2.037 40452
2.038 40451
2.33 40442
3.245 40437
3.247 40422
3.254 40412
3.258 40404
3.261 40392
8.279 40391
10.534 40389
10.534 40388
10.816 40383
14.182 40374
14.184 40367
14.186 40361
14.19 40357
14.195 40353
14.703 40338
14.75 40334
16.336 40319
16.341 40318
16.578 40315
16.593 40296
16.593 40290
17.035 40280
17.037 40277
34.036 40272
34.632 40261
34.64 40254
36.01 40243
66.353 40242
66.771 40237
66.774 40235
66.774 40231
66.781 40227
66.787 40218
66.854 40206
68.851 40205
68.855 40200
68.86 40199
74.266 40190
74.282 40187
74.317 40186
78.827 40181
80.832 40179
80.835 40175
81.766 40173
81.769 40171
81.769 40163
81.903 40162
81.904 40158
81.921 40152
82.451 40146
83.575 40145
83.578 40142
83.582 40138
83.586 40132
83.588 40124
83.605 40122
83.637 40120
120.196 40119
120.211 40118
123.287 40117
123.287 40113
123.295 40111
123.308 40107
123.318 40105
123.35 40101
126.338 40098
126.34 40094
133.63 40093
134.419 40088
134.57 40087
144.892 40084
144.999 40083
145.096 40082
145.129 40079
147.664 40075
147.666 40066
169.4 40062
169.407 40061
175.037 40060
175.137 40059
175.157 40058
183.019 40056
183.222 40055
183.716 40054
183.803 40053
183.823 40048
