0.019 69985
0.02 69883
0.02 69836
0.021 69629
0.021 69592
0.023 69570
0.023 69448
0.024 69414
0.024 69360
0.025 69318
0.025 69234
0.026 69228
0.032 69227
0.032 69224
0.036 69221
0.046 69207
0.047 69198
0.048 69189
0.052 69124
0.052 69112
0.063 69107
0.065 69085
0.066 69044
0.066 69039
0.07 69024
0.071 69011
0.072 68962
0.074 68958
0.074 68949
0.085 68865
0.085 68864
0.087 68852
0.087 68832
0.088 68830
0.094 68683
0.094 68659
0.095 68653
0.142 68647
0.144 68584
0.153 68557
0.167 68524
0.167 68496
0.168 68495
0.171 68462
0.174 68430
0.176 68411
0.176 68396
0.182 68381
0.186 68378
0.186 68274
0.187 68245
0.187 68242
0.188 68225
0.261 68207
4.574 68198
4.58 68178
4.58 68173
5.272 68117
5.279 68110
8.105 68080
8.137 68069
8.137 68051
8.139 68036
8.142 68018
8.143 67922
23.839 67898
23.839 67897
23.845 67891
24.227 67881
24.23 67864
24.231 67863
31.64 67846
31.642 67840
31.643 67832
31.646 67822
31.65 67801
31.651 67798
31.973 67774
31.986 67732
36.924 67720
36.925 67706
50.125 67703
50.128 67701
54.826 67689
54.84 67687
54.84 67674
54.841 67673
54.843 67665
54.869 67661
54.871 67654
55.293 67648
55.401 67627
55.402 67624
55.404 67620
55.404 67594
55.406 67570
55.407 67552
56.781 67548
56.797 67546
56.8 67540
56.802 67533
56.803 67529
56.807 67494
57.397 67485
57.398 67478
79.581 67477
79.582 67459
79.62 67457
79.622 67456
79.631 67449
79.635 67439
79.673 67419
79.747 67417
79.754 67406
103.499 67405
105.558 67403
105.562 67402
105.564 67399
106.604 67398
106.604 67394
106.605 67391
119.66 67389
119.67 67386
119.681 67385
120.639 67379
120.681 67371
120.683 67366
121.178 67365
121.183 67356
121.189 67353
121.189 67351
121.191 67348
121.192 67343
121.203 67336
121.206 67331
121.207 67328
175.58 67327
175.594 67326
178.064 67321
178.079 67320
179.092 67314
179.104 67308
179.307 67307
179.324 67306
204.814 67304
204.847 67303
205.076 67302
205.096 67301
205.125 67300
208.712 67296
208.73 67295
212.666 67292
212.676 67291
212.695 67287
212.699 67286
