0.02 69938
0.02 69889
0.021 69766
0.022 69741
0.022 69625
0.024 69623
0.024 69612
0.025 69610
0.025 69574
0.025 69553
0.026 69552
0.026 69524
0.026 69519
0.027 69374
0.027 69339
0.028 69328
0.029 69277
0.029 69210
0.029 69171
0.03 69163
0.031 69153
0.034 69079
0.035 69056
0.035 69053
0.035 68946
0.036 68945
0.037 68933
0.037 68931
0.04 68901
0.042 68886
0.042 68882
0.044 68864
0.044 68805
0.049 68784
0.049 68781
0.05 68779
0.058 68767
0.061 68741
0.061 68719
0.062 68693
0.063 68690
0.203 68591
0.204 68516
0.205 68500
0.209 68499
0.308 68482
0.311 68461
0.313 68455
0.314 68452
0.316 68435
0.318 68413
0.319 68393
0.322 68390
0.323 68388
0.49 68386
0.496 68363
0.497 68354
0.5 68353
0.505 68343
0.51 68341
0.511 68335
1.256 68213
1.301 68182
1.508 68180
1.508 68176
1.509 68142
1.539 68118
1.541 68110
1.543 68100
2.8 68054
2.802 68049
10.319 68011
10.32 68007
10.322 67968
10.322 67965
10.38 67953
10.408 67952
10.408 67949
10.89 67919
10.894 67898
10.895 67889
10.907 67871
21.144 67867
21.145 67839
21.867 67828
21.867 67825
21.87 67823
21.88 67799
21.88 67797
21.933 67773
21.936 67767
21.937 67763
21.938 67746
21.944 67733
21.944 67715
21.947 67688
39.913 67637
39.917 67612
58.747 67592
63.804 67577
63.805 67573
63.807 67543
63.828 67535
63.843 67528
71.942 67527
71.997 67503
72.001 67495
72.003 67490
72.015 67454
89.155 67435
89.158 67434
89.171 67433
89.172 67431
89.175 67429
89.183 67423
89.184 67417
95.271 67410
95.296 67406
95.297 67400
95.551 67395
95.574 67389
95.578 67383
98.027 67378
98.028 67370
98.028 67350
98.041 67344
118.417 67332
121.108 67326
121.108 67322
121.11 67314
121.11 67309
121.112 67307
142.713 67306
153.084 67304
153.094 67303
153.106 67302
153.559 67300
157.19 67299
163.46 67296
163.468 67294
163.475 67292
163.475 67290
164.558 67289
164.56 67285
164.596 67283
164.601 67279
173.417 67278
173.446 67271
176.204 67270
176.206 67266
176.271 67265
176.272 67260
189.29 67259
216.013 67257
