0.019 76497
0.019 76492
0.02 76477
0.02 76476
0.021 76449
0.022 76440
0.023 76432
0.023 76429
0.024 76415
0.025 76318
0.026 76312
0.029 76292
0.029 76284
0.03 76270
0.03 76251
0.033 76201
0.034 76184
0.035 76176
0.036 76166
0.037 76103
0.037 76097
0.038 76094
0.038 76080
0.04 76054
0.042 75961
0.043 75950
0.043 75941
0.044 75679
0.046 75621
0.047 75609
0.054 75516
0.056 75507
0.057 75491
0.062 75469
0.062 75450
0.063 75449
0.064 75437
0.067 75434
0.067 75433
0.069 75408
0.076 75389
0.08 75378
0.082 75373
0.083 75362
0.084 75360
0.089 75359
0.09 75355
0.09 75336
0.091 75319
0.094 75288
0.102 75284
0.103 75274
0.137 75265
0.138 75248
0.138 75244
0.161 75237
0.17 75225
0.17 75221
0.193 75208
0.194 75203
0.194 75187
0.302 75166
0.305 75157
0.312 75149
0.314 75132
0.316 75128
0.318 75067
0.318 75059
0.32 75042
0.335 75025
0.36 74988
0.362 74986
0.462 74979
0.485 74959
0.487 74935
0.491 74901
0.491 74900
0.764 74875
0.775 74858
0.776 74835
0.778 74756
0.779 74754
0.78 74751
0.781 74746
0.782 74744
0.784 74739
0.784 74738
0.8 74728
0.802 74722
0.806 74711
1.138 74658
1.723 74629
1.737 74627
1.75 74625
1.757 74620
1.758 74613
1.759 74567
1.761 74566
1.762 74564
1.768 74508
1.77 74484
1.98 74465
1.984 74443
1.985 74423
1.985 74421
1.986 74409
1.988 74408
2.21 74399
2.211 74396
2.215 74383
2.355 74345
2.36 74331
2.361 74328
2.37 74325
2.373 74324
2.374 74321
2.986 74267
2.989 74259
2.992 74247
10.305 74246
10.306 74224
11.108 74201
13.417 74159
19.341 74136
19.363 74106
19.363 74093
20.394 74090
20.394 74083
20.406 74065
20.407 74056
20.408 74037
20.411 74030
32.266 74023
32.278 74005
32.279 74003
35.754 73996
51.746 73988
51.747 73983
51.75 73976
51.751 73958
54.191 73955
54.221 73949
59.139 73945
59.154 73937
60.162 73918
60.163 73906
60.176 73903
60.181 73900
60.182 73898
60.185 73880
60.187 73879
60.196 73864
60.199 73849
64.778 73836
64.779 73831
64.781 73821
78.636 73820
78.647 73815
78.647 73812
83.116 73732
83.117 73729
83.118 73724
83.128 73719
83.22 73709
83.222 73704
83.224 73702
83.28 73671
83.289 73670
83.343 73668
83.345 73667
83.349 73665
83.368 73652
83.371 73648
83.377 73646
83.377 73634
83.382 73633
83.388 73632
83.388 73631
85.288 73625
85.3 73603
85.693 73601
85.695 73600
85.699 73599
85.701 73584
85.701 73579
85.705 73570
88.763 73544
88.763 73531
88.766 73528
88.825 73468
88.828 73463
88.828 73459
88.83 73455
88.836 73447
88.857 73445
88.889 73437
88.942 73435
88.944 73430
88.959 73429
89.037 73426
89.056 73418
89.06 73412
89.061 73396
89.198 73381
89.257 73378
89.26 73376
89.26 73375
89.26 73372
89.261 73368
89.269 73367
89.287 73366
89.288 73350
89.295 73346
89.298 73345
89.299 73342
89.305 73339
89.307 73330
89.312 73317
89.317 73316
90.237 73314
90.238 73309
90.24 73306
90.243 73300
90.245 73287
90.246 73284
90.254 73263
90.258 73259
90.268 73258
90.438 73247
90.463 73242
92.708 73241
92.71 73237
95.46 73223
95.465 73220
99.398 73208
99.408 73206
99.489 73197
99.49 73195
99.493 73191
99.555 73190
99.556 73183
99.557 73181
99.558 73180
99.563 73170
99.838 73158
99.838 73155
99.841 73149
99.863 73143
99.865 73133
102.263 73128
115.113 73124
115.116 73123
115.132 73120
115.141 73118
115.161 73113
115.199 73112
115.236 73108
115.237 73107
115.241 73105
115.427 73101
115.429 73096
115.43 73088
115.43 73074
115.432 73071
115.436 73070
115.442 73068
115.443 73064
115.445 73063
115.967 73051
122.576 73044
122.576 73039
122.578 73026
122.58 73014
122.583 73009
123.845 73007
123.847 73006
129.544 73001
129.544 72999
129.545 72994
142.634 72988
142.642 72986
144.195 72980
144.229 72979
169.239 72978
169.95 72971
172.956 72969
177.057 72966
177.566 72965
177.567 72962
177.567 72959
177.569 72957
179.155 72955
179.157 72953
179.158 72951
184.827 72949
184.991 72948
185.022 72942
185.179 72941
185.186 72938
185.938 72937
185.946 72935
185.959 72934
