0.026 51475
0.026 51278
0.027 51213
0.028 51190
0.029 51118
0.03 51010
0.03 50980
0.031 50943
0.032 50919
0.032 50907
0.033 50892
0.033 50890
0.033 50879
0.033 50870
0.034 50869
0.034 50863
0.035 50852
0.035 50833
0.036 50809
0.037 50785
0.038 50770
0.038 50764
0.038 50757
0.038 50749
0.042 50743
0.043 50730
0.044 50726
0.045 50719
0.048 50687
0.049 50677
0.051 50614
0.051 50589
0.055 50561
0.056 50559
0.056 50514
0.057 50511
0.06 50504
0.06 50489
0.061 50485
0.061 50476
0.063 50459
0.063 50458
0.064 50454
0.066 50408
0.067 50396
0.067 50392
0.071 50391
0.071 50384
0.072 50378
0.083 50370
0.084 50364
0.085 50346
0.088 50252
0.089 50241
0.089 50231
0.09 50203
0.091 50189
0.093 50187
0.093 50183
0.093 50180
0.096 50177
0.097 50176
0.1 50175
0.101 50166
0.104 50155
0.117 50145
0.118 50098
0.118 50085
0.118 49997
0.119 49964
0.119 49963
0.119 49961
0.122 49950
0.124 49932
0.125 49931
0.137 49929
0.141 49919
0.147 49908
0.148 49880
0.15 49853
0.153 49821
0.155 49812
0.172 49802
0.39 49774
0.392 49767
0.392 49765
0.395 49762
0.396 49759
0.397 49758
0.398 49751
0.399 49744
0.4 49735
0.401 49716
0.403 49713
0.405 49712
0.411 49680
0.413 49662
0.413 49630
0.416 49628
0.416 49625
0.441 49580
0.443 49541
0.443 49539
1.926 49487
1.928 49478
1.929 49468
3.283 49459
5.839 49458
5.84 49435
5.841 49426
5.898 49400
5.901 49399
5.901 49395
10.463 49321
10.465 49306
10.468 49303
10.48 49290
10.894 49281
10.894 49255
10.911 49242
10.923 49239
23.145 49228
23.146 49226
23.148 49223
23.149 49222
26.731 49216
31.131 49211
31.132 49205
31.134 49202
31.212 49198
31.216 49192
31.221 49177
31.222 49174
31.228 49169
31.231 49131
46.173 49128
46.195 49127
46.204 49120
46.206 49118
46.207 49107
47.385 49106
47.386 49105
47.386 49099
47.387 49095
47.391 49094
48.48 49086
48.481 49079
48.492 49068
48.512 49064
48.513 49015
56.453 49002
56.453 48992
76.014 48991
76.018 48977
77.602 48969
77.603 48960
77.604 48954
77.606 48949
77.798 48940
77.8 48939
77.802 48931
81.135 48926
81.135 48920
84.517 48919
84.519 48917
84.52 48912
84.527 48911
86.171 48899
86.173 48896
86.197 48892
86.197 48891
86.198 48886
86.199 48884
86.201 48876
86.212 48872
99.818 48871
99.821 48864
99.828 48837
99.831 48836
99.842 48827
112.653 48823
112.835 48816
112.838 48815
112.838 48808
112.844 48798
112.844 48784
112.85 48778
112.852 48775
112.868 48770
112.876 48760
112.951 48756
114.952 48750
114.953 48743
114.978 48721
114.997 48717
115.001 48715
117.694 48707
117.696 48703
117.697 48702
117.699 48701
117.71 48692
117.771 48689
120.066 48687
120.069 48683
129.817 48682
130.237 48679
130.243 48676
136.306 48674
136.314 48670
138.012 48664
138.035 48655
138.064 48652
138.065 48646
138.068 48636
138.073 48632
138.077 48625
170.589 48623
170.59 48614
171.29 48613
175.034 48610
175.037 48609
175.077 48608
175.081 48600
175.082 48596
175.115 48595
175.133 48594
175.135 48593
180.708 48590
180.724 48589
180.725 48587
180.731 48584
180.837 48582
181.01 48581
181.012 48577
181.463 48575
181.488 48570
181.492 48569
181.496 48567
181.525 48566
181.539 48563
181.543 48562
181.956 48560
181.957 48558
183.382 48555
183.392 48553
183.401 48551
183.451 48550
183.75 48546
183.752 48537
195.071 48536
195.072 48534
195.072 48526
195.135 48523
195.172 48518
195.172 48513
195.237 48512
195.258 48509
198.494 48507
198.878 48506
198.882 48505
198.894 48502
199.015 48500
199.643 48499
199.742 48497
208.837 48494
208.841 48492
209.524 48488
209.578 48487
209.908 48484
209.912 48483
210.143 48481
210.493 48479
