0.029 118582
0.03 118511
0.03 118499
0.031 118470
0.031 118437
0.032 118404
0.033 118395
0.035 118369
0.036 118341
0.037 118312
0.038 118311
0.039 118310
0.04 118301
0.048 118211
0.053 118181
0.055 118167
0.059 118113
0.06 118091
0.067 118083
0.071 117912
0.072 117903
0.078 117716
0.079 117703
0.098 117698
0.098 117687
0.107 117684
0.107 117664
0.117 117611
0.119 117201
0.121 117195
0.122 117185
0.124 117123
0.124 117108
0.131 117072
0.131 117071
0.133 117048
0.134 117045
0.138 117028
0.138 117026
0.139 117017
0.151 116993
0.152 116980
0.152 116973
0.153 116970
0.154 116940
0.156 116886
0.156 116877
0.164 116849
0.164 116843
0.165 116832
0.188 116829
0.189 116824
0.214 116794
0.216 116791
0.217 116765
0.217 116026
0.218 116016
0.234 115840
0.236 115834
0.237 115832
0.237 115797
0.238 115787
0.239 115784
0.241 115766
0.245 115763
0.26 115751
0.26 115749
0.262 115745
0.263 115744
0.274 115697
0.276 115658
0.362 115656
0.363 115652
0.364 115649
0.377 115646
0.38 115641
0.381 115638
0.386 115627
0.393 115625
0.394 115624
0.394 115620
0.395 115589
0.397 115583
0.398 115579
0.399 115578
0.4 115572
0.404 115543
0.405 115289
0.409 115286
0.409 115282
0.411 115253
0.414 115217
0.421 115196
0.422 115194
0.436 114976
0.436 114876
0.438 114649
0.439 114645
0.44 114632
0.443 114611
0.454 114610
0.457 114593
0.458 114576
0.458 114575
0.459 114567
0.459 114563
0.46 114560
0.46 114551
0.467 114541
0.482 114539
0.484 114537
0.496 114515
0.518 114514
0.52 114511
0.524 114486
0.527 114483
0.528 114477
0.528 114438
0.529 114430
0.529 114425
0.53 114395
0.531 114301
0.535 114247
0.536 114239
0.537 113966
0.537 113949
0.559 113942
0.578 113940
0.581 113937
0.594 113936
0.596 113910
0.597 113898
0.601 113897
0.603 113880
0.605 113856
0.608 113826
0.612 113821
0.613 113813
0.749 113672
0.774 113638
0.778 113368
0.781 113362
0.816 113347
0.817 113310
0.819 113288
0.821 113232
0.836 113226
0.837 113217
0.838 113216
0.839 113201
0.842 113176
0.843 113124
0.856 113118
0.909 113116
0.917 113071
0.959 113061
0.976 112998
0.977 112990
0.977 112987
0.979 112972
0.986 112956
0.987 112953
0.988 112941
1.011 112936
1.014 112930
1.015 112889
1.016 112885
1.017 112882
1.019 112878
1.02 112877
1.021 112871
1.022 112864
1.344 112860
1.354 112830
1.355 112829
1.357 112821
1.422 112806
1.428 112800
1.429 112789
1.429 112786
1.43 112785
1.439 112775
1.439 112770
1.446 112766
1.446 112762
1.449 112740
1.456 112723
1.458 112722
1.459 112691
1.463 112642
1.463 112600
1.738 112462
1.739 112457
1.739 112456
1.741 112433
1.741 112425
1.744 112418
1.746 112387
1.747 112379
2.177 112360
2.177 112344
2.178 112339
2.179 112338
2.183 112335
2.183 112279
2.365 112238
2.368 112234
2.369 112228
2.38 112217
2.381 112207
2.382 112190
2.634 112177
2.639 112172
2.639 112147
2.64 112140
2.642 112137
2.645 112136
2.652 112135
2.654 112133
2.655 112130
2.656 112116
2.717 112105
2.718 112094
2.719 112056
2.719 112049
2.72 112022
2.72 112021
2.721 112018
2.789 111989
2.79 111988
2.79 111971
3.012 111904
3.014 111899
3.015 111870
3.016 111864
3.019 111850
3.021 111842
3.022 111837
3.125 111830
3.127 111822
3.13 111800
3.13 111778
3.138 111777
3.141 111767
3.142 111758
3.148 111751
3.148 111723
3.366 111722
3.367 111695
3.367 111694
3.368 111692
3.371 111686
3.371 111668
3.372 111664
3.376 111643
3.376 111641
3.378 111631
3.379 111590
4.099 111585
4.1 111584
4.107 111556
4.713 111548
4.715 111542
4.741 111538
5.806 111525
5.807 111513
5.81 111507
5.811 111501
5.822 111493
5.824 111491
5.825 111488
5.827 111420
5.828 111415
5.828 111410
5.832 111400
5.835 111375
5.835 111367
5.836 111290
5.881 111273
5.881 111259
5.882 111258
5.884 111252
5.886 111209
5.887 111191
5.888 111186
5.888 111184
5.922 111183
5.922 111173
5.933 111149
6.083 111148
6.617 111144
6.623 111107
6.626 111097
6.628 111090
6.63 111088
6.643 111032
6.644 111031
6.645 111027
6.645 111024
6.646 111020
6.648 111018
6.652 111014
6.667 111012
6.668 111009
6.669 111001
6.669 110998
7.39 110994
7.39 110991
7.392 110981
7.395 110962
7.397 110945
7.419 110938
8.306 110934
8.32 110928
8.323 110926
8.328 110905
8.33 110903
8.33 110899
8.477 110887
8.479 110881
8.483 110868
8.61 110867
8.61 110859
8.621 110845
8.622 110843
8.623 110829
8.885 110816
8.885 110814
8.886 110813
8.887 110803
8.887 110802
9.184 110783
9.186 110779
9.308 110758
9.309 110749
9.309 110704
9.311 110697
9.314 110676
9.641 110662
9.644 110635
9.646 110604
9.695 110603
9.695 110601
9.696 110600
9.699 110599
9.704 110588
9.88 110586
9.881 110557
9.884 110556
9.892 110552
9.893 110542
15.636 110527
15.637 110521
15.641 110516
15.647 110500
15.658 110498
15.659 110484
15.67 110471
15.682 110456
15.683 110440
15.683 110434
15.685 110426
15.69 110390
15.691 110371
15.984 110269
15.989 110253
15.994 110246
15.995 110238
15.996 110237
16.047 110232
16.047 110216
16.055 110158
31.482 110155
32.417 110150
32.422 110134
32.625 110125
32.969 110109
32.972 110076
32.977 110069
32.985 110050
32.987 110045
44.391 110026
44.391 110021
44.426 110006
44.428 109980
44.429 109976
58.999 109962
59 109957
59.004 109950
59.005 109945
59.831 109941
67.16 109940
67.162 109920
67.169 109906
67.176 109896
67.344 109893
67.345 109888
67.347 109886
67.349 109872
67.467 109862
69.045 109844
69.231 109843
69.232 109833
69.238 109826
69.238 109819
69.24 109810
69.241 109808
69.245 109807
69.3 109800
69.301 109799
69.378 109796
69.381 109795
69.381 109788
69.382 109787
69.384 109786
69.389 109783
70.495 109757
70.495 109752
70.496 109742
70.496 109738
70.497 109733
70.499 109730
70.582 109728
70.582 109711
70.583 109710
70.882 109694
70.883 109692
70.884 109687
70.884 109685
70.886 109684
74.571 109676
74.592 109675
86.185 109668
86.219 109661
86.221 109658
93.684 109657
93.824 109652
93.829 109649
93.831 109640
93.876 109632
93.877 109576
93.878 109573
93.878 109572
93.879 109568
93.881 109565
119.909 109563
119.91 109555
119.913 109552
119.915 109521
119.921 109519
124.701 109512
124.717 109507
124.717 109505
124.721 109504
124.841 109497
124.844 109494
157.884 109493
157.886 109491
158.004 109481
158.061 109479
158.063 109478
165.467 109476
186.334 109475
186.376 109467
186.531 109462
186.541 109459
186.553 109457
186.553 109453
186.557 109452
186.558 109451
186.566 109450
190.34 109447
190.35 109446
190.367 109445
190.376 109442
190.378 109441
190.387 109439
190.39 109436
192.616 109433
192.621 109426
193.064 109425
193.067 109424
195.848 109423
195.859 109420
195.864 109414
195.866 109410
195.868 109405
195.876 109395
198.617 109393
198.618 109391
198.619 109387
199.352 109385
199.365 109384
199.367 109378
199.372 109376
205.604 109375
205.605 109374
205.607 109373
213.335 109372
213.339 109370
213.36 109369
215.299 109368
215.316 109367
217.864 109359
217.875 109356
217.958 109355
225.112 109350
225.113 109349
225.124 109345
225.323 109344
225.334 109340
225.338 109336
225.356 109330
225.361 109326
225.368 109324
225.37 109323
225.374 109322
225.443 109320
232.535 109293
232.538 109288
232.545 109286
232.545 109232
232.547 109231
232.562 109230
232.562 109229
232.565 109223
232.574 109209
232.575 109205
232.605 109189
232.613 109188
232.626 109184
232.64 109177
232.644 109176
232.645 109174
232.647 109167
232.649 109166
232.652 109164
232.666 109162
232.678 109161
232.683 109159
232.684 109157
233.75 109156
233.752 109155
247.964 109153
247.967 109149
248.066 109148
248.346 109147
248.35 109146
248.451 109139
248.454 109134
248.455 109132
