0.037 92221
0.038 92193
0.039 92058
0.039 92041
0.04 92018
0.04 92016
0.043 91978
0.044 91665
0.045 91587
0.046 91586
0.047 91518
0.047 91517
0.047 91508
0.048 91502
0.048 91370
0.048 91366
0.05 91365
0.051 91300
0.053 91299
0.053 91298
0.062 91297
0.064 91276
0.065 91268
0.067 91221
0.067 91215
0.07 91211
0.075 91190
0.076 91151
0.077 91140
0.077 91131
0.077 91120
0.078 91118
0.078 91113
0.08 91028
0.113 91002
0.185 91001
0.189 90989
0.19 90962
0.192 90960
0.193 90920
0.196 90897
0.211 90896
0.213 90871
0.213 90866
0.214 90864
0.218 90863
0.357 90858
0.358 90847
0.36 90840
0.363 90833
0.363 90832
0.367 90799
0.392 90758
0.396 90754
0.397 90753
0.418 90716
0.421 90712
0.433 90685
0.437 90682
0.441 90676
0.442 90621
0.443 90619
0.443 90615
0.444 90614
0.444 90601
0.445 90583
0.449 90582
0.45 90573
0.454 90567
0.456 90565
0.459 90564
0.463 90559
0.466 90550
0.467 90541
0.469 90527
0.473 90511
0.473 90508
0.476 90507
0.478 90501
0.479 90500
0.485 90493
0.49 90474
0.492 90427
0.494 90425
0.585 90140
0.598 90138
0.608 90137
0.609 90117
0.614 89995
0.614 89994
0.615 89982
0.615 89978
0.616 89977
0.616 89975
0.619 89952
0.912 89951
0.912 89911
0.914 89909
0.915 89907
0.962 89902
0.963 89891
0.963 89874
0.964 89858
1.055 89848
1.386 89791
1.397 89776
1.403 89773
1.728 89765
2.025 89762
2.027 89761
2.027 89760
2.029 89706
2.034 89703
2.035 89697
2.063 89683
2.064 89680
2.346 89662
2.367 89644
2.371 89641
2.38 89622
2.385 89610
2.399 89608
2.4 89595
2.401 89576
3.402 89566
3.403 89560
3.405 89556
3.405 89510
3.41 89509
3.41 89502
3.424 89485
3.427 89475
3.427 89438
3.432 89412
3.433 89379
3.466 89378
3.466 89374
4.701 89366
4.702 89360
4.703 89345
4.744 89315
6.103 89304
6.104 89262
16.391 89241
16.392 89226
16.392 89212
18.139 89211
18.14 89209
18.142 89205
18.149 89202
21.27 89200
21.297 89199
21.34 89193
21.34 89192
21.341 89185
21.342 89156
39.859 89154
39.985 89126
39.986 89119
39.988 89084
50.378 89083
50.379 89081
50.383 89071
50.386 89062
52.141 89033
52.141 89029
64.088 89015
64.091 89013
64.095 89012
64.097 89010
64.121 89007
64.124 89004
64.158 89002
64.16 88989
64.161 88986
64.164 88982
64.168 88980
64.17 88977
64.2 88963
64.202 88952
74.561 88951
74.564 88944
74.583 88930
74.584 88926
82.387 88920
82.518 88919
82.519 88917
82.523 88916
83.56 88883
83.567 88880
83.569 88871
83.58 88848
83.58 88832
83.588 88811
101.194 88808
101.194 88797
101.823 88792
101.87 88784
101.871 88781
101.872 88778
101.874 88761
114.345 88759
119.331 88752
119.344 88751
119.346 88721
119.359 88718
123.173 88716
123.262 88715
126.211 88713
126.215 88695
132.382 88694
132.382 88693
132.392 88688
132.396 88683
132.427 88681
138.554 88667
138.559 88666
138.562 88650
138.574 88648
138.575 88645
151.108 88642
151.112 88640
151.113 88634
151.657 88627
153.069 88623
157.546 88618
157.573 88613
157.58 88612
157.786 88605
157.796 88604
157.81 88603
157.816 88602
160.175 88600
160.186 88599
160.192 88598
160.377 88596
160.384 88595
160.387 88590
160.409 88583
160.409 88576
161.954 88573
162.232 88572
162.235 88570
162.27 88563
162.271 88558
162.346 88556
162.362 88554
163.553 88550
163.558 88542
184.479 88540
184.499 88536
186.466 88529
186.471 88527
186.476 88526
186.476 88524
186.504 88522
186.9 88519
187.656 88516
187.671 88500
187.678 88499
206.194 88498
206.209 88497
210.523 88495
210.53 88494
216.374 88493
216.451 88491
216.544 88490
216.636 88489
216.637 88488
216.637 88487
216.826 88486
216.91 88485
216.939 88483
216.963 88481
223.912 88479
226.615 88477
227.487 88476
227.507 88475
227.737 88474
227.753 88472
227.77 88470
227.772 88464
228.418 88462
228.437 88458
228.482 88457
228.503 88452
228.728 88446
228.741 88443
228.764 88439
228.767 88438
228.769 88437
228.814 88436
228.816 88435
235.348 88432
235.44 88428
236.736 88421
236.743 88418
236.757 88417
239.097 88413
239.097 88412
239.125 88411
239.134 88409
239.144 88408
