0.046 73016
0.047 73005
0.047 72999
0.047 72923
0.047 72887
0.048 72867
0.048 72847
0.049 72772
0.05 72745
0.05 72734
0.05 72732
0.051 72731
0.051 72664
0.051 72581
0.052 72525
0.052 72515
0.053 72513
0.054 72500
0.054 72498
0.054 72496
0.055 72482
0.055 72478
0.056 72476
0.057 72451
0.057 72449
0.057 72421
0.058 72416
0.059 72386
0.059 72319
0.06 72311
0.061 72303
0.061 72297
0.065 72289
0.074 72255
0.076 72250
0.081 72212
0.082 72194
0.083 72155
0.09 72126
0.091 72099
0.094 72055
0.098 72032
0.099 72019
0.127 72011
0.128 72005
0.129 71994
0.13 71899
0.131 71887
0.134 71879
0.134 71875
0.136 71856
0.138 71853
0.253 71848
0.255 71843
0.273 71842
0.275 71840
0.275 71771
0.277 71769
0.279 71767
0.279 71761
0.28 71749
0.28 71732
0.283 71730
0.31 71709
0.311 71708
0.312 71673
0.313 71668
0.313 71666
0.37 71646
0.386 71583
0.388 71578
0.393 71517
0.4 71502
0.401 71500
0.402 71481
0.403 71471
0.646 71460
0.648 71417
0.664 71416
0.665 71408
0.669 71353
0.67 71318
0.673 71312
0.673 71309
0.675 71276
0.722 71267
0.932 71260
0.933 71221
0.935 71188
0.938 71159
0.939 71143
0.94 71142
2.395 71138
2.421 71118
2.423 71105
4.059 71085
4.071 71075
4.071 71038
4.076 71034
4.077 71030
8.33 71021
8.331 71019
8.333 70981
8.334 70957
8.336 70946
8.337 70937
20.815 70913
20.815 70866
20.819 70856
20.82 70846
20.82 70831
20.821 70813
20.823 70775
20.824 70744
20.855 70742
20.856 70739
20.856 70734
20.857 70733
20.858 70732
20.858 70729
20.859 70715
20.862 70707
20.863 70696
20.864 70692
20.879 70643
20.88 70621
51.658 70617
71.049 70612
71.051 70610
73.534 70602
76.432 70599
76.439 70581
82.798 70579
82.798 70571
82.802 70566
82.803 70565
85.718 70563
85.916 70549
85.916 70545
85.923 70541
85.938 70532
85.941 70510
86.354 70509
86.358 70492
86.362 70487
86.364 70485
86.369 70470
87.797 70465
87.797 70454
87.798 70451
87.799 70441
87.8 70440
87.802 70432
87.803 70427
87.807 70401
87.812 70384
87.812 70363
87.813 70353
87.814 70340
87.817 70339
104.489 70337
104.49 70332
104.491 70323
104.505 70319
104.505 70312
104.506 70311
115.968 70307
115.971 70296
115.971 70279
115.976 70277
118.615 70275
118.619 70274
121.983 70260
121.99 70258
122.423 70251
122.424 70244
122.43 70230
122.478 70222
122.484 70221
122.488 70215
122.489 70214
122.49 70198
122.491 70197
122.609 70191
122.611 70189
122.72 70181
122.721 70177
122.723 70172
122.725 70170
122.727 70165
122.728 70161
122.735 70152
122.739 70136
140.09 70131
141.498 70129
141.636 70127
141.654 70126
141.656 70122
141.656 70117
141.658 70110
149.915 70109
149.922 70107
149.925 70105
155.238 70104
155.239 70095
155.247 70083
155.249 70077
155.255 70074
155.26 70069
155.338 70064
155.658 70063
155.662 70061
157.855 70060
157.968 70058
157.985 70054
159.949 70048
159.981 70042
160.04 70039
160.051 70033
160.052 70029
160.064 70025
160.067 70023
160.069 70001
160.073 70000
166.811 69997
167.031 69987
171.874 69978
171.875 69974
171.877 69970
171.878 69967
171.88 69963
171.883 69961
171.925 69957
172.047 69952
172.049 69951
172.78 69948
172.785 69946
172.789 69943
172.791 69942
172.794 69941
172.795 69939
172.797 69932
175.132 69929
175.172 69927
175.574 69924
175.825 69923
175.975 69917
175.99 69899
186.269 69897
186.274 69894
201.676 69892
206.837 69887
206.919 69885
206.92 69879
206.929 69876
206.933 69865
206.95 69861
206.956 69860
206.965 69856
223.338 69852
223.369 69849
223.397 69848
223.547 69847
233.26 69842
233.28 69841
241.857 69838
244.881 69837
244.897 69836
244.906 69835
