0.046 154442
0.046 154372
0.047 154343
0.047 154316
0.048 154303
0.049 154289
0.049 154268
0.05 154261
0.053 154258
0.053 154248
0.054 154247
0.055 154233
0.056 154228
0.056 154215
0.059 154193
0.062 154176
0.062 154165
0.062 154163
0.063 154152
0.063 154105
0.064 154103
0.064 154101
0.065 154003
0.065 154002
0.066 153989
0.066 153978
0.07 153975
0.096 153972
0.103 153944
0.11 153900
0.11 153883
0.112 153840
0.113 153816
0.113 153794
0.116 153790
0.123 153786
0.126 153773
0.129 153746
0.132 153737
0.132 153732
0.139 153725
0.139 153719
0.148 153716
0.149 153714
0.155 153643
0.17 153639
0.172 153624
0.172 153618
0.173 153607
0.174 153587
0.174 153579
0.179 153574
0.19 153436
0.191 153428
0.298 153407
0.306 153385
0.308 153379
0.31 153373
0.319 153361
0.32 153357
0.321 153220
0.323 153171
0.323 153167
0.324 153136
0.332 153133
0.333 153126
0.333 153090
0.334 153068
0.337 153043
0.337 152981
0.341 152980
0.341 152953
0.343 152952
0.346 152906
0.348 152895
0.349 152889
0.35 152888
0.353 152886
0.356 152871
0.357 152866
0.358 152862
0.36 152846
0.396 152810
0.691 152757
0.698 152735
0.704 152697
0.705 152693
0.741 152628
0.742 152618
0.745 152554
0.753 152529
0.755 152524
0.761 152445
0.762 152440
0.769 152420
0.772 152419
0.774 152411
0.775 152410
0.782 152399
0.783 152357
0.786 152246
1.112 152243
1.116 152242
1.118 152237
1.119 152231
1.195 152205
1.29 152204
1.29 152186
1.293 152185
1.301 152179
1.302 152176
1.302 152150
1.303 152137
1.303 152085
1.315 151988
1.317 151980
1.324 151948
1.325 151939
1.351 151917
1.353 151912
1.354 151908
1.354 151907
1.357 151896
1.37 151889
1.376 151868
1.377 151854
1.384 151850
1.391 151825
1.394 151763
1.395 151756
1.401 151741
1.426 151689
1.426 151687
1.426 151683
1.427 151643
1.504 151629
1.508 151625
1.511 151620
1.615 151601
1.632 151556
1.633 151555
1.751 151540
2.031 151506
2.032 151472
2.102 151343
2.103 151337
2.105 151332
2.109 151319
2.115 151293
2.119 151287
2.121 151285
2.121 151272
2.135 151253
2.135 151248
2.136 151210
2.157 151189
2.157 151188
2.159 151186
2.159 151177
2.301 151170
2.302 151166
2.303 151161
2.527 151157
2.536 151151
2.537 151147
2.541 151143
2.544 151139
2.548 151138
2.551 151134
2.62 151123
2.634 151121
2.638 151116
2.639 151114
2.647 151071
2.651 151021
2.677 151009
2.685 150993
2.685 150992
2.812 150991
2.812 150973
2.813 150966
2.86 150951
3.349 150950
3.351 150943
3.352 150941
3.582 150937
3.582 150873
3.588 150837
3.659 150809
3.669 150808
3.707 150795
3.963 150787
3.964 150786
4.368 150783
4.372 150779
4.477 150763
4.478 150759
4.775 150757
4.78 150748
4.845 150737
4.863 150689
4.864 150670
9.537 150668
9.553 150640
9.554 150638
9.555 150617
9.555 150609
9.56 150599
9.561 150598
9.565 150576
9.567 150567
9.755 150557
9.759 150536
9.821 150490
9.821 150487
9.822 150478
9.826 150470
9.83 150456
9.833 150453
9.836 150380
9.837 150378
9.923 150363
16.923 150358
16.926 150356
16.929 150355
16.93 150354
16.932 150353
17.71 150346
17.71 150344
17.712 150331
20.891 150327
20.893 150267
20.896 150252
20.901 150234
20.916 150214
20.918 150189
20.918 150180
20.92 150178
20.923 150177
20.933 150170
20.936 150156
20.936 150144
20.937 150139
20.938 150138
20.939 150133
20.957 150104
20.958 150102
20.96 150098
20.961 150069
20.967 150065
20.969 150058
20.97 150053
21.071 150047
21.073 150041
21.26 150027
21.261 150021
21.265 149989
21.267 149987
21.275 149978
21.28 149968
21.28 149957
21.281 149947
21.282 149943
21.306 149899
21.307 149891
41.124 149888
41.129 149879
41.129 149874
41.135 149868
41.136 149830
41.137 149823
41.138 149819
41.143 149813
41.145 149808
41.149 149787
41.682 149768
41.683 149766
42.403 149720
47.212 149713
47.213 149698
47.218 149693
47.227 149691
47.237 149686
47.656 149665
47.657 149632
55.127 149627
55.138 149610
55.14 149599
55.141 149591
55.142 149585
55.268 149584
55.913 149574
55.915 149572
58.325 149561
58.327 149560
58.331 149542
58.332 149541
58.334 149538
58.335 149536
58.338 149529
58.338 149527
58.339 149497
58.339 149496
59.423 149495
59.506 149491
59.508 149490
59.509 149489
59.51 149422
61.032 149419
61.033 149410
61.034 149409
61.042 149408
61.043 149398
61.044 149393
61.368 149391
61.368 149390
61.419 149381
61.419 149375
61.547 149373
61.548 149365
76.886 149343
81.312 149342
81.329 149335
81.333 149332
81.338 149331
81.402 149325
81.403 149318
81.419 149317
81.814 149313
96.951 149310
98.14 149296
98.154 149294
98.156 149293
98.158 149275
98.173 149260
98.174 149252
98.179 149251
98.179 149249
101.667 149246
101.704 149236
101.706 149207
101.708 149206
101.744 149202
101.748 149197
101.75 149194
101.751 149193
101.752 149192
101.851 149184
101.851 149178
101.856 149177
101.873 149174
101.876 149144
101.878 149143
101.882 149141
101.887 149139
112.738 149138
112.738 149137
112.791 149135
112.791 149130
112.811 149123
112.866 149118
112.885 149111
112.995 149108
113.002 149107
113.006 149105
113.03 149100
113.034 149099
113.034 149097
117.187 149086
118.542 149083
118.543 149082
118.549 149080
118.624 149079
124.637 149078
124.637 149068
124.689 149067
124.69 149061
128.202 149058
130.319 149052
130.323 149048
130.326 149047
130.341 149044
130.344 149042
130.358 149039
135.836 149038
135.897 149037
135.94 149035
135.953 149024
135.972 149022
135.982 149021
138.276 149020
138.298 149018
138.3 149016
138.341 149011
138.346 149007
138.358 149002
138.37 149001
138.384 149000
138.518 148998
138.519 148997
138.519 148985
138.521 148984
138.526 148983
138.59 148979
138.624 148976
138.628 148972
138.654 148970
138.655 148961
138.706 148958
142.781 148956
142.782 148943
142.792 148942
144.295 148940
144.579 148938
144.579 148937
144.591 148923
144.592 148909
144.611 148906
144.62 148904
144.622 148902
144.622 148899
144.766 148891
144.77 148888
144.771 148877
144.774 148876
144.778 148875
148.845 148857
148.855 148854
148.86 148851
150.508 148850
150.51 148841
150.511 148840
150.511 148838
150.532 148835
151.737 148830
151.744 148829
151.751 148826
151.755 148825
164.053 148821
164.084 148816
165.077 148814
165.087 148812
165.105 148810
165.384 148804
165.4 148803
165.722 148798
168.116 148797
168.121 148783
168.124 148782
168.135 148781
168.187 148777
168.203 148776
170.062 148774
173.041 148770
175.113 148768
175.113 148767
178.532 148763
181.256 148760
181.264 148757
181.266 148756
181.27 148752
185.182 148749
185.197 148748
185.843 148747
185.854 148737
185.86 148733
199.947 148731
199.95 148729
211.45 148728
211.45 148727
211.46 148726
211.488 148724
211.522 148722
211.537 148720
211.56 148719
211.57 148718
217.61 148715
217.621 148714
218.859 148712
218.865 148711
218.896 148709
220.435 148708
222.281 148706
222.298 148705
222.303 148701
