0.06 95971
0.06 95894
0.061 95891
0.061 95866
0.061 95833
0.062 95832
0.064 95720
0.064 95677
0.065 95659
0.066 95648
0.066 95638
0.066 95614
0.067 95547
0.068 95533
0.068 95514
0.068 95475
0.069 95462
0.072 95311
0.072 95286
0.073 95270
0.073 95261
0.074 95243
0.074 95235
0.074 95212
0.075 95196
0.075 95192
0.075 95164
0.077 95163
0.077 95143
0.078 95142
0.079 95105
0.08 95104
0.081 95100
0.081 95085
0.082 95084
0.082 95081
0.083 95060
0.083 95059
0.083 95018
0.087 94948
0.087 94946
0.088 94941
0.089 94934
0.09 94925
0.093 94924
0.093 94919
0.102 94903
0.102 94897
0.103 94894
0.107 94858
0.107 94851
0.107 94813
0.108 94795
0.109 94790
0.109 94766
0.11 94763
0.118 94653
0.118 94651
0.122 94635
0.122 94633
0.123 94628
0.124 94627
0.133 94581
0.134 94506
0.161 94492
0.164 94490
0.165 94484
0.165 94477
0.173 94475
0.175 94458
0.219 94438
0.219 94436
0.221 94411
0.224 94407
0.225 94396
0.227 94394
0.227 94359
0.23 94356
0.235 94355
0.236 94338
0.24 94337
0.326 94332
0.332 94328
0.332 94327
0.347 94304
0.348 94295
0.379 94282
0.38 94271
0.38 94267
0.382 94265
0.399 94249
0.578 94239
0.582 94238
0.583 94206
0.587 94193
0.587 94142
0.588 94063
0.597 94041
0.599 94039
0.612 94033
0.615 94026
0.618 94024
0.62 94014
0.624 94011
0.624 93963
0.626 93956
1 93954
1.002 93923
1.143 93911
1.148 93864
1.158 93840
1.23 93833
5.599 93832
5.717 93831
5.721 93830
5.721 93829
5.724 93824
5.735 93822
5.735 93818
5.75 93816
5.765 93804
5.774 93783
5.776 93772
5.777 93757
5.778 93756
5.816 93754
5.821 93752
5.824 93744
5.897 93742
5.9 93731
5.9 93725
5.901 93721
6.01 93706
6.116 93654
6.118 93649
6.158 93623
6.191 93608
6.196 93606
6.205 93596
6.208 93576
6.209 93567
6.211 93559
6.231 93544
6.232 93532
6.232 93508
6.234 93506
6.234 93502
6.242 93496
6.244 93466
6.25 93441
8.966 93420
8.966 93369
8.967 93366
8.97 93342
8.973 93330
8.979 93322
8.979 93321
8.981 93320
8.984 93319
8.986 93307
26.07 93294
26.074 93292
26.075 93278
26.247 93268
26.248 93247
26.251 93230
26.252 93219
26.252 93214
31.73 93201
31.733 93198
31.733 93178
37.883 93172
38.779 93167
38.78 93158
38.786 93151
38.788 93140
38.79 93091
38.791 93089
38.791 93085
38.802 93080
38.809 93060
47.044 93056
47.045 93036
47.075 93030
47.077 93010
47.078 92996
67.589 92988
67.606 92980
67.607 92979
68.9 92977
68.9 92974
69.118 92973
69.671 92968
69.674 92965
69.685 92964
69.688 92961
69.689 92960
69.695 92924
71.758 92898
80.962 92893
81.045 92883
81.051 92875
81.089 92863
82.015 92860
82.027 92847
84.061 92839
84.067 92835
84.07 92827
84.07 92820
84.075 92805
84.077 92792
84.096 92780
84.098 92773
84.105 92757
84.171 92747
84.258 92742
84.259 92739
84.266 92733
84.267 92731
85.004 92727
85.006 92724
85.017 92719
85.019 92704
86.494 92697
86.498 92692
86.5 92689
86.512 92688
86.513 92682
86.515 92676
86.515 92671
86.517 92667
86.518 92664
86.519 92659
86.524 92654
86.526 92646
86.526 92645
86.533 92643
86.566 92628
86.568 92586
86.574 92585
122.895 92584
122.897 92575
122.897 92566
122.898 92554
122.904 92553
122.906 92550
122.907 92536
123.119 92535
123.12 92519
123.122 92518
123.122 92517
123.123 92509
123.132 92506
123.136 92505
123.141 92494
123.149 92479
124.782 92472
124.804 92469
131.609 92449
131.611 92427
132.809 92421
132.814 92417
136.728 92412
136.75 92405
136.763 92402
137.074 92400
137.075 92389
137.077 92387
137.085 92380
137.085 92379
161.27 92359
161.284 92358
161.29 92357
161.311 92346
161.312 92343
166.837 92334
166.843 92333
171.351 92324
171.355 92322
171.356 92318
171.985 92303
171.996 92291
172.022 92289
172.025 92287
172.026 92284
172.027 92283
172.048 92282
173.683 92278
173.683 92275
173.724 92272
173.733 92266
173.745 92265
173.784 92254
173.784 92251
173.799 92248
173.806 92247
196.334 92246
201.857 92244
202.557 92243
202.563 92242
202.567 92241
202.57 92237
202.596 92232
202.597 92229
202.618 92228
202.619 92225
202.625 92219
203.111 92214
203.124 92211
203.162 92205
203.17 92203
203.185 92198
205.958 92197
206.036 92191
208.449 92187
208.466 92186
208.484 92185
208.486 92183
208.795 92182
209.597 92180
209.686 92179
209.689 92176
209.692 92173
209.693 92172
209.701 92169
209.738 92167
209.747 92166
209.762 92165
209.768 92164
210.245 92162
210.249 92160
210.25 92156
210.279 92155
210.299 92154
210.896 92150
210.9 92147
210.901 92146
211.672 92143
211.677 92138
215.715 92136
215.75 92133
215.752 92132
215.753 92127
219.704 92121
219.705 92117
219.721 92115
219.724 92114
219.727 92111
219.734 92110
219.741 92105
219.743 92104
219.754 92099
221.211 92097
221.271 92096
221.278 92095
221.281 92093
221.284 92085
221.285 92084
221.8 92083
222.193 92081
222.212 92075
222.233 92074
222.234 92067
222.28 92066
222.41 92062
222.412 92061
222.55 92056
222.556 92049
222.563 92048
222.57 92047
222.62 92046
222.62 92045
243.664 92042
243.668 92040
244.356 92039
244.359 92037
244.572 92032
244.789 92030
244.79 92029
244.79 92025
245.408 92022
245.42 92021
245.427 92019
245.436 92018
245.437 92015
245.459 92014
245.469 92013
246.33 92008
246.354 92004
246.357 92003
246.406 92002
246.407 92000
251.727 91998
251.75 91997
251.75 91995
251.762 91990
274.506 91989
