0.053 259072
0.053 259071
0.056 259067
0.064 259053
0.064 258984
0.065 258950
0.066 258928
0.071 258920
0.071 258899
0.072 258896
0.073 258895
0.073 258877
0.074 258799
0.075 258793
0.079 258734
0.081 258539
0.082 258524
0.083 258505
0.083 258477
0.084 258411
0.087 258380
0.088 258373
0.088 258353
0.09 258331
0.092 258279
0.093 258275
0.096 258240
0.097 257751
0.098 257749
0.099 257740
0.102 257653
0.104 257640
0.105 257634
0.106 257612
0.106 257606
0.11 257604
0.112 257537
0.113 257494
0.115 257486
0.123 256883
0.127 256854
0.127 256840
0.129 256830
0.132 256828
0.133 256820
0.143 256804
0.146 256767
0.147 256707
0.148 256694
0.157 256679
0.158 256678
0.175 256608
0.176 256607
0.182 256604
0.185 256545
0.195 256374
0.196 256033
0.214 255955
0.214 255954
0.216 255898
0.216 255897
0.216 255896
0.231 255893
0.233 255887
0.236 255866
0.236 255852
0.24 255842
0.242 255815
0.247 255802
0.266 255552
0.267 255521
0.267 255455
0.268 255437
0.27 255416
0.27 255414
0.329 255411
0.331 255409
0.334 255401
0.355 255373
0.357 255358
0.358 255337
0.361 255333
0.362 255285
0.362 255283
0.366 255241
0.369 255171
0.37 255163
0.387 255150
0.394 255128
0.394 255117
0.395 255108
0.396 255105
0.399 255101
0.4 255064
0.4 255032
0.406 255017
0.411 254954
0.413 254952
0.435 254947
0.436 254924
0.437 254907
0.438 254885
0.439 254869
0.44 254858
0.446 254855
0.46 254538
0.461 254532
0.507 254529
0.511 254526
0.517 254519
0.52 254484
0.526 254398
0.528 254394
0.528 254390
0.6 254368
0.6 254363
0.601 254362
0.601 254344
0.604 254340
0.605 254309
0.61 254291
0.611 254281
0.622 254261
0.623 254260
0.626 254254
0.627 254238
0.633 254237
0.633 254235
0.635 254221
0.657 254220
0.659 254211
0.659 254191
0.66 254134
0.66 254127
0.667 254064
0.668 253982
0.668 253977
0.682 253964
0.682 253957
0.691 253945
0.692 253942
0.692 253921
0.695 253847
0.695 253771
0.7 253763
0.701 253749
0.703 253732
0.704 253715
0.704 253712
0.709 253700
0.732 253494
0.733 253310
0.735 253306
0.736 253298
0.742 253288
0.743 253287
0.75 253271
0.752 253268
0.765 253240
0.777 253229
0.78 253216
0.783 253213
0.784 253208
0.785 253207
0.787 253176
0.79 253166
0.792 253163
0.794 253149
0.798 253094
0.799 253066
0.802 253060
0.803 253022
0.808 253021
0.809 253007
0.813 252978
0.852 252968
1.05 252934
1.05 252869
1.05 252867
1.055 252828
1.055 252821
1.057 252815
1.312 252806
1.312 252800
1.314 252796
1.315 252789
1.327 252747
1.329 252741
1.33 252736
1.331 252706
1.331 252700
1.333 252684
1.337 252678
1.338 252671
1.341 252662
1.453 252637
1.455 252632
1.455 252631
1.459 252627
1.484 252624
1.486 252620
1.487 252619
1.488 252565
1.488 252563
1.489 252556
1.555 252551
1.559 252500
1.56 252496
1.565 252469
1.585 252438
1.588 252436
1.595 252433
1.628 252429
1.629 252357
1.632 252324
1.633 252302
1.638 252282
1.638 252280
1.641 252268
1.653 252201
1.656 252108
1.685 252098
1.686 252090
1.687 252044
1.687 252042
1.689 251989
1.692 251984
1.693 251965
1.693 251959
1.696 251950
1.862 251932
1.864 251927
1.867 251926
1.878 251867
1.878 251860
1.881 251834
1.884 251804
1.884 251801
1.885 251797
1.886 251748
1.888 251747
1.905 251743
1.906 251735
1.909 251700
1.91 251684
1.913 251676
1.914 251667
1.916 251597
2.043 251588
2.052 251572
2.202 251556
2.203 251555
2.208 251552
2.208 251550
2.523 251541
2.523 251517
2.528 251504
2.529 251486
2.531 251485
2.531 251438
2.532 251436
2.54 251432
2.542 251431
2.549 251430
2.551 251427
2.562 251422
2.563 251389
2.566 251375
2.57 251357
3.11 251326
3.146 251321
3.148 251319
3.155 251317
3.156 251314
3.163 251304
3.164 251303
3.165 251302
3.166 251300
3.167 251297
3.172 251283
3.173 251281
3.327 251236
3.4 251228
3.403 251224
3.467 251212
3.467 251207
3.469 251206
3.469 251200
3.472 251176
3.474 251175
3.474 251174
3.482 251172
3.488 251157
3.519 251080
4.502 251055
4.502 251031
4.843 251027
4.843 250992
4.845 250918
4.846 250906
4.846 250892
4.847 250891
4.85 250871
4.851 250867
4.851 250865
4.854 250859
4.854 250858
4.863 250850
6.184 250831
6.186 250825
6.187 250824
6.188 250823
6.19 250818
6.191 250814
7.43 250812
7.48 250808
7.48 250806
7.482 250796
7.482 250794
7.483 250787
7.483 250782
7.525 250774
7.526 250773
7.527 250759
7.532 250758
7.534 250739
7.958 250708
7.966 250701
7.968 250691
7.969 250689
7.97 250679
7.971 250668
7.971 250655
8.003 250647
8.05 250630
8.051 250628
8.054 250606
8.056 250603
8.066 250601
8.067 250594
8.071 250558
8.075 250525
8.103 250519
8.114 250514
8.115 250513
8.115 250512
8.116 250503
8.154 250494
8.155 250490
8.155 250487
8.157 250486
8.158 250460
8.158 250459
8.235 250436
8.235 250435
8.239 250414
8.253 250331
8.255 250330
8.261 250329
8.262 250328
8.265 250286
8.271 250273
8.275 250261
8.275 250198
8.402 250133
8.411 250121
8.411 250117
8.414 250109
13.293 250086
13.298 250084
13.301 250083
13.305 250082
13.313 250062
13.366 250057
13.37 250049
13.371 250045
13.372 250031
13.372 250022
13.373 250021
13.373 250020
13.38 249999
13.382 249998
13.384 249989
13.384 249962
13.392 249946
13.395 249945
13.396 249943
13.397 249927
13.399 249925
13.399 249923
13.402 249922
13.404 249909
13.422 249887
13.423 249884
13.436 249883
13.707 249876
13.709 249863
13.724 249861
13.732 249833
13.781 249820
13.782 249810
13.787 249785
13.794 249757
13.862 249742
13.863 249734
13.864 249729
13.873 249715
13.877 249712
13.96 249705
13.966 249698
13.972 249694
13.973 249692
13.974 249684
13.975 249683
13.981 249676
13.987 249673
13.988 249656
13.989 249647
13.995 249613
14.019 249612
14.02 249611
14.022 249610
14.024 249608
14.13 249607
14.131 249604
14.132 249597
14.133 249588
14.135 249552
14.135 249527
14.144 249510
14.153 249508
14.154 249497
14.158 249486
15.351 249484
15.391 249441
15.393 249425
15.394 249422
15.394 249419
15.394 249418
15.395 249404
15.416 249389
18.417 249388
18.419 249384
18.423 249375
18.423 249358
26.062 249354
26.065 249346
26.066 249315
26.067 249314
26.067 249313
26.069 249312
26.076 249304
26.084 249300
26.085 249299
26.086 249260
26.088 249255
26.095 249252
26.115 249233
26.115 249232
26.117 249229
26.117 249223
26.119 249218
26.124 249217
26.134 249215
26.137 249213
26.14 249204
26.142 249197
39.032 249192
39.037 249191
39.037 249183
39.039 249174
39.041 249173
39.045 249172
39.046 249168
39.047 249166
39.051 249144
39.051 249143
39.054 249137
44.435 249125
44.437 249109
44.655 249097
44.655 249096
44.66 249092
47.378 249068
47.378 249058
47.451 248998
47.455 248997
47.461 248995
47.748 248971
47.828 248931
47.828 248930
47.829 248929
49.652 248925
49.655 248923
49.655 248920
49.656 248913
49.662 248910
49.675 248906
49.677 248895
49.677 248893
49.678 248892
49.679 248891
49.686 248868
49.686 248866
49.687 248862
49.688 248858
49.69 248856
49.697 248826
49.699 248820
49.706 248815
49.728 248803
49.733 248796
49.736 248795
49.738 248794
49.743 248772
49.746 248766
49.781 248759
49.782 248756
49.783 248755
50.703 248742
50.705 248741
50.708 248740
50.714 248739
50.715 248728
50.718 248724
50.974 248709
50.975 248698
51.01 248690
51.011 248680
51.014 248679
51.015 248676
51.02 248674
51.02 248672
51.027 248665
51.028 248660
51.03 248658
51.478 248655
51.478 248652
51.48 248649
51.481 248648
51.484 248626
75.844 248620
75.958 248619
75.959 248602
75.961 248598
75.961 248590
75.962 248579
75.965 248577
75.969 248573
75.971 248563
79.319 248562
79.44 248554
79.442 248547
79.445 248543
79.451 248539
94.05 248528
94.05 248527
94.063 248523
94.208 248515
94.216 248499
94.223 248486
94.223 248484
94.224 248482
94.226 248476
98.992 248459
99.12 248441
99.12 248436
99.126 248435
99.131 248418
99.132 248417
99.137 248415
99.138 248411
99.143 248394
99.171 248393
99.172 248392
99.178 248391
99.19 248390
99.193 248389
102.29 248387
102.292 248383
102.327 248377
107.672 248371
107.729 248360
107.759 248358
107.76 248356
112.183 248351
117.829 248347
117.833 248344
117.837 248343
117.842 248333
117.853 248330
117.939 248325
119.195 248321
119.211 248313
119.222 248309
121.079 248303
121.086 248302
121.087 248301
121.098 248299
121.1 248297
121.113 248283
121.134 248277
121.14 248263
121.141 248257
123.342 248255
123.41 248249
123.416 248248
127.832 248246
127.832 248245
127.849 248242
127.859 248234
128.757 248233
128.901 248232
128.901 248212
128.905 248209
128.907 248208
131.39 248201
139.006 248200
139.011 248196
139.012 248195
139.021 248189
154.739 248188
154.742 248184
154.745 248180
156.18 248179
156.181 248178
156.188 248176
156.295 248170
156.303 248169
156.354 248168
156.599 248145
156.663 248140
156.664 248132
156.669 248131
156.674 248129
157.031 248104
157.313 248059
157.317 248057
157.359 248056
157.359 248055
157.367 248054
157.397 248052
157.398 248051
157.408 248030
157.783 248027
157.785 248025
157.788 248017
157.788 248015
157.847 248013
157.849 248012
157.852 248011
157.854 248008
157.856 248004
157.863 248003
157.894 248002
157.895 247998
157.9 247993
157.91 247992
158.009 247991
158.013 247974
158.03 247973
158.031 247968
158.032 247967
158.47 247965
158.471 247960
158.471 247957
158.472 247954
158.474 247952
158.475 247951
158.483 247949
162.125 247947
162.131 247946
162.132 247945
162.145 247941
162.145 247938
162.235 247930
162.584 247926
162.586 247925
162.587 247924
162.587 247923
162.588 247921
162.592 247909
162.598 247906
162.604 247899
162.612 247898
162.62 247896
163.971 247894
163.976 247890
164.306 247884
164.307 247872
164.321 247869
178.929 247847
179.051 247842
179.052 247841
179.075 247840
179.076 247839
179.077 247837
180.174 247836
180.177 247833
180.185 247832
180.213 247829
180.221 247825
180.221 247824
180.226 247823
180.227 247821
180.232 247820
180.261 247818
180.286 247816
180.287 247813
186.568 247811
186.742 247809
186.796 247808
186.805 247807
186.84 247806
186.845 247800
186.858 247799
186.861 247798
188.578 247795
188.586 247794
191.84 247792
191.872 247784
191.874 247782
191.874 247780
191.896 247773
192.528 247766
198.544 247765
199.688 247763
199.897 247762
199.987 247760
204.96 247759
205.422 247758
205.423 247757
205.512 247754
207.333 247750
207.335 247749
212.822 247748
212.932 247745
213.016 247743
213.057 247741
213.062 247740
213.089 247739
213.089 247736
213.118 247735
213.119 247734
213.126 247732
214.685 247730
220.181 247729
220.188 247726
220.19 247722
220.192 247721
220.209 247719
220.272 247717
