0.056 70104
0.057 70098
0.057 69998
0.058 69992
0.058 69984
0.059 69958
0.059 69938
0.06 69911
0.06 69903
0.061 69899
0.062 69872
0.062 69851
0.062 69844
0.063 69840
0.063 69824
0.065 69674
0.066 69667
0.066 69635
0.067 69621
0.067 69610
0.068 69605
0.068 69578
0.069 69543
0.07 69536
0.071 69498
0.071 69487
0.072 69483
0.072 69443
0.073 69360
0.075 69351
0.076 69350
0.078 69349
0.079 69343
0.084 69245
0.084 69235
0.087 69232
0.088 69229
0.09 69220
0.09 69219
0.091 69217
0.092 69154
0.092 69142
0.093 69141
0.098 69116
0.099 69106
0.101 69080
0.103 69020
0.105 68922
0.105 68920
0.106 68919
0.106 68911
0.107 68905
0.107 68881
0.108 68853
0.109 68852
0.11 68823
0.111 68822
0.112 68818
0.113 68788
0.113 68761
0.116 68727
0.122 68694
0.123 68675
0.124 68669
0.131 68659
0.132 68647
0.134 68643
0.134 68641
0.136 68629
0.194 68601
0.21 68591
0.211 68590
0.211 68551
0.212 68550
0.214 68481
0.214 68476
0.215 68474
0.217 68463
0.282 68444
0.284 68443
0.285 68437
0.369 68428
2.07 68425
2.071 68424
2.082 68361
2.083 68360
2.085 68355
2.086 68352
2.087 68345
8.236 68286
8.238 68241
8.239 68178
8.241 68162
8.242 68111
17.131 68109
17.133 68098
17.134 68097
17.135 68071
17.139 68067
17.14 68040
17.142 68029
27.981 68000
28.045 67992
28.045 67988
28.048 67985
28.048 67974
28.049 67967
28.06 67950
28.063 67906
28.154 67890
28.155 67885
28.16 67883
28.164 67881
28.169 67836
28.171 67832
28.173 67829
36.699 67810
36.7 67800
36.703 67797
36.704 67790
36.707 67786
56.111 67784
56.113 67780
56.774 67777
59.505 67747
59.508 67742
59.508 67734
61.002 67731
61.005 67708
61.014 67664
62.987 67650
62.991 67631
62.992 67580
62.994 67577
69.865 67565
70.108 67562
70.111 67547
70.118 67542
70.12 67540
70.122 67537
70.123 67530
70.129 67525
70.13 67517
72.16 67509
72.174 67505
79.62 67504
79.624 67498
79.624 67495
79.806 67494
82.954 67488
83.404 67475
83.406 67458
83.414 67453
83.426 67446
94.866 67443
94.867 67437
94.887 67436
94.911 67432
94.913 67420
96.416 67405
96.418 67403
96.42 67395
96.42 67392
98.938 67387
98.947 67386
98.948 67383
98.955 67374
98.956 67365
98.972 67356
98.973 67327
98.974 67326
98.978 67310
98.987 67301
98.989 67295
99.411 67279
113.487 67277
113.495 67276
113.497 67272
113.498 67266
113.5 67258
113.505 67253
113.518 67241
113.523 67238
113.524 67235
113.695 67226
113.699 67222
116.681 67213
117.311 67207
117.314 67206
117.314 67193
117.316 67191
122.806 67176
122.812 67164
122.813 67158
122.816 67156
122.844 67142
122.847 67140
122.848 67137
158.35 67135
158.352 67125
158.355 67121
158.361 67120
158.507 67116
160.611 67111
161.044 67110
161.05 67105
161.051 67104
161.051 67096
166.902 67080
167.195 67077
167.204 67074
167.206 67069
167.234 67063
167.763 67060
167.764 67059
167.774 67056
174.512 67053
176.82 67052
176.874 67048
178.402 67038
178.413 67034
178.48 67033
178.706 67026
178.707 67024
178.714 67022
178.731 67021
178.735 67017
178.74 67010
178.741 67007
178.742 66997
180.441 66996
180.445 66993
180.447 66991
180.473 66988
180.478 66979
182.776 66967
182.989 66966
183.014 66963
205.636 66956
205.639 66955
206.699 66952
207.069 66947
207.07 66945
207.083 66941
207.087 66940
207.096 66938
207.377 66937
215.233 66935
215.294 66934
237.591 66925
241.459 66924
241.466 66923
241.514 66922
241.525 66921
241.531 66920
241.558 66919
242.859 66918
242.866 66916
242.895 66914
242.913 66912
242.917 66910
249.635 66909
249.655 66907
249.659 66906
249.66 66905
249.672 66900
249.858 66899
249.859 66898
