0.056 113279
0.057 113273
0.059 113211
0.063 113209
0.064 113206
0.065 113205
0.066 113202
0.066 113192
0.066 113190
0.067 113140
0.067 113133
0.068 113128
0.069 113127
0.07 113125
0.071 113123
0.071 113121
0.075 113094
0.077 113091
0.079 113084
0.079 113062
0.08 113042
0.08 113037
0.083 113027
0.09 112996
0.092 112994
0.093 112988
0.093 112981
0.094 112975
0.094 112973
0.095 112956
0.112 112816
0.115 112814
0.115 112813
0.116 112811
0.125 112805
0.126 112797
0.127 112796
0.144 112771
0.151 112766
0.152 112762
0.154 112759
0.154 112590
0.155 112574
0.155 112572
0.159 112415
0.162 111596
0.163 111594
0.164 111575
0.165 111568
0.173 111322
0.173 111317
0.174 111311
0.174 111289
0.213 110906
0.223 110902
0.225 110901
0.226 110757
0.228 110741
0.23 110734
0.23 110733
0.231 110456
0.232 110452
0.233 110396
0.233 110392
0.234 110387
0.256 110167
0.257 110040
0.262 110019
0.263 110009
0.264 109999
0.269 109947
0.307 109929
0.308 109926
0.309 109914
0.327 109844
0.328 109807
0.329 109779
0.333 109769
0.334 109744
0.335 109725
0.335 109714
0.377 109709
0.377 109708
0.378 109702
0.378 109700
0.38 109698
0.439 109668
0.44 109663
0.442 109545
0.451 109531
0.454 109527
0.456 109502
0.462 109477
0.463 109465
0.465 109461
0.471 109419
0.473 109395
0.477 109388
0.477 109360
0.478 109354
0.505 109343
0.508 109325
0.509 109321
0.543 109287
0.581 109285
0.584 109280
0.585 109259
0.586 109253
0.588 109248
0.59 109225
0.59 109210
0.597 109189
0.6 109150
0.604 109132
0.608 109130
0.609 109124
0.617 109113
0.637 109097
0.646 108986
0.648 108985
0.662 108969
0.663 108968
0.666 108924
0.666 108917
0.667 108913
0.668 108865
0.669 108862
0.669 108843
0.67 108838
0.672 108828
0.678 108819
0.679 108810
0.679 108803
0.68 108791
0.681 108783
0.689 108781
0.711 108645
0.719 108617
0.719 108614
0.721 108611
0.722 108609
0.724 108597
0.726 108580
0.733 108553
0.733 108479
0.734 108476
0.736 108473
0.737 108460
0.737 108457
0.737 108452
0.739 108359
0.741 108355
0.741 108350
0.744 108348
0.746 108332
0.747 108328
0.75 108326
0.751 108325
0.751 108324
0.752 108234
0.754 108203
0.755 108202
0.756 108201
0.758 108198
0.768 108187
0.769 108179
0.771 108135
0.801 108130
0.801 108086
0.802 108064
0.804 108032
0.806 108018
0.809 107920
1.101 107873
1.102 107871
1.104 107869
1.184 107860
1.186 107857
1.187 107842
1.189 107840
1.189 107827
1.201 107797
1.203 107772
1.204 107738
1.206 107732
1.213 107662
1.214 107654
1.214 107599
1.216 107587
1.216 107578
1.217 107554
1.224 107543
1.226 107542
1.23 107541
1.232 107537
1.233 107531
1.235 107529
1.235 107521
1.235 107514
1.661 107461
1.662 107460
1.663 107458
1.664 107457
1.664 107455
1.665 107437
1.666 107394
1.691 107381
1.692 107375
1.694 107338
1.695 107323
1.696 107315
1.701 107306
1.702 107295
1.753 107177
1.754 107173
1.757 107156
1.759 107148
1.773 107131
1.778 107126
1.78 107115
1.781 107103
1.783 107095
1.783 107088
1.785 107067
1.786 107023
1.788 107015
1.928 107014
1.937 106966
1.941 106948
1.943 106931
1.944 106920
1.945 106906
1.945 106874
1.951 106852
1.952 106830
1.954 106828
1.954 106824
1.964 106819
1.973 106797
1.977 106794
1.983 106780
1.984 106773
1.984 106772
1.986 106606
1.987 106586
1.988 106581
1.99 106555
2.053 106527
2.054 106516
2.144 106501
2.285 106491
2.286 106488
2.29 106482
2.29 106479
2.291 106453
2.292 106439
2.293 106436
2.294 106434
2.296 106426
2.299 106425
2.3 106417
2.308 106375
2.31 106335
2.313 106334
2.325 106318
2.77 106297
3.74 106285
3.74 106281
4.431 106243
4.433 106242
4.448 106220
4.449 106219
4.45 106217
4.47 106215
4.496 106199
4.497 106181
4.497 106166
4.498 106157
4.499 106142
4.5 106107
4.671 106094
4.673 106070
4.675 106065
4.676 106049
4.678 106047
4.679 106027
4.679 106024
4.68 106004
10.902 105983
10.903 105980
10.904 105975
10.905 105974
10.906 105957
10.909 105949
11.007 105946
12.036 105944
12.037 105933
12.038 105922
12.038 105893
12.039 105889
12.041 105888
12.044 105837
12.044 105825
12.048 105812
12.049 105811
12.049 105809
12.681 105797
12.682 105796
12.684 105780
17.42 105778
17.421 105769
17.43 105757
17.431 105730
17.498 105721
17.498 105715
17.499 105713
17.569 105675
17.569 105673
18.337 105660
18.339 105652
19.122 105649
19.127 105648
19.128 105631
19.763 105599
19.763 105591
31.287 105587
31.652 105563
31.653 105562
31.654 105557
31.665 105556
31.668 105526
31.669 105525
31.67 105521
31.678 105513
31.679 105512
31.68 105456
32.474 105425
32.475 105422
32.476 105407
32.478 105405
32.48 105398
32.482 105392
32.484 105385
32.485 105380
32.487 105361
32.488 105357
32.491 105353
32.492 105351
32.495 105333
57.574 105320
57.906 105313
57.94 105310
57.941 105306
57.942 105296
57.955 105291
57.955 105279
57.96 105272
58.402 105265
59.876 105264
59.877 105256
59.88 105250
59.881 105248
60.693 105214
60.694 105213
60.745 105199
73.19 105198
73.195 105181
76.148 105179
76.149 105167
76.154 105163
76.156 105158
76.157 105156
84.485 105152
92.495 105149
92.495 105146
92.648 105140
92.65 105134
92.656 105128
108.145 105123
108.146 105119
108.149 105115
108.152 105103
108.153 105099
109.387 105092
109.404 105089
109.443 105076
109.445 105074
109.446 105061
109.448 105057
109.48 105051
109.926 105050
109.93 105045
109.931 105039
109.932 105037
111.369 105036
111.37 105035
111.376 105030
111.377 105022
111.38 105020
111.383 105011
111.384 105010
111.39 105008
117.316 105007
117.317 104992
127.317 104989
127.323 104980
127.323 104971
127.334 104969
127.337 104966
127.341 104963
127.356 104960
127.36 104949
127.361 104946
131.979 104942
131.982 104940
131.983 104936
132.251 104935
132.283 104929
142.702 104926
152.044 104925
152.073 104914
152.103 104913
152.104 104907
156.161 104904
156.167 104897
156.174 104894
156.174 104887
156.553 104872
176.92 104871
179.621 104857
181.194 104835
181.196 104834
181.199 104826
192.081 104816
192.184 104811
192.791 104809
193.855 104806
193.856 104805
193.859 104804
193.861 104803
198.828 104800
198.968 104793
212.135 104791
212.341 104785
212.352 104784
212.358 104780
228.469 104778
228.634 104776
228.987 104775
229.001 104774
229.002 104771
229.636 104770
229.645 104765
229.648 104763
229.663 104761
229.672 104757
232.105 104754
232.196 104750
244.443 104749
244.448 104748
244.466 104746
246.015 104745
246.019 104744
247.23 104741
247.243 104739
247.267 104738
249.259 104737
