0.056 70039
0.057 70007
0.058 70000
0.058 69996
0.058 69951
0.059 69944
0.059 69898
0.06 69864
0.06 69826
0.064 69791
0.065 69673
0.065 69672
0.066 69625
0.068 69589
0.068 69574
0.069 69543
0.069 69538
0.07 69521
0.071 69498
0.071 69490
0.072 69480
0.073 69475
0.074 69395
0.075 69394
0.075 69392
0.075 69360
0.076 69328
0.078 69287
0.08 69275
0.081 69259
0.082 69186
0.083 69173
0.085 69171
0.085 69170
0.086 69136
0.088 69109
0.09 69108
0.092 69106
0.092 69101
0.098 69028
0.099 69019
0.12 69016
0.122 69015
0.122 69001
0.124 68997
0.126 68996
0.131 68983
0.132 68967
0.133 68953
0.137 68943
0.146 68928
0.149 68914
0.149 68898
0.208 68893
0.209 68886
0.209 68843
0.21 68803
0.211 68786
0.239 68781
0.24 68778
0.242 68759
0.248 68736
0.389 68735
0.51 68638
0.511 68625
0.511 68612
0.512 68603
0.513 68526
0.513 68525
0.519 68478
0.52 68455
0.521 68447
0.521 68410
0.523 68400
0.524 68389
0.528 68385
2.711 68378
2.714 68370
2.715 68368
2.716 68362
2.719 68356
2.721 68332
2.722 68323
2.723 68320
2.729 68312
2.73 68299
3.81 68292
3.825 68282
3.83 68246
3.832 68244
3.912 68175
10.759 68148
10.762 68146
10.765 68125
10.766 68122
10.775 68121
10.777 68112
10.778 68101
10.78 68100
11.066 68090
11.067 68089
12.547 68087
12.547 68066
12.55 68052
18.73 68040
18.734 68038
18.735 68022
18.736 68008
18.74 67990
19.052 67980
19.166 67978
19.178 67975
19.179 67959
19.179 67943
19.181 67927
19.183 67922
19.184 67919
19.184 67916
19.185 67888
19.188 67877
19.191 67873
19.191 67848
19.197 67838
35.147 67829
35.149 67814
35.151 67801
35.152 67795
35.153 67784
43.64 67715
56.452 67707
62.893 67679
62.965 67675
62.967 67667
62.968 67645
62.972 67605
62.974 67599
63.289 67594
63.296 67581
63.297 67573
72.241 67560
72.246 67541
72.249 67535
72.25 67532
72.251 67515
72.252 67509
72.253 67499
74.277 67462
74.292 67455
77.357 67435
89.476 67432
89.477 67421
93.753 67415
93.754 67394
94.46 67390
97.812 67389
97.813 67386
97.829 67378
97.831 67376
99.022 67366
99.037 67365
99.039 67364
99.44 67360
99.441 67348
99.444 67339
99.446 67326
101.28 67320
101.358 67319
101.426 67315
108.144 67312
108.147 67308
108.157 67301
108.158 67297
108.161 67295
108.164 67279
108.201 67274
108.202 67262
108.203 67255
108.205 67254
108.393 67239
108.395 67237
108.504 67231
108.507 67227
108.508 67221
111.16 67215
111.169 67212
132.215 67210
132.217 67198
132.218 67192
132.219 67187
132.325 67181
132.336 67178
132.337 67165
132.339 67161
132.347 67158
132.349 67147
138.086 67132
157.648 67131
157.658 67125
157.659 67121
157.71 67117
157.71 67113
166.061 67108
166.069 67099
166.075 67098
166.078 67095
166.107 67094
170.769 67092
172.359 67086
172.36 67084
172.368 67082
172.369 67079
172.388 67078
172.391 67069
172.395 67068
172.712 67065
172.72 67062
172.746 67055
172.752 67053
172.764 67050
182.225 67048
182.232 67044
182.232 67042
182.237 67040
184.043 67037
184.057 67035
184.091 67031
184.098 67028
184.104 67018
184.109 67015
184.131 67013
184.132 67012
184.136 67011
184.14 67010
184.173 67009
187.034 67004
187.038 67001
187.053 66997
187.054 66995
208.575 66994
208.706 66993
210.504 66987
210.687 66979
210.718 66973
210.723 66971
250.138 66966
250.173 66965
250.183 66961
250.193 66959
