0.056 70035
0.057 69966
0.058 69901
0.058 69896
0.059 69869
0.06 69823
0.06 69816
0.06 69754
0.061 69736
0.061 69730
0.063 69660
0.063 69629
0.063 69627
0.065 69593
0.066 69582
0.066 69573
0.067 69536
0.067 69522
0.068 69398
0.069 69336
0.07 69266
0.071 69264
0.071 69263
0.072 69243
0.072 69209
0.073 69190
0.073 69180
0.073 69176
0.074 69159
0.075 69155
0.076 69151
0.076 69147
0.076 69130
0.078 69058
0.08 69013
0.08 69012
0.081 69005
0.084 68988
0.084 68982
0.084 68969
0.085 68967
0.086 68960
0.086 68939
0.088 68928
0.095 68926
0.123 68897
0.124 68875
0.127 68858
0.129 68857
0.129 68854
0.131 68817
0.132 68794
0.133 68783
0.133 68780
0.134 68758
0.184 68751
0.192 68727
0.214 68705
0.214 68692
0.215 68674
0.241 68612
0.242 68603
0.255 68593
0.256 68592
0.333 68568
0.333 68557
0.334 68530
0.344 68512
0.347 68459
0.349 68453
0.351 68450
0.357 68376
0.358 68355
0.359 68343
0.36 68335
0.361 68316
0.361 68307
0.362 68290
0.364 68276
0.365 68272
0.365 68271
0.366 68266
0.368 68259
6.909 68229
8.954 68221
8.955 68209
8.977 68181
8.977 68178
8.979 68166
8.981 68159
8.982 68113
8.983 68095
9.008 68052
9.008 68048
9.012 68034
21.636 68033
21.636 68027
23.046 68002
23.051 67974
23.055 67970
23.056 67967
28.236 67966
28.907 67930
31.318 67914
31.386 67903
31.388 67884
36.201 67881
36.23 67867
47.132 67849
47.132 67826
47.135 67824
47.135 67817
47.136 67808
49.457 67803
55.98 67793
55.993 67774
55.994 67741
58.199 67729
58.21 67725
58.22 67723
58.222 67720
58.675 67719
58.675 67717
58.738 67714
58.994 67709
58.996 67705
59.001 67666
59.003 67661
59.005 67653
59.006 67649
59.007 67648
59.009 67646
59.012 67642
59.016 67636
59.021 67620
75.108 67606
83.95 67605
83.951 67604
93.559 67603
93.56 67595
95.089 67594
95.091 67565
95.093 67555
95.324 67552
95.646 67551
95.646 67542
96.208 67539
96.213 67534
96.214 67531
96.215 67519
97.833 67513
97.843 67502
99.069 67483
99.076 67470
99.077 67451
99.099 67416
105.491 67412
105.518 67411
105.531 67402
105.533 67398
105.534 67394
105.538 67392
105.539 67390
105.607 67388
105.609 67384
105.611 67378
105.615 67358
109.658 67350
109.667 67332
122.175 67328
122.176 67322
122.178 67305
122.237 67295
122.238 67288
122.274 67287
122.451 67276
134.464 67274
134.469 67266
134.47 67265
138.473 67263
138.474 67256
138.482 67254
139.819 67253
139.832 67250
139.833 67240
139.836 67232
139.838 67231
139.862 67228
139.867 67224
141.178 67197
141.179 67192
143.618 67183
143.619 67182
144.611 67165
144.611 67160
144.613 67155
144.619 67153
144.622 67147
162.987 67146
162.987 67145
163.011 67141
163.014 67140
163.015 67136
163.019 67133
163.022 67131
163.213 67129
163.215 67128
169.57 67125
169.576 67124
169.593 67118
173.57 67116
173.571 67114
173.585 67097
173.586 67094
174.327 67091
174.366 67087
174.461 67077
174.474 67067
174.475 67064
174.486 67063
174.992 67062
174.993 67060
174.994 67058
175 67056
175.001 67054
175.07 67053
175.575 67046
178.611 67044
178.619 67038
178.626 67035
178.651 67033
178.654 67031
181.575 67028
181.597 67025
181.601 67023
185.149 67022
185.15 67012
185.647 67006
199.316 67003
199.328 67000
199.378 66998
199.391 66997
199.393 66994
199.397 66990
199.399 66989
238.397 66988
239.056 66985
239.123 66983
239.155 66976
239.844 66973
239.846 66971
239.852 66970
240.99 66969
241.06 66964
241.7 66963
241.858 66961
241.866 66954
250.636 66952
250.646 66951
251.611 66950
251.616 66949
251.761 66947
251.775 66945
251.778 66944
251.813 66941
255.732 66940
255.752 66938
255.758 66937
255.836 66934
255.836 66933
