4.322 240138
4.323 240129
4.326 240009
4.327 239886
4.329 239847
4.331 239736
4.332 239727
4.334 239708
4.336 239671
4.337 239665
4.339 239661
4.341 239635
4.342 239626
4.344 239621
4.345 239615
4.346 239614
4.348 239556
4.351 239555
4.352 239529
4.353 239510
4.356 239508
4.357 239413
4.358 239411
4.361 239409
4.362 239396
4.364 239350
4.365 239204
4.367 239174
4.368 239173
4.37 239156
4.371 239125
4.372 239124
4.374 239075
4.377 239040
4.378 239039
4.38 239036
4.382 239006
4.383 238886
4.385 238845
4.387 238822
4.389 238814
4.391 238775
4.394 238740
4.396 238620
4.398 238617
4.4 238611
4.401 238610
4.402 238606
4.404 238598
4.407 238551
4.409 238321
4.411 238318
4.412 238314
4.414 238304
4.416 238289
4.417 238265
4.419 238255
4.42 238249
4.422 238177
4.424 238144
4.425 238043
4.427 238036
4.428 238029
4.429 238013
4.431 237994
4.433 237902
4.434 237901
4.436 237891
4.437 237883
4.439 237881
4.441 237877
4.444 237851
4.445 237839
4.447 237829
4.45 237816
4.453 237812
4.455 237778
4.457 237725
4.46 237677
4.461 237675
4.464 237623
4.465 237622
4.468 237537
4.469 237533
4.47 237507
4.473 237377
4.477 237330
4.479 237326
4.481 237322
4.483 237296
4.484 237294
4.487 237293
4.492 237242
4.493 237223
4.498 237206
4.5 237200
4.504 237104
4.505 237096
4.508 237087
4.509 237072
4.511 236939
4.514 236910
4.515 236825
4.518 236821
4.519 236800
4.52 236790
4.522 236785
4.527 236775
4.531 236533
4.535 236529
4.537 236502
4.539 236475
4.542 236468
4.546 236464
4.547 236450
4.549 236416
4.551 236361
4.553 236338
4.554 236307
4.558 236298
4.56 236226
4.561 236074
4.566 236060
4.57 236054
4.572 236045
4.578 236043
4.581 236040
4.584 236028
4.585 236022
4.587 236011
4.589 235990
4.593 235957
4.595 235956
4.596 235936
4.6 235931
4.602 235916
4.603 235905
4.605 235872
4.606 235870
4.624 235863
4.625 235847
4.627 235846
4.633 235510
4.636 235505
4.638 235491
4.639 235484
4.641 235470
4.645 235468
4.646 235467
4.66 235463
4.669 235230
4.671 235229
4.672 235216
4.674 235215
4.675 235200
4.678 235199
4.68 235188
4.682 235187
4.686 235123
4.688 235120
4.689 235083
4.691 235082
4.692 235060
4.694 235002
4.696 234999
4.697 234997
4.7 234989
4.705 234988
4.706 234958
4.71 234929
4.714 234928
4.717 234925
4.718 234923
4.72 234920
4.723 234916
4.724 234895
4.729 234891
4.732 234885
4.733 234868
4.735 234865
4.738 234829
4.739 234825
4.743 234824
4.744 234822
4.746 234795
4.749 234790
4.751 234785
4.755 234782
4.758 234779
4.761 234776
4.763 234771
4.766 234768
4.767 234762
4.785 234756
4.811 234750
4.814 234718
4.816 234712
4.817 234703
4.819 234699
4.82 234694
4.821 234663
4.826 234653
4.834 234646
4.836 234643
4.839 234636
4.841 234612
4.843 234558
4.845 234555
4.847 234528
4.848 234523
4.852 234514
4.858 234512
4.864 234495
4.865 234490
4.883 234483
4.889 234481
4.891 234468
4.911 234459
4.912 234457
4.913 234446
4.917 234437
4.922 234436
4.941 234402
4.943 234310
4.968 234308
4.972 234305
4.974 234294
4.978 234292
4.981 234262
5.009 234255
5.015 234251
5.018 234244
5.021 234232
5.166 234228
5.169 234226
5.17 234223
5.173 234212
5.184 234189
5.187 234187
5.208 234171
5.21 234159
5.211 234158
5.213 234045
5.22 234044
5.223 234043
5.225 233957
5.241 233956
5.244 233948
5.257 233946
5.264 233942
5.268 233924
5.272 233916
5.278 233914
5.282 233908
5.283 233903
5.286 233897
5.332 233888
5.335 233848
5.338 233834
5.369 233813
5.374 233789
5.387 233776
5.389 233726
5.394 233725
5.407 233712
5.41 233696
5.415 233690
5.416 233685
5.418 233679
5.42 233678
5.423 233672
5.426 233651
5.428 233647
5.429 233646
5.434 233642
5.437 233634
5.539 233609
5.542 233607
5.551 233605
5.83 233601
5.86 233583
5.867 233581
5.87 233566
5.875 233557
5.879 233548
5.881 233545
5.884 233522
5.887 233514
5.899 233505
6.059 233502
6.099 233490
6.104 233487
6.366 233485
6.377 233479
6.379 233450
6.38 233445
6.383 233425
6.386 233424
6.395 233403
6.399 233390
6.406 233387
6.409 233385
6.413 233384
6.415 233383
6.417 233368
6.42 233365
6.421 233361
6.423 233353
6.424 233352
6.428 233302
6.43 233288
6.433 233287
6.436 233277
6.457 233264
6.465 233261
6.474 233245
6.476 233238
6.479 233196
6.482 233182
6.484 233172
6.486 233161
6.488 233111
6.492 233109
6.496 233108
6.497 233098
6.589 233097
6.593 233096
6.603 233093
6.605 233084
6.608 233082
6.615 233068
6.619 233065
6.622 233063
6.628 233062
6.634 233051
6.638 233039
6.641 233036
6.643 233030
6.646 233027
6.67 233013
6.676 232973
6.678 232968
6.682 232966
6.684 232938
6.692 232890
6.841 232858
6.852 232854
6.853 232814
6.857 232805
6.889 232804
6.911 232797
6.916 232792
6.92 232788
6.922 232785
6.955 232776
6.958 232775
6.96 232769
6.961 232767
6.995 232766
7.012 232764
7.021 232751
7.04 232692
7.058 232689
7.738 232682
7.74 232681
7.742 232680
7.743 232670
7.748 232641
7.75 232637
7.752 232610
7.754 232603
7.762 232598
7.764 232592
7.768 232541
7.775 232539
7.778 232532
7.782 232520
7.783 232517
7.791 232501
7.803 232500
7.812 232490
7.814 232486
7.821 232483
7.823 232476
7.825 232475
7.827 232474
7.831 232458
7.834 232456
7.843 232450
7.854 232440
7.862 232439
8.979 232411
8.98 232410
9.004 232298
9.005 232270
9.009 232178
9.012 232167
9.015 232153
9.018 232145
9.019 232127
9.021 232108
9.023 232095
9.047 232087
9.066 232076
9.074 232049
9.077 232038
9.08 231993
9.093 231974
9.096 231972
9.098 231964
9.1 231961
9.112 231954
9.117 231929
9.12 231926
9.126 231922
9.128 231917
9.13 231916
9.131 231914
9.136 231909
9.137 231899
9.139 231856
9.14 231850
9.142 231841
9.143 231838
9.148 231834
9.158 231803
9.163 231768
9.188 231764
9.195 231733
9.212 231654
9.225 231646
9.228 231633
9.231 231618
9.292 231610
9.3 231606
9.306 231605
9.309 231526
9.311 231516
9.312 231506
9.314 231499
9.321 231497
9.323 231495
9.325 231477
9.326 231462
9.328 231459
9.331 231457
9.334 231452
9.762 231450
9.796 231445
9.797 231444
9.801 231438
9.812 231422
9.891 231391
9.893 231377
9.894 231373
9.901 231370
9.902 231368
9.912 231363
9.915 231349
10.559 231334
10.561 231333
10.563 231332
10.564 231310
10.566 231296
10.605 231293
10.608 231284
10.609 231277
10.759 231272
10.764 231254
10.771 231247
10.774 231242
10.78 231225
10.793 231224
10.795 231219
10.8 231211
10.804 231207
11.072 231205
11.075 231203
11.077 231171
11.113 231167
11.115 231146
11.119 231142
11.121 231130
11.124 231125
11.13 231107
11.131 231096
11.136 231085
11.139 231061
11.142 231057
11.144 231051
11.146 231039
11.149 231026
11.158 231022
11.159 231020
11.162 231016
11.164 231009
11.19 230998
11.193 230977
11.198 230976
11.207 230975
11.252 230974
11.254 230964
11.333 230941
11.351 230913
11.355 230879
11.394 230875
11.398 230872
11.437 230833
11.44 230816
11.496 230800
11.497 230792
11.498 230789
11.501 230767
11.502 230739
11.505 230719
11.55 230716
11.553 230707
11.554 230706
11.557 230697
11.633 230694
11.634 230684
11.637 230682
11.64 230677
11.643 230663
11.644 230653
11.672 230651
11.675 230648
11.679 230647
11.682 230645
11.686 230610
11.688 230600
11.691 230599
11.696 230598
11.697 230596
14.904 230536
14.906 230505
14.919 230504
15.097 230463
15.118 230449
15.12 230443
15.125 230431
15.127 230425
15.129 230419
15.13 230417
15.137 230402
15.141 230379
15.143 230378
15.149 230368
15.152 230365
15.154 230364
15.156 230338
15.159 230336
15.161 230330
15.181 230323
15.184 230314
15.2 230306
15.202 230285
15.206 230269
15.208 230266
15.276 230262
15.279 230259
15.282 230254
15.314 230237
15.316 230230
15.321 230213
15.324 230206
15.326 230202
15.342 230194
15.437 230184
15.439 230178
15.441 230150
15.444 230149
15.446 230130
15.447 230126
15.451 230123
15.461 230115
15.506 230112
15.508 230108
15.516 230103
15.521 230101
15.598 230100
15.6 230098
15.602 230038
15.604 230008
15.605 229983
15.607 229979
15.638 229964
15.763 229952
15.765 229945
15.77 229937
15.773 229928
15.774 229919
15.783 229916
15.791 229893
15.793 229883
15.802 229882
15.804 229881
15.805 229880
15.81 229877
15.815 229870
15.825 229862
15.831 229860
15.845 229830
15.869 229823
15.88 229813
15.882 229792
15.885 229729
15.902 229721
15.904 229705
15.907 229680
15.909 229679
15.91 229675
15.912 229666
15.915 229662
15.917 229652
15.931 229647
15.935 229591
15.937 229586
15.941 229583
15.944 229581
15.951 229575
15.974 229572
15.979 229547
15.991 229545
16 229535
16.07 229534
16.372 229507
16.381 229504
16.888 229492
16.892 229482
16.899 229477
16.972 229470
16.974 229464
16.975 229454
16.977 229434
16.978 229412
16.98 229398
16.981 229357
17.068 229298
17.156 229293
17.159 229273
17.164 229267
17.167 229251
17.17 229239
17.171 229236
17.175 229219
17.197 229218
17.199 229215
17.201 229211
17.204 229156
17.206 229154
17.214 229147
17.408 229145
17.411 229116
17.413 229112
17.417 229102
17.419 229093
17.42 229084
17.425 229079
17.427 229075
17.44 229068
17.442 229046
17.444 229041
17.45 229037
17.452 229029
17.463 229021
17.473 229009
17.476 229005
17.479 229003
17.497 228993
17.499 228988
17.501 228959
17.502 228956
17.515 228954
17.517 228941
17.522 228935
17.526 228930
17.53 228909
17.532 228894
17.545 228889
17.548 228881
17.551 228879
17.56 228873
17.636 228872
17.641 228858
17.644 228833
17.647 228824
17.649 228823
17.651 228821
17.688 228806
17.691 228796
17.693 228789
17.72 228759
17.721 228740
17.723 228739
17.725 228738
17.729 228713
17.731 228706
17.749 228705
17.751 228688
17.754 228680
17.756 228673
17.76 228649
17.769 228640
17.967 228629
17.97 228625
17.973 228615
17.976 228609
17.982 228584
17.989 228576
17.992 228567
18.007 228566
18.01 228562
24.805 228558
24.806 228533
24.809 228496
24.813 228486
24.814 228461
24.819 228460
24.82 228458
24.946 228447
24.979 228440
24.982 228432
24.984 228429
24.985 228424
25.224 228421
25.23 228404
25.232 228370
25.233 228369
25.24 228368
25.269 228361
25.273 228352
25.275 228351
25.276 228349
25.279 228339
25.283 228335
25.286 228325
26.431 228324
26.436 228319
26.439 228316
26.462 228314
26.463 228294
26.467 228258
26.469 228231
26.483 228196
26.485 228189
26.488 228158
26.49 228145
26.755 228143
26.78 228130
26.867 228127
26.893 228118
26.897 228099
26.901 228098
26.934 228084
26.935 228031
26.937 228029
26.95 228017
26.954 227997
26.957 227976
26.961 227968
26.965 227959
27.061 227956
27.062 227949
27.067 227942
27.071 227941
27.08 227904
27.082 227897
27.083 227879
27.086 227877
27.09 227817
27.667 227778
27.67 227764
27.672 227762
27.715 227754
27.716 227748
27.718 227704
27.722 227680
27.727 227677
27.731 227676
27.733 227660
32.007 227641
32.046 227629
32.052 227628
32.189 227623
32.19 227622
32.192 227620
32.687 227619
32.688 227614
32.692 227591
33.312 227568
33.315 227565
33.316 227559
33.318 227554
33.319 227547
33.4 227537
33.529 227534
33.531 227526
33.549 227492
33.55 227486
33.556 227485
33.559 227482
33.561 227471
33.565 227463
33.584 227447
33.62 227444
33.623 227430
33.625 227366
33.63 227351
33.639 227346
33.659 227288
33.661 227272
33.663 227265
36.673 227260
36.676 227250
36.684 227249
36.695 227229
36.699 227212
36.701 227175
39.399 227157
39.405 227149
39.407 227144
39.409 227119
39.411 227105
39.417 227092
39.421 227064
39.425 227061
39.427 227055
39.428 226985
41.767 226913
41.772 226898
41.776 226865
41.795 226863
41.814 226855
41.837 226850
41.839 226846
41.841 226838
41.843 226809
41.874 226807
41.899 226803
41.909 226801
41.913 226754
41.949 226735
41.952 226715
41.975 226712
41.977 226709
41.979 226699
41.982 226695
41.984 226666
41.986 226663
41.989 226658
41.993 226645
42.005 226629
42.007 226597
42.017 226566
42.062 226563
42.065 226560
42.067 226559
42.071 226539
42.074 226530
42.08 226528
42.081 226512
42.083 226462
42.126 226458
42.129 226454
42.131 226446
42.134 226418
42.155 226416
48.986 226388
48.987 226380
48.99 226364
48.995 226324
48.998 226322
49.001 226317
49.004 226275
49.009 226263
49.013 226261
49.029 226228
49.036 226226
49.037 226217
49.04 226211
49.057 226209
49.061 226204
49.063 226173
49.068 226159
49.078 226158
49.081 226153
49.083 226146
49.085 226119
49.086 226114
49.088 226103
49.105 226102
49.197 226096
49.208 226074
53.78 226072
53.781 226063
53.784 226037
53.787 225986
53.791 225979
53.824 225972
53.826 225969
53.83 225956
53.834 225939
53.837 225938
53.839 225936
53.84 225925
53.842 225914
53.849 225911
53.852 225900
53.853 225889
53.855 225849
53.856 225848
53.858 225838
53.861 225809
53.868 225796
53.87 225775
53.873 225757
53.875 225746
53.879 225717
53.917 225708
58.93 225691
58.974 225683
58.975 225677
63.428 225662
63.433 225660
63.434 225659
63.438 225653
63.44 225640
63.449 225622
63.45 225618
63.456 225609
63.461 225604
63.462 225603
63.476 225596
63.478 225592
63.481 225579
63.482 225577
64.796 225557
64.799 225542
64.8 225541
67.478 225537
67.503 225531
67.504 225522
67.512 225520
67.517 225506
67.518 225489
67.525 225484
67.54 225467
67.541 225442
67.644 225433
67.647 225429
67.779 225405
67.793 225392
67.798 225388
67.8 225374
67.802 225365
67.808 225355
67.811 225347
67.827 225344
67.829 225343
67.833 225329
67.834 225326
67.884 225316
67.977 225315
67.985 225269
67.988 225268
67.991 225254
67.994 225225
67.996 225223
67.999 225212
68.001 225202
68.011 225199
68.013 225184
68.016 225174
68.019 225162
68.024 225153
68.1 225121
68.171 225117
68.179 225089
68.181 225084
68.185 225081
68.196 225070
68.198 225052
68.201 225022
68.204 225010
68.208 224994
68.212 224989
68.214 224984
84.008 224982
84.018 224979
84.027 224969
84.029 224948
84.03 224946
84.036 224940
84.042 224927
84.047 224925
84.115 224918
84.121 224911
84.125 224903
94.949 224893
94.951 224890
94.966 224886
94.968 224882
94.989 224880
94.991 224870
94.995 224861
96.892 224860
96.894 224857
96.896 224847
96.906 224843
96.915 224842
96.927 224828
96.932 224821
96.939 224814
96.941 224813
96.942 224804
96.959 224777
96.962 224754
96.966 224748
96.968 224743
96.976 224742
96.977 224730
96.982 224723
96.983 224709
97.007 224695
97.014 224688
97.023 224687
97.028 224645
97.139 224641
97.141 224620
97.142 224614
97.144 224597
97.146 224594
97.15 224586
97.187 224578
97.189 224542
97.201 224520
97.207 224497
97.209 224494
97.248 224468
97.249 224466
97.257 224461
97.259 224456
97.26 224432
101.943 224422
101.944 224419
101.948 224416
101.95 224410
101.956 224409
101.957 224394
101.961 224392
101.963 224382
101.967 224378
101.97 224374
101.971 224361
101.978 224348
101.999 224321
102.001 224318
102.002 224300
102.034 224289
102.036 224288
102.038 224280
102.039 224267
102.041 224260
102.042 224257
102.044 224251
102.049 224247
102.076 224246
102.409 224234
102.412 224233
102.416 224231
102.421 224226
102.522 224219
102.654 224207
102.658 224196
102.66 224192
102.661 224191
102.689 224180
102.721 224176
102.728 224174
102.736 224171
102.742 224166
102.744 224160
102.754 224157
102.759 224145
102.761 224139
102.763 224123
102.769 224121
102.784 224098
102.798 224090
102.829 224042
102.831 224027
102.84 223997
102.842 223984
102.844 223977
102.846 223976
102.873 223964
102.876 223958
102.88 223957
102.957 223953
102.959 223946
103.283 223945
103.285 223942
103.297 223916
103.298 223911
103.304 223905
103.305 223896
103.314 223889
114.56 223886
114.564 223880
114.569 223851
114.571 223838
114.574 223837
114.579 223831
114.58 223811
114.588 223808
114.671 223797
114.688 223782
114.694 223774
114.696 223772
114.7 223753
114.701 223739
114.705 223721
114.71 223717
114.713 223712
114.773 223693
114.775 223689
114.778 223677
114.782 223673
114.784 223660
114.786 223655
114.791 223645
114.796 223637
140.021 223628
140.027 223614
140.062 223598
140.064 223583
140.127 223582
140.469 223581
140.474 223540
140.501 223525
140.506 223498
140.828 223481
140.83 223468
140.832 223458
140.834 223456
140.854 223453
149.223 223444
149.225 223441
149.228 223431
149.23 223430
149.233 223425
149.235 223424
149.237 223423
149.297 223419
149.299 223418
150.209 223417
150.351 223414
150.352 223407
150.359 223405
150.361 223403
150.364 223365
150.406 223359
150.41 223337
160.265 223335
160.271 223331
160.275 223306
160.282 223296
160.285 223283
160.296 223281
160.301 223261
160.303 223253
160.305 223252
160.308 223247
161.738 223234
161.743 223228
161.747 223226
161.802 223211
164.615 223207
164.617 223197
164.623 223196
164.628 223195
164.632 223181
164.654 223176
164.656 223159
164.658 223158
164.66 223157
164.668 223156
164.673 223150
165.048 223146
165.059 223128
165.094 223117
165.136 223111
170.217 223094
170.219 223091
170.223 223082
170.228 223080
170.234 223078
170.239 223075
170.243 223073
170.567 223065
170.571 223062
170.574 223056
171.519 223048
171.523 223033
171.525 223029
171.531 223025
171.549 223018
171.554 222999
171.558 222995
171.559 222991
171.567 222982
171.726 222977
171.73 222971
171.735 222964
171.747 222942
171.754 222935
171.756 222912
171.764 222908
171.767 222899
171.769 222884
171.772 222880
171.782 222874
171.791 222873
171.798 222865
174.654 222854
174.656 222853
174.657 222836
174.697 222835
174.701 222807
174.703 222800
174.706 222798
174.715 222797
174.719 222792
174.757 222785
174.769 222766
174.77 222758
174.804 222754
174.818 222742
174.85 222735
174.852 222716
174.879 222707
174.883 222704
174.884 222681
174.891 222675
174.898 222672
175.885 222671
177.4 222669
177.568 222667
177.675 222652
179.384 222647
179.386 222646
179.391 222640
179.394 222636
179.396 222635
179.398 222633
179.405 222631
179.407 222619
179.409 222605
180.682 222604
180.685 222601
180.688 222599
180.69 222598
180.713 222589
180.714 222582
180.716 222577
180.718 222563
180.726 222560
180.73 222558
181.118 222539
181.121 222537
181.146 222526
181.153 222515
181.155 222512
181.158 222503
181.16 222501
181.163 222492
181.173 222491
194.827 222486
195.05 222478
195.869 222475
195.909 222473
196.292 222471
196.293 222469
196.36 222464
197.651 222463
197.768 222456
197.779 222452
197.787 222450
197.789 222444
197.791 222432
197.792 222428
197.794 222416
197.795 222413
197.797 222412
197.8 222401
197.802 222398
197.821 222394
198.135 222393
198.868 222392
198.872 222383
198.878 222378
199.002 222368
199.003 222344
199.005 222328
199.01 222325
199.018 222309
199.027 222307
199.031 222306
199.035 222302
199.048 222290
199.051 222277
199.053 222272
199.055 222243
199.057 222230
199.064 222229
199.072 222214
199.081 222211
199.085 222184
199.094 222183
199.154 222182
199.224 222177
199.229 222176
199.23 222161
199.236 222159
199.238 222153
199.244 222148
199.246 222135
199.253 222131
199.261 222127
199.263 222126
199.271 222121
199.274 222116
199.276 222113
199.278 222111
199.28 222105
199.284 222104
199.338 222092
199.34 222085
199.355 222083
199.368 222066
199.384 222055
199.388 222050
199.465 222045
199.468 222041
199.48 222036
199.511 222025
199.517 222014
199.526 222007
199.529 222006
199.579 222002
199.583 221995
199.593 221993
199.596 221990
199.6 221979
199.603 221964
199.606 221962
199.622 221944
199.668 221941
199.694 221940
199.698 221936
199.708 221927
199.717 221921
199.723 221902
199.729 221898
199.731 221897
199.733 221881
199.735 221878
199.744 221876
200.167 221870
200.171 221865
200.176 221856
200.182 221853
200.196 221847
200.209 221822
200.212 221816
206.647 221815
209.964 221813
209.969 221810
209.975 221804
209.982 221802
209.986 221799
209.992 221792
209.995 221791
210.005 221788
210.047 221787
210.051 221786
210.076 221785
210.576 221777
210.678 221757
217.224 221755
217.299 221744
217.323 221743
217.342 221739
217.349 221736
217.354 221726
217.356 221723
217.357 221704
217.366 221702
217.375 221694
217.389 221687
217.411 221685
217.415 221683
217.417 221668
217.627 221664
217.631 221662
217.633 221659
217.635 221656
217.639 221636
218.512 221635
218.516 221634
218.529 221632
218.534 221631
218.539 221625
218.544 221620
224.445 221619
224.451 221618
233.607 221610
234.303 221606
234.305 221602
234.307 221600
234.31 221586
234.322 221581
234.326 221567
234.402 221562
234.425 221561
234.426 221558
234.445 221554
234.447 221553
234.468 221552
234.47 221551
234.552 221550
235.206 221542
235.213 221526
235.232 221525
235.261 221513
235.56 221508
235.57 221507
235.573 221500
235.717 221492
235.731 221489
237.608 221485
237.609 221483
237.732 221482
237.744 221477
237.754 221475
237.84 221467
237.844 221458
237.847 221451
237.852 221445
237.856 221440
237.858 221439
237.862 221433
237.883 221431
237.885 221423
237.888 221422
237.889 221415
237.898 221412
237.905 221406
237.913 221392
237.918 221391
237.93 221389
241.721 221380
241.765 221367
241.773 221364
241.787 221361
241.799 221357
241.804 221346
241.818 221343
241.819 221339
241.833 221338
244.755 221325
244.78 221314
244.785 221313
244.79 221312
244.792 221309
244.794 221307
244.818 221306
244.824 221304
244.826 221300
244.83 221297
244.836 221294
244.895 221280
245.08 221279
245.085 221278
245.342 221275
245.349 221271
245.365 221261
245.412 221260
250.185 221249
250.192 221248
250.195 221242
250.202 221224
250.207 221223
250.211 221218
250.235 221211
250.243 221200
250.248 221199
250.302 221198
250.309 221195
250.313 221194
250.315 221186
250.333 221184
250.335 221177
250.337 221174
250.362 221171
264.836 221166
265.028 221164
265.037 221160
265.477 221159
265.485 221153
265.487 221150
265.495 221148
265.496 221145
265.52 221144
265.521 221136
265.524 221134
265.612 221127
265.621 221125
265.623 221124
265.637 221118
265.647 221113
265.653 221105
265.735 221095
265.738 221094
265.782 221063
265.825 221053
269.11 221052
269.262 221043
269.268 221039
269.276 221030
269.287 221024
269.306 221020
269.308 221016
269.312 221009
269.486 221005
269.499 220998
271.353 220996
271.357 220988
271.367 220980
271.373 220977
271.374 220975
271.377 220973
271.38 220966
271.454 220956
271.461 220953
271.476 220952
271.484 220950
271.499 220943
271.513 220942
271.528 220937
271.554 220936
271.555 220934
271.561 220928
271.578 220918
271.585 220915
271.63 220911
271.632 220909
271.634 220889
271.68 220888
272.153 220884
272.156 220877
272.163 220874
272.165 220873
272.169 220864
272.176 220839
272.217 220831
272.219 220823
272.225 220819
272.235 220795
272.26 220793
272.266 220786
272.268 220784
272.272 220778
272.275 220771
272.29 220765
272.292 220762
273.953 220752
273.972 220750
273.995 220748
274.044 220742
274.046 220736
274.048 220733
274.106 220730
274.11 220723
274.115 220721
274.118 220717
274.139 220716
274.141 220713
274.169 220709
274.171 220698
274.179 220686
274.182 220682
274.206 220664
274.214 220657
274.235 220652
274.238 220648
274.27 220646
274.275 220641
274.305 220640
274.322 220639
274.375 220637
274.378 220630
274.386 220627
274.389 220626
274.454 220619
274.457 220589
274.459 220587
274.609 220580
274.612 220579
274.65 220568
274.662 220551
274.665 220542
274.699 220535
274.711 220527
274.736 220515
274.808 220511
285.029 220495
285.049 220492
285.051 220490
285.066 220487
285.075 220475
285.109 220467
285.19 220460
285.193 220455
285.197 220454
285.199 220453
285.204 220452
285.205 220451
285.417 220450
285.431 220441
285.436 220437
285.458 220433
290.243 220429
290.252 220422
290.257 220421
290.264 220415
290.286 220407
290.337 220403
290.342 220402
290.357 220400
290.38 220394
290.387 220390
290.39 220387
295.248 220380
295.249 220379
296.221 220378
296.223 220376
296.243 220374
296.673 220373
296.674 220368
296.681 220365
296.686 220364
296.73 220357
296.734 220355
296.737 220352
296.76 220349
296.785 220345
298.591 220342
298.598 220332
298.601 220325
298.609 220323
298.718 220321
299.091 220319
299.128 220318
299.158 220317
299.285 220300
299.297 220296
299.299 220294
299.308 220293
299.312 220292
299.316 220285
299.326 220284
299.355 220280
299.361 220278
299.384 220270
299.389 220265
299.465 220258
299.56 220255
299.596 220252
299.671 220250
299.676 220249
299.681 220246
299.685 220242
299.708 220235
299.71 220233
299.765 220232
299.801 220225
299.812 220222
301.941 220220
301.988 220207
302.446 220204
302.453 220200
302.458 220199
302.464 220198
302.538 220197
302.549 220195
302.551 220192
302.694 220191
302.709 220180
302.715 220176
302.746 220156
302.749 220155
302.753 220148
302.775 220142
302.782 220141
302.795 220138
302.797 220137
302.807 220128
302.819 220123
302.851 220118
308.417 220114
308.423 220104
308.528 220100
309.385 220098
309.388 220097
309.4 220091
309.47 220085
309.475 220077
309.515 220068
309.517 220067
309.527 220066
309.556 220057
309.57 220052
309.58 220051
309.603 220045
309.606 220040
309.615 220036
309.638 220031
309.65 220027
309.66 220026
309.683 220023
309.704 220021
309.706 220020
309.784 220017
311.08 220013
311.088 220012
311.094 220007
311.099 219998
311.152 219995
311.16 219988
311.178 219986
311.208 219971
311.291 219966
311.305 219961
311.335 219952
311.349 219947
311.352 219946
311.361 219944
311.4 219942
311.404 219941
311.417 219927
311.425 219923
311.459 219919
311.471 219917
311.498 219916
311.5 219911
311.502 219906
311.512 219904
322.486 219903
322.489 219902
322.495 219895
322.551 219894
322.553 219884
327.598 219881
327.603 219878
327.606 219873
327.609 219861
327.615 219859
329.165 219856
329.173 219854
329.177 219853
329.18 219851
329.211 219846
329.214 219843
329.224 219841
329.241 219840
329.257 219832
329.284 219831
329.292 219829
329.306 219826
329.315 219818
329.321 219816
329.332 219809
329.342 219802
329.721 219801
329.731 219799
329.738 219798
329.89 219792
330.055 219790
330.062 219787
330.075 219783
330.135 219781
330.152 219778
330.153 219773
330.526 219767
330.544 219765
330.581 219755
330.587 219752
330.603 219749
330.607 219733
330.637 219729
330.639 219722
330.689 219715
330.698 219710
330.714 219709
330.725 219698
332.601 219695
332.615 219694
334.744 219692
334.801 219687
334.809 219685
334.818 219683
334.833 219681
334.838 219679
334.842 219678
334.856 219676
334.86 219668
334.873 219664
334.917 219659
334.921 219657
334.953 219654
335.191 219651
335.197 219646
335.2 219645
335.355 219642
335.359 219640
335.373 219637
335.394 219633
335.441 219632
335.477 219629
338.912 219627
338.916 219625
338.936 219622
341.343 219618
341.376 219615
344.857 219614
344.868 219612
344.873 219610
344.878 219602
344.891 219598
344.896 219594
344.91 219592
345.058 219589
345.069 219588
345.084 219585
345.103 219581
345.202 219578
345.215 219577
345.217 219568
345.233 219563
345.261 219560
345.606 219552
345.61 219545
345.633 219543
345.636 219541
345.639 219540
345.648 219525
345.654 219519
346.011 219516
346.016 219514
346.018 219508
346.024 219496
346.042 219493
346.047 219492
346.057 219491
346.068 219490
346.08 219489
346.107 219488
346.111 219487
346.117 219486
346.141 219485
346.149 219481
346.167 219473
346.236 219469
346.296 219466
346.317 219463
346.328 219451
346.344 219445
346.352 219444
347.167 219441
347.199 219439
347.22 219430
347.238 219429
347.259 219423
347.269 219421
347.311 219419
347.315 219408
347.318 219407
347.321 219404
347.44 219398
347.45 219397
347.524 219396
347.541 219393
347.619 219390
348.789 219389
348.793 219386
348.799 219381
348.813 219377
348.837 219375
350.859 219374
351.082 219368
351.087 219367
351.095 219364
351.101 219361
351.105 219358
351.128 219357
351.154 219355
351.171 219354
351.174 219353
353.257 219345
353.272 219344
353.29 219343
353.294 219342
353.326 219335
353.542 219334
353.548 219332
353.554 219330
353.566 219327
353.778 219320
354.056 219318
354.061 219317
354.075 219314
354.08 219311
354.093 219308
355.122 219302
355.128 219301
355.162 219297
355.166 219294
355.191 219291
355.344 219290
355.346 219282
355.507 219280
355.564 219254
355.582 219250
355.601 219247
356.708 219241
356.733 219237
356.739 219234
356.753 219228
356.809 219227
356.898 219223
357.097 219222
357.137 219219
357.485 219215
357.51 219214
357.52 219213
358.063 219207
358.065 219206
358.068 219197
358.072 219196
358.094 219191
358.098 219190
358.142 219188
358.17 219187
358.178 219179
358.185 219178
358.294 219175
358.331 219174
358.333 219172
358.572 219165
358.584 219162
358.59 219159
358.614 219158
358.677 219149
358.703 219145
358.744 219144
358.746 219141
361.048 219139
361.052 219136
365.647 219132
365.659 219130
365.781 219127
365.798 219125
365.826 219124
365.885 219120
365.893 219119
365.938 219118
365.956 219114
366.114 219109
366.208 219104
366.267 219101
366.277 219100
366.285 219099
366.407 219098
366.64 219096
366.649 219093
366.653 219090
366.654 219088
366.662 219087
366.674 219086
366.678 219084
366.723 219083
367.014 219081
367.087 219077
367.096 219075
367.114 219074
367.174 219070
367.239 219059
367.245 219052
373.799 219041
373.826 219040
376.556 219038
376.559 219036
376.571 219033
376.581 219029
376.662 219027
376.671 219024
376.705 219023
376.723 219021
376.735 219019
376.752 219016
376.757 219014
376.758 219011
376.76 219010
376.763 219009
376.776 219001
376.783 218998
376.827 218996
376.969 218995
377.007 218991
377.022 218987
377.045 218983
380.87 218980
384.586 218973
384.667 218968
384.679 218967
384.776 218966
384.847 218961
384.864 218960
384.942 218958
384.958 218954
385 218951
385.132 218950
385.135 218935
385.957 218932
385.989 218926
386.014 218922
386.034 218918
386.621 218913
386.641 218912
386.643 218910
387.185 218907
387.187 218899
387.19 218895
387.205 218894
387.212 218889
387.246 218887
387.252 218882
387.292 218881
387.295 218879
387.332 218878
387.344 218875
387.373 218874
387.513 218871
387.527 218863
388.399 218861
388.413 218860
388.434 218859
388.437 218858
388.462 218857
388.499 218856
388.533 218853
388.535 218851
391.843 218850
391.863 218849
391.882 218848
391.956 218847
391.959 218845
391.971 218844
391.978 218842
392.64 218839
392.651 218836
393.319 218831
393.354 218826
393.373 218824
393.987 218820
394.012 218814
394.23 218813
394.245 218803
394.939 218802
394.942 218800
394.946 218799
394.971 218798
394.979 218797
394.985 218795
394.993 218794
395.011 218792
395.026 218790
395.298 218785
395.311 218783
395.313 218782
395.504 218779
395.627 218775
395.64 218773
395.662 218772
395.704 218771
395.73 218767
395.761 218765
395.767 218764
395.785 218761
395.787 218760
401.487 218759
401.529 218757
401.569 218754
401.572 218751
401.643 218746
401.708 218744
401.949 218743
406.936 218742
407.248 218739
407.258 218736
407.281 218735
407.294 218734
407.309 218730
407.4 218729
407.492 218724
407.502 218720
407.508 218719
407.528 218714
407.54 218713
407.541 218712
408.188 218710
408.979 218708
409.002 218706
409.005 218705
409.065 218704
409.523 218703
409.552 218690
409.556 218688
409.57 218687
409.576 218685
409.598 218678
410.151 218677
410.157 218675
410.182 218674
410.187 218670
410.278 218669
410.318 218667
410.336 218662
410.511 218661
412.647 218660
412.654 218657
412.828 218656
412.859 218655
412.892 218653
412.952 218650
412.968 218648
413.018 218646
413.079 218644
413.094 218642
413.134 218641
413.137 218636
413.141 218635
413.17 218634
413.203 218633
413.234 218630
413.308 218628
413.92 218626
414.448 218625
414.49 218623
414.503 218622
414.528 218619
414.55 218618
414.601 218617
414.674 218616
414.698 218613
414.712 218611
414.752 218610
414.922 218609
415.083 218603
415.223 218596
415.239 218593
415.648 218591
415.67 218590
415.687 218587
415.87 218586
415.89 218585
416.291 218584
416.323 218583
416.345 218570
416.355 218568
416.361 218567
416.59 218564
416.599 218563
416.601 218562
417.814 218560
417.827 218557
417.913 218552
417.947 218544
417.974 218543
418.018 218538
418.024 218537
418.281 218535
418.308 218531
418.339 218528
418.37 218523
418.392 218519
418.397 218517
419.918 218516
420.052 218515
420.136 218513
425.396 218512
425.404 218506
425.41 218504
425.448 218503
425.456 218501
425.504 218499
426.246 218496
426.307 218494
426.478 218493
429.299 218492
429.319 218489
429.33 218488
429.357 218485
429.632 218484
429.643 218483
429.755 218482
429.825 218477
429.829 218475
429.91 218472
429.918 218468
430.133 218467
430.144 218463
430.394 218462
430.398 218460
430.465 218458
430.503 218455
430.915 218453
430.958 218452
431.288 218451
431.365 218449
431.38 218446
431.402 218445
431.503 218444
431.614 218443
431.654 218439
434.566 218436
436.042 218433
436.114 218432
436.158 218428
436.255 218426
436.638 218425
436.659 218423
436.664 218422
436.676 218416
436.704 218415
436.706 218414
436.731 218411
436.818 218407
436.84 218404
436.908 218403
436.91 218402
440.519 218400
440.521 218399
440.67 218396
441.122 218394
441.203 218393
441.222 218392
441.233 218391
442.416 218388
442.419 218385
442.625 218384
442.822 218381
442.986 218380
442.99 218376
443.018 218369
443.02 218366
444.178 218363
444.184 218362
445.605 218360
445.619 218359
445.668 218354
445.674 218353
445.693 218350
445.844 218349
446.33 218348
446.364 218346
446.685 218344
446.846 218342
446.869 218341
446.943 218338
446.947 218333
447.087 218330
447.119 218327
447.149 218324
447.162 218323
447.332 218322
447.339 218320
447.393 218317
447.403 218315
447.46 218309
447.513 218306
447.528 218305
447.631 218303
447.857 218302
447.968 218301
447.989 218299
448.019 218297
448.057 218296
448.349 218294
448.587 218293
448.59 218292
448.595 218291
448.655 218290
448.674 218286
448.937 218285
448.976 218282
449.225 218280
449.23 218279
449.256 218278
449.313 218274
449.436 218273
449.457 218272
449.487 218268
449.562 218267
449.612 218263
451.386 218260
451.723 218258
451.739 218257
453.526 218256
453.913 218254
453.927 218252
453.998 218249
454.021 218247
454.117 218246
454.132 218244
454.356 218243
454.669 218242
455.788 218239
455.93 218237
455.967 218235
455.997 218234
456.001 218227
456.052 218225
456.591 218220
457.357 218219
457.382 218217
457.5 218216
457.507 218213
458.734 218212
458.974 218211
459.125 218210
462.629 218209
462.639 218207
466.176 218206
466.21 218205
466.244 218204
466.56 218203
466.565 218202
466.831 218200
468.17 218196
468.195 218195
468.306 218193
469.496 218191
469.515 218190
469.551 218188
469.569 218186
469.625 218185
469.676 218183
469.695 218182
469.714 218179
469.736 218177
469.787 218175
469.888 218173
469.998 218172
470.014 218170
470.052 218167
470.191 218166
470.313 218164
470.348 218163
470.362 218162
470.514 218161
470.651 218160
470.689 218159
477.306 218157
477.455 218155
477.501 218154
477.729 218153
477.74 218152
477.879 218150
477.926 218148
477.962 218147
478.051 218146
478.079 218143
478.108 218142
478.126 218138
478.161 218137
478.17 218136
478.213 218135
478.349 218132
478.395 218131
478.428 218130
479.137 218129
479.288 218128
479.367 218127
480.56 218124
480.575 218123
480.744 218120
480.752 218119
481.214 218115
481.466 218114
481.49 218113
481.913 218110
481.926 218109
481.927 218107
481.99 218105
482.233 218104
482.256 218102
482.29 218100
486.195 218099
486.492 218098
491.482 218097
491.538 218096
493.117 218095
493.471 218094
493.939 218093
493.961 218092
493.967 218090
493.975 218088
494.089 218087
494.298 218086
494.718 218085
494.724 218083
494.778 218079
494.861 218078
494.888 218077
494.903 218076
494.971 218075
495.076 218074
495.1 218073
495.114 218072
495.788 218071
496.035 218070
496.879 218069
497.653 218068
497.743 218066
497.763 218065
497.807 218064
498.183 218063
499.269 218061
501.602 218060
501.621 218059
501.716 218057
501.718 218052
502.616 218051
502.99 218050
503.812 218049
503.878 218048
503.887 218047
503.893 218046
505.24 218045
505.249 218044
505.262 218043
505.642 218040
505.683 218038
505.745 218037
505.77 218036
506.128 218034
506.13 218033
506.19 218032
506.411 218031
506.7 218030
507.6 218029
507.709 218028
507.818 218027
507.862 218026
510.118 218024
510.149 218023
510.426 218022
510.457 218018
510.507 218014
510.512 218013
510.521 218012
511.012 218011
511.071 218010
511.136 218009
511.189 218008
511.284 218007
511.677 218006
512.268 218005
512.269 218004
512.291 218003
515.012 218002
515.039 218001
515.077 217999
515.653 217998
515.683 217997
515.701 217996
515.706 217995
515.712 217994
515.716 217992
517.614 217990
517.627 217986
517.75 217985
517.791 217984
519.22 217982
519.346 217981
520.497 217980
520.537 217978
520.93 217977
520.932 217975
521.005 217973
521.18 217972
521.321 217971
522.548 217970
522.638 217969
522.937 217968
522.941 217967
523.19 217965
523.432 217964
524.165 217963
524.293 217962
524.442 217961
524.92 217959
525.436 217958
525.49 217956
526.164 217955
526.209 217954
526.34 217953
526.761 217952
527.637 217951
527.69 217950
527.738 217949
527.823 217947
527.862 217945
527.902 217944
528.153 217943
528.354 217940
528.355 217938
529.029 217937
530.363 217936
530.54 217935
530.572 217934
530.748 217933
530.781 217931
531.597 217930
532.133 217928
532.172 217927
532.264 217926
532.28 217925
532.506 217924
532.737 217923
532.778 217922
532.787 217921
534.628 217919
534.709 217918
534.719 217917
534.862 217915
534.938 217914
534.982 217912
535.218 217911
536.641 217907
536.659 217906
536.787 217905
536.844 217904
537.057 217903
537.291 217901
537.812 217896
538.302 217895
538.482 217894
543.804 217893
545.262 217892
545.704 217891
545.844 217889
546.112 217888
547.696 217882
547.711 217881
547.753 217878
547.956 217877
548.251 217876
548.281 217875
548.94 217874
550.963 217869
551.334 217868
551.372 217867
551.512 217866
551.791 217865
552.681 217864
556.171 217863
556.735 217862
556.924 217861
558.182 217859
559.31 217858
559.345 217856
559.511 217855
559.913 217854
560.306 217853
560.35 217852
560.483 217851
561.629 217850
561.986 217849
562.417 217848
562.468 217847
562.623 217846
563.728 217844
569.613 217842
569.834 217840
570.414 217839
570.513 217837
571.023 217836
571.155 217835
573.3 217833
573.353 217832
575.613 217831
576.156 217830
576.272 217829
576.429 217828
576.539 217827
