4.332 240104
4.334 240012
4.335 239966
4.338 239960
4.339 239955
4.34 239946
4.342 239944
4.343 239886
4.345 239796
4.346 239792
4.348 239784
4.35 239778
4.352 239777
4.353 239727
4.355 239450
4.357 239445
4.36 239367
4.362 239354
4.364 239346
4.365 239345
4.366 239334
4.368 239311
4.369 239283
4.371 239249
4.372 238984
4.373 238981
4.375 238970
4.376 238964
4.384 238954
4.385 238948
4.387 238845
4.388 238835
4.39 238825
4.392 238760
4.394 238740
4.395 238684
4.397 238677
4.399 238573
4.403 238569
4.405 238560
4.406 238545
4.409 238441
4.41 238440
4.413 238431
4.414 238416
4.416 238410
4.418 238404
4.419 238395
4.423 238317
4.427 238314
4.429 238235
4.432 238224
4.435 238212
4.436 238186
4.438 238185
4.441 238180
4.443 238178
4.444 238124
4.446 238119
4.451 238099
4.452 238091
4.454 238077
4.456 237910
4.461 237863
4.462 237856
4.463 237854
4.466 237846
4.468 237759
4.469 237758
4.471 237743
4.472 237730
4.474 237722
4.475 237720
4.478 237715
4.479 237711
4.481 237674
4.483 237671
4.486 237649
4.488 237646
4.492 237639
4.499 237636
4.503 237626
4.504 237620
4.506 237619
4.508 237610
4.51 237569
4.512 237568
4.516 237556
4.518 237529
4.521 237287
4.523 237286
4.524 237285
4.525 237272
4.527 237269
4.529 237219
4.531 237215
4.535 237207
4.536 237151
4.538 237105
4.539 237070
4.542 237048
4.543 237047
4.545 237034
4.546 237031
4.549 237017
4.552 236768
4.555 236654
4.556 236637
4.557 236631
4.559 236629
4.56 236620
4.565 236606
4.566 236587
4.569 236554
4.57 236551
4.572 236382
4.573 236380
4.577 236379
4.579 236370
4.58 236362
4.581 236350
4.583 236335
4.585 236312
4.586 236308
4.59 236284
4.594 236272
4.596 236269
4.597 236260
4.599 236153
4.6 236144
4.601 236138
4.603 236058
4.604 236054
4.605 236048
4.607 236040
4.608 236038
4.611 236032
4.612 236021
4.621 235980
4.622 235923
4.624 235909
4.626 235898
4.632 235819
4.635 235815
4.639 235807
4.64 235806
4.641 235803
4.644 235798
4.646 235783
4.648 235732
4.65 235731
4.651 235725
4.656 235702
4.66 235678
4.662 235645
4.664 235641
4.666 235633
4.667 235624
4.67 235592
4.671 235580
4.674 235576
4.676 235570
4.679 235556
4.684 235475
4.686 235474
4.689 235465
4.693 235461
4.698 235460
4.709 235451
4.711 235427
4.714 235402
4.715 235387
4.718 235285
4.721 235275
4.722 235270
4.725 235253
4.729 235202
4.732 235201
4.735 235182
4.736 235177
4.738 235140
4.74 235138
4.742 235134
4.747 235132
4.749 235099
4.75 235093
4.752 235091
4.753 235089
4.756 235088
4.757 235086
4.758 235076
4.76 235049
4.761 235041
4.765 235031
4.766 235030
4.775 235024
4.778 235004
4.781 234998
4.783 234961
4.788 234955
4.794 234950
4.831 234927
4.849 234916
4.851 234913
4.872 234911
4.875 234904
4.877 234887
4.881 234884
4.886 234854
4.889 234851
4.891 234842
4.893 234838
4.903 234836
4.908 234816
4.911 234808
4.915 234807
4.916 234800
4.918 234788
4.922 234786
4.923 234785
4.924 234784
4.929 234748
4.931 234741
4.932 234720
4.934 234697
4.938 234637
4.939 234634
4.942 234621
4.949 234583
4.95 234560
4.952 234557
4.958 234550
4.96 234549
4.962 234540
4.975 234537
4.977 234529
4.978 234515
4.98 234512
4.982 234508
4.984 234504
4.989 234499
4.99 234496
4.992 234492
5.002 234459
5.009 234457
5.012 234429
5.014 234426
5.022 234423
5.027 234422
5.03 234420
5.033 234382
5.062 234344
5.077 234266
5.081 234263
5.082 234233
5.089 234223
5.091 234217
5.096 234213
5.098 234210
5.109 234205
5.119 234204
5.123 234201
5.125 234193
5.129 234179
5.133 234172
5.136 234116
5.178 234114
5.185 234082
5.187 234058
5.2 234057
5.222 234056
5.389 234039
5.391 234028
5.405 233997
5.406 233996
5.409 233993
5.412 233991
5.42 233987
5.422 233965
5.434 233954
5.442 233919
5.448 233911
5.487 233886
5.49 233884
5.493 233872
5.496 233868
5.503 233867
5.517 233860
5.519 233821
5.523 233816
5.526 233814
5.535 233798
5.537 233784
5.54 233781
5.544 233778
5.578 233759
5.596 233758
5.597 233752
5.6 233750
5.603 233748
5.608 233742
5.61 233727
5.613 233721
5.615 233697
5.617 233696
5.618 233695
5.62 233692
5.631 233687
5.634 233682
5.636 233679
5.64 233678
5.643 233646
5.645 233642
5.646 233640
5.648 233612
5.649 233604
5.676 233603
5.679 233601
5.709 233590
5.711 233586
5.833 233507
5.839 233505
5.908 233491
5.91 233490
5.912 233483
5.945 233479
5.953 233475
5.956 233461
6.076 233451
6.083 233440
6.094 233438
6.103 233431
6.11 233417
6.113 233413
6.119 233408
6.126 233388
6.128 233386
6.146 233367
6.154 233366
6.158 233359
6.186 233355
6.225 233348
6.283 233344
6.287 233321
6.296 233319
6.564 233318
6.64 233303
6.645 233291
6.78 233270
6.783 233266
6.786 233262
6.788 233238
6.793 233215
6.839 233198
6.844 233192
6.851 233175
6.854 233148
6.86 233123
6.88 233113
6.881 233102
6.884 233097
6.886 233096
6.888 233095
6.936 233088
6.95 233050
7.055 233046
7.056 233030
7.084 233014
7.15 232996
7.153 232974
7.17 232967
7.172 232962
7.189 232961
7.194 232924
7.195 232919
7.267 232885
7.27 232883
7.279 232871
7.28 232864
7.282 232861
7.289 232858
7.351 232857
7.373 232853
7.374 232849
7.419 232814
7.421 232803
7.424 232789
7.441 232784
7.445 232778
7.469 232738
7.471 232730
7.488 232725
7.49 232722
7.496 232720
7.497 232718
7.499 232715
7.5 232702
7.502 232692
7.505 232689
7.508 232669
7.511 232668
7.532 232661
8.149 232636
8.153 232612
8.169 232609
8.182 232606
8.186 232600
8.188 232598
8.25 232597
8.336 232591
8.341 232582
8.346 232580
8.348 232579
8.352 232576
8.363 232568
8.367 232565
8.37 232547
8.371 232536
8.514 232520
8.516 232519
8.528 232515
8.53 232492
8.575 232489
8.8 232476
8.803 232470
8.814 232464
8.815 232459
8.819 232455
8.826 232454
8.829 232449
8.831 232436
8.844 232435
8.849 232430
8.851 232426
8.853 232421
8.856 232406
8.865 232403
8.869 232401
8.885 232382
8.907 232379
9.13 232364
9.132 232361
9.138 232332
9.139 232330
9.143 232319
9.145 232303
9.147 232255
9.217 232254
9.232 232252
9.235 232240
9.237 232236
9.241 232231
9.245 232228
9.265 232196
9.269 232194
9.336 232191
9.338 232186
9.34 232181
9.348 232166
9.35 232164
9.353 232154
9.382 232115
9.4 232109
9.401 232106
9.403 232105
9.404 232104
9.406 232103
9.466 232102
9.49 232100
9.491 232098
9.51 232085
9.517 232077
9.526 232070
9.533 232068
9.581 232052
9.584 232048
9.586 232041
10.2 232031
10.202 232016
10.207 231996
10.22 231995
10.222 231957
10.263 231920
10.267 231919
10.304 231890
10.306 231876
10.307 231869
10.337 231864
10.472 231863
10.475 231860
10.477 231853
10.485 231827
10.494 231814
10.496 231809
10.5 231804
10.501 231790
10.504 231773
10.507 231772
10.556 231747
10.557 231745
10.581 231734
10.584 231723
10.628 231716
10.634 231714
10.648 231701
10.65 231697
10.651 231686
10.654 231681
10.656 231675
10.658 231674
10.659 231669
10.71 231668
10.727 231663
10.729 231656
10.777 231634
10.778 231631
10.78 231607
10.783 231586
10.788 231574
10.793 231570
10.798 231544
10.8 231542
10.812 231534
10.824 231507
10.825 231506
10.827 231492
10.829 231491
11.224 231464
11.228 231453
11.231 231452
11.234 231447
11.236 231435
11.244 231431
11.25 231424
11.425 231418
11.431 231392
11.432 231391
11.877 231375
11.881 231371
11.892 231353
12.471 231352
12.48 231346
12.49 231344
12.708 231342
12.711 231333
12.713 231327
12.715 231312
12.719 231305
12.746 231255
12.748 231250
12.759 231238
12.81 231228
12.814 231197
12.816 231196
12.817 231183
12.82 231171
12.822 231170
12.826 231169
12.83 231164
12.831 231156
12.833 231154
12.835 231146
12.837 231145
12.84 231137
12.854 231136
12.856 231129
12.857 231127
12.863 231123
12.872 231116
12.874 231108
12.875 231097
12.89 231090
12.895 231089
12.897 231065
12.899 231054
12.902 231050
12.905 231042
13.055 231040
13.057 231033
13.069 231012
13.074 231006
13.082 231005
13.083 231002
13.226 230975
13.23 230956
13.231 230955
13.233 230944
13.234 230940
13.24 230935
13.242 230907
13.244 230898
13.246 230894
13.25 230886
13.263 230880
13.268 230854
13.274 230841
13.275 230819
13.276 230814
13.28 230811
13.293 230800
13.296 230797
13.299 230795
13.3 230743
13.309 230735
13.319 230732
13.33 230730
13.347 230687
13.381 230676
13.385 230672
13.386 230671
13.389 230664
13.396 230627
13.397 230626
13.563 230623
13.565 230621
13.581 230594
13.583 230591
13.589 230570
13.59 230558
13.592 230555
13.596 230548
13.598 230504
13.6 230493
13.602 230480
13.603 230437
13.606 230434
13.609 230414
13.611 230407
13.618 230403
13.619 230398
13.621 230380
13.626 230378
13.627 230360
13.649 230345
13.655 230318
13.664 230308
13.672 230305
13.69 230278
13.693 230277
13.694 230273
13.696 230264
13.697 230260
13.698 230252
13.727 230246
13.731 230237
15.667 230234
15.992 230207
15.993 230199
15.995 230197
15.998 230193
16.002 230191
16.011 230186
16.092 230175
16.097 230172
16.1 230171
16.101 230157
16.108 230147
16.117 230141
16.118 230134
16.121 230058
16.13 230041
16.447 230032
16.475 229952
16.477 229950
16.481 229901
16.482 229899
16.484 229888
16.49 229880
16.501 229847
16.545 229816
16.547 229797
16.55 229795
16.554 229788
16.556 229787
16.558 229777
16.578 229750
16.579 229749
16.585 229743
16.601 229741
16.61 229739
16.612 229733
16.629 229719
16.641 229713
16.644 229700
16.649 229698
16.652 229679
16.654 229670
16.664 229664
18.209 229663
18.362 229661
18.366 229655
18.37 229612
18.386 229602
18.389 229593
18.393 229590
18.395 229589
18.404 229568
18.406 229564
18.409 229560
18.411 229558
18.414 229553
18.415 229547
18.417 229536
18.418 229531
18.421 229526
18.425 229521
18.428 229512
18.43 229488
18.431 229485
18.448 229479
18.458 229441
18.459 229418
18.722 229415
18.724 229412
18.725 229398
18.762 229397
18.771 229377
18.773 229363
18.777 229346
18.784 229338
18.792 229334
18.795 229326
18.852 229322
18.857 229319
18.863 229299
18.95 229290
18.956 229276
18.957 229239
18.959 229238
18.971 229236
18.978 229221
18.982 229216
18.989 229214
18.991 229209
18.992 229188
18.997 229186
19.002 229182
19.006 229158
19.057 229146
19.061 229132
19.264 229123
19.265 229066
19.267 229058
19.277 229054
19.279 229043
19.284 229039
19.286 229034
19.291 229008
19.293 229007
19.297 229006
19.299 228995
19.3 228988
19.305 228983
19.308 228982
19.31 228957
19.311 228952
19.32 228945
19.323 228943
19.326 228937
19.358 228929
19.36 228923
19.39 228921
22.379 228915
22.459 228856
22.462 228841
22.502 228810
22.508 228809
22.511 228791
22.527 228778
22.533 228775
22.535 228771
22.537 228763
22.551 228747
22.554 228743
22.557 228728
22.574 228725
22.577 228717
22.588 228710
22.594 228701
22.597 228689
22.599 228674
22.623 228666
22.625 228656
22.629 228583
22.639 228566
25.469 228548
25.475 228527
25.661 228515
25.671 228502
25.673 228492
26.005 228471
26.007 228470
26.01 228465
26.012 228464
26.017 228458
26.021 228457
26.027 228450
26.031 228443
26.166 228431
26.2 228429
26.202 228425
26.404 228423
26.408 228380
26.415 228365
26.417 228362
26.419 228349
26.421 228345
26.422 228327
26.427 228323
26.428 228316
26.431 228303
26.435 228290
26.444 228288
26.446 228275
26.469 228270
26.475 228262
26.482 228238
26.781 228233
26.783 228230
26.801 228225
26.804 228209
27.104 228202
27.107 228178
27.108 228167
27.112 228166
27.114 228138
27.116 228126
27.119 228108
27.123 228094
27.124 228090
27.129 228081
27.146 228074
27.15 228039
27.152 228021
27.155 228009
27.157 227999
27.163 227977
27.168 227918
27.17 227911
27.175 227898
27.176 227896
27.185 227868
27.213 227864
27.215 227847
27.217 227833
27.223 227832
27.224 227814
27.232 227812
27.235 227799
27.239 227782
27.24 227777
27.242 227776
27.251 227762
27.257 227760
27.258 227755
27.26 227752
27.262 227746
27.273 227743
27.274 227738
27.286 227725
27.294 227709
27.321 227687
27.322 227683
27.325 227680
27.327 227679
27.333 227658
27.34 227640
27.343 227627
27.345 227622
27.346 227604
27.349 227596
27.365 227590
27.367 227559
27.368 227555
27.371 227554
27.374 227543
27.386 227538
27.431 227535
27.434 227524
27.724 227523
27.727 227491
27.73 227489
27.734 227470
32.621 227468
32.624 227460
32.626 227441
32.77 227424
32.774 227417
32.777 227407
32.78 227392
32.782 227390
32.795 227361
32.798 227360
32.954 227357
32.959 227351
32.961 227341
33.016 227334
33.018 227329
42.889 227301
42.894 227298
42.895 227297
42.897 227229
42.905 227223
42.908 227207
42.91 227204
42.913 227198
42.914 227174
42.916 227172
43.953 227161
43.957 227153
43.959 227079
43.961 227071
43.963 227070
43.967 227063
43.97 227055
43.971 227035
43.979 227023
43.998 226968
44.003 226966
44.006 226949
44.015 226908
44.018 226902
44.02 226898
44.021 226889
44.023 226886
44.024 226885
44.026 226882
44.031 226864
44.034 226855
44.042 226847
44.044 226835
44.047 226834
44.048 226829
44.056 226813
44.07 226802
44.071 226792
44.091 226780
44.093 226774
44.377 226769
44.383 226718
44.389 226702
44.391 226696
44.399 226669
55.26 226661
55.367 226637
55.378 226628
55.381 226627
55.383 226609
55.385 226604
55.387 226587
55.389 226586
55.391 226580
57.898 226577
57.9 226571
57.907 226569
58.904 226566
58.975 226476
58.978 226456
58.982 226439
58.984 226422
58.985 226414
58.99 226410
59.001 226405
59.062 226384
59.128 226377
59.13 226373
59.133 226365
59.141 226361
59.143 226359
59.145 226340
59.149 226334
59.152 226333
59.157 226299
59.172 226277
59.174 226273
59.176 226255
59.183 226243
59.219 226231
59.395 226228
59.416 226209
59.419 226196
60.206 226195
60.21 226194
60.216 226150
60.357 226142
60.359 226135
60.368 226131
60.375 226119
60.376 226094
60.381 226041
60.412 226022
60.434 226015
60.436 226005
60.455 226004
60.457 226001
60.469 225968
60.488 225961
60.49 225957
60.495 225955
60.496 225950
60.5 225924
60.502 225917
60.507 225905
60.588 225880
60.624 225867
60.625 225835
60.627 225820
60.634 225812
60.644 225805
60.646 225802
60.664 225794
60.668 225792
60.67 225785
67.647 225773
67.657 225754
68.713 225517
68.715 225508
68.716 225507
68.726 225491
68.727 225453
68.733 225443
68.737 225440
78.685 225412
78.687 225410
78.846 225398
78.85 225393
78.853 225390
78.855 225386
78.916 225385
78.965 225356
79.568 225354
79.838 225352
79.841 225305
79.844 225300
79.846 225291
79.883 225252
79.887 225231
79.892 225223
79.898 225219
79.902 225191
79.904 225158
79.907 225132
79.909 225123
80.018 225117
87.211 225114
87.217 225112
87.219 225081
87.22 225079
87.231 225060
87.234 225057
87.235 225054
95.691 225053
95.697 225048
95.824 225042
95.827 225029
95.834 225028
95.837 225026
95.844 224998
95.849 224995
95.869 224963
95.87 224956
95.872 224940
95.875 224924
103.587 224916
103.59 224913
103.594 224904
103.596 224892
103.601 224877
103.614 224845
103.627 224843
103.664 224832
103.666 224826
103.669 224823
103.67 224809
103.685 224804
103.711 224787
103.716 224785
103.749 224771
103.751 224765
103.756 224756
103.758 224737
103.769 224734
103.781 224732
103.785 224715
103.787 224706
103.791 224700
104.256 224672
104.258 224661
104.259 224656
104.263 224653
105.005 224652
105.008 224641
105.112 224634
105.115 224590
105.139 224577
105.144 224567
105.166 224552
105.186 224528
105.189 224508
105.196 224487
105.198 224484
105.203 224481
105.212 224471
105.244 224466
105.249 224465
105.261 224464
105.263 224463
105.265 224455
105.267 224450
105.269 224449
105.301 224440
105.308 224436
105.311 224416
105.314 224413
105.32 224406
105.323 224389
105.328 224374
105.331 224363
105.343 224357
105.347 224344
105.35 224340
105.358 224312
105.361 224311
105.363 224296
105.395 224294
105.399 224291
105.422 224279
105.441 224256
105.473 224253
105.475 224252
116.593 224250
116.599 224221
116.615 224216
116.652 224214
116.674 224175
116.676 224174
116.683 224166
116.71 224152
116.714 224139
116.717 224129
116.845 224124
116.863 224095
116.864 224094
116.867 224082
116.87 224075
116.899 224072
116.901 224026
116.905 224025
116.909 224012
117.093 224003
117.099 223999
117.1 223998
117.103 223992
117.106 223989
117.107 223986
117.11 223970
117.126 223967
117.218 223934
117.219 223932
117.222 223931
117.224 223930
117.287 223914
117.289 223908
117.291 223902
117.293 223901
117.296 223898
117.297 223885
117.299 223872
117.306 223837
117.375 223822
117.376 223821
117.378 223812
117.379 223792
117.765 223789
117.769 223779
117.775 223776
117.778 223770
117.781 223768
121.263 223743
124.964 223742
124.987 223738
124.992 223726
124.997 223715
125 223708
127.305 223695
127.307 223680
127.311 223667
127.315 223663
127.326 223661
127.328 223643
127.363 223636
127.365 223629
127.367 223612
127.374 223590
127.478 223579
127.498 223569
137.14 223565
137.208 223557
137.214 223551
142.064 223545
142.065 223544
142.102 223540
142.11 223539
142.271 223515
142.274 223514
142.281 223495
142.284 223493
142.286 223466
142.29 223461
142.298 223430
142.306 223407
142.316 223397
142.319 223396
142.356 223394
142.358 223391
142.36 223345
142.365 223340
142.367 223332
142.368 223324
142.386 223317
142.391 223303
142.402 223300
142.406 223292
142.411 223278
142.416 223276
142.419 223271
142.425 223270
142.434 223264
142.473 223242
142.477 223229
142.489 223224
142.49 223207
142.5 223204
142.502 223195
142.507 223179
142.509 223178
142.511 223175
142.516 223168
142.537 223153
142.557 223115
164.089 223111
165.415 223103
165.418 223096
165.462 223094
165.47 223090
165.476 223089
165.487 223080
165.519 223052
169.077 223050
169.305 223047
169.335 223024
169.343 223020
169.351 223017
169.352 223016
169.354 223011
169.358 223010
169.362 223007
169.376 223001
173.867 222996
173.869 222991
173.872 222982
173.873 222977
173.88 222973
173.884 222968
173.886 222966
173.888 222955
173.894 222936
174.135 222919
174.137 222918
174.144 222916
174.146 222906
174.153 222905
174.156 222898
174.158 222879
174.162 222867
174.289 222861
174.292 222860
175.552 222835
175.554 222813
175.556 222789
175.565 222778
175.566 222777
177.293 222772
177.392 222770
178.382 222769
178.387 222749
178.388 222742
178.402 222726
178.407 222719
178.411 222707
178.437 222697
178.439 222696
178.44 222691
178.455 222689
178.458 222688
178.462 222687
178.736 222673
178.744 222652
178.747 222650
178.761 222649
178.766 222647
178.859 222644
180.734 222641
180.738 222639
180.749 222632
180.754 222628
180.761 222627
180.763 222607
180.769 222605
180.774 222598
180.776 222597
180.78 222596
180.821 222594
180.831 222591
180.861 222575
180.867 222572
180.871 222561
180.876 222544
180.878 222542
180.891 222541
183.098 222533
183.102 222512
183.104 222508
183.315 222505
183.316 222470
183.328 222469
183.329 222468
183.337 222466
183.339 222461
183.342 222448
183.352 222447
183.357 222419
183.36 222401
183.364 222396
183.397 222393
183.399 222381
183.402 222374
183.413 222363
183.415 222361
183.417 222357
183.42 222309
193.893 222296
193.9 222289
193.911 222288
193.934 222286
193.952 222285
193.955 222277
193.999 222273
194.011 222265
194.021 222251
194.051 222248
194.068 222246
194.071 222234
194.076 222217
194.13 222214
194.144 222181
203.996 222171
204.006 222170
204.058 222157
204.372 222148
204.38 222145
204.39 222141
204.401 222138
204.404 222123
204.406 222120
204.41 222062
204.414 222061
204.418 222060
208.516 222044
208.517 222039
208.521 222037
208.536 222024
208.541 222023
208.543 222014
208.555 221998
208.562 221995
208.565 221991
208.567 221971
208.574 221953
208.577 221950
208.581 221946
208.585 221941
208.587 221922
208.677 221916
208.702 221915
208.704 221906
208.719 221895
208.722 221881
208.725 221873
208.729 221871
208.732 221865
208.754 221856
208.764 221850
208.769 221848
209.134 221841
209.154 221836
209.213 221827
209.217 221825
209.225 221823
209.271 221808
209.279 221806
209.281 221797
209.282 221789
209.284 221787
209.52 221785
209.529 221783
209.723 221770
209.731 221768
209.748 221755
216.434 221742
216.437 221740
216.511 221717
216.538 221713
216.544 221708
216.661 221704
216.686 221691
216.688 221678
216.849 221675
216.863 221674
216.865 221665
216.869 221648
217.03 221614
217.031 221601
217.218 221599
217.221 221596
217.228 221593
217.235 221587
217.238 221585
220.316 221584
220.328 221577
220.33 221569
220.334 221565
220.337 221558
220.343 221554
220.366 221549
220.368 221548
221.528 221542
221.532 221541
221.534 221532
221.535 221530
221.657 221499
226.462 221478
226.486 221463
226.487 221452
226.504 221450
230.48 221445
230.484 221425
230.485 221418
231.565 221409
231.574 221404
231.605 221398
231.873 221397
231.875 221396
231.887 221389
234.704 221387
234.71 221381
234.712 221379
239.989 221375
239.991 221369
240.383 221367
240.404 221366
240.444 221346
240.737 221332
240.741 221313
240.777 221310
240.78 221308
240.782 221302
240.785 221286
240.788 221275
240.792 221259
240.794 221255
240.797 221250
240.81 221242
240.814 221239
240.839 221237
240.866 221228
240.87 221223
240.872 221222
240.877 221218
240.908 221213
240.91 221206
240.911 221198
240.913 221191
240.92 221188
240.953 221179
240.959 221170
240.961 221165
240.964 221164
240.966 221162
240.973 221161
240.978 221160
240.98 221155
240.982 221146
240.985 221143
240.986 221134
240.99 221133
240.993 221128
240.997 221126
241.007 221125
241.01 221116
241.018 221115
241.025 221102
241.034 221091
241.037 221080
241.048 221079
241.145 221073
241.15 221072
241.263 221068
241.282 221062
241.295 221059
241.298 221050
241.331 221046
241.372 221042
241.642 221041
241.647 221038
241.653 221033
241.655 221030
241.713 221021
241.717 221014
241.722 220991
241.725 220988
241.755 220987
241.786 220985
241.926 220984
242.237 220983
242.24 220982
242.243 220976
242.245 220973
242.251 220968
242.27 220962
242.277 220939
242.284 220934
242.301 220923
242.305 220922
242.309 220912
242.311 220909
242.32 220907
242.327 220901
242.331 220880
242.338 220879
242.34 220875
242.349 220860
242.352 220843
242.354 220837
242.366 220834
242.368 220829
242.629 220828
242.738 220826
243.167 220820
243.482 220798
243.484 220796
243.494 220795
243.495 220788
243.528 220784
243.531 220782
243.57 220781
243.575 220763
243.602 220762
243.612 220759
243.618 220758
243.624 220756
243.625 220754
252.826 220752
252.856 220750
252.87 220749
252.886 220740
252.893 220733
252.898 220728
252.914 220721
253.15 220712
253.184 220708
253.195 220697
253.197 220696
253.202 220693
253.209 220689
253.226 220683
253.229 220679
253.235 220676
253.362 220665
253.369 220656
253.375 220652
253.376 220648
253.387 220647
253.391 220640
253.393 220638
253.446 220622
253.45 220621
253.455 220616
253.564 220613
258.856 220612
259.393 220604
259.402 220599
259.414 220596
259.424 220590
259.425 220588
259.465 220581
259.472 220579
259.474 220569
259.476 220563
259.479 220561
259.768 220557
259.769 220555
259.771 220553
259.803 220550
259.816 220546
259.823 220542
259.83 220534
259.836 220533
259.849 220530
259.85 220528
259.875 220527
259.879 220526
259.928 220518
259.932 220517
259.935 220510
259.984 220509
260.019 220502
260.025 220497
260.041 220493
260.116 220487
260.192 220483
260.195 220469
260.569 220465
260.576 220461
260.579 220457
260.585 220443
260.588 220442
260.619 220440
260.634 220438
260.657 220433
263.889 220430
263.891 220429
263.9 220418
263.917 220415
263.923 220407
263.926 220402
263.928 220390
263.948 220388
265.228 220386
265.244 220377
265.377 220361
266.294 220357
266.296 220356
266.34 220353
266.366 220335
266.424 220330
266.428 220320
266.439 220310
266.453 220309
266.455 220305
266.458 220304
266.459 220302
266.47 220297
266.473 220292
266.479 220291
266.481 220287
266.487 220285
266.52 220284
266.522 220283
271.777 220282
271.788 220279
271.794 220275
271.882 220273
272.238 220265
273.937 220263
273.959 220257
273.961 220254
273.965 220253
273.975 220252
273.979 220251
273.982 220249
274.143 220247
274.146 220244
274.174 220240
274.177 220237
274.262 220230
275.521 220227
275.562 220225
275.564 220224
275.576 220219
275.583 220216
275.59 220198
275.593 220197
275.608 220196
275.618 220194
275.633 220192
276.54 220191
276.558 220189
276.568 220185
276.582 220183
276.588 220181
276.608 220173
276.611 220172
276.619 220171
276.622 220163
276.659 220157
276.669 220149
276.672 220146
276.681 220145
276.689 220140
276.692 220132
276.696 220131
276.706 220129
276.712 220123
276.717 220122
276.724 220120
276.744 220119
276.747 220117
276.817 220115
284.439 220102
284.442 220101
284.461 220097
284.464 220096
284.487 220095
286.336 220092
286.338 220089
286.341 220084
286.424 220083
286.425 220082
286.435 220076
286.505 220075
286.66 220070
286.667 220065
286.678 220044
286.702 220039
286.753 220036
286.755 220024
286.763 220019
286.776 220017
286.78 220016
286.842 220015
286.862 220013
286.921 220012
286.927 220010
290.605 220008
290.631 220006
290.642 220005
290.675 219987
290.681 219983
290.744 219980
290.747 219972
290.761 219970
290.764 219958
290.775 219954
290.796 219953
290.806 219943
291.557 219935
291.564 219932
291.566 219928
291.597 219912
291.626 219904
291.631 219901
292.741 219898
295.004 219877
295.202 219873
295.212 219872
295.217 219868
295.307 219865
295.401 219858
295.424 219848
295.426 219844
295.464 219839
295.476 219831
295.541 219828
295.555 219822
295.565 219821
295.568 219819
295.578 219817
295.58 219813
295.648 219811
295.722 219806
295.724 219803
295.969 219789
296.06 219788
296.069 219786
299.789 219780
299.827 219778
299.829 219776
299.843 219774
299.846 219770
299.868 219759
299.871 219757
299.892 219748
299.902 219747
299.935 219742
299.937 219733
299.952 219730
299.959 219722
300.457 219718
300.463 219717
300.507 219709
308.125 219706
308.127 219703
308.129 219700
308.156 219696
308.164 219694
308.169 219690
308.172 219683
308.182 219675
308.191 219670
308.194 219666
308.2 219644
308.214 219643
308.215 219629
311.489 219627
314.479 219618
314.489 219611
314.5 219609
314.503 219607
314.506 219606
314.515 219603
314.536 219599
314.537 219596
314.685 219595
314.743 219593
314.746 219589
314.749 219585
314.752 219579
315.927 219576
315.932 219571
315.972 219568
315.974 219566
315.992 219565
315.997 219561
316.22 219555
316.231 219548
316.235 219545
316.241 219544
316.242 219542
316.247 219541
316.256 219539
316.286 219535
316.295 219527
316.511 219520
316.749 219518
317.77 219515
318.58 219514
318.586 219513
318.6 219511
318.608 219507
318.616 219505
318.648 219503
318.657 219496
318.662 219494
318.69 219490
324.724 219487
324.745 219482
324.751 219473
325.079 219469
325.196 219463
325.208 219462
325.215 219460
325.308 219454
325.31 219453
325.328 219452
326.279 219449
326.283 219443
326.287 219442
326.296 219434
326.324 219432
326.335 219431
326.359 219428
326.705 219427
326.79 219424
326.811 219419
326.828 219418
326.83 219415
326.831 219414
326.834 219407
327.578 219403
327.607 219401
327.611 219397
327.623 219396
327.627 219391
327.654 219387
327.67 219386
327.88 219376
327.969 219364
328.827 219360
328.834 219359
332.118 219356
332.195 219354
332.213 219352
332.253 219350
332.289 219348
332.293 219346
332.337 219338
332.414 219336
332.426 219334
332.43 219333
332.529 219329
332.532 219327
332.536 219315
332.568 219307
336.299 219305
336.312 219301
336.314 219298
336.32 219296
336.836 219293
336.869 219288
336.87 219284
337.435 219279
337.791 219277
337.795 219275
337.798 219274
337.803 219273
338.146 219269
338.156 219263
338.164 219262
338.174 219261
338.178 219260
338.188 219256
338.198 219249
338.227 219247
338.255 219239
338.381 219238
338.403 219231
338.405 219230
338.407 219222
339.297 219217
339.303 219216
339.306 219214
339.345 219211
339.359 219205
339.361 219201
339.367 219200
339.374 219195
339.378 219193
339.382 219191
339.387 219185
339.394 219184
339.405 219182
339.408 219180
339.517 219177
339.523 219176
340.09 219173
340.099 219172
340.151 219171
340.156 219169
340.158 219168
340.189 219167
340.288 219158
340.299 219152
340.304 219148
340.309 219147
340.316 219144
340.318 219142
340.344 219139
340.354 219138
340.363 219133
340.371 219132
340.392 219126
340.396 219122
340.51 219121
340.55 219119
340.558 219118
340.633 219114
340.69 219113
340.692 219111
340.711 219108
340.714 219107
340.717 219106
340.721 219104
340.904 219103
341.325 219101
341.374 219091
341.391 219086
341.396 219085
341.403 219081
341.407 219080
341.434 219075
341.446 219074
341.489 219068
341.493 219066
341.553 219065
341.561 219064
342.448 219061
342.488 219055
342.53 219042
342.593 219040
342.606 219038
346.9 219031
346.914 219030
346.974 219022
346.981 219021
349.269 219020
350.045 219016
350.262 219012
350.276 219011
350.298 219005
350.302 219004
350.517 219000
350.535 218999
350.548 218995
350.586 218987
350.589 218977
350.662 218975
350.665 218974
350.675 218971
350.704 218968
350.71 218966
350.715 218961
350.726 218958
350.799 218951
351.117 218947
351.123 218939
351.182 218935
351.394 218932
351.703 218926
351.822 218925
351.933 218920
352.097 218917
352.124 218910
352.137 218909
352.148 218907
352.226 218906
352.232 218904
352.303 218903
352.317 218901
352.338 218899
352.341 218890
352.354 218888
352.411 218886
352.462 218882
352.472 218878
352.701 218874
352.717 218873
352.772 218872
352.783 218863
373.674 218862
373.695 218861
373.712 218858
373.732 218856
373.764 218852
373.77 218850
373.771 218848
373.787 218846
373.792 218839
373.808 218838
373.812 218836
373.819 218834
373.847 218833
373.946 218829
374.058 218825
374.076 218824
374.102 218823
374.415 218819
374.439 218815
374.511 218813
374.518 218810
374.527 218800
374.531 218797
374.554 218796
374.561 218794
374.58 218790
374.611 218789
374.763 218787
374.842 218786
374.852 218785
374.857 218783
374.862 218782
375.228 218775
375.231 218773
375.266 218769
375.33 218768
375.434 218765
375.521 218760
375.574 218755
375.624 218752
375.626 218748
375.642 218747
376.103 218743
376.112 218742
377.098 218740
377.126 218739
377.158 218733
377.355 218731
377.53 218730
377.566 218727
377.608 218725
377.616 218722
377.675 218721
378.046 218720
378.103 218719
378.116 218718
378.176 218708
378.606 218706
378.69 218703
378.702 218700
378.729 218699
378.736 218697
378.783 218693
378.785 218692
378.811 218691
378.819 218690
378.833 218687
379.696 218681
379.707 218679
379.763 218678
379.792 218674
379.801 218673
379.88 218669
379.888 218659
379.9 218658
379.903 218655
379.904 218654
379.921 218653
380.002 218652
380.015 218646
380.114 218644
380.116 218643
380.143 218641
380.154 218639
380.16 218634
380.166 218631
380.168 218629
380.175 218627
380.2 218626
380.204 218623
380.223 218622
380.239 218617
380.263 218616
380.422 218615
380.425 218610
380.428 218608
380.464 218606
380.536 218603
380.554 218602
380.789 218599
380.794 218597
380.84 218591
380.899 218585
380.905 218583
385.953 218582
385.966 218579
386.067 218575
386.13 218567
386.204 218566
386.208 218565
386.209 218560
386.233 218558
386.244 218557
386.25 218556
386.279 218554
386.312 218553
386.399 218552
386.409 218550
386.413 218543
386.435 218539
386.442 218532
386.462 218530
386.488 218529
387.096 218525
387.108 218520
387.11 218515
392.183 218510
392.201 218509
392.718 218505
392.734 218504
392.871 218503
393.081 218501
393.235 218499
393.295 218497
393.3 218496
393.334 218495
393.341 218494
393.356 218491
393.359 218488
395.639 218486
395.75 218483
395.806 218481
396.615 218478
396.639 218476
397.116 218475
397.125 218474
397.748 218470
399.914 218468
399.92 218466
399.946 218465
401.706 218464
401.89 218460
401.897 218459
401.901 218454
402.182 218451
404.155 218450
404.158 218448
404.269 218443
404.283 218442
404.296 218441
404.312 218439
404.316 218434
404.337 218433
404.461 218432
404.484 218423
404.5 218422
404.522 218420
404.544 218417
405.018 218413
405.02 218408
405.045 218406
405.065 218405
405.083 218404
405.086 218403
405.098 218402
405.113 218401
405.117 218398
405.147 218397
405.149 218396
405.165 218395
405.169 218391
405.246 218388
405.303 218385
405.528 218384
406.776 218380
407.298 218378
407.461 218377
407.489 218372
407.49 218369
407.53 218364
407.564 218358
408.722 218357
408.827 218346
408.859 218339
408.86 218338
408.894 218336
408.942 218328
409.05 218327
409.056 218325
409.178 218324
409.38 218322
409.485 218320
409.502 218319
409.597 218318
409.599 218313
409.664 218308
409.669 218302
409.906 218300
410.037 218298
414.316 218297
414.439 218295
414.455 218294
414.471 218292
414.648 218290
414.65 218287
414.664 218286
414.696 218285
414.702 218284
414.752 218283
414.762 218282
414.799 218279
414.808 218276
414.809 218273
414.867 218272
414.874 218266
415.41 218261
415.455 218260
415.718 218259
415.809 218257
415.849 218254
416.023 218251
416.054 218248
416.125 218244
416.138 218243
416.208 218241
416.256 218240
416.886 218235
416.982 218228
416.994 218226
417.013 218225
417.028 218223
417.064 218222
417.082 218220
417.094 218219
417.113 218218
417.356 218214
417.403 218213
417.443 218212
417.52 218210
417.557 218206
417.643 218202
417.694 218201
417.698 218200
417.701 218198
418.569 218197
418.581 218195
419.164 218194
419.166 218190
419.19 218185
419.2 218181
419.215 218180
419.232 218178
419.237 218176
419.267 218174
419.313 218173
419.406 218171
421.412 218170
421.45 218169
421.452 218166
421.515 218165
421.71 218164
426.705 218153
426.712 218152
426.766 218151
427.209 218146
427.213 218145
427.223 218144
427.244 218141
427.254 218137
428.605 218134
428.63 218130
428.652 218129
428.801 218126
429.085 218125
429.184 218124
429.297 218123
429.304 218120
429.374 218117
429.447 218116
429.449 218115
429.48 218112
429.482 218111
429.834 218110
429.984 218108
430.067 218107
430.165 218106
430.19 218105
430.195 218104
430.225 218103
430.245 218102
430.302 218100
430.389 218099
430.404 218097
430.532 218095
430.653 218093
430.673 218088
430.699 218086
430.93 218085
437.978 218082
437.994 218081
438.267 218079
438.301 218078
438.309 218077
438.313 218076
438.604 218070
439.223 218069
439.249 218067
439.255 218066
442.209 218059
442.25 218058
442.265 218056
442.71 218055
442.744 218054
442.858 218053
443.476 218051
445.006 218049
445.034 218048
445.054 218046
445.076 218044
445.182 218043
445.206 218041
445.538 218040
445.578 218038
445.588 218036
445.589 218032
445.689 218030
445.705 218028
445.717 218027
445.867 218025
445.973 218024
446.019 218023
446.036 218018
446.045 218017
446.075 218015
446.079 218014
446.13 218012
451.082 218011
451.253 218007
453.2 218006
453.275 218004
453.276 218003
453.278 218001
453.286 217999
453.297 217998
453.337 217996
453.375 217994
453.396 217993
453.432 217990
453.923 217983
453.993 217982
454.08 217980
454.098 217979
454.113 217978
454.121 217974
457.478 217972
457.483 217971
457.491 217970
457.56 217969
457.602 217968
457.621 217963
457.838 217961
457.862 217959
457.991 217958
458.101 217957
458.105 217953
459.379 217951
459.454 217949
459.78 217948
459.848 217947
459.854 217945
459.857 217941
459.86 217935
459.972 217931
460.148 217929
460.186 217928
460.222 217926
460.224 217925
463.732 217924
463.734 217922
465.27 217918
465.273 217917
465.392 217916
465.702 217914
466.039 217913
467.294 217908
467.318 217907
467.593 217905
467.763 217904
468.117 217901
468.355 217900
469.839 217898
470.174 217897
470.224 217896
470.252 217895
470.257 217894
470.26 217893
470.662 217892
470.672 217891
470.727 217890
470.761 217887
470.845 217884
470.847 217883
470.899 217882
470.959 217881
471.565 217880
471.566 217879
471.636 217876
471.647 217875
471.87 217873
472.97 217872
473.15 217870
473.226 217868
474.437 217865
474.459 217863
474.461 217862
474.466 217860
474.583 217858
474.834 217856
474.915 217854
474.975 217848
475.044 217847
475.047 217845
475.052 217844
475.085 217843
475.103 217840
475.106 217839
475.201 217837
475.942 217836
475.967 217832
476.007 217828
476.67 217827
476.683 217826
476.753 217825
476.917 217824
477.532 217823
477.636 217820
477.761 217819
477.875 217816
477.923 217813
478.072 217812
478.131 217811
478.215 217810
478.24 217809
480.764 217806
480.955 217805
481.632 217804
481.655 217802
481.797 217799
481.953 217797
482.1 217796
482.382 217795
482.59 217793
483.29 217792
483.339 217791
483.349 217786
483.416 217785
483.443 217783
483.473 217782
483.611 217780
483.853 217778
483.936 217776
483.954 217773
484.092 217771
484.096 217770
484.128 217768
484.198 217765
484.244 217764
484.41 217758
484.848 217757
485.381 217755
492.851 217753
495.512 217751
496.099 217748
496.201 217745
496.234 217744
496.252 217741
496.315 217737
496.326 217736
496.615 217735
498.571 217734
498.583 217732
498.611 217731
498.647 217730
498.825 217728
498.838 217725
499.298 217723
499.341 217722
500.41 217721
500.476 217716
501.353 217714
501.405 217713
501.791 217712
503.306 217709
503.332 217708
503.381 217707
503.404 217706
503.464 217705
510.39 217704
510.399 217703
510.46 217702
510.635 217701
510.653 217700
512.364 217697
512.412 217696
512.547 217695
512.804 217694
512.841 217693
513.195 217692
513.251 217690
513.27 217689
513.325 217688
513.703 217686
513.73 217684
513.796 217683
513.907 217682
514.161 217681
514.183 217680
516.685 217678
517.746 217676
518.117 217675
518.137 217674
518.227 217673
518.304 217672
518.368 217671
518.471 217669
518.485 217666
518.497 217663
518.531 217662
518.583 217661
518.689 217660
519.617 217659
519.68 217658
520.071 217657
520.249 217656
522.111 217654
522.12 217653
522.242 217652
522.33 217651
522.362 217650
523.033 217649
523.596 217647
523.6 217646
523.644 217645
523.753 217644
523.917 217643
523.932 217641
524.179 217639
524.302 217638
524.645 217635
524.689 217632
524.7 217631
527.715 217630
528.095 217628
529.958 217627
530.375 217626
530.386 217625
530.506 217624
530.574 217623
530.648 217622
530.681 217620
530.721 217619
531.527 217618
531.688 217617
533.579 217616
534.38 217615
534.449 217614
535.788 217613
535.826 217612
536.177 217611
536.211 217610
536.287 217608
536.321 217607
536.357 217606
540.715 217605
540.752 217604
541.308 217602
541.363 217601
541.472 217599
542.017 217598
545.905 217594
545.985 217593
546.326 217592
546.42 217591
546.893 217590
548.19 217587
548.284 217584
549.08 217583
549.543 217582
549.879 217581
550.066 217580
550.12 217579
552.962 217578
553.445 217576
553.463 217574
553.637 217573
553.731 217572
553.739 217571
554.832 217570
555.411 217569
556.267 217568
556.32 217567
556.461 217566
558.48 217565
558.542 217564
558.642 217563
558.879 217562
559.113 217561
559.519 217560
559.576 217559
559.775 217556
560.191 217555
560.284 217554
560.48 217553
561.217 217552
561.614 217551
561.62 217545
561.841 217544
561.908 217543
565.756 217542
565.782 217541
566.003 217540
567.714 217539
568.218 217538
568.518 217537
568.712 217535
570.318 217533
570.353 217532
571.008 217530
571.295 217529
571.657 217528
571.777 217526
572.84 217525
575.762 217524
576.432 217523
576.595 217522
576.736 217521
578.194 217518
578.287 217517
