0.004 14541
0.004 14521
0.004 14458
0.007 14330
0.007 14310
0.007 14309
0.009 14227
0.009 14193
0.01 14109
0.01 14073
0.011 14059
0.012 14044
0.016 13762
0.017 13760
0.019 13757
0.022 13756
0.023 13752
0.026 13715
0.026 13706
0.027 13673
0.028 13637
0.03 13634
0.031 13631
0.032 13626
0.033 13621
0.037 13585
0.038 13564
0.039 13530
0.062 13522
0.064 13492
0.074 13474
0.077 13469
0.078 13466
0.078 13457
0.08 13452
0.083 13436
0.097 13435
0.116 13430
0.126 13428
0.126 13422
0.257 13415
0.305 13385
0.306 13384
0.307 13377
0.337 13373
0.559 13364
0.567 13357
5.726 13348
13.077 13339
70.955 13334
79.018 13330
79.022 13325
155.159 13320
155.164 13315
164.567 13314
164.57 13313
164.644 13311
164.645 13309
180.837 13305
180.853 13299
230.338 13294
266.402 13292
266.426 13290
266.611 13288
