0.003 19947
0.004 19852
0.004 19844
0.004 19840
0.01 19821
0.01 19775
0.011 19761
0.012 19627
0.012 19515
0.013 19450
0.013 19418
0.015 19392
0.016 19383
0.017 19211
0.017 19199
0.018 19133
0.02 19122
0.02 19091
0.021 19013
0.021 18977
0.03 18830
0.03 18785
0.03 18782
0.031 18773
0.031 18764
0.031 18751
0.032 18662
0.033 18651
0.033 18637
0.036 18615
0.036 18372
0.037 18343
0.037 18339
0.038 18294
0.043 18288
0.051 18287
0.06 18283
0.062 18246
0.063 18230
0.063 18217
0.064 18197
0.098 18196
0.099 18166
0.109 18077
0.176 18001
0.516 17994
0.517 17992
0.643 17991
0.648 17981
0.65 17980
0.658 17927
1.965 17895
1.967 17856
2.44 17850
2.443 17825
2.471 17807
2.475 17766
2.479 17754
2.48 17731
2.523 17722
2.527 17709
2.529 17650
2.797 17647
2.801 17609
4.785 17599
4.8 17573
4.806 17563
8.677 17562
8.682 17560
9.009 17550
9.281 17541
9.282 17539
9.286 17529
15.58 17525
15.656 17502
18.275 17501
18.277 17444
22.763 17434
22.77 17433
22.798 17427
28.6 17412
28.678 17393
28.695 17386
28.695 17373
52.114 17370
52.115 17369
52.138 17363
52.139 17355
52.14 17352
72.945 17348
101.361 17342
