0.004 14102
0.004 14061
0.004 14054
0.004 14050
0.005 14018
0.005 14017
0.006 13938
0.006 13906
0.008 13904
0.009 13893
0.009 13874
0.01 13852
0.011 13835
0.013 13822
0.015 13737
0.016 13712
0.017 13697
0.018 13690
0.02 13658
0.021 13651
0.022 13647
0.022 13617
0.024 13607
0.029 13604
0.031 13590
0.033 13584
0.033 13573
0.055 13570
0.056 13563
0.062 13538
0.076 13532
0.085 13513
0.086 13512
0.1 13507
0.101 13497
0.104 13488
0.106 13486
0.133 13477
0.139 13471
0.14 13465
0.315 13435
0.316 13431
0.331 13428
0.34 13418
0.823 13416
0.823 13414
0.824 13409
1.214 13388
2.009 13381
2.509 13379
2.511 13366
4.267 13345
48.772 13343
48.773 13341
49.271 13338
70.088 13337
79.17 13331
110.195 13330
110.196 13328
119.957 13323
119.963 13321
126.25 13314
133.269 13309
205.856 13302
205.859 13300
