0.003 17588
0.003 17468
0.003 17447
0.004 17370
0.004 17203
0.005 17134
0.005 16975
0.007 16913
0.008 16881
0.008 16829
0.009 16797
0.013 16705
0.015 16667
0.015 16622
0.016 16508
0.016 16491
0.017 16449
0.018 16239
0.019 16201
0.02 16151
0.021 16081
0.021 16075
0.023 16070
0.024 16069
0.028 16059
0.028 16055
0.031 16001
0.031 15993
0.032 15943
0.032 15302
0.033 14868
0.034 14864
0.035 14842
0.036 14709
0.036 14696
0.044 14685
0.061 14650
0.069 14636
0.07 14581
0.072 14573
0.091 14568
0.142 14564
0.144 14533
0.149 14528
0.169 14497
0.173 14496
0.195 14426
0.207 14411
0.207 14406
0.382 14362
0.385 14357
0.512 14330
0.692 14327
0.692 14267
0.693 14238
0.696 14220
0.739 14206
1.255 14199
1.258 14196
16.489 14192
24.185 14185
47.341 14173
