0.004 34314
0.004 34311
0.005 34219
0.005 34204
0.006 34180
0.014 34154
0.014 34133
0.021 34104
0.023 34002
0.027 33976
0.027 33855
0.028 33780
0.029 33765
0.037 33712
0.039 33646
0.04 33645
0.041 33625
0.046 33594
0.051 33585
0.055 33568
0.056 33545
0.057 33514
0.06 33438
0.06 33425
0.062 33362
0.063 33348
0.064 33344
0.065 33328
0.17 33246
0.172 33198
0.174 33181
0.174 33172
0.232 33163
0.233 33140
0.241 33105
0.278 33087
0.289 33064
0.374 33040
0.374 32953
0.375 32930
0.42 32926
0.42 32900
0.447 32665
0.448 32636
1.991 32499
1.995 32462
1.995 32449
1.997 32437
2.015 32397
2.033 32367
2.035 32358
2.036 32353
20.914 32320
20.993 32304
24.747 32298
28.561 32276
28.564 32274
28.58 32269
28.603 32264
28.605 32256
30.652 32251
67.025 32235
67.029 32230
67.031 32218
67.036 32211
67.096 32199
75.546 32191
75.546 32189
75.614 32187
75.872 32173
77.357 32124
77.36 32089
77.496 32081
77.521 32079
77.571 32068
77.574 32067
77.587 32065
77.593 32060
77.595 32059
77.601 32040
77.674 32037
77.682 32036
77.691 32029
79.08 32020
79.093 32012
79.154 31979
79.166 31976
79.223 31975
79.227 31958
82.13 31946
82.143 31941
83.087 31940
83.098 31935
83.297 31933
83.299 31927
84.518 31920
84.525 31907
84.669 31895
84.704 31887
87.827 31851
