0.062 61113
0.063 61083
0.063 61050
0.063 61000
0.064 60931
0.065 60851
0.066 60848
0.066 60837
0.067 60784
0.067 60725
0.067 60705
0.068 60635
0.068 60629
0.069 60625
0.071 60610
0.073 60580
0.073 60579
0.074 60546
0.075 60522
0.077 60137
0.078 60102
0.079 60082
0.081 60064
0.082 60054
0.082 59989
0.083 59930
0.083 59904
0.085 59781
0.085 59517
0.086 59432
0.086 59358
0.087 59263
0.087 59237
0.088 59210
0.088 59197
0.089 59062
0.089 59048
0.09 58985
0.091 58946
0.091 58945
0.093 58937
0.094 58923
0.094 58922
0.095 58893
0.096 58887
0.097 58883
0.098 58877
0.099 58876
0.099 58861
0.1 58856
0.112 58753
0.117 58734
0.118 58731
0.119 58693
0.123 58691
0.125 58682
0.127 58680
0.127 58504
0.128 58491
0.128 58433
0.132 58359
0.133 58331
0.134 58317
0.138 58285
0.14 58273
0.141 58272
0.141 58255
0.142 58198
0.143 58194
0.15 58105
0.15 58093
0.151 58079
0.151 58065
0.153 58040
0.153 58022
0.156 58011
0.158 57993
0.159 57845
0.16 57574
0.16 57261
0.161 57256
0.162 57213
0.162 57197
0.163 57093
0.164 57080
0.165 57078
0.167 57073
0.168 57058
0.169 57048
0.176 57005
0.177 57002
0.181 56956
0.182 56935
0.183 56920
0.183 56917
0.183 56906
0.184 56880
0.187 56769
0.188 56708
0.189 56696
0.192 56676
0.193 56592
0.194 56548
0.195 56520
0.197 56428
0.204 56410
0.206 56392
0.207 56387
0.208 56358
0.208 56279
0.21 56277
0.21 56274
0.221 56252
0.222 56248
0.222 56241
0.223 56235
0.225 56234
0.226 56219
0.228 56131
0.229 56087
0.23 56065
0.231 56041
0.231 56040
0.231 56028
0.232 56022
0.235 56002
0.236 55995
0.237 55971
0.237 55951
0.238 55924
0.239 55886
0.24 55846
0.255 55773
0.256 55770
0.257 55767
0.26 55758
0.261 55679
0.262 55664
0.263 55592
0.263 55529
0.264 55494
0.264 55492
0.266 55481
0.267 55473
0.268 55457
0.27 55424
0.272 55417
0.278 55381
0.281 55360
0.282 55359
0.283 55356
0.332 55334
0.333 55326
0.333 55306
0.333 55302
0.339 55279
0.342 55263
0.344 55252
0.344 55248
0.346 55229
0.346 55224
0.347 55221
0.349 55185
0.351 55172
0.352 55168
0.352 55162
0.353 55107
0.353 55091
0.354 55090
0.355 55056
0.355 55040
0.358 54977
0.362 54974
0.363 54931
0.364 54930
0.364 54929
0.394 54886
0.395 54881
0.395 54878
0.397 54798
0.43 54793
0.486 54708
0.487 54689
0.488 54681
0.494 54672
0.495 54668
0.497 54665
0.499 54637
0.501 54636
0.505 54634
0.507 54624
0.508 54623
0.512 54612
0.515 54580
0.517 54566
0.517 54488
0.52 54466
0.593 54457
0.594 54446
0.595 54441
0.604 54390
0.607 54383
0.608 54293
0.612 54247
0.614 54238
0.62 54196
0.623 54159
0.624 54149
0.624 54137
0.7 54127
0.701 54115
0.702 54114
0.702 54112
0.705 54107
0.724 54106
0.725 54090
0.727 54079
0.727 54077
0.73 54054
0.73 54041
0.73 53995
0.887 53988
0.888 53975
0.891 53972
0.891 53952
0.892 53947
0.893 53944
0.895 53921
0.897 53879
0.898 53876
0.917 53861
0.938 53859
0.939 53855
0.939 53853
0.94 53836
1.505 53827
1.537 53784
1.537 53769
1.538 53756
1.656 53744
1.658 53741
1.67 53654
1.67 53628
1.852 53581
1.852 53560
1.856 53539
1.857 53509
1.858 53507
1.86 53462
1.946 53457
1.949 53439
1.95 53437
1.95 53400
2.221 53321
2.223 53309
2.471 53262
2.471 53241
2.473 53222
2.473 53194
2.474 53189
2.475 53188
2.477 53173
2.485 53157
2.486 53139
2.765 53111
2.766 53106
2.768 53093
2.769 53087
2.774 53000
3.008 52993
3.008 52980
3.009 52966
3.014 52941
3.17 52904
3.171 52897
3.466 52883
3.467 52848
3.467 52836
3.468 52797
3.469 52790
4.402 52764
4.405 52724
4.405 52703
4.507 52699
4.508 52696
4.51 52692
4.516 52677
4.523 52674
4.523 52672
4.524 52667
4.525 52666
4.525 52663
4.535 52636
4.536 52621
4.538 52582
4.539 52581
4.548 52578
4.55 52568
4.55 52560
4.551 52549
4.762 52544
4.782 52543
4.782 52535
4.783 52530
4.783 52525
5.12 52519
5.122 52516
6.756 52492
6.757 52482
6.76 52467
6.767 52448
6.777 52411
10.917 52390
10.918 52383
10.92 52377
10.921 52372
10.921 52360
10.922 52332
10.924 52314
10.93 52306
10.93 52295
10.933 52292
10.933 52291
10.934 52289
10.935 52285
10.936 52274
10.937 52264
10.938 52245
11.083 52235
11.794 52212
11.802 52174
13.899 52126
13.911 52124
13.967 52108
14.452 52076
14.465 52040
14.466 51986
14.467 51943
14.576 51935
14.577 51927
14.577 51887
14.579 51886
14.58 51877
14.581 51869
14.755 51868
14.757 51824
14.757 51796
14.844 51794
14.845 51737
14.849 51736
14.849 51732
14.856 51731
14.869 51701
16.04 51690
16.041 51639
16.143 51634
16.192 51586
16.302 51584
16.304 51541
16.448 51514
16.451 51505
16.451 51502
16.452 51480
16.453 51472
17.573 51450
21.19 51447
24.189 51432
24.189 51289
24.201 51287
24.203 51284
24.212 51282
24.213 51277
32.463 51268
32.463 51263
32.463 51258
32.466 51244
32.466 51227
32.466 51222
32.477 51202
32.487 51182
32.488 51149
32.497 51148
32.568 51144
32.568 51139
32.569 51129
32.729 51110
32.73 51063
32.736 51056
32.738 51044
32.741 51002
32.742 50996
32.744 50969
32.744 50956
32.759 50955
32.76 50940
32.773 50919
32.774 50906
32.777 50884
32.777 50844
32.779 50842
32.78 50838
32.781 50825
32.782 50814
32.792 50809
32.793 50808
33.838 50783
34.097 50773
34.098 50750
36.124 50731
36.126 50730
36.129 50716
36.132 50706
36.134 50664
36.137 50652
36.14 50649
38.198 50641
38.199 50631
38.201 50626
40.461 50619
40.462 50595
40.467 50594
40.468 50592
46.553 50559
46.553 50557
59.687 50540
63.352 50534
63.355 50497
63.356 50495
63.36 50493
63.366 50492
63.367 50485
63.38 50481
63.448 50447
63.449 50446
63.45 50436
63.45 50428
63.451 50418
63.454 50384
63.455 50360
63.473 50357
92.613 50334
92.62 50332
92.635 50324
92.636 50322
92.657 50311
92.661 50305
106.901 50278
106.921 50269
113.405 50250
118.344 50242
118.452 50233
118.452 50232
120.262 50220
120.266 50212
120.273 50197
120.274 50189
120.275 50172
143.84 50170
143.843 50155
143.862 50151
149.397 50148
149.407 50147
149.411 50127
149.831 50107
149.839 50106
149.844 50099
149.848 50070
150.032 50067
150.036 50066
152.855 50063
154.111 50038
154.132 50031
156.278 50026
156.284 50011
156.318 49986
156.332 49982
156.336 49972
156.337 49965
156.342 49950
156.344 49944
156.348 49939
156.352 49938
156.353 49919
156.363 49914
177.802 49906
177.817 49903
177.818 49901
177.818 49890
179.872 49887
179.878 49885
179.884 49882
179.885 49878
179.886 49870
179.923 49862
179.937 49858
179.938 49848
183.12 49847
183.122 49845
183.125 49840
204.568 49837
205.701 49825
205.706 49822
207.48 49816
207.485 49802
208.652 49800
208.66 49796
209.248 49792
209.266 49777
209.269 49767
209.272 49763
209.278 49756
209.28 49750
211.687 49748
211.708 49747
211.722 49745
211.723 49735
211.729 49733
216.688 49731
216.702 49721
216.721 49718
216.733 49710
217.249 49695
217.289 49693
217.417 49680
217.42 49674
218.205 49673
218.207 49671
218.216 49667
233.657 49656
233.796 49647
233.857 49641
233.861 49640
233.861 49635
235.89 49623
236.022 49614
236.421 49603
238.322 49598
238.386 49591
256.333 49589
256.346 49578
256.37 49573
258.453 49568
258.46 49566
258.498 49560
259.348 49559
259.362 49554
259.365 49551
259.387 49543
259.391 49542
259.394 49541
259.431 49527
259.877 49520
260.185 49514
260.222 49511
271.108 49508
271.136 49506
271.191 49505
271.247 49503
271.267 49502
271.282 49501
271.284 49500
271.835 49499
271.849 49498
271.969 49497
272.149 49489
272.156 49487
272.16 49486
277.427 49485
277.443 49482
277.45 49468
277.466 49463
277.547 49462
277.867 49461
277.992 49457
304.135 49456
329.178 49455
329.183 49452
329.187 49443
329.199 49441
329.2 49436
329.217 49431
329.326 49420
329.394 49419
329.425 49407
329.432 49400
353.009 49399
353.026 49396
353.151 49395
355.587 49394
355.612 49393
359.667 49391
359.956 49389
359.958 49385
370.131 49383
370.191 49382
370.292 49380
373.696 49378
