0.002 22215
0.002 22152
0.004 22148
0.004 22110
0.004 22081
0.006 21140
0.007 21097
0.008 20742
0.009 20739
0.01 20052
0.011 20046
0.011 19962
0.013 19803
0.016 19799
0.017 19742
0.017 19741
0.035 19709
0.036 19652
0.036 19560
0.05 19458
0.051 19451
0.051 19388
0.054 19375
0.055 19343
0.056 19329
0.059 19210
0.091 19186
0.109 19166
0.125 19161
0.562 19156
0.592 19153
1.145 19151
1.146 19131
1.147 19106
1.198 19092
1.199 19077
1.202 19065
2.181 19064
2.222 19058
2.223 19057
2.227 19038
2.23 19008
2.781 18995
13.057 18994
13.059 18989
20.022 18967
26.841 18963
67.165 18956
67.165 18954
67.167 18952
67.174 18950
73.733 18945
118.518 18942
265.003 18940
273.568 18938
