0.004 19992
0.004 19924
0.005 19849
0.005 19845
0.006 19764
0.01 19607
0.013 19590
0.013 19555
0.013 19463
0.014 19397
0.015 19391
0.018 19383
0.018 19341
0.018 19316
0.019 19306
0.02 19270
0.021 19264
0.021 19251
0.023 19226
0.024 19040
0.025 19019
0.026 18851
0.028 18841
0.028 18820
0.03 18799
0.033 18775
0.035 18741
0.038 18733
0.039 18686
0.04 18672
0.042 18664
0.049 18658
0.05 18515
0.05 18446
0.051 18323
0.053 18309
0.053 18305
0.053 18286
0.054 18285
0.055 18283
0.057 18229
0.06 18193
0.094 18173
0.094 18168
0.1 18157
0.101 18125
0.101 18093
0.103 18092
0.103 18075
0.103 18072
0.104 18037
0.105 18026
0.143 18023
0.36 18022
0.36 18008
0.366 17994
0.815 17978
0.815 17971
0.825 17935
0.827 17926
0.837 17907
0.838 17887
0.838 17878
0.839 17844
0.847 17766
0.849 17718
0.849 17716
0.853 17691
0.894 17663
1.003 17635
1.004 17629
1.006 17611
1.577 17597
1.586 17593
1.588 17546
1.638 17524
7.809 17523
8.2 17507
10.458 17488
10.59 17463
10.591 17456
10.594 17447
18.592 17438
18.841 17427
18.845 17414
18.887 17408
40.699 17351
41.339 17349
42.927 17339
43.003 17331
78.352 17318
78.363 17316
90.144 17311
208.999 17299
