0.003 13736
0.004 13717
0.004 13684
0.004 13650
0.004 13640
0.006 13430
0.006 13423
0.007 13403
0.007 13402
0.009 12931
0.01 12818
0.011 12811
0.011 12706
0.011 12654
0.012 12607
0.014 12554
0.014 12530
0.015 12526
0.017 12521
0.018 12492
0.08 12491
0.08 12424
0.08 12416
0.08 12394
0.095 12369
0.095 12360
0.102 12351
0.156 12344
0.157 12340
0.16 12325
6.836 12318
20 12309
20.001 12300
45.857 12123
45.863 12110
45.925 12098
46.192 12085
48.302 12082
48.303 12077
48.304 12074
99.38 12072
158.329 12067
187.194 12066
