0.002 19965
0.002 19920
0.003 19911
0.004 19905
0.005 19898
0.006 19864
0.026 19846
0.027 19840
0.03 19005
0.03 18896
0.031 18889
0.032 18865
0.032 18835
0.035 18826
0.036 18815
0.038 17811
0.038 17808
0.038 17800
0.039 17771
0.039 17723
0.04 17698
0.04 17670
0.041 17559
0.042 17558
0.045 17388
0.045 17363
0.046 17360
0.052 17355
0.057 17304
0.07 17279
0.296 17261
0.297 17257
0.298 17252
0.355 17229
0.356 17227
0.36 17210
0.395 17199
0.396 17194
12.007 17189
12.009 17188
25.56 17186
31.39 17183
88.42 17181
97.433 17174
110.724 17171
141.009 17170
163.816 17166
168.676 17164
