0.062 61210
0.062 61177
0.063 61176
0.063 61061
0.063 61017
0.064 60947
0.064 60854
0.065 60849
0.065 60832
0.066 60710
0.067 60579
0.067 60429
0.069 60424
0.069 60332
0.07 60298
0.07 60288
0.071 60244
0.071 60237
0.072 59926
0.073 59914
0.073 59821
0.074 59735
0.074 59683
0.076 59608
0.076 59594
0.077 59568
0.077 59531
0.079 59529
0.08 59504
0.082 59473
0.082 59461
0.083 59455
0.084 59434
0.084 59398
0.085 59378
0.085 59353
0.086 59303
0.092 59205
0.093 59078
0.093 59004
0.093 59001
0.094 58838
0.096 58836
0.097 58754
0.097 58748
0.098 58747
0.098 58668
0.099 58641
0.099 58612
0.1 58595
0.1 58567
0.102 58489
0.102 58468
0.103 58443
0.105 58386
0.106 58366
0.106 58359
0.107 58357
0.111 58353
0.111 58342
0.112 58319
0.113 58209
0.114 58185
0.115 58168
0.116 58165
0.117 58163
0.118 58158
0.123 58128
0.123 58123
0.124 57669
0.124 57667
0.125 57647
0.126 57611
0.128 57592
0.129 57584
0.132 57570
0.135 57534
0.135 57531
0.137 57525
0.138 57523
0.139 57508
0.139 57494
0.14 57441
0.141 57434
0.142 57383
0.143 57364
0.143 57341
0.144 57324
0.145 57323
0.145 57316
0.146 57307
0.147 57279
0.148 57272
0.153 57241
0.153 57238
0.154 57236
0.156 57218
0.158 57171
0.158 57168
0.162 57167
0.164 57160
0.164 57147
0.166 57109
0.168 57095
0.169 57084
0.169 57074
0.17 57062
0.171 57052
0.171 57036
0.173 57022
0.175 56962
0.175 56949
0.176 56940
0.177 56929
0.178 56926
0.179 56900
0.196 56888
0.197 56879
0.198 56850
0.212 56827
0.213 56816
0.213 56801
0.214 56764
0.214 56758
0.232 56745
0.246 56717
0.257 56615
0.258 56597
0.259 56448
0.259 56445
0.26 56401
0.26 56385
0.261 56379
0.263 56338
0.264 56332
0.265 56291
0.266 56280
0.268 56265
0.292 56255
0.299 56249
0.3 56248
0.312 56231
0.314 56226
0.318 56119
0.319 56116
0.32 55926
0.321 55923
0.321 55911
0.324 55872
0.325 55841
0.325 55831
0.328 55733
0.33 55730
0.331 55729
0.331 55703
0.332 55690
0.337 55677
0.337 55673
0.338 55601
0.339 55597
0.34 55593
0.34 55585
0.341 55577
0.341 55572
0.342 55536
0.348 55531
0.351 55527
0.355 55523
0.356 55506
0.356 55481
0.357 55472
0.359 55445
0.36 55441
0.36 55425
0.385 55391
0.385 55353
0.386 55332
0.387 55329
0.387 55328
0.439 55299
0.442 55225
0.442 55171
0.463 55073
0.463 55071
0.463 55065
0.465 55051
0.477 55037
0.478 55028
0.479 54963
0.48 54961
0.481 54890
0.501 54877
0.514 54787
0.515 54777
0.516 54772
0.518 54765
0.521 54738
0.522 54717
0.523 54715
0.523 54646
0.524 54639
0.526 54638
0.527 54602
0.529 54601
0.529 54598
0.53 54596
0.56 54542
0.608 54518
0.609 54499
0.611 54468
0.611 54449
0.613 54402
0.634 54340
0.635 54322
0.638 54315
0.639 54299
0.64 54219
0.641 54211
0.641 54187
0.643 54184
0.644 54174
0.655 54153
0.655 54133
0.657 54100
0.663 54094
0.664 54036
0.666 54016
0.671 54013
0.672 54006
0.673 53986
0.679 53783
0.68 53775
0.682 53770
0.686 53732
0.686 53731
0.719 53722
0.723 53644
0.724 53638
0.727 53634
0.733 53620
1.019 53589
1.261 53579
1.262 53577
1.263 53551
1.263 53504
1.264 53453
1.267 53448
1.267 53438
1.268 53436
1.272 53397
1.321 53365
1.323 53356
1.325 53326
1.325 53316
1.326 53305
1.327 53277
1.327 53273
1.329 53258
1.337 53251
1.34 53230
1.346 53224
1.349 53212
1.351 53189
1.351 53177
1.353 53103
1.358 53102
1.458 53062
1.458 53058
1.459 53038
1.46 53032
1.64 53010
1.64 52996
1.641 52975
1.645 52955
1.647 52873
1.647 52871
1.648 52850
1.648 52846
1.649 52841
1.697 52829
1.7 52766
1.7 52760
1.932 52746
1.933 52741
1.935 52685
1.942 52679
1.947 52667
1.958 52653
1.961 52649
1.963 52626
2.578 52608
2.581 52583
2.704 52555
2.704 52552
2.704 52551
2.704 52550
2.708 52548
2.709 52528
2.711 52511
2.725 52500
2.727 52496
2.73 52484
2.732 52474
2.732 52461
2.733 52438
2.734 52390
2.735 52380
2.735 52369
2.736 52365
2.739 52321
2.739 52313
4.449 52312
4.449 52308
4.455 52275
4.459 52274
4.461 52270
4.462 52267
4.462 52264
4.553 52263
4.554 52261
4.554 52257
4.555 52251
4.556 52230
4.557 52181
4.71 52180
4.714 52158
4.715 52113
4.716 52112
4.722 52111
4.723 52094
4.725 52093
4.735 52044
4.817 52024
4.84 52023
4.843 52003
4.849 51981
4.851 51976
4.851 51970
4.853 51944
4.857 51866
4.859 51845
4.865 51780
4.869 51769
4.883 51744
4.886 51742
4.887 51737
4.888 51715
4.889 51714
4.895 51708
4.896 51695
5.793 51653
5.809 51651
5.88 51644
8.177 51639
8.178 51631
10.382 51622
10.383 51620
11.085 51619
11.088 51606
11.09 51605
11.146 51590
12.979 51587
12.983 51546
12.992 51542
13.005 51541
13.029 51525
13.03 51511
13.03 51502
13.03 51492
15.64 51462
15.642 51449
19.58 51448
19.581 51432
19.856 51369
19.856 51313
19.859 51298
19.86 51297
19.86 51294
19.862 51292
22.901 51189
22.901 51176
22.928 51131
22.93 51122
26.65 51108
26.651 51102
26.656 51055
26.81 51052
26.812 51020
26.813 51002
26.815 50993
26.829 50961
26.83 50957
26.833 50954
26.834 50953
26.883 50951
26.885 50923
26.898 50910
27.024 50875
27.024 50847
27.026 50841
27.026 50814
27.03 50792
27.069 50748
27.071 50743
40.968 50730
40.969 50724
40.972 50706
40.972 50697
40.973 50694
40.974 50683
40.975 50663
40.996 50658
41.029 50654
41.029 50620
41.036 50618
41.04 50605
46.73 50587
46.744 50572
46.744 50556
46.749 50554
74.31 50534
74.313 50522
74.323 50519
74.325 50507
74.325 50491
74.328 50484
74.328 50475
75.891 50459
75.894 50457
75.913 50453
75.951 50440
75.952 50413
75.955 50370
75.957 50365
75.96 50351
75.96 50348
76.004 50316
76.005 50309
78.094 50298
78.097 50297
78.098 50294
78.101 50232
78.102 50205
99.046 50204
111.339 50203
111.349 50197
111.664 50196
111.667 50194
119.233 50191
119.235 50186
119.244 50179
119.245 50176
119.248 50172
119.25 50149
119.253 50136
119.257 50110
119.263 50105
119.268 50100
119.271 50097
119.273 50093
119.283 50084
119.284 50082
119.29 50080
119.294 50070
135.787 50053
135.79 50051
135.79 50032
135.792 50030
135.796 50028
135.808 50027
135.816 50018
135.818 50015
135.927 50011
135.933 50007
135.934 50006
135.935 50005
135.936 50003
135.943 49995
135.943 49985
135.944 49977
135.948 49969
135.951 49968
135.956 49967
135.958 49965
135.992 49953
135.996 49937
146.335 49908
146.363 49895
146.373 49893
146.375 49890
152.416 49879
153.17 49878
153.174 49877
153.331 49875
153.341 49855
153.351 49852
160.615 49850
161.842 49840
161.851 49835
161.863 49831
161.869 49826
161.89 49817
161.95 49815
161.973 49814
161.994 49808
161.994 49802
161.999 49801
162.004 49784
162.253 49780
162.254 49770
162.26 49768
162.378 49764
166.163 49759
197.332 49755
197.333 49750
197.348 49742
197.351 49737
197.395 49736
197.434 49731
204.191 49717
204.192 49695
204.193 49690
204.194 49688
212.007 49686
213.558 49684
213.561 49682
213.565 49673
213.569 49665
213.57 49662
213.609 49659
213.77 49650
213.773 49617
213.846 49612
223.953 49611
223.977 49600
223.982 49592
224.108 49590
224.115 49585
224.789 49583
224.811 49579
224.82 49569
224.825 49566
229.629 49564
229.632 49562
229.649 49551
229.651 49549
229.658 49548
229.707 49539
229.707 49538
229.729 49534
229.732 49521
229.738 49517
250.521 49512
251.659 49510
251.669 49507
251.672 49506
251.675 49498
251.697 49490
252.649 49488
252.653 49486
252.658 49484
252.663 49482
253.052 49481
253.054 49475
253.055 49472
253.17 49465
257.164 49463
257.175 49462
257.208 49455
267.348 49451
267.351 49449
267.357 49447
267.358 49440
267.367 49438
272.482 49437
272.51 49430
272.527 49427
272.54 49426
272.561 49425
272.564 49423
275.001 49417
317.709 49410
317.716 49408
317.719 49406
317.72 49405
317.742 49403
318.119 49402
325.331 49398
370.772 49397
371.034 49395
371.095 49389
371.154 49387
372.3 49385
372.302 49383
372.366 49381
376.233 49380
385.477 49378
385.565 49373
385.63 49369
386.181 49367
388.292 49366
388.631 49364
