0.003 42785
0.004 42747
0.005 42742
0.007 42733
0.007 42732
0.008 42727
0.009 42343
0.01 42321
0.011 42299
0.012 42293
0.015 42122
0.016 42119
0.017 42076
0.018 42064
0.024 41971
0.029 41968
0.03 41954
0.031 41941
0.033 41915
0.037 41910
0.053 41909
0.057 41878
0.07 41615
0.072 41614
0.075 41542
0.076 41446
0.077 41355
0.079 41351
0.08 41309
0.08 41294
0.081 41265
0.084 41254
0.085 41249
0.104 41247
0.129 41199
0.197 41192
0.198 41185
0.224 41138
0.224 41134
0.225 41113
0.227 41106
0.228 41099
0.238 41007
0.239 40972
0.24 40792
0.241 40769
0.243 40701
0.244 40698
0.247 40670
0.248 40666
0.25 40647
0.251 40640
0.256 40632
0.257 40589
0.258 40582
0.269 40574
0.274 40549
0.278 40548
0.284 40546
0.287 40543
0.289 40537
0.289 40518
0.294 40513
0.296 40506
0.299 40500
0.3 40494
0.3 40484
0.301 40476
0.303 40469
0.305 40464
0.377 40443
0.378 40440
0.38 40425
0.384 40420
0.386 40418
0.392 40414
0.408 40403
0.413 40402
0.414 40399
0.444 40394
0.458 40376
0.461 40339
0.463 40335
0.568 40323
0.573 40315
0.576 40310
0.578 40296
0.586 40289
0.924 40280
0.925 40273
0.931 40272
1.544 40265
1.547 40248
1.559 40214
1.561 40187
1.567 40185
1.568 40157
1.574 40121
1.593 40117
26.733 40106
36.066 40102
39.536 40091
39.571 40088
39.574 40083
75.968 40080
77.218 40075
77.346 40070
181.435 40068
181.504 40066
268.878 40063
