0.003 34359
0.005 34344
0.007 34227
0.012 33993
0.016 33960
0.017 33948
0.018 33946
0.023 33903
0.025 33855
0.033 33851
0.035 33838
0.037 33830
0.049 33813
0.05 33812
0.053 33803
0.056 33782
0.062 33691
0.064 33681
0.065 33636
0.068 33484
0.069 33440
0.071 33439
0.071 33326
0.127 32991
0.138 32965
0.14 32959
0.14 32957
0.177 32899
0.47 32889
0.471 32879
0.473 32859
0.514 32854
0.597 32828
0.598 32808
0.602 32787
0.706 32773
0.711 32771
0.714 32747
0.724 32746
0.917 32706
0.936 32695
0.937 32682
1.521 32678
1.522 32661
1.529 32649
1.536 32640
1.538 32636
1.755 32611
1.755 32605
1.756 32604
1.757 32588
1.784 32567
7.126 32528
7.133 32486
7.169 32477
7.174 32461
7.178 32454
8.657 32451
8.796 32440
8.798 32439
8.8 32436
8.943 32422
8.946 32421
8.946 32417
8.949 32278
8.952 32271
8.955 32270
13.628 32218
13.628 32201
13.648 32197
13.649 32187
13.654 32178
13.67 32171
13.703 32158
59.736 32152
59.751 32138
59.773 32137
59.778 32125
59.788 32118
59.791 32105
81.888 32102
81.903 32091
81.912 32059
81.924 32058
166.157 32036
166.519 32035
176.89 32034
