0.003 20333
0.004 20279
0.004 20256
0.005 20176
0.005 20174
0.006 20173
0.007 20161
0.008 20000
0.009 19995
0.011 19647
0.012 19639
0.012 19624
0.013 19517
0.014 19496
0.017 19450
0.029 19363
0.031 19346
0.033 19339
0.034 19323
0.038 19308
0.038 19296
0.049 19281
0.059 19247
0.061 19015
0.061 19014
0.062 18942
0.066 18861
0.067 18851
0.068 18803
0.069 18768
0.07 18750
0.075 18693
0.075 18663
0.077 18629
0.085 18625
0.09 18592
0.091 18571
0.091 18548
0.123 18546
0.13 18534
5.882 18529
5.889 18528
5.892 18526
17.765 18518
18.402 18511
40.743 18510
41.289 18509
45.422 18506
54.766 18501
54.796 18498
62.532 18494
72.092 18493
76.832 18491
79.685 18471
