0.003 20362
0.004 20357
0.005 20352
0.007 20308
0.008 20236
0.008 20232
0.008 20206
0.011 20186
0.012 20080
0.014 20032
0.014 20002
0.015 19996
0.016 19941
0.018 19883
0.02 19842
0.021 19808
0.021 19803
0.021 19477
0.024 19390
0.025 19377
0.025 19366
0.025 19334
0.027 19269
0.027 19266
0.028 19255
0.028 19246
0.029 19190
0.03 19167
0.03 19155
0.031 19109
0.056 19104
0.057 19059
0.062 19048
0.063 19037
0.072 19025
0.073 19001
0.103 18996
0.12 18962
0.12 18955
0.121 18882
0.122 18874
0.123 18863
0.165 18842
0.169 18712
0.188 18654
0.189 18651
0.19 18603
0.292 18566
0.292 18565
0.651 18558
0.664 18549
0.665 18545
0.668 18540
1.506 18532
3.07 18530
3.072 18521
13.233 18520
16.926 18516
35.986 18515
35.989 18512
35.99 18493
75.486 18492
75.507 18489
75.531 18487
75.538 18479
114.61 18476
126.984 18472
138.198 18470
162.374 18469
175.585 18465
175.835 18462
244.082 18461
