0.004 14536
0.004 14535
0.005 14457
0.005 14456
0.005 14397
0.006 14351
0.006 14343
0.007 14250
0.009 14234
0.01 14173
0.013 14165
0.014 14143
0.016 14125
0.016 13895
0.017 13892
0.017 13845
0.018 13785
0.019 13752
0.02 13679
0.021 13663
0.023 13657
0.024 13645
0.027 13614
0.027 13600
0.027 13595
0.028 13593
0.033 13592
0.036 13591
0.036 13590
0.038 13562
0.05 13556
0.076 13536
0.1 13527
0.106 13476
0.138 13458
0.138 13435
0.139 13433
0.144 13431
0.444 13429
0.448 13410
0.832 13397
1.05 13380
1.052 13367
2.505 13364
2.505 13359
2.507 13355
18.953 13350
22.413 13346
51.718 13342
51.719 13333
76.296 13330
133.458 13325
140.737 13324
140.743 13322
152.14 13314
158.957 13310
158.96 13309
158.964 13304
176.294 13302
214.868 13300
214.868 13299
219.388 13298
233.715 13292
