0.005 30442
0.006 30354
0.006 30342
0.006 30221
0.007 30170
0.008 30139
0.008 30122
0.009 30102
0.009 30095
0.011 29646
0.011 29645
0.012 29642
0.013 29538
0.013 29498
0.013 29447
0.014 29443
0.015 29313
0.019 29276
0.02 29273
0.026 29184
0.027 29072
0.028 28949
0.029 28867
0.029 28857
0.035 28816
0.036 28719
0.036 28707
0.04 28644
0.047 28624
0.047 28593
0.048 28592
0.05 28584
0.07 28576
0.071 28543
0.086 28542
0.088 28532
0.089 28513
0.09 28500
0.093 28489
0.098 28479
0.099 28468
0.099 28456
0.101 28441
0.102 28440
0.116 28435
0.126 28423
0.126 28345
0.128 28253
0.128 28252
0.128 28231
0.129 28208
0.209 28191
0.21 28142
0.21 28123
0.235 28115
0.237 28087
0.27 28075
0.277 28039
0.279 28029
0.282 27982
0.282 27952
0.284 27949
0.288 27931
0.289 27909
0.29 27897
0.3 27885
0.301 27882
0.302 27848
0.303 27828
0.305 27804
0.309 27794
0.31 27780
0.335 27762
0.338 27755
0.377 27751
0.377 27749
0.378 27734
0.381 27705
0.382 27606
0.475 27582
0.593 27532
0.594 27460
0.595 27449
0.639 27414
0.639 27315
0.64 27302
0.641 27299
0.642 27298
0.643 27291
0.643 27268
0.645 27267
0.797 27261
0.798 27216
0.799 27204
0.808 27162
1.135 27148
1.319 27132
1.32 27116
1.32 27087
1.321 27080
1.325 27057
2.786 27056
2.789 27044
2.791 27037
2.795 26972
2.8 26949
2.8 26924
4.66 26919
4.662 26892
4.669 26890
14.389 26864
14.39 26844
14.409 26802
30.595 26799
30.6 26786
30.615 26727
41.819 26700
41.917 26693
41.919 26691
41.92 26687
41.92 26678
83.557 26674
85.75 26667
85.758 26657
172.813 26649
172.815 26645
176.996 26640
177.024 26639
177.04 26629
177.041 26625
183.473 26611
192.251 26608
192.357 26607
205.983 26605
206.076 26598
224.569 26592
225.891 26583
227.882 26544
228.013 26535
228.013 26532
228.183 26529
228.482 26527
228.488 26525
228.728 26524
228.914 26514
228.941 26512
229.053 26511
229.074 26510
238.67 26505
238.676 26504
239.253 26503
239.277 26502
