0.005 30418
0.006 29864
0.007 29653
0.007 29639
0.01 29632
0.01 29622
0.011 29602
0.012 29532
0.012 29478
0.014 29359
0.015 29357
0.015 29328
0.017 29183
0.018 29164
0.019 29148
0.039 29133
0.041 29120
0.043 29052
0.043 29016
0.045 28973
0.051 28952
0.055 28803
0.062 28773
0.063 28764
0.073 28721
0.074 28714
0.084 28707
0.085 28682
0.086 28681
0.086 28651
0.091 28537
0.092 28489
0.092 28406
0.143 28389
0.145 28246
0.146 28235
0.15 28230
0.152 28223
0.173 28206
0.187 28196
0.189 28188
0.203 28164
0.28 28149
0.281 28127
0.285 28058
0.285 28011
0.287 27983
0.288 27949
0.288 27939
0.29 27925
0.293 27924
0.298 27915
0.415 27841
0.416 27792
0.428 27788
0.432 27734
0.433 27657
0.437 27645
0.438 27641
0.453 27503
0.457 27501
0.457 27492
0.458 27474
0.461 27466
0.474 27418
0.491 27279
0.494 27236
0.667 27224
0.675 27197
0.675 27192
0.675 27174
0.681 27160
1.077 27155
1.1 27114
1.101 27097
1.102 27085
6.119 27070
6.121 27063
6.127 27054
6.143 27019
6.144 27015
6.145 26998
7.871 26983
8.005 26951
8.035 26948
8.528 26932
8.531 26877
8.534 26868
8.537 26825
8.537 26809
8.559 26803
23.302 26802
26.863 26800
26.864 26781
26.864 26780
45.217 26779
45.221 26773
45.222 26768
47.229 26756
49.068 26733
49.072 26726
49.072 26723
49.074 26706
113.058 26705
113.06 26701
116.237 26700
116.238 26699
116.238 26680
116.254 26666
116.257 26665
117.371 26655
117.373 26645
117.384 26644
117.385 26643
117.386 26641
117.398 26636
117.431 26634
117.454 26629
118.343 26622
121.681 26619
122.183 26604
124.236 26598
124.255 26596
124.893 26595
126.582 26591
126.59 26590
127.05 26589
135.039 26579
135.041 26575
143.743 26567
143.743 26566
143.78 26563
143.79 26557
144.665 26548
144.71 26539
159.282 26536
159.29 26535
162.666 26518
162.8 26516
162.815 26515
164.627 26502
167.672 26497
167.686 26496
