0.005 93766
0.005 93728
0.006 92839
0.007 92713
0.009 92356
0.011 92234
0.012 92189
0.014 91686
0.015 90853
0.016 90523
0.017 89925
0.02 89899
0.021 89100
0.021 89061
0.022 88963
0.025 88050
0.027 87810
0.027 87359
0.029 87294
0.029 87215
0.03 87214
0.03 87029
0.033 87009
0.04 86031
0.041 85963
0.043 85958
0.043 85911
0.051 85896
0.052 85871
0.052 85813
0.052 85807
0.053 85769
0.069 85738
0.071 85562
0.075 85411
0.086 85372
0.086 85280
0.088 85231
0.088 85091
0.097 85072
0.098 85013
0.111 84995
0.118 84954
0.123 84928
0.311 84921
0.322 84856
0.399 84852
0.423 84846
0.434 84842
0.437 84836
0.437 84831
0.443 84830
0.444 84828
0.447 84824
0.76 84810
0.763 84808
0.772 84795
0.773 84794
0.774 84789
0.775 84761
0.784 84758
0.787 84740
0.788 84729
0.788 84725
0.791 84609
0.825 84599
0.831 84597
0.834 84593
1.137 84517
1.137 84512
1.14 84511
1.152 84501
1.165 84489
1.305 84467
1.314 84454
1.317 84446
1.319 84432
1.348 84404
1.35 84401
1.362 84395
1.363 84354
2.435 84340
2.472 84334
2.473 84302
2.48 84284
2.489 84282
2.761 84228
2.918 84222
2.919 84200
2.927 84197
2.929 84098
3.058 84093
3.062 84092
3.069 84066
3.071 84054
3.073 84012
3.079 83991
3.081 83932
3.091 83911
3.092 83742
4.841 83738
4.848 83728
4.858 83713
4.861 83691
4.862 83688
4.865 83684
14.751 83671
14.834 83664
14.86 83621
14.864 83600
14.866 83596
14.874 83593
14.917 83588
14.998 83559
15.043 83548
16.413 83531
16.423 83527
16.438 83511
16.443 83496
16.45 83465
16.795 83457
18.442 83450
18.456 83432
21.716 83425
22.043 83418
22.051 83412
22.052 83402
24.101 83401
30.356 83395
30.356 83375
30.381 83369
33.327 83338
33.331 83310
33.332 83306
84.691 83291
84.697 83275
84.726 83274
86.985 83250
102.829 83248
102.849 83241
103.829 83237
104.011 83231
104.016 83221
104.178 83216
104.204 83206
115.905 83193
150.578 83183
151.997 83176
152.308 83157
157.499 83153
161.28 83125
161.293 83120
161.297 83118
161.368 83114
161.407 83111
174.025 83110
174.029 83108
174.081 83103
240.273 83096
246.869 83095
246.915 83094
251.308 83093
251.357 83092
251.384 83090
251.397 83085
