0.006 29404
0.006 29382
0.007 29352
0.007 29351
0.007 29322
0.008 29298
0.009 29207
0.011 29093
0.011 28810
0.012 28735
0.013 28673
0.014 28665
0.015 28599
0.016 28597
0.016 28590
0.021 28469
0.023 28443
0.023 28439
0.024 28359
0.024 28344
0.025 28241
0.026 28240
0.026 28222
0.026 28204
0.029 28199
0.03 28180
0.03 28156
0.032 28113
0.034 28026
0.035 28022
0.035 27963
0.037 27931
0.037 27901
0.038 27896
0.04 27872
0.1 27863
0.124 27857
0.124 27812
0.125 27665
0.143 27637
0.143 27609
0.144 27554
0.146 27544
0.187 27522
0.188 27499
0.195 27451
0.196 27418
0.198 27402
0.2 27334
0.208 27307
0.492 27291
0.512 27264
0.512 27262
0.527 27185
0.541 27149
0.541 27124
0.542 27089
0.544 27069
0.549 27027
0.55 27013
1.043 26950
1.044 26949
1.181 26826
1.231 26786
1.233 26784
1.454 26779
1.455 26755
1.455 26751
1.461 26744
63.796 26714
101.22 26710
101.514 26684
101.543 26681
101.747 26676
101.748 26675
101.75 26673
101.751 26666
110.908 26660
110.919 26653
110.921 26646
119.755 26644
120.233 26641
120.234 26636
120.239 26614
120.967 26612
122.408 26610
122.471 26600
122.474 26599
127.125 26598
127.127 26597
149.995 26582
150.017 26578
207.075 26575
207.231 26574
207.282 26573
207.602 26571
207.676 26566
207.699 26552
207.839 26546
207.845 26544
