0.005 25781
0.006 25530
0.006 25529
0.007 25523
0.008 25504
0.009 25427
0.011 25424
0.013 25350
0.015 25345
0.016 25340
0.017 25208
0.018 25205
0.018 25192
0.021 25188
0.037 25173
0.039 25172
0.043 25162
0.043 25156
0.056 25150
0.056 25138
0.084 25136
0.1 25135
0.101 25130
0.108 25123
0.116 25055
0.116 25049
0.12 24980
0.121 24979
0.124 24977
0.131 24976
0.132 24931
0.133 24920
0.134 24915
0.135 24906
0.161 24891
0.171 24864
0.172 24848
0.172 24846
0.185 24833
0.186 24830
0.187 24825
0.187 24822
0.188 24819
0.222 24796
0.227 24790
0.241 24784
0.242 24781
0.243 24777
0.293 24768
0.296 24747
0.881 24719
0.881 24703
0.884 24700
0.885 24696
0.886 24695
0.888 24686
0.91 24685
0.925 24674
0.929 24670
0.939 24662
0.943 24660
0.945 24651
0.946 24648
0.947 24646
0.963 24642
0.986 24638
1.059 24635
1.171 24634
1.816 24579
1.817 24575
1.818 24569
1.819 24558
1.86 24557
1.861 24555
2.087 24553
2.087 24540
2.223 24539
2.255 24535
2.257 24532
2.258 24531
2.27 24514
2.27 24507
2.282 24505
2.292 24504
2.433 24503
2.434 24496
2.454 24490
2.457 24486
2.458 24480
2.46 24479
2.46 24470
2.462 24459
2.495 24443
2.497 24439
2.498 24437
2.536 24426
4.13 24409
4.164 24404
4.164 24396
4.164 24393
4.168 24387
4.17 24383
4.226 24379
4.227 24369
4.923 24354
4.937 24327
6.221 24322
7.943 24312
8.265 24298
8.265 24293
8.266 24292
8.442 24285
8.447 24279
8.51 24277
8.515 24273
8.516 24272
8.534 24269
9.194 24259
9.994 24255
14.129 24251
14.131 24247
14.135 24234
14.138 24231
14.931 24230
14.945 24228
14.989 24227
16.093 24221
16.095 24216
16.096 24207
28.169 24181
28.169 24178
28.17 24174
28.229 24170
28.237 24165
28.237 24161
28.279 24144
28.279 24143
28.283 24141
28.285 24140
28.468 24130
28.475 24094
28.475 24092
29.517 24083
29.692 24081
29.7 24074
29.701 24069
29.726 24066
29.726 24063
29.728 24058
29.728 24057
29.735 24056
30.105 24053
30.115 24049
30.124 24047
30.125 24045
30.364 24040
30.364 24037
31.194 24029
31.835 24018
31.837 24015
31.842 24010
31.844 24007
32.301 24004
32.302 24002
35.751 23997
36.686 23993
36.688 23991
36.957 23988
47.025 23975
47.696 23971
47.697 23970
47.824 23968
48.794 23966
48.843 23965
51.657 23961
52.342 23955
52.384 23949
52.386 23948
63.336 23934
63.398 23929
63.446 23911
63.506 23910
63.511 23907
63.514 23906
63.515 23903
84.113 23902
84.118 23898
84.133 23894
84.135 23891
93.979 23890
94.01 23889
94.018 23887
132.556 23886
135.567 23885
142.197 23882
143.374 23881
143.378 23878
143.379 23876
143.478 23875
143.698 23874
143.703 23873
143.707 23872
143.85 23868
199.748 23867
199.886 23866
199.905 23865
200.233 23862
201.336 23861
