0.007 39092
0.008 39089
0.009 38886
0.009 38745
0.011 38723
0.012 38710
0.012 38613
0.013 38600
0.016 38574
0.016 38536
0.018 38180
0.018 38005
0.019 37993
0.02 37939
0.021 37935
0.022 37913
0.027 37910
0.034 37895
0.035 37820
0.037 37769
0.037 37713
0.041 37693
0.042 37685
0.043 37657
0.051 37651
0.052 37633
0.053 37629
0.055 37527
0.056 37477
0.059 37419
0.06 37404
0.061 37400
0.062 37349
0.063 37278
0.064 37262
0.065 37261
0.075 37253
0.08 37228
0.082 37108
0.083 37086
0.083 37062
0.092 37049
0.093 37041
0.109 37019
0.109 37008
0.18 36937
0.303 36923
0.303 36898
0.306 36862
0.322 36858
0.323 36850
0.328 36823
0.33 36816
0.331 36814
0.332 36813
0.493 36806
0.497 36786
0.497 36771
0.503 36757
0.504 36668
0.516 36573
0.516 36562
0.517 36551
0.518 36533
0.537 36522
0.538 36520
0.54 36518
0.542 36507
0.543 36485
0.551 36478
0.552 36449
0.552 36407
0.884 36351
0.884 36347
0.938 36320
0.943 36315
1.259 36253
1.26 36208
1.261 36197
1.262 36188
1.263 36169
1.3 36110
1.301 36103
1.304 36102
1.304 36088
1.356 36061
1.356 36053
1.365 36037
1.61 36010
1.612 35997
1.614 35992
1.617 35976
1.62 35922
1.653 35909
1.656 35877
1.657 35860
1.657 35859
1.657 35811
1.676 35804
1.776 35774
1.793 35740
9.184 35704
24.282 35696
24.284 35690
24.431 35682
24.434 35678
24.436 35668
24.439 35636
24.445 35633
24.446 35631
24.448 35630
24.453 35610
39.357 35591
39.358 35581
39.361 35570
39.362 35557
39.363 35544
39.365 35543
39.37 35541
39.375 35539
53.471 35532
53.471 35516
53.471 35494
53.476 35480
54.028 35463
54.029 35461
54.033 35449
57.89 35428
57.915 35418
57.916 35411
57.918 35402
57.919 35362
71.369 35358
71.37 35352
71.373 35341
71.395 35337
71.396 35322
71.396 35295
71.402 35293
96.428 35292
96.43 35277
96.435 35263
96.437 35258
106.996 35255
107.049 35252
107.049 35247
107.164 35239
107.169 35234
