0.005 16592
0.006 16523
0.006 16387
0.006 16386
0.007 16357
0.007 16273
0.008 16250
0.008 16247
0.008 16231
0.009 16218
0.01 16202
0.01 16193
0.01 16166
0.011 16164
0.012 16148
0.014 16070
0.015 15997
0.015 15935
0.017 15879
0.028 15823
0.03 15587
0.033 15481
0.033 15229
0.035 15179
0.038 15148
0.04 15139
0.041 15123
0.043 15094
0.046 15050
0.051 15013
0.052 14993
0.053 14988
0.063 14982
0.067 14966
0.069 14949
0.07 14919
0.097 14910
0.099 14902
0.102 14873
0.103 14865
0.105 14800
0.107 14795
0.107 14777
0.125 14718
0.131 14704
0.132 14641
0.151 14638
0.198 14625
0.198 14622
0.198 14605
0.2 14603
0.213 14591
0.214 14562
0.218 14547
0.599 14534
0.6 14500
10.014 14486
23.633 14477
23.633 14471
23.636 14461
23.637 14444
23.637 14441
375.825 14437
375.837 14391
375.906 14387
375.919 14356
375.929 14354
375.934 14347
378.388 14342
