0.005 23228
0.005 22707
0.006 22661
0.006 22649
0.007 22441
0.007 22425
0.009 22352
0.01 22313
0.01 22297
0.013 22210
0.013 22169
0.014 22150
0.014 22115
0.014 22105
0.015 21854
0.015 21840
0.016 21791
0.018 21787
0.02 21777
0.022 21575
0.029 21571
0.032 21568
0.036 21529
0.036 21528
0.038 21513
0.043 21492
0.045 21445
0.045 21438
0.045 21372
0.046 20200
0.046 20142
0.047 20076
0.048 20075
0.048 19932
0.051 19931
0.053 19794
0.054 19762
0.055 19734
0.056 19688
0.056 19591
0.057 19408
0.058 19293
0.059 19213
0.06 19034
0.061 19009
0.067 18962
0.072 18951
0.082 18905
0.086 18872
0.184 18825
0.186 18817
0.255 18809
0.332 18791
0.369 18768
0.369 18767
0.372 18746
0.376 18678
0.377 18669
0.388 18657
0.389 18636
0.39 18604
0.535 18597
0.536 18581
0.539 18573
1.28 18560
1.281 18533
1.283 18516
1.935 18511
2.973 18507
2.975 18493
7.03 18490
7.031 18489
17.009 18481
17.592 18475
24.854 18472
38.31 18471
38.314 18468
40.549 18466
40.55 18462
44.467 18458
55.487 18440
59.616 18434
66.001 18425
66.007 18381
115.207 18377
126.975 18374
143.815 18371
143.816 18368
143.825 18367
196.022 18362
196.025 18361
238.383 18359
