0.007 29349
0.007 29327
0.008 29287
0.008 29264
0.009 29006
0.009 28982
0.01 28975
0.01 28913
0.011 28912
0.012 28873
0.012 28821
0.013 28744
0.014 28742
0.015 28681
0.016 28664
0.017 28640
0.017 28534
0.021 28365
0.021 28359
0.022 28280
0.023 28251
0.024 28220
0.03 28163
0.031 28157
0.033 28098
0.033 28087
0.035 28023
0.036 28011
0.038 28007
0.044 27995
0.046 27993
0.052 27986
0.052 27982
0.055 27933
0.059 27927
0.06 27911
0.062 27883
0.064 27846
0.064 27825
0.065 27810
0.067 27808
0.067 27806
0.067 27804
0.068 27770
0.079 27764
0.083 27716
0.084 27700
0.084 27696
0.086 27671
0.338 27634
0.348 27610
0.355 27601
0.412 27588
0.428 27575
0.575 27573
0.576 27557
0.585 27526
0.586 27521
0.587 27473
0.587 27458
0.605 27450
0.606 27448
0.615 27283
0.637 27159
0.639 27152
1.081 27131
1.083 27127
1.088 27123
1.088 27122
1.09 27089
1.091 27087
1.092 27081
1.094 27062
1.101 27057
1.102 27046
1.896 27018
1.921 27007
1.922 27003
1.922 26997
1.924 26996
1.926 26975
2.079 26929
2.106 26909
2.156 26905
2.156 26904
2.905 26895
6.475 26894
6.476 26893
6.621 26886
6.638 26879
6.639 26821
6.64 26820
6.643 26819
6.652 26815
9.708 26810
16.489 26798
16.534 26790
33.826 26742
33.827 26730
33.827 26728
33.827 26726
33.88 26684
33.942 26683
34.249 26674
34.249 26665
46.245 26660
46.249 26656
46.256 26645
46.26 26640
46.261 26631
46.262 26598
46.265 26590
46.267 26587
46.279 26584
46.547 26564
86.002 26563
86.737 26550
86.744 26535
86.744 26534
86.849 26525
91.474 26514
96.237 26512
96.578 26511
99.189 26507
103.156 26501
103.173 26497
103.175 26495
111.5 26492
111.507 26479
111.523 26476
117.566 26473
117.568 26468
117.569 26453
117.57 26446
118.377 26441
118.69 26434
130.955 26428
134.95 26427
149.503 26426
149.576 26401
149.579 26394
155.935 26392
156.493 26391
170.742 26385
170.787 26384
171.081 26381
171.143 26376
171.25 26374
171.271 26372
171.298 26369
173.433 26352
173.575 26349
177.841 26346
178.028 26345
178.029 26343
