0.007 76182
0.008 76058
0.008 76009
0.009 75928
0.009 75912
0.01 75876
0.011 75811
0.012 75663
0.012 75600
0.013 75579
0.013 75497
0.014 75487
0.014 75292
0.015 75071
0.017 75032
0.019 74277
0.02 74196
0.022 73778
0.023 73776
0.023 73719
0.024 73687
0.025 73676
0.028 73613
0.028 73563
0.029 73506
0.029 73376
0.031 73321
0.031 72890
0.032 72549
0.033 72378
0.035 72260
0.036 72245
0.039 72240
0.04 71805
0.047 71803
0.047 71792
0.047 71782
0.048 71768
0.049 71754
0.051 71743
0.051 71742
0.055 71712
0.062 71620
0.064 71618
0.064 71589
0.065 71460
0.066 70978
0.069 70921
0.076 70894
0.077 70890
0.078 70719
0.08 70487
0.081 70381
0.082 70315
0.085 70307
0.086 70269
0.087 70201
0.088 70188
0.089 70166
0.09 70123
0.091 70069
0.091 70006
0.092 69955
0.093 69903
0.095 69760
0.096 69759
0.097 69733
0.112 69727
0.113 69623
0.15 69577
0.152 69496
0.157 69476
0.227 69474
0.255 69396
0.263 69383
0.284 69355
0.286 69304
0.298 69290
0.299 69274
0.299 69261
0.302 69248
0.35 69210
0.357 69204
0.357 69170
0.358 69168
0.361 69160
0.368 69140
0.374 69062
0.394 69060
0.399 69059
0.422 69028
0.427 68989
0.428 68979
0.437 68971
0.437 68969
0.438 68933
0.443 68927
0.446 68911
0.448 68910
0.456 68907
0.456 68901
0.458 68893
0.46 68873
0.464 68867
0.464 68842
1.126 68839
1.427 68771
1.428 68762
1.43 68734
1.43 68664
1.453 68650
1.457 68625
1.46 68611
1.461 68610
1.488 68592
1.503 68575
1.503 68562
1.503 68517
1.504 68514
2.092 68511
2.127 68497
2.312 68496
2.812 68470
2.814 68468
2.82 68467
2.825 68448
2.86 68445
2.861 68385
3.319 68383
3.329 68351
5.513 68348
5.518 68314
5.535 68302
5.605 68241
5.627 68236
5.748 68222
5.75 68204
5.76 68149
6.479 68147
6.48 68108
6.482 68080
6.497 68063
6.539 68039
6.641 68015
6.651 68009
10.528 67999
10.53 67994
10.531 67961
10.532 67943
10.846 67927
11.087 67875
11.103 67867
11.115 67834
11.116 67833
11.16 67781
11.182 67764
11.183 67762
11.186 67751
11.186 67733
11.199 67729
11.205 67719
11.308 67707
11.316 67702
20.843 67699
20.846 67692
20.863 67685
20.948 67613
20.951 67608
50.223 67582
50.225 67581
50.226 67570
56.077 67545
56.078 67517
56.327 67504
56.329 67488
56.335 67485
56.34 67479
56.344 67469
56.655 67459
56.658 67457
56.659 67455
56.66 67453
56.66 67449
80.863 67447
80.888 67435
80.896 67429
80.898 67422
80.909 67419
80.915 67417
101.946 67389
102.586 67387
104.105 67383
104.855 67371
105.053 67343
105.076 67341
105.399 67334
105.4 67329
105.409 67326
105.416 67317
105.52 67315
105.601 67312
105.602 67309
107.33 67304
128.383 67290
128.395 67284
128.408 67273
128.72 67257
128.738 67254
275.746 67253
275.772 67252
281.819 67251
282.25 67248
