0.007 39011
0.007 38985
0.008 38983
0.008 38970
0.009 38964
0.009 38781
0.011 38543
0.012 38529
0.012 38497
0.027 38465
0.027 38418
0.029 37864
0.03 37858
0.031 37828
0.031 37817
0.034 37792
0.035 37654
0.037 37647
0.039 37638
0.04 37538
0.041 37537
0.047 37446
0.048 37441
0.049 37436
0.052 37402
0.054 37398
0.055 37381
0.069 37296
0.075 37234
0.075 37205
0.075 37189
0.076 37175
0.076 37161
0.078 37157
0.08 37147
0.08 37127
0.081 37115
0.09 37110
0.091 37107
0.092 37102
0.123 37046
0.147 37041
0.147 37023
0.148 36859
0.148 36841
0.151 36830
0.151 36814
0.153 36790
0.281 36632
0.284 36541
0.382 36449
0.44 36438
0.441 36433
0.442 36412
0.444 36337
0.462 36335
0.474 36301
0.489 36284
0.493 36233
0.494 36212
0.539 36183
0.539 36167
0.54 36160
0.542 36148
0.901 36103
1.061 36073
1.067 36041
1.069 36032
1.071 36031
1.072 36017
1.073 36015
1.804 36007
1.804 36005
1.805 35997
1.807 35983
1.809 35942
1.814 35937
1.818 35869
1.824 35851
1.832 35848
1.834 35820
1.837 35805
8.366 35803
8.367 35800
8.367 35785
9.929 35781
9.934 35780
9.934 35771
10.575 35767
10.578 35736
10.579 35729
10.594 35724
10.609 35689
10.621 35659
10.622 35650
10.623 35621
10.861 35602
10.863 35600
10.867 35587
10.869 35525
27.494 35523
27.495 35513
27.511 35481
33.63 35478
33.653 35434
74.152 35425
74.154 35385
75.197 35364
75.206 35362
75.207 35349
79.879 35326
79.88 35316
79.881 35313
79.884 35311
79.925 35307
81.318 35263
81.322 35262
81.323 35259
82.002 35246
82.006 35230
127.845 35215
127.85 35214
156.707 35195
156.714 35194
163.351 35193
163.365 35189
176.107 35170
176.108 35168
176.118 35165
176.123 35161
176.197 35160
176.224 35154
176.229 35150
176.233 35147
176.327 35142
176.868 35137
176.871 35128
177.915 35121
178.423 35120
178.447 35119
179.491 35118
180.081 35114
180.613 35113
180.651 35105
180.935 35104
180.996 35098
180.998 35096
192.597 35095
192.601 35088
202.482 35084
207.079 35083
207.09 35082
207.562 35079
207.571 35074
207.679 35062
207.681 35061
207.825 35060
208.245 35059
208.246 35058
208.253 35057
208.269 35055
211.676 35054
