0.01 39254
0.01 39203
0.01 39198
0.011 39190
0.011 39126
0.011 39111
0.012 39083
0.013 39001
0.014 38999
0.016 38902
0.016 38887
0.016 38841
0.017 38820
0.018 38746
0.018 38740
0.026 38684
0.028 38603
0.028 38602
0.03 38569
0.03 38565
0.04 38367
0.04 38366
0.041 38364
0.041 38346
0.042 38246
0.043 38183
0.044 38154
0.048 37871
0.048 37829
0.049 37740
0.051 37631
0.051 37622
0.052 37618
0.054 37614
0.055 37591
0.056 37580
0.057 37548
0.062 37484
0.064 37480
0.065 37471
0.066 37451
0.067 37443
0.087 37442
0.088 37441
0.088 37408
0.122 37399
0.127 37366
0.128 37327
0.129 37325
0.13 37278
0.131 37271
0.133 37014
0.137 36345
0.137 36232
0.138 36194
0.139 35986
0.141 35959
0.142 35896
0.143 35891
0.143 35852
0.144 35851
0.145 35847
0.147 35845
0.148 35796
0.149 35710
0.149 35691
0.157 35656
0.157 35652
0.158 35460
0.159 35429
0.162 35410
0.173 35400
0.173 35355
0.174 35349
0.175 35348
0.179 35305
0.181 35296
0.181 35270
0.182 35254
0.183 35229
0.192 35224
0.192 35044
0.193 35006
0.193 34980
0.265 34942
0.27 34933
0.271 34932
0.272 34917
0.274 34916
0.275 34901
0.288 34855
0.289 34847
0.295 34846
0.297 34729
0.297 34723
0.299 34716
0.299 34695
0.3 34693
0.301 34651
0.306 34647
0.306 34634
0.323 34617
0.327 34592
0.327 34539
0.338 34525
0.34 34491
0.341 34485
0.394 34435
0.397 34423
0.398 34421
0.399 34386
0.399 34383
0.405 34375
0.405 34363
0.42 34340
0.421 34328
0.421 34323
0.421 34296
0.573 34285
0.578 34167
0.617 34142
0.618 34139
0.623 34108
0.625 34082
0.627 34055
0.793 34024
0.832 34014
0.833 33987
0.834 33930
0.835 33929
0.836 33916
0.866 33828
0.867 33819
0.87 33798
0.873 33793
0.873 33738
0.991 33729
0.993 33690
1.151 33649
1.151 33637
1.292 33611
1.293 33602
1.295 33590
1.295 33565
1.295 33549
1.297 33546
4.032 33245
4.033 33223
4.034 33216
4.034 33214
4.034 33169
4.06 33156
4.088 33153
4.089 33119
4.09 33090
4.091 33059
4.094 33053
4.095 33052
4.101 33021
4.101 32960
4.102 32950
4.103 32940
4.11 32921
4.112 32888
4.113 32872
4.114 32857
4.115 32854
4.116 32834
4.117 32811
4.119 32789
4.684 32781
4.685 32769
4.745 32742
4.749 32732
4.816 32720
7.386 32692
9.405 32682
9.415 32678
12.408 32636
12.533 32582
13.732 32546
19.623 32540
19.624 32534
21.295 32513
49.979 32505
50.071 32498
50.072 32495
54.593 32474
54.602 32466
55.209 32461
55.618 32456
55.623 32440
55.635 32428
55.934 32417
55.97 32414
56.1 32413
56.107 32410
56.149 32396
56.152 32386
56.159 32362
56.24 32338
56.241 32335
56.325 32314
56.327 32302
56.331 32298
70.203 32297
70.207 32291
70.221 32289
70.221 32282
72.82 32271
72.821 32269
72.824 32265
72.833 32263
77.015 32256
77.033 32255
99.433 32245
107.958 32243
108.008 32228
108.029 32227
108.034 32214
123.487 32211
123.489 32183
123.496 32177
130.405 32157
134.192 32151
134.226 32150
134.243 32132
134.293 32130
134.302 32128
155.549 32126
155.57 32121
155.581 32119
156.576 32112
156.577 32100
156.683 32098
156.687 32095
156.694 32093
156.702 32090
156.714 32088
164.235 32087
164.241 32078
164.293 32076
164.327 32073
164.719 32065
165.464 32064
174.798 32055
178.825 32052
214.296 32050
214.52 32047
214.527 32046
214.772 32038
259.612 32029
