0.008 26670
0.009 26563
0.009 26508
0.009 26501
0.01 26473
0.01 26404
0.01 26385
0.01 26338
0.011 26331
0.011 26311
0.012 26270
0.013 26220
0.019 26205
0.02 26199
0.022 26174
0.023 26132
0.025 26121
0.025 26107
0.026 26097
0.027 26093
0.028 26085
0.03 25992
0.03 25902
0.031 25896
0.032 25841
0.033 25803
0.033 25784
0.034 25761
0.034 25598
0.035 25581
0.037 25571
0.054 25524
0.055 25518
0.059 25502
0.06 25491
0.06 25482
0.061 25448
0.066 25446
0.071 25409
0.071 25395
0.073 25336
0.077 25201
0.077 25149
0.077 25140
0.101 25095
0.101 25080
0.102 24997
0.102 24849
0.103 24795
0.103 24682
0.104 23800
0.104 23769
0.106 23749
0.107 23589
0.112 23532
0.112 23531
0.113 23489
0.114 23487
0.131 23486
0.141 23464
0.145 23442
0.145 23410
0.146 23378
0.146 23372
0.158 23367
0.162 23358
0.163 23339
0.166 23336
0.167 23329
0.167 23295
0.204 23263
0.205 23259
0.206 23240
0.206 23233
0.222 23213
0.233 23200
0.235 23196
0.255 22868
0.259 22826
0.26 22800
0.26 22762
0.261 22755
0.413 22751
0.416 22725
0.454 22712
0.472 22695
0.48 22641
0.489 22561
0.493 22535
0.527 22534
0.527 22529
0.53 22525
0.53 22474
0.568 22462
0.569 22458
0.569 22454
0.569 22451
0.573 22418
0.58 22393
0.612 22368
0.613 22361
0.613 22321
0.621 22293
0.621 22280
0.658 22276
0.659 22275
0.664 22267
0.666 22254
0.679 22244
0.68 22228
0.68 22221
0.682 22220
0.685 22211
0.685 22196
0.696 22177
0.696 22128
0.7 22100
0.708 22099
0.709 22060
0.709 22045
0.719 22037
0.722 22018
0.732 22011
0.753 21998
0.754 21973
0.756 21966
0.758 21913
0.758 21874
0.865 21865
1.313 21824
2.186 21812
3.527 21811
3.53 21800
4.73 21726
18.311 21725
18.702 21717
18.705 21712
38.055 21709
43.74 21708
43.961 21702
45.994 21697
45.995 21687
54.994 21682
58.256 21680
59.093 21679
59.928 21655
61.07 21652
79.173 21647
82.082 21646
108.969 21643
112.284 21640
131.587 21639
131.639 21638
131.688 21633
131.689 21630
131.743 21627
142.447 21623
147.378 21618
147.391 21617
154.897 21616
163.083 21613
175.327 21610
