0.007 25522
0.008 25493
0.008 25473
0.008 25463
0.008 25428
0.009 25389
0.009 25330
0.01 25307
0.01 25264
0.011 25239
0.012 25213
0.012 25205
0.014 25025
0.014 24952
0.014 24946
0.017 24918
0.017 24853
0.018 24845
0.019 24837
0.019 24831
0.02 24770
0.026 24756
0.028 24697
0.034 24658
0.035 24630
0.035 24593
0.036 24582
0.037 24576
0.037 24574
0.038 24525
0.039 24519
0.045 24494
0.048 24445
0.048 24418
0.049 24399
0.05 24398
0.051 24359
0.051 24348
0.061 24317
0.063 24293
0.064 24276
0.065 24242
0.066 24209
0.067 24167
0.076 24164
0.077 24140
0.08 24139
0.081 24133
0.083 24124
0.088 24116
0.089 24086
0.089 24076
0.095 24051
0.102 23978
0.146 23942
0.159 23934
0.16 23911
0.169 23846
0.169 23815
0.17 23789
0.171 23752
0.178 23741
0.186 23732
0.192 23675
0.203 23668
0.204 23661
0.205 23659
0.205 23616
0.205 23612
0.212 23602
0.214 23507
0.335 23502
0.336 23501
0.336 23488
0.337 23481
0.337 23472
0.338 23469
0.339 23466
0.339 23438
0.35 23437
0.487 23436
0.488 23434
0.491 23379
0.494 23365
0.495 23322
0.496 23319
0.496 23291
0.498 23199
2.238 23192
2.24 23191
2.241 23182
2.243 23152
2.524 23150
2.525 23140
2.526 23085
2.528 23062
2.53 23049
3.878 23032
3.881 23021
3.883 23017
3.885 23010
3.886 22996
3.889 22992
3.909 22991
3.913 22977
9.238 22972
9.239 22969
20.701 22940
20.702 22921
20.753 22909
21.484 22853
21.485 22844
25.15 22838
25.154 22822
25.366 22792
25.398 22753
81.9 22752
107.872 22726
110.538 22724
110.663 22714
110.796 22711
110.8 22703
226.733 22698
229.148 22694
239.581 22684
239.69 22677
239.726 22676
239.787 22672
240.472 22671
279.3 22670
280.856 22669
280.913 22668
