0.011 121122
0.011 121101
0.012 120060
0.013 119966
0.014 119950
0.014 119901
0.015 119641
0.016 119537
0.017 118976
0.018 118357
0.019 117817
0.02 116704
0.021 116611
0.022 116194
0.023 115281
0.025 115197
0.026 115044
0.027 115006
0.029 114611
0.03 114516
0.031 114017
0.031 113212
0.032 111950
0.034 111324
0.034 111320
0.035 110414
0.039 110392
0.04 110377
0.042 109164
0.043 109055
0.044 108894
0.045 108892
0.048 108374
0.049 108037
0.05 107882
0.051 107875
0.055 107819
0.056 107578
0.064 107571
0.068 107514
0.07 107474
0.072 107454
0.073 107443
0.074 106924
0.076 106773
0.078 106721
0.08 106697
0.081 106688
0.081 106632
0.084 106631
0.085 106606
0.089 106526
0.09 106516
0.09 106408
0.093 106393
0.095 106378
0.104 106336
0.105 106327
0.106 106317
0.106 106283
0.107 106227
0.119 106200
0.12 106190
0.123 106189
0.132 106176
0.134 106063
0.138 106027
0.139 106020
0.139 105980
0.14 105922
0.141 105824
0.141 105813
0.143 105679
0.154 105664
0.154 105357
0.157 105188
0.167 105142
0.176 105115
0.181 105040
0.186 104976
0.187 104970
0.189 104969
0.19 104967
0.197 104965
0.201 104944
0.204 104883
0.205 104736
0.208 104721
0.212 104601
0.221 104428
0.257 104425
0.258 104416
0.258 104405
0.26 104387
0.282 104379
0.294 104377
0.302 104369
0.314 104364
0.315 104347
0.367 104346
0.37 104345
0.374 104313
0.375 104266
0.451 104231
0.452 104219
0.452 104208
0.455 104190
0.472 104181
0.559 104177
0.564 104074
0.567 104063
0.595 104050
0.597 104049
0.609 104034
0.611 103991
0.612 103980
0.615 103978
0.615 103971
0.616 103958
0.623 103955
0.624 103905
0.624 103902
0.625 103863
0.714 103831
0.715 103830
0.752 103539
0.766 103477
0.767 103449
0.804 103419
0.806 103326
0.807 103316
0.807 103304
0.812 103295
0.813 103239
0.814 103236
0.816 103235
0.849 103197
0.854 103192
0.9 103189
0.952 103185
0.959 103179
0.962 103150
0.965 103147
0.97 103146
0.973 103136
0.974 103132
0.975 103131
0.979 103126
0.982 103105
0.989 103085
1.199 103082
1.2 103028
1.225 103026
1.226 103015
1.23 102966
1.232 102867
1.253 102789
1.27 102785
1.272 102780
1.286 102764
1.288 102759
1.289 102738
1.29 102712
1.291 102680
1.302 102669
1.312 102538
1.336 102533
1.337 102528
1.346 102527
1.352 102523
1.356 102513
1.357 102494
1.358 102479
1.359 102477
1.359 102473
1.36 102472
1.466 102468
1.467 102465
1.477 102460
1.481 102439
1.486 102425
1.487 102423
1.49 102417
1.744 102314
1.747 102268
1.783 102257
2.333 102156
2.885 102154
4.096 102147
25.084 102129
25.086 102127
25.724 102115
25.725 102106
25.748 102091
28.45 102089
36.62 102070
36.621 102036
36.64 102022
36.74 102006
37.007 101982
37.009 101946
37.343 101943
37.352 101920
37.37 101914
37.378 101867
46.409 101824
46.41 101819
46.539 101810
46.552 101809
46.592 101803
46.599 101800
46.6 101792
46.653 101781
46.655 101759
46.657 101758
46.672 101734
46.691 101715
46.695 101708
46.695 101696
76.721 101685
104.005 101675
104.007 101673
133.004 101651
133.127 101601
133.131 101600
133.153 101595
198.84 101579
231.165 101566
246.109 101565
246.286 101560
246.289 101543
246.684 101540
246.949 101538
246.954 101536
249.658 101526
250.189 101517
250.207 101514
250.212 101510
250.308 101509
250.524 101505
250.554 101486
256.67 101485
256.671 101483
270.188 101482
270.205 101479
270.265 101477
270.447 101468
278.327 101466
278.447 101464
279.207 101460
279.277 101455
280 101450
280.005 101446
282.762 101440
282.779 101438
397.993 101427
