0.007 22859
0.008 22847
0.008 22823
0.008 22809
0.009 22737
0.01 22375
0.01 22374
0.01 22356
0.011 22346
0.011 22301
0.012 22255
0.012 22252
0.013 22187
0.014 22150
0.014 22086
0.023 21925
0.024 21562
0.026 21547
0.026 21546
0.035 21527
0.048 21497
0.048 21494
0.049 21427
0.05 21424
0.052 21383
0.055 21347
0.068 21342
0.069 21338
0.07 21336
0.074 21315
0.076 21304
0.076 21282
0.077 21258
0.078 21222
0.078 21164
0.09 21149
0.091 21001
0.091 20998
0.092 20978
0.095 20966
0.096 20906
0.097 20896
0.098 20848
0.099 20837
0.103 20831
0.103 20823
0.103 20821
0.104 20819
0.105 20794
0.106 20758
0.106 20707
0.106 20701
0.111 20678
0.112 20647
0.113 20585
0.114 20560
0.121 20502
0.13 20332
0.13 20319
0.131 20291
0.132 20131
0.132 19973
0.133 19889
0.138 19865
0.139 19863
0.147 19829
0.153 19815
0.154 19793
0.156 19565
0.158 19563
0.159 19557
0.16 19475
0.162 19458
0.162 19456
0.163 19427
0.163 19391
0.165 19370
0.166 19350
0.168 19341
0.247 19308
0.254 19299
0.255 19247
0.266 19236
0.27 19174
0.274 19167
0.275 19158
0.275 19152
0.276 19146
0.278 19137
0.282 19123
0.294 19108
0.31 19055
0.311 19031
0.319 19030
0.325 19025
0.467 18970
0.471 18963
0.472 18957
0.478 18929
0.48 18923
0.634 18914
0.635 18897
0.635 18893
0.713 18684
0.745 18681
0.831 18680
0.832 18670
0.903 18637
0.905 18605
0.938 18579
0.982 18534
0.982 18504
0.983 18503
0.983 18486
0.987 18479
0.99 18464
0.995 18460
0.996 18454
0.996 18445
1.852 18430
2.457 18417
2.458 18414
2.461 18411
2.472 18375
2.85 18353
2.851 18313
2.853 18301
2.854 18300
62.646 18296
62.653 18288
62.655 18281
62.855 18274
62.872 18257
62.874 18235
94.228 18228
94.251 18225
124.186 18210
124.192 18193
154.145 18190
154.148 18189
165.396 18188
165.417 18185
165.678 18184
174.155 18183
189.714 18175
189.738 18170
189.741 18164
189.745 18161
231.992 18160
231.993 18155
