0.008 24294
0.008 24233
0.008 24222
0.009 24169
0.009 23608
0.01 23586
0.01 23547
0.011 23493
0.011 23455
0.011 23426
0.011 23421
0.012 23374
0.012 23358
0.013 23288
0.014 23192
0.016 23020
0.016 22965
0.017 22944
0.02 22854
0.022 22840
0.023 22832
0.023 22822
0.023 22796
0.024 22786
0.026 22774
0.026 22733
0.027 22722
0.027 22712
0.029 22690
0.029 22673
0.029 22666
0.029 22665
0.03 22511
0.032 22503
0.033 22426
0.033 22366
0.035 22234
0.035 22201
0.037 22189
0.037 22179
0.041 22177
0.042 22154
0.042 22153
0.043 22152
0.046 22145
0.047 22138
0.051 22134
0.053 22120
0.053 22091
0.056 22088
0.06 22073
0.061 22049
0.061 22048
0.061 22046
0.063 21996
0.064 21988
0.068 21932
0.069 21929
0.069 21925
0.069 21874
0.071 21795
0.083 21759
0.085 21736
0.086 21732
0.092 21671
0.092 21515
0.096 21460
0.096 21455
0.096 21442
0.098 21324
0.105 21298
0.109 21287
0.109 21282
0.113 21267
0.118 21250
0.12 21233
0.121 21217
0.132 21169
0.132 21165
0.133 21143
0.135 21125
0.136 21116
0.137 21094
0.137 21067
0.158 20998
0.229 20982
0.231 20977
0.317 20936
0.318 20856
0.339 20841
0.34 20837
0.341 20803
0.342 20797
0.343 20786
0.346 20778
0.347 20750
0.347 20748
0.347 20740
0.348 20739
0.719 20719
0.72 20664
0.72 20662
0.721 20654
2.039 20648
12.671 20642
15.373 20607
15.374 20601
31.589 20595
37.02 20584
38.685 20580
39.403 20576
39.403 20566
39.403 20565
39.469 20554
39.47 20549
57.517 20543
57.517 20521
93.139 20487
116.619 20485
117.617 20478
117.617 20474
117.635 20473
117.636 20471
117.648 20466
117.649 20459
117.728 20456
117.738 20455
158.453 20451
160.845 20450
161.04 20448
162.266 20447
162.436 20446
162.466 20443
174.673 20442
174.692 20438
174.699 20434
174.707 20431
177.43 20430
177.439 20427
177.454 20422
177.467 20418
177.471 20412
177.476 20411
177.492 20408
177.52 20407
189.487 20401
189.493 20400
189.493 20392
189.666 20385
189.891 20382
