0.01 108831
0.011 108000
0.013 107955
0.016 107810
0.016 107785
0.017 107533
0.018 107408
0.02 106467
0.023 106424
0.024 106070
0.025 105621
0.027 105077
0.028 105021
0.029 105000
0.029 104988
0.033 104866
0.034 104348
0.038 104279
0.039 104104
0.04 103654
0.042 103587
0.043 103480
0.044 103308
0.045 103289
0.047 103260
0.049 102882
0.05 102498
0.051 102494
0.053 102470
0.058 102243
0.058 102230
0.058 102227
0.06 102226
0.061 102185
0.062 102183
0.063 102163
0.076 102107
0.076 102097
0.079 101982
0.081 101975
0.084 101971
0.085 101804
0.087 101736
0.089 101734
0.089 101719
0.09 101706
0.09 101678
0.092 101609
0.093 101606
0.094 101585
0.097 101574
0.104 101560
0.105 101559
0.111 101553
0.115 101532
0.117 101496
0.12 101487
0.121 101380
0.126 101138
0.127 101109
0.129 101088
0.135 101054
0.136 100936
0.136 100904
0.138 100567
0.139 100534
0.141 100520
0.142 100422
0.142 100377
0.143 100309
0.144 100303
0.144 100302
0.147 100275
0.148 100170
0.151 100142
0.151 100141
0.162 100119
0.162 100116
0.165 100101
0.167 100093
0.169 99922
0.17 99915
0.171 99828
0.178 99659
0.182 99635
0.184 99606
0.187 99550
0.188 99409
0.189 99301
0.189 99294
0.19 99292
0.192 99223
0.192 99210
0.196 99195
0.198 99185
0.199 99183
0.217 99031
0.219 99025
0.222 99017
0.242 98974
0.243 98926
0.245 98845
0.251 98829
0.263 98816
0.276 98782
0.278 98777
0.278 98765
0.282 98760
0.282 98751
0.548 98652
0.549 98618
0.551 98578
0.599 98561
0.603 98544
0.612 98527
0.619 98510
0.62 98486
0.621 98481
0.625 98467
0.626 98457
0.627 98431
0.789 98339
0.795 98270
0.796 98258
0.797 98236
0.798 98161
0.8 98150
0.801 98141
0.802 98134
0.803 98118
0.804 98117
0.81 98100
0.811 98089
0.812 98085
0.813 98082
0.818 98069
0.82 98065
0.874 98022
0.963 97999
0.963 97994
1.042 97984
1.042 97945
1.045 97944
1.047 97924
1.049 97900
1.052 97876
1.085 97865
1.098 97834
1.114 97829
1.117 97828
1.179 97819
1.182 97801
1.19 97746
1.192 97743
1.195 97640
1.198 97635
1.209 97633
1.254 97496
1.256 97488
1.257 97487
2.648 97473
2.654 97452
2.663 97441
2.705 97310
2.706 97289
2.717 97288
2.723 97286
3.583 97274
3.585 97273
3.589 97266
3.592 97265
3.691 97243
3.696 97216
3.711 97127
4.551 97085
4.578 97062
4.582 97034
4.597 97027
4.599 97002
4.613 96998
4.62 96992
4.622 96991
4.779 96929
4.781 96923
4.791 96919
4.796 96917
6.45 96905
6.455 96891
7.115 96871
14.39 96860
14.417 96849
14.418 96833
14.429 96822
14.431 96821
14.435 96793
15.347 96785
15.36 96777
15.366 96742
15.372 96734
20.217 96682
20.219 96676
20.22 96665
20.224 96661
20.229 96655
23.156 96622
24.346 96598
24.461 96583
28.393 96581
28.393 96571
28.394 96569
28.398 96566
28.404 96543
32.866 96542
32.879 96519
32.895 96515
33.017 96495
33.038 96482
33.038 96471
33.05 96469
33.057 96391
33.058 96385
33.067 96384
44.224 96297
44.256 96287
51.95 96236
51.951 96235
51.959 96233
51.961 96224
55.908 96212
64.753 96178
64.835 96138
64.848 96132
64.855 96127
65.054 96120
65.064 96117
65.065 96114
65.065 96071
65.074 96066
65.098 96062
65.114 96061
65.115 96048
65.126 96045
65.126 96038
65.832 96034
65.837 96024
86.451 95981
86.455 95977
86.667 95976
86.669 95966
86.819 95961
87.069 95958
87.109 95956
97.547 95953
97.55 95935
97.729 95925
97.732 95908
98.979 95906
98.98 95886
98.996 95884
99.042 95883
99.073 95879
99.087 95865
99.091 95864
99.105 95863
99.132 95841
99.146 95836
99.177 95825
99.179 95824
117.68 95821
119.745 95818
119.751 95815
119.846 95814
119.855 95811
119.943 95800
119.967 95796
147.593 95793
147.6 95782
147.613 95774
147.626 95772
163.691 95770
163.856 95769
163.859 95764
163.88 95757
164.024 95756
170.739 95755
171.658 95754
171.66 95753
171.66 95749
171.786 95748
175.851 95744
175.853 95740
185.472 95738
185.632 95737
188.712 95736
188.716 95733
189.251 95730
192.376 95722
193.128 95718
