0.013 31661
0.013 31642
0.014 31511
0.014 31508
0.014 31463
0.014 31449
0.015 31448
0.019 31440
0.019 31439
0.02 31435
0.021 31385
0.021 31276
0.022 31272
0.022 31257
0.022 31237
0.022 31203
0.024 31172
0.024 31017
0.025 31008
0.027 30971
0.028 30929
0.028 30926
0.028 30920
0.03 30862
0.031 30859
0.032 30818
0.033 30799
0.034 30717
0.035 30657
0.038 30223
0.04 30219
0.04 30218
0.04 30206
0.041 30179
0.041 30083
0.041 30080
0.048 30073
0.048 30051
0.048 30050
0.049 30047
0.049 30024
0.052 29906
0.053 29901
0.058 29885
0.058 29860
0.059 29853
0.06 29802
0.063 29799
0.067 29696
0.068 29685
0.068 29619
0.069 29557
0.071 29515
0.071 29477
0.071 29454
0.074 29428
0.074 29326
0.075 29170
0.076 29166
0.078 29132
0.081 29131
0.082 29085
0.083 29083
0.084 29072
0.084 29025
0.123 28928
0.127 28900
0.137 28876
0.142 28870
0.142 28868
0.143 28867
0.145 28862
0.146 28822
0.146 28819
0.155 28816
0.155 28773
0.159 28766
0.16 28758
0.16 28704
0.171 28693
0.171 28675
0.176 28647
0.179 28642
0.181 28635
0.198 28633
0.198 28613
0.216 28611
0.221 28592
0.222 28571
0.222 28559
0.223 28556
0.232 28550
0.233 28523
0.259 28519
0.404 28513
0.477 28502
0.478 28498
0.487 28483
0.502 28471
0.524 28464
0.525 28434
0.525 28433
0.53 28430
0.863 28416
0.864 28412
0.932 28397
0.935 28365
0.945 28343
0.979 28268
0.989 28264
0.99 28263
0.991 28262
0.992 28261
0.992 28228
1.018 28195
1.018 28163
1.02 28149
1.119 28105
1.12 28099
1.122 28098
1.124 28084
1.187 28081
1.349 28078
1.35 28059
1.352 28032
1.354 28017
1.356 27991
1.356 27988
1.36 27987
1.362 27986
1.363 27985
1.649 27921
1.649 27911
1.723 27904
1.725 27896
1.726 27885
1.726 27874
1.734 27855
1.735 27854
1.735 27848
1.735 27822
1.84 27821
1.841 27794
1.842 27793
2.964 27786
12.467 27782
12.985 27776
12.987 27752
12.988 27735
12.989 27731
12.989 27729
12.991 27695
12.991 27689
12.992 27688
12.998 27672
13.097 27652
13.469 27642
13.482 27628
13.483 27596
13.483 27591
16.471 27590
16.478 27589
18.777 27585
33.314 27581
40.058 27575
43.868 27524
43.869 27514
43.87 27498
44.009 27497
44.011 27478
44.012 27471
44.027 27458
44.028 27439
50.572 27434
50.575 27433
57.857 27427
57.857 27415
57.879 27413
58.115 27399
58.117 27393
58.118 27366
125.439 27362
127.695 27350
127.698 27343
127.784 27328
127.811 27327
133.603 27319
133.603 27312
133.604 27311
150.127 27310
150.45 27309
150.453 27308
