0.011 17104
0.012 17090
0.012 16746
0.013 16706
0.013 16685
0.014 16619
0.014 16601
0.014 16592
0.014 16590
0.015 16498
0.016 16477
0.017 16467
0.018 16441
0.018 16434
0.019 16322
0.02 16310
0.024 16309
0.024 16267
0.026 16266
0.031 16260
0.037 16177
0.038 16175
0.038 16161
0.039 16152
0.039 16150
0.044 16113
0.084 16084
0.087 16083
0.087 16051
0.088 16048
0.088 16047
0.093 16044
0.095 16042
0.096 16029
0.097 16012
0.098 16001
0.098 15974
0.099 15972
0.152 15968
0.155 15944
0.157 15928
0.16 15924
0.161 15914
0.164 15886
0.165 15883
0.167 15875
0.167 15858
0.168 15832
0.168 15827
0.17 15818
0.17 15807
0.314 15801
0.316 15794
0.321 15768
0.322 15758
0.342 15753
0.345 15749
0.351 15735
0.351 15734
0.357 15732
0.359 15704
0.359 15683
0.376 15677
0.377 15655
0.416 15642
0.418 15602
0.42 15600
0.491 15594
0.492 15592
0.494 15583
0.678 15582
0.705 15559
0.707 15532
0.711 15515
0.711 15511
0.711 15446
0.854 15438
0.854 15434
0.876 15427
3.83 15418
4.078 15398
6.444 15382
6.446 15364
6.84 15347
6.841 15338
7.871 15314
11.421 15294
59.047 15293
63.629 15283
63.629 15268
68.876 15263
68.904 15246
85.249 15232
85.25 15230
85.255 15229
85.256 15224
85.266 15219
85.272 15218
96.403 15216
96.415 15213
118.996 15188
118.996 15185
149.331 15183
149.351 15178
154.831 15167
154.832 15166
154.832 15165
160.825 15160
174.707 15159
174.709 15155
176.686 15154
176.687 15153
176.788 15150
176.789 15144
176.792 15140
176.795 15136
179.926 15132
179.928 15124
179.941 15118
179.949 15115
179.963 15109
179.97 15106
179.974 15102
183.643 15100
183.643 15098
187.586 15089
