0.017 55140
0.017 55042
0.017 55038
0.018 54872
0.018 54863
0.019 54853
0.019 54838
0.019 54801
0.02 54788
0.02 54769
0.022 54757
0.022 54752
0.023 54748
0.023 54673
0.024 54596
0.024 54571
0.025 54563
0.025 54553
0.026 54497
0.026 54493
0.027 54485
0.028 54451
0.029 54449
0.031 54405
0.032 54369
0.032 54315
0.033 54314
0.033 54298
0.034 54296
0.035 54289
0.035 54264
0.036 54257
0.038 54254
0.039 54056
0.04 54053
0.041 54050
0.042 54011
0.042 54009
0.043 54008
0.044 53991
0.047 53987
0.048 53976
0.048 53975
0.049 53971
0.05 53969
0.05 53968
0.051 53965
0.058 53952
0.061 53916
0.081 53909
0.086 53907
0.097 53128
0.098 53120
0.101 53115
0.103 53097
0.104 53056
0.107 53044
0.107 53025
0.109 53013
0.11 53011
0.126 53008
0.127 52998
0.137 52988
0.139 52715
0.139 52696
0.14 52684
0.14 52679
0.149 52677
0.151 52668
0.152 52667
0.152 52655
0.153 52642
0.164 52462
0.165 52450
0.167 52441
0.167 52423
0.168 52422
0.169 52332
0.173 52303
0.173 52286
0.192 52251
0.193 52247
0.193 52244
0.195 52242
0.308 52234
0.312 52225
0.313 52223
0.346 52214
0.355 52200
0.357 52199
0.361 52185
0.362 52164
3.876 52158
3.877 52151
52.265 52126
52.267 52116
52.269 52099
52.269 52090
52.328 52076
52.328 52073
52.33 52037
82.873 52036
138.642 52028
139.756 52027
139.758 52017
139.76 52004
139.761 51999
148.14 51983
148.146 51973
148.15 51966
159.57 51949
159.578 51944
159.606 51942
168.284 51941
171.869 51936
171.902 51935
171.909 51916
171.912 51904
171.938 51898
171.938 51894
211.697 51870
211.707 51859
242.607 51852
242.607 51851
242.611 51850
242.612 51843
242.798 51839
243.947 51829
264.717 51826
264.836 51809
264.838 51806
264.845 51804
264.846 51799
264.846 51798
264.851 51796
323.876 51792
327.548 51783
350.286 51778
350.675 51776
350.734 51770
350.777 51759
388.712 51757
390.264 51754
390.277 51753
400.149 51747
400.149 51744
400.17 51743
411.612 51742
411.636 51740
412.57 51731
412.584 51729
415.622 51728
415.656 51725
416.434 51723
416.469 51717
