0.023 87077
0.023 87054
0.024 86992
0.024 86984
0.025 86969
0.025 86902
0.025 86858
0.026 86760
0.028 86754
0.028 86744
0.029 86736
0.03 86711
0.03 86683
0.031 86656
0.032 86618
0.033 86617
0.039 86616
0.044 86608
0.044 85940
0.048 85821
0.049 85767
0.05 85660
0.051 85650
0.052 85616
0.055 85546
0.056 85498
0.06 85446
0.062 85170
0.062 85160
0.064 85067
0.065 84585
0.066 84568
0.068 84419
0.069 84305
0.071 84275
0.073 84161
0.074 83922
0.077 83670
0.078 83579
0.083 83571
0.088 83368
0.088 83350
0.089 83319
0.093 83180
0.093 83154
0.094 83132
0.094 83124
0.095 82643
0.096 82540
0.096 82526
0.101 82524
0.105 82283
0.106 82282
0.108 81871
0.109 81864
0.115 81858
0.116 81826
0.116 81642
0.118 81300
0.119 81229
0.12 81109
0.121 81105
0.121 80775
0.122 80671
0.132 80665
0.135 80578
0.136 80574
0.138 80527
0.138 80483
0.139 80441
0.14 80160
0.14 80095
0.145 79631
0.146 79628
0.147 79602
0.147 79583
0.15 79582
0.164 79462
0.165 79423
0.169 79293
0.169 79270
0.171 79198
0.173 79196
0.175 79178
0.176 79176
0.182 79168
0.183 79167
0.189 79064
0.189 79026
0.195 78646
0.196 78559
0.197 78548
0.207 78503
0.212 78479
0.215 78453
0.217 78417
0.217 78400
0.223 78386
0.223 78364
0.225 78345
0.233 78317
0.235 78215
0.243 78182
0.244 78022
0.246 78015
0.246 78013
0.247 77999
0.251 77992
0.252 77946
0.272 77941
0.279 77895
0.281 77888
0.282 77881
0.283 77873
0.284 77854
0.286 77798
0.291 77785
0.292 77752
0.296 77738
0.298 77617
0.299 77567
0.299 77564
0.301 77563
0.302 77544
0.315 77510
0.317 77501
0.325 77488
0.326 77487
0.332 77462
0.336 77409
0.376 77408
0.38 77342
0.38 77308
0.396 77179
0.409 77083
0.41 77044
0.415 76980
0.417 76900
0.449 76790
0.454 76765
0.466 76728
0.469 76727
0.47 76711
0.471 76698
0.472 76644
0.643 76627
0.647 76612
0.648 76528
0.649 76520
0.658 76492
0.669 76488
0.67 76469
0.673 76436
0.674 76424
0.675 76381
0.676 76371
0.676 76350
0.678 76311
0.679 76281
0.68 76276
0.789 76251
0.79 76221
0.829 76188
0.882 76180
0.882 76178
0.883 76175
0.884 76167
1.154 76146
1.157 76140
1.161 76136
1.163 76130
1.165 76127
1.166 76122
1.167 76106
1.168 76063
1.168 76057
1.173 76025
1.175 76024
1.178 75971
1.182 75970
1.198 75966
1.199 75955
1.2 75947
1.226 75909
1.228 75891
1.261 75889
1.266 75864
1.266 75860
1.267 75835
1.268 75811
1.269 75810
1.269 75773
1.272 75771
1.274 75755
1.277 75670
1.285 75659
1.292 75640
1.304 75631
1.306 75604
1.394 75590
1.404 75545
2.081 75529
2.082 75444
2.132 75421
2.143 75348
2.146 75342
2.151 75338
2.153 75272
2.155 75264
2.164 75251
2.257 75230
2.344 75210
2.346 75199
2.346 75196
2.362 75089
3.642 75013
3.651 75011
3.655 74948
3.663 74943
3.68 74838
3.69 74803
3.691 74747
3.733 74743
3.734 74701
3.736 74679
3.738 74671
3.741 74657
3.743 74625
4.737 74619
4.74 74617
4.743 74591
4.743 74580
4.744 74566
4.806 74546
5.056 74526
5.057 74497
5.068 74496
5.071 74489
5.074 74484
12.307 74481
12.307 74472
12.309 74463
28.586 74448
30.181 74442
31.477 74417
31.477 74319
31.481 74293
31.483 74282
31.499 74264
31.505 74252
31.505 74239
41.685 74237
41.695 74209
41.695 74183
41.697 74167
41.697 74141
41.699 74134
41.707 74124
41.709 74123
41.735 74120
41.736 74113
41.738 74099
41.739 74045
41.739 74011
41.743 73986
41.779 73956
42.241 73939
42.247 73931
42.253 73927
42.257 73919
44.421 73911
44.422 73908
44.568 73891
44.573 73878
44.575 73861
44.577 73808
51.08 73790
51.138 73789
51.142 73786
58.405 73764
58.408 73761
58.444 73747
58.474 73738
58.48 73731
58.486 73721
58.488 73708
58.502 73693
58.514 73690
58.514 73680
58.515 73677
58.521 73676
58.536 73675
62.692 73616
62.693 73600
62.878 73563
62.879 73561
62.884 73557
62.889 73549
66.571 73535
66.578 73534
66.582 73530
66.603 73507
66.651 73495
66.66 73484
66.663 73450
66.664 73443
83.798 73436
83.802 73410
83.803 73395
83.813 73389
83.813 73359
117.146 73353
117.998 73327
118 73323
118.021 73320
118.291 73313
118.297 73305
118.653 73293
124.81 73275
124.822 73271
124.823 73266
125.303 73234
128.959 73215
129.949 73214
129.954 73206
129.955 73200
129.96 73169
129.98 73141
129.981 73138
130.042 73117
139.276 73110
139.28 73093
155.46 73074
155.608 73062
155.612 73048
156.643 73047
156.647 73030
157.053 73012
157.065 73011
157.072 72992
157.407 72976
159.803 72960
159.853 72926
159.878 72919
159.878 72918
159.921 72914
163.552 72912
173.915 72910
173.919 72906
173.969 72901
174.097 72891
176.241 72884
176.256 72863
176.351 72852
176.386 72846
176.41 72838
178.592 72825
178.597 72811
178.754 72810
178.762 72807
196.137 72804
196.146 72801
200.526 72797
200.698 72788
209.023 72783
209.146 72776
223.512 72772
223.523 72770
223.687 72764
225.618 72752
225.748 72746
225.754 72744
225.758 72741
225.777 72740
227.374 72729
227.414 72724
227.42 72722
228.445 72721
228.453 72720
228.538 72718
228.589 72704
228.684 72702
228.69 72698
228.761 72697
228.777 72694
228.817 72692
229.498 72689
229.779 72676
229.911 72672
230.113 72667
230.163 72666
231.227 72665
231.244 72659
232.139 72658
232.152 72654
232.199 72640
237.498 72638
243.723 72635
244.611 72634
244.684 72630
244.715 72628
244.784 72623
245.626 72622
246.139 72621
246.609 72618
258.42 72613
259.052 72608
259.123 72605
260.707 72603
260.811 72601
261.787 72590
263.526 72589
263.726 72586
263.818 72583
264.817 72582
265.675 72570
273.844 72568
291.496 72565
291.868 72562
