0.024 143045
0.03 142486
0.033 142482
0.034 141831
0.035 141830
0.036 141784
0.036 141779
0.037 141763
0.038 141686
0.04 141685
0.04 141651
0.04 141600
0.043 141589
0.043 141569
0.046 140979
0.047 140701
0.048 140514
0.049 140498
0.05 140111
0.059 139777
0.06 139693
0.062 139364
0.062 139362
0.064 138773
0.066 138628
0.067 138603
0.069 138210
0.07 138138
0.074 138037
0.075 138036
0.078 137861
0.079 137850
0.08 137849
0.081 137817
0.084 137797
0.085 137480
0.086 137434
0.088 137371
0.09 137268
0.092 137212
0.093 136876
0.094 136439
0.096 135627
0.099 135606
0.103 135583
0.104 135360
0.106 135301
0.11 135293
0.136 135187
0.138 135167
0.14 135158
0.141 135151
0.147 135149
0.147 135146
0.147 135140
0.149 135051
0.151 134908
0.165 134814
0.175 134807
0.182 134759
0.228 134654
0.232 134581
0.236 134567
0.24 134475
0.242 134463
0.244 134447
0.246 134427
0.246 134424
0.248 134420
0.253 134383
0.255 134290
0.256 134249
0.26 134199
0.262 134185
0.262 134166
0.267 133900
0.268 133877
0.272 133866
0.275 133835
0.275 133748
0.283 133742
0.35 133636
0.355 133530
0.355 133524
0.382 133521
0.382 133518
0.383 133517
0.383 133514
0.387 133463
0.395 133356
0.398 133351
0.398 133349
0.509 133329
0.51 133222
0.512 132999
0.513 132993
0.515 132945
0.524 132941
0.525 132932
0.529 132915
0.531 132870
0.534 132829
0.535 132804
0.539 132791
0.547 132743
0.616 132720
0.618 132718
0.63 132693
0.633 132692
0.633 132657
0.634 132537
0.639 132523
0.639 132483
0.652 132463
0.656 132458
0.674 132420
0.675 132408
0.708 132394
0.709 132343
0.718 132327
0.719 132319
0.734 132318
0.741 132315
0.742 132299
0.755 132282
0.755 132238
0.762 132215
0.764 132111
0.767 132057
0.777 132056
0.966 132034
0.971 131998
0.973 131926
0.973 131907
0.999 131841
1.005 131839
1.006 131832
1.013 131766
1.403 131750
1.404 131744
1.408 131655
1.417 131646
1.419 131628
1.426 131585
1.431 131532
1.435 131522
1.472 131474
1.493 131449
1.596 131415
1.602 131348
1.692 131340
1.694 131335
1.695 131328
1.696 131258
1.718 131243
1.721 131235
1.735 131229
1.737 131195
1.789 131118
1.79 131106
1.791 131094
1.794 131051
1.795 131047
1.795 130995
1.798 130949
1.799 130946
1.902 130932
1.906 130770
2.584 130651
2.586 130635
2.587 130602
2.627 130563
2.637 130536
2.64 130524
2.641 130520
2.644 130507
2.647 130505
2.648 130496
2.649 130485
2.653 130432
2.654 130429
2.658 130408
2.662 130302
3.147 130293
3.175 130288
3.187 130247
3.192 130246
3.194 130173
3.195 130149
3.204 130145
3.211 130136
3.252 130094
3.261 130089
3.287 130079
3.291 130074
3.306 130056
3.308 130012
6.61 129958
6.671 129905
6.694 129889
6.695 129874
8.026 129826
8.029 129823
8.469 129820
8.469 129818
8.57 129789
8.73 129782
8.75 129752
8.754 129734
8.758 129698
8.915 129677
9.127 129660
9.129 129651
9.145 129605
9.424 129595
9.433 129573
9.439 129564
9.443 129562
9.583 129560
11.479 129546
11.485 129490
11.502 129489
14.983 129477
14.983 129400
14.985 129379
15 129378
15.004 129375
15.012 129352
15.018 129349
15.019 129346
15.043 129331
15.045 129328
15.05 129323
30.408 129313
30.409 129312
30.414 129304
30.416 129278
30.421 129246
33.563 129210
33.571 129197
38.736 129177
38.744 129168
38.749 129136
38.88 129029
38.881 129021
38.888 129008
42.532 129006
42.642 128957
42.645 128955
42.655 128954
42.75 128949
59.376 128945
62.478 128895
62.488 128884
62.494 128877
72.908 128865
73.053 128837
73.054 128813
73.063 128790
73.439 128786
73.485 128777
73.75 128775
73.788 128761
73.807 128749
73.813 128728
74.102 128719
74.273 128714
74.283 128702
97.102 128699
97.811 128695
97.813 128677
97.841 128608
97.841 128605
97.842 128603
97.859 128584
97.863 128574
97.867 128566
97.877 128559
97.911 128543
97.915 128538
97.924 128536
97.934 128524
97.948 128522
97.956 128515
98.019 128509
98.049 128496
98.051 128489
98.205 128487
98.223 128486
98.326 128481
98.332 128479
123.943 128477
125.318 128474
125.32 128473
125.323 128465
125.435 128458
132.16 128455
132.346 128452
132.357 128415
132.389 128414
132.452 128408
132.46 128398
132.465 128394
132.474 128391
133.13 128347
133.147 128331
133.247 128319
134.117 128310
134.119 128307
168.367 128303
168.39 128284
169.878 128278
169.883 128274
169.883 128273
170.011 128267
170.012 128266
170.456 128261
170.461 128259
170.468 128253
170.512 128235
170.681 128224
170.689 128212
171.476 128211
171.603 128210
171.622 128207
171.623 128199
171.8 128191
171.816 128186
171.908 128185
171.93 128161
171.943 128160
172.419 128156
172.429 128150
172.431 128147
173.562 128134
173.566 128131
174.194 128130
174.243 128128
174.251 128118
174.394 128096
174.896 128093
176.802 128089
176.809 128085
176.823 128084
176.944 128080
176.967 128062
191.681 128043
191.721 128015
191.73 128004
191.733 127990
191.734 127987
191.734 127984
191.739 127980
191.758 127965
191.778 127963
191.799 127957
191.853 127953
191.969 127945
191.969 127943
192.202 127942
192.214 127940
192.765 127928
194.762 127925
194.793 127920
194.8 127915
194.808 127906
195.611 127883
195.619 127879
195.635 127869
195.646 127859
196.698 127847
196.772 127844
200.387 127839
200.499 127838
200.574 127831
200.693 127818
205.326 127812
205.519 127794
210.642 127784
210.687 127782
210.694 127762
210.95 127756
210.961 127751
210.978 127731
211.14 127729
211.16 127718
211.163 127717
211.235 127710
211.261 127699
211.288 127690
211.304 127684
211.313 127680
211.514 127679
211.523 127677
211.99 127674
212.034 127661
212.209 127649
212.227 127645
212.265 127644
213.049 127643
213.095 127606
213.13 127605
312.114 127599
313.168 127591
313.332 127587
313.349 127584
314.083 127581
314.532 127580
314.558 127577
316.482 127576
317.033 127574
317.035 127572
317.08 127563
339.65 127560
339.717 127556
339.82 127551
341.17 127550
341.491 127518
341.502 127512
341.594 127507
341.732 127505
342.779 127504
343.09 127502
344.734 127501
344.919 127488
345.184 127487
345.753 127486
346.024 127482
346.293 127481
