0.019 106578
0.021 106386
0.022 106371
0.023 106364
0.024 106362
0.025 106316
0.026 106309
0.026 106294
0.028 105967
0.029 105807
0.031 105677
0.034 105672
0.037 105671
0.045 105661
0.046 105577
0.05 105447
0.05 105434
0.051 105302
0.052 105220
0.054 104930
0.054 104856
0.055 104832
0.058 104807
0.059 104594
0.062 104589
0.062 104586
0.063 104575
0.063 104574
0.064 104566
0.064 104561
0.066 104543
0.066 104536
0.067 104535
0.068 104367
0.068 104351
0.084 104242
0.088 104241
0.089 104236
0.09 104084
0.091 104081
0.092 104050
0.092 104012
0.093 104011
0.094 104004
0.097 103878
0.102 103846
0.103 103845
0.103 103830
0.112 103828
0.113 103823
0.113 103779
0.116 103555
0.118 103551
0.119 103546
0.119 103530
0.122 103526
0.158 103514
0.162 103433
0.164 103430
0.165 103388
0.165 103374
0.166 103363
0.166 103109
0.176 103076
0.177 103075
0.178 103073
0.182 102972
0.183 102934
0.185 102932
0.191 102720
0.192 102686
0.193 102662
0.198 102646
0.199 102626
0.2 102623
0.201 102540
0.201 102535
0.204 102273
0.204 102271
0.207 102270
0.21 102269
0.211 102265
0.213 102244
0.217 102006
0.218 101927
0.22 101913
0.222 101906
0.227 101898
0.228 101897
0.231 101895
0.239 101886
0.239 101848
0.24 101847
0.242 101841
0.243 101836
0.244 101832
0.246 101819
0.247 101817
0.248 101816
0.25 101815
0.251 101805
0.254 101783
0.255 101782
0.256 101764
0.256 101734
0.257 101723
0.259 101722
0.26 101720
0.262 101718
0.263 101637
0.283 101520
0.284 101485
0.285 101436
0.289 101241
0.29 101233
0.293 101208
0.305 101204
0.31 101179
0.311 101164
0.314 101163
0.33 101073
0.334 101042
0.336 101041
0.34 101020
0.351 101018
0.353 101017
0.354 101016
0.355 101013
0.357 101005
0.358 101002
0.361 100980
0.362 100974
0.363 100970
0.364 100969
0.365 100919
0.571 100907
0.584 100858
0.596 100815
0.598 100798
0.668 100775
0.67 100773
0.672 100772
0.681 100771
0.744 100760
0.758 100753
0.768 100750
0.769 100749
0.77 100748
0.771 100747
0.773 100741
0.775 100723
0.776 100720
0.776 100640
0.78 100636
0.79 100607
0.791 100572
0.793 100465
1.117 100433
1.118 100430
1.133 100426
1.133 100413
1.136 100405
1.14 100403
1.144 100395
1.144 100365
1.146 100358
1.147 100346
1.148 100340
1.2 100323
1.201 100320
1.201 100314
1.203 100313
1.204 100304
1.209 100291
1.21 100285
1.212 100281
1.213 100277
1.22 100272
1.221 100262
1.227 100261
1.286 100222
1.286 100221
1.289 100217
1.289 100212
1.336 100205
1.338 100201
1.34 100199
1.341 100198
1.342 100180
1.577 100179
1.588 99994
1.588 99986
1.59 99979
1.59 99976
1.593 99972
1.594 99965
1.596 99962
1.63 99928
1.846 99926
1.909 99924
1.91 99923
1.911 99919
1.912 99918
1.915 99912
1.916 99909
1.916 99904
1.919 99871
1.93 99757
1.954 99663
1.954 99631
1.954 99619
1.956 99615
1.96 99610
1.961 99609
1.961 99570
1.963 99568
1.965 99567
1.974 99549
1.976 99521
1.976 99512
1.98 99499
1.981 99496
1.981 99495
1.984 99396
1.985 99393
2.225 99389
2.226 99386
2.228 99381
2.228 99379
2.308 99353
2.31 99343
2.316 99340
2.318 99324
2.323 99321
2.324 99309
2.325 99306
2.326 99304
2.326 99301
2.361 99290
2.361 99289
2.362 99272
2.363 99270
2.387 99260
2.39 99255
2.393 99252
3.137 99250
3.138 99248
3.151 99240
3.152 99236
3.155 99233
3.155 99231
3.156 99210
3.157 99207
3.202 99131
3.218 99130
3.221 99110
3.224 99108
3.227 99107
3.23 99105
3.249 99094
3.273 99074
3.276 99066
3.278 99063
3.369 99045
3.371 99026
3.377 99008
3.378 99001
3.379 98997
3.382 98996
3.396 98993
3.403 98992
3.405 98991
3.406 98989
3.438 98988
3.438 98987
3.442 98986
3.443 98975
3.479 98967
3.686 98965
3.689 98959
3.693 98956
3.7 98953
3.702 98944
3.704 98940
3.705 98935
3.708 98929
3.72 98928
3.756 98882
3.757 98881
3.774 98878
3.775 98843
3.776 98819
3.779 98804
3.779 98803
3.78 98796
3.781 98781
3.783 98777
3.784 98759
4.804 98753
4.805 98749
4.806 98733
4.816 98722
4.816 98711
4.821 98688
4.822 98687
4.824 98686
4.825 98676
4.826 98655
4.849 98652
4.85 98650
4.852 98646
5.059 98640
5.06 98632
5.061 98616
5.061 98615
5.062 98545
5.062 98543
5.066 98526
5.078 98515
5.08 98491
5.082 98473
5.14 98470
5.14 98469
5.141 98467
5.143 98455
5.144 98446
5.144 98445
5.147 98433
5.151 98419
12.336 98414
12.336 98408
12.349 98400
12.352 98389
12.354 98388
12.355 98386
12.364 98385
12.52 98378
12.525 98372
13.164 98369
13.167 98364
13.272 98328
13.275 98325
15.29 98324
15.292 98321
15.299 98305
15.307 98276
15.308 98253
15.309 98244
15.31 98224
15.325 98183
15.328 98165
15.332 98156
15.334 98149
16.216 98136
16.217 98135
16.23 98132
16.232 98131
16.233 98130
16.233 98127
16.238 98120
16.258 98098
16.282 98049
16.282 98043
16.283 98042
24.454 98035
24.454 98016
24.46 98012
26.763 98005
26.768 97998
26.769 97997
26.77 97993
26.771 97989
26.776 97988
26.778 97984
26.779 97983
27.569 97969
27.569 97967
27.649 97966
27.651 97965
27.656 97964
27.658 97962
27.658 97960
27.674 97958
27.677 97957
27.689 97951
27.694 97938
32.6 97914
32.601 97912
32.604 97904
32.605 97902
32.606 97892
32.613 97875
32.614 97872
32.616 97870
35.317 97865
35.416 97853
35.418 97852
35.418 97841
35.421 97840
35.422 97829
35.625 97821
35.792 97817
37.929 97798
37.979 97795
37.98 97792
37.982 97790
37.984 97780
37.985 97779
37.991 97739
38.976 97738
38.989 97735
38.989 97734
41.149 97732
41.161 97726
41.884 97723
41.888 97713
41.892 97703
43.305 97672
43.306 97671
43.32 97661
43.322 97659
43.351 97639
43.586 97625
43.587 97622
43.594 97600
43.594 97597
43.607 97595
43.609 97593
43.61 97590
43.611 97588
43.613 97587
43.666 97570
43.667 97553
43.692 97551
43.694 97549
43.695 97547
43.696 97516
43.698 97511
43.699 97510
55.63 97490
55.631 97480
55.631 97477
55.631 97475
55.656 97432
55.656 97430
55.657 97429
57.973 97424
57.974 97423
67.696 97397
67.697 97395
67.7 97394
67.702 97393
67.703 97383
67.704 97377
67.705 97369
67.71 97366
67.714 97364
67.714 97363
69.682 97352
69.686 97326
71.687 97325
71.692 97321
71.721 97313
71.723 97312
71.724 97306
71.724 97302
71.756 97288
71.781 97277
71.782 97218
71.82 97202
71.82 97201
71.821 97168
71.822 97165
71.822 97159
71.823 97122
71.826 97118
71.828 97108
71.831 97098
71.832 97074
72.867 97049
72.874 97045
72.9 97030
72.903 96976
72.904 96975
73.13 96974
73.133 96972
74.811 96963
74.812 96961
74.814 96943
74.828 96940
74.835 96935
74.837 96934
74.838 96928
74.841 96920
74.841 96919
74.852 96915
74.853 96913
75.022 96875
75.205 96872
75.207 96861
75.209 96860
75.215 96859
75.756 96852
75.758 96849
75.766 96847
76.81 96845
76.811 96844
76.89 96823
82.353 96820
82.353 96819
82.354 96788
82.361 96768
82.363 96766
82.366 96763
82.368 96760
82.37 96750
82.373 96736
83.03 96735
83.043 96706
83.075 96705
83.079 96675
83.08 96674
83.081 96654
84.433 96635
84.443 96633
84.45 96621
84.451 96619
84.452 96607
84.453 96601
84.456 96600
84.456 96596
84.457 96581
84.458 96579
84.463 96575
84.485 96562
84.512 96559
121.981 96532
122.203 96529
122.204 96527
122.205 96524
122.207 96522
122.211 96520
122.247 96519
123.356 96518
123.387 96516
123.388 96510
123.39 96508
123.392 96486
123.395 96485
123.461 96478
124.273 96475
124.414 96469
124.419 96468
124.42 96456
124.574 96453
124.585 96445
124.632 96439
124.636 96436
124.71 96432
141.445 96428
142.26 96424
142.315 96422
142.315 96420
142.318 96418
142.32 96417
143.224 96412
143.229 96410
143.235 96408
153.913 96407
153.916 96403
153.924 96402
153.924 96392
154.027 96390
154.03 96387
154.038 96386
154.074 96365
154.083 96359
154.098 96354
154.102 96351
154.106 96350
154.108 96348
154.149 96339
154.253 96331
154.271 96323
154.271 96322
154.282 96321
154.397 96318
154.582 96317
198.606 96314
198.614 96313
198.617 96312
198.626 96307
198.849 96305
198.855 96302
198.857 96297
198.862 96287
198.866 96286
198.882 96285
198.883 96284
198.894 96281
198.894 96280
225.833 96279
225.833 96263
225.835 96259
225.872 96256
225.885 96253
225.894 96252
227.176 96249
227.177 96248
230.172 96245
230.174 96242
236.445 96236
236.45 96231
236.588 96225
236.589 96223
236.641 96216
236.659 96215
236.661 96214
236.675 96213
236.68 96212
236.735 96209
236.736 96207
236.862 96203
236.863 96201
253.599 96191
253.602 96190
253.607 96188
253.611 96186
253.648 96185
253.649 96177
255.68 96176
255.732 96169
255.77 96168
255.774 96167
255.776 96165
255.797 96161
255.8 96160
255.808 96152
255.855 96148
255.859 96147
255.87 96145
258.605 96143
258.608 96141
258.661 96139
260.248 96137
270.445 96132
289.04 96131
289.044 96130
289.098 96129
289.103 96128
289.109 96126
289.113 96125
289.131 96124
289.181 96119
291.611 96118
291.614 96117
291.688 96116
291.75 96115
291.755 96108
291.793 96096
291.819 96093
292.928 96092
292.929 96091
294.777 96090
297.093 96082
297.161 96081
297.175 96080
297.191 96078
297.782 96077
297.788 96075
297.883 96070
297.89 96069
308.955 96068
308.97 96066
309.007 96065
309.17 96063
309.194 96061
309.209 96059
309.269 96057
309.274 96055
310.779 96053
310.792 96052
310.854 96050
311.578 96043
311.578 96042
311.594 96041
