0.023 142973
0.025 142805
0.027 142741
0.03 142128
0.031 142055
0.031 142049
0.033 142015
0.034 142006
0.035 141767
0.036 141756
0.036 141521
0.037 141306
0.041 141107
0.041 141105
0.042 141004
0.043 140936
0.046 140393
0.047 139599
0.048 139198
0.048 139094
0.049 139086
0.051 138698
0.054 138571
0.058 138372
0.061 138094
0.062 138091
0.07 138024
0.071 137747
0.073 137537
0.076 136300
0.078 135917
0.08 135775
0.081 135724
0.082 135718
0.086 135603
0.09 135569
0.092 135564
0.093 135533
0.096 135143
0.1 134997
0.103 134952
0.106 134949
0.106 134948
0.109 134913
0.113 134805
0.114 134804
0.115 134797
0.119 134732
0.123 134731
0.124 134715
0.125 134414
0.126 134281
0.13 134271
0.13 134270
0.131 134241
0.132 134237
0.134 134205
0.138 134189
0.146 134138
0.147 134127
0.15 134108
0.15 134074
0.151 134072
0.152 134046
0.161 133967
0.161 133913
0.166 133827
0.167 133816
0.169 133796
0.17 133780
0.171 133766
0.236 133757
0.238 133730
0.239 133702
0.239 133698
0.24 133675
0.244 133622
0.245 133604
0.246 133508
0.248 133277
0.328 133275
0.335 133151
0.336 133145
0.338 133041
0.355 132994
0.36 132982
0.361 132980
0.366 132976
0.394 132972
0.404 132959
0.405 132952
0.412 132924
0.414 132851
0.422 132812
0.423 132808
0.431 132799
0.434 132797
0.434 132794
0.434 132787
0.44 132750
0.446 132733
0.452 132708
0.452 132630
0.46 132554
0.462 132491
0.464 132440
0.489 132428
0.492 132427
0.5 132418
0.529 132349
0.529 132345
0.531 132341
0.533 132317
0.535 132262
0.539 132248
0.541 132176
0.544 132156
0.546 132155
0.548 132141
0.554 132121
0.557 132107
0.557 132101
0.559 132089
0.562 132073
0.566 132052
0.573 132036
0.584 131939
0.671 131936
0.676 131932
0.683 131909
0.739 131906
0.741 131905
1.672 131896
1.676 131874
1.678 131866
1.679 131864
1.679 131861
1.716 131829
1.906 131749
1.909 131742
1.914 131711
2.282 131696
2.289 131680
2.292 131669
2.493 131629
2.495 131557
2.495 131539
2.5 131534
2.502 131520
2.517 131462
2.621 131412
2.712 131386
2.713 131373
2.717 131351
2.754 131306
2.754 131301
2.759 131252
2.76 131242
2.76 131222
2.763 131221
2.997 131220
3.004 131122
3.015 131121
3.027 131038
3.031 130970
3.05 130959
3.071 130886
3.077 130857
3.081 130835
3.081 130834
3.093 130767
3.094 130766
3.105 130764
3.11 130758
3.165 130710
3.178 130689
3.206 130675
3.211 130629
3.216 130619
3.218 130519
3.221 130503
3.222 130478
3.236 130336
3.241 130331
3.379 130301
3.384 130300
3.387 130298
3.391 130297
3.394 130282
3.399 130272
3.401 130270
3.535 130262
3.544 130261
3.545 130243
3.549 130240
8.517 130193
8.519 130158
8.681 130126
8.885 130107
8.886 130090
8.886 130079
8.888 130075
8.888 130054
8.906 130053
8.909 130046
8.91 130041
8.912 130016
8.916 129996
8.928 129979
8.932 129889
13.401 129870
13.404 129849
13.413 129837
13.415 129790
13.555 129779
13.579 129759
13.581 129744
13.584 129702
13.592 129688
13.596 129660
13.654 129653
13.66 129639
13.687 129633
17.727 129632
17.727 129569
18.268 129544
18.475 129501
18.476 129463
18.478 129462
18.486 129451
18.491 129444
18.491 129434
18.492 129376
18.496 129373
18.583 129367
18.592 129366
18.607 129361
18.818 129326
18.818 129325
21.208 129315
21.209 129309
21.213 129304
21.214 129303
21.215 129296
21.257 129291
23.534 129288
23.538 129259
23.539 129234
23.811 129219
23.816 129203
23.817 129196
23.818 129181
23.867 129147
23.873 129145
23.88 129141
24.106 129120
24.119 129101
24.122 129095
24.129 129053
24.257 129048
24.289 128986
24.296 128967
24.297 128961
24.298 128957
24.32 128902
24.339 128889
24.34 128885
24.342 128882
24.344 128854
24.35 128844
24.352 128836
24.363 128823
24.47 128809
24.473 128792
24.599 128779
24.654 128745
24.664 128706
24.671 128703
24.672 128665
56.844 128653
56.879 128644
72.638 128643
72.686 128607
72.69 128603
72.699 128566
72.7 128557
72.85 128537
78.492 128528
78.493 128526
78.524 128504
78.524 128498
78.585 128491
78.59 128459
78.599 128422
78.957 128411
78.984 128398
78.99 128394
78.992 128372
79 128363
79.002 128353
79.011 128350
79.018 128345
79.024 128344
79.031 128342
80.015 128336
80.018 128332
99.34 128323
99.343 128315
107.079 128304
107.116 128266
107.142 128243
107.149 128239
107.232 128238
107.235 128236
107.27 128228
107.27 128215
107.291 128204
107.307 128195
118.282 128174
118.306 128169
118.311 128167
118.316 128154
118.319 128120
118.433 128115
118.448 128112
185.606 128103
185.607 128094
185.726 128084
185.728 128081
186.201 128070
186.206 128064
186.207 128058
192.808 128057
192.812 128048
192.812 128022
192.828 128017
192.843 128013
194.166 128009
194.547 128004
195.358 127992
195.365 127980
195.376 127970
195.383 127953
195.556 127944
204.015 127937
204.034 127846
204.198 127841
204.219 127835
204.229 127819
204.23 127799
204.244 127797
204.268 127794
205.769 127789
205.775 127784
205.783 127782
206.604 127772
206.689 127769
206.735 127759
206.879 127758
207.433 127753
207.467 127749
207.555 127743
207.598 127740
207.647 127739
207.878 127738
207.889 127732
208.118 127716
208.205 127713
208.368 127695
209.027 127686
211.04 127685
211.091 127664
211.475 127651
211.923 127648
211.946 127647
212.398 127639
215.089 127634
215.25 127629
215.323 127620
215.345 127609
215.392 127570
216.224 127569
222.482 127568
222.484 127550
224.849 127545
224.893 127544
225.73 127541
225.75 127533
225.76 127532
225.772 127531
225.788 127529
225.814 127520
225.822 127510
226.188 127502
226.283 127501
226.285 127486
226.336 127482
226.41 127481
226.462 127479
226.619 127466
226.627 127465
232.24 127460
232.587 127459
232.639 127458
238.807 127445
238.835 127435
239.254 127433
247.55 127431
250.559 127429
252.575 127428
252.669 127424
252.698 127423
252.733 127422
252.739 127421
253.031 127420
253.097 127419
254.578 127417
254.656 127411
255.414 127408
255.44 127401
260.667 127400
260.693 127396
260.819 127391
272.239 127389
272.345 127382
272.411 127381
272.434 127373
272.454 127372
277.507 127371
278.013 127369
278.776 127355
279.082 127354
279.105 127351
279.299 127349
279.343 127347
279.4 127345
279.452 127344
279.466 127342
279.529 127324
281.194 127322
282.201 127321
282.569 127317
282.657 127313
309.19 127312
310.506 127308
312.588 127305
330.11 127303
330.673 127302
334.712 127301
335.333 127300
335.467 127299
343.256 127292
343.264 127291
349.279 127290
349.939 127289
349.954 127287
