0.026 54748
0.026 54745
0.026 54744
0.026 54732
0.026 54718
0.027 54710
0.027 54695
0.028 54608
0.028 54600
0.029 54599
0.03 54583
0.03 54576
0.031 54574
0.032 53937
0.033 53926
0.033 53925
0.034 53922
0.034 53900
0.034 53885
0.035 53882
0.035 53880
0.036 53878
0.037 53875
0.038 53866
0.039 53864
0.041 53850
0.041 53827
0.043 53817
0.043 53802
0.045 53764
0.049 53681
0.049 53676
0.051 53604
0.052 53599
0.053 53590
0.055 53511
0.055 53509
0.055 53497
0.06 53488
0.06 53487
0.062 53437
0.063 53038
0.064 53026
0.064 53007
0.065 52968
0.065 52951
0.068 52937
0.069 52641
0.07 51813
0.07 51809
0.071 51652
0.072 51651
0.072 51479
0.072 51427
0.073 51394
0.074 51392
0.074 51390
0.076 51372
0.078 51345
0.079 51311
0.08 51158
0.08 51156
0.081 51104
0.081 51096
0.081 51094
0.082 51086
0.085 51084
0.086 51021
0.087 51010
0.089 50999
0.091 50978
0.091 50895
0.092 50591
0.094 50582
0.097 50577
0.098 50562
0.102 50265
0.103 50204
0.103 50188
0.105 50187
0.105 50163
0.107 50130
0.108 49759
0.109 49676
0.109 49670
0.112 49631
0.112 49600
0.113 49533
0.115 49459
0.117 49457
0.117 49451
0.118 49443
0.119 49434
0.119 49416
0.12 49411
0.122 49407
0.124 49365
0.124 49364
0.129 49351
0.13 49308
0.131 49305
0.133 49292
0.138 49249
0.139 49238
0.139 49193
0.141 49116
0.143 49109
0.144 49084
0.147 49060
0.147 49055
0.148 48941
0.151 48933
0.152 48907
0.153 48820
0.153 48799
0.154 48796
0.154 48783
0.156 48782
0.157 48722
0.161 48712
0.162 48706
0.162 48705
0.169 48690
0.236 48678
0.237 48676
0.256 48628
0.256 48627
0.259 48291
0.259 48263
0.26 48214
0.261 48212
0.263 48209
0.264 48150
0.265 48143
0.265 48137
0.266 48131
0.266 48114
0.267 48063
0.268 47986
0.268 47980
0.27 47933
0.271 47920
0.271 47900
0.272 47889
0.273 47883
0.273 47851
0.274 47772
0.274 47719
0.276 47715
0.276 47706
0.278 47582
0.278 47561
0.278 47552
0.279 47547
0.282 47529
0.283 46893
0.288 46856
0.288 46840
0.288 46818
0.293 46796
0.295 46793
0.297 46739
0.305 46728
0.305 46725
0.306 46709
0.307 46704
0.307 46681
0.308 46664
0.309 46660
0.317 46614
0.318 46612
0.322 46608
0.322 46588
0.324 46576
0.325 46575
0.338 46498
0.339 46465
0.34 46458
0.342 46427
0.342 46421
0.343 46402
0.345 46396
0.353 46394
0.353 46379
0.356 46304
0.358 46270
0.361 46200
0.361 46192
0.362 46162
0.383 46156
0.391 46130
0.395 46126
0.396 46119
0.397 46084
0.414 46068
0.582 46055
0.618 46000
0.619 45981
0.62 45977
0.632 45957
0.632 45948
1.03 45924
1.03 45923
1.031 45921
1.038 45915
1.039 45881
1.041 45833
1.043 45827
1.072 45818
1.074 45815
1.075 45808
1.076 45729
1.089 45704
1.089 45683
1.09 45678
1.091 45676
1.093 45646
1.094 45644
1.594 45641
1.598 45610
1.6 45584
1.601 45548
1.601 45528
1.602 45524
1.634 45520
1.635 45514
1.684 45502
1.691 45490
1.694 45488
1.703 45487
2.476 45481
2.5 45478
2.501 45477
2.502 45475
2.507 45464
2.508 45447
2.51 45446
2.516 45431
2.583 45406
2.584 45396
2.596 45373
2.947 45362
2.949 45335
2.95 45308
2.95 45280
3.132 45251
3.484 45239
3.484 45138
3.486 45137
3.486 45127
3.486 45124
3.487 45120
4.437 45104
17.484 45089
17.484 45022
55.095 45014
60.775 45004
64.991 44989
64.995 44986
65.213 44976
65.214 44974
65.682 44970
65.682 44956
65.686 44922
65.691 44919
65.692 44917
65.694 44913
67.198 44911
67.205 44910
67.207 44899
76.239 44893
76.24 44881
76.24 44877
76.246 44876
76.246 44854
76.252 44847
76.285 44814
110.44 44809
110.442 44801
111.316 44793
111.321 44777
113.231 44764
117.554 44762
118.32 44754
118.401 44736
118.404 44731
118.437 44728
118.438 44725
118.441 44699
118.442 44696
127.299 44695
127.3 44671
127.302 44668
127.303 44660
127.307 44646
127.307 44645
127.317 44638
130.534 44632
130.535 44616
131.103 44609
134.834 44599
149.077 44592
149.078 44578
149.116 44561
149.122 44556
149.123 44553
149.125 44548
149.128 44542
149.128 44515
149.13 44511
149.147 44507
149.266 44505
149.28 44498
149.291 44496
151.558 44488
151.559 44472
195.497 44470
196.237 44469
196.239 44461
196.24 44454
196.241 44451
196.244 44444
196.258 44430
203.16 44428
203.162 44427
203.164 44425
210.058 44424
210.314 44423
210.317 44418
210.318 44416
210.333 44411
210.469 44410
210.482 44409
210.483 44402
210.484 44377
210.485 44375
210.5 44370
225.382 44368
225.384 44367
238.479 44366
238.98 44365
242.428 44364
242.788 44356
242.811 44351
242.862 44350
242.865 44321
242.867 44319
242.875 44287
242.875 44280
242.905 44277
307.722 44275
307.724 44271
309.203 44265
310.623 44264
310.644 44260
338.756 44257
338.756 44256
351.341 44254
365.502 44253
365.552 44250
365.566 44249
365.575 44248
366.64 44246
366.646 44240
366.663 44238
366.685 44237
366.703 44236
366.712 44234
366.723 44233
366.762 44232
366.785 44228
366.796 44227
366.8 44226
367.258 44224
367.37 44223
367.445 44222
367.455 44220
367.47 44219
367.546 44217
367.792 44215
383.225 44214
383.245 44208
404.867 44206
405.409 44205
406.485 44201
406.522 44200
407.388 44198
407.616 44197
407.771 44195
407.829 44194
