0.03 56294
0.031 56253
0.031 56213
0.032 56158
0.032 56131
0.033 56116
0.033 56045
0.034 56041
0.036 55946
0.036 55835
0.037 55817
0.037 55793
0.037 55789
0.04 55781
0.04 55779
0.041 55734
0.041 55730
0.042 55722
0.042 55707
0.043 55695
0.043 55693
0.044 55589
0.045 55564
0.046 55560
0.046 55556
0.048 55540
0.048 55530
0.05 55513
0.061 55501
0.062 55435
0.062 55311
0.064 55303
0.066 55298
0.074 55178
0.075 55160
0.075 55142
0.077 55133
0.078 55131
0.078 55122
0.08 55120
0.081 55054
0.103 54822
0.104 54805
0.121 54772
0.122 54770
0.123 54747
0.124 54740
0.125 54716
0.126 54705
0.127 54700
0.138 54568
0.145 54552
0.145 54540
0.147 54539
0.148 54531
0.149 54530
0.149 54511
0.15 54501
0.153 54497
0.18 54493
0.181 54405
0.182 54403
0.188 54371
0.189 54327
0.19 54290
0.19 54243
0.24 54232
0.25 54221
0.252 54198
0.261 54141
0.262 54121
0.265 54106
0.271 54096
0.272 54079
0.274 53982
0.286 53874
0.294 53844
0.294 53837
0.296 53834
0.297 53831
0.298 53799
0.298 53795
0.306 53789
0.306 53788
0.306 53782
0.307 53777
0.309 53757
0.311 53753
0.416 53750
0.416 53746
0.417 53739
0.418 53738
0.422 53737
0.423 53731
0.423 53728
0.425 53723
0.429 53686
0.43 53668
0.431 53648
0.433 53645
0.435 53629
0.435 53628
0.437 53624
0.439 53618
0.44 53616
0.48 53605
0.481 53592
0.489 53574
0.492 53566
0.492 53543
0.495 53536
0.584 53516
0.586 53453
0.589 53450
0.591 53436
0.593 53387
0.596 53368
0.736 53363
0.738 53362
0.74 53354
0.906 53344
1.063 53331
1.063 53329
1.074 53292
1.201 53287
1.237 53235
1.239 53232
1.24 53228
1.32 53221
1.321 53182
1.354 53154
1.354 53152
1.368 53126
1.37 53110
2.534 53087
2.535 53072
2.536 53060
2.536 53029
2.54 53018
2.54 53016
2.542 52999
2.942 52996
2.943 52985
2.946 52971
3.079 52960
3.393 52946
3.399 52938
3.399 52937
3.4 52925
3.4 52917
3.407 52915
3.416 52910
3.416 52889
3.421 52875
3.438 52848
3.439 52847
3.689 52833
3.692 52817
3.698 52796
3.843 52793
3.846 52766
3.85 52744
3.87 52739
4.11 52715
4.12 52710
4.126 52704
4.369 52686
4.371 52607
4.894 52603
4.9 52562
4.9 52561
4.901 52554
4.909 52548
4.911 52534
4.915 52526
5.144 52506
5.148 52500
5.798 52488
5.799 52474
5.803 52458
5.804 52457
5.806 52441
5.808 52440
5.815 52436
5.819 52411
5.821 52393
5.822 52377
5.85 52369
5.85 52357
5.863 52355
5.884 52351
5.885 52336
5.885 52334
6.089 52330
6.093 52266
6.096 52261
7.337 52212
7.39 52201
7.391 52198
7.405 52197
7.416 52192
7.419 52164
7.426 52139
7.426 52131
7.429 52110
7.43 52093
7.432 52092
17.097 52088
17.119 52048
18.976 52038
18.976 52035
18.977 52016
18.977 52003
18.978 51990
18.978 51980
18.979 51977
18.98 51976
19.712 51968
19.726 51936
19.735 51919
19.738 51915
19.753 51911
19.755 51881
19.755 51851
19.758 51830
45.668 51825
45.674 51812
45.675 51796
45.679 51788
45.681 51783
45.682 51779
60.84 51775
60.842 51760
60.847 51753
60.847 51742
60.849 51737
60.855 51736
60.861 51727
60.862 51724
60.864 51719
60.864 51706
60.866 51689
60.906 51643
60.907 51639
60.912 51629
60.912 51624
81.288 51614
81.291 51611
81.295 51603
81.296 51602
81.297 51594
81.298 51591
81.298 51590
81.299 51585
91.86 51583
91.861 51568
91.861 51567
94.858 51564
95.557 51557
95.57 51556
95.575 51554
95.575 51545
95.586 51540
95.587 51538
96.647 51532
96.714 51526
96.718 51518
96.732 51517
96.742 51500
97.123 51495
97.124 51492
97.135 51476
97.142 51461
97.142 51442
114.547 51426
114.55 51425
114.551 51410
114.749 51406
114.894 51382
114.899 51379
114.91 51371
114.916 51369
114.92 51367
114.921 51363
114.977 51352
125.735 51325
125.736 51312
125.737 51309
125.829 51304
125.832 51300
125.834 51292
125.835 51289
125.835 51282
125.837 51279
125.837 51275
154.949 51270
154.95 51269
154.954 51267
155 51266
155.004 51262
155.035 51257
155.141 51242
155.143 51241
155.143 51224
155.202 51216
155.26 51209
155.261 51203
155.262 51197
155.575 51196
155.973 51193
155.974 51188
155.976 51181
156.116 51174
156.135 51173
157.551 51165
157.551 51164
157.698 51161
157.704 51146
157.706 51142
157.712 51140
157.717 51126
157.718 51125
159.525 51124
159.531 51121
160.613 51117
160.632 51115
161.529 51096
161.532 51093
161.537 51076
161.537 51072
164.963 51061
165.07 51051
166.291 51049
166.441 51043
166.458 51040
166.461 51032
169.194 51026
169.199 51014
169.201 51004
169.203 50999
169.206 50992
169.213 50990
172.483 50987
172.496 50981
172.759 50977
172.766 50976
172.767 50960
190.466 50958
190.479 50956
190.508 50953
190.519 50942
190.528 50923
198.327 50922
198.333 50920
198.427 50907
198.432 50904
199.034 50895
199.037 50893
199.042 50890
199.059 50888
199.097 50885
199.1 50876
199.103 50872
199.103 50869
199.105 50863
199.108 50860
200.054 50859
200.071 50857
200.077 50855
200.081 50853
200.084 50852
200.088 50846
225.506 50834
225.523 50832
225.527 50826
225.665 50822
226.078 50821
226.467 50819
226.483 50818
226.487 50814
226.488 50809
226.615 50806
226.655 50803
226.672 50801
226.765 50799
226.772 50797
228.11 50794
228.111 50786
228.114 50784
228.501 50775
228.538 50769
228.548 50767
228.553 50763
244.026 50760
244.038 50758
244.074 50755
244.079 50754
244.082 50751
256.475 50747
265.11 50744
265.128 50741
269.834 50740
269.91 50738
269.915 50732
270.767 50727
272.435 50726
273.853 50725
288.768 50724
289 50718
289.004 50715
295.93 50707
297.461 50705
297.524 50703
297.973 50698
298.042 50697
298.089 50696
298.096 50695
298.106 50689
298.14 50684
298.513 50683
298.583 50676
298.586 50675
298.606 50674
298.641 50673
298.661 50671
