0.024 49975
0.024 49970
0.025 49967
0.025 49956
0.026 49939
0.026 49937
0.027 49576
0.027 49572
0.028 49566
0.028 49532
0.029 49076
0.029 49074
0.029 49065
0.03 48964
0.031 48772
0.032 48771
0.032 48741
0.033 48695
0.034 48647
0.035 48645
0.035 48623
0.035 48591
0.036 48434
0.037 48420
0.037 48389
0.038 48381
0.043 48302
0.045 48259
0.045 48237
0.045 48224
0.046 48204
0.048 48172
0.05 48168
0.053 48164
0.056 48054
0.056 48041
0.057 48022
0.058 48001
0.059 47971
0.06 47952
0.062 47916
0.069 47884
0.07 47854
0.071 47838
0.073 47828
0.075 47802
0.075 47798
0.076 47790
0.078 47730
0.084 47691
0.086 47646
0.105 47637
0.105 47634
0.109 47621
0.11 47598
0.11 47592
0.124 47588
0.125 47564
0.129 47505
0.158 47489
0.16 47487
0.161 47447
0.161 47443
0.167 47441
0.167 47429
0.169 47393
0.187 47358
0.187 47350
0.23 47321
0.241 47320
0.248 47314
0.249 47292
0.249 47213
0.25 47119
0.251 47105
0.252 47096
0.252 47091
0.252 47074
0.275 47041
0.414 47000
0.693 46989
0.693 46980
0.694 46973
0.718 46972
0.85 46918
0.854 46896
0.855 46885
0.947 46851
0.952 46842
0.961 46840
0.961 46839
1.033 46834
1.043 46815
1.046 46799
1.055 46797
1.056 46680
1.057 46679
1.057 46678
1.059 46646
1.059 46592
1.06 46584
1.062 46578
1.063 46543
1.14 46511
1.156 46502
1.156 46459
1.216 46453
1.221 46436
1.449 46428
1.453 46411
1.458 46408
1.459 46394
1.46 46378
1.465 46350
1.467 46343
1.468 46335
1.469 46296
1.496 46279
1.496 46239
1.498 46224
1.78 46149
1.78 46120
1.782 46118
1.788 46085
1.791 46074
2.779 46045
2.78 46037
3.802 46036
4.091 46034
4.095 46027
4.148 46025
4.156 45913
4.157 45860
4.174 45814
4.357 45798
4.358 45795
4.593 45750
4.593 45741
4.603 45720
4.604 45692
4.605 45657
4.606 45651
4.607 45643
4.607 45620
4.611 45607
4.612 45606
4.613 45603
4.614 45598
4.616 45597
4.616 45560
4.617 45538
4.617 45531
4.627 45504
4.637 45500
4.639 45341
4.642 45322
6.5 45294
6.502 45220
6.502 45206
6.503 45168
6.504 45160
6.537 45148
6.539 45127
6.54 45111
6.541 45094
6.541 45083
6.543 45075
6.543 45072
37.062 45054
38.226 45045
38.267 45033
46.366 45025
46.378 44914
46.383 44910
46.383 44904
46.385 44887
48.626 44885
48.795 44854
48.796 44835
48.796 44832
48.797 44821
48.802 44782
48.819 44778
48.82 44766
48.836 44762
48.836 44704
48.838 44696
48.839 44677
62.855 44675
62.858 44671
62.86 44644
62.862 44620
63.487 44618
63.487 44606
63.489 44603
63.489 44582
63.491 44576
63.493 44575
76.634 44573
76.808 44572
76.811 44570
76.812 44558
76.986 44547
76.996 44498
76.997 44497
77 44492
77.001 44488
77.912 44479
77.913 44472
78.072 44466
78.38 44456
78.384 44452
79.064 44424
79.834 44398
79.835 44386
81.1 44368
81.101 44364
81.104 44353
81.121 44351
81.126 44340
81.128 44318
82.514 44305
82.515 44299
82.516 44282
82.517 44280
82.521 44258
82.524 44257
82.526 44245
82.527 44243
83.152 44240
83.156 44234
83.159 44222
83.163 44199
83.164 44198
83.17 44195
83.173 44176
83.22 44167
83.25 44166
88.306 44136
88.351 44134
88.353 44129
88.385 44117
121.372 44111
121.376 44107
121.377 44103
121.383 44093
121.399 44091
121.404 44084
121.406 44080
121.432 44074
121.435 44073
121.442 44067
121.442 44065
124.354 44063
124.354 44062
124.357 44058
124.367 44052
124.368 44043
124.37 44035
124.376 44018
124.38 44014
127.58 44006
127.583 43998
127.587 43994
127.588 43987
157.181 43981
157.182 43980
157.235 43979
157.267 43966
157.267 43963
157.268 43936
162.146 43927
165.524 43925
169.005 43922
169.01 43920
169.014 43917
169.106 43905
183.16 43891
183.164 43890
185.276 43889
185.299 43884
185.301 43882
185.338 43881
185.384 43880
189.632 43865
189.633 43864
189.641 43861
189.646 43857
189.649 43855
189.649 43850
191.617 43842
191.626 43835
191.627 43834
191.787 43833
191.794 43825
191.795 43822
191.797 43818
191.807 43814
191.807 43811
195.092 43809
195.103 43800
195.11 43798
195.142 43797
205.799 43792
205.804 43781
205.818 43777
205.894 43775
205.899 43769
206.032 43764
206.075 43763
206.088 43759
206.101 43749
206.122 43747
206.124 43744
206.137 43743
206.361 43741
206.408 43739
206.423 43738
211.919 43735
211.927 43728
211.929 43724
212.28 43721
212.316 43718
212.345 43717
212.366 43711
240.676 43708
240.712 43706
240.716 43699
252.81 43696
264.912 43695
273.3 43692
273.333 43687
273.374 43680
273.382 43677
296.741 43669
296.747 43668
299.326 43665
299.344 43663
299.346 43653
299.355 43650
304.37 43647
304.383 43643
304.4 43641
304.46 43638
304.501 43637
304.537 43633
305.296 43626
305.297 43625
310.075 43623
310.083 43620
311.064 43617
311.199 43613
