0.032 39396
0.033 39393
0.033 39378
0.033 39372
0.034 39356
0.034 39340
0.034 39339
0.035 39331
0.035 39233
0.036 39230
0.036 39209
0.037 39184
0.039 39173
0.039 39127
0.04 39116
0.041 39111
0.042 39106
0.042 39096
0.043 38929
0.044 38926
0.046 38789
0.047 38783
0.047 38775
0.049 38760
0.049 38756
0.05 38752
0.05 38748
0.052 38741
0.053 38729
0.053 38725
0.057 38724
0.064 38674
0.064 38673
0.065 38650
0.065 38649
0.065 38648
0.071 38642
0.073 38635
0.077 38626
0.079 38615
0.079 38600
0.084 38593
0.085 38574
0.085 38528
0.14 38444
0.142 38440
0.18 38402
0.182 38400
0.185 38379
0.196 38366
0.196 38364
0.197 38352
0.197 38346
0.2 38339
0.201 38314
0.202 38268
0.202 38259
0.203 38192
0.203 38189
0.204 38187
0.309 38177
0.319 38170
0.319 38162
0.319 38161
0.327 38158
0.329 38136
0.331 38124
0.332 38115
0.333 38103
0.334 38095
0.334 38083
0.335 38079
0.337 38076
0.338 38033
0.342 38007
0.343 38006
0.344 37964
0.346 37963
0.347 37937
0.35 37876
0.352 37863
0.43 37854
0.432 37851
0.485 37824
0.503 37817
0.506 37816
0.506 37809
0.507 37796
0.509 37788
0.513 37753
0.516 37717
0.517 37699
0.519 37645
0.644 37644
0.646 37641
0.649 37636
0.653 37632
0.896 37613
0.897 37611
0.898 37582
0.899 37565
0.901 37545
0.903 37537
0.904 37527
0.905 37524
0.908 37521
0.909 37505
0.912 37502
0.913 37468
0.917 37460
0.919 37453
0.922 37438
0.925 37414
0.929 37398
1.298 37373
1.3 37372
1.355 37343
1.357 37325
1.358 37321
1.393 37318
1.399 37308
1.471 37306
1.471 37305
1.867 37277
1.87 37272
1.871 37268
2.031 37267
2.038 37256
2.039 37251
2.04 37231
2.088 37230
2.097 37213
2.098 37211
2.165 37210
2.17 37172
2.176 37169
2.176 37161
2.179 37158
2.184 37149
2.186 37116
2.187 37115
2.187 37113
2.308 37106
2.311 37104
2.316 37084
2.385 37046
2.388 37040
2.388 37020
2.389 37017
2.441 37000
2.443 36994
3.789 36965
3.791 36961
3.817 36923
3.818 36921
3.82 36920
3.859 36911
3.861 36908
3.862 36905
3.864 36902
3.869 36900
3.883 36895
3.885 36893
3.942 36880
3.944 36846
3.948 36845
3.948 36827
3.98 36812
3.982 36810
4.851 36789
4.851 36781
4.853 36771
4.853 36768
5.719 36759
5.725 36738
6.715 36701
6.716 36673
6.72 36652
6.721 36651
6.721 36646
10.657 36642
10.663 36619
10.672 36608
10.677 36607
13.541 36598
13.543 36586
13.544 36579
13.544 36569
13.546 36561
13.711 36558
13.75 36546
13.751 36535
13.751 36526
13.752 36494
13.753 36487
13.761 36465
13.784 36455
13.786 36446
13.787 36442
13.791 36441
13.791 36427
13.792 36413
13.796 36412
52.144 36401
69.754 36400
69.76 36398
69.763 36392
69.952 36387
69.955 36373
69.956 36364
69.956 36363
69.957 36361
69.966 36355
69.968 36354
69.976 36351
69.987 36344
79.392 36339
79.402 36337
79.408 36326
82.306 36319
82.307 36314
82.307 36311
96.831 36290
96.848 36285
102.355 36278
102.364 36269
102.367 36254
102.37 36251
102.486 36242
102.489 36238
102.502 36231
104.805 36229
104.822 36219
104.855 36217
107.622 36210
107.624 36200
107.625 36191
107.626 36183
107.628 36171
107.635 36162
107.642 36161
107.645 36158
107.65 36145
107.663 36139
122.408 36137
122.411 36132
122.411 36115
122.412 36110
122.414 36107
122.419 36095
122.484 36090
122.485 36078
122.489 36076
122.49 36074
122.49 36070
122.492 36068
122.494 36064
122.495 36063
122.497 36049
122.498 36041
177.047 36039
177.054 36037
177.055 36031
177.055 36024
177.059 36023
177.087 36018
178.337 36007
178.338 36006
178.34 35998
178.345 35975
178.354 35973
197.318 35960
208.229 35956
208.242 35955
208.284 35953
208.614 35951
208.658 35949
208.659 35947
218.557 35939
218.557 35937
218.559 35930
220.269 35923
222.068 35922
222.071 35920
222.073 35916
222.073 35913
222.075 35901
222.136 35884
222.144 35876
222.155 35874
222.159 35873
222.161 35867
222.168 35866
229.351 35864
229.356 35856
232.622 35852
242.826 35850
242.828 35845
242.837 35844
242.858 35843
242.862 35826
242.869 35820
242.894 35815
253.136 35806
258.43 35802
259.119 35796
260.837 35795
260.841 35794
260.847 35792
260.855 35789
260.937 35786
280.28 35783
282.762 35780
282.779 35778
282.789 35776
282.794 35774
282.82 35769
290.269 35768
290.307 35765
291.459 35756
291.698 35746
355.758 35744
355.799 35742
389.715 35737
390.023 35733
395.984 35729
396.013 35727
397.91 35720
398.253 35717
398.755 35715
401.544 35709
401.687 35708
402.196 35707
403.608 35706
403.727 35703
408.023 35700
408.034 35698
408.042 35695
