0.038 90295
0.038 90281
0.038 90280
0.039 90210
0.039 90168
0.04 90162
0.04 90103
0.04 90092
0.041 90071
0.041 90028
0.041 89997
0.042 89965
0.042 89961
0.043 89948
0.044 89922
0.044 89905
0.046 89890
0.047 89846
0.047 89814
0.048 89704
0.049 89611
0.053 89599
0.054 89589
0.054 89582
0.055 89564
0.056 89552
0.057 89547
0.057 89545
0.059 89541
0.06 89533
0.061 89511
0.062 89480
0.064 89475
0.065 89461
0.065 89442
0.069 89441
0.07 89433
0.07 89421
0.072 88697
0.073 88637
0.074 87988
0.08 87956
0.081 87902
0.083 87901
0.083 87896
0.083 87894
0.086 87879
0.087 87873
0.088 87859
0.088 87857
0.089 87839
0.091 87745
0.092 87733
0.093 87687
0.095 87380
0.095 87351
0.096 87338
0.097 87242
0.104 87223
0.105 87205
0.105 87203
0.106 87176
0.107 87165
0.108 87163
0.108 87159
0.109 87149
0.109 87134
0.11 87119
0.112 87105
0.113 87104
0.115 87052
0.121 86952
0.121 86949
0.123 86942
0.127 86448
0.128 86255
0.129 86004
0.13 86002
0.13 85999
0.131 85923
0.133 85890
0.134 85863
0.138 85831
0.141 85501
0.142 85478
0.142 85475
0.144 85460
0.144 85450
0.145 85447
0.146 85290
0.147 85225
0.147 85224
0.148 85217
0.148 85102
0.149 85091
0.15 85017
0.152 85007
0.152 85001
0.154 84959
0.156 84898
0.157 84763
0.159 84740
0.16 84596
0.16 84579
0.161 84542
0.162 84500
0.168 84485
0.17 84462
0.17 84358
0.171 84357
0.175 84351
0.175 84332
0.175 84297
0.176 84285
0.178 84277
0.179 84276
0.181 84269
0.181 84253
0.183 84227
0.184 84212
0.187 84205
0.189 84178
0.19 84175
0.191 84170
0.196 84168
0.204 84105
0.208 84070
0.208 84067
0.209 84031
0.21 83995
0.21 83988
0.211 83974
0.212 83957
0.213 83945
0.216 83919
0.216 83909
0.217 83907
0.217 83889
0.22 83882
0.221 83865
0.222 83863
0.223 83861
0.226 83716
0.226 83686
0.305 83663
0.305 83516
0.307 83492
0.308 83456
0.308 83451
0.309 83449
0.315 83257
0.316 83245
0.317 83235
0.319 83211
0.319 83209
0.319 83173
0.321 83172
0.322 83159
0.324 83053
0.328 83020
0.328 83017
0.329 82956
0.331 82944
0.333 82905
0.342 82885
0.343 82882
0.343 82869
0.343 82866
0.344 82839
0.344 82833
0.346 82827
0.348 82824
0.35 82799
0.351 82787
0.354 82784
0.354 82782
0.38 82778
0.388 82776
0.39 82763
0.39 82686
0.434 82679
0.436 82675
0.439 82656
0.444 82615
0.45 82596
0.452 82584
0.455 82576
0.479 82573
0.48 82568
0.485 82562
0.485 82548
0.488 82351
0.489 82350
0.49 82286
0.492 82283
0.499 82183
0.507 82177
0.507 82078
0.508 82066
0.509 81988
0.51 81986
0.565 81972
0.565 81948
0.566 81946
0.566 81945
0.567 81934
0.574 81916
0.575 81907
0.581 81902
0.582 81900
0.582 81845
0.586 81843
0.644 81789
0.644 81787
0.645 81723
0.646 81496
0.647 81465
0.647 81463
0.648 81457
0.668 81400
0.669 81385
0.67 81375
0.671 80822
0.673 80809
0.676 80806
0.679 80532
0.681 80519
0.682 80490
0.682 80476
0.683 80445
0.696 80402
0.696 80377
0.698 80344
0.699 80341
0.704 80334
0.706 80318
0.706 80292
0.726 80243
0.73 80119
0.731 80113
0.743 80109
0.743 80069
0.744 80036
0.745 80033
0.746 80021
0.746 80004
0.747 79693
0.748 79689
0.749 79675
0.753 79654
0.754 79634
0.754 79614
0.762 79381
0.763 79378
0.763 79372
0.765 79329
0.766 79326
0.768 79258
0.769 79048
0.773 79046
0.778 79033
0.779 79028
0.78 79010
0.787 79008
0.788 78975
0.788 78933
0.789 78932
0.789 78928
0.791 78905
0.792 78896
0.936 78598
0.937 78575
0.938 78543
0.944 78453
0.945 78439
0.946 78415
0.947 78412
0.972 78397
0.973 78388
0.974 78376
0.975 78333
0.975 78299
0.98 78204
0.989 78195
0.991 78170
0.992 78165
1 78138
1 78134
1.001 78100
1.003 77918
1.004 77877
1.01 77800
1.01 77792
1.011 77759
1.012 77740
1.017 77721
1.017 77706
1.019 77696
1.019 77646
1.02 77640
1.02 77623
1.021 77604
1.027 77583
1.028 77562
1.028 77561
1.047 77506
1.051 77495
1.052 77491
1.054 77488
1.067 77474
1.087 77468
1.087 77444
1.14 77418
1.141 77399
1.142 77396
1.145 77383
1.145 77337
1.147 77331
1.148 77329
1.151 77315
1.151 77284
1.152 77264
1.154 77238
1.155 77226
1.155 77225
1.157 77217
1.159 77195
1.159 77190
1.16 77177
1.161 77155
1.163 77131
1.165 77111
1.165 77076
1.167 77075
1.169 77073
1.169 77070
1.17 77069
1.171 76828
1.172 76793
1.173 76791
1.174 76788
1.175 76785
1.224 76751
1.226 76738
1.233 76718
1.233 76706
1.233 76665
1.234 76656
1.235 76641
1.236 76632
1.238 76617
1.249 76544
1.25 76509
1.251 76485
1.252 76470
1.252 76436
1.653 76410
1.654 76399
1.654 76392
1.655 76360
1.782 76243
1.785 76227
1.787 76217
1.79 76208
1.8 76092
1.814 76090
1.825 76080
1.826 76079
1.827 76065
1.83 76057
1.87 76000
1.87 75994
1.87 75990
1.93 75976
1.93 75967
1.941 75947
1.942 75941
1.943 75940
1.947 75936
1.948 75914
1.95 75871
1.984 75837
1.985 75833
1.986 75832
1.994 75831
1.994 75816
1.995 75815
2.075 75785
2.076 75784
2.076 75780
2.077 75775
2.077 75757
2.078 75729
2.078 75725
2.079 75723
2.079 75712
2.079 75711
2.08 75710
2.08 75708
2.081 75704
2.098 75690
2.109 75665
2.11 75655
2.112 75654
2.113 75646
2.113 75642
2.165 75614
2.166 75610
2.174 75609
2.723 75608
2.725 75558
2.732 75552
2.733 75538
2.76 75532
2.76 75530
2.764 75497
2.766 75494
2.772 75489
2.773 75486
3.327 75485
3.331 75478
3.331 75440
3.333 75436
3.562 75427
3.596 75424
3.597 75423
3.613 75417
3.613 75416
3.931 75383
3.934 75377
3.936 75375
3.942 75358
3.942 75353
3.942 75351
4.003 75345
4.005 75334
4.006 75323
4.006 75309
4.007 75295
4.007 75294
4.009 75285
4.011 75284
4.012 75278
4.013 75254
4.015 75239
4.015 75233
4.023 75220
4.026 75212
4.13 75191
4.13 75190
4.133 75189
9.478 75187
9.48 75182
9.481 75180
9.483 75166
9.483 75153
9.484 75146
9.636 75138
9.637 75117
9.644 75116
9.645 75100
9.654 75091
9.656 75075
9.668 75068
9.67 75056
10.771 75053
10.773 75040
10.774 75021
10.774 74999
10.779 74992
10.782 74985
10.782 74983
10.788 74977
10.789 74966
10.79 74965
10.792 74964
11.457 74958
12.208 74949
13.853 74939
13.854 74925
13.865 74913
13.868 74907
13.868 74894
13.905 74867
13.969 74854
13.97 74833
13.982 74826
14.005 74817
14.007 74789
14.009 74782
14.038 74778
14.04 74775
14.04 74764
14.043 74757
14.047 74731
14.049 74722
14.05 74711
14.052 74691
14.056 74676
14.057 74670
14.628 74660
14.629 74652
14.632 74650
14.633 74636
14.634 74635
14.636 74618
14.641 74615
14.642 74610
14.643 74585
14.739 74576
14.74 74560
14.745 74525
14.753 74517
14.77 74516
14.824 74508
14.827 74453
14.831 74420
14.832 74410
14.84 74398
14.852 74388
15.761 74378
15.821 74363
15.823 74359
16.028 74344
16.029 74312
16.196 74308
16.199 74304
16.202 74278
16.205 74275
16.206 74271
16.209 74257
16.211 74241
16.342 74229
16.343 74210
16.345 74195
16.347 74193
19.564 74187
19.572 74172
19.575 74162
24.192 74109
24.193 74108
24.955 74097
24.957 74081
24.957 74079
24.959 74062
25.124 74057
25.188 74019
29.043 73996
29.043 73991
30.534 73977
30.537 73973
30.541 73908
30.556 73891
30.558 73862
30.723 73859
30.727 73854
30.728 73824
30.732 73816
30.777 73809
30.779 73796
30.782 73793
30.784 73765
30.786 73750
31.978 73745
31.979 73733
31.996 73713
31.997 73710
32.261 73706
32.308 73705
32.331 73681
32.332 73680
32.332 73679
32.333 73669
32.334 73660
32.334 73659
32.335 73630
32.337 73624
32.337 73614
32.338 73609
32.339 73606
32.339 73599
32.34 73593
32.411 73568
32.419 73563
32.447 73551
32.965 73533
32.966 73509
32.967 73504
33.04 73475
37.254 73456
37.291 73436
37.326 73433
37.327 73419
37.33 73418
37.338 73406
37.34 73399
37.341 73394
37.343 73393
37.344 73391
37.346 73388
37.348 73373
37.351 73363
37.352 73327
37.36 73316
37.366 73311
37.401 73295
37.402 73291
37.402 73283
37.409 73230
37.413 73225
38.64 73224
38.644 73221
38.645 73197
38.65 73187
51.121 73177
51.121 73168
51.124 73165
97.579 73155
97.583 73144
97.586 73142
97.587 73133
97.588 73131
97.589 73129
97.885 73102
97.887 73099
97.955 73096
97.957 73090
97.957 73079
97.958 73075
98.025 73069
108.434 73068
108.436 73067
108.438 73063
108.443 73055
108.444 73048
108.445 73015
108.45 73008
108.45 73006
112.214 73000
112.219 72998
133.002 72997
133.003 72996
133.005 72992
133.006 72983
133.008 72978
133.009 72976
133.021 72952
159.373 72944
159.374 72935
159.377 72931
159.894 72928
159.897 72921
159.898 72920
159.907 72917
159.908 72914
160.165 72910
160.177 72907
160.185 72900
160.188 72878
185.066 72872
185.072 72866
185.073 72858
221.514 72857
221.518 72856
223.761 72855
224.153 72846
224.157 72837
224.159 72824
224.18 72815
233.618 72809
233.62 72806
233.625 72801
233.626 72798
233.632 72797
233.647 72790
233.653 72789
233.711 72778
233.713 72776
233.745 72767
233.752 72766
233.76 72764
233.766 72761
233.773 72736
289.349 72734
289.359 72728
289.555 72725
290.147 72720
290.185 72719
292.811 72714
292.894 72713
292.904 72712
293.109 72710
295.298 72706
295.552 72699
295.562 72697
297.021 72694
297.021 72693
297.476 72678
297.476 72675
297.483 72670
297.553 72664
297.556 72661
300.643 72659
300.767 72656
300.889 72654
300.92 72652
300.93 72649
349.598 72638
349.6 72637
349.609 72635
349.838 72631
349.852 72630
349.896 72628
349.942 72626
349.952 72621
349.981 72620
350.47 72614
350.473 72611
350.479 72608
350.491 72604
350.494 72597
350.53 72596
351.82 72595
351.85 72594
352.085 72592
352.094 72591
352.153 72587
352.357 72586
353.395 72583
370.752 72582
370.808 72580
381.175 72579
381.19 72570
381.537 72569
381.567 72568
381.851 72566
381.866 72563
381.908 72560
388.901 72559
390.81 72553
391.025 72551
391.21 72549
391.299 72542
391.345 72541
391.419 72540
399.102 72537
399.122 72530
399.159 72527
401.327 72526
415.894 72523
415.983 72519
416.077 72518
416.422 72517
416.43 72516
416.448 72513
