0.033 39427
0.033 39417
0.033 39318
0.034 39307
0.034 39303
0.035 39218
0.035 39217
0.035 39211
0.037 39193
0.038 39147
0.038 39146
0.038 39144
0.039 39143
0.04 39140
0.04 39120
0.041 39113
0.042 39075
0.042 39059
0.043 39044
0.044 39040
0.044 39035
0.045 39029
0.046 39022
0.046 39016
0.047 38991
0.048 38967
0.049 38960
0.05 38930
0.051 38925
0.051 38922
0.051 38919
0.052 38905
0.053 38904
0.056 38887
0.058 38886
0.059 38873
0.059 38821
0.06 38820
0.06 38790
0.062 38777
0.063 38772
0.065 38756
0.066 38755
0.067 38732
0.068 38721
0.071 38712
0.072 38689
0.078 38682
0.078 38671
0.079 38663
0.082 38653
0.107 38650
0.122 38649
0.124 38635
0.156 38615
0.176 38613
0.176 38596
0.177 38554
0.177 38551
0.178 38491
0.179 38488
0.18 38483
0.181 38478
0.181 38470
0.182 38444
0.182 38440
0.192 38417
0.193 38413
0.193 38411
0.194 38367
0.196 38353
0.198 38350
0.199 38324
0.199 38289
0.212 38245
0.213 38228
0.214 38210
0.215 38209
0.216 38208
0.217 38207
0.217 38195
0.218 38091
0.219 38081
0.22 38068
0.222 38055
0.224 38054
0.225 38049
0.225 38045
0.225 38038
0.226 38037
0.227 38036
0.228 38031
0.228 38030
0.229 38028
0.229 38027
0.237 37993
0.238 37991
0.242 37982
0.242 37980
0.243 37974
0.246 37970
0.247 37938
0.247 37925
0.314 37914
0.314 37908
0.316 37907
0.325 37897
0.332 37890
0.333 37882
0.333 37881
0.333 37876
0.334 37858
0.334 37854
0.335 37839
0.336 37832
0.336 37831
0.337 37813
0.343 37797
0.344 37786
0.344 37782
0.347 37781
0.351 37778
0.352 37768
0.366 37759
0.415 37749
0.416 37725
0.417 37723
0.462 37706
0.462 37683
0.535 37676
0.536 37646
0.537 37633
0.537 37614
0.539 37589
0.541 37585
0.545 37574
0.545 37549
0.547 37546
0.918 37539
0.921 37529
0.922 37527
1.004 37501
1.009 37479
1.018 37443
1.018 37432
1.025 37431
1.025 37428
1.026 37415
1.026 37413
1.027 37409
1.028 37406
1.056 37396
1.058 37340
1.108 37335
1.109 37310
1.111 37304
1.119 37293
2.074 37285
2.078 37255
2.082 37250
2.084 37192
2.085 37183
2.085 37165
2.086 37163
2.389 37142
2.417 37132
2.424 37120
2.425 37098
2.427 37070
2.428 37069
2.429 37066
2.429 37039
2.776 37028
2.777 37026
2.778 37006
2.78 36993
3.004 36985
3.004 36974
3.005 36965
3.014 36899
3.017 36894
3.018 36872
3.019 36850
3.452 36841
3.458 36838
3.459 36820
3.461 36818
3.466 36800
3.482 36761
3.482 36752
3.483 36751
3.484 36748
3.484 36734
3.487 36717
3.63 36716
5.168 36715
5.17 36714
5.172 36709
8.329 36678
8.329 36676
8.336 36665
9.066 36664
9.066 36656
9.069 36653
9.072 36651
9.478 36642
9.48 36641
9.48 36634
9.482 36627
9.483 36615
9.484 36611
9.859 36606
9.859 36582
9.86 36580
9.869 36536
9.986 36531
9.991 36530
9.991 36528
9.992 36524
9.994 36503
9.995 36491
10.003 36453
10.003 36442
10.414 36440
10.417 36438
10.426 36432
10.435 36422
10.436 36415
10.439 36411
32.377 36401
32.378 36391
36.81 36389
36.815 36386
36.816 36376
43.233 36373
43.234 36369
48.878 36357
48.906 36352
48.908 36351
48.908 36348
48.909 36346
48.909 36344
48.911 36334
48.917 36330
49.48 36326
49.483 36323
49.487 36319
64.577 36297
64.577 36296
64.579 36293
64.582 36265
84.43 36259
84.504 36245
93.762 36225
96.222 36224
96.223 36218
96.441 36181
103.85 36178
125.957 36173
126.16 36157
127.75 36145
127.751 36140
128.408 36134
128.425 36120
140.864 36118
140.896 36117
140.897 36116
140.901 36115
140.901 36104
140.906 36100
142.283 36092
142.29 36067
144.738 36065
144.738 36064
150.012 36060
150.418 36054
150.429 36048
150.437 36046
152.331 36037
156.947 36034
156.949 36033
164.879 36030
164.883 36019
164.887 36015
184.511 36010
184.515 36007
184.517 36006
184.525 36005
184.535 36002
184.586 36001
184.586 35997
184.588 35996
184.591 35990
184.6 35987
184.606 35977
184.613 35974
190.108 35972
190.11 35970
190.116 35969
190.122 35965
190.133 35963
215.54 35951
215.542 35950
219.449 35947
219.452 35936
219.46 35934
221.458 35930
221.462 35911
221.477 35907
227.318 35904
227.329 35896
227.345 35895
247.513 35890
247.516 35888
247.565 35887
247.575 35884
247.597 35882
247.602 35879
247.684 35875
247.699 35872
247.705 35871
247.718 35870
247.787 35869
248.28 35859
249.413 35857
249.416 35856
249.421 35845
249.439 35842
249.447 35831
249.451 35827
249.496 35825
249.496 35819
277.879 35818
285.101 35815
285.101 35812
285.131 35810
285.144 35805
292.111 35796
292.164 35791
293.257 35789
293.258 35778
293.42 35777
293.421 35774
293.439 35771
293.768 35769
293.777 35768
293.778 35766
293.872 35763
293.91 35762
299.599 35758
299.607 35756
299.623 35754
299.634 35752
299.642 35751
301.127 35749
301.133 35748
301.138 35746
301.221 35744
301.256 35742
327.768 35740
327.771 35738
329.272 35737
329.281 35734
329.366 35731
329.407 35729
329.409 35726
336.376 35725
337.657 35724
337.736 35723
337.74 35719
337.759 35714
344.306 35711
344.409 35710
345.557 35709
345.562 35708
345.585 35706
345.646 35704
345.651 35702
345.663 35701
368.862 35700
368.902 35699
368.928 35697
369.502 35695
369.509 35694
369.549 35692
369.568 35691
369.575 35690
369.692 35689
369.807 35688
370.012 35686
