0.036 60607
0.039 60599
0.04 60576
0.04 60565
0.043 60015
0.044 59640
0.045 59625
0.045 59608
0.046 59593
0.047 59565
0.047 59541
0.049 59314
0.049 59310
0.051 58997
0.052 58960
0.052 58952
0.053 58865
0.055 58860
0.057 58807
0.058 58559
0.059 58555
0.059 58553
0.061 58456
0.063 58452
0.063 58394
0.065 58386
0.068 58304
0.069 58294
0.071 58274
0.072 58220
0.073 58211
0.075 58156
0.078 58137
0.079 58095
0.08 58090
0.08 58084
0.08 58054
0.081 58050
0.086 57995
0.089 57960
0.09 57928
0.092 57921
0.093 57903
0.101 57878
0.102 57775
0.103 57770
0.11 57695
0.119 57692
0.122 57517
0.124 57494
0.124 57491
0.125 57466
0.126 57451
0.132 57441
0.136 57412
0.139 57411
0.139 57396
0.141 57393
0.142 57392
0.142 57354
0.144 57351
0.147 57318
0.15 57312
0.153 57247
0.157 57221
0.157 57220
0.167 57209
0.172 57139
0.173 57025
0.173 57017
0.175 57013
0.176 56991
0.177 56989
0.178 56984
0.179 56965
0.181 56939
0.194 56935
0.195 56932
0.196 56929
0.199 56923
0.2 56877
0.201 56871
0.202 56837
0.204 56835
0.206 56833
0.207 56785
0.215 56783
0.215 56773
0.218 56744
0.219 56742
0.221 56692
0.222 56656
0.223 56649
0.223 56642
0.231 56491
0.236 56478
0.238 56473
0.238 56471
0.239 56442
0.241 56421
0.241 56390
0.242 56385
0.243 56383
0.245 56327
0.259 56314
0.261 55984
0.272 55937
0.272 55869
0.277 55851
0.277 55835
0.279 55794
0.279 55791
0.284 55751
0.287 55747
0.305 55693
0.306 55632
0.307 55622
0.375 55591
0.376 55584
0.38 55560
0.381 55524
0.382 55508
0.384 55506
0.386 55498
0.386 55490
0.387 55461
0.388 55460
0.39 55458
0.391 55439
0.391 55424
0.404 55413
0.405 55356
0.408 55339
0.41 55335
0.411 55314
0.412 55312
0.416 55311
0.426 55305
0.43 55296
0.431 55134
0.434 55106
0.435 55082
0.438 55065
0.438 55038
0.439 55029
0.439 55023
0.44 55001
0.44 54992
0.441 54955
0.442 54920
0.444 54909
0.447 54887
0.448 54885
0.454 54822
0.457 54821
0.459 54803
0.46 54785
0.461 54756
0.462 54668
0.462 54655
0.464 54647
0.466 54641
0.467 54634
0.468 54617
0.469 54611
0.471 54610
0.472 54609
0.473 54595
0.49 54567
0.493 54566
0.497 54561
0.498 54516
0.5 54506
0.502 54502
0.502 54490
0.507 54483
0.512 54452
0.514 54441
0.514 54437
0.515 54432
0.515 54431
0.582 54408
0.585 54407
0.596 54392
0.597 54388
0.597 54371
0.599 54365
0.6 54362
0.602 54347
0.603 54256
0.626 54247
0.627 54246
0.627 54240
0.628 54239
0.63 54237
0.631 54226
0.638 54224
0.64 54211
0.641 54206
0.646 54187
0.646 54151
0.752 54130
0.762 54126
0.762 54111
0.762 54107
0.764 54098
0.765 54076
0.767 54066
0.769 54058
0.77 54052
0.773 54035
0.775 54028
0.775 54017
0.776 54009
0.784 53991
0.785 53987
0.836 53943
0.859 53895
0.87 53865
0.873 53847
0.878 53842
0.88 53824
0.97 53810
0.971 53806
0.971 53805
0.973 53803
0.973 53777
0.984 53758
0.989 53743
0.99 53734
0.991 53724
0.992 53721
0.995 53718
0.995 53693
0.996 53677
1.022 53658
1.048 53614
1.05 53601
1.052 53585
1.052 53548
1.064 53515
1.064 53512
1.064 53485
1.066 53475
1.115 53459
1.115 53430
1.119 53415
1.121 53411
1.127 53406
1.128 53393
1.129 53375
1.13 53373
1.131 53372
1.133 53366
1.133 53355
1.142 53352
1.142 53349
1.388 53328
1.389 53315
1.393 53281
1.393 53253
1.394 53252
1.572 53233
1.573 53229
2.068 53224
2.069 53222
2.925 53216
2.957 53180
2.971 53179
2.972 53172
2.973 53147
3.829 53141
3.834 53134
3.838 53028
3.841 53019
3.847 53012
3.847 53005
3.848 52968
3.848 52967
3.854 52957
3.855 52937
3.855 52926
3.858 52925
3.859 52922
3.861 52919
3.862 52838
3.862 52837
3.877 52808
3.879 52798
3.88 52793
5.871 52792
6.62 52786
7.189 52777
7.19 52776
9.631 52771
9.632 52768
9.688 52750
9.691 52728
9.865 52726
9.867 52724
9.867 52699
9.868 52694
9.869 52666
9.87 52642
9.884 52623
9.937 52620
9.938 52615
9.939 52614
9.94 52608
10.003 52605
11.556 52601
11.579 52578
11.58 52576
11.582 52556
11.584 52547
15.266 52546
15.584 52530
15.642 52524
15.645 52517
15.647 52506
15.649 52505
15.651 52501
15.652 52498
15.652 52497
15.662 52467
15.664 52466
15.779 52461
15.947 52441
15.947 52431
15.949 52420
15.966 52415
17.111 52336
17.158 52333
17.269 52303
17.287 52293
17.299 52264
27.452 52242
27.453 52236
27.456 52225
27.46 52211
27.46 52200
27.462 52189
27.473 52177
27.476 52170
78.453 52168
78.455 52164
78.457 52144
78.517 52134
78.552 52121
78.556 52114
78.558 52108
78.563 52107
78.564 52105
94.381 52097
94.486 52095
94.487 52062
94.489 52061
94.491 52058
94.51 52056
94.687 52006
113.404 52003
113.491 51990
113.492 51982
113.496 51981
113.496 51980
113.611 51977
113.614 51972
113.628 51963
113.644 51933
113.652 51920
113.658 51916
113.659 51912
128.871 51911
128.872 51907
128.876 51902
128.915 51899
128.922 51898
128.934 51879
129.731 51875
129.733 51874
130.685 51848
130.685 51843
130.774 51831
130.774 51829
130.776 51821
131.491 51811
131.518 51807
131.518 51802
131.529 51780
131.531 51764
131.535 51760
131.537 51756
131.537 51755
131.553 51749
131.555 51748
131.561 51745
131.562 51743
131.564 51732
131.579 51730
131.861 51719
150.653 51685
150.7 51680
151.135 51674
151.15 51667
151.436 51654
151.45 51651
151.464 51644
151.464 51643
167.449 51638
184.994 51637
185.002 51634
185.003 51606
185.008 51597
185.008 51592
185.036 51591
185.042 51590
185.052 51581
186.012 51579
186.452 51576
186.454 51568
186.467 51567
186.469 51566
186.47 51565
194.739 51563
194.747 51560
194.796 51549
194.816 51546
194.823 51544
194.828 51542
194.834 51541
194.884 51540
194.958 51539
194.958 51528
194.959 51523
194.961 51520
194.964 51513
194.966 51511
194.988 51506
194.994 51505
199.401 51504
199.406 51487
199.427 51486
199.438 51485
199.468 51483
199.483 51480
199.494 51473
199.497 51472
230.867 51471
230.868 51465
230.869 51464
230.876 51456
232.044 51454
232.048 51446
232.073 51445
232.168 51440
232.169 51435
232.176 51433
232.18 51429
232.188 51425
232.189 51422
232.195 51421
238.658 51419
240.335 51415
240.338 51408
246.634 51403
247.045 51400
247.232 51398
247.241 51391
247.518 51385
248.929 51384
248.954 51383
248.964 51380
249.017 51376
249.026 51366
249.031 51364
249.032 51360
249.053 51359
256.865 51357
256.894 51350
256.905 51347
256.913 51335
256.916 51334
261.231 51331
261.233 51328
262.776 51317
273.976 51316
273.99 51309
274.015 51307
274.041 51302
274.045 51301
274.194 51298
274.204 51296
274.205 51282
274.951 51278
274.968 51277
274.981 51276
275.302 51274
275.363 51272
275.438 51268
275.441 51264
275.442 51262
275.452 51261
287.307 51259
294.33 51258
294.527 51257
295.231 51256
295.371 51255
295.453 51254
295.536 51244
295.539 51235
295.602 51234
296.272 51232
296.283 51227
296.284 51226
296.316 51221
296.344 51220
296.346 51219
297.26 51218
297.265 51207
297.421 51202
297.525 51201
300.865 51200
300.906 51192
300.935 51191
301.025 51190
301.047 51187
301.051 51186
301.163 51184
311.377 51181
311.676 51180
311.679 51179
311.713 51178
311.767 51177
311.769 51175
312.621 51172
312.648 51171
314.203 51170
315.055 51169
315.112 51166
315.687 51165
315.756 51164
315.778 51161
316.091 51160
316.106 51157
316.152 51156
316.157 51154
316.164 51153
316.165 51151
316.194 51149
332.227 51145
332.232 51144
332.234 51143
332.394 51138
332.515 51135
332.528 51134
332.533 51131
361.638 51126
361.82 51125
361.821 51124
362.099 51121
362.146 51120
362.35 51119
362.436 51118
375.776 51117
377.171 51112
377.191 51111
378.425 51104
378.482 51100
381.362 51098
382.497 51097
382.523 51095
382.527 51090
