0.031 66208
0.031 66176
0.032 66171
0.032 66101
0.033 66058
0.033 66028
0.035 66027
0.035 65974
0.035 65966
0.036 65076
0.038 64417
0.038 64395
0.04 64392
0.04 64384
0.041 64378
0.041 64360
0.041 64349
0.042 64252
0.042 64218
0.043 64134
0.043 64093
0.045 64087
0.045 64064
0.046 64063
0.046 64058
0.048 64057
0.05 63537
0.051 63520
0.053 63514
0.058 63511
0.059 63502
0.06 63461
0.061 63399
0.061 63395
0.062 63394
0.062 63339
0.064 63331
0.065 63311
0.066 63302
0.067 63274
0.069 63272
0.083 63264
0.087 63156
0.088 63146
0.091 63141
0.092 63095
0.092 63085
0.093 62974
0.095 62958
0.098 62943
0.099 62936
0.101 62923
0.102 62912
0.104 62907
0.106 62903
0.107 62814
0.109 62387
0.116 62231
0.117 62229
0.119 62200
0.12 61933
0.12 61929
0.121 61923
0.121 61911
0.126 61866
0.128 61841
0.131 61838
0.132 61806
0.133 61770
0.134 61764
0.135 61744
0.136 61705
0.138 61701
0.144 61614
0.145 61596
0.146 61587
0.148 61585
0.152 61584
0.154 61582
0.156 61577
0.157 61531
0.159 61515
0.16 61501
0.161 61493
0.161 61487
0.163 61467
0.168 61414
0.182 60926
0.183 60917
0.183 60911
0.194 60836
0.197 60777
0.198 60773
0.198 60761
0.199 60758
0.205 60735
0.245 60540
0.247 60525
0.247 60522
0.248 60506
0.252 60466
0.254 60437
0.255 60425
0.255 60403
0.256 60371
0.257 60339
0.258 60316
0.258 60293
0.258 60286
0.259 60268
0.26 60210
0.262 60201
0.262 60121
0.263 60095
0.264 60092
0.264 60063
0.285 60000
0.288 59980
0.288 59979
0.292 59935
0.292 59931
0.293 59920
0.293 59919
0.296 59915
0.297 59859
0.317 59844
0.319 59831
0.319 59823
0.32 59817
0.322 59772
0.323 59767
0.324 59750
0.325 59739
0.325 59673
0.33 59671
0.33 59668
0.334 59667
0.337 59654
0.339 59642
0.341 59428
0.342 59420
0.344 59398
0.374 59392
0.375 59358
0.376 59318
0.378 59287
0.38 59267
0.386 59176
0.39 59168
0.393 59069
0.394 59039
0.394 59020
0.395 58996
0.425 58931
0.442 58589
0.442 58357
0.443 58304
0.443 58287
0.445 58280
0.447 58261
0.452 58221
0.453 58207
0.454 58176
0.454 58165
0.456 58146
0.457 58106
0.458 58103
0.458 58083
0.459 58075
0.465 57844
0.469 57830
0.472 57824
0.473 57809
0.473 57725
0.475 57713
0.478 57708
0.478 57707
0.48 57675
0.48 57668
0.481 57666
0.481 57590
0.49 57574
0.49 57546
0.491 57522
0.491 57512
0.498 57507
0.499 57503
0.5 57458
0.501 57444
0.504 57437
0.517 57415
0.519 57402
0.526 57381
0.529 57363
0.53 57358
0.732 57353
0.733 57351
0.734 57236
0.735 57232
0.762 57205
0.763 57176
0.765 57170
0.767 57165
0.774 57139
0.775 57124
0.788 57123
0.79 57097
0.794 57061
0.797 57043
0.798 57029
0.799 56986
0.803 56983
0.804 56977
0.811 56967
0.812 56929
0.814 56914
0.817 56901
0.818 56895
0.819 56881
0.819 56871
0.821 56826
0.822 56800
0.823 56768
0.904 56767
0.905 56766
0.941 56712
0.942 56680
0.945 56661
0.989 56649
1.019 56631
1.024 56617
1.025 56609
1.026 56598
1.027 56589
1.031 56586
1.033 56582
1.035 56579
1.042 56568
1.045 56558
1.045 56538
1.046 56537
1.047 56529
1.048 56488
1.053 56463
1.053 56461
1.053 56446
1.055 56422
1.058 56415
1.058 56396
1.059 56393
1.061 56391
1.67 56382
1.673 56369
1.688 56330
1.689 56299
2.026 56280
3.547 56253
3.551 56219
3.551 56216
3.552 56203
3.733 56201
3.734 56190
3.735 56171
3.742 56166
3.742 56143
3.747 56103
3.747 56085
3.749 56061
3.755 56060
4.567 56053
6.275 56039
6.277 55998
6.278 55996
6.293 55927
6.294 55920
6.295 55914
6.295 55911
7.816 55904
7.816 55898
7.929 55896
7.93 55890
7.931 55861
7.954 55849
7.958 55847
7.973 55845
12.164 55830
12.167 55780
12.174 55772
12.178 55770
12.205 55758
12.209 55730
12.21 55714
12.223 55712
12.225 55711
12.23 55705
12.235 55698
13.676 55697
13.678 55682
13.681 55678
13.687 55673
19.438 55650
19.44 55622
19.44 55621
19.442 55610
19.443 55598
19.446 55595
19.446 55590
19.447 55566
19.448 55563
19.448 55554
19.449 55542
19.469 55517
19.469 55503
19.47 55489
19.482 55486
19.546 55448
24.348 55447
24.356 55419
24.367 55415
24.533 55408
24.992 55394
24.993 55390
24.995 55380
44.736 55375
44.737 55359
44.75 55312
44.751 55310
44.752 55290
45.145 55282
45.147 55276
45.163 55275
52.108 55253
52.11 55245
52.137 55234
52.197 55206
52.207 55204
60.175 55188
60.176 55184
79.704 55181
79.707 55177
79.712 55166
79.713 55165
79.716 55159
79.717 55154
79.719 55145
80.243 55137
80.244 55126
80.245 55119
80.246 55116
80.249 55111
81.955 55094
94.553 55064
94.568 55062
94.746 55057
94.747 55056
94.748 55044
94.823 55031
111.543 55019
111.547 55018
111.556 54989
134.187 54978
134.285 54970
134.287 54960
134.288 54947
134.291 54946
134.296 54945
142.353 54937
142.358 54930
142.363 54927
142.368 54924
142.373 54917
142.375 54912
152.698 54911
152.699 54908
152.699 54906
152.704 54905
152.72 54903
152.801 54895
152.808 54894
152.808 54878
152.812 54865
152.822 54841
152.825 54832
152.831 54830
152.926 54825
152.929 54822
152.948 54821
167.502 54818
167.504 54817
167.841 54786
167.842 54785
167.918 54778
167.927 54777
179.246 54774
179.254 54733
179.262 54718
179.274 54710
179.282 54707
179.341 54703
179.343 54702
179.377 54699
179.389 54690
179.393 54689
179.403 54682
179.404 54679
179.41 54675
197.101 54665
199.996 54660
200.01 54653
200.322 54647
200.323 54646
201.211 54640
201.218 54639
201.219 54636
201.219 54627
201.227 54625
201.248 54617
221.567 54612
221.645 54608
221.652 54598
222.328 54578
223.17 54569
223.18 54566
223.216 54564
231.016 54562
231.017 54541
231.108 54533
231.134 54528
231.135 54526
237.202 54520
237.249 54492
237.249 54482
237.253 54474
237.274 54467
237.323 54463
237.376 54456
237.387 54453
237.389 54450
237.505 54443
237.506 54440
262.513 54435
264.866 54434
264.869 54409
264.878 54408
264.882 54403
330.252 54390
331.135 54387
331.195 54385
331.35 54373
334.348 54369
334.381 54367
334.834 54362
334.869 54359
335.484 54357
336.104 54354
336.109 54348
336.161 54345
336.206 54343
336.225 54342
336.256 54340
337.653 54339
348.464 54328
348.517 54322
350.704 54317
350.784 54315
350.786 54312
350.96 54306
350.973 54303
352.151 54301
352.724 54297
354.482 54295
354.993 54294
