0.047 68081
0.047 68026
0.048 68014
0.048 67997
0.048 67929
0.05 67822
0.05 67781
0.051 67769
0.053 67694
0.055 67626
0.056 67609
0.056 67605
0.057 67589
0.057 67563
0.058 67509
0.059 67312
0.06 67088
0.061 67075
0.061 67071
0.062 67000
0.063 66990
0.063 66910
0.063 66897
0.064 66877
0.065 66848
0.066 66844
0.067 66842
0.067 66819
0.068 66818
0.069 66817
0.069 66795
0.071 66774
0.072 66758
0.073 66721
0.074 66705
0.075 66684
0.076 66676
0.077 66658
0.08 66653
0.081 66648
0.081 66606
0.083 66585
0.087 66569
0.088 66497
0.096 66226
0.099 66179
0.099 66108
0.1 66044
0.101 66039
0.107 66036
0.109 66003
0.109 66000
0.11 65990
0.111 65981
0.112 65980
0.113 65972
0.116 65954
0.117 65845
0.117 65838
0.119 65835
0.12 65826
0.121 65822
0.121 65666
0.124 65622
0.125 65621
0.131 65578
0.132 65559
0.132 65503
0.133 65406
0.136 65390
0.138 65388
0.139 65028
0.139 65019
0.14 65003
0.14 64982
0.143 64971
0.144 64958
0.144 64953
0.153 64913
0.153 64900
0.154 64894
0.157 64883
0.159 64882
0.16 64874
0.161 64724
0.164 64712
0.165 64670
0.166 64661
0.167 64655
0.169 64654
0.172 64633
0.173 64630
0.192 64622
0.193 64612
0.193 64602
0.196 64591
0.198 64586
0.199 64546
0.204 64507
0.204 64500
0.205 64499
0.213 64429
0.215 64417
0.215 64360
0.23 64357
0.234 64327
0.235 64319
0.239 64306
0.24 64305
0.244 64290
0.245 64279
0.263 64275
0.264 64273
0.265 64259
0.268 64253
0.442 64237
0.443 64208
0.443 64202
0.524 64186
0.525 64159
0.527 64139
0.528 64123
0.534 64068
0.534 64067
0.57 64064
0.571 64051
0.639 64015
0.642 63976
0.65 63964
0.651 63945
0.651 63931
0.652 63915
0.662 63898
0.662 63870
0.662 63855
0.669 63836
0.671 63835
0.672 63804
0.673 63799
0.674 63775
0.674 63774
0.686 63766
0.687 63727
0.69 63721
0.691 63670
0.692 63644
0.694 63624
0.694 63621
0.695 63620
0.704 63613
0.706 63609
0.708 63604
0.731 63597
0.733 63578
0.735 63573
0.737 63567
0.738 63551
1.094 63541
1.096 63528
1.098 63472
1.099 63432
1.1 63431
1.101 63430
1.101 63416
1.102 63409
1.103 63368
1.104 63305
1.12 63294
1.122 63290
1.123 63274
1.134 63249
1.147 63231
1.15 63206
1.151 63202
1.192 63192
1.209 63133
1.21 63132
1.211 63130
1.211 63094
1.212 63079
1.212 63062
1.213 63060
1.221 63047
1.222 63017
1.223 62983
1.225 62974
1.566 62970
1.567 62964
1.57 62960
1.57 62940
1.6 62910
1.6 62845
1.602 62785
1.602 62782
3.317 62751
3.318 62738
5.723 62727
5.906 62725
5.908 62724
5.909 62719
5.914 62708
5.915 62706
5.915 62704
5.916 62685
5.921 62665
5.922 62645
5.953 62634
6.065 62595
6.551 62590
6.552 62583
6.554 62579
6.554 62574
7.399 62573
7.4 62561
7.402 62544
7.403 62536
7.406 62514
7.407 62506
7.607 62496
7.641 62486
7.648 62472
7.659 62447
7.659 62429
11.539 62422
11.54 62418
15.228 62401
15.228 62399
15.304 62398
15.306 62382
15.31 62380
15.312 62369
15.313 62365
15.316 62362
15.518 62356
15.52 62347
15.521 62336
15.525 62318
21.007 62258
21.032 62254
21.078 62245
21.087 62244
21.098 62201
21.102 62178
29.217 62170
50.793 62154
50.796 62100
50.809 62085
50.814 62083
50.824 62078
50.836 62051
61.679 62050
61.681 62048
61.682 62045
61.687 62029
61.692 62028
77.582 62022
77.585 61990
77.628 61969
77.654 61966
77.663 61961
77.665 61960
77.771 61942
77.775 61926
77.777 61895
77.782 61870
77.785 61826
77.786 61804
77.788 61801
77.796 61791
101.772 61790
102.264 61788
102.264 61786
102.265 61778
102.266 61772
104.382 61770
104.386 61769
104.389 61743
104.412 61738
104.415 61735
104.417 61734
104.423 61725
104.488 61720
109.265 61703
109.266 61699
109.286 61683
109.287 61678
109.289 61655
119.399 61638
119.41 61633
120.029 61628
120.031 61627
120.148 61624
120.189 61616
120.192 61609
120.196 61590
120.199 61537
120.207 61531
120.209 61505
120.209 61500
120.21 61449
120.211 61442
125.944 61434
125.944 61428
129.802 61425
129.806 61423
129.806 61420
129.815 61417
130.677 61416
130.853 61404
130.853 61391
130.867 61387
130.867 61385
130.87 61384
130.875 61378
130.906 61377
130.983 61362
130.986 61356
130.998 61354
131.002 61350
131.008 61324
131.011 61317
131.012 61313
131.017 61310
131.021 61290
131.022 61289
131.025 61283
131.027 61262
131.092 61240
131.093 61233
157.132 61227
165.799 61219
165.801 61204
165.801 61201
165.803 61198
165.807 61193
165.808 61191
165.808 61187
165.856 61179
165.857 61160
165.863 61158
165.865 61156
165.865 61154
165.87 61142
165.942 61133
165.943 61120
165.971 61110
166.058 61109
166.062 61100
166.21 61094
166.212 61081
166.213 61074
166.371 61069
166.378 61066
166.383 61062
166.397 61055
166.398 61051
166.725 61036
166.738 61034
166.739 61033
166.78 61020
261.691 61014
261.715 61011
272.92 61009
272.924 61002
272.939 61000
272.952 60997
272.953 60996
272.963 60966
273.006 60955
273.006 60952
277.323 60951
277.336 60949
278.321 60939
278.326 60936
278.328 60933
278.33 60918
278.345 60915
278.345 60908
278.351 60907
278.382 60896
278.516 60893
278.517 60882
278.529 60881
278.53 60880
278.536 60878
278.537 60876
278.549 60873
278.55 60866
326.24 60864
326.26 60863
326.272 60862
326.273 60861
326.28 60856
326.28 60855
326.398 60854
326.407 60853
328.42 60852
328.454 60843
328.455 60838
328.489 60837
328.492 60826
328.52 60825
328.53 60824
328.53 60819
329.178 60807
337.932 60803
337.939 60801
350.364 60798
350.903 60787
350.925 60786
350.93 60785
352.507 60769
352.513 60767
363.199 60764
363.203 60759
363.206 60757
363.216 60754
363.223 60752
363.224 60750
364.477 60743
364.51 60728
364.513 60727
372.586 60722
372.593 60720
384.541 60719
384.559 60718
384.685 60712
384.688 60711
384.696 60710
384.78 60709
384.802 60706
384.817 60701
386.651 60697
386.767 60696
386.768 60690
399.032 60687
399.086 60685
417.294 60684
433.441 60680
433.444 60679
433.459 60671
433.477 60670
433.536 60668
433.553 60667
433.648 60666
433.664 60664
433.721 60660
433.739 60659
439.279 60657
457.901 60656
458.1 60655
459.875 60654
459.877 60653
459.879 60647
460.133 60645
461.407 60644
