0.056 69468
0.057 69394
0.057 69331
0.058 69318
0.058 69313
0.059 69282
0.06 69276
0.06 69269
0.06 69254
0.061 69164
0.062 69083
0.063 69056
0.063 69028
0.064 69025
0.064 69022
0.064 69021
0.065 69015
0.065 69009
0.066 69002
0.068 68428
0.068 68425
0.07 68197
0.07 68188
0.071 68124
0.072 68121
0.072 68112
0.073 67817
0.073 67799
0.073 67792
0.076 67648
0.077 67028
0.078 67027
0.078 66995
0.079 66905
0.079 66880
0.08 66876
0.081 66860
0.085 66856
0.085 66853
0.086 66832
0.087 66823
0.088 66817
0.089 66814
0.091 66793
0.092 66782
0.092 66778
0.092 66771
0.104 66723
0.108 66719
0.108 66704
0.11 66697
0.111 66683
0.111 66681
0.112 66666
0.114 66663
0.115 66557
0.117 66540
0.119 66476
0.149 66427
0.149 66403
0.15 66397
0.151 66376
0.152 66362
0.154 66358
0.154 66322
0.161 66297
0.162 66156
0.162 66146
0.163 65947
0.169 65936
0.179 65899
0.179 65898
0.18 65874
0.182 65816
0.183 65804
0.183 65796
0.184 65784
0.189 65775
0.189 65765
0.195 65756
0.196 65705
0.207 65647
0.207 65632
0.21 65595
0.21 65586
0.212 65537
0.213 65528
0.216 65457
0.218 64601
0.219 64576
0.22 64544
0.221 64387
0.222 64327
0.222 64323
0.224 64300
0.227 64298
0.239 64296
0.241 64271
0.245 64256
0.246 64221
0.247 64214
0.25 64211
0.251 64189
0.258 64174
0.261 64152
0.262 64144
0.265 64116
0.266 64112
0.267 64110
0.267 64106
0.268 64105
0.268 64101
0.269 64097
0.274 63885
0.276 63810
0.278 63794
0.279 63753
0.28 63742
0.282 63712
0.284 63700
0.289 63695
0.291 63646
0.293 63633
0.353 63618
0.357 63605
0.357 63587
0.358 63559
0.359 63539
0.36 63533
0.363 63532
0.364 63531
0.367 63516
0.367 63497
0.368 63488
0.369 63460
0.38 63456
0.381 63441
0.383 63353
0.386 63309
0.388 63307
0.392 63258
0.393 63245
0.394 63169
0.408 63087
0.409 63085
0.422 63058
0.422 63055
0.423 63053
0.426 63005
0.428 62955
0.431 62951
0.434 62940
0.434 62893
0.435 62852
0.438 62847
0.439 62825
0.859 62821
0.86 62820
0.861 62819
0.87 62817
1.017 62807
1.023 62801
1.027 62787
1.028 62767
1.05 62741
1.051 62734
1.208 62707
1.209 62699
1.211 62697
1.212 62695
1.213 62694
1.214 62635
1.219 62574
1.221 62569
1.321 62508
1.322 62483
1.328 62478
1.384 62476
1.638 62474
1.71 62473
1.711 62472
1.712 62467
1.712 62456
1.716 62449
1.721 62448
1.818 62435
1.822 62432
1.822 62431
1.823 62410
1.862 62409
1.864 62379
1.868 62376
1.869 62367
1.879 62342
1.882 62287
1.882 62281
1.884 62275
1.885 62255
1.889 62243
1.89 62228
1.892 62205
1.896 62194
1.907 62188
1.91 62166
1.91 62146
2.015 62144
2.016 62139
2.018 62129
2.019 62124
2.022 62118
2.025 62100
2.026 62090
2.033 62087
2.08 62074
2.082 62064
2.083 62063
2.083 62060
2.083 62046
2.158 62012
2.158 61998
2.218 61983
2.22 61949
2.221 61946
2.222 61943
2.229 61911
2.231 61909
2.232 61906
2.233 61872
2.234 61864
2.244 61859
2.252 61836
2.534 61826
2.537 61811
2.537 61800
2.538 61793
2.543 61781
2.544 61762
2.544 61753
2.548 61717
2.549 61698
2.55 61692
2.607 61668
2.652 61630
2.652 61623
2.665 61622
2.666 61574
2.666 61571
2.675 61562
2.682 61550
4.566 61546
4.567 61541
4.568 61538
4.569 61503
4.588 61485
4.6 61478
4.601 61474
4.601 61468
4.602 61464
6.146 61453
6.147 61450
6.159 61443
6.159 61424
6.163 61414
6.163 61389
7.886 61386
7.902 61374
7.904 61334
7.912 61307
7.913 61306
7.915 61300
11.348 61285
11.348 61280
11.349 61272
11.374 61268
11.419 61264
11.419 61246
11.421 61238
12.319 61211
12.322 61184
12.323 61155
12.324 61149
12.327 61112
12.328 61099
16.653 61075
16.771 61042
17.137 60994
17.14 60988
17.158 60920
17.16 60917
17.161 60916
17.163 60912
17.167 60907
17.169 60898
17.17 60883
17.203 60881
20.297 60879
20.299 60878
20.3 60868
20.35 60865
20.351 60852
20.353 60849
20.354 60848
20.354 60842
20.355 60836
20.356 60807
25.404 60791
25.405 60783
25.466 60782
25.466 60756
25.704 60754
26.854 60748
29.433 60737
29.435 60722
29.437 60707
29.439 60705
29.44 60698
29.44 60666
29.444 60656
29.444 60652
29.489 60646
32.084 60641
32.117 60639
32.117 60625
32.123 60613
32.125 60609
32.294 60592
32.294 60586
32.301 60576
32.302 60570
32.309 60567
32.31 60556
32.317 60531
32.319 60487
32.32 60484
39.698 60446
39.703 60436
70.465 60435
70.467 60433
70.47 60426
70.523 60419
70.523 60401
70.526 60392
75.159 60384
75.314 60379
75.33 60370
75.34 60364
75.341 60363
75.345 60349
75.354 60332
75.359 60329
75.359 60323
75.36 60312
85.714 60309
85.74 60307
85.745 60298
85.75 60290
85.752 60288
88.107 60265
92.418 60216
92.423 60207
92.447 60203
93.031 60165
93.042 60159
93.042 60158
106.563 60134
106.567 60127
106.575 60123
106.595 60103
106.597 60099
106.618 60095
106.764 60088
107.458 60085
107.461 60075
107.463 60053
107.467 60052
107.471 60015
107.472 59996
107.486 59985
115.012 59967
115.023 59966
146.503 59948
146.504 59941
166.428 59939
166.429 59938
166.431 59934
166.432 59923
166.443 59914
166.443 59899
166.928 59898
167.062 59897
167.066 59890
167.069 59884
167.085 59878
167.088 59872
167.088 59867
167.097 59863
167.112 59860
167.114 59857
167.121 59856
167.123 59851
205.032 59848
205.033 59840
209.931 59836
210.058 59831
210.529 59820
210.529 59819
210.532 59801
210.535 59795
210.539 59792
210.55 59787
210.574 59779
210.575 59772
210.576 59761
210.578 59748
210.586 59744
211.074 59739
211.09 59725
211.094 59712
211.095 59706
211.096 59703
221.514 59684
221.515 59681
221.602 59679
223.479 59672
223.481 59669
223.483 59668
223.494 59664
223.498 59662
223.501 59660
223.502 59659
223.512 59658
223.514 59656
223.521 59645
233.696 59642
233.699 59638
248.846 59631
248.848 59624
248.852 59620
248.88 59616
249.228 59613
249.272 59609
249.956 59608
249.958 59604
249.968 59577
252.737 59573
252.739 59572
252.82 59564
252.839 59559
252.882 59555
252.885 59553
252.892 59548
252.898 59546
253.597 59542
253.598 59540
253.6 59536
253.603 59529
253.603 59521
253.609 59519
253.613 59517
253.614 59505
253.67 59502
253.673 59498
253.728 59496
253.792 59471
253.814 59464
253.816 59463
298.358 59457
298.379 59454
310.427 59450
310.453 59436
310.457 59434
322.353 59424
322.362 59398
322.389 59397
322.39 59395
322.424 59393
322.444 59388
322.445 59384
322.461 59378
322.465 59376
322.474 59375
322.49 59370
368.613 59369
368.619 59364
369.362 59363
369.401 59361
377.464 59360
377.467 59358
377.711 59356
377.738 59350
377.741 59346
377.752 59345
377.754 59334
377.756 59333
381.729 59325
381.735 59324
386.439 59321
386.486 59315
386.534 59314
386.535 59313
386.549 59312
386.588 59309
386.599 59308
386.758 59307
395.832 59304
395.85 59298
395.86 59297
396.37 59293
396.498 59291
396.5 59287
396.508 59286
396.729 59281
396.888 59279
478.603 59278
478.607 59276
478.631 59275
479.283 59273
479.307 59272
479.332 59270
479.42 59269
479.423 59267
479.434 59266
484.522 59264
485.233 59262
485.457 59260
485.508 59258
485.549 59256
507.744 59255
507.761 59254
507.772 59249
507.781 59248
511.346 59247
511.354 59246
512.479 59243
