0.058 69099
0.059 69062
0.059 69052
0.059 69049
0.06 68955
0.06 68945
0.06 68930
0.061 68897
0.061 68839
0.062 68820
0.062 68790
0.063 68679
0.064 68676
0.066 68672
0.067 68449
0.068 68335
0.069 68307
0.069 68301
0.07 68287
0.07 68281
0.071 68258
0.071 68256
0.072 68207
0.072 68180
0.073 68165
0.074 68002
0.074 67994
0.075 67990
0.076 67657
0.076 67644
0.078 67632
0.078 67585
0.079 67570
0.079 67564
0.079 67562
0.079 67552
0.08 67544
0.08 67539
0.081 67533
0.082 67390
0.082 67385
0.084 67072
0.084 67069
0.084 67060
0.086 67047
0.086 67005
0.087 66983
0.087 66977
0.089 66840
0.089 66838
0.089 66836
0.09 66815
0.091 66812
0.092 66809
0.093 66783
0.094 66763
0.095 66623
0.096 66616
0.096 66546
0.096 66540
0.097 66521
0.1 66513
0.1 66505
0.101 66492
0.101 66481
0.103 66476
0.107 66464
0.111 66437
0.112 66342
0.119 66320
0.12 66297
0.122 66264
0.124 66233
0.125 66218
0.125 66194
0.129 66192
0.146 66190
0.148 66109
0.149 66104
0.149 66084
0.149 66048
0.151 66045
0.152 66033
0.155 65993
0.156 65988
0.157 65978
0.157 65977
0.158 65885
0.158 65826
0.159 65814
0.163 65627
0.165 65604
0.177 65578
0.177 65574
0.18 65570
0.222 65519
0.223 65452
0.224 65381
0.225 65361
0.226 65358
0.228 65352
0.23 65350
0.231 65337
0.233 65329
0.235 65325
0.236 65292
0.237 65130
0.239 65047
0.239 65026
0.24 65019
0.246 65017
0.246 65004
0.246 64981
0.247 64979
0.249 64975
0.252 64967
0.255 64962
0.259 64949
0.261 64943
0.263 64940
0.277 64927
0.279 64870
0.279 64865
0.303 64858
0.304 64838
0.305 64832
0.305 64803
0.308 64755
0.311 64746
0.312 64736
0.313 64732
0.314 64671
0.316 64669
0.317 64659
0.317 64644
0.318 64620
0.319 64593
0.322 64537
0.325 64482
0.35 64456
0.352 64417
0.353 64409
0.354 64393
0.363 64390
0.364 64378
0.365 64348
0.366 64328
0.366 64325
0.387 64307
0.388 64294
0.389 64292
0.392 64204
0.395 64166
0.395 64163
0.396 64139
0.397 64135
0.401 64114
0.409 64112
0.409 64109
0.41 64108
0.415 64107
0.416 64100
0.423 64031
0.426 64004
0.43 63975
0.47 63952
0.471 63947
0.477 63812
0.477 63803
0.477 63788
0.479 63735
0.479 63713
0.504 63652
0.505 63627
0.506 63619
0.508 63608
0.508 63596
0.541 63557
0.554 63435
0.554 63379
0.555 63371
0.556 63355
0.557 63345
0.566 63336
0.568 63313
0.569 63286
0.586 63256
0.587 63246
0.587 63222
0.59 63214
0.59 63196
0.592 63140
0.593 63115
0.596 63035
0.602 63023
0.603 63019
0.61 63005
0.611 63002
0.612 62987
0.621 62980
0.622 62915
0.624 62910
0.636 62906
0.638 62895
0.641 62887
0.643 62862
0.644 62843
0.644 62765
0.645 62757
0.65 62669
0.655 62662
0.657 62661
0.658 62654
0.66 62615
0.662 62611
0.67 62583
0.672 62579
0.673 62569
0.675 62544
0.676 62541
0.678 62540
0.681 62525
0.684 62514
0.782 62476
0.783 62455
0.795 62398
0.803 62364
0.804 62360
2.269 62350
2.271 62334
2.498 62276
2.542 62245
2.542 62238
2.542 62236
2.543 62211
2.681 62150
2.682 62146
2.949 62145
2.95 62128
2.952 62122
2.986 62110
2.987 62108
2.988 62045
2.989 62021
2.99 61983
2.991 61973
2.994 61965
2.997 61959
3.008 61957
3.014 61917
3.029 61909
3.03 61888
3.031 61845
3.032 61839
3.426 61832
3.601 61813
3.602 61779
3.659 61673
3.663 61671
3.664 61668
3.685 61665
4.022 61642
4.035 61631
4.035 61557
4.052 61515
4.065 61508
4.156 61506
4.157 61435
4.162 61418
4.164 61408
4.168 61405
4.172 61403
4.175 61348
4.177 61331
4.181 61292
4.181 61276
4.377 61264
4.379 61258
4.38 61232
4.384 61207
4.395 61167
5.171 61095
5.171 61080
5.223 61070
5.223 61030
5.24 61010
5.241 61006
5.243 61000
5.244 60992
5.245 60984
5.247 60979
5.247 60973
5.248 60969
5.249 60966
5.25 60956
5.261 60952
5.272 60944
5.273 60891
5.279 60877
5.291 60872
5.292 60854
5.293 60830
5.293 60803
5.295 60799
5.303 60792
5.306 60779
5.31 60736
5.311 60688
15.963 60687
15.964 60665
15.969 60655
15.972 60649
16.011 60614
16.016 60599
39.032 60590
48.465 60585
59.093 60577
59.279 60563
59.713 60558
59.772 60522
59.773 60513
60.355 60487
60.361 60474
69.29 60461
69.292 60448
70.41 60440
70.517 60410
71.219 60408
71.328 60399
71.352 60394
71.354 60361
73.999 60358
74 60327
74.002 60282
74.008 60274
75.377 60264
75.4 60252
75.402 60231
77.637 60228
116.496 60226
116.496 60220
116.501 60214
121.277 60211
121.28 60210
121.456 60202
121.461 60194
129.489 60184
129.652 60182
129.666 60153
130.696 60149
138.164 60148
138.192 60130
138.402 60083
138.407 60080
161.398 60070
161.41 60066
161.412 60058
161.62 60054
161.63 60049
170.18 60025
170.181 60024
170.184 60021
170.487 60020
170.49 60008
170.794 59975
170.807 59964
170.808 59962
170.815 59941
170.816 59936
170.818 59927
170.82 59923
170.824 59920
200.158 59913
200.162 59902
201.66 59897
201.661 59888
201.662 59887
201.677 59882
201.677 59866
201.678 59848
201.705 59843
201.706 59834
201.709 59830
201.71 59813
202.597 59795
202.599 59776
232.849 59775
232.922 59758
242.88 59753
254.27 59735
254.281 59725
254.284 59721
254.33 59717
254.344 59716
254.348 59699
254.349 59697
267.258 59691
267.262 59685
267.334 59676
267.352 59670
267.359 59665
267.372 59658
267.373 59656
267.376 59655
268.524 59653
268.526 59636
268.527 59634
268.534 59631
268.635 59628
283.61 59624
283.61 59623
283.617 59622
283.625 59621
283.634 59610
283.638 59592
283.643 59589
283.644 59583
283.663 59580
283.684 59579
283.687 59563
283.697 59561
283.707 59560
283.707 59559
283.757 59553
283.758 59548
283.759 59547
283.759 59542
283.761 59529
283.767 59527
283.8 59521
283.86 59520
283.871 59514
293.198 59513
293.201 59512
293.206 59504
308.255 59502
311.292 59501
314.198 59500
341.694 59498
341.695 59491
341.782 59490
343.093 59489
345.018 59487
345.018 59478
345.188 59476
348.531 59473
348.56 59465
348.562 59460
348.564 59459
348.576 59457
348.588 59451
348.642 59449
348.658 59444
348.672 59443
348.674 59441
348.9 59440
348.909 59437
351.754 59433
351.756 59427
351.761 59425
351.766 59423
351.948 59421
361.389 59419
361.401 59415
361.851 59414
361.852 59413
361.855 59411
362.212 59409
362.331 59408
364.17 59407
364.293 59406
364.293 59405
365.255 59404
365.256 59400
365.522 59395
365.641 59390
366.431 59389
367.802 59385
368.124 59382
368.133 59378
368.144 59376
368.153 59374
368.163 59373
368.188 59372
368.192 59367
368.197 59365
368.205 59360
368.462 59358
368.482 59355
383.78 59353
383.793 59348
383.795 59344
383.816 59341
387.754 59340
387.766 59338
387.778 59335
388.324 59333
388.487 59329
388.491 59325
388.581 59319
388.595 59318
388.598 59314
388.621 59312
388.637 59311
394.037 59306
406.482 59302
406.509 59300
407.006 59297
407.009 59295
424.607 59294
424.614 59293
424.624 59287
424.635 59285
424.717 59283
438.363 59281
438.369 59276
438.37 59275
438.395 59273
438.405 59271
472.368 59263
475.134 59260
476.24 59259
