1.444 451634
1.445 451619
1.446 451610
1.447 451607
1.448 451589
1.449 451586
1.45 451582
1.451 451567
1.452 451561
1.453 451560
1.454 451556
1.455 451535
1.456 451522
1.457 451485
1.458 451467
1.46 451447
1.465 451445
1.466 451431
1.467 451391
1.468 451376
1.469 451302
1.47 451291
1.471 451280
1.472 451268
1.474 451252
1.475 451231
1.476 451207
1.479 451174
1.48 451157
1.481 451139
1.482 451083
1.483 451051
1.484 451035
1.485 450994
1.486 450986
1.487 450974
1.488 450952
1.489 450945
1.49 450944
1.492 450924
1.493 450919
1.494 450904
1.494 450899
1.496 450839
1.5 450825
1.501 450823
1.502 450813
1.504 450810
1.506 450761
1.507 450753
1.508 450733
1.509 450698
1.514 450668
1.515 450666
1.518 450651
1.52 450536
1.521 450525
1.524 450448
1.525 450436
1.53 450433
1.531 450416
1.532 450413
1.533 450412
1.536 450396
1.536 450382
1.537 450377
1.542 450333
1.544 450329
1.546 450324
1.547 450298
1.547 450178
1.549 450024
1.564 450022
1.565 449974
1.566 449959
1.568 449933
1.57 449929
1.571 449920
1.572 449897
1.573 449879
1.575 449877
1.577 449854
1.578 449851
1.579 449844
1.58 449836
1.581 449794
1.583 449759
1.585 449727
1.586 449666
1.587 449657
1.588 449654
1.589 449640
1.603 449609
1.606 449598
1.607 449597
1.608 449589
1.609 449550
1.611 449531
1.612 449455
1.615 449448
1.616 449401
1.622 449346
1.626 449313
1.627 449311
1.628 449289
1.63 449273
1.631 449263
1.633 449224
1.635 449220
1.636 449183
1.637 449181
1.639 449147
1.64 449100
1.642 449096
1.643 449094
1.647 449082
1.648 449043
1.652 449023
1.657 449015
1.658 448988
1.658 448969
1.66 448958
1.661 448942
1.662 448940
1.664 448934
1.697 448922
1.7 448915
1.702 448911
1.704 448837
1.709 448834
1.712 448798
1.713 448793
1.747 448744
1.748 448631
1.753 448597
1.754 448578
1.756 448574
1.757 448573
1.776 448553
1.778 448535
1.779 448525
1.782 448512
1.786 448504
1.787 448498
1.791 448497
1.792 448460
1.941 448453
1.944 448451
1.951 448440
1.956 448429
1.957 448411
1.958 448407
1.966 448405
1.979 448373
1.98 448341
1.981 448325
1.984 448323
2.021 448237
2.026 448235
2.03 448228
2.032 448209
2.035 448183
2.114 448159
2.116 448148
2.117 448137
2.297 448086
2.3 448083
2.304 448034
2.305 448030
2.31 447897
2.312 447892
2.315 447890
2.321 447887
2.662 447885
2.666 447852
2.667 447839
2.677 447836
2.793 447829
2.794 447821
2.797 447813
2.801 447792
2.805 447787
2.806 447783
2.811 447714
59.258 447676
59.261 447638
59.263 447612
59.264 447608
59.265 447585
59.267 447578
59.28 447575
59.284 447533
59.289 447525
59.307 447523
59.309 447513
59.356 447492
86.81 447460
86.818 447458
86.82 447457
86.821 447430
86.823 447422
86.834 447374
86.899 447372
86.902 447368
86.905 447347
86.911 447345
88.172 447336
88.173 447319
88.176 447262
88.177 447253
88.188 447239
88.19 447238
88.2 447227
88.202 447214
88.206 447174
88.231 447165
88.24 447163
88.244 447156
88.245 447141
88.252 447131
88.255 447130
88.264 447110
88.299 447093
88.331 447051
88.333 446961
88.337 446940
89.486 446907
89.493 446905
89.495 446832
89.5 446766
89.547 446755
89.569 446741
89.572 446738
89.575 446713
89.577 446709
96.896 446604
96.899 446594
96.968 446592
96.977 446570
96.979 446551
97.015 446543
97.018 446539
97.019 446534
97.076 446523
97.083 446518
97.085 446498
97.087 446496
97.089 446493
97.11 446457
97.115 446425
97.12 446414
97.122 446386
97.127 446355
97.13 446351
97.137 446269
97.146 446258
97.15 446245
97.152 446230
101.166 446219
101.167 446206
101.172 446200
101.209 446190
101.212 446176
101.218 446173
101.336 446152
106.818 446151
107.114 446100
107.118 446099
107.139 446093
107.144 446092
107.282 446090
107.286 446088
107.302 446078
107.308 446055
107.342 446049
107.381 446046
107.528 446036
107.532 446019
107.537 445980
107.538 445974
108.192 445972
108.197 445968
108.23 445965
108.231 445952
108.232 445933
108.233 445921
108.238 445915
108.245 445892
108.247 445847
108.253 445837
108.291 445820
109.324 445792
109.325 445791
109.339 445784
109.354 445745
109.365 445736
109.367 445716
109.368 445701
109.383 445615
109.386 445603
109.394 445596
109.395 445593
109.412 445589
109.422 445582
109.423 445499
109.445 445494
109.449 445371
110.383 445354
110.42 445348
110.425 445345
110.426 445327
110.547 445300
110.554 445287
110.557 445285
110.56 445268
110.565 445225
110.569 445199
110.575 445197
110.576 445162
110.579 445155
110.58 445153
110.582 445129
110.583 445097
110.737 445056
110.738 445045
111.088 445026
111.09 445024
111.093 445014
122.887 445009
122.893 444928
123.514 444927
144.62 444921
144.627 444906
144.634 444848
144.645 444820
144.647 444792
144.65 444719
144.652 444703
144.661 444698
144.683 444678
144.685 444660
144.705 444646
144.707 444632
144.708 444631
144.717 444616
144.726 444615
144.728 444598
144.732 444577
144.883 444567
145.13 444551
145.265 444525
145.267 444507
145.272 444505
145.273 444466
145.317 444465
145.769 444461
145.77 444459
145.823 444453
145.825 444449
145.837 444427
145.844 444425
145.853 444422
145.912 444396
145.914 444391
145.915 444383
145.922 444374
145.923 444340
145.934 444323
145.935 444302
145.94 444291
145.942 444279
145.983 444240
145.985 444238
145.989 444234
145.991 444221
146.004 444211
146.007 444195
146.01 444190
146.322 444178
146.336 444177
146.337 444160
146.372 444120
146.457 444107
146.469 444069
146.529 444066
146.533 444064
146.534 444046
146.536 444028
146.538 444027
146.541 444024
146.575 444021
146.601 444009
146.602 444008
146.603 444002
146.61 443998
146.618 443960
146.62 443950
146.623 443925
146.643 443920
146.648 443873
146.652 443863
146.659 443847
146.667 443833
154.433 443823
154.441 443819
154.446 443817
154.452 443815
154.465 443811
154.467 443809
160.5 443789
160.501 443779
160.561 443767
160.566 443743
160.575 443729
160.579 443712
160.595 443708
160.596 443693
160.597 443686
162.703 443676
162.705 443674
162.706 443660
162.732 443658
162.748 443655
163.075 443635
163.087 443634
163.09 443616
163.094 443615
163.097 443606
163.104 443589
163.162 443565
163.165 443558
172.986 443548
172.987 443524
173.209 443507
173.213 443506
173.264 443497
173.27 443492
173.288 443491
173.29 443465
173.305 443460
173.417 443453
173.42 443439
173.425 443412
173.429 443399
173.432 443395
173.434 443392
173.482 443378
173.483 443375
173.489 443345
173.491 443343
173.5 443336
173.509 443324
173.515 443293
173.517 443285
173.523 443283
173.644 443264
173.645 443240
173.65 443219
173.654 443189
173.656 443168
173.659 443166
173.661 443154
173.664 443130
173.704 443122
173.705 443097
173.839 443066
173.842 443048
173.847 443039
173.854 443025
173.887 443014
173.893 443007
178.979 442996
178.994 442988
179 442977
179.001 442950
179.005 442936
179.023 442911
179.026 442909
183.504 442888
183.505 442885
183.514 442868
183.519 442862
183.541 442860
183.542 442850
183.544 442845
183.561 442832
183.563 442825
183.564 442824
183.93 442775
183.934 442766
183.935 442765
183.937 442757
183.948 442743
183.952 442733
183.959 442726
184.073 442711
184.078 442701
184.084 442697
184.087 442685
184.287 442684
184.291 442678
184.298 442664
184.299 442660
184.3 442657
184.304 442639
184.311 442638
184.319 442624
184.322 442611
184.333 442586
184.335 442573
184.338 442564
184.342 442553
186.019 442533
186.02 442509
186.03 442506
186.125 442499
186.127 442491
186.128 442483
186.177 442471
186.183 442458
186.187 442450
186.19 442424
186.194 442398
186.236 442370
186.241 442346
186.248 442345
186.299 442335
186.304 442315
186.305 442312
186.312 442310
198.377 442293
198.381 442292
198.387 442290
198.406 442282
198.41 442278
198.413 442270
198.429 442268
198.47 442239
198.471 442234
198.644 442227
198.796 442226
198.799 442222
198.8 442213
198.81 442212
198.814 442202
198.816 442200
198.863 442194
198.91 442193
198.914 442179
198.952 442173
199.167 442154
199.168 442142
199.172 442127
199.178 442105
199.186 442068
199.199 442066
199.224 442063
201.762 442042
201.765 442038
201.772 442036
201.776 442029
201.779 442019
201.78 442016
201.782 441989
201.802 441970
201.803 441967
201.804 441962
201.808 441914
201.839 441908
201.848 441907
201.85 441893
201.858 441879
201.861 441856
201.865 441850
201.866 441840
201.869 441835
201.871 441827
203.071 441825
203.076 441822
203.077 441821
203.078 441793
203.079 441792
203.093 441790
203.099 441780
203.108 441778
203.111 441774
205.084 441773
205.116 441764
207.04 441731
207.043 441730
207.048 441682
207.05 441671
207.054 441659
207.059 441657
207.066 441636
207.07 441635
207.091 441629
207.095 441613
207.097 441574
207.149 441567
207.153 441549
207.173 441541
207.174 441525
207.225 441506
207.227 441500
207.236 441471
207.252 441459
209.054 441426
209.071 441419
209.072 441414
209.074 441408
209.787 441400
209.816 441392
209.833 441379
209.838 441329
209.839 441325
209.845 441322
209.846 441321
209.848 441318
209.854 441313
209.859 441310
209.867 441309
209.873 441297
209.874 441293
210.092 441291
210.109 441281
210.153 441252
210.338 441250
210.341 441236
210.354 441234
210.362 441229
210.405 441226
210.418 441225
210.433 441224
210.437 441219
210.444 441212
210.451 441201
210.453 441197
210.469 441191
210.475 441139
210.476 441130
210.477 441127
210.523 441121
214.082 441109
214.12 441102
214.126 441094
214.128 441089
214.166 441072
214.17 441060
214.174 441059
214.179 441058
214.19 441057
221.735 441052
221.781 441051
221.79 441032
221.81 441028
222.278 441023
222.39 441021
224.413 441002
224.941 440999
224.943 440998
224.952 440982
224.974 440979
224.993 440935
225.001 440921
225.009 440911
225.064 440900
225.299 440884
225.304 440881
225.316 440872
225.445 440857
225.447 440853
225.666 440852
225.67 440849
225.709 440845
225.715 440839
226.329 440803
226.331 440794
227.256 440785
227.258 440762
227.284 440761
227.386 440749
227.389 440738
227.4 440731
227.407 440699
227.408 440698
227.522 440672
227.525 440671
227.528 440669
227.531 440667
227.556 440666
227.564 440663
227.727 440661
227.744 440659
227.755 440647
228.37 440625
228.406 440616
228.451 440609
228.457 440586
228.459 440567
228.464 440564
228.469 440559
228.474 440549
228.481 440532
228.488 440520
228.515 440495
228.52 440487
228.523 440473
228.524 440459
228.569 440453
228.584 440439
228.587 440425
228.591 440421
228.67 440414
228.673 440404
228.676 440381
228.678 440378
228.681 440377
228.687 440361
228.69 440354
228.697 440353
228.699 440349
228.705 440345
228.711 440322
228.723 440318
228.728 440288
228.95 440280
228.953 440279
229.117 440273
229.127 440267
229.137 440248
229.19 440247
229.217 440245
229.218 440243
229.221 440234
229.244 440225
229.252 440218
229.263 440213
229.264 440208
229.267 440205
229.301 440199
229.302 440195
229.305 440183
229.307 440175
229.313 440164
229.355 440157
229.359 440136
229.362 440134
229.398 440125
229.4 440116
229.414 440114
229.431 440112
229.449 440100
229.46 440095
229.464 440081
229.784 440080
229.786 440079
229.789 440078
229.795 440075
229.799 440067
229.801 440053
229.808 440046
229.815 440044
229.853 440027
229.864 440016
233.024 440004
233.034 439995
233.042 439992
233.043 439976
233.048 439971
233.052 439969
233.056 439948
233.103 439946
233.21 439942
233.239 439926
233.277 439910
233.283 439896
233.296 439895
233.307 439892
233.326 439867
233.327 439862
233.334 439850
233.336 439847
233.342 439843
233.353 439810
233.363 439807
233.365 439802
233.367 439798
233.37 439796
233.376 439792
233.379 439790
233.443 439780
233.447 439757
233.455 439752
233.465 439748
233.478 439741
233.481 439723
233.499 439705
233.501 439687
233.503 439658
233.512 439641
233.514 439638
233.529 439589
233.533 439588
233.535 439584
233.786 439582
233.83 439577
233.855 439571
247.531 439550
247.543 439544
247.546 439536
247.55 439535
247.589 439529
247.601 439528
247.606 439522
247.648 439520
247.921 439512
247.958 439509
247.963 439498
247.99 439497
248.109 439493
248.113 439473
248.142 439472
248.149 439452
248.157 439443
248.161 439440
248.172 439438
248.222 439437
249.749 439436
249.751 439432
249.752 439417
249.754 439416
249.766 439403
249.772 439378
249.797 439345
249.851 439341
249.89 439334
249.904 439333
249.915 439329
249.927 439320
249.932 439310
249.935 439309
249.988 439301
249.999 439294
250.016 439265
250.018 439258
250.022 439257
250.023 439254
250.04 439253
250.041 439242
250.043 439225
250.052 439221
250.482 439220
250.484 439215
250.488 439211
250.499 439197
250.502 439190
250.503 439182
250.51 439158
251.588 439157
251.591 439154
251.603 439150
251.606 439148
251.609 439136
251.631 439120
251.665 439119
251.68 439115
251.684 439112
255.124 439099
255.129 439092
255.206 439090
255.207 439078
255.232 439072
255.242 439060
255.243 439059
255.244 439058
255.405 439044
255.408 439037
255.423 439010
255.439 439005
255.442 438995
255.445 438987
265.601 438978
265.602 438973
265.603 438972
266.412 438970
266.418 438964
266.444 438962
266.452 438958
266.455 438955
266.559 438954
266.569 438952
266.582 438951
266.583 438943
266.585 438939
269.402 438936
269.405 438929
269.407 438923
269.409 438922
269.411 438921
269.581 438920
269.588 438918
269.59 438907
269.607 438871
269.613 438868
269.632 438866
269.633 438839
270.181 438831
270.189 438830
270.217 438829
270.234 438808
270.356 438794
270.368 438779
270.375 438770
270.39 438761
270.412 438759
270.723 438758
270.812 438754
270.816 438751
271.106 438747
271.125 438744
271.138 438743
271.169 438742
272.162 438739
272.167 438722
279.459 438704
279.468 438703
279.474 438699
279.743 438697
279.75 438695
279.759 438690
279.77 438688
279.777 438681
279.78 438677
279.783 438676
279.796 438675
279.957 438665
279.969 438648
279.978 438644
279.984 438635
279.99 438626
280.003 438622
280.018 438621
280.026 438619
280.054 438615
280.073 438604
280.082 438603
280.106 438600
280.177 438593
280.179 438567
280.188 438566
280.193 438563
280.203 438552
280.205 438533
280.26 438521
281.757 438520
281.767 438515
281.768 438511
281.776 438499
281.782 438492
281.789 438491
281.798 438488
281.815 438483
282.298 438482
282.3 438461
282.38 438458
282.523 438451
282.526 438448
282.558 438447
282.559 438443
288.253 438436
288.264 438435
288.269 438419
288.27 438403
288.272 438394
288.308 438391
288.31 438385
288.342 438381
288.345 438373
288.364 438372
289.156 438367
289.32 438365
289.323 438355
289.327 438354
289.351 438344
289.368 438342
289.394 438330
289.542 438325
289.552 438324
290.68 438310
290.683 438309
290.693 438303
290.703 438291
290.707 438274
290.715 438267
290.722 438262
290.727 438251
290.737 438250
290.741 438233
290.745 438215
290.874 438214
291.094 438213
291.135 438205
293.276 438202
293.294 438201
293.3 438192
293.303 438185
293.324 438171
293.467 438159
293.47 438151
293.478 438146
293.485 438142
293.491 438140
293.503 438138
293.509 438135
293.541 438131
293.55 438128
293.566 438127
293.588 438115
293.613 438112
293.615 438094
293.616 438083
296.899 438064
296.914 438063
296.95 438047
296.967 438044
297.462 438042
297.467 438031
297.479 438025
297.488 438016
297.491 438014
297.575 438012
297.587 438001
297.64 437995
297.645 437994
297.661 437991
298.338 437984
298.348 437978
298.351 437977
298.356 437974
298.373 437973
299.198 437972
299.208 437969
299.211 437962
299.221 437940
299.227 437911
304.553 437910
304.559 437908
304.572 437903
304.587 437900
304.591 437879
305.262 437875
305.264 437868
305.267 437862
305.278 437859
305.451 437853
305.461 437844
305.462 437841
305.481 437835
305.482 437823
305.489 437821
305.496 437819
305.64 437817
305.655 437812
305.657 437807
305.658 437802
308.408 437800
308.414 437799
308.416 437798
308.425 437792
308.429 437791
308.677 437783
308.702 437780
308.729 437775
308.732 437771
308.745 437768
308.746 437764
308.748 437761
308.895 437758
308.925 437743
308.932 437737
308.939 437723
309.053 437722
309.054 437715
309.063 437713
309.089 437712
309.109 437708
309.116 437704
309.126 437700
309.933 437694
309.947 437690
309.949 437683
309.967 437681
309.969 437674
309.995 437671
310.002 437660
311.132 437659
311.133 437655
311.138 437653
311.212 437651
311.223 437648
311.225 437647
311.233 437619
311.236 437602
311.24 437594
311.245 437580
311.251 437574
311.252 437544
311.255 437543
311.259 437539
311.263 437535
311.265 437531
311.27 437529
311.309 437515
311.312 437510
311.469 437503
311.471 437495
311.475 437491
311.479 437489
311.482 437488
311.497 437476
311.504 437470
311.506 437458
311.566 437453
311.572 437444
316.728 437443
316.732 437431
316.735 437426
316.738 437409
316.739 437393
316.964 437388
316.967 437368
317.135 437365
317.17 437362
317.188 437355
317.196 437354
317.223 437352
317.342 437346
317.362 437344
317.395 437336
317.406 437332
317.418 437317
317.466 437311
317.509 437310
317.515 437299
317.912 437295
317.917 437292
317.92 437286
317.925 437285
317.926 437282
317.946 437275
319.92 437271
319.959 437261
320.023 437258
320.032 437254
320.038 437251
320.069 437243
320.087 437234
326.134 437225
326.147 437213
326.154 437209
326.169 437195
326.18 437194
326.181 437180
326.182 437179
326.198 437178
326.346 437177
326.359 437176
326.372 437171
326.383 437168
326.959 437164
326.963 437151
327.028 437146
327.063 437143
327.07 437140
327.595 437122
327.63 437107
327.694 437098
327.718 437097
327.722 437092
327.748 437086
327.753 437080
327.778 437075
327.781 437072
327.783 437067
327.82 437066
327.835 437064
327.855 437063
328.491 437060
328.495 437035
328.501 437033
328.566 437014
329.025 437012
329.032 437004
329.582 437000
329.584 436988
329.586 436987
329.59 436974
329.592 436970
329.606 436964
329.607 436963
329.637 436956
330.125 436950
330.218 436926
330.236 436924
330.278 436921
330.346 436920
330.347 436919
330.354 436909
330.359 436904
330.424 436895
330.425 436893
330.429 436890
332.916 436885
332.918 436876
332.932 436873
332.953 436870
332.959 436861
333.053 436855
333.056 436852
333.057 436843
333.068 436839
333.076 436838
333.187 436835
333.233 436834
333.239 436820
333.246 436812
333.269 436801
333.728 436794
333.86 436793
333.872 436792
333.891 436791
333.945 436790
333.97 436773
333.99 436768
333.992 436766
334.03 436764
334.034 436762
334.447 436758
334.506 436747
334.527 436746
335.819 436738
335.822 436736
335.825 436730
335.888 436729
335.889 436723
335.896 436722
335.911 436714
342.377 436709
342.437 436704
342.459 436702
343.1 436701
343.121 436698
343.146 436694
343.151 436687
343.166 436680
343.171 436674
343.214 436669
343.31 436666
343.345 436665
343.346 436661
343.536 436658
343.545 436657
343.554 436654
343.564 436653
343.576 436642
343.577 436641
343.633 436636
343.672 436634
343.815 436633
343.894 436626
344.027 436621
344.302 436615
344.392 436591
344.395 436587
349.347 436586
349.371 436581
349.374 436580
349.415 436574
349.422 436573
349.439 436567
349.44 436545
349.447 436538
349.449 436534
349.454 436533
349.468 436532
358.526 436531
358.527 436525
358.546 436521
358.708 436516
358.723 436513
358.775 436494
358.812 436493
358.837 436484
358.839 436473
359.244 436471
359.256 436470
359.292 436469
359.355 436468
359.364 436465
359.424 436462
359.427 436443
359.464 436440
359.529 436431
359.541 436424
369.35 436423
369.384 436417
370.349 436414
370.353 436403
370.372 436396
370.386 436389
370.406 436388
370.426 436375
370.429 436374
370.457 436373
370.752 436361
370.765 436359
370.768 436352
370.802 436349
370.827 436347
370.852 436346
370.863 436344
370.881 436340
370.894 436338
370.9 436337
370.926 436335
370.929 436327
370.948 436326
370.975 436311
371.029 436308
371.037 436306
371.048 436301
371.061 436294
371.086 436293
371.099 436287
371.123 436279
371.191 436272
379.785 436271
379.791 436266
379.811 436262
379.842 436260
380.243 436259
380.263 436252
380.272 436242
380.278 436233
380.307 436231
380.886 436229
380.895 436227
380.949 436226
380.951 436222
380.97 436221
381.019 436220
381.044 436219
381.051 436218
381.056 436210
382.53 436208
382.614 436204
382.627 436201
382.632 436198
382.669 436197
382.789 436190
382.799 436181
382.809 436174
382.81 436173
382.905 436168
383.012 436163
383.021 436160
383.025 436158
383.047 436155
383.051 436151
383.058 436144
383.298 436139
383.31 436138
383.311 436137
383.38 436136
383.389 436135
383.392 436127
385.269 436123
385.285 436122
385.394 436114
385.404 436110
385.411 436104
385.413 436098
385.453 436095
385.455 436089
385.476 436088
385.657 436085
385.661 436083
385.665 436082
385.67 436074
385.705 436071
385.903 436068
385.943 436064
387.833 436063
387.837 436062
391.169 436051
391.189 436046
391.192 436044
391.269 436043
391.377 436040
391.397 436038
391.409 436027
391.518 436026
391.564 436023
391.568 436018
391.616 436016
391.627 436013
391.661 436012
391.682 436007
393.735 436003
393.869 435989
393.874 435986
393.892 435984
394.184 435981
394.228 435978
395.476 435975
395.483 435972
395.589 435968
395.642 435967
395.652 435965
395.692 435957
395.719 435956
395.721 435953
396.816 435950
396.823 435948
397.027 435947
397.072 435946
397.257 435941
397.551 435937
397.62 435933
397.631 435932
397.644 435929
397.646 435928
397.684 435927
397.691 435923
397.701 435921
397.797 435919
397.815 435918
397.83 435915
398.069 435913
398.078 435903
398.084 435902
398.094 435900
398.095 435899
398.108 435895
398.112 435894
398.168 435892
398.179 435891
398.89 435890
401.193 435888
401.266 435887
401.3 435881
401.308 435879
401.33 435878
401.375 435876
401.416 435874
404.151 435868
404.59 435867
404.61 435865
404.833 435859
405.366 435858
405.37 435854
405.64 435850
405.654 435849
405.661 435847
405.664 435846
405.691 435845
405.692 435842
405.723 435834
405.734 435832
405.8 435830
405.825 435827
405.85 435812
405.881 435807
406.055 435806
406.098 435804
406.119 435803
406.174 435801
406.936 435798
407.61 435791
407.78 435790
407.791 435787
407.896 435782
408.002 435781
408.015 435780
408.017 435779
408.036 435773
408.048 435771
408.054 435767
408.058 435766
408.072 435765
408.807 435759
408.812 435754
408.84 435747
408.977 435744
418.05 435740
418.1 435738
418.819 435737
419.001 435735
419.02 435730
428.285 435723
428.324 435721
428.471 435719
428.478 435718
429.334 435716
429.393 435714
429.404 435712
429.406 435708
429.411 435706
429.419 435705
429.603 435703
429.787 435699
429.801 435697
429.805 435696
429.814 435695
429.898 435694
429.939 435693
429.941 435691
430.016 435690
430.362 435689
430.363 435687
430.366 435685
430.477 435683
431.749 435682
431.768 435681
431.785 435680
431.856 435679
431.872 435677
432.02 435676
432.055 435672
432.101 435671
432.141 435670
432.182 435669
432.231 435666
432.303 435665
432.314 435663
432.347 435660
432.567 435659
432.573 435653
432.694 435650
432.696 435646
432.716 435645
432.811 435643
432.813 435632
432.837 435629
432.876 435627
432.899 435626
432.961 435624
433.222 435623
444.054 435619
444.072 435615
444.108 435614
444.536 435612
444.593 435611
444.682 435610
444.81 435608
444.824 435600
445.327 435593
445.365 435592
445.478 435589
445.49 435587
446.097 435581
446.146 435580
446.241 435579
446.253 435578
446.369 435577
446.371 435573
446.382 435571
446.392 435567
446.413 435566
448.032 435563
448.127 435562
448.131 435561
448.161 435560
448.164 435558
452.88 435556
452.973 435554
453.538 435541
453.664 435540
453.945 435539
453.976 435537
454.409 435536
454.474 435531
455.998 435526
457.568 435525
457.576 435515
457.585 435513
457.589 435512
462.103 435507
462.127 435505
462.356 435503
462.402 435497
462.437 435495
462.48 435491
462.489 435489
462.739 435485
462.839 435483
462.899 435482
462.919 435470
462.995 435467
463.107 435466
463.283 435462
463.292 435460
463.345 435459
463.445 435455
463.497 435452
463.679 435447
463.895 435446
463.905 435445
464.033 435444
464.061 435443
464.169 435435
464.194 435434
464.244 435428
464.25 435426
464.26 435425
464.269 435424
464.359 435412
464.372 435411
464.377 435407
466.871 435406
466.926 435399
466.963 435398
466.967 435397
468.669 435396
468.729 435395
468.794 435394
468.816 435390
468.829 435389
469.587 435388
469.845 435385
469.865 435384
470.81 435380
480.224 435378
480.229 435373
480.3 435372
480.432 435362
480.607 435358
480.622 435355
480.626 435354
480.646 435353
480.949 435352
481.028 435349
481.105 435347
481.119 435344
483.221 435343
483.231 435341
483.293 435340
483.325 435338
483.331 435336
483.666 435335
484.411 435333
484.415 435328
484.421 435326
485.066 435325
485.199 435324
485.309 435319
485.342 435316
485.399 435315
485.43 435314
485.502 435313
485.531 435311
485.82 435308
485.834 435307
485.874 435305
486.314 435303
487.482 435301
487.596 435294
487.639 435292
490.254 435282
490.432 435279
490.489 435276
490.555 435275
500.543 435272
500.655 435267
500.727 435264
500.776 435263
501.026 435262
501.101 435260
501.253 435259
501.547 435255
501.755 435249
501.787 435245
501.83 435244
501.838 435243
501.841 435238
502.173 435237
503.251 435230
503.314 435226
503.338 435223
503.429 435221
503.463 435220
503.476 435219
503.504 435218
503.515 435217
503.675 435215
503.696 435214
503.967 435212
503.97 435211
504.035 435210
504.349 435209
504.549 435208
508.908 435207
509.015 435206
509.047 435205
509.049 435201
509.165 435199
509.317 435198
509.368 435197
509.422 435196
509.96 435194
509.969 435193
510.712 435192
