0.736 116824
0.736 116815
0.737 116798
0.738 116792
0.738 116770
0.738 116763
0.741 116570
0.742 116561
0.742 116526
0.743 116490
0.744 116430
0.744 116426
0.745 116380
0.745 116369
0.746 116353
0.746 116340
0.748 116338
0.748 116334
0.749 116331
0.749 116318
0.75 116311
0.75 116284
0.751 116266
0.751 116151
0.752 116108
0.752 115974
0.753 115966
0.753 115958
0.755 115956
0.756 115711
0.756 115708
0.757 115683
0.758 115659
0.758 115652
0.759 115510
0.76 115508
0.76 115507
0.761 115497
0.761 115495
0.762 115493
0.762 115492
0.763 115473
0.763 115463
0.764 115457
0.764 115455
0.765 115445
0.766 115375
0.767 115368
0.767 115365
0.768 115337
0.768 115335
0.769 115330
0.77 115315
0.77 115313
0.771 115308
0.772 115257
0.773 115240
0.773 115234
0.774 115233
0.775 115210
0.776 115178
0.777 115160
0.78 115120
0.781 115088
0.781 115072
0.782 115001
0.783 114959
0.784 114954
0.784 114892
0.786 114887
0.787 114788
0.787 114729
0.787 114699
0.788 114697
0.789 114690
0.789 114681
0.79 114648
0.791 114639
0.792 114638
0.792 114630
0.794 114627
0.794 114624
0.795 114623
0.795 114622
0.796 114609
0.796 114607
0.797 114602
0.797 114599
0.8 114585
0.801 114527
0.801 114494
0.802 114486
0.803 114451
0.803 114366
0.804 114364
0.807 114363
0.809 114351
0.81 114348
0.811 114344
0.811 114334
0.812 114326
0.814 114324
0.815 114310
0.815 114307
0.815 114305
0.817 114304
0.818 114294
0.819 114289
0.824 114127
0.825 113992
0.826 113987
0.827 113978
0.828 113976
0.828 113972
0.829 113965
0.829 113961
0.832 113949
0.833 113937
0.834 113928
0.846 113912
0.847 113911
0.848 113906
0.849 113838
0.85 113826
0.853 113798
0.855 113797
0.856 113769
0.857 113742
0.858 113741
0.859 113737
0.862 113736
0.867 113723
0.871 113705
0.872 113703
0.872 113688
0.873 113673
0.874 113667
0.875 113665
0.877 113605
0.878 113603
0.878 113600
0.879 113598
0.88 113593
0.905 113502
0.906 113499
0.908 113498
0.909 113493
0.91 113484
0.913 113448
0.915 113441
0.917 113437
0.92 113435
0.921 113432
0.924 113418
0.925 113398
0.927 113373
0.943 113355
0.944 113351
0.975 113350
0.976 113333
0.977 113332
0.978 113323
0.979 113302
0.98 113287
0.982 113283
0.982 113282
0.986 113281
0.987 113269
0.991 113268
0.994 113252
0.997 113224
0.998 113197
1.001 113195
1.002 113194
1.004 113096
1.004 113079
1.005 113041
1.006 113037
1.01 113007
1.01 113005
1.013 113001
1.019 112835
1.02 112833
1.02 112831
1.021 112819
1.022 112811
1.025 112809
1.032 112785
1.037 112779
1.043 112776
1.044 112774
1.047 112761
1.049 112758
1.054 112741
1.054 112740
1.06 112725
1.061 112702
1.1 112698
1.103 112642
1.107 112606
1.109 112589
1.11 112585
1.111 112575
1.114 112558
1.115 112557
1.115 112552
1.127 112546
1.13 112545
1.131 112539
1.131 112519
1.132 112513
1.135 112509
1.141 112414
1.144 112413
1.16 112388
1.161 112381
1.162 112349
1.163 112319
1.164 112312
1.164 112311
1.167 112301
1.281 112296
1.283 112276
1.284 112273
1.292 112261
1.294 112260
1.295 112250
1.296 112245
1.317 112224
1.327 112210
1.328 112203
1.329 112202
1.369 112189
1.372 112180
1.373 112179
1.374 112173
1.376 112146
1.376 112139
1.38 112132
1.385 112053
1.388 112051
1.391 112049
1.392 112045
1.394 112041
1.396 111989
1.4 111979
1.436 111970
1.437 111931
1.438 111910
1.458 111903
1.459 111900
1.46 111889
1.461 111882
1.462 111881
1.462 111873
1.463 111860
1.464 111840
1.465 111815
1.467 111805
1.481 111754
1.482 111751
1.484 111723
1.486 111632
1.49 111619
1.491 111617
1.492 111591
1.492 111587
1.494 111585
1.495 111582
1.496 111574
1.498 111567
1.499 111566
1.5 111560
1.506 111551
1.512 111547
1.513 111532
1.514 111526
1.518 111511
1.524 111509
1.7 111506
1.702 111484
1.706 111480
1.71 111458
1.711 111443
1.713 111442
1.72 111426
1.723 111419
1.785 111404
2.003 111403
2.009 111386
2.011 111383
2.012 111380
2.013 111362
2.014 111358
2.015 111354
2.022 111339
2.023 111335
2.025 111333
2.031 111328
2.042 111315
2.043 111314
2.062 111310
2.063 111294
2.063 111293
2.091 111271
2.093 111255
2.112 111239
2.113 111226
2.13 111204
2.133 111199
2.134 111144
2.134 111111
2.137 111097
2.138 111074
2.139 111062
2.164 111012
2.33 111006
2.331 111005
2.354 110962
2.373 110942
2.375 110881
2.376 110851
2.376 110832
2.378 110810
2.378 110803
2.38 110792
2.383 110785
2.389 110767
2.391 110758
2.452 110743
2.453 110699
2.454 110685
2.455 110672
2.456 110671
2.462 110670
2.468 110664
2.578 110657
2.582 110644
2.585 110608
2.591 110600
2.592 110598
2.592 110590
2.593 110577
2.596 110571
2.601 110543
2.602 110542
2.603 110540
2.609 110516
2.611 110505
2.86 110494
2.861 110491
2.879 110449
2.936 110439
3.31 110417
3.329 110416
3.332 110364
3.336 110355
3.337 110350
3.338 110345
3.339 110339
3.339 110336
3.343 110323
3.478 110305
3.481 110279
3.485 110277
3.486 110273
3.489 110242
3.521 110205
3.526 110202
3.527 110184
3.528 110177
3.529 110176
3.529 110171
3.53 110168
3.532 110143
3.534 110124
3.535 110115
3.536 110110
3.541 110092
3.542 110079
3.542 110071
3.543 110051
3.552 110028
3.553 109985
3.554 109971
3.7 109963
3.703 109934
3.705 109933
3.723 109924
3.724 109921
3.727 109919
3.729 109892
3.741 109888
3.759 109885
3.762 109878
3.84 109869
3.841 109859
3.844 109851
3.845 109847
3.846 109841
3.848 109840
3.849 109839
3.85 109832
3.851 109806
3.853 109762
3.855 109758
3.856 109739
3.857 109706
3.859 109687
3.86 109682
3.863 109677
3.864 109674
3.865 109668
3.867 109661
3.871 109598
3.872 109597
3.873 109585
4.266 109570
4.271 109550
4.275 109542
4.276 109534
4.277 109522
4.279 109509
4.422 109508
4.423 109470
4.424 109395
4.432 109382
4.473 109371
4.474 109362
4.479 109343
4.48 109334
4.654 109332
4.658 109329
4.662 109327
4.662 109312
4.664 109311
4.665 109305
4.665 109304
4.756 109278
4.758 109263
4.76 109242
4.762 109240
4.764 109222
4.766 109221
4.766 109220
4.778 109214
4.951 109213
4.953 109186
4.957 109163
4.958 109146
4.958 109142
4.959 109123
4.96 109114
4.965 109102
4.967 109101
4.97 109083
4.973 109076
4.974 109072
5.185 109068
6.538 109040
6.541 109030
6.541 109028
6.542 109022
6.542 109015
6.544 109011
6.546 109002
6.547 108995
6.549 108982
6.554 108972
6.556 108965
6.559 108964
6.56 108961
7.896 108943
8.83 108934
8.844 108932
8.845 108930
8.85 108927
8.9 108913
8.902 108908
8.905 108904
8.919 108899
8.92 108862
8.922 108855
8.923 108854
8.945 108829
8.946 108807
8.947 108797
8.949 108795
8.95 108767
8.951 108760
8.952 108754
8.962 108753
8.963 108745
8.964 108688
8.966 108682
8.967 108671
8.968 108670
8.971 108654
8.972 108641
9.016 108634
9.019 108628
9.019 108625
9.02 108620
9.022 108613
9.028 108604
9.59 108602
9.636 108595
9.637 108589
9.638 108584
9.64 108546
9.641 108536
9.642 108531
9.656 108521
9.704 108517
9.705 108506
9.707 108495
9.717 108494
9.718 108486
9.72 108459
10.648 108450
10.649 108441
10.65 108427
10.651 108403
10.764 108398
10.765 108381
10.766 108345
10.768 108337
10.769 108322
10.77 108317
10.781 108315
10.782 108311
11.08 108306
11.09 108294
11.093 108292
11.095 108278
11.097 108215
11.097 108214
14.287 108191
14.391 108172
14.391 108168
14.4 108162
14.401 108159
14.402 108153
14.403 108141
14.414 108074
14.416 108070
14.417 108064
14.42 108060
14.421 108057
14.422 108053
14.423 108035
14.424 108020
14.425 108010
14.426 107983
14.427 107963
14.465 107951
14.466 107948
15.337 107946
15.338 107940
16.139 107892
16.143 107886
16.143 107882
16.144 107861
16.147 107832
16.148 107788
16.149 107764
16.15 107760
16.151 107750
16.154 107748
16.837 107745
16.84 107744
16.841 107726
16.861 107718
16.866 107707
16.87 107698
16.878 107664
16.882 107655
17.123 107645
17.124 107614
17.125 107613
17.128 107590
17.131 107551
17.139 107542
23.096 107541
23.097 107534
23.967 107513
23.967 107504
23.968 107482
23.972 107473
23.973 107443
23.973 107417
23.992 107386
23.994 107364
23.996 107363
41.653 107355
41.665 107350
41.668 107339
41.668 107335
41.67 107303
41.671 107289
41.673 107283
41.674 107274
41.674 107259
41.677 107254
41.678 107251
41.682 107250
41.683 107244
42.105 107243
42.106 107217
42.11 107190
50.529 107187
50.531 107185
50.532 107179
64.811 107165
64.817 107154
64.818 107151
64.823 107123
64.825 107105
64.828 107099
65.019 107097
65.021 107085
65.022 107084
65.059 107075
72.31 107044
72.375 107042
75.226 107036
75.227 107029
75.228 107026
75.229 107000
76.141 106985
76.191 106979
76.193 106955
76.24 106938
76.24 106913
76.242 106910
76.245 106908
76.253 106905
76.256 106889
76.257 106865
76.269 106864
76.27 106855
76.272 106839
83.5 106833
83.502 106831
83.504 106823
83.87 106822
83.909 106796
83.93 106790
83.93 106777
83.931 106768
83.936 106760
83.942 106751
83.943 106748
83.945 106742
83.948 106732
83.949 106729
83.954 106715
87.764 106703
87.765 106691
87.77 106688
87.774 106673
87.776 106660
89.767 106650
89.769 106634
89.998 106627
115.948 106607
115.951 106597
115.955 106585
115.96 106576
115.964 106561
115.966 106559
116.341 106555
116.342 106552
116.343 106549
116.366 106544
116.378 106542
116.38 106538
116.752 106537
121.446 106519
121.455 106512
121.456 106507
121.466 106495
121.468 106492
121.486 106487
121.499 106474
121.861 106466
121.864 106464
121.867 106458
122.561 106453
122.562 106449
122.61 106435
122.611 106433
122.621 106431
122.624 106427
122.632 106421
122.635 106410
127.668 106409
127.669 106404
127.673 106403
128.808 106398
131.05 106393
131.076 106390
131.086 106385
131.808 106377
131.883 106359
131.884 106354
131.884 106353
131.885 106349
131.886 106341
131.888 106334
131.891 106331
131.892 106319
131.893 106298
131.896 106296
131.906 106293
131.909 106291
131.916 106285
131.917 106283
131.946 106276
131.948 106265
132.851 106262
132.855 106253
132.867 106251
132.875 106234
137.613 106230
137.625 106223
137.659 106213
137.681 106208
137.763 106188
137.813 106184
137.815 106171
137.818 106161
137.819 106160
137.82 106153
137.822 106128
137.831 106113
137.937 106112
137.964 106107
137.966 106106
138.353 106105
138.37 106104
138.373 106096
138.376 106095
141.437 106094
141.453 106091
141.464 106089
141.464 106087
141.478 106082
141.48 106075
141.48 106074
143.511 106053
146.655 106048
146.699 106039
146.702 106035
146.704 106023
146.709 106022
146.713 106014
146.718 106008
147.078 106000
147.089 105997
149.667 105994
150.094 105992
150.096 105988
150.097 105986
150.098 105978
150.1 105970
150.104 105966
150.115 105962
150.188 105960
150.28 105956
150.305 105953
150.431 105948
150.466 105947
150.492 105946
150.497 105930
150.5 105929
150.511 105924
150.516 105923
150.607 105918
150.61 105895
150.61 105894
150.877 105891
150.883 105889
151.768 105884
151.77 105883
151.772 105874
151.803 105862
151.808 105859
151.81 105857
151.814 105856
151.816 105847
151.842 105844
151.849 105840
151.928 105837
151.933 105836
152 105831
152.003 105821
152.004 105818
152.005 105814
152.047 105803
152.049 105802
152.049 105801
152.051 105800
152.053 105799
152.056 105794
158.452 105789
158.511 105787
163.677 105786
163.71 105783
163.712 105778
163.906 105771
163.91 105769
163.929 105760
163.93 105754
163.941 105753
163.971 105747
163.974 105745
163.984 105737
164.056 105734
164.057 105727
167.803 105726
167.806 105714
167.816 105706
167.832 105705
167.88 105704
167.883 105696
167.972 105692
167.982 105686
168.122 105676
168.256 105673
168.388 105668
168.416 105660
168.42 105658
168.689 105656
168.692 105654
168.693 105653
168.706 105650
168.708 105645
168.71 105643
168.715 105633
174.642 105632
174.65 105623
174.652 105622
182.401 105619
182.624 105613
182.636 105612
182.641 105608
182.683 105601
182.684 105596
182.715 105594
182.744 105593
182.744 105575
182.745 105571
182.806 105569
182.897 105568
182.909 105562
182.929 105560
182.931 105557
182.932 105552
182.941 105539
182.95 105531
182.963 105524
182.977 105515
182.98 105513
182.983 105511
182.987 105506
183.814 105504
183.823 105503
183.825 105495
183.826 105493
183.835 105482
197.742 105481
197.756 105480
197.893 105477
197.898 105476
197.898 105469
197.947 105459
197.952 105455
197.97 105450
197.976 105443
197.994 105441
198.259 105435
198.284 105431
198.354 105423
198.365 105421
198.375 105420
198.473 105414
198.569 105413
198.572 105409
198.578 105405
198.591 105404
198.822 105401
198.823 105396
198.841 105394
198.841 105392
198.855 105391
198.856 105389
198.858 105388
199.264 105387
199.267 105384
199.337 105376
199.553 105370
199.556 105364
199.557 105363
199.561 105352
199.563 105349
199.564 105348
199.568 105346
199.584 105345
199.586 105337
199.587 105336
199.665 105334
199.672 105332
199.681 105329
199.694 105324
199.695 105323
199.697 105322
199.75 105321
199.752 105320
199.758 105310
199.779 105306
199.79 105302
199.881 105297
199.894 105289
200.31 105288
200.347 105287
200.35 105284
200.356 105283
200.362 105275
200.392 105274
200.396 105273
200.397 105271
207.29 105269
207.301 105266
207.303 105264
207.476 105259
207.477 105256
207.494 105254
207.588 105249
207.601 105247
207.61 105246
207.665 105241
207.674 105240
215.037 105239
215.038 105236
215.041 105235
215.051 105234
215.079 105232
215.135 105231
215.137 105230
216.637 105229
216.641 105228
216.671 105226
216.673 105223
216.698 105222
216.714 105219
216.803 105218
223.572 105217
223.593 105215
223.857 105214
223.95 105213
223.962 105211
223.975 105210
223.978 105206
224.003 105204
224.006 105196
224.019 105193
224.57 105192
224.586 105191
225.709 105186
225.719 105185
225.727 105184
225.733 105183
225.792 105181
229.133 105180
229.248 105178
229.266 105167
229.28 105162
229.316 105156
229.329 105154
229.33 105142
229.331 105137
229.337 105132
229.356 105127
230.066 105125
230.072 105123
233.003 105120
233.016 105119
233.045 105115
233.047 105113
233.068 105111
233.116 105108
233.121 105105
233.136 105103
233.16 105101
233.163 105096
233.885 105095
233.9 105092
233.904 105091
233.916 105090
233.921 105089
234.025 105087
234.04 105086
234.063 105082
234.179 105080
234.188 105079
234.223 105077
234.237 105072
234.266 105070
234.294 105068
234.31 105065
234.328 105064
234.332 105062
234.391 105061
238.193 105060
238.211 105058
238.217 105055
238.251 105054
238.253 105046
238.284 105043
238.297 105042
239.812 105041
244.107 105038
244.11 105033
244.128 105031
244.136 105030
244.167 105027
244.173 105024
244.178 105022
244.426 105019
244.456 105018
244.468 105017
244.522 105014
245.084 105013
245.093 105005
245.098 105004
245.105 104997
245.118 104995
245.973 104990
246.85 104988
246.857 104985
246.864 104984
247.02 104983
247.021 104979
247.032 104977
247.043 104972
247.057 104967
247.105 104964
247.114 104960
247.124 104959
248.428 104956
248.453 104954
248.458 104949
252.961 104947
252.974 104944
252.98 104943
255.111 104941
255.574 104940
255.741 104938
255.772 104936
265.617 104935
265.642 104934
265.675 104933
272.124 104737
272.128 104736
272.176 104733
272.209 104731
272.212 104717
272.224 104715
272.318 104714
272.351 104713
272.359 104712
272.405 104706
272.411 104704
272.468 104701
272.482 104691
272.507 104681
272.511 104679
272.526 104677
272.543 104676
272.554 104674
272.558 104673
272.604 104671
273.116 104670
273.142 104668
273.215 104666
273.264 104665
273.33 104662
274.622 104660
274.637 104658
274.654 104655
274.664 104652
274.69 104650
274.702 104648
274.703 104647
274.715 104645
274.967 104640
274.978 104639
275.044 104638
275.056 104637
275.917 104636
275.94 104635
275.989 104634
276.014 104628
276.03 104625
276.032 104624
276.054 104623
276.075 104621
276.077 104620
276.085 104618
276.086 104617
276.116 104615
276.348 104614
276.349 104611
276.385 104608
276.394 104607
278.672 104603
280.523 104602
280.743 104600
280.793 104599
281.045 104595
281.166 104594
281.224 104593
281.237 104592
281.944 104590
281.968 104589
282.001 104585
282.151 104582
282.174 104579
282.26 104574
287.064 104571
287.065 104567
287.069 104565
287.249 104564
288.232 104563
288.258 104562
288.384 104560
288.767 104559
288.887 104558
288.888 104556
288.972 104555
288.99 104553
289.069 104551
289.184 104550
289.624 104549
289.665 104548
290.506 104546
290.531 104545
290.55 104544
290.714 104542
290.724 104541
290.733 104539
291.266 104538
303.222 104537
303.27 104535
303.296 104534
303.472 104532
303.757 104530
303.91 104529
304.204 104526
304.461 104524
304.737 104522
304.791 104521
304.898 104520
305.307 104519
