0.443 184285
0.444 184202
0.447 184099
0.447 184094
0.449 184086
0.45 184083
0.45 184055
0.451 184041
0.455 184010
0.455 184009
0.456 184006
0.456 183997
0.457 183966
0.458 183947
0.458 183937
0.46 183918
0.46 183857
0.461 183834
0.462 183829
0.463 183811
0.463 183761
0.464 183740
0.465 183695
0.466 183636
0.47 183630
0.473 183591
0.474 183590
0.475 183559
0.476 183554
0.476 183551
0.479 183502
0.48 183484
0.481 183481
0.481 183463
0.482 183439
0.483 183433
0.491 183359
0.492 183272
0.492 183249
0.493 183240
0.494 183235
0.495 183205
0.498 183167
0.499 183153
0.499 183148
0.5 183141
0.505 183125
0.508 183106
0.509 183061
0.51 183056
0.51 183031
0.511 183027
0.512 183000
0.514 182960
0.514 182956
0.515 182946
0.515 182939
0.516 182899
0.541 182856
0.543 182855
0.545 182853
0.547 182849
0.548 182839
0.7 182817
0.701 182801
0.702 182791
0.703 182788
0.732 182764
0.786 182702
0.805 182688
0.808 182667
0.809 182657
0.81 182655
0.811 182653
0.813 182652
0.814 182645
0.816 182644
0.817 182629
0.819 182592
0.82 182578
1.037 182558
1.038 182556
1.071 182437
1.072 182425
1.075 182421
1.085 182398
1.088 182397
1.089 182371
1.089 182357
1.092 182346
1.126 182320
1.127 182301
1.151 182300
1.157 182295
1.158 182243
1.158 182221
29.552 182197
29.557 182194
29.56 182184
29.562 182183
29.633 182175
29.634 182151
29.642 182142
29.643 182141
29.717 182140
29.723 182139
29.774 182127
29.775 182122
30.846 182114
30.847 182112
30.847 182104
30.857 182093
30.859 182067
30.86 182046
30.866 182045
31.156 182039
31.16 182035
31.172 182021
31.174 182017
31.182 182015
31.183 182006
31.184 181983
31.186 181973
31.188 181970
31.191 181931
31.195 181923
31.247 181884
31.25 181882
36.423 181838
36.424 181812
36.442 181807
45.168 181774
45.173 181758
45.175 181745
45.179 181740
45.179 181714
45.184 181712
45.195 181699
45.198 181693
45.206 181685
50.034 181626
50.034 181617
50.097 181608
50.113 181581
50.129 181562
50.871 181545
50.873 181532
50.896 181531
50.903 181527
50.905 181495
50.946 181486
50.947 181484
50.948 181479
50.95 181473
50.954 181439
50.965 181416
50.966 181412
50.967 181410
64.359 181390
64.361 181374
64.362 181366
67.453 181361
67.459 181357
67.462 181319
67.474 181317
67.707 181314
67.757 181303
67.763 181300
67.779 181292
67.781 181288
67.79 181283
67.791 181268
67.818 181247
67.819 181246
68.062 181221
68.064 181219
68.066 181162
68.066 181157
68.069 181156
68.07 181138
68.789 181110
68.792 181093
68.795 181088
68.796 181085
68.807 181082
68.808 181056
68.81 181055
72.33 181019
72.332 181018
72.335 181013
72.379 180984
72.419 180982
72.42 180974
73.531 180962
73.534 180947
73.64 180936
89.999 180931
90 180924
90.009 180922
90.011 180909
90.012 180906
90.018 180903
90.096 180897
90.098 180896
90.099 180880
90.113 180869
90.114 180848
90.114 180847
90.141 180845
90.227 180827
90.229 180807
90.834 180806
90.837 180797
90.84 180794
90.85 180783
90.852 180763
90.854 180755
90.859 180736
111.193 180734
111.475 180725
112.421 180714
112.429 180709
112.874 180706
112.877 180702
112.877 180701
112.878 180691
115.581 180687
115.583 180683
115.589 180663
115.608 180662
115.634 180658
115.636 180657
115.637 180653
115.648 180648
115.658 180647
115.661 180638
115.663 180628
115.685 180626
115.691 180616
115.695 180607
115.696 180573
115.697 180538
115.701 180515
115.713 180512
115.713 180505
115.714 180486
115.716 180481
115.716 180480
115.722 180462
115.725 180459
115.734 180448
115.736 180429
115.74 180426
115.741 180424
115.742 180396
115.743 180394
115.744 180392
115.749 180381
124.165 180380
124.175 180379
124.18 180377
124.182 180376
127.363 180374
127.368 180358
127.371 180356
127.375 180333
127.38 180331
127.385 180311
127.388 180310
127.388 180289
127.39 180275
127.397 180273
127.399 180271
127.404 180251
127.405 180247
127.409 180233
127.413 180232
127.415 180227
127.417 180220
127.422 180218
127.425 180212
129.547 180203
129.593 180202
129.599 180188
129.602 180179
129.715 180158
130.417 180156
130.421 180153
130.423 180106
130.425 180094
130.473 180086
130.474 180073
130.476 180059
130.481 180057
130.567 180047
130.567 180045
130.576 180029
130.58 180011
130.581 180002
130.581 180000
130.585 179988
143.651 179984
143.658 179981
143.661 179978
143.661 179967
143.807 179964
143.809 179958
144.344 179937
144.346 179936
144.348 179933
144.423 179920
144.427 179902
144.435 179891
144.438 179889
144.461 179887
144.494 179884
144.494 179874
144.499 179871
144.5 179859
144.502 179858
144.511 179848
144.512 179836
144.52 179811
144.535 179807
144.963 179801
144.978 179795
144.981 179793
148.244 179792
148.245 179785
148.903 179776
148.903 179772
148.908 179769
148.911 179766
148.915 179760
148.918 179756
148.924 179755
148.931 179748
149.497 179737
149.501 179732
149.506 179725
149.507 179722
149.51 179721
149.554 179717
149.577 179696
149.585 179694
149.591 179692
149.595 179691
149.633 179686
149.634 179681
149.664 179679
149.683 179670
166.916 179655
166.917 179654
166.93 179653
166.938 179649
166.946 179642
166.95 179641
166.953 179640
166.97 179639
166.972 179631
166.98 179630
166.983 179629
166.986 179606
166.99 179588
166.992 179587
166.994 179572
166.995 179569
166.996 179560
166.999 179552
167.003 179539
167.01 179535
168.98 179531
168.983 179530
170.771 179510
171.074 179500
171.075 179498
171.12 179492
171.173 179489
171.174 179484
171.177 179480
171.206 179478
171.209 179470
171.211 179455
171.213 179452
171.218 179450
171.22 179446
171.226 179436
171.228 179433
171.232 179419
171.242 179388
171.247 179376
171.323 179353
171.337 179352
171.35 179344
171.361 179334
171.362 179333
171.362 179332
171.363 179315
171.37 179304
171.37 179291
171.504 179282
171.505 179279
171.511 179266
171.525 179264
171.534 179261
171.537 179251
171.583 179232
182.324 179229
183.879 179219
183.887 179214
183.892 179212
183.91 179189
183.969 179185
183.977 179171
183.991 179156
184.048 179149
184.054 179135
184.058 179127
184.361 179125
184.362 179124
184.365 179123
184.366 179114
184.368 179110
184.381 179073
184.387 179071
184.388 179070
184.397 179064
192.083 179063
192.083 179056
192.089 179054
193.698 179052
193.7 179051
193.81 179036
193.851 179029
193.856 179028
193.859 179009
193.86 179006
193.87 178997
197.807 178989
197.81 178986
197.811 178981
197.821 178978
198.039 178974
198.045 178969
198.7 178968
198.709 178961
198.715 178959
198.722 178957
198.737 178953
198.744 178933
198.747 178932
198.794 178929
202.897 178926
202.923 178925
202.927 178922
202.941 178913
203.462 178910
203.463 178907
203.472 178902
203.539 178885
203.551 178879
203.559 178858
203.563 178852
203.566 178851
203.575 178849
203.577 178847
203.595 178842
203.597 178841
203.609 178836
203.635 178831
203.66 178830
204.697 178822
204.715 178810
204.72 178794
204.72 178783
204.728 178773
204.729 178771
204.733 178770
204.741 178759
204.746 178750
204.748 178746
204.756 178736
204.76 178735
204.764 178734
207.297 178730
207.363 178721
207.372 178717
207.385 178708
207.388 178699
208.404 178698
208.418 178692
212.141 178681
212.349 178670
215.202 178667
215.216 178662
215.224 178656
215.226 178647
215.226 178638
215.229 178636
215.232 178635
215.239 178634
215.241 178631
215.249 178630
218.592 178619
218.594 178599
218.807 178598
218.812 178596
218.82 178590
218.835 178583
218.837 178578
226.291 178572
226.293 178571
226.309 178568
226.403 178553
226.419 178549
226.428 178546
226.437 178545
226.444 178536
226.452 178535
226.455 178531
226.462 178530
226.473 178518
226.474 178513
226.48 178511
226.875 178504
226.892 178499
226.91 178491
226.917 178483
226.935 178481
226.936 178480
226.937 178469
226.949 178462
227.114 178458
227.115 178450
227.117 178440
227.118 178436
227.118 178425
227.125 178421
227.141 178416
228.612 178414
228.618 178412
228.625 178410
228.627 178408
228.628 178406
229.546 178403
229.715 178399
229.728 178393
229.778 178392
229.888 178383
232.002 178382
232.004 178363
232.011 178356
232.016 178355
232.02 178348
232.023 178344
232.168 178340
232.372 178339
232.383 178337
232.439 178334
233.206 178328
233.723 178326
233.758 178323
233.765 178322
233.794 178306
246.397 178305
246.403 178300
246.663 178294
246.699 178292
246.702 178288
246.709 178286
246.723 178281
246.725 178279
246.738 178276
246.77 178274
246.815 178271
246.821 178267
247.13 178265
247.155 178254
247.186 178247
251.538 178241
251.677 178235
251.844 178229
251.851 178228
251.864 178226
251.867 178223
251.873 178217
251.909 178213
252.189 178210
252.204 178197
252.209 178195
252.217 178192
252.226 178191
252.24 178180
255.935 178171
255.939 178169
255.942 178161
255.982 178157
255.987 178155
256.034 178153
256.047 178152
256.057 178144
256.086 178135
256.093 178131
256.094 178126
256.096 178125
256.098 178123
256.186 178120
257.118 178113
261.366 178108
261.397 178107
261.401 178101
261.402 178095
262.279 178093
262.289 178089
262.294 178085
262.301 178084
262.304 178072
263.168 178070
263.169 178065
263.172 178062
263.222 178060
263.225 178059
263.235 178056
263.247 178054
263.258 178052
263.259 178050
263.267 178046
264.139 178045
268.411 178039
268.479 178036
268.481 178033
268.852 178028
268.975 178026
268.982 178025
271.617 178023
271.641 178022
271.647 178018
271.648 178016
271.774 178012
271.968 178011
272.011 178006
272.017 178000
272.024 177995
272.072 177992
272.073 177991
273.209 177989
273.213 177984
273.234 177974
273.236 177972
273.259 177971
273.485 177970
273.538 177966
273.54 177963
273.699 177962
273.702 177959
277.177 177958
277.187 177954
277.214 177949
277.263 177948
277.274 177944
277.344 177943
277.38 177939
277.402 177937
277.81 177935
277.866 177928
277.876 177926
277.904 177920
277.907 177912
277.915 177911
277.927 177902
277.929 177901
277.951 177891
277.953 177887
277.966 177880
278.003 177879
282.899 177877
284.336 177872
284.339 177869
284.351 177867
284.357 177864
284.36 177862
284.421 177861
284.446 177856
284.45 177850
284.465 177849
293.9 177845
293.914 177838
293.937 177833
293.946 177827
293.948 177826
294.443 177821
294.521 177817
294.643 177815
294.674 177814
294.773 177808
294.804 177807
294.822 177804
294.831 177802
294.884 177801
294.894 177797
294.905 177791
294.906 177785
294.907 177784
295.302 177777
295.306 177775
295.319 177773
302.682 177772
302.684 177769
304.589 177766
304.602 177763
304.614 177761
304.641 177759
304.641 177755
304.668 177751
305.324 177749
305.469 177748
305.48 177744
305.695 177743
305.723 177742
305.764 177741
305.772 177738
305.783 177734
305.853 177733
305.86 177732
306.095 177730
306.131 177727
307.545 177726
307.552 177725
307.586 177722
307.7 177721
307.751 177716
307.761 177711
307.777 177708
307.782 177707
307.92 177706
307.95 177705
310.578 177702
310.605 177701
310.679 177698
310.703 177694
310.718 177690
310.72 177687
310.733 177685
310.764 177684
310.821 177673
310.911 177669
316.876 177668
316.978 177666
317.034 177664
318.627 177659
318.704 177654
318.787 177653
318.813 177652
318.848 177649
318.878 177636
329.267 177634
329.327 177633
329.375 177625
329.427 177618
329.464 177615
329.532 177613
329.538 177612
331.114 177607
331.156 177606
331.195 177601
331.209 177599
333.065 177597
333.408 177596
333.415 177593
334.674 177591
340.157 177587
342.077 177586
342.141 177584
342.183 177582
342.189 177581
342.222 177577
342.271 177575
342.304 177573
342.345 177571
342.441 177567
344.391 177565
345.419 177564
345.749 177561
345.762 177558
346.025 177557
346.03 177553
346.076 177552
346.101 177550
346.103 177548
346.107 177545
346.12 177544
346.183 177543
346.192 177542
350.172 177540
350.3 177539
350.302 177532
350.331 177530
350.679 177528
351.023 177515
351.041 177514
351.094 177511
351.154 177510
351.242 177509
351.523 177508
351.526 177507
351.54 177506
351.643 177505
351.682 177503
351.687 177502
351.724 177500
351.744 177498
355.111 177495
355.114 177493
356.614 177491
356.707 177490
356.888 177485
356.921 177483
356.979 177482
356.99 177479
357.109 177478
357.144 177475
357.196 177474
357.198 177473
357.208 177471
357.424 177469
357.607 177468
359.26 177465
359.868 177464
359.885 177462
359.891 177457
359.949 177456
360.16 177455
360.183 177454
360.185 177453
360.186 177452
360.358 177450
360.362 177448
360.546 177446
360.594 177443
360.608 177440
373.643 177434
373.695 177433
374.048 177432
374.142 177431
375.233 177430
375.246 177428
375.741 177426
375.769 177425
380.303 177423
