0.066 1505.99
0.066 1504.41
0.067 1494.49
0.068 1489.72
0.068 1488.96
0.069 1483.64
0.069 1480.96
0.069 1480.46
0.069 1478.05
0.07 1459.63
0.07 1457.69
0.076 1456.97
0.077 1452.75
0.08 1448.14
0.083 1446.81
0.084 1446.35
0.084 1445.4
0.085 1445.22
0.086 1442.16
0.088 1441.81
0.092 1441.2
0.095 1438.58
0.096 1435.68
0.112 1430.05
0.116 1429.01
0.125 1426
0.145 1422.55
0.146 1419.81
0.146 1418.81
0.147 1417.5
0.155 1417.43
0.156 1413.95
0.156 1413.75
0.157 1412.92
0.159 1411.38
0.165 1410.89
0.166 1408.77
0.168 1407.3
0.169 1406.42
0.223 1404.59
0.228 1404.26
0.27 1403.54
0.275 1402.84
0.282 1402.7
0.289 1400.99
0.708 1398.92
0.71 1398.48
0.71 1397.83
2.544 1397.42
2.547 1396.91
2.548 1396.66
2.556 1391.28
2.605 1390.09
2.611 1388.46
3.208 1386.31
4.47 1385.99
4.473 1385.46
4.6 1383.6
4.61 1383.37
4.621 1382.96
4.625 1382.18
4.831 1381.65
4.843 1381.48
7.922 1380.99
12.938 1380.95
14.878 1380.82
15.142 1380.33
17.617 1380.05
18.441 1378.05
18.947 1376.59
22.433 1376.31
