0.065 1297.8
0.065 1268.19
0.066 1262.3
0.066 1261.5
0.067 1232.76
0.067 1227.22
0.075 1223.15
0.076 1219.48
0.076 1219.04
0.08 1217.8
0.08 1217.44
0.081 1216.13
0.082 1215.98
0.087 1214.52
0.087 1213.26
0.089 1211.85
0.089 1210.19
0.089 1209.43
0.107 1208.48
0.113 1208.03
0.119 1205.56
0.12 1191.42
0.121 1190.08
0.122 1188.03
0.124 1187.49
0.131 1185.85
0.132 1184.67
0.132 1182.44
0.135 1180.7
0.136 1179.72
0.138 1179.58
0.141 1179.35
0.191 1179
0.197 1177.81
0.198 1177.58
0.199 1177.06
0.201 1174.86
0.206 1174.74
0.627 1174.7
0.633 1172.69
0.661 1172.3
0.667 1172.02
0.669 1171.95
1.003 1171.88
1.006 1171.48
1.189 1169.04
2.5 1168.32
2.502 1168.17
2.503 1168.09
2.529 1166.69
2.53 1166.68
2.533 1166.53
2.534 1166.38
2.534 1166.17
2.548 1165.89
2.591 1165.34
2.601 1164.89
2.752 1164.38
2.752 1164.09
2.753 1162.1
2.82 1161.97
4.59 1161.37
6.553 1161.05
9.251 1160.8
13.334 1160.68
