0.091 11558.6
0.093 11539.9
0.093 11535.1
0.093 11534.9
0.093 11529.4
0.097 11511.3
0.097 11499.6
0.098 11496.3
0.099 11452.5
0.099 11451.2
0.101 11443.4
0.102 11442.1
0.106 11423
0.107 11416.4
0.109 11406.5
0.11 11405.3
0.111 11373.3
0.112 11370.9
0.127 11366.9
0.128 11348.5
0.129 11340.8
0.129 11336.6
0.131 11334.4
0.133 11330.7
0.135 11329.4
0.136 11327.5
0.136 11327.4
0.137 11326.9
0.157 11324.4
0.157 11324
0.158 11323.5
0.168 11314.6
0.191 11283
0.192 11280.9
0.192 11280.1
0.193 11276.1
0.194 11272.2
0.328 11237.2
0.34 11236.5
1.753 11231.6
2.381 11231.6
2.625 11228.6
2.816 11219.2
2.82 11218.8
3.26 11216.8
3.262 11216.4
3.267 11216.1
3.268 11207.7
9.473 11207.6
10.225 11207.5
10.226 11206.6
10.226 11206.5
10.227 11205.5
10.502 11202
10.528 11201.8
10.628 11201.7
10.632 11201.4
10.632 11200.3
10.636 11196.8
10.64 11195.5
10.642 11192.5
10.642 11192
10.667 11191.7
10.668 11191.1
10.669 11189.3
10.686 11189.2
10.687 11185.9
10.938 11176.2
10.938 11176.1
10.998 11176
11.022 11174.1
11.336 11173.6
11.393 11172
11.403 11170.5
19.149 11170.2
19.286 11169.5
19.304 11169
19.306 11168.4
19.309 11167.5
19.315 11166.6
20.757 11164.8
20.758 11164.5
20.759 11162.1
20.764 11160.7
20.802 11157.9
20.803 11157.3
21.139 11155.2
21.158 11153.1
21.235 11151.8
21.237 11151.7
21.241 11151.3
21.241 11151.2
21.242 11150.9
21.243 11148.9
21.249 11148.8
21.27 11148.7
21.276 11148.1
21.28 11146.9
21.313 11146.3
21.714 11146.1
22.307 11146.1
22.314 11146
22.315 11145.8
22.317 11144.7
22.328 11144.7
23.244 11144.4
23.245 11143.9
23.246 11143.2
23.247 11143.1
23.252 11142.5
23.268 11140.5
23.278 11140.4
23.279 11140
23.282 11140
23.286 11139.8
23.539 11139.5
23.542 11137.9
23.543 11137.9
23.569 11137.8
23.929 11137.7
23.94 11137.4
23.942 11133.4
23.946 11133.1
23.948 11133
23.952 11132.6
23.954 11131.5
24.068 11130.8
24.179 11128.8
25.188 11128.6
25.193 11128.3
25.29 11128
25.291 11127.7
25.337 11127.7
25.34 11126.9
25.384 11126.3
25.393 11125.1
27.496 11124.1
27.706 11123.6
27.735 11123.3
28.319 11122.3
30.365 11122.2
30.407 11121.9
