0.027 3932.66
0.027 3913.68
0.027 3906.31
0.028 3875.89
0.028 3875.39
0.029 3863.37
0.029 3852.06
0.029 3851.99
0.031 3800.99
0.032 3792.09
0.032 3778.76
0.032 3772.37
0.033 3770.14
0.034 3762.73
0.037 3761.05
0.04 3760.3
0.042 3759.77
0.045 3705.42
0.046 3704.91
0.047 3700.99
0.057 3698.82
0.057 3697.59
0.057 3695.64
0.059 3694.79
0.06 3692
0.061 3689.79
0.063 3688.21
0.102 3682.04
0.103 3679.96
0.104 3678.35
0.109 3676.14
0.111 3675.54
0.112 3675.44
0.112 3665.84
0.113 3665.29
0.113 3664.17
0.172 3653.39
0.172 3649.06
0.172 3648.98
0.174 3647.13
0.179 3646.88
0.184 3646.27
0.184 3641.62
0.185 3640.19
0.196 3634.75
0.196 3633.05
0.197 3631.25
0.31 3630.91
0.31 3630.49
0.312 3629.6
0.312 3629.33
0.339 3624.71
0.341 3623.12
0.348 3621.72
0.349 3618.97
0.352 3613.63
0.356 3612.08
0.361 3611.62
0.386 3607.3
0.387 3603.01
0.388 3601.77
0.462 3601.23
0.477 3600.63
0.482 3600.55
0.491 3596.53
1.592 3593.31
1.596 3593.26
2.229 3592.22
2.231 3589.49
2.237 3584.69
2.239 3584.02
2.256 3580.24
2.379 3579.09
3.249 3575.11
3.25 3568.92
6.413 3568.55
6.424 3566.62
10.033 3565.86
10.041 3564.43
10.046 3564.29
10.046 3564.12
11.19 3564.04
11.208 3563.55
11.305 3561.96
14.656 3561.71
15.042 3560.92
16.839 3560.7
16.841 3559.57
17.515 3559.25
18.243 3559.01
18.244 3557.17
18.244 3557.13
18.453 3557.07
27.786 3556.96
27.89 3556.87
