0.012 3595.73
0.012 3562.42
0.013 3560.15
0.014 3525.08
0.014 3518.5
0.014 3510.37
0.015 3510
0.015 3508.6
0.016 3508.29
0.016 3504.06
0.017 3498.07
0.017 3493.66
0.025 3492.33
0.028 3485.4
0.029 3484.71
0.032 3477.44
0.036 3472.43
0.039 3471.35
0.042 3470.02
0.058 3465.67
0.066 3451.76
0.068 3450.13
0.127 3445.18
0.13 3444.09
0.132 3441.18
0.134 3435.28
0.142 3433.1
0.143 3427.8
0.287 3427.21
0.33 3420.75
0.332 3420.38
0.373 3419.41
0.373 3417.09
0.374 3413.66
0.375 3412.26
1.04 3405.1
1.045 3402.25
1.054 3401.54
1.055 3399.87
1.317 3388.12
1.321 3383.4
5.642 3383.01
5.643 3379.12
8.12 3378.92
8.849 3378.07
8.853 3376.56
8.865 3376.35
10.289 3375.05
10.291 3373.11
10.292 3372.85
10.304 3372.74
10.314 3372.67
10.315 3372.42
10.331 3369.98
10.359 3369.79
10.363 3368.34
10.616 3367.95
10.639 3367.91
10.647 3367.66
10.98 3366.43
11.931 3365.66
11.936 3365.58
18.141 3364.26
18.165 3362.48
21.913 3362.37
