0.091 10005.3
0.092 9977.66
0.093 9948.35
0.093 9941.91
0.093 9938.38
0.094 9934.98
0.094 9934.01
0.095 9925.39
0.095 9921.27
0.096 9918.21
0.096 9918.15
0.097 9914.77
0.129 9914.28
0.13 9911.29
0.133 9910.02
0.173 9908.77
0.173 9906.71
0.175 9905.29
0.176 9903.21
0.176 9889.26
0.215 9879.29
0.217 9876.52
0.222 9873.47
0.224 9873.43
0.224 9872.91
0.274 9852.08
0.275 9843.97
0.281 9823.44
0.282 9816.56
0.285 9815.45
0.325 9811.46
0.325 9811.09
0.329 9810.31
0.33 9809.52
0.334 9805.98
0.334 9804.49
0.337 9789.56
0.338 9788.94
0.462 9786.86
0.463 9786.6
0.465 9786.44
0.554 9783.62
0.557 9774.16
0.557 9769.99
0.571 9752.36
0.572 9750.91
0.572 9746.31
0.577 9741.59
0.595 9741.47
0.595 9739.74
0.598 9737.75
0.606 9736.47
0.607 9733.13
1.429 9732.14
1.641 9731.98
2.031 9727.8
2.033 9725.41
2.034 9721.92
2.035 9719.82
2.037 9715.17
2.039 9714.63
2.041 9700.22
2.415 9695.71
2.417 9689.5
2.418 9687.72
2.418 9684.99
2.586 9675.22
2.587 9672.97
2.588 9672.04
2.589 9668.74
2.59 9668.3
2.993 9667.34
2.996 9656.53
2.996 9654.07
3.13 9646.4
3.142 9641
3.143 9638.47
4.235 9636.24
4.235 9633.73
4.238 9631.63
5.202 9630.07
5.203 9629.18
5.206 9627.87
5.292 9626.76
5.373 9621.24
5.374 9619.84
5.375 9617.73
5.376 9614.06
5.39 9613.67
5.488 9613.09
5.492 9612.09
5.503 9608.82
6.7 9608.6
6.705 9608.27
6.708 9608.01
7.522 9601.37
7.523 9599.72
7.529 9599.11
14.183 9596.85
14.218 9596.68
14.219 9596.63
14.283 9591.74
14.298 9591.21
14.307 9588.99
14.318 9586.58
14.939 9583.99
14.94 9582.28
14.941 9581.82
14.946 9580.58
15.123 9580.09
15.126 9580.02
15.133 9579.61
15.141 9579.33
15.149 9578.98
15.204 9577.04
15.21 9576.27
15.215 9575.15
20.858 9571.13
20.859 9570.99
20.86 9570.92
20.882 9570.19
26.091 9565.95
26.228 9564.3
26.325 9564.14
26.328 9563.19
28.138 9562.56
28.198 9562.02
28.506 9562
28.711 9555.17
28.717 9554.56
28.726 9554.51
28.727 9554.32
28.728 9551.53
28.743 9551.39
28.746 9546.32
