0.092 3943.17
0.092 3942.11
0.092 3940.59
0.092 3940.31
0.093 3921.74
0.093 3916.53
0.094 3897.63
0.094 3865.83
0.095 3860.02
0.096 3847.79
0.096 3844.33
0.098 3840.3
0.1 3805.13
0.102 3803.02
0.103 3790.72
0.119 3789.64
0.119 3785
0.12 3782.08
0.123 3779.72
0.129 3769.33
0.136 3767.43
0.14 3757.98
0.14 3757.92
0.141 3754.34
0.141 3754.05
0.143 3749.05
0.147 3739.98
0.148 3719.65
0.148 3715.73
0.151 3711.19
0.152 3710.48
0.152 3702.16
0.153 3693.71
0.161 3691.94
0.309 3691.7
0.31 3689.27
0.381 3680.5
0.383 3675.75
0.384 3673.41
0.421 3672.47
0.422 3670.78
0.503 3668.69
0.503 3667.82
0.505 3665.25
0.516 3665.13
0.517 3665.05
0.544 3664.22
0.546 3662.57
0.547 3650.8
0.549 3650.63
0.549 3648.6
0.55 3645.23
0.551 3632.26
0.551 3625.99
0.551 3623.14
0.554 3622.24
0.568 3618.75
0.568 3613.34
0.568 3612.67
0.57 3612.52
0.581 3609.2
0.624 3603.02
0.625 3602.83
0.626 3601.02
0.716 3600.22
0.716 3591.75
0.719 3584.76
1.18 3582.9
1.182 3581.52
1.344 3581.13
6.235 3580.16
6.236 3577.8
9.191 3577.8
9.192 3577.57
9.201 3577.05
9.204 3575.69
11.586 3575.63
16.867 3574.93
19.007 3574.83
22.455 3574.78
29.645 3574.2
30.768 3573.5
