0.091 3962.98
0.091 3946.52
0.091 3924.92
0.091 3920.46
0.092 3918.22
0.092 3911.53
0.092 3910.88
0.093 3890.73
0.093 3875.81
0.094 3853.28
0.094 3850.78
0.094 3845.13
0.095 3841.12
0.096 3837.85
0.097 3826.56
0.101 3783.79
0.102 3781.32
0.102 3774.38
0.115 3774.2
0.116 3774.08
0.12 3768.94
0.121 3755.63
0.124 3754.17
0.125 3751.52
0.125 3751.12
0.126 3746.68
0.128 3745.5
0.129 3743.61
0.137 3740.63
0.138 3738.79
0.138 3738.15
0.139 3737.6
0.14 3732.18
0.14 3730.38
0.145 3720.56
0.157 3717.63
0.157 3716.63
0.158 3710.66
0.16 3709.99
0.17 3695.28
0.191 3682.74
0.195 3672.44
0.201 3664.54
0.204 3660.98
0.206 3659.26
0.206 3659.11
0.231 3655.48
0.237 3647.44
0.238 3642.76
0.24 3641.95
0.24 3637.58
0.247 3632.41
0.247 3632.12
0.25 3627.01
0.25 3626.13
0.264 3625.88
0.265 3620.1
0.265 3620.09
0.323 3617.25
0.324 3615.01
0.327 3614.51
0.352 3613.52
0.353 3613.32
0.353 3610.83
0.358 3610.38
0.359 3606.81
0.36 3604.32
0.36 3603.04
0.428 3601.71
0.429 3601.03
0.431 3600.01
0.472 3595.79
0.473 3594.5
0.544 3592.79
0.546 3592.67
0.548 3587.01
0.573 3584.97
0.574 3584.72
0.576 3579.83
0.58 3576.88
0.583 3574.45
1.561 3574.35
1.566 3568.58
1.876 3567.67
3.175 3564.67
3.754 3563.55
3.998 3563.19
4.005 3561.77
6.225 3560.82
6.326 3560.16
6.394 3556.86
10.63 3555.69
10.786 3555.22
11.113 3552.88
11.114 3552.78
11.132 3552.66
14.164 3552.21
14.643 3551.53
