0.027 3926.51
0.028 3889.27
0.028 3869.12
0.029 3842.76
0.029 3836.07
0.029 3835.89
0.03 3831.34
0.03 3826.13
0.031 3820.96
0.032 3818.78
0.033 3801.51
0.033 3788.5
0.034 3783.07
0.034 3776.1
0.036 3759.22
0.036 3758.8
0.037 3758.53
0.038 3757.47
0.039 3757.12
0.042 3755.4
0.043 3754.65
0.045 3754.6
0.045 3752.81
0.046 3751.33
0.046 3750.91
0.046 3748.72
0.049 3745.99
0.05 3742.72
0.099 3741.2
0.101 3732.59
0.104 3732.04
0.126 3729.87
0.128 3722.8
0.13 3722.62
0.135 3722.44
0.139 3711.33
0.139 3700.75
0.14 3698.38
0.154 3682.35
0.154 3676.67
0.155 3672.64
0.161 3672.59
0.162 3665.06
0.172 3659.97
0.177 3656.19
0.18 3655.78
0.18 3651.02
0.186 3646.6
0.187 3635.6
0.19 3631.88
0.191 3631.73
0.194 3627.79
0.194 3624.88
0.194 3624.29
0.199 3617.75
0.2 3614.13
0.2 3612.51
0.201 3611.05
0.209 3609.7
0.212 3608.03
0.212 3603.01
0.356 3601.84
0.357 3597.75
0.363 3596.58
0.604 3591.78
0.608 3590.96
0.612 3590.81
0.614 3588.58
0.631 3574.53
0.735 3572.11
0.822 3571.94
1.026 3569.84
1.026 3568.77
1.658 3564.19
4.437 3563.97
7.472 3561.6
7.511 3559.25
8.044 3557.6
8.05 3557.51
8.299 3557.02
11.147 3552.97
11.153 3552.85
11.264 3552.3
11.7 3551.74
15.551 3551.11
15.602 3550.99
15.786 3547.72
15.798 3547.6
19.219 3547.03
19.233 3546.92
23.687 3546.49
