0.09 3968.8
0.091 3911.86
0.091 3904.45
0.091 3899.03
0.092 3880.4
0.093 3850.83
0.093 3849.31
0.093 3844.59
0.094 3842.35
0.095 3841.29
0.095 3832.99
0.099 3826.14
0.1 3823.22
0.103 3810.88
0.104 3809.53
0.105 3807.79
0.105 3807.37
0.107 3790.64
0.108 3781.78
0.111 3779.21
0.111 3777.86
0.112 3773.94
0.113 3773.88
0.119 3767.37
0.126 3759.82
0.128 3758.58
0.143 3710.66
0.149 3709.69
0.15 3699.88
0.153 3696.16
0.157 3677.81
0.162 3674.73
0.183 3674.17
0.189 3672.29
0.192 3671.51
0.193 3668.34
0.194 3667.24
0.197 3665.18
0.198 3664.84
0.238 3664.81
0.239 3663.99
0.241 3659.2
0.242 3658.46
0.245 3655.62
0.246 3655.57
0.248 3642.87
0.249 3642.63
0.249 3639.33
0.281 3632.78
0.297 3623.68
0.33 3615.25
0.331 3611.61
0.349 3610.68
0.544 3610.57
0.545 3605.55
1.061 3598.96
1.117 3597.55
1.126 3588.87
1.13 3587.8
2.3 3587.23
2.303 3586.15
3.063 3583.92
3.329 3579.25
3.331 3576.93
4.251 3574.8
4.328 3569.91
4.329 3566.43
4.35 3565.94
4.421 3565.87
4.434 3564.84
4.437 3563.79
5.728 3557.63
7.275 3555.92
7.282 3555.89
7.283 3554.89
7.284 3554.34
7.297 3551.2
7.299 3550.2
7.326 3549.06
7.327 3547.56
