0.004 14213
0.004 14212
0.009 14180
0.014 14162
0.014 14146
0.017 14123
0.018 14103
0.022 14077
0.023 14030
0.023 14028
0.029 14001
0.035 13969
0.036 13962
0.037 13961
0.041 13946
0.046 13943
0.047 13939
0.047 13934
0.106 13929
0.107 13926
0.107 13924
0.107 13921
0.107 13917
0.147 13913
0.147 13891
0.148 13888
0.151 13876
0.151 13871
0.154 13864
0.154 13856
0.172 13855
0.194 13836
0.194 13828
0.287 13817
0.29 13810
0.303 13805
0.417 13793
0.418 13778
0.431 13739
0.431 13737
0.973 13727
0.974 13725
7.999 13720
8.001 13715
9.954 13692
12.579 13690
14.497 13689
15.009 13679
15.74 13673
16.08 13670
16.082 13668
16.084 13667
16.087 13666
