0.062 61451
0.063 61375
0.063 61360
0.064 61283
0.065 61279
0.065 61267
0.065 61257
0.066 61232
0.067 61124
0.068 61099
0.068 61053
0.069 61019
0.069 61011
0.069 61004
0.07 61000
0.07 60981
0.071 60930
0.071 60920
0.071 60906
0.072 60798
0.072 60773
0.073 60770
0.074 60745
0.075 60661
0.075 60643
0.076 60629
0.076 60614
0.079 60609
0.079 60606
0.079 60590
0.08 60555
0.081 60541
0.081 60536
0.082 60533
0.084 60529
0.084 60527
0.086 60516
0.086 60419
0.086 60384
0.09 60370
0.093 60339
0.095 60324
0.095 60316
0.096 60306
0.096 60297
0.096 60285
0.097 60260
0.098 60257
0.099 60254
0.101 60246
0.103 60244
0.103 60226
0.104 60215
0.106 60204
0.107 60197
0.12 60132
0.121 60106
0.122 60057
0.128 60048
0.132 60044
0.145 60041
0.146 60012
0.149 59979
0.169 59971
0.17 59954
0.582 59940
0.584 59901
0.851 59889
0.852 59878
0.854 59872
0.908 59864
0.908 59851
0.909 59831
0.969 59824
1.053 59817
1.053 59811
1.056 59766
1.056 59762
1.061 59761
1.062 59759
1.064 59699
1.065 59692
1.066 59679
1.068 59632
1.069 59628
1.071 59580
1.073 59575
1.073 59547
1.074 59535
1.198 59499
1.198 59491
1.2 59486
1.201 59482
1.239 59470
1.241 59416
1.256 59385
1.261 59370
1.262 59363
1.262 59357
1.274 59353
1.276 59307
5.331 59288
5.333 59275
5.333 59272
5.335 59264
5.336 59244
5.337 59239
6.636 59237
7.121 59227
7.232 59217
7.236 59207
7.25 59180
7.251 59147
7.251 59104
7.252 59101
7.253 59094
7.384 59089
7.391 59069
7.622 59047
7.623 59042
7.628 59041
7.63 59026
10.915 59013
10.916 59008
10.918 59000
11.036 58986
11.036 58953
11.515 58951
11.522 58945
11.53 58944
11.534 58917
11.544 58859
13.992 58848
14.023 58836
14.024 58829
14.454 58802
14.459 58798
14.46 58778
14.48 58777
14.482 58774
14.482 58755
14.483 58752
14.488 58729
14.49 58726
14.49 58711
14.498 58703
14.524 58699
14.532 58697
14.533 58685
14.534 58656
14.534 58643
14.542 58618
14.543 58614
14.544 58606
14.545 58601
14.546 58589
14.549 58588
14.552 58576
14.569 58568
19.152 58555
19.166 58544
19.167 58539
19.17 58535
19.177 58525
19.179 58508
19.187 58495
19.188 58493
20.011 58485
20.013 58478
20.015 58473
20.017 58451
20.089 58447
20.091 58446
20.094 58438
20.533 58414
20.548 58398
20.556 58396
20.557 58395
20.558 58394
20.562 58375
21.104 58362
21.105 58355
21.113 58354
21.119 58353
21.614 58347
25.049 58343
25.056 58335
25.071 58326
25.08 58325
25.615 58300
25.616 58299
25.651 58298
25.653 58292
25.658 58289
25.66 58285
25.662 58281
25.667 58279
25.672 58275
27.461 58272
28.185 58265
28.195 58262
28.198 58260
28.233 58259
28.234 58258
28.242 58254
28.243 58249
28.401 58246
28.403 58243
28.417 58230
31.591 58222
31.598 58219
31.602 58218
31.603 58217
31.612 58216
32.556 58215
32.556 58212
32.567 58209
32.569 58206
32.57 58203
32.588 58202
32.593 58197
32.602 58183
32.616 58182
32.653 58181
32.653 58180
32.664 58165
32.681 58161
35.117 58160
35.132 58156
35.159 58154
35.167 58153
35.182 58152
35.2 58134
35.213 58132
35.248 58127
36.537 58119
36.542 58118
36.55 58115
36.696 58108
36.721 58107
37.574 58105
37.585 58104
37.586 58102
38.29 58097
38.306 58092
38.92 58089
39.225 58088
39.404 58085
39.427 58082
39.439 58080
40.432 58079
40.442 58078
40.467 58077
40.486 58076
41.278 58073
41.559 58070
41.578 58066
41.811 58065
41.816 58063
41.822 58060
42.056 58056
42.089 58054
