0.003 36135
0.004 36092
0.024 36063
0.025 36000
0.025 35997
0.028 35970
0.033 35934
0.033 35821
0.034 35783
0.05 35742
0.05 35728
0.052 35713
0.053 35712
0.053 35630
0.054 35586
0.06 35423
0.061 35413
0.067 35360
0.071 35323
0.071 35293
0.072 35285
0.072 35275
0.073 35255
0.074 35246
0.075 35244
0.076 35215
0.076 35205
0.087 35168
0.09 35167
0.092 35165
0.143 35085
0.144 35071
0.146 35010
0.153 34994
0.157 34988
0.167 34969
0.168 34947
0.194 34911
0.195 34897
0.199 34880
0.397 34847
0.398 34835
0.486 34833
0.488 34819
0.49 34818
0.491 34811
0.495 34809
0.496 34805
0.496 34800
0.499 34787
0.525 34775
0.533 34759
1.187 34731
3.396 34730
3.397 34718
4.886 34702
4.893 34673
4.893 34653
4.909 34648
4.914 34637
7.12 34615
9.888 34613
10.199 34611
10.21 34592
19.439 34582
19.445 34581
19.455 34577
29.71 34574
32.673 34569
32.74 34567
34.672 34559
