0.004 14149
0.004 14148
0.004 14114
0.005 14112
0.006 14081
0.006 14080
0.01 14073
0.012 14060
0.013 14050
0.014 14048
0.014 14043
0.02 14036
0.024 14009
0.028 14005
0.055 14001
0.056 13989
0.057 13986
0.058 13976
0.059 13975
0.059 13943
0.062 13924
0.063 13911
0.063 13890
0.113 13873
0.129 13864
0.136 13862
0.137 13861
0.138 13850
0.141 13835
0.17 13829
0.171 13796
0.177 13788
0.183 13787
0.184 13771
0.224 13751
4.392 13749
4.743 13748
5.942 13745
5.942 13728
7.377 13715
7.378 13709
8.215 13681
8.216 13669
11.098 13668
18.445 13667
18.724 13656
19.329 13653
19.33 13652
19.462 13646
19.589 13645
19.592 13635
