0.004 37324
0.008 37307
0.008 37299
0.009 37282
0.011 37154
0.012 36862
0.017 36817
0.018 36786
0.019 36654
0.022 36653
0.13 36642
0.133 36608
0.136 36574
0.137 36567
0.138 36564
0.138 36563
0.14 36558
0.15 36552
0.379 36548
0.383 36547
0.741 36527
0.842 36513
0.936 36503
0.94 36489
0.941 36465
0.944 36441
3.207 36417
3.211 36413
3.386 36398
3.425 36394
8.1 36383
8.101 36375
8.103 36370
8.103 36351
8.104 36343
8.109 36342
8.115 36314
8.173 36313
9.211 36305
9.238 36280
9.24 36276
11.545 36274
18.284 36265
18.286 36262
18.287 36261
18.292 36253
18.356 36244
24.819 36239
25.171 36238
25.188 36235
27.822 36230
27.823 36225
27.827 36224
27.828 36223
27.927 36219
