0.002 23013
0.003 22943
0.004 22888
0.006 22866
0.008 22833
0.011 22743
0.017 22699
0.024 22652
0.026 22586
0.026 22510
0.027 22509
0.029 22396
0.03 22367
0.03 22355
0.031 22354
0.033 22287
0.033 22193
0.048 22184
0.049 22169
0.051 22165
0.051 22123
0.153 22111
0.218 22104
0.235 22101
0.238 22086
0.291 22085
0.3 22083
0.307 22067
0.338 22044
0.966 22041
1.36 22029
1.361 22012
1.373 22008
1.396 21988
1.455 21987
1.655 21983
1.656 21982
4.34 21968
4.703 21965
5.639 21964
8.052 21959
8.053 21958
14.433 21955
15.632 21954
19.385 21952
19.387 21951
