0.004 10247
0.005 10196
0.005 10192
0.005 10187
0.005 10151
0.006 10122
0.006 10116
0.006 10080
0.007 10065
0.007 10058
0.007 10053
0.031 10052
0.032 10012
0.032 10003
0.033 9967
0.033 9966
0.034 9964
0.034 9962
0.035 9949
0.036 9943
0.036 9932
0.037 9901
0.072 9898
0.073 9895
0.076 9891
0.105 9880
0.111 9862
0.112 9840
0.112 9828
0.113 9827
0.114 9812
0.128 9799
0.131 9787
0.134 9778
0.134 9772
0.134 9765
0.144 9757
0.152 9735
0.16 9725
0.164 9710
0.169 9698
0.173 9678
0.282 9676
0.285 9659
0.286 9656
0.317 9638
0.32 9633
0.514 9624
0.598 9610
0.603 9605
0.809 9594
0.81 9593
0.816 9585
0.87 9579
0.871 9559
0.88 9553
0.881 9546
0.888 9534
4.879 9528
9.304 9523
9.328 9520
9.373 9518
9.418 9515
12.773 9514
12.892 9511
12.896 9510
12.976 9509
14.917 9508
14.947 9507
14.97 9505
20.181 9504
20.304 9501
23.869 9499
