0.006 30121
0.006 30101
0.007 29947
0.008 29891
0.009 29856
0.009 29855
0.009 29853
0.009 29833
0.01 29792
0.01 29788
0.01 29762
0.012 29735
0.012 29721
0.013 29551
0.014 29537
0.014 29518
0.015 29504
0.016 29438
0.017 29416
0.018 29316
0.018 29305
0.019 29300
0.02 29146
0.021 29103
0.022 29100
0.023 29098
0.025 29084
0.029 29031
0.033 29020
0.034 29012
0.039 28987
0.04 28974
0.043 28953
0.174 28930
0.175 28853
0.176 28850
0.463 28826
0.463 28788
0.464 28764
0.483 28762
0.487 28742
0.489 28713
0.86 28710
0.863 28686
0.864 28675
0.867 28641
2.014 28618
2.033 28605
3.063 28579
3.063 28573
3.064 28546
3.101 28512
3.102 28500
3.107 28498
3.108 28493
3.11 28482
3.126 28470
3.129 28468
3.17 28463
3.171 28459
3.184 28451
3.186 28448
3.189 28445
12.876 28442
12.878 28434
12.983 28433
13.068 28424
13.072 28411
13.081 28400
13.082 28392
13.084 28384
13.092 28382
14.267 28377
14.335 28370
14.338 28349
14.339 28344
14.342 28343
14.344 28342
23.54 28341
24.249 28340
24.315 28329
24.344 28324
24.415 28323
24.421 28321
24.467 28319
24.494 28317
25.47 28315
26.929 28314
26.936 28312
27.07 28309
27.083 28308
27.152 28304
