0.006 65782
0.006 65763
0.007 65728
0.008 65666
0.012 65661
0.012 65621
0.015 65598
0.019 65586
0.022 65580
0.035 65572
0.097 65568
0.097 65530
0.098 65499
0.099 65472
0.106 65439
0.107 65429
0.108 65416
0.109 65403
0.109 65400
0.109 65391
0.125 65374
0.125 65351
0.127 65290
0.129 65285
0.187 65234
0.188 65223
0.19 65166
0.196 65152
0.199 65135
0.204 65132
0.204 65092
0.208 65074
0.208 65063
0.208 65047
0.213 65043
0.37 65040
0.374 65016
0.376 65015
0.378 64980
0.38 64967
0.396 64945
0.398 64922
0.403 64901
0.429 64891
0.446 64847
0.672 64822
0.673 64807
0.805 64783
0.807 64777
0.808 64776
0.901 64774
0.911 64757
0.913 64750
0.915 64726
2.147 64704
2.148 64690
2.149 64672
2.151 64605
2.848 64594
2.865 64586
2.866 64571
3.574 64565
3.575 64552
3.576 64546
3.609 64499
3.61 64494
3.9 64485
3.902 64481
3.902 64474
10.982 64468
10.996 64464
11.001 64463
11.348 64461
11.348 64455
11.349 64448
11.354 64440
11.355 64429
11.355 64418
11.363 64416
12.424 64414
12.425 64387
13.432 64374
15.717 64363
15.717 64359
16.203 64351
16.204 64334
16.221 64319
16.247 64317
22.636 64316
22.64 64313
22.645 64308
22.679 64304
22.927 64299
23.092 64290
28.618 64276
28.622 64274
28.65 64272
28.856 64271
28.892 64270
28.905 64267
28.92 64264
29.042 64252
29.057 64245
29.063 64243
29.203 64241
31.092 64234
31.167 64230
31.173 64229
31.199 64225
