0.006 17309
0.006 17272
0.007 17223
0.007 17220
0.007 17207
0.008 17146
0.009 16861
0.01 16831
0.01 16796
0.011 16790
0.011 16738
0.013 16712
0.019 16695
0.019 16688
0.026 16570
0.028 16544
0.03 16524
0.035 16468
0.036 16465
0.036 16433
0.036 16421
0.037 16361
0.047 16340
0.048 16328
0.049 16324
0.05 16307
0.057 16300
0.095 16294
0.096 16288
0.097 16283
0.102 16271
0.103 16255
0.152 16244
0.159 16241
0.16 16237
0.257 16234
0.258 16232
0.334 16190
0.398 16182
0.468 16178
0.468 16170
0.469 16164
0.469 16152
0.471 16145
0.487 16102
0.488 16098
0.49 16090
0.492 16069
0.493 16054
5.818 16041
5.873 16039
10.986 16034
11.149 16032
11.534 16027
11.567 16025
11.618 16016
18.759 16014
