0.004 17318
0.005 17282
0.005 17271
0.006 17270
0.006 17268
0.008 17248
0.009 17247
0.009 17216
0.01 17214
0.012 17167
0.013 17143
0.013 17142
0.013 17116
0.037 16922
0.037 16921
0.038 16836
0.039 16788
0.04 16778
0.047 16777
0.049 16743
0.05 16719
0.055 16655
0.056 16638
0.066 16592
0.1 16590
0.103 16588
0.104 16586
0.107 16585
0.108 16563
0.11 16529
0.119 16504
0.119 16493
0.121 16472
0.138 16447
0.139 16434
0.141 16428
0.142 16412
6.101 16398
6.625 16379
6.628 16378
7.102 16368
13.367 16364
13.371 16362
13.436 16356
14.167 16335
14.18 16330
14.264 16329
16.122 16328
