0.005 22946
0.005 22897
0.006 22871
0.006 22832
0.007 22831
0.007 22817
0.009 22753
0.01 22729
0.01 22711
0.012 22705
0.012 22702
0.012 22696
0.018 22312
0.019 22311
0.027 22308
0.029 22299
0.029 22298
0.031 22296
0.031 22291
0.033 22268
0.034 22265
0.034 22257
0.035 22250
0.036 22241
0.038 22232
0.038 22228
0.042 22202
0.043 22194
0.043 22192
0.101 22164
0.101 22163
0.102 22153
0.102 22150
0.103 22110
0.104 22104
0.104 22097
0.106 22022
0.107 22013
0.108 21967
0.11 21950
0.11 21863
0.111 21862
0.155 21822
0.156 21803
0.156 21782
0.157 21761
0.176 21755
0.18 21705
0.183 21660
0.207 21648
0.209 21639
0.362 21590
0.363 21589
0.395 21582
0.395 21546
0.396 21545
0.397 21544
0.4 21537
0.401 21514
0.469 21512
0.47 21507
0.471 21476
0.478 21437
0.478 21420
0.488 21410
0.492 21403
0.541 21390
0.543 21388
0.59 21382
0.591 21373
0.998 21367
0.999 21360
0.999 21345
1.186 21341
6.738 21335
6.738 21334
9.06 21331
9.061 21326
9.063 21325
9.067 21324
9.068 21322
9.1 21308
9.317 21299
9.319 21295
9.322 21290
12.544 21284
15.889 21283
15.917 21281
21.555 21280
21.652 21265
23.306 21255
23.312 21247
26.851 21244
27.055 21235
27.074 21230
27.099 21228
33.634 21227
33.646 21206
33.648 21205
