0.004 46414
0.005 46208
0.005 46203
0.006 46191
0.007 46156
0.008 46124
0.01 46095
0.01 46088
0.012 46077
0.012 46067
0.018 46053
0.019 46018
0.02 46007
0.021 46006
0.035 45998
0.037 45989
0.037 45980
0.045 45936
0.084 45934
0.085 45927
0.093 45830
0.094 45361
0.099 45345
0.099 45342
0.1 45332
0.101 45321
0.102 45216
0.104 45207
0.107 45204
0.129 45190
0.129 45182
0.156 45173
0.174 45157
0.175 45126
0.223 45122
0.223 45058
0.313 45051
0.318 45050
0.318 45034
0.324 45026
0.332 45024
0.342 45021
0.344 45015
0.838 44997
0.849 44987
2.854 44981
2.857 44958
2.859 44943
2.893 44910
2.895 44907
7.081 44887
11.388 44881
11.477 44873
12.315 44864
12.61 44859
12.62 44857
12.621 44854
12.627 44845
12.637 44840
12.639 44838
15.014 44830
16.397 44829
16.4 44815
17.377 44813
17.378 44811
17.379 44809
17.392 44806
17.464 44805
17.468 44792
17.475 44783
23.519 44780
24.056 44779
24.061 44777
24.065 44775
24.086 44769
24.094 44768
24.189 44764
24.483 44762
24.531 44760
24.798 44759
25.244 44750
25.568 44746
27.714 44739
27.719 44736
31.123 44732
31.168 44731
32.692 44730
