0.005 22815
0.006 22806
0.006 22804
0.006 22794
0.008 22747
0.008 22746
0.008 22726
0.011 22645
0.013 22642
0.016 22399
0.019 22396
0.02 22390
0.02 22363
0.025 22353
0.027 22249
0.028 21911
0.028 21909
0.029 21892
0.029 21889
0.032 21855
0.036 21829
0.037 21805
0.038 21804
0.039 21802
0.039 21797
0.043 21710
0.046 21700
0.046 21698
0.047 21679
0.072 21662
0.075 21595
0.08 21592
0.081 21591
0.086 21560
0.086 21547
0.087 21545
0.088 21541
0.197 21527
0.234 21469
0.235 21466
0.237 21463
0.239 21420
0.24 21408
0.865 21404
0.915 21402
0.992 21399
1 21385
1.002 21384
1.006 21378
1.008 21372
1.009 21365
1.62 21353
5.247 21341
5.505 21336
5.505 21330
6.196 21327
6.197 21323
6.207 21322
10.981 21315
10.982 21300
11.013 21299
11.013 21295
13.773 21285
19.528 21276
19.541 21266
19.557 21265
21.907 21260
21.907 21254
25.686 21248
25.783 21247
25.785 21242
25.788 21236
