0.005 22824
0.005 22821
0.005 22801
0.006 22741
0.007 22724
0.008 22723
0.008 22710
0.008 22681
0.008 22674
0.009 22658
0.01 22656
0.029 22645
0.031 22643
0.032 22631
0.035 22628
0.035 22626
0.038 22537
0.038 22513
0.044 22484
0.046 22478
0.046 22469
0.047 22462
0.059 22428
0.06 22417
0.061 22405
0.062 22383
0.062 22313
0.064 22295
0.065 22292
0.065 22287
0.067 22276
0.068 22267
0.069 22259
0.07 22258
0.071 22248
0.072 22198
0.074 22193
0.078 22192
0.078 22189
0.08 22155
0.083 22087
0.086 21998
0.087 21983
0.088 21970
0.09 21962
0.113 21874
0.118 21825
0.119 21749
0.12 21747
0.121 21721
0.122 21711
0.123 21681
0.123 21628
0.124 21594
0.126 21577
0.134 21558
0.134 21543
0.135 21540
0.136 21516
0.137 21514
0.14 21469
0.143 21468
0.146 21429
0.148 21425
0.152 21423
0.156 21407
0.156 21401
0.157 21398
0.306 21381
0.444 21379
1.36 21375
1.546 21362
1.547 21361
3.197 21356
3.782 21331
3.786 21327
3.903 21319
10.175 21296
10.187 21287
10.189 21284
10.194 21281
10.196 21277
10.198 21275
10.201 21264
22.607 21252
24.951 21248
27.652 21214
27.663 21213
27.723 21207
27.746 21206
27.749 21198
27.75 21196
27.756 21193
27.758 21188
27.765 21184
27.786 21182
27.958 21178
27.982 21175
27.991 21174
27.993 21173
27.996 21172
28.134 21167
28.135 21166
28.198 21162
28.202 21160
30.053 21157
30.896 21153
30.897 21148
31.242 21147
31.251 21141
31.258 21137
31.265 21136
31.268 21133
31.839 21131
31.847 21124
32.062 21122
32.102 21118
