0.008 76452
0.01 76397
0.011 76314
0.012 76307
0.013 76283
0.014 76260
0.014 76258
0.015 76246
0.017 76242
0.02 76204
0.021 76196
0.021 76168
0.038 76081
0.038 76078
0.043 76023
0.044 75772
0.044 75753
0.061 75687
0.063 75683
0.063 75677
0.066 75670
0.067 75647
0.075 75617
0.076 75460
0.087 75367
0.102 75363
0.104 75358
0.104 75343
0.111 75305
0.111 75262
0.112 75153
0.114 75147
0.116 75142
0.119 75133
0.119 75122
0.139 75118
0.141 75093
0.142 75023
0.49 75020
0.492 75017
0.5 75005
0.5 75002
0.503 74998
0.505 74976
0.506 74963
0.507 74956
0.576 74775
0.577 74755
0.58 74693
0.637 74686
0.704 74681
0.704 74662
0.708 74647
0.708 74645
0.713 74616
0.722 74593
0.726 74585
0.741 74549
1.05 74537
3.371 74531
3.388 74513
3.39 74492
3.672 74485
3.679 74483
3.679 74475
3.789 74459
3.793 74458
3.793 74453
3.808 74450
3.812 74449
3.813 74441
3.819 74434
3.819 74429
3.82 74422
3.827 74412
3.853 74372
3.855 74365
5.78 74334
5.781 74322
5.781 74319
5.782 74315
5.805 74313
5.807 74296
5.808 74282
5.81 74281
5.811 74275
5.821 74273
5.821 74257
5.823 74256
6.79 74240
6.803 74228
6.83 74227
6.832 74224
6.834 74222
6.839 74220
6.839 74218
8.1 74190
8.551 74189
8.553 74182
8.554 74160
8.557 74140
8.56 74138
8.563 74137
8.566 74115
8.768 74109
8.768 74100
8.77 74090
8.777 74077
8.814 74072
8.83 74047
8.83 74045
8.833 74032
8.834 74028
8.835 74024
8.836 74019
8.838 74009
8.84 74008
8.84 74007
8.841 74006
8.845 74002
9.245 73980
9.248 73976
16.247 73974
16.248 73973
16.249 73967
16.251 73952
16.252 73944
18.439 73943
18.59 73933
24.074 73930
24.075 73928
24.582 73926
24.633 73921
24.66 73916
24.664 73914
24.675 73911
24.678 73910
24.704 73909
24.731 73907
24.735 73900
28.02 73898
28.071 73897
28.076 73893
28.083 73890
30.077 73888
30.088 73882
30.11 73881
30.112 73874
31.226 73863
31.237 73862
31.705 73861
31.837 73860
31.856 73858
33.945 73856
34.06 73846
34.186 73844
34.297 73841
34.299 73838
34.319 73837
34.321 73832
34.325 73827
