0.008 62688
0.008 62679
0.009 62570
0.01 62568
0.014 62551
0.016 62516
0.016 62512
0.019 62508
0.021 62246
0.051 62241
0.052 62235
0.079 62217
0.079 62182
0.08 62181
0.08 62163
0.097 62141
0.098 62137
0.104 62131
0.11 62121
0.111 62117
0.143 62110
0.144 62103
0.144 62101
0.146 62094
0.148 62073
0.149 62067
1.535 62056
1.537 62046
1.537 62044
1.552 62030
1.945 62008
2.882 61987
2.882 61964
3.447 61939
7.836 61867
10.655 61866
10.655 61863
10.659 61859
17.581 61858
17.588 61839
18.114 61833
18.118 61825
18.122 61818
18.123 61806
18.156 61791
18.162 61788
23.262 61774
23.264 61757
24.571 61741
24.58 61737
24.596 61711
24.598 61708
28.279 61706
31.98 61698
31.981 61695
31.985 61694
32.06 61692
32.293 61680
32.301 61674
32.308 61673
32.309 61671
35.37 61660
35.371 61659
35.373 61654
41.072 61653
41.179 61652
41.188 61651
41.191 61649
41.492 61647
41.551 61645
41.552 61638
45.392 61637
46.043 61633
47.232 61631
47.243 61630
49.102 61629
49.106 61622
49.11 61618
49.111 61617
49.115 61615
49.13 61613
50.351 61597
50.395 61596
50.404 61595
50.481 61594
50.491 61593
50.595 61591
50.604 61589
50.606 61588
50.883 61586
50.95 61585
51.419 61584
51.48 61579
