0.008 27067
0.009 27009
0.009 27000
0.009 26904
0.01 26895
0.01 26890
0.011 26888
0.011 26831
0.012 26826
0.012 26824
0.012 26796
0.013 26781
0.013 26759
0.014 26740
0.014 26735
0.014 26731
0.014 26729
0.017 26687
0.02 26682
0.022 26667
0.023 26652
0.059 26568
0.074 26563
0.074 26541
0.078 26504
0.079 26451
0.08 26426
0.08 26404
0.081 26389
0.081 26360
0.083 26325
0.085 26323
0.087 26301
0.088 26278
0.089 26271
0.091 26259
0.092 26219
0.097 26207
0.097 26203
0.1 26200
0.101 26181
0.108 26117
0.113 26058
0.227 26044
0.234 26026
0.237 26024
0.244 25986
0.252 25983
0.252 25938
0.35 25929
0.35 25832
0.351 25823
0.517 25789
0.518 25765
0.518 25738
0.594 25713
0.683 25684
0.683 25674
0.694 25671
0.79 25664
0.791 25642
0.915 25612
2.035 25611
2.037 25608
2.184 25586
4.402 25579
4.402 25571
4.406 25556
4.407 25535
17.27 25533
17.272 25532
17.275 25531
19.079 25522
24.036 25500
24.047 25492
24.152 25485
24.154 25481
24.185 25477
24.19 25476
24.255 25475
24.353 25454
24.36 25445
24.382 25443
24.385 25442
24.406 25441
24.411 25430
24.412 25429
24.414 25417
25.948 25382
26.082 25381
26.088 25373
27.334 25369
27.655 25366
27.678 25365
27.694 25359
27.71 25351
27.752 25350
27.857 25347
