0.009 36014
0.009 35990
0.01 35955
0.01 35949
0.012 35885
0.013 35764
0.015 35576
0.016 35571
0.017 35548
0.021 35513
0.023 35480
0.024 35477
0.026 35429
0.028 35418
0.028 35401
0.029 35391
0.03 35344
0.035 35184
0.036 35140
0.037 35068
0.037 35066
0.038 35054
0.041 35052
0.046 35045
0.049 35034
0.067 35019
0.068 35013
0.081 35011
0.085 35009
0.086 35002
0.1 34982
0.101 34967
0.102 34908
0.105 34872
0.114 34856
0.13 34770
0.131 34754
0.132 34733
0.132 34722
0.142 34701
0.523 34671
0.524 34666
0.56 34646
0.561 34645
0.561 34617
0.562 34616
0.639 34599
0.729 34581
0.729 34550
0.735 34543
0.741 34507
0.742 34468
0.743 34467
3.51 34463
3.525 34451
3.527 34449
4.806 34446
4.857 34436
4.858 34410
6.206 34406
6.243 34405
6.245 34368
6.246 34364
6.251 34350
6.251 34338
6.252 34323
6.257 34320
6.268 34316
8.367 34313
8.368 34310
8.369 34288
9.585 34287
9.683 34270
9.685 34250
10.121 34222
10.142 34213
10.145 34196
10.146 34181
10.149 34155
10.15 34153
15.705 34145
15.71 34131
15.714 34122
16.179 34119
16.241 34116
16.671 34109
16.671 34094
16.672 34090
16.793 34075
16.794 34072
16.794 34066
17.061 34060
21.495 34056
21.58 34049
21.585 34047
21.588 34042
21.608 34041
21.608 34040
21.611 34035
21.638 34026
21.794 34025
21.886 34024
22.326 34010
22.444 34004
22.455 33998
22.456 33997
22.675 33980
22.678 33979
23.034 33977
24.171 33975
24.619 33973
25.414 33970
26.284 33968
27.411 33967
27.424 33966
