0.01 42144
0.01 42107
0.011 42066
0.017 41989
0.019 41967
0.019 41845
0.019 41773
0.021 41760
0.022 41744
0.026 41738
0.034 41616
0.035 41558
0.047 41542
0.049 41538
0.05 41526
0.05 41489
0.051 41478
0.051 41447
0.072 41430
0.073 41413
0.099 41385
0.316 41365
0.321 41360
0.325 41359
0.329 41348
0.331 41339
0.332 41337
0.332 41328
0.332 41307
0.362 41289
0.362 41282
0.365 41248
0.365 41236
0.403 41235
0.404 41220
0.427 41213
0.508 41196
0.509 41190
0.511 41187
0.844 41176
0.871 41167
0.907 41153
0.909 41142
0.912 41122
0.913 41109
0.922 41083
0.922 41036
0.929 41001
1.741 40996
2.109 40992
2.113 40959
2.113 40937
2.118 40924
2.247 40914
2.248 40910
2.265 40875
2.955 40840
3.464 40839
3.464 40835
3.473 40822
3.474 40817
3.477 40807
3.477 40799
3.48 40790
3.486 40759
9.63 40744
10.074 40741
10.129 40739
10.158 40731
10.159 40730
10.163 40723
10.167 40709
10.171 40686
10.371 40661
11.625 40648
12.148 40647
12.155 40636
12.16 40629
12.161 40619
12.739 40616
12.757 40614
12.76 40597
12.762 40577
12.764 40564
12.765 40545
12.771 40540
12.778 40535
12.779 40519
12.784 40514
14.009 40494
14.012 40479
14.012 40478
14.638 40466
14.921 40455
14.941 40446
26.083 40437
26.099 40425
26.182 40422
26.378 40418
27.873 40415
28.687 40411
28.704 40405
28.729 40401
28.831 40400
