0.01 21221
0.011 21170
0.011 21072
0.011 20812
0.012 20778
0.012 20754
0.013 20695
0.014 20666
0.014 20561
0.015 20509
0.015 20497
0.015 20484
0.016 20464
0.017 20444
0.017 20433
0.017 20394
0.018 20377
0.018 20355
0.019 20337
0.021 20300
0.021 20290
0.022 20276
0.025 20239
0.025 20208
0.026 20188
0.027 20181
0.027 20158
0.029 20137
0.029 20123
0.033 20121
0.034 20118
0.035 20043
0.043 20040
0.043 20017
0.045 19385
0.045 19368
0.046 19365
0.047 19351
0.047 19218
0.071 19217
0.072 19202
0.115 19157
0.115 19041
0.116 19030
0.131 19014
0.173 18987
0.248 18962
0.251 18954
0.252 18943
0.269 18938
0.269 18930
0.272 18906
0.275 18897
0.277 18893
0.277 18892
0.682 18884
0.682 18883
0.683 18878
0.683 18872
0.684 18871
0.684 18869
0.768 18868
0.77 18859
0.77 18857
1.161 18849
1.161 18838
1.162 18835
1.163 18830
6.583 18824
6.584 18823
7.732 18821
7.739 18819
8.123 18811
8.126 18800
12.831 18798
14.458 18797
14.549 18794
15.953 18793
15.954 18792
16.826 18790
16.827 18787
16.834 18786
16.841 18784
16.845 18783
17.494 18782
17.496 18777
17.497 18776
17.5 18775
19.533 18773
19.738 18771
19.764 18769
24.759 18765
24.761 18762
