0.008 26628
0.008 26622
0.008 26618
0.009 26501
0.009 26468
0.011 26447
0.012 26200
0.013 26186
0.013 26120
0.015 26114
0.016 25986
0.026 25968
0.026 25849
0.027 25841
0.03 25814
0.055 25793
0.057 25771
0.059 25756
0.062 25712
0.074 25705
0.074 25703
0.075 25688
0.075 25662
0.076 25597
0.078 25570
0.08 25526
0.08 25521
0.083 25497
0.083 25493
0.084 25487
0.085 25485
0.085 25474
0.156 25470
0.157 25466
0.202 25461
0.203 25426
0.204 25413
0.224 25392
0.226 25389
0.226 25373
0.227 25348
0.234 25331
0.637 25273
0.641 25267
0.641 25236
0.654 25235
0.697 25190
1.056 25176
3.517 25157
3.518 25143
3.519 25125
3.879 25108
3.879 25081
3.88 25043
3.881 25028
3.889 25025
4.123 25023
7.73 25022
8.982 25016
8.989 25011
8.989 25001
11.696 25000
11.697 24997
11.701 24994
11.703 24967
12.197 24961
12.203 24956
16.169 24953
16.17 24952
16.529 24951
17.342 24946
17.344 24943
17.364 24935
17.369 24930
18.466 24928
20.878 24927
25.422 24923
