0.011 52552
0.012 52534
0.012 52503
0.013 52396
0.013 52393
0.015 52366
0.015 52254
0.015 52247
0.016 52237
0.017 52205
0.019 52179
0.019 52174
0.019 52159
0.02 52041
0.022 51977
0.023 51951
0.024 51900
0.025 51897
0.058 51814
0.058 51784
0.065 51775
0.065 51765
0.065 51761
0.083 51709
0.097 51698
0.098 51697
0.102 51620
0.103 51617
0.105 51614
0.106 51611
0.113 51605
0.114 51598
0.119 51595
0.121 51554
0.123 51552
0.13 51525
0.145 51452
0.145 51450
1.49 51432
1.49 51424
1.502 51414
1.504 51383
1.505 51355
1.511 51319
1.511 51316
1.519 51304
1.524 51298
1.525 51280
1.527 51272
1.533 51267
1.534 51265
3.055 51246
3.102 51224
3.132 51214
3.135 51210
3.145 51207
3.164 51153
3.164 51152
3.165 51087
4.593 51074
5.048 51048
5.048 51036
6.672 51028
6.935 50998
7.818 50985
9.524 50984
9.659 50938
9.662 50937
9.669 50926
9.672 50912
9.672 50894
9.673 50893
9.674 50885
9.677 50881
9.729 50854
9.731 50847
9.738 50844
9.783 50843
9.783 50839
9.784 50838
9.785 50827
12.944 50811
13.205 50805
13.211 50802
13.218 50790
21.24 50789
21.249 50787
21.305 50778
22.104 50776
22.105 50754
22.112 50741
22.117 50740
22.171 50738
22.172 50737
22.175 50728
22.177 50726
23.222 50725
23.226 50717
23.438 50716
23.572 50714
23.585 50713
23.587 50711
24.146 50705
24.147 50704
24.155 50702
25.999 50701
26.001 50697
26.198 50694
26.22 50692
26.225 50691
26.23 50677
26.245 50671
28.67 50661
28.681 50655
28.738 50649
28.74 50648
28.74 50646
29.056 50641
30.446 50639
30.503 50628
31.76 50626
31.769 50624
31.792 50622
31.794 50620
31.797 50616
31.808 50614
