0.011 33038
0.011 32939
0.012 32919
0.012 32903
0.013 32884
0.013 32873
0.014 32847
0.014 32846
0.015 32839
0.015 32833
0.016 32811
0.016 32798
0.017 32731
0.017 32676
0.018 32674
0.018 32631
0.021 32628
0.022 32625
0.022 32555
0.022 32548
0.024 32540
0.032 32521
0.035 32516
0.036 32487
0.038 32441
0.039 32434
0.04 32369
0.041 32347
0.042 32346
0.055 32313
0.058 32287
0.058 32284
0.06 32231
0.06 32160
0.062 32148
0.064 32142
0.064 32133
0.075 32122
0.078 32112
0.079 32095
0.08 32055
0.08 32016
0.095 31970
0.095 31968
0.096 31935
0.099 31932
0.1 31908
0.101 31899
0.101 31878
0.102 31876
0.103 31869
0.104 31821
0.111 31780
0.112 31758
0.113 31752
0.113 31733
0.114 31701
0.115 31697
0.122 31688
0.124 31679
0.125 31671
0.925 31613
0.93 31606
0.934 31596
0.978 31585
0.98 31573
1.207 31514
1.208 31500
1.208 31499
1.209 31489
1.209 31484
1.211 31475
1.251 31470
3.462 31469
3.533 31428
3.536 31417
4.022 31416
5.205 31415
5.216 31404
5.234 31370
7.38 31353
7.912 31352
7.913 31348
7.917 31346
7.917 31336
8.039 31332
8.04 31331
8.049 31329
8.064 31310
8.065 31306
8.733 31282
9.774 31276
9.785 31275
9.798 31271
9.801 31252
11.217 31248
11.219 31244
11.228 31220
11.23 31215
13.011 31213
13.016 31210
13.017 31209
13.019 31206
13.02 31193
13.568 31185
13.569 31176
13.571 31173
13.575 31168
13.582 31164
13.583 31161
13.584 31152
15.394 31150
20.083 31137
20.089 31136
20.098 31134
20.105 31128
20.11 31126
20.398 31119
20.419 31115
20.431 31109
20.451 31102
20.503 31100
20.52 31086
20.53 31081
20.54 31078
20.691 31074
20.71 31068
20.711 31060
20.716 31057
21.797 31047
21.8 31042
23.156 31040
23.171 31039
26.229 31037
26.312 31036
26.355 31035
