0.011 33011
0.011 32967
0.013 32943
0.013 32861
0.014 32748
0.015 32696
0.023 32651
0.023 32649
0.024 32646
0.025 32645
0.026 32605
0.027 32572
0.027 32568
0.028 32550
0.028 32537
0.028 32504
0.03 32499
0.031 32387
0.032 32384
0.034 32383
0.034 32379
0.037 32359
0.04 32351
0.05 32325
0.051 32316
0.052 32307
0.079 32286
0.08 32272
0.08 32261
0.088 32229
0.089 32176
0.093 32156
0.094 32138
0.094 32125
0.096 32118
0.1 32109
0.1 32099
0.102 32068
0.102 32057
0.11 32011
0.112 31999
0.117 31987
0.117 31984
0.118 31961
0.118 31942
0.12 31929
0.136 31901
0.136 31889
0.139 31870
0.14 31783
0.141 31781
0.149 31769
0.153 31767
0.155 31729
0.162 31723
0.163 31719
0.165 31706
0.332 31705
0.374 31678
1.65 31655
1.651 31636
1.651 31635
1.652 31621
1.654 31605
1.657 31604
1.659 31596
1.941 31590
1.945 31563
1.949 31547
1.951 31528
1.951 31523
1.953 31522
2.31 31518
2.31 31460
2.311 31445
2.435 31396
2.442 31389
2.443 31386
2.445 31385
2.447 31383
2.466 31378
8.905 31364
10.126 31352
10.131 31350
10.131 31336
10.133 31329
10.158 31322
10.159 31320
11.45 31314
11.451 31313
11.452 31305
11.455 31276
11.993 31265
11.995 31264
11.999 31253
11.999 31251
12.069 31238
12.07 31236
12.073 31230
12.074 31229
12.079 31228
12.386 31216
13.152 31207
13.167 31206
13.17 31204
13.196 31198
13.205 31195
13.219 31180
14.398 31179
14.399 31177
14.4 31176
14.68 31172
14.685 31167
14.694 31166
15.13 31160
15.929 31159
15.93 31155
16.981 31153
16.988 31152
17.38 31148
17.381 31147
17.599 31144
17.654 31139
17.673 31137
17.685 31130
17.686 31122
18.357 31118
18.362 31115
19.337 31113
19.353 31088
19.395 31081
19.396 31080
21.638 31075
22.516 31067
22.902 31053
22.907 31051
22.911 31045
22.915 31044
22.922 31041
22.93 31039
23.878 31036
23.879 31035
23.972 31029
23.974 31026
23.994 31021
24.115 31019
24.599 31013
24.711 31011
26.954 31009
