0.013 88086
0.014 88055
0.015 88034
0.016 88009
0.016 87957
0.018 87667
0.018 87606
0.019 87601
0.02 87576
0.021 87550
0.025 87393
0.028 87384
0.028 87357
0.029 87291
0.029 87253
0.042 87245
0.046 87060
0.061 87022
0.061 87021
0.064 87006
0.064 86982
0.067 86969
0.067 86913
0.071 86909
0.072 86760
0.076 86759
0.077 86743
0.141 86740
0.155 86737
0.16 86500
0.161 86257
0.163 86248
0.186 86195
0.189 86194
0.205 86179
0.206 86177
0.207 86159
0.207 86090
0.208 86081
0.284 86074
0.326 86055
0.326 86044
0.329 86041
0.329 86011
0.368 85991
0.442 85969
0.449 85960
0.45 85944
0.537 85910
0.54 85825
0.542 85821
0.547 85812
0.547 85811
0.551 85778
0.559 85766
0.583 85758
0.587 85751
0.592 85712
0.592 85708
0.664 85690
0.689 85614
0.69 85569
0.691 85559
0.694 85555
0.695 85552
1.205 85531
1.207 85525
1.219 85522
1.227 85517
1.238 85501
1.241 85474
1.25 85448
1.251 85444
1.251 85437
1.283 85391
1.285 85385
1.289 85359
1.29 85349
1.294 85341
1.805 85326
1.806 85315
1.807 85314
2.728 85294
2.805 85290
2.807 85288
2.807 85275
2.808 85219
2.811 85216
2.811 85213
2.812 85211
2.813 85198
2.814 85194
2.814 85165
2.818 85119
2.857 85110
2.885 85077
2.89 85066
2.89 85026
2.89 85025
3.103 85019
3.45 84931
3.451 84930
3.452 84911
3.452 84908
3.605 84906
4.076 84903
4.079 84881
4.08 84880
4.086 84879
4.089 84863
4.09 84859
4.093 84858
4.112 84850
4.118 84841
5.82 84835
5.823 84799
5.826 84793
5.833 84788
5.84 84741
8.696 84740
8.697 84735
8.697 84725
8.699 84714
8.787 84652
8.788 84640
8.801 84619
8.801 84617
8.806 84614
14.644 84612
14.657 84611
14.672 84606
15.115 84604
15.116 84601
16.044 84597
16.921 84579
16.928 84577
16.933 84576
16.935 84575
16.935 84562
16.94 84553
16.948 84550
16.956 84544
16.961 84543
16.966 84542
16.967 84538
18.612 84536
18.662 84527
20.166 84525
20.171 84522
20.172 84495
20.625 84486
20.668 84484
20.681 84482
20.681 84476
20.683 84475
20.993 84470
21.004 84467
21.005 84466
21.006 84465
21.008 84464
21.017 84463
21.018 84461
21.019 84459
21.073 84444
21.199 84443
22.812 84434
22.812 84433
23.012 84427
23.018 84426
23.019 84424
23.023 84417
24.862 84415
24.874 84405
24.876 84400
24.877 84396
24.88 84391
26.226 84388
26.692 84380
26.711 84379
26.712 84374
26.734 84369
26.735 84358
26.735 84355
26.738 84354
28.029 84353
28.03 84349
34.61 84347
