0.011 18524
0.012 18496
0.013 18403
0.013 18368
0.014 18330
0.014 18313
0.015 18293
0.015 18287
0.015 18276
0.017 17823
0.017 17808
0.018 17795
0.019 17700
0.019 17696
0.024 17686
0.024 17639
0.024 17614
0.025 17582
0.027 17571
0.027 17567
0.028 17557
0.033 17555
0.036 17398
0.038 17390
0.039 17379
0.049 17367
0.05 17333
0.05 17326
0.052 17284
0.053 17279
0.057 17276
0.068 17265
0.076 17263
0.078 17259
0.078 17255
0.079 17240
0.079 17224
0.079 17222
0.082 17197
0.089 17192
0.093 17184
0.093 17178
0.093 17158
0.094 17145
0.129 17111
0.13 17098
0.132 17033
0.134 17011
0.136 16991
0.139 16990
0.139 16977
0.14 16945
0.141 16934
0.448 16920
0.448 16911
0.451 16909
0.451 16899
0.452 16896
1.553 16887
1.554 16886
1.554 16883
1.567 16879
1.567 16876
1.568 16862
1.764 16859
3.087 16858
3.088 16852
3.093 16821
3.097 16819
3.098 16797
5.992 16795
5.993 16794
5.993 16787
5.994 16784
5.994 16781
5.995 16747
6.016 16741
6.016 16732
15.835 16718
15.84 16711
15.927 16702
15.928 16701
16.699 16699
16.7 16688
20.214 16676
20.224 16673
22.83 16671
22.833 16670
22.842 16668
22.868 16665
22.872 16664
22.997 16660
23 16656
23 16648
23.001 16644
23.01 16643
23.183 16640
23.186 16639
23.211 16637
23.214 16634
23.418 16633
23.556 16631
23.595 16627
23.6 16624
