0.013 55816
0.013 55666
0.013 55643
0.015 55527
0.016 55444
0.02 55434
0.021 55424
0.022 55351
0.022 55334
0.032 55286
0.032 55258
0.033 55252
0.036 55223
0.036 55212
0.039 55084
0.04 55079
0.04 55036
0.042 55008
0.043 54996
0.043 54930
0.048 54900
0.049 54855
0.056 54816
0.056 54758
0.057 54756
0.057 54745
0.058 54744
0.058 54742
0.058 54688
0.059 54672
0.062 54667
0.063 54661
0.063 54655
0.064 54595
0.065 54593
0.068 54559
0.069 54536
0.071 54533
0.073 54523
0.074 54485
0.075 54478
0.075 54449
0.077 54410
0.081 54379
0.084 54365
0.084 54359
0.086 54287
0.116 54263
0.117 54261
0.122 54214
0.122 54177
0.123 54161
0.124 54155
0.125 54153
0.126 54053
0.152 54021
0.153 54008
0.161 53993
0.162 53979
0.162 53949
0.163 53938
0.163 53934
0.164 53903
0.166 53888
0.168 53856
0.251 53854
0.252 53848
0.252 53847
0.253 53835
0.254 53781
0.268 53778
0.304 53747
0.332 53745
0.367 53730
0.368 53726
0.378 53672
0.383 53671
1.272 53658
1.273 53649
1.298 53631
1.298 53623
1.299 53617
1.302 53597
1.305 53593
1.307 53586
1.307 53546
1.451 53545
1.452 53543
1.453 53518
1.454 53493
1.476 53482
1.52 53448
1.571 53402
1.574 53399
1.574 53394
3.602 53348
3.603 53326
3.604 53325
3.61 53323
5.429 53322
5.43 53321
5.434 53295
5.436 53157
5.437 53150
5.478 53149
7.432 53146
7.453 53144
7.454 53132
7.466 53126
7.534 53110
7.538 53098
7.543 53093
7.579 53080
7.58 53075
7.581 53067
7.583 53064
7.585 53057
7.586 53054
8.059 53039
8.062 53017
8.066 52973
8.239 52969
8.24 52962
8.249 52958
8.252 52955
8.254 52950
8.262 52948
8.264 52921
8.269 52908
8.278 52883
8.667 52861
8.668 52853
8.683 52834
8.688 52793
8.69 52780
8.69 52744
17.25 52733
20.064 52731
20.108 52714
20.539 52713
20.54 52709
20.766 52696
20.767 52686
20.78 52677
25.59 52676
25.593 52674
25.847 52666
25.85 52661
25.852 52658
25.853 52637
28.282 52635
28.789 52632
28.827 52624
28.984 52622
29.02 52621
29.044 52619
31.946 52616
