0.016 54557
0.016 54551
0.017 54542
0.017 54515
0.018 54511
0.022 54480
0.023 54479
0.023 54372
0.025 54334
0.025 54320
0.026 54252
0.026 54216
0.027 54215
0.027 54168
0.078 54141
0.079 54112
0.08 54046
0.08 54018
0.08 54008
0.081 53975
0.082 53966
0.106 53916
0.106 53907
0.109 53815
0.112 53729
0.112 53581
0.137 53568
0.139 53549
0.14 53501
0.141 53490
0.427 53489
0.43 53470
0.432 53466
0.472 53427
0.473 53399
0.474 53398
0.478 53385
0.491 53382
0.492 53355
0.515 53351
0.515 53343
0.522 53318
0.576 53317
0.676 53303
0.683 53285
0.697 53257
0.704 53244
0.724 53242
0.725 53237
0.726 53170
0.727 53108
1.219 53087
1.221 53086
1.225 53085
1.225 53069
1.23 53054
1.238 53051
1.239 53049
1.246 53016
3.116 52980
3.122 52978
3.123 52977
3.124 52931
3.125 52927
3.131 52911
3.983 52904
4.421 52888
5.599 52886
5.599 52877
5.606 52827
5.609 52813
5.609 52793
5.61 52748
5.61 52732
5.611 52700
5.621 52695
5.622 52692
5.625 52666
5.625 52655
5.628 52651
5.639 52646
6 52625
6.003 52619
6.004 52610
6.008 52609
6.044 52588
6.05 52549
6.056 52541
6.059 52539
6.06 52532
6.083 52510
6.086 52486
6.089 52485
6.106 52482
6.106 52467
9.243 52457
9.244 52450
9.279 52434
11.857 52422
11.967 52417
12.069 52410
12.352 52408
12.354 52397
12.363 52388
12.363 52387
12.374 52382
12.376 52380
12.38 52376
14.499 52371
14.501 52361
17.15 52358
17.155 52356
17.169 52353
17.192 52352
17.195 52350
17.206 52333
17.206 52331
17.21 52324
17.216 52316
17.216 52315
17.223 52312
17.306 52301
17.329 52300
19.671 52291
19.692 52281
19.692 52277
20.364 52272
20.365 52268
20.712 52266
20.736 52260
20.824 52255
21.054 52249
21.054 52246
21.065 52243
21.065 52241
21.871 52238
21.872 52237
21.889 52229
21.892 52228
21.895 52222
21.898 52217
22.202 52209
22.208 52201
22.23 52200
22.231 52194
22.242 52193
24.806 52192
25.282 52188
25.283 52182
25.291 52181
25.304 52178
25.321 52172
25.331 52171
25.426 52168
25.427 52165
25.434 52155
25.537 52152
25.537 52149
25.948 52144
25.964 52135
25.976 52133
25.984 52129
26.492 52125
26.866 52124
26.868 52120
26.876 52118
26.912 52117
29.021 52111
29.026 52110
29.027 52109
29.029 52104
29.042 52100
31.902 52096
31.918 52095
