0.016 54557
0.017 54554
0.017 54527
0.018 54523
0.018 54485
0.018 54480
0.02 54387
0.021 54341
0.022 54309
0.023 54280
0.023 54209
0.023 54162
0.024 54093
0.026 54082
0.027 54066
0.028 54051
0.031 54024
0.032 54002
0.032 53951
0.032 53950
0.035 53932
0.224 53918
0.263 53789
0.265 53787
0.269 53775
0.371 53774
0.372 53756
0.372 53737
0.455 53734
0.461 53716
0.463 53688
0.464 53687
0.466 53675
0.543 53646
0.544 53637
0.544 53613
0.544 53600
0.548 53559
0.555 53509
0.56 53500
0.566 53485
0.621 53443
0.631 53435
0.635 53370
0.636 53367
0.656 53340
0.657 53316
0.66 53310
0.691 53288
0.725 53206
1.182 53201
1.19 53198
1.191 53143
1.195 53106
2.067 53091
2.072 53077
3.717 53075
3.718 52996
3.719 52972
3.719 52971
3.719 52950
3.721 52936
3.736 52923
3.737 52915
3.744 52908
3.745 52889
3.787 52830
3.79 52825
3.791 52785
6 52783
6.001 52750
6.004 52738
6.004 52733
6.011 52729
6.015 52718
6.169 52714
6.174 52699
6.412 52695
6.986 52691
6.992 52681
6.992 52673
7.008 52672
7.009 52671
9.06 52652
9.334 52651
9.395 52634
9.401 52628
10.748 52625
11.118 52608
11.119 52604
11.119 52603
11.12 52600
11.12 52599
15.083 52596
15.084 52588
15.084 52578
15.087 52576
15.09 52569
15.102 52561
15.108 52542
15.11 52522
15.113 52514
15.131 52508
15.138 52477
15.143 52472
17.39 52457
17.394 52439
17.394 52431
17.395 52406
17.627 52405
17.628 52403
17.635 52400
17.64 52379
17.643 52378
18.489 52375
18.492 52373
18.505 52368
18.506 52362
18.51 52358
18.517 52357
20.492 52345
20.493 52335
20.501 52334
20.525 52328
20.53 52326
20.584 52318
20.593 52305
23.647 52304
23.651 52300
23.652 52283
23.655 52281
23.665 52279
23.674 52278
23.721 52271
27.904 52266
32.493 52262
32.506 52261
32.509 52258
