0.013 55838
0.014 55568
0.016 55383
0.018 55282
0.018 55257
0.019 55249
0.02 55231
0.021 55214
0.022 55186
0.027 55181
0.027 55137
0.028 55064
0.029 55044
0.029 55020
0.031 54960
0.031 54892
0.033 54888
0.033 54875
0.034 54870
0.034 54864
0.041 54846
0.041 54843
0.042 54840
0.043 54815
0.043 54797
0.043 54755
0.045 54747
0.049 54623
0.051 54479
0.064 54468
0.064 54446
0.08 54439
0.085 54432
0.086 54405
0.09 54392
0.1 54363
0.101 54341
0.103 54305
0.104 54254
0.105 54237
0.106 54205
0.107 54183
0.108 54172
0.108 54167
0.11 54161
0.147 54156
0.147 54074
0.149 54037
0.151 54003
0.153 53987
0.162 53986
0.163 53965
0.173 53937
0.174 53917
0.175 53879
0.245 53873
0.247 53870
0.249 53819
0.25 53809
0.429 53785
0.433 53777
0.447 53767
0.449 53761
0.452 53756
0.454 53751
0.459 53739
0.463 53728
0.463 53721
0.463 53720
0.465 53641
0.498 53622
0.499 53620
0.499 53609
0.5 53598
0.5 53597
1.847 53596
1.847 53594
1.857 53587
1.858 53571
2.158 53564
2.158 53561
2.16 53556
2.161 53513
2.164 53499
2.652 53491
2.654 53481
2.655 53472
2.655 53452
2.657 53446
2.658 53397
2.667 53374
2.802 53363
2.803 53345
2.805 53328
2.806 53300
2.806 53285
3.7 53268
3.719 53255
3.72 53242
5.106 53212
5.107 53177
7.579 53174
9.116 53164
9.118 53161
9.118 53134
9.156 53130
9.165 53129
9.167 53126
9.168 53118
9.178 53096
9.183 53094
9.185 53083
9.186 53068
9.229 53065
9.278 53023
10.827 53017
10.827 52992
10.828 52979
11.902 52975
11.911 52974
11.917 52966
12.401 52965
12.405 52961
12.411 52948
12.412 52946
12.414 52935
12.586 52922
12.983 52919
12.984 52917
12.984 52915
13.015 52911
13.027 52908
13.034 52883
13.035 52858
13.045 52855
13.19 52841
13.192 52840
13.199 52839
16.941 52828
16.946 52827
16.951 52816
17.019 52799
17.27 52788
17.981 52759
17.984 52757
17.986 52755
18.001 52751
18.004 52744
18.006 52726
18.025 52724
18.027 52717
20.541 52706
21.189 52704
21.189 52699
21.189 52697
21.194 52695
21.196 52694
21.197 52691
21.215 52676
21.221 52672
23.569 52655
23.569 52648
23.586 52646
23.591 52643
23.603 52638
29.286 52637
29.294 52631
29.314 52628
30.679 52626
30.681 52617
30.7 52616
30.707 52613
30.717 52606
