0.021 41329
0.021 41327
0.023 41323
0.024 41321
0.025 41253
0.025 41248
0.025 41231
0.025 41222
0.026 41211
0.027 41202
0.027 41201
0.027 41191
0.027 41187
0.028 41183
0.029 41149
0.03 41067
0.03 41054
0.031 41049
0.032 41045
0.032 41029
0.032 41013
0.033 41006
0.034 41004
0.035 41001
0.035 40998
0.036 40997
0.036 40972
0.039 40941
0.041 40926
0.042 40922
0.042 40911
0.045 40897
0.045 40896
0.046 40869
0.046 40861
0.062 40860
0.062 40858
0.077 40852
0.096 40851
0.096 40849
0.098 40847
0.102 40838
0.136 40827
0.136 40825
0.137 40817
0.141 40815
0.144 40810
0.144 40801
0.144 40800
0.147 40796
0.157 40768
0.157 40764
0.174 40759
0.175 40752
0.175 40748
0.176 40745
0.177 40689
0.18 40683
0.181 40672
0.184 40662
0.185 40660
0.187 40659
0.194 40654
0.195 40642
0.196 40640
0.199 40636
0.204 40568
0.209 40558
0.256 40554
0.259 40551
0.264 40548
0.288 40543
0.294 40540
0.323 40539
0.326 40535
0.337 40529
0.341 40524
0.411 40520
0.412 40504
0.556 40503
0.557 40499
0.56 40498
0.562 40491
0.562 40489
0.566 40479
0.574 40473
0.575 40467
0.576 40463
0.603 40453
0.61 40442
0.61 40441
0.615 40432
0.637 40428
0.647 40415
0.649 40407
0.65 40406
0.652 40404
0.655 40397
2.455 40396
2.457 40390
2.464 40386
2.766 40351
3.025 40348
3.027 40339
3.028 40326
3.031 40322
3.032 40318
3.034 40295
4.622 40287
4.623 40280
4.735 40263
4.738 40262
4.743 40259
4.75 40253
4.754 40235
4.755 40218
4.808 40206
4.809 40205
4.812 40194
4.818 40187
15.149 40181
15.222 40178
15.223 40175
21.296 40171
21.3 40169
21.303 40158
21.307 40157
21.332 40152
21.607 40149
21.612 40144
21.655 40139
21.659 40138
21.659 40136
21.662 40131
21.698 40129
21.698 40128
21.707 40127
21.709 40124
21.73 40123
21.757 40122
21.828 40121
21.842 40120
21.934 40116
25.344 40114
25.348 40112
25.375 40110
25.478 40107
25.48 40099
25.481 40089
26.368 40088
26.387 40087
29.424 40086
29.427 40085
31.184 40082
31.291 40079
31.291 40077
31.292 40072
31.298 40071
31.325 40067
31.351 40063
31.355 40056
31.617 40055
31.618 40054
31.68 40052
33.227 40051
34.926 40050
35.246 40049
35.246 40045
37.825 40044
38.008 40013
40.548 40011
40.566 40010
40.57 40009
40.578 40008
40.594 40007
40.653 40006
40.683 40005
43.47 40003
44.976 40002
44.986 40001
44.997 40000
45.055 39999
45.11 39998
45.133 39997
