0.021 41365
0.021 41317
0.022 41309
0.022 41296
0.022 41279
0.023 41263
0.023 41210
0.023 41209
0.024 41202
0.025 41199
0.025 41197
0.026 41013
0.027 41008
0.028 41003
0.028 40987
0.028 40979
0.028 40976
0.032 40974
0.033 40973
0.033 40939
0.034 40938
0.034 40937
0.036 40925
0.038 40923
0.039 40914
0.039 40903
0.039 40897
0.044 40896
0.053 40863
0.054 40838
0.059 40831
0.059 40829
0.074 40817
0.079 40807
0.083 40804
0.086 40793
0.09 40757
0.096 40751
0.116 40742
0.137 40737
0.138 40729
0.138 40724
0.139 40720
0.14 40705
0.146 40685
0.366 40681
0.374 40670
0.374 40662
0.39 40659
0.393 40657
0.401 40628
0.402 40622
0.403 40619
0.406 40611
0.409 40605
0.409 40591
0.928 40576
0.977 40570
0.981 40564
0.982 40555
0.985 40554
0.993 40547
0.996 40541
0.997 40536
0.999 40534
1 40526
1.003 40516
1.027 40510
1.03 40505
1.031 40504
1.033 40496
1.045 40495
1.046 40492
3.076 40485
3.079 40484
3.082 40458
3.093 40455
3.096 40453
3.099 40451
3.102 40448
4.029 40447
4.049 40443
4.051 40437
4.304 40435
4.306 40422
4.309 40416
4.325 40405
8.147 40399
8.148 40395
8.157 40393
10.325 40390
10.335 40385
10.348 40384
10.35 40380
10.352 40378
10.371 40375
10.885 40369
10.888 40353
10.89 40348
10.89 40341
10.896 40340
10.898 40327
10.904 40326
10.955 40324
10.96 40321
11.373 40318
11.375 40294
11.376 40293
11.387 40290
11.387 40280
11.391 40271
11.818 40266
11.824 40262
11.824 40244
13.797 40239
13.881 40233
13.893 40231
13.894 40229
13.896 40227
13.911 40223
13.914 40219
13.939 40218
13.942 40212
14.012 40210
19.702 40206
22.958 40204
22.967 40202
23.302 40195
23.447 40193
23.45 40191
23.45 40190
23.452 40184
23.453 40180
23.47 40179
25 40177
25.098 40171
25.101 40167
25.196 40155
25.204 40154
25.365 40153
25.423 40149
37.052 40147
37.836 40146
37.945 40145
37.95 40143
37.999 40142
38.775 40141
38.796 40138
38.827 40136
38.844 40135
41.83 40134
46.443 40133
