0.019 70030
0.02 69991
0.02 69913
0.021 69769
0.022 69744
0.022 69710
0.022 69591
0.023 69564
0.024 69560
0.024 69525
0.025 69474
0.026 69337
0.027 69331
0.028 69322
0.03 69252
0.03 69220
0.03 69196
0.032 69165
0.033 69130
0.034 69125
0.039 69052
0.039 69045
0.04 69044
0.04 69030
0.041 69029
0.043 68982
0.046 68977
0.047 68963
0.047 68956
0.049 68952
0.05 68898
0.05 68884
0.051 68882
0.051 68875
0.053 68864
0.054 68847
0.054 68839
0.055 68832
0.06 68830
0.06 68825
0.061 68819
0.061 68809
0.062 68808
0.069 68778
0.07 68777
0.07 68775
0.072 68774
0.08 68765
0.089 68737
0.09 68731
0.091 68698
0.092 68693
0.106 68665
0.108 68642
0.129 68560
0.129 68557
0.131 68553
0.135 68542
0.144 68524
0.145 68501
0.204 68478
0.204 68476
0.205 68460
0.206 68451
0.206 68450
0.209 68447
0.209 68443
0.235 68426
0.237 68379
0.238 68370
0.413 68323
0.414 68283
0.414 68278
0.415 68223
0.416 68219
1.304 68216
1.305 68183
1.306 68166
1.69 68140
1.93 68110
3.458 68095
3.467 68062
3.528 68061
3.53 68037
3.532 68016
4.352 68007
4.353 67998
4.478 67899
4.478 67894
4.479 67884
4.481 67874
7.073 67859
7.096 67812
7.096 67802
7.728 67784
7.731 67782
7.957 67759
7.958 67721
7.967 67713
7.973 67710
8.838 67697
8.839 67675
8.841 67668
12.323 67649
12.323 67609
12.687 67605
12.691 67597
13.035 67587
13.042 67582
13.042 67573
13.043 67548
13.045 67540
13.048 67536
13.049 67535
13.054 67505
23.734 67504
23.734 67496
24.051 67492
24.163 67486
24.198 67469
24.494 67453
24.711 67447
24.717 67437
24.72 67404
24.726 67403
24.739 67395
24.747 67388
24.748 67386
24.75 67384
27.672 67376
28.037 67375
28.04 67374
29.283 67350
29.286 67345
29.3 67341
29.326 67337
29.351 67334
29.354 67331
29.365 67325
29.859 67323
29.865 67322
30.167 67320
30.31 67319
30.318 67316
30.318 67315
30.322 67313
30.324 67304
30.997 67300
30.998 67297
31.039 67295
31.043 67290
31.072 67287
31.073 67284
31.073 67283
31.127 67267
31.316 67263
33.52 67260
37.981 67256
37.985 67254
38.228 67252
38.667 67248
38.674 67247
38.675 67246
38.722 67243
38.782 67241
38.795 67239
38.809 67237
39.453 67231
