0.029 118560
0.032 118511
0.032 118486
0.033 118466
0.035 118359
0.037 118336
0.041 118315
0.042 118309
0.044 118250
0.052 118248
0.062 117957
0.066 117948
0.069 117938
0.071 117936
0.073 117933
0.077 117844
0.077 117841
0.078 117760
0.079 117755
0.079 117751
0.08 117744
0.081 117690
0.084 117688
0.086 117535
0.089 117524
0.09 117481
0.092 117432
0.093 117426
0.094 117423
0.095 117409
0.096 117399
0.097 117392
0.098 117387
0.098 117366
0.099 117364
0.099 117360
0.103 117348
0.103 117346
0.114 116933
0.114 116931
0.115 116915
0.116 116911
0.12 116887
0.122 116866
0.122 116863
0.133 116844
0.134 116833
0.134 116819
0.135 116817
0.173 116799
0.173 116798
0.174 116786
0.174 116774
0.176 116768
0.176 116762
0.177 116759
0.179 116756
0.179 116741
0.18 116739
0.252 116012
0.256 115982
0.256 115975
0.257 115969
0.257 115967
0.313 115948
0.314 115947
0.315 115907
0.315 115865
0.316 115858
0.319 115856
0.319 115855
0.32 115852
0.321 115838
0.322 115835
0.323 115833
0.368 115817
0.37 115809
0.371 115805
0.491 115777
0.562 115687
0.566 115683
0.566 115680
0.568 115630
0.569 115622
0.571 115402
0.576 115230
0.578 115219
0.579 115206
0.581 115201
0.582 115184
0.583 115148
0.584 115113
0.584 115111
0.588 115001
0.589 114998
0.6 114994
0.601 114977
0.726 114941
0.727 114929
0.727 114921
0.739 114913
0.74 114898
0.743 114886
0.748 114885
0.75 114883
0.791 114879
0.791 114867
0.796 114834
0.797 114831
0.798 114811
0.799 114808
0.808 114802
0.809 114792
0.811 114781
0.812 114743
0.813 114740
0.815 114639
0.818 114635
0.818 114623
0.821 114605
0.821 114597
0.822 114589
0.84 114583
0.841 114563
0.842 114556
0.849 114508
0.851 114501
0.867 114487
0.869 114476
0.907 114475
0.908 114473
0.911 114465
0.912 114460
0.916 114448
0.917 114441
0.917 114420
0.918 114374
0.919 114367
0.924 114363
0.925 114356
0.925 114353
0.953 114341
0.954 114319
0.956 114299
0.96 114265
0.979 114261
0.981 114254
0.982 114250
0.985 114249
0.985 114237
0.986 114221
0.987 114202
0.989 114198
1.002 114153
1.004 114151
1.005 114133
1.007 114114
1.009 114111
1.011 114101
1.013 114088
1.038 114087
1.038 114086
1.039 114068
1.077 113826
1.077 113805
1.078 113790
1.08 113779
1.083 113776
1.134 113765
1.135 113757
1.139 113753
1.145 113746
1.146 113739
1.148 113720
1.148 113719
1.148 113718
1.149 113710
1.153 113709
1.16 113704
1.165 113701
1.165 113688
1.167 113686
1.167 113683
1.173 113677
1.174 113663
1.203 113363
1.207 113277
1.209 113265
1.211 113254
1.213 113235
1.218 113205
1.22 113204
1.221 113170
1.221 113162
1.222 113141
1.228 113106
1.231 113093
1.234 113088
1.235 113076
1.238 113072
1.239 113067
1.263 113064
1.263 113060
1.265 113058
1.267 113054
1.268 113052
1.273 113040
1.274 113039
1.297 112858
1.299 112806
1.3 112805
1.303 112772
1.306 112726
1.307 112722
1.308 112697
1.326 112598
1.328 112544
1.329 112536
1.374 112528
1.375 112503
1.381 112475
1.382 112465
1.43 112454
1.453 112436
1.454 112405
1.458 112399
1.458 112378
1.475 112309
1.479 112253
1.48 112249
1.481 112241
1.483 112236
1.494 112102
1.506 112094
1.507 112089
1.508 112086
1.51 112070
1.511 112054
1.512 112044
1.513 112030
1.513 112016
1.534 112000
1.535 111991
1.537 111989
1.537 111985
1.538 111984
1.539 111982
1.542 111973
1.545 111960
1.547 111947
1.791 111946
1.792 111940
1.793 111932
1.857 111927
1.859 111926
1.86 111922
1.86 111915
1.861 111909
1.861 111907
1.863 111902
1.864 111883
1.937 111869
2.004 111863
2.006 111831
2.006 111829
2.008 111828
2.008 111823
2.009 111811
2.009 111806
2.011 111797
2.011 111796
2.013 111779
2.015 111772
2.015 111764
2.027 111755
2.027 111754
2.028 111752
2.028 111749
2.029 111743
2.04 111729
2.065 111723
2.066 111701
2.066 111697
2.067 111694
2.067 111692
3.641 111624
3.646 111590
3.686 111572
3.687 111567
3.703 111556
3.706 111550
3.707 111549
3.707 111537
3.715 111535
3.731 111493
3.837 111485
3.926 111475
3.928 111459
3.929 111424
3.947 111422
3.966 111412
3.967 111404
3.969 111375
3.969 111361
3.97 111357
3.979 111353
3.982 111352
3.984 111349
4.149 111347
4.168 111320
4.17 111293
4.17 111292
4.174 111287
4.354 111286
4.363 111273
4.364 111272
4.365 111230
4.665 111219
4.678 111205
4.967 110934
4.968 110933
4.969 110928
5.004 110926
5.005 110918
5.005 110911
5.006 110907
5.011 110890
5.012 110886
5.012 110880
5.023 110845
5.061 110809
5.063 110808
5.188 110795
5.201 110757
5.22 110750
5.22 110749
5.242 110742
5.243 110738
5.247 110715
5.249 110711
5.264 110704
5.265 110698
5.265 110679
5.278 110673
5.28 110664
5.281 110659
5.282 110658
5.287 110654
5.289 110652
5.434 110642
6.148 110552
6.15 110502
6.15 110500
6.159 110493
6.376 110483
6.377 110480
6.378 110469
6.382 110447
6.383 110440
6.386 110431
6.389 110417
6.398 110399
6.415 110398
6.416 110354
6.417 110349
6.417 110340
6.417 110339
6.419 110323
15.334 110318
15.336 110302
15.346 110300
15.363 110294
15.363 110293
15.364 110292
15.392 110275
15.485 110274
15.486 110271
15.536 110262
15.538 110256
15.54 110252
15.546 110249
15.547 110245
15.548 110242
15.561 110235
15.562 110228
15.563 110227
17.832 110213
17.833 110201
19.314 110187
19.337 110177
19.337 110176
19.339 110173
19.503 110156
19.504 110154
19.504 110149
19.505 110148
19.508 110139
19.509 110133
21.931 110127
21.932 110111
21.933 110108
21.936 110107
21.938 110106
21.938 110105
21.939 110102
21.943 110098
21.944 110096
22.333 110094
22.589 110093
22.59 110090
22.594 110075
22.601 110070
22.823 110067
22.826 110063
32.059 110061
32.062 110060
32.063 110033
32.181 110021
32.184 110019
32.243 110017
32.573 110012
32.586 110011
36.338 110009
36.343 110006
36.357 110001
36.361 110000
36.364 109998
41.506 109997
41.571 109992
41.573 109990
41.574 109987
41.575 109986
41.576 109985
41.58 109975
42.293 109964
42.299 109963
42.303 109962
42.363 109958
42.506 109957
42.777 109953
44.453 109952
44.92 109951
45.036 109950
45.041 109949
45.045 109948
45.065 109941
45.118 109939
45.119 109938
45.413 109931
45.416 109926
45.419 109925
45.428 109923
45.428 109922
45.43 109921
45.439 109918
52.652 109910
52.663 109907
52.663 109904
52.712 109901
53.746 109900
53.763 109898
53.775 109895
