0.029 118582
0.03 118511
0.03 118499
0.031 118470
0.031 118437
0.032 118404
0.033 118395
0.035 118369
0.036 118341
0.038 118312
0.038 118311
0.039 118310
0.04 118301
0.048 118211
0.053 118181
0.055 118167
0.059 118113
0.06 118091
0.068 118083
0.072 117912
0.073 117903
0.079 117716
0.08 117703
0.098 117698
0.099 117687
0.107 117684
0.107 117664
0.118 117611
0.12 117201
0.122 117195
0.123 117185
0.124 117123
0.125 117108
0.131 117072
0.132 117071
0.134 117048
0.135 117045
0.138 117028
0.139 117026
0.14 117017
0.152 116993
0.152 116980
0.153 116973
0.153 116970
0.155 116940
0.157 116886
0.157 116877
0.165 116849
0.165 116843
0.166 116832
0.189 116829
0.19 116824
0.215 116794
0.217 116791
0.218 116765
0.218 116026
0.219 116016
0.235 115840
0.238 115834
0.238 115832
0.239 115797
0.24 115787
0.24 115784
0.242 115766
0.246 115763
0.261 115751
0.262 115749
0.263 115745
0.265 115744
0.275 115697
0.278 115658
0.311 115229
0.312 115221
0.322 115216
0.333 115215
0.333 115212
0.333 115211
0.35 115210
0.357 114871
0.358 114866
0.389 114863
0.39 114852
0.391 114824
0.394 114823
0.395 114815
0.402 114664
0.404 114655
0.404 114627
0.406 114621
0.407 114618
0.408 114617
0.408 114599
0.417 114590
0.418 114575
0.424 114569
0.425 114549
0.429 114535
0.431 114498
0.443 114496
0.455 114490
0.456 114488
0.458 114486
0.458 114480
0.464 114475
0.464 114473
0.523 114465
0.525 114406
0.529 114245
0.529 114240
0.53 114230
0.531 114221
0.532 114218
0.534 114210
0.535 114202
0.551 114126
0.551 114118
0.552 114113
0.555 114107
0.557 114009
0.558 113996
0.559 113987
0.594 113975
0.595 113970
0.624 113963
0.624 113935
0.625 113912
0.627 113572
0.628 113526
0.631 113514
0.633 113507
0.633 113506
0.676 113502
0.676 113496
0.682 113493
0.685 113492
0.685 113489
0.685 113481
0.741 113476
0.743 113464
0.743 113454
0.745 113450
0.746 113441
0.747 113438
0.755 113431
0.757 113407
0.867 113397
0.869 113396
0.871 113367
0.873 113342
0.874 113328
0.876 113319
0.94 113248
0.94 113243
0.941 113240
0.942 113230
0.944 113199
0.945 113182
0.951 113178
0.953 113148
1.118 113147
1.12 113112
1.141 113106
1.241 113100
1.475 113087
1.48 113062
1.484 113052
1.646 113022
1.648 113016
1.649 112825
1.686 112806
1.705 112780
1.712 112779
1.718 112774
1.729 112771
1.73 112763
1.732 112762
1.733 112755
1.739 112750
1.74 112747
2.985 112742
3.032 112733
3.041 112719
3.055 112653
3.056 112635
3.057 112612
3.061 112611
3.459 112582
3.463 112575
3.464 112567
3.464 112554
3.465 112532
3.466 112530
3.468 112524
3.468 112504
3.47 112497
3.471 112491
3.472 112483
3.488 112456
3.489 112446
3.49 112428
3.491 112423
3.494 112418
3.501 112407
4.169 112406
4.169 112402
4.171 112380
4.171 112373
4.178 112372
4.178 112371
4.179 112341
4.183 112330
4.186 112322
4.187 112311
4.19 112295
4.191 112250
4.194 112247
4.195 112245
4.267 112221
4.303 112199
4.305 112196
4.307 112153
4.307 112152
4.309 112140
4.314 112129
4.315 112121
4.317 112113
4.318 112105
4.319 111895
4.32 111887
4.32 111876
4.322 111859
4.327 111849
4.328 111847
4.362 111840
4.363 111827
4.374 111804
4.567 111735
4.569 111728
4.595 111727
4.597 111707
4.598 111704
4.6 111678
4.601 111671
4.602 111669
4.603 111658
4.609 111650
4.61 111648
5.087 111609
5.088 111605
5.164 111604
5.165 111559
5.401 111557
5.455 111548
5.456 111545
5.545 111520
5.546 111491
5.745 111483
5.748 111478
5.75 111437
5.754 111434
5.756 111422
5.761 111418
5.764 111410
5.797 111409
5.851 111407
5.851 111405
5.852 111404
5.852 111394
5.853 111393
5.854 111376
5.856 111367
5.857 111363
5.861 111349
6.177 111342
6.198 111341
6.255 111292
6.256 111290
6.258 111277
6.258 111254
8.27 111249
8.273 111246
8.274 111243
8.276 111225
8.281 111211
8.284 111210
8.285 111203
8.295 111135
8.33 111126
8.331 111125
8.331 111078
8.591 111059
8.594 111054
9.405 110979
9.406 110962
9.536 110907
9.561 110899
9.562 110898
9.566 110893
9.574 110886
9.574 110882
9.576 110880
9.6 110865
9.608 110855
9.609 110854
9.624 110843
10.014 110841
10.02 110833
11.985 110755
11.987 110754
11.988 110745
14.324 110742
14.325 110732
14.326 110730
14.327 110728
14.334 110723
14.334 110722
14.344 110715
17.849 110702
17.857 110694
17.857 110688
17.864 110686
17.915 110675
17.916 110672
17.918 110671
17.919 110670
22.769 110659
22.783 110655
22.784 110654
22.796 110642
22.958 110641
22.959 110640
23.687 110633
23.69 110632
24.044 110629
24.051 110609
24.051 110603
24.054 110602
24.055 110601
24.097 110599
24.106 110595
24.112 110588
24.114 110586
26.946 110564
26.946 110560
26.947 110558
26.948 110557
26.948 110554
26.952 110551
26.954 110541
26.956 110538
27.019 110522
27.107 110519
27.109 110517
27.112 110504
27.117 110500
27.126 110468
27.456 110467
27.457 110461
27.458 110459
27.459 110453
27.462 110442
27.469 110436
28.029 110429
28.03 110423
29.105 110415
29.16 110412
29.167 110405
29.169 110404
29.27 110402
29.27 110400
31.074 110399
31.132 110390
31.134 110389
31.138 110370
31.145 110344
31.178 110334
31.351 110323
31.367 110321
31.368 110320
31.406 110314
31.41 110303
31.418 110302
31.544 110300
31.545 110298
31.55 110294
31.629 110292
31.836 110284
31.84 110280
31.842 110276
31.846 110273
32.173 110272
32.175 110268
32.178 110267
32.18 110265
32.193 110262
32.197 110258
32.201 110256
32.208 110242
32.216 110239
32.216 110235
32.226 110233
32.271 110226
32.273 110224
32.279 110222
32.28 110216
32.305 110213
32.307 110210
32.345 110203
32.347 110201
32.381 110200
32.382 110199
32.406 110194
32.407 110189
32.41 110182
32.415 110179
32.449 110176
32.45 110173
35.267 110169
35.288 110168
35.295 110166
35.297 110163
35.33 110157
35.341 110156
35.528 110155
35.557 110152
45.484 110151
46.23 110148
46.236 110147
46.502 110141
46.581 110139
46.611 110138
46.645 110132
46.669 110126
46.696 110124
48.958 110123
49.01 110120
49.011 110116
49.062 110115
49.748 110114
49.764 110110
49.765 110108
50.115 110107
50.116 110106
50.119 110105
50.142 110104
50.148 110101
50.153 110100
50.211 110092
50.212 110088
50.212 110085
50.219 110084
50.23 110083
