0.025 51486
0.026 51469
0.026 51413
0.027 51399
0.027 51384
0.027 51312
0.028 51297
0.028 51294
0.028 51166
0.029 51149
0.029 51148
0.03 51131
0.031 51124
0.032 51067
0.033 51060
0.034 51035
0.034 50991
0.035 50984
0.035 50959
0.036 50958
0.037 50751
0.046 50679
0.046 50668
0.047 50658
0.049 50655
0.05 50616
0.054 50603
0.054 50579
0.054 50568
0.055 50549
0.057 50537
0.059 50520
0.059 50516
0.061 50466
0.061 50432
0.062 50428
0.064 50396
0.086 50384
0.09 50360
0.091 50330
0.092 50326
0.094 50323
0.096 50305
0.099 50299
0.1 50260
0.103 50253
0.106 50251
0.106 50247
0.107 50244
0.117 50239
0.118 50237
0.124 50236
0.126 50215
0.131 50194
0.132 50193
0.133 50152
0.133 50149
0.142 50145
0.142 50134
0.143 50128
0.149 50113
0.193 50083
0.195 50046
0.196 50030
0.197 50025
0.218 50020
0.238 50015
0.268 50003
0.27 49988
0.272 49962
0.301 49956
0.304 49952
0.31 49941
0.38 49903
0.38 49855
0.384 49854
0.384 49852
0.384 49843
0.386 49842
0.387 49825
0.392 49821
0.394 49817
0.395 49816
0.396 49795
0.397 49761
0.398 49751
0.402 49719
0.402 49715
0.405 49705
0.406 49701
0.407 49694
0.412 49672
0.414 49661
0.416 49660
0.417 49658
0.418 49642
0.42 49639
0.423 49621
0.424 49585
1.945 49579
1.946 49568
1.95 49480
1.951 49476
1.954 49472
2.633 49459
2.701 49438
2.703 49432
2.704 49406
2.721 49368
2.724 49341
2.727 49332
4.147 49302
9.353 49291
9.491 49285
9.492 49260
9.494 49256
9.495 49221
9.498 49214
9.499 49213
9.499 49190
9.501 49189
9.502 49180
10.802 49179
10.804 49176
10.804 49170
10.81 49165
10.817 49159
10.817 49157
10.82 49140
10.851 49138
10.851 49136
10.853 49134
10.857 49125
10.859 49122
10.861 49121
10.862 49097
10.871 49093
10.873 49087
10.874 49072
10.876 49071
10.877 49060
10.878 49057
10.879 49025
21.14 49015
21.141 49011
21.144 49007
21.149 49002
21.152 48997
21.152 48995
21.154 48986
21.167 48973
21.17 48972
21.176 48967
21.182 48966
21.208 48962
21.219 48960
21.818 48957
21.86 48948
21.864 48947
21.936 48938
21.94 48932
23.902 48926
23.916 48925
23.931 48920
23.945 48918
23.946 48914
23.947 48881
23.952 48879
23.956 48873
23.963 48868
23.964 48858
24.51 48849
24.517 48848
24.519 48840
24.524 48839
24.529 48835
24.533 48827
24.533 48825
24.539 48824
24.902 48820
25.573 48819
25.575 48818
25.581 48815
25.589 48807
25.589 48804
26.328 48799
26.332 48798
26.346 48794
26.351 48792
26.354 48789
26.77 48787
26.771 48783
26.803 48772
27.515 48766
27.528 48755
27.838 48754
29.133 48751
29.134 48750
29.137 48749
29.205 48746
29.208 48743
29.231 48742
29.73 48729
29.769 48726
29.782 48725
30.058 48718
30.06 48716
31.757 48715
31.765 48709
31.77 48707
31.922 48706
31.942 48694
31.952 48692
31.966 48691
31.968 48690
31.978 48688
31.978 48687
32.169 48676
32.177 48670
32.416 48666
32.416 48665
33.42 48660
33.566 48646
33.57 48641
33.581 48636
33.6 48634
33.606 48633
33.654 48624
33.656 48622
33.671 48618
33.673 48615
35.8 48611
37.511 48609
37.848 48608
38.662 48603
38.666 48602
38.76 48599
38.771 48597
38.899 48596
38.954 48594
38.964 48587
38.965 48586
38.966 48584
39.01 48582
39.023 48581
39.056 48580
39.091 48579
39.099 48577
39.194 48576
41.324 48575
41.429 48574
41.621 48571
41.904 48569
41.917 48567
42.43 48566
42.475 48565
42.48 48564
42.586 48562
43.288 48558
43.321 48553
43.338 48550
43.364 48549
43.372 48548
43.381 48544
43.387 48542
43.634 48541
43.834 48538
43.838 48530
