0.038 92217
0.039 92167
0.039 92166
0.04 92149
0.043 91874
0.043 91836
0.044 91813
0.044 91804
0.045 91771
0.045 91747
0.045 91746
0.046 91694
0.046 91644
0.047 91592
0.047 91591
0.048 91590
0.049 91540
0.05 91534
0.051 91533
0.051 91447
0.052 91442
0.053 91426
0.054 91421
0.055 91410
0.056 91401
0.056 91396
0.062 91328
0.07 91302
0.071 91298
0.073 91274
0.077 91271
0.078 91268
0.083 91260
0.083 91224
0.085 91221
0.087 91182
0.092 91179
0.093 91171
0.093 91169
0.094 91166
0.144 91155
0.168 91154
0.168 91111
0.169 91102
0.226 91090
0.227 91086
0.227 91076
0.228 91073
0.263 91070
0.266 91062
0.267 91061
0.269 90928
0.271 90902
0.275 90806
0.306 90395
0.311 90386
0.312 90239
0.314 90217
0.315 90214
0.317 90213
0.317 90199
0.319 90188
0.32 90170
0.322 90153
0.327 90117
0.329 90109
0.329 90088
0.331 90039
0.341 90034
0.344 90030
0.345 90029
0.346 90026
0.361 89976
1.062 89968
1.063 89960
1.073 89955
1.098 89951
1.098 89939
1.099 89918
1.114 89911
1.142 89885
1.146 89877
1.149 89873
1.165 89869
1.167 89862
1.168 89834
1.169 89819
1.171 89806
1.172 89802
1.173 89797
4.78 89758
5.012 89753
5.365 89739
5.412 89725
5.477 89724
5.48 89723
5.481 89721
5.482 89717
5.483 89704
5.484 89702
5.486 89698
5.733 89659
5.782 89617
5.788 89615
5.788 89611
7.746 89609
7.748 89604
7.748 89602
7.757 89584
8.269 89578
8.27 89571
8.271 89566
8.291 89518
8.292 89514
8.346 89501
8.347 89500
8.36 89499
8.361 89496
8.364 89478
8.365 89475
8.397 89460
8.398 89458
8.399 89450
8.402 89413
8.532 89406
8.533 89391
8.539 89386
8.677 89366
8.708 89362
8.711 89360
8.712 89344
8.713 89319
9.247 89309
9.25 89303
9.251 89289
9.262 89283
9.406 89282
9.407 89254
9.407 89244
9.408 89230
9.409 89196
9.415 89189
9.42 89188
9.421 89173
9.426 89170
9.427 89165
9.508 89158
9.511 89157
9.523 89153
10.699 89152
10.929 89134
10.929 89121
10.93 89070
10.93 89054
10.931 89013
10.932 89000
10.938 88978
10.939 88959
10.939 88949
10.94 88947
10.941 88945
10.942 88940
10.946 88936
10.948 88893
18.69 88887
18.693 88885
18.731 88883
22.177 88879
22.178 88877
22.232 88868
22.416 88865
22.418 88857
22.419 88846
22.465 88845
22.466 88837
22.467 88833
22.796 88831
22.797 88826
22.812 88824
22.813 88820
22.817 88817
22.868 88810
22.869 88805
22.878 88800
23.462 88797
23.464 88772
23.953 88763
23.995 88756
23.999 88755
24.019 88733
24.02 88721
24.02 88720
24.023 88700
24.024 88689
24.026 88687
24.03 88664
24.033 88660
30.77 88658
30.78 88650
30.785 88646
30.799 88637
30.799 88630
30.802 88625
33.499 88619
39.128 88618
39.136 88616
39.145 88615
39.968 88610
39.969 88608
40.028 88607
40.036 88605
40.279 88604
40.281 88603
40.35 88600
40.357 88599
40.359 88595
40.53 88594
40.531 88591
43.109 88587
43.127 88586
43.142 88584
43.144 88582
43.167 88573
43.168 88569
43.192 88566
43.58 88564
43.608 88563
43.61 88562
43.73 88557
43.763 88556
43.768 88554
43.782 88551
43.785 88549
43.803 88546
43.809 88541
43.823 88540
43.823 88535
43.85 88533
43.867 88529
43.978 88528
44.11 88527
44.117 88526
44.771 88524
44.785 88523
44.816 88519
44.838 88518
44.873 88514
46.131 88513
46.353 88512
46.36 88506
46.361 88505
46.414 88502
48.014 88501
48.028 88500
48.068 88497
48.375 88495
48.497 88494
48.505 88492
48.513 88491
48.632 88486
48.638 88485
48.642 88483
