0.047 72948
0.047 72943
0.047 72938
0.048 72917
0.048 72912
0.049 72878
0.049 72875
0.049 72872
0.05 72842
0.05 72839
0.052 72766
0.052 72715
0.052 72710
0.053 72697
0.053 72687
0.054 72679
0.054 72662
0.054 72655
0.054 72647
0.055 72638
0.055 72627
0.057 72554
0.057 72472
0.057 72463
0.058 72462
0.058 72433
0.059 72334
0.061 72332
0.061 72296
0.061 72294
0.062 72290
0.063 72168
0.063 72165
0.063 72147
0.063 72133
0.084 72128
0.087 72094
0.088 72083
0.108 72056
0.11 72048
0.122 72020
0.123 72019
0.124 71987
0.124 71984
0.125 71981
0.126 71948
0.127 71936
0.127 71923
0.128 71916
0.132 71914
0.192 71888
0.192 71877
0.193 71873
0.195 71868
0.196 71851
0.197 71828
0.201 71758
0.247 71701
0.248 71683
0.248 71675
0.249 71660
0.25 71656
0.26 71600
0.261 71599
0.279 71577
0.282 71552
0.284 71543
0.292 71528
0.297 71526
0.298 71509
0.317 71507
0.318 71506
0.321 71455
0.323 71448
0.323 71446
0.358 71440
0.358 71432
0.359 71407
0.36 71404
0.362 71382
0.362 71366
0.363 71360
0.363 71345
0.364 71342
0.367 71324
0.379 71304
0.419 71286
0.421 71285
0.831 71232
0.832 71194
0.834 71185
0.836 71184
2.276 71180
2.276 71150
2.277 71130
2.278 71107
2.284 71053
5.268 71052
5.268 71043
5.271 71030
5.297 71028
6.32 71019
6.322 71018
6.323 71008
6.868 71006
6.869 70987
6.87 70978
6.871 70968
7.314 70892
7.32 70891
7.321 70878
7.325 70849
7.327 70847
7.328 70820
10.922 70814
10.925 70788
10.932 70783
10.933 70759
10.935 70758
11.131 70746
11.133 70745
11.144 70744
11.168 70719
11.176 70702
11.181 70681
12.301 70671
14.057 70658
15.403 70647
15.404 70636
15.406 70632
15.406 70630
15.408 70626
15.428 70624
15.429 70611
15.435 70608
15.454 70597
15.455 70582
15.459 70570
15.459 70563
15.46 70554
15.463 70538
15.466 70534
15.863 70532
15.871 70526
16.469 70521
16.474 70508
19.457 70505
19.458 70503
19.463 70488
19.464 70483
19.594 70462
19.628 70454
19.629 70452
19.63 70384
19.728 70377
20.093 70374
20.545 70356
20.547 70355
20.548 70343
20.556 70329
20.559 70325
20.56 70317
20.572 70312
20.572 70284
20.573 70283
20.579 70280
20.622 70276
20.628 70271
20.631 70265
20.634 70249
20.634 70241
25.543 70235
25.582 70233
25.583 70222
25.584 70220
25.589 70216
25.589 70198
25.594 70197
25.599 70193
25.605 70183
25.606 70177
25.802 70175
25.805 70170
26.351 70165
27.137 70158
27.144 70151
28.069 70150
28.069 70134
28.069 70123
29.009 70110
29.01 70106
29.019 70105
29.044 70100
29.05 70099
29.052 70096
29.053 70093
29.053 70088
29.13 70087
29.131 70083
29.197 70077
29.229 70073
29.231 70072
29.239 70067
29.24 70062
29.242 70052
29.246 70051
29.247 70050
31.352 70049
31.353 70046
31.364 70042
31.478 70031
31.494 70026
31.496 70025
32.985 70017
33.019 70016
33.045 70012
33.045 70011
33.049 70009
33.305 70004
33.305 70003
33.389 69998
33.397 69995
33.4 69993
33.408 69961
33.41 69960
33.417 69959
33.418 69957
33.423 69938
39.282 69937
39.285 69935
39.801 69934
40.747 69930
40.772 69919
40.949 69917
40.95 69916
41.064 69914
41.066 69912
41.082 69906
41.094 69905
41.183 69902
41.185 69901
44.338 69896
44.354 69894
44.415 69891
45.917 69889
46.086 69887
46.123 69880
46.126 69872
46.136 69871
47.821 69868
47.845 69867
47.876 69865
