0.053 259091
0.054 259058
0.054 259050
0.056 258997
0.057 258967
0.058 258952
0.059 258896
0.06 258785
0.061 258703
0.062 258702
0.063 258694
0.063 258693
0.064 258572
0.069 258524
0.07 258369
0.071 258367
0.074 258319
0.079 258298
0.087 258297
0.088 258279
0.092 258212
0.093 258206
0.096 258182
0.097 258181
0.1 258153
0.101 258120
0.108 258098
0.112 258075
0.114 258056
0.119 258026
0.122 257948
0.122 257930
0.123 257640
0.123 257591
0.124 257585
0.124 257563
0.125 257554
0.127 257529
0.128 257482
0.129 257386
0.13 257332
0.131 257307
0.135 257276
0.136 257228
0.138 257227
0.145 257222
0.147 257220
0.149 257197
0.152 257186
0.152 257171
0.178 257168
0.178 257157
0.179 257147
0.179 257125
0.185 257111
0.187 257028
0.19 256518
0.191 256516
0.192 256499
0.193 256483
0.194 256472
0.194 256451
0.199 256344
0.201 256337
0.201 256328
0.204 256317
0.205 256285
0.207 256215
0.207 256212
0.217 256188
0.226 256187
0.229 256154
0.242 256109
0.245 255963
0.247 255962
0.249 255918
0.251 255916
0.251 255912
0.253 255911
0.253 255853
0.258 255796
0.258 255795
0.29 255791
0.291 255647
0.306 255636
0.308 255568
0.309 255477
0.32 255439
0.324 255438
0.324 255432
0.324 255429
0.328 255410
0.33 255389
0.332 255387
0.333 255376
0.334 255358
0.343 255334
0.344 255323
0.345 255322
0.361 255320
0.367 255251
0.383 255212
0.389 255201
0.432 255188
0.451 255137
0.455 255092
0.478 255082
0.479 255065
0.493 255062
0.496 255056
0.497 254981
0.498 254944
0.512 254928
0.513 254839
0.516 254834
0.52 254745
0.521 254731
0.523 254692
0.524 254634
0.525 254628
0.531 254523
0.539 254476
0.541 254451
0.542 254413
0.574 254306
0.577 254290
0.579 254273
0.607 254215
0.608 254212
0.609 254189
0.61 254185
0.61 254184
0.61 254173
0.651 254078
0.652 254072
0.655 254070
0.656 254000
0.657 253985
0.658 253959
0.77 253951
0.771 253947
0.772 253849
0.806 253847
0.812 253731
0.813 253692
0.814 253691
1.174 253661
1.174 253655
1.259 253587
1.263 253469
1.266 253456
1.279 253386
1.28 253376
1.28 253361
1.281 253345
1.281 253332
1.283 253312
1.284 253308
1.321 253263
1.332 253223
1.337 253217
1.338 253209
1.343 253018
1.344 253005
1.348 252979
1.352 252972
1.353 252956
1.355 252918
1.355 252916
1.362 252883
1.367 252868
1.378 252839
1.379 252777
1.384 252771
1.403 252756
1.404 252746
1.405 252676
1.405 252627
1.409 252625
1.417 252563
1.42 252562
1.438 252537
1.458 252486
1.46 252453
1.464 252427
1.465 252426
1.467 252422
1.47 252414
1.473 252394
1.483 252383
1.484 252218
1.489 252217
1.499 252216
1.503 252206
1.507 252204
1.509 252199
1.509 252188
1.598 252183
1.602 252168
1.605 252167
1.607 252128
1.756 252122
1.759 252120
1.76 252115
1.768 252113
1.813 252092
1.815 252081
1.819 252042
1.82 252040
1.826 252016
1.826 252014
1.918 252001
1.92 251976
1.922 251972
1.926 251971
1.929 251940
1.929 251935
1.955 251920
1.963 251735
1.965 251704
1.968 251696
1.97 251683
1.982 251522
1.983 251519
2.015 251518
2.016 251514
2.022 251507
2.023 251505
2.024 251502
2.028 251499
2.031 251498
2.037 251472
2.047 251422
2.048 251417
2.048 251414
2.06 251385
2.174 251370
2.236 251331
2.559 251278
2.56 251248
2.943 251244
2.944 251227
2.95 251215
2.962 251179
2.962 251178
2.966 251171
2.967 251159
2.967 251155
3.111 251153
3.111 251142
3.328 251104
3.33 251087
3.335 251073
3.342 251036
3.342 251032
3.343 251005
3.344 250960
3.344 250955
3.348 250946
3.367 250913
3.369 250904
3.369 250897
3.371 250891
3.376 250880
3.392 250877
3.393 250869
3.417 250865
3.648 250852
3.648 250850
3.65 250829
3.652 250827
3.656 250825
3.657 250815
3.66 250798
3.665 250780
3.666 250774
3.691 250761
3.737 250754
3.738 250739
3.758 250707
3.763 250698
3.764 250690
3.774 250666
3.775 250664
3.778 250663
3.779 250659
3.781 250644
4.618 250588
4.619 250584
4.627 250583
4.671 250581
4.671 250570
4.674 250566
4.681 250528
8.165 250519
8.172 250514
8.173 250511
8.174 250508
8.179 250496
8.183 250495
8.186 250479
8.187 250475
8.189 250474
8.201 250469
8.202 250449
8.203 250440
8.221 250423
8.223 250420
8.235 250415
8.247 250372
8.409 250356
8.416 250355
8.418 250343
8.418 250342
9.721 250336
9.727 250330
9.729 250329
9.735 250309
9.736 250289
9.739 250284
9.742 250283
9.743 250278
10.267 250273
10.27 250268
10.271 250255
10.291 250248
10.304 250223
10.308 250218
10.311 250210
10.314 250202
10.316 250188
10.318 250186
10.318 250176
10.32 250164
10.32 250162
10.344 250156
10.347 250142
10.35 250132
10.352 250124
10.482 250113
10.484 250107
11.299 250079
11.3 250043
11.317 250040
11.321 250035
11.326 250021
11.327 250017
11.33 250015
11.339 250004
11.339 249980
11.341 249978
11.341 249976
11.345 249973
11.349 249971
11.352 249968
11.378 249923
12.078 249921
14.276 249904
14.288 249875
14.29 249872
14.337 249870
14.399 249867
14.405 249841
14.41 249826
14.427 249825
14.515 249813
14.515 249804
14.516 249791
14.516 249789
14.71 249767
14.711 249766
14.711 249765
14.723 249755
15.287 249742
15.293 249737
15.297 249716
15.303 249712
15.303 249710
15.307 249709
15.469 249696
15.473 249685
15.475 249683
15.478 249677
15.478 249675
15.482 249668
15.482 249657
15.979 249655
15.979 249651
15.983 249636
15.984 249618
15.984 249617
16.002 249614
16.29 249595
16.307 249589
16.308 249588
16.395 249583
16.593 249571
16.594 249569
16.594 249565
16.597 249560
16.621 249555
16.624 249554
16.957 249541
16.959 249539
16.96 249533
16.964 249514
16.965 249506
16.967 249504
16.967 249503
16.969 249499
17.37 249488
17.5 249458
17.506 249454
17.506 249444
17.511 249443
17.527 249432
17.529 249419
17.529 249418
17.543 249412
17.544 249389
17.545 249378
17.652 249372
21.284 249364
21.29 249359
21.291 249358
21.293 249354
21.299 249351
21.344 249348
21.351 249345
21.351 249341
21.352 249338
21.354 249336
21.696 249333
21.696 249330
21.701 249321
21.703 249318
21.722 249315
21.723 249313
22.256 249299
22.359 249286
22.418 249282
22.42 249277
22.421 249276
22.473 249274
22.475 249264
22.479 249262
22.483 249259
22.484 249254
22.488 249249
22.493 249248
22.499 249247
22.5 249245
22.504 249244
22.565 249243
22.593 249227
22.797 249214
22.801 249213
29.776 249199
29.782 249197
29.786 249194
29.786 249193
29.794 249192
29.974 249184
29.98 249176
30.069 249172
30.12 249171
30.12 249170
35.74 249169
35.742 249161
35.748 249160
35.75 249159
35.766 249158
35.768 249156
35.777 249153
35.78 249151
35.781 249147
35.785 249143
35.869 249136
35.893 249132
35.894 249130
35.954 249129
35.979 249128
37.608 249126
37.61 249125
37.611 249114
37.613 249110
37.763 249106
37.8 249104
37.8 249100
37.805 249099
37.821 249097
37.823 249093
37.976 249090
37.993 249079
39.309 249077
39.309 249072
39.318 249069
39.325 249068
39.33 249067
39.539 249065
44.706 249064
44.71 249061
44.713 249060
44.729 249056
44.737 249054
46.827 249038
46.845 249036
46.848 249035
46.938 248969
46.974 248968
47.712 248965
47.734 248964
47.746 248963
47.774 248959
48.184 248958
48.184 248956
48.189 248954
48.191 248948
48.2 248947
48.434 248940
48.59 248934
48.831 248932
48.839 248931
48.881 248930
48.883 248926
48.887 248925
48.929 248924
49.034 248920
49.122 248918
49.136 248917
49.168 248914
49.169 248913
49.174 248912
49.177 248910
49.381 248909
49.441 248905
49.442 248904
49.448 248903
49.455 248902
49.458 248899
49.462 248898
49.644 248896
50.099 248893
50.103 248890
52.314 248888
52.488 248884
52.492 248881
52.505 248879
52.519 248874
52.529 248873
