0.061 96034
0.061 96003
0.061 95992
0.062 95893
0.062 95889
0.063 95776
0.063 95757
0.064 95716
0.065 95629
0.066 95617
0.066 95533
0.067 95532
0.067 95516
0.067 95511
0.068 95497
0.069 95466
0.071 95451
0.071 95414
0.072 95166
0.074 95144
0.074 95141
0.074 95140
0.076 95106
0.076 95097
0.077 95088
0.077 95068
0.078 95062
0.08 95060
0.08 94991
0.08 94982
0.082 94976
0.082 94970
0.084 94952
0.084 94951
0.085 94939
0.085 94931
0.087 94905
0.089 94900
0.09 94866
0.09 94861
0.091 94857
0.096 94851
0.104 94844
0.104 94842
0.108 94833
0.109 94819
0.132 94755
0.133 94746
0.136 94735
0.142 94705
0.146 94688
0.146 94674
0.147 94673
0.153 94613
0.154 94611
0.159 94610
0.16 94607
0.256 94598
0.264 94558
0.265 94538
0.267 94535
0.268 94482
0.269 94480
0.269 94477
0.271 94476
0.273 94471
0.275 94430
0.275 94427
0.315 94408
0.316 94383
0.317 94357
0.333 94354
0.336 94349
0.452 94348
0.461 94346
0.48 94328
0.48 94315
0.48 94291
0.481 94288
0.481 94285
0.482 94270
0.488 94264
0.488 94261
0.489 94215
0.491 94200
0.491 94170
0.492 94058
0.493 94057
0.494 94043
0.495 94041
0.498 94040
0.513 94039
0.515 94030
0.517 94024
0.536 94023
0.536 94018
0.618 94002
0.624 93991
0.626 93989
0.627 93973
0.628 93972
0.63 93963
0.632 93956
0.632 93955
0.655 93946
0.657 93932
0.657 93883
0.661 93860
0.662 93853
0.662 93846
0.665 93844
0.668 93841
0.691 93833
0.696 93830
0.7 93814
0.71 93801
0.714 93772
0.715 93729
0.716 93720
0.727 93704
0.727 93700
9.18 93698
9.181 93690
9.203 93665
9.228 93663
9.232 93655
9.234 93651
9.248 93638
9.252 93635
9.254 93610
9.268 93602
9.274 93599
9.287 93586
9.29 93584
9.294 93580
9.294 93569
9.295 93563
9.296 93561
9.301 93536
9.307 93524
9.309 93522
9.319 93511
9.32 93493
9.326 93488
9.328 93486
9.329 93485
9.332 93483
10.413 93101
10.414 93099
10.417 93096
10.419 93058
10.476 93042
10.477 93035
10.478 93027
10.479 93010
10.482 92998
10.492 92993
10.495 92989
10.624 92988
10.625 92962
10.664 92934
11.719 92928
11.722 92923
11.723 92922
11.753 92905
12.609 92900
12.609 92864
12.627 92851
12.639 92848
12.706 92844
12.712 92838
12.712 92829
12.735 92813
12.736 92810
12.737 92805
12.738 92801
12.813 92792
12.988 92782
12.989 92780
12.99 92772
12.99 92771
19.157 92763
19.163 92723
19.649 92717
19.715 92696
19.717 92686
19.719 92685
19.72 92684
19.727 92674
20.758 92662
20.759 92661
20.76 92645
20.76 92640
23.197 92627
23.22 92625
23.601 92604
23.604 92595
24.04 92592
24.042 92591
24.159 92582
24.16 92578
24.169 92568
24.17 92566
24.172 92552
24.172 92549
24.187 92547
25.505 92542
25.508 92536
25.673 92533
25.675 92503
27.664 92489
27.667 92479
27.772 92476
27.777 92474
27.793 92467
27.795 92463
27.843 92458
27.846 92455
27.847 92450
27.894 92442
27.908 92434
27.909 92433
28.526 92411
28.526 92405
28.535 92404
28.581 92402
28.583 92398
28.626 92396
30.554 92391
30.555 92390
30.587 92389
30.593 92386
30.594 92381
30.595 92378
30.609 92377
30.617 92373
30.683 92363
30.686 92355
30.715 92345
30.721 92330
31.361 92329
31.374 92311
31.384 92301
31.386 92293
31.39 92292
31.39 92288
31.735 92287
32.115 92286
32.163 92281
32.186 92273
32.186 92263
32.196 92258
32.719 92255
32.932 92254
32.937 92245
32.94 92243
32.941 92242
33.058 92236
33.151 92235
33.167 92233
33.662 92231
33.666 92229
35.285 92225
35.292 92220
35.304 92218
35.33 92217
35.337 92212
37.97 92209
38.621 92207
38.626 92202
38.631 92198
38.808 92197
38.814 92192
38.817 92191
39.081 92188
39.103 92180
39.94 92176
39.945 92174
40.466 92170
40.468 92169
40.684 92165
41.36 92163
41.97 92157
42.062 92156
42.133 92153
42.23 92150
42.231 92148
42.232 92142
42.239 92139
42.273 92137
42.282 92136
42.431 92134
42.502 92131
43.012 92125
43.063 92112
43.07 92105
43.08 92104
43.081 92098
43.104 92097
43.111 92095
43.277 92092
43.476 92091
43.477 92087
43.477 92084
43.478 92075
43.487 92069
43.488 92068
43.491 92067
43.816 92066
43.826 92065
43.835 92064
43.837 92060
44.138 92059
44.572 92045
52.055 92041
52.064 92040
52.364 92039
52.381 92038
52.403 92033
52.561 92031
