0.066 1521.96
0.066 1509.64
0.067 1504.45
0.067 1499.89
0.068 1499.33
0.069 1499.1
0.069 1487.04
0.07 1475.86
0.071 1474.28
0.071 1471.54
0.071 1469.11
0.072 1467.99
0.073 1466.24
0.074 1466.19
0.075 1465.35
0.076 1464.47
0.079 1463.8
0.08 1463.39
0.082 1462.23
0.086 1461.08
0.087 1461.08
0.09 1460.64
0.094 1460.13
0.102 1454.55
0.102 1454.02
0.103 1452.45
0.105 1450.29
0.106 1449.72
0.109 1446.45
0.11 1440.85
0.116 1433.5
0.117 1432.28
0.118 1430.15
0.119 1429.52
0.119 1426.98
0.12 1425.93
0.121 1425.79
0.121 1425.37
0.122 1422.24
0.122 1419.53
0.124 1419.25
0.126 1419.08
0.129 1416.75
0.138 1416.6
0.162 1416.14
0.162 1412.17
0.163 1411.93
0.164 1411.06
0.181 1410.08
0.182 1409.55
0.185 1408.48
0.27 1408.17
0.773 1407.45
0.773 1407.4
0.781 1406.33
0.785 1404.48
0.806 1404.39
0.812 1404.36
0.818 1403.7
0.819 1402.28
1.205 1400.73
1.206 1400.09
1.206 1400.04
2.732 1396.51
2.739 1396.3
2.966 1395.9
2.967 1395.87
2.969 1395.86
11.091 1395.74
11.099 1395.25
11.1 1395.05
11.103 1394.61
23.142 1394.46
28.573 1393.97
30.056 1393.95
