0.066 1310.2
0.066 1306.68
0.067 1306.29
0.067 1305.9
0.068 1292.39
0.068 1291.91
0.069 1290.03
0.072 1282.16
0.073 1280.35
0.074 1277.83
0.078 1277.02
0.082 1275.02
0.082 1273.68
0.082 1269.44
0.09 1269.4
0.099 1267.53
0.102 1261.65
0.102 1260.53
0.102 1260.44
0.103 1259.42
0.104 1256.8
0.176 1256.53
0.184 1251.6
0.184 1250.74
0.187 1248.69
0.196 1247.63
0.227 1247.2
0.227 1242.55
0.228 1241.18
0.282 1238.07
0.285 1237.52
0.475 1237.49
0.476 1236.02
0.477 1235.29
0.496 1234.18
0.497 1233.95
0.536 1230.39
0.916 1230.24
0.917 1229.33
0.922 1228.1
0.927 1228.01
2.381 1227.6
2.404 1227.49
2.408 1227.43
2.41 1227.39
2.419 1227.05
2.433 1225.85
5.403 1225.54
8.828 1225
11.775 1224.39
11.89 1224.26
13.958 1224.11
13.961 1223.52
