0.064 1296.05
0.065 1273.99
0.065 1269.77
0.066 1269.22
0.067 1249.11
0.07 1245.68
0.071 1237.41
0.072 1236.01
0.072 1233.62
0.074 1231.46
0.074 1229.94
0.074 1229.19
0.075 1222.88
0.08 1222.79
0.082 1222.63
0.084 1219.43
0.084 1217.76
0.085 1215.6
0.085 1207.75
0.086 1205.56
0.089 1204.14
0.093 1202.8
0.094 1201.34
0.096 1199.18
0.099 1198.46
0.1 1198.22
0.11 1195.74
0.112 1193.71
0.114 1192.07
0.13 1189.95
0.192 1188.5
0.193 1186.68
0.194 1184.65
0.195 1178.75
0.195 1178.27
0.204 1173.29
0.205 1172.03
0.209 1168.47
0.264 1167.75
0.264 1165.54
0.264 1165.46
0.267 1163.82
5.918 1163.56
6.757 1163.26
6.869 1163.14
11.003 1162.55
