0.064 932.861
0.065 921.016
0.065 915.824
0.067 911.346
0.079 910.151
0.119 880.675
0.119 858.465
0.12 857.868
0.12 857.503
0.126 852.445
0.126 851.645
0.127 850.806
0.127 850.196
0.132 849.595
0.138 848.149
0.14 846.709
0.142 845.564
0.143 845.067
0.173 844.976
0.253 844.267
0.271 843.675
0.278 842.794
0.291 841.614
0.313 841.036
0.313 840.559
0.605 840.308
1.269 839.991
5.143 838.518
8.833 838.08
8.859 837.94
8.864 837.291
8.893 836.086
8.896 835.462
8.9 835.216
8.9 834.964
15.9 834.644
15.907 833.917
