0.064 919.266
0.064 918.995
0.064 917.721
0.065 914.602
0.068 913.434
0.108 908.03
0.111 900.716
0.111 895.991
0.111 890.39
0.112 887.92
0.112 887.144
0.113 882.464
0.125 872.917
0.125 868.875
0.126 865.905
0.127 865.337
0.127 864.743
0.127 863.17
0.127 862.443
0.13 861.844
0.13 861.523
0.157 859.654
0.162 858.703
0.165 856.494
0.165 852.001
0.166 847.511
0.166 847.103
0.167 844.815
0.188 844.617
0.208 844.296
0.217 844.174
0.393 844
0.406 843.929
0.409 843.898
0.409 843.293
0.41 840.649
0.417 840.596
0.431 840.518
0.752 840.308
0.754 839.991
1.546 839.612
8.932 839.339
11.481 839.278
11.483 838.023
11.549 837.668
11.554 837.236
11.568 836.709
11.617 835.616
11.621 835.356
