0.066 1174.47
0.067 1168.78
0.069 1168.27
0.069 1166.61
0.07 1166.59
0.071 1164.79
0.072 1159.32
0.072 1153.46
0.078 1152.61
0.079 1148.11
0.084 1147.2
0.089 1146.23
0.089 1142.59
0.09 1139.36
0.091 1137.77
0.095 1137.43
0.095 1137.38
0.097 1136.75
0.1 1136.55
0.102 1135.6
0.104 1134.75
0.104 1130.56
0.105 1127.02
0.105 1125.05
0.106 1121.64
0.109 1120.18
0.109 1119.66
0.109 1117.69
0.116 1116.89
0.117 1114.1
0.117 1113.16
0.118 1112.63
0.119 1111.64
0.12 1105.05
0.123 1102.46
0.127 1100.81
0.134 1098.16
0.136 1098.09
0.138 1096.84
0.14 1096.62
0.14 1096.53
0.145 1095.62
0.146 1094.16
0.146 1093.37
0.147 1092.96
0.147 1092.5
0.148 1091.9
0.158 1088.01
0.158 1084.54
0.165 1082.03
0.165 1081.53
0.171 1079.88
0.201 1079.34
0.202 1075.66
0.235 1074.86
0.236 1074.65
0.237 1072.68
0.239 1072.34
0.313 1072
0.313 1071.95
0.332 1071.3
0.335 1071.23
0.335 1054.93
0.335 1054.89
0.411 1053.31
0.412 1052.72
0.413 1052.28
0.419 1052.11
0.42 1050.39
0.421 1050.34
0.436 1049.82
0.466 1044.33
0.47 1043.3
0.474 1043.2
0.518 1042.56
0.519 1040.8
0.519 1039.73
0.948 1039.68
1.114 1038.21
1.162 1037.85
1.163 1037.34
1.181 1035.84
1.187 1034.6
1.225 1030.7
5.278 1030.36
5.283 1030.24
6.078 1030.03
10.341 1029.33
10.36 1029.25
