1.447 388669
1.449 388634
1.45 388616
1.451 388613
1.452 388607
1.453 388589
1.454 388588
1.455 388546
1.458 388503
1.46 388499
1.461 388483
1.462 388460
1.465 388353
1.466 388346
1.469 388335
1.471 388334
1.472 388322
1.474 388284
1.475 388214
1.476 388209
1.477 388184
1.479 388089
1.48 388043
1.482 388032
1.483 388025
1.484 387968
1.485 387944
1.486 387932
1.489 387927
1.491 387898
1.492 387894
1.496 387882
1.497 387868
1.498 387857
1.5 387819
1.501 387781
1.502 387761
1.504 387733
1.506 387726
1.51 387693
1.512 387674
1.515 387667
1.517 387616
1.518 387614
1.533 387603
1.537 387582
1.539 387543
1.542 387490
1.543 387488
1.549 387461
1.55 387458
1.552 387457
1.553 387436
1.554 387414
1.555 387376
1.556 387361
1.557 387331
1.558 387302
1.57 387284
1.571 387267
1.573 387242
1.575 387135
1.576 387132
1.58 387118
1.581 387102
1.583 387097
1.584 387094
1.585 387006
1.586 387003
1.586 386995
1.587 386990
1.589 386974
1.591 386972
1.595 386971
1.596 386952
1.601 386899
1.602 386880
1.603 386876
1.604 386840
1.605 386824
1.607 386811
1.61 386801
1.611 386772
1.612 386768
1.614 386767
1.615 386759
1.616 386757
1.617 386755
1.618 386754
1.619 386733
1.624 386722
1.625 386721
1.63 386689
1.631 386688
1.631 386678
1.635 386673
1.636 386623
1.637 386592
1.638 386566
1.64 386524
1.641 386522
1.642 386512
1.644 386484
1.645 386453
1.646 386423
1.648 386418
1.649 386407
1.65 386399
1.652 386377
1.654 386357
1.655 386356
1.657 386290
1.661 386283
1.662 386261
1.669 386176
1.67 386121
1.674 386105
1.675 386103
1.676 386096
1.678 386093
1.682 386089
1.683 386075
1.684 386073
1.686 386059
1.686 386039
1.689 385975
1.69 385958
1.692 385957
1.693 385945
1.696 385937
1.697 385836
1.698 385826
1.702 385775
1.703 385740
1.704 385731
1.707 385730
1.708 385724
1.71 385705
1.711 385697
1.715 385694
1.717 385661
1.72 385645
1.722 385642
1.723 385625
1.73 385575
1.732 385572
1.734 385570
1.736 385538
1.746 385512
1.837 385491
1.838 385481
1.876 385406
1.877 385405
1.879 385334
1.88 385333
1.927 385324
1.928 385318
1.935 385310
1.944 385268
136.089 385263
136.091 385256
136.23 385244
136.231 385235
136.234 385195
149.764 385177
149.808 385075
149.875 385057
149.877 385042
149.922 385038
149.923 385037
149.927 385033
149.939 385015
149.94 385008
149.941 385005
149.956 385002
149.959 384975
149.96 384969
149.967 384957
159.478 384943
159.48 384938
159.498 384935
159.5 384924
159.508 384891
159.571 384880
159.574 384742
159.575 384729
159.614 384720
159.617 384714
159.619 384711
159.635 384686
159.636 384663
159.638 384622
159.64 384595
160.367 384569
160.402 384567
160.404 384529
160.406 384528
165.864 384504
165.865 384485
165.868 384482
165.874 384478
176.034 384471
176.045 384447
176.049 384414
176.051 384400
176.079 384386
176.082 384384
176.098 384370
176.112 384343
176.116 384334
176.119 384318
176.135 384313
176.14 384311
176.171 384212
176.175 384206
176.219 384196
176.25 384184
176.254 384183
176.255 384182
176.256 384169
176.258 384151
176.26 384134
176.262 384129
176.265 384097
176.275 384091
176.278 384035
176.284 384026
176.287 384015
176.299 384013
190.604 384008
190.636 383981
190.637 383979
190.638 383978
190.64 383977
190.65 383951
190.652 383948
190.66 383946
190.668 383934
190.724 383930
190.739 383912
195.175 383911
195.179 383907
195.181 383902
195.188 383884
195.189 383872
195.192 383854
195.193 383826
195.2 383817
195.202 383789
195.204 383783
195.205 383776
195.515 383764
195.518 383722
195.519 383721
195.563 383700
195.565 383674
195.567 383646
195.578 383644
195.998 383642
196.001 383616
196.002 383600
196.004 383586
196.005 383529
196.011 383510
196.014 383493
196.018 383478
196.019 383473
196.023 383470
196.028 383462
196.03 383443
196.033 383436
215.414 383421
215.442 383416
215.443 383413
215.446 383411
215.473 383374
215.474 383371
215.476 383369
218.455 383365
218.465 383344
218.495 383341
218.496 383340
218.499 383327
219.595 383315
219.598 383307
219.6 383286
220.333 383277
220.337 383252
220.338 383233
220.34 383222
220.417 383194
220.418 383191
220.419 383178
220.488 383160
220.489 383126
220.498 383124
220.517 383122
220.987 383120
221 383089
221.001 383069
221.03 383066
221.032 383049
221.04 383041
221.041 383039
221.373 383030
221.376 382977
222.368 382976
222.375 382975
222.542 382954
222.544 382953
222.547 382929
222.55 382917
222.551 382904
222.627 382898
222.629 382887
227.586 382886
227.632 382885
227.635 382882
227.698 382866
227.716 382849
227.725 382832
227.728 382820
227.753 382817
227.754 382812
227.759 382786
227.762 382769
227.764 382743
227.766 382737
227.786 382732
230.53 382724
230.531 382718
230.535 382717
231.673 382711
231.675 382709
231.681 382698
231.683 382691
231.986 382687
231.99 382651
231.991 382639
231.994 382628
231.995 382611
232.003 382607
232.004 382603
232.009 382575
232.017 382531
232.02 382524
232.025 382500
232.141 382426
250.726 382401
250.727 382377
251.349 382367
251.35 382356
251.958 382354
251.963 382347
252.359 382313
252.392 382310
252.394 382306
252.402 382298
252.407 382290
252.417 382271
252.529 382212
252.566 382208
257.382 382201
257.399 382188
257.4 382164
257.42 382153
257.423 382134
257.424 382132
257.426 382128
257.428 382117
257.44 382095
257.476 382088
257.482 382087
257.485 382072
257.501 382064
257.503 382062
258.029 382049
258.032 382034
258.041 382015
258.041 382014
258.055 381985
258.06 381981
258.073 381974
258.076 381973
258.077 381944
258.079 381943
258.08 381928
258.082 381925
263.339 381918
263.341 381917
263.351 381914
263.361 381899
263.922 381896
264.081 381874
264.136 381866
264.139 381865
264.28 381863
264.502 381855
264.503 381841
264.51 381838
264.516 381829
264.518 381786
264.52 381777
264.528 381768
264.583 381761
264.589 381724
264.594 381716
264.613 381701
273.888 381664
273.89 381654
273.893 381650
274.059 381643
274.062 381603
274.091 381556
274.135 381550
274.14 381534
274.169 381481
274.171 381471
274.173 381461
276.18 381457
276.225 381454
276.228 381418
276.232 381411
276.233 381403
276.234 381388
276.237 381368
276.241 381367
276.246 381366
276.248 381363
276.254 381332
276.256 381331
276.265 381302
276.266 381289
276.283 381271
276.315 381268
276.358 381243
276.363 381241
276.369 381238
276.37 381236
276.452 381232
276.475 381223
276.479 381202
276.525 381196
276.529 381176
276.532 381165
276.533 381163
276.539 381162
276.546 381154
276.55 381152
276.552 381141
276.628 381083
279.612 381060
279.617 381027
279.627 381017
279.628 381014
279.629 380963
279.642 380952
279.666 380942
279.669 380920
279.673 380916
279.678 380907
279.687 380898
313.818 380890
313.851 380887
313.855 380875
313.858 380867
313.984 380864
313.985 380862
313.987 380832
314.121 380828
314.144 380820
314.147 380802
314.149 380801
314.152 380794
314.191 380782
314.201 380771
314.202 380762
314.209 380752
314.219 380733
314.389 380723
314.39 380710
314.392 380701
314.394 380691
314.401 380686
314.781 380677
314.823 380666
314.827 380659
314.829 380654
314.83 380650
314.879 380641
314.88 380635
314.883 380624
314.896 380607
314.903 380596
315.015 380584
315.022 380580
315.089 380566
315.093 380565
315.095 380563
315.109 380561
315.11 380559
315.126 380555
317.074 380550
317.082 380544
317.096 380536
317.204 380499
317.209 380486
331.18 380418
331.187 380415
339.832 380402
339.843 380399
339.848 380378
339.876 380366
339.88 380352
339.891 380348
339.895 380342
339.902 380327
339.903 380300
339.904 380289
340.023 380263
340.026 380242
340.027 380230
340.598 380203
340.649 380193
340.655 380177
344.378 380163
344.386 380152
344.392 380139
344.393 380122
344.394 380119
344.404 380110
347.248 380091
347.256 380080
347.262 380064
347.268 380062
347.269 380056
347.27 380050
347.272 380044
347.311 380038
347.318 380015
347.34 380009
347.342 379960
347.345 379958
347.351 379957
347.363 379949
347.369 379939
347.372 379936
347.38 379921
347.382 379920
347.393 379912
347.412 379911
347.413 379902
347.425 379876
347.452 379874
360.548 379858
360.555 379848
360.556 379829
360.588 379828
360.593 379826
360.596 379824
360.601 379810
360.606 379802
360.61 379793
360.634 379790
361.735 379785
361.738 379779
361.742 379767
361.743 379766
367.026 379764
367.035 379762
367.037 379756
367.076 379747
367.077 379746
367.084 379737
367.088 379729
367.089 379706
367.099 379685
367.103 379678
367.107 379671
367.108 379669
367.269 379659
367.271 379657
367.278 379652
367.281 379649
367.284 379630
367.287 379619
367.288 379604
367.295 379599
367.298 379594
367.303 379580
367.312 379572
369.532 379564
369.534 379563
370.306 379559
370.313 379557
370.314 379495
370.317 379494
370.331 379490
370.333 379486
370.334 379485
370.36 379471
373.925 379461
374.031 379453
374.037 379437
374.041 379426
374.047 379424
374.076 379399
374.086 379395
374.091 379381
374.093 379368
374.101 379357
374.11 379343
374.118 379340
374.125 379330
374.127 379311
374.128 379296
374.13 379285
374.133 379276
374.134 379264
377.6 379257
377.609 379254
377.618 379247
377.637 379229
377.652 379206
377.661 379197
377.667 379185
377.685 379168
377.768 379155
377.77 379149
377.771 379126
377.848 379120
377.85 379117
377.876 379113
377.882 379112
377.884 379110
377.912 379102
377.913 379099
377.925 379089
377.926 379081
377.934 379072
377.939 379039
377.94 379035
377.943 379034
377.944 379024
378.094 379021
378.099 379019
378.106 379018
380.138 379015
380.14 379009
380.142 378973
380.143 378970
380.145 378966
389.019 378959
389.021 378958
389.025 378951
389.029 378946
389.031 378943
389.035 378938
389.037 378933
389.041 378929
389.046 378916
389.098 378913
389.099 378900
389.107 378886
389.108 378881
389.255 378876
389.256 378869
389.262 378868
389.307 378845
389.308 378841
389.312 378838
389.317 378824
389.318 378817
389.852 378813
390.043 378803
390.045 378784
390.056 378768
390.064 378759
390.066 378752
390.069 378744
395.944 378733
395.947 378732
395.95 378731
395.974 378727
395.985 378714
396.02 378678
397.317 378673
403.783 378667
403.785 378645
403.786 378636
403.791 378628
403.818 378627
403.833 378626
403.835 378620
403.842 378618
403.843 378612
403.845 378608
403.847 378604
403.853 378600
403.857 378585
411.468 378569
411.477 378566
411.479 378560
413.003 378551
413.015 378548
413.025 378545
413.036 378540
413.043 378529
413.044 378525
413.193 378521
413.204 378516
413.216 378502
413.219 378493
413.227 378491
413.233 378484
413.235 378480
413.241 378475
413.243 378459
413.263 378421
413.264 378410
413.301 378405
413.302 378388
413.304 378366
413.308 378347
413.45 378343
413.452 378333
413.504 378285
413.505 378283
413.506 378282
413.511 378273
413.517 378270
413.524 378265
413.541 378250
413.546 378247
413.554 378246
413.555 378216
413.556 378208
413.558 378200
413.559 378189
413.562 378177
413.618 378167
413.62 378166
413.626 378162
415.391 378160
415.392 378133
415.393 378128
415.42 378100
415.435 378087
415.513 378085
415.517 378077
415.593 378068
415.594 378057
415.601 378054
415.605 378045
415.608 378044
415.616 378042
415.619 378041
415.62 378033
415.624 378025
425.784 378023
425.79 378002
425.797 377997
425.8 377994
425.804 377992
425.843 377974
425.844 377973
426.06 377968
426.082 377962
426.536 377959
426.537 377948
426.544 377934
426.579 377918
426.581 377917
426.582 377916
426.587 377913
426.591 377908
426.592 377906
429.127 377903
429.163 377901
429.218 377897
429.22 377890
429.786 377879
429.787 377866
429.788 377855
429.883 377801
430.012 377799
430.025 377798
430.029 377791
430.032 377780
430.035 377776
430.036 377774
430.038 377771
430.062 377765
430.066 377746
430.068 377745
430.071 377744
430.073 377739
430.097 377727
430.126 377726
430.143 377717
430.147 377712
430.152 377711
430.156 377708
430.162 377666
431.498 377657
431.501 377653
431.517 377651
431.519 377646
431.523 377641
431.538 377635
431.581 377620
431.618 377618
431.62 377604
431.628 377595
433.439 377586
433.448 377585
433.456 377541
433.457 377537
433.473 377531
433.476 377530
433.478 377522
433.485 377518
433.663 377515
433.669 377509
433.673 377503
434.546 377502
434.549 377500
434.624 377499
434.631 377496
434.634 377489
434.706 377468
434.713 377450
434.715 377427
434.719 377418
434.72 377416
446.123 377406
446.132 377390
446.219 377388
450.076 377381
450.082 377378
450.093 377373
450.105 377363
450.11 377360
453.017 377345
453.019 377336
453.028 377302
453.03 377299
453.038 377273
454.219 377271
454.22 377260
454.234 377257
454.314 377224
454.442 377217
455.022 377213
455.024 377169
455.054 377154
455.059 377152
456.391 377147
456.4 377137
456.401 377132
456.896 377106
456.903 377105
456.914 377082
463.751 377073
463.761 377049
463.762 377038
463.763 377033
463.765 377029
463.772 377025
463.783 377023
463.79 376995
464.505 376983
464.527 376960
464.535 376957
464.623 376942
464.637 376937
464.642 376933
464.646 376916
464.784 376912
464.786 376900
464.792 376894
468.54 376887
468.558 376884
468.566 376882
468.571 376881
468.582 376876
473.42 376870
473.44 376867
473.444 376859
473.445 376839
473.456 376828
473.672 376826
473.673 376818
473.678 376813
473.682 376806
473.727 376798
473.73 376797
473.783 376796
473.791 376794
473.792 376790
473.813 376777
473.816 376766
473.825 376763
473.833 376761
475.217 376758
475.27 376753
475.275 376749
475.283 376725
475.297 376724
475.299 376712
475.31 376711
475.311 376708
475.325 376693
475.329 376682
475.332 376676
475.338 376670
475.339 376665
475.343 376659
475.348 376641
475.352 376640
475.356 376636
475.386 376634
475.413 376607
475.423 376606
475.428 376589
475.441 376585
475.479 376583
475.784 376580
475.829 376574
475.834 376573
475.853 376549
475.854 376539
476.026 376536
476.045 376534
476.087 376524
476.095 376520
476.101 376517
483.72 376497
483.742 376487
483.75 376482
483.752 376476
483.759 376473
483.776 376466
489.237 376447
492.979 376442
492.985 376432
492.992 376431
492.993 376430
492.994 376417
493 376413
493.009 376410
493.011 376409
493.013 376407
493.015 376405
493.086 376398
493.111 376394
493.114 376389
493.121 376388
496.707 376387
496.714 376375
496.721 376371
496.855 376363
496.864 376359
496.868 376352
496.869 376350
496.874 376342
496.902 376341
496.906 376334
496.911 376329
496.921 376327
496.922 376324
496.924 376321
496.926 376315
496.928 376309
497.272 376306
497.283 376300
497.347 376298
497.353 376290
497.442 376268
497.448 376266
497.465 376264
497.468 376262
497.471 376260
497.475 376258
497.477 376256
497.523 376230
497.539 376229
497.541 376223
497.791 376220
497.983 376214
498.002 376213
498.012 376205
498.027 376204
498.031 376203
508.242 376202
508.26 376199
508.263 376197
508.269 376188
508.307 376183
508.31 376177
508.313 376170
508.316 376154
508.336 376152
508.34 376147
508.356 376137
508.357 376122
508.414 376117
508.421 376108
508.457 376100
508.48 376099
508.508 376098
508.513 376092
509.077 376082
509.239 376073
509.241 376057
509.244 376050
509.247 376048
509.249 376040
509.274 376038
509.316 376036
509.319 376034
513.083 376033
518.747 376032
518.755 376015
518.756 375999
518.758 375995
518.764 375994
518.774 375982
518.781 375981
518.805 375971
518.941 375968
518.971 375964
519.136 375952
519.153 375941
519.193 375925
519.211 375914
519.213 375906
520.697 375904
520.891 375888
520.969 375884
521.024 375874
521.03 375871
521.035 375867
521.039 375863
521.114 375861
521.505 375857
521.507 375843
524.663 375836
524.692 375833
524.693 375829
525.101 375826
525.166 375823
525.247 375820
525.315 375814
525.319 375786
525.342 375783
525.351 375770
525.397 375766
525.405 375765
525.427 375756
525.435 375738
525.446 375731
525.464 375727
525.529 375715
526.183 375704
526.195 375698
526.2 375692
526.206 375689
531.616 375684
531.629 375675
531.858 375670
531.861 375662
532.272 375654
532.28 375645
532.294 375638
532.299 375631
532.307 375620
532.31 375609
532.387 375602
532.391 375572
532.394 375565
532.552 375562
532.584 375551
532.611 375547
532.726 375537
532.727 375533
532.729 375530
532.73 375528
532.733 375525
541.364 375524
541.369 375522
541.392 375515
541.409 375510
542.225 375506
542.23 375505
542.266 375501
542.37 375498
542.373 375487
542.383 375482
545.984 375467
545.985 375464
546.123 375452
546.175 375451
546.176 375449
546.288 375447
546.29 375438
546.293 375431
546.771 375408
546.874 375398
546.917 375395
546.95 375390
546.953 375383
546.955 375379
546.979 375374
546.996 375370
547.004 375368
547.03 375359
547.3 375349
547.314 375342
547.333 375341
547.405 375336
547.41 375320
547.412 375318
547.494 375302
547.498 375296
549.466 375294
549.468 375290
549.476 375287
549.487 375267
552 375264
552.021 375262
552.03 375257
552.034 375256
552.046 375255
552.095 375254
552.098 375247
552.102 375246
552.105 375240
552.109 375238
552.141 375237
569.407 375234
569.409 375225
570.125 375224
570.129 375223
570.145 375221
570.147 375210
570.153 375208
570.169 375207
570.179 375206
570.18 375202
570.201 375199
570.311 375196
570.807 375192
570.838 375185
570.888 375182
570.894 375175
570.901 375174
570.934 375168
570.961 375161
570.984 375147
570.99 375138
571.127 375135
571.212 375133
571.218 375121
571.224 375117
571.312 375114
571.371 375113
571.951 375111
571.975 375110
571.982 375108
572.058 375101
572.063 375097
572.074 375095
572.802 375084
572.807 375080
572.823 375079
578.674 375077
578.68 375048
578.683 375043
578.698 375042
578.744 375035
578.764 375033
578.781 375023
578.782 375012
578.796 375011
578.834 375000
578.835 374998
578.847 374993
579.157 374990
579.168 374981
579.178 374980
579.203 374979
581.545 374972
581.548 374970
588.599 374962
589.412 374954
592.247 374952
592.32 374950
592.324 374945
592.334 374934
592.364 374928
592.371 374918
592.571 374915
592.58 374906
592.612 374902
592.635 374898
592.791 374893
593.519 374873
593.52 374870
593.526 374866
593.542 374862
593.654 374860
593.747 374854
593.837 374852
593.843 374840
593.859 374838
593.863 374824
593.873 374819
593.88 374814
593.886 374813
594.421 374812
594.455 374799
599.239 374792
599.245 374789
599.508 374784
599.832 374762
600.234 374743
600.248 374737
600.256 374735
600.309 374721
600.321 374713
600.329 374690
600.344 374681
600.348 374676
600.349 374675
600.362 374674
600.369 374673
600.373 374668
600.622 374664
600.628 374662
600.635 374658
600.969 374652
600.974 374645
600.978 374643
601.015 374632
601.024 374630
601.03 374624
601.701 374623
604.753 374622
604.755 374619
604.761 374614
604.909 374612
604.92 374607
604.922 374602
604.924 374600
604.935 374597
604.939 374596
606.504 374594
606.508 374592
606.671 374585
612.637 374584
612.65 374581
612.664 374567
612.676 374563
612.717 374562
612.733 374550
612.873 374536
612.877 374535
612.885 374531
619.148 374526
619.152 374525
619.158 374524
619.192 374518
619.407 374507
619.462 374503
619.464 374497
619.474 374491
620.553 374489
620.556 374486
620.691 374483
620.716 374480
620.724 374478
620.737 374476
620.741 374469
620.75 374466
620.759 374463
620.765 374459
620.885 374454
620.897 374441
620.93 374424
621.258 374422
621.368 374411
621.382 374409
621.433 374404
621.439 374403
621.46 374400
621.465 374394
621.468 374390
621.939 374386
621.947 374385
623.362 374384
623.388 374380
623.461 374377
623.468 374372
623.621 374371
623.631 374368
623.632 374365
623.658 374357
623.82 374356
623.824 374342
623.827 374336
623.832 374335
623.852 374330
623.882 374322
623.906 374314
623.907 374313
623.951 374309
623.96 374307
623.963 374304
623.97 374281
623.974 374280
623.987 374275
623.989 374274
624.036 374270
624.037 374261
624.039 374260
640.997 374257
641.507 374252
641.691 374247
641.707 374240
642.025 374237
649.883 374235
650.939 374234
650.98 374231
651.007 374230
651.025 374227
654.032 374226
654.037 374217
654.044 374216
654.046 374214
654.129 374212
654.132 374204
654.137 374201
654.144 374199
654.152 374196
654.156 374194
654.157 374191
654.174 374190
654.963 374189
655.291 374179
655.312 374176
655.314 374175
655.358 374173
656.319 374164
656.323 374162
656.34 374158
656.363 374155
656.373 374152
656.387 374151
656.85 374149
656.855 374147
656.862 374146
658.611 374145
658.635 374144
658.643 374143
658.666 374141
658.681 374140
658.685 374134
658.687 374122
658.7 374121
658.734 374106
658.834 374104
658.846 374101
658.853 374098
658.961 374094
659.018 374088
659.092 374083
659.093 374075
659.101 374074
659.112 374073
659.157 374071
659.423 374068
659.507 374061
659.848 374058
660.24 374057
660.258 374055
660.278 374053
660.9 374052
675.004 374043
675.076 374039
675.079 374038
675.08 374035
675.1 374025
675.117 374023
675.124 374016
675.129 374009
675.153 374007
675.172 374005
675.538 374004
675.596 374001
675.834 373997
675.899 373995
675.914 373990
675.928 373989
675.939 373986
675.972 373985
676.021 373984
676.026 373981
676.04 373975
676.061 373973
676.08 373964
676.085 373962
676.09 373958
676.099 373957
676.1 373954
676.251 373952
676.262 373950
676.269 373945
676.455 373943
676.46 373935
676.897 373926
676.898 373924
676.948 373921
677.287 373920
677.292 373915
677.842 373910
677.844 373908
677.851 373906
677.857 373903
677.992 373902
678.009 373892
678.064 373890
678.096 373881
678.108 373878
693.949 373876
693.972 373875
694.16 373868
698.495 373867
699.491 373865
699.497 373859
699.499 373855
699.588 373852
699.603 373850
699.604 373849
699.628 373846
699.637 373845
699.953 373843
700.05 373842
700.056 373834
700.069 373831
700.071 373829
700.081 373826
700.093 373821
702.938 373819
702.998 373817
703.005 373813
703.029 373803
703.03 373802
703.296 373800
703.336 373797
703.338 373795
703.34 373792
703.343 373791
703.348 373786
703.36 373783
703.367 373780
703.491 373778
703.494 373775
703.534 373773
703.562 373765
703.998 373764
704.01 373759
704.015 373757
704.042 373755
704.049 373748
705.54 373744
705.569 373742
705.612 373740
705.632 373739
705.641 373736
705.648 373733
705.659 373729
706.471 373722
706.479 373721
706.492 373718
706.496 373717
706.506 373714
706.507 373712
709.201 373708
709.215 373703
709.42 373697
709.423 373694
714.084 373693
714.1 373690
714.139 373689
714.158 373688
714.16 373682
714.198 373676
714.227 373674
714.317 373673
714.375 373670
714.415 373669
714.461 373668
715.135 373667
715.144 373663
715.285 373662
715.313 373660
715.339 373655
715.373 373648
715.448 373645
715.483 373643
715.49 373641
715.868 373638
715.877 373637
719.39 373636
719.412 373635
719.415 373631
719.497 373630
719.499 373629
719.552 373623
719.553 373622
719.556 373620
719.561 373614
719.577 373613
719.586 373612
719.953 373611
719.955 373604
719.959 373598
720.042 373597
720.058 373591
720.061 373590
720.078 373583
720.084 373580
720.303 373570
720.343 373564
720.357 373563
720.359 373562
720.381 373561
720.42 373558
720.518 373553
720.721 373547
721.379 373546
721.384 373544
721.417 373542
726.605 373539
726.61 373537
726.635 373533
726.638 373532
726.64 373520
726.828 373519
726.836 373518
726.845 373515
726.848 373514
726.868 373510
726.873 373507
726.912 373503
726.951 373494
726.972 373491
726.979 373488
727.048 373487
727.096 373483
728.921 373482
728.956 373478
728.964 373473
729.315 373469
729.767 373462
750.617 373461
750.635 373459
750.651 373455
750.662 373453
750.672 373452
750.689 373450
750.714 373448
750.769 373444
750.891 373443
750.904 373434
750.946 373433
751.084 373431
751.103 373430
752.149 373428
752.158 373423
752.178 373419
752.18 373418
752.307 373416
752.358 373415
752.359 373407
752.464 373406
752.531 373405
752.758 373402
753.174 373391
753.317 373389
753.319 373387
753.324 373376
753.347 373370
753.408 373368
753.43 373364
753.452 373361
753.457 373359
762.16 373357
762.187 373355
762.194 373354
762.754 373350
762.761 373342
762.801 373339
762.889 373330
762.898 373329
762.899 373328
762.903 373327
762.912 373325
763.031 373318
763.038 373309
763.052 373308
763.084 373305
763.093 373300
763.111 373296
763.157 373295
763.565 373290
763.581 373288
763.592 373287
768.196 373280
768.401 373279
781.642 373271
781.828 373268
783.096 373267
783.126 373265
783.309 373264
783.315 373262
784.089 373259
784.09 373257
784.154 373255
784.203 373254
784.224 373251
784.764 373249
784.782 373245
784.843 373242
784.876 373236
784.911 373230
785.117 373229
785.15 373228
785.171 373226
785.227 373224
785.354 373223
785.668 373217
785.676 373213
785.696 373209
785.723 373208
785.78 373207
785.781 373202
785.804 373199
785.833 373196
789.523 373190
789.557 373187
790.026 373185
790.093 373177
790.111 373176
790.117 373175
790.121 373174
790.162 373173
790.197 373171
790.256 373170
790.267 373165
790.32 373162
790.383 373161
790.645 373160
790.719 373159
790.726 373158
790.741 373150
790.767 373149
790.796 373147
790.797 373146
790.869 373142
790.877 373141
790.95 373139
791.046 373135
791.074 373134
792.159 373129
793.326 373127
793.329 373125
795.803 373122
795.805 373120
796.104 373118
796.132 373116
796.239 373115
796.428 373112
796.445 373111
796.467 373108
796.496 373106
796.513 373104
796.678 373103
796.727 373102
796.75 373101
796.755 373100
796.784 373096
796.786 373095
796.861 373090
796.863 373088
797.904 373086
797.996 373085
798.018 373084
798.026 373083
798.042 373082
798.051 373080
798.097 373078
798.139 373076
798.144 373075
798.157 373073
798.202 373070
798.21 373068
798.216 373067
798.22 373064
798.347 373062
798.623 373061
800.478 373056
800.479 373055
800.502 373054
800.504 373051
800.517 373045
810.079 373043
810.103 373037
810.274 373033
810.317 373030
810.381 373029
810.393 373028
810.397 373026
810.409 373023
810.419 373020
825.624 373019
825.636 373018
825.804 373017
825.817 373016
825.916 373015
825.939 373013
826.134 373012
826.153 373010
826.164 373009
830.336 373008
830.463 373007
830.468 373006
845.234 373005
845.321 373003
845.336 372998
845.38 372997
845.42 372996
845.479 372994
845.507 372993
845.536 372992
845.569 372989
845.659 372988
847.914 372987
848.116 372984
848.117 372983
848.136 372976
848.152 372974
848.187 372972
848.248 372970
848.32 372969
848.337 372964
848.383 372960
848.549 372959
848.65 372958
848.658 372956
848.665 372955
848.666 372954
848.687 372953
850.107 372950
854.711 372948
854.724 372947
854.735 372944
856.252 372943
856.271 372941
856.275 372934
856.287 372933
856.3 372927
856.331 372926
856.34 372922
856.6 372921
856.838 372919
857.014 372918
857.016 372917
857.147 372916
866.17 372914
866.228 372912
866.262 372911
866.286 372910
866.366 372909
866.408 372907
866.896 372906
866.905 372904
866.937 372902
866.944 372901
869.404 372899
869.571 372897
872.452 372896
872.478 372894
872.497 372893
872.644 372891
872.659 372889
872.662 372884
872.677 372883
872.688 372882
872.939 372879
872.944 372878
888.911 372876
889.824 372874
889.861 372873
889.88 372871
900.179 372865
900.187 372863
901.955 372861
903.143 372860
903.231 372857
903.424 372855
903.48 372854
903.569 372853
903.634 372851
903.788 372850
904.143 372849
904.15 372848
904.16 372847
905.329 372845
907.809 372844
908.417 372843
908.436 372841
908.631 372840
908.649 372839
908.708 372838
908.957 372836
909.945 372834
910.182 372833
911.029 372832
911.035 372824
912.258 372822
912.299 372821
912.304 372820
912.373 372816
912.412 372815
917.67 372814
917.719 372813
917.72 372811
917.768 372809
919.722 372808
919.742 372807
920.504 372806
929.091 372805
929.097 372803
929.119 372802
929.3 372800
929.326 372799
929.339 372798
945.986 372796
946.046 372791
946.12 372789
