9.725 312166
9.726 312147
9.728 312045
9.729 312013
9.73 312011
9.731 312006
9.733 311993
9.734 311957
9.736 311904
9.737 311860
9.738 311840
9.739 311836
9.741 311755
9.742 311746
9.744 311723
9.745 311668
9.747 311665
9.749 311639
9.75 311633
9.751 311592
9.753 311550
9.754 311547
9.756 311475
9.757 311468
9.758 311455
9.76 311429
9.761 311422
9.762 311410
9.764 311403
9.771 311370
9.772 311322
9.773 311285
9.775 311279
9.776 311254
9.777 311250
9.778 311244
9.782 311224
9.783 311219
9.785 311217
9.786 311214
9.787 311210
9.788 311188
9.789 311180
9.791 311147
9.792 311144
9.793 311120
9.794 311108
9.795 311107
9.797 311098
9.798 311090
9.799 311058
9.801 311054
9.802 311042
9.806 311033
9.809 310993
9.81 310992
9.811 310930
9.813 310888
9.814 310879
9.818 310866
9.819 310849
9.821 310843
9.822 310831
9.824 310825
9.827 310819
9.832 310813
9.833 310780
9.835 310758
9.836 310727
9.84 310704
9.841 310683
9.842 310669
9.844 310626
9.845 310618
9.853 310617
9.854 310607
9.855 310598
9.857 310595
9.858 310593
9.859 310566
9.861 310564
9.862 310543
9.863 310505
9.865 310495
9.866 310493
9.867 310490
9.868 310447
9.87 310441
9.871 310403
9.872 310400
9.873 310399
9.874 310379
9.876 310368
9.877 310353
9.878 310307
9.88 310274
9.881 310261
9.883 310245
9.884 310223
9.885 310176
9.887 310174
9.889 310142
9.891 310091
9.893 310049
9.895 310042
9.897 310041
9.899 310026
9.9 310021
9.902 310015
9.904 309965
9.905 309952
9.906 309947
9.909 309935
9.914 309913
9.915 309909
9.918 309894
9.92 309880
9.921 309800
9.923 309768
9.924 309763
9.925 309735
9.926 309733
9.928 309732
9.929 309726
9.935 309711
9.936 309666
9.938 309627
9.94 309618
9.942 309608
9.944 309585
9.946 309582
9.947 309581
9.948 309557
9.949 309554
9.951 309377
9.952 309345
9.953 309338
9.955 309336
9.956 309331
9.957 309293
9.961 309289
9.962 309281
9.964 309274
9.966 309271
9.968 309268
9.969 309251
9.973 309250
9.976 309242
9.978 309237
9.979 309216
9.981 309186
9.987 309183
9.988 309167
9.992 309165
9.993 309145
9.996 309113
9.997 309108
9.999 309106
10.001 309100
10.002 309098
10.004 309087
10.005 309086
10.006 309067
10.007 309063
10.009 308987
10.01 308983
10.013 308944
10.014 308937
10.017 308931
10.018 308927
10.02 308884
10.022 308868
10.024 308802
10.025 308767
10.028 308756
10.029 308748
10.032 308747
10.034 308690
10.035 308660
10.044 308645
10.046 308638
10.048 308619
10.049 308603
10.053 308581
10.056 308572
10.057 308557
10.059 308547
10.061 308545
10.062 308535
10.064 308533
10.066 308518
10.067 308517
10.069 308502
10.07 308478
10.071 308464
10.074 308460
10.076 308433
10.077 308429
10.079 308402
10.08 308401
10.081 308371
10.083 308362
10.085 308360
10.088 308325
10.094 308323
10.095 308314
10.096 308306
10.098 308295
10.099 308292
10.1 308288
10.101 308281
10.103 308278
10.104 308261
10.105 308260
10.107 308170
10.108 308146
10.112 308118
10.114 308110
10.117 308059
10.118 308052
10.12 308038
10.121 308034
10.122 308030
10.127 308017
10.128 308016
10.129 308014
10.131 307980
10.132 307973
10.134 307943
10.135 307929
10.136 307910
10.138 307901
10.139 307893
10.143 307890
10.145 307887
10.146 307883
10.149 307882
10.15 307875
10.154 307868
10.156 307850
10.159 307817
10.161 307813
10.162 307807
10.167 307804
10.169 307801
10.174 307800
10.178 307798
10.189 307754
10.2 307745
10.201 307731
10.203 307724
10.204 307718
10.209 307707
10.21 307681
10.211 307679
10.213 307676
10.214 307663
10.22 307644
10.222 307643
10.223 307641
10.238 307621
10.239 307618
10.24 307569
10.244 307539
10.245 307535
10.248 307509
10.25 307504
10.251 307500
10.253 307499
10.254 307482
10.264 307456
10.265 307446
10.275 307442
10.276 307436
10.277 307417
10.279 307391
10.291 307344
10.292 307336
10.294 307333
10.298 307330
10.299 307320
10.3 307314
10.308 307311
10.31 307309
10.311 307307
10.313 307285
10.314 307284
10.316 307272
10.317 307271
10.318 307265
10.323 307247
10.325 307241
10.329 307238
10.33 307220
10.331 307217
10.332 307209
10.338 307201
10.34 307196
10.344 307186
10.346 307181
10.351 307152
10.357 307142
10.358 307094
10.363 307091
10.364 307089
10.365 307079
10.367 307074
10.369 307050
10.377 307043
10.38 307033
10.382 307032
10.384 307012
10.387 307001
10.39 306969
10.391 306968
10.392 306959
10.396 306920
10.398 306910
10.399 306872
10.404 306869
10.408 306860
10.409 306841
10.414 306839
10.416 306790
10.418 306784
10.419 306782
10.42 306771
10.422 306766
10.425 306765
10.427 306755
10.429 306753
10.434 306750
10.436 306741
10.438 306737
10.444 306735
10.445 306701
10.447 306693
10.449 306691
10.454 306632
10.455 306627
10.457 306621
10.46 306603
10.463 306574
10.464 306571
10.467 306567
10.468 306565
10.472 306535
10.475 306531
10.482 306519
10.483 306496
10.484 306491
10.485 306477
10.487 306476
10.489 306474
10.495 306445
10.497 306443
10.499 306442
10.505 306432
10.506 306427
10.509 306426
10.515 306387
10.518 306386
10.522 306374
10.524 306356
10.527 306353
10.536 306352
10.537 306349
10.541 306337
10.549 306320
10.553 306318
10.555 306279
10.562 306278
10.565 306271
10.566 306224
10.57 306196
10.572 306195
10.574 306172
10.577 306169
10.581 306165
10.584 306164
10.586 306154
10.596 306146
10.597 306135
10.601 306119
10.603 306116
10.605 306104
10.606 306096
10.607 306094
10.608 306091
10.611 306043
10.613 306027
10.619 306019
10.621 306018
10.632 306013
10.634 306009
10.638 306001
10.641 305981
10.643 305978
10.645 305977
10.666 305974
10.67 305971
10.674 305969
10.675 305963
10.698 305946
10.701 305936
10.704 305928
10.706 305925
10.709 305923
10.713 305922
10.715 305920
10.717 305894
10.724 305885
10.726 305884
10.728 305882
10.736 305881
10.737 305838
10.74 305833
10.751 305821
10.758 305722
10.765 305721
10.767 305715
10.768 305709
10.769 305634
10.771 305625
10.775 305599
10.776 305588
10.778 305577
10.781 305562
10.821 305558
10.823 305512
10.825 305508
10.837 305496
10.838 305493
10.84 305478
10.842 305472
10.852 305451
10.853 305447
10.854 305439
10.857 305410
10.86 305405
10.861 305404
10.864 305394
10.869 305393
10.87 305392
10.875 305391
10.876 305389
10.88 305385
10.94 305384
10.944 305376
10.948 305369
10.957 305367
10.959 305357
11.192 305355
11.198 305354
11.205 305347
11.214 305334
11.215 305332
11.22 305277
11.223 305272
11.229 305270
11.493 305262
11.551 305252
11.559 305247
11.569 305223
11.572 305220
11.574 305209
11.576 305190
11.579 305187
11.587 305186
11.589 305185
11.59 305177
11.623 305172
11.628 305171
11.629 305154
11.631 305148
11.636 305130
11.638 305126
11.64 305116
11.641 305115
11.664 305111
11.666 305100
11.67 305085
11.718 305071
11.719 305070
11.72 305069
11.879 305066
11.881 305065
11.882 305055
11.891 304980
11.895 304975
11.901 304974
11.906 304970
11.914 304965
11.928 304961
11.93 304945
12.019 304941
12.026 304938
12.238 304935
12.245 304933
12.25 304928
12.253 304924
12.255 304923
12.369 304922
12.37 304916
12.373 304899
12.391 304895
17.681 304875
17.682 304872
17.686 304868
17.721 304851
17.723 304840
17.728 304834
17.753 304816
17.754 304806
17.756 304805
17.768 304798
17.837 304791
17.839 304788
17.84 304786
17.842 304771
17.844 304749
17.86 304737
17.865 304721
17.867 304713
17.868 304693
17.945 304684
17.95 304677
17.968 304676
17.971 304671
18.146 304667
18.275 304662
18.276 304650
18.278 304633
18.586 304628
18.59 304604
18.591 304588
18.598 304587
19.716 304582
20.639 304512
20.673 304479
20.676 304471
20.678 304468
20.685 304448
20.687 304441
20.786 304431
20.789 304428
20.884 304418
21.161 304393
21.168 304392
21.173 304376
21.174 304374
21.339 304328
21.34 304327
21.349 304326
21.361 304321
21.363 304298
21.365 304293
21.367 304291
21.37 304274
21.371 304268
21.504 304267
21.505 304244
21.666 304230
21.679 304204
21.687 304142
21.689 304141
21.691 304133
21.692 304117
21.693 304100
21.704 304087
21.707 304085
21.729 304079
21.731 304073
21.734 304053
21.763 304036
21.764 304016
21.765 304011
21.782 304008
21.785 303996
21.788 303993
21.789 303980
21.791 303955
21.793 303954
21.807 303942
21.812 303937
21.816 303929
21.818 303916
21.837 303915
21.838 303903
21.84 303900
21.843 303897
21.844 303884
21.847 303866
21.852 303857
21.853 303828
21.855 303813
21.857 303810
21.859 303809
21.862 303806
21.864 303774
21.869 303761
21.872 303759
21.873 303758
21.875 303749
22.241 303747
22.248 303739
22.251 303736
22.254 303733
22.487 303695
22.488 303687
22.512 303682
22.514 303670
22.56 303634
22.563 303632
25.69 303629
25.691 303621
25.699 303586
25.702 303554
25.746 303546
25.926 303545
25.927 303536
26.098 303471
26.141 303446
26.223 303442
26.227 303437
26.237 303429
26.238 303428
26.243 303348
26.244 303340
26.248 303335
26.251 303325
26.29 303318
26.294 303266
26.351 303249
26.354 303220
26.356 303203
26.358 303178
26.359 303173
26.363 303105
26.368 303045
26.369 303040
26.392 303037
26.415 303032
26.418 303031
26.421 303028
26.726 303015
26.728 302984
26.729 302983
26.732 302958
27.407 302955
27.41 302939
27.411 302938
27.413 302936
27.427 302929
27.428 302898
27.458 302888
27.469 302882
27.471 302878
27.477 302849
27.479 302829
27.481 302828
27.484 302760
27.494 302697
27.497 302696
27.504 302679
27.505 302672
27.507 302666
27.509 302646
27.735 302645
27.739 302629
27.741 302625
27.749 302611
27.75 302601
27.753 302591
27.755 302588
27.762 302583
27.768 302579
27.77 302576
27.775 302567
27.777 302562
27.782 302556
27.784 302555
27.786 302540
27.789 302537
27.791 302531
27.807 302526
27.809 302523
27.811 302513
27.814 302510
27.815 302502
27.865 302489
27.866 302465
27.868 302456
27.869 302444
27.871 302438
27.872 302426
27.902 302414
27.906 302400
27.907 302388
27.926 302381
27.928 302375
27.93 302366
27.933 302357
27.934 302343
27.936 302323
27.941 302300
27.962 302294
28.392 302286
28.395 302242
28.407 302214
28.409 302206
28.411 302205
28.418 302178
28.444 302167
28.446 302142
28.499 302140
28.504 302131
28.505 302120
28.51 302075
28.513 302074
28.52 302070
28.522 302068
28.523 302065
28.673 302040
28.677 302038
28.683 302028
28.687 301995
28.691 301991
28.692 301982
28.71 301979
28.712 301972
28.715 301953
28.81 301949
28.815 301944
28.817 301922
28.823 301917
28.826 301913
28.827 301905
28.836 301900
28.839 301897
28.84 301886
28.842 301871
28.843 301861
28.845 301848
28.846 301841
28.873 301832
28.876 301830
28.886 301818
28.888 301807
28.896 301804
28.898 301803
28.901 301797
28.903 301784
28.948 301778
28.949 301775
28.968 301774
28.969 301754
28.979 301736
28.982 301686
28.986 301681
28.989 301660
29 301656
29.001 301651
29.003 301644
29.032 301639
29.043 301626
29.089 301617
29.09 301614
29.092 301577
29.094 301565
29.095 301557
29.1 301554
29.105 301549
29.107 301523
29.109 301519
29.115 301518
29.117 301516
29.12 301508
29.122 301498
31.926 301497
31.93 301482
31.932 301468
31.935 301463
31.939 301460
31.943 301450
31.945 301448
31.946 301442
34.241 301431
34.263 301411
34.276 301397
34.33 301384
34.332 301376
34.334 301357
34.338 301352
34.34 301350
34.343 301336
34.355 301327
34.36 301322
34.363 301305
34.364 301296
34.365 301291
34.367 301282
34.399 301246
34.402 301238
34.41 301236
34.414 301215
34.415 301210
34.416 301203
34.422 301160
34.425 301146
34.428 301140
34.429 301139
34.432 301134
34.433 301123
34.437 301121
34.44 301114
34.441 301108
34.451 301101
34.512 301066
34.516 301055
34.517 301032
34.519 301019
34.521 300997
34.524 300994
34.526 300987
34.667 300964
34.668 300961
34.67 300960
34.672 300955
34.674 300951
34.68 300947
34.683 300940
34.708 300919
34.715 300910
34.726 300897
34.728 300890
34.729 300887
34.747 300881
34.749 300863
34.753 300848
34.754 300835
34.756 300799
34.758 300798
34.764 300788
34.766 300785
34.77 300778
34.773 300739
34.775 300700
34.777 300693
34.82 300682
34.821 300667
34.823 300663
34.833 300649
34.846 300646
34.847 300640
34.854 300635
34.856 300634
34.859 300620
34.86 300583
34.861 300573
34.864 300559
34.866 300558
34.87 300557
34.88 300553
34.881 300543
34.884 300459
34.889 300453
34.891 300446
34.892 300430
34.894 300417
34.904 300388
34.905 300385
34.908 300382
34.912 300353
34.913 300350
34.921 300341
34.923 300327
34.929 300322
34.93 300313
34.935 300312
34.975 300307
34.978 300284
34.986 300276
34.987 300273
35.005 300261
35.007 300249
35.021 300245
35.034 300202
35.074 300175
35.079 300157
35.081 300151
35.084 300146
35.086 300138
35.087 300132
36.088 300116
36.096 300106
36.098 300093
36.1 300091
36.101 300080
36.102 300068
36.105 300039
36.107 300033
36.114 300028
36.115 300026
36.129 300022
36.246 300020
36.247 300015
36.269 300012
36.275 299954
36.358 299952
36.404 299951
36.434 299950
36.439 299944
36.449 299941
36.45 299927
36.456 299925
36.457 299923
36.46 299913
36.48 299898
38.152 299892
38.154 299890
38.157 299874
38.158 299866
38.16 299836
38.2 299822
38.271 299819
38.272 299807
38.308 299800
38.309 299799
38.311 299793
38.317 299789
38.324 299787
38.326 299774
38.335 299760
38.339 299754
38.341 299723
38.402 299712
38.42 299703
38.421 299681
38.449 299679
38.483 299655
38.485 299587
38.486 299575
38.488 299568
41.5 299532
41.795 299514
41.797 299513
41.799 299509
41.801 299503
41.803 299480
41.852 299477
41.889 299474
41.892 299469
41.894 299454
41.899 299432
41.9 299370
42.687 299333
42.702 299329
42.705 299314
47.536 299306
47.57 299296
47.613 299292
47.621 299282
47.623 299268
47.626 299258
47.628 299218
47.629 299216
47.635 299206
47.636 299189
47.668 299188
47.67 299181
47.674 299180
47.675 299172
47.677 299149
47.679 299140
47.693 299135
47.695 299125
47.696 299124
47.701 299120
47.709 299117
47.712 299099
47.713 299081
47.759 299076
47.77 299066
47.771 299048
47.774 299038
47.777 299027
47.794 299025
48.011 299019
48.014 299017
48.041 299000
58.596 298966
58.598 298951
58.603 298924
58.605 298917
58.612 298910
58.615 298876
58.622 298857
58.624 298852
58.625 298849
58.63 298835
58.631 298831
58.633 298829
58.634 298824
58.636 298814
58.639 298742
58.672 298739
58.675 298719
58.693 298714
58.694 298710
58.699 298689
58.701 298684
58.702 298664
58.715 298660
58.716 298657
58.721 298655
58.725 298654
58.728 298645
58.73 298644
58.732 298638
58.735 298614
58.759 298608
58.814 298603
58.823 298598
58.824 298593
58.826 298579
58.828 298565
58.837 298559
58.839 298552
58.843 298537
58.846 298528
58.849 298523
58.85 298517
58.852 298484
58.854 298468
58.856 298467
58.86 298463
58.862 298437
58.864 298433
63.585 298430
63.591 298428
63.592 298412
64.295 298408
64.306 298405
64.497 298386
64.503 298375
64.505 298357
64.506 298355
64.508 298354
64.514 298333
66.578 298332
66.581 298330
66.587 298325
66.588 298323
66.59 298321
66.591 298302
66.595 298283
66.604 298273
66.608 298257
66.614 298251
66.616 298244
66.62 298228
66.626 298191
66.655 298187
66.656 298182
66.658 298174
73.131 298158
77.176 298149
77.179 298145
77.183 298134
77.185 298120
77.186 298074
77.188 298048
77.191 298038
77.225 298029
77.298 298020
77.316 298007
77.318 297960
77.32 297948
77.321 297942
77.323 297931
77.84 297929
77.842 297928
77.845 297879
77.869 297869
77.871 297862
77.874 297857
77.882 297856
77.883 297844
77.886 297820
77.893 297802
77.894 297774
77.902 297735
77.906 297715
77.978 297706
77.993 297688
77.994 297667
77.996 297666
77.998 297651
77.999 297642
78.001 297641
78.008 297632
78.12 297630
78.152 297629
78.158 297628
78.163 297617
79.814 297614
79.815 297607
79.817 297593
79.82 297590
79.825 297587
80.073 297584
80.081 297567
80.09 297561
80.092 297551
80.094 297533
80.097 297526
98.283 297518
98.293 297500
98.294 297494
98.299 297489
98.301 297483
98.307 297472
98.315 297444
98.321 297407
98.323 297405
98.399 297379
98.406 297368
98.408 297362
98.411 297360
98.413 297357
98.419 297342
98.422 297339
98.423 297310
98.425 297303
98.426 297288
98.483 297281
98.488 297263
98.624 297256
98.63 297245
98.631 297228
98.641 297217
98.65 297215
98.651 297214
98.666 297193
98.667 297187
115.261 297186
115.27 297180
115.276 297173
115.279 297161
115.281 297154
115.283 297151
115.36 297138
115.369 297137
115.37 297135
115.565 297104
115.568 297103
115.57 297100
115.576 297098
115.579 297071
122.392 297053
122.394 297044
134.301 297031
134.328 297020
134.33 297014
134.332 297012
134.333 297002
134.335 296998
134.339 296979
134.341 296959
137.009 296954
154.891 296948
154.893 296937
154.895 296931
154.898 296928
154.901 296927
154.903 296911
154.905 296902
154.909 296884
154.91 296881
155.047 296879
155.054 296867
155.198 296825
155.201 296824
155.211 296810
155.213 296807
155.216 296792
155.22 296771
155.224 296748
155.225 296746
155.228 296744
155.231 296719
155.795 296697
155.797 296677
155.8 296672
155.801 296671
155.803 296667
155.816 296664
155.818 296647
155.821 296619
155.823 296590
155.836 296551
155.843 296546
155.846 296525
155.853 296513
155.855 296509
155.857 296506
155.861 296499
155.864 296492
172.798 296489
172.8 296487
172.81 296483
172.82 296481
172.821 296480
172.827 296479
172.83 296477
172.841 296475
172.844 296473
172.848 296452
172.88 296449
172.882 296448
172.891 296446
172.893 296441
173.935 296420
173.94 296403
173.942 296385
173.944 296379
173.951 296375
174.415 296348
174.42 296347
174.422 296337
174.424 296334
174.431 296296
174.439 296290
174.442 296288
174.445 296278
175.398 296271
175.403 296252
175.405 296250
175.417 296245
175.424 296229
175.426 296228
175.431 296220
175.433 296219
175.556 296201
175.559 296175
175.646 296173
175.647 296166
175.649 296159
175.666 296149
175.668 296143
175.67 296125
175.674 296122
175.676 296115
175.686 296097
175.687 296083
175.689 296072
175.694 296065
175.696 296050
176.009 296031
176.035 296026
176.037 296025
176.041 296014
176.049 296009
176.07 296000
176.085 295997
176.102 295993
176.104 295989
176.113 295985
176.131 295983
177.287 295973
177.293 295971
177.337 295969
177.339 295945
177.342 295937
177.362 295933
177.977 295903
184.667 295887
184.812 295826
184.817 295822
184.818 295820
184.822 295797
184.827 295793
184.837 295747
184.846 295738
184.848 295732
184.882 295731
184.884 295704
184.886 295652
185.687 295636
185.688 295631
185.69 295623
185.694 295595
185.696 295594
185.698 295593
185.7 295590
185.702 295582
185.703 295581
185.707 295577
185.711 295572
185.771 295571
185.774 295569
187.98 295566
188.089 295555
188.159 295552
188.161 295543
188.188 295521
188.19 295516
188.194 295496
188.208 295486
188.212 295479
188.214 295473
188.235 295469
188.259 295457
188.262 295456
188.288 295454
188.294 295453
189.659 295441
189.671 295434
189.674 295427
189.676 295424
189.68 295404
189.796 295394
189.821 295365
189.822 295364
189.835 295336
190.01 295333
211.85 295325
211.852 295310
211.86 295306
211.878 295305
211.909 295289
214.155 295283
214.156 295282
214.165 295280
214.166 295278
214.169 295263
214.195 295255
214.201 295251
214.211 295243
214.24 295239
214.242 295236
214.269 295234
214.93 295213
214.937 295212
214.938 295210
214.942 295193
214.953 295191
214.955 295190
214.958 295186
214.961 295182
214.978 295147
214.98 295130
214.983 295124
214.988 295122
214.989 295111
214.991 295110
218.129 295078
218.15 295075
218.56 295072
218.564 295066
227.439 295052
227.442 295023
227.445 295013
227.45 295012
227.452 295009
227.453 295003
229.297 294981
229.308 294975
229.317 294970
229.324 294963
229.393 294946
229.4 294941
229.401 294938
229.413 294926
229.577 294923
229.592 294917
233.869 294892
233.922 294879
233.924 294874
233.928 294869
233.931 294862
233.988 294849
233.99 294848
233.991 294839
233.993 294833
234.005 294827
234.689 294807
234.691 294798
234.695 294770
234.697 294764
234.698 294763
234.707 294743
234.716 294742
234.72 294739
234.825 294733
234.826 294732
234.837 294716
234.839 294702
234.84 294690
234.841 294671
235.562 294566
235.701 294558
235.781 294556
235.784 294541
235.792 294531
247.874 294530
247.876 294523
247.878 294520
247.88 294518
247.979 294501
247.982 294491
247.983 294490
247.985 294489
247.99 294482
247.991 294471
247.998 294459
248 294458
248.003 294454
248.004 294450
248.014 294435
248.073 294400
248.074 294399
248.078 294398
248.079 294388
248.081 294378
271.329 294350
271.33 294335
271.332 294333
271.334 294321
271.632 294318
271.634 294303
271.637 294260
271.638 294256
271.644 294254
272.703 294247
272.705 294240
272.706 294235
272.718 294222
272.721 294216
272.728 294215
272.74 294210
272.823 294198
273.094 294194
273.103 294179
273.105 294177
273.107 294176
274.19 294168
274.191 294156
274.194 294150
274.195 294146
274.197 294144
274.198 294143
274.2 294133
274.204 294126
274.205 294125
274.211 294121
274.212 294119
278.379 294083
278.393 294081
278.395 294078
278.4 294067
278.402 294065
278.509 294058
278.511 294056
278.519 294046
278.525 294043
278.538 294037
278.541 294030
278.543 294025
278.62 294021
278.626 294012
278.631 294004
278.672 293991
278.675 293972
278.679 293956
279.115 293954
279.148 293953
279.16 293930
279.164 293924
279.17 293908
279.172 293904
279.368 293893
279.369 293887
279.378 293865
279.421 293855
279.438 293854
279.439 293851
279.442 293847
279.444 293845
279.447 293838
279.456 293834
279.457 293823
279.459 293813
279.461 293774
279.464 293770
279.465 293769
279.479 293715
279.483 293704
279.486 293674
279.487 293669
279.489 293666
279.49 293658
279.492 293653
279.5 293652
293.805 293650
293.884 293649
293.893 293646
293.9 293634
293.916 293630
293.917 293625
293.919 293621
293.923 293618
293.924 293616
293.93 293605
293.931 293590
293.935 293581
293.936 293577
293.938 293545
293.94 293532
293.942 293525
294.014 293522
294.227 293520
312.545 293515
312.547 293510
312.551 293489
312.64 293482
312.66 293481
312.663 293479
312.666 293475
312.702 293455
312.714 293451
312.718 293448
312.726 293447
312.786 293437
312.791 293400
312.797 293399
312.799 293398
312.802 293390
312.817 293377
312.831 293352
312.833 293348
312.836 293330
312.871 293324
312.872 293312
312.876 293307
312.879 293302
312.884 293296
312.885 293295
321.551 293289
326.25 293288
326.251 293284
326.253 293282
326.308 293279
326.315 293249
326.344 293248
326.347 293246
326.365 293206
326.371 293203
326.379 293202
326.382 293201
326.384 293196
326.391 293194
326.392 293188
326.399 293181
326.401 293175
326.425 293148
330.611 293146
330.613 293136
330.615 293134
335.336 293133
335.365 293130
335.366 293114
335.369 293111
335.387 293110
335.39 293109
335.401 293108
335.408 293099
335.412 293096
335.413 293092
335.414 293091
335.416 293088
335.422 293086
335.44 293064
335.442 293044
335.452 293014
335.47 293009
335.476 293007
335.48 293001
335.484 292995
335.492 292986
335.6 292977
335.621 292961
335.623 292949
344.327 292948
344.328 292941
344.332 292935
344.353 292934
344.357 292924
344.36 292919
344.361 292917
344.95 292916
344.953 292914
346.886 292911
346.892 292908
346.898 292901
346.9 292895
346.902 292892
346.938 292878
346.941 292863
346.942 292862
346.988 292853
347.208 292845
347.215 292844
347.218 292840
347.22 292836
347.233 292828
347.243 292816
347.245 292795
347.252 292776
347.254 292767
347.257 292764
347.259 292760
347.272 292757
347.276 292754
347.278 292746
347.475 292726
347.477 292723
347.486 292720
347.518 292719
347.575 292718
347.584 292690
347.61 292683
347.612 292681
347.633 292675
347.636 292673
347.638 292671
347.64 292666
347.648 292661
347.656 292657
347.658 292656
347.664 292639
347.666 292627
347.681 292621
347.725 292618
347.729 292612
347.772 292608
347.776 292606
347.777 292585
347.779 292584
347.795 292583
347.798 292575
347.799 292567
347.801 292566
347.809 292551
347.816 292546
347.82 292539
347.825 292536
347.826 292527
347.926 292523
347.929 292522
347.93 292521
347.933 292489
355.695 292488
364.707 292486
364.712 292482
364.743 292481
364.748 292476
364.752 292473
364.826 292465
364.829 292464
364.835 292463
364.837 292462
364.846 292458
364.848 292432
364.849 292426
364.856 292424
364.908 292421
364.911 292416
365.648 292412
365.652 292410
365.662 292408
365.726 292394
365.73 292391
365.733 292388
365.745 292371
365.749 292368
365.752 292362
365.764 292349
365.769 292342
365.772 292341
365.804 292333
365.84 292330
365.858 292327
365.859 292322
365.861 292318
365.863 292305
365.865 292302
365.875 292300
365.879 292288
365.88 292283
365.882 292272
365.888 292271
365.893 292269
365.899 292261
365.901 292257
365.909 292256
365.93 292254
366.469 292251
366.473 292234
366.476 292232
366.512 292225
366.517 292224
366.525 292223
366.527 292219
366.535 292215
366.536 292208
366.539 292201
366.545 292183
366.582 292181
366.584 292174
366.717 292163
366.795 292158
366.804 292152
366.987 292143
366.99 292132
366.991 292121
366.993 292118
366.996 292114
366.998 292111
367 292106
367.006 292105
367.008 292086
367.022 292085
367.03 292063
367.082 292049
367.084 292047
367.096 292045
375.174 292043
375.207 292042
375.319 292035
375.324 292019
375.336 291993
375.354 291989
375.362 291982
375.365 291966
375.373 291962
375.385 291955
375.412 291949
375.414 291945
375.417 291943
375.42 291940
375.754 291937
375.764 291933
375.792 291928
375.798 291925
375.801 291924
375.802 291922
375.807 291912
375.816 291899
375.821 291898
376.095 291887
376.105 291875
376.106 291874
376.114 291870
376.118 291860
376.12 291853
376.126 291851
376.129 291848
376.13 291846
376.145 291822
376.157 291819
376.172 291813
376.206 291810
376.208 291806
376.214 291805
376.219 291803
376.221 291800
376.357 291799
376.359 291796
376.62 291792
376.67 291786
376.673 291782
376.686 291778
376.716 291768
376.721 291760
376.747 291739
376.764 291737
376.767 291733
376.769 291728
376.77 291724
376.774 291723
376.777 291719
376.779 291715
380.546 291702
380.55 291701
380.553 291697
380.555 291689
380.561 291682
380.564 291667
380.567 291656
380.572 291645
380.67 291639
380.673 291636
380.691 291629
380.709 291628
380.713 291625
380.719 291618
380.847 291609
380.871 291607
380.877 291592
380.878 291591
381.353 291582
381.356 291578
389.261 291570
389.263 291548
389.329 291524
389.37 291522
390.51 291512
390.531 291505
390.572 291502
390.576 291487
390.577 291482
390.585 291480
390.587 291476
390.588 291463
390.591 291451
390.599 291449
390.605 291445
390.609 291444
390.614 291441
390.633 291435
390.637 291433
390.649 291432
390.65 291429
390.787 291412
390.92 291408
390.926 291402
390.932 291398
390.937 291386
390.938 291379
390.942 291370
390.943 291367
390.948 291364
390.966 291363
390.97 291354
390.971 291351
390.978 291348
390.979 291342
390.982 291339
390.984 291329
390.985 291320
390.987 291318
390.992 291316
390.995 291312
390.996 291311
391.143 291310
391.144 291307
391.148 291295
391.153 291294
391.158 291286
391.165 291285
391.178 291283
391.18 291250
391.185 291248
391.274 291245
391.29 291239
391.293 291229
391.294 291222
391.296 291213
391.298 291205
391.299 291204
397.941 291203
397.95 291196
397.956 291194
397.958 291190
400.285 291181
400.427 291167
400.435 291138
400.439 291137
400.441 291134
401.271 291133
401.272 291127
401.274 291126
401.283 291125
401.3 291123
401.364 291122
401.368 291118
401.482 291111
401.505 291108
409.137 291106
409.142 291089
409.149 291084
409.15 291069
409.158 291068
409.159 291055
409.163 291034
409.165 291028
409.405 291020
409.417 291012
409.479 291011
409.492 291002
409.495 290999
409.496 290989
409.498 290988
413.487 290987
413.495 290980
413.499 290978
413.51 290971
413.549 290966
413.589 290964
413.597 290954
413.608 290944
413.61 290939
415.009 290922
415.01 290911
415.013 290909
415.024 290900
415.076 290898
415.088 290896
415.091 290892
415.173 290891
415.174 290890
415.176 290885
415.178 290870
415.196 290869
415.209 290866
415.212 290863
415.218 290860
415.224 290854
415.226 290846
415.227 290845
415.234 290832
415.237 290820
415.238 290818
416.943 290799
416.951 290791
416.955 290775
416.959 290766
416.961 290754
416.965 290751
416.968 290750
416.97 290742
416.986 290738
416.992 290733
416.995 290732
417.019 290726
417.021 290709
417.023 290708
417.027 290694
417.046 290690
417.052 290688
417.147 290677
417.159 290673
417.161 290661
417.165 290640
417.167 290635
417.216 290623
417.389 290622
417.399 290621
417.401 290619
417.404 290618
417.406 290611
417.443 290609
417.446 290607
417.448 290605
417.663 290602
417.773 290599
417.775 290596
417.78 290592
417.782 290590
417.784 290578
417.786 290577
417.787 290565
417.792 290559
417.796 290558
417.805 290554
418.467 290544
418.473 290531
418.713 290512
418.715 290511
418.722 290509
418.767 290508
418.772 290495
418.774 290492
418.779 290491
418.785 290486
418.786 290483
418.788 290471
442.701 290462
442.709 290459
442.71 290448
442.712 290445
442.854 290441
442.858 290439
442.878 290431
442.927 290430
442.939 290427
442.941 290421
442.945 290413
442.947 290410
442.952 290409
442.96 290399
443.218 290391
443.305 290387
443.351 290380
443.36 290378
443.362 290370
443.364 290367
443.365 290351
443.367 290347
443.369 290345
443.402 290334
443.408 290322
443.415 290317
446.379 290311
446.394 290305
446.396 290304
446.4 290302
446.403 290300
446.421 290286
446.425 290284
446.434 290279
446.438 290261
446.439 290252
446.441 290251
446.449 290247
446.451 290243
446.453 290242
446.486 290237
446.501 290232
446.505 290229
446.515 290219
446.517 290211
446.522 290203
446.53 290191
446.532 290182
446.539 290180
446.541 290177
446.547 290176
446.553 290174
446.556 290154
446.566 290151
446.571 290148
446.578 290144
446.608 290143
446.614 290124
446.627 290122
450.994 290120
451.186 290115
451.223 290106
451.275 290101
451.28 290100
451.352 290097
451.357 290094
451.375 290082
451.389 290069
451.39 290068
451.391 290059
451.396 290055
454.538 290049
454.54 290035
454.546 290032
454.559 290018
454.567 290011
454.569 290005
454.585 289999
454.607 289995
454.623 289993
454.935 289978
454.944 289976
454.973 289973
455.023 289972
455.025 289967
455.032 289966
455.038 289965
455.039 289962
455.046 289957
455.051 289952
455.053 289950
455.054 289947
455.061 289939
455.068 289935
455.119 289927
455.136 289925
455.201 289922
455.203 289906
455.213 289899
457.627 289890
462.99 289886
462.998 289884
463.009 289879
463.011 289877
463.02 289870
463.026 289862
463.034 289848
463.061 289823
463.065 289818
463.07 289814
463.073 289811
463.082 289807
463.083 289806
463.085 289799
463.089 289794
463.093 289782
463.102 289780
463.103 289775
463.149 289770
463.27 289764
463.272 289763
463.276 289762
463.319 289758
477.46 289752
477.464 289751
478.115 289746
478.118 289741
478.12 289731
478.159 289724
478.213 289714
478.321 289712
478.597 289711
478.601 289703
478.608 289697
478.609 289696
478.613 289695
478.755 289692
478.758 289690
478.771 289685
478.784 289682
478.792 289676
478.798 289675
478.884 289662
478.91 289654
478.919 289652
478.935 289644
478.957 289640
478.962 289639
478.969 289636
478.975 289631
478.997 289625
479.047 289581
479.072 289563
479.077 289558
479.08 289554
479.083 289551
479.089 289549
479.091 289538
479.093 289536
479.098 289530
479.172 289529
479.191 289521
479.219 289519
479.226 289516
479.229 289513
480.233 289512
480.272 289499
480.274 289498
480.292 289483
480.3 289471
480.304 289470
480.308 289465
480.314 289460
480.317 289458
480.319 289454
480.327 289452
480.332 289445
496.988 289442
496.989 289438
497.023 289421
499.878 289412
499.89 289410
500.056 289403
500.06 289394
500.17 289390
500.173 289385
500.252 289382
500.256 289379
500.259 289363
500.264 289362
500.308 289361
500.314 289357
500.317 289353
500.33 289346
500.334 289343
500.35 289340
500.361 289333
500.363 289323
500.379 289318
500.404 289315
500.5 289314
500.505 289311
500.523 289298
500.527 289282
500.532 289275
500.534 289270
500.54 289268
500.542 289267
500.567 289263
501.031 289260
501.066 289258
501.085 289254
501.088 289252
501.234 289250
501.245 289234
501.247 289224
501.265 289222
501.266 289212
501.283 289210
501.287 289201
501.302 289198
501.307 289187
501.313 289179
501.517 289177
504.098 289169
504.1 289150
504.111 289143
504.121 289127
504.124 289124
504.14 289122
504.155 289119
504.16 289118
504.163 289113
504.169 289109
504.327 289103
504.377 289101
504.386 289088
504.511 289085
504.518 289075
504.524 289073
504.528 289067
507.527 289066
507.566 289063
507.57 289061
510.084 289053
510.087 289046
510.09 289042
510.112 289037
510.114 289033
510.119 289030
510.133 289029
510.316 289028
510.32 289026
510.324 289024
512.621 289022
512.623 289018
512.625 289013
512.632 289006
512.636 288997
512.645 288993
512.65 288986
512.671 288954
512.685 288949
512.691 288946
512.692 288944
512.694 288943
512.697 288936
512.703 288931
512.704 288929
512.709 288915
512.712 288912
512.716 288910
513.512 288899
513.515 288891
513.566 288886
513.572 288883
513.579 288871
513.58 288852
513.584 288849
513.585 288845
524.864 288844
524.878 288840
524.965 288829
524.967 288827
525.07 288825
525.072 288823
525.078 288814
525.082 288809
525.085 288797
525.093 288795
525.125 288794
525.131 288793
525.153 288791
525.157 288783
525.216 288777
525.219 288771
525.235 288770
525.24 288767
525.242 288765
525.473 288764
525.497 288756
525.504 288749
529.267 288743
529.274 288737
529.371 288733
529.402 288732
529.406 288721
529.416 288719
529.423 288709
529.438 288696
529.55 288689
529.552 288685
529.555 288683
529.557 288677
529.65 288672
529.909 288668
529.913 288666
529.999 288661
530.01 288654
530.047 288650
530.07 288649
530.072 288648
530.109 288646
531.014 288642
531.016 288635
531.018 288626
531.021 288619
531.022 288614
531.101 288612
531.108 288609
531.11 288608
531.12 288604
531.126 288601
531.131 288600
531.137 288599
531.149 288598
531.172 288593
531.18 288592
531.689 288587
531.691 288584
531.693 288583
531.701 288576
531.867 288571
531.874 288564
531.875 288561
531.983 288549
531.987 288541
537.113 288540
541.897 288538
541.903 288537
542.528 288536
542.532 288535
542.535 288533
542.536 288521
544.163 288517
544.171 288515
544.204 288500
544.208 288494
544.266 288492
544.294 288472
547.379 288459
547.38 288458
547.384 288450
547.442 288448
547.511 288447
547.589 288443
547.597 288439
547.6 288438
547.629 288428
547.635 288421
551.063 288418
551.067 288415
551.178 288412
551.179 288410
551.194 288409
551.206 288407
551.564 288397
551.567 288394
552.017 288392
554.368 288391
554.373 288384
554.38 288382
554.419 288381
555.389 288372
555.492 288371
555.5 288370
555.621 288367
555.709 288354
555.72 288351
555.723 288349
555.724 288346
555.76 288342
555.768 288341
555.793 288336
555.808 288333
555.81 288331
555.819 288329
555.822 288325
555.827 288320
555.853 288309
555.858 288294
555.862 288290
555.872 288288
555.875 288282
555.887 288267
556.008 288265
556.116 288264
556.118 288260
556.12 288258
556.127 288251
556.144 288250
556.149 288228
556.165 288221
556.192 288218
556.416 288212
556.458 288204
556.463 288200
556.467 288199
556.472 288190
556.689 288186
556.692 288184
556.727 288181
556.743 288172
556.747 288167
556.752 288163
556.758 288153
556.76 288149
556.762 288144
556.767 288143
556.824 288139
556.825 288136
556.861 288135
556.872 288129
557.161 288123
557.18 288116
557.279 288114
557.283 288108
557.288 288107
557.302 288103
557.318 288101
559.68 288098
559.685 288095
559.752 288092
559.754 288090
559.755 288089
559.758 288082
559.77 288079
559.777 288063
560.633 288061
560.636 288060
560.637 288059
560.638 288058
560.64 288057
560.651 288055
560.655 288051
567.435 288043
567.448 288042
567.457 288035
567.464 288026
567.592 288024
567.605 288022
567.615 288014
567.674 288011
567.684 288002
567.689 288001
567.736 287999
568.181 287995
568.189 287991
568.202 287984
568.217 287974
568.911 287971
568.918 287970
568.924 287965
568.933 287963
568.98 287962
569.035 287960
569.05 287959
569.051 287957
569.081 287952
569.09 287948
569.14 287946
569.142 287944
573.114 287942
573.163 287936
573.332 287935
573.339 287929
573.342 287927
573.347 287925
573.358 287923
573.361 287920
573.931 287916
573.938 287915
573.967 287909
574.019 287904
574.031 287900
574.096 287896
574.126 287894
574.303 287883
574.309 287877
574.312 287874
574.314 287871
574.414 287863
574.423 287862
574.424 287859
574.494 287853
574.505 287836
574.509 287831
574.613 287819
574.618 287814
574.62 287812
574.625 287811
574.756 287807
574.758 287805
575.524 287804
575.546 287801
575.551 287799
575.563 287789
575.776 287787
575.794 287766
575.797 287765
575.799 287763
575.8 287756
575.803 287753
575.924 287749
575.962 287747
575.968 287746
576.399 287742
576.407 287736
576.82 287730
576.855 287729
576.861 287725
576.925 287724
576.943 287721
577.072 287716
577.078 287712
577.081 287709
577.085 287708
577.091 287704
577.122 287698
577.164 287697
577.166 287696
580.182 287690
580.189 287684
580.204 287683
580.222 287678
580.23 287675
580.24 287673
580.253 287671
580.295 287667
580.319 287666
580.321 287664
580.331 287663
580.334 287661
580.34 287656
580.398 287651
580.402 287650
580.405 287649
580.5 287646
580.504 287644
580.64 287639
580.643 287636
580.646 287635
581.67 287633
581.909 287628
581.92 287626
581.922 287619
581.947 287616
581.948 287613
581.951 287612
582.01 287611
582.017 287610
582.025 287608
582.031 287604
582.932 287602
582.968 287598
582.975 287593
582.986 287589
582.995 287587
582.999 287586
583 287585
583.194 287580
583.353 287579
583.359 287577
583.361 287567
583.363 287562
583.367 287560
583.492 287559
583.514 287554
583.516 287551
583.523 287549
583.532 287544
583.802 287538
583.831 287533
583.879 287529
584.095 287526
584.107 287521
589.783 287506
589.803 287503
589.823 287502
589.828 287499
589.84 287494
591.321 287489
591.364 287488
591.37 287476
591.371 287470
591.374 287466
591.385 287464
591.436 287454
591.44 287453
591.448 287451
591.603 287448
591.72 287443
591.727 287438
591.733 287428
591.752 287424
591.972 287419
591.998 287409
592.001 287405
592.006 287399
592.007 287397
592.022 287395
592.04 287391
592.087 287390
592.088 287379
592.158 287368
592.162 287367
592.17 287352
592.175 287351
592.177 287348
592.187 287341
592.223 287335
592.234 287334
592.237 287333
592.25 287321
592.294 287318
592.99 287316
593.001 287314
593.008 287311
593.013 287310
593.016 287300
593.03 287296
593.037 287295
593.091 287292
593.098 287287
593.1 287282
595.314 287275
595.321 287274
595.379 287273
595.381 287271
595.383 287267
595.384 287258
596.228 287256
601.143 287254
601.147 287251
601.148 287250
601.163 287249
601.165 287248
601.861 287245
601.875 287243
601.877 287242
601.88 287241
601.882 287240
601.905 287235
601.933 287234
601.936 287232
602.27 287231
602.275 287227
602.318 287217
602.322 287216
602.323 287214
602.326 287207
602.332 287206
608.81 287201
608.812 287200
608.817 287196
608.82 287195
608.899 287187
609.052 287174
609.364 287165
609.371 287164
609.47 287159
612.003 287158
612.009 287155
612.016 287152
612.035 287149
612.04 287148
612.044 287142
612.046 287137
612.091 287134
612.146 287132
612.163 287130
612.183 287128
612.185 287124
612.19 287123
612.192 287109
612.2 287108
612.241 287107
612.247 287102
612.25 287100
612.442 287090
612.451 287085
612.455 287082
612.457 287081
612.46 287080
612.47 287079
612.471 287072
612.474 287070
612.508 287068
612.51 287065
612.572 287064
612.583 287063
612.722 287060
612.734 287055
612.744 287054
612.747 287052
612.767 287049
612.811 287044
612.826 287042
613.328 287040
613.338 287037
613.448 287035
618.273 287033
618.274 287029
618.306 287027
618.335 287026
618.525 287025
618.542 287023
618.716 287007
618.717 286999
618.751 286998
618.924 286989
618.933 286984
618.955 286978
618.979 286977
618.992 286976
618.996 286972
619.306 286964
619.562 286956
619.564 286955
619.584 286949
619.589 286948
619.592 286946
619.593 286945
619.596 286939
619.599 286937
619.669 286934
619.67 286933
619.695 286931
619.739 286921
619.745 286920
619.847 286916
620.529 286915
620.535 286912
620.541 286910
620.55 286906
620.574 286900
620.577 286899
620.598 286898
620.695 286884
620.798 286883
620.82 286880
620.821 286875
620.822 286864
621.119 286863
621.223 286861
621.412 286858
621.453 286857
621.494 286849
621.507 286848
621.518 286839
624.966 286835
625.005 286826
625.008 286821
625.009 286820
625.016 286814
625.03 286802
625.036 286800
625.04 286796
625.041 286790
625.046 286788
625.057 286786
625.058 286785
625.079 286777
625.088 286762
625.099 286760
625.103 286758
625.107 286756
625.115 286755
625.117 286754
625.567 286751
625.568 286748
625.759 286747
625.823 286746
625.966 286737
625.969 286734
625.983 286731
625.985 286729
626.121 286727
626.139 286722
626.14 286719
626.526 286712
626.532 286711
626.539 286708
626.561 286707
626.587 286703
626.599 286699
626.653 286694
626.664 286692
626.754 286681
627.556 286672
627.56 286671
627.583 286669
627.721 286663
627.748 286661
627.758 286659
627.8 286658
627.803 286654
627.828 286651
627.843 286649
627.872 286648
627.905 286646
633.636 286643
633.64 286640
633.643 286636
633.645 286635
640.401 286630
640.41 286627
640.414 286624
640.419 286623
640.424 286613
640.434 286612
640.437 286609
640.439 286607
640.98 286602
641.025 286601
641.032 286599
641.097 286598
641.098 286593
641.101 286586
641.107 286575
641.391 286573
641.408 286572
641.421 286569
641.423 286565
641.487 286560
641.528 286559
641.69 286551
641.701 286550
641.738 286549
641.755 286547
641.788 286546
641.79 286541
641.792 286537
641.794 286532
641.902 286528
642.198 286524
642.213 286523
642.217 286522
642.233 286521
642.258 286520
642.263 286514
642.424 286510
642.439 286500
642.876 286499
642.885 286498
642.889 286494
642.891 286484
642.894 286483
642.899 286481
642.905 286473
642.927 286467
642.936 286464
642.951 286460
642.957 286452
642.96 286450
642.961 286446
642.97 286444
642.975 286443
643.001 286437
643.003 286435
643.023 286431
643.025 286427
643.031 286426
643.048 286425
643.062 286423
643.063 286422
643.069 286418
643.246 286417
643.372 286413
643.374 286408
643.385 286407
643.391 286406
643.394 286404
643.396 286402
643.534 286401
644.121 286397
644.122 286396
644.146 286395
644.16 286394
644.162 286389
644.174 286387
644.179 286385
644.185 286384
644.186 286381
644.3 286380
644.305 286375
645.048 286374
645.061 286373
645.13 286371
645.151 286370
645.152 286368
645.155 286366
645.239 286364
645.251 286352
645.261 286351
645.263 286350
645.291 286348
645.327 286347
646.396 286344
646.402 286342
648.421 286337
648.453 286330
648.561 286322
648.573 286319
648.59 286318
648.595 286317
648.6 286315
648.618 286314
648.638 286309
648.652 286307
648.655 286306
648.66 286301
648.665 286299
648.817 286297
649.027 286296
649.029 286294
649.094 286293
649.106 286292
649.139 286291
649.14 286289
649.157 286284
649.17 286283
649.175 286279
649.185 286274
649.918 286272
649.923 286265
649.93 286264
649.932 286263
649.952 286258
649.995 286254
649.997 286250
649.999 286249
650.001 286247
650.003 286238
650.864 286235
650.876 286234
650.877 286232
650.893 286227
650.945 286225
650.947 286219
651.042 286216
651.059 286214
651.061 286211
651.066 286210
651.072 286208
651.108 286200
651.111 286198
651.15 286196
651.169 286195
651.174 286188
651.178 286177
651.265 286175
651.274 286173
651.278 286171
651.288 286166
651.291 286164
651.316 286155
651.419 286154
651.424 286149
651.432 286147
651.888 286146
652.313 286143
652.349 286139
652.355 286137
652.359 286134
652.379 286124
652.38 286117
652.391 286115
652.423 286108
652.436 286105
652.441 286103
652.464 286094
653.2 286092
653.207 286090
653.653 286085
653.657 286084
653.662 286081
653.663 286080
653.687 286079
653.858 286071
653.86 286069
653.877 286065
653.898 286063
653.911 286059
653.933 286058
654.076 286054
654.102 286053
654.128 286049
654.133 286048
654.143 286045
654.147 286043
684.444 286041
684.45 286032
684.455 286027
684.509 286024
684.521 286022
684.544 286017
684.562 286016
684.57 286013
684.574 286000
684.608 285997
684.636 285995
684.654 285994
684.702 285991
684.706 285988
685.007 285986
685.013 285983
685.032 285981
685.081 285980
685.517 285978
685.656 285976
685.661 285975
685.662 285973
685.819 285966
685.847 285965
685.884 285963
686.348 285959
686.366 285954
686.373 285952
686.387 285948
686.403 285947
686.405 285946
686.414 285940
686.419 285934
686.427 285933
686.437 285931
687.546 285930
687.605 285929
687.624 285925
687.634 285920
687.642 285918
687.649 285907
687.688 285906
687.693 285905
687.698 285904
688.215 285900
688.368 285899
688.378 285898
688.391 285896
688.394 285892
688.409 285891
688.446 285890
688.451 285889
690.599 285887
690.617 285884
690.629 285883
690.634 285882
690.64 285877
690.701 285876
690.703 285873
690.717 285870
690.73 285869
690.737 285867
690.738 285863
690.757 285861
690.853 285860
690.867 285857
690.881 285856
690.885 285853
690.893 285852
690.943 285851
690.952 285850
690.955 285849
690.973 285848
690.979 285846
690.98 285845
695.035 285841
695.039 285840
695.088 285839
695.589 285833
696.639 285830
696.654 285824
696.655 285820
696.665 285796
696.684 285790
696.686 285788
696.694 285786
696.738 285775
696.744 285772
696.755 285765
696.77 285763
696.773 285760
696.784 285758
696.796 285756
696.814 285754
696.827 285749
696.846 285747
696.906 285746
696.929 285744
696.999 285740
697.25 285738
697.253 285735
698.614 285734
699.963 285732
699.982 285727
700.035 285726
700.04 285725
700.041 285723
700.059 285721
700.139 285715
700.145 285714
700.178 285713
700.209 285712
700.212 285710
700.214 285709
700.218 285707
700.441 285705
700.443 285704
700.884 285702
700.886 285701
700.889 285700
700.923 285699
700.936 285698
700.943 285696
701.015 285693
701.021 285690
701.025 285689
701.032 285688
701.063 285685
701.089 285684
701.117 285683
701.159 285680
701.161 285678
701.217 285677
701.224 285671
701.232 285669
701.279 285668
701.281 285665
701.306 285663
701.316 285662
701.323 285661
701.339 285659
701.354 285658
701.377 285656
701.379 285655
701.382 285654
701.386 285653
701.421 285651
701.431 285647
702.444 285645
702.449 285643
702.451 285640
702.494 285639
702.498 285634
706.822 285621
706.842 285620
706.865 285619
706.867 285615
706.869 285612
707.589 285609
707.623 285607
707.638 285599
707.652 285598
707.653 285597
707.671 285594
707.689 285593
707.902 285589
708.089 285587
708.09 285582
708.1 285581
708.108 285577
708.114 285575
709.884 285573
709.895 285570
709.896 285568
710.098 285567
710.123 285566
710.162 285559
710.187 285557
710.257 285553
712.478 285550
712.483 285549
712.496 285548
712.538 285542
712.562 285539
712.598 285536
712.807 285534
712.819 285532
712.827 285531
712.839 285530
712.842 285524
712.845 285523
712.88 285521
712.886 285519
712.888 285515
712.908 285513
712.925 285510
713.085 285509
713.128 285503
713.141 285502
713.142 285501
713.15 285496
713.152 285494
713.154 285492
713.168 285491
713.245 285489
713.267 285482
713.287 285481
713.297 285480
713.306 285477
713.328 285476
713.33 285474
713.356 285473
713.366 285472
713.419 285470
713.424 285469
713.504 285462
714.992 285454
714.998 285453
715.755 285449
715.757 285445
715.805 285442
715.81 285441
716.19 285439
716.206 285438
716.25 285436
716.257 285434
716.258 285430
716.261 285429
716.272 285428
716.279 285424
716.314 285419
716.319 285414
716.324 285410
716.338 285408
716.355 285407
716.476 285404
716.486 285403
716.516 285402
716.529 285400
716.534 285399
716.83 285398
716.833 285396
716.864 285395
716.869 285394
716.888 285393
716.966 285389
717.683 285387
717.692 285386
717.957 285382
718.087 285380
718.283 285377
718.341 285375
718.363 285374
718.37 285373
719.033 285372
719.159 285371
719.247 285363
719.305 285362
719.307 285361
719.344 285356
719.353 285355
719.407 285353
720.111 285352
721.558 285351
721.563 285349
721.574 285347
721.578 285344
721.627 285343
733.141 285339
733.15 285338
733.197 285332
733.228 285330
733.234 285329
733.235 285328
733.324 285324
733.335 285322
751.76 285317
751.783 285314
752.685 285313
752.687 285309
752.688 285306
752.742 285305
753.776 285304
753.8 285303
753.891 285302
754.08 285300
754.09 285298
754.133 285291
754.137 285287
754.142 285285
754.159 285282
754.172 285279
754.174 285273
754.207 285271
754.251 285269
754.255 285268
754.272 285262
754.275 285259
754.305 285257
754.308 285250
754.34 285249
754.371 285245
754.63 285240
755.615 285234
756.085 285231
756.114 285226
756.116 285225
756.237 285224
756.241 285220
756.242 285218
756.25 285217
756.262 285213
756.574 285210
756.581 285208
756.585 285205
756.589 285203
756.601 285201
756.604 285200
756.614 285193
756.616 285189
756.621 285187
756.625 285184
756.637 285182
756.643 285181
756.665 285176
756.921 285173
756.933 285169
757.006 285168
757.011 285165
757.048 285163
757.066 285153
757.166 285152
757.17 285151
757.19 285149
757.343 285147
757.344 285145
757.356 285143
757.543 285140
757.547 285139
757.564 285138
757.581 285136
757.598 285132
757.785 285130
758.007 285127
758.01 285125
758.024 285124
758.045 285120
758.082 285119
758.09 285115
758.295 285113
758.297 285110
758.331 285109
758.35 285106
758.477 285105
758.484 285103
758.499 285102
758.671 285101
759.312 285099
759.327 285095
759.337 285093
759.492 285086
759.499 285085
759.539 285081
759.578 285078
759.583 285077
759.587 285076
759.746 285075
759.77 285074
759.771 285072
759.785 285070
759.862 285068
759.863 285066
759.877 285063
761.887 285058
761.891 285056
761.896 285055
761.926 285054
761.938 285052
762.456 285050
762.535 285048
762.552 285045
762.59 285041
762.601 285039
778.916 285038
779.249 285034
779.257 285032
779.453 285031
779.482 285030
779.485 285029
779.487 285028
779.491 285027
779.53 285016
779.538 285015
779.543 285009
779.581 285008
779.589 285006
780.007 285005
780.016 285004
780.218 285002
780.226 284997
780.231 284993
780.284 284992
780.294 284990
780.345 284988
780.582 284987
780.59 284986
780.668 284979
780.704 284977
780.706 284974
780.811 284972
780.843 284961
780.885 284960
780.921 284957
781.063 284956
783.214 284955
783.257 284954
783.317 284953
783.756 284949
783.764 284945
784.001 284940
784.57 284937
784.782 284935
784.79 284931
784.839 284930
784.844 284929
784.935 284928
785.016 284927
785.019 284926
785.145 284923
785.172 284919
785.174 284917
785.183 284916
785.209 284914
785.219 284911
785.252 284910
785.485 284908
785.653 284907
785.667 284906
785.741 284904
785.769 284903
785.775 284902
785.806 284893
785.84 284892
785.85 284885
785.955 284884
785.991 284879
785.999 284876
786.089 284875
786.097 284874
786.14 284871
786.182 284870
786.299 284866
787.184 284865
787.22 284863
787.231 284862
787.287 284861
787.288 284860
787.483 284856
787.501 284853
787.617 284852
787.634 284851
787.639 284850
787.668 284849
787.689 284846
788.014 284844
788.015 284843
788.019 284842
788.025 284839
788.039 284835
788.055 284833
788.062 284831
788.071 284828
788.101 284827
788.108 284824
788.16 284823
788.188 284821
788.195 284816
789.396 284815
789.397 284814
789.399 284812
789.432 284810
790.837 284808
793.685 284807
793.689 284805
793.7 284804
793.801 284803
794.161 284802
794.291 284800
794.325 284794
794.327 284790
794.359 284789
794.364 284787
794.471 284779
794.874 284777
794.883 284776
794.97 284773
795.083 284771
795.096 284770
795.105 284769
797.062 284767
797.091 284766
797.143 284765
799.266 284764
799.33 284763
799.392 284762
799.404 284759
799.41 284757
799.42 284750
799.423 284745
799.48 284742
799.51 284738
799.523 284734
799.592 284733
799.595 284729
799.69 284728
799.691 284724
799.707 284721
799.708 284720
799.711 284719
799.734 284717
799.781 284715
799.832 284711
799.873 284710
799.989 284706
799.993 284704
799.996 284703
799.999 284702
800 284699
803.028 284698
803.098 284695
803.112 284694
803.394 284692
803.405 284685
803.449 284683
803.592 284674
804.005 284672
804.198 284664
804.21 284663
804.228 284662
804.384 284661
804.432 284657
804.436 284655
805.03 284649
805.053 284646
805.087 284644
805.146 284643
805.168 284641
805.177 284640
805.182 284636
805.188 284633
805.193 284631
805.214 284629
805.316 284625
805.32 284622
805.346 284620
805.351 284619
805.36 284617
805.368 284615
805.428 284614
805.5 284613
809.336 284612
809.403 284610
809.701 284609
809.857 284608
809.911 284607
809.972 284606
811.976 284604
813.019 284602
813.098 284600
817.813 284597
817.84 284596
817.928 284589
817.954 284588
818.032 284587
818.044 284584
818.057 284581
818.068 284580
818.077 284578
826.196 284576
826.2 284571
826.303 284570
826.639 284567
826.643 284566
826.733 284562
826.968 284559
827.125 284555
829.047 284553
829.109 284552
829.171 284550
829.195 284548
829.211 284546
829.224 284543
829.241 284541
829.335 284540
829.373 284539
829.381 284536
829.385 284535
831.005 284534
831.018 284531
831.025 284530
831.042 284525
831.784 284524
831.821 284523
831.856 284519
831.884 284518
832.404 284515
832.425 284510
832.43 284509
832.481 284507
832.884 284504
832.967 284500
833.001 284497
833.003 284496
833.005 284495
833.838 284494
836.121 284490
836.137 284488
836.152 284487
836.161 284486
836.272 284483
836.281 284482
836.35 284479
836.355 284477
836.36 284475
836.391 284473
836.417 284469
836.425 284468
836.685 284467
836.75 284461
836.779 284459
836.822 284456
836.906 284455
837.014 284454
837.033 284450
837.054 284449
837.118 284448
837.141 284446
837.158 284443
837.18 284441
837.315 284438
837.457 284434
837.464 284431
837.493 284430
837.51 284429
837.745 284426
840.485 284425
840.51 284423
840.519 284419
840.532 284417
840.554 284416
840.61 284414
840.618 284413
840.87 284411
840.882 284410
840.907 284407
843.578 284403
843.589 284401
843.606 284399
843.681 284398
843.707 284397
843.929 284395
844.105 284394
844.143 284389
844.351 284388
844.364 284386
846.183 284381
846.198 284378
846.399 284376
846.46 284375
846.48 284374
846.483 284373
846.511 284368
846.53 284367
846.558 284366
846.561 284365
847.144 284364
847.162 284362
847.202 284361
847.467 284357
847.472 284355
847.503 284354
847.607 284350
847.615 284346
847.892 284345
847.982 284341
848.011 284340
848.024 284338
848.037 284337
848.055 284336
848.512 284335
849.959 284331
850.059 284324
850.101 284323
850.295 284321
850.359 284320
851.013 284319
851.028 284316
851.045 284314
851.058 284313
851.116 284312
851.281 284310
851.296 284308
851.326 284305
851.344 284300
851.414 284298
851.425 284296
851.444 284295
852.79 284293
853.259 284292
853.661 284289
853.663 284285
853.688 284284
853.739 284283
853.796 284280
853.815 284279
853.816 284278
853.834 284277
853.871 284275
853.875 284273
853.889 284272
853.981 284270
854.149 284267
854.195 284263
855.054 284260
855.058 284259
855.875 284256
856.173 284254
856.319 284253
856.354 284252
856.42 284250
856.948 284249
861.241 284245
861.248 284243
861.466 284242
861.49 284241
862.054 284239
862.055 284237
862.063 284236
862.625 284235
862.657 284234
862.666 284233
862.671 284232
862.719 284230
862.801 284229
862.832 284228
862.85 284227
863.352 284226
863.713 284224
863.721 284223
863.735 284222
865.557 284220
865.558 284219
865.662 284217
865.682 284213
865.712 284209
865.932 284207
865.988 284206
866.015 284203
866.252 284201
866.283 284200
875.089 284199
875.113 284198
875.187 284195
875.213 284193
875.655 284192
875.997 284191
876.022 284190
876.452 284189
876.463 284187
877.368 284186
877.403 284185
881.854 284184
881.92 284183
882.035 284182
882.037 284181
882.162 284180
882.172 284179
882.215 284177
882.256 284174
882.347 284172
882.357 284169
882.956 284168
883.48 284166
883.506 284165
883.539 284164
884.009 284163
884.015 284162
884.022 284160
884.194 284159
884.198 284158
884.24 284156
884.846 284155
885.889 284152
888.562 284151
888.57 284150
888.616 284147
888.631 284145
888.642 284144
888.913 284140
888.924 284139
888.969 284138
888.99 284137
889.075 284136
889.096 284135
889.099 284134
889.316 284133
889.399 284132
889.43 284127
889.46 284126
889.813 284124
889.826 284121
889.858 284119
889.89 284118
890.102 284116
890.133 284114
890.274 284112
890.351 284110
890.391 284108
890.442 284107
890.454 284106
892.259 284104
892.275 284103
892.294 284102
895.304 284101
895.392 284094
895.415 284093
895.542 284092
895.562 284090
895.627 284089
895.665 284088
895.681 284085
895.765 284084
895.768 284083
895.811 284081
895.822 284079
895.932 284074
895.961 284072
896.146 284071
896.154 284068
896.174 284067
896.177 284066
896.194 284064
896.243 284063
896.387 284062
896.426 284061
896.701 284060
896.71 284059
896.716 284058
896.764 284057
896.875 284054
896.883 284052
896.884 284051
896.942 284048
897.002 284047
897.021 284046
897.19 284045
897.229 284044
897.258 284041
897.306 284040
897.46 284035
897.503 284034
897.888 284031
897.918 284030
897.969 284029
897.972 284028
898.484 284027
898.505 284026
899.873 284025
900.158 284023
900.178 284022
900.34 284021
902.867 284020
902.873 284019
902.913 284017
903.499 284016
903.518 284015
903.635 284013
909.851 284011
909.884 284010
909.903 284008
909.943 284007
910.014 284006
910.045 284004
910.097 284003
910.105 284001
910.199 283994
913.132 283993
913.138 283991
913.217 283990
913.243 283989
913.35 283988
914.406 283986
914.421 283985
914.442 283984
914.469 283983
914.49 283982
914.561 283980
918.034 283978
918.086 283977
918.457 283976
918.469 283975
919.12 283974
919.133 283973
919.44 283972
919.719 283970
919.764 283968
919.799 283967
919.983 283966
920.042 283965
920.455 283964
920.529 283963
920.533 283962
920.571 283961
920.782 283955
920.817 283953
921.068 283951
921.088 283950
921.101 283949
921.124 283948
921.266 283946
922.089 283945
925.526 283944
925.535 283943
925.619 283942
926.218 283940
926.267 283939
927.023 283938
927.133 283937
927.138 283936
927.153 283935
927.324 283934
927.363 283933
927.457 283931
927.488 283930
927.494 283929
927.544 283925
927.578 283923
927.74 283922
927.813 283921
928.063 283920
929.106 283916
929.314 283915
936.935 283914
937.049 283912
939.162 283909
939.485 283908
939.526 283907
939.591 283906
939.629 283905
939.66 283904
939.938 283902
939.951 283901
939.975 283900
939.991 283898
940.061 283895
940.067 283889
940.08 283887
942.719 283886
942.866 283885
942.868 283884
961.539 283883
962.557 283881
962.844 283880
962.896 283879
962.922 283878
962.951 283877
964.982 283875
965.123 283874
965.172 283873
965.265 283872
965.301 283871
965.314 283870
965.399 283869
965.87 283868
966.305 283867
966.424 283866
966.441 283865
966.773 283864
966.8 283863
966.951 283862
966.979 283860
967.565 283859
967.593 283858
967.602 283857
967.658 283856
967.802 283854
968.017 283853
968.157 283849
968.313 283847
968.433 283846
968.465 283845
969.005 283842
969.012 283840
969.086 283839
969.713 283838
969.73 283837
969.897 283836
969.941 283834
969.976 283833
970.06 283831
970.593 283830
970.677 283829
970.94 283828
970.96 283827
970.97 283826
971.041 283825
975.857 283824
975.952 283823
975.958 283822
976.185 283817
976.493 283816
976.523 283815
976.596 283814
976.694 283812
976.812 283811
977.184 283809
977.299 283807
979.772 283806
980.752 283805
980.908 283800
980.952 283797
981.027 283794
981.089 283793
982.456 283789
982.961 283786
983.053 283785
983.141 283784
985.78 283782
985.816 283781
985.915 283780
985.995 283779
986.305 283775
986.427 283773
986.436 283770
986.437 283769
986.611 283768
986.65 283765
987.046 283763
987.049 283762
987.218 283761
987.867 283760
987.871 283759
993.098 283758
993.518 283757
993.661 283756
993.776 283755
994.074 283754
994.172 283753
994.454 283752
994.558 283749
994.76 283747
994.892 283746
994.958 283744
994.965 283743
996.457 283742
996.514 283740
996.614 283739
997.494 283737
997.752 283736
998.217 283735
998.238 283734
998.411 283729
998.434 283728
998.508 283727
998.509 283726
998.569 283725
998.589 283724
998.606 283723
998.79 283722
998.791 283721
999.148 283717
999.2 283716
999.215 283715
999.274 283714
999.737 283712
999.808 283710
999.927 283708
999.955 283707
1000.02 283706
1000.56 283705
1002.91 283704
1003.26 283703
1003.54 283701
1003.65 283700
1003.7 283698
1003.73 283697
1003.81 283696
1003.82 283695
1004.02 283694
1004.04 283693
1007.71 283692
1007.89 283691
1008 283689
1008.25 283688
1008.29 283687
1008.3 283686
1008.54 283685
1008.54 283684
1008.86 283683
1008.89 283681
1009.38 283680
1009.53 283679
1009.58 283677
1009.59 283676
1009.65 283675
1010.12 283671
1010.2 283669
1011.51 283667
1011.55 283666
1012.08 283665
1012.41 283664
1016.65 283663
1016.74 283661
1016.84 283660
1017.12 283659
1017.12 283658
1017.27 283657
1017.42 283656
1017.53 283654
1017.54 283653
1017.56 283652
1017.57 283651
1018.7 283650
1018.8 283649
1018.82 283648
1018.84 283645
1019.51 283643
1020.82 283642
1021.21 283641
1026.06 283640
1026.29 283637
1026.65 283634
1026.68 283633
1026.75 283622
1026.84 283621
1026.94 283620
1026.95 283619
1026.96 283618
1027.12 283617
1027.15 283615
1028.36 283614
1028.39 283613
1028.6 283612
1031.96 283611
1032.01 283610
1032.01 283609
1032.07 283608
1032.15 283607
1032.41 283605
1032.62 283604
1032.66 283603
1032.67 283602
1032.71 283601
1032.73 283600
1033.16 283599
1033.2 283598
1033.27 283597
1033.29 283595
1035.4 283594
1037.02 283593
1037.03 283592
1037.5 283591
1037.93 283590
1038.39 283587
1038.39 283586
1038.59 283580
1038.6 283579
1038.62 283578
1038.67 283575
1038.78 283574
1038.8 283572
1038.9 283571
1039.32 283570
1039.7 283569
1039.83 283568
1040.56 283567
1040.82 283565
1049.68 283564
1050.1 283563
1050.24 283561
1050.27 283559
1050.45 283558
1050.62 283557
1050.62 283556
1050.66 283555
1051.76 283554
1051.92 283552
1052.74 283551
1055.3 283550
1056.08 283549
1056.16 283548
1056.62 283547
1056.8 283546
1057.03 283545
1057.15 283544
1057.33 283543
1058.76 283542
1058.77 283540
1058.78 283539
1058.92 283538
1058.93 283537
1059.99 283536
1059.99 283535
1060.1 283534
1060.83 283533
1061.22 283532
1062.15 283531
1062.16 283530
1062.22 283529
1062.38 283528
1063.37 283525
1065.52 283524
1065.75 283521
1066.81 283520
1068.32 283516
1069.06 283515
1071.96 283514
1072.06 283513
1072.17 283512
1072.89 283511
1073.42 283510
1073.44 283509
1073.51 283507
1074.74 283506
1084.38 283505
1084.58 283504
1085.01 283503
1085.05 283501
1085.09 283500
1085.11 283499
1085.21 283497
1085.25 283495
1085.32 283494
1085.45 283492
1085.46 283491
1085.97 283490
1086.07 283489
1086.71 283487
1088.97 283486
1091.68 283484
1092.25 283483
1092.43 283482
1094.33 283481
1094.38 283480
1094.55 283478
1097.22 283477
1097.27 283476
1097.49 283475
1098.86 283472
1099.38 283471
1099.59 283470
1099.6 283469
1099.68 283467
1099.86 283466
1100.22 283464
1101.03 283463
1101.65 283462
1102.44 283461
1102.49 283460
1104.8 283459
1105.12 283458
1105.48 283457
1105.98 283456
1111.22 283455
1111.3 283454
1111.81 283453
1112.74 283452
1113.52 283451
1113.91 283450
1114.71 283449
1115.06 283448
1115.19 283447
1120.11 283446
1120.31 283445
1121.03 283444
1121.19 283443
1121.7 283442
1122.48 283441
1123.15 283440
1123.69 283439
1124.37 283438
1133.88 283437
1135.29 283436
1135.32 283435
1137.86 283434
1138.11 283433
1139.1 283432
1139.16 283431
1139.46 283429
1142.41 283428
1142.56 283426
1142.8 283425
1143.72 283424
1143.79 283423
1144 283422
1144.27 283421
1144.3 283420
1144.55 283419
1146.08 283418
1147.76 283412
1147.95 283411
1148.06 283410
1148.17 283408
1149.11 283407
1149.31 283406
1149.5 283405
