3.617 380389
3.621 380372
3.625 380355
3.626 380344
3.628 380319
3.63 380317
3.632 380234
3.641 380218
3.642 380191
3.646 380189
3.647 380182
3.649 380168
3.651 380155
3.653 380072
3.655 380070
3.664 380014
3.666 380012
3.668 379868
3.669 379865
3.671 379860
3.673 379849
3.677 379834
3.678 379822
3.681 379813
3.684 379789
3.687 379786
3.688 379745
3.695 379730
3.697 379707
3.698 379695
3.7 379688
3.702 379674
3.703 379664
3.705 379645
3.706 379644
3.711 379625
3.712 379623
3.714 379615
3.717 379602
3.719 379600
3.721 379597
3.722 379580
3.725 379566
3.726 379562
3.728 379561
3.73 379550
3.731 379546
3.733 379540
3.734 379494
3.738 379485
3.739 379479
3.741 379460
3.743 379440
3.744 379427
3.746 379418
3.749 379408
3.75 379399
3.752 379374
3.757 379339
3.761 379301
3.763 379266
3.764 379215
3.766 379208
3.768 379158
3.773 379088
3.775 379082
3.782 379076
3.785 379074
3.787 379038
3.79 379031
3.794 379022
3.811 378990
3.813 378984
3.814 378982
3.817 378980
3.826 378976
3.827 378975
3.829 378963
3.832 378959
3.834 378936
3.835 378920
3.837 378917
3.839 378911
3.84 378904
3.842 378890
3.844 378889
3.855 378869
3.857 378868
3.859 378862
3.86 378850
3.862 378828
3.863 378815
3.867 378813
3.87 378808
3.871 378807
3.882 378777
3.883 378771
3.886 378770
3.888 378749
3.89 378747
3.891 378736
3.893 378713
3.899 378672
3.901 378668
3.903 378661
3.904 378660
3.906 378652
3.907 378651
3.91 378647
3.921 378642
3.923 378632
3.924 378631
3.926 378624
3.928 378613
3.929 378610
3.931 378597
3.934 378581
3.936 378579
3.943 378571
3.946 378559
3.947 378551
3.953 378541
3.954 378498
3.957 378489
3.961 378483
3.964 378465
3.966 378448
3.98 378445
3.982 378440
3.985 378438
4.019 378427
4.025 378424
4.027 378378
4.029 378377
4.032 378373
4.039 378370
4.051 378352
4.056 378345
4.057 378339
4.059 378334
4.062 378332
4.065 378328
4.078 378323
4.09 378288
4.112 378246
4.116 378240
4.118 378239
4.128 378230
4.132 378226
4.135 378225
4.139 378220
4.141 378219
4.144 378208
4.154 378190
4.155 378124
4.157 378120
4.16 378118
4.168 378105
4.172 378085
4.176 378024
4.184 377988
4.19 377985
4.196 377976
4.198 377973
4.225 377969
4.227 377967
4.229 377959
4.28 377958
4.282 377950
4.285 377945
4.287 377934
4.29 377929
4.291 377927
4.293 377917
4.294 377910
4.297 377907
4.306 377894
4.311 377876
4.313 377873
4.321 377865
4.326 377856
4.335 377855
4.337 377854
4.34 377842
4.344 377819
4.346 377817
4.348 377815
4.38 377800
4.481 377777
4.487 377756
4.489 377745
4.508 377736
4.51 377730
4.512 377695
4.514 377688
4.518 377686
4.523 377685
4.526 377679
4.529 377677
4.531 377669
4.536 377666
4.552 377662
4.583 377622
4.587 377621
4.606 377619
4.609 377613
4.613 377597
4.615 377591
4.634 377590
4.637 377578
4.748 377551
4.749 377550
4.751 377548
4.753 377543
4.778 377536
4.781 377535
4.785 377500
4.786 377499
4.82 377486
4.829 377484
4.831 377461
4.842 377449
4.843 377440
4.847 377434
4.849 377432
4.851 377431
4.852 377429
238.411 377425
238.425 377421
238.428 377418
238.43 377412
238.433 377404
238.435 377400
238.438 377383
238.462 377379
238.49 377371
238.508 377366
238.518 377353
238.532 377335
238.534 377332
238.538 377330
238.541 377322
238.551 377317
238.553 377305
238.558 377300
238.564 377299
238.566 377270
238.572 377268
238.575 377249
238.577 377238
238.579 377236
238.581 377235
238.625 377226
238.628 377194
238.693 377185
238.767 377175
238.781 377172
238.784 377146
238.786 377143
238.787 377134
238.791 377131
238.797 377117
238.835 377107
238.837 377102
238.841 377047
238.917 377042
238.929 376998
260.347 376997
260.352 376996
260.367 376987
260.37 376981
260.374 376961
260.397 376927
260.764 376915
260.77 376910
260.807 376850
261.663 376846
261.67 376844
261.673 376841
261.675 376825
261.691 376807
261.701 376803
261.703 376761
261.705 376750
261.709 376721
261.81 376692
261.814 376687
262.229 376677
265.78 376672
265.782 376659
265.784 376638
265.786 376633
265.789 376631
266.128 376623
266.131 376619
266.141 376618
266.149 376610
266.153 376591
266.156 376581
266.818 376564
266.822 376563
266.824 376560
286.397 376558
286.402 376545
286.405 376520
286.408 376494
286.483 376489
286.485 376413
286.487 376401
286.5 376397
286.503 376375
286.541 376371
286.554 376339
286.557 376326
286.569 376322
286.572 376319
286.604 376311
286.608 376303
286.612 376302
286.624 376301
286.626 376300
286.629 376288
286.632 376287
286.72 376276
286.96 376242
316.69 376233
316.73 376224
317.265 376223
317.27 376214
317.278 376200
317.281 376192
317.283 376185
317.286 376175
317.289 376165
317.303 376157
317.307 376142
317.327 376138
317.329 376136
317.333 376115
317.341 376114
317.399 376102
317.402 376099
317.493 376095
317.496 376067
317.506 376057
317.513 376051
317.522 376042
319.469 376025
319.484 376022
319.492 376021
319.493 376017
319.496 376007
319.499 375978
319.511 375972
319.516 375971
319.521 375953
319.539 375938
319.545 375928
319.571 375887
319.573 375873
319.581 375856
319.585 375854
319.586 375849
319.593 375823
319.598 375817
319.6 375812
319.631 375811
319.656 375807
319.831 375793
319.839 375761
319.858 375758
319.88 375754
319.884 375741
319.885 375735
319.887 375720
319.89 375709
319.892 375707
319.897 375703
319.898 375695
319.902 375683
319.905 375676
328.46 375675
328.486 375658
328.489 375654
328.529 375620
328.546 375616
328.549 375614
328.56 375612
328.568 375600
328.604 375593
328.607 375590
328.62 375589
333.07 375579
333.072 375535
333.074 375532
333.08 375531
333.082 375529
333.086 375528
333.089 375525
333.095 375502
333.385 375480
333.388 375464
333.392 375460
333.405 375450
333.408 375437
333.421 375435
333.424 375433
333.425 375432
333.429 375429
333.431 375418
333.432 375416
333.49 375407
333.509 375405
333.511 375375
333.521 375374
333.53 375373
333.532 375358
333.537 375347
333.539 375335
333.54 375333
333.553 375331
333.561 375327
333.569 375303
333.571 375297
333.591 375294
333.672 375291
333.675 375285
333.676 375282
333.751 375276
333.759 375271
333.761 375261
333.763 375260
333.764 375257
333.766 375247
333.768 375226
333.77 375225
333.772 375218
333.776 375210
333.798 375206
333.804 375184
339.971 375182
342.253 375180
342.261 375177
343.203 375175
343.221 375174
343.224 375166
343.228 375165
343.233 375164
343.244 375163
343.246 375155
343.248 375148
343.327 375132
343.332 375124
343.338 375107
343.34 375101
344.268 375099
344.275 375095
344.279 375094
344.284 375077
344.308 375073
345.259 375072
345.266 375054
345.269 375047
345.27 375042
345.272 375026
349.593 374982
349.598 374978
349.605 374969
349.612 374966
349.641 374964
349.644 374961
349.677 374937
349.685 374924
349.706 374922
349.731 374913
349.733 374900
349.734 374896
349.736 374888
349.958 374883
349.964 374880
349.966 374877
349.968 374873
349.983 374861
349.986 374860
349.991 374854
349.998 374852
350.076 374845
350.082 374844
350.084 374843
350.118 374841
350.121 374837
350.129 374830
350.133 374821
350.137 374820
350.151 374819
350.154 374815
361.757 374814
361.759 374806
361.924 374801
361.928 374800
361.943 374788
361.952 374787
361.986 374732
362.185 374728
362.204 374726
362.21 374698
362.65 374697
362.653 374666
362.659 374658
362.661 374651
362.663 374641
362.675 374640
362.677 374624
362.703 374623
362.713 374616
362.718 374609
362.721 374606
362.781 374598
362.799 374588
362.827 374575
362.834 374549
362.836 374547
362.842 374545
362.844 374532
362.925 374531
362.928 374508
362.931 374499
362.933 374485
375.853 374476
375.866 374471
375.867 374462
375.879 374461
375.883 374446
375.886 374438
375.907 374432
375.909 374423
375.936 374414
375.938 374405
375.943 374394
375.954 374386
375.958 374384
375.96 374381
375.962 374380
375.964 374370
375.969 374360
375.971 374359
375.976 374349
375.979 374346
375.986 374345
376.018 374336
376.083 374314
376.093 374300
376.095 374298
376.096 374297
376.099 374292
376.105 374290
376.107 374288
376.108 374261
376.127 374260
376.141 374238
376.153 374237
376.16 374234
376.162 374231
376.165 374207
376.174 374203
376.176 374179
376.179 374171
376.201 374169
376.205 374158
376.231 374156
376.237 374152
376.239 374149
376.244 374144
381.77 374140
381.774 374130
381.776 374124
381.777 374123
381.813 374119
381.815 374111
381.818 374105
381.858 374104
381.868 374102
381.869 374098
381.872 374087
381.874 374075
381.878 374062
403.411 374055
403.485 374035
403.487 374032
403.491 374025
403.494 374018
403.496 374011
409.109 374005
409.166 373996
409.168 373995
409.184 373988
409.225 373980
421.227 373969
422.415 373961
422.417 373957
422.42 373954
422.517 373944
422.619 373939
422.629 373924
422.632 373917
422.64 373907
422.642 373905
422.651 373888
422.653 373884
422.661 373876
422.669 373870
422.671 373851
422.683 373842
424.008 373839
424.01 373838
424.204 373833
424.205 373829
424.22 373824
424.227 373800
424.229 373793
424.245 373790
425.856 373787
425.864 373774
425.868 373767
425.887 373754
425.891 373748
425.893 373747
425.905 373746
425.923 373717
425.929 373684
425.931 373681
425.934 373671
425.959 373663
425.961 373655
425.962 373654
425.998 373637
426.007 373636
426.013 373627
426.046 373616
426.131 373611
426.16 373609
426.166 373606
426.173 373604
426.176 373601
426.207 373599
426.269 373597
426.274 373584
426.28 373579
426.282 373575
426.289 373567
426.315 373563
426.32 373558
426.326 373548
426.339 373545
426.35 373541
426.353 373538
426.417 373535
426.421 373527
426.423 373516
426.426 373507
427.189 373506
427.192 373503
427.195 373496
427.198 373492
427.211 373491
427.235 373469
427.249 373461
443.721 373451
443.726 373440
443.728 373420
443.755 373416
443.759 373415
450.634 373407
450.688 373402
450.694 373396
450.695 373390
450.699 373386
450.708 373383
450.716 373379
450.994 373359
450.996 373347
450.998 373346
451.004 373334
451.006 373328
451.034 373326
451.045 373323
451.046 373317
451.048 373313
451.052 373309
451.067 373302
451.071 373298
451.168 373288
451.208 373286
451.213 373278
451.262 373272
451.264 373264
451.265 373261
451.585 373253
451.586 373249
451.622 373231
451.626 373230
451.628 373215
451.631 373213
451.635 373189
451.653 373180
451.771 373173
451.785 373160
451.789 373157
451.801 373156
451.804 373145
453.103 373137
453.106 373133
453.109 373126
453.113 373121
453.115 373110
453.117 373107
453.127 373104
453.128 373089
453.136 373067
453.847 373060
453.85 373059
453.851 373054
453.862 373050
453.866 373039
453.875 373030
454.712 373028
454.714 373025
454.722 373011
454.725 373002
454.738 373000
454.74 372993
454.743 372987
454.747 372977
454.748 372976
454.766 372968
454.783 372957
454.794 372956
454.796 372952
454.799 372948
454.865 372938
454.938 372934
454.939 372931
454.941 372929
454.945 372922
454.948 372919
454.952 372915
454.995 372913
455.1 372907
455.103 372888
455.11 372880
455.497 372873
460.069 372869
475.631 372851
475.633 372849
475.635 372836
475.638 372829
475.659 372821
475.661 372820
475.664 372810
475.666 372797
475.674 372790
475.678 372789
475.681 372774
475.683 372768
475.688 372766
475.697 372741
475.699 372733
475.707 372725
476.474 372723
476.507 372719
476.518 372717
476.53 372716
476.62 372712
476.634 372711
476.842 372702
476.844 372701
476.851 372700
476.859 372691
476.861 372685
476.874 372677
476.895 372675
476.898 372663
476.912 372662
476.916 372646
477.015 372644
477.072 372629
477.075 372623
477.077 372620
477.08 372611
477.087 372590
477.092 372587
477.121 372577
477.124 372560
477.136 372554
477.267 372553
477.275 372543
477.277 372531
477.353 372520
477.361 372503
477.38 372498
477.415 372490
477.417 372487
477.42 372484
477.424 372475
478.556 372455
478.582 372450
478.599 372448
478.6 372446
478.604 372444
478.613 372429
478.619 372418
478.674 372410
478.677 372403
478.69 372400
478.783 372398
478.798 372392
478.822 372389
478.828 372382
478.833 372358
479.041 372332
479.043 372325
479.046 372324
479.077 372321
479.105 372302
479.109 372299
479.111 372297
479.115 372294
479.12 372290
479.133 372271
479.135 372270
479.167 372266
479.172 372263
479.174 372262
479.205 372257
479.211 372232
479.213 372231
479.217 372223
479.225 372221
479.226 372219
479.284 372204
479.383 372203
479.389 372202
479.393 372197
479.408 372190
481.1 372186
481.107 372137
481.109 372135
481.182 372132
481.203 372124
481.205 372122
481.219 372117
497.101 372114
497.102 372112
497.104 372111
497.128 372109
497.136 372103
497.141 372098
497.143 372089
497.158 372077
497.163 372076
497.184 372072
497.209 372068
497.215 372065
497.236 372057
497.288 372055
497.305 372053
497.308 372049
497.488 372047
497.493 372046
497.498 372044
497.526 372038
497.529 372029
497.536 372019
497.551 372017
497.552 372014
497.557 372013
497.571 372012
497.573 372006
497.579 372003
497.582 371996
497.59 371986
497.592 371983
498.072 371980
498.077 371965
498.081 371955
498.096 371948
498.111 371944
498.122 371942
501.294 371936
501.304 371934
501.306 371932
501.317 371922
501.327 371916
501.328 371906
501.335 371904
501.429 371889
501.431 371888
502.025 371881
502.04 371875
502.104 371868
502.124 371859
502.766 371858
502.769 371842
502.772 371835
502.791 371833
502.833 371817
502.862 371814
502.868 371805
502.924 371792
502.936 371780
502.974 371776
502.982 371771
502.984 371765
503.249 371762
503.253 371751
503.449 371746
503.452 371743
503.454 371741
503.461 371738
503.467 371736
503.468 371730
503.481 371725
503.483 371721
503.488 371709
503.492 371693
503.496 371687
503.5 371667
503.509 371665
503.514 371664
505.613 371658
528.606 371651
528.812 371644
528.813 371641
528.82 371637
529.373 371631
530.364 371623
530.374 371620
530.377 371619
530.378 371614
530.381 371608
530.393 371588
530.404 371587
530.412 371586
530.415 371572
530.431 371565
530.468 371563
530.539 371560
530.546 371552
530.591 371545
530.594 371537
530.595 371536
530.605 371534
530.607 371532
530.742 371518
530.744 371511
530.831 371502
540.289 371500
540.296 371486
540.31 371483
540.316 371476
540.335 371469
540.411 371458
540.413 371455
540.421 371453
540.423 371444
540.444 371442
540.468 371437
540.476 371432
540.515 371427
547.115 371426
547.117 371425
547.141 371420
547.148 371419
547.151 371413
547.154 371412
547.158 371408
547.163 371402
547.164 371397
547.215 371394
547.217 371389
547.233 371383
547.237 371373
547.242 371372
547.258 371363
547.295 371359
547.309 371357
547.32 371347
547.338 371341
547.343 371325
547.353 371320
547.36 371319
547.372 371318
547.376 371313
547.539 371312
547.565 371308
547.566 371305
547.57 371303
548.179 371301
548.188 371299
548.189 371296
548.202 371288
548.207 371283
548.219 371281
548.223 371267
548.234 371265
548.239 371259
548.242 371257
548.262 371251
548.311 371247
548.547 371238
548.554 371230
548.559 371226
548.563 371224
548.887 371220
548.889 371217
548.93 371207
548.932 371203
548.934 371198
548.942 371195
548.945 371185
549.112 371181
549.117 371180
549.121 371179
549.128 371175
549.131 371162
549.176 371158
549.182 371154
549.184 371149
549.187 371145
549.193 371142
549.194 371138
549.348 371121
549.351 371109
549.354 371105
549.36 371104
549.362 371089
549.369 371084
549.371 371081
549.433 371079
549.435 371075
549.443 371067
549.447 371066
549.449 371064
549.45 371055
549.452 371054
549.459 371051
549.488 371050
549.491 371048
549.493 371043
549.496 371030
549.501 371029
549.977 371027
549.981 371022
549.984 371019
549.988 371017
549.994 371016
549.998 371015
550.004 371012
550.01 370992
550.044 370987
550.054 370985
564.565 370976
564.578 370955
564.582 370951
564.776 370942
565.502 370940
565.519 370937
565.522 370933
565.524 370927
565.526 370922
565.531 370915
565.535 370913
565.537 370901
568.402 370894
568.416 370873
568.419 370864
568.438 370841
568.44 370835
568.442 370823
568.463 370819
568.468 370814
568.719 370808
568.721 370797
568.727 370792
568.907 370784
570.136 370774
570.145 370764
570.154 370733
570.182 370728
570.184 370727
573.592 370725
573.599 370715
573.601 370714
573.611 370703
573.616 370677
574.026 370675
574.087 370662
574.092 370655
574.097 370653
574.099 370650
574.102 370649
577.235 370647
577.464 370646
577.468 370639
579.71 370630
579.826 370627
579.838 370626
579.84 370624
579.845 370621
579.967 370617
579.971 370616
586.609 370607
586.622 370606
586.628 370599
586.635 370598
586.639 370596
586.643 370589
586.668 370588
586.673 370571
586.693 370570
586.717 370562
586.719 370560
586.724 370553
586.728 370552
586.732 370550
587.338 370548
587.444 370547
587.488 370537
587.491 370533
587.504 370526
587.678 370525
587.687 370524
587.69 370522
587.704 370517
600.772 370507
600.78 370503
600.787 370501
601.145 370499
601.269 370498
601.352 370494
601.361 370483
601.363 370482
602.154 370470
602.219 370468
602.234 370465
602.246 370463
602.382 370459
602.386 370452
602.395 370439
604.396 370433
604.44 370426
604.446 370410
604.449 370409
604.456 370408
604.491 370401
604.497 370399
604.5 370388
604.506 370377
604.513 370375
604.517 370374
604.527 370364
604.538 370358
607.748 370356
607.751 370354
608.908 370353
608.91 370351
608.926 370348
608.934 370347
608.939 370340
608.944 370316
609.047 370298
609.055 370288
609.373 370287
609.376 370286
613.093 370280
613.098 370278
613.1 370274
613.136 370270
613.143 370268
613.173 370267
613.212 370265
613.216 370264
613.396 370256
613.431 370252
613.433 370250
613.438 370249
613.449 370242
613.453 370235
613.462 370233
613.482 370230
613.485 370217
613.5 370213
613.516 370212
613.529 370199
613.532 370196
613.545 370195
613.552 370187
613.559 370181
613.705 370174
613.725 370172
613.737 370158
613.739 370156
613.74 370154
613.798 370152
613.801 370146
613.805 370143
613.813 370140
613.828 370139
613.836 370136
613.838 370122
613.864 370115
613.867 370111
613.895 370109
614.861 370108
614.863 370093
614.875 370091
614.878 370087
615.117 370085
615.131 370082
615.152 370077
615.165 370072
615.17 370071
615.196 370066
615.22 370063
615.228 370062
615.229 370061
615.236 370055
615.244 370048
615.249 370046
615.35 370045
615.352 370042
615.358 370041
615.38 370039
615.395 370032
615.398 370029
615.399 370027
615.403 370023
627.38 370019
627.381 370018
627.577 370017
627.581 370016
627.821 370014
627.845 370010
627.847 370008
627.857 370000
627.863 369998
627.87 369997
627.871 369992
628.38 369991
628.395 369990
628.414 369984
628.453 369983
628.455 369977
628.459 369975
628.461 369956
629.124 369949
629.558 369948
629.597 369947
629.608 369942
629.618 369941
629.622 369931
629.626 369914
629.633 369913
629.636 369911
629.642 369908
629.68 369901
629.686 369896
629.688 369890
629.764 369888
629.768 369877
629.773 369875
629.776 369874
629.787 369871
629.886 369870
629.99 369868
630.347 369866
630.36 369857
630.401 369854
630.404 369845
630.423 369843
630.444 369831
630.903 369830
630.905 369825
631.613 369822
631.707 369821
631.714 369816
631.716 369813
633.171 369810
646.768 369808
646.771 369797
646.779 369779
646.792 369778
646.795 369776
646.796 369775
646.801 369772
646.813 369771
648.744 369769
648.749 369767
648.763 369766
648.784 369756
648.786 369742
649.349 369741
649.35 369737
649.355 369735
649.373 369724
649.395 369707
649.396 369698
649.411 369690
649.437 369687
649.445 369684
649.452 369682
649.474 369678
649.487 369667
652.454 369664
652.457 369639
652.486 369633
652.487 369630
652.56 369629
652.562 369621
652.6 369615
652.629 369612
652.634 369605
652.66 369600
652.666 369599
652.672 369596
652.69 369585
652.696 369578
652.731 369558
652.733 369553
652.735 369550
652.796 369533
652.816 369528
652.822 369523
652.825 369516
652.831 369510
652.836 369504
652.973 369503
667.694 369495
667.7 369489
667.705 369485
667.724 369480
667.733 369478
667.751 369476
667.773 369473
667.788 369471
667.797 369469
667.831 369467
667.849 369461
667.903 369455
667.944 369450
667.965 369444
667.998 369439
668.062 369436
668.079 369434
668.084 369426
668.088 369425
668.393 369422
668.401 369417
668.412 369416
668.43 369410
668.436 369399
668.461 369395
668.474 369391
668.533 369382
668.535 369380
675.451 369379
675.465 369373
675.469 369367
675.726 369364
675.735 369360
675.737 369357
675.751 369353
675.807 369342
675.811 369340
675.815 369338
675.845 369327
675.866 369322
675.868 369320
675.883 369314
675.885 369313
675.895 369309
675.899 369307
675.911 369304
678.615 369299
678.854 369291
678.867 369281
678.873 369279
678.875 369278
678.893 369277
679.785 369273
679.787 369268
679.803 369265
679.928 369254
679.93 369249
679.939 369242
682.885 369241
682.893 369240
682.944 369239
682.951 369227
682.961 369221
682.968 369208
682.988 369206
682.992 369204
683.017 369202
683.021 369199
683.027 369194
683.033 369191
683.046 369190
683.065 369185
685.786 369183
685.794 369175
685.809 369170
685.846 369169
685.869 369151
685.89 369146
685.891 369142
685.906 369129
685.919 369118
685.95 369107
685.964 369100
685.978 369095
685.98 369087
685.991 369078
686.003 369077
686.007 369075
686.039 369074
686.045 369071
686.07 369070
686.13 369069
686.138 369063
686.177 369058
686.181 369054
686.191 369053
686.192 369049
686.199 369041
686.206 369039
686.21 369038
686.221 369036
686.344 369035
686.356 369033
686.36 369032
686.363 369019
686.365 369017
686.371 369012
686.374 369003
686.383 368999
686.387 368990
686.4 368982
686.496 368972
687.167 368968
687.17 368962
687.191 368958
687.826 368955
687.833 368954
687.857 368951
687.929 368945
687.933 368944
688.035 368942
688.037 368940
688.063 368937
688.087 368935
688.101 368931
688.158 368928
688.181 368927
688.182 368919
688.199 368915
688.211 368914
688.22 368913
688.224 368912
688.226 368908
688.253 368902
688.259 368894
688.283 368893
688.292 368889
688.371 368875
688.377 368869
688.381 368868
688.435 368865
688.438 368862
688.455 368860
688.458 368856
688.81 368854
688.832 368852
688.848 368848
693.075 368847
693.085 368831
693.088 368827
693.099 368823
693.101 368816
693.143 368814
693.172 368811
693.177 368808
693.187 368802
693.266 368797
693.286 368796
693.325 368788
693.498 368786
693.499 368785
693.501 368784
693.511 368781
693.523 368769
693.537 368767
696.838 368766
697.129 368764
697.139 368762
697.147 368760
697.491 368756
697.512 368753
697.52 368749
697.527 368748
697.53 368747
697.531 368743
697.538 368728
697.549 368725
697.565 368720
697.719 368705
697.723 368703
697.733 368702
698.193 368701
698.198 368700
698.207 368698
698.222 368695
698.439 368690
698.444 368686
698.486 368685
698.514 368683
698.524 368677
698.526 368675
698.567 368669
698.615 368667
698.663 368665
698.691 368664
698.699 368661
698.701 368660
698.96 368655
699.127 368652
699.139 368649
699.142 368640
699.148 368639
702.138 368635
702.195 368632
702.202 368631
702.203 368626
702.944 368624
702.97 368623
702.985 368621
703.058 368618
704.007 368616
704.016 368613
704.023 368611
704.041 368609
704.047 368608
704.063 368601
704.266 368600
704.285 368599
704.324 368597
704.466 368588
705.106 368586
705.128 368584
705.132 368582
705.142 368577
705.144 368575
705.145 368574
705.147 368573
706.332 368571
706.339 368568
706.341 368567
706.348 368566
706.35 368563
706.352 368544
706.364 368537
706.388 368534
706.397 368530
706.401 368519
706.423 368515
706.647 368513
706.657 368512
706.664 368508
706.668 368507
706.84 368503
706.859 368499
706.861 368497
706.951 368494
706.964 368485
706.971 368484
706.985 368477
707.016 368464
707.081 368454
722.471 368450
722.488 368446
722.611 368444
722.66 368438
722.666 368435
722.689 368428
722.712 368427
722.714 368420
725.213 368418
725.216 368412
725.305 368411
725.362 368408
725.39 368404
725.392 368399
725.401 368384
725.407 368383
725.409 368378
725.417 368375
725.431 368371
725.46 368363
726.155 368359
726.185 368358
726.19 368357
726.215 368355
726.225 368354
726.273 368351
726.277 368350
726.283 368349
726.29 368343
726.295 368342
726.328 368341
726.482 368340
726.487 368339
726.508 368330
726.511 368322
726.524 368321
726.617 368320
726.628 368314
726.63 368313
726.632 368312
726.674 368307
726.74 368304
726.772 368302
726.867 368294
726.893 368293
726.899 368292
726.926 368285
726.951 368277
726.959 368274
726.977 368273
726.98 368272
726.996 368267
727.001 368266
727.008 368260
727.021 368259
727.035 368258
727.09 368257
727.095 368251
727.103 368250
727.11 368249
727.205 368243
729.845 368242
733.976 368240
734.039 368238
734.163 368237
734.172 368233
734.191 368231
734.218 368226
734.225 368225
735.027 368223
735.043 368220
739.793 368217
739.8 368213
739.817 368211
739.823 368209
739.851 368207
739.867 368206
739.889 368201
739.894 368198
739.897 368196
739.945 368193
739.973 368190
740 368185
740.022 368179
740.03 368178
741.003 368174
741.015 368172
741.019 368169
741.032 368164
741.036 368163
741.038 368161
741.049 368157
741.054 368155
741.056 368154
741.057 368150
741.062 368146
741.064 368144
741.069 368141
741.143 368138
741.182 368135
741.188 368134
741.209 368133
741.213 368132
741.215 368124
751.168 368117
751.2 368105
751.221 368104
751.222 368103
751.244 368100
751.291 368099
751.342 368098
752.05 368096
752.56 368095
752.586 368094
752.591 368087
752.592 368086
752.594 368085
752.615 368083
752.665 368080
752.675 368077
752.7 368074
752.762 368073
752.764 368063
752.774 368062
752.784 368058
752.785 368057
752.787 368056
752.82 368054
752.835 368051
752.845 368050
752.848 368048
752.881 368047
753.004 368044
764.606 368042
764.624 368021
764.625 368016
765.157 368011
765.18 368010
765.214 368006
765.219 368003
765.229 368002
765.234 368001
765.303 367995
765.315 367993
765.338 367988
765.37 367982
765.412 367979
765.418 367976
765.422 367975
765.431 367973
765.456 367968
765.523 367967
765.534 367966
765.541 367965
765.565 367964
765.582 367963
765.637 367960
765.639 367959
765.65 367957
765.66 367955
765.662 367953
765.683 367948
765.692 367947
765.895 367945
765.909 367940
766.227 367936
766.239 367935
766.318 367926
766.336 367925
766.363 367924
766.398 367922
766.411 367919
766.432 367916
766.447 367914
766.451 367909
766.496 367903
766.695 367894
766.721 367891
766.731 367882
766.734 367879
766.741 367877
766.746 367875
766.756 367873
766.786 367855
766.796 367852
766.807 367844
766.812 367841
766.818 367839
766.831 367835
766.879 367833
766.915 367832
766.937 367831
766.999 367830
777.442 367827
777.702 367820
777.729 367817
777.734 367813
777.781 367811
777.782 367810
777.787 367809
779.252 367807
779.336 367802
779.421 367800
779.434 367798
779.436 367794
779.473 367792
779.476 367791
779.487 367788
779.511 367787
779.519 367782
779.526 367778
779.595 367763
779.607 367761
779.617 367759
779.638 367757
779.639 367754
779.642 367753
779.649 367749
779.655 367748
779.735 367745
779.749 367744
779.75 367743
779.755 367742
779.829 367739
779.832 367732
780.009 367731
781.374 367728
781.398 367723
781.912 367718
781.951 367713
781.957 367710
781.968 367709
782.083 367703
782.097 367702
786.139 367700
786.159 367699
788.541 367694
788.554 367693
788.617 367691
788.637 367687
788.655 367683
788.657 367680
788.685 367676
788.696 367674
788.795 367673
788.816 367668
788.825 367667
788.833 367666
788.841 367665
788.846 367664
789.456 367660
789.46 367658
789.474 367655
789.482 367642
789.567 367641
789.579 367640
789.608 367638
789.609 367637
789.673 367635
789.679 367629
789.686 367628
789.7 367624
789.704 367620
789.707 367618
789.727 367615
789.755 367612
791.014 367611
791.024 367610
791.028 367603
791.034 367600
791.14 367596
791.158 367592
791.198 367591
791.219 367587
791.228 367586
791.239 367584
791.289 367576
791.296 367556
801.631 367554
801.636 367551
801.693 367545
801.702 367544
801.703 367543
801.715 367535
801.737 367534
801.744 367533
801.802 367531
801.85 367528
801.87 367526
801.883 367524
801.919 367523
801.923 367513
801.926 367510
801.941 367509
802.083 367507
802.085 367506
802.108 367503
802.115 367501
802.127 367500
802.167 367496
802.332 367485
802.347 367484
802.355 367483
803.236 367479
803.282 367475
805.368 367473
805.371 367472
805.395 367469
805.407 367468
805.435 367467
805.453 367466
805.482 367462
805.493 367455
805.496 367451
805.5 367450
805.501 367443
805.503 367435
805.505 367432
805.508 367427
805.524 367426
805.584 367425
805.646 367419
805.665 367418
805.681 367417
805.691 367416
805.701 367415
805.722 367414
805.764 367413
805.798 367412
805.804 367411
807.27 367406
807.284 367400
807.326 367397
807.339 367394
807.347 367391
807.362 367383
808.499 367381
808.745 367378
808.883 367376
809.04 367369
809.05 367365
809.09 367364
809.099 367361
809.114 367359
809.341 367354
809.345 367353
809.346 367350
809.855 367348
812.279 367347
812.349 367346
812.362 367344
812.376 367343
812.425 367338
812.682 367335
812.794 367334
812.811 367331
812.813 367329
812.856 367327
830.551 367325
830.585 367320
830.591 367316
830.592 367315
830.606 367314
831.836 367308
831.871 367307
835.757 367303
835.759 367295
835.811 367292
835.818 367291
835.926 367289
835.949 367282
835.952 367281
835.956 367280
835.97 367276
835.976 367275
837.204 367273
837.249 367272
837.257 367271
837.359 367265
838.758 367259
838.778 367258
838.796 367257
838.815 367255
838.833 367254
838.895 367246
838.919 367244
838.937 367242
838.942 367236
838.943 367235
838.951 367234
838.959 367233
838.998 367228
839.024 367226
839.034 367222
839.043 367220
839.073 367218
839.076 367216
839.08 367212
839.083 367209
839.092 367207
839.1 367206
839.109 367201
839.11 367200
841.754 367195
842.012 367194
842.399 367192
850.319 367190
850.345 367188
850.386 367187
850.494 367179
850.496 367178
850.532 367177
850.545 367174
850.558 367171
850.571 367167
851.092 367165
851.514 367163
851.516 367161
851.531 367158
852.398 367137
852.409 367136
852.412 367135
852.538 367131
852.54 367128
852.544 367127
852.548 367125
852.559 367122
852.57 367121
852.602 367120
852.613 367117
852.629 367116
852.656 367115
852.667 367114
852.682 367113
853.604 367109
853.672 367108
853.695 367104
853.953 367102
853.989 367098
853.994 367094
854.002 367093
855.241 367092
855.243 367091
855.325 367088
855.333 367087
855.36 367086
855.492 367084
855.553 367082
855.554 367078
855.558 367075
855.597 367074
855.633 367071
855.644 367070
855.652 367069
855.765 367067
855.819 367061
855.825 367054
855.874 367052
855.89 367048
855.911 367047
855.913 367039
855.923 367034
855.931 367033
855.95 367032
856.688 367029
856.693 367028
856.705 367023
856.727 367022
856.732 367017
856.74 367013
856.743 367009
856.757 367007
856.806 367002
856.828 367001
856.831 367000
856.845 366997
856.854 366996
869.189 366995
869.197 366993
869.203 366992
869.221 366986
869.224 366985
869.245 366984
869.249 366982
869.256 366974
869.357 366973
870.416 366967
870.558 366964
870.582 366961
870.679 366960
870.68 366953
870.703 366951
871.201 366947
871.313 366946
871.324 366944
871.327 366940
871.442 366939
871.511 366938
871.525 366937
871.531 366931
871.577 366930
871.581 366927
871.715 366926
871.722 366925
871.73 366922
871.761 366920
871.775 366919
871.893 366918
874.202 366917
874.208 366916
874.225 366911
874.343 366908
874.347 366905
880.861 366904
880.866 366901
880.868 366900
881.114 366897
881.395 366894
881.918 366893
881.933 366892
883.771 366891
884.804 366890
884.806 366888
884.815 366886
884.821 366885
884.825 366883
884.94 366882
884.954 366878
885.018 366872
885.078 366870
885.317 366863
885.32 366862
885.938 366861
885.948 366858
885.95 366855
886.174 366850
886.181 366848
886.223 366847
886.257 366846
886.264 366844
888.558 366842
888.61 366841
888.611 366836
888.64 366835
888.642 366825
888.7 366823
888.736 366821
901.411 366820
901.676 366815
901.929 366813
902.304 366811
902.307 366804
902.31 366802
903.055 366798
903.063 366793
903.092 366790
903.122 366789
905.415 366788
905.427 366785
905.432 366782
905.879 366777
905.884 366774
905.894 366771
907.476 366770
907.479 366766
907.481 366765
907.519 366756
907.529 366752
907.535 366747
907.675 366743
907.687 366742
907.697 366740
907.708 366729
908.313 366720
908.349 366717
908.852 366715
908.866 366713
909.046 366711
909.057 366703
909.071 366700
910.416 366699
910.436 366697
910.449 366695
910.465 366693
910.976 366692
910.981 366689
911.012 366688
911.018 366684
911.026 366683
912.254 366680
912.487 366678
912.489 366677
913.17 366672
913.221 366671
913.231 366669
913.233 366666
913.265 366664
913.268 366661
913.279 366659
915.698 366655
915.717 366654
915.774 366653
915.821 366651
915.832 366650
915.855 366649
915.862 366648
915.891 366644
915.915 366642
915.983 366639
915.996 366637
916.938 366632
917.322 366631
917.326 366628
917.333 366624
917.338 366622
917.346 366621
917.38 366620
917.406 366619
917.43 366617
917.444 366616
917.465 366615
917.468 366614
917.47 366613
917.482 366610
917.622 366609
917.628 366604
917.636 366603
917.639 366601
917.647 366597
917.671 366596
917.674 366594
917.689 366593
917.695 366592
917.719 366591
917.728 366588
917.76 366587
918.236 366584
918.252 366571
918.276 366569
918.406 366567
918.747 366562
918.75 366561
918.845 366559
920.796 366557
920.847 366556
921.294 366549
921.304 366547
921.501 366543
921.718 366542
921.736 366541
921.81 366535
921.958 366534
921.969 366532
921.973 366530
921.99 366529
922.025 366528
922.307 366518
922.509 366517
922.738 366515
922.741 366513
923.285 366511
923.313 366503
923.354 366501
923.356 366500
923.364 366499
923.396 366496
923.663 366495
923.736 366493
923.853 366492
923.873 366491
923.943 366490
923.962 366487
924.758 366486
924.889 366485
925.455 366482
925.476 366481
925.506 366480
925.537 366477
925.634 366476
938.475 366472
938.636 366469
938.65 366459
940.303 366458
940.329 366457
940.632 366456
940.645 366454
940.651 366444
940.653 366443
940.704 366442
940.706 366438
940.751 366436
940.756 366433
941.103 366432
941.426 366430
943.792 366429
943.844 366425
956.782 366422
956.895 366421
956.961 366420
957.668 366418
957.761 366417
957.771 366415
957.785 366412
957.797 366410
957.802 366406
958.049 366402
958.07 366399
958.12 366398
958.132 366394
958.14 366393
958.141 366390
958.204 366385
958.222 366380
958.318 366379
958.406 366377
962.218 366371
962.22 366370
962.28 366368
962.323 366367
962.325 366366
962.81 366365
962.819 366363
962.885 366362
963.453 366361
963.491 366360
963.511 366356
964.906 366355
964.911 366353
964.93 366352
965.153 366351
965.182 366346
965.205 366344
965.215 366343
965.227 366342
965.851 366341
975.411 366340
975.415 366339
976.055 366338
980.847 366337
980.861 366335
981.541 366334
981.556 366333
981.577 366332
981.631 366329
981.747 366327
981.75 366325
981.755 366324
981.758 366323
986.56 366322
986.589 366320
986.597 366318
986.676 366315
986.693 366314
987.938 366313
988.08 366310
988.088 366308
988.616 366307
988.767 366306
988.807 366302
988.929 366301
988.953 366295
988.955 366294
989.122 366292
989.128 366291
990.276 366289
990.355 366288
990.39 366287
990.589 366285
990.635 366283
990.753 366281
990.804 366279
990.805 366277
992.771 366272
992.81 366271
992.813 366270
993.156 366269
993.566 366268
993.948 366266
993.954 366265
994.01 366261
994.012 366260
994.489 366257
994.5 366256
994.636 366254
994.67 366252
994.697 366251
994.729 366250
1000.08 366249
1000.09 366245
1000.11 366240
1003.09 366238
1003.11 366237
1003.15 366235
1003.19 366234
1003.27 366231
1003.3 366230
1003.3 366229
1003.66 366228
1004.57 366227
1004.63 366226
1004.91 366221
1004.91 366218
1009.48 366217
1009.55 366216
1009.58 366215
1009.62 366214
1009.66 366213
1009.67 366212
1009.91 366211
1009.96 366206
1009.99 366203
1015.37 366201
1015.43 366200
1015.72 366199
1015.8 366196
1015.85 366195
1015.87 366194
1015.9 366192
1015.98 366190
1015.99 366189
1016.02 366186
1016.22 366185
1016.22 366184
1016.29 366183
1016.34 366182
1016.4 366181
1017.64 366180
1017.66 366176
1017.69 366174
1017.71 366172
1018.82 366171
1018.99 366170
1019.12 366169
1019.13 366168
1019.17 366167
1019.2 366166
1019.21 366165
1019.22 366164
1019.23 366163
1020.54 366161
1020.61 366160
1021.74 366156
1021.76 366154
1021.81 366153
1021.83 366152
1021.97 366151
1021.99 366150
1023.43 366147
1023.54 366146
1023.71 366144
1023.72 366143
1023.75 366142
1025.19 366141
1025.4 366139
1025.48 366138
1025.57 366137
1025.57 366134
1025.59 366132
1025.67 366131
1025.71 366130
1025.75 366128
1025.97 366127
1026.87 366126
1027 366125
1027.54 366124
1028.27 366123
1028.5 366122
1028.53 366118
1032.23 366117
1032.25 366116
1032.28 366111
1032.28 366110
1032.29 366109
1032.37 366106
1032.41 366105
1032.66 366104
1032.68 366102
1036.45 366096
1036.49 366095
1036.51 366093
1036.56 366092
1036.6 366091
1036.65 366090
1036.7 366089
1036.73 366087
1036.76 366085
1036.83 366083
1039.34 366082
1039.5 366079
1039.82 366078
1039.84 366077
1039.9 366076
1039.91 366075
1041.38 366073
1041.38 366071
1041.41 366070
1041.41 366067
1041.51 366066
1041.51 366062
1041.63 366061
1041.64 366059
1041.66 366055
1041.69 366054
1041.71 366053
1041.74 366052
1041.82 366050
1041.87 366047
1041.98 366045
1042.12 366043
1042.26 366042
1042.48 366041
1042.81 366040
1042.81 366039
1042.88 366038
1042.88 366037
1042.89 366035
1042.91 366034
1042.97 366032
1046.21 366030
1046.26 366029
1046.51 366027
1046.53 366026
1046.54 366024
1046.56 366021
1046.61 366020
1046.72 366019
1046.73 366018
1047.42 366016
1047.59 366015
1047.67 366014
1048.89 366011
1048.9 366010
1050.4 366007
1050.49 366006
1050.49 366004
1052.65 366003
1052.91 366002
1052.95 365997
1052.96 365996
1053 365994
1053.03 365993
1053.11 365992
1053.24 365990
1053.51 365989
1053.56 365988
1053.67 365987
1053.7 365985
1053.84 365984
1053.84 365981
1053.86 365979
1053.89 365978
1053.93 365975
1054.73 365973
1054.75 365972
1054.84 365971
1055.04 365970
1055.17 365968
1055.17 365967
1055.2 365966
1055.23 365965
1055.27 365962
1055.29 365961
1055.3 365960
1055.33 365957
1071.52 365956
1071.52 365955
1071.8 365953
1071.98 365951
1072.16 365950
1072.21 365949
1072.22 365948
1072.25 365946
1076.11 365944
1076.79 365941
1076.83 365940
1076.84 365939
1077.06 365937
1077.1 365934
1079 365933
1081.19 365930
1081.25 365929
1081.62 365928
1082.3 365927
1082.48 365926
1083.36 365925
1083.42 365924
1086.62 365921
1086.65 365920
1086.85 365919
1086.87 365918
1086.89 365916
1087.2 365915
1087.22 365914
1087.35 365913
1091.32 365912
1092.25 365910
1092.28 365908
1092.29 365906
1094.17 365904
1094.2 365902
1094.33 365901
1094.35 365899
1094.43 365898
1094.44 365897
1094.44 365896
1095.65 365895
1095.73 365893
1095.81 365891
1095.95 365890
1095.96 365889
1096.28 365888
1096.31 365887
1096.44 365886
1096.49 365885
1096.5 365884
1096.58 365883
1096.73 365882
1096.74 365881
1096.77 365880
1096.77 365878
1096.85 365877
1096.88 365876
1097.16 365875
1097.21 365874
1097.76 365871
1097.97 365868
1098.82 365867
1098.83 365866
1099.26 365865
1099.27 365864
1099.38 365861
1100.28 365860
1101.65 365857
1101.69 365853
1101.7 365852
1101.71 365849
1101.74 365848
1102.33 365846
1102.38 365845
1102.39 365844
1102.39 365842
1102.41 365840
1102.45 365837
1102.48 365833
1102.56 365831
1102.61 365829
1102.64 365826
1102.67 365825
1102.77 365824
1102.78 365823
1103.03 365821
1103.37 365820
1103.45 365819
1105.04 365817
1110.66 365816
1110.69 365815
1110.76 365813
1112.77 365812
1112.78 365811
1113.7 365809
1113.78 365806
1125.9 365805
1126.04 365804
1126.08 365802
1126.12 365801
1126.29 365800
1126.31 365799
1126.42 365798
1126.43 365797
1126.44 365796
1126.97 365794
1127.09 365793
1131.88 365788
1131.89 365786
1137.91 365784
1137.95 365781
1138.8 365779
1138.91 365778
1138.92 365776
1138.94 365774
1139.06 365773
1146.56 365771
1146.76 365769
1146.79 365768
1148.56 365767
1149.74 365766
1150.94 365763
1151.02 365761
1151.07 365759
1151.15 365755
1151.88 365754
1151.95 365753
1151.95 365751
1152.24 365750
1152.46 365749
1160.65 365748
1160.65 365745
1160.9 365744
1162.9 365742
1162.94 365741
1163.2 365740
1163.43 365738
1163.59 365737
1163.66 365736
1163.67 365735
1163.68 365734
1163.84 365733
1163.87 365732
1164.29 365731
1164.34 365729
1164.9 365728
1164.92 365727
1164.93 365726
1164.99 365725
1165.04 365724
1165.04 365721
1165.05 365720
1165.07 365719
1171.5 365718
1171.94 365717
1172.37 365712
1172.37 365711
1172.4 365710
1172.42 365709
1172.43 365708
1172.45 365707
1173.36 365705
1173.47 365704
1173.69 365703
1173.76 365702
1173.77 365701
1173.79 365700
1174.04 365698
1174.45 365697
1174.48 365696
1174.49 365695
1174.5 365694
1174.63 365693
1174.65 365692
1174.7 365691
1174.87 365690
1175.13 365689
1175.17 365688
1175.66 365687
1176.2 365686
1176.22 365685
1177.57 365684
1177.87 365683
1177.93 365682
1178.11 365681
1178.62 365680
1178.7 365678
1179.05 365676
1179.25 365674
1179.81 365671
1180.6 365670
1180.62 365668
1181.84 365667
1184.59 365665
1184.86 365664
1188.25 365663
1188.3 365662
1189.21 365661
1189.33 365660
1189.66 365657
1189.92 365656
1189.93 365655
1190.19 365654
1190.37 365653
1190.38 365649
1190.61 365648
1190.65 365647
1190.69 365646
1190.7 365644
1191.04 365643
1191.21 365642
1192.46 365641
1192.58 365640
1192.73 365637
1192.76 365636
1194.02 365635
1194.62 365633
1194.68 365632
1198.82 365631
1198.9 365630
1198.96 365628
1199.01 365627
1199.44 365626
1199.62 365625
1199.69 365624
1201.43 365623
1201.44 365622
1201.76 365621
1202.37 365620
1202.49 365619
1202.5 365618
1202.74 365617
1202.8 365616
1202.93 365615
1203.59 365614
1203.61 365613
1203.78 365612
1203.99 365611
1204 365610
1204.05 365609
1206.18 365608
1215.66 365607
1215.69 365606
1216.66 365605
1216.98 365604
1217.02 365603
1217.12 365601
1217.29 365600
1217.4 365599
1217.7 365597
1217.8 365595
1217.92 365594
1218.01 365593
1218.82 365592
1219.08 365591
1219.17 365590
1219.62 365589
1219.9 365585
1220.57 365584
1220.59 365583
1222.79 365582
1223.15 365580
1249.25 365579
1249.3 365576
1249.42 365574
1249.47 365573
1250 365572
1250.2 365570
1250.79 365569
1250.99 365568
1251.01 365567
1251.12 365566
1251.27 365565
1251.42 365564
1251.45 365563
1251.82 365562
1252.11 365560
1252.39 365559
1255.63 365558
1255.67 365557
1255.97 365556
1255.98 365555
1258.1 365554
1258.13 365552
1262.44 365551
1263.02 365550
1263.65 365549
1263.79 365548
1263.93 365546
1264.16 365545
1264.5 365544
1264.74 365543
1266.67 365542
1266.68 365541
1266.77 365540
1266.78 365539
1266.9 365537
1267.26 365535
1267.88 365534
1268.08 365533
1268.24 365532
1271.31 365531
1271.32 365530
1271.84 365529
1271.93 365528
1274.31 365525
1274.56 365524
1274.82 365523
1277.04 365522
1280.15 365521
1280.29 365520
1281.46 365519
1284.65 365518
1284.66 365517
1285.97 365515
1286.33 365514
1287.28 365513
1287.42 365512
1289.44 365510
1289.6 365509
1289.75 365508
1289.76 365506
1289.9 365503
