3.611 380425
3.613 380418
3.615 380417
3.617 380399
3.619 380380
3.621 380370
3.623 380366
3.624 380359
3.626 380358
3.63 380344
3.631 380333
3.635 380330
3.637 380312
3.639 380291
3.641 380258
3.642 380256
3.645 380252
3.65 380239
3.652 380228
3.654 380203
3.655 380193
3.659 380191
3.661 380185
3.662 380180
3.664 380168
3.666 380155
3.677 380101
3.679 380065
3.681 380051
3.683 380041
3.687 380014
3.689 379999
3.691 379990
3.693 379989
3.694 379984
3.696 379972
3.698 379960
3.699 379959
3.704 379918
3.705 379905
3.707 379899
3.708 379898
3.711 379891
3.72 379873
3.722 379868
3.726 379845
3.728 379841
3.729 379825
3.732 379814
3.734 379811
3.74 379807
3.742 379802
3.744 379801
3.746 379797
3.748 379566
3.75 379564
3.753 379560
3.766 379557
3.778 379506
3.785 379462
3.788 379440
3.802 379439
3.805 379409
3.807 379392
3.809 379389
3.811 379384
3.812 379375
3.818 379338
3.821 379336
3.823 379317
3.824 379296
3.831 379295
3.833 379266
3.834 379263
3.836 379255
3.838 379253
3.84 379251
3.842 379246
3.843 379228
3.848 379182
3.85 379177
3.854 379175
3.856 379172
3.857 379147
3.859 379137
3.862 379134
3.865 379122
3.868 379098
3.87 379090
3.872 379082
3.873 379081
3.875 379035
3.881 379030
3.882 379017
3.885 378976
3.888 378973
3.892 378964
3.894 378957
3.895 378891
3.898 378889
3.899 378876
3.902 378850
3.904 378837
3.905 378836
3.907 378835
3.91 378822
3.912 378815
3.915 378811
3.919 378807
3.921 378805
3.923 378793
3.928 378779
3.929 378776
3.931 378758
3.932 378754
3.934 378751
3.936 378748
3.937 378736
3.941 378720
3.944 378710
3.945 378709
3.949 378703
3.95 378695
3.953 378690
3.955 378685
3.956 378678
3.958 378669
3.976 378666
3.979 378646
3.987 378616
3.993 378598
3.994 378594
3.997 378584
4.041 378582
4.044 378567
4.05 378501
4.052 378462
4.053 378460
4.056 378453
4.058 378446
4.059 378444
4.061 378434
4.064 378413
4.067 378394
4.069 378390
4.07 378378
4.072 378372
4.075 378340
4.076 378338
4.077 378328
4.081 378322
4.084 378318
4.085 378281
4.087 378273
4.088 378272
4.09 378168
4.111 378152
4.118 378149
4.125 378145
4.128 378107
4.13 378105
4.133 378069
4.135 378044
4.137 378035
4.197 378021
4.199 378014
4.201 378006
4.215 377999
4.219 377997
4.221 377988
4.223 377987
4.226 377977
4.228 377975
4.458 377946
4.51 377945
4.528 377934
4.533 377930
4.543 377929
4.566 377926
4.573 377924
4.593 377917
4.659 377904
4.662 377895
4.665 377862
4.669 377859
4.873 377842
4.874 377815
4.878 377798
5.14 377785
5.147 377775
5.153 377767
5.156 377766
5.17 377745
5.172 377740
5.175 377738
193.757 377737
218.861 377715
219.909 377707
219.966 377701
219.968 377685
221.006 377682
221.017 377681
221.022 377679
221.028 377674
221.054 377669
221.061 377667
221.075 377664
221.111 377657
221.125 377656
221.13 377649
221.148 377635
221.156 377634
221.172 377622
221.671 377619
221.674 377591
221.676 377588
221.678 377587
221.682 377570
221.734 377561
221.738 377560
221.739 377559
221.759 377553
221.761 377552
221.764 377549
221.766 377540
221.769 377473
221.771 377468
221.78 377464
221.791 377446
221.795 377434
221.803 377420
222.306 377393
222.309 377392
222.315 377391
222.317 377384
222.32 377379
222.323 377371
222.335 377359
222.337 377309
223.402 377305
223.407 377300
223.411 377281
223.414 377268
223.419 377257
223.56 377253
232.906 377246
232.908 377236
233.029 377228
233.051 377206
233.053 377192
233.231 377163
233.234 377156
233.239 377144
233.246 377132
233.249 377122
234.004 377120
234.006 377097
234.149 377083
234.151 377062
234.157 377020
242.343 376994
243.702 376979
243.75 376976
243.751 376965
243.754 376961
243.757 376959
243.766 376958
243.768 376944
243.77 376943
243.775 376942
243.778 376940
243.781 376935
243.783 376926
243.787 376899
243.812 376893
243.819 376888
243.823 376878
243.825 376875
243.826 376874
243.828 376865
243.832 376864
243.876 376853
243.882 376841
243.895 376837
243.896 376827
243.901 376811
243.904 376810
253.811 376803
254.893 376764
254.896 376758
255.255 376735
255.258 376713
255.26 376706
255.263 376686
255.267 376671
255.269 376638
255.271 376636
255.391 376627
255.393 376617
255.403 376610
255.409 376609
255.412 376605
255.413 376597
255.429 376589
255.438 376579
255.441 376564
255.466 376554
267.647 376552
267.648 376550
267.652 376547
267.655 376535
267.659 376521
267.67 376475
267.674 376474
267.678 376470
267.68 376469
267.682 376453
267.688 376436
267.706 376434
268.318 376428
268.34 376425
268.343 376417
268.346 376411
268.347 376406
270.748 376405
270.753 376402
270.757 376397
270.762 376387
270.766 376382
270.767 376365
270.781 376355
270.783 376336
270.787 376330
270.865 376327
270.866 376320
270.868 376316
281.969 376310
281.981 376298
281.982 376293
282.305 376291
282.309 376288
282.313 376282
282.323 376281
282.324 376279
282.362 376248
282.363 376244
282.386 376221
282.391 376215
287.159 376202
287.164 376198
287.167 376173
287.169 376171
287.172 376155
287.177 376090
287.18 376085
287.268 376083
287.272 376080
287.274 376066
287.284 376050
287.289 376036
287.29 376035
287.298 376025
287.306 375998
287.309 375983
287.317 375976
287.319 375975
287.353 375973
287.361 375959
287.369 375957
287.376 375956
287.377 375954
287.51 375953
287.514 375946
287.626 375932
287.63 375921
287.637 375915
287.64 375914
287.747 375897
287.751 375894
287.753 375886
287.757 375875
287.815 375864
288.381 375856
288.442 375855
288.444 375848
288.466 375847
288.468 375838
288.473 375822
288.493 375817
288.5 375815
288.519 375809
288.523 375795
288.525 375793
288.526 375790
288.528 375780
288.53 375778
288.586 375777
288.592 375764
288.598 375736
288.6 375698
288.601 375697
288.605 375696
288.623 375690
288.672 375686
288.68 375685
288.683 375654
288.69 375639
288.694 375636
288.7 375632
288.707 375631
288.712 375627
289.183 375619
289.189 375617
289.192 375611
311.878 375593
311.882 375590
311.885 375589
311.89 375570
311.891 375566
311.912 375561
320.92 375552
320.925 375547
320.93 375542
320.945 375540
320.947 375537
320.966 375535
320.984 375521
320.994 375513
323.211 375511
323.267 375505
323.287 375501
323.289 375496
336.164 375494
336.231 375493
336.273 375489
336.275 375486
336.28 375481
336.282 375473
336.291 375468
336.386 375467
336.396 375451
336.398 375448
336.406 375445
336.411 375423
336.415 375421
336.423 375415
336.424 375409
336.43 375385
336.434 375383
336.438 375369
336.44 375368
336.442 375366
336.445 375360
336.448 375358
336.452 375350
336.454 375349
337.082 375346
337.095 375339
337.097 375332
337.101 375323
337.103 375307
337.104 375300
337.316 375291
337.344 375288
339.76 375276
339.787 375270
339.79 375238
339.796 375211
339.797 375207
339.83 375205
339.845 375199
339.847 375192
339.896 375178
339.908 375177
339.913 375173
340.283 375160
340.285 375152
340.288 375146
340.289 375136
340.364 375128
340.372 375122
340.443 375103
340.446 375100
340.45 375096
340.453 375060
340.456 375047
340.459 375036
340.461 375012
340.465 375004
340.489 375002
340.491 374993
340.493 374991
340.515 374978
340.516 374965
340.52 374932
340.521 374928
340.525 374914
340.53 374910
340.532 374898
340.535 374893
340.553 374884
340.557 374878
340.562 374871
340.572 374868
340.573 374864
361.547 374849
361.559 374847
361.565 374835
362.486 374831
362.493 374825
362.495 374822
362.505 374819
362.932 374791
362.937 374787
362.939 374750
362.941 374744
362.949 374740
362.958 374728
362.963 374713
362.966 374709
362.993 374707
362.995 374702
363.005 374695
363.012 374674
363.014 374644
363.022 374643
363.111 374640
363.116 374617
363.127 374615
363.135 374614
363.137 374599
363.185 374583
363.209 374582
363.214 374575
363.215 374569
363.222 374532
363.227 374504
373.463 374498
373.478 374486
373.516 374484
375.743 374476
375.771 374473
375.773 374468
375.775 374463
375.782 374445
375.842 374440
375.864 374424
375.866 374419
375.884 374416
375.897 374413
375.918 374412
375.926 374382
375.935 374377
375.939 374372
375.943 374371
375.949 374367
376.352 374363
379.143 374356
379.148 374355
379.162 374350
379.168 374345
379.173 374336
379.192 374335
379.194 374332
379.196 374320
380.153 374318
380.757 374309
380.773 374307
380.85 374283
380.851 374281
380.886 374272
380.893 374265
380.895 374248
380.902 374232
380.904 374230
380.908 374223
382.355 374222
382.356 374215
382.363 374213
383.579 374196
383.596 374184
383.598 374176
383.601 374175
384.061 374162
384.064 374160
384.069 374156
384.082 374138
386.968 374132
386.97 374129
387.002 374125
387.015 374078
387.02 374047
387.023 374046
387.029 374042
387.151 374033
387.153 374019
387.155 374016
387.162 374011
387.166 374009
387.175 373991
387.184 373980
387.186 373967
387.195 373952
387.196 373945
387.198 373927
387.203 373918
387.208 373912
387.217 373910
387.224 373896
387.23 373881
387.233 373880
387.236 373879
387.238 373863
387.251 373859
387.311 373841
387.325 373838
387.329 373836
387.378 373831
387.384 373830
387.386 373809
387.388 373808
387.392 373790
387.528 373780
387.549 373761
387.552 373752
387.594 373748
387.641 373710
387.644 373707
387.661 373697
387.663 373689
387.692 373665
387.696 373658
387.699 373637
388.93 373632
388.935 373629
388.942 373625
388.952 373621
389.019 373617
389.021 373607
389.022 373604
389.027 373597
389.035 373591
389.062 373585
389.073 373578
403.081 373571
403.084 373563
403.086 373560
403.088 373542
403.09 373541
403.096 373524
403.098 373523
403.12 373521
403.124 373519
403.126 373515
403.157 373509
403.164 373502
403.166 373477
403.197 373469
403.202 373466
403.223 373463
403.252 373445
403.256 373441
403.62 373430
403.624 373429
403.632 373420
403.634 373417
403.636 373412
403.708 373403
403.814 373394
403.817 373392
403.823 373374
403.835 373372
403.837 373363
403.844 373362
403.865 373361
403.869 373337
403.873 373323
403.876 373320
403.878 373311
405.226 373294
405.23 373293
405.234 373285
405.237 373280
405.241 373279
405.259 373266
405.278 373256
405.285 373254
405.298 373250
405.3 373246
405.305 373243
405.321 373233
412.478 373232
412.48 373224
412.481 373222
412.486 373201
412.989 373200
412.99 373196
413.026 373179
413.029 373178
413.039 373172
413.042 373160
413.05 373148
413.053 373145
413.059 373143
413.061 373118
413.158 373105
413.167 373092
413.187 373091
413.199 373083
413.203 373071
413.206 373068
413.217 373044
413.235 373037
413.519 373028
413.522 373025
413.523 373024
426.61 373014
426.615 373008
426.616 373003
426.625 372996
426.639 372989
426.644 372985
426.646 372982
426.671 372977
427.37 372972
427.38 372964
427.387 372962
427.395 372955
427.403 372952
427.406 372948
427.409 372934
427.508 372928
427.52 372919
427.526 372912
427.528 372904
427.529 372901
437.702 372883
437.711 372882
437.715 372843
437.717 372842
437.757 372841
437.768 372835
437.78 372833
437.788 372826
437.792 372822
437.833 372814
437.836 372804
437.906 372788
437.913 372783
438.027 372779
438.101 372774
438.114 372770
438.117 372767
438.12 372758
438.123 372754
438.126 372752
451.604 372746
451.607 372733
451.629 372731
451.632 372724
451.641 372721
451.644 372706
451.651 372698
451.653 372692
451.663 372691
451.664 372689
451.671 372686
451.672 372685
451.677 372682
451.815 372679
453.269 372645
453.271 372638
453.282 372625
453.32 372608
453.326 372606
453.394 372598
453.445 372589
453.468 372582
453.47 372578
453.483 372560
453.487 372539
453.489 372538
453.495 372537
453.499 372528
453.502 372526
453.512 372517
453.562 372513
453.564 372511
453.569 372510
453.571 372509
453.764 372498
453.821 372494
453.871 372491
457.471 372490
457.478 372480
457.479 372472
457.483 372467
461.822 372452
461.904 372447
461.926 372444
461.929 372433
461.948 372391
461.954 372390
462.14 372386
462.142 372381
462.158 372378
462.281 372377
462.368 372372
462.374 372370
462.381 372342
462.383 372328
462.489 372319
462.49 372299
462.52 372294
462.521 372293
462.53 372292
475.01 372286
475.02 372282
475.023 372270
475.033 372268
475.039 372267
475.043 372262
475.054 372261
475.057 372258
475.06 372256
475.065 372246
475.067 372243
475.068 372232
475.09 372230
475.096 372228
475.099 372227
475.155 372219
475.161 372187
475.179 372173
475.184 372164
475.204 372158
475.207 372136
475.209 372130
475.21 372128
475.217 372122
475.229 372115
475.241 372104
475.243 372062
475.258 372058
475.26 372056
475.264 372046
475.286 372044
475.3 372038
475.302 372026
475.307 372024
475.313 372022
475.317 372007
475.324 372005
475.327 371998
475.34 371993
500.741 371982
500.752 371978
500.755 371973
500.773 371971
500.784 371970
500.788 371968
500.801 371954
500.803 371946
500.809 371937
500.813 371931
500.823 371923
501.263 371903
501.269 371899
501.287 371889
501.291 371886
507.43 371884
507.465 371874
507.466 371865
507.471 371864
507.472 371860
508.944 371857
508.953 371851
508.957 371849
508.963 371842
509 371840
509.144 371838
509.16 371818
509.172 371814
509.213 371812
509.218 371810
509.266 371789
509.587 371787
509.588 371776
509.597 371772
509.599 371767
509.612 371759
509.637 371742
514.687 371725
514.732 371724
514.746 371719
514.748 371715
514.766 371711
514.771 371700
515.509 371695
515.534 371693
515.54 371691
515.545 371690
515.61 371680
515.614 371678
515.616 371675
515.625 371674
515.63 371669
515.639 371668
515.65 371665
515.653 371661
515.67 371657
515.677 371652
521.966 371642
521.974 371613
521.977 371611
522.064 371605
522.086 371601
522.097 371600
522.1 371592
522.111 371591
522.167 371587
522.239 371580
522.245 371579
522.265 371578
522.267 371577
522.306 371575
522.308 371573
522.355 371570
522.417 371566
522.425 371561
522.427 371560
524.136 371555
524.478 371552
524.48 371551
524.486 371539
524.583 371538
524.589 371537
524.613 371534
524.618 371531
524.865 371530
524.867 371526
524.869 371525
524.882 371519
524.885 371517
524.914 371513
527.463 371506
527.467 371502
527.636 371501
527.656 371496
527.985 371492
527.987 371485
528.039 371474
528.045 371473
528.271 371468
533.938 371462
533.941 371453
533.944 371451
534.651 371450
534.66 371447
535.968 371445
536.018 371444
536.019 371442
536.021 371437
536.025 371436
536.029 371426
536.034 371422
536.068 371412
536.083 371408
536.102 371402
536.11 371389
536.111 371388
536.805 371382
536.807 371378
536.809 371377
536.812 371374
536.824 371368
536.834 371367
536.964 371363
536.973 371356
536.999 371352
537.002 371351
537.013 371344
537.578 371341
537.589 371338
537.595 371330
537.738 371322
537.746 371321
537.752 371318
537.753 371310
537.781 371296
537.785 371295
546.513 371293
547 371292
547.006 371288
547.015 371279
547.017 371278
547.026 371275
547.043 371262
547.36 371259
547.362 371256
547.364 371254
547.366 371252
547.377 371250
547.387 371245
547.39 371237
547.414 371232
547.479 371229
547.48 371227
547.741 371225
547.743 371221
547.75 371218
547.789 371212
547.793 371200
547.851 371199
548.473 371186
548.489 371185
548.495 371183
548.514 371179
548.519 371174
548.536 371168
548.537 371164
548.554 371162
548.557 371154
548.724 371139
548.726 371134
548.736 371128
548.75 371122
548.763 371112
549.59 371102
549.6 371101
549.606 371097
549.615 371092
549.617 371090
549.632 371089
549.638 371083
549.642 371078
549.652 371072
549.654 371070
549.659 371059
549.663 371055
549.666 371053
549.67 371050
549.68 371047
549.69 371043
549.693 371026
549.695 371023
549.7 371017
549.707 371005
549.724 370996
549.725 370993
549.727 370984
549.91 370983
549.923 370979
549.926 370973
549.95 370971
551.448 370970
551.451 370966
551.457 370960
551.467 370939
551.47 370938
551.473 370931
551.476 370928
551.493 370926
551.496 370925
551.498 370922
551.5 370919
551.545 370904
553.308 370894
553.311 370888
553.321 370885
553.343 370880
553.391 370873
567.06 370872
567.062 370868
567.066 370863
567.078 370858
567.244 370855
567.264 370854
567.266 370853
567.298 370852
567.3 370849
567.307 370844
567.363 370841
567.374 370840
567.378 370839
567.38 370835
567.384 370832
567.387 370828
567.39 370827
567.424 370822
567.459 370821
567.509 370814
567.513 370810
567.646 370809
567.667 370805
567.735 370795
569.755 370794
569.766 370783
569.773 370780
569.776 370766
570.031 370758
570.034 370754
570.043 370748
570.097 370747
570.132 370725
570.138 370717
570.141 370716
570.15 370695
570.156 370684
570.16 370680
570.179 370679
570.184 370675
570.197 370671
570.256 370669
570.272 370668
576.924 370662
576.937 370661
576.941 370651
576.946 370648
576.949 370635
576.956 370619
576.958 370616
576.965 370615
576.97 370608
576.972 370604
577.058 370602
578.401 370594
578.416 370592
578.486 370588
578.49 370587
578.502 370584
578.874 370576
578.878 370574
578.88 370564
578.884 370560
578.892 370557
578.893 370554
578.901 370545
578.903 370537
579.088 370532
581.365 370529
581.89 370527
581.893 370526
581.895 370522
581.903 370519
581.905 370517
581.913 370511
581.962 370510
581.967 370507
582.264 370492
582.269 370489
582.311 370482
582.966 370475
582.971 370473
583.049 370464
583.059 370461
583.089 370450
583.109 370449
584.139 370429
584.147 370425
584.97 370421
584.971 370420
597.297 370411
597.316 370403
597.408 370398
597.421 370395
602.8 370393
602.802 370390
602.805 370389
602.817 370383
602.818 370382
602.82 370381
602.952 370378
602.954 370372
603.017 370371
603.019 370370
603.022 370367
603.073 370366
603.074 370365
603.089 370363
603.098 370355
603.132 370349
603.152 370347
603.154 370342
603.159 370337
603.164 370335
603.165 370332
603.168 370331
603.171 370326
603.277 370324
603.285 370317
606.835 370314
606.844 370311
606.879 370310
606.884 370302
606.895 370295
606.906 370294
606.921 370283
607.869 370281
607.988 370280
607.99 370278
608.347 370269
608.594 370258
608.596 370254
608.603 370244
608.606 370241
608.654 370237
608.658 370224
608.66 370217
608.683 370209
608.703 370204
608.71 370192
608.716 370184
608.72 370175
608.728 370167
608.77 370165
608.784 370161
608.797 370160
608.825 370158
608.836 370149
608.914 370146
608.917 370143
608.93 370141
608.932 370140
609.188 370135
609.19 370133
609.204 370132
609.213 370131
609.284 370127
611.8 370126
611.816 370121
612.008 370120
612.031 370116
612.041 370115
612.042 370104
612.052 370095
612.064 370085
612.072 370078
615.953 370063
615.958 370061
615.974 370057
615.996 370053
615.998 370041
616.002 370027
616.012 370025
616.027 370019
616.063 370011
616.071 370008
616.125 370005
616.135 369999
616.156 369976
616.161 369973
616.166 369963
616.185 369961
616.197 369945
616.203 369944
616.205 369941
616.246 369935
616.248 369927
616.281 369926
616.283 369915
616.29 369914
616.294 369905
616.324 369904
616.332 369896
616.336 369895
616.4 369892
616.409 369888
616.43 369883
616.449 369881
616.454 369878
616.467 369877
616.479 369875
616.491 369872
616.644 369867
616.646 369864
616.68 369863
616.683 369842
616.715 369838
616.936 369819
616.942 369814
616.946 369810
616.963 369803
616.965 369788
616.972 369785
616.975 369781
617.036 369775
617.046 369765
617.049 369763
617.05 369760
617.055 369757
617.06 369755
617.066 369754
617.067 369751
617.245 369743
617.257 369733
617.499 369725
618.027 369723
618.039 369722
618.04 369719
618.042 369709
618.044 369696
618.047 369689
618.053 369683
618.059 369682
618.08 369680
618.1 369679
618.329 369667
618.338 369666
618.384 369664
618.404 369661
618.637 369651
618.757 369646
618.76 369642
618.763 369634
618.764 369632
618.767 369630
618.805 369628
619.34 369626
619.344 369616
619.357 369605
619.403 369600
619.411 369599
619.417 369594
621.832 369590
621.885 369588
621.891 369583
627.628 369581
627.632 369576
627.662 369575
627.664 369571
627.668 369570
627.707 369566
627.794 369561
644.81 369560
644.812 369559
644.889 369558
644.902 369557
644.904 369556
644.978 369551
644.985 369550
644.989 369541
645.007 369540
645.014 369533
645.018 369532
645.493 369526
645.498 369525
645.531 369524
645.548 369521
645.551 369510
645.56 369506
645.562 369493
645.574 369477
645.596 369476
645.603 369471
645.622 369459
645.639 369456
645.641 369454
645.667 369451
645.671 369431
645.677 369430
645.698 369418
645.706 369413
645.71 369412
645.713 369404
645.857 369403
645.877 369393
645.878 369392
645.914 369389
645.928 369375
645.93 369374
645.95 369372
645.955 369371
646.14 369367
646.143 369360
649.122 369359
649.497 369357
649.538 369355
649.541 369354
649.561 369350
649.566 369339
649.583 369336
649.605 369335
649.68 369306
649.697 369305
649.705 369304
649.725 369297
649.743 369296
649.835 369295
649.843 369293
649.869 369288
650.747 369286
650.758 369281
650.759 369276
650.933 369275
650.949 369274
650.968 369267
650.973 369247
650.986 369241
651.04 369230
651.048 369227
651.478 369225
653.145 369224
653.162 369221
653.173 369220
653.188 369214
653.231 369212
653.431 369208
653.439 369204
653.57 369200
653.838 369194
653.85 369187
653.857 369181
653.91 369179
653.92 369175
653.931 369167
653.934 369164
653.94 369158
653.942 369157
653.955 369156
653.979 369155
653.982 369154
653.99 369153
654.002 369147
654.074 369144
654.095 369142
654.108 369140
654.118 369138
654.408 369130
654.609 369122
654.611 369120
654.646 369114
654.663 369112
654.671 369106
655.113 369102
655.182 369100
655.196 369099
655.226 369094
655.241 369093
655.378 369092
655.5 369090
655.511 369087
655.608 369080
655.612 369071
666.925 369061
666.926 369059
666.938 369057
667.182 369051
667.188 369050
667.974 369049
668.097 369046
668.12 369045
668.349 369044
668.709 369036
668.724 369032
671.16 369025
671.168 369024
671.199 369021
671.206 369019
671.209 369018
671.357 369014
671.371 369000
671.377 368993
671.384 368988
671.387 368987
671.389 368984
671.398 368982
671.462 368974
671.464 368972
671.655 368968
671.664 368958
671.669 368957
671.676 368949
671.688 368942
671.692 368928
671.704 368926
671.709 368924
671.736 368923
671.804 368918
671.825 368917
671.915 368911
671.984 368904
671.987 368898
671.999 368889
672.009 368883
672.011 368878
672.016 368876
672.031 368871
672.077 368870
672.112 368868
672.152 368864
672.157 368859
672.189 368857
672.509 368856
673.735 368853
673.74 368849
673.884 368848
673.891 368842
673.904 368835
673.909 368833
673.998 368832
674.008 368828
674.009 368827
674.024 368826
674.035 368825
674.1 368820
674.101 368813
674.121 368812
674.125 368811
674.127 368810
674.135 368806
674.14 368800
674.261 368798
674.348 368785
674.353 368784
674.374 368783
674.376 368782
674.393 368780
674.415 368778
674.417 368771
674.555 368767
674.64 368765
675.349 368763
675.377 368762
675.378 368750
675.392 368743
675.415 368742
675.417 368739
675.435 368736
676.197 368724
676.21 368723
690.313 368720
690.324 368712
690.347 368708
690.349 368702
690.366 368701
690.4 368700
690.421 368699
690.429 368687
690.433 368686
696.543 368675
697.133 368671
697.139 368666
698.387 368659
698.392 368656
698.41 368651
698.476 368645
698.489 368644
698.49 368643
698.935 368629
698.94 368625
699.103 368624
705.498 368620
705.512 368612
710.486 368610
710.513 368609
710.533 368606
710.537 368601
710.639 368595
710.645 368587
710.648 368585
710.659 368584
710.687 368583
710.688 368579
710.704 368578
710.83 368576
710.833 368570
710.835 368565
710.837 368563
710.843 368559
710.846 368558
710.857 368557
710.976 368555
710.991 368554
711.016 368552
711.07 368548
711.072 368543
711.075 368541
711.12 368534
711.143 368533
711.15 368532
711.154 368520
711.156 368518
711.171 368517
711.175 368516
717.129 368506
717.131 368505
717.133 368500
717.19 368498
717.197 368495
717.202 368493
717.225 368487
717.237 368483
717.238 368482
717.286 368478
717.479 368473
717.493 368454
717.495 368452
718.161 368449
718.188 368447
718.219 368438
721.792 368436
721.797 368433
721.816 368425
721.963 368424
721.971 368420
721.999 368418
722.003 368410
722.013 368407
722.016 368405
722.472 368402
723.028 368401
723.036 368400
723.045 368396
723.051 368391
723.066 368388
723.068 368387
723.07 368385
726.943 368383
726.999 368379
727.007 368376
727.014 368373
727.015 368366
727.017 368365
727.02 368363
727.113 368361
727.143 368358
727.156 368356
727.166 368351
727.218 368348
727.257 368347
727.348 368338
727.357 368335
730.134 368329
730.152 368324
730.155 368322
730.242 368321
730.269 368318
730.271 368310
730.286 368306
730.292 368303
730.621 368302
730.629 368287
730.64 368286
730.677 368285
730.681 368284
730.698 368277
730.718 368273
730.742 368263
730.772 368261
730.795 368259
730.828 368256
730.856 368254
730.894 368251
730.896 368247
730.904 368243
730.919 368235
730.93 368234
753.046 368229
753.049 368226
753.062 368222
753.07 368219
753.104 368217
753.106 368216
753.159 368215
753.163 368213
753.307 368211
753.31 368210
753.312 368209
753.322 368204
753.64 368202
753.645 368198
753.649 368192
753.668 368191
753.67 368190
753.708 368182
753.71 368176
753.729 368175
753.799 368169
753.811 368165
753.846 368161
753.873 368160
753.886 368158
753.939 368157
753.945 368155
753.949 368153
753.952 368151
765.634 368147
765.637 368145
765.651 368144
765.653 368136
765.68 368135
765.687 368134
765.758 368133
765.764 368127
772.079 368126
772.088 368121
772.094 368119
773.634 368117
773.648 368113
773.653 368098
773.664 368097
773.67 368094
773.734 368083
773.739 368081
774.091 368080
776.332 368079
776.352 368077
783.558 368073
783.846 368072
783.876 368065
783.903 368064
783.925 368061
784.039 368051
784.046 368048
784.05 368045
784.058 368043
784.112 368042
784.129 368038
784.222 368036
784.237 368034
784.242 368031
784.256 368023
786.274 368019
786.277 368018
786.282 368017
786.312 368016
786.315 368014
786.373 368013
786.38 368001
786.677 367992
786.705 367990
786.727 367989
787.013 367988
787.027 367986
787.042 367983
787.071 367980
787.094 367979
787.115 367973
787.125 367972
787.132 367968
787.139 367964
787.166 367961
787.172 367959
787.178 367957
787.339 367954
787.355 367952
787.358 367946
787.36 367945
787.373 367940
787.374 367934
787.388 367932
787.392 367927
787.435 367926
787.443 367922
787.521 367921
787.559 367920
787.56 367919
787.626 367917
787.728 367916
787.825 367915
787.827 367913
787.828 367909
787.834 367908
787.862 367903
787.912 367902
787.919 367900
788.03 367899
788.064 367895
788.07 367894
788.074 367893
788.084 367889
788.089 367885
788.093 367882
788.109 367876
791.337 367874
791.347 367873
793.06 367872
793.097 367871
793.104 367861
793.112 367859
793.772 367854
793.78 367848
793.784 367843
793.795 367842
793.855 367840
793.883 367839
793.893 367836
793.899 367835
793.948 367834
793.99 367829
794.003 367827
794.01 367824
794.32 367823
794.441 367811
794.56 367799
807.689 367794
807.705 367791
807.767 367787
807.775 367786
808.413 367784
808.425 367783
808.427 367776
808.462 367775
808.501 367768
808.528 367760
808.927 367757
808.941 367754
808.954 367750
808.964 367749
808.967 367748
808.985 367744
809.017 367743
809.051 367734
809.056 367732
809.065 367729
809.072 367722
809.511 367709
809.614 367703
809.62 367700
809.631 367698
810.489 367695
810.508 367694
810.535 367691
810.578 367690
810.596 367686
810.646 367685
810.65 367683
810.951 367681
810.961 367673
810.965 367671
810.992 367660
810.994 367657
811.027 367656
816.472 367646
816.588 367645
816.606 367639
816.9 367633
816.944 367626
817.287 367622
817.297 367616
817.304 367615
817.662 367613
817.712 367612
817.722 367610
817.74 367607
817.763 367606
817.769 367604
817.809 367601
817.84 367597
817.858 367595
817.871 367592
817.874 367591
818.083 367581
818.091 367580
818.175 367577
818.271 367574
818.342 367572
818.605 367571
818.743 367567
818.751 367561
818.77 367553
818.797 367550
818.848 367537
818.852 367536
818.941 367534
818.944 367528
818.949 367525
818.962 367521
819.047 367514
819.114 367513
831.131 367512
831.158 367509
831.164 367505
831.189 367503
831.201 367500
831.207 367499
831.248 367487
831.693 367479
831.712 367466
831.714 367464
831.739 367452
831.743 367448
831.751 367446
831.764 367445
831.775 367442
831.778 367440
831.783 367439
831.8 367438
831.82 367436
831.863 367431
831.891 367430
831.894 367427
831.899 367425
831.914 367423
831.937 367420
831.947 367418
831.949 367417
831.95 367413
831.974 367409
831.976 367408
832.338 367406
832.342 367397
832.366 367393
832.371 367392
832.385 367385
832.412 367381
832.422 367379
832.428 367378
832.459 367377
832.479 367374
832.694 367371
832.697 367370
832.706 367367
833.429 367365
833.435 367363
833.437 367357
833.453 367349
833.583 367345
833.587 367341
833.61 367333
833.642 367331
833.645 367326
833.658 367319
833.685 367318
833.719 367316
833.755 367315
833.784 367306
833.788 367305
833.808 367302
833.852 367294
833.855 367292
833.859 367288
833.869 367287
833.88 367286
834.449 367284
834.453 367283
834.455 367280
834.518 367278
834.543 367277
834.569 367276
834.629 367275
834.679 367270
834.687 367269
834.697 367268
834.699 367262
836.275 367257
854.67 367256
854.672 367253
854.704 367248
854.725 367246
854.746 367245
854.776 367244
856.509 367242
856.518 367241
856.52 367239
856.604 367237
856.947 367233
857.037 367231
858.384 367225
858.406 367224
858.408 367221
858.421 367220
858.424 367218
858.482 367217
858.499 367215
858.833 367210
858.959 367208
858.973 367202
859.017 367199
859.026 367198
859.029 367194
859.057 367192
859.062 367190
859.081 367187
859.1 367183
859.202 367178
863.268 367173
863.276 367168
863.304 367159
863.373 367155
863.396 367151
863.428 367150
863.453 367149
863.458 367148
863.519 367147
863.522 367143
863.533 367140
863.587 367139
863.589 367138
863.626 367137
864.385 367134
864.422 367132
864.465 367131
864.473 367129
864.504 367128
864.545 367112
864.678 367109
864.727 367106
864.781 367103
864.896 367102
864.925 367100
864.98 367099
865.002 367098
865.005 367097
865.023 367095
865.069 367094
865.216 367091
865.275 367088
865.293 367085
865.315 367081
865.322 367080
870.914 367076
870.92 367075
870.939 367073
870.941 367067
870.953 367059
870.962 367058
870.977 367052
870.984 367051
870.985 367050
871.006 367045
871.272 367044
871.277 367043
871.289 367038
877.123 367034
877.309 367033
877.475 367027
908.674 367024
909.239 367023
910.561 367015
910.567 367014
910.587 367005
910.589 367004
910.613 367000
910.62 366999
910.622 366996
910.624 366995
913.363 366993
913.371 366992
914.167 366985
914.201 366981
914.241 366979
914.256 366977
914.401 366976
914.402 366975
914.409 366974
914.415 366970
914.517 366969
914.552 366968
914.554 366967
914.578 366966
914.59 366964
914.603 366960
914.662 366954
914.82 366953
914.827 366950
914.891 366947
914.912 366944
914.947 366942
915.134 366939
915.156 366938
915.179 366934
915.184 366932
915.207 366923
915.221 366919
915.238 366918
915.255 366917
915.313 366915
915.339 366914
915.405 366913
915.616 366910
915.618 366908
915.708 366903
937.016 366902
937.497 366901
937.54 366896
937.64 366894
937.815 366890
937.837 366889
937.855 366886
937.857 366885
938.184 366882
939.795 366881
939.798 366880
939.8 366879
939.807 366871
939.81 366870
939.818 366866
939.856 366856
940.089 366855
940.151 366850
940.154 366849
940.163 366847
940.166 366844
940.207 366843
940.216 366839
940.233 366837
942.107 366836
942.611 366835
942.715 366831
942.774 366830
942.847 366828
942.863 366826
942.876 366821
942.88 366817
942.945 366816
942.993 366815
943.019 366811
943.625 366810
943.788 366809
943.793 366808
943.794 366803
944.109 366802
944.114 366801
946.279 366798
946.29 366796
946.602 366795
946.66 366793
946.882 366792
946.896 366791
948.488 366790
949.285 366786
949.29 366785
949.331 366784
949.339 366783
949.354 366782
949.446 366780
949.487 366779
949.493 366777
949.505 366773
949.508 366772
949.524 366771
949.53 366769
951.997 366768
951.998 366766
952.009 366764
952.15 366763
952.206 366759
952.214 366758
952.253 366756
952.29 366752
952.293 366751
952.296 366749
952.321 366745
952.325 366742
952.406 366739
952.419 366735
952.424 366733
952.511 366729
952.559 366726
952.942 366721
953.012 366720
956.938 366718
956.944 366717
956.968 366715
957.078 366714
957.082 366711
957.113 366710
957.212 366708
957.224 366705
957.308 366698
957.328 366691
957.391 366690
957.527 366689
957.534 366688
957.995 366686
958.021 366683
958.137 366681
958.146 366680
958.157 366676
958.205 366675
958.209 366673
959.172 366670
959.213 366669
959.249 366668
959.267 366667
959.34 366666
959.377 366659
959.38 366655
959.416 366654
959.421 366653
959.452 366652
959.891 366648
959.901 366644
959.909 366643
959.983 366642
960.037 366640
960.04 366639
960.052 366634
960.065 366633
960.117 366632
961.147 366630
961.275 366626
961.295 366622
961.356 366619
961.577 366610
961.793 366609
962.296 366606
962.301 366604
962.354 366603
962.356 366602
962.36 366599
962.373 366598
962.375 366597
962.382 366593
962.401 366591
962.419 366590
962.79 366589
962.8 366588
962.89 366584
962.933 366581
964.187 366580
964.358 366578
964.387 366576
964.456 366575
964.546 366573
964.58 366572
964.687 366569
967.893 366568
967.904 366567
968.266 366566
968.368 366565
968.98 366562
968.998 366561
969.054 366560
969.073 366558
969.088 366552
969.101 366551
969.111 366550
969.118 366548
969.31 366546
969.332 366545
969.389 366542
969.397 366541
969.453 366540
969.468 366538
969.863 366537
969.869 366536
969.874 366535
969.916 366533
969.929 366532
969.954 366531
969.956 366529
969.978 366527
970.045 366526
970.068 366518
970.077 366517
971.034 366515
971.298 366512
971.308 366511
971.381 366510
971.57 366509
971.581 366502
975.237 366501
975.27 366500
975.287 366498
975.317 366497
975.334 366496
975.383 366495
975.393 366494
975.406 366489
975.463 366488
975.706 366485
975.824 366484
975.856 366482
975.886 366480
975.967 366479
976.017 366478
993.64 366477
993.677 366474
993.698 366473
995.746 366471
995.808 366469
995.825 366467
995.832 366466
1002.4 366463
1002.53 366458
1002.72 366457
1002.73 366455
1002.73 366449
1002.74 366446
1002.74 366442
1002.76 366438
1002.77 366437
1003 366436
1003.03 366433
1003.08 366432
1003.15 366429
1003.19 366428
1003.21 366427
1003.28 366425
1003.48 366424
1003.51 366423
1003.55 366422
1003.92 366421
1008.02 366420
1008.03 366419
1008.04 366416
1008.14 366410
1008.17 366408
1008.72 366407
1008.89 366399
1008.92 366398
1010.12 366397
1010.12 366395
1010.14 366392
1010.18 366391
1010.22 366390
1011.02 366381
1011.04 366377
1011.12 366376
1011.17 366375
1011.34 366374
1011.37 366369
1011.39 366368
1011.82 366367
1011.82 366366
1011.84 366365
1011.96 366362
1012.02 366360
1012.04 366356
1012.11 366353
1012.13 366352
1012.18 366351
1012.2 366350
1012.22 366349
1012.24 366348
1012.41 366347
1012.42 366343
1012.47 366342
1012.51 366341
1012.56 366340
1012.57 366338
1012.57 366337
1012.58 366336
1012.6 366332
1012.91 366331
1012.93 366329
1013 366327
1013.06 366326
1013.06 366325
1013.07 366324
1013.24 366321
1014.5 366320
1014.55 366319
1014.57 366316
1014.58 366315
1014.85 366314
1015.12 366308
1015.18 366305
1015.41 366302
1015.48 366300
1015.52 366296
1015.53 366295
1015.56 366293
1015.57 366287
1017.95 366286
1018.02 366285
1018.11 366283
1018.46 366282
1018.5 366281
1018.53 366280
1018.57 366279
1018.74 366278
1018.84 366276
1018.84 366275
1020.37 366274
1020.39 366273
1020.41 366272
1020.43 366271
1020.45 366268
1020.46 366267
1020.46 366266
1020.51 366265
1020.6 366264
1020.62 366263
1020.64 366262
1020.81 366261
1020.94 366260
1020.94 366259
1020.98 366257
1021.02 366256
1021.03 366255
1021.08 366252
1023.31 366251
1023.33 366247
1023.55 366239
1023.58 366238
1035.14 366235
1035.19 366233
1035.2 366231
1035.21 366230
1035.22 366229
1035.23 366227
1035.26 366224
1035.32 366223
1035.36 366222
1035.47 366221
1035.5 366218
1035.51 366215
1035.59 366214
1035.62 366213
1035.63 366211
1036.23 366207
1036.24 366205
1036.26 366202
1036.29 366201
1036.34 366199
1036.37 366198
1036.39 366197
1036.52 366196
1036.57 366194
1036.62 366192
1041.12 366189
1041.15 366187
1041.16 366186
1041.97 366185
1042.51 366184
1042.77 366182
1042.79 366180
1042.79 366179
1044.87 366176
1044.9 366175
1044.94 366174
1044.95 366172
1045.15 366171
1045.31 366170
1045.33 366169
1045.38 366167
1045.38 366165
1045.43 366164
1045.78 366162
1045.86 366161
1045.9 366160
1045.97 366157
1046.02 366155
1046.06 366154
1046.6 366152
1046.62 366150
1046.78 366149
1046.83 366148
1046.84 366146
1046.88 366145
1056.69 366143
1056.69 366142
1056.7 366141
1056.73 366138
1056.74 366137
1056.75 366136
1056.79 366132
1056.82 366130
1056.84 366129
1057.44 366128
1057.48 366127
1057.52 366126
1057.53 366125
1057.75 366122
1057.77 366119
1057.79 366116
1058.12 366113
1062.03 366111
1062.05 366107
1064.93 366106
1065 366105
1065.08 366104
1065.09 366103
1065.49 366102
1065.55 366101
1065.55 366100
1065.58 366098
1065.6 366095
1065.61 366094
1065.66 366091
1065.68 366089
1066.14 366088
1066.18 366086
1066.19 366080
1066.2 366078
1068.39 366077
1068.42 366076
1068.58 366074
1068.61 366073
1068.79 366071
1070.01 366069
1070.05 366068
1070.06 366064
1070.16 366063
1070.24 366062
1070.26 366060
1070.29 366058
1070.32 366057
1070.44 366054
1070.52 366051
1070.54 366050
1070.55 366049
1070.57 366048
1070.6 366047
1070.62 366045
1070.68 366043
1070.71 366042
1071.39 366041
1071.4 366038
1071.44 366036
1071.44 366034
1071.49 366033
1071.51 366032
1071.52 366028
1071.67 366027
1074.04 366024
1076.59 366022
1076.61 366021
1077.21 366013
1077.31 366012
1077.35 366008
1077.51 366007
1077.52 366005
1077.62 366004
1077.83 366002
1077.86 365998
1077.86 365997
1077.94 365993
1081.92 365989
1081.93 365988
1081.96 365987
1082.15 365985
1082.16 365984
1082.49 365982
1083.79 365980
1083.8 365979
1083.87 365978
1083.87 365977
1085.06 365975
1085.33 365974
1087.39 365973
1087.48 365972
1087.69 365971
1087.69 365970
1087.72 365969
1087.93 365967
1088.35 365966
1091.37 365964
1091.88 365962
1091.89 365961
1095.22 365959
1095.22 365958
1095.23 365957
1095.24 365956
1095.26 365952
1095.28 365949
1095.29 365946
1095.31 365945
1095.31 365943
1097.87 365942
1097.91 365941
1098.59 365940
1098.65 365939
1098.71 365937
1098.72 365936
1100.28 365935
1101.08 365933
1101.16 365932
1101.48 365931
1101.62 365928
1101.67 365927
1101.68 365926
1106.07 365924
1106.16 365923
1106.66 365922
1112.64 365921
1112.68 365919
1112.69 365918
1114.17 365917
1114.21 365916
1114.8 365915
1115.09 365914
1115.11 365913
1115.16 365912
1115.29 365911
1115.34 365909
1115.39 365908
1115.51 365907
1115.52 365906
1115.53 365905
1115.61 365900
1115.74 365890
1115.84 365889
1120.88 365887
1120.89 365884
1120.9 365883
1120.9 365882
1121.36 365881
1121.38 365879
1121.58 365877
1121.88 365876
1122.16 365875
1122.8 365874
1122.86 365872
1123.42 365871
1123.66 365870
1123.7 365869
1123.87 365867
1123.89 365863
1123.92 365862
1123.97 365861
1123.98 365860
1124.08 365859
1124.58 365857
1124.87 365856
1125 365855
1125 365854
1125.01 365853
1125.04 365851
1125.05 365850
1125.18 365849
1125.19 365848
1125.22 365847
1125.3 365846
1125.47 365845
1125.78 365838
1125.91 365835
1140.54 365833
1140.54 365832
1140.56 365831
1140.6 365830
1140.65 365829
1141.06 365828
1141.08 365827
1141.11 365826
1143.2 365822
1143.2 365821
1143.52 365820
1143.64 365819
1143.79 365817
1143.82 365816
1143.89 365814
1144.57 365813
1144.57 365812
1144.99 365811
1145.09 365808
1145.3 365807
1145.45 365804
1145.52 365803
1151.6 365802
1151.69 365797
1152 365796
1152.05 365795
1152.12 365794
1152.14 365793
1153.33 365792
1154.25 365791
1154.31 365789
1154.39 365788
1154.45 365787
1157.24 365786
1157.8 365785
1158.21 365784
1158.27 365782
1158.29 365781
1158.33 365780
1158.71 365778
1159.22 365777
1159.34 365776
1159.41 365775
1159.49 365772
1159.63 365771
1159.66 365770
1159.77 365769
1164.34 365767
1164.4 365764
1164.49 365763
1164.9 365762
1174.05 365759
1174.06 365758
1174.08 365756
1174.13 365755
1174.22 365752
1174.44 365751
1174.47 365750
1174.69 365748
1174.74 365747
1174.78 365746
1174.92 365741
1174.93 365740
1175.01 365739
1175.04 365738
1175.4 365737
1175.46 365733
1175.49 365732
1177.17 365731
1177.23 365730
1177.24 365729
1179.18 365728
1179.29 365725
1179.54 365724
1179.62 365723
1181.77 365722
1182.91 365721
1182.92 365720
1183.63 365719
1183.63 365717
1183.67 365716
1183.95 365714
1183.97 365713
1183.99 365711
1184 365710
1185.69 365708
1186.51 365707
1186.52 365706
1186.56 365705
1186.75 365704
1186.98 365703
1186.98 365702
1187.21 365701
1187.24 365700
1187.26 365699
1187.28 365696
1187.35 365695
1187.44 365693
1187.45 365692
1187.48 365691
1188.13 365690
1188.15 365689
1188.18 365687
1188.19 365684
1188.34 365683
1188.35 365682
1188.46 365681
1188.71 365680
1189.02 365679
1189.29 365678
1200.75 365677
1201.25 365676
1201.31 365675
1201.95 365674
1202.01 365673
1202.95 365672
1202.98 365671
1203.01 365669
1203.12 365664
1203.21 365663
1203.22 365662
1203.86 365661
1204.9 365660
1204.98 365659
1205.4 365658
1206.24 365656
1206.3 365655
1206.31 365654
1206.8 365653
1206.84 365652
1206.88 365651
1206.96 365650
1208.25 365648
1208.27 365647
1208.38 365645
1208.4 365642
1208.46 365641
1208.56 365640
1208.68 365638
1208.69 365637
1208.77 365636
1209.35 365635
1209.97 365633
1210.14 365632
1210.25 365629
1218.14 365626
1218.21 365625
1218.64 365624
1218.95 365623
1218.96 365622
1220.66 365621
1228.36 365620
1229.12 365619
1229.15 365618
1229.37 365615
1231.42 365613
1231.79 365612
1231.82 365611
1234.46 365610
1234.88 365609
1234.93 365608
1236.08 365607
1236.28 365606
1236.3 365605
1236.3 365604
1236.47 365603
1239.67 365602
1239.73 365601
1239.73 365600
1241.42 365598
1241.95 365597
1242.73 365596
1243.05 365595
1243.21 365594
1243.54 365592
1250.86 365591
1251.2 365590
1252.21 365589
1252.25 365587
1255.02 365585
1255.31 365584
1255.34 365583
1255.44 365582
1255.45 365581
1255.63 365580
1255.69 365579
1255.87 365578
1255.91 365577
1255.92 365575
1256.88 365574
1257.91 365573
1257.96 365572
1258.1 365571
1258.12 365570
1259.73 365569
1259.73 365568
1259.91 365567
1260.84 365566
1260.92 365565
1260.93 365564
1261.05 365563
1262.68 365562
1262.83 365561
1262.93 365560
1263.56 365559
1263.57 365558
1264.46 365557
1264.77 365556
1264.88 365555
1265.12 365554
1265.16 365553
1265.26 365552
1265.4 365551
1265.47 365550
1266.24 365549
1268.83 365548
1268.87 365547
1269.72 365546
1277.09 365545
1280.31 365544
1280.35 365542
1280.4 365541
1280.6 365540
1280.78 365539
1281 365538
1281.95 365537
1281.96 365535
1282.11 365534
1283.1 365533
1283.14 365532
1283.24 365531
1283.82 365529
1283.92 365528
1284.33 365527
1284.47 365523
1285.42 365522
1285.47 365521
1285.64 365519
1285.88 365518
1286.16 365517
1286.22 365516
1286.29 365515
1286.57 365514
1286.97 365511
1287.1 365509
1287.22 365508
1298.22 365507
1298.37 365506
1298.4 365505
1298.52 365504
1299.34 365502
1299.71 365499
1300.63 365498
1301.08 365497
1301.11 365496
1301.16 365495
1302.01 365494
1302.23 365492
1302.56 365491
1303.28 365490
1317.34 365489
1318.6 365487
1318.76 365486
1318.77 365485
1319.36 365483
1319.6 365482
1326.69 365481
1327.44 365480
1327.61 365479
1327.71 365478
1327.73 365476
1331.43 365475
1331.55 365474
1331.57 365473
1331.72 365472
1331.89 365471
1332 365470
1332.23 365468
1332.28 365467
1332.56 365466
1332.99 365465
1333.46 365464
1333.46 365463
1335.21 365462
1335.5 365461
1336.29 365459
1336.41 365458
1336.42 365457
1336.54 365455
1336.57 365454
1336.68 365453
1336.72 365452
1337.24 365451
1337.27 365450
1337.39 365449
1337.74 365447
1337.84 365446
1339.95 365445
1340.03 365444
1340.24 365443
1340.41 365442
1340.73 365441
1342.75 365440
1343.08 365439
1343.53 365438
1343.88 365437
1344.4 365436
1345.71 365435
1346.71 365434
1346.98 365433
1349.05 365432
1349.21 365431
1349.6 365430
1349.74 365429
1349.89 365428
1349.93 365427
1350.31 365425
1350.35 365424
1358.18 365423
1360.23 365420
1360.3 365419
1361.69 365418
1361.83 365417
1364.89 365415
1365.34 365414
1365.53 365413
1366.21 365412
