0.743 105425
0.744 105417
0.744 105394
0.745 105356
0.746 105056
0.746 105047
0.747 104984
0.748 104926
0.748 104914
0.749 104883
0.749 104876
0.75 104815
0.751 104646
0.752 104571
0.752 104541
0.753 104536
0.754 104464
0.755 104409
0.755 104408
0.756 104396
0.756 104391
0.757 104292
0.758 104264
0.759 104009
0.76 103996
0.761 103993
0.762 103989
0.763 103975
0.763 103902
0.764 103889
0.765 103801
0.765 103780
0.766 103769
0.766 103765
0.767 103758
0.768 103755
0.768 103738
0.769 103718
0.77 103713
0.771 103710
0.771 103697
0.772 103693
0.772 103686
0.774 103570
0.775 103503
0.777 103493
0.777 103489
0.779 103488
0.78 103403
0.781 103149
0.782 103112
0.783 103093
0.784 103090
0.784 103080
0.785 103070
0.785 103034
0.786 103019
0.786 103016
0.787 103012
0.788 103009
0.789 102997
0.789 102994
0.79 102989
0.793 102986
0.793 102980
0.794 102974
0.795 102970
0.795 102963
0.797 102961
0.797 102931
0.799 102893
0.799 102869
0.8 102862
0.801 102851
0.802 102850
0.803 102838
0.803 102828
0.804 102821
0.805 102811
0.806 102810
0.806 102791
0.807 102699
0.808 102679
0.81 102678
0.811 102676
0.812 102629
0.813 102623
0.814 102584
0.815 102575
0.815 102571
0.816 102491
0.816 102489
0.817 102485
0.819 102476
0.819 102474
0.82 102450
0.821 102422
0.822 102419
0.824 102405
0.824 102397
0.825 102374
0.826 102370
0.826 102359
0.826 102317
0.828 102280
0.83 102278
0.832 102255
0.833 102209
0.834 102193
0.835 102182
0.835 102134
0.836 102133
0.836 102132
0.837 102128
0.838 102125
0.839 102120
0.84 102093
0.841 102084
0.842 102079
0.843 102050
0.844 102036
0.847 102032
0.848 102005
0.849 101999
0.85 101986
0.851 101910
0.852 101909
0.853 101900
0.854 101899
0.856 101898
0.857 101873
0.858 101857
0.859 101845
0.861 101837
0.863 101833
0.863 101825
0.865 101822
0.866 101800
0.867 101785
0.868 101751
0.868 101737
0.869 101727
0.87 101722
0.872 101718
0.875 101710
0.876 101706
0.876 101701
0.877 101680
0.877 101675
0.878 101640
0.878 101633
0.88 101631
0.88 101622
0.882 101619
0.883 101614
0.884 101607
0.886 101602
0.887 101601
0.887 101600
0.889 101599
0.889 101594
0.898 101582
0.898 101561
0.899 101550
0.899 101546
0.9 101473
0.901 101382
0.903 101365
0.904 101334
0.907 101330
0.911 101317
0.914 101313
0.917 101295
0.918 101284
0.919 101275
0.92 101269
0.921 101257
0.922 101253
0.923 101251
0.925 101249
0.928 101229
0.929 101221
0.934 101217
0.934 101199
0.935 101149
0.935 101137
0.936 101135
0.937 101124
0.94 101116
0.941 101113
0.951 101100
0.956 101088
0.956 101021
0.958 101017
0.962 100998
0.963 100947
0.963 100946
0.965 100938
0.97 100937
0.986 100936
0.986 100902
0.988 100889
0.988 100884
0.99 100858
0.991 100850
0.992 100833
0.993 100829
1.018 100827
1.038 100815
1.04 100810
1.048 100804
1.048 100801
1.049 100784
1.05 100781
1.057 100769
1.082 100758
1.082 100753
1.086 100741
1.087 100735
1.089 100694
1.09 100693
1.092 100689
1.095 100680
1.099 100665
1.1 100664
1.101 100663
1.104 100643
1.153 100640
1.154 100638
1.155 100637
1.16 100636
1.161 100635
1.303 100616
1.304 100604
1.306 100603
1.309 100597
1.309 100595
1.311 100588
1.312 100569
1.354 100550
1.356 100540
1.356 100534
1.366 100505
1.367 100502
1.37 100492
1.374 100484
1.38 100465
1.381 100462
1.382 100458
1.383 100450
1.384 100446
1.386 100444
1.387 100440
1.387 100397
1.388 100388
1.389 100379
1.39 100374
1.393 100361
1.393 100356
1.399 100340
1.418 100328
1.419 100325
1.42 100317
1.429 100315
1.43 100314
1.514 100284
1.516 100277
1.517 100257
1.522 100237
1.522 100216
1.577 100209
1.579 100207
1.58 100194
1.581 100147
1.584 100146
1.587 100122
1.594 100120
1.595 100112
1.595 100094
1.607 100064
1.608 100060
1.609 100048
1.61 99994
1.611 99986
1.618 99954
1.618 99948
1.62 99947
1.626 99933
1.626 99916
1.63 99899
1.636 99873
1.637 99862
1.638 99853
1.64 99851
1.653 99819
1.653 99818
1.654 99810
1.656 99802
1.657 99767
1.657 99764
1.659 99759
1.736 99758
1.964 99717
1.965 99713
1.967 99712
1.974 99706
1.975 99697
1.976 99677
1.977 99676
1.979 99659
1.983 99658
1.984 99655
1.99 99652
1.994 99633
2.023 99629
2.032 99601
2.035 99598
2.038 99591
2.041 99545
2.053 99538
2.054 99527
2.055 99521
2.056 99518
2.057 99517
2.058 99508
2.131 99505
2.131 99499
2.135 99498
2.153 99495
2.156 99487
2.159 99479
2.173 99465
2.185 99463
2.187 99460
2.188 99449
2.189 99376
2.19 99374
2.198 99360
2.198 99355
2.199 99349
2.202 99346
2.204 99337
2.216 99331
2.217 99324
2.226 99302
2.227 99287
2.227 99280
2.26 99275
2.262 99258
2.263 99254
2.263 99248
2.264 99242
2.265 99232
2.267 99225
2.268 99221
2.29 99218
2.291 99207
2.293 99201
2.295 99197
2.313 99176
2.328 99147
2.329 99140
2.331 99136
2.331 99134
2.333 99129
2.339 99127
2.34 99120
2.344 99116
2.348 99114
2.349 99109
2.35 99100
2.351 99064
2.352 99049
2.527 99043
2.528 99038
2.67 99011
2.671 99003
2.673 99001
2.674 98999
2.675 98958
2.676 98950
2.677 98947
2.689 98942
2.766 98914
2.767 98866
2.769 98850
2.771 98847
2.773 98829
2.774 98825
2.778 98808
2.779 98805
2.83 98796
2.84 98780
2.842 98774
2.843 98764
3.012 98761
3.013 98750
3.015 98718
3.016 98693
3.017 98672
3.018 98664
3.019 98651
3.025 98631
3.029 98578
3.036 98575
3.036 98573
3.041 98567
3.042 98558
3.042 98532
3.119 98531
3.122 98475
3.123 98439
3.126 98438
3.127 98432
3.132 98422
3.133 98414
3.135 98379
3.136 98369
3.233 98363
3.236 98349
3.239 98340
3.241 98324
3.247 98323
3.527 98322
3.529 98311
3.664 98292
3.67 98286
3.675 98272
3.676 98256
3.676 98254
3.677 98253
3.678 98248
4.481 98231
4.482 98229
4.79 98220
4.792 98195
4.792 98189
4.804 98178
4.804 98177
4.805 98175
5.049 98170
5.05 98165
5.05 98144
5.051 98137
5.061 98129
5.107 98118
5.109 98117
5.127 98111
5.128 98102
5.129 98101
5.13 98090
5.131 98074
5.136 98066
5.137 98060
5.137 98044
5.139 98043
5.139 98042
5.899 98034
5.901 98025
5.902 97999
5.904 97981
5.905 97962
5.907 97958
5.924 97951
5.925 97948
6.12 97908
6.121 97889
6.127 97863
6.128 97844
6.129 97832
6.31 97754
6.313 97741
6.314 97733
6.317 97702
8.422 97662
8.43 97654
8.437 97635
8.519 97622
8.543 97603
8.558 97588
8.565 97569
8.566 97565
8.569 97564
8.57 97547
8.571 97541
8.574 97537
8.606 97525
8.607 97511
8.607 97501
8.608 97495
8.647 97487
8.654 97470
8.661 97468
8.662 97467
8.663 97460
8.664 97457
8.665 97399
8.903 97076
8.906 97066
8.914 97062
8.916 97060
8.927 97056
8.946 97038
8.982 97028
8.986 96996
8.987 96904
8.992 96895
8.992 96884
9.005 96864
9.005 96860
9.008 96844
9.009 96830
9.01 96829
9.012 96825
9.014 96820
9.016 96792
9.017 96780
9.019 96763
9.032 96762
9.057 96745
9.06 96726
9.062 96715
9.313 96705
9.314 96702
9.326 96695
9.327 96667
9.328 96652
9.332 96612
9.334 96589
9.335 96583
9.336 96574
9.337 96571
9.343 96554
9.344 96549
9.352 96540
9.353 96533
9.354 96475
9.358 96412
9.359 96394
9.378 96386
9.379 96376
9.38 96367
9.384 96350
9.385 96312
9.386 96303
9.387 96284
9.409 96278
9.41 96269
9.428 96265
9.431 96262
9.432 96254
9.433 96253
9.434 96250
9.838 96239
9.838 96229
9.841 96214
9.842 96199
10.928 96194
10.929 96190
11.366 96180
11.368 96175
11.369 96155
11.372 96153
11.373 96132
11.463 96126
11.475 96098
13.514 96073
13.514 96052
14.524 96049
14.525 96048
14.527 96032
14.529 96006
14.53 95996
14.53 95990
14.537 95984
14.539 95931
14.541 95905
14.546 95854
16.477 95726
16.693 95721
16.697 95716
16.697 95704
16.699 95688
16.723 95683
16.725 95653
16.9 95645
16.902 95634
16.904 95588
16.909 95574
16.913 95570
16.94 95560
16.955 95512
16.956 95498
16.958 95480
16.959 95462
16.962 95457
16.965 95447
16.966 95443
16.967 95438
16.971 95382
53.99 95353
53.991 95345
53.993 95344
53.995 95334
53.998 95280
53.999 95267
54 95245
54.004 95242
54.005 95235
54.007 95223
54.009 95211
54.011 95210
60.922 95204
62.127 95179
62.128 95160
62.179 95135
62.195 95133
62.197 95119
62.198 95111
62.243 95094
62.25 95091
62.251 95089
62.252 95087
62.253 95072
62.254 95053
62.254 95019
62.256 95004
62.257 94999
62.261 94989
62.273 94983
62.274 94978
62.277 94965
62.281 94957
62.282 94946
62.283 94929
62.285 94910
62.342 94894
62.343 94893
73.775 94891
73.776 94885
78.446 94873
78.448 94863
78.475 94828
78.476 94797
78.479 94795
78.482 94788
78.484 94782
78.487 94780
78.49 94764
78.494 94748
78.496 94744
146.142 94742
146.148 94739
146.166 94732
146.171 94719
146.174 94710
146.234 94707
146.235 94678
146.239 94668
146.241 94663
146.339 94644
160.095 94625
160.097 94621
171.008 94620
171.012 94613
171.015 94599
171.023 94597
171.025 94575
171.027 94574
171.028 94572
171.029 94562
171.043 94557
171.046 94555
171.061 94549
174.914 94541
174.915 94535
174.916 94529
174.921 94519
174.923 94518
174.925 94509
174.925 94504
174.926 94499
174.928 94494
174.928 94490
174.936 94486
174.937 94484
174.94 94480
174.943 94470
175.138 94462
175.139 94461
182.337 94456
182.34 94436
182.341 94402
182.343 94394
182.346 94392
182.352 94388
182.354 94377
182.356 94375
182.357 94351
182.358 94344
182.377 94323
182.424 94319
182.427 94317
182.429 94312
182.5 94308
184.575 94282
184.582 94273
184.584 94260
184.584 94258
184.656 94251
184.656 94232
184.67 94227
184.671 94217
184.678 94198
184.683 94188
184.686 94187
184.687 94181
184.688 94178
184.688 94167
245.106 94164
245.109 94153
245.117 94146
245.129 94141
245.131 94123
245.216 94112
245.264 94104
245.265 94076
245.265 94075
245.326 94068
245.467 94051
245.467 94042
245.48 94037
245.634 94036
245.645 94035
245.668 94034
245.669 94019
245.67 94012
245.845 94009
245.848 94007
254.412 94002
254.413 94001
254.417 93972
254.417 93966
254.42 93954
254.426 93947
254.43 93932
254.469 93925
254.47 93921
254.471 93911
254.478 93908
254.488 93907
254.502 93899
255.436 93897
255.436 93892
255.763 93891
255.773 93888
255.774 93886
255.775 93885
255.798 93875
255.801 93860
255.802 93859
255.94 93852
255.946 93843
255.954 93828
280.787 93827
281.042 93814
281.043 93812
281.056 93804
281.064 93791
281.07 93779
281.285 93776
281.305 93773
281.307 93771
281.32 93768
281.32 93767
281.323 93766
281.336 93764
281.338 93761
285.639 93735
285.675 93734
285.677 93731
285.678 93725
285.689 93723
285.883 93720
285.887 93708
285.893 93707
285.893 93698
285.895 93661
316.471 93659
316.473 93647
316.476 93643
318.577 93635
318.584 93634
318.584 93632
318.587 93628
329.121 93618
330.133 93616
333.405 93615
334.588 93613
334.606 93609
334.608 93603
334.61 93601
334.612 93593
334.613 93592
334.844 93591
334.851 93586
334.856 93579
334.895 93572
335.099 93560
335.505 93555
335.524 93552
335.531 93551
335.556 93549
335.68 93541
335.685 93540
335.702 93524
335.706 93518
336.907 93516
336.908 93513
336.91 93511
336.911 93504
336.914 93500
336.923 93498
336.926 93495
337.23 93491
337.231 93489
337.248 93488
337.53 93485
337.538 93467
344.21 93462
344.212 93461
347.23 93440
347.234 93439
347.842 93434
347.846 93433
347.847 93430
347.856 93426
347.857 93425
347.862 93422
347.867 93417
347.871 93416
348.56 93412
348.567 93408
348.794 93389
348.795 93384
348.797 93379
348.801 93369
349.194 93364
349.2 93361
349.229 93360
349.237 93358
349.238 93354
349.667 93351
349.682 93348
369.347 93346
369.353 93345
369.555 93338
372.517 93337
372.671 93331
372.675 93330
372.676 93320
372.688 93317
372.689 93313
372.69 93312
372.692 93310
372.693 93304
372.988 93298
372.995 93296
372.998 93291
395.242 93289
395.243 93287
395.252 93285
395.277 93282
395.281 93281
395.288 93280
395.291 93268
395.294 93263
395.297 93260
395.31 93256
400.56 93253
400.837 93251
400.855 93246
400.857 93243
400.858 93242
400.866 93235
401.251 93233
401.275 93232
401.512 93219
401.518 93216
401.528 93215
401.828 93210
402.049 93209
402.053 93208
402.107 93206
402.138 93205
402.142 93201
402.157 93197
403.444 93196
403.472 93189
403.485 93188
403.487 93184
403.496 93183
403.499 93182
403.5 93179
408.525 93178
408.541 93174
408.553 93170
408.555 93168
408.637 93164
408.659 93161
408.695 93151
408.697 93149
408.698 93146
408.708 93143
408.71 93142
408.727 93141
420.781 93138
420.784 93135
420.787 93131
420.79 93128
420.813 93127
420.821 93124
420.824 93119
420.836 93112
420.916 93111
420.916 93110
420.981 93097
422.575 93087
422.675 93084
422.678 93083
422.684 93079
422.686 93074
422.687 93073
437.554 93069
437.576 93065
441.748 93059
441.916 93058
441.922 93051
441.928 93050
441.932 93048
441.94 93047
443.25 93046
443.253 93044
443.254 93032
443.281 93029
443.288 93026
443.291 93023
443.296 93021
443.307 93018
443.312 93016
443.335 93012
443.481 93009
468.07 93008
468.084 93007
473.03 93000
473.032 92996
473.094 92989
481.569 92985
481.579 92976
481.598 92973
481.643 92972
481.697 92968
506.008 92966
507.887 92965
507.891 92961
507.897 92960
508.04 92959
508.057 92958
508.061 92956
519.456 92955
519.464 92954
519.502 92953
519.532 92951
520.058 92948
520.12 92947
520.133 92946
520.203 92944
520.207 92943
520.216 92942
520.3 92938
520.385 92937
520.409 92936
520.412 92932
538.373 92931
538.653 92929
540.372 92927
557.44 92923
557.821 92922
557.843 92920
561.194 92918
561.22 92914
561.272 92912
561.279 92909
561.284 92908
561.291 92905
575.026 92904
575.043 92902
575.091 92901
583.572 92899
588.8 92898
588.809 92896
590.43 92894
590.494 92893
591.618 92892
591.864 92891
592.113 92887
592.187 92886
595.823 92885
596.944 92884
597.525 92883
597.555 92882
597.566 92880
597.786 92879
611.489 92875
611.504 92874
611.658 92873
611.733 92871
613.033 92870
613.157 92869
613.172 92867
615.098 92865
615.184 92863
615.229 92862
615.644 92861
615.653 92860
615.677 92856
615.694 92854
615.701 92853
615.772 92852
615.774 92851
615.796 92850
629.313 92849
631.666 92848
635.393 92847
636.215 92846
637 92845
637.032 92844
637.06 92843
643.33 92842
643.345 92841
647.52 92840
662.087 92837
