0.003 43779
0.004 43706
0.005 43480
0.006 43442
0.006 43437
0.01 43378
0.011 43369
0.012 43318
0.014 43071
0.015 43063
0.016 42943
0.016 42940
0.031 42850
0.033 42621
0.035 42591
0.035 42581
0.042 42574
0.045 42535
0.068 42532
0.071 42525
0.073 42487
0.101 42481
0.128 42427
0.13 42426
0.132 42262
0.133 42253
0.133 42244
0.139 42220
0.142 42218
0.272 42217
0.273 42199
0.275 42185
0.288 42131
0.297 42126
0.307 42082
0.309 42078
0.331 42075
0.335 42064
0.336 42029
0.338 42025
0.34 42018
0.793 42017
0.796 42014
0.888 42011
0.89 41964
4.155 41963
4.156 41928
29.826 41921
41.792 41919
43.936 41913
63.948 41912
63.955 41899
64.007 41893
64.011 41891
64.025 41878
71.509 41877
71.583 41875
91.35 41872
98.353 41865
113.361 41864
113.742 41858
113.898 41856
116.836 41855
116.843 41853
116.85 41852
116.907 41851
116.915 41849
130.808 41843
