0.003 20050
0.003 20003
0.005 19999
0.006 19991
0.006 19972
0.007 19954
0.008 19928
0.121 19857
0.271 19848
0.272 19841
0.28 19839
0.281 19838
0.328 19828
0.329 19810
0.407 19757
0.41 19753
0.414 19749
0.414 19735
0.416 19733
0.418 19714
0.42 19702
0.574 19565
0.574 19563
0.576 19550
0.578 19479
0.58 19418
0.58 19417
0.582 19394
0.582 19373
0.584 19328
0.585 19284
0.643 19282
0.739 19281
1.238 19266
1.239 19265
1.241 19264
1.246 19259
1.261 19247
3.623 19245
9.108 19243
9.124 19234
12.51 19233
12.518 19227
22.812 19225
24.009 19215
63.743 19206
71.417 19204
92.622 19203
110.807 19202
124.448 19198
124.45 19197
124.476 19196
124.485 19195
127.211 19194
