0.003 40558
0.003 40462
0.005 40443
0.005 40389
0.005 40384
0.006 40378
0.012 40367
0.013 40267
0.013 40203
0.014 40201
0.015 40198
0.017 40187
0.02 40038
0.02 40009
0.021 39990
0.023 39757
0.028 39722
0.029 39677
0.03 39664
0.032 39561
0.035 39560
0.036 39541
0.038 39534
0.039 39528
0.047 39514
0.048 39498
0.052 39493
0.055 39472
0.065 39427
0.077 39397
0.091 39392
0.093 39381
0.108 39378
0.343 39368
0.348 39344
0.357 39343
0.358 39327
0.408 39309
0.41 39299
0.89 39298
0.891 39282
0.982 39244
1.056 39243
1.219 39202
1.221 39176
1.23 39174
1.253 39161
1.253 39136
1.255 39114
1.259 39054
1.392 39033
1.393 39029
1.396 39020
2.491 38985
2.492 38950
2.499 38947
2.501 38944
2.589 38929
3.122 38898
24.834 38896
24.835 38891
24.841 38888
24.845 38887
24.845 38885
34.205 38876
34.207 38873
36.343 38868
36.347 38863
38.232 38862
38.233 38861
38.242 38850
38.28 38847
43.552 38841
43.556 38837
82.184 38835
82.191 38833
82.194 38830
102.538 38829
121.506 38827
