0.001 24876
0.002 24875
0.002 24705
0.003 24699
0.003 24690
0.005 24623
0.006 24613
0.009 24611
0.01 24588
0.01 24586
0.01 24549
0.011 24544
0.015 24538
0.016 24525
0.017 24520
0.017 24453
0.019 24428
0.019 24424
0.02 24338
0.021 24303
0.023 23609
0.027 23582
0.029 23562
0.032 23507
0.032 23468
0.043 23320
0.044 23301
0.049 23282
0.051 23256
0.063 23238
0.065 23237
0.065 23226
0.44 23219
0.596 23214
0.704 23195
0.745 23191
0.745 23187
0.752 23182
0.752 23178
0.767 23172
0.776 23169
0.777 23122
7.48 23118
20.823 23114
21.188 23107
21.985 23103
21.987 23102
49.887 23086
49.991 23085
62.874 23080
62.901 23069
