0.002 27194
0.003 27188
0.006 27128
0.007 27114
0.008 26932
0.009 26910
0.013 26871
0.017 26834
0.019 26747
0.022 26679
0.023 26591
0.032 26524
0.092 26508
0.093 26505
0.094 26501
0.097 26425
0.115 26385
0.116 26378
0.127 26365
0.13 26361
0.192 26343
0.2 26333
0.202 26331
0.211 26321
0.213 26310
0.249 26253
0.294 26237
0.296 26230
0.319 26223
0.331 26219
0.444 26216
0.738 26213
0.751 26209
0.752 26186
0.756 26185
0.758 26184
0.921 26161
8.779 26160
10.057 26153
10.294 26151
10.295 26150
10.674 26147
10.864 26146
15.31 26142
32.161 26140
34.369 26139
67.521 26136
67.53 26134
67.53 26133
81.759 26132
81.762 26129
81.798 26128
90.267 26126
99.153 26123
119.037 26122
120.344 26119
