0.003 43787
0.004 43753
0.005 43518
0.005 43448
0.006 43383
0.007 43237
0.008 43232
0.01 43016
0.01 42998
0.011 42973
0.015 42927
0.016 42884
0.017 42866
0.02 42736
0.021 42723
0.022 42515
0.031 42453
0.039 42366
0.042 42335
0.079 42327
0.084 42317
0.087 42234
0.089 42214
0.174 42204
0.178 42183
0.18 42175
0.181 42154
0.187 42152
0.237 42139
0.238 42134
0.242 42125
0.246 42121
0.247 42108
0.249 42061
1.756 42056
1.757 42028
1.757 42021
3.124 42020
3.126 42012
4.264 42011
4.265 42003
4.267 41985
8.218 41974
8.461 41946
8.463 41943
24.775 41940
24.829 41926
35.049 41920
35.296 41916
35.297 41914
45.86 41902
70.887 41898
80.377 41896
80.515 41888
80.517 41887
80.519 41879
80.537 41874
112.826 41873
112.828 41869
113.208 41868
113.252 41867
113.254 41856
124.168 41854
124.175 41851
135.886 41850
146.262 41848
