0.004 30117
0.004 30078
0.004 29981
0.005 29940
0.005 29893
0.006 29864
0.006 29818
0.007 29809
0.007 29732
0.009 29706
0.01 29699
0.011 29694
0.012 29650
0.016 29633
0.02 29517
0.028 29473
0.029 29464
0.031 29450
0.033 29400
0.034 29389
0.035 29386
0.038 29315
0.049 29278
0.05 29170
0.057 29164
0.249 29160
0.257 29148
0.346 29120
0.35 29101
0.351 29097
0.355 29061
0.366 29055
0.371 29052
0.533 29050
0.534 29036
0.535 29014
0.535 28951
0.536 28922
0.539 28902
0.539 28869
0.545 28851
0.546 28841
0.552 28840
0.557 28815
0.558 28808
0.719 28798
1.895 28795
1.96 28774
1.96 28718
1.982 28697
3.035 28642
19.172 28641
29.602 28640
38.146 28633
38.298 28623
38.35 28622
63.575 28619
73.949 28615
73.958 28609
82.659 28596
87.93 28595
87.999 28594
88.215 28584
145.143 28572
