0.005 25536
0.006 25513
0.006 25493
0.009 25482
0.01 25481
0.011 25453
0.011 25449
0.011 25444
0.012 25440
0.013 25438
0.013 25436
0.018 25435
0.02 25401
0.021 25376
0.03 25341
0.03 25320
0.038 25286
0.062 25207
0.074 25197
0.075 25184
0.076 25180
0.078 25177
0.083 25153
0.085 25142
0.105 25141
0.106 25096
0.107 25055
0.114 25053
0.115 25042
0.124 24918
0.125 24849
0.125 24793
0.127 24757
0.128 24725
0.129 24723
0.129 24710
0.133 24569
0.135 24562
0.136 24550
0.137 24543
0.145 24501
0.154 24457
0.154 24408
0.157 24407
0.158 24395
0.158 24390
0.165 24385
0.166 24372
0.171 24362
0.171 24361
0.173 24347
0.174 24341
0.175 24297
0.176 24289
0.181 24279
0.182 24261
0.184 24260
0.184 24251
0.187 24248
0.187 24239
0.415 24232
0.417 24195
0.923 24182
0.977 24174
1.9 24162
1.901 24149
2.269 24133
2.27 24128
2.271 24122
2.271 24117
5.884 24115
5.94 24111
13.476 24107
25.754 24096
28.557 24095
34.181 24077
34.214 24053
38.635 24051
38.643 24046
41.581 24042
47.603 24041
47.609 24031
47.61 24019
47.611 24018
47.615 24014
63.396 24011
63.397 24010
63.459 24006
69.234 23994
69.238 23991
69.241 23985
69.431 23980
69.433 23972
69.433 23969
69.445 23967
69.445 23965
69.446 23947
106.445 23943
108.318 23930
112.519 23928
112.525 23920
130.458 23919
130.474 23914
130.53 23911
130.531 23909
130.545 23907
130.552 23905
136.725 23902
137.237 23900
140.682 23899
140.776 23896
142.646 23895
143.904 23894
143.907 23892
