0.007 20325
0.007 20297
0.007 20290
0.007 20253
0.008 20225
0.008 20218
0.008 20142
0.009 20136
0.011 20117
0.011 20058
0.012 20038
0.013 20026
0.013 20023
0.015 20015
0.016 19957
0.016 19931
0.017 19864
0.02 19834
0.024 19809
0.026 19723
0.035 19706
0.036 19700
0.038 19698
0.04 19696
0.04 19678
0.041 19657
0.041 19656
0.043 19650
0.045 19556
0.045 19544
0.046 19541
0.055 19521
0.058 19496
0.058 19495
0.09 19480
0.104 19470
0.104 19468
0.107 19454
0.111 19442
0.112 19394
0.114 19384
0.302 19377
0.329 19376
0.332 19324
0.354 19317
0.355 19306
0.355 19284
0.362 19255
0.362 19233
0.364 19226
0.366 19219
0.391 19203
0.395 19201
0.396 19196
0.396 19173
1.244 19172
1.247 19133
1.247 19129
1.26 19109
1.261 19106
4.851 19104
4.854 19091
4.856 19087
4.859 19071
22.375 19066
27.7 19064
27.702 19061
27.706 19057
27.888 19055
27.914 19047
27.922 19039
27.926 19033
51.565 19030
62.117 19026
62.13 19024
62.16 19021
62.449 19019
71.559 19016
74.995 19015
80.133 19009
80.134 19007
80.205 19001
80.237 18999
82.768 18996
84.125 18995
84.174 18988
84.175 18982
84.178 18981
102.524 18979
102.55 18974
106.314 18971
110.124 18968
110.126 18966
113.41 18965
113.418 18964
119.893 18962
121.389 18958
121.47 18957
125.116 18955
130.321 18954
130.326 18950
139.33 18948
