0.006 34031
0.007 34022
0.007 34006
0.008 33745
0.009 33715
0.009 33680
0.009 33646
0.01 33630
0.01 33626
0.011 33566
0.013 33538
0.014 33501
0.029 33498
0.031 33488
0.032 33450
0.042 33383
0.043 33353
0.045 33339
0.046 33328
0.047 33312
0.049 33291
0.083 33262
0.084 33247
0.084 33221
0.104 33148
0.104 33146
0.104 33130
0.129 33094
0.129 33092
0.148 33091
0.149 33065
0.149 33058
0.151 33036
0.152 33031
0.167 32996
0.167 32889
0.169 32883
0.17 32871
0.18 32760
0.181 32685
0.183 32683
0.185 32665
0.19 32659
0.264 32533
0.265 32521
0.675 32519
0.678 32372
0.679 32369
0.68 32359
0.686 32330
0.688 32307
0.689 32300
0.689 32293
0.778 32269
0.778 32268
0.845 32260
0.846 32232
0.846 32229
0.848 32227
1.971 32225
1.972 32204
2.079 32200
3.291 32178
8.035 32167
8.05 32163
8.051 32142
10.403 32118
14.387 32111
14.401 32110
14.413 32098
14.416 32090
14.463 32081
14.465 32059
14.466 32047
14.468 32037
14.468 32033
14.647 32020
14.648 32014
14.649 31996
14.65 31989
20.125 31983
21.839 31953
25.61 31950
25.7 31915
25.704 31852
25.727 31815
25.729 31794
25.733 31780
25.739 31767
26.897 31766
26.899 31750
26.903 31738
26.993 31736
36.562 31710
36.563 31700
36.564 31685
36.567 31679
53.319 31669
53.5 31658
53.53 31643
74.825 31641
94.294 31640
94.295 31634
102.149 31632
102.192 31619
107.389 31617
112.135 31595
119.03 31592
146.349 31589
146.389 31588
157.443 31586
157.936 31583
158.335 31582
158.426 31581
158.493 31579
158.53 31578
158.862 31577
