0.007 45205
0.007 45102
0.009 45040
0.009 45031
0.009 45025
0.01 45014
0.011 44985
0.011 44955
0.015 44814
0.031 44766
0.031 44701
0.032 44692
0.037 44673
0.038 44655
0.038 44606
0.05 44592
0.204 44584
0.206 44568
0.214 44566
0.216 44563
0.218 44523
0.218 44506
0.225 44496
0.225 44492
0.234 44488
0.236 44449
0.236 44445
0.237 44421
0.241 44410
0.246 44401
0.248 44384
0.262 44379
0.265 44375
0.265 44369
0.266 44366
0.266 44362
0.269 44306
0.269 44301
0.273 44289
0.416 44285
0.423 44248
0.423 44243
0.425 44242
0.461 44233
0.463 44222
0.504 44213
0.657 44208
0.658 44203
0.658 44194
0.659 44185
0.679 44160
0.684 44152
0.684 44149
0.685 44138
0.695 44129
0.698 44111
0.703 44107
0.706 44084
1.035 44080
1.038 44077
1.04 44074
1.079 44073
1.098 44071
1.139 44043
1.928 44040
1.928 44000
4.8 43997
14.186 43973
14.209 43851
14.214 43846
14.225 43844
14.246 43832
40.449 43812
40.716 43803
41.322 43786
41.324 43785
41.327 43763
41.333 43760
73.699 43759
73.723 43752
73.724 43747
73.853 43740
73.856 43738
74.105 43731
74.413 43730
74.415 43717
74.418 43711
76.997 43705
77.01 43704
77.836 43699
77.837 43698
114.571 43697
114.572 43695
114.59 43692
114.599 43691
114.609 43688
134.085 43687
134.085 43686
134.097 43684
134.113 43681
