0.007 20268
0.007 20266
0.007 20171
0.008 20146
0.009 20118
0.009 20115
0.01 20103
0.01 20086
0.011 20052
0.011 20043
0.013 20040
0.014 19970
0.014 19952
0.015 19950
0.016 19941
0.017 19815
0.018 19807
0.019 19800
0.02 19750
0.021 19738
0.022 19735
0.022 19728
0.04 19722
0.068 19702
0.072 19691
0.073 19689
0.074 19659
0.081 19629
0.083 19618
0.083 19605
0.084 19559
0.084 19554
0.092 19553
0.093 19514
0.095 19447
0.095 19377
0.098 19369
0.101 19361
0.102 19353
0.11 19311
0.182 19297
0.182 19288
0.183 19280
0.183 19276
0.209 19267
0.392 19256
0.393 19253
0.452 19251
0.474 19250
0.484 19246
0.505 19237
0.512 19182
0.512 19171
0.514 19169
1.962 19166
1.964 19157
2.179 19148
4.041 19143
4.05 19137
5.092 19118
5.097 19102
8.358 19091
10.519 19082
10.52 19067
10.52 19061
19.984 19058
37.213 19054
37.216 19046
37.228 19036
37.228 19019
42.465 19012
42.828 19009
42.831 19005
42.838 19002
92.419 19001
95.306 18999
95.316 18997
102.566 18996
109.988 18994
157.042 18989
157.044 18988
159.843 18987
