0.005 76975
0.006 76902
0.007 76899
0.008 76896
0.01 76892
0.012 76853
0.015 76850
0.031 76760
0.042 76667
0.042 76601
0.047 76574
0.051 76565
0.054 76562
0.068 76542
0.068 76534
0.072 76483
0.074 76441
0.079 76425
0.108 76416
0.109 76414
0.111 76405
0.115 76361
0.205 76203
0.206 76201
0.206 76199
0.208 76195
0.209 76156
0.213 76076
0.222 76068
0.225 76048
0.228 76045
0.228 76019
0.236 76012
0.238 76005
0.34 75999
0.341 75976
0.346 75972
0.347 75940
0.365 75923
0.368 75904
0.384 75903
0.42 75856
0.42 75847
0.421 75845
0.572 75839
0.573 75830
0.583 75808
0.585 75800
0.593 75795
0.606 75791
0.607 75784
0.623 75737
1.858 75734
1.913 75679
1.914 75677
1.915 75674
1.95 75669
2.021 75667
2.022 75663
2.025 75644
3.038 75619
3.039 75599
3.042 75494
27.504 75487
27.504 75476
27.505 75466
28.037 75465
28.087 75453
28.093 75442
28.6 75408
30.277 75403
30.316 75396
33.172 75393
33.177 75385
33.188 75383
33.387 75380
33.39 75357
34.903 75354
38.432 75340
38.433 75326
38.434 75325
38.445 75290
38.446 75281
83.89 75275
83.892 75259
83.893 75230
