0.004 11065
0.005 11006
0.005 11000
0.007 10994
0.008 10963
0.008 10961
0.009 10946
0.01 10935
0.01 10933
0.012 10910
0.013 10877
0.014 10851
0.016 10832
0.016 10761
0.03 10742
0.031 10688
0.033 10684
0.033 10621
0.039 10613
0.045 10598
0.045 10591
0.045 10583
0.046 10579
0.049 10558
0.05 10548
0.08 10512
0.08 10501
0.082 10497
0.085 10476
0.087 10475
0.09 10468
0.092 10461
0.093 10458
0.123 10451
0.123 10443
0.125 10422
0.134 10412
0.165 10401
0.181 10395
0.336 10389
0.338 10387
1.174 10380
1.226 10354
1.229 10353
1.641 10308
1.653 10300
1.666 10299
1.666 10296
1.668 10287
1.668 10284
1.671 10273
1.863 10265
7.48 10256
7.481 10253
7.52 10244
7.521 10240
7.522 10235
16.304 10229
16.305 10221
26.822 10220
28.418 10219
28.426 10215
29.823 10213
29.852 10211
29.853 10210
29.929 10208
30.269 10204
30.421 10202
30.422 10200
30.662 10193
30.952 10192
30.96 10187
35.394 10184
35.398 10178
35.402 10172
35.659 10169
48.531 10168
64.568 10154
73.955 10152
84.615 10151
107.045 10148
115.072 10147
