0.011 37172
0.011 37169
0.011 37157
0.012 37021
0.013 37009
0.013 37006
0.014 36998
0.014 36922
0.015 36894
0.015 36885
0.016 36884
0.016 36857
0.017 36852
0.017 36811
0.018 36803
0.019 36787
0.019 36781
0.019 36663
0.02 36661
0.02 36657
0.02 36522
0.021 36519
0.021 36501
0.024 36489
0.024 36471
0.025 36470
0.026 36282
0.028 36275
0.034 36245
0.036 36238
0.039 36228
0.04 36186
0.041 36184
0.041 36181
0.059 36176
0.089 36138
0.089 36125
0.102 36049
0.102 36047
0.103 36043
0.113 35996
0.114 35988
0.115 35966
0.125 35961
0.126 35948
0.13 35867
0.132 35819
0.136 35808
0.138 35806
0.14 35805
0.769 35801
0.77 35794
0.77 35747
0.771 35743
9.027 35676
9.03 35669
9.034 35668
9.035 35637
11.355 35617
11.357 35557
11.473 35549
25.223 35546
25.223 35540
30.253 35529
30.946 35518
30.947 35510
30.947 35503
30.949 35498
30.95 35485
31.01 35463
33.369 35454
33.38 35452
33.38 35436
33.446 35435
38.826 35424
38.826 35417
42.422 35410
48.125 35404
48.149 35400
52.888 35399
53.129 35383
64.305 35366
64.305 35352
64.317 35350
82.68 35345
82.687 35343
82.69 35330
82.698 35329
85.581 35313
93.614 35312
110.334 35310
110.335 35308
110.34 35301
110.583 35295
115.007 35291
116.334 35287
116.512 35286
117.483 35285
117.494 35278
120.567 35274
120.572 35272
120.65 35269
120.663 35268
120.668 35260
130.101 35259
153.917 35257
154.022 35254
