0.007 21899
0.008 21847
0.008 21840
0.008 21789
0.008 21774
0.009 21761
0.009 21685
0.01 21684
0.011 21667
0.012 21633
0.012 21627
0.012 21529
0.014 21517
0.014 21423
0.017 21322
0.017 21320
0.02 21272
0.021 21269
0.025 21253
0.025 21217
0.025 21209
0.027 21203
0.028 21169
0.029 21147
0.031 21146
0.031 21132
0.033 21120
0.058 21101
0.059 21088
0.059 21085
0.061 21076
0.061 21063
0.061 21060
0.088 21048
0.09 21032
0.09 21025
0.091 20991
0.1 20940
0.101 20938
0.101 20893
0.102 20847
0.103 20832
0.117 20825
0.118 20814
0.448 20771
0.449 20748
0.455 20736
0.457 20717
0.76 20709
0.762 20705
0.765 20701
0.768 20682
0.769 20672
0.77 20659
0.771 20637
0.771 20632
0.772 20610
1.393 20587
1.393 20572
1.443 20565
6.007 20560
8.14 20550
8.275 20537
8.278 20534
8.295 20505
22.025 20490
29.373 20479
29.373 20472
44.209 20465
44.211 20455
44.212 20452
44.221 20441
63.512 20435
63.515 20430
63.556 20425
63.583 20416
72.221 20414
72.31 20412
73.845 20408
86.256 20404
86.769 20403
86.8 20398
90.102 20397
90.114 20389
90.118 20372
90.123 20370
104.54 20364
104.551 20361
104.554 20360
104.588 20359
104.589 20356
104.59 20344
110.532 20339
110.57 20335
110.608 20334
139.787 20332
139.847 20329
142.218 20327
142.226 20326
142.23 20323
142.276 20322
142.34 20319
145.7 20318
145.712 20317
146.424 20316
146.43 20310
