0.008 89406
0.009 89388
0.009 89375
0.009 89344
0.013 89309
0.014 89099
0.016 89048
0.018 89023
0.019 89012
0.029 88975
0.04 88805
0.042 88794
0.042 88793
0.043 88779
0.043 88778
0.043 88756
0.045 88747
0.046 88741
0.049 88519
0.055 88463
0.056 88451
0.059 88444
0.06 88420
0.065 88419
0.169 88413
0.171 88392
0.176 88389
0.183 88381
0.183 88360
0.188 88358
0.189 88316
0.195 88278
0.195 88267
0.199 88255
0.2 88254
0.205 88081
0.234 88078
0.236 88058
0.251 88034
0.446 88030
0.448 87985
0.457 87983
0.46 87899
0.461 87884
0.463 87847
0.466 87825
0.468 87808
0.469 87748
0.471 87747
0.484 87667
0.484 87655
0.605 87638
0.607 87612
0.616 87545
0.62 87482
0.661 87376
0.662 87374
0.664 87372
1.186 87340
1.187 87329
1.201 87320
1.202 87305
1.204 87270
1.205 87267
1.256 87235
1.256 87206
1.269 87185
1.271 87178
1.326 87164
1.328 87156
1.347 87145
1.542 87133
1.655 87019
1.684 87012
1.725 87010
1.768 86974
1.769 86964
3.539 86903
3.544 86902
3.549 86867
3.563 86861
3.569 86808
3.686 86770
3.771 86758
4.219 86754
4.382 86733
5.338 86667
5.34 86657
5.342 86616
5.345 86609
5.359 86605
5.36 86597
5.361 86581
5.362 86574
5.362 86558
5.363 86557
5.366 86535
5.367 86522
39.077 86514
39.078 86512
39.108 86508
39.233 86472
39.234 86470
39.252 86448
39.253 86447
40.194 86442
40.2 86436
40.2 86432
40.2 86427
40.205 86393
40.21 86387
40.223 86380
40.257 86375
40.302 86335
40.404 86331
40.679 86329
40.68 86327
40.684 86323
40.685 86321
40.686 86320
41.721 86318
41.732 86316
41.738 86312
41.749 86303
41.751 86300
64.682 86295
64.704 86293
64.704 86283
64.709 86274
108.007 86273
108.017 86271
108.019 86267
112.139 86208
112.143 86196
112.146 86174
112.374 86165
112.374 86156
112.375 86142
112.391 86128
116.746 86119
116.782 86114
116.801 86099
116.809 86098
117.047 86097
117.052 86095
117.07 86092
117.081 86085
117.17 86081
117.473 86075
117.513 86073
117.992 86072
118.119 86069
118.12 86061
118.55 86046
118.551 86044
118.603 86039
121.701 86037
124.95 86032
124.961 86030
125.009 86024
147.499 86022
147.767 86017
147.811 86014
147.818 86012
160.7 86011
160.873 86010
161.796 86009
161.816 86008
161.955 86007
161.967 86006
164.267 86002
