0.01 23583
0.011 23491
0.011 23486
0.012 23477
0.013 23455
0.014 23441
0.016 23432
0.016 23403
0.017 23402
0.017 23391
0.018 23380
0.018 23294
0.021 23247
0.021 23240
0.022 23236
0.022 23214
0.023 23173
0.025 23167
0.028 23165
0.029 23162
0.031 23140
0.031 23132
0.032 23128
0.033 23125
0.034 23117
0.045 23072
0.046 23067
0.046 23054
0.046 23044
0.047 23040
0.047 23038
0.048 23023
0.049 23006
0.051 22980
0.053 22958
0.053 22760
0.053 22753
0.055 22738
0.055 22727
0.056 22712
0.057 22707
0.057 22703
0.058 22693
0.063 22689
0.068 22685
0.069 22662
0.069 22653
0.071 22650
0.073 22644
0.078 22623
0.085 22606
0.086 22582
0.086 22577
0.094 22575
0.094 22551
0.096 22550
0.098 22538
0.098 22522
0.099 22520
0.101 22504
0.102 22502
0.103 22485
0.103 22482
0.122 22477
0.128 22473
0.129 22381
0.129 22369
0.135 22358
0.135 22357
0.139 22335
0.193 22326
0.203 22279
0.207 22209
0.231 22181
0.233 22161
0.381 22145
0.384 22136
0.41 22124
0.411 22111
0.413 22110
0.437 22105
0.437 22095
0.447 22090
0.447 22078
0.447 22068
0.462 22067
1.747 22055
1.747 22038
1.75 22023
2.046 22017
2.053 22009
3.262 21999
3.657 21993
3.66 21991
6.345 21971
6.345 21957
6.346 21953
7.068 21928
7.09 21927
11.801 21914
11.802 21900
30.141 21896
36.481 21893
36.482 21876
36.484 21873
69.337 21872
69.339 21871
70.932 21860
70.937 21857
81.455 21850
81.498 21848
81.499 21847
93.05 21843
93.054 21840
102.281 21838
102.285 21837
102.29 21834
102.295 21829
102.318 21828
102.323 21827
105.663 21819
106.051 21813
106.169 21812
106.171 21808
106.178 21803
146.075 21801
146.226 21799
146.392 21798
