0.01 61694
0.011 61672
0.011 61661
0.011 61639
0.012 61607
0.013 61589
0.013 61561
0.013 61556
0.015 61501
0.016 61471
0.017 61403
0.017 61401
0.018 61336
0.018 61330
0.022 61328
0.022 61307
0.023 61296
0.025 61270
0.025 61177
0.026 61172
0.028 61161
0.035 61150
0.036 61140
0.04 61089
0.041 61084
0.042 61039
0.043 61038
0.044 61034
0.046 60931
0.048 60915
0.054 60854
0.106 60815
0.163 60813
0.163 60802
0.165 60781
0.167 60730
0.172 60665
0.172 60638
0.192 60569
0.196 60563
0.197 60561
0.205 60543
0.266 60531
0.327 60506
0.344 60498
1.43 60473
1.431 60461
1.618 60451
1.62 60450
2.004 60418
2.006 60409
2.01 60404
2.012 60390
2.012 60373
2.014 60368
2.014 60336
3.52 60327
3.619 60294
3.893 60286
3.894 60271
3.894 60268
3.895 60262
3.896 60213
5.472 60196
5.488 60189
5.489 60171
11.38 60151
11.381 60117
11.391 60105
11.393 60098
11.394 60093
11.394 60069
11.396 60055
11.397 60050
11.402 60023
14 60020
14.001 59988
14.004 59984
14.004 59944
16.284 59939
16.293 59907
16.299 59904
16.299 59852
23.829 59816
23.839 59805
23.864 59794
23.888 59789
23.983 59740
45.573 59725
45.621 59718
45.627 59717
46.062 59716
46.296 59702
46.297 59693
46.3 59686
46.304 59679
47.204 59676
47.211 59666
47.211 59661
47.211 59656
47.214 59635
47.231 59623
54.6 59620
54.603 59616
66.504 59612
78.753 59584
78.762 59583
78.766 59582
78.78 59581
85.146 59577
85.567 59574
85.568 59569
85.583 59566
85.585 59565
86.573 59563
86.588 59554
86.946 59553
86.947 59552
87.063 59551
87.383 59548
87.395 59540
87.397 59537
87.402 59527
90.131 59513
