0.008 26124
0.008 26112
0.008 26026
0.008 25945
0.009 25938
0.009 25936
0.011 25932
0.013 25918
0.014 25915
0.014 25848
0.017 25824
0.018 25793
0.019 25790
0.019 25787
0.02 25762
0.023 25758
0.027 25742
0.061 25740
0.063 25725
0.063 25711
0.07 25684
0.071 25667
0.072 25662
0.072 25650
0.08 25637
0.083 25607
0.084 25602
0.088 25600
0.09 25512
0.092 25496
0.093 25491
0.128 25452
0.129 25449
0.13 25413
0.132 25388
0.133 25377
0.139 25355
0.139 25306
0.14 25284
0.153 25272
0.165 25270
0.166 25262
0.169 25247
0.169 25242
0.169 25236
0.17 25167
0.247 25154
0.253 25143
0.254 25121
0.255 25118
0.257 25088
0.257 25087
0.259 25080
0.52 25021
0.52 25018
0.521 25017
0.583 24997
0.587 24991
0.668 24954
0.706 24946
0.706 24915
0.913 24909
0.914 24897
0.929 24877
0.93 24855
0.951 24854
0.952 24849
0.952 24841
0.952 24815
0.953 24808
0.954 24807
0.955 24800
0.956 24785
0.959 24780
1.301 24759
1.301 24758
1.316 24744
1.429 24734
1.437 24711
1.437 24688
1.441 24686
1.446 24679
1.539 24661
10.019 24653
10.021 24643
10.023 24634
10.023 24609
10.027 24596
10.03 24559
93.545 24554
115.407 24553
116.461 24551
139.761 24544
157.378 24542
157.381 24538
157.413 24536
157.433 24535
178.128 24526
179.463 24525
182.158 24521
182.174 24519
