0.012 64012
0.012 63977
0.013 63939
0.015 63850
0.015 63844
0.016 63808
0.016 63741
0.017 63731
0.018 63725
0.019 63696
0.02 63675
0.021 63669
0.022 63628
0.023 63599
0.023 63594
0.034 63555
0.067 63554
0.068 63551
0.084 63527
0.093 63439
0.095 63424
0.096 63387
0.097 63355
0.116 63349
0.122 63330
0.125 63326
0.125 63306
0.126 63294
0.13 63249
0.132 63195
0.15 63193
0.151 63191
0.158 63180
0.159 63163
0.16 63144
0.161 63129
0.165 63119
0.178 63106
0.198 63105
0.202 63098
0.202 63076
0.203 63057
0.204 63035
0.205 63007
0.208 63000
0.212 62947
0.473 62941
0.473 62932
0.513 62921
0.53 62867
0.594 62859
0.596 62844
0.601 62817
0.893 62811
0.894 62787
0.894 62786
0.895 62785
1.06 62765
1.064 62698
1.065 62680
2.209 62665
2.423 62661
2.425 62648
2.429 62632
2.434 62625
2.436 62597
2.463 62585
2.86 62579
2.861 62561
2.928 62545
3.87 62541
11.698 62525
11.699 62521
11.699 62516
11.7 62515
11.702 62481
11.702 62480
19.024 62468
19.026 62446
19.987 62428
20 62418
20.726 62415
20.736 62413
21.381 62403
21.394 62398
21.399 62382
24.747 62371
25.526 62369
29.186 62362
29.188 62360
29.189 62356
29.265 62354
29.266 62348
29.271 62347
29.276 62337
29.276 62334
29.278 62263
29.283 62255
73.32 62234
74.982 62229
74.984 62223
74.988 62222
87.218 62220
99.648 62213
99.651 62206
99.663 62203
99.786 62196
100.111 62190
100.116 62188
100.215 62179
100.241 62178
100.254 62167
100.258 62164
100.321 62162
100.324 62153
100.329 62151
100.335 62150
100.398 62148
100.558 62140
100.595 62124
100.605 62117
100.738 62115
100.741 62111
100.741 62108
106.437 62106
106.448 62092
106.456 62083
171.652 62081
174.692 62075
176.229 62073
176.233 62070
176.234 62069
176.358 62063
176.376 62062
178.386 62061
178.389 62059
178.505 62057
178.549 62056
178.55 62055
180.166 62049
180.181 62048
180.184 62047
180.189 62046
180.248 62042
180.272 62041
180.298 62040
180.373 62038
180.42 62037
180.469 62035
