0.013 63706
0.013 63674
0.014 63663
0.014 63644
0.014 63588
0.015 63578
0.015 63487
0.016 63372
0.018 63358
0.02 63351
0.021 63272
0.024 63195
0.024 63160
0.025 63153
0.025 63144
0.026 63140
0.026 63111
0.027 63088
0.027 63087
0.028 63049
0.034 63016
0.035 62886
0.035 62884
0.037 62843
0.038 62758
0.038 62717
0.1 62636
0.102 62626
0.102 62564
0.103 62520
0.104 62501
0.105 62464
0.106 62441
0.107 62423
0.11 62418
0.113 62395
0.114 62394
0.114 62384
0.116 62366
0.129 62342
0.131 62339
0.133 62278
0.134 62272
0.138 62268
0.14 62261
0.143 62258
0.143 62246
0.145 62183
0.169 62177
0.17 62174
0.174 62157
0.175 62139
0.178 62106
0.19 62080
0.24 62054
0.242 62046
0.243 62018
0.243 61994
0.244 61989
0.245 61986
0.246 61961
0.378 61897
0.379 61896
0.383 61804
0.387 61802
0.401 61715
0.664 61703
0.789 61663
0.792 61638
0.794 61629
1.009 61613
1.013 61606
1.017 61601
1.019 61593
1.039 61585
1.157 61570
1.163 61554
1.893 61551
2.981 61547
2.989 61543
3.111 61506
3.112 61475
12.322 61459
12.323 61456
12.324 61449
12.325 61396
13.57 61387
13.582 61380
13.588 61376
13.593 61331
19.763 61322
19.797 61321
19.798 61319
19.915 61292
19.916 61287
19.918 61262
19.919 61226
20.021 61224
20.023 61217
39.395 61197
39.403 61189
39.423 61161
39.427 61140
45.308 61121
45.322 61116
45.322 61110
45.326 61084
45.357 61080
45.358 61068
45.36 61052
45.362 61033
45.891 61019
45.896 61016
45.9 61014
45.901 61005
46.162 60994
46.202 60990
56.711 60975
56.715 60946
56.715 60942
82.855 60925
83.519 60924
93.18 60910
93.182 60906
93.185 60893
93.194 60884
93.197 60880
93.429 60878
93.497 60867
94.971 60859
94.971 60847
94.976 60846
94.977 60842
95.021 60840
95.023 60838
98.898 60835
99.909 60834
103.205 60828
107.098 60827
107.167 60816
107.289 60815
107.584 60808
107.595 60807
107.607 60799
107.654 60795
109.504 60784
109.52 60773
109.983 60771
109.989 60768
110.181 60766
110.209 60755
110.214 60754
111.787 60748
112.067 60743
112.082 60741
116.078 60735
116.084 60726
119.609 60725
125.187 60723
125.29 60721
128.782 60719
128.784 60713
140.267 60710
140.276 60706
140.285 60695
154.43 60691
154.751 60690
154.895 60689
154.944 60686
154.969 60685
154.972 60681
155.982 60679
156.09 60677
156.095 60672
156.111 60671
156.426 60669
156.488 60667
