0.013 103413
0.013 103409
0.015 103404
0.016 103398
0.016 103381
0.018 103375
0.02 103360
0.021 103349
0.022 103342
0.023 103324
0.028 103150
0.03 103122
0.031 103115
0.038 102950
0.038 102855
0.039 102738
0.041 102694
0.042 102296
0.043 102272
0.044 102268
0.057 102175
0.058 102151
0.061 102148
0.061 102136
0.063 102068
0.065 102030
0.068 101968
0.072 101962
0.075 101926
0.094 101886
0.102 101850
0.105 101818
0.107 101807
0.135 101784
0.136 101782
0.138 101781
0.139 101779
0.139 101775
0.142 101770
0.144 101767
0.148 101750
0.15 101733
0.155 101713
0.156 101703
0.157 101692
0.159 101669
0.176 101608
0.176 101602
0.177 101592
0.244 101563
0.246 101545
0.258 101541
0.26 101532
0.262 101528
0.265 101523
0.266 101514
0.27 101467
0.27 101465
0.319 101463
0.324 101413
0.333 101369
0.335 101366
0.346 101333
0.35 101272
0.399 101259
0.401 101249
0.485 101183
0.487 101169
0.489 101166
0.49 101150
0.497 101137
0.5 101102
0.5 101067
0.569 101003
0.57 100914
0.691 100887
0.696 100864
0.702 100839
0.705 100760
0.706 100744
0.707 100725
0.709 100685
0.742 100634
0.743 100590
0.757 100580
0.758 100525
0.766 100504
0.778 100445
0.786 100443
0.788 100426
0.825 100414
0.828 100413
0.829 100398
0.831 100372
0.832 100341
0.838 100260
1.087 100200
1.088 100185
1.09 100183
1.324 100173
1.331 100120
1.525 100103
1.597 100100
1.599 100099
1.601 100096
1.604 100064
1.604 100061
1.656 100030
1.657 99997
1.659 99996
1.663 99982
1.82 99979
1.846 99971
1.853 99968
1.853 99961
1.854 99958
5.894 99895
5.894 99851
5.895 99846
8.496 99841
8.497 99840
8.509 99816
8.634 99798
8.651 99788
8.721 99787
8.722 99736
8.724 99716
8.725 99715
8.726 99702
8.727 99698
8.732 99677
56.486 99668
56.489 99665
56.523 99657
56.524 99656
56.529 99638
59.047 99626
59.05 99623
59.457 99609
59.458 99608
59.458 99599
59.638 99580
74.124 99558
74.193 99557
74.199 99542
76.127 99541
76.129 99539
76.156 99537
76.336 99534
76.512 99528
76.516 99525
76.565 99523
76.567 99517
76.57 99515
81.244 99513
95.454 99501
103.728 99500
105.474 99495
108.231 99489
108.241 99488
128.029 99487
128.714 99485
128.772 99483
153.928 99482
162.572 99481
174.11 99480
190.844 99477
190.897 99474
190.928 99468
190.939 99462
191.661 99460
191.716 99458
191.74 99449
