0.013 63593
0.013 63568
0.015 63567
0.016 63559
0.017 63255
0.017 63245
0.018 63211
0.019 63196
0.021 63109
0.022 62998
0.022 62992
0.023 62971
0.023 62948
0.024 62940
0.025 62889
0.025 62883
0.026 62879
0.026 62875
0.026 62831
0.028 62821
0.036 62816
0.04 62775
0.04 62715
0.041 62701
0.042 62695
0.06 62525
0.06 62498
0.061 62492
0.063 62490
0.063 62475
0.073 62457
0.075 62443
0.075 62420
0.077 62400
0.083 62394
0.083 62390
0.084 62347
0.115 62343
0.116 62323
0.119 62270
0.12 62244
0.122 62155
0.123 62152
0.125 62147
0.127 62139
0.524 62132
0.525 62106
0.526 62105
0.526 62099
0.527 62097
0.529 62086
0.529 62063
0.854 62030
0.859 61988
0.862 61923
0.888 61881
0.89 61808
0.893 61791
0.893 61788
1.231 61694
2.562 61689
2.566 61639
2.567 61638
2.567 61633
2.568 61619
2.571 61609
2.572 61608
2.578 61591
2.59 61544
4.497 61532
4.498 61523
4.5 61475
4.502 61462
4.504 61440
13.815 61426
13.817 61422
22.133 61420
22.155 61417
22.158 61387
22.426 61385
22.581 61357
22.583 61288
22.584 61239
22.592 61216
39.239 61213
39.241 61198
48.319 61189
48.321 61178
48.326 61175
48.327 61167
48.329 61142
48.565 61132
48.575 61113
58.955 61084
59.144 61083
59.151 61077
64.726 61074
64.74 61063
64.755 61060
64.774 61052
64.87 61046
64.873 61031
64.874 61029
64.875 61009
64.886 60998
64.888 60975
65.821 60974
65.823 60970
65.83 60962
66.326 60945
66.33 60932
73.539 60929
73.541 60928
73.603 60922
82.202 60919
84.655 60914
84.657 60909
84.658 60904
84.676 60881
84.678 60875
122.509 60873
122.51 60871
122.749 60863
122.751 60862
