0.014 24142
0.015 24097
0.015 24045
0.016 24006
0.016 24000
0.017 23990
0.018 23973
0.018 23966
0.019 23953
0.019 23949
0.02 23892
0.021 23832
0.022 23829
0.022 23827
0.022 23823
0.023 23811
0.024 23801
0.026 23799
0.027 23793
0.027 23791
0.028 23743
0.029 23731
0.029 23698
0.03 23684
0.031 23658
0.033 23653
0.033 23647
0.034 23614
0.036 23596
0.037 23594
0.038 23592
0.039 23562
0.041 23545
0.042 23527
0.042 23511
0.048 23507
0.051 23504
0.051 23495
0.051 23494
0.051 23484
0.052 23481
0.091 23477
0.097 23463
0.097 23449
0.099 23405
0.099 23388
0.1 23378
0.1 23361
0.101 23358
0.102 23357
0.146 23331
0.148 23317
0.149 23291
0.15 23273
0.516 23261
0.528 23232
0.53 23218
0.531 23197
0.631 23177
0.637 23173
0.64 23157
0.641 23153
0.642 23137
0.644 23133
0.644 23101
0.645 23089
1.178 23080
1.178 23077
1.339 23038
1.656 23029
1.658 23028
1.659 23022
1.66 23014
1.661 23010
1.661 23008
1.661 23005
1.663 23001
3.775 22975
3.776 22965
3.781 22909
12.337 22908
12.347 22886
17.47 22883
25.166 22881
25.166 22871
30.414 22869
30.414 22866
30.416 22864
30.417 22863
30.419 22852
30.419 22845
30.457 22833
30.463 22804
32.701 22780
51.429 22776
51.444 22767
60.319 22742
60.377 22736
79.568 22731
79.569 22721
101.837 22720
101.847 22719
101.887 22714
101.894 22712
101.896 22709
108.214 22708
110.392 22702
110.404 22701
110.408 22700
119.397 22697
119.407 22693
119.455 22688
120.003 22687
120.05 22685
120.058 22678
120.077 22676
120.081 22674
120.095 22673
120.099 22664
120.105 22661
120.185 22658
121.247 22657
122.052 22653
122.065 22652
122.215 22647
122.319 22646
122.326 22644
122.59 22643
126.542 22642
128.001 22640
128.004 22637
128.076 22633
128.078 22631
128.1 22628
128.118 22627
159.294 22622
160.988 22620
162.334 22618
162.357 22617
167.278 22616
