0.013 63737
0.014 63641
0.014 63635
0.015 63468
0.016 63427
0.017 63325
0.018 63278
0.018 63255
0.023 63245
0.024 63223
0.026 63207
0.027 63154
0.029 63062
0.032 62979
0.032 62956
0.033 62945
0.034 62916
0.035 62909
0.035 62907
0.036 62888
0.043 62869
0.044 62813
0.047 62770
0.049 62728
0.051 62711
0.052 62685
0.054 62680
0.065 62661
0.067 62597
0.069 62510
0.07 62478
0.071 62468
0.072 62353
0.099 62251
0.108 62216
0.11 62214
0.11 62186
0.113 62182
0.115 62164
0.116 62138
0.117 62130
0.215 62113
0.218 62064
0.218 62044
0.219 62035
0.22 62033
0.222 62030
0.284 62027
0.284 62025
0.288 61996
0.289 61994
0.389 61991
0.394 61978
0.487 61976
0.491 61949
0.495 61947
0.497 61945
0.498 61879
0.499 61862
0.643 61852
0.647 61841
0.648 61817
0.678 61805
0.684 61738
0.685 61734
0.686 61728
0.686 61727
0.686 61724
2.222 61722
2.248 61715
2.25 61707
2.251 61706
2.254 61695
2.428 61681
2.43 61632
2.431 61616
2.432 61613
2.433 61598
2.435 61579
2.435 61570
13.137 61561
13.148 61513
13.15 61510
13.151 61491
14.064 61483
16.631 61438
16.631 61432
16.641 61423
24.279 61384
24.28 61371
24.281 61369
24.281 61365
24.282 61363
24.291 61347
24.293 61343
24.293 61333
24.296 61326
24.299 61314
24.302 61309
29.378 61301
29.379 61274
29.38 61269
29.381 61252
29.512 61251
29.533 61246
29.534 61237
29.549 61206
29.549 61199
29.555 61178
29.58 61176
42.755 61175
43.029 61173
43.067 61161
45.581 61154
45.586 61152
45.993 61150
46.005 61144
46.006 61107
46.01 61100
46.012 61091
46.012 61081
46.017 61077
46.15 61056
46.151 61041
46.156 61027
46.162 61024
46.162 61023
46.217 61005
60.55 61003
60.551 60990
60.56 60980
60.561 60974
60.563 60964
60.564 60951
60.601 60943
61.134 60941
61.18 60926
61.187 60915
61.187 60902
61.188 60899
61.198 60896
61.202 60884
61.227 60879
61.235 60867
61.236 60840
110.428 60839
114.264 60838
118.696 60836
119.228 60832
119.257 60830
119.51 60827
119.53 60825
119.538 60819
119.889 60815
121.796 60814
121.902 60810
125.805 60809
126.888 60799
135.379 60795
135.381 60793
135.382 60782
135.396 60778
135.418 60777
135.425 60771
135.438 60767
135.542 60763
135.585 60761
135.607 60752
136.038 60750
136.047 60743
136.076 60739
140.411 60738
145.463 60727
145.471 60718
