0.019 89325
0.02 89319
0.022 89283
0.024 89213
0.024 89188
0.025 89184
0.025 89162
0.026 89132
0.031 89131
0.032 89117
0.036 89111
0.038 89085
0.04 89002
0.041 88994
0.043 88993
0.045 88980
0.047 88972
0.048 88941
0.049 88927
0.05 88921
0.059 88901
0.06 88887
0.061 88825
0.065 88821
0.065 88820
0.072 88774
0.074 88764
0.077 88684
0.078 88660
0.079 88652
0.081 88562
0.083 88561
0.085 88530
0.085 88528
0.101 88496
0.102 88489
0.103 88488
0.138 88398
0.144 88367
0.147 88331
0.148 88327
0.149 88294
0.171 88259
0.173 88210
0.188 88132
0.193 88122
0.194 88078
0.195 88011
0.201 88001
0.207 87981
0.207 87979
0.211 87945
0.214 87922
0.222 87574
0.229 87558
0.23 87552
0.232 87547
0.252 87503
0.256 87487
0.256 87484
0.257 87470
0.258 87449
0.261 87433
0.262 87432
0.264 87412
0.36 87353
0.362 87209
0.373 87198
0.374 87190
0.383 87182
1.396 87178
1.398 87176
1.399 87175
1.471 87172
1.471 87125
1.471 87124
1.473 87123
1.474 87106
1.479 87100
1.479 87073
1.48 87053
1.486 87049
1.611 86987
1.613 86980
1.614 86975
1.631 86973
1.633 86968
1.634 86967
1.635 86955
1.667 86946
1.668 86944
1.719 86912
1.849 86899
1.851 86896
1.876 86895
1.882 86893
1.883 86873
1.894 86864
2.029 86862
2.03 86848
2.059 86835
2.059 86810
2.061 86809
2.061 86786
2.063 86784
2.064 86750
2.065 86747
2.065 86745
2.067 86743
2.23 86701
2.234 86698
2.235 86662
2.393 86606
2.399 86598
2.399 86572
2.401 86568
7.997 86554
8.011 86533
8.694 86528
8.694 86521
13.02 86499
13.022 86392
13.025 86344
13.036 86339
13.037 86337
13.039 86325
13.113 86294
13.115 86264
13.121 86250
13.121 86224
13.122 86215
13.125 86206
13.125 86203
13.132 86181
13.134 86177
13.135 86161
69.266 86156
69.286 86145
69.287 86142
69.344 86141
69.36 86132
69.36 86126
69.362 86116
69.363 86106
77.723 86104
77.724 86102
77.725 86085
77.743 86084
77.747 86082
77.751 86076
77.761 86073
96.023 86065
96.027 86060
96.029 86059
96.043 86058
96.074 86055
96.08 86052
96.08 86036
96.35 86033
96.35 86020
96.353 86016
96.355 86011
96.619 86003
96.663 85999
96.665 85997
96.666 85996
98.651 85921
98.656 85920
98.667 85908
98.668 85893
98.778 85887
98.78 85885
98.788 85877
98.789 85876
98.79 85826
98.794 85804
98.796 85800
98.796 85799
98.796 85795
98.801 85793
98.806 85782
98.807 85778
98.81 85776
98.811 85771
100.147 85754
100.162 85735
100.164 85728
100.165 85724
100.167 85708
100.172 85706
100.173 85697
100.175 85694
100.189 85692
100.189 85691
100.191 85684
100.215 85678
100.216 85667
100.225 85661
100.228 85653
100.287 85651
100.297 85648
100.298 85645
100.84 85639
100.841 85634
101.402 85633
101.404 85627
101.48 85624
101.484 85623
101.504 85622
102.459 85614
102.478 85613
102.489 85601
102.543 85600
102.552 85595
102.553 85593
102.554 85588
102.555 85560
102.568 85559
102.57 85555
109.936 85537
110.1 85530
110.173 85512
111.27 85506
111.271 85502
111.271 85500
112.549 85498
112.59 85495
112.593 85491
115.222 85489
115.227 85485
115.228 85483
115.228 85481
115.228 85475
115.237 85471
115.244 85454
130.503 85450
133.484 85449
133.591 85447
133.593 85436
135.999 85423
136.005 85422
136.011 85409
137.031 85406
137.921 85404
137.96 85400
140.603 85396
140.607 85392
140.634 85386
144.459 85381
144.521 85380
144.524 85373
144.786 85369
144.788 85364
144.792 85360
145.316 85359
145.317 85353
145.321 85352
145.947 85344
145.954 85336
145.963 85335
175.824 85334
175.839 85333
175.85 85332
175.854 85331
175.855 85330
184.558 85328
187.811 85327
187.817 85326
187.875 85322
187.894 85318
187.898 85317
187.945 85313
195.029 85310
196.143 85308
196.156 85307
196.169 85304
196.169 85303
196.199 85301
196.226 85299
196.572 85297
196.645 85296
196.646 85295
196.653 85292
196.919 85290
196.929 85289
197.028 85287
