0.021 41634
0.021 41562
0.021 41541
0.022 41490
0.022 41403
0.023 41390
0.024 41384
0.024 41364
0.026 41321
0.027 41255
0.028 41249
0.03 41100
0.03 41097
0.033 41058
0.034 41030
0.073 41023
0.083 41004
0.083 40939
0.084 40932
0.084 40924
0.085 40923
0.087 40909
0.088 40906
0.089 40902
0.09 40875
0.091 40874
0.116 40852
0.118 40807
0.119 40806
0.119 40769
0.12 40768
0.122 40766
0.123 40739
0.123 40736
0.124 40734
0.131 40698
0.132 40694
0.133 40689
0.134 40673
0.136 40642
0.136 40637
0.393 40615
0.457 40559
0.465 40534
0.465 40496
0.468 40490
0.48 40480
0.483 40461
0.708 40444
0.82 40429
0.907 40388
0.909 40362
0.91 40329
0.912 40290
1.544 40271
1.545 40269
1.547 40262
1.559 40250
2.15 40238
2.15 40219
2.151 40163
7.079 40139
7.756 40131
7.761 40110
7.761 40105
7.807 40094
14.487 40087
14.488 40079
19.009 40058
19.013 40054
19.013 40038
19.388 40027
19.388 40021
19.389 40020
22.935 40010
22.935 40000
31.738 39989
31.738 39984
31.74 39976
40.96 39966
40.961 39965
40.961 39947
40.962 39944
40.969 39923
47.307 39915
47.309 39912
47.31 39904
47.311 39888
47.311 39883
52.198 39867
52.201 39864
52.202 39863
52.203 39836
52.957 39832
52.985 39826
52.987 39822
52.989 39820
52.992 39804
53.074 39801
53.075 39794
53.075 39788
53.076 39777
53.08 39771
53.081 39747
53.087 39704
75.325 39701
75.339 39697
75.34 39693
75.34 39691
75.371 39684
75.372 39671
75.382 39668
75.412 39664
75.468 39663
75.478 39650
75.479 39649
75.479 39645
75.48 39643
75.852 39640
75.857 39638
78.421 39635
78.422 39618
78.428 39604
78.429 39589
78.429 39588
111.015 39586
111.058 39574
111.064 39573
111.064 39565
111.08 39558
112.258 39546
112.263 39542
112.264 39537
112.266 39535
121.835 39533
122.017 39532
122.025 39528
122.034 39526
123.535 39525
139.15 39518
143.438 39516
143.454 39514
143.507 39511
143.517 39510
143.54 39507
143.546 39505
147.387 39504
147.408 39501
148.906 39498
148.991 39494
148.998 39488
149.006 39485
168.776 39484
168.875 39481
168.878 39475
170.552 39474
183.456 39473
