0.02 41651
0.021 41648
0.021 41582
0.022 41495
0.022 41482
0.023 41473
0.023 41444
0.024 41431
0.029 41428
0.029 41376
0.029 41363
0.03 41326
0.031 41233
0.032 41224
0.032 41206
0.032 41200
0.033 41168
0.036 41164
0.038 41150
0.038 41126
0.039 41115
0.04 41111
0.04 41093
0.041 41091
0.041 41078
0.044 41052
0.074 41050
0.077 40998
0.078 40994
0.099 40978
0.099 40941
0.101 40915
0.104 40899
0.106 40892
0.107 40872
0.109 40788
0.127 40778
0.128 40773
0.16 40739
0.162 40709
0.162 40625
0.163 40600
0.164 40587
0.164 40574
0.171 40558
0.173 40555
0.205 40534
0.205 40533
0.27 40495
0.271 40462
0.271 40450
0.273 40449
1.172 40435
1.173 40424
1.175 40423
1.177 40403
1.183 40382
1.193 40376
1.688 40347
1.689 40345
1.69 40312
1.691 40308
1.739 40279
1.74 40275
1.74 40246
1.742 40239
1.744 40225
1.744 40224
2.874 40204
2.891 40203
2.892 40188
2.893 40171
3.189 40165
3.192 40161
3.193 40132
13.177 40127
13.178 40101
13.179 40096
13.18 40073
19.665 40066
19.688 40051
24.706 40026
27.263 40022
27.275 40003
27.276 39999
27.487 39998
27.494 39985
27.494 39984
27.495 39982
27.506 39975
27.516 39972
27.517 39971
28.023 39953
28.023 39948
28.024 39945
28.028 39944
43.25 39942
43.854 39914
43.917 39906
43.92 39895
43.92 39894
43.922 39891
44.005 39889
44.011 39876
44.011 39874
44.38 39868
44.383 39866
44.661 39851
44.665 39836
44.681 39835
44.682 39831
44.682 39826
54.302 39821
54.503 39795
54.504 39794
54.504 39787
64.68 39786
64.683 39778
64.798 39776
64.802 39768
65.583 39766
65.584 39759
65.637 39721
65.897 39714
66.227 39711
66.239 39704
66.295 39649
73.212 39639
73.335 39611
73.336 39610
73.336 39609
73.348 39607
73.445 39596
73.449 39590
73.449 39565
73.451 39563
78.995 39538
79.011 39537
79.021 39534
79.896 39533
79.896 39528
79.901 39527
79.905 39519
79.908 39509
83.619 39503
83.644 39498
83.644 39495
89.144 39494
89.148 39488
96.232 39479
96.247 39475
96.252 39470
107.936 39468
108.1 39463
108.112 39453
108.141 39440
110.136 39437
111.067 39435
111.071 39427
112.701 39417
113.237 39414
113.24 39413
113.243 39412
113.289 39406
113.292 39404
146.692 39401
167.294 39400
