0.018 148581
0.019 148580
0.02 148468
0.021 148461
0.025 148451
0.025 148450
0.026 148445
0.027 148426
0.028 148423
0.029 148415
0.03 148412
0.031 148411
0.032 148408
0.035 148406
0.037 147505
0.038 147477
0.038 147452
0.048 147309
0.05 147301
0.056 147299
0.056 147131
0.057 147130
0.057 146690
0.061 146684
0.061 146683
0.064 146682
0.068 146662
0.07 146659
0.072 146572
0.072 146535
0.074 146530
0.081 146158
0.087 146103
0.088 146009
0.089 146006
0.091 146000
0.093 145998
0.1 145829
0.101 145798
0.101 145787
0.102 145786
0.102 145784
0.102 145783
0.103 145673
0.103 145671
0.107 145514
0.109 144940
0.11 144938
0.111 144937
0.118 144936
0.12 144825
0.126 144821
0.131 144393
0.132 144392
0.134 144390
0.135 144381
0.143 144056
0.144 144039
0.152 143957
0.154 143733
0.18 143721
0.181 143719
0.184 143717
0.189 143523
0.228 143483
0.23 143424
0.231 143415
0.233 143392
0.234 143371
0.238 143356
0.238 143353
0.239 143337
0.239 143322
0.24 143321
0.242 143304
0.251 143294
0.252 142957
0.255 142953
0.272 142946
0.273 142945
0.274 142922
0.277 142920
0.278 142919
0.278 142918
0.279 142916
0.292 142676
0.293 142588
0.294 142585
0.304 142583
0.306 142582
0.367 142321
0.37 142317
0.374 142313
0.397 142229
0.398 142227
0.399 142212
0.4 142210
0.405 142200
0.405 142199
0.406 142196
0.406 142195
0.409 142151
0.411 142144
0.411 142143
0.412 142132
0.413 142128
0.414 142079
0.421 142072
0.422 142063
0.456 142020
0.459 142013
0.462 142010
0.463 142008
0.463 142006
0.465 141997
0.49 141991
0.491 141984
0.493 141981
0.494 141960
0.497 141954
0.502 141953
0.503 141947
0.504 141906
0.508 141904
0.509 141901
0.51 141898
0.54 141896
0.542 141894
0.544 141873
0.544 141869
0.606 141706
0.658 141653
0.659 141641
0.659 141637
0.661 141636
0.665 141594
0.666 141592
0.669 141587
0.67 141584
0.67 141571
0.672 141570
0.674 141566
0.676 141563
0.677 141557
0.678 141545
0.694 141543
0.695 141535
0.695 141533
0.717 141531
0.719 141530
0.72 141500
0.72 141480
0.721 141462
0.723 141459
0.821 141449
0.822 141432
0.824 141429
0.827 141428
0.829 141423
0.881 141421
0.884 141419
0.885 141415
0.911 141361
0.913 141328
0.918 141325
0.919 141293
0.956 141290
0.958 141267
0.959 141262
0.96 141260
0.961 141229
1.01 141199
1.032 141198
1.032 141191
1.06 141158
1.332 141144
1.333 141128
1.343 141115
1.344 141113
1.348 141109
1.353 141108
1.354 141105
1.37 141088
1.371 141087
1.372 141077
1.456 141063
1.457 141060
1.46 141057
1.469 141056
1.524 141011
1.525 140983
1.527 140970
1.538 140954
1.541 140864
1.542 140863
1.545 140861
1.547 140841
1.548 140820
1.551 140812
1.555 140811
1.558 140809
1.559 140803
1.559 140795
1.677 140750
1.677 140749
1.681 140669
1.694 140662
1.696 140661
1.697 140659
1.823 140645
1.84 140618
1.841 140596
1.863 140580
1.865 140506
1.87 140502
1.874 140486
1.882 140471
1.884 140405
1.985 140401
1.992 140399
1.993 140387
2.011 140373
2.401 140353
2.402 140345
2.416 140336
2.417 140321
2.421 140318
2.424 140311
2.425 140304
2.426 140302
2.427 140299
2.428 140295
2.448 140293
2.45 140247
2.45 140245
2.451 140242
2.453 140236
2.454 140192
2.455 140178
2.457 140162
2.458 140161
2.461 140155
2.462 140154
2.462 140152
2.463 140131
2.581 140120
2.581 140103
2.587 140084
2.589 140064
2.6 140018
2.605 140002
2.607 139991
2.608 139990
2.609 139989
2.61 139980
2.673 139939
2.7 139935
2.701 139934
2.702 139925
2.707 139922
2.708 139914
2.713 139905
2.762 139898
2.763 139888
2.764 139886
3.19 139872
3.191 139863
3.192 139859
3.377 139852
3.378 139846
3.379 139832
10.633 139828
10.635 139827
10.89 139812
10.893 139788
10.894 139781
17.163 139780
17.165 139770
17.167 139767
17.942 139748
17.942 139738
17.944 139735
17.945 139727
20.192 139705
20.198 139676
20.2 139671
20.202 139670
20.203 139668
20.204 139667
24.895 139663
24.9 139662
24.901 139657
25.077 139653
25.078 139647
25.085 139632
25.086 139614
25.087 139610
25.087 139607
25.088 139584
25.089 139575
25.093 139570
25.093 139569
25.106 139559
25.108 139552
25.109 139550
25.122 139545
25.124 139543
25.124 139539
25.126 139531
25.127 139525
33.53 139524
33.531 139522
33.532 139518
33.537 139512
44.45 139488
44.451 139482
44.452 139481
44.452 139480
44.453 139478
60.446 139466
60.447 139455
61.581 139454
63.579 139449
63.58 139448
63.583 139446
63.585 139440
63.605 139438
63.608 139435
63.611 139434
63.614 139432
77.774 139417
77.776 139415
77.778 139413
115.734 139412
115.738 139411
115.97 139405
115.973 139403
115.974 139402
115.975 139397
115.98 139387
115.983 139385
116.002 139380
116.003 139377
116.1 139376
116.102 139375
116.104 139369
116.104 139365
116.317 139361
121.32 139359
121.321 139357
121.322 139356
121.33 139350
121.33 139342
121.486 139341
126.815 139339
127.395 139336
127.397 139334
137.716 139330
141.07 139328
141.072 139326
141.228 139320
142.121 139315
142.697 139313
142.698 139309
142.698 139308
142.703 139306
151.718 139300
153.301 139297
153.304 139295
153.316 139292
153.339 139291
161.878 139290
161.948 139289
161.95 139287
161.951 139281
163.402 139280
165.592 139279
165.593 139278
165.597 139276
165.611 139274
165.613 139272
165.618 139270
165.619 139269
171.91 139268
173.811 139262
187.177 139260
187.477 139257
187.477 139255
187.491 139253
187.507 139247
194.938 139246
218.436 139244
218.442 139243
218.447 139242
218.455 139241
226.813 139236
238.974 139235
242.894 139227
242.911 139226
242.93 139224
242.952 139223
242.953 139222
