0.024 181337
0.024 181306
0.025 181296
0.027 181225
0.03 181224
0.031 180945
0.032 180930
0.034 180903
0.035 180880
0.041 180803
0.042 180801
0.045 180570
0.047 180514
0.057 180510
0.057 180507
0.058 180506
0.06 180476
0.088 180435
0.092 180396
0.092 180387
0.095 180176
0.099 180175
0.101 180144
0.103 180125
0.103 180099
0.105 180087
0.112 179625
0.113 179609
0.113 179585
0.115 179537
0.119 179535
0.121 179493
0.123 179485
0.123 179483
0.127 179480
0.137 179450
0.141 179319
0.143 179310
0.144 179284
0.152 179280
0.154 179270
0.167 179223
0.168 179173
0.169 179151
0.17 179144
0.173 179028
0.174 178952
0.175 178947
0.179 178935
0.18 178899
0.181 178847
0.183 178776
0.184 178654
0.186 178625
0.188 178560
0.189 178556
0.193 178554
0.194 178545
0.194 178533
0.198 178527
0.198 178484
0.203 178440
0.205 178438
0.209 178418
0.21 178397
0.211 178356
0.213 178353
0.213 178280
0.221 178267
0.222 178232
0.266 178201
0.271 178186
0.291 178183
0.303 178177
0.306 178109
0.308 178074
0.329 178044
0.333 177867
0.335 177863
0.343 177840
0.348 177796
0.349 177795
0.354 177753
0.355 177746
0.37 177724
0.37 177694
0.373 177638
0.428 177636
0.429 177610
0.43 177608
0.498 177562
0.5 177558
0.5 177551
0.505 177535
0.51 177533
0.519 177485
0.525 177481
0.542 177467
0.554 177464
0.556 177458
0.56 177453
0.56 177451
0.562 177449
0.565 177446
0.568 177408
0.599 177400
0.605 177351
0.607 177320
0.694 177272
0.695 177229
0.759 177183
0.782 177171
0.79 177166
0.795 177158
0.833 177135
0.834 177101
0.835 177044
1.213 177040
1.227 176948
1.228 176944
1.267 176918
1.268 176881
1.296 176848
1.361 176808
1.361 176805
1.362 176804
1.364 176801
1.368 176790
1.371 176781
1.371 176750
1.408 176646
1.409 176644
1.41 176629
1.424 176579
1.427 176555
1.427 176530
1.435 176492
1.437 176422
1.44 176418
1.442 176380
1.653 176355
1.66 176325
1.665 176222
1.671 176196
1.676 176176
1.68 176153
1.706 176079
1.754 176066
1.798 176038
1.8 176014
1.805 176008
1.814 175985
1.815 175959
1.888 175954
1.89 175951
1.965 175945
1.966 175886
1.967 175880
1.969 175875
2.211 175864
2.213 175855
2.213 175852
2.217 175838
2.217 175825
2.22 175820
2.227 175790
2.231 175775
2.232 175759
2.236 175751
2.237 175739
2.237 175735
2.245 175672
2.275 175622
2.281 175621
2.291 175619
2.294 175598
2.301 175589
2.301 175584
2.302 175515
2.315 175512
2.318 175505
2.323 175500
2.35 175495
2.359 175488
2.361 175467
2.361 175457
2.376 175450
2.377 175449
2.378 175446
2.388 175439
2.388 175438
2.398 175437
2.405 175416
2.407 175411
2.417 175390
2.425 175387
2.428 175379
2.429 175377
2.438 175373
2.443 175357
2.445 175356
2.447 175334
2.447 175326
2.454 175313
2.816 175310
2.836 175281
2.838 175267
2.839 175250
4.557 175246
4.558 175236
4.56 175217
4.56 175205
5.779 175201
5.782 175183
7.838 175085
7.843 175027
7.843 175011
7.845 175009
7.863 174999
7.899 174977
7.904 174958
11.562 174951
11.568 174926
11.569 174918
11.572 174917
11.573 174902
11.576 174897
11.579 174893
11.587 174884
11.59 174883
11.594 174880
11.606 174878
11.608 174871
11.609 174869
13.879 174855
13.88 174849
13.882 174830
13.889 174796
14.568 174792
15.123 174707
15.169 174676
15.172 174665
15.173 174660
15.346 174623
15.352 174611
18.111 174599
18.112 174598
18.116 174593
18.84 174590
18.843 174585
18.844 174584
18.847 174576
21.367 174569
22.553 174549
22.566 174548
22.567 174544
22.571 174539
22.572 174473
22.576 174461
22.577 174460
22.585 174450
22.586 174446
22.589 174445
22.605 174436
22.606 174433
22.606 174423
25.401 174418
27.105 174411
27.106 174406
27.107 174399
30.418 174397
30.419 174381
30.429 174349
30.432 174343
30.444 174335
30.446 174331
30.45 174327
30.452 174320
30.457 174284
30.473 174274
30.476 174257
30.477 174244
30.501 174241
30.505 174212
30.508 174202
30.51 174185
32.1 174179
32.1 174167
32.102 174160
32.111 174147
32.112 174122
32.113 174121
32.115 174120
32.116 174119
32.117 174116
32.123 174110
32.123 174107
32.126 174105
32.135 174099
32.234 174079
32.234 174073
32.236 174062
32.243 174052
32.243 174051
41.745 174024
41.765 174019
41.767 173979
41.771 173977
41.773 173964
44.011 173929
44.014 173916
44.015 173903
44.018 173886
44.024 173855
44.034 173853
44.035 173852
44.038 173851
61.48 173819
61.488 173815
61.49 173814
70.539 173809
70.54 173792
70.548 173791
70.566 173789
70.688 173776
70.698 173775
70.698 173769
70.704 173762
70.742 173758
70.744 173757
70.745 173752
70.802 173750
70.803 173745
70.808 173744
70.809 173743
70.812 173740
70.834 173738
113.576 173729
144.204 173727
144.214 173724
144.603 173720
144.606 173718
144.625 173717
147.203 173714
147.35 173709
147.352 173708
147.363 173704
147.365 173703
147.386 173699
147.414 173695
192.028 173694
192.045 173693
192.632 173686
192.634 173685
192.848 173684
192.898 173677
192.9 173676
192.906 173675
192.916 173674
192.932 173671
193.035 173669
193.095 173665
193.103 173662
194.6 173658
194.622 173657
194.704 173655
194.713 173654
194.72 173652
194.918 173651
194.928 173649
194.953 173648
195.042 173646
195.064 173642
195.709 173633
195.709 173630
195.938 173629
195.943 173627
196.104 173624
196.301 173622
196.319 173621
196.324 173618
196.392 173615
196.412 173613
196.432 173611
196.604 173608
196.605 173596
196.61 173591
196.694 173587
196.698 173586
196.727 173585
196.77 173582
196.797 173580
196.817 173578
196.817 173573
197.059 173570
197.071 173568
197.077 173561
197.088 173559
197.431 173552
197.438 173550
197.464 173543
197.468 173542
197.497 173541
197.564 173539
197.603 173538
197.608 173536
197.618 173534
198.762 173529
198.875 173523
198.952 173522
198.958 173521
200.703 173510
200.705 173502
200.735 173500
200.78 173499
200.782 173497
200.788 173494
200.791 173493
201.053 173492
201.054 173491
201.059 173487
201.06 173473
201.081 173469
205.603 173467
205.604 173466
214.81 173465
214.836 173463
214.84 173462
214.845 173461
214.926 173459
214.948 173458
217.496 173451
217.5 173448
218.936 173447
218.937 173444
224.119 173443
233.009 173442
233.015 173441
233.017 173438
233.149 173437
233.158 173432
233.162 173431
233.162 173428
233.171 173427
233.183 173426
235.254 173415
236.839 173414
237.277 173413
237.288 173412
237.614 173404
240.966 173403
240.977 173402
241.415 173400
241.617 173399
241.778 173398
241.779 173396
241.957 173393
241.986 173390
242.011 173389
