0.02 148547
0.02 148546
0.021 148528
0.021 148525
0.021 148492
0.022 148491
0.037 148443
0.039 148388
0.039 148373
0.041 148372
0.041 148368
0.046 147921
0.049 147740
0.05 147725
0.051 147722
0.056 147562
0.058 147560
0.062 147558
0.063 147556
0.064 147527
0.064 147526
0.065 147471
0.067 146482
0.069 146479
0.07 146478
0.071 146474
0.071 146468
0.072 146464
0.073 146462
0.075 146097
0.076 146090
0.077 146089
0.078 146076
0.08 145936
0.08 145935
0.081 145243
0.082 145236
0.084 145233
0.084 145232
0.084 145208
0.088 145178
0.089 145171
0.09 145157
0.092 145052
0.094 144821
0.095 144819
0.096 144803
0.097 144800
0.1 144613
0.107 144583
0.111 144582
0.112 144571
0.134 144555
0.148 144325
0.149 144323
0.162 144318
0.163 144316
0.165 144302
0.169 144289
0.179 143857
0.181 143844
0.181 143836
0.182 143825
0.183 143821
0.183 143815
0.184 143812
0.185 143786
0.221 143620
0.221 143517
0.226 143515
0.228 143506
0.228 143503
0.232 143500
0.245 143483
0.248 143478
0.248 143475
0.253 143258
0.256 143235
0.257 143226
0.271 143112
0.272 143096
0.272 143084
0.273 143072
0.275 143071
0.277 142819
0.278 142817
0.279 142813
0.281 142804
0.286 142773
0.296 142772
0.301 142761
0.301 142760
0.302 142753
0.303 142745
0.303 142744
0.304 142722
0.306 142721
0.355 142719
0.357 142712
0.386 142695
0.386 142693
0.386 142690
0.387 142668
0.388 142666
0.408 142663
0.409 142658
0.421 142634
0.427 142613
0.427 142610
0.436 142576
0.438 142560
0.44 142558
0.444 142344
0.447 142342
0.449 142324
0.468 142322
0.56 142191
0.561 142172
0.563 142154
0.564 142146
0.565 142078
0.566 142077
0.567 141817
0.568 141799
0.569 141714
0.571 141708
0.579 141671
0.58 141669
0.582 141655
0.584 141654
0.585 141651
0.588 141606
0.591 141593
0.684 141572
0.685 141546
0.686 141534
0.687 141500
0.696 141499
0.697 141485
0.698 141473
0.713 141453
0.744 141447
0.747 141443
0.748 141436
0.749 141432
0.75 141430
0.751 141416
0.761 141412
0.762 141406
0.762 141403
0.767 141402
0.771 141394
0.772 141391
0.772 141387
0.773 141374
0.774 141370
0.796 141349
0.8 141347
0.8 141344
0.801 141342
0.801 141336
0.804 141330
0.806 141299
0.815 141267
0.817 141264
0.826 141251
0.832 141216
0.833 141211
0.833 141204
0.835 141202
0.836 141199
0.836 141198
0.865 141185
0.867 141180
0.868 141179
0.879 141165
0.88 141159
0.9 141155
0.901 141151
0.903 141139
0.906 141138
0.907 141131
1.062 140951
1.084 140941
1.084 140940
1.085 140939
1.086 140932
1.087 140922
1.087 140914
1.096 140912
1.099 140891
1.103 140887
1.219 140872
1.22 140866
1.281 140862
1.281 140851
1.283 140847
1.283 140845
1.286 140829
1.29 140828
1.532 140826
1.575 140823
1.589 140822
1.594 140813
1.595 140805
1.596 140800
1.596 140799
1.6 140794
1.601 140793
1.606 140788
1.642 140787
1.644 140783
1.645 140778
1.646 140765
1.646 140745
1.647 140736
1.648 140735
1.649 140734
1.649 140722
1.829 140708
1.88 140705
1.882 140701
1.884 140699
1.885 140695
1.892 140689
1.894 140686
1.894 140680
1.894 140677
1.895 140675
1.899 140617
3.102 140615
3.103 140614
3.104 140604
3.105 140595
3.109 140583
3.111 140582
3.111 140570
4.236 140563
4.242 140466
4.243 140465
4.25 140464
4.251 140450
4.253 140441
4.253 140426
4.394 140341
4.396 140338
4.397 140335
4.398 140334
4.401 140333
4.41 140289
4.41 140288
4.413 140286
4.519 140273
4.52 140266
4.521 140264
4.555 140259
4.556 140258
4.556 140248
4.559 140247
4.817 140217
4.818 140216
4.835 140201
4.846 140198
5.229 140196
5.23 140195
5.233 140191
5.406 140190
5.408 140184
5.41 140176
5.412 140170
5.826 140120
5.827 140107
5.828 140097
5.838 140094
5.841 140092
5.845 140089
5.86 140086
5.862 140085
5.862 140084
6.247 140080
6.418 140068
6.419 140060
6.422 140052
6.436 140046
7.5 140040
7.501 140032
7.502 140029
7.683 140024
7.683 140019
8.669 140018
8.671 140010
8.671 140009
8.671 140008
8.673 140007
8.791 139947
8.793 139946
8.794 139940
8.797 139939
8.798 139933
8.799 139928
13.442 139906
13.444 139896
13.444 139882
13.511 139880
13.528 139879
13.528 139877
13.529 139875
13.53 139855
13.531 139843
13.532 139842
13.534 139840
13.535 139835
13.536 139834
16.502 139827
16.539 139824
16.81 139811
16.82 139790
16.836 139789
16.836 139779
16.837 139775
16.841 139733
16.842 139730
16.849 139717
16.869 139716
16.973 139698
16.98 139688
17.694 139682
17.709 139661
17.71 139656
17.712 139654
17.714 139650
18.758 139649
18.759 139648
18.76 139621
19.457 139606
19.457 139592
19.458 139590
19.46 139587
69.273 139586
70.583 139583
70.586 139577
72.723 139559
72.741 139558
72.746 139551
72.748 139538
72.75 139530
72.806 139529
72.807 139526
72.81 139514
77.881 139509
77.892 139497
77.895 139463
77.895 139461
83.956 139457
83.958 139451
83.962 139447
83.965 139436
83.993 139433
92.498 139427
92.498 139415
93.435 139413
93.436 139406
93.438 139400
94.23 139398
94.233 139384
94.277 139378
94.278 139373
94.284 139372
119.182 139370
119.186 139368
119.187 139361
119.19 139360
119.202 139355
119.209 139354
119.209 139353
119.21 139352
119.211 139351
119.213 139350
119.218 139349
119.222 139347
120.599 139344
120.6 139343
122.741 139342
122.742 139336
122.745 139335
122.851 139333
122.858 139331
122.859 139324
122.863 139323
122.873 139318
127.198 139312
144.533 139310
144.536 139309
144.54 139308
144.543 139304
144.543 139301
144.543 139298
157.985 139297
158.036 139292
158.038 139289
167.727 139284
167.728 139280
167.732 139278
167.826 139277
168.938 139276
168.944 139274
168.945 139270
168.95 139268
168.95 139267
168.953 139264
168.954 139263
172.211 139261
172.218 139259
172.221 139257
172.226 139253
172.238 139247
172.251 139241
200.786 139240
200.824 139239
215.735 139238
220.506 139237
220.508 139227
220.515 139224
227.7 139222
227.849 139221
227.866 139215
227.874 139213
