0.03 65489
0.03 65462
0.031 65356
0.031 65336
0.032 65330
0.033 65319
0.034 65313
0.034 65312
0.035 65272
0.035 65249
0.039 65211
0.041 65209
0.041 65194
0.044 65186
0.046 65164
0.047 65134
0.048 65133
0.048 65128
0.053 65076
0.057 65073
0.058 65070
0.06 65042
0.061 64884
0.063 64883
0.063 64878
0.07 64859
0.07 64857
0.073 64854
0.074 64850
0.075 64848
0.077 64839
0.077 64836
0.079 64755
0.08 64730
0.083 64725
0.088 64704
0.091 64690
0.091 64683
0.101 64673
0.103 64661
0.121 64642
0.141 64632
0.212 64629
0.213 64624
0.214 64599
0.215 64593
0.22 64525
0.23 64518
0.233 64492
0.336 64476
0.336 64454
0.338 64451
0.343 64433
0.344 64428
0.344 64427
0.345 64418
0.565 64398
0.566 64382
0.901 64325
0.904 64249
0.905 64240
0.908 64232
0.993 64229
1.2 64225
1.201 64220
1.203 64210
1.204 64207
1.213 64185
1.223 64170
1.228 64167
1.229 64159
1.268 64121
1.269 64077
1.27 64061
1.274 64060
1.276 64045
2.542 64044
2.542 64043
2.543 64033
2.547 64021
2.695 64010
2.695 64009
4.699 64007
5.011 64003
5.012 64001
5.038 63972
5.041 63970
5.042 63969
5.042 63961
5.071 63952
5.072 63931
5.073 63913
5.158 63865
5.16 63851
5.164 63842
5.279 63812
5.281 63811
5.283 63791
5.289 63782
5.289 63781
5.335 63760
5.345 63743
5.35 63710
5.433 63708
5.448 63706
5.449 63705
23.044 63704
23.053 63688
23.056 63672
23.057 63667
27.421 63648
27.422 63643
27.425 63639
27.43 63636
27.431 63626
39.185 63621
39.185 63617
39.189 63599
39.193 63591
39.205 63585
39.354 63575
39.355 63555
39.359 63548
39.368 63541
39.369 63519
40.597 63502
46.259 63492
46.268 63489
46.858 63465
51.56 63439
51.56 63432
51.562 63419
51.564 63409
51.601 63400
51.631 63388
51.696 63386
51.699 63378
51.702 63375
51.726 63370
51.726 63351
51.768 63342
51.772 63315
51.774 63312
51.775 63308
51.778 63300
51.781 63299
51.782 63296
51.782 63283
51.783 63273
69.02 63271
69.023 63237
69.054 63225
69.057 63219
69.089 63216
69.658 63189
69.659 63173
69.662 63171
75.894 63162
75.897 63160
75.898 63157
75.899 63149
75.9 63148
75.907 63140
92.408 63131
92.409 63130
92.44 63126
92.45 63121
92.45 63115
92.452 63109
92.574 63108
92.577 63099
92.578 63097
92.58 63092
94.353 63087
94.354 63064
94.37 63053
94.375 63049
94.381 63044
94.382 63042
94.383 63036
94.399 63035
94.464 63018
94.467 62990
95.099 62989
95.11 62982
95.127 62978
96.056 62952
96.06 62949
96.205 62948
96.234 62947
96.237 62942
96.238 62938
96.269 62931
96.271 62894
96.277 62893
109.351 62892
122.832 62888
122.992 62887
122.997 62885
123.04 62877
123.042 62876
123.047 62871
123.048 62867
123.066 62866
123.074 62865
123.074 62857
123.076 62856
125.272 62854
125.314 62842
125.317 62840
125.356 62837
125.365 62835
125.369 62832
125.371 62822
125.374 62821
151.553 62806
157.965 62803
158.206 62801
158.208 62800
158.212 62797
165.135 62794
174.221 62791
174.222 62789
174.227 62786
178.415 62785
178.423 62783
