0.036 128102
0.037 128099
0.037 128073
0.038 128070
0.039 128037
0.04 128036
0.042 128017
0.042 127991
0.049 127990
0.05 127868
0.056 127858
0.058 127852
0.058 127835
0.059 127783
0.06 127778
0.062 127733
0.075 127691
0.076 127645
0.078 127640
0.094 127504
0.095 127472
0.095 127438
0.111 127426
0.117 127299
0.117 127268
0.126 127158
0.13 127151
0.132 127131
0.137 127124
0.138 127121
0.155 127111
0.156 127106
0.159 127070
0.159 127066
0.161 127045
0.189 127013
0.19 126994
0.202 126971
0.205 126934
0.211 126930
0.252 126896
0.335 126769
0.346 126693
0.348 126689
0.408 126663
0.469 126658
0.47 126551
0.491 126425
0.493 126408
0.528 126390
0.534 126328
0.535 126311
0.542 126306
0.543 126300
0.545 126287
0.546 126286
0.554 126273
0.556 126272
0.556 126265
0.564 126217
0.568 126213
0.598 126207
0.599 126197
0.6 126192
0.601 126167
0.72 126096
0.724 126053
0.725 126051
0.726 125966
0.728 125959
0.729 125923
0.734 125899
1.417 125898
1.418 125896
1.422 125866
1.425 125862
1.425 125856
1.427 125846
1.429 125839
1.429 125830
1.47 125801
1.47 125800
1.473 125786
1.474 125759
1.48 125756
1.481 125755
1.482 125740
1.485 125735
1.486 125734
1.487 125728
1.488 125722
1.492 125703
1.5 125699
1.504 125698
5.025 125654
7.614 125614
7.619 125599
7.623 125598
7.628 125543
8.986 125515
11.129 125510
11.129 125498
11.996 125485
12.002 125481
12.004 125467
12.018 125463
12.019 125460
12.085 125457
12.168 125448
12.173 125445
12.29 125436
12.413 125397
12.414 125330
12.415 125328
12.415 125314
12.424 125304
12.426 125293
12.427 125276
12.431 125261
12.432 125256
12.433 125238
12.436 125230
12.437 125220
12.438 125193
12.44 125188
12.44 125148
12.441 125125
12.442 125121
12.443 125107
25.441 125106
25.457 125104
25.458 125076
25.463 125020
25.469 125019
25.471 125016
25.685 125003
25.692 124977
25.766 124969
25.768 124968
33.401 124967
39.7 124928
41.237 124926
41.238 124924
41.241 124923
41.241 124914
41.25 124890
41.25 124889
41.251 124888
41.256 124887
41.257 124886
41.259 124884
58.221 124839
58.224 124777
58.232 124772
58.235 124770
58.832 124768
72.898 124754
72.899 124736
72.9 124731
72.902 124722
72.903 124716
72.994 124713
72.996 124707
73.013 124706
73.124 124688
73.148 124681
82.965 124618
82.966 124616
85.293 124612
85.751 124609
85.754 124605
85.777 124583
85.804 124579
93.219 124516
93.22 124510
94.507 124487
98.403 124484
98.412 124479
98.717 124476
100.036 124474
100.041 124472
100.042 124457
100.41 124450
100.57 124448
100.753 124421
100.755 124420
100.761 124416
100.763 124415
100.807 124409
103.537 124405
106.251 124403
106.251 124399
106.254 124384
106.33 124378
106.335 124376
106.384 124370
106.387 124369
106.393 124368
106.395 124355
106.414 124353
109.815 124346
109.823 124331
109.824 124330
109.836 124322
109.862 124302
109.899 124301
109.903 124300
111.145 124298
111.239 124290
111.274 124289
111.276 124287
111.277 124276
111.538 124270
111.544 124260
111.548 124259
111.548 124258
111.55 124255
111.579 124254
111.582 124253
111.685 124252
111.685 124249
111.695 124241
111.695 124240
111.7 124239
117.342 124234
117.343 124232
117.347 124231
117.352 124230
117.362 124229
117.377 124226
117.377 124225
117.383 124224
117.386 124220
117.395 124210
120.585 124205
120.961 124204
120.979 124203
121.284 124188
121.289 124172
121.294 124161
121.295 124159
121.296 124158
121.319 124157
121.323 124156
121.324 124155
121.326 124154
157.239 124153
157.254 124148
157.266 124146
157.276 124143
157.544 124137
157.546 124133
157.547 124132
181.85 124131
182.418 124126
189.296 124118
190.751 124114
190.784 124109
190.787 124108
190.798 124105
193.448 124101
194.611 124099
194.647 124096
194.656 124095
194.676 124091
194.684 124089
194.685 124086
