0.037 108173
0.038 108162
0.038 108123
0.039 108106
0.04 108093
0.04 108062
0.041 108022
0.043 108013
0.043 108012
0.045 107983
0.046 107981
0.046 107970
0.047 107968
0.047 107963
0.05 107936
0.05 107879
0.051 107878
0.052 107850
0.072 107805
0.072 107776
0.073 107773
0.074 107764
0.075 107751
0.076 107742
0.077 107710
0.077 107709
0.083 107680
0.083 107657
0.084 107655
0.085 107653
0.086 107631
0.087 107611
0.088 107610
0.089 107582
0.089 107573
0.09 107554
0.091 107547
0.102 107533
0.103 107494
0.105 107490
0.106 107466
0.107 107463
0.108 107453
0.109 107427
0.11 107344
0.11 107324
0.113 107314
0.113 107312
0.117 107295
0.244 107277
0.246 106905
0.247 106904
0.248 106896
0.251 106876
0.252 106840
0.263 106827
0.266 106825
0.267 106802
0.267 106801
0.268 106796
0.268 106758
0.271 106756
0.272 106742
0.278 106720
0.282 106642
0.283 106637
0.289 106605
0.289 106541
0.308 106526
0.309 106517
0.339 106514
0.402 106511
0.821 106500
0.824 106457
0.844 106401
0.846 106379
0.848 106361
0.85 106338
0.921 106333
0.942 106331
0.962 106324
0.964 106298
0.968 106246
0.973 106242
0.974 106239
0.974 106233
0.975 106225
0.977 106212
0.977 106211
1.139 106207
1.146 106187
1.147 106168
1.147 106129
1.15 106112
1.173 106067
1.174 106056
1.176 106050
1.179 106006
1.181 105980
1.183 105971
1.183 105968
1.714 105954
1.715 105920
1.741 105913
1.745 105889
1.745 105888
1.746 105886
1.747 105866
1.759 105861
1.761 105854
1.764 105825
2.65 105777
2.652 105773
2.655 105768
2.655 105755
2.79 105710
4.26 105704
4.271 105664
4.276 105659
4.278 105654
4.281 105641
4.283 105610
4.284 105594
4.285 105564
4.286 105561
4.287 105537
4.288 105520
4.29 105518
4.293 105508
5.04 105505
5.068 105492
5.07 105465
5.376 105461
5.376 105458
5.377 105455
5.377 105448
5.378 105408
7.745 105403
7.753 105402
7.85 105380
7.852 105348
7.861 105343
7.866 105339
8.023 105323
8.024 105320
8.026 105261
8.027 105246
8.027 105243
8.027 105241
8.028 105238
8.029 105211
8.039 105209
8.039 105202
8.041 105197
8.056 105196
8.109 105191
8.151 105182
8.152 105164
8.153 105162
8.159 105146
8.482 105136
8.488 105126
8.488 105119
8.49 105078
8.499 105041
8.503 105032
8.505 105016
8.506 105015
8.506 104988
8.51 104985
17.888 104976
17.889 104970
17.891 104957
17.894 104951
17.897 104948
17.898 104945
17.899 104944
17.9 104943
17.904 104941
17.909 104939
17.913 104937
17.921 104917
17.922 104906
17.946 104883
17.947 104876
17.948 104867
17.949 104864
17.95 104861
17.951 104856
17.951 104844
32.913 104838
32.913 104837
32.936 104830
32.95 104806
33.013 104802
33.02 104794
33.111 104791
33.114 104783
44.544 104768
44.545 104760
44.547 104751
44.548 104738
47.823 104722
47.842 104719
47.843 104706
47.843 104689
47.847 104688
47.852 104666
47.862 104663
47.866 104658
47.867 104643
47.869 104633
47.872 104631
47.877 104612
47.878 104606
47.88 104605
47.88 104602
47.882 104583
47.883 104580
47.884 104575
47.897 104574
50.019 104573
50.03 104570
50.073 104566
50.076 104565
53.229 104562
53.942 104552
53.944 104548
53.946 104531
53.947 104528
53.949 104521
53.949 104518
53.959 104512
53.96 104510
53.965 104506
53.994 104496
53.998 104494
54.076 104485
62.02 104461
62.021 104444
62.021 104434
62.041 104432
62.041 104429
62.042 104426
62.631 104414
62.639 104410
66.207 104403
66.21 104392
66.21 104353
66.212 104347
66.216 104345
66.22 104321
66.221 104320
66.23 104307
66.235 104303
66.236 104302
66.237 104301
66.238 104297
66.242 104296
66.256 104271
66.267 104259
66.268 104256
105.609 104249
106.463 104245
106.692 104241
106.693 104236
106.699 104229
106.7 104224
106.705 104211
106.706 104208
106.723 104204
106.734 104192
106.777 104190
106.781 104189
107.634 104187
107.64 104172
107.651 104171
107.652 104169
107.66 104160
107.676 104147
107.698 104138
107.705 104136
108.009 104124
108.01 104115
124.991 104112
124.993 104089
125.759 104079
125.777 104075
125.779 104072
125.784 104063
126.716 104057
126.725 104053
129.411 104052
141.078 104046
141.09 104044
141.091 104027
141.099 104023
142.893 104018
142.913 104017
142.914 104016
149.385 104013
155.963 104012
155.967 104011
156.43 104010
156.431 104009
156.454 104004
164.053 103995
164.078 103994
164.084 103990
164.089 103989
164.091 103987
164.092 103986
164.211 103985
164.215 103980
164.223 103977
164.227 103974
164.228 103972
164.571 103971
175.344 103968
175.923 103963
175.934 103962
175.938 103960
175.94 103958
175.955 103957
175.977 103956
175.98 103954
176.066 103949
176.066 103943
176.09 103937
176.1 103934
176.108 103926
176.109 103921
176.771 103914
176.773 103912
176.997 103906
177.003 103902
177.017 103900
177.776 103899
177.809 103896
225.444 103895
225.49 103893
226.167 103891
226.273 103889
226.279 103887
226.298 103886
226.363 103885
226.41 103884
227.479 103879
227.487 103878
227.487 103876
237.218 103870
237.299 103869
237.759 103867
237.764 103866
237.795 103861
237.797 103860
238.485 103853
238.535 103851
238.557 103850
238.596 103848
238.954 103847
