0.039 70127
0.039 70057
0.04 70039
0.04 69990
0.041 69989
0.041 69976
0.042 69972
0.042 69893
0.043 69874
0.044 69773
0.044 69742
0.045 69720
0.045 69640
0.046 69610
0.049 69597
0.05 69559
0.051 69558
0.052 69531
0.052 69527
0.053 69492
0.054 69487
0.056 69469
0.058 69466
0.059 69430
0.061 69379
0.062 69348
0.063 69345
0.063 69313
0.064 69285
0.076 69208
0.076 69197
0.077 69171
0.079 69122
0.081 69114
0.082 69085
0.084 69046
0.086 69024
0.092 69021
0.092 69011
0.094 68999
0.096 68952
0.099 68949
0.1 68929
0.101 68927
0.107 68870
0.109 68855
0.11 68821
0.111 68777
0.202 68753
0.203 68751
0.205 68742
0.207 68702
0.302 68685
0.322 68682
0.476 68676
0.478 68668
0.478 68663
0.479 68656
0.482 68601
0.54 68578
0.542 68566
0.587 68503
0.632 68492
0.672 68439
0.74 68424
0.742 68399
0.742 68359
0.754 68340
0.757 68335
0.759 68319
0.76 68302
0.905 68283
0.907 68275
0.913 68264
0.915 68216
0.917 68199
0.922 68192
0.96 68188
0.961 68178
1.01 68151
1.042 68150
1.046 68143
1.06 68141
1.06 68098
1.127 68023
1.132 67974
1.162 67905
1.163 67902
1.163 67895
1.164 67883
1.172 67750
1.172 67745
1.185 67716
1.199 67684
1.199 67639
1.302 67637
1.303 67629
1.356 67613
1.36 67611
1.362 67596
1.363 67591
1.373 67572
1.374 67550
1.377 67501
1.381 67476
2.012 67465
2.018 67452
2.02 67406
19.802 67389
20.168 67382
20.228 67379
20.231 67374
20.231 67365
20.237 67286
20.246 67281
20.246 67256
20.247 67243
33.647 67240
33.649 67207
33.682 67201
39.223 67194
39.223 67193
39.454 67188
39.894 67185
39.898 67172
39.932 67152
39.933 67141
40.865 67132
40.866 67118
48.93 67112
54.699 67109
54.707 67106
55.68 67089
55.688 67085
55.692 67073
56.965 67060
56.968 67057
59.209 67045
59.213 67037
59.485 67002
59.492 67000
59.493 66995
59.871 66994
59.877 66993
60.104 66983
60.106 66968
60.111 66962
60.113 66959
60.122 66949
60.136 66938
60.155 66932
60.159 66891
60.178 66875
60.181 66871
60.183 66860
60.274 66852
60.275 66828
60.318 66825
60.363 66824
65.634 66821
65.652 66798
65.655 66788
65.699 66783
65.706 66770
65.712 66766
72.467 66728
72.471 66713
72.801 66711
72.801 66707
72.809 66706
72.967 66692
72.973 66678
74.118 66677
74.119 66664
74.124 66598
74.29 66561
74.292 66559
85.528 66548
85.528 66546
86.914 66533
88.52 66509
88.53 66508
88.535 66506
88.776 66503
88.783 66490
88.784 66483
107.989 66482
109.615 66481
110.102 66469
110.107 66458
110.109 66457
110.109 66443
110.12 66437
110.121 66422
110.122 66406
110.124 66403
110.125 66399
110.159 66392
110.164 66390
110.166 66389
110.169 66388
110.171 66387
110.224 66382
114.221 66371
120.494 66364
120.495 66363
120.502 66361
120.505 66359
120.524 66356
120.531 66355
120.789 66347
120.796 66346
120.798 66336
120.8 66326
120.907 66318
120.915 66317
120.92 66316
120.938 66314
120.946 66305
144.518 66304
144.551 66302
144.563 66301
147.093 66298
147.094 66296
147.095 66288
147.097 66286
147.319 66285
147.348 66284
153.192 66283
154.552 66277
154.556 66276
154.559 66269
154.597 66261
154.813 66258
154.831 66251
154.834 66249
154.856 66239
154.872 66238
154.887 66237
156.19 66226
156.277 66224
156.282 66223
156.288 66220
156.29 66213
156.366 66210
156.386 66208
156.737 66206
173.1 66205
173.104 66204
173.138 66203
173.142 66194
173.438 66193
173.48 66191
173.482 66167
173.492 66164
173.495 66163
173.501 66161
179.661 66160
191.366 66156
191.372 66155
193.828 66150
193.846 66147
206.2 66138
211.189 66137
211.282 66135
211.294 66134
211.305 66131
