0.043 150881
0.044 150829
0.044 150657
0.045 150638
0.046 150636
0.046 150609
0.047 150607
0.048 150571
0.05 150557
0.051 150541
0.051 150476
0.052 150407
0.054 150397
0.055 150383
0.056 150158
0.057 150146
0.059 150130
0.06 150086
0.062 150037
0.063 149986
0.069 149970
0.07 149936
0.072 149920
0.073 149913
0.074 149907
0.076 149897
0.079 149875
0.091 149874
0.097 149866
0.101 149842
0.103 149693
0.124 149653
0.125 149626
0.125 149619
0.128 149584
0.131 149570
0.133 149468
0.141 149443
0.158 149441
0.16 149434
0.161 149428
0.24 149422
0.262 149399
0.313 149398
0.314 149383
0.318 149357
0.345 149332
0.347 149329
0.36 149322
0.361 149292
0.361 149288
0.368 149273
0.369 149102
0.374 149101
0.383 149096
0.384 149087
0.391 149085
0.392 149083
0.417 149036
0.418 149035
0.42 149022
0.422 148988
0.44 148959
0.446 148935
0.448 148908
0.448 148906
0.449 148904
0.453 148890
0.455 148871
0.455 148868
0.624 148853
0.625 148852
0.627 148836
0.628 148829
0.63 148824
0.634 148805
0.634 148762
0.64 148724
0.744 148647
0.755 148498
0.757 148485
0.765 148457
0.773 148436
0.773 148424
0.778 148384
0.78 148378
0.783 148374
0.787 148370
0.789 148348
1.396 148308
1.4 148263
1.403 148245
1.404 148179
1.414 148165
1.515 148152
1.516 148054
1.518 148052
1.519 147957
1.52 147953
1.529 147947
1.533 147946
1.535 147925
1.535 147923
1.536 147916
1.634 147897
1.635 147888
1.638 147887
1.639 147883
1.645 147813
1.646 147808
1.672 147807
1.673 147793
1.673 147786
1.674 147785
1.676 147759
1.677 147758
2.481 147744
2.481 147713
2.483 147692
2.484 147580
2.489 147565
2.491 147545
2.492 147544
2.492 147533
2.492 147527
2.493 147522
2.494 147521
2.811 147516
3.426 147485
4.486 147470
4.488 147458
5.275 147454
5.315 147439
5.323 147433
5.325 147431
5.325 147379
5.325 147377
5.326 147375
5.331 147346
5.334 147316
5.336 147306
5.337 147295
5.38 147279
5.388 147272
5.394 147270
5.396 147257
5.396 147253
5.407 147246
5.433 147241
5.434 147238
5.434 147227
5.435 147222
5.435 147209
5.436 147186
5.437 147170
5.438 147162
8.11 147159
8.141 147134
8.143 147126
8.145 147117
8.146 147116
8.152 147114
8.153 147112
8.16 147109
8.163 147107
9.628 147100
9.633 147098
9.647 147083
10.827 147045
11.488 146994
11.49 146977
11.491 146967
11.499 146964
12.743 146963
12.745 146958
12.745 146942
19.167 146881
21.615 146880
21.622 146875
21.623 146868
21.627 146863
21.628 146861
22.245 146858
22.249 146843
22.683 146820
22.698 146808
22.821 146798
22.823 146786
22.828 146773
22.829 146771
22.831 146768
22.832 146727
23.651 146706
27.412 146697
27.416 146682
27.417 146680
27.852 146658
27.854 146643
27.855 146638
29.032 146610
29.036 146600
29.038 146594
29.039 146574
30.532 146573
42.687 146562
42.692 146560
43.153 146551
43.161 146549
43.161 146548
43.163 146536
43.169 146523
43.17 146522
43.17 146498
43.346 146497
43.348 146490
43.349 146488
43.353 146483
43.353 146474
43.354 146466
43.36 146425
43.362 146424
43.367 146422
43.371 146421
43.375 146417
43.409 146414
43.413 146383
43.413 146382
43.415 146314
43.415 146312
43.42 146310
43.437 146308
43.439 146304
43.441 146297
52.604 146233
52.605 146229
53.902 146226
53.907 146202
53.943 146192
53.945 146178
54.045 146175
54.048 146164
54.05 146157
54.079 146154
54.079 146147
54.08 146145
54.084 146137
54.118 146129
54.131 146128
54.133 146126
54.135 146125
54.14 146118
54.142 146094
54.152 146076
54.156 146069
54.158 146067
54.162 146063
54.165 146057
66.877 146056
67.408 146048
67.467 146044
67.467 146042
67.512 146038
67.515 146029
67.518 146028
67.519 146024
67.536 146011
67.669 145998
67.683 145988
67.691 145979
67.691 145972
68.852 145970
71.223 145959
71.225 145948
71.226 145937
76.467 145933
76.469 145925
76.472 145897
76.555 145894
76.813 145892
76.82 145889
76.828 145868
76.903 145861
76.905 145855
77.153 145837
77.171 145833
77.173 145828
77.175 145823
79.356 145815
79.361 145814
79.731 145801
79.733 145788
79.733 145784
79.735 145782
79.758 145771
79.759 145761
80.106 145755
80.107 145742
80.109 145741
80.11 145740
80.218 145735
80.219 145733
80.238 145729
80.251 145725
80.251 145724
80.255 145708
80.26 145706
80.811 145705
80.812 145700
80.813 145696
80.84 145695
80.849 145684
80.853 145682
80.854 145680
80.867 145674
80.876 145665
81.06 145662
81.063 145653
81.064 145649
81.065 145647
81.065 145643
82.963 145637
82.988 145636
83.098 145625
83.112 145624
83.116 145609
83.121 145600
83.124 145568
83.125 145560
83.126 145556
83.179 145542
83.18 145540
83.181 145538
83.283 145532
83.299 145522
83.31 145513
83.322 145511
83.624 145507
83.629 145481
83.633 145480
83.641 145478
83.663 145475
83.675 145474
83.697 145470
83.699 145459
83.703 145441
83.716 145440
83.717 145435
83.72 145431
83.726 145427
83.73 145426
86.172 145423
86.176 145421
86.215 145420
86.217 145413
86.503 145409
86.506 145408
86.506 145405
86.513 145402
86.515 145395
86.517 145391
88.402 145380
88.406 145373
88.414 145372
88.414 145370
88.415 145367
88.741 145363
88.743 145354
88.756 145341
88.757 145339
88.774 145337
90.239 145333
90.583 145325
90.59 145322
90.591 145285
90.867 145259
90.868 145254
91.409 145241
91.94 145239
91.943 145234
91.944 145229
91.96 145228
95.854 145221
95.876 145216
95.877 145214
95.88 145213
95.892 145210
99.013 145195
99.015 145194
99.07 145189
99.078 145185
99.08 145178
99.163 145173
99.396 145160
99.4 145154
99.401 145153
99.411 145148
99.463 145143
99.558 145140
99.566 145136
99.83 145132
99.83 145121
99.844 145120
99.865 145114
99.879 145112
99.881 145109
100.796 145104
100.8 145102
100.803 145101
100.803 145092
100.812 145088
100.841 145081
100.966 145074
101.03 145073
101.03 145069
101.036 145068
101.047 145054
101.525 145053
117.818 145048
117.82 145044
117.823 145041
117.831 145030
117.834 145028
120.235 145026
120.236 145023
120.241 145022
120.241 145019
120.251 145012
121.107 145011
121.116 145007
125.127 145005
125.129 145003
125.146 144998
125.159 144993
127.493 144992
127.527 144990
127.658 144985
127.702 144980
127.712 144977
127.74 144976
127.74 144975
127.744 144973
128.071 144972
128.263 144969
128.283 144968
128.286 144967
152.186 144957
152.186 144955
152.189 144953
152.193 144952
152.196 144951
152.212 144947
152.255 144946
152.31 144941
152.312 144939
152.345 144929
153.723 144926
153.727 144915
153.727 144899
153.728 144898
153.729 144895
153.729 144894
153.769 144889
156.111 144888
156.119 144887
159.267 144882
159.297 144878
159.921 144871
159.928 144870
159.935 144869
159.963 144868
159.985 144866
160.882 144864
160.894 144863
161.339 144860
161.347 144856
161.367 144854
161.367 144852
161.378 144850
161.379 144849
161.379 144848
161.4 144846
161.439 144844
161.439 144842
161.476 144841
161.5 144840
161.541 144838
164.745 144837
164.75 144827
165.089 144820
165.093 144818
165.393 144816
165.397 144809
165.4 144807
165.433 144805
165.46 144798
165.475 144790
165.523 144789
174.88 144787
182.278 144786
182.28 144785
182.281 144784
182.283 144783
182.311 144782
182.362 144781
182.433 144780
182.436 144779
182.446 144778
182.447 144774
182.448 144772
182.45 144771
182.466 144769
183.138 144767
183.155 144766
183.205 144765
183.765 144763
183.866 144761
184.194 144758
184.201 144756
184.204 144752
184.205 144751
184.218 144750
184.937 144749
202.709 144748
202.709 144747
