0.048 93970
0.048 93959
0.049 93909
0.051 93852
0.052 93838
0.052 93829
0.053 93821
0.054 93803
0.055 93798
0.056 93786
0.056 93730
0.056 93715
0.057 93662
0.057 93660
0.058 93654
0.058 93644
0.059 93631
0.06 93622
0.06 93618
0.06 93602
0.062 93587
0.063 93583
0.064 93564
0.064 93563
0.064 93558
0.067 93556
0.068 93537
0.068 93494
0.077 93484
0.077 93479
0.082 93459
0.082 93456
0.082 93453
0.09 93445
0.091 93429
0.092 93428
0.092 93424
0.092 93371
0.093 93365
0.094 93364
0.097 93363
0.119 93359
0.12 93357
0.127 93352
0.138 93325
0.139 93321
0.153 93317
0.158 93303
0.159 93299
0.16 93253
0.161 93252
0.164 93248
0.168 93189
0.169 93187
0.193 93150
0.197 93146
0.203 93145
0.297 93142
0.303 93137
0.458 93084
0.475 93076
0.476 93063
0.476 93051
0.48 93049
0.48 93047
0.604 93031
0.605 93016
0.606 93006
0.77 92998
0.772 92994
9.074 92983
9.083 92971
9.085 92966
9.086 92943
9.086 92935
9.088 92929
9.442 92914
9.443 92899
9.448 92895
9.464 92888
9.467 92884
9.548 92845
10.004 92842
19.838 92831
19.844 92818
19.845 92798
19.845 92791
19.846 92790
19.846 92780
19.848 92779
19.85 92776
19.852 92765
19.852 92763
19.857 92739
19.859 92728
20.3 92727
20.301 92726
20.301 92714
20.302 92713
20.307 92687
20.31 92663
20.313 92660
20.314 92652
20.316 92644
20.397 92618
28.264 92607
28.424 92600
28.426 92593
28.427 92585
28.497 92572
28.504 92558
28.505 92556
28.506 92553
28.506 92534
28.507 92530
28.508 92520
43.561 92517
43.693 92494
43.693 92490
43.695 92473
44.279 92451
44.28 92449
44.284 92446
46.977 92442
46.985 92402
46.986 92394
46.986 92392
46.987 92388
48.774 92371
48.786 92357
48.787 92353
48.789 92352
48.791 92327
48.792 92326
48.796 92325
48.886 92324
63.653 92269
63.662 92256
66.957 92253
67.007 92236
67.012 92234
67.02 92225
67.232 92210
67.237 92200
67.479 92190
67.48 92128
71.672 92111
71.673 92105
71.675 92102
71.679 92099
71.679 92094
71.683 92093
71.688 92084
88.016 92073
88.019 92070
88.021 92067
88.032 92062
88.061 92051
88.066 92039
88.067 92034
88.068 92028
88.07 92022
103.885 92021
103.913 92019
104.078 92015
107.886 92006
107.891 91999
107.893 91998
107.894 91997
107.903 91990
107.93 91987
107.93 91981
107.931 91978
107.933 91977
107.939 91967
107.94 91965
108.107 91963
108.109 91940
108.112 91915
108.115 91909
108.216 91906
108.221 91902
108.598 91897
108.599 91896
108.62 91893
113.709 91888
113.715 91886
113.718 91877
113.798 91875
113.831 91871
113.832 91865
113.845 91863
113.882 91860
113.888 91846
117.351 91844
117.355 91842
117.356 91839
117.392 91834
117.411 91820
117.453 91818
117.455 91817
117.474 91814
117.478 91812
117.507 91810
117.508 91809
117.508 91808
117.514 91799
117.524 91788
117.526 91787
117.527 91771
117.529 91756
117.543 91755
117.543 91753
117.544 91750
123.091 91745
123.403 91743
123.408 91737
123.414 91735
123.414 91729
123.439 91726
123.441 91720
123.444 91718
123.501 91716
123.504 91712
123.51 91710
123.522 91704
123.882 91703
123.923 91700
123.925 91688
124.031 91684
124.032 91681
124.037 91671
124.039 91659
124.039 91655
124.092 91642
124.093 91633
124.106 91621
124.107 91620
124.163 91614
124.224 91613
126.22 91612
126.983 91609
126.985 91608
126.994 91607
127.011 91606
127.022 91602
127.031 91592
127.038 91581
127.057 91579
127.061 91572
127.124 91567
127.242 91566
130.613 91561
130.947 91548
131.006 91542
139.265 91525
139.267 91521
142.001 91515
142.047 91513
142.077 91512
142.08 91510
142.232 91508
142.235 91505
142.239 91504
153.285 91503
153.515 91502
153.519 91499
153.545 91490
153.55 91478
153.561 91476
153.567 91471
153.574 91465
153.666 91460
153.689 91457
153.689 91452
153.697 91451
153.716 91449
153.718 91448
153.72 91444
153.727 91442
153.736 91440
154.644 91438
154.65 91437
154.658 91435
154.753 91434
154.756 91431
154.774 91429
154.78 91427
155.126 91424
155.729 91423
155.744 91416
161.553 91415
161.589 91414
161.619 91410
161.626 91399
161.634 91394
161.638 91389
161.641 91385
161.643 91378
161.647 91373
161.655 91371
161.655 91366
161.687 91357
170.447 91346
170.47 91340
170.477 91333
170.486 91327
170.496 91318
173.408 91303
173.426 91299
173.492 91291
173.622 91283
173.639 91281
173.82 91279
204.489 91275
204.489 91273
204.508 91271
204.79 91268
204.807 91267
204.818 91266
204.823 91265
204.841 91263
205.033 91262
206.068 91261
206.07 91260
207.556 91259
207.724 91258
207.755 91257
207.759 91256
207.789 91250
207.79 91247
207.805 91244
207.861 91241
208.741 91236
208.745 91235
208.766 91230
208.847 91228
224.133 91105
224.196 91104
224.459 91103
224.481 91097
224.483 91074
224.484 91072
224.499 91071
224.816 91070
224.823 91069
224.861 91068
224.894 91066
225.006 91021
225.044 91015
225.139 91013
225.265 91008
225.274 91007
225.275 91006
225.396 91004
225.4 91002
225.405 91000
225.425 90999
225.433 90998
225.434 90978
225.452 90972
225.581 90971
225.588 90969
225.608 90968
225.621 90966
225.665 90952
226.018 90940
226.95 90934
226.974 90933
226.991 90932
227.03 90931
227.057 90924
227.19 90923
227.199 90922
227.226 90920
228.326 90919
228.376 90910
228.433 90909
228.615 90908
228.715 90905
228.73 90904
228.746 90902
228.765 90901
228.777 90900
228.851 90899
229.813 90891
229.878 90889
230.027 90885
230.13 90884
230.376 90882
230.63 90881
230.705 90869
232.139 90868
232.14 90865
232.226 90856
232.23 90853
232.242 90852
232.277 90850
232.281 90848
232.352 90845
232.353 90843
232.485 90842
232.773 90840
238.398 90839
238.407 90838
238.913 90837
239.083 90835
