0.054 311662
0.055 311628
0.056 311590
0.057 311532
0.057 311517
0.058 311476
0.059 311468
0.061 311411
0.062 311188
0.063 311172
0.063 311165
0.064 311164
0.065 311038
0.066 311003
0.068 310988
0.069 310813
0.071 310798
0.078 310614
0.081 310608
0.085 310570
0.085 310569
0.087 310552
0.088 310542
0.092 310383
0.092 310249
0.093 310083
0.095 310075
0.099 310004
0.112 309954
0.113 309951
0.114 309936
0.114 309906
0.117 309876
0.117 309857
0.118 309845
0.12 309825
0.121 309813
0.121 309793
0.123 309787
0.123 309778
0.128 309775
0.129 309717
0.13 309700
0.133 309595
0.134 309585
0.136 309569
0.139 309538
0.14 309521
0.143 309350
0.145 309316
0.148 309267
0.148 309255
0.152 309243
0.154 309221
0.161 309220
0.164 309219
0.166 309216
0.17 309214
0.173 309194
0.176 309186
0.177 309164
0.178 309159
0.186 308860
0.186 308824
0.191 308771
0.192 308759
0.193 308745
0.194 308724
0.196 308699
0.198 308693
0.198 308692
0.199 308670
0.203 308667
0.21 308589
0.211 308379
0.211 308366
0.212 308341
0.213 308336
0.219 308189
0.221 308183
0.222 308171
0.225 308162
0.226 308121
0.289 308084
0.302 308079
0.303 308072
0.308 307889
0.311 307844
0.314 307837
0.315 307825
0.33 307746
0.341 307708
0.343 307666
0.356 307628
0.358 307283
0.364 307216
0.369 307214
0.37 307169
0.378 307158
0.384 307118
0.386 307007
0.387 306918
0.388 306873
0.392 306668
0.393 306667
0.396 306657
0.398 306618
0.401 306606
0.403 306605
0.407 306603
0.41 306595
0.411 306586
0.42 306573
0.43 306483
0.433 306448
0.433 306430
0.434 306425
0.438 306416
0.44 306415
0.442 306413
0.455 306365
0.459 306293
0.461 306292
0.461 306277
0.461 306274
0.467 306267
0.473 306262
0.478 306261
0.49 306251
0.49 306244
0.505 306240
0.513 306149
0.604 305927
0.607 305925
0.609 305904
0.61 305835
0.621 305816
0.622 305815
0.635 305802
0.703 305721
0.713 305696
0.716 305671
0.737 305655
0.738 305625
0.739 305620
0.74 305594
0.741 305581
0.743 305562
0.745 305561
0.748 305554
0.764 305545
0.771 305525
0.775 305523
0.792 305492
0.822 305454
0.823 305452
0.826 305451
0.826 305431
0.826 305430
0.828 305424
0.837 305414
0.848 305387
0.85 305386
0.873 305361
0.874 305356
0.875 305351
1.025 305323
1.029 305295
1.034 305147
1.035 305087
1.037 305010
1.666 305009
1.667 305001
1.67 304962
1.681 304947
2.016 304920
2.018 304918
2.373 304880
2.376 304871
2.377 304859
2.381 304838
2.382 304769
2.404 304766
2.417 304763
2.419 304740
2.42 304739
2.42 304699
2.421 304693
2.423 304667
2.43 304660
2.431 304647
2.432 304633
2.432 304626
2.933 304625
2.952 304587
2.954 304576
2.969 304567
3.19 304547
3.191 304529
3.206 304524
3.208 304496
3.209 304448
3.211 304445
3.212 304421
3.214 304417
3.214 304402
3.217 304387
3.561 304319
3.562 304290
3.564 304289
3.621 304274
3.624 304273
3.624 304229
3.625 304223
3.626 304197
3.63 304169
3.652 304163
3.659 304145
3.662 304143
3.664 304131
3.667 304127
3.668 304124
3.722 304121
3.739 304040
3.746 304035
3.748 304016
3.75 303984
3.761 303983
3.806 303974
3.817 303906
3.865 303895
3.92 303859
3.921 303853
3.924 303833
3.925 303779
3.927 303722
3.928 303718
3.93 303620
3.93 303608
4.106 303596
4.11 303579
4.85 303575
4.851 303560
5.002 303558
5.005 303543
5.01 303542
5.01 303538
5.017 303526
5.025 303522
5.047 303469
5.049 303468
5.054 303455
5.058 303454
5.059 303453
5.06 303421
5.063 303419
5.063 303363
5.064 303358
5.097 303355
5.101 303337
5.137 303323
5.14 303313
5.143 303291
5.143 303277
5.145 303276
5.148 303252
5.149 303250
5.149 303249
5.16 303227
5.161 303208
5.712 303163
5.713 303098
5.714 303094
5.715 303093
5.718 303072
5.718 303069
5.718 303044
5.719 303022
5.723 303018
5.728 303011
5.733 303006
5.735 303000
5.738 302919
5.75 302869
5.754 302867
5.756 302860
5.76 302816
5.769 302809
5.772 302802
5.775 302778
5.785 302748
5.805 302746
5.807 302721
5.808 302705
5.819 302694
5.821 302681
5.824 302679
5.83 302677
5.866 302665
5.876 302635
5.877 302617
5.886 302563
5.928 302547
5.932 302540
5.947 302534
5.962 302532
5.963 302529
6.032 302507
6.035 302506
6.042 302494
6.043 302484
6.045 302467
6.056 302449
6.06 302442
6.307 302441
6.349 302434
6.355 302429
6.361 302426
6.362 302412
6.365 302411
6.365 302397
6.371 302382
6.372 302368
6.372 302366
6.383 302357
6.383 302356
7.288 302351
7.291 302322
7.293 302319
7.293 302311
7.33 302307
7.342 302305
7.343 302303
7.358 302238
7.361 302237
7.362 302235
7.364 302230
7.365 302229
7.368 302223
7.374 302222
8.664 302216
10.518 302215
10.52 302210
10.521 302204
10.525 302195
10.526 302194
10.531 302190
10.533 302180
10.534 302172
10.59 302169
10.591 302165
10.592 302144
10.6 302138
10.609 302123
10.609 302117
12.855 302115
15.476 302065
15.541 302057
15.544 302033
15.572 302012
15.572 302007
15.594 301948
15.597 301936
15.683 301922
15.73 301918
15.746 301895
15.747 301891
15.753 301882
15.755 301866
15.787 301852
16.773 301850
16.778 301798
16.788 301775
16.79 301773
16.797 301756
16.851 301751
16.851 301747
16.857 301740
16.861 301695
16.864 301685
16.867 301679
16.869 301678
17.031 301666
17.032 301652
17.041 301599
17.044 301593
22.346 301590
22.37 301555
22.372 301545
22.377 301531
22.415 301528
22.429 301527
22.432 301525
22.433 301524
22.444 301502
22.445 301498
22.456 301497
22.463 301485
22.464 301484
24.132 301474
24.15 301472
24.214 301442
24.215 301419
24.222 301403
24.224 301398
24.234 301393
24.241 301358
24.242 301348
24.778 301338
26.301 301320
26.314 301286
26.535 301281
26.54 301246
26.54 301243
27.929 301240
27.959 301227
27.962 301202
27.965 301195
27.979 301194
28.04 301193
28.04 301183
28.047 301177
28.048 301176
28.061 301172
28.066 301171
28.081 301164
28.09 301156
28.09 301152
28.131 301144
28.143 301122
28.153 301113
28.156 301112
28.158 301106
28.166 301105
28.176 301104
28.18 301099
28.181 301091
28.182 301089
28.192 301074
28.193 301064
28.196 301057
28.2 301053
28.203 301051
28.203 301049
28.216 301045
28.219 301043
28.847 301011
28.848 300987
28.902 300979
28.905 300978
28.905 300963
28.906 300959
28.949 300956
28.951 300943
31.736 300933
31.832 300910
31.833 300903
31.841 300900
31.842 300899
31.842 300880
31.997 300842
32 300836
32.004 300834
32.021 300828
32.066 300815
32.187 300807
32.236 300796
32.236 300783
32.239 300747
32.243 300732
32.244 300722
33.618 300696
33.619 300695
33.619 300693
33.621 300688
33.638 300666
33.64 300654
40.582 300618
40.587 300605
40.588 300599
40.591 300595
40.593 300592
41.488 300589
41.648 300587
41.649 300568
41.65 300550
41.685 300548
41.721 300545
41.725 300534
41.727 300526
41.732 300524
42.112 300515
42.113 300505
42.178 300486
42.179 300481
42.794 300476
42.803 300467
42.804 300450
42.807 300447
42.81 300446
42.823 300438
42.855 300428
42.857 300413
44.496 300395
44.501 300394
44.502 300386
44.596 300367
44.597 300365
44.603 300358
44.604 300321
44.606 300315
44.627 300313
44.631 300302
45.475 300295
45.487 300289
45.489 300282
46.062 300280
46.068 300266
46.069 300265
46.069 300261
46.076 300257
46.078 300249
46.078 300233
46.543 300198
47.368 300183
47.371 300178
47.372 300167
47.373 300162
47.376 300161
48.692 300155
48.692 300151
48.7 300148
48.736 300143
48.785 300125
48.786 300121
55.394 300109
55.397 300095
56.599 300090
56.783 300089
56.785 300076
56.79 300074
56.79 300072
56.793 300070
56.805 300058
56.876 300044
56.972 300031
56.973 300030
56.996 300026
56.999 300021
57.005 300019
57.043 300017
57.046 300011
57.055 299995
57.062 299986
78.002 299980
78.312 299969
78.315 299949
80.811 299947
81.288 299943
81.321 299937
81.324 299916
81.324 299907
91.013 299879
91.018 299871
91.02 299866
91.027 299865
91.157 299860
91.158 299856
91.396 299851
91.397 299849
91.402 299824
91.406 299799
91.425 299796
91.43 299792
91.432 299772
91.433 299771
111.783 299766
111.796 299762
111.803 299752
111.809 299749
111.81 299748
111.841 299737
111.842 299736
111.86 299727
111.876 299726
111.88 299713
111.883 299711
111.886 299707
112.11 299705
112.115 299704
112.122 299697
112.127 299694
112.725 299692
112.739 299687
112.752 299670
112.756 299668
112.76 299667
112.773 299648
112.804 299645
112.805 299644
112.811 299642
112.816 299639
116.272 299624
116.277 299623
121.109 299619
121.111 299618
121.267 299611
121.268 299610
121.268 299608
121.27 299607
121.797 299606
121.823 299604
121.89 299603
121.9 299601
122.887 299599
123.074 299589
123.925 299587
123.926 299586
123.956 299585
123.96 299581
123.963 299568
123.971 299566
125.697 299560
125.717 299559
125.874 299552
126.051 299545
126.057 299544
126.058 299543
126.059 299537
126.059 299536
126.085 299534
126.087 299533
126.087 299524
126.091 299523
126.1 299522
126.118 299521
126.128 299502
126.13 299501
126.137 299496
126.141 299495
126.198 299492
126.208 299491
126.21 299485
126.21 299478
126.217 299474
144.585 299460
144.593 299458
144.604 299457
144.611 299456
149.923 299450
149.93 299448
149.931 299447
149.943 299446
151.587 299445
151.59 299439
151.594 299438
151.612 299436
151.614 299431
152.086 299430
152.094 299420
152.095 299419
152.096 299418
152.098 299416
152.101 299407
152.114 299406
152.118 299403
176.928 299402
176.928 299398
177.005 299394
177.287 299390
177.31 299389
177.316 299385
177.348 299384
185.743 299383
185.744 299381
185.769 299380
186.094 299379
186.106 299378
186.109 299376
186.12 299372
186.132 299370
186.177 299369
186.358 299368
186.362 299367
186.371 299364
186.381 299362
186.409 299361
186.41 299359
186.412 299357
186.412 299356
186.413 299355
188.478 299353
188.536 299351
188.538 299348
188.543 299346
188.551 299345
188.626 299341
188.639 299340
188.648 299323
188.649 299322
188.65 299318
188.653 299317
188.668 299316
188.674 299314
188.675 299313
190.962 299312
190.984 299306
191.004 299305
191.021 299303
194.004 299302
194.393 299298
194.458 299294
194.627 299291
194.628 299290
194.633 299289
194.643 299288
198.258 299287
198.278 299286
198.279 299285
198.288 299284
211.426 299281
211.449 299279
213.485 299278
213.497 299277
213.524 299272
214.121 299270
214.129 299268
214.14 299267
214.145 299265
214.154 299264
231.731 299261
231.959 299257
