0.056 81457
0.057 81451
0.058 81426
0.058 81409
0.059 81405
0.059 81361
0.06 81279
0.06 81240
0.061 81159
0.061 81110
0.062 81050
0.063 81043
0.063 81040
0.063 80999
0.064 80969
0.065 80877
0.065 80866
0.067 80779
0.068 80761
0.069 80692
0.07 80684
0.07 80680
0.07 80657
0.071 80653
0.072 80625
0.072 80605
0.074 80602
0.074 80600
0.078 80515
0.079 80499
0.079 80466
0.08 80443
0.081 80431
0.088 80382
0.089 80357
0.089 80355
0.09 80302
0.09 80268
0.093 80256
0.094 80246
0.096 80237
0.096 80201
0.1 80193
0.103 80192
0.103 80187
0.107 80178
0.11 80175
0.111 80173
0.149 80172
0.154 80144
0.156 80135
0.157 80121
0.188 80095
0.19 80089
0.19 80024
0.192 80019
0.199 80015
0.2 80014
0.2 79969
0.215 79943
0.216 79940
0.218 79937
0.219 79935
0.22 79923
0.222 79920
0.223 79916
0.234 79884
0.236 79866
0.236 79841
0.349 79823
0.42 79813
0.428 79789
1.4 79780
1.401 79745
1.405 79744
1.917 79726
1.925 79714
1.981 79713
1.983 79642
2.145 79636
2.146 79603
2.155 79601
2.295 79594
2.296 79579
2.299 79542
2.337 79534
2.341 79533
2.344 79521
2.345 79512
2.346 79508
2.347 79507
9.524 79485
9.525 79477
10.152 79469
10.152 79468
10.155 79466
10.155 79453
10.156 79430
10.293 79425
10.321 79420
10.539 79419
10.541 79406
10.542 79388
10.544 79382
10.546 79370
10.547 79354
10.548 79305
10.548 79303
10.552 79302
13.459 79282
13.46 79261
13.47 79260
13.472 79249
13.477 79199
13.479 79198
13.525 79194
28.923 79126
36.796 79125
41.361 79098
41.365 79094
41.367 79036
44.414 79010
54.934 78968
54.935 78967
54.936 78966
54.937 78962
56.307 78959
56.333 78956
56.376 78947
56.378 78920
56.381 78916
56.383 78915
57.52 78914
66.766 78905
66.769 78896
67.101 78868
67.745 78855
67.747 78848
67.752 78847
67.754 78845
67.755 78840
83.14 78833
83.14 78831
83.416 78818
83.419 78814
83.421 78810
83.421 78803
83.425 78775
83.46 78763
83.493 78762
83.494 78758
83.496 78757
112.193 78750
112.196 78749
112.214 78746
112.219 78745
112.221 78739
112.223 78718
112.237 78717
112.244 78689
112.246 78686
112.25 78685
112.511 78672
112.513 78666
112.517 78657
112.52 78656
112.522 78630
112.523 78629
122.8 78628
122.801 78623
122.827 78621
125.783 78619
128.219 78618
128.221 78610
128.514 78603
130.771 78589
130.772 78584
130.774 78581
130.775 78580
130.778 78566
130.83 78559
130.831 78557
130.833 78555
130.852 78544
130.866 78539
130.868 78537
130.877 78526
130.877 78522
140.379 78519
140.379 78507
140.4 78505
140.811 78503
144.342 78496
144.348 78490
152.382 78476
152.383 78473
156.917 78472
156.917 78469
156.919 78462
156.92 78453
157.086 78452
157.848 78445
164.194 78442
164.215 78437
164.223 78427
164.224 78415
164.232 78412
164.299 78407
164.309 78399
164.312 78398
164.352 78390
166.799 78381
168.202 78378
168.203 78377
168.213 78376
168.215 78374
169.587 78370
171.694 78369
171.695 78363
171.868 78362
171.869 78359
171.885 78355
171.892 78350
171.927 78345
171.96 78342
171.963 78340
173.661 78325
182.023 78323
182.026 78322
182.029 78319
182.03 78317
182.032 78308
182.044 78300
199.487 78294
199.722 78293
199.726 78287
199.736 78285
207.743 78275
216.054 78274
216.057 78271
216.079 78270
217.216 78269
217.455 78266
217.482 78265
217.56 78262
218.032 78260
221.107 78258
221.148 78255
221.159 78254
221.163 78252
221.281 78247
221.371 78244
221.392 78240
221.394 78238
221.411 78236
241.894 78235
241.918 78230
241.937 78229
241.938 78228
241.956 78223
241.963 78218
241.967 78217
249.704 78216
249.71 78213
249.711 78210
259.341 78208
259.344 78207
259.371 78204
259.39 78203
259.393 78202
259.394 78199
259.856 78198
259.883 78195
263.248 78194
263.254 78192
265.219 78189
265.225 78186
265.254 78180
265.48 78178
265.481 78177
266.112 78176
