1.902 256205
1.903 256178
1.904 256159
1.904 256139
1.905 256138
1.907 256011
1.908 256008
1.909 255989
1.91 255979
1.911 255928
1.912 255912
1.913 255903
1.914 255875
1.915 255817
1.916 255695
1.917 255691
1.918 255680
1.919 255581
1.92 255574
1.921 255569
1.923 255523
1.924 255484
1.927 255482
1.928 255456
1.929 255187
1.929 255175
1.93 255173
1.931 255162
1.932 255143
1.933 255140
1.935 255122
1.936 255100
1.937 255073
1.938 254964
1.94 254906
1.941 254885
1.942 254866
1.943 254860
1.944 254849
1.945 254749
1.946 254742
1.947 254710
1.95 254685
1.951 254610
1.952 254602
1.953 254580
1.955 254448
1.956 254421
1.956 254403
1.957 254388
1.958 254367
1.96 254353
1.96 254351
1.961 254348
1.962 254344
1.963 254339
1.964 254278
1.965 254243
1.966 254182
1.967 254174
1.968 254070
1.969 254020
1.97 254003
1.971 253997
1.973 253911
1.974 253839
1.975 253828
1.976 253812
1.977 253811
1.979 253802
1.98 253796
1.981 253788
1.982 253723
1.983 253707
1.987 253568
1.988 253518
1.989 253517
1.99 253516
1.991 253461
1.992 253447
1.994 253422
1.995 253411
1.995 253374
1.997 253325
1.998 253296
1.999 253281
1.999 253245
2 253212
2.006 253103
2.007 253086
2.008 253078
2.009 253074
2.011 253072
2.012 253055
2.013 252972
2.014 252945
2.015 252932
2.016 252728
2.017 252719
2.018 252644
2.02 252637
2.021 252580
2.022 252561
2.023 252492
2.024 252476
2.025 252456
2.026 252446
2.027 252407
2.029 252394
2.03 252381
2.03 252352
2.031 252340
2.032 252335
2.034 252311
2.035 252299
2.036 252282
2.037 252273
2.038 252256
2.039 252253
2.039 252171
2.04 252153
2.042 252141
2.043 252133
2.044 252130
2.045 252086
2.046 252082
2.047 251998
2.048 251997
2.049 251966
2.052 251962
2.053 251958
2.055 251956
2.056 251954
2.057 251935
2.058 251767
2.06 251754
2.062 251734
2.065 251696
2.066 251681
2.067 251679
2.068 251677
2.069 251627
2.07 251621
2.072 251583
2.073 251572
2.08 251561
2.081 251535
2.081 251526
2.083 251523
2.084 251419
2.086 251412
2.088 251411
2.09 251378
2.09 251366
2.091 251365
2.094 251348
2.105 251316
2.107 251310
2.108 251301
2.11 251295
2.111 251289
2.114 251273
2.116 251269
2.117 251267
2.118 251266
2.12 251256
2.122 251236
2.125 251218
2.13 251211
2.13 251200
2.132 251183
2.132 251177
2.134 251174
2.135 251171
2.137 251105
2.139 251104
2.139 251084
2.141 251062
2.142 251058
2.143 251044
2.144 251036
2.145 251031
2.147 251021
2.148 251019
2.149 251018
2.149 251015
2.192 251013
2.194 250999
2.2 250997
2.203 250996
2.206 250988
2.212 250978
2.213 250972
2.214 250967
2.215 250961
2.219 250957
2.22 250949
2.226 250947
2.227 250931
2.231 250930
2.233 250922
2.235 250921
2.265 250907
2.268 250805
2.269 250783
2.271 250777
2.274 250755
2.277 250732
2.28 250731
2.281 250726
2.289 250725
2.29 250710
2.335 250708
2.337 250698
2.422 250683
2.424 250654
2.435 250648
2.454 250567
2.457 250564
2.458 250557
2.461 250530
2.464 250524
2.468 250523
2.482 250510
2.542 250471
2.543 250465
4.688 250460
4.689 250455
4.691 250447
4.771 250381
5.318 250370
5.32 250362
5.322 250345
5.324 250298
5.339 250292
5.34 250249
5.341 250242
5.422 250239
5.426 250219
5.429 250130
5.43 250127
5.439 250115
5.449 250106
7.241 250097
7.368 250069
7.37 250066
7.371 250012
7.375 250009
7.378 250006
7.495 250004
7.497 250002
7.534 249994
7.546 249953
7.55 249919
7.552 249889
7.553 249888
7.556 249875
7.557 249870
7.558 249810
7.56 249790
7.573 249778
7.575 249773
7.577 249742
7.578 249740
7.579 249730
7.587 249680
7.592 249657
7.593 249640
7.594 249623
7.595 249613
7.596 249592
7.601 249477
7.603 249465
7.608 249434
7.61 249385
7.623 249378
7.625 249372
7.627 249344
7.628 249327
7.635 249318
7.638 249317
7.639 249309
7.64 249262
7.647 249224
7.648 249223
7.651 249218
7.661 249179
7.667 249150
7.672 249147
7.674 249093
7.676 249071
7.681 249011
7.683 249002
7.684 248971
7.686 248966
7.698 248959
7.701 248933
7.705 248932
7.706 248928
7.708 248927
7.71 248920
7.711 248893
7.713 248880
7.714 248879
7.715 248875
7.716 248874
7.72 248868
11.23 248851
11.261 248831
11.263 248813
11.265 248798
11.267 248795
11.279 248780
11.279 248773
11.288 248768
11.4 248744
11.401 248738
11.403 248722
11.405 248707
11.407 248683
11.418 248643
11.419 248612
11.421 248597
11.428 248584
11.437 248583
11.438 248577
11.79 248568
11.852 248550
19.565 248464
19.566 248418
19.567 248370
20.698 248367
20.701 248326
20.707 248324
20.708 248291
20.755 248288
20.762 248273
20.763 248272
20.778 248242
20.781 248233
20.782 248202
20.783 248198
20.793 248178
20.808 248176
20.809 248160
20.81 248154
20.813 248130
20.814 248124
20.816 248121
20.823 248116
20.839 248076
20.84 248061
20.848 248056
20.85 248048
20.851 248039
20.852 247994
20.855 247984
20.856 247972
20.891 247962
20.894 247952
20.895 247950
22.878 247939
22.881 247933
22.882 247896
22.886 247881
22.89 247832
22.892 247828
22.898 247780
22.903 247775
22.907 247729
22.908 247727
22.91 247716
22.911 247696
22.912 247652
22.913 247618
22.916 247584
22.941 247494
22.942 247491
23.225 247431
29.037 247423
29.046 247388
29.047 247367
29.506 247349
29.507 247348
29.508 247337
29.51 247304
29.511 247295
29.512 247291
29.534 247285
29.549 247280
29.552 247279
29.553 247275
29.557 247222
29.561 247218
29.562 247217
29.566 247206
29.571 247191
29.572 247189
29.572 247163
29.574 247158
29.575 247093
29.577 247074
29.579 247058
29.581 247031
29.596 246997
29.598 246977
29.601 246938
29.602 246935
29.603 246915
30.845 246902
30.846 246877
30.849 246870
30.85 246865
30.851 246856
30.862 246845
30.871 246828
30.872 246788
30.874 246757
30.875 246745
30.884 246739
30.886 246724
30.888 246718
30.889 246654
31.137 246632
31.139 246630
31.14 246603
31.179 246590
31.186 246539
31.187 246536
31.189 246534
31.19 246502
31.192 246494
31.197 246459
31.222 246457
31.225 246432
42.222 246429
42.223 246427
42.224 246422
42.225 246411
42.227 246393
42.23 246381
42.396 246379
42.398 246369
42.475 246365
42.477 246362
42.478 246353
42.479 246335
42.482 246314
42.486 246305
49.523 246276
49.526 246266
49.528 246257
49.529 246229
49.53 246172
51.994 246171
52.007 246160
52.012 246158
52.018 246132
52.02 246077
52.297 246069
54.121 246039
54.122 245991
54.123 245987
54.126 245958
54.129 245954
54.131 245937
54.135 245933
54.141 245931
54.142 245922
54.143 245901
55.557 245862
55.572 245860
56.157 245830
56.16 245821
56.162 245774
58.824 245763
58.855 245739
58.857 245702
58.858 245696
58.873 245687
58.876 245668
58.877 245667
58.878 245639
58.894 245638
58.898 245626
58.91 245616
58.914 245612
58.916 245599
58.971 245593
58.972 245590
58.976 245584
58.981 245546
58.983 245527
58.985 245523
58.986 245506
58.988 245499
60.51 245476
60.522 245468
60.631 245459
60.633 245445
60.634 245442
60.635 245440
60.636 245423
61.254 245420
61.256 245363
61.258 245315
61.26 245295
61.265 245277
61.267 245276
61.277 245235
61.278 245234
61.288 245188
61.316 245172
61.321 245142
61.335 245134
61.336 245114
61.339 245088
61.344 245086
61.584 245083
61.585 245081
61.586 245075
61.588 245066
61.592 245054
61.662 245053
61.663 245051
61.667 245035
61.668 245027
61.746 245021
61.754 244991
61.755 244951
61.763 244943
61.764 244939
61.77 244938
61.831 244932
61.84 244929
61.842 244928
61.844 244917
61.846 244899
61.848 244844
61.85 244833
61.851 244832
61.853 244827
69.585 244826
69.589 244795
69.59 244787
69.593 244785
69.594 244759
69.601 244753
69.602 244750
69.86 244749
70.094 244737
70.095 244710
70.097 244699
70.1 244683
70.101 244672
70.102 244671
70.103 244646
70.108 244637
70.12 244617
70.123 244609
70.128 244605
70.13 244598
70.132 244591
70.133 244575
70.134 244572
70.135 244566
70.136 244525
70.137 244514
70.146 244510
70.148 244509
70.156 244492
70.205 244478
70.219 244468
70.223 244462
70.224 244443
70.274 244431
70.277 244409
70.278 244389
70.281 244386
70.282 244385
70.803 244376
70.804 244375
70.807 244373
70.809 244355
82.709 244335
82.715 244331
82.716 244297
82.718 244290
84.924 244211
96.802 244203
96.806 244190
96.817 244187
96.82 244184
96.823 244179
96.837 244147
96.842 244144
96.843 244127
96.845 244126
96.847 244075
96.85 244062
96.853 244058
96.858 244057
96.86 244055
96.861 244054
96.869 244047
96.871 244014
96.919 244006
97.058 243973
97.059 243927
97.106 243908
97.111 243899
104.682 243894
104.69 243893
104.717 243885
104.72 243881
105.437 243869
106.049 243864
106.128 243851
106.132 243840
106.134 243836
106.135 243825
106.137 243810
106.14 243796
106.142 243780
106.144 243766
106.165 243749
106.166 243742
106.173 243714
106.175 243712
108.865 243709
108.866 243689
108.871 243655
108.881 243649
108.883 243641
108.884 243634
108.912 243609
108.942 243580
108.955 243570
108.956 243561
108.961 243558
108.965 243518
108.969 243515
108.972 243501
108.979 243493
108.981 243479
108.985 243461
108.992 243439
108.993 243415
109.001 243413
109.002 243407
109.008 243402
109.025 243364
109.159 243362
109.162 243353
109.164 243352
109.166 243348
109.17 243335
109.184 243330
109.189 243319
109.191 243315
109.192 243314
109.196 243305
109.804 243288
109.806 243287
109.812 243279
109.824 243272
109.846 243268
110.203 243265
110.204 243258
110.205 243255
112.348 243237
112.478 243226
112.496 243219
112.501 243216
112.503 243207
112.504 243204
112.505 243148
112.508 243145
112.591 243141
112.601 243139
112.619 243131
112.622 243114
112.623 243112
112.625 243105
112.628 243096
112.629 243069
112.63 243068
112.636 243043
112.639 243040
112.64 243032
112.644 243016
112.645 242995
112.648 242967
112.655 242955
112.659 242953
112.66 242930
112.661 242925
112.667 242893
113.229 242892
113.358 242891
113.361 242876
113.363 242867
113.366 242860
113.369 242857
113.379 242843
113.411 242838
113.436 242833
113.452 242811
113.454 242806
113.481 242791
113.485 242765
113.488 242760
113.489 242754
113.495 242752
113.508 242745
121.609 242741
121.615 242731
121.62 242720
121.621 242707
121.622 242688
121.624 242683
121.625 242669
121.632 242660
121.648 242656
121.65 242582
121.65 242580
121.688 242570
121.691 242562
122.012 242547
130.625 242542
130.627 242540
130.635 242514
130.687 242493
130.691 242491
130.692 242481
130.694 242480
130.715 242479
130.716 242475
130.719 242440
130.721 242430
130.722 242415
130.723 242414
130.728 242410
130.741 242408
130.742 242393
130.756 242387
130.758 242386
130.765 242358
130.768 242349
131.331 242343
131.338 242342
131.34 242335
131.342 242331
131.343 242315
131.345 242306
132.334 242302
132.342 242296
132.361 242285
132.362 242275
132.365 242274
132.372 242270
132.38 242258
133.072 242251
133.074 242244
133.076 242231
133.086 242223
133.087 242220
133.088 242217
133.089 242191
133.134 242171
133.436 242162
133.547 242155
133.548 242154
133.549 242151
133.552 242146
133.556 242126
133.564 242116
133.569 242115
133.579 242111
133.584 242109
133.586 242102
133.588 242088
133.599 242056
133.601 242054
133.62 242042
133.625 242041
133.626 242016
133.683 241979
133.684 241976
135.049 241974
135.05 241970
136.079 241959
136.08 241929
136.219 241927
136.221 241923
136.223 241903
136.339 241901
136.341 241894
136.348 241880
136.367 241879
136.377 241860
136.384 241853
136.447 241834
136.449 241817
136.454 241816
136.456 241812
136.457 241792
136.46 241789
136.471 241787
136.475 241775
136.479 241772
136.481 241750
136.484 241733
136.488 241720
136.513 241701
136.532 241685
136.536 241648
136.538 241646
136.55 241645
136.567 241607
136.568 241601
137.384 241596
137.396 241550
137.844 241539
137.845 241533
137.865 241509
137.869 241503
137.874 241496
137.875 241475
137.876 241472
137.879 241470
138.116 241442
138.122 241438
138.126 241427
138.128 241415
138.13 241401
138.484 241388
138.487 241375
138.519 241371
138.522 241362
138.529 241336
138.532 241313
138.533 241312
138.568 241307
138.643 241292
139.162 241266
139.165 241263
139.184 241251
139.186 241250
139.193 241243
139.2 241240
139.204 241231
139.206 241223
139.21 241213
139.211 241211
139.24 241175
139.242 241174
139.244 241168
139.245 241161
139.247 241149
139.248 241131
139.251 241130
139.294 241096
139.38 241091
139.382 241087
139.393 241076
139.396 241044
139.4 241043
139.401 241040
139.406 241026
149.215 240983
149.216 240959
149.27 240958
149.271 240946
149.272 240906
149.274 240878
149.277 240868
149.406 240866
149.413 240862
149.416 240858
149.445 240853
149.448 240851
149.451 240843
149.454 240842
149.457 240826
149.462 240823
149.485 240819
149.491 240816
149.493 240803
149.501 240796
149.505 240795
149.517 240783
149.674 240766
149.675 240756
149.681 240749
149.692 240748
149.766 240726
149.834 240687
149.837 240678
159.468 240677
161.904 240653
161.947 240652
161.951 240630
161.954 240615
161.956 240614
161.958 240605
161.96 240575
161.961 240573
161.965 240550
161.966 240540
161.985 240534
162.023 240531
165.759 240527
165.769 240522
165.77 240520
165.772 240517
165.776 240506
165.783 240499
165.785 240497
165.838 240492
165.839 240485
165.845 240474
165.847 240469
165.848 240457
165.854 240442
165.857 240441
165.861 240423
165.862 240384
165.865 240377
167.148 240355
167.151 240343
167.153 240341
167.16 240325
167.174 240299
167.175 240254
167.182 240250
167.195 240214
167.196 240210
167.582 240203
167.585 240200
167.586 240193
167.59 240190
167.595 240176
167.831 240166
167.837 240160
167.853 240150
167.92 240146
167.921 240142
167.933 240139
167.944 240135
170.666 240119
170.668 240076
170.675 240056
170.679 240041
170.68 240034
170.69 240029
170.691 240012
170.693 240006
170.706 239997
170.713 239996
170.726 239981
170.73 239978
170.749 239976
170.755 239967
170.756 239956
170.764 239947
170.767 239944
170.786 239930
170.912 239926
170.913 239914
170.915 239908
170.917 239900
170.923 239898
170.925 239894
170.93 239893
170.932 239892
170.947 239882
170.954 239877
170.971 239876
170.973 239875
170.979 239871
170.979 239864
170.987 239859
181.346 239852
181.351 239850
181.524 239840
181.525 239838
181.757 239831
181.759 239800
181.761 239799
181.768 239798
181.773 239796
181.784 239794
181.785 239774
181.795 239767
181.799 239765
181.8 239764
181.804 239757
181.886 239755
181.888 239746
181.895 239731
182.009 239726
182.011 239725
182.015 239724
182.033 239722
182.038 239714
182.041 239709
182.046 239705
182.047 239694
182.341 239686
182.353 239658
182.358 239647
182.389 239645
182.391 239636
182.392 239622
182.397 239613
182.401 239610
182.405 239608
182.407 239602
182.409 239585
182.422 239581
182.423 239569
182.426 239550
182.699 239523
182.789 239517
182.795 239508
184.788 239502
184.79 239498
184.791 239463
184.805 239461
184.811 239454
184.813 239450
186.641 239449
186.671 239448
186.692 239437
186.702 239431
186.705 239430
186.712 239429
186.717 239428
186.726 239424
186.737 239401
186.739 239399
186.743 239392
186.748 239390
186.789 239372
186.961 239370
187.45 239368
187.618 239354
187.619 239350
187.638 239346
187.64 239340
187.675 239320
187.676 239318
187.677 239315
187.685 239311
187.693 239307
187.7 239286
187.709 239284
187.712 239271
187.739 239269
188.059 239260
188.061 239258
188.096 239256
188.132 239249
188.141 239229
188.144 239227
188.145 239225
188.17 239202
188.173 239189
188.178 239188
188.181 239181
188.191 239170
188.192 239151
188.197 239150
188.245 239128
188.248 239125
188.261 239122
188.263 239114
188.264 239111
188.27 239106
188.276 239105
188.279 239091
188.284 239090
188.287 239084
188.291 239083
188.293 239073
188.295 239058
188.296 239056
188.303 239039
188.321 239007
188.329 238996
188.331 238984
188.332 238979
188.347 238953
188.348 238929
188.356 238926
188.372 238921
188.379 238920
188.413 238916
195.432 238915
195.439 238909
195.443 238907
195.546 238884
195.548 238876
203.653 238872
203.768 238871
203.771 238861
203.776 238852
203.78 238850
203.789 238844
203.805 238840
203.82 238834
203.822 238833
203.824 238831
203.831 238815
203.837 238811
203.846 238809
203.847 238808
203.851 238789
203.853 238781
203.86 238778
203.924 238720
203.925 238719
203.929 238716
203.933 238713
204.081 238712
204.09 238710
204.101 238709
204.108 238702
204.116 238692
204.159 238679
204.161 238677
204.897 238676
204.899 238652
204.903 238644
204.906 238635
204.909 238634
204.95 238628
204.953 238625
205.337 238623
205.338 238608
205.341 238605
205.342 238603
205.345 238600
211.993 238591
211.994 238584
211.999 238582
212.001 238581
212.011 238578
212.013 238576
212.866 238568
212.867 238562
212.871 238556
212.905 238551
212.92 238537
212.925 238535
212.936 238514
213.313 238509
213.32 238488
213.327 238487
213.427 238486
213.513 238482
213.514 238466
213.556 238465
213.561 238463
213.581 238451
213.589 238449
213.614 238447
213.626 238421
213.639 238416
213.64 238397
213.648 238391
213.65 238382
213.655 238379
213.813 238372
213.817 238366
213.824 238360
213.828 238359
213.832 238350
214.53 238344
214.536 238343
214.543 238341
214.548 238335
214.555 238332
215.968 238324
215.978 238318
216.244 238312
216.247 238311
216.251 238304
216.258 238291
216.262 238288
216.268 238286
217.161 238252
217.162 238247
217.167 238243
217.169 238242
217.203 238235
217.207 238226
217.208 238221
218.423 238218
219.195 238215
219.246 238204
219.247 238195
220.568 238186
220.596 238184
220.672 238179
220.676 238178
220.688 238170
220.696 238167
220.913 238161
220.962 238148
220.97 238142
220.973 238130
220.978 238129
221.001 238127
221.002 238115
221.011 238113
221.034 238102
221.035 238092
221.04 238082
221.053 238071
221.06 238063
221.064 238061
221.082 238060
221.083 238056
221.085 238043
221.096 238036
221.102 238035
221.117 238033
223.921 238022
224.047 238020
224.074 238016
224.081 238009
224.092 237973
224.097 237970
224.105 237964
224.12 237963
224.144 237962
224.243 237960
224.247 237951
224.273 237950
224.395 237946
224.413 237944
224.416 237941
224.42 237933
224.422 237932
224.433 237931
224.449 237923
224.456 237912
224.457 237909
224.537 237907
225.675 237906
225.731 237899
225.739 237898
225.745 237895
225.747 237877
225.75 237863
225.75 237862
225.752 237856
225.754 237854
225.755 237846
230.229 237845
230.234 237838
230.238 237827
230.24 237824
230.246 237820
230.3 237819
230.301 237813
230.31 237811
230.315 237801
230.322 237778
230.323 237776
232.445 237763
232.533 237761
232.537 237732
232.538 237731
232.542 237719
232.557 237718
232.61 237714
232.623 237704
232.642 237702
234.113 237699
234.115 237696
234.126 237690
234.283 237684
234.287 237681
234.289 237678
234.292 237677
234.293 237672
234.297 237661
234.299 237651
234.302 237650
234.305 237649
234.316 237636
234.35 237625
234.4 237617
234.401 237613
234.477 237608
234.487 237605
234.494 237603
234.502 237601
234.516 237595
234.522 237594
234.531 237590
234.776 237588
234.777 237586
234.782 237579
234.793 237571
234.8 237563
234.822 237558
234.825 237544
234.826 237541
234.829 237527
234.832 237524
234.833 237514
234.84 237509
234.88 237504
234.882 237503
234.927 237495
234.939 237478
234.994 237475
235.002 237474
235.003 237473
235.006 237471
235.008 237470
235.106 237467
235.136 237463
235.184 237459
235.188 237458
235.2 237454
235.226 237452
235.262 237447
235.264 237446
235.274 237444
235.327 237439
235.406 237432
235.617 237431
235.619 237429
235.621 237428
235.633 237424
235.637 237416
235.639 237414
235.67 237406
235.736 237401
237.112 237398
237.116 237394
237.124 237384
237.133 237380
237.134 237374
237.18 237367
238.779 237363
238.781 237361
238.797 237355
238.799 237349
238.801 237344
238.806 237343
238.815 237342
238.825 237340
238.841 237334
239.068 237331
239.076 237322
239.105 237308
239.114 237301
239.127 237300
239.13 237296
243.752 237286
243.755 237284
243.851 237278
243.877 237277
243.879 237274
243.881 237273
243.917 237263
243.921 237262
244.318 237258
244.431 237257
244.433 237256
244.436 237251
244.442 237246
244.445 237244
244.446 237238
244.849 237237
245.195 237236
245.199 237235
245.223 237219
245.432 237217
245.449 237211
245.453 237208
245.614 237199
245.654 237198
245.662 237191
245.679 237179
245.729 237177
245.736 237169
245.747 237166
245.752 237154
245.758 237148
245.77 237145
245.805 237143
245.865 237133
245.866 237131
245.872 237122
247.788 237119
247.789 237115
247.809 237114
247.842 237112
247.884 237107
247.899 237106
247.913 237104
247.914 237101
247.916 237099
247.918 237096
247.919 237091
247.924 237089
247.94 237082
247.96 237081
247.986 237080
247.987 237070
248.033 237065
248.211 237062
248.213 237056
248.286 237048
248.298 237045
248.326 237044
252.128 237043
252.134 237039
252.149 237030
252.155 237021
252.166 237017
252.734 237016
252.737 237006
252.754 237000
252.761 236987
252.763 236985
252.767 236983
252.775 236980
252.776 236972
252.789 236966
252.79 236964
252.886 236955
252.898 236953
252.902 236952
252.968 236950
252.995 236945
253.039 236943
253.048 236942
253.053 236936
253.056 236934
253.059 236930
253.103 236923
253.206 236913
255.111 236912
255.117 236892
255.175 236888
255.183 236886
255.186 236884
255.189 236879
255.197 236874
255.206 236850
255.207 236844
255.217 236842
255.219 236840
255.224 236835
255.225 236821
256.766 236819
256.951 236816
256.958 236810
256.97 236809
256.981 236800
256.984 236763
256.999 236762
257.007 236760
257.015 236759
259.814 236753
259.816 236746
259.978 236735
259.98 236733
259.985 236731
259.986 236728
259.992 236727
259.997 236722
259.999 236718
260.001 236707
260.003 236702
260.011 236698
270.434 236697
270.443 236692
270.455 236690
270.468 236689
270.471 236688
270.473 236682
270.48 236675
272.194 236665
272.194 236658
272.207 236656
272.214 236655
272.215 236643
272.374 236637
272.376 236635
272.377 236630
272.384 236627
272.386 236626
274.029 236624
274.049 236620
274.211 236604
274.219 236600
281.323 236587
281.606 236583
281.61 236581
281.618 236556
281.621 236555
281.666 236554
281.811 236551
281.824 236544
281.828 236539
281.835 236528
281.869 236527
281.876 236526
281.913 236524
281.918 236523
281.921 236518
281.95 236516
282.033 236510
282.05 236509
282.889 236504
282.892 236501
282.9 236500
282.901 236496
282.907 236493
282.909 236491
282.925 236490
283.16 236489
283.17 236487
283.246 236486
283.248 236484
283.251 236482
283.257 236481
283.262 236479
283.265 236476
283.271 236464
283.345 236462
283.393 236461
283.457 236457
283.459 236447
284.012 236446
284.02 236444
284.023 236435
284.026 236434
284.035 236427
284.065 236423
284.104 236418
288.686 236413
288.693 236407
288.709 236406
288.714 236404
288.716 236403
288.74 236397
288.77 236395
288.771 236394
288.779 236388
288.795 236383
288.796 236380
289.001 236377
289.02 236366
289.022 236365
289.039 236362
289.04 236361
289.052 236357
289.053 236356
289.056 236354
289.06 236353
289.07 236348
289.881 236343
289.904 236339
290.694 236334
290.767 236331
290.78 236327
290.784 236311
290.837 236303
290.841 236298
291.79 236291
291.796 236283
291.848 236282
291.871 236277
291.872 236271
291.878 236268
291.896 236267
291.902 236266
291.906 236263
291.934 236258
292 236257
292.019 236253
292.025 236252
292.037 236250
292.065 236249
292.068 236246
292.087 236241
292.104 236239
292.187 236236
292.22 236231
293.977 236227
294.759 236223
294.776 236220
294.798 236218
294.805 236213
294.829 236212
294.928 236210
294.954 236209
294.956 236208
294.958 236207
294.963 236206
294.986 236205
294.999 236195
295.018 236194
295.019 236191
295.022 236190
295.087 236189
296.145 236179
296.151 236177
296.278 236172
296.281 236171
296.305 236170
296.321 236164
296.411 236160
296.419 236156
296.426 236155
296.461 236153
296.472 236152
296.515 236150
296.541 236148
296.582 236147
296.677 236141
296.695 236129
296.698 236128
296.708 236127
296.721 236123
296.731 236118
296.779 236116
296.79 236114
296.815 236113
296.828 236112
296.832 236099
296.869 236097
296.892 236095
297.028 236093
297.057 236092
297.061 236088
297.068 236085
297.077 236084
297.081 236080
297.098 236077
297.405 236076
297.457 236073
297.462 236072
297.47 236070
297.472 236067
297.501 236065
297.591 236062
297.611 236055
297.964 236053
297.965 236052
297.967 236048
298.136 236047
298.173 236046
298.179 236040
298.189 236038
298.202 236035
300.418 236032
300.44 236029
300.467 236027
300.579 236022
300.587 236020
300.601 236018
300.616 236015
300.618 236013
300.705 236012
301.146 236007
301.152 236004
301.197 236002
301.243 235995
301.248 235986
301.266 235983
301.271 235980
302.452 235979
302.454 235972
302.458 235966
302.775 235964
302.791 235961
302.792 235956
302.801 235955
302.807 235951
302.813 235949
302.819 235945
302.836 235944
302.86 235940
303.288 235937
303.294 235936
303.336 235935
303.411 235932
303.415 235931
303.417 235929
303.428 235927
303.438 235926
303.447 235924
306.104 235918
306.112 235915
306.119 235913
306.119 235912
306.365 235911
306.374 235909
306.384 235902
306.443 235896
306.445 235895
306.45 235890
306.464 235887
306.485 235886
306.538 235885
309.148 235880
309.149 235876
309.478 235871
309.567 235866
312.275 235864
312.289 235863
312.306 235862
312.309 235861
312.317 235859
312.321 235856
313.562 235853
313.565 235852
313.566 235849
313.596 235845
315.308 235843
315.328 235837
315.335 235836
315.352 235833
315.414 235831
315.787 235827
315.833 235826
315.895 235817
315.918 235816
315.972 235815
316.139 235809
316.274 235806
316.275 235805
316.287 235804
316.34 235802
316.341 235800
316.349 235799
316.354 235796
316.436 235792
316.549 235788
316.557 235781
316.561 235777
318.385 235771
318.394 235767
318.401 235766
318.486 235753
318.498 235752
318.54 235746
318.885 235745
318.91 235744
324.281 235742
324.343 235741
324.35 235740
324.375 235738
324.376 235736
324.41 235734
324.416 235732
324.43 235724
324.466 235722
324.472 235721
324.473 235720
324.515 235716
325.147 235708
325.159 235706
325.163 235704
325.169 235703
325.292 235702
325.304 235698
325.306 235697
325.329 235694
325.344 235693
325.399 235692
325.409 235686
325.49 235683
327.84 235681
327.849 235680
327.857 235676
327.874 235675
327.875 235674
327.921 235672
327.977 235671
328.01 235668
328.088 235666
328.246 235652
331.792 235650
331.82 235648
332.035 235647
332.074 235642
332.086 235638
332.089 235637
332.114 235636
332.179 235632
332.311 235628
332.328 235627
332.343 235623
332.345 235621
334.464 235619
337.007 235617
338.509 235616
338.51 235614
338.546 235613
338.604 235611
338.719 235609
341.988 235606
342.001 235605
342.019 235604
342.222 235602
342.231 235601
342.281 235597
342.328 235596
342.338 235594
342.34 235593
342.36 235590
342.522 235586
342.546 235584
342.573 235581
342.663 235580
342.676 235579
342.686 235578
342.696 235577
342.703 235575
342.711 235574
343.041 235571
343.074 235569
345.251 235568
345.266 235567
345.277 235566
345.29 235564
345.306 235563
348.26 235562
348.264 235561
348.305 235557
348.325 235555
348.347 235553
348.38 235547
348.389 235546
348.395 235541
348.413 235538
350.202 235536
350.232 235535
350.256 235534
350.339 235532
350.356 235528
350.408 235525
350.415 235523
350.536 235520
352.362 235514
352.655 235512
352.818 235511
353.362 235509
353.465 235504
354.234 235503
354.549 235501
354.616 235499
354.954 235498
357.238 235497
357.274 235496
357.312 235495
357.374 235494
357.386 235493
357.387 235492
357.425 235488
357.435 235486
357.436 235485
357.454 235481
357.961 235479
358.078 235478
358.279 235476
358.427 235475
358.428 235471
359.11 235468
359.116 235466
359.126 235464
359.239 235463
359.298 235460
359.311 235458
359.316 235457
359.341 235451
359.403 235450
359.441 235449
359.734 235448
361.146 235444
361.149 235441
361.153 235440
361.208 235438
361.212 235436
361.217 235435
361.99 235434
362.038 235433
362.067 235432
362.13 235428
362.567 235427
363.479 235426
363.488 235425
363.496 235424
363.53 235423
363.54 235422
363.58 235416
363.898 235415
363.948 235414
363.951 235412
364.779 235411
364.848 235405
364.853 235403
364.863 235402
364.899 235401
364.902 235400
365.011 235399
365.023 235398
370.912 235395
371.057 235394
371.166 235393
371.247 235390
371.338 235389
371.377 235388
371.415 235387
371.707 235386
371.817 235384
371.876 235380
371.905 235377
372.018 235371
372.139 235370
372.398 235366
373.15 235364
373.681 235363
374.402 235361
374.427 235359
374.699 235358
374.708 235356
374.8 235354
375.051 235352
375.054 235348
375.072 235347
375.102 235346
375.193 235345
375.2 235342
381.453 235339
381.455 235337
381.52 235335
381.594 235333
381.632 235330
381.7 235329
381.958 235328
381.987 235326
382.156 235324
382.167 235323
382.186 235321
382.369 235318
382.427 235317
382.436 235314
382.456 235312
382.486 235311
382.669 235310
382.68 235309
382.684 235307
382.803 235305
389.138 235303
389.19 235302
389.71 235300
389.826 235299
389.846 235297
392.543 235296
392.608 235295
392.627 235294
392.66 235293
392.7 235292
392.852 235289
393.105 235286
393.118 235282
393.122 235281
393.139 235280
393.627 235279
393.679 235277
394.488 235275
394.584 235274
394.669 235273
394.671 235271
394.698 235270
394.726 235269
394.736 235268
394.755 235267
394.992 235265
395.02 235264
395.274 235262
395.289 235261
395.295 235260
395.383 235259
395.434 235258
395.604 235256
395.621 235255
395.641 235253
395.673 235252
