1.444 388645
1.448 388632
1.449 388593
1.451 388545
1.452 388520
1.453 388515
1.456 388484
1.457 388462
1.459 388340
1.46 388313
1.461 388268
1.462 388225
1.463 388224
1.466 388212
1.467 388191
1.469 388182
1.47 388155
1.471 388129
1.473 388106
1.474 388100
1.475 388070
1.478 387983
1.478 387974
1.48 387857
1.481 387837
1.482 387734
1.486 387733
1.487 387692
1.489 387690
1.49 387676
1.492 387582
1.493 387571
1.493 387523
1.494 387498
1.495 387442
1.497 387399
1.5 387382
1.501 387372
1.502 387346
1.503 387345
1.504 387331
1.505 387307
1.506 387290
1.507 387278
1.509 387277
1.51 387250
1.514 387241
1.515 387225
1.516 387223
1.517 387190
1.518 387162
1.519 387156
1.52 387153
1.521 387119
1.527 387087
1.534 387022
1.535 387020
1.536 387005
1.538 387004
1.539 386985
1.541 386969
1.542 386966
1.543 386965
1.543 386963
1.544 386959
1.547 386942
1.549 386837
1.562 386789
1.563 386788
1.565 386784
1.566 386771
1.568 386764
1.569 386760
1.57 386753
1.571 386688
1.572 386685
1.574 386649
1.575 386631
1.579 386626
1.58 386623
1.581 386613
1.582 386587
1.583 386580
1.585 386566
1.588 386542
1.589 386527
1.591 386510
1.592 386503
1.596 386491
1.598 386423
1.599 386422
1.601 386421
1.603 386418
1.607 386401
1.609 386399
1.61 386398
1.616 386396
1.618 386388
1.62 386356
1.623 386341
1.624 386325
1.625 386322
1.627 386321
1.629 386319
1.634 386315
1.636 386299
1.638 386246
1.639 386211
1.64 386174
1.643 386166
1.644 386163
1.645 386140
1.647 386115
1.649 386101
1.65 386093
1.651 386067
1.652 386064
1.653 386059
1.657 386028
1.659 386020
1.66 385967
1.665 385964
1.668 385945
1.67 385941
1.671 385940
1.674 385871
1.679 385869
1.68 385857
1.691 385762
1.691 385760
1.693 385759
1.696 385751
1.697 385750
1.707 385746
1.71 385707
1.711 385677
1.712 385664
1.714 385629
1.715 385614
1.716 385611
1.718 385600
1.719 385512
1.724 385478
1.727 385454
1.727 385449
1.801 385447
1.803 385430
1.805 385328
1.806 385324
1.839 385314
1.839 385313
1.848 385296
1.852 385289
90.286 385212
90.287 385207
90.288 385179
90.31 385171
90.328 385153
90.332 385146
90.339 385137
90.34 385127
90.341 385108
90.346 385048
90.373 385047
90.373 385046
90.375 384995
90.377 384947
90.378 384945
90.379 384928
90.38 384911
90.381 384907
90.392 384877
90.393 384876
90.395 384875
90.397 384872
90.398 384858
94.851 384844
94.854 384843
94.855 384818
94.857 384815
94.858 384810
94.863 384794
94.867 384780
94.869 384770
95.322 384762
95.323 384722
95.329 384706
95.332 384701
95.334 384691
95.336 384674
95.339 384645
95.341 384640
95.343 384630
95.38 384621
95.381 384496
95.382 384490
95.384 384486
95.385 384478
95.388 384466
95.56 384464
95.563 384462
95.592 384446
95.594 384443
95.596 384381
96.806 384360
96.807 384358
96.811 384339
96.813 384301
96.819 384266
96.821 384228
96.83 384222
96.831 384213
96.834 384170
96.835 384166
96.836 384165
96.838 384158
96.838 384149
96.84 384144
96.86 384143
96.907 384139
96.908 384138
97.534 384131
97.538 384124
97.54 384110
97.546 384104
97.548 384099
97.9 384097
97.901 384096
97.93 384072
97.94 384067
97.944 384054
97.948 384012
97.949 384007
97.95 384005
97.958 383964
97.959 383961
97.969 383945
97.971 383933
97.972 383887
97.973 383883
97.976 383843
97.981 383784
97.983 383737
104.741 383729
104.756 383709
104.797 383694
105.391 383691
105.392 383675
105.395 383629
105.401 383626
105.409 383619
105.521 383616
106.23 383614
106.237 383569
106.304 383568
106.306 383527
106.308 383518
106.311 383515
106.314 383470
106.316 383457
106.396 383442
106.399 383430
106.404 383423
106.407 383413
106.424 383410
106.428 383399
106.436 383398
106.446 383394
106.448 383373
106.452 383369
106.481 383362
106.488 383338
106.49 383330
106.501 383324
106.503 383312
106.509 383291
106.514 383289
106.515 383270
106.522 383269
109.336 383244
109.347 383176
109.353 383164
109.948 383116
109.959 383099
109.965 383092
109.966 383081
109.977 383057
124.673 383048
124.674 383039
131.297 383026
131.298 382981
131.303 382980
131.306 382976
131.309 382971
131.347 382970
131.349 382950
131.357 382943
131.359 382939
131.378 382888
131.385 382872
131.393 382863
131.395 382861
131.401 382840
131.407 382833
131.41 382820
131.415 382811
131.418 382804
131.475 382803
131.478 382801
131.479 382786
131.483 382770
131.499 382764
131.5 382759
131.507 382722
131.508 382705
131.51 382663
131.525 382660
131.526 382657
131.528 382649
131.898 382630
131.934 382612
131.935 382611
131.938 382608
131.95 382598
131.955 382593
132.123 382590
132.124 382587
132.129 382583
132.132 382572
132.136 382565
132.14 382555
132.171 382540
136.014 382488
136.023 382480
136.026 382466
136.028 382465
136.03 382464
138.476 382460
138.479 382444
138.481 382427
138.527 382400
138.53 382389
138.531 382385
138.533 382383
138.535 382371
138.582 382349
138.592 382347
138.596 382346
138.598 382319
138.6 382313
138.61 382277
138.707 382275
139.12 382270
139.335 382199
139.363 382190
139.368 382179
139.415 382155
139.418 382151
139.419 382148
139.862 382144
139.865 382126
139.866 382124
139.896 382122
139.897 382119
139.898 382111
139.903 382105
139.911 382089
139.914 382067
139.92 382060
139.94 382045
139.942 382043
139.95 382040
139.951 382038
139.954 382023
139.956 382022
139.966 382017
139.967 382016
139.978 381998
139.985 381986
139.989 381977
139.99 381975
139.991 381967
139.997 381965
140.381 381955
140.385 381952
140.389 381932
140.391 381929
140.392 381925
140.397 381921
140.402 381919
140.405 381911
140.411 381909
140.416 381908
140.419 381906
140.42 381898
140.426 381870
140.428 381845
140.455 381842
140.482 381828
140.49 381824
140.491 381823
140.493 381787
140.494 381770
152.19 381767
152.244 381766
152.253 381759
152.26 381751
152.267 381734
152.281 381708
152.282 381685
152.284 381669
152.286 381664
152.29 381651
152.291 381649
152.307 381618
152.375 381614
152.38 381608
152.391 381581
152.583 381578
152.587 381559
152.591 381542
154.993 381536
155 381501
155.001 381497
155.003 381495
155.031 381475
155.035 381452
155.036 381442
155.037 381418
155.051 381408
155.055 381383
155.058 381360
155.06 381352
155.061 381341
155.065 381327
155.068 381303
155.07 381296
155.076 381277
164.869 381266
164.883 381261
164.884 381241
164.886 381229
165.007 381224
165.01 381218
165.046 381210
165.048 381203
165.74 381198
165.745 381174
165.746 381164
165.777 381160
165.779 381157
165.833 381138
165.836 381131
165.856 381130
165.857 381118
165.861 381110
165.867 381107
165.877 381099
165.879 381096
165.88 381095
165.883 381089
165.886 381083
166.015 381082
166.018 381041
166.022 381027
166.028 381025
166.029 381022
166.098 381018
166.169 381009
166.173 380995
166.188 380945
166.198 380931
166.201 380906
166.202 380905
169.507 380901
169.51 380898
169.512 380882
169.514 380881
169.516 380868
169.519 380813
169.52 380805
169.526 380792
169.54 380778
169.654 380777
169.664 380764
169.665 380660
169.667 380657
169.67 380654
170.263 380637
170.266 380635
170.292 380623
170.296 380608
170.297 380607
170.298 380606
170.3 380595
170.679 380591
170.694 380579
170.696 380575
173.677 380568
173.692 380563
173.695 380558
173.697 380551
173.698 380541
173.78 380526
174.638 380515
174.639 380492
174.645 380484
174.647 380457
174.649 380456
174.65 380447
174.655 380435
174.656 380424
174.663 380421
175.615 380397
178.259 380391
178.261 380382
178.27 380356
178.271 380350
178.276 380346
178.604 380340
178.648 380338
178.651 380329
178.653 380322
178.681 380319
178.689 380303
178.691 380301
178.703 380294
178.706 380264
178.73 380245
178.732 380244
178.779 380237
178.847 380226
178.853 380225
178.856 380205
178.86 380203
178.862 380197
178.865 380188
178.868 380180
178.899 380179
178.903 380177
178.929 380175
178.93 380174
178.932 380162
178.94 380139
179.183 380117
179.185 380093
179.19 380088
179.197 380068
179.2 380058
180.19 380017
180.245 380011
180.247 380008
180.252 380005
180.254 380000
180.259 379998
180.26 379991
180.262 379987
180.275 379986
180.278 379970
180.333 379960
182.067 379925
182.07 379901
182.071 379880
182.072 379879
182.077 379875
182.089 379866
182.093 379852
182.1 379839
182.102 379836
182.118 379821
182.12 379820
182.123 379813
182.131 379769
182.161 379765
183.444 379755
183.446 379705
183.492 379699
183.494 379679
183.551 379658
183.589 379653
185.544 379624
185.562 379618
185.563 379614
185.564 379594
185.583 379582
186 379579
186.001 379577
186.018 379538
188.855 379537
188.857 379508
188.86 379485
188.863 379480
188.867 379458
188.869 379455
188.87 379454
188.915 379452
188.965 379447
188.967 379445
188.974 379432
189.174 379423
189.176 379410
190.01 379407
190.012 379351
190.016 379349
192.524 379339
192.83 379320
192.837 379314
192.858 379302
192.859 379278
192.921 379276
193.699 379274
193.702 379269
193.711 379262
193.713 379247
193.721 379245
193.725 379243
193.779 379240
193.787 379235
193.795 379221
193.797 379216
193.798 379215
193.806 379200
193.807 379199
193.808 379190
193.809 379173
193.811 379166
193.829 379165
193.83 379163
193.833 379151
193.835 379144
193.836 379140
193.995 379135
193.996 379134
194.072 379125
194.494 379120
194.498 379118
194.54 379103
194.543 379095
194.545 379085
194.558 379070
200.394 379067
200.398 379062
200.401 379058
200.402 379057
200.408 379053
200.412 379047
200.43 379041
200.44 379029
200.443 379025
200.464 379006
200.484 379004
200.532 378986
200.544 378962
200.553 378959
200.579 378951
200.581 378948
200.585 378934
200.587 378924
200.595 378911
201.042 378902
201.049 378898
201.083 378867
201.085 378863
201.093 378831
201.298 378826
201.71 378817
201.718 378816
202.106 378815
202.526 378812
202.562 378802
202.564 378772
202.784 378754
202.792 378750
202.794 378740
202.797 378738
202.798 378717
202.801 378706
202.832 378654
202.897 378639
202.906 378634
212.683 378620
212.685 378606
212.686 378593
212.692 378549
212.812 378548
212.815 378539
212.823 378511
212.824 378480
213.079 378476
213.164 378475
213.17 378473
213.178 378471
213.18 378464
213.204 378443
213.206 378428
213.213 378427
213.23 378374
213.231 378366
213.244 378362
213.248 378357
213.251 378350
213.252 378341
213.254 378325
215.612 378323
215.622 378318
215.626 378307
215.785 378301
215.787 378294
215.828 378290
215.835 378289
215.85 378280
215.918 378271
215.919 378269
215.951 378261
215.954 378245
215.959 378228
215.965 378224
215.967 378220
215.973 378215
216.001 378213
217.151 378212
217.156 378211
217.166 378201
217.177 378196
217.189 378158
217.628 378147
218.78 378139
218.783 378122
218.785 378116
218.795 378112
218.799 378105
218.832 378103
218.874 378102
218.876 378100
218.885 378099
219.022 378081
219.077 378066
219.085 378056
219.086 378047
219.094 378044
219.098 378035
219.101 378000
219.103 377985
219.224 377977
219.234 377976
219.238 377956
219.242 377952
219.26 377942
219.272 377933
219.279 377924
219.281 377905
219.285 377903
219.291 377901
219.299 377887
219.314 377882
219.377 377881
219.379 377875
219.385 377863
219.524 377859
219.532 377858
219.639 377842
219.649 377841
219.653 377803
219.655 377796
219.663 377775
219.664 377773
219.665 377766
219.669 377761
219.681 377752
219.69 377747
219.691 377743
219.709 377742
219.711 377739
219.728 377733
219.738 377732
219.839 377729
219.945 377712
233.047 377710
236.487 377702
236.491 377696
236.495 377680
236.517 377679
236.525 377678
236.532 377673
236.556 377665
236.581 377664
236.582 377655
236.618 377647
237.034 377645
237.141 377643
237.187 377632
237.189 377628
237.193 377607
237.304 377602
241.503 377597
241.505 377593
241.51 377588
241.514 377576
241.517 377572
241.524 377559
241.532 377557
241.537 377554
241.56 377553
241.68 377548
241.686 377546
241.692 377541
241.693 377524
241.702 377521
241.704 377520
241.709 377512
241.712 377510
241.732 377505
241.736 377490
241.75 377489
241.766 377476
241.769 377457
241.777 377436
241.788 377426
241.792 377424
241.794 377420
241.795 377405
241.796 377377
242.096 377365
242.102 377333
242.108 377329
242.11 377323
242.114 377322
242.118 377308
242.131 377300
242.134 377296
242.136 377291
242.143 377290
242.197 377284
242.22 377281
242.223 377280
242.226 377273
242.233 377255
242.242 377247
242.246 377244
242.301 377239
245.72 377217
245.729 377214
252.381 377190
252.383 377186
252.432 377174
252.433 377173
252.435 377172
252.443 377166
252.457 377149
252.479 377138
252.482 377134
252.486 377132
252.488 377123
252.503 377094
252.511 377090
252.514 377087
252.515 377085
252.522 377080
252.528 377079
252.539 377077
252.619 377074
252.624 377069
252.636 377043
252.646 377036
252.65 377034
252.668 377029
252.672 377027
252.708 377025
252.714 377021
252.725 377013
252.727 377012
252.731 377010
252.761 377009
252.766 377000
252.769 376983
252.775 376968
252.779 376950
252.809 376934
256.32 376923
256.483 376917
256.489 376913
256.492 376896
256.493 376894
256.698 376883
256.711 376879
256.725 376875
256.737 376873
256.739 376872
256.749 376869
256.758 376865
256.778 376857
256.807 376855
256.822 376854
256.857 376845
257.431 376843
257.433 376841
257.436 376836
257.447 376833
257.456 376830
257.463 376823
257.472 376821
257.476 376819
257.478 376814
257.497 376812
257.499 376811
257.504 376800
257.515 376790
257.52 376778
257.522 376775
257.524 376768
257.526 376763
257.528 376755
257.529 376743
257.596 376741
259.686 376735
259.692 376713
259.94 376704
260.277 376698
260.945 376693
260.957 376690
260.962 376676
260.968 376675
260.972 376663
260.977 376653
260.978 376652
260.989 376651
261.815 376649
261.873 376629
261.876 376627
261.879 376614
261.885 376608
261.917 376607
261.92 376598
261.924 376597
261.945 376591
261.968 376569
261.97 376568
261.98 376565
261.985 376562
261.986 376560
261.988 376553
262.02 376551
262.024 376537
262.03 376530
262.031 376520
262.04 376515
266.677 376512
266.679 376509
267.728 376503
267.737 376498
267.781 376481
267.841 376475
267.843 376471
267.846 376461
267.853 376450
268.76 376445
268.768 376444
268.774 376439
268.877 376433
268.878 376425
268.938 376423
268.946 376418
268.949 376413
268.951 376396
268.952 376395
268.955 376392
268.957 376385
269.308 376383
269.355 376381
269.368 376378
269.37 376376
269.372 376375
269.375 376373
269.377 376371
269.469 376370
269.475 376364
269.482 376362
269.487 376355
269.492 376348
269.505 376343
269.666 376337
269.678 376333
270.221 376329
270.232 376326
270.237 376319
270.241 376316
270.242 376309
277.542 376308
277.65 376305
279.223 376300
279.228 376298
279.239 376289
279.249 376270
279.252 376269
279.254 376247
279.276 376244
279.296 376241
279.319 376239
279.504 376237
279.508 376236
279.535 376205
279.544 376193
279.55 376192
279.551 376182
279.554 376177
279.566 376174
279.568 376173
279.571 376171
279.577 376160
279.586 376155
279.587 376153
279.596 376150
279.6 376137
279.642 376136
279.748 376135
279.749 376134
279.767 376133
279.77 376131
279.776 376130
279.803 376129
279.805 376127
279.82 376124
279.855 376118
279.882 376106
279.886 376104
279.966 376099
279.98 376096
279.982 376091
279.989 376090
280.027 376089
280.029 376079
280.105 376075
280.142 376062
280.145 376042
280.177 376041
280.188 376040
280.218 376031
280.222 376028
280.223 376019
280.232 376014
280.238 376013
280.251 376012
280.254 376011
280.279 376007
280.7 375997
280.706 375992
280.722 375991
280.743 375989
280.746 375962
280.759 375955
280.796 375939
280.797 375938
280.798 375933
280.844 375931
281.024 375921
281.028 375912
281.031 375909
281.107 375908
281.114 375904
281.116 375903
281.139 375900
281.177 375898
281.189 375895
281.195 375887
281.197 375886
281.202 375884
281.223 375877
281.261 375875
281.56 375868
281.577 375863
281.581 375862
281.585 375856
281.588 375850
281.591 375848
281.681 375828
281.689 375826
281.693 375821
281.964 375817
281.975 375812
281.977 375811
281.985 375792
281.994 375779
282 375771
282.023 375767
282.036 375765
282.051 375764
282.085 375760
282.121 375756
282.126 375751
282.127 375746
282.131 375745
282.157 375743
282.162 375735
282.166 375733
282.19 375725
282.194 375721
282.197 375708
285.831 375704
285.839 375693
285.86 375688
285.875 375680
285.878 375677
285.885 375676
285.896 375675
285.897 375671
285.912 375670
288.526 375667
288.527 375663
288.528 375661
288.578 375649
291.669 375643
291.675 375641
291.685 375634
291.686 375626
294.066 375623
294.07 375622
294.074 375603
294.075 375599
294.784 375593
294.804 375588
294.812 375574
294.819 375573
294.825 375571
294.877 375569
294.878 375564
294.887 375563
294.935 375560
294.939 375534
294.959 375531
294.965 375528
295.835 375518
295.837 375512
295.947 375511
295.955 375508
296.862 375496
296.864 375491
296.88 375487
297.844 375482
297.849 375478
297.851 375458
297.891 375448
297.899 375434
297.92 375433
297.921 375420
297.935 375418
297.945 375411
297.948 375409
297.95 375403
297.988 375402
298.001 375399
298.004 375397
298.008 375385
298.082 375384
298.085 375382
298.092 375381
298.097 375372
298.694 375363
300.72 375354
300.731 375353
300.761 375351
300.798 375350
300.807 375347
300.812 375346
302.75 375342
303 375338
303.119 375335
303.124 375327
303.132 375321
305.349 375320
305.366 375315
305.779 375305
305.781 375301
306.045 375300
306.058 375289
306.081 375288
306.085 375287
306.12 375285
306.124 375284
306.136 375283
306.303 375277
306.458 375276
306.561 375269
306.57 375264
306.778 375262
306.785 375260
307.649 375259
307.66 375247
307.668 375242
307.694 375239
307.716 375228
307.746 375226
307.761 375221
307.793 375215
307.797 375206
307.815 375205
307.821 375203
307.827 375197
307.885 375196
307.894 375195
307.897 375194
307.897 375190
307.904 375181
307.91 375180
307.922 375178
307.952 375173
311.601 375170
311.613 375162
311.64 375157
312.876 375156
312.878 375154
312.904 375147
312.918 375142
312.922 375139
312.924 375127
312.933 375124
312.937 375115
312.942 375105
312.944 375100
312.96 375099
312.963 375068
312.967 375067
312.99 375064
312.992 375058
312.994 375057
313.006 375056
313.012 375049
313.014 375047
313.036 375043
313.046 375041
313.059 375037
313.088 375034
313.218 375029
314.419 375020
314.428 375019
314.454 375014
314.465 375013
314.478 375008
314.629 375002
314.633 374998
314.747 374996
314.787 374991
314.815 374986
314.848 374984
314.852 374978
314.863 374976
315.141 374964
315.143 374963
317.084 374962
317.578 374958
317.59 374957
317.602 374955
317.603 374951
317.615 374945
317.617 374944
317.623 374940
317.714 374935
317.734 374932
317.74 374929
317.742 374920
317.778 374917
317.783 374905
317.786 374902
317.798 374901
317.802 374900
317.807 374891
317.808 374890
317.822 374888
317.847 374886
317.851 374884
317.876 374880
317.877 374878
317.886 374877
317.936 374874
318.222 374865
318.269 374860
318.287 374859
318.295 374858
318.298 374857
318.324 374852
318.326 374849
318.349 374835
318.366 374832
318.369 374828
318.385 374827
318.397 374822
318.406 374821
318.41 374816
318.417 374814
318.428 374813
318.557 374810
318.582 374801
318.689 374797
318.69 374796
319.581 374764
319.618 374762
319.621 374755
319.628 374746
319.636 374743
319.669 374742
319.678 374737
319.753 374734
319.762 374733
320.437 374731
320.475 374724
321.376 374722
321.381 374720
321.383 374716
321.397 374709
321.674 374704
321.698 374703
321.745 374700
321.756 374688
321.762 374682
321.879 374679
321.954 374678
321.96 374674
321.973 374672
322.002 374657
322.019 374650
322.043 374648
322.117 374630
322.118 374627
322.72 374623
322.803 374622
322.81 374616
327.117 374615
327.12 374610
327.128 374602
327.155 374590
327.159 374585
327.175 374582
327.18 374564
327.198 374562
327.705 374560
327.72 374557
327.722 374549
327.725 374548
327.733 374543
327.751 374539
327.862 374537
327.873 374536
327.891 374530
327.899 374522
327.917 374517
327.92 374516
327.928 374514
327.929 374512
327.951 374511
328.016 374505
328.03 374500
328.051 374498
328.06 374493
328.074 374480
328.08 374477
328.201 374474
328.996 374468
329.003 374464
329.018 374463
329.029 374457
329.071 374454
329.075 374453
329.083 374443
329.084 374439
329.089 374438
333.644 374434
333.663 374427
333.719 374418
333.728 374412
333.736 374410
334.966 374397
335.427 374396
335.435 374391
335.444 374386
335.463 374380
335.649 374379
335.653 374374
343.722 374373
343.76 374372
343.786 374370
343.79 374364
343.81 374361
343.848 374354
343.92 374349
343.939 374347
344.953 374339
345.316 374336
347.204 374334
347.227 374333
347.452 374332
347.457 374321
347.461 374320
347.557 374317
347.578 374314
347.589 374310
347.594 374307
347.625 374306
347.74 374298
348.077 374297
348.081 374293
348.103 374290
348.107 374281
348.11 374280
348.391 374276
348.449 374275
348.696 374273
348.723 374272
348.727 374261
348.728 374259
352.235 374257
352.403 374255
352.411 374251
352.423 374248
352.441 374245
352.444 374243
352.487 374239
353.413 374238
353.999 374228
354.092 374227
354.097 374226
354.11 374223
354.124 374222
354.153 374219
354.437 374217
354.467 374216
354.505 374215
354.506 374213
354.534 374212
354.541 374207
355.641 374202
355.712 374200
355.716 374197
355.855 374187
355.988 374178
356.458 374177
357.791 374176
357.793 374175
357.808 374174
367.118 374168
367.141 374167
367.165 374164
367.174 374162
367.192 374161
367.503 374155
367.546 374151
367.548 374148
367.552 374145
367.553 374144
370.038 374143
370.066 374141
370.071 374136
370.287 374134
370.357 374130
370.381 374123
370.386 374122
370.41 374117
370.437 374116
370.443 374113
370.445 374110
375.97 374105
375.982 374104
376.412 374101
376.46 374095
376.481 374093
376.702 374088
376.907 374087
376.927 374086
376.953 374083
377.027 374081
377.036 374078
377.06 374076
377.068 374074
377.07 374071
377.12 374069
377.127 374066
377.138 374064
377.156 374063
377.162 374053
377.193 374052
377.235 374049
377.251 374047
377.417 374043
377.466 374040
377.497 374036
377.508 374035
377.58 374032
377.585 374031
377.602 374029
380.895 374026
380.922 374025
380.935 374021
380.954 374011
381.055 374009
381.323 374008
381.344 374006
381.38 374002
381.701 374000
381.708 373998
381.709 373997
381.713 373996
381.757 373995
392.307 373994
392.38 373993
392.421 373984
392.461 373978
392.481 373976
392.497 373970
392.513 373969
392.642 373966
392.656 373964
393.161 373960
394.021 373959
394.027 373948
394.028 373946
394.264 373945
394.305 373944
394.311 373931
394.322 373925
394.326 373924
395.648 373918
395.73 373915
395.751 373908
395.769 373907
395.967 373906
395.968 373905
395.976 373902
395.986 373901
395.99 373894
396.009 373891
396.038 373889
396.045 373888
396.14 373879
396.314 373877
396.768 373874
396.779 373873
396.824 373872
396.837 373868
396.857 373867
396.875 373861
396.908 373853
396.909 373852
396.91 373850
396.947 373849
397.033 373848
397.051 373846
397.064 373841
397.074 373831
397.158 373828
397.16 373825
397.165 373823
401.332 373820
401.536 373817
401.574 373815
401.578 373813
401.586 373811
402.865 373809
402.882 373807
402.91 373806
409.008 373804
409.861 373803
409.878 373800
410.078 373797
410.091 373794
410.097 373792
410.142 373790
410.149 373788
410.157 373778
410.165 373777
410.185 373776
410.224 373774
410.263 373772
410.298 373770
410.302 373761
410.306 373759
410.314 373754
410.324 373750
410.556 373743
410.59 373739
410.607 373738
410.617 373737
410.724 373736
413.167 373735
413.17 373733
413.259 373732
413.262 373730
413.333 373729
413.365 373728
413.367 373724
413.421 373723
413.611 373721
413.647 373720
413.706 373715
414.38 373712
414.382 373705
414.384 373704
414.388 373703
414.455 373702
414.47 373701
414.52 373697
414.549 373694
414.708 373693
414.76 373691
414.761 373690
414.769 373689
414.778 373685
414.81 373684
414.828 373680
414.838 373674
414.855 373670
414.889 373669
414.905 373665
414.911 373662
414.95 373660
414.961 373659
414.966 373658
415.011 373657
415.022 373655
415.032 373650
415.131 373649
415.158 373647
415.172 373646
415.189 373645
415.203 373642
415.268 373640
415.275 373637
418.434 373636
424.692 373634
424.704 373629
424.749 373628
424.758 373626
424.76 373624
424.762 373623
425.667 373622
425.86 373621
427.53 373617
427.58 373616
427.587 373614
427.603 373612
427.632 373609
427.652 373608
427.688 373594
427.725 373592
427.731 373588
429.69 373587
429.694 373584
429.719 373582
429.755 373581
429.953 373576
429.975 373574
430.052 373567
430.586 373566
434.371 373564
434.405 373556
434.41 373554
434.419 373553
434.453 373552
435.098 373551
436.469 373550
438.25 373549
438.254 373548
438.337 373542
438.342 373539
438.362 373538
438.386 373537
438.553 373536
438.687 373535
439.023 373533
439.056 373531
439.185 373530
440.622 373526
440.847 373525
440.864 373524
440.865 373523
447.175 373521
447.41 373519
447.42 373515
447.423 373511
451.791 373510
451.883 373507
451.899 373506
452.368 373505
453.322 373501
453.334 373499
453.505 373498
453.512 373495
453.532 373493
453.785 373492
454.057 373490
454.074 373489
454.12 373485
454.136 373482
454.145 373480
454.146 373479
454.272 373478
454.343 373477
454.353 373475
454.373 373474
454.38 373473
454.416 373472
454.426 373470
454.874 373465
454.907 373464
454.931 373463
454.958 373462
454.997 373461
455.027 373458
455.071 373457
455.076 373456
455.121 373453
455.124 373452
455.643 373449
455.662 373447
455.684 373445
456.226 373444
456.243 373441
456.249 373440
456.279 373439
456.285 373438
456.607 373436
456.758 373433
459.345 373429
459.559 373428
461.285 373426
461.294 373425
461.656 373423
462.161 373421
462.242 373420
462.291 373417
462.333 373416
462.406 373413
462.443 373412
462.457 373411
462.662 373410
462.812 373409
462.82 373401
462.862 373399
462.884 373397
462.886 373391
462.898 373390
462.937 373389
462.968 373388
463.021 373386
463.079 373385
463.098 373382
463.176 373379
463.19 373378
463.21 373377
463.314 373376
463.696 373371
463.699 373368
463.808 373366
463.86 373361
464.075 373360
464.174 373359
467.532 373358
467.959 373357
