7.763 418183
7.765 418156
7.766 418151
7.769 418135
7.771 418126
7.774 418118
7.775 418105
7.778 418101
7.779 418062
7.781 418020
7.782 418017
7.785 418008
7.786 418003
7.789 417987
7.791 417974
7.792 417962
7.793 417960
7.798 417947
7.799 417936
7.801 417925
7.802 417911
7.814 417848
7.815 417829
7.817 417816
7.818 417806
7.82 417799
7.821 417783
7.822 417760
7.824 417739
7.825 417734
7.827 417719
7.829 417718
7.83 417680
7.831 417672
7.834 417668
7.836 417636
7.837 417621
7.838 417586
7.84 417584
7.841 417574
7.843 417519
7.844 417514
7.846 417513
7.847 417505
7.849 417502
7.85 417481
7.851 417480
7.853 417479
7.855 417470
7.856 417439
7.86 417423
7.863 417417
7.864 417409
7.871 417407
7.873 417404
7.874 417371
7.877 417367
7.878 417361
7.895 417360
7.901 417357
7.903 417333
7.905 417327
7.906 417321
7.909 417293
7.91 417288
7.913 417285
7.914 417233
7.915 417223
7.917 417206
7.918 417195
7.92 417179
7.921 417175
7.924 417171
7.926 417117
7.927 417102
7.939 417080
7.941 417074
7.942 417060
7.945 417051
7.947 417034
7.948 417029
7.952 417004
7.957 416942
7.958 416930
7.96 416922
7.961 416894
7.962 416890
7.964 416878
7.965 416859
7.967 416848
7.968 416827
7.969 416816
7.971 416801
7.973 416798
7.974 416792
7.975 416791
7.978 416783
7.98 416782
7.981 416780
7.983 416764
7.984 416763
7.986 416751
8 416747
8.002 416726
8.003 416698
8.005 416669
8.009 416661
8.01 416656
8.011 416631
8.015 416628
8.027 416607
8.032 416598
8.034 416596
8.036 416595
8.038 416585
8.04 416584
8.041 416572
8.042 416570
8.044 416561
8.045 416556
8.048 416551
8.051 416527
8.052 416516
8.056 416506
8.057 416502
8.059 416492
8.065 416489
8.067 416488
8.074 416486
8.075 416480
8.077 416472
8.078 416466
8.079 416455
8.081 416451
8.093 416433
8.098 416420
8.1 416416
8.103 416369
8.104 416361
8.112 416338
8.114 416327
8.116 416321
8.117 416294
8.118 416287
8.12 416255
8.122 416237
8.123 416209
8.124 416205
8.125 416165
8.129 416163
8.131 416157
8.133 416155
8.135 416151
8.139 416142
8.141 416130
8.143 416124
8.149 416111
8.161 416100
8.162 416086
8.163 416081
8.167 416075
8.168 416073
8.188 416059
8.189 416057
8.191 416049
8.193 416047
8.195 416043
8.196 416042
8.197 416031
8.199 416028
8.201 416006
8.203 415973
8.206 415970
8.207 415953
8.208 415952
8.211 415930
8.212 415927
8.214 415902
8.216 415900
8.224 415891
8.227 415868
8.237 415831
8.238 415829
8.239 415812
8.249 415804
8.252 415788
8.255 415787
8.259 415786
8.26 415769
8.263 415685
8.265 415651
8.266 415648
8.267 415646
8.275 415643
8.278 415622
8.28 415621
8.283 415618
8.285 415609
8.288 415602
8.29 415573
8.291 415558
8.294 415548
8.309 415547
8.31 415539
8.312 415534
8.313 415526
8.314 415484
8.322 415478
8.327 415464
8.329 415462
8.331 415453
8.334 415437
8.341 415426
8.344 415406
8.347 415403
8.351 415382
8.352 415375
8.354 415365
8.363 415279
8.365 415276
8.367 415258
8.368 415245
8.369 415243
8.371 415241
8.374 415238
8.376 415230
8.383 415227
8.384 415223
8.387 415219
8.391 415217
8.394 415215
8.397 415209
8.398 415203
8.411 415181
8.416 415171
8.418 415162
8.422 415153
8.423 415142
8.425 415121
8.451 415059
8.454 415056
8.459 415050
8.461 415033
8.466 415031
8.469 415027
8.47 415017
8.472 415005
8.473 415004
8.475 415002
8.48 414993
8.483 414982
8.484 414980
8.486 414959
8.489 414944
8.493 414943
8.496 414933
8.613 414931
8.615 414925
8.62 414923
8.625 414917
8.634 414916
8.635 414905
8.637 414900
8.718 414876
8.72 414871
8.721 414859
8.724 414824
8.736 414823
8.739 414820
8.74 414814
8.743 414812
8.745 414805
8.751 414803
8.754 414799
8.755 414793
8.757 414791
8.758 414786
8.76 414782
8.762 414779
8.764 414778
8.773 414777
8.775 414747
8.776 414740
8.779 414735
8.781 414733
8.783 414707
8.789 414705
8.932 414694
8.934 414691
9.089 414688
9.103 414687
9.106 414583
9.11 414582
9.112 414565
9.184 414540
9.186 414529
9.189 414525
9.194 414524
9.195 414492
9.197 414485
9.198 414484
9.815 414459
9.816 414445
10.025 414430
10.033 414351
10.044 414329
10.045 414315
10.047 414314
10.079 414307
10.08 414303
10.084 414280
10.085 414277
10.091 414263
10.092 414258
10.094 414245
10.117 414244
10.121 414242
10.125 414239
10.131 414212
10.133 414207
10.145 414205
10.157 414200
10.161 414192
10.198 414190
10.201 414186
10.224 414171
10.233 414151
91.133 414144
91.149 414141
107.208 414102
107.209 414097
107.443 414090
107.453 414089
107.455 414084
107.493 414060
107.499 414058
107.501 414057
108.816 414054
108.817 414049
108.819 414046
108.917 414039
108.919 414023
108.92 414005
108.925 413990
108.927 413979
108.928 413976
108.949 413974
108.953 413971
108.957 413969
108.958 413960
109.003 413939
109.005 413925
109.01 413911
109.038 413906
109.043 413900
109.289 413898
109.299 413868
109.311 413865
109.316 413830
109.319 413807
109.322 413803
109.327 413788
109.374 413786
109.378 413784
109.382 413763
109.384 413759
109.386 413758
109.389 413756
109.403 413735
109.405 413711
109.407 413705
109.534 413690
109.536 413689
109.742 413686
109.761 413685
109.767 413651
109.773 413649
109.777 413646
109.783 413641
109.785 413632
109.788 413631
109.796 413622
109.826 413621
109.833 413615
109.835 413608
109.84 413584
109.843 413577
109.847 413575
109.882 413549
109.884 413548
111.11 413535
111.114 413533
111.116 413521
111.189 413508
111.192 413504
111.194 413494
111.196 413490
111.199 413486
111.201 413479
111.222 413476
111.227 413463
111.228 413452
111.23 413437
111.232 413411
111.234 413394
111.235 413372
111.237 413342
111.239 413333
111.375 413281
111.38 413276
111.385 413275
111.386 413267
111.388 413266
111.395 413252
111.402 413240
111.404 413227
111.445 413225
111.529 413218
111.536 413213
111.538 413212
111.557 413211
111.562 413205
111.563 413198
111.573 413188
111.574 413175
111.581 413161
111.596 413159
111.599 413154
111.605 413135
111.606 413110
122.003 413107
122.01 413081
122.744 413078
122.752 413058
122.852 413053
122.853 413049
122.856 413044
122.859 413043
123.276 413036
123.278 413027
123.299 413021
123.3 413014
123.302 413010
124.165 413006
124.171 413004
124.174 413002
124.175 413001
124.182 412985
124.203 412983
124.224 412976
124.23 412951
124.231 412948
124.233 412946
124.234 412941
124.236 412938
124.237 412925
124.239 412907
124.249 412885
124.252 412869
124.253 412864
124.259 412833
124.261 412813
124.263 412812
124.268 412811
124.27 412775
124.296 412767
124.297 412763
124.298 412762
126.497 412761
126.634 412752
127.044 412750
127.062 412733
127.067 412725
127.079 412715
127.082 412698
127.085 412694
127.086 412686
127.102 412685
127.105 412683
127.15 412673
127.154 412672
127.16 412656
127.162 412633
127.166 412630
127.333 412622
127.343 412617
127.345 412607
127.348 412602
127.349 412601
127.368 412588
127.372 412586
127.381 412582
127.383 412567
127.394 412555
127.401 412552
127.413 412541
127.712 412538
127.717 412536
127.72 412489
127.722 412481
127.723 412457
127.726 412445
127.759 412438
129.091 412433
129.87 412430
129.882 412427
129.894 412419
129.909 412414
129.929 412406
129.932 412398
129.947 412391
129.949 412382
129.951 412380
129.967 412378
129.972 412367
129.975 412362
130.003 412361
130.027 412357
130.032 412350
130.035 412330
130.038 412327
130.042 412318
130.199 412315
130.301 412309
130.302 412298
130.308 412297
130.41 412289
130.435 412288
134.271 412286
134.273 412275
134.279 412268
134.285 412263
134.292 412236
134.293 412233
134.315 412229
134.316 412215
134.341 412205
134.349 412188
134.364 412181
134.376 412179
134.378 412168
134.38 412163
134.396 412161
134.418 412159
134.932 412149
134.938 412139
134.941 412138
134.944 412134
134.947 412128
134.948 412126
134.95 412117
135.413 412075
135.417 412071
135.418 412070
135.427 412047
135.433 412030
135.436 412027
135.438 412017
135.44 412007
135.456 411996
135.457 411995
135.462 411986
135.463 411974
135.465 411952
135.476 411951
136.016 411950
136.019 411947
136.039 411935
136.04 411930
136.067 411929
136.07 411923
136.071 411921
136.076 411891
136.759 411884
136.761 411879
136.764 411875
137.022 411874
137.035 411871
137.036 411870
137.048 411867
137.054 411859
137.058 411858
137.06 411853
137.066 411845
137.451 411809
137.452 411787
137.541 411785
137.565 411770
137.573 411744
137.609 411731
137.65 411695
137.653 411692
137.655 411688
137.659 411686
137.66 411669
146.793 411655
151.797 411652
151.804 411642
151.808 411633
151.812 411616
151.814 411614
151.829 411613
151.833 411611
151.839 411610
151.859 411609
151.863 411606
151.868 411593
151.896 411590
151.899 411588
151.912 411581
152.277 411570
152.281 411552
152.301 411536
152.333 411527
152.81 411525
152.816 411521
152.824 411513
152.826 411509
152.828 411507
152.83 411505
152.832 411500
152.835 411498
152.843 411493
152.845 411491
152.846 411477
153.063 411464
153.07 411462
153.072 411455
153.074 411449
153.112 411446
153.114 411444
153.116 411441
153.137 411430
153.14 411401
153.148 411399
153.149 411393
153.159 411370
153.161 411353
153.163 411349
153.168 411346
153.237 411324
153.238 411322
153.26 411312
153.262 411276
153.263 411268
153.269 411262
153.272 411257
153.274 411256
153.278 411245
153.281 411238
153.502 411236
153.505 411231
153.507 411227
153.575 411216
154 411206
154.002 411205
154.003 411197
154.005 411194
154.014 411185
154.017 411180
154.019 411179
154.032 411178
154.034 411171
154.035 411167
154.037 411166
154.038 411165
154.049 411152
154.051 411136
154.063 411130
154.067 411121
154.088 411110
154.091 411100
154.093 411096
154.1 411078
154.101 411075
154.109 411067
154.111 411060
154.164 411058
154.809 411055
154.814 411049
154.815 411047
154.816 411045
154.844 411044
154.847 411028
154.867 411020
155.177 411018
155.18 410977
155.301 410971
155.317 410946
155.318 410934
155.331 410924
155.336 410901
155.34 410885
155.361 410867
155.368 410851
155.373 410842
155.374 410837
155.897 410812
155.909 410802
155.915 410788
155.921 410780
155.923 410778
155.925 410771
156.153 410770
156.157 410765
156.16 410764
156.219 410756
156.222 410753
156.223 410749
156.689 410741
157.604 410736
157.618 410706
157.627 410703
157.633 410698
157.64 410682
157.646 410676
157.653 410672
157.656 410663
157.694 410660
157.762 410642
157.789 410641
157.877 410633
157.887 410625
157.888 410619
157.892 410617
157.896 410607
157.898 410603
157.908 410598
157.951 410588
157.956 410582
158.182 410581
158.183 410573
158.19 410566
158.192 410563
158.193 410561
158.197 410558
158.224 410551
158.226 410544
158.245 410488
158.247 410470
158.249 410468
158.251 410467
158.261 410461
158.262 410446
158.264 410442
158.266 410439
158.287 410429
158.296 410424
158.297 410423
161.86 410388
161.877 410387
161.909 410377
162.004 410375
162.064 410366
162.065 410363
162.072 410349
162.077 410347
162.079 410343
162.117 410336
162.12 410332
162.123 410327
162.125 410315
162.126 410307
162.134 410306
162.136 410297
162.141 410285
162.143 410269
162.146 410262
162.195 410255
162.201 410254
162.203 410245
162.204 410243
162.212 410234
162.213 410229
162.215 410219
162.39 410218
162.4 410214
162.408 410212
162.411 410201
162.531 410200
165.747 410199
165.751 410194
165.769 410185
165.772 410179
165.775 410175
176.088 410173
176.091 410159
176.095 410158
176.105 410144
176.108 410143
176.11 410133
176.116 410127
176.132 410124
176.134 410119
176.29 410104
176.293 410095
177.742 410088
177.746 410084
177.75 410083
177.751 410075
177.76 410064
177.765 410061
177.788 410053
177.79 410050
178.172 410049
178.175 410041
178.177 410040
178.184 410039
178.189 410035
178.198 410023
178.203 410021
178.551 410020
178.556 410018
178.557 410015
178.565 410014
178.566 410009
178.571 410003
178.577 409996
178.58 409990
178.582 409987
178.598 409967
178.608 409960
178.63 409913
178.637 409906
178.668 409900
178.674 409894
178.682 409876
178.684 409865
178.724 409862
178.725 409844
178.726 409842
178.729 409839
178.731 409831
178.734 409818
178.74 409807
178.742 409798
178.747 409795
178.76 409789
178.779 409783
178.783 409762
178.805 409756
178.814 409735
178.859 409711
178.86 409709
178.867 409707
178.869 409701
178.904 409700
178.906 409699
178.909 409693
178.91 409683
178.913 409682
178.926 409678
178.987 409674
178.992 409663
179.07 409655
179.077 409646
179.079 409641
179.08 409638
179.089 409633
179.095 409622
179.097 409615
179.105 409609
179.107 409585
179.109 409580
179.113 409571
179.13 409559
179.132 409558
179.137 409556
179.139 409553
179.197 409533
179.199 409527
179.268 409526
179.305 409520
179.307 409460
179.313 409456
179.314 409453
180.304 409449
180.306 409444
180.311 409442
180.316 409430
180.318 409419
180.323 409411
180.332 409407
180.334 409393
180.335 409382
180.337 409375
180.339 409374
180.341 409365
180.361 409356
180.98 409347
180.983 409338
180.995 409333
181.001 409329
181.011 409315
181.013 409309
181.035 409281
181.036 409278
181.166 409274
181.169 409273
183.232 409269
183.234 409265
183.425 409263
183.429 409262
183.43 409258
183.439 409252
183.441 409251
183.444 409247
183.448 409240
183.453 409220
183.512 409216
183.514 409215
183.524 409190
183.547 409183
183.554 409181
183.558 409175
183.56 409173
183.561 409170
183.567 409160
183.591 409140
183.592 409135
186.627 409121
186.681 409118
186.685 409117
186.687 409105
186.709 409100
186.711 409095
186.792 409087
186.795 409082
186.798 409049
186.799 409042
186.802 409039
186.808 409036
186.812 409020
186.875 409018
186.879 409014
186.883 409006
186.888 409000
186.911 408996
186.912 408975
186.914 408962
186.916 408956
186.919 408951
186.922 408945
186.958 408940
186.978 408926
186.981 408919
187.722 408916
187.732 408907
192.881 408902
192.911 408899
192.914 408898
192.918 408892
192.928 408874
192.931 408869
192.935 408863
192.938 408862
192.94 408860
192.943 408844
192.944 408843
192.961 408840
192.966 408838
192.967 408835
192.969 408834
192.981 408824
192.983 408821
193.606 408772
193.612 408770
193.633 408749
193.713 408747
193.73 408741
194.18 408724
194.182 408704
194.192 408703
194.196 408701
194.209 408700
194.213 408687
194.215 408684
194.217 408681
194.226 408646
194.237 408644
194.24 408639
194.338 408628
194.342 408623
194.343 408622
194.345 408621
194.349 408616
194.352 408609
194.363 408603
194.366 408602
194.615 408585
194.62 408575
194.628 408574
194.63 408563
194.634 408554
194.638 408541
194.682 408535
194.685 408534
194.688 408523
194.694 408509
194.737 408489
194.741 408478
194.778 408473
194.789 408467
194.79 408466
194.792 408458
195.286 408455
196.283 408454
196.285 408451
196.316 408446
196.323 408424
196.324 408418
196.328 408414
196.329 408411
196.331 408405
196.337 408396
196.361 408394
196.368 408390
196.369 408386
196.372 408378
196.375 408364
196.379 408361
196.389 408342
196.407 408337
196.409 408335
196.434 408331
196.435 408327
196.495 408307
196.781 408306
196.784 408299
196.786 408293
196.79 408292
196.827 408288
196.833 408284
196.837 408280
198.361 408276
198.366 408247
198.369 408240
198.371 408236
198.375 408234
198.385 408227
198.425 408220
198.429 408216
198.456 408183
198.469 408181
198.471 408166
198.473 408165
198.486 408160
198.495 408156
198.515 408153
198.524 408150
198.536 408141
198.684 408124
205.089 408113
205.09 408111
205.13 408100
205.134 408095
205.136 408077
205.137 408072
205.143 408070
205.145 408054
205.154 408052
205.156 408051
205.287 408050
205.29 408048
205.297 408038
205.306 408028
205.316 408017
206.853 408006
206.859 408005
206.861 408003
206.864 408002
207.278 407982
207.297 407978
207.304 407968
207.31 407967
207.316 407954
207.319 407951
207.322 407950
207.325 407946
207.328 407941
207.396 407938
207.404 407935
207.405 407927
207.41 407917
207.412 407907
207.423 407904
207.425 407899
207.431 407895
207.433 407894
207.434 407886
207.437 407884
209.966 407878
209.975 407876
209.986 407872
209.997 407871
210 407866
210.002 407865
210.019 407858
210.021 407842
210.116 407831
210.119 407826
210.149 407818
210.156 407816
210.158 407802
210.194 407799
210.209 407794
210.244 407793
210.25 407781
210.254 407742
210.275 407728
210.293 407727
210.296 407713
210.332 407691
210.347 407686
210.349 407659
210.543 407645
210.56 407639
210.576 407633
210.653 407625
210.654 407619
210.667 407590
210.668 407576
210.757 407575
210.759 407568
210.761 407564
216.127 407545
216.158 407539
216.166 407527
216.168 407516
216.17 407515
216.186 407498
216.195 407491
216.241 407488
216.247 407480
216.256 407474
216.309 407470
216.314 407468
216.331 407467
216.333 407466
216.336 407460
216.337 407449
216.34 407445
216.342 407438
216.345 407436
216.349 407431
216.352 407426
216.356 407419
216.359 407406
216.361 407404
216.365 407403
216.37 407392
216.445 407390
216.447 407384
216.449 407380
216.455 407378
216.48 407376
216.485 407371
216.512 407359
216.526 407350
216.527 407343
216.529 407330
216.53 407312
216.544 407311
216.553 407303
216.558 407299
216.581 407296
216.586 407279
216.606 407278
216.618 407276
216.639 407269
216.642 407256
216.643 407246
216.656 407235
216.657 407231
216.664 407220
216.668 407214
219.656 407210
219.658 407209
219.663 407208
219.673 407192
220.3 407182
220.31 407180
220.312 407174
221.554 407167
222.375 407162
222.378 407159
222.38 407157
222.383 407143
222.385 407142
222.392 407132
222.396 407130
222.408 407121
222.41 407120
222.422 407118
222.431 407101
222.434 407096
230.557 407095
230.567 407084
230.575 407078
230.577 407062
230.58 407054
230.583 407043
230.597 407040
230.599 407034
230.603 407031
230.637 407025
230.643 407024
230.648 407019
230.654 407017
230.665 407008
230.666 407004
230.674 406998
230.678 406997
230.682 406995
230.683 406989
230.686 406988
230.691 406984
230.699 406983
230.754 406979
230.76 406974
230.767 406971
231.63 406969
231.645 406967
231.665 406966
231.668 406946
231.678 406933
231.798 406897
231.801 406894
231.816 406892
231.818 406888
231.821 406864
231.823 406858
231.826 406847
231.918 406843
231.923 406838
231.943 406833
231.947 406831
231.949 406827
232.079 406812
232.082 406801
232.084 406800
232.15 406796
232.247 406788
232.248 406777
232.25 406757
232.261 406752
232.274 406749
232.278 406747
233.373 406744
233.44 406743
233.443 406733
233.45 406732
233.451 406731
233.453 406730
233.459 406729
233.465 406725
233.468 406714
233.499 406702
233.505 406696
233.515 406690
234.366 406667
234.37 406651
234.411 406650
234.414 406639
234.427 406632
234.431 406620
234.433 406604
234.435 406603
234.472 406602
234.476 406601
234.482 406598
234.484 406594
234.488 406591
234.527 406588
234.529 406565
234.986 406560
234.989 406542
234.995 406541
235.005 406539
235.016 406533
235.018 406529
236.899 406521
236.902 406516
237.526 406507
237.536 406505
237.54 406504
237.56 406502
237.568 406494
237.572 406493
237.576 406480
237.579 406478
237.585 406477
237.607 406458
237.61 406452
237.622 406451
237.629 406439
237.631 406434
237.633 406432
237.637 406413
237.652 406412
237.655 406409
237.669 406406
237.671 406405
237.673 406404
237.826 406389
237.829 406388
237.831 406386
237.838 406385
237.887 406377
237.9 406376
237.96 406371
237.968 406369
237.971 406361
238.043 406353
238.068 406351
239.344 406349
245.617 406345
245.639 406343
245.643 406340
245.645 406334
245.65 406333
245.651 406327
245.653 406325
245.661 406316
245.662 406310
245.668 406303
245.689 406287
245.711 406279
245.72 406218
245.722 406205
245.723 406200
245.733 406188
245.738 406184
245.741 406162
245.746 406161
245.756 406149
245.762 406147
245.806 406144
246.048 406120
246.052 406118
246.093 406114
246.105 406112
246.131 406107
246.137 406099
246.142 406079
246.508 406050
246.514 406034
246.519 406020
246.528 406019
246.634 406018
246.635 406016
246.642 406002
246.645 406001
246.663 405997
246.665 405992
246.692 405985
246.695 405978
246.7 405977
247.034 405975
247.038 405969
247.043 405944
247.092 405922
247.095 405915
247.096 405901
247.098 405898
247.123 405886
247.236 405868
247.259 405863
247.299 405850
247.305 405847
247.308 405828
247.312 405825
247.314 405824
247.321 405822
247.331 405817
247.335 405816
247.458 405808
247.461 405803
247.463 405802
247.465 405800
247.469 405797
247.471 405790
247.522 405777
247.524 405769
247.525 405763
247.53 405755
247.547 405754
247.553 405749
247.559 405745
247.561 405737
247.569 405734
247.572 405729
247.573 405723
247.62 405719
247.623 405714
247.63 405705
247.632 405692
247.638 405689
247.645 405681
247.653 405678
247.654 405677
247.674 405670
247.694 405656
247.697 405649
247.704 405644
247.715 405643
247.719 405641
247.767 405638
247.872 405633
247.874 405632
247.882 405617
247.889 405609
247.89 405608
247.895 405602
247.905 405596
247.952 405592
248.49 405591
248.497 405588
248.5 405586
248.549 405575
248.551 405574
251.485 405571
251.496 405570
251.498 405568
251.563 405561
251.564 405557
251.568 405545
251.58 405541
252.052 405539
252.079 405533
252.094 405530
252.2 405472
252.203 405468
252.205 405457
252.218 405456
252.227 405455
252.443 405454
252.445 405453
252.448 405449
252.463 405438
252.47 405437
252.473 405433
252.476 405427
254.154 405423
254.163 405412
254.164 405403
254.167 405402
254.171 405401
254.187 405387
254.191 405383
254.204 405376
254.229 405373
254.23 405372
254.233 405369
254.239 405359
254.25 405356
254.251 405351
254.252 405344
254.254 405341
254.265 405336
254.27 405321
254.276 405312
254.292 405310
254.308 405287
254.336 405285
254.337 405283
256.102 405270
256.109 405268
256.116 405263
256.193 405258
256.364 405253
256.376 405246
256.388 405245
256.412 405244
256.418 405229
256.555 405218
256.557 405213
256.56 405198
256.573 405196
256.592 405195
256.596 405188
256.599 405185
256.603 405180
256.606 405170
256.607 405165
256.611 405160
256.612 405159
256.614 405156
256.626 405155
256.629 405151
257.421 405149
257.423 405145
257.429 405110
257.43 405104
257.458 405101
257.546 405088
257.555 405084
257.591 405069
257.592 405053
257.603 405046
257.607 405037
257.612 405036
257.615 405032
257.618 405031
257.633 405030
257.635 405028
257.637 405027
257.652 405026
257.781 405024
257.932 405005
257.96 405003
257.962 404999
257.968 404994
257.969 404989
257.983 404984
257.993 404976
258.02 404970
258.036 404963
258.038 404957
258.061 404948
258.062 404943
258.068 404942
258.071 404941
258.08 404937
258.084 404935
258.086 404931
258.095 404928
258.105 404919
258.109 404912
258.936 404907
258.938 404902
258.942 404898
258.943 404897
258.945 404895
258.958 404894
259.017 404893
259.04 404891
259.046 404889
259.056 404883
259.057 404882
259.062 404876
259.119 404875
259.12 404872
259.131 404863
259.163 404856
259.231 404855
259.274 404854
259.28 404850
259.283 404846
259.285 404844
259.302 404841
259.307 404837
259.309 404821
259.314 404815
259.32 404807
259.323 404801
259.334 404797
259.347 404796
259.386 404794
259.397 404793
259.4 404791
260.093 404787
260.094 404778
260.122 404774
260.125 404772
260.131 404764
260.148 404759
260.818 404757
260.834 404747
260.836 404746
260.848 404738
260.869 404729
260.871 404725
260.882 404723
260.892 404716
260.916 404714
261.008 404710
261.046 404704
261.06 404697
261.07 404694
261.071 404692
261.084 404691
261.307 404679
261.308 404678
261.378 404649
261.407 404643
261.5 404636
261.785 404629
261.904 404618
261.907 404599
261.931 404598
261.94 404594
264.298 404593
264.313 404590
264.336 404588
264.338 404587
264.34 404586
264.984 404581
269.252 404578
269.255 404576
269.269 404572
269.271 404570
270.299 404565
270.303 404564
270.605 404563
270.627 404555
270.63 404548
270.633 404544
270.638 404540
270.64 404538
270.645 404535
270.706 404534
270.714 404531
270.718 404529
270.738 404525
270.742 404524
270.744 404522
270.745 404515
270.749 404514
270.756 404509
270.76 404507
270.764 404505
270.813 404502
270.815 404501
270.835 404499
271.28 404491
271.389 404487
271.39 404480
271.796 404475
271.802 404473
271.805 404464
271.842 404457
274.005 404449
274.012 404447
274.018 404434
274.037 404433
274.044 404420
274.045 404419
274.052 404417
274.053 404416
274.055 404415
274.198 404414
274.201 404406
274.203 404398
274.251 404396
274.258 404387
274.265 404375
274.268 404371
274.274 404369
274.28 404356
274.281 404353
274.342 404352
274.35 404348
274.353 404344
274.368 404343
274.387 404341
274.389 404338
274.401 404335
274.404 404332
274.411 404327
274.414 404312
274.42 404308
274.423 404289
274.426 404287
274.432 404281
274.435 404278
274.605 404270
274.849 404264
274.873 404261
274.884 404260
274.886 404247
274.895 404244
274.9 404241
274.904 404238
274.908 404236
275.836 404230
275.846 404227
275.851 404226
275.856 404223
275.875 404220
275.878 404215
275.881 404211
275.886 404197
275.887 404196
275.942 404193
275.958 404192
276.021 404186
276.023 404184
276.109 404176
276.122 404171
276.136 404167
276.143 404166
276.156 404164
276.158 404157
276.159 404156
276.166 404154
276.173 404144
276.176 404142
276.682 404140
276.696 404131
276.709 404115
276.715 404100
276.718 404087
276.973 404085
276.987 404083
277.154 404082
277.332 404078
277.334 404069
277.355 404061
277.358 404058
277.36 404053
277.44 404046
277.443 404040
277.449 404027
277.47 404026
277.52 404016
277.522 404011
277.554 404008
277.558 404007
277.562 404000
277.563 403996
277.987 403995
277.989 403994
277.994 403992
278.103 403989
278.122 403979
278.132 403977
278.161 403976
278.167 403975
278.169 403972
278.173 403970
278.183 403968
278.247 403965
278.251 403964
278.259 403963
278.268 403961
278.272 403958
278.275 403957
278.309 403955
278.323 403954
278.357 403953
278.358 403952
278.377 403951
278.378 403949
278.392 403940
278.397 403939
278.401 403938
278.557 403937
278.591 403930
278.592 403929
278.604 403924
278.606 403923
278.736 403918
278.779 403914
278.784 403908
278.786 403905
278.793 403894
278.8 403892
278.802 403889
278.803 403888
278.809 403881
278.811 403880
278.874 403875
278.879 403865
278.884 403862
278.905 403861
278.907 403854
278.911 403845
278.975 403839
278.983 403838
278.988 403828
280.316 403826
280.327 403825
280.328 403816
280.717 403813
280.88 403811
280.974 403808
280.976 403791
280.977 403779
280.995 403776
282.962 403773
282.968 403772
282.985 403769
282.987 403768
283.036 403740
283.039 403738
283.056 403734
283.067 403721
283.086 403720
285.986 403717
285.998 403716
286.004 403703
286.007 403701
286.02 403676
286.037 403671
286.038 403664
286.049 403651
286.056 403650
286.198 403649
286.2 403642
286.201 403630
286.209 403627
286.224 403625
286.226 403623
286.23 403622
286.233 403618
286.363 403561
286.366 403556
286.45 403541
286.459 403539
286.462 403535
286.47 403533
286.472 403529
286.48 403528
286.483 403527
286.491 403525
286.543 403519
286.561 403516
286.572 403512
286.642 403499
286.667 403495
286.677 403487
286.684 403483
286.689 403480
286.693 403459
286.716 403454
287.118 403448
287.236 403447
287.241 403442
287.253 403441
287.254 403439
287.261 403431
287.265 403423
287.284 403419
287.295 403416
287.31 403412
287.332 403411
287.346 403405
287.348 403401
287.379 403399
287.404 403398
287.417 403388
287.428 403387
287.43 403382
287.435 403380
287.439 403377
287.471 403372
287.473 403367
288.958 403362
289.158 403360
289.163 403355
289.171 403351
289.206 403349
289.233 403346
289.239 403344
289.241 403343
289.25 403317
289.261 403312
289.269 403311
289.282 403301
296.463 403299
296.488 403295
296.491 403288
296.499 403286
296.502 403279
296.539 403278
296.544 403276
296.558 403275
296.56 403273
296.573 403271
296.576 403270
296.581 403259
296.778 403258
296.815 403257
296.819 403253
296.907 403251
296.912 403248
296.919 403238
297.731 403236
297.734 403225
297.735 403214
297.755 403204
297.761 403202
297.783 403198
300.051 403190
300.087 403187
300.089 403177
300.1 403173
300.101 403161
300.107 403159
300.415 403156
300.431 403153
300.711 403147
300.715 403146
300.739 403136
300.838 403133
301.465 403127
301.468 403124
301.473 403116
301.479 403113
301.503 403107
301.505 403105
301.516 403103
301.52 403101
301.541 403099
301.549 403096
301.568 403095
301.59 403094
301.601 403089
301.603 403088
301.606 403082
301.637 403077
301.808 403071
301.811 403068
301.862 403066
301.866 403063
302.01 403058
302.11 403056
302.522 403051
302.588 403050
302.647 403044
302.65 403040
302.657 403037
302.658 403035
302.661 403033
302.664 403032
302.673 403030
302.675 403028
302.679 403025
302.687 403023
302.688 403022
302.702 403019
302.709 403006
302.74 403004
302.791 403002
302.801 402999
302.835 402995
302.837 402989
303.637 402987
303.643 402986
303.648 402980
303.652 402978
303.659 402977
303.663 402974
303.67 402971
303.672 402968
303.69 402967
304.934 402966
304.954 402965
304.959 402960
304.964 402956
304.971 402954
304.981 402950
304.998 402939
305 402937
305.66 402936
305.662 402935
305.665 402926
305.683 402917
305.687 402915
305.69 402914
305.701 402913
305.734 402912
305.774 402909
305.788 402908
305.795 402907
305.797 402905
305.851 402904
305.882 402898
305.898 402896
305.9 402888
305.902 402885
306.037 402880
306.45 402873
306.459 402867
306.497 402859
306.951 402853
307.012 402852
307.013 402851
307.043 402850
307.046 402849
307.054 402848
307.059 402844
307.079 402839
307.1 402832
307.101 402827
307.127 402813
307.129 402810
307.138 402809
307.144 402808
307.146 402799
307.44 402782
307.444 402776
308.3 402769
308.317 402767
308.318 402763
308.368 402761
308.384 402758
308.391 402756
308.398 402734
308.417 402725
308.554 402723
308.57 402719
308.665 402701
308.671 402698
310.777 402694
310.819 402663
310.826 402661
310.828 402657
310.83 402655
310.834 402649
310.843 402647
310.847 402646
310.849 402642
310.884 402630
311.017 402626
311.022 402625
311.032 402621
311.036 402620
311.039 402613
311.047 402612
311.059 402609
311.089 402602
311.092 402595
311.121 402589
311.129 402586
311.154 402585
311.66 402580
311.662 402574
311.671 402572
311.761 402570
311.769 402567
311.784 402566
311.8 402565
312.494 402564
314.221 402563
314.224 402560
314.23 402559
314.248 402557
314.266 402552
314.673 402549
314.694 402548
314.704 402539
314.903 402537
315.004 402533
315.022 402526
315.024 402524
315.029 402515
315.453 402513
315.454 402511
315.463 402510
315.465 402504
315.478 402503
315.712 402493
315.727 402481
315.731 402479
316.214 402475
316.221 402471
316.225 402470
316.228 402463
316.233 402461
316.331 402458
316.336 402456
316.343 402450
316.347 402449
316.914 402440
316.993 402432
316.995 402428
317.021 402427
317.029 402423
317.033 402422
317.047 402421
317.078 402419
317.134 402416
317.148 402414
317.166 402411
317.2 402404
317.204 402403
317.211 402402
317.23 402399
317.235 402394
317.253 402384
317.264 402381
317.296 402377
317.312 402367
317.672 402358
319.533 402351
319.554 402350
319.559 402348
319.783 402345
319.786 402344
319.788 402343
319.79 402341
319.85 402336
319.861 402332
319.864 402328
319.867 402327
319.868 402324
319.898 402314
320.837 402312
320.853 402310
320.939 402293
323.962 402292
323.964 402287
323.973 402282
323.99 402278
323.995 402265
324.019 402263
324.353 402262
324.365 402259
324.372 402257
324.398 402256
324.402 402240
324.428 402238
325.003 402230
325.067 402223
325.182 402213
325.209 402208
325.21 402206
325.227 402203
325.229 402195
325.24 402186
325.241 402184
325.249 402175
325.252 402167
325.267 402158
325.33 402154
325.336 402153
325.437 402151
325.47 402148
325.497 402144
325.502 402143
325.515 402137
325.519 402135
325.579 402131
325.596 402129
325.603 402127
325.607 402123
325.613 402122
325.616 402108
325.626 402107
325.668 402105
325.693 402104
325.694 402101
325.707 402094
325.718 402093
325.829 402092
326.025 402091
326.048 402078
326.053 402076
326.09 402063
326.277 402062
326.422 402061
326.434 402060
326.437 402055
326.544 402053
326.583 402051
326.584 402046
326.603 402045
326.612 402043
326.622 402042
326.644 402037
326.73 402026
326.732 402025
326.738 402024
326.747 402023
326.754 402022
327.338 402015
327.366 402007
328.932 401997
328.935 401995
328.94 401992
328.967 401989
328.968 401983
329.205 401982
329.225 401967
329.287 401966
329.402 401957
329.409 401953
329.415 401952
329.418 401950
329.522 401948
329.732 401947
329.739 401946
329.805 401942
329.812 401940
329.816 401939
329.913 401937
329.923 401933
330.015 401931
330.02 401930
330.03 401925
330.034 401924
330.036 401911
330.059 401905
330.064 401904
330.093 401902
330.16 401901
330.169 401900
330.183 401898
330.187 401891
330.19 401883
330.607 401876
330.657 401864
330.66 401863
330.817 401859
330.819 401858
330.9 401855
330.911 401854
330.926 401851
330.934 401850
330.956 401845
330.958 401844
330.96 401832
330.963 401829
330.969 401828
330.999 401825
331.002 401824
331.014 401822
331.057 401820
331.063 401819
331.066 401813
331.069 401812
331.07 401810
331.071 401809
331.075 401808
331.367 401795
331.378 401786
331.502 401785
331.514 401780
331.524 401779
331.526 401775
331.533 401767
331.543 401766
331.549 401762
331.552 401757
331.569 401756
331.594 401755
331.755 401751
331.829 401749
331.834 401748
331.904 401740
331.907 401739
331.937 401738
332.075 401737
332.082 401735
333.871 401731
333.876 401729
333.889 401725
333.892 401724
333.91 401721
334.076 401715
334.173 401714
334.198 401713
334.217 401712
334.223 401711
334.255 401710
335.293 401706
335.983 401703
336.115 401702
336.13 401698
336.136 401696
336.15 401694
336.215 401691
336.225 401680
336.239 401678
336.247 401663
336.274 401661
336.275 401655
336.292 401647
336.295 401646
336.367 401634
336.385 401632
336.394 401627
336.4 401626
336.413 401623
336.414 401621
336.417 401620
336.45 401619
336.501 401617
336.518 401615
336.862 401608
336.864 401607
337.817 401600
337.82 401599
337.831 401598
337.836 401596
337.861 401595
337.884 401579
337.899 401576
337.941 401574
337.949 401572
337.994 401559
338.011 401558
338.014 401557
338.02 401556
338.061 401552
338.063 401550
338.069 401543
338.078 401538
338.159 401533
338.16 401524
338.162 401519
338.168 401513
338.174 401512
338.183 401507
338.186 401505
338.187 401502
338.197 401488
338.205 401486
338.221 401485
338.223 401482
338.229 401480
338.238 401478
338.299 401476
338.301 401474
338.303 401473
338.316 401470
338.32 401468
338.384 401460
338.406 401459
338.417 401458
339.267 401457
339.323 401455
339.333 401454
339.415 401451
339.421 401449
339.442 401445
339.468 401443
339.479 401438
339.481 401412
339.487 401410
339.488 401399
339.497 401395
339.64 401394
339.641 401388
339.644 401386
339.647 401385
339.662 401384
339.666 401381
339.676 401380
339.68 401378
339.682 401374
339.689 401362
340.003 401361
341.572 401359
341.579 401354
341.581 401349
341.595 401346
341.62 401345
341.64 401335
341.654 401323
341.662 401307
341.666 401302
341.738 401301
341.931 401286
341.934 401285
341.937 401278
341.939 401277
341.941 401275
341.942 401274
342.144 401273
342.178 401267
342.229 401258
342.234 401255
343.753 401254
343.799 401252
343.815 401249
343.839 401248
343.868 401242
343.882 401239
343.928 401236
343.987 401233
343.989 401232
344.017 401225
344.024 401224
344.03 401222
344.305 401217
344.318 401213
344.32 401212
344.338 401208
344.345 401202
344.408 401198
344.419 401197
344.421 401192
344.423 401189
344.429 401148
344.431 401145
344.486 401135
344.489 401133
344.516 401123
344.551 401116
344.571 401113
344.63 401104
344.648 401099
344.693 401098
344.699 401093
344.711 401091
344.956 401090
344.987 401085
344.992 401084
345.142 401081
345.145 401078
345.152 401077
345.156 401076
345.164 401071
345.169 401056
345.191 401055
345.201 401053
345.216 401052
345.225 401045
345.23 401039
345.24 401034
345.247 401032
345.28 401029
345.282 401025
345.292 401020
345.294 401019
345.334 401018
345.349 401017
345.362 401016
345.364 401013
345.372 401006
345.38 401005
345.388 401000
345.398 400986
345.425 400981
345.43 400980
345.436 400979
345.441 400977
345.443 400976
345.447 400975
345.454 400972
345.461 400954
345.463 400952
345.471 400949
345.501 400948
345.504 400945
345.526 400943
345.535 400941
345.547 400938
345.558 400932
345.578 400929
345.597 400927
345.599 400915
345.626 400906
345.629 400903
345.681 400902
345.71 400900
345.721 400895
345.728 400894
345.766 400890
345.828 400888
345.855 400885
345.865 400881
345.87 400880
345.905 400878
345.907 400876
345.912 400871
345.982 400857
345.997 400855
346.006 400849
346.014 400841
346.017 400840
346.02 400839
346.033 400837
346.036 400836
346.037 400831
346.045 400830
346.069 400827
346.079 400818
346.088 400815
346.09 400809
349.058 400808
350.218 400804
350.34 400797
350.361 400792
350.369 400791
350.962 400786
350.965 400785
351.048 400784
351.064 400783
351.069 400777
351.136 400775
351.154 400759
351.33 400755
351.541 400754
351.548 400752
351.551 400751
351.574 400750
351.579 400747
351.625 400746
351.627 400745
351.638 400742
351.642 400740
351.655 400738
351.656 400735
351.663 400724
351.668 400718
351.671 400714
351.682 400703
351.694 400691
351.702 400690
351.757 400687
351.795 400675
351.796 400674
351.814 400669
351.821 400667
352.503 400664
352.515 400662
352.519 400651
352.527 400650
352.642 400648
352.664 400646
352.687 400643
352.709 400639
352.728 400638
352.845 400636
352.851 400633
352.854 400625
352.883 400624
352.897 400617
352.911 400614
352.938 400613
352.942 400611
353.048 400610
353.051 400601
353.082 400599
353.093 400598
353.681 400590
353.71 400589
354.015 400588
354.034 400587
354.046 400584
354.055 400572
354.68 400567
354.704 400566
354.707 400564
354.725 400563
354.749 400562
354.779 400560
354.814 400558
354.824 400557
355.703 400555
355.705 400554
355.881 400550
355.893 400543
355.898 400542
355.905 400540
355.914 400533
355.916 400530
355.931 400529
355.978 400528
355.981 400517
356.131 400516
356.19 400512
357.768 400510
357.779 400509
357.862 400506
357.863 400503
357.869 400499
357.974 400495
357.987 400494
357.994 400491
358.034 400490
358.163 400489
358.164 400487
358.177 400483
358.203 400480
358.216 400478
358.468 400476
358.475 400463
358.485 400462
358.583 400461
358.587 400458
358.591 400456
358.943 400444
358.949 400437
358.985 400430
358.99 400427
359.019 400422
359.039 400420
359.051 400418
359.076 400416
359.08 400413
359.082 400406
359.111 400398
359.116 400396
362.158 400393
362.161 400390
362.182 400379
362.186 400376
362.189 400375
362.214 400371
362.246 400370
362.261 400363
362.281 400362
362.294 400361
362.319 400360
362.345 400359
362.357 400353
362.361 400351
362.386 400348
362.396 400337
362.416 400336
362.42 400331
363.294 400329
363.306 400325
363.922 400324
363.926 400320
363.934 400319
364.144 400315
366.623 400314
367.504 400309
369.211 400304
369.214 400296
369.22 400292
369.227 400291
369.248 400290
369.727 400288
370.056 400287
370.057 400282
370.081 400281
370.083 400278
370.105 400276
370.112 400274
370.115 400270
370.379 400266
370.418 400260
370.447 400259
370.45 400254
370.638 400252
370.646 400244
370.77 400243
370.777 400242
370.964 400237
370.966 400236
370.971 400235
370.98 400234
370.983 400233
371.234 400232
371.238 400229
371.29 400228
371.328 400227
371.343 400221
371.355 400217
371.368 400216
371.387 400210
371.458 400208
371.567 400205
371.568 400199
371.571 400195
371.573 400193
371.58 400190
371.583 400186
371.584 400185
371.622 400181
371.638 400177
371.643 400175
371.68 400170
371.681 400167
371.72 400166
372.148 400163
372.163 400159
372.19 400157
372.198 400153
372.213 400152
372.219 400151
372.31 400150
372.331 400143
372.345 400142
372.347 400141
372.357 400138
372.387 400135
372.546 400134
372.775 400133
372.777 400132
373.187 400131
373.194 400127
373.199 400126
373.517 400125
373.542 400123
373.544 400120
373.552 400119
373.694 400117
373.747 400115
373.749 400113
373.766 400112
373.819 400111
373.836 400108
373.871 400105
373.874 400103
373.882 400102
373.887 400101
373.96 400098
373.968 400097
375.822 400092
375.827 400088
375.832 400086
375.848 400084
375.886 400083
375.892 400082
375.927 400076
376.288 400074
376.572 400072
376.577 400070
376.952 400067
376.958 400065
377.143 400064
377.15 400063
377.587 400060
377.599 400054
377.617 400051
377.648 400049
377.651 400048
377.66 400039
377.667 400038
377.747 400034
377.839 400033
377.841 400030
377.849 400025
377.854 400019
377.881 400018
377.894 400017
377.944 400016
378.161 400006
378.18 400004
378.341 399997
379.246 399991
379.311 399981
379.315 399978
379.321 399977
379.578 399974
379.591 399969
379.608 399964
379.615 399962
379.632 399961
379.738 399954
379.746 399952
379.758 399946
379.774 399945
379.782 399940
379.795 399938
379.815 399937
379.844 399934
379.921 399933
379.936 399931
379.995 399929
379.997 399926
380.045 399925
380.048 399921
380.068 399920
380.081 399916
380.091 399915
380.329 399913
380.641 399911
380.642 399904
380.704 399903
380.71 399901
381.39 399897
381.419 399891
381.447 399890
381.453 399888
383.838 399887
383.88 399883
383.973 399882
383.991 399878
384.009 399869
384.013 399868
384.307 399865
384.953 399863
384.967 399862
385 399859
385.006 399853
385.018 399847
385.027 399843
385.032 399836
385.035 399835
385.104 399834
385.132 399833
385.137 399832
385.225 399826
385.231 399825
385.251 399822
385.273 399815
385.292 399814
386.239 399813
386.401 399810
387.511 399804
388.456 399799
388.557 399795
388.559 399794
388.735 399786
388.783 399785
388.787 399784
388.801 399783
388.811 399781
388.942 399779
388.987 399771
389.197 399767
389.342 399766
389.369 399765
389.402 399764
389.423 399762
389.436 399760
389.453 399753
389.468 399751
389.477 399746
389.483 399743
389.514 399740
389.54 399734
389.545 399727
389.554 399726
389.588 399725
389.643 399723
389.648 399722
389.65 399721
389.653 399720
389.657 399711
389.659 399706
389.809 399704
389.824 399701
389.829 399695
390.091 399693
390.117 399686
390.118 399684
390.135 399682
390.147 399665
390.173 399659
390.299 399658
390.311 399657
390.325 399654
390.649 399653
390.652 399652
390.67 399651
390.797 399649
391.094 399646
391.096 399645
391.11 399643
391.111 399641
391.115 399639
391.119 399634
391.126 399632
391.151 399629
391.152 399627
391.156 399626
391.187 399624
391.222 399623
391.317 399620
391.428 399619
391.436 399618
391.447 399614
391.459 399609
391.492 399606
391.506 399605
391.557 399604
391.632 399602
391.644 399601
391.651 399600
392.233 399596
392.242 399593
392.423 399592
392.425 399590
392.444 399580
395.995 399579
396.003 399576
396.009 399572
396.01 399571
396.018 399570
396.042 399569
396.044 399567
396.08 399566
396.091 399564
396.102 399558
396.117 399557
396.134 399553
396.14 399547
396.157 399543
396.415 399541
396.425 399540
396.438 399537
396.439 399536
396.467 399533
396.488 399531
396.501 399529
396.509 399527
396.527 399524
396.566 399523
396.589 399516
397.03 399513
397.066 399508
397.07 399507
397.097 399503
397.118 399500
397.123 399498
397.134 399493
397.145 399491
397.148 399485
397.149 399482
397.153 399481
400.974 399479
401.085 399476
401.089 399475
401.095 399471
401.131 399468
401.134 399466
401.142 399464
401.149 399456
401.263 399449
401.268 399448
401.275 399446
401.277 399444
401.291 399437
401.356 399436
401.36 399420
401.413 399416
401.417 399411
401.438 399410
401.447 399408
401.509 399407
401.511 399405
401.527 399403
401.579 399402
401.581 399400
401.587 399398
401.638 399396
401.715 399395
401.718 399394
401.732 399392
401.748 399391
401.752 399388
401.777 399387
401.859 399385
401.863 399383
401.883 399382
401.894 399380
403.317 399379
403.407 399374
403.464 399373
403.466 399372
403.919 399371
404.091 399364
404.092 399362
404.097 399361
404.126 399358
404.132 399357
405.686 399356
405.713 399355
405.802 399354
408.728 399351
408.731 399350
408.733 399346
408.758 399344
408.777 399339
408.786 399337
408.825 399334
408.827 399333
408.837 399332
408.84 399331
408.902 399328
408.918 399327
409.852 399325
409.956 399324
409.98 399321
409.983 399320
410.024 399319
410.027 399308
410.049 399303
410.285 399294
410.289 399283
410.291 399279
410.295 399273
410.319 399272
410.334 399270
411.468 399268
411.477 399264
411.7 399262
411.718 399261
411.725 399260
411.738 399258
412.151 399256
412.189 399246
412.202 399240
412.207 399233
412.25 399232
412.251 399230
412.254 399228
412.259 399226
412.273 399223
412.299 399219
412.304 399218
412.315 399213
412.388 399212
412.764 399211
412.776 399210
412.808 399209
412.81 399208
412.811 399206
412.834 399205
412.837 399204
412.847 399200
413.871 399198
414.056 399197
415.077 399196
415.09 399195
415.161 399194
415.17 399193
415.26 399187
415.286 399186
415.319 399184
415.321 399182
415.324 399180
415.397 399177
415.408 399176
415.419 399175
415.421 399173
415.906 399171
415.912 399170
415.934 399168
415.967 399166
415.994 399165
416.021 399164
416.025 399156
416.052 399155
416.076 399151
416.092 399149
416.227 399147
416.24 399146
416.244 399145
416.256 399144
416.361 399143
416.385 399139
416.398 399133
416.403 399131
416.437 399130
416.45 399127
416.466 399126
416.513 399125
416.523 399121
416.524 399120
416.629 399119
418.308 399118
418.31 399117
418.454 399114
418.48 399111
418.533 399110
418.584 399108
418.594 399101
418.629 399099
418.641 399098
418.659 399097
418.666 399095
418.983 399094
419.046 399093
419.053 399092
419.101 399088
419.109 399080
419.112 399077
419.117 399075
419.346 399074
419.356 399069
419.364 399058
419.871 399054
420.105 399053
420.126 399051
420.139 399050
420.24 399048
420.286 399047
420.318 399043
420.331 399041
420.456 399040
420.472 399039
420.541 399037
420.555 399035
420.578 399033
420.593 399032
420.598 399031
420.6 399030
420.615 399023
420.655 399021
420.702 399020
420.745 399019
420.75 399018
422.826 399017
422.899 399016
422.917 399015
422.918 399013
423.54 399011
423.543 399006
423.714 398994
423.72 398992
423.76 398991
423.777 398988
423.799 398987
423.812 398986
423.872 398985
423.918 398984
423.92 398973
423.927 398972
424.37 398970
424.504 398968
424.534 398966
424.982 398960
424.992 398958
425.034 398957
425.131 398956
425.135 398955
425.193 398954
425.214 398953
425.235 398952
425.268 398951
425.502 398950
425.53 398948
425.537 398946
425.559 398938
425.604 398928
425.608 398923
425.659 398921
425.674 398920
425.707 398919
425.727 398917
425.863 398915
425.901 398913
425.904 398908
425.922 398905
425.979 398903
426.141 398899
426.171 398896
426.178 398895
426.18 398888
426.205 398887
426.651 398886
426.662 398881
426.862 398876
426.865 398875
426.876 398874
426.995 398873
427.004 398870
427.027 398867
427.03 398862
427.075 398861
427.084 398860
427.235 398858
427.238 398857
427.239 398856
427.27 398855
427.283 398854
427.464 398853
427.501 398851
427.512 398847
427.523 398846
427.545 398845
428.505 398844
428.549 398841
428.561 398840
428.831 398839
428.84 398837
428.874 398835
430.412 398834
430.415 398832
430.419 398828
430.769 398824
430.777 398820
430.804 398818
430.82 398816
430.824 398814
430.84 398812
430.868 398811
430.87 398809
430.876 398807
430.878 398806
430.883 398805
430.908 398804
430.976 398803
431.057 398800
431.072 398798
431.086 398796
431.09 398795
431.092 398794
431.097 398793
431.117 398789
431.617 398788
431.626 398785
431.653 398778
431.775 398776
432.336 398773
432.369 398772
432.395 398771
433.076 398769
433.104 398768
433.16 398767
433.168 398766
434.121 398764
434.147 398763
434.157 398759
434.194 398755
434.238 398754
434.432 398750
434.436 398749
434.783 398745
434.796 398743
435.096 398741
435.097 398739
435.103 398738
435.12 398736
435.122 398733
435.125 398732
435.133 398728
435.144 398727
435.211 398726
435.242 398724
435.264 398723
435.31 398722
435.313 398717
435.315 398713
435.322 398712
435.419 398711
435.422 398710
435.442 398709
435.445 398707
435.446 398699
435.497 398698
435.788 398697
435.864 398696
435.882 398695
435.885 398688
435.902 398686
437.359 398685
437.37 398682
437.395 398681
437.4 398680
437.415 398679
437.422 398676
437.447 398675
437.451 398673
437.453 398671
437.523 398669
437.591 398665
437.685 398663
437.698 398662
437.726 398660
437.73 398658
437.74 398653
437.818 398649
437.865 398648
437.881 398647
438.113 398646
439.647 398645
439.651 398644
439.731 398629
439.775 398622
439.779 398621
439.793 398618
439.835 398616
439.857 398615
439.862 398614
439.866 398608
439.97 398607
439.985 398606
440.283 398604
440.397 398603
440.435 398602
440.487 398601
440.49 398600
440.498 398595
440.5 398594
440.506 398592
440.514 398589
440.528 398588
440.568 398587
440.57 398586
440.575 398583
440.576 398582
440.597 398579
440.673 398578
440.69 398577
441.093 398573
441.106 398572
441.324 398571
441.326 398570
441.343 398569
441.344 398568
441.364 398564
441.376 398562
441.506 398561
441.512 398557
441.516 398554
441.527 398551
441.538 398550
441.59 398549
441.623 398548
441.632 398546
441.638 398545
446.681 398543
446.682 398542
446.691 398539
446.701 398535
446.702 398533
450.066 398527
450.078 398526
450.478 398521
450.557 398520
451.047 398517
451.062 398514
451.068 398506
453.818 398505
453.837 398503
454.045 398502
454.065 398499
454.516 398497
454.581 398496
454.595 398493
454.602 398492
454.609 398491
454.636 398487
454.691 398483
454.698 398481
454.7 398479
454.73 398478
455.023 398477
455.057 398474
455.059 398473
455.185 398471
455.189 398470
455.206 398467
455.238 398466
455.245 398463
455.406 398460
455.418 398458
455.472 398457
455.778 398456
455.909 398455
455.922 398452
455.948 398450
456 398448
456.122 398447
456.398 398446
456.468 398445
456.48 398443
456.572 398441
456.626 398440
456.642 398439
456.645 398438
456.659 398435
456.666 398433
456.726 398432
456.748 398430
456.756 398428
456.759 398427
456.998 398426
457.021 398425
457.041 398423
458.335 398422
458.377 398420
458.402 398419
458.448 398418
458.731 398413
459.059 398412
459.074 398409
459.15 398408
459.162 398404
459.207 398402
459.221 398401
459.222 398400
459.232 398399
459.354 398396
459.356 398395
459.963 398394
459.977 398393
459.983 398391
460.008 398390
460.015 398389
460.016 398388
460.069 398387
460.076 398386
460.151 398385
460.158 398384
460.187 398383
460.19 398382
460.201 398381
460.257 398380
460.272 398377
460.508 398374
460.549 398372
461.761 398371
461.8 398370
461.875 398366
461.937 398365
461.957 398364
461.99 398363
461.992 398361
462.024 398357
462.075 398355
462.757 398354
462.814 398353
462.867 398347
462.962 398342
462.974 398341
463.004 398340
463.016 398338
463.256 398337
463.325 398336
463.386 398335
463.455 398334
463.786 398331
463.808 398329
463.814 398328
463.836 398327
463.861 398314
463.878 398313
463.917 398310
464.075 398308
464.158 398307
464.866 398301
464.89 398300
464.907 398299
464.917 398294
464.929 398292
464.946 398291
464.981 398288
464.998 398287
465.241 398282
465.254 398281
465.62 398280
465.653 398279
465.656 398277
465.679 398276
465.688 398272
465.692 398271
465.9 398270
466.336 398268
466.345 398263
466.534 398261
466.637 398259
466.684 398256
466.707 398254
466.716 398253
467.321 398252
467.929 398251
467.957 398250
467.989 398249
468.031 398248
468.053 398245
468.056 398244
469.641 398243
469.683 398242
469.692 398241
469.709 398240
469.747 398238
470.194 398236
470.197 398230
470.209 398228
470.292 398227
470.297 398226
470.305 398225
470.319 398224
470.331 398222
470.344 398221
470.533 398220
470.656 398219
470.733 398218
470.758 398216
470.766 398214
470.868 398210
470.901 398204
470.909 398201
471.033 398199
471.05 398197
471.093 398196
471.103 398195
471.111 398194
471.133 398191
471.169 398190
471.175 398189
472.571 398188
472.584 398185
472.653 398182
472.693 398181
472.718 398180
472.735 398179
472.791 398178
472.82 398177
472.832 398176
473.177 398174
473.2 398173
474.244 398172
474.246 398169
474.248 398167
474.25 398166
474.257 398159
474.261 398156
474.268 398152
474.271 398150
474.296 398149
474.304 398147
474.332 398145
474.405 398143
474.44 398142
474.518 398141
474.572 398139
474.805 398138
474.832 398136
474.851 398135
474.853 398131
474.916 398130
474.973 398129
475.039 398128
476.01 398124
476.02 398123
476.031 398118
476.141 398117
476.257 398116
476.424 398115
478.525 398114
478.547 398113
478.592 398112
478.682 398111
478.734 398108
478.76 398106
479.207 398105
479.234 398103
479.255 398102
479.312 398101
479.318 398099
479.32 398095
479.461 398094
483.21 398093
483.212 398091
483.451 398090
483.508 398089
483.673 398087
483.707 398085
483.73 398084
483.818 398081
483.947 398079
484.569 398078
484.582 398075
484.641 398072
485.52 398070
485.561 398069
485.564 398067
485.626 398066
485.634 398065
485.744 398063
485.756 398061
485.782 398058
485.804 398056
485.819 398055
485.93 398052
485.994 398051
486 398050
486.074 398048
486.082 398045
486.096 398042
486.516 398041
486.646 398039
486.792 398035
486.823 398034
486.84 398033
487.106 398026
487.107 398025
487.119 398023
487.176 398022
487.305 398015
487.346 398010
487.363 398006
487.499 398004
487.823 398000
487.92 397999
487.94 397997
488.335 397995
488.343 397994
488.348 397993
488.367 397989
488.389 397988
488.406 397987
488.85 397984
488.87 397982
488.927 397979
488.957 397978
489.207 397977
489.255 397976
489.26 397974
489.309 397971
489.403 397968
489.49 397967
489.75 397966
489.765 397965
490.135 397964
490.224 397963
491.18 397959
491.298 397956
491.309 397955
491.31 397953
491.317 397952
491.363 397951
491.396 397950
491.476 397947
491.559 397946
491.59 397944
491.807 397943
491.962 397942
492.029 397941
492.063 397940
492.142 397938
492.156 397936
492.174 397933
492.203 397932
492.216 397931
492.269 397930
492.465 397929
492.622 397928
492.735 397926
493.554 397925
493.597 397924
493.602 397922
493.622 397921
493.649 397919
493.659 397918
493.691 397915
493.693 397913
494.714 397912
494.74 397911
494.787 397910
494.828 397909
494.935 397908
496.926 397905
496.931 397904
496.943 397901
496.964 397900
497.01 397899
497.299 397898
499.119 397897
499.125 397896
499.178 397894
499.219 397893
499.262 397892
499.548 397890
499.552 397888
500.377 397887
500.397 397885
500.41 397883
500.416 397880
500.448 397879
500.465 397875
500.473 397874
500.475 397873
500.5 397871
500.518 397865
501.106 397863
501.315 397861
501.364 397860
501.451 397856
501.465 397855
501.529 397854
501.532 397852
501.547 397851
501.549 397849
501.574 397848
501.584 397847
503.072 397846
503.088 397843
504.27 397841
504.395 397839
504.484 397835
504.519 397834
504.594 397833
504.607 397832
504.693 397830
504.743 397829
504.787 397828
504.789 397827
504.795 397826
506.31 397825
506.328 397819
506.384 397814
506.403 397812
506.616 397810
506.721 397808
506.734 397807
508.239 397806
508.289 397805
508.366 397804
508.368 397803
508.4 397802
508.424 397800
508.429 397797
508.843 397796
508.849 397795
508.863 397793
508.914 397792
508.935 397791
509.001 397789
509.01 397788
509.025 397786
509.338 397783
509.985 397782
509.99 397781
510.041 397780
510.156 397778
510.185 397777
510.241 397776
511.054 397775
511.065 397774
511.168 397772
511.224 397770
511.245 397769
511.248 397768
511.258 397767
511.29 397766
511.293 397764
511.986 397763
512.088 397762
512.39 397761
512.72 397760
512.727 397759
512.764 397758
512.912 397757
512.915 397756
512.99 397755
513.001 397754
513.134 397752
513.16 397749
513.208 397748
513.464 397746
513.471 397745
513.534 397744
513.982 397743
513.999 397740
514.024 397734
514.07 397732
514.098 397731
514.13 397730
514.16 397729
514.161 397728
514.181 397727
514.184 397725
514.251 397724
514.327 397717
514.458 397715
514.463 397711
514.491 397710
516.445 397706
516.456 397704
517.007 397702
517.076 397701
517.091 397698
517.121 397692
517.19 397691
517.236 397690
517.288 397688
517.334 397677
517.369 397676
517.396 397674
517.432 397672
519.859 397670
519.928 397669
519.945 397667
520.046 397665
520.192 397664
520.202 397662
520.225 397661
520.381 397660
520.391 397659
520.528 397657
520.557 397656
521.232 397655
521.244 397654
521.298 397652
521.526 397650
522.556 397648
522.56 397647
523.346 397646
523.352 397645
523.377 397643
524.554 397642
524.916 397641
524.927 397640
524.934 397638
525.056 397637
526.602 397636
526.647 397633
526.667 397630
526.831 397629
527.125 397628
527.154 397627
527.281 397625
527.393 397624
527.56 397623
527.622 397622
527.674 397621
528.29 397620
528.31 397619
528.448 397618
528.459 397617
528.692 397616
528.696 397615
528.73 397614
528.743 397613
529.109 397612
529.371 397611
529.473 397610
529.477 397609
529.479 397608
529.846 397604
529.862 397603
529.87 397602
529.902 397601
529.984 397600
530.343 397599
530.371 397594
530.512 397593
531.115 397591
531.138 397590
531.154 397587
532.115 397585
532.129 397582
532.138 397580
532.183 397578
532.285 397577
532.32 397576
533.161 397573
533.174 397571
533.192 397570
533.219 397568
533.245 397567
533.318 397566
533.393 397565
533.489 397560
533.594 397558
533.714 397557
533.791 397556
533.857 397554
533.878 397553
533.896 397552
534.694 397551
535.127 397550
535.329 397549
535.41 397548
535.445 397547
535.746 397546
535.749 397543
536.151 397542
536.221 397541
536.238 397540
536.496 397530
536.558 397528
536.58 397527
536.588 397526
536.697 397525
536.979 397522
538.781 397520
538.837 397519
538.897 397515
538.966 397513
538.982 397512
539.374 397507
539.432 397504
539.435 397502
539.608 397498
539.642 397496
539.661 397495
539.673 397494
540.647 397493
541.321 397492
541.411 397491
541.657 397490
541.67 397489
541.78 397488
541.899 397484
543.398 397483
543.422 397482
543.43 397481
543.496 397480
543.499 397479
543.51 397477
543.852 397476
543.872 397475
543.875 397474
543.906 397473
543.952 397471
543.969 397468
544.254 397467
544.305 397465
544.404 397464
544.447 397463
544.455 397462
544.48 397461
544.711 397460
544.714 397459
544.883 397458
544.903 397457
544.91 397456
544.942 397454
545.539 397453
545.576 397452
545.792 397451
545.974 397450
546.218 397448
546.236 397447
546.27 397446
546.404 397445
546.437 397444
546.645 397442
546.946 397441
547.018 397440
547.084 397439
547.203 397438
547.228 397437
547.253 397435
547.354 397433
547.563 397431
547.847 397430
547.928 397426
548.133 397423
548.425 397422
548.454 397421
548.526 397420
548.958 397419
548.967 397417
549.101 397416
549.114 397414
549.443 397413
549.535 397410
549.631 397409
549.676 397408
549.722 397407
549.79 397406
549.815 397404
549.981 397403
550.008 397401
550.146 397400
550.36 397398
550.395 397396
550.571 397395
553.361 397393
553.412 397391
553.76 397390
554.772 397386
554.779 397384
555.578 397383
555.749 397382
555.796 397381
555.877 397376
556.622 397375
556.771 397370
557.138 397368
557.186 397366
557.197 397360
557.713 397359
557.845 397358
558.043 397357
558.051 397356
558.168 397354
558.188 397353
558.242 397352
558.268 397351
558.554 397350
560.221 397349
560.333 397348
560.447 397347
560.472 397346
560.502 397345
561.972 397343
562.592 397342
562.755 397341
562.8 397340
562.803 397339
563.078 397336
563.091 397335
563.116 397334
563.264 397332
563.337 397331
563.452 397330
563.592 397329
564.095 397326
564.308 397324
564.323 397316
564.447 397315
564.657 397314
565.344 397313
565.358 397311
566.096 397309
566.314 397308
567.843 397307
569.842 397306
570.22 397305
570.375 397304
570.478 397303
571.222 397297
571.683 397296
571.688 397294
571.724 397293
571.771 397290
571.903 397289
572.286 397288
572.332 397287
572.434 397286
572.742 397285
572.854 397283
572.948 397281
572.97 397280
572.98 397278
573.03 397277
573.278 397276
573.439 397275
573.658 397274
573.713 397273
573.735 397270
573.745 397269
574.644 397267
574.909 397266
574.952 397265
575.089 397264
575.182 397262
575.379 397260
575.741 397259
576.39 397258
576.46 397257
576.471 397256
576.499 397253
576.807 397252
578.147 397251
578.232 397245
578.373 397242
578.479 397241
578.605 397240
578.706 397238
578.735 397236
578.784 397235
578.812 397226
578.901 397225
579.072 397224
579.175 397222
579.253 397220
579.284 397217
579.501 397215
579.621 397214
579.742 397213
579.784 397212
580.02 397211
580.226 397210
580.235 397209
580.806 397208
580.874 397207
580.909 397206
580.944 397205
581.073 397204
581.136 397201
584.238 397200
584.285 397199
584.384 397198
584.581 397197
584.639 397196
584.642 397195
584.71 397194
584.723 397193
584.768 397191
584.959 397189
585.037 397187
585.196 397186
585.202 397185
585.227 397184
585.376 397183
585.398 397181
585.412 397180
585.988 397179
586.1 397178
586.159 397176
586.242 397174
586.268 397173
586.297 397172
589.106 397167
589.217 397165
589.233 397162
589.398 397161
589.754 397160
589.887 397159
590.268 397158
590.291 397157
590.483 397156
591.769 397155
591.794 397153
591.879 397149
591.96 397147
591.985 397145
592.04 397144
592.484 397142
592.8 397138
592.906 397137
592.984 397136
593.264 397135
593.321 397133
593.338 397132
594.018 397131
594.384 397130
595.47 397129
595.756 397127
596.923 397126
597.014 397125
597.109 397124
597.496 397123
597.535 397122
597.547 397120
597.643 397118
597.714 397117
597.812 397116
597.822 397114
598.012 397113
598.019 397112
598.073 397111
598.092 397110
598.212 397108
598.23 397107
598.258 397106
598.307 397105
599.174 397104
599.407 397103
600.582 397102
600.821 397101
600.882 397100
601.005 397099
601.047 397098
601.106 397097
601.158 397096
601.267 397095
601.298 397094
601.466 397093
601.555 397092
601.575 397091
601.835 397090
602.026 397089
602.107 397087
602.234 397086
602.269 397085
602.275 397084
602.31 397083
602.317 397082
603.481 397079
603.726 397078
603.901 397077
603.956 397076
605.324 397075
607.232 397074
607.318 397073
608.852 397070
609.24 397063
609.35 397062
609.445 397061
609.532 397060
609.83 397058
610.1 397057
610.163 397056
610.818 397055
610.897 397054
611.1 397053
611.472 397052
611.793 397051
613.161 397047
613.198 397044
614.525 397042
614.58 397040
614.705 397039
614.753 397038
614.833 397037
614.864 397036
614.881 397035
615.009 397034
616.547 397032
616.754 397031
617.489 397030
617.497 397028
617.709 397027
