4.345 231199
4.346 231174
4.348 231170
4.35 231120
4.352 231118
4.354 231101
4.355 231099
4.357 231092
4.359 231086
4.36 231047
4.362 231026
4.363 231023
4.365 231017
4.367 231015
4.37 230994
4.371 230983
4.373 230970
4.374 230856
4.375 230854
4.377 230832
4.379 230825
4.381 230796
4.383 230788
4.384 230665
4.386 230653
4.387 230630
4.388 230622
4.39 230558
4.392 230452
4.394 230441
4.395 230432
4.396 230418
4.398 230308
4.402 230303
4.403 230296
4.405 230069
4.407 230060
4.408 230056
4.41 229711
4.413 229673
4.415 229662
4.418 229651
4.42 229643
4.421 229631
4.424 229586
4.427 229584
4.428 229575
4.429 229573
4.432 229525
4.433 229514
4.435 229507
4.437 229505
4.438 229502
4.44 229490
4.442 229486
4.445 229482
4.446 229463
4.447 229458
4.449 229450
4.45 229405
4.452 229343
4.461 229326
4.462 229279
4.464 229259
4.466 229251
4.467 229205
4.472 229193
4.473 229191
4.474 229178
4.476 229158
4.477 229131
4.479 229078
4.48 229040
4.481 229033
4.483 229024
4.485 228999
4.486 228939
4.488 228900
4.49 228897
4.492 228896
4.494 228695
4.495 228678
4.496 228668
4.498 228639
4.499 228635
4.5 228599
4.502 228547
4.504 228424
4.506 228418
4.508 228400
4.51 228382
4.512 228380
4.514 228377
4.515 228376
4.517 228371
4.518 228363
4.52 228314
4.521 228308
4.522 228271
4.524 228250
4.526 228244
4.527 228241
4.529 228235
4.53 228222
4.531 228219
4.536 228218
4.538 228217
4.54 228209
4.541 228206
4.543 228204
4.544 228200
4.545 228131
4.547 228112
4.548 228108
4.551 228061
4.552 228058
4.555 228056
4.561 228053
4.571 228046
4.574 228045
4.577 228037
4.578 228026
4.579 228024
4.581 227997
4.584 227988
4.586 227980
4.587 227979
4.589 227958
4.59 227928
4.591 227914
4.593 227903
4.594 227899
4.598 227891
4.599 227861
4.6 227849
4.603 227624
4.604 227614
4.606 227543
4.607 227521
4.609 227507
4.61 227505
4.612 227494
4.613 227487
4.617 227398
4.618 227395
4.622 227390
4.624 227383
4.625 227363
4.628 227356
4.629 227353
4.631 227350
4.633 227330
4.638 227320
4.639 227316
4.641 227311
4.643 227288
4.644 227246
4.647 227244
4.65 227237
4.652 227223
4.655 227213
4.657 227205
4.658 227164
4.662 227163
4.664 227161
4.665 227151
4.667 227149
4.668 227145
4.669 227143
4.671 227141
4.672 227137
4.673 227131
4.678 227129
4.681 227126
4.682 227120
4.683 227114
4.685 227101
4.69 227095
4.692 227084
4.694 227074
4.695 227069
4.697 227066
4.704 227019
4.706 227018
4.707 227016
4.711 227012
4.712 227006
4.72 227002
4.735 226949
4.738 226942
4.739 226936
4.741 226934
4.742 226890
4.744 226885
4.748 226882
4.749 226857
4.752 226855
4.753 226853
4.755 226850
4.756 226841
4.757 226840
4.763 226829
4.765 226794
4.767 226773
4.768 226761
4.77 226744
4.771 226736
4.775 226716
4.777 226712
4.782 226705
4.788 226704
4.791 226685
4.794 226679
4.795 226612
4.8 226611
4.81 226588
4.812 226551
4.813 226550
4.814 226541
4.824 226539
4.826 226523
4.828 226494
4.83 226492
4.831 226486
4.837 226480
4.841 226478
4.85 226476
4.854 226474
4.855 226472
4.862 226470
4.863 226463
4.866 226458
4.869 226451
4.871 226447
4.873 226432
4.875 226430
4.876 226422
4.879 226418
4.884 226370
4.886 226368
4.889 226361
4.895 226356
4.899 226354
4.902 226348
4.903 226346
4.905 226335
4.908 226333
4.911 226329
4.913 226323
4.914 226322
4.917 226288
4.922 226277
4.995 226250
5.003 226245
5.005 226221
5.008 226203
5.01 226192
5.015 226167
5.02 226164
5.024 226157
5.027 226151
5.039 226147
5.04 226142
5.041 226094
5.043 226088
5.044 226085
5.045 226080
5.047 226076
5.05 226074
5.052 226062
5.056 226045
5.057 226043
5.06 226041
5.063 226039
5.065 226038
5.088 226031
5.09 226029
5.093 226006
5.098 226004
5.113 226002
5.12 226001
5.121 225999
5.125 225983
5.126 225982
5.127 225973
5.129 225964
5.131 225960
5.134 225947
5.139 225946
5.14 225943
5.144 225934
5.147 225931
5.149 225928
5.15 225925
5.158 225902
5.166 225900
5.169 225879
5.171 225860
5.173 225857
5.175 225843
5.186 225826
5.194 225817
5.26 225794
5.263 225780
5.267 225775
5.274 225771
5.276 225768
5.281 225760
5.293 225758
5.297 225745
5.299 225740
5.301 225739
5.304 225736
5.306 225729
5.31 225725
5.312 225724
5.314 225715
5.316 225708
5.318 225707
5.331 225700
5.341 225698
5.342 225696
5.344 225673
5.415 225629
5.422 225609
5.437 225608
5.439 225607
5.446 225604
5.467 225531
5.469 225526
5.475 225503
5.479 225494
5.481 225492
5.484 225491
5.491 225455
5.494 225451
5.5 225448
5.506 225443
5.525 225387
5.528 225381
5.533 225370
5.537 225369
5.54 225361
5.643 225358
5.647 225357
5.649 225356
5.652 225336
5.654 225332
5.677 225326
5.678 225312
5.688 225301
5.699 225300
5.708 225297
6.081 225267
6.083 225251
6.092 225247
6.097 225246
6.101 225245
6.118 225240
6.12 225233
6.132 225191
6.133 225186
6.135 225111
6.189 225098
6.193 225096
6.197 225080
6.226 225073
6.239 225062
6.243 225040
6.246 225038
6.251 225036
6.253 225017
6.256 225006
6.258 225002
6.266 224999
6.269 224998
6.273 224996
6.285 224937
6.287 224931
6.486 224916
7.5 224889
7.501 224865
7.531 224860
7.536 224857
7.54 224856
7.649 224854
8.549 224853
8.551 224852
8.556 224839
8.559 224837
8.56 224832
8.594 224779
8.599 224773
8.614 224748
8.62 224726
8.623 224707
8.624 224697
8.634 224678
8.662 224674
8.665 224661
8.67 224636
8.681 224623
8.696 224622
8.731 224602
8.733 224597
8.736 224588
8.756 224573
8.759 224557
8.76 224522
8.763 224516
8.767 224499
8.776 224466
8.778 224458
8.803 224443
8.808 224437
8.819 224431
8.82 224427
8.83 224403
8.838 224401
8.839 224385
8.847 224384
8.848 224381
8.854 224368
8.855 224366
8.857 224358
8.883 224355
8.885 224302
8.889 224301
8.892 224295
8.893 224293
8.897 224292
8.908 224287
8.91 224264
8.912 224260
8.914 224253
8.917 224223
8.924 224190
9.011 224185
9.019 224165
9.02 224161
9.022 224157
9.023 224156
9.025 224153
9.026 224151
9.028 224118
9.162 224101
9.164 224098
9.17 224094
9.172 224075
9.173 224071
9.174 224063
9.356 224056
9.358 224053
9.359 224050
9.367 224048
9.375 224025
9.384 224020
9.385 224019
9.391 224018
9.394 224001
9.396 223997
9.402 223991
9.407 223989
9.414 223982
9.417 223981
9.428 223965
9.43 223949
9.435 223931
12.324 223921
12.481 223895
12.484 223892
12.485 223891
12.497 223884
12.5 223883
12.503 223878
12.507 223869
12.508 223865
12.511 223833
12.514 223826
12.517 223819
12.519 223795
12.521 223791
12.544 223784
12.546 223780
12.552 223671
12.623 223585
12.627 223558
12.632 223555
12.637 223543
12.669 223540
12.674 223537
12.71 223535
12.722 223513
12.735 223509
12.737 223508
12.739 223500
12.744 223478
12.746 223468
12.747 223455
12.748 223454
12.855 223451
12.864 223429
12.871 223421
12.889 223420
12.891 223415
12.892 223413
12.894 223406
15.726 223400
15.728 223391
15.735 223387
15.737 223380
15.741 223378
15.753 223371
15.779 223355
15.781 223329
15.783 223304
15.792 223278
15.797 223276
15.798 223272
15.8 223256
15.818 223254
15.821 223250
15.826 223245
15.827 223242
15.836 223223
15.839 223209
15.871 223206
15.89 223204
15.892 223198
15.895 223191
15.899 223177
15.904 223165
15.918 223160
15.928 223158
15.93 223150
15.932 223136
15.935 223113
16.469 223086
16.471 223085
16.473 223071
16.483 223059
16.535 223027
16.543 223018
16.551 223015
16.552 223009
16.583 222999
16.584 222967
16.589 222956
16.598 222955
16.601 222952
17.684 222949
17.707 222948
17.71 222913
17.711 222909
17.714 222901
17.723 222897
17.739 222872
17.742 222871
17.746 222870
17.747 222858
17.761 222854
17.787 222847
17.789 222839
17.791 222836
17.794 222831
17.796 222827
17.806 222817
17.807 222814
17.812 222792
18.121 222782
18.125 222761
18.129 222760
18.137 222740
18.14 222737
18.149 222725
18.151 222724
18.153 222688
18.164 222687
18.165 222669
19.333 222633
19.335 222631
20.462 222623
20.463 222616
20.465 222614
20.467 222607
20.472 222570
20.477 222560
20.478 222549
20.48 222544
20.482 222536
20.483 222532
20.486 222505
20.561 222474
20.567 222470
20.568 222466
20.57 222459
20.839 222440
20.844 222421
20.846 222419
20.847 222416
20.881 222410
20.886 222407
20.89 222401
20.895 222388
21.271 222352
21.276 222349
21.291 222341
21.292 222331
21.299 222300
21.305 222284
21.307 222277
22.713 222252
22.716 222233
22.721 222225
22.727 222210
22.729 222206
22.739 222199
22.741 222168
22.794 222164
22.796 222138
22.964 222104
22.966 222093
22.968 222090
22.972 222081
22.976 222080
22.977 222071
24.862 222068
24.864 222060
24.917 222053
24.919 222009
24.942 221979
24.943 221975
24.945 221971
24.96 221964
24.962 221957
24.963 221953
24.965 221952
24.967 221951
24.97 221926
25.009 221916
25.014 221889
25.016 221881
25.017 221878
25.019 221868
25.02 221853
25.024 221830
25.027 221824
25.031 221820
25.033 221804
25.036 221768
25.038 221766
25.04 221756
25.312 221749
25.314 221748
25.318 221746
25.415 221736
25.416 221696
25.43 221695
25.5 221693
25.503 221692
25.505 221630
25.508 221616
25.509 221599
25.514 221580
25.52 221563
25.521 221545
25.536 221542
25.538 221535
25.539 221527
25.603 221524
25.608 221515
25.612 221506
25.622 221494
25.624 221479
25.626 221464
25.63 221461
25.652 221457
25.654 221412
25.656 221394
25.661 221385
26.104 221373
26.108 221359
26.109 221351
26.111 221320
26.113 221306
26.114 221296
26.118 221281
26.728 221265
26.732 221249
26.733 221146
26.736 221143
26.8 221137
29.427 221125
29.429 221110
29.433 221095
29.436 221090
29.453 221084
31.045 221055
31.047 221049
31.048 220994
31.052 220986
31.054 220941
31.058 220927
31.063 220912
31.064 220906
31.066 220883
31.07 220878
31.072 220866
31.074 220847
31.263 220845
31.549 220843
31.55 220842
31.552 220839
31.554 220838
31.556 220828
31.562 220823
31.563 220819
31.569 220811
31.57 220806
31.759 220805
31.797 220759
32.537 220740
32.541 220737
32.543 220703
32.578 220700
32.584 220684
32.596 220654
34.443 220627
34.536 220598
34.538 220571
34.54 220561
34.542 220549
34.544 220546
34.546 220536
34.548 220534
34.565 220532
34.57 220502
34.571 220494
34.575 220462
34.58 220441
34.592 220425
34.594 220386
34.596 220384
34.597 220375
34.607 220366
34.608 220327
34.61 220324
34.627 220317
34.635 220312
34.638 220303
34.641 220278
34.646 220262
34.656 220255
34.657 220252
34.666 220247
34.713 220216
34.733 220212
34.747 220207
34.748 220203
34.752 220195
34.754 220189
34.762 220187
34.772 220182
34.775 220178
34.835 220173
34.84 220167
35.975 220163
35.981 220142
35.998 220138
35.999 220122
36.047 220119
36.21 220111
36.211 220096
36.214 220073
36.216 220065
36.238 220063
36.245 220061
36.252 220045
36.254 220041
36.256 220019
36.257 220018
36.262 220006
36.321 219978
36.323 219975
36.761 219959
36.762 219951
36.765 219946
36.772 219944
39.829 219936
39.832 219935
39.836 219934
39.844 219926
39.987 219920
41.757 219880
41.758 219879
41.761 219874
41.881 219867
41.883 219866
41.886 219860
42.197 219848
42.201 219838
42.207 219747
42.209 219734
42.287 219722
42.298 219712
42.339 219709
42.342 219700
42.346 219681
42.359 219678
42.375 219659
42.377 219657
42.378 219651
42.382 219640
42.383 219620
42.397 219601
42.399 219598
42.418 219597
48.413 219585
48.414 219583
48.417 219581
48.444 219570
48.449 219569
48.452 219561
48.474 219549
48.476 219538
48.479 219534
48.482 219520
48.498 219517
48.501 219509
48.503 219508
48.514 219504
48.539 219500
48.541 219483
48.547 219457
48.553 219423
48.554 219411
48.558 219408
48.572 219386
48.577 219358
48.579 219354
51.163 219343
51.208 219309
51.209 219299
51.211 219294
51.213 219267
51.217 219259
51.22 219253
53.29 219217
53.293 219213
53.297 219188
53.299 219181
53.301 219173
53.446 219164
53.449 219160
53.491 219159
53.542 219143
61.823 219139
61.826 219138
61.828 219134
61.84 219086
61.842 219082
61.848 219063
61.87 219062
61.871 219056
61.874 219041
61.876 219017
61.879 219015
61.891 219001
61.893 218997
61.896 218976
61.898 218952
61.9 218945
61.903 218929
61.905 218922
61.907 218918
62.033 218912
62.036 218911
62.038 218891
62.041 218878
62.042 218877
62.045 218874
62.046 218873
62.048 218869
62.05 218867
62.052 218792
62.368 218790
62.371 218775
62.374 218757
62.401 218740
62.824 218727
62.829 218718
62.831 218709
62.835 218698
62.841 218683
62.843 218681
62.845 218673
62.846 218667
62.917 218664
62.919 218659
62.921 218653
62.94 218652
62.942 218627
62.946 218607
63.354 218605
63.358 218604
63.378 218590
63.385 218579
63.39 218573
63.393 218553
63.402 218521
63.408 218510
63.411 218503
63.417 218502
63.42 218490
63.421 218477
63.424 218459
63.43 218457
63.432 218456
63.434 218452
63.439 218427
63.449 218423
63.454 218419
63.456 218416
63.457 218368
63.464 218366
63.515 218360
63.517 218358
63.52 218348
63.523 218345
63.525 218342
63.546 218321
63.548 218312
63.56 218299
63.564 218286
63.565 218278
88.666 218252
88.687 218246
88.689 218245
88.69 218244
88.751 218239
88.753 218236
88.758 218223
88.771 218220
88.777 218215
88.782 218214
89.376 218209
89.4 218193
89.405 218170
89.407 218157
93.428 218128
93.429 218124
93.432 218123
93.489 218108
93.491 218107
93.517 218104
93.524 218097
93.526 218068
93.527 218056
93.529 218053
93.531 218047
93.533 218041
93.535 218036
93.538 218032
93.54 218017
93.541 218007
93.548 218005
93.549 217998
93.551 217997
93.552 217995
93.556 217986
93.558 217983
93.56 217982
93.57 217969
93.572 217944
93.576 217943
96.56 217905
96.561 217875
107.303 217870
107.311 217867
107.317 217852
107.346 217829
107.35 217822
107.352 217804
107.358 217788
107.386 217786
107.388 217772
107.487 217765
107.624 217758
107.626 217757
107.629 217751
107.634 217747
107.637 217746
107.64 217745
107.643 217711
107.852 217710
111.268 217690
111.269 217687
111.276 217676
111.278 217664
111.281 217663
111.297 217647
111.302 217624
111.315 217608
111.354 217602
111.356 217577
111.358 217575
111.359 217568
111.361 217542
111.37 217538
111.374 217537
111.416 217531
111.422 217529
111.457 217528
111.459 217524
111.47 217505
111.472 217499
111.515 217482
111.551 217475
111.555 217456
111.556 217440
111.712 217433
111.727 217409
112.142 217405
112.241 217388
112.572 217351
112.575 217336
112.578 217329
112.591 217328
112.592 217309
112.749 217305
112.772 217293
112.797 217255
112.799 217241
112.833 217238
112.869 217224
112.959 217213
112.975 217196
112.979 217191
112.981 217188
112.99 217179
112.994 217177
113.003 217175
113.005 217174
113.006 217160
113.008 217157
113.009 217151
113.011 217148
113.012 217141
113.018 217110
113.02 217103
113.026 217079
113.03 217077
113.033 217076
113.05 217061
113.055 217053
113.06 217050
113.094 217048
113.299 217039
113.303 217022
113.312 216995
113.315 216989
113.317 216986
113.318 216981
113.32 216963
113.323 216961
113.327 216918
113.33 216910
113.337 216894
113.339 216891
113.343 216887
113.344 216881
113.347 216843
113.348 216841
113.361 216837
113.362 216832
131.225 216831
131.228 216822
131.304 216820
131.322 216796
131.325 216790
131.33 216765
131.331 216752
131.333 216751
132.077 216739
132.082 216735
132.085 216700
132.087 216670
132.088 216647
132.091 216618
132.094 216610
132.096 216606
132.098 216585
132.189 216578
132.192 216576
132.196 216573
145.085 216572
145.089 216570
145.092 216568
145.102 216560
145.105 216556
145.108 216528
146.205 216523
146.249 216520
146.334 216518
146.339 216509
146.342 216505
146.415 216500
146.419 216465
146.421 216460
146.423 216452
146.426 216443
146.434 216435
146.438 216432
146.444 216430
146.454 216429
146.461 216426
146.463 216418
146.47 216417
146.472 216415
146.555 216392
146.557 216376
146.561 216361
146.564 216357
146.568 216337
146.571 216334
146.575 216333
146.611 216326
146.613 216325
146.625 216323
146.626 216305
146.654 216298
146.655 216291
146.661 216269
146.663 216260
146.666 216259
146.672 216258
146.676 216248
146.677 216242
146.68 216238
146.682 216233
146.695 216219
146.696 216217
146.702 216216
146.748 216215
146.749 216213
146.752 216202
146.755 216196
146.759 216195
146.762 216192
146.768 216187
146.906 216171
146.912 216158
149.259 216145
151.741 216131
151.765 216129
151.767 216117
151.794 216110
151.798 216107
151.799 216096
151.81 216089
151.829 216087
151.841 216082
151.842 216073
151.847 216070
151.852 216055
151.857 216045
151.861 216032
151.863 216028
151.866 216027
151.872 216020
151.875 216001
151.877 215994
151.879 215987
151.88 215984
151.882 215978
151.888 215976
151.894 215967
151.913 215951
151.914 215946
151.916 215933
151.918 215931
151.92 215910
151.922 215908
151.923 215907
155.263 215902
155.268 215901
155.281 215895
155.286 215886
155.288 215869
155.289 215862
155.294 215856
155.301 215853
155.306 215851
155.309 215849
155.347 215845
155.351 215844
155.54 215842
155.604 215841
155.607 215838
163.306 215810
163.308 215799
163.327 215794
163.331 215789
163.332 215787
163.336 215781
163.601 215780
163.603 215772
163.613 215767
163.63 215766
163.635 215762
165.582 215755
165.584 215752
165.6 215751
165.62 215741
165.633 215706
165.636 215705
165.638 215673
165.644 215672
165.646 215666
165.651 215661
165.667 215649
165.67 215646
165.704 215644
165.706 215641
165.707 215640
165.709 215639
165.711 215629
165.732 215617
165.735 215614
166.139 215613
166.251 215611
166.253 215598
166.258 215585
166.261 215583
166.265 215581
166.273 215580
166.275 215568
166.287 215566
166.298 215562
166.318 215561
166.32 215554
166.922 215551
166.924 215546
169.726 215542
169.729 215537
169.746 215535
169.76 215534
169.835 215524
169.836 215519
169.853 215512
169.855 215510
169.857 215508
178.004 215498
178.097 215492
178.101 215489
178.117 215472
178.118 215469
178.121 215467
178.141 215462
178.144 215430
178.156 215416
178.807 215406
178.964 215403
178.965 215399
178.97 215392
179.009 215389
179.028 215388
179.041 215378
179.226 215377
179.235 215376
179.238 215364
179.241 215359
179.244 215357
179.246 215344
179.249 215328
179.252 215324
179.375 215317
179.388 215315
179.512 215314
179.514 215305
179.515 215296
179.527 215290
179.581 215288
179.604 215281
179.606 215279
179.608 215276
179.628 215273
179.63 215266
179.632 215249
179.729 215236
179.735 215235
179.741 215230
179.743 215226
179.815 215225
179.817 215216
179.823 215215
179.827 215201
179.867 215186
179.9 215173
179.903 215163
179.905 215162
179.908 215156
179.912 215150
179.913 215144
179.915 215141
179.918 215138
179.921 215137
180.052 215121
180.058 215117
180.081 215114
180.37 215108
180.372 215102
180.392 215085
180.393 215081
180.401 215071
180.414 215064
199.985 215057
199.988 215052
199.99 215048
199.998 215043
200 215042
200.002 215036
200.003 215030
200.007 215022
200.009 215017
200.012 215016
200.146 215012
200.149 215004
200.16 214998
200.161 214991
200.163 214985
200.207 214981
200.211 214968
200.279 214939
200.283 214934
200.458 214933
213.402 214925
213.407 214922
213.409 214916
213.42 214914
213.484 214912
213.486 214909
213.603 214907
213.605 214905
213.606 214897
213.685 214890
213.689 214880
213.723 214878
213.843 214871
213.855 214864
213.86 214847
213.88 214826
213.882 214825
213.883 214814
213.885 214809
213.948 214777
216.1 214774
216.167 214763
216.174 214760
216.177 214753
216.346 214747
216.614 214745
216.622 214743
216.624 214737
216.627 214735
219.43 214734
219.435 214716
219.439 214709
219.441 214707
219.456 214698
219.463 214694
219.47 214693
219.483 214682
219.486 214669
219.492 214665
219.511 214655
219.53 214637
219.534 214627
219.536 214616
219.542 214590
219.544 214589
219.547 214588
219.76 214578
219.764 214574
219.768 214571
219.775 214562
219.777 214560
219.781 214554
219.787 214553
219.797 214545
220.956 214541
220.958 214531
221.243 214530
221.247 214528
221.274 214524
221.295 214523
221.301 214513
221.306 214508
221.311 214505
221.314 214499
221.315 214487
228.091 214470
228.092 214457
228.095 214447
228.1 214436
230.963 214432
230.975 214426
231.053 214415
231.054 214412
231.559 214411
231.562 214404
231.712 214403
231.732 214399
231.735 214398
231.771 214396
231.781 214383
231.824 214380
231.831 214378
231.842 214354
231.843 214349
231.846 214323
231.848 214313
231.858 214312
232.27 214310
232.274 214304
232.345 214300
232.348 214289
232.356 214286
232.36 214284
232.364 214281
232.371 214276
232.393 214260
232.397 214253
232.399 214242
232.728 214241
232.734 214235
232.802 214218
232.803 214213
232.818 214211
232.824 214210
232.827 214200
232.849 214193
232.996 214190
232.998 214184
233.004 214174
233.006 214160
233.008 214157
233.01 214151
233.012 214147
233.053 214143
237.384 214136
237.386 214133
237.425 214123
237.43 214117
238.224 214115
238.235 214109
238.236 214107
238.24 214103
238.249 214086
238.322 214085
238.328 214070
238.33 214062
238.332 214036
238.334 214028
238.367 214015
238.37 214013
238.38 214005
238.393 214002
238.401 214001
238.407 214000
238.519 213998
238.525 213997
238.535 213984
238.536 213983
238.802 213982
238.808 213975
239.668 213960
239.669 213942
239.673 213932
239.684 213928
239.727 213926
239.731 213915
239.733 213912
239.777 213906
239.78 213904
239.784 213903
239.807 213898
240.235 213896
240.238 213888
240.24 213887
240.246 213886
240.254 213884
240.258 213883
240.264 213881
240.266 213876
240.269 213870
240.273 213849
240.315 213846
240.32 213837
240.332 213835
240.338 213832
240.354 213828
240.358 213824
240.362 213818
240.631 213817
240.632 213807
240.649 213806
240.65 213804
240.653 213794
240.656 213792
240.673 213790
240.675 213785
240.679 213782
240.695 213780
240.704 213779
240.718 213778
240.731 213777
240.784 213773
245.986 213771
245.994 213767
245.998 213764
246.007 213759
246.023 213757
246.043 213749
246.046 213744
246.077 213741
246.119 213736
246.121 213735
246.158 213730
246.16 213726
246.164 213722
246.165 213721
246.23 213716
246.235 213714
246.24 213706
246.55 213705
246.832 213703
263.333 213702
263.335 213698
265.071 213694
265.094 213692
265.096 213691
265.105 213684
265.396 213674
265.398 213651
268.285 213644
268.738 213635
268.766 213632
268.775 213615
268.777 213612
268.822 213609
268.824 213607
268.826 213604
268.848 213595
268.849 213592
268.926 213589
268.934 213587
268.935 213583
268.943 213578
268.946 213575
268.947 213570
268.949 213569
268.95 213568
268.982 213564
268.985 213561
268.997 213558
268.999 213557
269.005 213548
269.015 213544
269.21 213538
269.749 213537
269.776 213533
269.802 213531
269.846 213518
270.488 213516
270.49 213512
270.515 213498
270.524 213497
270.528 213495
270.549 213494
270.55 213493
270.552 213492
270.728 213491
270.732 213481
270.766 213467
270.774 213464
270.858 213463
270.863 213438
270.913 213435
270.92 213430
270.923 213429
270.932 213425
270.934 213417
270.938 213415
270.94 213414
271.315 213409
271.316 213407
271.32 213403
271.322 213402
276.19 213394
276.197 213392
276.21 213389
276.214 213385
276.23 213379
276.24 213374
276.241 213373
276.246 213355
276.299 213353
276.333 213351
276.335 213350
276.346 213347
276.354 213346
276.356 213341
276.358 213340
276.361 213332
276.421 213330
276.439 213325
276.587 213320
276.595 213319
277.037 213308
277.051 213306
277.054 213305
277.363 213298
277.412 213296
277.428 213293
277.433 213292
277.44 213289
277.446 213287
277.455 213282
277.508 213275
277.514 213271
277.518 213263
277.533 213260
277.568 213253
277.57 213252
277.575 213244
277.579 213242
277.587 213240
277.656 213230
277.659 213227
277.661 213225
277.664 213223
277.686 213219
277.701 213216
277.72 213215
277.722 213210
277.724 213208
277.732 213203
277.757 213202
277.822 213201
277.829 213189
277.877 213186
277.879 213175
277.883 213172
284.683 213163
284.702 213162
284.705 213155
284.715 213148
284.773 213143
284.777 213138
284.785 213131
284.793 213129
284.972 213120
284.985 213111
285.009 213108
285.025 213107
285.027 213105
285.029 213088
285.033 213079
285.236 213072
285.251 213070
285.258 213065
285.289 213061
285.298 213054
285.303 213053
285.306 213052
285.31 213046
285.318 213042
285.319 213032
285.321 213024
285.337 213022
285.345 213012
285.347 213008
285.349 212998
285.419 212986
285.424 212980
285.428 212978
285.434 212977
285.439 212961
285.444 212958
285.507 212957
285.517 212956
285.521 212954
285.53 212950
285.94 212944
286.063 212942
286.253 212938
286.255 212937
286.285 212933
286.295 212931
286.323 212928
286.346 212926
286.348 212922
286.354 212914
286.383 212913
286.389 212911
286.393 212906
286.408 212899
286.412 212895
286.416 212893
286.59 212890
286.701 212887
286.718 212886
286.724 212885
286.732 212877
286.75 212874
286.753 212871
286.758 212864
286.76 212863
286.771 212862
286.774 212854
286.784 212843
286.801 212842
286.822 212840
286.829 212835
286.832 212834
286.836 212830
286.84 212822
286.842 212820
286.844 212816
286.852 212815
286.855 212808
286.858 212800
286.867 212799
287.213 212798
287.222 212797
287.223 212794
287.234 212793
287.241 212789
288.741 212787
294.453 212786
294.521 212782
294.525 212779
294.541 212760
294.543 212756
294.548 212753
294.644 212739
294.648 212738
294.656 212730
294.662 212727
294.671 212722
302.009 212721
302.03 212720
302.031 212714
302.154 212709
302.164 212706
302.176 212705
302.191 212704
302.203 212703
302.38 212701
302.398 212698
302.406 212696
302.407 212685
302.413 212679
302.415 212676
312.194 212672
312.23 212669
312.257 212668
312.26 212664
316.092 212662
316.097 212661
316.098 212656
316.105 212655
316.108 212653
316.109 212648
316.117 212647
316.12 212635
316.14 212630
316.168 212619
316.18 212616
316.206 212610
316.208 212598
316.21 212587
316.214 212586
316.376 212585
316.474 212583
316.477 212582
316.509 212576
316.52 212571
316.525 212566
316.53 212563
316.536 212556
316.538 212552
316.55 212550
316.582 212549
316.587 212545
316.592 212544
316.601 212540
316.603 212537
316.61 212532
316.611 212526
316.995 212517
317.001 212513
317.003 212511
317.009 212506
317.015 212499
317.029 212494
317.153 212493
317.226 212491
317.234 212488
317.688 212481
318.163 212465
318.169 212464
318.173 212457
318.177 212452
318.191 212450
318.193 212447
318.197 212445
318.199 212434
318.237 212428
318.239 212426
318.245 212422
318.664 212414
318.683 212405
318.688 212397
318.703 212395
318.704 212394
318.706 212391
318.711 212389
318.969 212388
321.483 212382
321.484 212380
321.489 212368
321.542 212362
321.549 212361
321.556 212360
321.577 212359
321.579 212357
321.611 212356
321.616 212355
321.62 212352
324.941 212351
324.97 212348
324.984 212347
325.005 212342
325.041 212337
325.157 212335
325.161 212334
325.195 212325
326.638 212322
326.668 212312
326.698 212310
326.702 212309
326.748 212302
326.79 212300
326.795 212297
326.804 212295
326.812 212287
327.339 212283
327.487 212282
327.507 212280
327.521 212273
327.593 212271
327.599 212268
327.607 212265
328.364 212261
328.369 212259
328.387 212256
328.57 212244
329.35 212236
329.354 212235
329.372 212232
329.379 212229
329.438 212228
329.447 212223
329.459 212220
329.465 212211
329.636 212208
329.702 212203
329.918 212193
330.767 212192
330.772 212191
330.798 212184
330.824 212183
330.828 212181
330.835 212179
330.842 212178
330.853 212176
330.858 212175
330.881 212173
330.897 212171
330.9 212170
330.908 212163
330.91 212158
330.912 212152
331.379 212150
331.535 212141
331.537 212135
331.553 212134
331.557 212130
331.563 212128
331.565 212127
331.586 212120
331.588 212115
331.59 212113
331.613 212111
332.131 212109
332.135 212102
332.168 212101
333.027 212098
333.029 212090
333.075 212087
333.081 212086
333.125 212085
333.131 212076
333.134 212074
333.202 212073
333.274 212072
333.329 212068
338.111 212064
338.124 212062
338.133 212058
339.435 212057
339.442 212056
341.531 212053
341.539 212050
341.554 212046
341.557 212040
341.576 212039
341.583 212038
341.584 212021
341.897 212018
341.904 212017
341.911 212014
342.457 212012
342.492 212004
342.52 212001
342.568 212000
342.574 211991
342.581 211990
342.605 211987
342.617 211983
342.741 211978
342.742 211977
342.824 211967
342.871 211965
342.878 211955
342.879 211953
342.883 211951
343.786 211948
343.836 211947
343.846 211946
343.851 211940
343.878 211938
343.897 211935
344.013 211932
344.015 211928
344.017 211927
344.07 211922
344.072 211921
344.259 211920
345.045 211919
345.049 211914
345.053 211912
345.056 211905
345.058 211904
345.128 211900
345.613 211899
345.616 211896
345.62 211894
345.622 211891
345.623 211887
345.862 211885
345.866 211883
345.874 211882
345.933 211875
345.954 211874
345.964 211873
345.979 211868
345.988 211866
345.991 211863
345.996 211860
346.013 211854
348.732 211851
348.821 211846
348.829 211842
348.841 211839
349.152 211836
349.18 211832
349.188 211830
349.765 211829
349.807 211827
349.884 211823
350.047 211820
350.087 211816
352.839 211813
353.152 211812
353.381 211811
353.397 211810
353.4 211807
353.401 211806
353.416 211805
353.487 211799
353.493 211798
353.524 211797
354.948 211795
355.002 211791
355.045 211790
355.047 211776
355.055 211775
355.056 211769
355.071 211767
355.081 211758
355.085 211755
355.217 211753
356.622 211752
356.634 211749
356.665 211748
356.666 211743
356.67 211735
356.674 211734
356.676 211731
361.762 211726
361.767 211722
361.772 211719
361.792 211712
363.477 211709
363.503 211707
363.515 211706
363.529 211695
363.57 211689
363.574 211688
363.72 211687
363.723 211683
363.744 211681
363.798 211674
363.81 211670
363.815 211668
363.876 211666
364.156 211662
364.173 211660
364.203 211656
364.216 211653
364.218 211652
364.223 211651
364.238 211646
364.25 211643
364.259 211640
364.278 211639
364.284 211638
366.071 211637
366.09 211636
366.16 211633
366.175 211632
366.181 211631
366.183 211630
366.188 211629
366.206 211628
366.22 211626
366.326 211624
366.338 211623
366.339 211622
367.145 211621
367.166 211616
367.241 211612
367.43 211610
367.444 211609
367.446 211606
367.459 211605
367.462 211601
367.47 211600
367.555 211598
367.674 211595
367.679 211593
367.681 211592
369.389 211589
369.886 211588
370.184 211584
370.216 211576
370.27 211571
370.569 211570
373.839 211569
373.856 211568
373.861 211564
374.873 211557
375.004 211556
375.154 211555
375.641 211554
375.642 211553
375.753 211552
375.771 211550
375.789 211548
375.798 211541
375.957 211540
375.997 211539
376.001 211538
376.053 211536
376.269 211534
376.274 211533
376.289 211532
376.296 211529
376.307 211526
376.326 211525
376.337 211523
376.347 211522
376.352 211517
376.353 211515
376.358 211509
376.435 211497
376.45 211495
376.476 211494
376.541 211493
376.555 211491
376.58 211490
376.584 211486
376.946 211485
379.477 211484
379.521 211479
379.546 211476
379.548 211473
379.751 211469
379.765 211465
379.776 211463
379.78 211460
379.787 211458
379.815 211456
379.826 211450
379.828 211445
379.86 211444
380.147 211442
380.178 211440
380.181 211438
380.196 211437
380.251 211436
380.255 211430
380.275 211427
380.294 211424
380.299 211423
380.38 211421
380.403 211417
380.628 211415
380.63 211414
380.641 211410
380.67 211409
380.785 211404
380.795 211399
381.956 211396
382.009 211395
382.012 211381
382.027 211379
382.032 211378
382.079 211377
382.16 211376
382.23 211374
382.302 211372
382.309 211370
383.893 211368
383.902 211366
383.916 211365
383.944 211363
383.956 211362
384.154 211361
394.043 211358
394.047 211354
394.053 211353
394.058 211351
394.079 211350
394.106 211349
394.141 211346
394.151 211345
394.152 211344
394.155 211340
394.204 211336
394.458 211332
394.479 211330
394.483 211329
394.869 211328
394.872 211325
396.077 211323
396.079 211322
396.139 211319
396.154 211317
396.178 211316
396.259 211310
396.303 211308
396.326 211305
396.386 211304
396.512 211303
396.548 211301
396.549 211300
396.555 211299
396.561 211293
396.564 211287
397.005 211286
397.024 211283
397.032 211280
397.05 211278
397.052 211275
397.106 211274
397.117 211273
397.14 211272
397.165 211269
397.193 211267
397.254 211264
397.938 211263
397.986 211262
397.994 211260
398.003 211257
398.762 211252
398.93 211248
398.938 211245
398.961 211243
399.413 211242
399.42 211240
399.43 211236
399.435 211235
399.554 211234
399.593 211232
399.604 211231
399.658 211229
399.671 211228
399.68 211227
401.819 211226
402.517 211224
402.566 211222
402.587 211217
402.596 211216
402.6 211215
402.884 211211
402.918 211210
403.057 211207
403.06 211205
403.062 211203
404.957 211202
404.96 211201
404.975 211200
405.468 211199
405.48 211195
405.489 211191
405.536 211183
405.6 211182
405.615 211180
405.625 211175
405.627 211173
405.678 211172
405.77 211171
405.775 211169
405.967 211159
405.978 211158
406.23 211157
406.238 211154
408.966 211153
409.088 211152
409.129 211151
409.139 211150
410.081 211149
410.084 211148
410.136 211147
410.148 211144
410.174 211142
410.186 211140
410.258 211138
410.271 211137
410.276 211135
410.28 211133
410.285 211132
410.288 211131
410.306 211126
410.358 211125
410.595 211124
411.783 211123
411.811 211121
411.838 211114
412.368 211109
412.773 211108
412.793 211107
412.833 211102
413.111 211101
413.21 211099
413.289 211098
413.416 211096
413.866 211095
413.912 211094
413.92 211092
413.935 211091
414.132 211088
414.163 211086
414.167 211085
416.152 211084
416.156 211083
416.247 211082
416.354 211081
416.443 211080
416.475 211077
416.491 211076
416.512 211074
416.553 211072
416.588 211070
416.907 211067
416.915 211066
416.926 211065
416.948 211064
417.061 211056
417.072 211046
417.081 211045
417.093 211042
417.123 211040
417.136 211039
417.147 211038
417.362 211031
417.366 211020
417.386 211016
417.393 211015
417.405 211014
417.434 211010
417.599 211008
417.647 211001
417.655 211000
417.666 210997
417.716 210995
417.727 210992
418.611 210988
419.012 210983
419.4 210981
419.402 210980
419.652 210979
419.657 210974
419.678 210971
419.817 210970
419.896 210968
420.083 210965
420.102 210962
420.119 210961
420.125 210956
420.161 210954
421.778 210952
422.041 210950
422.312 210948
423.172 210947
423.302 210944
423.43 210941
423.486 210940
423.521 210938
423.544 210934
423.552 210931
423.584 210927
423.618 210926
424.008 210921
424.032 210919
424.75 210917
424.766 210916
424.79 210915
424.824 210913
424.866 210909
424.953 210908
425.74 210904
425.888 210903
425.889 210902
425.905 210901
430.634 210900
435.308 210899
435.508 210897
435.526 210896
435.529 210894
435.547 210893
435.557 210890
435.617 210886
435.728 210885
437.5 210884
437.534 210882
437.538 210881
438.517 210880
438.547 210879
438.568 210878
438.588 210877
438.59 210875
438.892 210871
438.95 210867
439.015 210866
439.077 210864
439.222 210861
439.224 210855
439.987 210846
440.023 210845
440.145 210843
440.432 210842
440.455 210841
440.466 210840
440.495 210839
440.597 210838
440.645 210837
440.682 210833
440.729 210828
440.736 210827
440.756 210825
440.848 210823
443.013 210817
443.034 210816
445.782 210813
446.053 210812
446.211 210810
446.35 210807
446.373 210805
454.826 210804
454.84 210802
454.861 210799
454.912 210798
454.943 210796
454.944 210793
455.008 210792
455.03 210788
455.093 210786
455.138 210785
455.143 210783
455.169 210782
455.203 210780
455.429 210778
455.455 210777
455.527 210775
455.636 210774
455.657 210773
455.667 210772
456.422 210770
456.538 210768
456.99 210767
457.011 210766
457.203 210764
457.213 210763
457.225 210758
457.236 210757
457.238 210756
457.376 210753
457.623 210752
457.728 210750
459.194 210748
459.283 210746
459.309 210745
459.449 210742
459.453 210741
459.475 210738
459.539 210737
460.519 210736
460.528 210730
460.575 210729
462.075 210726
462.085 210723
462.14 210722
462.223 210721
462.249 210719
462.393 210718
462.418 210717
462.637 210713
462.686 210712
463.079 210711
463.095 210710
463.137 210709
463.307 210707
463.337 210704
463.405 210698
463.477 210694
463.518 210692
463.531 210691
463.534 210690
463.751 210687
467.416 210684
468.15 210682
468.168 210681
468.226 210680
468.277 210679
468.288 210678
468.395 210676
469.3 210673
469.441 210671
469.445 210668
469.531 210663
469.595 210662
469.801 210661
469.813 210658
470.073 210655
470.114 210654
470.206 210653
470.228 210651
470.23 210649
470.369 210647
470.4 210646
470.416 210645
471.511 210644
471.626 210642
471.63 210641
473.827 210638
473.835 210637
473.877 210631
473.897 210630
473.911 210629
473.936 210628
473.94 210627
474.537 210623
474.593 210621
474.687 210620
474.972 210618
475.041 210612
475.102 210611
475.11 210610
475.116 210609
475.181 210608
475.209 210604
475.349 210602
475.391 210600
475.76 210598
477.979 210594
483.656 210593
483.795 210592
483.867 210591
483.943 210589
484.108 210588
484.133 210586
484.183 210585
484.263 210583
484.355 210582
484.36 210580
484.403 210578
484.412 210577
484.448 210575
484.558 210573
484.634 210570
484.918 210569
484.98 210568
485.247 210567
485.515 210566
485.601 210565
486.166 210564
486.762 210563
486.766 210562
486.768 210561
486.771 210560
486.788 210559
486.898 210558
487.059 210556
487.116 210555
487.432 210553
487.77 210552
487.799 210551
487.804 210550
487.892 210546
493.132 210545
493.771 210543
493.819 210540
493.979 210538
494.506 210537
494.598 210533
494.69 210531
494.828 210529
494.949 210528
495.093 210527
495.478 210526
495.572 210524
495.66 210523
498.183 210522
498.721 210520
499.226 210518
499.651 210511
499.667 210510
499.752 210509
499.775 210508
499.814 210507
500.07 210504
500.089 210503
500.128 210502
500.311 210501
501.102 210500
501.116 210499
501.204 210498
501.24 210497
501.446 210496
506.979 210495
506.982 210494
507.062 210492
507.066 210491
507.559 210490
507.578 210489
507.584 210487
509.155 210486
509.226 210484
509.235 210483
509.248 210482
509.319 210481
510.33 210480
510.356 210479
510.443 210478
510.859 210477
510.914 210476
514.586 210475
514.593 210474
514.665 210473
514.735 210472
515.465 210471
515.537 210469
515.544 210468
515.555 210467
515.873 210465
515.9 210464
516.019 210463
518.722 210462
518.787 210461
518.889 210460
519.078 210459
519.403 210458
519.727 210457
519.866 210456
519.965 210455
521.022 210454
521.033 210453
521.345 210452
521.353 210451
521.584 210450
521.698 210449
521.702 210447
522.809 210446
523.058 210445
523.166 210444
523.19 210443
523.33 210442
523.349 210441
523.474 210440
523.481 210438
523.878 210437
524.776 210435
526.859 210434
528.14 210432
528.306 210429
528.451 210428
528.696 210427
529.593 210426
530.806 210425
531.996 210424
532.193 210423
532.282 210422
532.287 210421
532.341 210420
532.444 210419
532.462 210418
532.796 210417
533.3 210414
533.358 210413
534.458 210412
534.616 210410
534.618 210409
536.122 210405
536.147 210404
536.192 210401
536.522 210400
536.814 210399
536.84 210398
536.877 210397
537.042 210396
537.514 210395
537.576 210394
537.64 210393
537.756 210392
542.123 210391
544.699 210390
544.78 210389
545.052 210388
545.999 210387
546.185 210386
546.462 210385
546.664 210383
547.692 210380
547.913 210379
548.836 210378
548.991 210377
549.021 210376
549.042 210374
549.213 210373
557.36 210372
557.688 210371
557.721 210370
559.223 210369
559.426 210368
559.725 210367
559.748 210366
564.813 210363
566.376 210362
566.435 210361
566.557 210359
566.641 210358
566.672 210357
566.816 210356
566.819 210355
566.904 210354
567.119 210353
567.983 210352
568 210349
568.301 210348
570.976 210347
572.42 210345
572.673 210344
572.998 210342
573.022 210341
573.155 210339
573.391 210338
573.575 210336
574.086 210335
574.158 210334
575.666 210333
578.216 210330
582.807 210329
