1.444 451599
1.446 451592
1.447 451572
1.448 451553
1.449 451546
1.449 451528
1.45 451525
1.452 451515
1.452 451513
1.454 451509
1.455 451476
1.456 451473
1.457 451440
1.458 451418
1.459 451394
1.461 451375
1.462 451220
1.463 451209
1.466 451205
1.467 451204
1.468 451174
1.47 451055
1.471 451038
1.476 450975
1.478 450963
1.481 450955
1.486 450903
1.488 450890
1.489 450876
1.491 450874
1.492 450854
1.494 450825
1.495 450795
1.496 450776
1.497 450764
1.498 450724
1.5 450715
1.501 450683
1.502 450671
1.503 450651
1.508 450633
1.509 450609
1.51 450579
1.511 450550
1.512 450536
1.513 450529
1.519 450501
1.534 450466
1.536 450420
1.541 450384
1.542 450381
1.545 450372
1.546 450333
1.548 450327
1.55 450293
1.552 450226
1.553 450221
1.555 450214
1.557 450200
1.559 450188
1.56 450185
1.561 450184
1.562 450156
1.563 450143
1.568 450122
1.569 450097
1.57 450086
1.571 450071
1.574 450029
1.576 450026
1.581 450019
1.582 450014
1.584 449981
1.587 449976
1.589 449964
1.591 449942
1.592 449904
1.594 449892
1.595 449872
1.611 449859
1.612 449850
1.613 449840
1.614 449833
1.615 449827
1.618 449811
1.62 449807
1.622 449791
1.623 449790
1.624 449789
1.625 449786
1.631 449782
1.632 449758
1.633 449749
1.657 449716
1.666 449709
1.667 449678
1.669 449676
1.671 449659
1.672 449646
1.674 449640
1.675 449628
1.676 449625
1.686 449576
1.735 449550
1.738 449543
1.74 449511
1.743 449443
1.745 449418
1.749 449410
1.752 449406
1.754 449400
1.755 449346
1.76 449325
1.761 449315
1.763 449297
1.765 449289
1.765 449277
1.767 449255
1.784 449245
1.791 449243
1.792 449229
1.795 449203
1.796 449180
1.797 449170
1.798 449156
1.802 449143
1.808 449142
1.829 449118
1.832 449110
1.836 449094
1.837 449093
1.839 449076
1.848 449012
1.894 448992
1.896 448980
1.898 448969
1.902 448963
1.904 448910
1.906 448897
1.907 448801
1.908 448791
1.91 448787
1.911 448783
1.913 448782
1.914 448773
1.915 448750
1.916 448749
1.917 448721
2.197 448702
2.199 448698
2.201 448695
2.204 448630
2.205 448608
2.217 448553
2.218 448539
2.231 448528
2.233 448484
2.235 448483
2.244 448465
2.245 448462
2.246 448460
2.251 448459
2.252 448444
2.259 448412
2.261 448402
2.263 448378
2.266 448355
2.268 448317
2.269 448296
2.27 448283
2.29 448262
2.294 448247
2.299 448212
2.301 448208
2.416 448180
3.963 448118
3.965 448113
3.97 448087
3.972 448077
6.911 448068
6.976 448031
6.99 448023
6.992 448007
6.994 448002
7.007 448000
7.009 447986
7.015 447984
7.016 447976
7.017 447954
7.019 447952
7.021 447935
7.023 447907
7.026 447896
7.028 447881
7.029 447861
7.034 447760
7.074 447710
7.075 447707
7.077 447706
15.766 447703
15.767 447701
16.428 447681
16.43 447667
16.515 447655
16.574 447619
16.583 447564
16.587 447546
16.589 447534
16.591 447532
16.592 447518
16.594 447502
16.595 447494
16.596 447490
16.602 447455
16.603 447448
16.608 447445
16.61 447441
16.613 447422
16.617 447419
16.62 447402
16.629 447393
16.637 447289
16.639 447248
16.678 447233
16.681 447230
16.749 447204
16.755 447190
16.757 447127
16.937 447101
16.942 447043
16.943 447023
16.952 447000
17.228 446990
17.229 446930
18.48 446926
18.491 446921
18.507 446898
18.511 446880
18.518 446867
18.522 446847
18.526 446844
18.527 446843
18.537 446835
18.551 446809
18.552 446808
18.559 446787
18.571 446763
18.579 446762
18.581 446755
18.585 446752
18.586 446701
18.588 446700
18.59 446683
18.624 446655
18.629 446623
18.632 446607
18.643 446600
18.645 446594
18.646 446582
18.649 446578
18.82 446573
22.026 446554
22.029 446489
22.045 446479
22.047 446473
22.089 446449
22.094 446415
22.096 446412
22.098 446406
22.099 446354
22.104 446335
22.111 446324
22.147 446295
22.16 446290
22.194 446276
22.197 446271
22.2 446253
23.893 446234
23.895 446233
23.901 446213
23.931 446210
23.949 446202
23.956 446195
23.965 446179
23.966 446178
23.97 446175
23.977 446114
23.98 446094
23.983 446086
23.994 446056
24.035 446005
24.038 446002
24.046 445989
24.055 445987
24.058 445953
24.059 445952
24.07 445951
24.081 445921
24.085 445912
24.092 445888
24.094 445883
24.107 445878
24.108 445866
24.118 445865
27.217 445851
27.219 445847
27.224 445844
27.227 445817
27.232 445813
27.251 445791
27.262 445783
27.388 445772
27.439 445746
27.463 445721
27.465 445708
27.469 445701
27.523 445699
27.525 445695
27.531 445659
27.539 445640
27.54 445635
27.549 445606
27.55 445604
27.651 445592
27.697 445561
27.706 445551
27.732 445542
27.74 445538
27.746 445512
27.763 445487
27.764 445481
27.767 445473
27.768 445454
27.777 445427
27.779 445419
27.78 445416
27.782 445398
27.786 445378
27.791 445341
27.796 445274
28.291 445260
28.293 445201
28.299 445175
28.302 445173
28.309 445166
28.311 445151
28.312 445136
28.313 445134
28.314 445133
28.325 445132
28.327 445104
28.328 445098
28.33 445091
28.348 445090
28.352 445046
28.353 445032
28.36 445029
28.367 445025
28.422 444979
28.428 444975
28.43 444971
28.431 444952
28.432 444945
28.435 444938
28.458 444931
28.46 444926
28.468 444906
28.47 444905
28.478 444887
28.481 444794
28.486 444770
28.49 444760
28.525 444749
28.56 444735
28.728 444732
28.751 444707
28.77 444693
28.844 444674
28.847 444664
28.849 444653
28.851 444627
29.597 444620
29.598 444613
29.673 444604
29.677 444583
29.684 444548
29.689 444536
29.691 444484
29.728 444445
29.729 444432
29.737 444430
29.739 444421
29.743 444382
33.013 444360
33.02 444353
33.022 444340
33.046 444288
33.117 444271
33.503 444241
33.507 444238
33.508 444229
33.542 444210
33.558 444208
33.565 444206
33.761 444201
33.767 444180
33.799 444162
33.802 444085
33.803 444067
33.805 444055
33.807 444006
33.822 443928
33.823 443917
33.83 443905
33.928 443896
33.93 443885
33.935 443871
33.936 443868
33.944 443851
33.949 443846
33.951 443833
33.953 443826
34.1 443818
34.108 443804
34.11 443791
34.111 443780
34.129 443769
34.132 443757
34.137 443719
34.139 443710
34.147 443680
34.151 443665
34.153 443656
34.155 443655
34.156 443649
34.162 443622
34.164 443595
34.186 443580
34.266 443578
34.27 443570
34.349 443564
34.352 443516
35.676 443472
35.679 443454
35.686 443449
35.707 443432
35.708 443419
35.713 443372
35.718 443363
35.775 443348
35.787 443339
35.793 443336
35.868 443323
35.869 443321
35.871 443318
35.885 443296
35.89 443292
35.915 443287
35.918 443264
35.919 443239
35.931 443235
36.088 443219
36.089 443213
36.091 443202
36.092 443193
37.505 443182
37.519 443150
37.556 443145
37.56 443140
37.562 443139
37.59 443108
37.6 443066
37.601 443049
37.603 443044
37.615 443035
37.673 443030
37.68 443029
37.689 443028
37.691 443027
37.692 443026
37.706 443020
37.712 443018
37.716 443016
37.718 443014
37.748 443009
37.752 442998
37.757 442990
37.818 442988
37.822 442977
37.826 442970
37.835 442940
37.841 442926
37.844 442899
37.905 442884
37.91 442878
37.915 442874
37.924 442861
37.932 442860
38.201 442856
38.207 442852
38.209 442837
38.212 442832
38.241 442806
38.242 442772
38.282 442743
38.287 442740
38.288 442734
38.295 442721
38.305 442710
38.31 442705
38.312 442697
38.317 442694
38.333 442692
38.507 442686
38.508 442672
38.512 442666
38.518 442657
38.521 442619
38.81 442575
38.818 442563
38.836 442544
39.131 442526
39.139 442522
39.196 442496
39.2 442495
39.223 442493
39.235 442488
39.239 442475
39.249 442448
40.205 442438
40.208 442436
40.21 442435
40.219 442408
42.044 442405
42.048 442396
42.049 442387
43.96 442375
43.961 442374
43.963 442360
43.976 442328
43.989 442312
44.02 442298
44.116 442296
44.119 442276
44.128 442274
44.17 442268
44.172 442267
44.2 442264
44.207 442253
44.212 442234
44.218 442226
44.219 442224
44.264 442217
44.271 442214
44.376 442210
44.413 442196
44.416 442185
44.418 442171
44.42 442168
44.421 442158
44.429 442147
44.834 442129
44.835 442104
44.855 442099
44.914 442078
44.924 442046
44.925 442040
44.928 442035
45.331 442030
45.343 442004
45.349 441960
45.364 441937
45.366 441929
45.447 441923
45.449 441895
45.702 441884
45.837 441864
45.839 441843
45.848 441838
45.857 441831
45.865 441826
45.878 441819
45.899 441807
45.905 441799
45.916 441790
45.922 441788
45.924 441785
45.961 441782
45.963 441761
45.971 441755
45.973 441751
45.978 441709
46.028 441704
46.03 441702
46.038 441694
46.047 441684
46.214 441673
46.218 441654
46.22 441652
46.242 441604
46.293 441598
46.301 441588
46.303 441575
47.122 441573
47.134 441567
47.153 441561
47.159 441548
47.162 441543
47.235 441533
47.241 441517
47.243 441510
47.244 441508
47.298 441460
47.321 441450
47.347 441447
47.351 441426
47.355 441421
47.377 441418
47.394 441417
47.426 441412
47.481 441364
47.671 441353
47.68 441351
47.696 441332
47.712 441324
47.737 441309
47.745 441307
47.753 441303
47.759 441302
47.769 441293
47.77 441282
47.774 441267
47.778 441266
47.818 441255
47.819 441253
47.826 441250
47.829 441245
47.839 441242
47.843 441216
47.854 441196
47.856 441191
47.874 441169
47.891 441159
47.893 441158
47.894 441154
48.554 441153
49.922 441147
49.925 441145
49.927 441141
49.933 441123
49.943 441117
49.948 441116
49.961 441115
50.057 441113
50.204 441104
50.224 441102
50.228 441099
50.291 441098
50.303 441095
50.359 441091
50.361 441090
50.365 441083
50.379 441075
50.383 441058
50.389 441052
50.401 441005
50.403 440989
50.42 440975
50.553 440966
50.562 440964
50.597 440962
50.605 440945
50.61 440942
50.616 440930
50.62 440927
50.633 440921
50.636 440913
50.647 440912
50.649 440910
50.652 440896
50.667 440870
50.669 440865
50.672 440862
50.684 440861
50.72 440856
50.737 440855
50.739 440851
50.742 440848
50.755 440841
50.757 440836
50.76 440834
50.761 440828
50.805 440818
50.828 440812
50.89 440797
50.893 440785
50.904 440781
51.131 440763
51.195 440761
51.219 440758
51.23 440757
51.236 440756
51.244 440741
51.246 440734
51.332 440729
51.384 440723
51.385 440718
51.39 440693
51.395 440688
51.4 440687
51.404 440676
51.412 440659
51.419 440648
51.45 440645
51.477 440639
51.478 440638
51.484 440630
51.499 440625
51.501 440623
51.503 440603
51.519 440577
51.522 440559
51.53 440549
51.534 440514
51.542 440491
51.543 440489
51.553 440464
51.564 440460
51.583 440455
51.65 440448
51.667 440444
51.679 440443
51.697 440438
51.703 440435
51.848 440430
51.85 440427
51.854 440421
51.859 440415
51.981 440407
52.033 440391
52.245 440383
52.247 440381
52.25 440378
52.256 440364
52.257 440346
52.267 440341
52.269 440338
52.351 440323
52.354 440319
52.485 440307
52.491 440294
52.501 440291
52.503 440283
52.532 440281
52.616 440268
53.922 440263
53.956 440226
53.964 440224
53.97 440216
53.974 440207
53.98 440206
54.016 440202
54.027 440190
54.046 440174
54.713 440169
54.726 440167
54.744 440155
54.754 440139
54.759 440129
54.765 440106
54.766 440103
54.847 440094
54.851 440092
54.862 440086
54.867 440082
54.873 440071
54.88 440057
54.897 440032
54.9 440025
55.02 440018
55.057 440016
55.06 440009
55.188 440006
55.235 440005
55.236 440004
55.244 439997
55.249 439992
55.266 439983
55.297 439982
55.318 439972
55.328 439967
55.338 439962
55.359 439956
55.361 439947
55.37 439935
55.374 439929
56.046 439918
56.065 439913
56.165 439897
56.193 439891
56.699 439885
56.7 439880
56.704 439874
56.705 439873
56.707 439860
56.795 439849
56.828 439845
56.831 439842
56.884 439839
57.036 439838
57.037 439837
57.062 439824
57.064 439818
57.07 439809
57.097 439808
57.099 439799
57.351 439797
57.365 439796
57.369 439789
57.372 439760
57.373 439758
57.376 439742
57.433 439739
57.442 439726
57.457 439707
57.469 439701
57.474 439685
57.478 439682
57.491 439675
57.492 439670
57.52 439663
57.649 439643
57.651 439641
57.671 439638
57.675 439632
58.359 439608
58.374 439594
58.38 439583
58.384 439582
58.393 439570
58.398 439543
58.399 439542
58.419 439530
58.445 439526
58.451 439521
58.456 439520
60.622 439513
60.7 439511
60.723 439499
61.196 439485
61.227 439482
61.249 439480
61.275 439477
61.281 439473
61.429 439464
61.449 439447
61.45 439444
61.457 439436
61.47 439418
61.482 439415
61.486 439404
61.495 439393
61.508 439391
61.522 439386
61.538 439381
61.548 439378
61.699 439375
61.765 439373
61.766 439369
61.787 439366
61.796 439356
61.81 439354
61.998 439351
62.006 439348
62.007 439345
62.01 439325
62.023 439324
62.029 439323
62.055 439317
62.07 439315
62.072 439305
62.087 439298
62.099 439289
62.118 439281
62.152 439278
62.16 439240
62.18 439238
62.193 439230
62.2 439229
62.204 439213
62.205 439204
62.223 439203
62.237 439202
62.238 439191
62.244 439188
62.295 439182
62.33 439180
62.356 439167
62.379 439161
62.384 439160
62.478 439153
62.496 439151
62.501 439147
62.505 439143
62.51 439139
62.538 439137
62.727 439135
62.73 439133
62.756 439121
62.816 439120
62.823 439109
62.832 439096
62.85 439095
62.893 439086
62.902 439051
62.907 439041
62.922 439040
62.925 439037
62.939 439019
62.944 439017
62.952 439014
62.954 439006
62.96 439000
63.059 438993
63.066 438991
63.113 438984
63.12 438975
63.242 438965
63.244 438962
63.245 438943
63.25 438930
63.253 438924
63.255 438919
63.263 438918
63.272 438916
63.274 438910
63.33 438906
63.414 438893
63.421 438888
63.423 438877
63.438 438869
63.454 438868
63.457 438865
63.462 438854
65.063 438853
65.084 438847
65.272 438843
65.275 438842
65.279 438840
65.29 438839
65.313 438834
65.353 438819
65.371 438792
65.377 438788
65.385 438787
65.522 438761
65.527 438757
65.638 438756
65.71 438750
65.727 438747
65.728 438743
65.73 438734
65.794 438727
65.796 438709
65.85 438700
65.872 438689
66.134 438688
66.371 438687
66.374 438669
66.385 438668
66.386 438639
66.391 438638
66.398 438631
66.404 438630
66.433 438617
66.437 438615
66.443 438613
66.458 438607
66.472 438605
66.479 438591
66.913 438589
66.927 438581
66.947 438578
66.951 438576
67.118 438565
67.283 438552
67.288 438551
67.302 438545
67.32 438536
67.351 438516
67.385 438515
67.642 438508
67.652 438501
67.653 438487
67.655 438486
67.757 438482
67.759 438474
67.896 438472
67.905 438469
67.991 438463
68.013 438461
68.02 438459
68.028 438451
68.04 438446
68.049 438441
68.094 438440
68.095 438439
68.113 438438
68.155 438437
68.162 438429
68.221 438402
68.224 438397
68.26 438395
68.291 438393
68.306 438379
68.323 438373
68.324 438370
68.331 438365
68.39 438358
68.391 438357
68.394 438347
68.41 438344
68.419 438341
68.443 438340
68.477 438338
68.479 438336
68.695 438334
68.704 438327
68.711 438311
68.712 438299
68.717 438289
68.718 438288
68.793 438286
68.82 438283
68.823 438276
68.86 438274
68.861 438273
68.927 438271
68.929 438267
68.931 438261
68.941 438260
68.943 438250
68.949 438239
68.951 438235
68.962 438223
68.964 438213
69.222 438209
69.254 438207
70.23 438198
70.237 438196
70.431 438190
70.451 438188
70.5 438181
70.501 438180
70.506 438166
70.638 438164
71.134 438159
71.143 438158
71.148 438155
71.353 438154
71.36 438141
71.371 438136
71.384 438135
71.396 438116
71.398 438113
71.408 438111
71.415 438100
71.416 438096
71.419 438082
71.487 438080
71.504 438079
71.508 438077
71.784 438076
71.785 438059
71.916 438057
71.943 438055
71.963 438053
71.969 438051
71.997 438048
72.021 438046
72.665 438045
72.771 438044
72.867 438043
72.886 438041
72.896 438026
73.144 438022
73.304 438020
73.306 438010
73.308 438009
73.31 438007
73.323 438004
73.344 437994
73.347 437991
73.356 437990
73.357 437988
73.382 437983
73.395 437975
73.399 437969
73.647 437964
73.651 437962
73.654 437958
73.666 437944
73.67 437936
74.306 437935
74.526 437934
74.641 437928
74.698 437923
74.709 437921
74.713 437920
74.867 437916
74.922 437915
74.923 437904
75.014 437903
75.027 437900
75.126 437896
75.127 437894
75.144 437891
75.281 437881
75.31 437870
75.334 437869
75.336 437868
75.355 437863
75.359 437858
75.371 437857
75.421 437856
75.432 437855
75.435 437848
75.476 437838
75.488 437834
75.5 437833
75.56 437832
75.57 437831
75.624 437823
75.629 437822
75.658 437820
75.69 437819
75.767 437816
75.77 437805
75.805 437795
75.806 437790
75.856 437789
76.109 437786
76.182 437782
76.195 437776
76.241 437774
76.268 437772
76.274 437769
76.305 437764
76.319 437762
76.329 437758
76.365 437753
76.376 437752
76.443 437748
76.513 437745
76.568 437744
76.577 437743
76.607 437734
76.619 437728
76.671 437727
76.672 437726
76.697 437718
76.726 437716
76.758 437713
76.763 437700
76.891 437698
76.925 437697
76.927 437695
76.983 437694
77.068 437690
77.579 437686
77.597 437675
77.648 437673
77.85 437668
77.873 437667
78.133 437661
78.146 437659
78.15 437650
78.159 437648
78.335 437641
78.351 437632
78.376 437626
78.438 437620
78.462 437610
78.467 437609
78.504 437603
78.597 437601
78.622 437596
78.627 437590
78.631 437588
78.635 437580
78.642 437574
78.646 437561
78.648 437554
78.651 437553
79.376 437551
79.41 437545
79.419 437544
79.424 437541
79.436 437533
79.487 437528
79.509 437527
79.539 437526
79.559 437520
79.561 437511
79.573 437507
79.576 437502
79.589 437499
80.385 437494
80.43 437492
80.5 437490
80.516 437482
80.521 437476
80.537 437471
80.559 437468
80.576 437467
80.586 437462
80.591 437447
80.88 437444
80.903 437435
80.932 437431
80.987 437430
81.19 437429
81.211 437426
81.222 437423
81.234 437422
81.837 437404
81.859 437401
82.496 437396
82.534 437394
82.667 437389
82.668 437384
82.706 437379
82.808 437376
82.88 437372
82.891 437370
82.893 437354
82.9 437343
82.918 437340
83.216 437337
83.218 437327
83.24 437319
83.249 437312
83.299 437307
83.319 437305
83.345 437304
83.363 437302
83.404 437300
84.171 437298
85.598 437293
85.817 437285
85.836 437280
85.859 437276
85.86 437269
85.962 437267
85.965 437265
85.987 437262
86.002 437260
86.058 437249
86.325 437245
86.341 437242
86.345 437240
86.351 437235
86.364 437233
86.387 437232
86.456 437231
86.569 437230
86.576 437228
86.608 437215
86.792 437213
86.796 437212
86.8 437211
86.836 437209
86.949 437205
86.951 437204
86.988 437203
86.993 437197
87.006 437192
87.036 437190
87.062 437189
87.139 437187
87.161 437185
87.184 437184
87.195 437177
87.198 437172
87.248 437161
87.387 437154
87.406 437150
87.409 437148
87.416 437147
87.426 437145
87.444 437138
87.455 437137
87.468 437132
87.623 437129
87.631 437126
87.647 437123
87.659 437121
87.661 437119
87.688 437118
87.84 437115
87.872 437114
87.926 437111
88.168 437110
88.175 437109
88.207 437105
88.253 437104
88.413 437097
88.448 437096
88.464 437095
88.481 437094
88.491 437087
88.562 437078
88.59 437076
88.617 437071
88.631 437070
88.67 437069
88.754 437067
88.828 437064
88.842 437062
88.849 437060
88.856 437057
88.878 437050
88.894 437048
88.938 437045
89.049 437042
89.05 437039
89.205 437035
89.275 437034
89.278 437033
89.3 437027
89.808 437026
89.825 437023
89.866 437021
89.933 437018
90.255 437016
90.273 437011
90.278 437005
90.3 437002
90.84 437001
90.884 436998
90.908 436997
90.998 436989
91.031 436985
91.199 436981
91.246 436979
91.285 436976
91.364 436973
91.435 436972
91.451 436970
91.727 436968
91.816 436967
91.819 436964
91.877 436963
91.914 436961
91.92 436960
91.931 436958
91.942 436952
91.943 436949
92.008 436948
92.028 436947
92.137 436946
92.195 436943
92.207 436938
92.233 436935
92.314 436929
92.361 436927
92.499 436926
92.579 436922
92.58 436921
92.583 436920
92.776 436917
92.818 436909
92.862 436905
92.909 436903
93.424 436902
93.512 436893
93.536 436892
93.565 436889
93.671 436888
93.876 436884
93.891 436883
94.023 436880
94.025 436878
94.032 436874
94.046 436869
94.265 436853
94.269 436852
94.313 436849
95.002 436848
95.094 436845
95.152 436842
95.212 436841
95.22 436837
95.293 436833
95.353 436828
95.365 436826
95.376 436825
95.38 436819
95.459 436817
95.529 436811
95.789 436809
95.831 436808
95.903 436806
95.937 436805
95.969 436804
95.986 436803
95.995 436802
96.68 436799
96.832 436797
96.879 436795
96.953 436793
96.954 436792
97.033 436790
97.043 436789
97.156 436787
97.301 436782
97.305 436771
97.31 436769
97.313 436766
97.375 436763
97.443 436761
97.459 436760
97.565 436755
97.574 436754
97.592 436753
97.609 436752
97.705 436750
97.735 436747
97.738 436745
97.79 436744
97.8 436740
98.646 436739
98.712 436733
98.764 436730
99.289 436729
99.318 436728
99.351 436723
99.359 436722
99.364 436718
99.39 436716
99.427 436715
99.43 436714
99.488 436710
99.772 436704
99.783 436702
99.789 436701
99.832 436700
99.884 436695
99.902 436691
99.964 436690
99.998 436668
100.05 436666
100.39 436660
100.467 436658
100.488 436653
100.505 436649
100.567 436647
100.659 436646
100.778 436640
101.438 436639
101.693 436637
101.695 436636
101.788 436631
101.795 436629
101.867 436627
102.097 436625
102.133 436619
102.218 436617
102.318 436610
102.465 436609
102.472 436603
104.081 436596
104.23 436595
104.294 436589
104.378 436587
104.663 436582
104.706 436573
104.717 436569
104.845 436568
