0.736 116747
0.737 116742
0.737 116740
0.738 116686
0.738 116669
0.739 116665
0.739 116651
0.741 116600
0.741 116578
0.742 116575
0.743 116574
0.744 116567
0.744 116438
0.745 116435
0.745 116419
0.746 116413
0.746 116383
0.747 116178
0.748 116103
0.749 116095
0.749 116078
0.75 116062
0.751 116051
0.751 116042
0.753 116031
0.753 116022
0.754 116018
0.754 116008
0.756 115958
0.756 115953
0.757 115940
0.757 115908
0.758 115906
0.758 115904
0.759 115897
0.759 115843
0.761 115816
0.762 115809
0.762 115800
0.763 115786
0.763 115649
0.764 115626
0.764 115610
0.765 115605
0.766 115604
0.767 115599
0.767 115575
0.768 115569
0.77 115568
0.77 115557
0.77 115545
0.772 115528
0.773 115512
0.774 115509
0.774 115499
0.776 115497
0.777 115487
0.777 115462
0.778 115455
0.778 115453
0.779 115416
0.78 115410
0.784 115324
0.784 115318
0.785 115317
0.786 115313
0.787 115304
0.788 115298
0.788 115170
0.789 115144
0.79 115142
0.791 115137
0.793 115088
0.794 115072
0.794 114990
0.795 114981
0.796 114970
0.797 114953
0.798 114925
0.8 114918
0.802 114899
0.803 114897
0.804 114855
0.805 114844
0.805 114841
0.806 114831
0.807 114817
0.807 114816
0.809 114810
0.81 114777
0.81 114729
0.811 114692
0.812 114685
0.812 114684
0.814 114652
0.815 114648
0.815 114516
0.817 114509
0.817 114508
0.818 114499
0.818 114496
0.819 114495
0.82 114483
0.821 114470
0.821 114461
0.823 114457
0.825 114443
0.826 114438
0.826 114435
0.827 114419
0.828 114291
0.829 114290
0.83 114260
0.83 114253
0.831 114249
0.836 114229
0.837 114204
0.837 114199
0.838 114187
0.839 114156
0.84 114153
0.841 114144
0.841 114139
0.842 114132
0.843 114099
0.845 114097
0.845 114089
0.87 114084
0.877 114083
0.877 114065
0.879 114040
0.88 114039
0.882 114035
0.882 114033
0.883 114024
0.884 114018
0.885 114014
0.886 114010
0.886 114009
0.888 114008
0.89 113985
0.89 113974
0.891 113969
0.892 113694
0.895 113676
0.896 113636
0.896 113630
0.898 113629
0.899 113623
0.899 113616
0.902 113614
0.902 113576
0.917 113568
0.918 113567
0.918 113565
0.92 113516
0.922 113513
0.923 113508
0.924 113482
0.925 113457
0.934 113399
0.935 113378
0.936 113372
0.937 113370
0.939 113345
0.95 113333
0.952 113317
0.953 113304
0.968 113264
0.993 113260
0.993 113250
0.996 113248
0.998 113245
0.999 113232
1.001 113212
1.002 113210
1.002 113187
1.005 113181
1.007 113179
1.008 113093
1.009 113084
1.009 113082
1.012 113077
1.013 113039
1.024 113034
1.027 113000
1.045 112985
1.046 112978
1.048 112975
1.073 112940
1.074 112919
1.075 112905
1.096 112868
1.097 112855
1.099 112839
1.101 112836
1.102 112835
1.105 112817
1.106 112816
1.106 112813
1.108 112789
1.111 112787
1.112 112786
1.122 112782
1.123 112775
1.123 112771
1.127 112756
1.13 112741
1.18 112688
1.181 112680
1.183 112661
1.184 112648
1.19 112632
1.192 112627
1.193 112618
1.194 112616
1.224 112585
1.292 112584
1.294 112556
1.295 112553
1.3 112532
1.3 112514
1.301 112498
1.302 112493
1.586 112490
1.588 112481
1.589 112472
1.592 112462
1.594 112434
1.596 112414
1.596 112403
1.642 112349
1.646 112345
1.648 112339
1.684 112334
1.684 112333
1.689 112326
1.691 112310
1.693 112285
1.694 112266
1.695 112249
1.697 112247
1.698 112235
1.699 112230
1.699 112201
1.7 112141
1.701 112096
1.703 112086
1.719 112076
1.722 112062
1.724 112042
1.725 112029
1.726 112014
1.727 112005
1.728 112003
1.758 111980
1.758 111969
1.913 111968
1.914 111949
1.916 111948
1.916 111943
1.923 111942
1.923 111927
1.942 111920
1.944 111914
1.944 111882
1.946 111879
1.995 111853
1.999 111834
2.001 111818
2.001 111809
2.002 111795
2.003 111777
2.004 111769
2.01 111740
2.012 111663
2.012 111651
2.014 111634
2.017 111625
2.018 111621
2.018 111618
2.019 111609
2.025 111601
2.026 111599
2.028 111593
2.035 111590
2.036 111579
2.037 111568
2.04 111559
2.044 111552
2.044 111539
2.049 111522
2.05 111515
2.051 111513
2.052 111509
2.053 111505
2.055 111503
2.056 111498
2.059 111482
2.062 111481
2.063 111473
2.069 111464
2.07 111444
2.073 111440
2.074 111430
2.076 111345
2.077 111344
2.078 111337
2.079 111335
2.08 111324
2.082 111320
2.083 111297
2.089 111293
2.091 111286
2.174 111211
2.179 111208
2.179 111203
2.181 111197
2.182 111181
2.183 111178
2.184 111166
2.185 111078
2.186 111073
2.187 111053
2.189 111052
2.202 111033
2.203 111028
2.204 111010
2.209 110994
2.211 110958
2.211 110947
2.225 110946
2.227 110942
2.234 110920
2.255 110886
2.256 110885
2.257 110880
2.378 110874
2.379 110863
2.383 110855
2.384 110844
2.385 110840
2.387 110814
2.401 110801
2.421 110786
2.423 110754
2.424 110733
2.425 110692
2.426 110674
2.456 110662
2.467 110661
2.468 110560
2.479 110552
2.48 110544
2.48 110538
2.483 110523
2.485 110481
2.486 110480
2.487 110477
2.522 110453
2.557 110449
2.558 110447
2.562 110432
2.563 110425
2.571 110352
2.572 110351
2.655 110339
2.656 110329
2.656 110313
2.657 110312
2.66 110309
2.661 110300
2.661 110291
2.662 110290
2.665 110272
2.684 110265
2.686 110260
2.688 110258
2.688 110244
2.689 110226
2.711 110213
3.144 110202
3.145 110189
3.151 110179
3.151 110175
3.163 110171
3.164 110161
3.164 110160
3.165 110151
3.17 110143
3.173 110134
3.174 110116
3.175 110107
3.176 110089
3.177 110077
3.18 110075
3.181 110061
3.182 110044
3.19 110043
3.191 110034
3.195 109992
3.195 109978
3.2 109962
3.202 109928
3.203 109925
3.204 109920
3.205 109914
3.209 109884
3.209 109876
3.21 109864
3.267 109861
3.269 109845
3.269 109827
3.27 109825
3.271 109807
3.274 109779
3.286 109737
3.301 109725
3.303 109711
3.322 109708
3.323 109691
3.919 109684
3.938 109675
3.939 109667
3.943 109663
3.971 109647
3.973 109639
4.035 109633
4.041 109599
4.077 109573
4.077 109534
4.078 109522
4.08 109509
4.082 109506
4.084 109501
4.085 109486
4.086 109478
4.093 109477
4.095 109455
4.097 109454
4.098 109451
4.099 109449
4.105 109415
4.107 109413
4.108 109408
4.11 109403
4.111 109401
4.112 109393
4.114 109390
4.115 109383
4.119 109381
4.208 109352
4.21 109335
4.218 109317
4.528 109208
4.541 109201
4.542 109196
4.545 109159
4.545 109155
4.546 109140
4.549 109127
4.55 109117
4.555 109100
4.557 109097
4.56 109090
4.561 109078
4.563 109025
4.564 109012
5.23 108994
5.231 108969
5.232 108955
5.233 108945
5.234 108935
5.248 108930
5.251 108922
5.279 108902
5.282 108897
5.29 108888
5.293 108852
5.294 108824
5.294 108816
5.295 108811
5.384 108809
5.386 108806
5.387 108804
5.405 108778
5.409 108777
5.411 108769
5.412 108763
5.414 108754
5.415 108751
5.417 108737
5.419 108726
5.426 108721
5.427 108675
5.427 108667
5.43 108662
5.431 108660
5.431 108624
5.433 108599
5.434 108574
5.434 108559
5.436 108555
5.437 108530
5.439 108517
5.441 108469
5.442 108459
5.445 108436
5.446 108426
5.447 108416
5.448 108410
5.449 108393
5.451 108344
6.341 108338
6.342 108332
6.343 108331
6.347 108317
6.352 108293
6.353 108291
6.354 108269
6.358 108244
6.419 108240
6.42 108228
6.422 108216
6.43 108187
6.436 108185
10.903 108174
10.908 108164
10.91 108159
10.912 108152
10.915 108091
10.916 108088
10.918 108076
10.92 108066
10.921 108015
10.922 107996
10.923 107990
10.924 107977
10.925 107968
10.931 107966
10.936 107956
11.48 107948
11.481 107936
11.511 107877
11.512 107867
11.513 107863
11.525 107860
12.257 107815
12.257 107801
12.261 107792
12.264 107745
12.267 107738
12.269 107729
12.27 107700
12.271 107691
12.272 107684
12.274 107676
12.274 107651
12.277 107644
12.283 107629
12.299 107620
12.303 107614
12.304 107597
12.306 107586
12.309 107565
12.357 107545
12.363 107533
12.365 107525
12.367 107523
12.451 107511
12.452 107494
12.501 107487
12.502 107486
12.502 107481
12.503 107470
13.674 107462
13.676 107449
13.677 107439
13.681 107432
13.682 107411
13.72 107401
13.723 107384
13.841 107381
13.842 107377
13.848 107365
13.85 107336
13.852 107332
13.853 107323
13.86 107308
13.864 107305
13.865 107294
13.866 107283
13.867 107260
13.868 107258
13.876 107244
13.997 107243
14.008 107233
14.009 107220
14.013 107218
14.017 107195
14.021 107190
14.033 107182
14.202 107181
14.203 107179
14.204 107150
14.205 107149
14.315 107147
14.318 107144
14.318 107133
14.332 107115
14.335 107111
14.336 107100
14.944 107093
14.945 107081
14.955 107080
14.957 107068
14.959 107067
14.961 107046
14.962 107032
17.049 107031
17.05 107030
17.054 107025
17.291 107021
17.348 107003
17.349 106997
17.349 106992
17.35 106988
17.355 106975
18.481 106974
19.072 106967
19.075 106932
19.075 106916
19.076 106913
19.086 106891
19.089 106873
19.091 106872
19.097 106855
19.099 106851
19.152 106848
19.153 106828
19.154 106824
19.22 106821
19.223 106814
19.723 106812
19.725 106793
19.726 106792
19.733 106773
19.746 106769
19.79 106757
19.816 106750
19.817 106733
19.818 106727
19.82 106714
19.821 106706
19.836 106693
19.837 106688
19.84 106687
19.842 106684
19.843 106680
19.845 106675
19.846 106674
19.85 106664
20.31 106661
20.311 106654
21.546 106646
21.561 106643
21.561 106641
21.598 106634
21.599 106622
21.601 106616
21.608 106610
21.611 106606
21.619 106599
23.37 106591
23.371 106583
23.372 106570
23.38 106566
23.386 106558
23.396 106532
23.481 106519
23.487 106518
23.49 106486
23.491 106482
23.494 106471
23.506 106469
23.509 106460
23.511 106455
23.511 106449
23.513 106441
26.435 106428
26.449 106418
26.45 106414
26.452 106412
26.468 106406
26.471 106400
26.483 106383
26.486 106375
26.488 106343
26.488 106337
26.49 106332
26.959 106331
26.978 106320
28.59 106315
28.592 106306
29.207 106304
29.208 106296
29.21 106289
29.553 106278
29.554 106277
29.564 106275
29.566 106256
29.573 106248
29.589 106247
29.59 106234
29.597 106223
29.598 106222
29.651 106215
29.653 106210
29.654 106206
29.655 106198
29.656 106191
29.657 106189
29.666 106184
29.688 106177
29.706 106157
29.71 106156
30.721 106152
30.722 106150
30.728 106139
30.876 106129
30.923 106126
30.925 106125
30.932 106114
30.938 106110
30.941 106107
31.141 106104
31.144 106090
31.145 106087
31.147 106075
31.148 106074
31.15 106070
31.152 106067
31.155 106064
31.159 106055
31.169 106052
31.434 106046
31.435 106045
31.442 106043
31.748 106041
31.755 106030
31.771 106028
31.8 106020
31.905 106014
31.909 106011
31.93 106010
31.93 106006
31.933 106005
31.934 106002
31.936 105997
31.967 105995
32.006 105988
32.095 105983
32.095 105978
32.097 105974
32.185 105973
32.507 105970
32.516 105969
32.526 105953
32.527 105952
32.528 105951
32.529 105950
32.532 105939
32.599 105937
32.6 105932
32.607 105930
32.61 105929
32.615 105909
32.616 105907
32.616 105906
32.62 105904
32.624 105900
32.644 105899
32.685 105898
32.839 105896
33.666 105853
33.758 105843
33.76 105838
33.766 105834
34.006 105826
34.583 105824
34.646 105823
34.649 105821
34.92 105819
34.933 105805
34.935 105804
34.936 105796
34.938 105794
35.387 105793
35.39 105782
35.406 105777
35.407 105758
35.412 105740
35.415 105738
35.43 105737
35.433 105727
35.435 105716
35.447 105714
35.499 105712
35.529 105706
35.531 105703
35.555 105701
35.56 105697
35.597 105696
35.597 105690
35.615 105688
35.617 105677
35.626 105676
35.629 105669
35.632 105666
35.633 105661
35.634 105657
38.844 105652
38.846 105635
39.006 105633
39.016 105630
39.019 105629
39.021 105625
39.026 105623
39.03 105619
39.033 105617
39.043 105616
39.484 105609
39.488 105607
39.492 105604
39.493 105603
39.498 105596
39.526 105593
39.526 105592
39.528 105590
39.535 105589
39.537 105587
39.553 105583
39.714 105580
39.761 105576
39.771 105575
39.78 105574
39.781 105572
39.943 105563
39.944 105558
39.981 105557
39.994 105556
40.009 105551
40.04 105547
40.544 105546
40.548 105542
40.575 105538
40.576 105536
40.594 105533
40.595 105532
40.644 105528
40.653 105511
40.671 105510
40.675 105507
40.684 105506
40.718 105505
40.719 105502
40.744 105500
40.745 105499
40.768 105497
40.838 105496
40.871 105494
40.896 105489
40.984 105488
40.987 105486
41.001 105484
41.054 105483
41.056 105476
41.056 105475
41.062 105473
41.066 105470
41.07 105466
41.936 105463
41.944 105459
41.98 105458
41.995 105457
42.068 105455
42.08 105452
42.344 105449
42.858 105447
42.867 105441
42.878 105437
43.685 105433
43.693 105430
43.694 105427
43.699 105424
43.705 105420
43.706 105419
44.682 105411
45.557 105406
45.566 105400
45.573 105395
46.246 105388
46.247 105376
46.247 105375
46.259 105374
46.526 105372
46.541 105366
46.555 105364
46.567 105361
47.823 105359
47.825 105358
47.853 105354
47.888 105353
48.368 105352
48.379 105351
48.381 105350
48.392 105345
48.714 105337
49.057 105335
49.066 105332
49.096 105330
49.096 105328
49.1 105324
49.113 105323
49.117 105322
49.157 105320
49.159 105314
49.172 105313
49.173 105312
49.247 105310
49.3 105309
49.421 105308
49.438 105304
49.56 105303
49.731 105300
50.215 105291
50.258 105289
50.667 105284
50.706 105282
50.706 105280
50.754 105278
50.757 105275
50.793 105274
50.797 105273
50.809 105272
50.815 105269
50.816 105268
50.849 105263
50.958 105262
50.975 105261
51.038 105259
51.076 105255
51.247 105254
51.251 105251
51.256 105250
51.489 105247
51.872 105246
51.873 105241
51.876 105240
52.114 105233
52.219 105229
52.252 105225
52.283 105221
52.301 105220
52.38 105219
52.394 105215
52.407 105213
52.59 105210
53.857 105209
53.885 105207
53.934 105206
53.941 105205
53.946 105204
54.318 105199
54.335 105198
54.336 105197
55.488 105196
55.507 105195
55.642 105192
55.654 105190
56.259 105189
56.325 105188
56.366 105186
56.371 105185
56.698 105184
56.977 105183
57.021 105182
57.031 105180
57.117 105178
57.162 105176
57.268 105175
57.385 105171
57.713 105170
59.632 105163
59.682 105161
59.752 105158
59.914 105156
60.037 105155
60.119 105154
60.133 105153
60.191 105152
