0.439 184310
0.44 184298
0.442 184284
0.443 184253
0.443 184240
0.444 184223
0.445 184177
0.445 184175
0.446 184158
0.448 184148
0.449 184132
0.449 184100
0.45 184088
0.451 184042
0.451 184041
0.452 184033
0.453 183958
0.453 183898
0.455 183871
0.455 183850
0.458 183834
0.462 183786
0.463 183746
0.463 183745
0.473 183738
0.474 183706
0.476 183703
0.476 183701
0.477 183697
0.477 183676
0.478 183651
0.479 183565
0.481 183556
0.484 183541
0.484 183475
0.485 183453
0.486 183442
0.486 183427
0.487 183374
0.488 183372
0.489 183363
0.493 183332
0.493 183311
0.495 183303
0.496 183302
0.497 183288
0.498 183268
0.499 183259
0.5 183253
0.5 183241
0.501 183235
0.502 183192
0.505 183187
0.505 183181
0.506 183171
0.506 183116
0.508 183112
0.51 183096
0.511 183090
0.511 183022
0.512 182996
0.513 182994
0.513 182992
0.514 182947
0.516 182942
0.517 182940
0.518 182937
0.519 182918
0.521 182894
0.521 182892
0.523 182845
0.523 182844
0.524 182837
0.532 182825
0.537 182824
0.537 182801
0.538 182799
0.539 182797
0.618 182762
0.62 182757
0.62 182719
0.621 182708
0.621 182704
0.622 182702
0.623 182683
0.623 182674
0.624 182667
0.629 182664
0.63 182645
0.631 182641
0.638 182635
0.639 182616
0.64 182595
0.641 182570
0.642 182559
0.643 182549
0.938 182547
1.019 182457
1.02 182446
1.022 182377
1.068 182371
1.069 182369
1.07 182349
1.087 182347
1.089 182331
1.089 182316
1.119 182275
1.211 182263
1.214 182242
1.246 182226
3.756 182213
3.757 182185
8.274 182174
8.275 182173
8.281 182154
8.298 182147
8.304 182141
8.308 182138
8.31 182121
8.31 182110
8.316 182101
8.324 182097
8.326 182083
12.082 182080
12.085 182077
12.088 182074
12.088 182053
12.089 182010
12.168 181960
12.24 181950
12.24 181940
12.241 181921
12.255 181918
12.384 181908
12.39 181905
12.392 181896
12.396 181885
12.399 181878
13.729 181870
13.968 181869
13.969 181849
13.971 181826
13.974 181825
14.719 181816
14.742 181810
14.744 181798
14.745 181791
14.836 181782
14.84 181774
14.842 181768
14.844 181754
14.845 181752
14.86 181745
14.864 181700
14.87 181668
14.872 181651
14.873 181642
14.876 181635
14.877 181579
14.881 181567
14.882 181561
14.884 181559
14.903 181531
14.906 181512
16.303 181497
16.304 181496
16.305 181487
16.306 181468
16.307 181465
16.311 181451
16.312 181447
16.367 181426
16.377 181405
16.384 181402
16.935 181399
16.938 181388
16.94 181385
16.94 181382
16.942 181362
16.944 181361
16.948 181330
16.956 181326
16.988 181324
16.991 181301
16.999 181300
17.009 181288
17.023 181282
17.032 181263
17.034 181253
17.043 181236
17.049 181227
17.053 181226
17.054 181220
17.055 181210
17.059 181190
17.062 181180
17.093 181178
17.145 181176
17.149 181157
17.156 181156
17.2 181133
17.201 181127
17.203 181104
17.205 181085
17.214 181072
17.24 181070
20.437 181064
20.441 181056
20.441 181044
20.444 181037
20.446 181029
20.447 181022
20.45 181019
20.456 181012
20.458 180992
20.462 180959
20.478 180932
20.641 180901
20.654 180890
20.654 180879
20.658 180874
20.66 180859
23.208 180843
23.211 180838
23.214 180836
23.216 180795
23.485 180763
23.487 180751
24.569 180733
24.57 180726
24.574 180725
24.917 180716
24.918 180705
24.919 180695
24.921 180672
24.923 180671
24.925 180669
24.927 180648
24.93 180647
24.939 180642
24.94 180639
24.941 180628
24.959 180619
24.96 180616
25.348 180611
25.358 180608
25.361 180601
25.364 180597
25.367 180573
25.368 180569
25.369 180560
25.37 180545
25.374 180535
25.376 180534
25.394 180529
25.405 180527
25.421 180525
25.904 180512
25.91 180503
25.921 180494
25.923 180478
25.925 180462
25.927 180450
26.129 180443
26.133 180440
26.138 180433
26.14 180431
26.208 180424
27.099 180418
27.106 180387
27.107 180385
27.108 180371
27.128 180369
27.137 180368
27.138 180365
27.161 180354
27.262 180351
27.265 180317
27.267 180311
27.27 180307
27.275 180292
27.278 180290
27.28 180278
27.285 180273
27.294 180262
27.295 180257
27.298 180253
27.302 180249
27.43 180238
27.432 180213
27.433 180205
27.664 180194
27.665 180155
27.676 180149
27.819 180144
27.822 180136
27.914 180129
27.915 180127
27.916 180117
27.935 180113
27.947 180083
27.951 180064
27.952 180063
27.954 180061
27.999 180043
28.002 180030
28.009 180003
31.509 179980
31.512 179970
31.512 179947
31.521 179946
31.526 179935
31.544 179929
31.546 179927
31.875 179921
31.883 179912
31.981 179907
31.991 179900
31.994 179895
32 179891
32.008 179889
32.012 179886
32.012 179868
32.044 179867
32.317 179866
32.337 179860
32.342 179856
32.804 179854
32.806 179837
32.808 179829
32.809 179824
32.81 179814
32.818 179813
32.821 179778
32.825 179777
32.835 179772
32.836 179771
33.033 179764
33.034 179744
33.036 179714
33.041 179709
33.044 179672
33.05 179664
33.062 179658
33.064 179652
33.064 179642
33.065 179638
33.076 179635
33.099 179625
35.03 179623
35.032 179621
35.043 179618
35.052 179614
35.145 179598
35.185 179590
35.337 179567
35.339 179555
35.39 179551
35.391 179545
35.479 179538
35.48 179533
35.481 179521
35.485 179520
35.486 179519
35.501 179518
35.506 179515
35.509 179511
35.509 179507
35.511 179504
35.512 179499
35.513 179494
35.518 179489
35.521 179488
35.532 179480
36.052 179471
36.122 179470
36.549 179467
36.798 179444
36.799 179440
36.807 179432
36.812 179428
36.813 179427
36.841 179408
36.846 179394
36.846 179391
36.847 179390
36.851 179388
36.859 179376
36.864 179372
36.867 179369
36.875 179366
36.948 179350
36.952 179346
36.954 179343
36.956 179339
36.958 179338
37.928 179326
38.012 179312
38.027 179309
38.031 179306
38.037 179305
38.047 179301
38.06 179297
38.294 179296
38.299 179288
38.305 179281
38.315 179280
38.434 179275
38.441 179272
38.442 179269
38.444 179266
38.472 179255
38.585 179252
40.343 179248
40.36 179241
40.36 179215
40.363 179211
40.391 179210
40.394 179209
40.498 179205
40.502 179193
40.507 179192
40.509 179189
40.52 179185
40.521 179183
40.524 179174
40.529 179164
40.532 179155
40.615 179149
40.627 179143
40.631 179142
40.657 179141
40.699 179136
40.713 179131
40.716 179127
40.725 179118
40.728 179080
40.824 179070
40.865 179062
40.872 179056
40.88 179053
41.106 179052
41.106 179047
41.109 179035
41.11 179032
41.112 179020
41.12 179016
41.126 179013
41.143 179008
41.145 179006
41.147 179002
41.149 178984
41.152 178983
41.162 178977
41.168 178967
41.561 178955
41.569 178952
41.589 178946
41.591 178941
41.756 178937
41.765 178935
41.766 178915
41.802 178900
41.805 178897
41.807 178892
41.808 178891
41.88 178884
41.888 178878
41.898 178877
41.899 178875
42.269 178874
42.27 178871
42.27 178866
42.279 178865
42.28 178848
42.55 178841
42.552 178840
42.576 178827
42.582 178817
42.587 178798
42.588 178785
42.604 178781
42.606 178761
42.607 178760
42.609 178758
42.621 178756
42.622 178747
42.632 178744
42.768 178738
42.781 178717
42.783 178714
42.863 178709
42.88 178708
42.881 178701
42.903 178693
42.91 178687
42.924 178685
42.987 178683
42.99 178682
43.136 178678
43.175 178671
43.181 178670
43.194 178655
43.197 178643
44.401 178638
44.411 178625
44.411 178623
44.425 178622
44.427 178606
44.44 178605
44.493 178598
46.456 178597
46.501 178574
47.911 178569
47.912 178564
47.989 178561
47.997 178558
48.013 178555
48.027 178554
48.036 178552
48.04 178549
48.043 178546
48.045 178543
48.092 178535
48.098 178534
48.113 178526
48.122 178525
48.127 178524
48.134 178522
48.139 178508
48.143 178506
48.146 178504
48.149 178503
48.155 178497
48.186 178494
48.523 178493
48.532 178491
48.546 178490
48.549 178486
48.562 178484
48.581 178478
48.598 178470
48.618 178467
48.656 178466
48.659 178465
48.664 178464
49.357 178460
50.054 178458
50.059 178456
50.07 178451
50.071 178441
50.077 178434
50.085 178430
50.087 178421
50.093 178419
50.107 178403
50.108 178393
50.149 178391
50.16 178388
50.371 178387
50.415 178375
50.467 178372
50.495 178371
50.498 178368
50.514 178362
50.519 178357
50.525 178354
50.535 178351
50.564 178350
50.566 178349
50.572 178346
50.693 178342
50.696 178330
51.549 178324
51.55 178323
51.559 178313
51.587 178308
51.598 178306
51.736 178304
51.749 178302
51.784 178301
51.788 178297
51.805 178295
51.843 178294
51.854 178292
52.907 178291
52.975 178288
53.755 178283
53.787 178282
53.843 178280
53.864 178278
53.875 178276
53.877 178269
53.881 178261
53.895 178260
53.897 178258
54.111 178249
54.128 178247
54.131 178245
54.137 178242
54.222 178241
54.225 178234
54.239 178232
54.247 178231
54.351 178230
54.357 178228
54.36 178224
54.381 178223
54.39 178222
54.415 178221
54.422 178218
54.431 178217
54.483 178216
54.494 178209
54.506 178208
55.226 178205
55.231 178198
55.232 178192
55.234 178187
55.235 178186
55.239 178180
55.243 178172
55.255 178170
55.263 178167
57.326 178154
57.342 178148
57.374 178144
57.408 178143
57.412 178142
57.415 178134
57.567 178133
59.037 178132
59.15 178131
59.151 178124
59.171 178122
59.189 178120
59.351 178118
59.358 178116
60.422 178114
60.463 178109
60.468 178105
60.58 178097
60.593 178094
60.599 178093
60.603 178083
60.614 178081
60.619 178080
60.655 178078
60.675 178075
60.686 178068
60.697 178062
60.801 178060
60.817 178057
60.85 178053
61.373 178051
61.524 178047
61.528 178043
61.536 178039
61.718 178030
61.81 178028
61.812 178023
61.818 178020
61.836 178013
62.585 178010
62.601 178004
62.608 178003
62.611 178002
62.623 178000
62.633 177997
62.672 177996
62.709 177994
62.73 177991
63.164 177990
63.169 177987
63.186 177986
63.211 177985
63.219 177982
63.993 177979
64.209 177978
64.218 177976
64.223 177973
64.975 177971
64.981 177970
65.013 177964
65.069 177960
65.073 177959
66.361 177958
66.839 177956
66.944 177953
67.105 177951
67.418 177947
67.714 177946
67.742 177944
67.772 177940
67.81 177939
67.839 177938
68.174 177935
68.303 177934
68.438 177925
68.444 177922
68.97 177921
69.019 177919
69.134 177916
69.207 177913
69.225 177912
69.606 177909
69.74 177905
69.743 177903
69.764 177902
69.874 177900
69.895 177899
69.9 177898
70 177896
70.019 177895
70.237 177891
70.241 177888
70.28 177887
70.286 177883
70.31 177879
70.371 177877
70.406 177874
70.446 177873
70.453 177870
70.464 177869
70.517 177868
70.528 177867
70.538 177866
70.584 177862
70.59 177860
70.709 177856
70.839 177850
70.843 177848
70.927 177845
70.963 177844
71.065 177843
72.071 177842
72.085 177841
72.112 177839
72.146 177836
72.2 177828
72.217 177827
72.223 177826
72.234 177825
72.239 177823
72.274 177822
72.396 177821
72.413 177820
72.564 177819
72.621 177818
72.658 177817
72.661 177816
72.677 177815
72.685 177811
72.701 177810
72.745 177809
72.791 177807
72.81 177801
72.853 177797
72.879 177796
73.172 177785
73.795 177783
73.874 177782
74.468 177780
74.506 177777
74.508 177772
74.509 177770
74.553 177768
74.576 177766
74.597 177765
75.208 177762
