7.749 418214
7.75 418212
7.752 418204
7.754 418164
7.755 418158
7.756 418157
7.758 418133
7.759 418105
7.762 418094
7.763 418093
7.764 418089
7.766 418044
7.768 417994
7.769 417986
7.77 417985
7.773 417980
7.774 417978
7.776 417958
7.78 417957
7.781 417955
7.784 417924
7.786 417902
7.787 417901
7.789 417889
7.792 417887
7.793 417886
7.794 417883
7.796 417823
7.797 417793
7.798 417786
7.8 417766
7.804 417757
7.805 417751
7.809 417750
7.811 417707
7.813 417706
7.815 417687
7.817 417654
7.824 417597
7.825 417594
7.827 417581
7.829 417481
7.831 417473
7.832 417463
7.833 417447
7.836 417440
7.838 417432
7.839 417399
7.84 417384
7.842 417381
7.844 417380
7.845 417367
7.847 417350
7.849 417294
7.852 417282
7.854 417281
7.855 417261
7.856 417260
7.858 417253
7.859 417243
7.862 417223
7.864 417215
7.865 417185
7.867 417087
7.869 417066
7.87 417064
7.872 417033
7.875 417028
7.876 416983
7.877 416968
7.879 416962
7.882 416919
7.885 416914
7.892 416891
7.894 416873
7.897 416840
7.899 416823
7.901 416814
7.902 416808
7.903 416790
7.905 416774
7.907 416762
7.909 416747
7.911 416738
7.913 416734
7.915 416724
7.918 416674
7.919 416649
7.921 416632
7.922 416624
7.924 416595
7.925 416593
7.927 416587
7.928 416581
7.929 416547
7.931 416545
7.933 416544
7.934 416539
7.936 416536
7.938 416531
7.939 416527
7.941 416526
7.943 416525
7.945 416516
7.948 416475
7.949 416430
7.951 416400
7.956 416369
7.957 416355
7.958 416350
7.96 416344
7.962 416329
7.965 416321
7.966 416300
7.968 416296
7.969 416293
7.973 416292
7.976 416291
7.977 416268
7.978 416260
7.98 416227
7.981 416226
7.982 416225
7.984 416223
7.985 416221
7.987 416211
7.988 416201
7.989 416166
7.991 416157
7.994 416153
7.996 416131
8.001 416130
8.002 416128
8.004 416121
8.005 416110
8.01 416103
8.017 416102
8.019 416098
8.02 416093
8.022 416084
8.024 416070
8.025 416068
8.027 416055
8.028 416039
8.03 416035
8.032 416033
8.034 416031
8.036 415989
8.038 415981
8.041 415977
8.042 415968
8.048 415930
8.051 415929
8.054 415928
8.056 415927
8.057 415915
8.059 415904
8.061 415900
8.062 415899
8.064 415894
8.065 415846
8.072 415844
8.073 415839
8.076 415835
8.083 415834
8.086 415833
8.088 415830
8.092 415774
8.093 415772
8.096 415764
8.098 415755
8.103 415751
8.104 415748
8.108 415736
8.109 415733
8.116 415729
8.12 415723
8.126 415688
8.129 415648
8.13 415641
8.132 415627
8.14 415614
8.143 415593
8.144 415572
8.147 415561
8.152 415556
8.154 415554
8.155 415551
8.159 415550
8.16 415542
8.162 415538
8.184 415535
8.188 415520
8.19 415512
8.193 415508
8.194 415506
8.198 415503
8.199 415491
8.202 415461
8.206 415460
8.208 415456
8.213 415449
8.214 415442
8.215 415437
8.217 415430
8.22 415395
8.221 415377
8.224 415372
8.225 415369
8.229 415366
8.24 415364
8.242 415346
8.245 415343
8.248 415332
8.257 415307
8.26 415282
8.262 415264
8.266 415258
8.268 415257
8.27 415254
8.273 415248
8.274 415243
8.276 415239
8.279 415228
8.28 415225
8.282 415220
8.284 415205
8.285 415185
8.286 415181
8.295 415092
8.297 415051
8.298 415046
8.299 415037
8.302 415035
8.304 415028
8.316 415021
8.322 415018
8.324 415002
8.325 414993
8.326 414978
8.328 414933
8.332 414896
8.333 414849
8.337 414825
8.339 414792
8.345 414790
8.349 414720
8.351 414717
8.352 414701
8.353 414686
8.355 414674
8.368 414662
8.372 414644
8.373 414630
8.376 414627
8.399 414614
8.405 414611
8.408 414605
8.414 414604
8.416 414584
8.418 414581
8.42 414570
8.424 414564
8.425 414562
8.427 414561
8.437 414539
8.438 414527
8.44 414526
8.443 414524
8.445 414516
8.452 414477
8.453 414472
8.455 414470
8.465 414469
8.466 414458
8.471 414456
8.475 414442
8.513 414436
8.515 414430
8.516 414421
8.518 414407
8.519 414404
8.522 414390
8.523 414388
8.526 414386
8.529 414379
8.53 414376
8.535 414375
8.536 414374
8.538 414365
8.539 414362
8.54 414356
8.542 414334
8.546 414326
8.548 414321
8.549 414320
8.552 414315
8.553 414294
8.556 414286
8.562 414282
8.564 414275
8.57 414274
8.571 414271
8.573 414268
8.577 414259
8.579 414217
8.583 414216
8.588 414210
8.591 414185
8.593 414175
8.847 414161
8.85 414160
8.852 414158
8.854 414130
8.857 414125
8.86 414104
8.861 414101
8.864 414100
8.867 414091
8.869 414090
8.87 414085
8.872 414072
8.873 414049
8.887 414047
8.891 414042
8.893 414041
8.968 414037
8.97 414033
8.972 414029
8.975 414028
9.159 414018
9.161 414008
9.163 414004
9.194 414001
9.197 413984
9.287 413960
9.312 413951
9.315 413947
9.317 413946
9.318 413942
9.32 413919
9.324 413912
9.329 413910
9.33 413892
9.331 413891
9.333 413889
9.334 413887
9.338 413885
9.355 413882
9.369 413879
9.371 413877
9.386 413865
9.391 413864
9.392 413855
9.4 413834
9.401 413821
9.406 413812
9.408 413808
9.41 413755
9.412 413750
29.448 413723
29.451 413691
29.47 413680
29.472 413668
29.475 413662
29.495 413656
29.511 413651
29.513 413643
29.518 413635
29.519 413629
30.433 413624
30.452 413612
30.454 413608
30.455 413580
30.459 413561
30.46 413551
30.504 413531
30.506 413510
30.517 413505
30.518 413484
30.556 413482
30.723 413462
30.725 413458
30.729 413454
30.731 413428
30.773 413427
30.777 413412
30.803 413410
30.806 413407
30.828 413396
30.83 413393
30.833 413377
30.839 413362
30.84 413356
30.843 413352
30.869 413342
30.871 413340
30.872 413333
30.875 413330
30.88 413318
30.886 413311
30.887 413310
30.889 413308
30.893 413307
30.896 413305
31.062 413292
31.068 413291
31.07 413287
31.071 413283
31.076 413271
31.082 413260
31.093 413236
31.094 413233
31.096 413230
31.097 413223
31.108 413215
31.11 413212
31.115 413201
31.117 413184
31.16 413174
31.166 413148
31.18 413143
31.182 413119
31.185 413118
31.189 413109
31.192 413094
31.193 413093
31.202 413065
31.204 413053
31.231 413051
31.236 413029
31.237 413024
31.245 413023
31.246 413016
31.248 413008
31.25 413003
31.252 412994
31.26 412983
31.262 412977
31.268 412947
31.27 412924
31.28 412915
31.281 412913
31.29 412891
31.291 412889
31.386 412881
31.394 412875
31.408 412874
31.411 412873
31.412 412869
31.433 412866
31.464 412858
31.471 412835
31.473 412823
31.475 412814
31.478 412813
31.494 412809
31.501 412801
31.638 412792
31.66 412774
31.672 412768
31.675 412756
31.681 412752
31.683 412739
31.747 412724
31.748 412713
31.75 412698
31.757 412690
31.814 412689
31.935 412685
31.938 412679
31.942 412674
31.951 412636
31.953 412629
31.961 412619
31.964 412616
31.967 412608
31.969 412605
31.97 412596
31.976 412595
31.977 412593
31.982 412582
31.984 412564
31.986 412562
32.331 412545
32.333 412544
32.334 412527
32.336 412511
32.338 412504
32.341 412493
32.343 412490
33.501 412476
33.502 412462
33.509 412452
33.744 412422
33.752 412421
33.754 412406
33.795 412396
33.796 412390
33.798 412380
33.809 412369
33.811 412362
33.813 412359
33.815 412348
33.859 412346
33.861 412343
33.873 412329
33.878 412327
34.428 412313
34.43 412310
34.433 412298
34.437 412284
34.445 412281
34.447 412271
34.453 412266
34.456 412260
34.46 412232
34.461 412228
34.467 412222
34.47 412209
34.476 412206
34.556 412193
34.56 412192
34.571 412173
34.573 412167
34.574 412165
34.589 412142
34.593 412126
34.627 412125
34.632 412104
34.634 412102
34.653 412083
34.656 412079
34.661 412066
34.663 412062
35.026 412059
35.034 412051
35.061 412024
35.062 412020
35.064 412011
35.099 411992
35.102 411975
35.139 411969
35.141 411951
35.144 411935
35.153 411929
35.155 411921
35.16 411903
35.162 411901
35.165 411899
35.431 411894
35.432 411887
35.441 411875
35.443 411865
36.235 411859
36.242 411854
36.246 411844
36.251 411830
36.253 411825
36.307 411818
36.321 411815
36.346 411813
36.347 411812
36.353 411804
36.354 411801
36.401 411792
36.409 411787
36.411 411776
36.413 411775
36.415 411754
36.455 411747
36.462 411739
36.466 411738
36.467 411736
36.469 411730
36.477 411727
36.484 411724
36.488 411721
36.491 411711
36.492 411691
36.498 411690
36.525 411674
36.529 411672
36.567 411668
36.571 411662
36.577 411653
36.579 411647
37.168 411641
37.284 411637
37.291 411625
37.293 411584
37.558 411576
37.568 411571
37.57 411568
37.577 411540
37.58 411534
37.583 411531
37.618 411520
37.623 411505
37.629 411499
37.63 411491
37.634 411473
37.829 411469
37.83 411458
37.838 411416
37.96 411415
37.963 411388
37.967 411385
37.97 411376
37.98 411348
37.982 411347
37.987 411343
37.995 411331
38.008 411330
38.025 411320
38.038 411314
38.048 411261
38.05 411252
38.064 411247
38.074 411241
38.084 411238
38.135 411222
38.139 411219
38.144 411218
38.151 411212
38.156 411211
38.229 411198
38.704 411179
38.711 411175
38.713 411159
38.725 411096
38.735 411081
38.737 411074
38.741 411072
38.744 411063
38.782 411054
38.788 411041
38.799 411040
38.802 411034
38.806 411012
38.808 411006
38.812 410990
38.814 410942
38.826 410936
38.833 410908
38.837 410904
39.041 410897
39.043 410878
39.053 410870
39.054 410869
39.3 410852
39.337 410840
39.341 410835
39.35 410831
39.36 410828
39.363 410822
39.371 410784
39.374 410775
39.385 410766
39.387 410760
39.39 410757
39.407 410744
39.411 410732
39.413 410722
39.415 410717
39.416 410712
39.422 410709
39.423 410705
39.431 410704
39.694 410699
39.696 410691
39.698 410689
39.934 410685
40.047 410684
40.049 410681
40.051 410665
40.069 410662
40.071 410656
40.088 410655
40.09 410649
40.107 410644
40.212 410641
40.215 410635
40.216 410633
40.218 410601
40.219 410578
40.221 410574
40.223 410570
40.225 410568
40.235 410538
40.239 410516
40.243 410511
40.245 410485
40.247 410477
40.259 410446
40.26 410441
40.264 410437
40.27 410435
40.272 410431
40.294 410427
40.298 410423
40.301 410417
40.302 410410
40.308 410395
40.31 410394
40.312 410392
40.313 410388
40.315 410386
40.321 410385
40.322 410382
40.325 410376
40.627 410372
40.629 410371
40.636 410362
40.644 410358
40.65 410349
40.652 410327
40.654 410319
40.69 410312
40.692 410310
40.712 410293
40.718 410283
40.719 410280
40.74 410272
40.761 410268
40.772 410264
40.971 410247
40.975 410246
43.211 410241
43.217 410218
43.226 410210
43.228 410194
43.23 410176
43.268 410152
43.524 410144
43.528 410143
43.529 410142
43.539 410138
43.622 410110
43.627 410108
43.675 410092
43.678 410085
43.85 410077
43.851 410042
43.858 410041
43.878 410038
43.88 410020
43.894 410012
43.896 410006
44.031 410005
44.079 409974
44.101 409911
44.12 409910
44.122 409908
44.132 409907
44.134 409903
44.158 409895
44.16 409894
44.161 409891
44.164 409853
44.17 409844
44.173 409841
44.176 409832
44.197 409824
44.218 409822
44.228 409821
44.229 409819
44.232 409817
44.263 409810
44.265 409807
44.268 409799
44.279 409798
44.305 409796
44.306 409786
44.314 409782
44.319 409780
44.32 409778
44.323 409768
44.329 409766
44.336 409756
45.176 409745
45.211 409733
45.651 409732
45.654 409721
45.656 409718
45.667 409706
45.671 409682
45.673 409680
45.824 409679
45.856 409674
46.186 409672
46.189 409665
46.19 409663
46.195 409661
46.196 409660
46.201 409657
46.207 409629
46.212 409626
46.213 409625
46.216 409618
46.219 409616
46.262 409605
46.264 409602
46.454 409598
46.455 409594
46.584 409592
46.587 409590
46.59 409584
46.593 409565
47.168 409543
47.176 409534
47.429 409529
47.433 409527
47.602 409522
47.604 409519
47.605 409502
47.671 409500
47.676 409464
47.716 409462
47.728 409460
47.736 409447
47.991 409446
48.028 409439
48.037 409438
48.046 409430
48.051 409428
48.055 409424
48.064 409413
48.071 409410
48.077 409405
48.08 409402
48.089 409396
48.092 409395
48.103 409389
48.105 409377
48.107 409374
48.167 409368
48.205 409344
48.207 409329
48.215 409321
48.217 409320
48.218 409319
48.221 409317
48.222 409311
48.224 409309
48.242 409297
48.247 409283
48.261 409281
48.268 409280
48.271 409276
48.272 409269
48.282 409250
48.284 409242
48.301 409236
48.599 409235
48.603 409217
48.838 409215
48.842 409184
48.849 409180
48.862 409172
48.867 409167
48.869 409163
48.884 409155
48.886 409144
48.891 409143
48.9 409139
48.905 409125
48.913 409118
48.927 409095
48.934 409088
48.979 409063
48.981 409062
48.994 409056
48.997 409043
49.106 409038
49.168 409027
49.174 409025
49.181 409008
49.66 409007
49.875 408997
49.878 408991
49.882 408981
49.888 408980
49.892 408978
49.898 408977
49.9 408973
49.907 408945
49.91 408937
49.912 408934
49.92 408931
49.931 408908
50.08 408898
50.086 408890
50.129 408882
50.135 408881
50.145 408876
50.149 408866
50.196 408853
50.222 408844
50.224 408840
50.236 408835
50.288 408834
50.414 408832
50.421 408826
50.422 408824
50.424 408821
50.427 408816
50.429 408807
50.446 408800
50.448 408798
50.449 408797
50.452 408779
50.454 408769
50.466 408763
50.478 408759
50.48 408742
50.493 408739
50.499 408737
50.502 408732
50.53 408724
50.533 408720
50.536 408718
50.543 408703
50.545 408700
50.548 408697
50.55 408692
50.552 408689
50.63 408682
50.647 408672
50.65 408670
50.658 408662
50.66 408637
50.662 408628
50.761 408616
50.763 408615
50.795 408610
50.797 408600
50.801 408593
50.802 408587
50.804 408581
50.808 408576
50.82 408573
50.823 408571
50.825 408569
50.828 408554
50.913 408549
50.918 408545
50.923 408544
50.925 408541
50.926 408524
50.964 408521
50.967 408511
50.98 408498
50.983 408497
50.991 408490
50.993 408488
51.07 408464
51.147 408461
51.151 408460
51.163 408457
51.165 408455
51.228 408450
51.247 408443
51.26 408436
51.264 408435
51.266 408420
51.268 408414
51.27 408412
51.275 408409
51.282 408403
51.289 408398
51.294 408385
51.295 408383
51.298 408381
51.3 408378
51.319 408374
51.534 408372
51.536 408369
51.56 408367
51.564 408360
51.597 408346
51.599 408343
51.602 408340
51.615 408338
51.64 408321
51.646 408315
51.648 408309
51.652 408308
51.675 408302
51.679 408281
51.754 408280
52.005 408259
52.006 408253
52.008 408251
52.01 408250
52.098 408246
52.101 408245
52.102 408242
52.104 408236
52.112 408235
52.12 408230
52.131 408226
52.898 408214
52.901 408213
53.24 408208
53.262 408204
53.277 408182
53.567 408178
53.574 408175
53.577 408164
53.579 408159
53.592 408158
53.594 408149
53.595 408148
53.611 408147
53.615 408140
53.62 408139
53.869 408134
53.899 408132
53.91 408124
53.921 408114
53.929 408110
53.931 408107
53.939 408079
53.959 408075
54.021 408073
54.026 408052
54.035 408045
54.051 408013
54.053 407990
54.056 407988
54.077 407985
54.085 407975
54.095 407969
54.116 407964
54.128 407961
54.134 407960
54.347 407957
54.353 407951
54.356 407949
55.098 407945
55.103 407934
55.717 407932
55.993 407927
55.999 407922
56.003 407920
56.004 407915
56.006 407910
56.016 407906
56.032 407905
56.043 407904
56.045 407901
56.055 407883
56.059 407882
56.065 407872
56.166 407866
56.17 407864
56.28 407844
56.295 407821
56.3 407806
56.304 407803
56.415 407797
56.422 407795
56.435 407784
56.437 407776
56.44 407766
56.472 407749
56.48 407748
56.484 407745
56.486 407733
56.489 407731
56.499 407726
56.506 407722
56.509 407717
56.526 407716
56.532 407714
56.535 407712
56.542 407701
56.56 407690
56.595 407688
56.598 407686
56.607 407680
56.722 407678
56.732 407677
56.736 407675
56.739 407672
56.743 407671
56.752 407666
56.755 407663
56.766 407660
56.772 407657
56.774 407654
56.78 407651
56.788 407644
56.793 407643
56.796 407642
56.799 407636
56.81 407635
56.815 407628
56.821 407613
56.83 407606
56.838 407601
57.19 407600
57.196 407599
57.217 407596
57.223 407595
57.224 407587
57.242 407585
57.245 407551
57.258 407545
57.272 407534
57.275 407533
57.285 407521
57.288 407517
57.289 407516
57.295 407513
57.298 407511
57.311 407502
57.418 407496
57.42 407487
57.509 407480
57.524 407478
57.527 407465
57.529 407456
57.536 407454
57.538 407446
57.541 407445
57.589 407437
57.646 407425
57.648 407424
57.656 407418
58.148 407416
58.156 407413
58.159 407400
58.163 407379
58.176 407376
58.178 407375
58.203 407372
58.217 407367
58.22 407364
58.224 407360
58.229 407358
58.239 407351
58.694 407339
58.698 407337
58.792 407328
58.793 407327
58.796 407313
58.808 407298
58.819 407293
58.83 407290
58.837 407278
58.841 407276
58.842 407262
58.848 407255
58.854 407253
58.856 407238
58.857 407237
58.917 407220
58.922 407216
58.923 407214
58.928 407208
58.93 407207
58.938 407191
58.948 407183
59.7 407182
59.704 407181
59.737 407179
59.797 407178
59.8 407177
59.801 407173
59.804 407166
59.805 407165
59.817 407157
59.821 407156
59.824 407146
59.826 407139
59.834 407138
59.85 407107
59.853 407104
59.932 407094
59.937 407085
59.938 407084
59.941 407073
59.942 407070
59.946 407067
59.955 407062
59.958 407060
59.967 407056
59.968 407054
59.995 407050
60.002 407046
60.003 407033
60.015 407032
60.016 407031
60.018 407013
60.026 407012
60.046 407010
60.055 407007
60.059 407006
60.067 407005
60.655 406997
60.662 406992
60.685 406985
60.689 406983
60.718 406982
60.725 406979
60.742 406977
60.743 406975
60.845 406973
60.85 406967
60.851 406954
60.854 406951
60.86 406944
60.863 406940
60.865 406922
61.17 406921
61.213 406920
61.216 406918
61.217 406910
61.225 406904
61.235 406898
61.237 406892
61.244 406889
61.252 406881
61.257 406876
61.261 406872
61.269 406867
61.275 406862
61.294 406861
61.298 406860
61.363 406857
61.47 406854
61.472 406848
61.474 406829
61.48 406828
61.49 406826
61.492 406824
61.507 406820
61.511 406804
61.514 406799
61.516 406795
61.52 406791
61.527 406783
61.528 406780
61.532 406779
61.553 406757
61.558 406749
61.574 406736
61.576 406735
61.584 406733
61.59 406727
61.591 406726
61.597 406725
61.603 406720
61.63 406714
61.636 406708
61.64 406707
61.642 406689
61.646 406680
61.656 406665
61.659 406657
61.862 406656
61.864 406646
61.882 406645
61.955 406640
62.71 406630
62.711 406623
62.72 406614
62.727 406610
62.745 406606
62.748 406603
62.752 406598
62.754 406597
62.764 406596
62.767 406595
62.783 406582
62.811 406570
62.813 406550
62.816 406549
62.849 406544
62.852 406543
62.88 406541
62.887 406535
62.898 406534
62.915 406523
62.921 406500
62.923 406493
62.937 406482
62.948 406479
62.949 406476
62.96 406475
62.963 406474
62.965 406473
62.976 406470
62.977 406466
62.98 406462
62.982 406461
62.984 406450
62.99 406438
62.995 406436
63.017 406427
63.022 406421
63.031 406417
63.033 406407
63.043 406406
63.049 406405
63.071 406403
63.08 406398
63.097 406396
63.207 406374
63.23 406369
63.268 406366
63.278 406360
63.337 406358
63.353 406356
63.355 406353
63.553 406352
63.555 406351
63.561 406350
63.578 406332
63.588 406329
63.956 406321
63.965 406318
63.967 406315
63.971 406308
63.981 406306
63.983 406304
63.984 406302
63.987 406298
63.988 406282
64 406272
64.008 406270
64.012 406266
64.027 406264
64.036 406255
64.174 406252
64.217 406244
64.219 406242
64.232 406241
64.265 406236
64.272 406233
64.307 406226
64.317 406223
64.334 406222
64.336 406220
64.374 406198
64.378 406196
64.393 406195
64.403 406193
64.405 406190
64.43 406186
64.44 406178
64.443 406177
64.45 406174
64.454 406169
64.533 406164
64.536 406159
64.979 406135
64.986 406130
65.005 406125
65.009 406121
65.012 406112
65.02 406110
65.025 406101
65.04 406099
65.045 406097
65.047 406095
65.048 406092
65.064 406085
65.085 406083
65.089 406079
65.09 406073
65.092 406071
65.094 406064
65.104 406057
65.107 406052
65.128 406050
65.133 406049
65.154 406045
65.213 406036
65.229 406024
65.248 406017
65.254 406016
65.257 406012
65.26 406011
65.28 406008
65.293 406007
65.298 405994
65.317 405988
65.343 405987
65.347 405984
65.373 405982
65.375 405974
65.384 405963
65.396 405961
65.4 405957
65.445 405955
65.447 405954
65.463 405953
65.464 405943
65.49 405935
65.498 405933
65.502 405930
65.51 405925
65.529 405917
65.532 405916
65.537 405915
65.538 405900
65.545 405882
65.551 405876
65.553 405872
65.557 405843
65.58 405841
65.593 405827
65.604 405818
65.687 405817
65.689 405814
65.692 405812
65.705 405800
65.708 405795
65.717 405791
65.734 405787
65.743 405782
65.87 405781
65.909 405776
65.915 405775
65.982 405769
65.988 405768
66.024 405766
66.039 405764
66.044 405760
66.064 405754
66.066 405751
66.072 405741
66.147 405730
66.148 405729
66.161 405728
66.168 405720
66.171 405706
66.187 405705
66.188 405696
66.211 405693
66.218 405690
66.222 405685
66.226 405684
66.247 405680
66.248 405678
66.251 405674
66.259 405671
66.289 405670
66.295 405669
66.313 405668
66.337 405662
66.338 405661
66.341 405656
66.351 405652
67.043 405651
67.046 405635
67.048 405633
67.118 405630
67.122 405626
67.141 405625
67.16 405619
67.161 405613
67.17 405593
67.171 405590
67.213 405586
67.216 405585
67.221 405582
67.223 405576
67.257 405575
67.265 405569
67.274 405568
67.281 405558
67.285 405555
67.295 405549
67.333 405548
67.338 405545
67.569 405543
67.574 405538
67.596 405533
67.599 405531
67.601 405523
67.616 405517
67.628 405516
67.87 405514
67.875 405508
67.879 405502
67.881 405500
67.906 405496
67.911 405491
68.002 405487
68.009 405476
68.033 405471
68.039 405465
68.046 405461
68.059 405459
68.065 405444
68.08 405432
68.082 405429
68.093 405423
68.1 405421
68.101 405420
68.103 405416
68.173 405411
68.18 405410
68.643 405406
68.751 405396
68.76 405393
68.772 405384
68.782 405378
68.792 405377
68.85 405376
68.851 405367
68.857 405357
68.859 405350
68.863 405348
69.139 405347
69.147 405346
69.159 405336
69.2 405335
69.204 405328
69.213 405327
69.342 405322
69.347 405314
69.375 405310
69.386 405305
69.415 405302
69.419 405301
69.423 405297
69.428 405294
69.435 405291
69.466 405287
69.48 405285
69.492 405284
69.504 405277
69.534 405276
69.7 405272
69.702 405270
69.713 405262
69.718 405260
69.723 405250
69.736 405243
69.737 405240
69.748 405237
69.762 405230
69.769 405207
69.778 405204
69.812 405203
69.819 405202
69.853 405198
69.857 405194
69.867 405193
69.874 405192
69.883 405191
69.885 405190
69.891 405185
69.916 405174
69.919 405173
69.929 405164
70.029 405152
70.062 405150
70.082 405149
70.111 405148
70.113 405146
70.117 405143
70.12 405142
70.121 405141
70.123 405137
70.134 405127
70.15 405122
70.152 405113
70.203 405110
70.296 405108
70.305 405097
70.314 405085
70.32 405083
70.435 405082
70.446 405081
70.45 405080
70.464 405070
70.664 405064
70.778 405060
70.785 405059
70.807 405056
70.808 405050
70.815 405047
70.9 405032
70.913 405031
70.92 405022
70.936 405021
70.987 405018
71.013 405017
71.121 404998
71.127 404997
71.129 404995
71.169 404983
71.175 404981
71.181 404971
71.193 404970
71.211 404965
71.227 404956
71.228 404949
71.361 404943
71.363 404942
71.37 404933
71.463 404930
71.479 404928
71.499 404923
71.503 404922
71.568 404920
71.571 404917
71.608 404916
71.61 404915
71.616 404912
71.619 404911
71.621 404909
71.658 404907
71.669 404905
71.672 404900
71.686 404897
72.381 404887
72.388 404876
72.392 404866
72.408 404864
72.416 404863
72.422 404862
72.487 404860
72.496 404859
72.511 404858
72.527 404856
72.536 404838
72.545 404837
72.549 404836
72.569 404833
72.574 404823
72.578 404816
72.581 404815
72.585 404811
72.587 404808
72.6 404803
72.601 404800
72.653 404790
72.658 404789
72.705 404785
72.825 404779
72.836 404773
72.845 404770
72.941 404766
72.944 404763
72.947 404762
72.994 404757
73.01 404755
73.172 404754
73.178 404750
73.186 404749
73.208 404745
73.211 404742
73.215 404738
73.237 404732
73.239 404730
73.246 404726
73.251 404721
73.259 404718
73.264 404716
73.267 404714
73.271 404712
73.275 404702
73.291 404679
73.295 404676
73.34 404667
73.349 404662
73.352 404661
73.461 404645
73.476 404639
73.496 404634
73.548 404627
73.562 404623
73.573 404617
73.588 404616
73.594 404615
73.617 404612
73.623 404610
73.633 404607
73.647 404601
73.655 404600
73.673 404598
73.677 404587
73.821 404582
73.941 404579
73.949 404578
73.984 404576
73.995 404575
74.006 404571
74.008 404567
74.012 404564
74.013 404559
74.021 404554
74.058 404551
74.06 404546
74.062 404544
74.076 404538
74.083 404537
74.097 404527
74.106 404524
74.109 404523
74.132 404518
74.141 404516
74.144 404514
74.158 404513
74.371 404509
74.386 404506
74.396 404496
74.398 404495
74.428 404489
74.435 404483
74.439 404477
74.443 404469
74.514 404466
74.561 404458
74.563 404454
74.577 404451
74.662 404448
74.669 404446
74.672 404445
74.678 404444
74.68 404442
74.706 404438
74.739 404433
74.745 404432
74.747 404422
74.755 404420
74.756 404417
74.773 404414
74.775 404411
74.781 404391
74.782 404387
74.783 404385
74.793 404384
74.795 404380
74.798 404375
74.805 404358
74.834 404356
74.837 404352
74.839 404351
74.864 404348
75.053 404341
75.055 404332
75.063 404326
75.134 404317
75.144 404310
75.149 404304
75.152 404302
75.158 404301
75.163 404297
75.246 404284
75.25 404283
75.26 404281
75.282 404280
75.302 404277
75.321 404274
75.328 404272
75.474 404269
75.503 404263
75.512 404258
75.523 404255
75.543 404254
75.599 404253
75.62 404250
75.621 404249
75.988 404236
76.004 404229
76.005 404225
76.01 404223
76.012 404221
76.016 404219
76.04 404217
76.042 404216
76.058 404215
76.062 404213
76.073 404212
76.087 404208
76.108 404205
76.125 404204
76.205 404203
76.256 404201
76.259 404199
76.262 404198
76.275 404193
76.287 404189
76.295 404187
76.306 404185
76.33 404182
76.337 404180
76.343 404172
76.345 404171
76.401 404170
76.406 404158
76.408 404157
76.41 404152
76.419 404146
76.446 404141
76.45 404124
76.461 404121
76.466 404118
76.471 404117
76.487 404114
76.528 404113
76.53 404112
76.554 404108
76.561 404107
76.579 404096
76.588 404091
76.643 404089
76.648 404087
76.651 404085
76.66 404081
76.666 404075
76.686 404062
76.695 404059
76.701 404057
76.718 404046
76.72 404045
76.73 404044
76.766 404038
76.771 404034
76.779 404026
76.788 404025
76.795 404022
76.797 404021
76.812 404019
76.813 404010
76.832 404008
76.834 404004
76.839 403994
76.852 403991
76.882 403988
76.891 403986
76.908 403983
76.912 403975
76.922 403973
76.924 403970
77.004 403964
77.006 403962
77.027 403960
77.035 403959
77.041 403955
77.048 403951
77.062 403948
77.075 403947
77.09 403944
77.092 403939
77.117 403938
77.119 403936
77.385 403930
77.407 403919
77.431 403916
77.459 403914
77.464 403910
77.482 403907
77.485 403906
77.513 403901
77.522 403900
77.528 403897
77.626 403889
77.635 403888
77.676 403884
77.679 403882
77.71 403873
77.73 403866
77.866 403863
77.874 403861
77.963 403857
77.969 403854
77.976 403853
77.983 403852
77.998 403847
78.003 403845
78.028 403842
78.038 403841
78.078 403837
78.085 403833
78.108 403832
78.126 403827
78.152 403826
78.154 403821
78.172 403820
78.179 403818
78.214 403815
78.25 403814
78.345 403812
78.352 403807
78.364 403806
78.384 403805
78.394 403799
78.396 403798
78.433 403797
78.446 403796
78.455 403795
78.456 403789
78.466 403776
78.484 403772
78.551 403770
78.559 403762
78.588 403759
78.591 403753
78.593 403752
78.618 403749
78.766 403747
78.769 403743
78.774 403739
78.787 403733
78.797 403731
78.805 403730
78.811 403722
78.812 403715
78.822 403714
78.826 403713
78.829 403711
78.832 403709
78.837 403707
78.84 403706
78.843 403703
78.848 403698
78.853 403697
78.856 403690
78.866 403688
78.867 403684
78.872 403681
78.925 403675
78.941 403672
78.946 403663
79.025 403662
79.036 403658
79.376 403653
79.406 403650
79.41 403649
79.498 403647
79.53 403646
79.551 403633
79.595 403625
79.618 403624
79.62 403623
79.636 403615
79.642 403612
79.677 403611
79.817 403610
79.821 403609
79.822 403608
79.824 403607
79.829 403601
79.83 403595
79.839 403590
79.844 403587
79.896 403585
79.919 403584
79.964 403581
80.013 403580
80.028 403573
80.052 403571
80.057 403570
80.082 403568
80.102 403567
80.109 403563
80.115 403562
80.118 403561
80.217 403560
80.228 403556
80.289 403554
80.292 403551
80.302 403549
80.308 403546
80.31 403545
80.311 403541
80.323 403540
80.332 403538
80.344 403533
80.395 403532
80.396 403530
80.429 403529
80.435 403528
80.447 403526
80.459 403525
80.477 403522
80.494 403518
80.517 403516
80.544 403512
80.569 403509
80.818 403506
80.821 403500
80.83 403496
80.843 403494
80.9 403486
80.904 403485
80.923 403482
80.933 403479
81.26 403475
81.345 403467
81.348 403466
81.353 403460
81.634 403435
81.64 403414
81.67 403412
81.675 403408
81.694 403405
81.817 403403
81.866 403394
81.964 403390
81.976 403375
81.995 403374
82.032 403373
82.037 403368
82.057 403367
82.089 403360
82.099 403356
82.117 403334
82.132 403332
82.144 403331
82.15 403329
82.158 403327
82.164 403326
82.187 403320
82.207 403317
82.296 403316
82.322 403314
82.345 403311
82.347 403307
82.389 403305
82.391 403302
82.398 403297
82.448 403295
82.455 403292
82.524 403289
82.979 403278
82.983 403277
82.984 403276
82.991 403274
83.002 403272
83.038 403269
83.069 403268
83.099 403263
83.11 403257
83.259 403256
83.278 403255
83.306 403250
83.365 403249
83.369 403248
83.374 403242
83.533 403238
83.573 403236
83.577 403227
83.59 403226
83.602 403225
83.771 403224
83.782 403219
83.785 403213
83.797 403207
83.8 403206
83.804 403202
83.806 403195
83.822 403192
83.84 403189
83.859 403188
83.86 403184
83.879 403173
83.898 403172
83.949 403169
83.96 403168
83.968 403167
83.978 403161
83.981 403159
83.985 403154
83.988 403151
83.997 403145
84.092 403141
84.161 403139
84.197 403132
84.224 403130
84.235 403127
84.237 403124
84.254 403122
84.26 403121
84.266 403118
84.268 403103
84.277 403100
84.28 403096
84.296 403076
84.308 403075
84.316 403065
84.328 403064
84.335 403061
84.341 403059
84.348 403055
84.369 403054
84.375 403053
84.378 403052
84.386 403047
84.503 403045
84.647 403041
84.682 403035
84.688 403034
84.691 403029
84.709 403028
84.763 403025
84.787 403014
84.915 403011
84.922 403010
84.944 403004
84.989 403002
85.009 403000
85.015 402999
85.018 402995
85.087 402994
85.089 402992
85.094 402989
85.149 402988
85.155 402987
85.158 402985
85.167 402984
85.174 402981
85.192 402978
85.199 402974
85.299 402973
85.309 402971
85.312 402970
85.339 402967
85.562 402965
85.681 402964
85.722 402963
85.798 402962
85.824 402959
85.856 402957
85.857 402943
85.898 402937
85.921 402935
85.935 402933
86.014 402932
86.022 402931
86.025 402929
86.066 402927
86.095 402924
86.189 402923
86.231 402921
86.289 402920
86.3 402918
86.305 402916
86.325 402913
86.338 402911
86.346 402909
86.365 402902
86.428 402900
86.481 402896
86.495 402890
86.504 402887
86.515 402884
86.526 402883
86.536 402879
86.561 402877
86.632 402869
86.644 402868
86.645 402860
86.687 402853
86.691 402852
86.694 402840
86.708 402835
86.714 402826
86.744 402823
86.77 402819
86.777 402818
86.976 402815
86.989 402813
86.99 402806
87.021 402803
87.031 402802
87.038 402799
87.04 402798
87.043 402797
87.048 402791
87.049 402787
87.209 402782
87.232 402773
87.242 402771
87.251 402767
87.257 402765
87.284 402759
87.295 402757
87.314 402754
87.327 402751
87.329 402748
87.347 402745
87.356 402743
87.359 402741
87.414 402732
87.685 402730
87.686 402724
87.691 402720
87.694 402717
87.759 402715
87.832 402713
87.865 402711
87.869 402709
87.886 402706
87.916 402703
87.921 402701
87.935 402699
87.942 402698
87.954 402697
87.971 402695
87.973 402691
88.044 402689
88.061 402686
88.09 402685
88.093 402682
88.104 402680
88.122 402676
88.126 402672
88.143 402666
88.223 402663
88.225 402659
88.23 402654
88.244 402647
88.258 402644
88.283 402643
88.311 402642
88.32 402640
88.573 402639
88.576 402638
88.579 402635
88.639 402634
88.646 402630
88.671 402626
88.727 402624
88.779 402623
88.787 402622
88.797 402617
88.802 402613
88.805 402612
88.822 402607
88.844 402605
88.855 402602
88.862 402599
88.906 402598
88.914 402595
88.952 402594
89.1 402592
89.104 402585
89.11 402583
89.13 402581
89.154 402579
89.232 402578
89.247 402576
89.268 402573
89.276 402571
89.288 402562
89.294 402558
89.298 402527
89.344 402524
89.348 402522
89.351 402517
89.366 402516
89.393 402515
89.485 402513
89.503 402511
89.513 402500
89.546 402499
89.574 402496
89.584 402495
89.719 402494
89.729 402493
89.731 402485
89.744 402481
89.746 402478
89.903 402476
89.909 402475
89.943 402474
89.955 402473
90.005 402469
90.022 402466
90.046 402465
90.076 402463
90.43 402461
90.473 402460
90.48 402457
90.553 402450
90.565 402444
90.596 402442
90.599 402441
90.614 402433
90.628 402431
90.658 402428
90.663 402426
90.675 402425
90.727 402424
90.74 402421
90.742 402419
90.744 402418
90.767 402415
90.833 402414
90.836 402411
90.861 402410
90.874 402409
90.887 402408
90.889 402404
90.891 402403
90.909 402398
90.916 402397
90.937 402396
90.958 402394
91.129 402392
91.141 402390
91.156 402389
91.167 402385
91.179 402382
91.189 402378
91.195 402374
91.201 402371
91.417 402368
91.421 402366
91.431 402363
91.464 402362
91.466 402360
91.491 402358
91.503 402355
91.511 402352
91.538 402351
91.543 402350
91.548 402349
91.554 402348
91.561 402347
91.593 402342
91.595 402339
91.619 402337
91.644 402334
91.727 402332
91.74 402326
91.749 402325
91.759 402323
91.771 402320
91.775 402314
91.785 402313
91.793 402312
91.812 402310
91.833 402308
91.838 402307
91.845 402306
91.851 402305
91.864 402302
91.925 402300
91.927 402299
91.929 402298
91.931 402294
91.959 402280
91.961 402277
91.976 402273
92.031 402272
92.034 402271
92.072 402269
92.1 402268
92.11 402264
92.199 402262
92.201 402256
92.212 402253
92.221 402250
92.227 402245
92.241 402242
92.251 402241
92.279 402238
92.281 402228
92.288 402227
92.291 402225
92.339 402223
92.401 402221
92.578 402207
92.6 402206
92.615 402202
92.618 402200
92.623 402199
92.673 402198
92.691 402195
92.854 402194
92.914 402192
92.94 402189
92.947 402188
92.982 402187
92.987 402182
93 402179
93.017 402178
93.036 402177
93.041 402175
93.068 402174
93.078 402173
93.101 402170
93.106 402167
93.111 402166
93.128 402156
93.141 402155
93.147 402154
93.406 402152
93.408 402148
93.443 402145
93.51 402139
93.519 402138
93.521 402135
93.706 402134
93.804 402133
93.881 402128
93.884 402125
93.898 402121
93.917 402120
94.355 402091
94.37 402085
94.428 402082
94.451 402081
94.587 402080
94.699 402078
94.758 402077
94.764 402075
94.904 402071
94.908 402070
94.921 402061
94.935 402058
94.949 402055
94.965 402049
94.969 402037
94.982 402036
94.983 402033
94.987 402023
94.993 402022
95.232 402021
95.262 402020
95.276 402016
95.28 402015
95.29 402014
95.316 402011
95.344 402008
95.351 402002
95.379 401999
95.421 401997
95.428 401993
95.503 401992
95.511 401991
95.526 401990
95.532 401989
95.543 401976
95.548 401969
95.555 401967
95.601 401965
95.621 401963
95.628 401957
95.629 401953
95.639 401952
95.643 401947
95.655 401944
95.659 401943
95.673 401939
95.674 401938
95.679 401937
95.796 401936
95.798 401935
95.802 401932
95.835 401927
95.884 401926
95.896 401925
95.963 401924
95.993 401923
96 401921
96.012 401919
96.016 401915
96.034 401912
96.044 401908
96.055 401906
96.068 401905
96.081 401904
96.087 401893
96.097 401891
96.112 401888
96.115 401887
96.119 401885
96.242 401884
96.263 401877
96.292 401875
96.303 401873
96.308 401871
96.362 401866
96.396 401864
96.402 401863
96.44 401862
96.451 401861
96.475 401847
96.477 401845
96.48 401843
96.481 401842
96.532 401841
96.544 401839
96.548 401838
96.553 401837
96.559 401836
96.624 401834
96.666 401833
96.726 401826
96.747 401825
96.759 401824
96.888 401814
96.948 401811
96.961 401810
96.982 401808
97.014 401807
97.041 401804
97.071 401803
97.081 401798
97.097 401797
97.1 401795
97.126 401794
97.168 401786
97.272 401785
97.274 401784
97.29 401781
97.336 401779
97.343 401776
97.352 401772
97.363 401766
97.372 401759
97.399 401757
97.461 401756
97.463 401755
97.522 401754
97.527 401753
97.581 401752
97.599 401750
97.67 401744
97.671 401741
97.696 401738
97.778 401737
97.795 401736
97.804 401733
97.812 401732
97.838 401731
97.865 401726
97.909 401704
97.912 401700
97.948 401695
97.95 401688
97.993 401685
98.019 401684
98.033 401680
98.07 401679
98.084 401670
98.134 401657
98.168 401655
98.177 401654
98.206 401651
98.212 401650
98.217 401648
98.219 401645
98.228 401644
98.268 401642
98.28 401638
98.284 401637
98.31 401635
98.315 401633
98.32 401631
98.337 401628
98.578 401627
98.581 401624
98.606 401621
98.661 401616
98.736 401612
98.964 401610
98.988 401609
98.99 401607
99.047 401605
99.078 401604
99.098 401601
99.103 401600
99.112 401589
99.118 401588
99.131 401587
99.177 401584
99.271 401583
99.274 401582
99.292 401576
99.305 401571
99.337 401570
99.345 401567
99.361 401566
99.367 401565
99.371 401564
99.377 401563
99.402 401561
99.436 401555
99.499 401553
99.508 401552
99.515 401547
99.53 401543
99.535 401541
99.568 401540
99.572 401539
99.596 401538
99.652 401537
99.745 401536
99.854 401535
99.855 401534
99.862 401533
99.878 401530
99.901 401524
99.956 401520
100.007 401512
100.01 401502
100.017 401500
100.06 401498
100.1 401494
100.303 401490
100.314 401476
100.315 401474
100.318 401472
100.358 401469
100.891 401468
100.912 401467
100.929 401465
100.949 401464
100.967 401461
100.977 401458
101.007 401454
101.049 401453
101.052 401447
101.091 401440
101.107 401439
101.121 401432
101.163 401431
101.178 401430
101.193 401429
101.229 401428
101.251 401427
101.256 401424
101.276 401423
101.294 401422
101.311 401420
101.346 401419
101.359 401415
101.458 401413
101.494 401409
101.495 401406
101.525 401401
101.534 401395
101.538 401391
101.552 401390
101.584 401382
101.591 401381
101.617 401376
101.666 401375
101.724 401374
101.75 401373
101.816 401367
101.82 401365
101.893 401364
101.9 401363
101.912 401362
102.027 401360
102.035 401357
102.062 401356
102.082 401348
102.093 401346
102.104 401345
102.401 401344
102.418 401343
102.444 401342
102.465 401339
102.467 401336
102.509 401335
102.643 401333
102.697 401331
102.704 401330
102.713 401326
102.801 401324
102.817 401320
102.834 401299
102.85 401294
102.892 401293
102.893 401292
102.927 401288
102.986 401275
102.988 401270
103.018 401268
103.03 401266
103.035 401264
103.049 401259
103.061 401258
103.115 401256
103.192 401255
103.205 401252
103.22 401246
103.334 401245
103.349 401244
103.488 401241
103.496 401236
103.503 401234
103.507 401231
103.531 401230
103.547 401229
103.633 401224
103.647 401222
103.704 401219
103.73 401212
103.928 401209
104.001 401207
104.101 401206
104.102 401205
104.189 401204
104.204 401202
104.271 401199
104.273 401198
104.293 401182
104.333 401181
104.378 401180
104.386 401178
104.404 401166
104.43 401165
104.446 401162
104.47 401157
104.545 401156
104.546 401155
104.583 401154
104.73 401153
104.852 401152
104.858 401147
104.974 401143
105 401142
105.045 401141
105.373 401138
105.395 401136
105.438 401134
105.591 401133
105.602 401131
105.636 401125
105.643 401124
105.655 401123
105.691 401121
105.752 401117
105.758 401107
105.76 401105
105.769 401100
105.772 401099
105.798 401098
105.833 401097
105.931 401089
105.939 401085
105.952 401084
106 401083
106.005 401082
106.023 401079
106.218 401078
106.239 401076
106.295 401075
106.303 401073
106.309 401072
106.319 401067
106.336 401065
106.354 401061
106.4 401058
106.404 401057
106.412 401055
106.491 401054
106.53 401052
106.551 401050
106.571 401049
106.709 401047
106.766 401046
106.794 401045
106.86 401043
107.118 401042
107.156 401039
107.165 401037
107.189 401036
107.46 401035
107.478 401034
107.553 401033
107.559 401032
107.587 401029
107.598 401028
107.685 401027
107.699 401026
107.708 401025
107.763 401022
107.818 401021
107.827 401020
107.84 401019
107.853 401014
107.854 401012
107.879 401011
107.906 401006
107.908 401004
108.034 401002
108.153 401000
108.175 400999
108.192 400987
108.201 400986
108.213 400983
108.22 400981
108.224 400978
108.373 400977
108.459 400972
108.466 400971
108.528 400970
108.598 400965
108.604 400964
108.71 400963
108.729 400961
108.761 400960
108.763 400958
108.794 400957
108.81 400956
108.839 400954
108.851 400953
108.888 400952
108.91 400950
108.913 400949
109.085 400948
109.094 400939
109.134 400937
109.138 400936
109.262 400932
109.282 400931
109.319 400930
109.345 400927
109.366 400926
109.381 400925
109.486 400920
109.504 400918
109.508 400916
109.513 400912
109.556 400911
109.607 400907
109.64 400906
109.645 400905
109.838 400903
109.854 400902
109.894 400900
109.949 400899
109.957 400898
109.974 400896
109.983 400895
110.032 400893
110.139 400892
110.19 400889
110.213 400886
110.295 400884
110.327 400880
110.376 400877
110.388 400876
110.415 400874
110.546 400873
110.606 400870
110.616 400864
110.631 400862
110.677 400860
110.738 400859
110.926 400858
110.935 400854
110.95 400849
111.225 400847
111.245 400845
111.258 400844
111.307 400842
111.407 400841
111.441 400840
111.458 400839
111.552 400837
111.614 400836
111.615 400834
111.632 400832
111.802 400828
111.867 400824
111.958 400823
111.973 400820
111.979 400819
112.065 400818
112.074 400816
112.105 400815
112.161 400814
112.176 400813
112.189 400812
112.202 400809
112.234 400808
112.254 400806
112.518 400805
112.526 400804
112.565 400803
112.72 400802
112.762 400801
113.106 400800
113.161 400797
113.291 400796
113.299 400795
113.306 400790
113.316 400787
113.329 400784
113.417 400783
113.424 400782
113.451 400771
113.649 400762
113.666 400760
113.692 400759
113.716 400758
113.732 400755
113.787 400750
113.868 400747
113.912 400736
113.984 400735
113.986 400734
114.04 400733
114.043 400732
114.051 400731
114.171 400730
114.212 400721
114.234 400719
114.244 400717
114.294 400716
114.389 400715
114.533 400714
114.539 400713
114.764 400712
114.814 400711
114.876 400700
114.913 400699
114.921 400698
114.931 400696
114.95 400695
114.956 400694
114.981 400693
115.231 400692
115.244 400691
115.25 400689
115.258 400686
115.294 400685
115.427 400683
115.432 400671
115.445 400670
115.471 400668
115.541 400665
115.594 400661
115.729 400659
115.747 400658
115.763 400657
115.77 400655
115.846 400652
115.864 400651
115.882 400648
115.906 400646
115.977 400642
116.025 400641
116.076 400640
116.284 400639
116.285 400638
116.39 400637
116.423 400632
116.489 400631
116.562 400630
116.631 400629
116.715 400628
116.721 400627
116.769 400620
116.778 400619
116.8 400617
116.849 400615
116.872 400613
116.911 400611
116.986 400609
117.003 400607
117.042 400606
117.21 400601
117.318 400600
117.338 400586
117.353 400584
117.382 400581
117.51 400580
117.576 400577
117.629 400576
117.675 400575
117.679 400574
117.723 400567
117.728 400566
117.885 400565
118.044 400563
118.188 400562
118.438 400561
118.701 400558
118.745 400554
118.757 400553
118.783 400552
118.795 400550
118.848 400549
118.882 400545
118.884 400541
118.905 400536
119.209 400534
119.242 400531
119.445 400529
119.463 400528
119.516 400527
119.631 400526
119.731 400525
119.816 400524
119.835 400518
119.861 400515
119.957 400512
119.965 400511
119.994 400509
120.022 400508
120.134 400506
120.241 400505
120.339 400494
120.436 400493
120.447 400489
120.46 400488
120.601 400486
120.679 400485
120.901 400484
121.017 400483
121.028 400482
121.062 400480
121.07 400478
121.239 400476
121.305 400475
121.309 400474
121.327 400473
121.437 400472
121.47 400470
121.476 400469
121.513 400468
121.522 400465
121.594 400458
121.673 400454
121.674 400453
121.943 400452
121.947 400451
121.957 400448
121.989 400447
122.009 400446
122.079 400445
122.108 400444
122.125 400442
122.181 400440
122.26 400438
122.463 400433
122.488 400432
122.53 400431
122.805 400428
122.859 400426
122.927 400422
122.989 400420
123.276 400419
123.278 400418
123.331 400416
123.41 400404
123.439 400402
123.577 400401
123.668 400396
123.713 400394
123.813 400393
123.844 400392
123.883 400387
124.144 400384
124.146 400382
124.219 400381
124.339 400380
124.52 400379
124.536 400377
124.614 400375
124.655 400370
124.675 400369
124.688 400368
124.716 400367
124.807 400366
124.895 400365
124.898 400345
124.924 400344
124.994 400342
125.085 400339
125.13 400337
125.399 400328
125.433 400327
125.551 400325
125.59 400324
125.593 400322
125.645 400318
125.731 400317
125.823 400316
125.925 400312
125.983 400311
126.001 400309
126.03 400308
126.245 400307
126.34 400306
126.403 400305
126.511 400304
126.56 400303
126.83 400302
127.003 400301
127.141 400299
127.25 400294
127.313 400293
127.374 400292
127.408 400291
