7.769 418183
7.77 418156
7.771 418151
7.775 418135
7.777 418126
7.779 418118
7.78 418105
7.783 418101
7.784 418062
7.787 418020
7.788 418017
7.79 418008
7.791 418003
7.794 417987
7.796 417974
7.798 417962
7.799 417960
7.804 417947
7.805 417936
7.806 417925
7.808 417911
7.819 417848
7.82 417829
7.822 417816
7.823 417806
7.825 417799
7.826 417783
7.828 417760
7.829 417739
7.831 417734
7.832 417719
7.834 417718
7.835 417680
7.837 417672
7.839 417668
7.841 417636
7.842 417621
7.844 417586
7.845 417584
7.846 417574
7.848 417519
7.85 417514
7.851 417513
7.852 417505
7.854 417502
7.855 417481
7.857 417480
7.859 417479
7.86 417470
7.862 417439
7.865 417423
7.868 417417
7.869 417409
7.876 417407
7.878 417404
7.879 417371
7.882 417367
7.883 417361
7.9 417360
7.906 417357
7.908 417333
7.91 417327
7.911 417321
7.914 417293
7.915 417288
7.918 417285
7.919 417233
7.92 417223
7.922 417206
7.923 417195
7.925 417179
7.926 417175
7.929 417171
7.931 417117
7.932 417102
7.944 417080
7.946 417074
7.947 417060
7.951 417051
7.952 417034
7.953 417029
7.957 417004
7.962 416942
7.963 416930
7.965 416922
7.966 416894
7.967 416890
7.969 416878
7.97 416859
7.972 416848
7.973 416827
7.974 416816
7.976 416801
7.978 416798
7.979 416792
7.98 416791
7.983 416783
7.985 416782
7.986 416780
7.988 416764
7.989 416763
7.991 416751
8.005 416747
8.007 416726
8.008 416698
8.01 416669
8.014 416661
8.015 416656
8.016 416631
8.019 416628
8.032 416607
8.037 416598
8.039 416596
8.041 416595
8.042 416585
8.044 416584
8.046 416572
8.047 416570
8.048 416561
8.05 416556
8.053 416551
8.056 416527
8.057 416516
8.061 416506
8.062 416502
8.063 416492
8.07 416489
8.072 416488
8.079 416486
8.08 416480
8.082 416472
8.083 416466
8.084 416455
8.086 416451
8.098 416433
8.103 416420
8.105 416416
8.108 416369
8.109 416361
8.117 416338
8.119 416327
8.12 416321
8.122 416294
8.123 416287
8.125 416255
8.127 416237
8.128 416209
8.129 416205
8.13 416165
8.134 416163
8.136 416157
8.138 416155
8.139 416151
8.144 416142
8.146 416130
8.148 416124
8.154 416111
8.165 416100
8.167 416086
8.168 416081
8.171 416075
8.173 416073
8.193 416059
8.194 416057
8.195 416049
8.198 416047
8.199 416043
8.201 416042
8.202 416031
8.203 416028
8.205 416006
8.208 415973
8.21 415970
8.212 415953
8.213 415952
8.216 415930
8.217 415927
8.218 415902
8.221 415900
8.228 415891
8.232 415868
8.241 415831
8.243 415829
8.244 415812
8.254 415804
8.257 415788
8.259 415787
8.264 415786
8.265 415769
8.268 415685
8.269 415651
8.271 415648
8.272 415646
8.28 415643
8.283 415622
8.285 415621
8.288 415618
8.289 415609
8.293 415602
8.294 415573
8.296 415558
8.298 415548
8.314 415547
8.315 415539
8.316 415534
8.318 415526
8.319 415484
8.326 415478
8.331 415464
8.334 415462
8.336 415453
8.339 415437
8.346 415426
8.348 415406
8.352 415403
8.356 415382
8.357 415375
8.359 415365
8.367 415279
8.37 415276
8.372 415258
8.373 415245
8.374 415243
8.375 415241
8.379 415238
8.38 415230
8.387 415227
8.389 415223
8.392 415219
8.396 415217
8.399 415215
8.401 415209
8.403 415203
8.416 415181
8.421 415171
8.423 415162
8.427 415153
8.428 415142
8.43 415121
8.456 415059
8.459 415056
8.464 415050
8.466 415033
8.471 415031
8.474 415027
8.475 415017
8.477 415005
8.478 415004
8.48 415002
8.485 414993
8.488 414982
8.489 414980
8.491 414959
8.494 414944
8.498 414943
8.501 414933
8.618 414931
8.62 414925
8.625 414923
8.63 414917
8.639 414916
8.64 414905
8.642 414900
8.723 414876
8.725 414871
8.726 414859
8.729 414824
8.741 414823
8.744 414820
8.745 414814
8.749 414812
8.75 414805
8.756 414803
8.759 414799
8.76 414793
8.762 414791
8.763 414786
8.766 414782
8.767 414779
8.769 414778
8.779 414777
8.78 414747
8.782 414740
8.784 414735
8.787 414733
8.788 414707
8.795 414705
8.937 414694
8.939 414691
9.095 414688
9.108 414687
9.111 414583
9.115 414582
9.117 414565
9.169 414557
9.173 414555
9.175 414542
9.178 414541
9.18 414536
9.187 414533
9.191 414492
9.193 414481
9.196 414477
9.201 414476
9.202 414444
9.204 414437
9.205 414436
9.255 414429
25.849 414427
25.861 414407
25.862 414406
25.914 414403
25.923 414366
25.925 414289
25.929 414282
25.933 414272
25.936 414269
26.858 414267
26.864 414266
26.868 414265
26.876 414264
26.883 414252
26.884 414249
26.886 414229
26.887 414220
26.891 414201
26.896 414189
26.897 414186
26.899 414174
26.9 414168
26.902 414167
26.912 414163
26.918 414148
26.921 414142
26.922 414134
26.923 414125
26.949 414124
26.954 414115
26.956 414104
27.011 414090
27.013 414088
27.015 414086
27.018 414069
27.021 414060
27.039 414058
27.043 414024
27.05 414022
27.052 414019
27.082 414013
27.084 414005
27.087 413991
27.099 413988
27.101 413977
27.119 413971
27.121 413970
27.122 413967
27.14 413948
27.142 413944
27.143 413942
27.144 413940
27.148 413939
27.664 413938
27.667 413926
28.073 413922
28.081 413914
28.083 413913
28.086 413901
28.088 413898
28.089 413897
28.094 413889
28.108 413886
28.109 413879
28.114 413865
28.117 413860
28.119 413841
28.136 413836
28.143 413835
28.147 413831
28.152 413828
28.154 413818
28.156 413816
28.159 413813
28.161 413810
28.163 413808
28.17 413807
28.173 413798
28.176 413794
28.207 413789
28.208 413788
28.223 413785
28.225 413783
28.231 413779
28.235 413764
28.239 413763
28.241 413761
28.242 413751
28.245 413738
28.248 413733
28.253 413722
28.266 413718
28.268 413712
28.274 413706
28.276 413703
28.277 413702
28.363 413681
28.367 413662
28.368 413619
28.371 413614
28.373 413605
28.393 413596
28.401 413586
28.403 413580
28.412 413571
28.414 413562
28.415 413545
28.419 413536
28.427 413516
28.428 413511
28.438 413508
28.444 413497
28.463 413494
28.468 413486
28.47 413452
28.472 413437
28.474 413434
28.48 413431
29.291 413418
29.295 413350
29.334 413339
29.335 413332
29.337 413324
29.339 413312
29.487 413301
29.489 413299
29.49 413290
29.499 413283
29.507 413282
29.758 413272
29.769 413253
29.771 413247
29.772 413234
29.778 413229
29.782 413220
29.794 413218
29.796 413216
29.799 413207
29.803 413199
29.84 413162
29.841 413158
29.844 413155
29.845 413154
29.848 413152
29.854 413135
30.16 413129
30.166 413127
30.168 413126
30.169 413105
30.176 413098
30.179 413085
30.181 413077
30.202 413076
30.206 413074
31.39 413052
31.393 413046
31.395 413043
31.396 413040
31.399 413012
31.541 413004
31.545 412981
31.547 412979
31.551 412977
31.554 412973
31.643 412962
31.646 412959
31.648 412938
31.649 412936
31.653 412932
31.659 412930
31.661 412918
31.666 412884
31.67 412882
31.677 412867
31.678 412864
31.695 412842
31.705 412832
31.717 412831
31.721 412824
31.728 412813
31.729 412808
31.73 412790
31.732 412784
31.735 412778
31.755 412756
31.756 412753
31.758 412746
31.76 412740
31.762 412705
31.876 412690
31.882 412688
31.884 412680
31.888 412672
31.897 412656
31.9 412651
31.916 412632
31.917 412629
31.969 412624
31.971 412617
31.985 412599
31.986 412590
31.99 412576
31.998 412574
32.002 412555
32.005 412551
32.007 412517
32.116 412505
32.123 412498
32.124 412485
32.127 412476
32.192 412474
32.193 412471
32.196 412460
32.2 412452
32.211 412448
32.212 412436
32.276 412409
32.3 412381
32.303 412336
32.332 412332
32.336 412310
32.337 412302
32.345 412301
32.347 412295
32.348 412294
32.37 412290
32.371 412282
33.396 412281
33.403 412277
33.405 412275
33.406 412274
33.885 412269
33.887 412262
33.903 412258
33.957 412243
33.965 412220
33.97 412212
33.972 412189
33.973 412181
33.975 412148
33.978 412133
33.979 412106
33.981 412103
33.984 412098
34.014 412088
34.016 412062
34.909 412061
34.915 412057
34.918 412056
34.921 412050
34.927 412046
34.93 412026
34.932 412025
34.934 412005
34.94 411997
34.95 411986
34.965 411976
34.976 411975
34.991 411973
34.994 411972
34.998 411965
34.999 411964
35.005 411955
35.01 411954
35.013 411947
35.06 411934
35.075 411931
35.076 411927
37.899 411925
37.9 411920
38.295 411919
38.299 411885
38.3 411873
38.301 411865
38.35 411845
38.353 411843
38.358 411836
38.405 411809
38.416 411808
38.421 411800
38.485 411785
38.619 411784
38.648 411783
38.77 411781
38.778 411766
38.78 411756
38.812 411742
38.815 411727
38.819 411711
38.82 411709
38.822 411708
38.845 411703
38.846 411681
38.868 411677
39.097 411669
39.116 411664
39.119 411654
39.138 411651
39.142 411643
39.145 411642
39.158 411639
39.159 411636
39.161 411631
39.174 411628
39.175 411626
39.18 411617
39.207 411612
39.213 411605
39.424 411602
39.432 411593
39.436 411584
39.438 411575
39.44 411557
39.442 411532
39.444 411525
39.465 411520
39.471 411500
39.478 411491
39.745 411488
39.746 411482
39.748 411453
39.751 411440
39.754 411414
39.756 411411
39.758 411401
39.761 411400
39.78 411397
39.783 411395
40.538 411373
40.56 411372
40.564 411369
40.571 411366
40.574 411354
40.581 411353
40.714 411348
40.717 411344
40.718 411343
40.745 411333
40.757 411329
40.761 411326
40.766 411317
40.769 411300
40.96 411296
40.977 411294
40.978 411288
40.981 411287
40.983 411269
40.988 411261
40.99 411250
40.995 411247
40.996 411234
41.004 411230
41.152 411225
41.156 411224
41.157 411221
41.179 411212
41.182 411192
41.187 411175
41.189 411171
41.19 411160
41.198 411159
41.2 411155
41.201 411131
41.292 411112
41.296 411111
41.299 411110
41.305 411107
41.307 411097
41.311 411081
41.313 411079
41.363 411072
41.367 411058
41.369 411051
41.372 411048
41.378 411044
41.38 411002
41.388 410994
41.392 410993
41.395 410977
41.623 410970
41.626 410960
41.64 410951
41.646 410950
41.772 410935
41.774 410929
41.775 410881
41.777 410870
41.783 410865
41.785 410864
41.786 410861
41.798 410860
41.808 410846
41.814 410843
41.816 410827
41.94 410817
41.961 410784
41.969 410782
41.971 410778
41.977 410771
41.979 410749
41.985 410746
42.007 410735
42.027 410717
42.03 410715
42.044 410714
42.052 410712
42.063 410708
42.071 410706
42.075 410702
42.085 410699
42.115 410692
42.118 410687
42.12 410684
42.128 410676
42.34 410670
42.475 410652
42.496 410651
42.502 410641
42.504 410638
42.604 410623
42.607 410616
42.609 410615
42.613 410606
42.615 410603
42.618 410598
42.62 410590
42.622 410589
42.64 410584
42.646 410582
42.648 410575
42.69 410572
42.701 410558
42.703 410536
42.708 410532
42.711 410529
42.825 410528
42.827 410524
42.829 410523
42.856 410522
42.857 410517
42.859 410514
42.866 410508
42.869 410497
42.895 410495
42.905 410488
42.91 410480
42.916 410477
42.921 410471
42.972 410468
42.974 410467
42.977 410462
42.987 410458
42.988 410456
42.996 410443
42.999 410441
43.006 410438
43.021 410437
43.022 410435
43.131 410426
43.141 410425
43.145 410401
43.238 410379
43.242 410373
43.268 410367
43.271 410365
43.275 410361
43.403 410356
43.458 410349
43.46 410348
43.469 410344
43.472 410342
43.48 410338
43.484 410335
43.486 410301
43.489 410298
43.494 410289
43.496 410286
43.502 410283
43.506 410272
43.511 410268
43.515 410261
43.526 410256
43.55 410254
43.552 410251
43.559 410249
44.19 410248
44.193 410242
44.194 410238
44.201 410232
44.204 410231
44.212 410224
44.216 410220
44.218 410211
44.227 410210
44.238 410199
44.243 410196
44.254 410195
44.256 410193
44.26 410180
44.263 410168
44.267 410162
44.279 410157
44.281 410152
44.286 410141
44.289 410123
44.311 410117
44.315 410108
44.324 410107
44.325 410106
44.366 410094
44.367 410085
44.525 410080
44.526 410077
44.535 410067
44.537 410047
44.639 410035
44.672 410034
44.676 410028
44.723 410027
44.725 410012
44.794 410006
44.892 410001
44.896 409997
44.899 409985
44.907 409976
44.909 409964
44.92 409959
44.921 409950
44.925 409948
44.928 409938
45.071 409929
45.075 409924
45.078 409922
45.083 409919
45.088 409909
45.091 409890
45.092 409888
45.096 409878
45.097 409877
45.134 409869
45.137 409863
45.139 409860
45.15 409853
45.156 409847
45.157 409846
45.162 409840
45.164 409826
45.301 409802
45.451 409788
45.456 409781
45.458 409779
45.46 409775
45.462 409772
45.47 409769
45.472 409756
45.478 409746
45.479 409743
45.544 409741
45.546 409736
45.771 409731
45.774 409730
45.775 409728
45.798 409721
45.809 409710
45.815 409691
45.845 409674
45.848 409672
45.849 409671
45.865 409656
45.87 409652
45.888 409641
45.893 409638
46.066 409634
46.068 409627
46.074 409623
46.083 409615
46.087 409614
46.092 409600
46.095 409589
46.097 409584
46.113 409575
46.128 409567
46.13 409546
46.133 409536
46.139 409525
46.141 409518
46.154 409511
46.158 409504
46.161 409497
46.17 409492
46.172 409458
46.177 409455
46.179 409448
46.282 409445
46.284 409430
46.299 409429
46.303 409425
46.315 409417
46.317 409407
46.32 409406
46.321 409402
46.37 409401
46.371 409382
46.376 409378
46.476 409372
46.486 409371
46.574 409364
46.576 409358
46.578 409346
46.603 409329
46.606 409323
46.632 409319
46.756 409318
46.837 409317
46.84 409314
47.143 409298
47.147 409296
47.17 409295
47.172 409294
47.174 409293
47.177 409289
47.434 409288
47.442 409271
47.447 409263
47.449 409262
47.46 409247
47.462 409235
47.463 409233
47.473 409228
47.476 409223
47.483 409182
47.49 409174
47.515 409173
47.522 409154
47.528 409151
47.567 409138
47.573 409137
47.628 409131
47.677 409127
47.7 409124
47.702 409122
47.705 409116
47.71 409107
48.33 409102
48.356 409089
48.389 409082
48.407 409059
48.583 409025
48.586 409024
48.589 409021
48.601 409019
48.627 409007
48.633 408994
48.635 408991
48.828 408988
48.837 408943
48.839 408941
48.856 408940
48.867 408918
48.871 408910
48.876 408897
48.882 408890
48.887 408889
48.889 408888
48.897 408882
48.907 408880
48.914 408877
48.921 408871
48.924 408861
48.939 408855
48.946 408849
48.948 408848
48.95 408841
48.952 408827
48.975 408824
48.983 408821
48.986 408818
48.988 408812
49.013 408805
49.019 408803
49.208 408774
49.219 408765
49.226 408758
49.231 408734
49.232 408729
49.247 408710
49.249 408705
49.252 408694
49.259 408679
49.262 408668
49.267 408667
49.269 408644
49.286 408640
49.287 408636
49.29 408630
49.292 408621
49.311 408608
49.315 408604
49.318 408600
49.385 408593
49.62 408588
49.623 408565
49.631 408564
49.633 408553
50.191 408537
50.2 408533
50.263 408522
50.279 408521
50.283 408514
50.286 408512
50.353 408510
50.357 408503
50.36 408495
50.409 408493
50.419 408492
50.421 408478
50.449 408474
50.456 408471
50.461 408470
50.465 408468
50.467 408467
50.47 408465
50.847 408459
50.854 408457
50.856 408456
50.864 408449
50.868 408443
50.876 408435
50.882 408427
50.954 408426
50.956 408415
50.959 408414
50.962 408400
50.964 408381
50.966 408372
50.971 408371
50.972 408355
50.979 408343
50.982 408335
50.986 408334
50.99 408315
50.992 408312
51.01 408305
51.013 408304
51.016 408292
51.019 408290
51.026 408289
51.028 408267
51.03 408249
51.042 408240
51.044 408220
51.052 408217
51.094 408209
51.111 408193
51.115 408186
51.122 408178
51.127 408177
51.147 408156
51.15 408155
51.155 408154
51.244 408140
51.272 408139
51.28 408135
51.297 408132
51.299 408129
51.302 408127
51.318 408125
51.32 408124
51.322 408121
51.326 408120
51.328 408111
51.35 408103
51.351 408101
51.356 408099
52.716 408098
52.722 408096
52.75 408095
52.753 408092
52.775 408074
52.797 408073
52.81 408071
52.811 408070
52.815 408054
52.85 408053
52.852 408049
52.854 408048
52.855 408044
52.976 408041
52.982 408036
52.985 408034
53.389 408029
53.393 408027
53.397 408019
53.447 408011
53.449 408008
53.457 408005
53.461 408001
53.481 407975
53.484 407971
53.485 407960
53.487 407959
53.495 407949
53.497 407947
53.506 407945
53.512 407941
53.525 407936
53.533 407934
53.545 407924
53.557 407904
53.559 407899
53.561 407892
53.569 407879
53.572 407878
53.724 407875
53.736 407870
53.74 407854
53.747 407852
53.759 407845
53.771 407844
53.778 407840
53.82 407839
53.825 407822
53.848 407820
53.851 407813
53.862 407808
53.864 407807
53.868 407804
53.873 407802
53.875 407791
53.896 407780
53.897 407778
53.902 407776
53.914 407761
53.918 407759
53.924 407743
53.935 407740
53.939 407733
53.941 407718
53.943 407714
53.945 407709
53.958 407708
53.962 407705
53.977 407704
53.978 407697
53.995 407693
54 407689
54.001 407687
54.007 407685
54.01 407684
54.011 407670
54.013 407667
54.014 407665
54.015 407664
54.021 407662
54.104 407656
54.109 407655
54.115 407643
54.142 407618
54.151 407616
54.154 407615
54.156 407605
54.366 407600
54.375 407596
54.382 407595
54.401 407594
54.411 407592
54.463 407589
54.465 407587
54.468 407568
54.47 407552
54.786 407551
54.789 407545
54.796 407544
54.805 407540
54.809 407538
54.876 407522
54.885 407521
55.511 407519
55.513 407516
55.521 407499
55.53 407498
55.534 407486
55.537 407485
55.54 407483
55.541 407479
55.561 407475
55.568 407465
55.57 407462
55.595 407459
55.608 407458
55.614 407456
55.616 407451
55.619 407448
55.622 407422
55.827 407421
55.83 407416
55.835 407411
55.853 407409
56.373 407407
56.382 407400
56.384 407396
56.388 407393
56.39 407392
56.403 407391
56.414 407387
56.42 407382
56.477 407376
56.493 407369
56.546 407364
56.552 407362
56.554 407337
56.614 407336
56.616 407335
56.622 407328
56.629 407319
57.304 407318
57.308 407314
57.344 407312
57.485 407306
57.493 407305
57.494 407304
57.511 407301
57.512 407299
57.513 407298
57.515 407297
57.526 407295
57.531 407284
57.532 407275
57.535 407274
57.539 407269
57.555 407248
57.556 407240
57.56 407239
57.587 407230
57.59 407224
57.593 407221
57.595 407220
57.602 407218
57.606 407214
57.612 407208
57.619 407203
57.662 407200
57.666 407199
57.668 407196
57.675 407178
57.68 407172
57.685 407169
57.689 407164
57.69 407160
57.696 407153
57.699 407144
57.716 407143
57.725 407137
57.733 407130
57.736 407117
57.738 407115
57.745 407111
57.752 407099
57.755 407098
57.764 407083
57.77 407076
57.772 407075
57.78 407073
57.791 407063
57.81 407056
57.814 407055
57.816 407051
57.833 407050
57.836 407044
57.842 407038
57.849 407032
57.856 407022
57.858 407011
57.896 407009
57.929 407006
57.94 406999
58.081 406998
58.083 406996
58.087 406991
58.096 406985
58.105 406957
58.151 406953
58.161 406951
58.166 406929
58.169 406915
58.17 406909
58.173 406906
58.179 406897
58.184 406889
58.186 406888
58.218 406885
58.243 406876
58.246 406873
58.248 406872
58.25 406871
58.264 406846
58.282 406835
58.29 406828
58.291 406810
58.312 406806
58.316 406791
58.461 406788
58.515 406786
58.526 406780
58.871 406774
58.879 406761
58.892 406760
58.899 406757
58.982 406756
58.984 406750
58.987 406746
59.004 406740
59.006 406735
59.011 406728
59.017 406722
59.056 406717
59.06 406716
59.065 406714
59.074 406693
59.097 406691
59.111 406689
59.123 406688
59.139 406687
59.141 406685
59.145 406684
59.146 406680
59.15 406675
59.159 406667
59.161 406666
59.164 406665
59.169 406655
59.239 406646
59.24 406644
59.251 406643
59.3 406633
59.303 406632
59.312 406621
59.315 406609
59.319 406605
59.324 406602
59.325 406587
59.36 406586
59.364 406581
60.022 406580
60.028 406577
60.044 406576
60.193 406560
60.196 406556
60.198 406549
60.214 406547
60.294 406546
60.302 406541
60.304 406532
60.343 406531
60.348 406524
60.349 406522
60.362 406519
60.382 406509
60.456 406506
60.461 406502
60.501 406493
60.513 406489
60.515 406487
60.524 406483
60.525 406482
60.55 406477
60.555 406468
60.563 406461
60.579 406458
60.585 406454
60.587 406447
60.595 406441
60.601 406439
60.608 406432
60.615 406430
60.627 406429
60.631 406419
60.646 406418
60.66 406416
60.752 406415
60.756 406411
60.804 406410
60.809 406409
60.813 406408
60.815 406398
60.947 406396
61.028 406394
61.088 406382
61.1 406350
61.221 406342
61.225 406336
61.229 406334
61.272 406306
61.281 406290
61.282 406288
61.286 406281
61.299 406274
61.306 406268
61.318 406263
61.32 406258
61.389 406257
61.4 406251
61.418 406250
61.422 406242
61.441 406240
61.444 406239
61.45 406236
61.454 406235
61.531 406214
61.532 406213
61.536 406208
61.549 406201
61.559 406200
61.564 406198
61.568 406185
61.573 406182
61.591 406181
61.593 406175
61.598 406166
61.6 406159
61.624 406150
61.628 406149
61.631 406147
61.665 406146
61.717 406143
61.724 406140
61.733 406129
61.742 406122
61.743 406119
61.745 406116
61.746 406114
61.765 406113
61.768 406105
61.772 406104
61.816 406103
61.825 406102
61.852 406100
61.856 406099
61.858 406098
61.86 406095
61.872 406090
61.89 406078
61.892 406069
61.905 406065
61.953 406060
61.959 406059
61.969 406057
61.974 406051
61.975 406050
62.002 406049
62.019 406044
62.027 406043
62.045 406040
62.053 406033
62.056 406030
62.069 406029
62.072 406028
62.224 406026
62.228 406020
62.233 406018
62.248 406016
62.251 406015
62.446 406006
62.448 406005
62.454 405997
62.46 405956
62.462 405955
62.471 405954
62.474 405948
62.477 405941
62.478 405940
62.61 405937
62.612 405936
62.853 405935
62.856 405930
62.861 405923
62.867 405921
62.886 405920
62.896 405919
62.899 405918
62.903 405917
62.905 405914
62.907 405913
62.915 405902
62.919 405897
62.923 405891
62.926 405888
62.929 405881
62.948 405877
62.95 405876
62.962 405872
62.973 405867
62.989 405865
62.994 405862
63.017 405860
63.019 405856
63.033 405852
63.04 405851
63.106 405846
63.109 405841
63.265 405837
63.277 405826
63.282 405821
63.297 405818
63.322 405815
63.326 405810
63.327 405801
63.332 405797
63.333 405795
63.338 405791
63.342 405788
63.353 405783
63.366 405782
63.41 405773
63.422 405770
63.471 405768
63.474 405767
63.489 405765
63.843 405764
63.857 405761
63.864 405759
63.87 405751
64.203 405749
64.206 405745
64.216 405744
64.222 405728
64.235 405724
64.238 405723
64.239 405712
64.586 405705
64.607 405704
64.618 405700
64.621 405693
64.623 405689
64.626 405687
64.665 405685
64.674 405677
64.681 405673
64.684 405672
64.689 405671
64.698 405665
64.7 405658
64.714 405650
64.72 405648
64.723 405647
64.731 405642
64.732 405641
64.737 405635
64.74 405631
64.745 405630
64.766 405619
64.777 405618
64.791 405616
64.811 405605
64.819 405601
65.066 405599
65.078 405585
65.088 405584
65.107 405582
65.11 405581
65.111 405579
65.14 405578
65.141 405576
65.147 405566
65.217 405556
65.228 405555
65.237 405553
65.242 405548
65.246 405547
65.253 405546
65.255 405539
65.257 405535
65.26 405532
65.263 405526
65.269 405517
65.288 405513
65.299 405503
65.389 405502
65.395 405496
66.164 405495
66.176 405483
66.184 405471
66.189 405469
66.239 405464
66.287 405463
66.318 405458
66.462 405449
66.514 405448
66.536 405441
66.624 405437
66.641 405432
66.646 405430
66.653 405425
66.657 405416
66.66 405414
66.682 405407
66.686 405405
66.706 405398
66.748 405394
66.753 405384
66.757 405382
66.77 405367
66.774 405359
66.842 405356
66.843 405353
66.848 405346
66.871 405345
66.875 405342
66.88 405336
66.896 405329
66.903 405327
66.908 405324
66.915 405321
66.924 405316
66.941 405315
66.958 405314
66.981 405311
67.014 405309
67.016 405300
67.044 405298
67.053 405297
67.054 405291
67.083 405282
67.102 405269
67.128 405263
67.132 405260
67.133 405255
67.144 405252
67.148 405217
67.164 405216
67.167 405215
67.184 405214
67.242 405202
67.77 405201
67.846 405199
67.857 405189
67.86 405188
67.868 405185
67.88 405183
67.898 405172
67.901 405169
67.965 405163
67.971 405159
68.076 405154
68.087 405150
68.469 405144
68.485 405143
68.692 405141
68.71 405134
68.713 405130
68.72 405129
68.721 405118
68.723 405109
68.748 405107
68.749 405105
68.751 405102
68.762 405090
68.765 405088
68.797 405083
68.8 405082
68.812 405077
68.813 405073
68.876 405072
68.887 405059
68.964 405056
68.965 405055
68.973 405052
68.979 405051
69.112 405045
69.145 405044
69.147 405042
69.155 405041
69.163 405033
69.165 405032
69.182 405024
69.187 405022
69.188 405019
69.193 405017
69.197 405014
69.2 405013
69.202 405011
69.206 405010
69.261 405009
69.262 405008
69.264 404995
69.277 404989
69.317 404977
69.322 404971
69.324 404970
69.325 404965
69.347 404963
69.349 404960
69.353 404955
69.372 404951
69.381 404946
69.403 404941
69.41 404932
69.424 404930
69.431 404927
69.461 404925
69.466 404918
69.469 404914
69.473 404913
69.474 404911
69.848 404905
69.859 404901
69.96 404900
69.974 404898
70.024 404894
70.027 404893
70.056 404890
70.061 404886
70.063 404882
70.075 404881
70.08 404879
70.084 404878
70.254 404876
70.256 404873
70.257 404872
70.259 404871
70.266 404868
70.268 404865
70.272 404860
70.279 404852
70.321 404849
70.322 404845
70.343 404844
70.346 404840
70.347 404839
70.35 404836
70.357 404835
70.413 404833
70.416 404832
70.418 404829
70.427 404827
70.429 404814
70.508 404811
70.717 404810
70.736 404806
70.741 404805
71.164 404801
71.193 404800
71.198 404790
71.213 404788
71.222 404784
71.448 404783
71.477 404780
71.482 404778
71.484 404777
71.493 404775
71.628 404772
71.63 404766
71.641 404751
71.675 404742
71.688 404739
71.693 404737
71.708 404735
71.712 404730
71.733 404725
71.769 404723
71.784 404719
71.793 404716
71.965 404711
71.976 404706
71.989 404703
71.996 404701
71.999 404699
72.002 404694
72.006 404688
72.014 404686
72.02 404681
72.022 404680
72.023 404675
72.026 404674
72.028 404672
72.044 404670
72.052 404667
72.15 404664
72.157 404659
72.166 404658
72.17 404656
72.188 404642
72.193 404635
72.195 404628
72.214 404624
72.218 404620
72.226 404616
72.249 404615
72.266 404614
72.359 404609
72.441 404608
72.451 404599
72.466 404598
72.468 404591
72.486 404580
72.49 404574
72.502 404569
72.505 404568
73.006 404552
73.011 404551
73.024 404547
73.079 404544
73.084 404543
73.12 404529
73.144 404527
73.146 404526
73.185 404522
73.212 404518
73.214 404514
73.216 404510
73.222 404502
73.228 404495
73.232 404486
73.237 404480
73.326 404478
73.362 404471
73.364 404469
73.375 404461
73.493 404455
74.177 404450
74.179 404445
74.201 404441
74.204 404430
74.208 404426
74.211 404425
74.215 404424
74.219 404417
74.234 404415
74.242 404407
74.36 404401
74.367 404385
74.371 404381
74.396 404375
74.406 404374
74.408 404371
74.418 404365
74.419 404364
74.446 404351
74.475 404350
74.501 404349
74.512 404347
74.515 404345
74.516 404344
74.521 404338
74.528 404337
74.546 404336
74.55 404335
74.559 404331
74.655 404327
74.666 404326
74.672 404325
74.678 404320
74.699 404316
74.734 404315
74.74 404312
74.744 404304
74.767 404303
74.772 404301
74.788 404291
74.819 404287
74.82 404273
75.698 404267
75.72 404262
75.878 404261
75.889 404260
75.912 404259
75.923 404258
75.926 404257
75.977 404249
75.98 404246
75.986 404242
76.015 404238
76.016 404236
76.028 404234
76.037 404230
76.047 404229
76.049 404227
76.059 404224
76.064 404217
76.068 404216
76.076 404215
76.126 404213
76.141 404202
76.166 404201
76.169 404189
76.172 404187
76.192 404186
76.2 404185
76.349 404184
76.356 404179
76.359 404167
76.363 404163
76.365 404161
76.39 404159
76.451 404157
76.476 404149
76.54 404146
76.546 404138
76.552 404136
76.567 404134
76.573 404129
76.578 404127
76.644 404124
76.657 404121
76.749 404117
76.773 404114
76.782 404109
76.8 404108
76.824 404106
76.826 404099
76.855 404091
76.884 404080
76.886 404075
76.887 404071
76.895 404069
76.896 404064
76.922 404059
76.926 404057
77.163 404056
77.192 404054
77.195 404047
77.196 404046
77.2 404045
77.252 404035
77.256 404031
77.258 404030
77.26 404025
77.276 404022
77.28 404019
77.302 404015
77.341 404008
77.342 404007
77.346 404006
77.4 404000
77.406 403998
77.407 403994
77.415 403992
77.455 403981
77.468 403979
77.473 403978
77.488 403974
77.493 403972
77.551 403970
77.556 403968
77.558 403967
77.623 403961
77.681 403952
77.686 403951
77.697 403950
77.707 403949
77.753 403947
77.779 403941
77.791 403939
77.793 403933
77.795 403926
77.798 403921
77.824 403920
77.839 403919
77.847 403914
77.851 403907
77.879 403906
77.895 403905
77.899 403902
77.902 403899
77.916 403896
77.924 403887
77.926 403882
77.941 403880
77.944 403879
77.946 403871
77.954 403869
77.958 403868
77.96 403861
77.962 403851
78.009 403850
78.011 403842
78.034 403839
78.038 403834
78.045 403832
78.111 403831
78.135 403828
78.228 403827
78.23 403826
78.248 403813
78.254 403811
78.263 403810
78.381 403808
78.392 403807
78.404 403796
78.49 403794
78.499 403793
78.5 403788
78.502 403784
78.51 403776
78.552 403770
78.56 403764
78.593 403763
78.605 403756
78.61 403752
78.767 403749
78.773 403747
78.791 403742
78.804 403740
78.808 403738
78.812 403732
78.815 403730
78.844 403726
78.846 403723
78.91 403705
78.916 403688
78.918 403684
78.919 403679
78.929 403678
78.931 403677
78.981 403675
78.983 403672
78.991 403669
79.015 403668
79.03 403664
79.04 403663
79.041 403657
79.045 403653
79.064 403651
79.1 403650
79.111 403649
79.14 403648
79.142 403647
79.156 403646
79.16 403643
79.165 403639
79.199 403634
79.212 403626
79.218 403625
79.247 403619
79.253 403615
79.257 403614
79.262 403612
79.265 403611
79.272 403606
79.327 403604
79.33 403602
79.35 403599
79.394 403596
79.469 403594
79.473 403591
79.63 403586
79.644 403585
79.652 403582
79.655 403578
79.659 403577
79.677 403576
79.681 403571
79.682 403570
79.686 403567
79.707 403560
79.726 403559
79.775 403558
80.293 403557
80.3 403555
80.306 403551
80.315 403548
80.318 403542
80.32 403541
80.323 403538
80.438 403536
80.441 403535
80.444 403530
80.462 403524
80.923 403523
80.948 403514
80.963 403513
80.975 403512
81.01 403509
81.018 403508
81.04 403507
81.073 403506
81.089 403504
81.091 403503
81.151 403502
81.156 403499
81.172 403498
81.191 403495
81.296 403488
81.347 403477
81.366 403471
81.516 403470
81.521 403469
81.526 403464
81.551 403463
81.558 403462
81.568 403460
81.589 403459
81.614 403451
81.616 403443
81.617 403440
81.619 403439
81.629 403438
81.641 403435
81.66 403434
81.663 403430
81.706 403427
81.877 403422
81.899 403413
81.971 403412
81.977 403410
81.987 403408
82.011 403405
82.021 403402
82.041 403401
82.042 403396
82.044 403395
82.054 403389
82.086 403388
82.103 403387
82.105 403382
82.11 403380
82.116 403377
82.155 403371
82.164 403369
82.17 403368
82.227 403367
82.232 403366
82.234 403364
82.274 403363
82.315 403361
82.318 403359
82.321 403358
82.327 403353
82.33 403352
82.488 403350
82.522 403344
82.57 403343
82.573 403342
82.577 403339
82.644 403335
82.673 403334
82.682 403333
82.687 403330
82.715 403325
82.78 403324
82.785 403322
82.935 403318
82.944 403316
82.963 403315
82.981 403311
82.989 403306
82.998 403293
83.001 403292
83.004 403281
83.04 403280
83.044 403279
83.067 403278
83.101 403275
83.122 403273
83.134 403272
83.137 403270
83.145 403269
83.207 403263
83.214 403260
83.232 403253
83.24 403252
83.249 403251
83.286 403246
83.366 403244
83.399 403242
83.424 403240
83.429 403237
83.436 403232
83.44 403227
83.51 403225
83.543 403217
83.551 403204
83.576 403202
83.587 403199
83.611 403195
83.614 403194
83.62 403191
83.661 403189
83.662 403188
83.666 403186
83.669 403185
83.689 403181
84.276 403180
84.289 403173
84.292 403169
84.365 403166
84.375 403165
84.407 403164
84.426 403163
84.441 403155
84.623 403153
84.624 403141
84.628 403140
84.687 403132
84.713 403129
84.743 403128
84.76 403125
84.785 403122
84.815 403120
84.968 403119
84.972 403117
84.975 403115
84.979 403113
84.995 403111
84.997 403109
85.066 403106
85.07 403105
85.074 403103
85.081 403102
85.088 403100
85.091 403095
85.101 403094
85.131 403091
85.141 403089
85.153 403088
85.176 403087
85.194 403085
85.197 403083
85.206 403081
85.232 403078
85.261 403069
85.266 403067
85.27 403064
85.283 403061
85.298 403059
85.306 403053
85.308 403045
85.361 403043
85.389 403041
85.393 403040
85.406 403038
85.414 403030
85.428 403027
85.647 403026
85.655 403024
85.669 403019
85.687 403016
85.701 403005
85.714 403000
85.718 402998
85.754 402997
85.781 402995
86.002 402994
86.032 402992
86.035 402985
86.054 402984
86.057 402983
86.063 402982
86.065 402976
86.072 402975
86.087 402972
86.092 402971
86.093 402968
86.126 402967
86.209 402964
86.212 402962
86.224 402961
86.225 402959
86.365 402957
86.367 402956
86.37 402953
86.381 402950
86.383 402948
86.426 402937
86.445 402936
86.446 402931
86.45 402927
86.472 402918
86.504 402917
86.553 402916
86.555 402910
86.557 402903
86.56 402902
86.702 402901
86.712 402900
86.737 402894
86.752 402887
86.754 402885
86.763 402876
86.771 402872
86.78 402871
86.782 402867
86.802 402865
86.842 402862
86.848 402859
86.852 402854
86.861 402853
86.899 402850
86.911 402847
86.936 402845
86.94 402843
86.958 402838
86.966 402833
87.065 402831
87.072 402827
87.088 402826
87.094 402825
87.177 402822
87.209 402817
87.22 402816
87.333 402812
87.339 402806
87.457 402803
87.723 402799
87.725 402797
87.744 402796
87.753 402794
87.756 402792
87.764 402790
87.826 402783
87.926 402777
87.938 402775
87.967 402764
87.986 402762
87.992 402761
88.002 402760
88.041 402757
88.044 402755
88.153 402754
88.162 402752
88.391 402744
88.396 402743
88.471 402742
88.509 402740
88.524 402739
88.534 402738
88.541 402737
88.564 402735
88.588 402725
88.63 402724
88.656 402722
88.663 402720
88.679 402716
88.68 402711
88.686 402706
88.701 402702
88.76 402701
88.774 402697
88.929 402695
88.957 402694
88.96 402693
88.961 402691
88.976 402687
88.977 402684
88.987 402683
89.029 402680
89.081 402679
89.085 402678
89.094 402675
89.105 402674
89.126 402673
89.127 402672
89.137 402668
89.17 402662
89.547 402660
89.549 402659
89.555 402658
89.561 402653
89.568 402649
89.588 402648
89.611 402643
89.626 402640
89.697 402637
89.701 402633
89.708 402632
89.74 402631
89.815 402629
89.82 402627
89.827 402625
89.83 402622
89.844 402621
89.867 402618
89.909 402616
89.919 402614
90.127 402612
90.57 402607
90.597 402603
90.639 402602
90.648 402601
90.654 402600
90.657 402598
90.66 402596
90.683 402595
90.79 402594
90.814 402592
90.855 402591
90.86 402590
90.922 402588
90.936 402584
90.998 402580
91.032 402579
91.064 402577
91.067 402576
91.089 402568
91.132 402564
91.14 402560
91.143 402559
91.147 402551
91.172 402550
91.212 402548
91.239 402547
91.243 402543
91.279 402541
91.282 402535
91.358 402533
91.374 402532
91.38 402531
91.385 402526
91.432 402522
91.786 402520
91.831 402519
91.864 402516
91.904 402513
91.905 402509
91.964 402505
91.97 402504
91.997 402502
92.026 402501
92.05 402497
92.079 402496
92.082 402494
92.126 402492
92.133 402490
92.181 402489
92.204 402488
92.205 402480
92.214 402478
92.215 402472
92.24 402470
92.248 402467
92.261 402465
92.34 402462
92.346 402460
92.356 402459
92.367 402457
92.396 402453
92.428 402452
92.439 402451
92.446 402450
92.447 402448
92.479 402446
92.499 402445
92.508 402444
92.513 402441
92.541 402438
92.582 402436
92.593 402428
92.629 402425
92.633 402419
92.694 402414
92.715 402408
92.748 402406
92.768 402405
92.786 402404
92.825 402403
93.073 402402
93.09 402401
93.115 402398
93.123 402397
93.193 402396
93.205 402392
93.206 402390
93.223 402383
93.226 402380
93.283 402379
93.295 402375
93.308 402374
93.31 402373
93.361 402370
93.519 402366
93.547 402358
93.549 402357
93.55 402355
93.614 402349
93.626 402347
93.637 402340
93.792 402339
93.795 402336
93.82 402331
93.822 402329
93.834 402328
93.885 402327
93.892 402325
93.894 402321
93.897 402318
93.919 402317
93.928 402316
93.996 402312
94.045 402308
94.047 402306
94.059 402305
94.063 402304
94.073 402301
94.132 402299
94.194 402294
94.229 402292
94.231 402287
94.255 402282
94.323 402278
94.332 402277
94.341 402272
94.424 402257
94.427 402253
94.475 402252
94.496 402248
94.499 402247
94.515 402246
94.528 402244
94.565 402240
94.572 402239
94.576 402238
94.65 402235
94.701 402233
94.974 402232
95.014 402228
95.017 402225
95.033 402224
95.059 402223
95.202 402216
95.228 402215
95.285 402213
95.313 402210
95.335 402208
95.346 402207
95.353 402206
95.374 402197
95.423 402195
95.524 402184
95.539 402183
95.592 402181
95.642 402179
95.662 402177
95.667 402176
95.727 402174
95.731 402173
95.762 402172
95.787 402168
95.79 402166
95.914 402164
95.916 402163
95.93 402162
95.962 402161
95.972 402160
95.995 402157
96.048 402156
96.066 402154
96.074 402153
96.104 402152
96.111 402144
96.126 402142
96.142 402141
96.156 402137
96.219 402133
96.287 402129
96.302 402125
96.31 402123
96.431 402120
96.447 402118
96.528 402117
96.56 402112
96.843 402106
96.855 402105
96.877 402100
96.9 402099
96.932 402095
96.941 402092
96.978 402090
96.996 402089
97.095 402084
97.1 402083
97.117 402082
97.125 402077
97.333 402074
97.376 402067
97.39 402064
97.395 402063
97.437 402062
97.523 402061
97.548 402060
97.555 402059
97.563 402056
97.695 402050
97.714 402046
97.739 402041
97.744 402037
97.759 402036
97.764 402035
97.891 402034
97.905 402032
97.919 402024
98.152 402023
98.173 402022
98.181 402021
98.205 402019
98.209 402018
98.299 402010
98.316 402007
98.377 402006
98.38 402005
98.497 402002
98.505 401997
98.594 401989
98.605 401988
98.613 401986
98.634 401985
98.653 401984
98.668 401980
98.677 401977
98.696 401974
98.719 401972
98.776 401971
98.976 401970
98.986 401969
98.991 401968
99.045 401966
99.048 401965
99.051 401964
99.063 401962
99.083 401961
99.086 401960
99.092 401958
99.114 401957
99.116 401951
99.161 401948
99.271 401947
99.407 401937
99.419 401935
99.427 401934
99.478 401933
99.48 401926
99.572 401921
99.576 401914
99.614 401912
99.632 401911
99.761 401910
99.773 401907
99.799 401906
99.803 401904
99.868 401899
99.904 401893
99.906 401889
99.917 401886
99.94 401884
99.959 401880
99.969 401878
100.021 401876
100.03 401872
100.035 401869
100.047 401867
100.105 401866
100.143 401863
100.28 401862
100.299 401861
100.335 401859
100.347 401854
100.349 401847
100.353 401845
100.378 401842
100.379 401840
100.415 401837
100.635 401836
100.643 401835
100.657 401832
100.676 401831
100.681 401826
100.761 401825
100.938 401824
101.246 401817
101.263 401815
101.269 401813
101.412 401811
101.414 401806
101.431 401803
101.482 401799
101.506 401796
101.522 401794
101.534 401791
101.555 401789
101.569 401771
101.656 401769
101.661 401768
101.676 401767
101.709 401765
101.731 401764
101.769 401763
101.862 401759
101.887 401757
101.9 401749
101.903 401748
101.906 401746
102.084 401745
102.171 401743
102.196 401742
102.203 401741
102.213 401739
102.232 401730
102.254 401729
102.282 401728
102.291 401727
102.328 401725
102.354 401722
102.409 401721
102.559 401718
102.625 401717
102.667 401716
102.753 401710
102.772 401706
102.817 401697
102.831 401691
102.925 401684
102.933 401682
102.938 401680
103.041 401679
103.115 401678
103.154 401676
103.203 401674
103.247 401673
103.31 401670
103.312 401666
103.313 401664
103.4 401662
103.403 401661
103.449 401660
103.455 401659
103.555 401658
103.568 401656
103.661 401655
103.669 401653
103.676 401650
103.701 401647
103.749 401644
103.768 401641
103.791 401640
103.859 401634
103.87 401632
103.901 401631
103.924 401628
103.94 401627
103.961 401625
104.046 401624
104.052 401623
104.089 401621
104.102 401620
104.125 401619
104.156 401618
104.17 401617
104.184 401614
104.188 401610
104.197 401607
104.258 401605
104.302 401593
104.318 401583
104.325 401581
104.337 401577
104.351 401573
104.354 401570
104.384 401568
104.433 401567
104.49 401560
104.559 401555
104.612 401554
104.653 401544
104.658 401543
104.67 401540
104.685 401539
104.702 401538
104.71 401537
104.751 401536
104.754 401535
104.759 401533
104.866 401531
104.922 401530
104.931 401529
104.97 401525
105.071 401520
105.073 401519
105.11 401515
105.166 401508
105.233 401502
105.372 401497
105.418 401496
105.446 401492
105.472 401491
105.5 401486
105.504 401485
105.619 401480
105.652 401479
105.658 401478
105.66 401477
105.665 401475
105.676 401473
105.781 401470
105.798 401463
105.821 401459
105.986 401456
106.002 401448
106.09 401443
106.138 401439
106.277 401438
106.32 401437
106.374 401434
106.381 401433
106.389 401432
106.412 401431
106.424 401426
106.456 401425
106.549 401418
106.568 401417
106.603 401414
106.627 401413
106.645 401412
106.657 401411
106.663 401409
106.812 401404
106.88 401401
106.89 401398
106.921 401397
106.991 401392
107.027 401388
107.053 401385
107.068 401384
107.123 401383
107.132 401382
107.147 401380
107.282 401379
107.284 401377
107.377 401376
107.42 401375
107.463 401374
107.556 401373
107.581 401369
107.591 401367
107.629 401363
107.676 401361
108.058 401359
108.063 401358
108.155 401357
108.168 401356
108.169 401352
108.172 401350
108.173 401345
108.181 401335
108.207 401334
108.229 401332
108.306 401331
108.342 401329
108.431 401328
108.441 401327
108.454 401323
108.576 401322
108.586 401313
108.61 401310
108.703 401296
108.74 401295
108.803 401294
108.812 401291
108.827 401282
108.84 401281
108.845 401280
108.871 401279
108.938 401277
109.009 401275
109.119 401273
109.21 401272
109.223 401271
109.256 401267
109.272 401265
109.301 401264
109.307 401263
109.324 401259
109.386 401257
109.425 401255
109.825 401254
109.847 401253
109.975 401251
110.001 401249
110.022 401247
110.048 401246
110.196 401245
110.259 401244
110.308 401242
110.344 401240
110.356 401239
110.627 401232
110.648 401231
110.652 401230
110.661 401227
110.735 401222
110.75 401218
110.765 401216
110.771 401215
110.773 401214
110.853 401212
110.874 401207
110.906 401197
111.056 401195
111.11 401194
111.113 401193
111.123 401192
111.17 401190
111.259 401189
111.292 401188
111.327 401186
111.329 401185
111.363 401181
111.404 401180
111.44 401179
111.487 401173
111.525 401172
111.554 401171
111.715 401169
111.716 401168
111.842 401165
111.848 401164
111.863 401161
111.864 401159
111.869 401158
111.901 401157
112.051 401156
112.058 401155
112.088 401150
112.119 401149
112.133 401148
112.172 401147
112.218 401146
112.297 401145
112.308 401142
112.364 401140
112.398 401138
112.501 401136
112.505 401130
112.525 401128
112.533 401127
112.563 401126
112.757 401124
113.436 401122
113.455 401121
113.465 401119
113.472 401109
113.483 401106
113.516 401105
113.594 401102
113.697 401101
113.713 401099
113.732 401097
113.822 401089
113.827 401087
113.882 401085
113.91 401084
113.918 401083
113.984 401072
114.114 401071
114.14 401070
114.166 401069
114.21 401067
114.272 401066
114.38 401063
114.387 401062
114.781 401055
114.836 401054
114.899 401052
114.929 401051
115.005 401047
115.008 401045
115.01 401040
115.071 401036
115.187 401035
115.241 401034
115.288 401029
115.3 401028
115.599 401026
115.611 401025
115.62 401024
115.623 401023
115.691 401020
115.944 401014
115.966 401013
116.037 401012
116.054 401011
116.064 401008
116.079 401004
116.268 401001
116.378 401000
116.397 400997
116.419 400994
116.425 400993
116.426 400990
116.502 400988
116.507 400987
116.593 400986
116.652 400985
116.689 400984
116.724 400982
116.727 400972
116.785 400971
116.809 400970
116.822 400966
116.838 400964
116.983 400961
117.041 400959
117.188 400957
117.238 400956
117.263 400955
117.284 400953
117.315 400952
117.482 400949
117.54 400946
117.599 400945
117.652 400944
117.792 400942
117.902 400937
117.91 400936
117.938 400934
117.94 400931
117.975 400930
118.133 400925
118.168 400922
118.248 400920
118.272 400918
118.311 400915
118.65 400914
118.747 400909
118.782 400907
118.788 400906
118.807 400904
118.844 400902
119.028 400899
119.205 400898
119.211 400897
119.212 400894
119.295 400892
119.311 400888
119.426 400887
119.428 400886
119.442 400880
119.525 400879
119.595 400878
119.751 400877
119.766 400876
119.81 400874
119.811 400873
119.835 400872
119.946 400871
119.971 400867
119.98 400864
120.191 400855
120.236 400852
120.308 400851
120.407 400849
120.673 400848
120.712 400847
120.804 400846
120.918 400840
121.082 400838
121.085 400837
121.252 400832
121.276 400829
121.3 400828
121.316 400827
121.327 400826
121.413 400825
121.44 400824
121.459 400823
121.464 400822
121.639 400821
121.692 400818
121.697 400817
121.808 400815
121.813 400814
121.847 400811
121.887 400810
121.929 400807
122.045 400806
122.085 400805
122.104 400798
122.235 400791
122.266 400790
122.402 400789
122.69 400786
122.724 400785
122.77 400784
122.905 400782
122.935 400776
123.095 400775
123.143 400774
123.231 400773
123.238 400772
123.306 400771
123.331 400770
123.396 400768
123.444 400767
123.505 400766
123.536 400764
123.568 400763
123.633 400762
123.695 400759
123.71 400758
123.786 400757
123.851 400755
123.862 400754
123.886 400751
123.937 400741
124.597 400740
124.608 400739
124.684 400734
124.712 400731
124.87 400729
124.901 400727
124.951 400724
124.959 400721
125.096 400720
125.169 400719
125.213 400718
125.258 400717
125.385 400715
125.56 400713
125.675 400711
125.677 400709
125.704 400708
126.064 400698
126.135 400697
126.348 400688
126.361 400687
