0.442 157128
0.443 157113
0.443 157105
0.444 157067
0.445 157062
0.446 156991
0.447 156990
0.448 156971
0.448 156955
0.45 156931
0.45 156925
0.452 156921
0.452 156916
0.453 156900
0.454 156894
0.454 156892
0.456 156890
0.456 156884
0.458 156768
0.46 156760
0.461 156756
0.464 156746
0.465 156735
0.466 156731
0.466 156717
0.467 156436
0.468 156406
0.471 156390
0.479 156366
0.481 156362
0.481 156336
0.482 156328
0.483 156324
0.484 156286
0.484 156277
0.485 156275
0.486 156247
0.506 156238
0.509 156237
0.509 156202
0.51 156199
0.513 156198
0.514 156183
0.514 156177
0.517 156172
0.517 156160
0.522 156144
0.523 156134
0.524 156132
0.526 156112
0.526 156101
4.045 156095
4.073 156093
4.082 156089
6.826 156071
6.83 156040
6.838 156031
6.843 156030
6.845 156020
6.846 155979
6.847 155967
6.85 155945
6.853 155894
6.855 155848
6.858 155830
6.861 155824
6.862 155809
6.865 155802
6.867 155801
6.867 155780
14.852 155749
14.855 155748
14.86 155733
14.864 155716
14.869 155709
14.87 155705
14.871 155682
14.874 155680
14.987 155670
14.989 155658
15.005 155639
15.267 155633
15.268 155615
15.27 155599
15.284 155593
15.286 155568
15.288 155567
15.289 155552
15.292 155544
15.293 155543
15.294 155540
15.296 155537
15.297 155533
15.297 155531
15.298 155521
15.31 155512
15.654 155503
15.656 155498
15.663 155493
15.664 155487
15.665 155429
15.704 155409
15.764 155403
15.769 155311
15.771 155306
15.891 155301
16.079 155298
16.08 155279
16.082 155264
16.084 155260
16.085 155253
16.086 155251
16.098 155228
16.1 155213
16.263 155206
16.268 155205
16.313 155202
16.316 155195
16.334 155193
16.336 155165
16.991 155160
16.992 155101
17.098 155094
17.107 155083
17.11 155082
17.112 155077
19.223 155069
19.225 155064
19.231 155062
19.236 155060
19.237 155049
19.238 154995
19.295 154980
19.295 154976
19.298 154973
19.298 154965
19.302 154951
19.304 154921
19.325 154878
19.335 154876
19.345 154866
19.375 154846
19.377 154845
19.746 154826
19.749 154818
19.75 154815
19.775 154809
19.785 154807
19.796 154805
19.798 154798
19.801 154794
19.802 154793
19.811 154791
19.813 154786
19.818 154779
22.267 154771
22.275 154746
22.322 154736
22.323 154728
22.33 154704
22.334 154698
22.334 154672
22.337 154667
22.344 154664
22.345 154660
22.347 154659
22.347 154658
22.785 154643
22.786 154628
22.787 154619
22.788 154615
22.788 154611
22.794 154575
24.006 154552
24.012 154525
24.016 154523
24.024 154514
24.026 154505
24.481 154504
24.487 154480
24.494 154452
24.5 154451
24.502 154446
24.507 154419
24.518 154415
24.55 154414
24.553 154400
24.555 154399
24.558 154381
24.678 154365
24.68 154344
24.685 154335
24.686 154330
24.715 154304
24.717 154303
24.749 154302
24.878 154297
24.88 154295
24.89 154294
24.892 154290
24.895 154286
24.9 154276
24.906 154273
24.906 154269
24.909 154263
24.91 154258
24.911 154256
24.917 154250
24.919 154247
24.921 154233
24.923 154225
25.074 154211
25.075 154187
25.086 154176
25.093 154166
25.134 154146
25.136 154128
25.14 154126
25.144 154113
25.15 154107
25.151 154095
25.152 154081
25.174 154071
25.177 154067
25.201 154056
25.201 154053
25.22 154034
26.241 154005
26.242 154004
26.245 153998
26.26 153985
26.439 153978
26.441 153970
26.444 153967
26.446 153966
26.448 153960
26.45 153949
26.458 153900
26.46 153897
26.521 153892
26.533 153890
26.534 153875
26.539 153871
26.54 153866
26.547 153863
27.906 153862
27.908 153860
27.911 153848
27.912 153837
27.917 153835
28.592 153834
28.602 153818
28.603 153816
28.618 153815
28.619 153813
28.637 153803
28.641 153800
28.644 153796
28.647 153792
30.893 153787
31.659 153782
31.666 153776
31.667 153772
31.672 153754
31.676 153749
31.68 153742
31.74 153737
31.819 153730
31.842 153718
31.844 153716
31.881 153702
31.882 153696
31.893 153691
31.895 153688
31.9 153675
31.911 153674
31.914 153671
31.924 153658
31.927 153651
31.944 153642
31.945 153632
31.95 153631
31.963 153620
31.967 153616
31.977 153610
31.979 153608
31.986 153603
32.28 153598
32.388 153590
32.494 153578
32.566 153571
32.571 153570
32.596 153551
32.727 153550
32.739 153544
32.75 153529
32.763 153506
32.763 153504
32.764 153497
32.775 153494
32.78 153489
32.86 153478
32.874 153474
33.336 153467
33.338 153462
33.339 153457
33.34 153453
33.346 153452
33.347 153440
33.348 153438
33.35 153434
33.353 153432
33.354 153426
33.363 153425
33.453 153423
33.455 153420
33.479 153419
33.48 153414
33.481 153405
33.487 153403
33.489 153401
33.553 153391
33.561 153382
33.562 153376
33.565 153373
33.592 153366
33.727 153360
33.734 153330
33.762 153327
33.764 153321
33.815 153317
33.842 153312
33.912 153291
33.92 153287
33.921 153284
33.925 153270
33.943 153266
33.943 153265
33.954 153234
34.036 153229
34.049 153213
34.05 153212
34.074 153206
34.075 153203
34.142 153197
34.836 153193
34.842 153191
34.893 153160
34.903 153159
34.974 153158
34.979 153147
34.987 153132
34.988 153131
34.994 153130
34.997 153129
34.998 153128
35.052 153123
35.053 153111
35.057 153109
35.058 153103
35.098 153097
35.099 153088
35.116 153065
35.118 153056
35.121 153055
35.124 153040
35.132 153037
35.151 153032
35.163 153031
35.33 153027
35.343 153022
35.347 153018
35.362 153007
35.362 153005
35.363 152998
35.368 152996
35.369 152994
35.553 152993
35.557 152985
35.569 152982
35.572 152980
35.576 152978
35.579 152976
35.587 152973
35.588 152958
35.592 152956
35.594 152954
35.595 152947
38.505 152936
38.51 152932
39.311 152931
39.322 152930
39.324 152929
39.325 152925
39.333 152924
39.35 152920
39.356 152907
39.37 152905
39.376 152903
39.424 152897
39.425 152886
39.431 152878
39.433 152874
39.435 152873
39.439 152863
39.466 152862
39.469 152860
39.47 152855
39.473 152854
39.481 152851
39.481 152848
39.497 152844
39.5 152840
39.534 152839
39.551 152835
39.611 152830
39.619 152828
39.628 152820
40.205 152816
40.209 152803
40.225 152796
40.226 152794
40.639 152793
40.642 152792
40.649 152786
40.767 152782
40.776 152780
40.778 152770
40.788 152761
41.119 152758
41.12 152752
41.121 152746
41.13 152742
41.132 152733
41.266 152732
41.322 152731
41.371 152730
41.376 152720
41.479 152715
41.483 152708
41.492 152700
41.505 152696
41.701 152691
41.709 152690
41.71 152682
41.754 152680
41.769 152671
41.81 152669
41.812 152667
41.813 152661
41.819 152659
41.821 152657
41.824 152653
41.832 152652
41.833 152621
41.835 152618
41.842 152612
41.873 152608
41.875 152606
42.088 152605
42.09 152604
42.098 152598
42.109 152593
42.217 152587
42.228 152575
42.291 152569
42.294 152568
42.298 152566
42.302 152564
42.311 152563
42.319 152562
42.324 152560
42.336 152554
42.338 152546
42.34 152543
42.351 152541
42.352 152534
42.37 152529
42.387 152525
42.592 152516
42.61 152508
42.965 152507
42.972 152506
42.985 152505
43.001 152502
43.686 152500
43.69 152498
43.916 152493
44.145 152483
44.151 152477
44.159 152463
44.161 152459
44.172 152452
44.174 152451
44.177 152449
44.188 152447
44.317 152435
45.141 152432
45.141 152430
45.143 152428
45.275 152422
45.275 152420
45.279 152413
45.651 152410
45.652 152405
45.658 152400
45.664 152389
46.145 152388
46.146 152387
46.164 152382
46.175 152379
46.179 152378
46.189 152377
46.239 152375
46.249 152372
46.257 152370
46.258 152369
46.262 152366
46.268 152364
46.277 152362
46.294 152360
46.301 152357
46.307 152356
48.896 152354
48.902 152349
48.913 152342
48.947 152324
48.972 152322
48.976 152317
48.98 152316
48.987 152312
48.995 152308
49.01 152302
49.032 152300
49.044 152295
49.103 152293
49.489 152292
49.494 152279
49.5 152278
49.514 152272
49.546 152265
49.602 152264
49.604 152259
49.624 152258
49.628 152257
49.772 152254
51.13 152251
51.135 152250
51.136 152247
51.701 152245
51.713 152241
51.779 152235
51.818 152231
51.88 152229
51.885 152226
51.894 152223
51.897 152221
51.91 152220
52.178 152217
52.179 152214
52.187 152213
52.198 152212
52.202 152211
52.206 152208
52.208 152203
52.211 152199
52.219 152190
52.298 152188
52.299 152186
52.3 152179
52.713 152178
52.729 152175
52.734 152171
52.744 152157
52.763 152156
52.777 152154
52.849 152153
52.856 152151
52.857 152150
52.872 152146
52.874 152145
52.923 152142
52.927 152131
52.93 152130
52.936 152128
52.94 152126
52.941 152124
53.477 152122
53.487 152114
53.492 152113
53.495 152108
53.498 152106
53.541 152101
53.555 152098
53.558 152096
53.611 152095
53.626 152094
53.629 152088
53.643 152087
53.684 152086
53.685 152083
53.694 152080
53.699 152075
53.707 152074
53.713 152073
53.797 152072
53.817 152066
53.821 152064
53.833 152063
53.838 152060
53.867 152057
55.71 152055
55.754 152053
55.761 152052
55.778 152049
55.782 152046
55.792 152044
55.794 152040
55.863 152039
55.936 152038
56.601 152034
56.615 152030
56.639 152028
56.697 152027
57.056 152026
57.07 152024
57.078 152016
57.083 152013
57.112 152009
57.227 152007
57.234 152004
57.24 152003
57.261 152002
57.334 152000
57.344 151999
57.35 151997
57.463 151995
57.47 151994
57.485 151992
57.678 151990
57.715 151988
57.721 151985
57.878 151983
57.982 151981
57.997 151980
58.004 151973
58.029 151969
58.037 151966
58.092 151965
58.107 151961
58.151 151958
58.155 151957
58.198 151955
58.258 151950
58.26 151947
58.303 151945
58.329 151941
58.347 151939
60.806 151938
60.812 151937
60.834 151936
61.032 151935
61.035 151927
61.059 151926
61.091 151925
61.103 151923
61.462 151921
61.473 151915
61.48 151914
61.492 151913
61.499 151910
61.545 151909
61.548 151905
61.585 151903
62.045 151896
63.248 151895
63.266 151893
63.546 151891
63.551 151889
63.672 151886
63.673 151883
63.68 151882
63.785 151881
63.793 151879
63.865 151873
63.892 151872
63.943 151871
63.945 151870
63.961 151868
63.972 151865
63.981 151863
63.99 151862
64.055 151861
64.068 151860
64.171 151857
64.186 151853
64.213 151850
64.408 151846
64.416 151844
64.526 151842
65.823 151841
65.86 151834
65.861 151832
65.876 151825
65.888 151821
66.039 151817
66.054 151814
66.059 151813
66.06 151808
67.039 151807
67.217 151805
67.249 151804
67.287 151801
67.329 151800
67.498 151799
67.499 151794
67.568 151793
67.768 151788
67.78 151786
67.881 151785
67.915 151783
67.928 151782
68.106 151781
68.117 151779
68.128 151778
68.343 151777
69.616 151773
69.623 151771
69.641 151765
69.689 151764
69.724 151763
69.729 151762
69.743 151760
69.75 151759
69.804 151755
