0.004 1511.41
0.004 1506.22
0.004 1498.13
0.006 1490.28
0.007 1480.42
0.007 1479.66
0.008 1477.32
0.008 1472.63
0.013 1460.61
0.014 1454.87
0.014 1454.72
0.015 1454.54
0.017 1454.32
0.022 1452.43
0.023 1451.63
0.023 1450.92
0.027 1450.6
0.031 1449.53
0.04 1444.38
0.042 1440.3
0.043 1437.71
0.043 1435.6
0.046 1433.56
0.048 1433.44
0.053 1433.25
0.054 1432.25
0.056 1431.44
0.06 1428.48
0.061 1427.56
0.08 1427
0.085 1425.36
0.086 1423.92
0.139 1423
0.14 1421.14
0.141 1420.51
0.152 1418.85
0.16 1414.61
0.165 1414.01
0.165 1413.17
0.166 1411.49
0.166 1411.22
0.174 1408.96
0.193 1408.94
0.194 1407.29
0.257 1407.14
0.271 1404.5
0.472 1401.83
0.515 1401.73
1.204 1400.91
1.212 1397.8
7.831 1397.16
8.206 1396.52
9.731 1394.14
9.766 1391.34
9.767 1389.92
9.769 1389.18
9.783 1389.14
9.894 1388.71
9.944 1388.29
9.996 1388.08
10 1387.77
10.155 1387.76
10.155 1387.11
10.156 1386.47
10.161 1385.99
10.164 1385.24
18.316 1384.51
18.317 1384.23
25.926 1383.65
25.938 1383.5
28.261 1382.23
28.275 1382.02
35.921 1381.27
42.102 1380.03
42.104 1379.39
42.17 1378.69
97.106 1378.34
97.107 1378.13
97.733 1377.12
105.774 1376.31
171.995 1376.26
234.004 1376.11
