0.004 35372
0.005 35295
0.007 35155
0.008 35143
0.009 35122
0.01 35109
0.01 34948
0.011 34947
0.012 34881
0.013 34720
0.014 34675
0.015 34622
0.018 34593
0.026 34543
0.029 34540
0.031 34538
0.032 34537
0.067 34421
0.103 34417
0.104 34413
0.106 34401
0.107 34397
0.11 34374
0.11 34373
0.117 34365
0.121 34353
0.122 34310
0.126 34291
0.128 34276
0.152 34245
0.152 34202
0.193 34111
0.194 34100
0.195 34062
0.201 34051
0.204 34026
0.601 33959
0.602 33949
0.604 33944
0.605 33937
0.612 33935
0.632 33922
0.635 33851
0.681 33821
0.681 33806
0.682 33800
0.683 33797
0.684 33793
0.713 33767
0.726 33766
0.726 33759
0.749 33732
0.75 33731
0.751 33723
0.808 33721
0.808 33715
0.812 33665
0.816 33659
0.818 33654
0.82 33653
0.824 33594
0.859 33547
0.859 33538
1.8 33530
1.803 33523
1.804 33518
1.817 33505
1.817 33500
1.818 33498
1.827 33497
2.13 33478
2.134 33464
2.138 33463
2.141 33458
3.107 33436
3.15 33424
3.199 33420
3.768 33401
3.77 33396
3.772 33386
4.823 33380
4.862 33369
4.863 33368
4.864 33362
4.865 33353
4.865 33349
4.865 33302
4.866 33301
4.869 33298
4.873 33291
4.88 33280
7.092 33278
7.097 33272
7.099 33266
7.239 33218
7.242 33188
7.392 33187
7.651 33177
7.654 33170
7.655 33164
7.655 33138
7.656 33127
8.244 33120
8.245 33110
8.245 33098
8.265 33087
8.266 33084
9.31 33059
9.312 33036
11.198 32970
11.2 32958
11.204 32949
11.208 32944
11.209 32933
26.725 32906
27.408 32901
27.459 32888
28.548 32887
28.549 32877
28.567 32846
28.577 32843
28.579 32840
28.579 32839
28.586 32837
28.595 32825
28.595 32820
28.599 32816
28.6 32813
28.601 32809
28.604 32799
28.69 32792
28.691 32782
28.953 32781
28.978 32752
28.981 32727
28.996 32726
29 32724
102.872 32719
102.892 32718
102.985 32717
103.026 32716
103.105 32713
103.405 32712
103.49 32711
104.326 32710
106.197 32700
106.224 32697
106.241 32692
118.373 32689
118.569 32688
118.616 32686
118.73 32685
118.805 32684
119.349 32682
119.371 32679
119.514 32675
119.526 32674
119.807 32673
