0.003 18710
0.003 18653
0.004 18560
0.005 18559
0.009 18533
0.01 18515
0.011 18511
0.011 18506
0.012 18505
0.019 18395
0.02 18377
0.02 18364
0.021 18362
0.021 18350
0.024 18348
0.025 18234
0.026 18229
0.026 18106
0.026 18099
0.03 17718
0.031 17712
0.033 17706
0.035 17699
0.036 17694
0.044 17676
0.045 17662
0.047 17657
0.06 17621
0.061 17612
0.066 17586
0.068 17583
0.07 17573
0.07 17568
0.075 17566
0.15 17557
0.156 17535
0.158 17521
0.179 17487
0.186 17485
0.187 17478
0.188 17477
0.188 17453
0.19 17446
0.193 17444
0.194 17440
0.198 17431
0.2 17418
0.3 17396
0.3 17389
0.3 17386
0.326 17378
4.808 17368
16.296 17364
16.299 17360
26.056 17356
26.057 17354
26.109 17346
27.362 17345
27.365 17320
30.568 17318
37.258 17313
37.259 17309
37.271 17301
37.278 17297
41.632 17290
68.295 17287
73.567 17286
73.57 17282
73.57 17281
74.021 17279
77.203 17277
82.272 17274
82.323 17261
82.323 17260
92.908 17254
92.913 17247
107.435 17244
118.115 17243
118.126 17241
131.153 17240
172.119 17239
