0.003 36341
0.004 36339
0.004 36319
0.005 36306
0.006 36288
0.007 35350
0.007 35349
0.007 35348
0.009 35298
0.009 35291
0.01 35258
0.011 34932
0.012 34856
0.012 34630
0.015 34562
0.015 34522
0.015 34483
0.017 34455
0.023 34378
0.024 34373
0.024 34061
0.025 34049
0.026 33953
0.028 33830
0.028 33819
0.036 33664
0.037 33525
0.042 33486
0.042 33480
0.044 33476
0.045 33455
0.052 33317
0.053 33229
0.054 33192
0.054 33117
0.055 32984
0.06 32977
0.061 32740
0.067 32644
0.068 32628
0.069 32534
0.07 32527
0.071 32447
0.082 32445
0.087 32441
0.088 32401
0.089 32369
0.09 32316
0.09 32307
0.091 32282
0.091 32268
0.094 32249
0.097 32225
0.102 32187
0.104 32075
0.104 32059
0.117 32055
0.121 32035
0.123 32033
0.124 31985
0.138 31978
0.147 31945
0.151 31870
0.151 31791
0.16 31263
0.16 31076
0.233 31060
0.234 31039
0.235 31031
0.276 31014
0.283 30974
0.317 30960
0.317 30959
0.318 30936
0.319 30933
0.414 30932
0.415 30917
0.419 30897
0.423 30887
0.424 30847
0.427 30825
0.442 30810
0.454 30807
0.456 30789
0.517 30779
0.592 30770
0.593 30765
2.197 30764
2.204 30761
2.221 30748
2.222 30716
2.225 30693
3.952 30664
3.959 30648
7.718 30635
8.033 30628
8.046 30626
9.398 30621
9.399 30619
9.408 30614
16.744 30608
16.747 30607
16.748 30605
16.752 30581
16.753 30576
16.754 30519
17.288 30468
17.288 30441
18.8 30425
19.034 30412
19.035 30409
19.035 30401
19.047 30376
27.664 30360
27.665 30357
27.729 30303
27.73 30294
27.733 30284
27.733 30279
27.734 30278
27.754 30272
27.758 30271
27.759 30254
28.048 30250
28.051 30243
28.051 30237
28.085 30235
28.102 30221
28.105 30211
28.107 30207
28.131 30194
30.214 30184
30.216 30179
30.216 30148
30.348 30131
30.712 30128
30.749 30119
32.19 30094
32.201 30090
32.206 30068
32.207 30064
34.984 30063
35.009 30061
43.729 30059
68.282 30051
68.287 30045
74.842 30043
74.861 30040
79.027 30032
94.84 30025
94.848 30018
94.857 30015
94.945 30014
113.147 30005
113.15 29999
113.151 29998
113.244 29996
