0.003 18798
0.003 18727
0.005 18725
0.007 18718
0.008 18711
0.008 18704
0.011 18692
0.011 18621
0.012 18615
0.013 18597
0.013 18592
0.013 18584
0.014 18581
0.015 18575
0.015 18527
0.017 18522
0.018 18481
0.022 18447
0.022 18441
0.023 18074
0.025 18023
0.026 17915
0.03 17909
0.034 17906
0.043 17889
0.05 17580
0.051 17579
0.052 17562
0.053 17560
0.054 17553
0.054 17545
0.055 17530
0.065 17504
0.081 17484
0.082 17482
0.18 17463
0.181 17461
0.182 17458
0.19 17441
0.191 17435
0.191 17428
1.768 17403
2.083 17373
2.085 17353
2.091 17349
2.104 17348
2.173 17342
15.273 17319
25.074 17315
28.789 17314
31.091 17313
42.533 17290
45.478 17288
61.528 17283
61.784 17282
75.857 17278
75.858 17276
75.864 17266
75.885 17263
77.354 17255
77.357 17249
77.404 17248
