0.062 61217
0.062 61107
0.062 61037
0.063 60958
0.063 60946
0.065 60930
0.065 60903
0.065 60849
0.066 60838
0.066 60814
0.068 60674
0.069 60667
0.07 60634
0.07 60633
0.07 60613
0.071 60610
0.071 60536
0.072 60496
0.072 60476
0.072 60466
0.073 60458
0.073 60434
0.074 60430
0.074 60429
0.075 60423
0.075 60389
0.077 60359
0.078 60314
0.078 60269
0.079 60255
0.079 60242
0.079 60142
0.08 60081
0.081 60037
0.082 59989
0.082 59904
0.083 59853
0.084 59458
0.085 59443
0.087 59343
0.087 59319
0.089 59313
0.089 59298
0.092 59293
0.092 59291
0.093 59287
0.094 59254
0.095 59118
0.096 59049
0.097 59035
0.098 59028
0.098 58785
0.099 58780
0.1 58778
0.1 58743
0.103 58729
0.104 58674
0.105 58640
0.106 58638
0.11 58616
0.111 58538
0.112 58527
0.113 58517
0.114 58364
0.115 58319
0.115 58304
0.115 58297
0.129 58292
0.13 58213
0.13 58212
0.135 58190
0.14 58187
0.14 58172
0.14 58158
0.142 58148
0.142 58139
0.143 57785
0.144 57725
0.148 57687
0.149 57656
0.149 57652
0.15 57536
0.153 57532
0.153 57474
0.156 57470
0.157 57464
0.157 57454
0.159 57402
0.16 57374
0.16 57309
0.161 57300
0.162 57291
0.162 57286
0.163 57274
0.163 57265
0.169 57251
0.175 57243
0.176 57238
0.177 57222
0.177 57212
0.178 57196
0.187 57191
0.188 57188
0.189 57183
0.19 57174
0.19 57173
0.191 57159
0.194 57132
0.196 57085
0.196 57074
0.208 57052
0.215 57029
0.217 56946
0.221 56915
0.222 56914
0.223 56910
0.251 56816
0.251 56809
0.252 56764
0.255 56745
0.257 56674
0.257 56670
0.258 56605
0.259 56586
0.267 56576
0.268 56564
0.271 56511
0.271 56503
0.273 56498
0.273 56483
0.276 56440
0.277 56435
0.28 56367
0.28 56305
0.282 56219
0.304 56147
0.306 56095
0.307 56083
0.31 56043
0.31 56031
0.313 56030
0.313 56019
0.316 56007
0.317 55996
0.317 55893
0.318 55890
0.319 55876
0.323 55862
0.324 55856
0.325 55854
0.326 55808
0.327 55796
0.332 55753
0.337 55714
0.351 55712
0.353 55687
0.366 55659
0.367 55654
0.368 55636
0.371 55514
0.382 55498
0.383 55483
0.384 55426
0.41 55425
0.434 55418
0.435 55414
0.435 55406
0.436 55333
0.436 55309
0.437 55296
0.437 55288
0.437 55286
0.439 55277
0.443 55250
0.454 55240
0.459 55237
0.46 55213
0.475 55178
0.475 55171
0.476 55166
0.477 55162
0.482 55016
0.483 54975
0.492 54941
0.497 54921
0.498 54913
0.542 54912
0.543 54911
0.544 54906
0.544 54904
0.549 54892
0.55 54861
0.553 54733
0.63 54710
0.631 54702
0.646 54700
0.648 54685
0.685 54682
0.686 54679
0.688 54672
1.18 54652
1.181 54645
1.182 54580
1.192 54570
1.197 54521
1.198 54433
1.201 54412
1.204 54410
1.423 54403
1.425 54373
1.425 54365
1.463 54283
1.465 54272
1.473 54261
1.474 54219
1.475 54212
1.476 54205
1.517 54198
1.52 54196
1.52 54190
1.535 54185
1.538 54183
1.551 54151
1.566 54144
1.596 54137
1.606 53922
1.607 53894
1.608 53764
1.61 53742
1.614 53733
1.709 53713
1.71 53711
1.71 53707
1.711 53692
1.712 53683
1.715 53670
1.716 53656
1.722 53646
1.722 53639
1.723 53629
1.724 53613
1.725 53602
1.731 53586
1.732 53554
1.883 53545
1.883 53537
1.885 53534
1.887 53528
1.888 53526
1.893 53517
1.895 53498
1.895 53468
1.896 53451
1.897 53441
1.897 53438
1.903 53429
1.923 53396
1.926 53357
1.929 53327
1.93 53322
1.932 53307
2.058 53298
2.149 53289
2.171 53247
2.173 53196
2.173 53195
2.174 53187
2.178 53131
2.179 53114
2.18 53109
2.967 53075
2.971 53048
2.974 53041
2.975 53040
2.975 53035
2.997 53004
2.998 52958
3.184 52893
3.187 52861
3.189 52797
3.189 52796
3.191 52758
3.197 52740
3.197 52721
3.198 52679
3.201 52671
3.201 52667
3.204 52651
3.206 52627
3.208 52535
3.208 52506
3.209 52505
3.21 52463
4.348 52460
4.35 52458
4.821 52451
4.822 52441
4.857 52438
4.858 52430
4.912 52406
4.913 52403
4.914 52381
4.915 52376
5.819 52347
5.82 52328
5.823 52325
5.838 52304
6.197 52303
6.213 52182
6.214 52172
6.215 52169
6.218 52158
6.221 52125
6.24 52122
6.242 52110
6.243 52099
6.245 52087
6.247 52079
6.257 52045
6.26 52024
6.417 51977
6.504 51945
6.505 51937
6.506 51927
6.507 51904
6.579 51885
6.585 51868
6.586 51846
6.586 51837
6.587 51795
6.587 51783
6.587 51777
6.588 51745
6.644 51729
6.646 51722
6.647 51686
6.676 51659
6.677 51602
6.678 51596
6.679 51585
6.684 51577
6.687 51545
6.727 51509
9.617 51500
9.618 51491
9.668 51488
9.67 51486
9.671 51482
9.672 51479
9.672 51462
9.673 51441
9.678 51425
13.213 51424
13.214 51411
13.217 51409
13.601 51403
13.607 51399
13.625 51354
13.626 51337
13.758 51335
13.776 51309
16.493 51304
24.498 51297
24.599 51250
24.621 51244
24.641 51230
24.649 51224
24.667 51202
24.668 51199
24.755 51198
24.756 51194
24.756 51193
24.762 51177
24.763 51173
24.766 51172
26.331 51140
26.379 51132
26.406 51118
26.408 51114
26.416 51109
26.418 51090
26.419 51077
26.446 51062
26.466 51058
26.468 51028
26.471 51023
26.49 51006
26.491 51004
30.351 50990
30.352 50986
30.353 50969
30.354 50963
30.357 50960
30.357 50957
33.511 50894
33.511 50879
33.512 50872
33.512 50858
33.515 50851
37.885 50849
37.886 50841
37.893 50793
37.894 50788
37.894 50758
38.93 50751
38.931 50741
38.935 50740
38.936 50722
38.937 50692
38.941 50686
38.941 50679
38.945 50670
38.946 50655
38.972 50638
38.972 50621
38.975 50616
38.977 50600
38.98 50591
38.987 50586
38.991 50576
38.992 50565
65.091 50563
65.136 50559
65.556 50555
65.556 50539
68.469 50532
68.47 50531
70.038 50529
70.046 50500
70.047 50480
70.341 50476
70.345 50473
75.811 50458
75.811 50455
75.815 50452
75.818 50448
75.967 50445
78.247 50443
78.546 50437
78.575 50434
78.579 50420
78.586 50406
78.591 50403
78.603 50399
78.604 50388
78.609 50387
78.611 50385
78.612 50384
79.164 50379
79.167 50371
79.267 50367
79.268 50366
80.905 50357
80.908 50349
84.025 50338
84.037 50325
84.106 50323
84.19 50313
84.521 50308
84.525 50289
84.527 50287
84.739 50279
84.742 50278
84.822 50277
84.825 50270
84.831 50269
84.832 50268
84.836 50259
84.837 50242
84.837 50235
84.844 50223
84.881 50222
84.885 50213
84.894 50208
84.917 50207
84.947 50204
84.948 50201
93.281 50199
93.282 50197
93.286 50194
93.425 50191
93.427 50158
93.428 50149
94.047 50147
94.049 50144
94.051 50141
94.053 50139
100.698 50122
100.75 50095
100.751 50092
100.752 50082
100.764 50063
100.783 50027
100.785 50022
101.986 50020
101.991 50018
102.029 50014
102.039 50013
102.059 50011
102.06 50010
102.131 50008
102.137 49991
102.159 49989
102.47 49971
102.47 49960
102.471 49959
102.537 49958
102.539 49957
102.548 49954
104.23 49946
104.283 49938
104.286 49937
104.31 49934
104.314 49933
104.316 49930
104.517 49923
107.246 49922
107.271 49921
107.276 49916
107.449 49909
107.641 49902
107.645 49898
107.653 49894
107.658 49892
108.681 49877
108.686 49874
108.693 49860
108.759 49852
108.761 49850
108.765 49848
108.933 49833
108.951 49832
109.015 49830
109.096 49819
109.104 49807
109.106 49806
110.067 49799
110.072 49789
128.337 49781
128.348 49780
128.35 49778
128.375 49771
129.122 49764
132.918 49763
132.919 49761
132.92 49756
132.946 49754
132.952 49753
133.533 49747
133.542 49731
133.545 49730
135.037 49724
135.065 49721
135.071 49715
135.232 49714
135.244 49713
135.256 49711
135.451 49706
135.869 49704
135.9 49696
135.951 49694
136.577 49693
136.681 49686
136.682 49685
136.692 49683
136.722 49682
136.809 49677
136.819 49665
136.819 49664
145.196 49663
145.459 49662
145.487 49661
145.576 49658
145.651 49650
149.237 49631
150.037 49611
150.049 49601
150.083 49595
150.103 49594
151.418 49588
151.441 49587
151.669 49583
153.074 49579
153.124 49568
153.132 49567
156.808 49560
157.008 49556
157.014 49553
157.032 49552
157.038 49551
157.157 49550
157.182 49548
157.185 49542
162.281 49539
164.726 49535
166.727 49530
167.553 49528
167.565 49527
175.648 49526
175.664 49523
176.333 49522
176.344 49518
177.635 49517
177.662 49516
177.69 49515
177.829 49512
182.433 49511
182.529 49502
182.609 49488
183.196 49487
183.713 49485
183.724 49484
183.729 49482
183.779 49481
183.812 49480
183.925 49478
183.948 49477
184.185 49475
187.924 49474
188.51 49468
188.512 49467
190.537 49462
190.542 49461
