0.003 18741
0.004 18726
0.004 18707
0.004 18690
0.007 18689
0.009 18677
0.011 18533
0.011 18532
0.016 18516
0.017 18499
0.036 18487
0.057 18166
0.057 18131
0.057 18126
0.058 18124
0.059 18113
0.061 18103
0.062 18048
0.064 18046
0.066 17720
0.067 17702
0.068 17567
0.069 17553
0.069 17550
0.072 17537
0.073 17530
0.079 17519
0.113 17518
0.113 17513
0.113 17497
0.113 17450
0.114 17442
0.198 17416
0.826 17414
2.14 17406
2.145 17402
4.5 17386
4.778 17384
17.059 17376
17.059 17375
17.064 17374
17.076 17369
17.354 17365
17.355 17363
17.356 17355
17.359 17333
17.361 17326
17.382 17324
17.39 17315
17.395 17314
33.943 17306
51.825 17281
51.825 17278
51.836 17274
51.839 17271
72.384 17260
72.387 17259
72.391 17258
72.392 17256
