0.004 14102
0.004 14061
0.004 14054
0.004 14050
0.005 14018
0.005 14017
0.006 13938
0.006 13906
0.008 13904
0.009 13893
0.009 13874
0.01 13852
0.011 13835
0.013 13822
0.015 13737
0.016 13712
0.017 13697
0.018 13690
0.02 13658
0.021 13651
0.022 13647
0.022 13617
0.024 13607
0.029 13604
0.031 13590
0.033 13584
0.033 13573
0.055 13570
0.055 13563
0.061 13538
0.076 13532
0.084 13513
0.086 13512
0.1 13507
0.101 13497
0.103 13488
0.105 13486
0.133 13477
0.139 13471
0.139 13465
0.314 13435
0.315 13431
0.33 13428
0.339 13418
0.82 13416
0.82 13414
0.821 13409
1.126 13383
1.131 13372
3.06 13367
3.061 13365
3.087 13362
5.37 13352
14.685 13351
21.893 13345
47.098 13334
61.014 13332
63.001 13331
63.715 13330
63.715 13325
72.743 13320
83.878 13319
86.811 13314
87.26 13310
87.69 13308
87.694 13307
87.696 13302
87.726 13292
