0.002 13871
0.002 13849
0.003 13685
0.005 13661
0.005 13645
0.007 13512
0.007 13188
0.008 13182
0.009 13176
0.009 13127
0.01 13090
0.014 13069
0.016 13036
0.019 13011
0.021 12956
0.022 12759
0.022 12721
0.022 12654
0.023 12630
0.024 12625
0.028 12575
0.029 12559
0.029 12553
0.029 12500
0.031 12497
0.033 12352
0.038 12343
0.039 12282
0.041 12281
0.045 12279
0.046 12267
0.057 12201
0.057 12193
0.057 12152
0.058 12132
0.063 12128
0.066 12123
0.067 12114
0.073 12108
0.112 12102
0.115 12098
0.122 12083
0.124 12069
0.127 12054
0.129 12044
0.131 12029
0.364 12021
0.518 12020
1.39 12017
10.855 12012
