0.001 21807
0.002 21804
0.003 21788
0.004 21744
0.005 21646
0.007 21641
0.01 21628
0.01 21559
0.011 21535
0.012 21463
0.018 21403
0.019 21270
0.025 21031
0.026 21006
0.032 20989
0.034 20970
0.037 20958
0.047 20927
0.049 20884
0.062 20881
0.071 20811
0.072 20781
0.073 20758
0.077 20751
0.08 20725
0.081 20704
0.081 20645
0.081 20587
0.082 20578
0.083 20565
0.091 20549
0.092 20521
0.123 20402
0.124 20399
0.179 20397
0.18 20322
0.181 20320
0.181 20277
0.182 20179
0.186 20176
0.186 20153
0.201 20145
0.239 20005
0.24 19995
0.264 19994
0.51 19988
0.581 19977
0.582 19972
0.583 19940
0.718 19907
0.723 19902
0.726 19881
0.727 19868
0.823 19866
0.828 19835
0.848 19803
1.449 19781
