0.002 9487
0.003 9481
0.003 9467
0.005 9465
0.005 9446
0.005 9440
0.006 9417
0.007 9219
0.007 9200
0.013 8898
0.015 8875
0.015 8851
0.016 8846
0.018 8843
0.081 8825
0.081 8813
0.084 8807
0.085 8768
0.085 8618
0.086 8499
0.088 8454
0.101 8423
0.102 8400
0.11 8396
0.114 8375
0.116 8373
0.117 8371
0.12 8339
0.122 8332
0.131 8293
0.134 8272
0.136 8267
0.139 8259
0.141 8257
0.15 8238
0.194 8225
0.194 8220
0.265 8218
0.268 8213
0.284 8210
0.307 8206
0.307 8195
0.314 8188
1.687 8172
1.69 8167
2.591 8165
2.901 8163
3.928 8162
3.93 8157
12.374 8156
13.113 8151
13.113 8146
13.194 8141
25.874 8134
28.294 8131
28.299 8126
37.852 8124
38.023 8121
62.948 8111
102.971 8110
102.977 8105
