0.003 43235
0.004 43139
0.005 43116
0.006 43095
0.008 42890
0.009 42880
0.011 42116
0.011 42035
0.012 42016
0.013 41987
0.015 41971
0.02 41779
0.021 41760
0.021 41738
0.023 41569
0.025 41530
0.026 41514
0.032 41504
0.041 41476
0.042 41472
0.043 41453
0.043 41450
0.044 41445
0.052 41269
0.055 41259
0.057 41257
0.065 41219
0.068 41184
0.069 41165
0.076 41120
0.081 41117
0.12 41075
0.126 41036
0.129 41019
0.129 41005
0.138 40981
0.204 40979
0.449 40968
0.941 40963
0.951 40958
1.006 40691
1.011 40679
1.013 40616
1.014 40560
1.014 40503
1.015 40501
1.034 40496
1.035 40475
1.038 40461
1.056 40441
1.056 40439
1.061 40437
1.062 40419
1.063 40411
1.068 40400
1.07 40358
1.07 40334
1.078 40327
1.098 40312
1.29 40291
1.29 40267
1.302 40266
1.305 40265
1.31 40264
1.771 40236
1.784 40233
1.793 40229
1.854 40228
2.086 40213
2.101 40204
2.11 40188
2.121 40150
2.131 40144
2.14 40143
2.15 40141
5.054 40130
11.059 40121
11.803 40105
42.836 40098
42.84 40093
42.844 40087
42.846 40084
43.586 40082
43.586 40076
43.587 40073
47.024 40070
49.875 40066
61.996 40063
