0.003 18754
0.003 18750
0.004 18716
0.004 18705
0.01 18670
0.011 18667
0.012 18661
0.013 18595
0.014 18577
0.016 18570
0.039 18566
0.039 18557
0.048 18541
0.051 18471
0.053 18320
0.053 18315
0.054 18282
0.054 18281
0.063 18268
0.068 18049
0.069 17977
0.071 17544
0.073 17536
0.142 17523
0.143 17505
0.144 17497
0.147 17473
0.148 17463
0.151 17455
0.152 17451
0.153 17445
0.154 17442
0.155 17439
0.821 17411
3.152 17410
3.213 17408
3.215 17398
3.217 17345
3.219 17344
3.222 17324
3.235 17314
46.258 17304
57.154 17297
57.194 17286
57.196 17283
58.413 17282
59.943 17266
59.956 17265
93.567 17261
93.568 17257
93.573 17256
95.302 17253
95.441 17249
95.444 17244
95.447 17243
95.448 17236
95.56 17234
176.238 17233
176.727 17228
176.734 17226
