0.002 21807
0.003 21791
0.003 21726
0.008 21347
0.008 21324
0.013 21191
0.024 20975
0.027 20713
0.027 20682
0.032 20605
0.033 20601
0.035 20580
0.037 20501
0.037 20488
0.038 20485
0.043 20466
0.044 20453
0.049 20436
0.05 20433
0.087 20388
0.09 20381
0.139 20380
0.139 20371
0.249 20326
0.252 20306
0.378 20264
0.381 20231
0.385 20203
0.386 20106
0.387 20068
0.438 20051
0.458 20047
5.456 20037
5.501 20035
5.502 20032
6.254 20019
6.497 20005
6.498 19981
6.546 19946
6.558 19876
6.582 19855
6.689 19849
6.808 19835
6.85 19827
6.887 19820
7.165 19803
15.292 19781
