0.004 23649
0.005 23617
0.005 23507
0.006 23487
0.007 23422
0.007 23345
0.008 23295
0.009 23292
0.01 23232
0.01 23207
0.012 23203
0.012 23199
0.013 23195
0.015 23194
0.018 23168
0.019 23139
0.02 23063
0.023 23039
0.023 23026
0.024 23023
0.024 22956
0.026 22924
0.028 22915
0.029 22847
0.03 22812
0.032 22792
0.033 22786
0.033 22685
0.036 22653
0.036 22554
0.038 22500
0.041 22427
0.043 22425
0.05 22288
0.053 22254
0.055 22246
0.059 22219
0.072 22191
0.109 22011
0.109 21980
0.11 21894
0.11 21859
0.111 21816
0.114 21813
0.117 21528
0.119 21440
0.119 21410
0.12 21311
0.121 21274
0.131 21217
0.132 21183
0.133 21134
0.134 21083
0.136 21065
0.25 20913
0.415 20894
0.432 20893
0.432 20869
0.433 20864
0.453 20858
0.454 20857
0.461 20803
0.475 20785
0.488 20778
0.502 20775
0.506 20734
0.509 20730
0.569 20705
0.572 20704
0.601 20699
0.608 20696
0.628 20668
