0.004 23782
0.004 23742
0.005 23646
0.005 23636
0.006 23604
0.007 23592
0.007 23515
0.008 23437
0.01 23317
0.011 23305
0.012 23260
0.013 23108
0.013 23032
0.014 23023
0.015 22941
0.016 22889
0.018 22863
0.021 22858
0.025 22849
0.026 22833
0.028 22821
0.045 22590
0.046 22545
0.047 22541
0.048 22460
0.048 22445
0.049 22286
0.053 22283
0.082 22244
0.083 22143
0.091 22133
0.092 22111
0.093 21829
0.093 21738
0.094 21653
0.096 21601
0.096 21576
0.096 21511
0.109 21462
0.111 21460
0.113 21448
0.164 21445
0.176 21440
0.177 21435
0.179 21429
0.181 21415
0.19 21404
0.19 21402
0.191 21351
0.195 21319
0.212 21313
0.215 21291
0.217 21246
0.222 21220
0.226 21207
0.227 21193
0.229 21184
0.232 21156
0.232 21077
0.263 21003
0.284 20994
0.286 20911
0.287 20892
1.052 20851
1.076 20823
1.105 20789
1.116 20763
1.388 20755
1.393 20753
1.394 20752
6.639 20735
7.791 20726
7.793 20686
7.794 20670
7.795 20667
83.575 20666
86.232 20651
86.242 20650
86.255 20643
86.282 20642
