0.007 76178
0.007 75618
0.008 75584
0.008 75453
0.009 75301
0.009 75299
0.009 75297
0.009 75283
0.011 75147
0.013 75125
0.014 75106
0.015 74726
0.018 74017
0.018 73991
0.019 73978
0.019 73971
0.021 73947
0.023 73887
0.024 73882
0.024 73876
0.026 73573
0.027 73572
0.027 73547
0.027 73531
0.028 73477
0.028 73428
0.029 73062
0.031 73049
0.034 72907
0.036 72691
0.037 72625
0.038 72593
0.039 72544
0.042 72520
0.043 72475
0.044 72414
0.045 72397
0.045 72039
0.048 72000
0.049 71959
0.049 71952
0.052 71895
0.055 71877
0.079 71790
0.081 71749
0.081 71410
0.083 71407
0.086 71185
0.088 71115
0.089 71059
0.091 71052
0.093 71045
0.127 71038
0.128 71030
0.13 71029
0.131 71006
0.134 70978
0.135 70878
0.138 70873
0.144 70823
0.148 70681
0.151 70659
0.152 70588
0.153 70543
0.154 70376
0.154 70365
0.163 70233
0.165 70229
0.175 70153
0.177 70067
0.179 69982
0.187 69977
0.187 69970
0.188 69965
0.188 69964
0.192 69953
0.2 69948
0.203 69915
0.203 69859
0.206 69852
0.206 69849
0.231 69811
0.233 69776
0.265 69774
0.268 69770
0.272 69768
0.288 69755
0.311 69526
0.311 69515
0.321 69506
0.331 69439
0.333 69435
0.335 69397
0.84 69394
0.842 69393
0.901 69391
0.904 69388
0.917 69307
0.919 69278
0.92 69266
0.931 69230
0.944 69202
0.945 69169
0.976 69164
0.977 69139
1.024 69115
1.05 69107
1.056 69093
1.098 69058
1.099 69055
1.4 69039
1.401 68951
1.401 68940
1.44 68921
1.444 68900
1.446 68877
1.446 68840
1.461 68835
1.463 68771
1.471 68747
1.472 68738
1.506 68734
1.604 68712
1.626 68709
1.63 68697
1.643 68689
1.645 68682
1.647 68678
1.701 68675
1.785 68672
1.788 68666
1.791 68646
1.793 68627
1.866 68625
1.873 68605
1.878 68586
1.878 68570
2.1 68533
2.177 68496
2.179 68477
2.18 68458
2.326 68446
2.331 68350
2.349 68340
2.806 68319
2.807 68304
2.826 68266
2.83 68211
2.831 68199
2.832 68198
5.395 68182
5.415 68158
5.416 68145
5.417 68139
7.844 68133
7.844 68123
7.846 68069
7.848 68057
7.851 68044
7.853 67993
7.854 67986
7.862 67982
8.583 67953
8.619 67885
8.631 67873
8.632 67868
8.632 67820
8.633 67801
8.638 67791
8.796 67777
8.817 67772
23.03 67759
23.036 67750
23.046 67742
24.843 67740
24.851 67702
26.557 67696
28.042 67678
28.042 67673
28.046 67668
28.074 67663
28.083 67650
28.091 67636
28.094 67634
28.184 67627
28.186 67618
29.219 67617
29.225 67603
29.263 67594
29.264 67580
29.325 67506
29.389 67492
41.202 67487
41.203 67484
41.206 67467
47.656 67466
47.753 67461
47.997 67450
48.017 67449
48.049 67432
48.079 67423
48.143 67416
48.149 67414
48.277 67406
48.286 67405
48.287 67404
48.297 67374
48.298 67369
50.245 67358
50.256 67331
50.261 67314
50.277 67313
50.278 67312
50.36 67309
50.904 67298
71.83 67292
71.869 67286
71.874 67285
71.972 67282
80.246 67279
80.268 67277
82.19 67276
82.202 67270
82.3 67267
82.309 67265
82.672 67264
82.673 67260
83.026 67249
84.37 67237
84.379 67199
84.382 67198
86.72 67182
119.241 67181
121.365 67178
127.725 67173
128.12 67172
128.124 67171
128.172 67158
