0.004 33996
0.005 33990
0.005 33894
0.005 33892
0.006 33889
0.006 33834
0.007 33348
0.008 33342
0.008 33331
0.009 33288
0.01 33013
0.014 32777
0.015 32752
0.019 32692
0.02 32565
0.021 32540
0.022 32402
0.023 32391
0.025 32259
0.026 32251
0.026 32214
0.027 32164
0.027 32160
0.028 32117
0.03 31950
0.031 31803
0.032 31589
0.033 31518
0.034 31467
0.034 31443
0.035 31428
0.081 31376
0.089 31003
0.09 30953
0.093 30904
0.095 30800
0.103 30761
0.103 30732
0.104 30730
0.105 30727
0.106 30719
0.106 30695
0.109 30671
0.11 30643
0.111 30641
0.115 30639
0.116 30589
0.136 30560
0.137 30558
0.146 30503
0.146 30493
0.148 30488
0.149 30404
1.298 30403
1.66 30390
2.745 30385
2.745 30378
2.75 30371
2.751 30343
2.751 30338
2.752 30337
2.756 30293
2.757 30282
2.758 30281
2.759 30263
2.776 30256
2.776 30243
2.857 30218
2.858 30217
2.859 30192
2.862 30187
3.009 30173
3.138 30159
6.804 30156
6.805 30142
6.807 30137
9.17 30038
9.174 30029
9.174 30026
9.176 30025
14.194 29996
14.194 29975
36.798 29973
36.799 29960
36.803 29919
36.99 29917
36.995 29916
37.742 29902
37.779 29898
37.781 29861
37.783 29858
37.783 29854
38.326 29853
38.339 29827
38.347 29813
38.353 29799
89.176 29796
89.2 29786
142.148 29782
142.193 29776
142.193 29773
142.335 29771
142.424 29768
143.071 29765
143.864 29764
144.058 29759
145.821 29754
