0.005 25783
0.006 25763
0.006 25706
0.008 25599
0.008 25588
0.012 25547
0.013 25535
0.015 25514
0.016 25504
0.017 25494
0.031 25462
0.032 25299
0.033 25289
0.034 25254
0.035 25164
0.037 25162
0.038 25158
0.04 25130
0.04 25129
0.043 25102
0.048 24979
0.049 24969
0.051 24966
0.051 24947
0.052 24919
0.053 24894
0.054 24887
0.061 24848
0.088 24847
0.089 24845
0.093 24843
0.093 24842
0.093 24838
0.102 24837
0.103 24833
0.208 24825
0.214 24822
0.214 24817
0.229 24788
0.241 24780
0.244 24771
0.244 24769
0.246 24765
0.274 24720
0.274 24710
0.276 24702
0.277 24696
0.279 24687
0.52 24681
0.523 24673
0.525 24656
0.526 24646
1.189 24643
1.19 24629
1.324 24621
1.332 24619
1.342 24592
1.347 24587
1.358 24584
1.365 24539
1.466 24533
1.467 24531
1.469 24523
1.47 24517
1.471 24510
1.473 24506
1.474 24501
1.475 24498
1.858 24489
1.858 24485
1.86 24476
1.864 24473
1.983 24468
1.985 24462
1.99 24460
1.991 24448
1.992 24442
1.993 24434
1.995 24433
2 24428
2.003 24422
2.007 24421
2.008 24419
2.011 24411
2.193 24408
2.195 24407
2.196 24404
2.204 24399
5.914 24392
5.917 24351
5.918 24340
5.922 24339
5.923 24338
5.924 24309
5.925 24299
5.949 24286
5.949 24284
5.95 24283
5.985 24278
5.987 24277
6.111 24275
6.113 24274
6.115 24271
7.136 24270
11.311 24268
11.313 24251
11.318 24246
11.318 24238
13.469 24234
19.757 24229
19.784 24225
19.784 24218
19.799 24212
36.363 24209
36.364 24207
36.403 24206
36.411 24205
36.416 24203
36.417 24200
39.45 24196
39.451 24193
39.72 24192
39.728 24186
39.737 24182
39.739 24179
39.741 24178
39.742 24175
39.744 24171
39.745 24170
39.746 24167
39.755 24166
79.282 24165
81.279 24161
81.281 24160
81.303 24159
81.304 24156
81.305 24154
86.006 24150
86.007 24148
86.976 24146
112.948 24145
112.984 24143
113.224 24139
114.729 24138
128.219 24137
150.603 24136
