0.006 29562
0.006 29538
0.007 29287
0.007 29221
0.007 29193
0.007 29139
0.008 29110
0.008 29063
0.009 29003
0.01 28924
0.011 28840
0.011 28822
0.012 28814
0.012 28804
0.013 28744
0.016 28717
0.019 28693
0.021 28659
0.022 28638
0.022 28633
0.023 28600
0.025 28562
0.031 28519
0.031 28513
0.037 28511
0.04 28506
0.041 28480
0.041 28473
0.041 28468
0.045 28423
0.046 28288
0.047 28282
0.051 28271
0.051 28251
0.052 28247
0.08 28199
0.081 28112
0.083 28032
0.084 27969
0.084 27958
0.085 27947
0.093 27937
0.094 27847
0.096 27830
0.097 27733
0.097 27726
0.098 27719
0.103 27696
0.104 27688
0.105 27662
0.107 27648
0.107 27641
0.108 27634
0.109 27614
0.11 27599
0.118 27595
0.118 27569
0.178 27559
0.212 27524
0.234 27495
0.235 27434
0.237 27359
0.333 27308
0.361 27289
0.363 27283
0.467 27282
0.469 27238
0.47 27226
0.474 27192
0.48 27181
0.584 27167
0.586 27162
1.269 27160
1.294 27144
1.298 27143
1.298 27127
1.299 27110
1.315 27103
1.317 27071
1.319 27065
2.005 27023
2.115 27017
2.127 27010
2.128 27005
2.129 26976
2.188 26945
2.359 26921
2.399 26908
2.401 26898
2.401 26883
2.402 26851
2.404 26788
16.467 26769
16.647 26753
16.648 26726
17.806 26711
17.808 26706
18.065 26668
18.065 26652
18.089 26642
22.976 26640
23.005 26632
25.35 26613
25.477 26604
25.485 26598
40.76 26584
41.764 26569
41.768 26560
42.829 26555
45.86 26551
45.867 26546
46.41 26536
46.456 26525
46.494 26521
46.521 26520
46.533 26519
58.871 26515
58.884 26512
58.949 26510
58.966 26507
59.801 26496
59.837 26482
59.898 26481
60.082 26472
82.02 26464
92.533 26457
92.541 26455
93.532 26453
93.58 26451
102.605 26449
102.605 26448
102.708 26446
102.713 26439
103.285 26429
103.361 26427
103.439 26425
104.263 26419
104.357 26417
116.285 26400
