0.004 23681
0.005 23604
0.005 23509
0.005 23454
0.006 23434
0.006 23362
0.008 23358
0.01 23191
0.01 23162
0.01 23122
0.013 23120
0.013 23087
0.014 23083
0.019 22957
0.02 22839
0.02 22794
0.021 22666
0.022 22654
0.023 22560
0.03 22556
0.031 22553
0.033 22491
0.035 22470
0.043 22452
0.044 22451
0.044 22409
0.045 22396
0.046 22394
0.058 22371
0.063 22334
0.063 22327
0.066 22232
0.074 21891
0.078 21864
0.078 21845
0.126 21839
0.127 21821
0.128 21819
0.136 21800
0.137 21782
0.141 21761
0.141 21758
0.142 21753
0.15 21667
0.151 21664
0.151 21608
0.167 21602
0.196 21599
0.198 21571
0.199 21565
0.199 21550
0.2 21547
0.201 21524
0.219 21508
0.286 21437
0.29 21430
0.326 21359
0.327 21358
0.328 21354
0.331 21343
0.332 21275
0.334 21236
0.334 21234
0.409 21208
0.574 21171
0.574 21168
0.588 21153
0.709 21088
0.71 21084
0.711 20985
0.745 20966
0.753 20913
0.755 20908
0.755 20901
0.756 20892
0.763 20811
0.763 20768
0.999 20746
1 20712
1.473 20691
5.304 20675
6.904 20669
25.46 20667
150.428 20653
