0.005 64972
0.006 63952
0.007 62856
0.008 62764
0.012 62304
0.012 62257
0.013 62181
0.013 62059
0.013 61865
0.014 61760
0.015 61753
0.015 61746
0.015 61736
0.016 61503
0.018 61395
0.018 60466
0.021 59451
0.021 59443
0.023 59441
0.023 58989
0.024 58974
0.024 58962
0.024 58920
0.026 58602
0.027 58535
0.028 58472
0.029 58337
0.03 58269
0.031 57518
0.031 57468
0.032 56736
0.034 56709
0.034 56700
0.034 56380
0.035 56283
0.035 56258
0.035 56241
0.039 56173
0.039 56166
0.042 56125
0.049 56109
0.052 56078
0.055 55908
0.056 55897
0.057 55855
0.057 55850
0.057 55783
0.058 55668
0.058 55584
0.063 55576
0.064 55510
0.065 55499
0.066 55472
0.07 55448
0.072 55418
0.073 55370
0.076 55340
0.081 55253
0.081 55207
0.085 55193
0.085 55114
0.085 55093
0.086 55054
0.087 55052
0.088 55048
0.098 55044
0.098 54936
0.099 54847
0.1 54730
0.101 54729
0.102 54540
0.116 54470
0.117 54458
0.117 54433
0.118 54264
0.125 54221
0.126 54157
0.132 54146
0.132 54142
0.155 54128
0.156 54027
0.157 54021
0.159 53983
0.159 53964
0.16 53937
0.161 53920
0.169 53910
0.201 53861
0.202 53837
0.203 53823
0.204 53679
0.205 53678
0.211 53672
0.211 53643
0.212 53606
0.213 53590
0.217 53550
0.218 53520
0.22 53508
0.225 53481
0.226 53426
0.227 53415
0.232 53239
0.237 53233
0.302 53198
0.302 53185
0.311 53180
0.311 53172
0.315 53164
0.331 53157
0.334 53130
0.335 53122
0.343 53107
0.345 53096
0.371 53020
0.826 53008
0.843 52978
0.843 52977
0.864 52949
1.054 52929
1.059 52926
1.111 52891
1.114 52886
1.116 52843
1.132 52837
1.16 52814
1.162 52804
2.291 52797
2.294 52791
2.296 52764
2.298 52759
2.351 52743
2.353 52701
2.353 52684
2.405 52683
2.406 52672
2.41 52659
2.419 52652
2.42 52639
2.422 52626
2.55 52616
2.552 52603
2.564 52601
2.567 52596
2.57 52577
3.592 52573
4.365 52454
4.371 52452
4.446 52437
4.446 52433
4.447 52432
8.693 52431
8.694 52418
8.706 52417
8.724 52413
8.732 52411
8.833 52407
8.834 52398
9.88 52394
9.968 52377
9.974 52370
9.975 52360
18.507 52346
18.509 52336
18.512 52331
18.513 52296
18.515 52282
18.623 52273
18.629 52269
18.63 52249
28.608 52244
28.611 52233
28.633 52222
28.72 52204
28.751 52200
28.757 52191
28.77 52188
28.832 52185
28.841 52174
28.945 52169
29.02 52161
29.023 52145
29.026 52142
29.605 52117
29.605 52105
29.609 52074
29.618 52053
29.645 52052
32.534 52039
95.838 52033
95.909 52030
99.234 52026
102.444 52025
111.345 52023
111.922 52019
112.356 52015
126.853 52014
