0.004 9625
0.004 9620
0.005 9597
0.005 9590
0.005 9587
0.006 9510
0.007 9470
0.007 9465
0.008 9377
0.009 9354
0.009 9350
0.009 9325
0.009 9319
0.01 9317
0.011 9272
0.012 9263
0.013 9240
0.016 9212
0.019 9209
0.02 9206
0.02 9202
0.03 9197
0.034 9184
0.073 9171
0.074 9163
0.074 9155
0.096 9145
0.097 9128
0.097 9110
0.097 9085
0.1 9055
0.111 9045
0.116 9011
0.127 8974
0.129 8971
0.129 8958
0.139 8953
0.142 8951
0.142 8935
0.143 8932
0.144 8919
0.145 8917
0.146 8915
0.146 8905
0.149 8904
0.164 8898
0.168 8887
0.17 8881
0.174 8879
0.175 8877
0.182 8852
0.253 8835
0.255 8825
0.269 8823
0.271 8820
0.272 8812
0.278 8810
0.284 8802
0.285 8800
0.297 8786
0.297 8780
0.472 8772
0.485 8754
0.592 8745
0.611 8714
0.612 8706
0.612 8695
0.613 8660
0.624 8659
10.858 8658
10.86 8640
10.868 8636
10.873 8628
21.419 8626
21.424 8624
22.625 8613
22.632 8609
49.656 8605
49.821 8591
49.924 8589
49.961 8588
50.117 8580
50.57 8578
50.572 8570
50.575 8569
117.971 8568
125.513 8567
