0.005 30361
0.006 30326
0.006 30282
0.006 29836
0.007 29808
0.007 29732
0.008 29635
0.008 29574
0.009 29570
0.009 29484
0.009 29473
0.01 29422
0.011 29383
0.011 29338
0.015 29328
0.016 29296
0.018 29246
0.018 29225
0.019 29208
0.021 29203
0.023 29198
0.024 29187
0.024 29066
0.026 29034
0.03 29011
0.042 28935
0.042 28914
0.043 28870
0.048 28839
0.05 28823
0.051 28750
0.052 28673
0.052 28652
0.053 28398
0.054 28390
0.055 28383
0.076 28362
0.078 28308
0.082 28283
0.089 28211
0.089 28178
0.091 28164
0.091 28159
0.092 28106
0.093 27987
0.093 27972
0.093 27933
0.097 27777
0.1 27754
0.118 27749
0.119 27743
0.12 27733
0.122 27712
0.122 27709
0.123 27700
0.124 27623
0.126 27607
0.128 27606
0.129 27582
0.129 27548
0.133 27544
0.134 27537
0.138 27531
0.138 27527
0.158 27500
0.177 27496
0.178 27463
0.292 27447
0.292 27421
0.315 27401
0.322 27340
0.325 27298
0.327 27295
0.327 27267
0.327 27235
0.328 27217
0.947 27212
0.949 27198
0.95 27193
0.95 27191
0.951 27129
2.384 27092
2.873 27067
2.873 27065
3.813 27048
4.534 27046
4.534 27044
4.535 27035
4.61 27031
7.766 27007
10.787 26994
11.824 26992
11.863 26984
11.909 26972
11.91 26970
12.188 26969
12.494 26946
12.51 26944
18.274 26916
19.166 26901
29.981 26895
30.041 26890
30.083 26873
30.107 26869
30.108 26844
30.112 26843
30.114 26841
30.116 26831
30.155 26811
30.155 26809
30.319 26787
30.322 26778
30.338 26777
30.339 26776
30.341 26773
30.391 26768
30.503 26765
30.512 26677
30.528 26674
30.529 26652
30.54 26642
30.56 26640
30.563 26634
30.568 26605
30.582 26594
30.583 26572
43.581 26568
43.582 26563
43.849 26553
51.168 26549
51.188 26543
51.219 26540
51.582 26508
51.585 26496
51.787 26493
51.815 26479
51.937 26469
51.941 26464
51.955 26460
52.03 26455
52.031 26451
52.048 26444
59.384 26423
59.395 26421
59.558 26420
59.572 26413
78.875 26407
78.88 26397
81.256 26395
81.258 26394
81.371 26387
81.629 26383
81.744 26379
81.773 26376
81.986 26367
89.418 26363
91.524 26362
91.875 26354
100.52 26352
