0.007 76158
0.007 76115
0.009 76065
0.011 75995
0.013 75992
0.014 75491
0.016 75473
0.017 75283
0.017 75190
0.018 75149
0.019 75117
0.02 75088
0.02 74980
0.021 74949
0.022 74628
0.022 74615
0.023 74537
0.023 74515
0.025 74481
0.026 74480
0.027 74466
0.027 74458
0.03 74327
0.033 74299
0.033 74293
0.039 74007
0.04 73712
0.041 73577
0.043 73491
0.043 73472
0.044 73394
0.044 72574
0.048 72410
0.049 72406
0.049 72400
0.051 72355
0.052 72074
0.052 71767
0.054 71743
0.055 71653
0.059 71627
0.06 71154
0.061 70978
0.066 70966
0.067 70800
0.068 70799
0.068 70770
0.069 70716
0.072 70667
0.077 70625
0.079 70596
0.084 70577
0.123 70564
0.124 70508
0.124 70505
0.128 70498
0.129 70453
0.13 70393
0.13 70353
0.137 70339
0.143 70337
0.187 70245
0.22 70225
0.224 70123
0.246 70114
0.251 70062
0.253 70053
0.258 70051
0.259 69989
0.269 69970
0.27 69943
0.278 69762
0.283 69758
0.283 69757
0.285 69676
0.286 69657
0.287 69635
0.298 69632
0.298 69495
0.299 69477
0.32 69435
0.322 69335
0.327 69198
0.327 69172
0.331 69099
0.331 69036
0.354 68998
0.356 68955
0.356 68950
0.358 68942
0.415 68926
0.415 68904
0.419 68878
0.422 68868
0.431 68849
0.556 68819
0.586 68809
0.594 68801
0.597 68800
0.774 68773
0.775 68730
0.776 68696
0.779 68670
0.782 68669
0.784 68655
0.784 68649
0.801 68640
0.824 68624
1.912 68617
1.912 68582
1.926 68551
1.934 68504
1.936 68495
1.964 68432
1.988 68421
2.282 68388
2.285 68325
2.296 68309
2.335 68292
2.345 68277
2.347 68274
2.349 68263
5.371 68249
5.472 68225
5.503 68183
5.503 68180
5.519 68170
5.528 68139
5.528 68137
5.532 68136
5.532 68128
5.534 68125
5.586 68122
6.821 68098
6.926 68076
7.354 68072
7.355 68049
7.358 68045
7.361 68040
7.382 68019
14.727 68005
14.729 67998
14.73 67994
14.797 67959
15.015 67953
15.027 67951
15.685 67930
15.698 67924
15.703 67919
16.461 67914
16.465 67910
16.466 67905
16.467 67901
16.509 67896
16.514 67894
16.518 67888
16.522 67867
16.561 67856
16.563 67831
16.568 67794
21.305 67788
21.317 67765
21.556 67760
21.56 67759
24.725 67754
24.725 67748
24.759 67720
24.779 67714
41.569 67695
41.57 67676
42.138 67671
42.138 67664
42.152 67661
42.236 67655
42.242 67635
42.267 67627
42.315 67625
43.517 67613
44.02 67605
50.13 67601
50.131 67600
50.267 67590
51.626 67582
51.647 67580
51.671 67573
52.376 67572
52.376 67569
58.635 67554
60.489 67552
60.498 67548
63.656 67547
63.657 67545
63.752 67529
63.761 67526
94.487 67521
96.695 67520
100.144 67514
101.809 67512
