0.005 33938
0.005 33843
0.006 33841
0.007 33816
0.007 33775
0.008 33728
0.008 33709
0.012 33696
0.012 33571
0.014 33564
0.016 33400
0.019 32978
0.02 32963
0.023 32908
0.024 32788
0.024 32531
0.027 32501
0.028 32125
0.032 32100
0.034 31988
0.036 31978
0.036 31954
0.04 31948
0.04 31830
0.042 31661
0.042 31499
0.043 31444
0.044 31414
0.045 31400
0.045 31349
0.047 31299
0.048 31267
0.048 31249
0.049 31205
0.049 31203
0.056 31146
0.057 31142
0.057 31121
0.074 31087
0.075 31084
0.075 31079
0.076 30990
0.077 30980
0.079 30930
0.08 30924
0.081 30818
0.083 30790
0.103 30780
0.105 30779
0.147 30679
0.15 30653
0.155 30649
0.159 30619
0.198 30614
0.2 30602
0.208 30601
0.209 30581
0.246 30575
0.25 30500
0.252 30498
0.254 30493
0.261 30468
0.27 30461
0.33 30436
0.563 30423
0.73 30381
0.731 30371
0.771 30352
0.772 30338
0.773 30332
1.697 30310
1.708 30301
1.713 30299
9.678 30282
9.893 30259
9.895 30252
9.898 30241
9.899 30219
9.9 30211
9.902 30208
9.902 30187
9.904 30177
9.933 30174
9.935 30165
9.95 30119
9.951 30118
9.952 30100
11.006 30098
16.269 30090
16.27 30080
16.282 30072
16.416 30067
20.231 30065
20.232 30051
20.232 30049
20.31 30043
20.314 30029
20.316 30025
20.39 30021
20.393 30005
20.393 29981
20.393 29979
20.396 29978
32.551 29977
42.281 29971
42.316 29956
42.468 29924
42.516 29918
42.584 29916
42.587 29877
42.588 29861
42.59 29828
42.592 29822
42.595 29818
60.753 29817
60.769 29805
72.964 29802
73.1 29799
80.951 29794
80.953 29786
80.991 29781
81.019 29772
97.329 29771
97.436 29770
97.45 29762
98.742 29761
98.946 29759
98.953 29758
98.96 29757
109.945 29754
111.327 29750
111.841 29745
111.843 29741
