0.006 29313
0.006 29276
0.007 29246
0.008 29205
0.008 29176
0.009 29108
0.009 29084
0.01 28987
0.011 28849
0.013 28835
0.015 28745
0.015 28726
0.016 28721
0.019 28699
0.023 28686
0.024 28647
0.024 28644
0.025 28593
0.031 28381
0.033 28375
0.034 28330
0.034 28271
0.035 28230
0.036 28196
0.038 28193
0.044 28190
0.052 28134
0.053 28078
0.054 27961
0.055 27950
0.057 27938
0.058 27916
0.059 27889
0.085 27868
0.086 27838
0.087 27807
0.091 27791
0.093 27778
0.095 27728
0.108 27677
0.109 27639
0.115 27595
0.14 27580
0.141 27566
0.141 27565
0.143 27531
0.143 27521
0.145 27500
0.146 27493
0.147 27421
0.149 27408
0.189 27379
0.19 27330
0.191 27325
0.201 27319
0.201 27303
0.201 27292
0.214 27288
0.22 27277
0.223 27246
0.224 27229
0.225 27224
0.226 27200
0.236 27193
0.236 27186
0.895 27174
0.895 27172
2.111 27147
2.12 27138
2.131 27132
2.134 27128
2.134 27112
2.141 27108
2.144 27088
2.144 27086
2.229 27081
2.232 27014
2.233 27000
2.237 26986
2.237 26921
2.239 26914
4.986 26902
10.132 26883
10.133 26865
10.134 26817
12.89 26784
13.81 26770
13.874 26746
13.911 26744
17.029 26739
17.049 26725
17.057 26714
17.082 26712
17.088 26711
17.089 26705
17.091 26699
17.11 26694
17.111 26666
20.33 26626
27.132 26609
30.659 26586
30.661 26585
30.715 26567
36.047 26557
36.057 26553
36.066 26548
36.069 26547
43.914 26537
43.933 26532
43.967 26517
43.968 26509
49.005 26500
49.025 26497
49.033 26492
49.266 26490
49.267 26489
53.739 26484
64.436 26477
67.342 26472
67.353 26471
98.655 26468
99.17 26463
99.176 26462
99.177 26459
99.183 26454
99.448 26452
