0.008 24258
0.008 24228
0.009 23913
0.01 23906
0.01 23746
0.01 23739
0.011 23717
0.012 23711
0.012 23684
0.012 23673
0.013 23586
0.013 23436
0.014 23174
0.014 23170
0.016 23121
0.016 23105
0.017 23102
0.018 23096
0.018 23089
0.018 23006
0.019 22996
0.02 22965
0.021 22914
0.021 22899
0.022 22892
0.023 22835
0.025 22700
0.026 22688
0.026 22676
0.027 22665
0.027 22646
0.027 22603
0.03 22582
0.031 22579
0.032 22541
0.034 22512
0.038 22497
0.042 22477
0.043 22456
0.046 22438
0.047 22426
0.047 22413
0.048 22359
0.05 22312
0.051 22194
0.052 22167
0.052 21974
0.054 21885
0.059 21882
0.062 21860
0.068 21835
0.082 21832
0.083 21797
0.084 21776
0.085 21771
0.085 21760
0.087 21687
0.088 21682
0.088 21663
0.09 21597
0.094 21583
0.095 21539
0.097 21498
0.097 21464
0.098 21432
0.098 21419
0.099 21390
0.102 21387
0.103 21363
0.116 21305
0.149 21289
0.152 21261
0.161 21255
0.164 21230
0.164 21219
0.176 21183
0.176 21152
0.178 21144
0.179 21134
0.181 21095
0.182 21051
0.182 21046
0.192 20969
0.192 20964
0.205 20963
0.209 20950
0.209 20944
0.21 20940
0.214 20924
0.233 20909
0.234 20901
0.236 20893
0.237 20890
0.239 20868
0.252 20799
0.252 20798
0.582 20772
0.673 20769
0.673 20767
0.674 20756
0.676 20738
0.979 20723
0.98 20712
0.982 20711
0.983 20705
0.984 20704
5.529 20689
5.53 20675
5.532 20662
5.533 20658
5.534 20630
5.534 20624
11.789 20611
11.79 20595
11.79 20593
14.104 20588
14.105 20585
14.286 20584
16.074 20572
16.075 20534
16.075 20522
22.955 20510
22.973 20508
31.317 20503
31.318 20496
32.301 20490
32.302 20488
32.303 20487
36.437 20483
36.472 20472
36.476 20466
36.49 20461
36.491 20455
83.549 20451
92.929 20449
92.945 20445
118.567 20441
