0.011 32415
0.011 32412
0.012 32329
0.012 32282
0.012 32232
0.013 32186
0.013 32176
0.013 32172
0.014 32157
0.015 31959
0.019 31894
0.02 31748
0.025 31725
0.026 31711
0.026 31710
0.028 31652
0.028 31651
0.043 31629
0.044 31623
0.046 31565
0.047 31531
0.047 31463
0.047 31446
0.048 31443
0.049 31441
0.061 31433
0.061 31423
0.061 31363
0.063 31343
0.095 31329
0.096 31323
0.097 31288
0.098 31239
0.1 31237
0.103 31229
0.163 31213
0.164 31212
0.166 31211
0.168 31157
0.169 31156
0.17 31124
0.171 31108
0.171 31050
0.198 31036
0.198 31028
0.208 30983
0.209 30965
0.23 30958
0.232 30945
0.234 30923
0.235 30857
0.335 30830
0.337 30766
0.345 30730
0.346 30699
0.347 30687
0.349 30679
0.35 30678
0.501 30675
0.592 30661
0.594 30638
0.635 30634
0.637 30620
0.655 30603
0.66 30545
0.661 30539
0.662 30538
0.662 30528
0.688 30511
0.894 30502
0.895 30500
0.903 30499
0.906 30490
0.997 30485
0.998 30471
0.998 30470
1.002 30466
1.003 30459
1.166 30443
1.17 30437
1.187 30404
1.192 30391
1.196 30369
1.196 30346
1.197 30338
1.198 30337
1.199 30309
1.208 30218
1.957 30160
1.957 30150
2.161 30147
2.166 30105
2.179 30034
2.18 30028
2.181 30021
2.379 30008
2.428 30006
2.958 29987
2.959 29972
2.96 29949
2.96 29939
2.961 29927
2.968 29912
3.356 29868
3.357 29847
3.37 29801
3.37 29778
3.579 29758
3.582 29751
8.108 29725
8.109 29719
8.11 29714
8.114 29705
8.142 29681
8.142 29668
8.145 29659
13.021 29603
13.023 29595
13.023 29591
21.184 29580
26.654 29572
26.656 29554
30.321 29552
30.326 29545
30.326 29535
30.331 29530
30.334 29526
33.505 29519
33.512 29514
33.514 29511
33.517 29505
41.504 29485
41.505 29475
46.184 29472
46.199 29471
46.205 29468
46.298 29455
46.304 29451
54.278 29442
54.352 29422
54.373 29421
61.309 29409
67.734 29397
69.576 29382
69.578 29379
69.587 29374
69.591 29369
72.482 29367
72.485 29358
72.486 29356
73.764 29355
75.153 29344
75.196 29342
75.931 29337
82.928 29336
82.93 29333
90.319 29328
90.326 29326
90.329 29325
90.336 29322
90.452 29319
94.197 29316
94.241 29315
95.477 29314
95.484 29312
95.824 29307
95.831 29306
96.157 29299
96.182 29298
96.183 29297
127.192 29296
134.876 29294
134.914 29293
135.101 29288
135.111 29286
137.491 29285
137.495 29284
