0.009 108829
0.01 107581
0.011 107558
0.012 107480
0.013 107346
0.017 107063
0.018 106723
0.023 106570
0.025 106349
0.026 105357
0.027 105339
0.028 105230
0.029 105228
0.03 105148
0.031 105143
0.032 105047
0.036 104862
0.036 104797
0.036 104763
0.038 104633
0.042 104405
0.043 104246
0.043 104103
0.044 103867
0.047 103696
0.047 103534
0.048 102996
0.049 102833
0.05 102156
0.053 102133
0.056 102114
0.057 102036
0.058 102023
0.06 101980
0.06 101939
0.061 101914
0.062 101765
0.063 101676
0.064 101578
0.065 101235
0.069 101158
0.07 101128
0.074 101097
0.075 101035
0.075 100961
0.076 100896
0.077 100873
0.079 100866
0.081 100855
0.088 100846
0.101 100625
0.103 100562
0.104 100558
0.105 100546
0.106 100490
0.106 100425
0.108 100423
0.109 100379
0.115 100320
0.117 99910
0.181 99832
0.182 99811
0.187 99796
0.205 99792
0.206 99736
0.208 99672
0.21 99668
0.21 99584
0.211 99569
0.248 99562
0.249 99500
0.258 99281
0.26 99272
0.261 99254
0.262 99224
0.262 99221
0.266 99204
0.288 99180
0.299 99035
0.3 99028
0.303 99025
0.32 99004
0.362 98948
0.38 98913
0.381 98887
0.382 98866
0.384 98842
0.385 98827
0.385 98824
0.389 98823
0.392 98807
0.396 98793
0.397 98776
0.404 98737
0.404 98665
0.411 98660
0.467 98618
0.537 98547
0.544 98526
0.548 98524
0.55 98475
0.551 98438
0.553 98412
0.554 98343
0.561 98310
0.562 98296
0.563 98256
0.85 98211
0.851 98188
0.857 98178
1.043 98172
1.043 98122
1.078 98120
1.08 98069
1.145 98024
1.145 97964
1.147 97922
1.147 97883
1.185 97853
1.189 97842
1.192 97832
1.195 97831
1.225 97828
1.287 97819
1.288 97816
2.312 97802
2.314 97771
2.321 97764
2.323 97708
2.324 97640
2.344 97609
2.346 97604
2.347 97578
2.35 97573
3.067 97556
3.084 97521
3.102 97505
3.103 97498
3.115 97477
3.118 97476
3.217 97465
3.236 97450
3.253 97448
3.262 97443
4.097 97435
4.179 97426
4.181 97401
4.268 97382
4.302 97347
4.319 97326
4.32 97321
4.838 97295
4.839 97228
4.85 97227
5.261 97199
5.263 97144
5.637 97130
5.637 97061
5.638 97054
5.736 97039
5.741 97023
5.741 97016
5.759 96978
5.859 96967
5.868 96959
8.49 96925
8.507 96900
8.509 96762
8.517 96753
8.808 96743
8.809 96733
8.841 96724
8.845 96722
8.881 96700
8.93 96691
8.95 96661
8.955 96659
11.826 96630
11.828 96618
11.828 96615
26.135 96576
26.343 96564
26.355 96542
26.359 96538
26.369 96535
26.372 96533
26.395 96531
26.498 96527
26.524 96523
26.526 96494
26.53 96492
26.554 96484
26.598 96481
26.601 96477
26.628 96464
26.632 96461
29.831 96459
29.834 96451
29.886 96446
29.909 96433
29.909 96422
30.078 96421
30.08 96415
30.087 96389
30.092 96388
30.093 96382
36.968 96362
40.877 96356
40.88 96351
40.888 96350
41.009 96347
41.033 96320
41.081 96312
41.083 96304
41.169 96281
41.348 96280
41.348 96278
41.354 96275
41.357 96271
41.363 96270
41.588 96249
41.591 96245
41.597 96240
41.621 96236
41.626 96231
41.631 96229
41.644 96214
51.373 96207
51.409 96203
51.433 96197
51.434 96182
51.451 96181
77.542 96175
77.543 96151
77.549 96149
77.563 96141
77.566 96140
78.945 96128
79.005 96123
79.66 96106
79.871 96102
80.827 96097
83.206 96068
85.24 96067
85.242 96060
85.303 96053
85.366 96029
85.377 96024
85.379 96020
92.274 96016
92.395 96010
92.422 95980
92.437 95963
92.466 95959
92.481 95940
