0.01 20439
0.011 20293
0.011 20269
0.012 20183
0.014 20083
0.014 20043
0.015 19970
0.015 19890
0.015 19885
0.016 19808
0.016 19807
0.019 19782
0.02 19764
0.02 19753
0.021 19732
0.026 19711
0.027 19701
0.027 19697
0.027 19694
0.032 19690
0.032 19689
0.034 19667
0.034 19666
0.035 19662
0.036 19645
0.037 19644
0.04 19594
0.043 19543
0.064 19542
0.065 19462
0.065 19460
0.066 19457
0.066 19427
0.073 19412
0.074 19406
0.087 19396
0.089 19389
0.138 19371
0.142 19318
0.146 19300
0.147 19293
0.156 19287
0.165 19281
0.17 19267
0.175 19199
0.267 19175
0.269 19155
0.302 19144
0.309 19128
0.338 19103
0.345 19101
0.346 19095
0.349 19082
0.362 19066
0.363 19060
0.364 19055
0.377 18919
0.378 18847
0.382 18843
0.406 18838
0.409 18795
0.48 18789
0.481 18786
0.483 18776
0.489 18775
0.491 18740
0.495 18658
0.679 18657
0.703 18647
0.738 18644
0.741 18629
0.746 18614
1.484 18610
1.485 18584
1.486 18581
1.576 18574
1.576 18569
1.576 18543
1.578 18534
1.579 18518
1.58 18509
1.583 18501
1.583 18492
3.204 18477
3.763 18457
3.764 18443
3.768 18427
4.123 18424
5.538 18391
24.557 18387
24.633 18385
24.633 18379
32.302 18372
32.303 18371
32.328 18368
36.153 18366
36.153 18364
36.154 18358
39.792 18348
39.815 18343
43.844 18335
43.922 18333
43.928 18322
43.93 18321
43.96 18307
57.048 18302
57.723 18292
59.881 18279
59.953 18275
59.954 18269
98.779 18266
115.705 18264
