0.008 27282
0.008 27200
0.009 27180
0.009 27162
0.009 27153
0.01 27109
0.01 27104
0.01 27099
0.01 27080
0.011 27059
0.011 26953
0.012 26633
0.012 26491
0.013 26483
0.014 26482
0.015 26459
0.015 26457
0.016 26398
0.017 26390
0.019 26370
0.019 26345
0.023 26329
0.026 26309
0.028 26289
0.028 26185
0.029 26170
0.029 26131
0.03 25966
0.031 25904
0.031 25874
0.032 25769
0.032 25755
0.033 25752
0.034 25707
0.036 25659
0.036 25641
0.04 25624
0.04 25607
0.044 25590
0.044 25479
0.044 25464
0.045 25387
0.048 25369
0.051 25352
0.052 25326
0.053 25267
0.055 25246
0.056 25162
0.056 25097
0.057 24540
0.074 24538
0.074 24534
0.075 24485
0.076 24483
0.076 24480
0.079 24445
0.08 24430
0.091 24374
0.099 24328
0.1 24306
0.104 24128
0.116 24125
0.117 24111
0.118 24076
0.119 24073
0.119 24006
0.12 23999
0.12 23958
0.125 23956
0.255 23944
0.262 23923
0.263 23914
0.265 23910
0.266 23891
0.267 23879
0.27 23867
0.285 23818
0.285 23735
0.288 23281
0.289 23256
0.29 23248
0.292 23238
0.292 23119
0.293 23069
0.294 22964
0.294 22894
0.295 22890
0.295 22855
0.296 22832
0.296 22794
0.297 22636
0.309 22605
0.322 22546
0.327 22533
0.332 22485
0.333 22481
0.343 22450
0.343 22444
0.345 22430
0.346 22427
0.346 22418
0.346 22416
0.382 22401
0.388 22391
0.388 22388
0.389 22329
0.391 22321
0.402 22316
0.403 22290
0.404 22239
0.406 22215
0.406 22211
0.407 22182
0.408 22167
0.413 22131
0.414 22128
0.415 22115
0.415 22114
0.416 22108
0.518 22097
0.521 22055
0.522 22052
0.522 22046
0.871 21998
0.878 21994
0.921 21958
0.921 21951
0.925 21935
0.925 21909
1.188 21900
1.248 21881
1.25 21861
1.5 21850
1.501 21792
1.603 21777
3.295 21732
3.3 21731
15.678 21730
15.683 21727
18.635 21719
18.638 21715
18.659 21709
21.033 21696
23.055 21693
28.273 21679
28.284 21663
49.318 21652
49.355 21650
51.661 21645
51.662 21644
55.061 21637
55.568 21627
59.312 21626
59.314 21625
70.12 21617
72.389 21602
72.391 21599
72.398 21598
79.566 21591
81.345 21582
