0.009 39782
0.01 39711
0.01 39681
0.011 39476
0.012 39365
0.012 39294
0.013 39290
0.013 39271
0.013 39253
0.016 39054
0.016 39003
0.017 38963
0.017 38947
0.018 38878
0.019 38876
0.02 38866
0.022 38824
0.023 38807
0.023 38794
0.024 38719
0.026 38701
0.027 38551
0.028 38497
0.031 38471
0.033 38443
0.033 38441
0.036 38401
0.037 38354
0.037 38352
0.037 38350
0.038 38332
0.038 38300
0.039 38165
0.04 38046
0.041 38021
0.044 38004
0.044 37989
0.045 37854
0.046 37791
0.047 37722
0.047 37674
0.048 37669
0.048 37661
0.051 37465
0.051 37457
0.052 37382
0.052 37300
0.054 36861
0.054 36802
0.055 36740
0.056 36714
0.056 36701
0.057 36680
0.057 36675
0.059 36612
0.06 36551
0.06 36461
0.061 36423
0.062 35938
0.063 35845
0.064 35821
0.064 35788
0.065 35699
0.066 35683
0.066 35672
0.066 35649
0.072 35413
0.073 35406
0.074 35396
0.077 35393
0.077 35391
0.083 35384
0.084 35295
0.085 35287
0.085 35245
0.085 35239
0.086 35198
0.1 35157
0.101 35073
0.101 35037
0.102 34978
0.109 34856
0.119 34799
0.125 34798
0.127 34749
0.128 34731
0.129 34729
0.13 34720
0.13 34716
0.13 34715
0.132 34705
0.152 34678
0.153 34654
0.153 34617
0.155 34596
0.161 34591
0.161 34523
0.165 34518
0.165 34517
0.166 34499
0.169 34443
0.191 34422
0.191 34386
0.192 34357
0.242 34329
0.26 34318
0.26 34311
0.261 34301
0.261 34300
0.308 34290
0.31 34282
0.313 34273
0.319 34260
0.32 34251
0.32 34243
0.322 34238
0.325 34222
0.328 34208
0.329 34160
0.34 34159
0.341 34155
0.348 34151
0.349 34132
0.354 34123
0.355 34119
0.355 34107
0.373 34092
0.382 34070
0.384 34051
0.385 34034
0.39 34031
0.391 34025
0.391 34017
0.724 34008
0.725 33999
0.727 33998
0.727 33997
0.727 33986
0.817 33949
0.818 33926
0.823 33921
0.823 33889
0.827 33882
0.829 33873
0.829 33853
0.83 33850
0.831 33794
0.834 33793
0.834 33775
0.863 33753
0.864 33553
0.864 33533
0.865 33489
0.977 33481
0.977 33460
0.977 33455
1.001 33454
1.004 33447
1.017 33436
1.019 33402
1.023 33398
1.025 33375
1.085 33373
1.086 33339
1.087 33331
1.087 33304
1.09 33290
1.09 33235
1.091 33210
1.092 33196
1.093 33191
1.125 33177
1.131 33150
1.132 33136
1.139 33135
1.207 33127
1.222 33118
1.223 33110
1.225 33089
2.049 33044
2.05 33036
2.252 33000
2.252 32999
2.253 32995
2.256 32972
2.599 32955
4.155 32953
4.155 32896
4.163 32888
4.163 32878
4.166 32877
6.916 32868
6.916 32864
6.918 32859
6.922 32854
6.923 32836
6.925 32834
6.925 32833
6.927 32776
6.933 32760
6.942 32738
8.309 32727
8.312 32686
8.319 32649
8.321 32624
37.517 32603
38.532 32601
38.533 32587
38.534 32585
38.539 32574
38.573 32564
38.581 32550
38.583 32547
38.586 32541
40.593 32538
40.693 32534
40.693 32527
40.716 32509
40.72 32507
40.721 32506
40.727 32501
40.829 32478
40.968 32473
40.973 32462
40.979 32460
40.98 32445
40.981 32434
40.981 32410
41.016 32408
42.382 32396
42.386 32364
42.696 32361
42.7 32358
42.707 32325
42.895 32323
42.896 32302
42.898 32295
42.9 32290
43.075 32283
45.127 32269
45.13 32238
45.134 32227
45.146 32226
59.002 32221
59.003 32220
63.687 32211
63.692 32207
63.827 32206
63.863 32194
63.946 32186
63.947 32185
67.004 32182
69.412 32178
69.42 32177
69.425 32167
72.797 32155
72.863 32143
72.864 32140
72.866 32136
72.897 32135
73.491 32131
73.511 32129
75.054 32124
75.054 32120
75.056 32117
75.093 32095
75.154 32094
75.155 32092
75.155 32087
92.99 32077
93.731 32076
93.77 32074
93.855 32066
93.88 32060
