0.008 72877
0.009 72876
0.009 72849
0.01 72729
0.012 72724
0.012 72723
0.012 72714
0.013 72709
0.014 72443
0.016 71217
0.02 71184
0.021 71170
0.023 71157
0.024 71141
0.024 71118
0.025 71094
0.027 71032
0.035 70847
0.038 70834
0.041 70829
0.041 70628
0.047 70622
0.05 70592
0.051 70577
0.051 70527
0.067 70408
0.067 70403
0.069 70361
0.069 70359
0.077 70314
0.079 70259
0.081 70235
0.082 70228
0.117 70192
0.131 70180
0.131 70138
0.149 70077
0.15 70049
0.151 70035
0.154 70010
0.156 69951
0.158 69869
0.16 69860
0.162 69819
0.167 69801
0.19 69779
0.196 69726
0.197 69690
0.366 69544
0.368 69537
0.371 69499
0.372 69481
0.372 69480
0.376 69447
0.38 69265
0.396 69262
0.4 69252
0.404 69248
0.652 69184
0.657 69177
0.658 69138
0.661 69134
0.662 69117
0.833 69097
1.043 69087
1.76 69004
1.764 68997
1.766 68995
1.766 68994
1.826 68990
1.839 68984
1.84 68966
1.851 68964
2.05 68932
2.052 68902
2.054 68893
2.062 68883
2.196 68872
2.197 68864
2.199 68861
2.222 68859
2.242 68813
2.248 68812
3.22 68777
3.237 68771
3.291 68761
3.292 68719
3.296 68706
3.297 68703
3.298 68694
3.31 68655
3.311 68629
3.507 68624
3.507 68623
3.75 68621
3.752 68595
3.789 68571
3.791 68539
19.469 68531
30.84 68514
30.843 68508
31.085 68497
31.089 68493
42.95 68484
42.951 68479
42.952 68472
43.623 68467
43.633 68465
43.635 68459
43.659 68443
43.685 68435
43.685 68432
47.307 68422
47.308 68407
47.315 68406
47.322 68397
48.065 68368
49.77 68355
49.772 68347
50.231 68344
50.233 68338
50.238 68298
50.638 68285
50.71 68267
57.871 68264
57.874 68253
57.898 68251
57.9 68247
57.902 68243
63.283 68242
63.285 68225
63.301 68223
63.318 68205
63.323 68201
68.408 68182
68.462 68165
79.027 68162
79.027 68160
79.146 68158
79.15 68156
79.156 68155
79.18 68153
79.406 68152
82.328 68142
82.516 68141
82.548 68137
82.629 68135
82.688 68115
82.7 68110
145.12 68101
145.293 68099
145.305 68097
145.315 68096
145.329 68094
145.384 68087
145.39 68086
145.433 68085
145.616 68081
151.588 68078
151.619 68074
151.904 68072
151.915 68065
151.972 68061
152.117 68048
152.12 68044
152.132 68039
152.179 68036
152.366 68032
152.391 68031
152.952 68030
153.14 68025
153.171 68024
154.404 68021
154.447 68015
154.506 68012
156.507 68011
156.509 68006
