0.008 27279
0.008 27259
0.009 27248
0.009 27220
0.009 27055
0.01 27037
0.01 27026
0.011 26968
0.011 26734
0.012 26472
0.012 26471
0.013 26386
0.014 26378
0.015 26369
0.015 26252
0.016 26221
0.017 26042
0.019 26009
0.022 25991
0.026 25983
0.027 25966
0.029 25887
0.031 25874
0.032 25873
0.032 25719
0.033 25703
0.034 25533
0.035 25442
0.035 25365
0.035 25362
0.035 25361
0.037 25223
0.038 25208
0.039 25188
0.042 25150
0.043 25114
0.044 25108
0.044 25102
0.046 25085
0.052 25060
0.052 25026
0.057 24976
0.061 24960
0.062 24933
0.062 24898
0.063 24893
0.065 24877
0.065 24872
0.07 24838
0.072 24790
0.075 24774
0.078 24415
0.078 24411
0.078 24287
0.079 23996
0.081 23971
0.081 23962
0.082 23915
0.082 23860
0.083 23844
0.087 23843
0.089 23838
0.09 23834
0.09 23830
0.09 23818
0.091 23770
0.092 23753
0.092 23635
0.092 23626
0.096 23603
0.097 23563
0.097 23525
0.1 23516
0.101 23511
0.102 23494
0.102 23474
0.103 23468
0.107 23423
0.107 23397
0.109 23389
0.109 23380
0.111 23353
0.113 23342
0.114 23315
0.115 23269
0.115 23228
0.138 23153
0.161 23115
0.191 22841
0.223 22816
0.224 22813
0.229 22810
0.232 22803
0.235 22735
0.236 22692
0.237 22686
0.237 22685
0.268 22673
0.271 22591
0.274 22553
0.275 22423
0.295 22422
0.295 22388
0.296 22367
0.296 22342
0.613 22311
0.615 22245
0.617 22237
0.64 22233
0.771 22221
0.772 22212
0.772 22113
0.773 22111
0.774 22078
0.784 22041
0.788 22035
0.797 22019
0.799 22016
0.799 21997
0.801 21994
0.802 21990
0.802 21967
0.835 21963
0.84 21884
0.885 21872
0.886 21848
0.886 21845
0.97 21843
0.971 21842
0.974 21838
0.988 21822
0.988 21803
2.024 21797
2.044 21782
2.046 21733
3.303 21727
3.308 21725
5.756 21720
8.318 21717
9.425 21668
23.657 21667
32.245 21650
47.705 21638
47.707 21626
51.992 21621
52.022 21617
63.647 21610
63.663 21607
67.683 21606
67.961 21601
68.261 21594
