0.009 108867
0.012 108235
0.013 108200
0.015 107997
0.016 107545
0.019 106819
0.02 106786
0.02 106714
0.022 106294
0.023 106194
0.025 106011
0.026 106001
0.026 105123
0.028 105100
0.029 104550
0.031 104444
0.032 104300
0.032 104282
0.034 103726
0.035 103574
0.035 103461
0.036 103387
0.037 103384
0.038 102945
0.041 102895
0.041 102875
0.043 102654
0.044 102579
0.045 102533
0.047 102491
0.048 102430
0.048 102399
0.05 102345
0.05 102164
0.051 101991
0.051 101941
0.052 101934
0.052 101927
0.063 101910
0.064 101816
0.067 101772
0.068 101768
0.068 101709
0.07 101700
0.071 101656
0.071 101510
0.075 101503
0.076 101361
0.078 101167
0.079 101159
0.081 101150
0.082 101149
0.085 101129
0.087 101111
0.093 101095
0.095 100974
0.096 100794
0.097 100780
0.098 100738
0.099 100671
0.101 100584
0.101 100578
0.102 100568
0.105 100559
0.106 100476
0.109 100452
0.132 100409
0.135 100326
0.135 100081
0.138 99987
0.139 99977
0.142 99712
0.143 99649
0.145 99635
0.145 99621
0.146 99592
0.149 99577
0.152 99482
0.152 99446
0.2 99437
0.205 99423
0.209 99364
0.22 99354
0.226 99248
0.228 99235
0.23 99228
0.231 99214
0.24 99145
0.255 99053
0.257 99050
0.259 99046
0.261 99026
0.268 98898
0.269 98877
0.273 98863
0.274 98781
0.276 98769
0.276 98741
0.278 98714
0.279 98660
0.28 98657
0.438 98653
0.444 98606
0.446 98504
0.448 98465
0.452 98404
0.452 98389
0.455 98371
0.46 98369
0.46 98351
0.462 98344
0.466 98308
0.59 98225
0.592 98220
0.592 98217
0.593 98207
0.594 98158
0.594 98144
0.601 98098
0.603 98066
0.604 98054
0.612 98023
0.655 97978
0.691 97857
1.487 97793
1.808 97775
1.81 97774
1.848 97772
1.848 97753
1.876 97736
1.877 97732
1.881 97720
1.882 97676
2.552 97675
2.6 97623
2.609 97618
2.61 97617
2.62 97583
2.636 97570
2.638 97568
2.641 97544
2.644 97482
2.649 97480
4.374 97430
4.375 97411
4.377 97360
4.384 97355
4.384 97328
4.387 97295
4.395 97267
4.404 97254
4.421 97202
4.424 97162
4.443 97074
4.443 97050
4.447 97048
12.373 97044
13.597 97042
13.609 97025
13.617 96997
13.683 96895
14.986 96889
14.987 96879
15.378 96861
15.38 96841
15.382 96834
15.384 96832
15.425 96831
15.426 96824
15.67 96817
15.671 96760
15.69 96758
16.347 96687
16.697 96675
16.705 96666
16.708 96649
16.708 96637
22.46 96634
22.726 96621
23.531 96597
24.238 96589
24.24 96571
24.242 96539
24.251 96532
24.269 96523
24.276 96508
24.277 96501
24.279 96484
24.409 96481
24.675 96476
25.223 96468
25.224 96466
25.238 96463
40.935 96428
40.943 96426
40.955 96425
40.973 96415
47.426 96405
47.503 96402
47.524 96395
47.533 96374
47.793 96357
47.81 96330
47.831 96327
48.235 96326
49.78 96324
49.791 96320
50.054 96313
50.228 96291
50.272 96288
50.28 96284
50.353 96275
50.353 96272
50.367 96271
50.37 96270
51.962 96268
52.278 96260
52.281 96259
56.715 96244
56.758 96223
56.856 96216
56.856 96205
57.096 96179
58.734 96174
58.738 96165
58.747 96161
86.153 96160
89.05 96159
89.053 96158
93.037 96155
93.151 96152
93.156 96148
125.525 96143
125.7 96140
126.941 96138
128.946 96137
129 96134
129.04 96128
129.454 96125
130.362 96124
130.373 96120
132.507 96118
