0.013 45851
0.014 45842
0.014 45838
0.014 45821
0.014 45808
0.015 45732
0.016 45015
0.017 44974
0.017 44891
0.018 44876
0.019 44827
0.019 44734
0.021 44710
0.022 44703
0.023 44564
0.024 44558
0.026 43777
0.026 43746
0.028 43742
0.028 43730
0.028 43688
0.029 43686
0.029 43523
0.03 43472
0.033 43379
0.038 43319
0.039 43298
0.039 43270
0.04 43269
0.045 43263
0.046 43256
0.05 43184
0.05 43155
0.051 43152
0.051 42307
0.051 42306
0.053 42204
0.054 42185
0.054 42143
0.057 42129
0.058 42085
0.059 41984
0.06 41981
0.061 41954
0.062 41902
0.063 41900
0.064 41866
0.075 41603
0.075 41600
0.078 41359
0.083 41336
0.084 41313
0.085 41255
0.085 41242
0.085 41241
0.086 41223
0.088 41127
0.091 41110
0.095 41107
0.096 41045
0.098 40987
0.099 40986
0.103 40957
0.103 40908
0.105 40839
0.105 40721
0.106 40652
0.106 40633
0.107 40620
0.108 40591
0.111 40551
0.111 40524
0.113 40512
0.115 40487
0.117 40465
0.136 40424
0.139 40407
0.139 40400
0.139 40262
0.141 40221
0.143 40148
0.143 40144
0.155 40130
0.155 40100
0.155 40078
0.157 40077
0.157 40076
0.161 39812
0.214 39794
0.226 39758
0.229 39564
0.23 39559
0.23 39531
0.233 39511
0.233 39446
0.233 39440
0.235 39406
0.243 39240
0.246 39213
0.248 39144
0.249 39139
0.255 39124
0.255 39119
0.255 39092
0.258 39074
0.26 39020
0.274 39016
0.275 39008
0.275 38958
0.367 38941
0.373 38926
0.377 38870
0.377 38855
0.377 38817
0.398 38720
0.401 38666
0.402 37899
0.404 37569
0.404 37493
0.405 37436
0.439 37412
0.441 37391
0.441 37371
0.465 37349
0.466 37334
0.468 37324
0.469 37253
0.475 37249
0.476 37240
0.477 37216
0.48 37205
0.498 37172
0.498 37169
0.501 37109
0.501 37105
0.502 37064
0.502 37059
0.504 37057
0.562 37036
0.562 36983
0.565 36978
0.565 36961
0.565 36959
0.568 36920
0.572 36886
0.574 36852
0.581 36826
0.676 36810
0.696 36803
0.698 36796
0.699 36777
0.704 36774
0.704 36766
0.706 36765
0.707 36749
0.708 36745
0.709 36740
1.938 36729
2.834 36719
2.834 36689
2.835 36670
2.837 36667
2.837 36642
2.838 36635
4.569 36607
4.573 36605
4.573 36604
4.573 36602
4.574 36597
4.578 36574
4.58 36572
4.593 36545
4.597 36481
4.598 36450
7.657 36442
7.66 36433
7.663 36419
11.293 36413
11.296 36412
17.154 36404
17.163 36398
17.166 36373
20.412 36364
20.416 36362
20.418 36354
22.19 36347
22.197 36345
22.197 36328
22.198 36317
22.199 36295
22.207 36243
34.175 36242
34.177 36237
34.411 36233
34.415 36228
34.417 36218
36.466 36199
36.554 36197
36.56 36194
37.645 36193
37.66 36164
45.271 36151
45.273 36138
56.53 36133
56.617 36115
56.62 36112
56.659 36104
56.742 36095
56.751 36075
56.969 36072
56.988 36071
67.712 36067
67.728 36061
67.96 36051
68.564 36047
68.565 36034
68.567 36033
68.576 36021
70.544 36013
70.548 36001
70.56 35996
70.802 35987
70.832 35982
70.876 35975
70.877 35974
70.958 35970
71.389 35967
71.601 35965
71.604 35964
71.611 35952
71.615 35935
76.278 35928
76.279 35925
76.569 35918
76.586 35916
76.796 35914
76.824 35913
76.869 35906
76.871 35905
76.886 35904
76.887 35899
76.893 35895
76.982 35886
76.984 35885
77.454 35870
77.524 35862
84.297 35855
84.377 35843
84.428 35839
84.431 35837
84.442 35814
84.769 35806
84.783 35805
84.816 35801
84.835 35799
100.588 35797
100.806 35789
100.809 35785
100.888 35783
100.923 35779
102.445 35772
128.412 35762
