0.016 69522
0.016 69503
0.016 69461
0.017 68761
0.018 68755
0.018 68750
0.019 68703
0.019 68676
0.02 68440
0.021 68428
0.024 68419
0.025 68416
0.025 68378
0.025 68337
0.026 68336
0.026 68335
0.029 68322
0.03 68314
0.032 68255
0.033 68243
0.035 68215
0.035 68214
0.041 68174
0.042 68126
0.042 68079
0.056 68070
0.057 67964
0.058 67952
0.073 67910
0.074 67895
0.074 67805
0.075 67729
0.076 67709
0.088 67357
0.089 67315
0.09 67252
0.104 67138
0.105 67134
0.107 67116
0.112 67025
0.117 66964
0.118 66952
0.119 66887
0.12 66867
0.12 66861
0.121 66854
0.132 66667
0.133 66622
0.135 66447
0.135 66446
0.136 66445
0.136 66392
0.138 66338
0.139 66335
0.14 66088
0.141 66084
0.142 66083
0.143 66046
0.144 65990
0.147 65252
0.147 65250
0.148 65224
0.15 65093
0.151 65083
0.153 65049
0.157 65024
0.158 64995
0.159 64787
0.163 64772
0.163 64765
0.164 64740
0.164 64702
0.188 64667
0.19 64644
0.192 64615
0.193 64569
0.213 64551
0.221 64530
0.222 64318
0.225 64220
0.226 64214
0.227 64212
0.231 64190
0.232 64184
0.234 64170
0.237 64135
0.24 64131
0.24 64080
0.241 64070
0.243 63982
0.259 63947
0.26 63815
0.26 63774
0.264 63722
0.265 63706
0.268 63685
0.268 63669
0.274 63619
0.274 63618
0.277 63570
0.278 63544
0.352 63468
0.353 63452
0.355 63437
0.358 63425
0.359 63414
0.361 63382
0.371 63064
0.378 63023
0.379 63014
0.38 63011
0.381 62995
0.382 62994
0.386 62958
0.387 62948
0.388 62943
0.394 62914
0.485 62893
0.545 62883
0.546 62850
0.547 62815
0.547 62797
0.553 62770
0.555 62761
0.557 62665
0.558 62637
1.071 62587
1.086 62567
1.299 62557
1.301 62556
1.305 62550
1.53 62533
1.549 62516
1.552 62513
1.554 62501
1.556 62492
1.559 62464
1.649 62434
1.664 62406
1.667 62369
1.671 62368
1.674 62355
1.675 62352
1.679 62340
1.685 62324
1.686 62321
1.69 62310
1.936 62283
1.936 62243
1.938 62233
1.941 62169
1.941 62151
1.944 62101
1.946 62050
1.948 61971
1.95 61961
1.952 61938
1.961 61920
1.969 61918
1.97 61907
1.972 61886
1.975 61875
1.988 61866
2.002 61847
2.024 61798
2.03 61787
2.032 61697
2.042 61694
2.062 61674
2.11 61664
2.113 61655
2.173 61644
2.174 61638
2.175 61633
3.459 61625
3.459 61610
3.46 61602
3.464 61594
3.47 61567
3.592 61549
3.613 61541
3.615 61530
3.719 61497
3.895 61487
3.897 61474
4.037 61466
39.625 61464
39.627 61458
39.627 61449
40.21 61433
40.229 61432
40.235 61430
40.244 61424
40.256 61423
40.258 61357
40.259 61352
40.588 61330
40.599 61326
40.601 61319
40.603 61318
40.604 61315
40.604 61311
40.642 61304
40.645 61276
40.709 61255
40.741 61254
40.744 61247
40.744 61244
40.818 61238
56.423 61235
56.446 61232
56.453 61226
59.427 61225
59.428 61221
59.428 61213
59.432 61212
59.748 61205
59.753 61198
59.754 61189
59.821 61183
61.939 61181
61.941 61180
61.962 61164
61.966 61158
61.968 61141
73.033 61138
73.846 61125
73.858 61109
75.733 61098
75.734 61094
75.736 61091
77.237 61083
77.242 61066
77.247 61051
84.008 61049
84.008 61048
84.013 61039
84.314 61032
84.354 61028
86.136 61018
86.156 61013
86.158 61011
86.661 61002
86.662 60997
86.665 60994
96.017 60984
96.02 60983
97.413 60981
97.429 60973
97.432 60972
105.474 60966
105.61 60962
105.787 60959
105.789 60954
105.951 60952
107.2 60951
107.203 60945
107.247 60941
109.821 60939
109.838 60936
109.841 60935
109.913 60930
109.97 60929
109.979 60925
110.057 60919
110.075 60917
112.421 60916
112.422 60915
112.429 60914
112.433 60911
112.515 60903
112.517 60902
112.586 60897
118.185 60895
118.242 60887
121.894 60885
137.268 60879
137.272 60874
142.765 60870
143.393 60868
144.675 60865
