0.014 23270
0.014 23269
0.014 23249
0.015 23221
0.015 23179
0.018 23137
0.019 23125
0.019 23123
0.02 23045
0.022 23043
0.022 22874
0.022 22873
0.023 22856
0.023 22680
0.024 22666
0.024 22649
0.025 22635
0.026 22631
0.026 22559
0.027 22532
0.028 22530
0.029 22296
0.03 22292
0.031 22254
0.031 22247
0.035 22244
0.04 22239
0.044 22230
0.045 22222
0.048 22212
0.049 22202
0.051 22181
0.061 22107
0.067 22099
0.069 22076
0.072 22068
0.072 22066
0.091 22041
0.091 22012
0.092 21852
0.093 21848
0.097 21826
0.097 21824
0.098 21783
0.121 21770
0.138 21769
0.139 21721
0.14 21718
0.145 21717
0.145 21701
0.158 21697
0.159 21679
0.162 21676
0.164 21665
0.292 21661
0.319 21658
0.319 21612
0.321 21608
0.325 21582
0.325 21572
0.332 21565
0.402 21554
0.475 21546
0.477 21541
0.479 21540
0.481 21536
0.487 21526
0.49 21524
0.553 21520
0.555 21511
0.556 21496
0.562 21495
0.564 21485
0.565 21474
0.567 21459
0.567 21453
0.663 21447
0.664 21442
0.677 21433
0.678 21412
0.836 21405
0.841 21401
1.08 21396
1.081 21393
1.082 21391
1.462 21368
1.48 21352
2.231 21351
2.257 21325
2.258 21311
2.258 21308
2.701 21301
2.703 21300
3.199 21283
3.202 21282
3.215 21219
22.93 21208
22.937 21206
22.938 21198
22.939 21193
24.961 21169
24.963 21164
24.964 21152
26.723 21134
58.923 21127
63.783 21123
63.784 21121
63.79 21113
63.791 21110
76.5 21107
76.562 21105
80.365 21103
80.365 21099
81.054 21098
81.057 21095
88.47 21092
88.471 21090
89.046 21089
89.06 21084
96.454 21083
96.458 21077
97.363 21076
97.781 21072
97.804 21055
97.809 21049
97.811 21044
99.893 21042
99.897 21041
99.903 21040
99.919 21039
100.669 21037
100.686 21036
100.689 21034
100.692 21032
100.722 21030
100.799 21029
104.657 21024
104.671 21023
105.014 21015
105.037 21012
107.182 21008
114.961 21006
120.81 21003
121.586 21002
121.689 21001
121.71 21000
134.912 20999
142.97 20998
143.106 20994
143.794 20993
143.816 20992
149.181 20991
149.444 20989
154.807 20987
