0.016 54770
0.018 54687
0.018 54635
0.019 54634
0.019 54605
0.021 54601
0.021 54526
0.022 54520
0.022 54443
0.022 54426
0.022 54425
0.023 54404
0.024 54401
0.024 54203
0.025 54201
0.025 54189
0.025 54187
0.026 54179
0.028 54173
0.028 54158
0.029 54155
0.029 54140
0.029 54132
0.03 54128
0.03 54127
0.031 54046
0.031 54030
0.032 53686
0.033 53651
0.033 53640
0.034 53581
0.035 53557
0.036 53551
0.036 53541
0.037 53539
0.038 53506
0.038 53500
0.039 53494
0.039 53460
0.042 53441
0.042 53428
0.044 53409
0.046 53408
0.047 53404
0.048 53360
0.048 53328
0.048 53320
0.048 53308
0.049 52818
0.05 52794
0.057 52745
0.057 52739
0.058 52668
0.058 52609
0.071 52580
0.072 52578
0.075 52542
0.077 52479
0.081 52426
0.081 52409
0.082 52296
0.082 52253
0.083 52250
0.086 52191
0.087 52153
0.088 52152
0.095 52125
0.095 52082
0.096 52078
0.098 52069
0.098 52066
0.101 52032
0.103 52012
0.104 51957
0.104 51937
0.114 51887
0.138 51880
0.144 51875
0.145 51873
0.222 51857
0.222 51824
0.223 51770
0.275 51753
0.277 51720
0.278 51718
0.28 51715
0.281 51708
0.281 51671
0.283 51646
0.284 51638
0.285 51633
0.286 51626
0.307 51624
0.309 51621
0.311 51619
0.316 51601
0.346 51581
0.357 51563
0.362 51547
0.364 51529
0.384 51509
0.386 51479
0.387 51445
0.39 51394
0.391 51326
0.393 51296
0.461 51257
0.462 51249
0.463 51247
0.465 51241
0.51 51237
0.512 51230
0.512 51185
0.522 51178
0.522 51110
0.523 51061
0.523 51057
0.524 51054
0.524 50985
0.574 50960
0.578 50882
0.585 50867
0.586 50831
0.59 50830
0.59 50816
0.59 50815
0.642 50776
1.046 50751
1.048 50750
1.049 50748
1.05 50739
1.381 50718
1.381 50716
1.382 50685
1.899 50674
1.9 50673
1.904 50665
1.915 50646
3.264 50612
3.265 50602
3.269 50601
3.271 50595
3.272 50542
3.272 50537
3.273 50535
3.279 50512
3.456 50505
3.461 50500
3.462 50463
3.462 50452
3.468 50438
3.468 50433
3.469 50429
3.471 50423
3.471 50339
5.676 50312
5.679 50301
5.687 50290
6.756 50261
6.758 50259
7.625 50256
7.629 50239
7.953 50237
7.956 50214
8.034 50212
8.035 50207
8.054 50178
8.056 50150
8.057 50132
8.058 50118
8.059 50115
8.177 50036
9.775 50023
9.788 49992
9.79 49986
9.79 49947
12.231 49905
12.232 49894
12.245 49890
12.346 49882
12.348 49871
22.12 49841
22.126 49838
22.128 49837
22.131 49817
22.134 49805
22.136 49802
24.934 49783
25.012 49765
28.455 49748
28.523 49719
30.213 49718
30.213 49714
30.217 49695
30.288 49691
30.289 49684
30.293 49683
30.294 49661
30.294 49651
30.363 49641
30.366 49640
30.39 49630
36.218 49617
41.77 49616
41.771 49599
41.834 49596
41.838 49595
41.84 49586
41.842 49585
41.843 49583
42.115 49580
42.118 49562
42.118 49556
42.133 49546
42.135 49517
42.136 49500
42.138 49471
42.139 49446
79.246 49431
79.25 49429
79.253 49428
79.254 49427
79.727 49402
79.746 49382
79.836 49380
81.622 49374
81.639 49371
81.647 49360
81.65 49356
82.309 49352
82.869 49328
82.872 49313
82.897 49297
82.907 49294
82.908 49288
83.154 49283
83.919 49276
85.554 49270
85.613 49245
85.896 49243
86.029 49239
86.031 49231
86.033 49229
86.034 49227
86.042 49221
86.043 49220
95.299 49202
95.95 49201
95.953 49192
95.961 49191
99.583 49185
99.586 49161
99.834 49160
99.834 49158
103.133 49154
103.609 49152
103.616 49151
103.62 49150
103.626 49134
106.313 49130
106.458 49121
106.461 49111
106.471 49108
106.485 49100
121.037 49094
121.038 49091
122.478 49085
122.482 49079
123.073 49077
123.101 49073
123.171 49070
123.176 49066
123.184 49062
124.082 49057
124.186 49056
124.437 49048
124.501 49046
124.555 49045
124.886 49043
124.891 49040
125.029 49035
125.061 49031
125.075 49025
125.086 49023
125.099 49021
147.47 49020
147.548 49019
147.574 49014
147.847 49013
147.854 49011
147.861 49010
