0.011 17086
0.012 17005
0.012 16989
0.013 16948
0.014 16628
0.016 16626
0.017 16560
0.017 16553
0.017 16534
0.018 16503
0.02 16481
0.021 16476
0.028 16470
0.028 16465
0.029 16462
0.03 16436
0.03 16434
0.031 16180
0.032 16067
0.032 16061
0.035 16059
0.068 16039
0.07 16023
0.077 15946
0.078 15934
0.08 15911
0.08 15910
0.08 15870
0.081 15854
0.081 15825
0.083 15814
0.091 15802
0.091 15782
0.094 15776
0.106 15718
0.106 15705
0.107 15701
0.108 15691
0.11 15678
0.119 15663
0.119 15652
0.121 15650
0.128 15648
0.129 15635
0.329 15632
0.329 15620
0.352 15609
0.392 15591
0.393 15584
0.646 15561
0.647 15540
0.648 15530
0.65 15520
0.765 15515
0.766 15463
0.768 15453
0.777 15451
0.778 15439
0.782 15430
0.782 15423
2.964 15421
2.967 15413
3.658 15393
3.67 15391
3.67 15387
3.674 15383
3.83 15380
3.831 15358
3.834 15352
4.225 15330
4.227 15327
6.652 15315
6.685 15301
6.687 15297
6.689 15294
8.424 15292
8.424 15287
8.425 15285
15.327 15283
19.123 15275
19.124 15271
19.128 15262
19.132 15257
27.479 15244
37.873 15243
37.873 15229
37.874 15223
45.36 15221
54.067 15218
54.092 15213
54.093 15211
65.213 15208
65.219 15206
65.225 15204
68.221 15198
68.227 15192
68.459 15176
82.286 15171
82.286 15169
82.286 15167
82.288 15154
82.305 15148
82.379 15146
82.38 15144
82.38 15140
82.385 15116
88.34 15098
124.609 15091
124.672 15088
128.969 15087
128.97 15086
128.971 15083
131.557 15082
132.831 15078
132.834 15074
140.984 15073
143.995 15072
143.997 15065
144.037 15064
144.648 15062
144.691 15061
