0.023 142479
0.025 142333
0.026 142327
0.028 141072
0.03 141052
0.032 141027
0.033 140663
0.034 140598
0.038 140585
0.039 139981
0.04 139911
0.041 139902
0.045 139799
0.048 139703
0.049 139655
0.051 139505
0.052 139486
0.053 139322
0.054 138074
0.056 138073
0.058 137876
0.059 137815
0.059 137698
0.06 137612
0.061 137603
0.062 137445
0.064 137404
0.067 136819
0.07 136767
0.071 136721
0.074 136634
0.075 136617
0.077 136297
0.08 136231
0.082 136184
0.084 136139
0.084 136138
0.085 136113
0.086 136111
0.089 136107
0.091 136063
0.092 136002
0.093 135917
0.094 135865
0.095 135728
0.097 135648
0.098 135544
0.106 135306
0.108 135274
0.109 135251
0.112 135240
0.112 135222
0.112 135148
0.129 135078
0.137 135066
0.139 135048
0.153 135023
0.153 135017
0.159 135013
0.171 134891
0.172 134872
0.174 134856
0.175 134823
0.176 134819
0.183 134724
0.186 134537
0.188 134532
0.196 134370
0.198 134335
0.204 134281
0.206 134273
0.209 134177
0.21 133941
0.214 133796
0.224 133666
0.224 133663
0.225 133508
0.228 133387
0.228 133382
0.231 133367
0.234 133364
0.235 133312
0.24 132937
0.286 132936
0.289 132922
0.293 132916
0.316 132872
0.32 132861
0.321 132833
0.341 132817
0.342 132610
0.344 132601
0.361 132586
0.373 132526
0.38 132488
0.39 132425
0.392 132392
0.393 132359
0.397 132317
0.409 132291
0.421 132246
0.424 132244
0.425 132228
0.436 132221
0.661 132183
0.662 132171
0.666 132167
0.669 132146
0.671 132142
0.916 132106
0.936 132072
0.941 132025
0.941 132000
0.943 131994
0.946 131972
0.947 131885
0.993 131841
0.994 131835
0.996 131797
1 131793
1.001 131725
1.004 131722
1.007 131687
1.022 131676
1.027 131663
1.068 131659
1.078 131648
1.081 131630
1.089 131565
1.092 131494
1.104 131449
1.105 131440
1.107 131438
1.108 131412
1.116 131400
1.117 131382
1.124 131374
1.148 131344
1.15 131329
1.165 131319
1.167 131304
1.167 131270
1.345 131247
1.445 131231
1.461 131213
1.464 131181
1.472 131176
1.476 131148
1.477 131140
1.526 131132
1.527 131120
1.531 131114
1.533 131104
1.541 131103
1.549 131075
1.552 131039
1.555 131030
1.556 131019
1.56 131015
1.562 131007
1.568 130983
1.59 130977
1.594 130973
1.597 130957
1.599 130953
1.612 130942
1.626 130848
1.636 130819
2.646 130810
2.655 130806
2.657 130803
2.679 130777
2.684 130771
2.684 130767
2.698 130736
2.764 130719
2.764 130686
2.765 130656
2.801 130630
2.803 130612
2.806 130592
2.807 130582
2.807 130480
2.858 130474
2.862 130415
2.863 130384
2.883 130362
2.893 130335
2.896 130325
2.896 130315
2.906 130178
2.921 130146
2.925 130145
2.929 130071
2.969 130066
3.133 130024
3.135 130023
3.136 129999
3.188 129996
3.192 129990
3.192 129987
3.195 129971
6.486 129964
6.493 129960
6.493 129957
6.493 129945
6.495 129941
6.497 129918
6.498 129822
9.758 129766
9.761 129755
9.794 129722
9.797 129721
9.936 129678
9.999 129667
10.07 129658
10.087 129617
10.088 129615
10.088 129603
10.09 129602
10.092 129598
10.096 129595
10.111 129593
10.463 129589
10.476 129588
10.482 129578
10.495 129573
10.498 129566
10.508 129561
10.508 129553
10.511 129544
10.511 129540
10.536 129527
10.61 129516
10.619 129499
10.62 129467
10.841 129434
11.064 129378
11.067 129375
11.074 129366
11.081 129337
11.148 129302
11.366 129286
11.37 129228
11.371 129208
11.371 129207
11.375 129205
11.584 129167
11.586 129163
11.587 129155
11.597 129144
11.668 129117
11.818 129061
11.82 129057
11.821 129040
11.831 129010
11.836 129007
11.837 128998
11.859 128993
11.86 128983
12.798 128940
13.178 128929
13.18 128928
23.266 128916
23.27 128896
23.273 128892
24.338 128891
24.502 128887
24.722 128870
24.746 128855
24.749 128846
24.75 128841
24.771 128833
24.773 128830
24.776 128828
24.778 128778
24.802 128776
24.907 128769
25.212 128731
25.273 128727
27.342 128709
27.376 128708
27.381 128678
27.43 128663
36.252 128661
36.282 128659
36.294 128658
36.301 128657
36.317 128634
36.319 128633
36.323 128614
36.334 128610
36.343 128595
36.408 128587
36.409 128586
36.41 128571
36.415 128516
37.523 128498
37.524 128485
37.525 128479
37.738 128476
37.851 128457
37.862 128443
37.865 128431
37.868 128427
37.874 128415
37.875 128411
37.88 128408
37.892 128402
37.894 128397
37.922 128363
37.939 128350
37.939 128344
38.041 128315
38.048 128303
38.062 128266
38.203 128237
38.218 128235
38.243 128189
38.264 128183
38.278 128180
38.281 128177
38.281 128156
43.756 128153
43.759 128140
54.067 128130
54.09 128129
54.1 128128
54.427 128123
54.432 128094
54.435 128084
54.44 128082
56.249 128062
57.501 128018
57.51 127997
57.564 127994
57.566 127986
59.257 127917
59.279 127894
59.282 127868
60.35 127867
106.97 127862
106.984 127860
107.011 127851
107.258 127849
107.266 127848
107.285 127840
110.756 127836
110.758 127835
110.803 127834
119.232 127829
119.237 127827
119.276 127826
125.185 127822
125.202 127811
125.23 127803
126.062 127789
128.805 127786
128.889 127784
128.998 127782
129.009 127774
129.128 127761
129.47 127758
131.211 127739
131.224 127733
131.25 127726
131.634 127720
131.9 127718
131.919 127698
132.215 127692
134.081 127691
134.44 127679
134.512 127677
134.939 127669
134.95 127656
135.136 127648
135.568 127647
135.57 127643
136.598 127640
138.389 127618
138.424 127612
138.537 127607
138.558 127602
139.152 127598
140.628 127594
140.636 127591
141.319 127589
141.374 127587
146.107 127584
146.133 127581
146.147 127580
146.166 127573
150.388 127572
150.396 127569
150.465 127568
150.491 127565
150.574 127564
152.867 127561
152.955 127558
170.254 127557
170.306 127548
171.679 127546
171.824 127536
172.498 127535
172.525 127532
172.555 127531
172.569 127528
173.359 127519
173.396 127518
179.548 127514
179.559 127509
180.887 127507
182.48 127479
182.982 127474
183.061 127473
183.207 127472
