0.022 38229
0.023 38191
0.023 38180
0.023 38179
0.024 38175
0.024 38172
0.024 38160
0.024 38158
0.025 38157
0.026 38144
0.026 38143
0.027 38082
0.027 38078
0.028 38068
0.028 38036
0.029 38026
0.03 38020
0.031 37953
0.031 37937
0.031 37936
0.031 37928
0.032 37923
0.033 37919
0.033 37902
0.033 37899
0.034 37896
0.035 37895
0.04 37892
0.043 37881
0.07 37872
0.08 37840
0.081 37835
0.081 37833
0.084 37801
0.09 37775
0.091 37751
0.091 37748
0.092 37742
0.093 37735
0.095 37734
0.096 37705
0.097 37699
0.102 36910
0.103 36907
0.103 36897
0.104 36893
0.104 36868
0.105 36863
0.115 36830
0.115 36827
0.116 36783
0.116 36780
0.117 36778
0.118 36740
0.118 36732
0.119 36712
0.119 36707
0.12 36705
0.12 36695
0.121 36690
0.122 36664
0.123 36656
0.124 36651
0.125 36643
0.126 36642
0.127 36638
0.129 36631
0.131 36625
0.133 36620
0.134 36616
0.135 36612
0.136 36579
0.136 36568
0.136 36558
0.138 36554
0.139 36511
0.141 36501
0.142 36499
0.144 35663
0.145 35640
0.147 35470
0.154 35465
0.156 35464
0.157 35450
0.158 35439
0.158 35401
0.159 35398
0.16 35377
0.161 35345
0.161 35343
0.161 35337
0.175 35334
0.177 35312
0.177 35306
0.178 35287
0.18 35286
0.181 35285
0.181 35280
0.182 35276
0.185 35275
0.188 35274
0.192 35217
0.192 35216
0.193 35206
0.21 35202
0.214 35196
0.217 35183
0.218 35178
0.22 35174
0.224 35166
0.233 35150
0.235 35143
0.236 35136
0.237 35135
0.238 35134
0.239 35122
0.243 35120
0.246 35113
0.262 35089
0.264 35080
0.265 35075
0.267 35062
0.268 35048
0.304 35043
0.307 35032
0.308 35014
0.308 35010
0.312 35009
0.317 34986
0.319 34969
0.32 34944
0.362 34934
0.362 34917
0.362 34915
0.365 34913
0.368 34906
0.432 34889
0.45 34887
0.454 34873
0.454 34872
0.456 34866
0.456 34858
0.504 34851
0.505 34846
0.507 34845
0.654 34841
0.656 34788
0.659 34779
0.661 34761
0.685 34751
0.705 34749
0.709 34706
0.71 34699
0.844 34670
0.852 34669
0.853 34667
0.854 34654
0.865 34651
0.866 34617
0.894 34586
0.895 34572
0.896 34547
0.897 34517
0.897 34514
0.9 34500
0.902 34493
1.004 34487
1.007 34484
1.008 34483
1.009 34475
1.346 34458
1.347 34455
1.348 34450
1.348 34443
1.355 34424
1.362 34413
1.536 34408
1.539 34406
1.542 34401
1.545 34384
1.55 34377
1.551 34363
1.56 34357
1.565 34356
1.565 34353
2.633 34346
2.711 34345
2.724 34338
2.767 34317
2.775 34316
2.777 34308
4.166 34305
4.168 34294
4.172 34292
6.486 34289
8.523 34286
8.524 34281
8.536 34277
8.536 34273
11.45 34262
11.664 34243
11.667 34238
11.668 34226
11.67 34220
11.674 34213
11.677 34212
11.756 34209
11.758 34207
11.763 34202
11.765 34201
11.767 34196
14.957 34192
15.091 34176
15.092 34168
15.098 34163
18.184 34161
18.184 34151
18.185 34146
18.194 34145
18.195 34132
18.196 34128
18.196 34125
18.197 34121
18.311 34118
18.312 34116
18.313 34110
29.223 34103
29.227 34096
29.229 34093
29.23 34084
29.233 34078
29.239 34071
32.376 34070
32.386 34054
32.596 34046
32.596 34040
32.834 34036
32.834 34034
32.835 34015
32.885 34013
36.692 34004
41.187 34003
41.192 34000
41.195 33996
52.289 33984
52.294 33982
52.491 33976
52.5 33973
52.662 33965
74.334 33964
74.436 33962
74.454 33961
74.519 33960
74.638 33956
74.672 33955
74.689 33953
74.699 33943
74.705 33938
78.267 33937
78.273 33936
78.287 33925
78.289 33924
78.301 33920
107.858 33919
107.861 33917
123.338 33916
123.821 33915
123.981 33913
125.993 33912
126.022 33911
126.029 33910
126.125 33909
126.155 33908
126.16 33906
134.779 33902
134.78 33900
134.785 33896
134.859 33888
188.353 33887
189.687 33886
217.592 33885
217.827 33884
218.543 33883
