0.02 37183
0.021 37121
0.022 37099
0.023 36918
0.023 36912
0.023 36871
0.025 36858
0.025 36850
0.025 36823
0.026 36803
0.026 36775
0.027 36766
0.027 36702
0.028 36685
0.03 36635
0.031 36631
0.031 36600
0.032 36574
0.033 36482
0.033 36475
0.035 36413
0.037 36362
0.042 36356
0.043 36346
0.045 36317
0.046 36240
0.046 36218
0.048 36216
0.048 36206
0.049 36177
0.049 36171
0.049 36166
0.05 36078
0.053 35904
0.054 35888
0.055 35874
0.056 35823
0.066 35791
0.069 35783
0.07 35774
0.07 35770
0.071 35739
0.071 35735
0.072 35667
0.074 35649
0.075 35623
0.083 35610
0.085 35605
0.086 35592
0.086 35481
0.086 35449
0.087 35438
0.088 35394
0.091 35384
0.091 35342
0.092 35338
0.092 35336
0.092 35313
0.095 35269
0.121 35260
0.122 35259
0.126 35219
0.128 35213
0.128 35195
0.13 35183
0.131 35158
0.144 35123
0.146 35117
0.147 35084
0.148 34950
0.16 34941
0.164 34843
0.172 34822
0.172 34815
0.173 34757
0.174 34716
0.174 34683
0.175 34664
0.179 34643
0.184 34622
0.185 34621
0.186 34597
0.188 34558
0.188 34502
0.19 34480
0.195 34413
0.196 34399
0.197 34394
0.198 34388
0.571 34386
0.583 34376
0.583 34372
0.583 34366
0.584 34353
0.585 34298
1.029 34288
1.029 34278
1.03 34277
1.031 34274
1.031 34271
1.762 34243
1.769 34162
1.77 34157
1.77 34136
1.772 34079
1.775 34074
1.775 34004
1.775 33994
1.778 33989
1.781 33956
1.784 33955
1.785 33924
2.393 33856
2.393 33839
2.393 33833
2.394 33827
2.402 33823
2.403 33805
2.405 33780
2.405 33776
2.41 33732
2.411 33726
3.638 33693
3.639 33689
3.639 33685
3.641 33683
3.641 33681
3.663 33675
3.841 33665
3.842 33633
3.845 33592
9.458 33560
9.458 33558
9.458 33528
9.459 33523
9.46 33514
9.461 33492
9.772 33490
21.315 33486
21.322 33471
21.339 33445
21.34 33421
21.34 33404
21.99 33396
21.993 33395
21.995 33366
21.999 33354
22.427 33352
22.429 33328
22.43 33310
22.43 33295
22.437 33294
22.438 33282
22.484 33264
22.506 33250
32.663 33224
32.663 33206
45.496 33181
57.149 33179
57.27 33155
60.296 33154
60.344 33153
60.347 33146
60.353 33145
60.354 33137
60.356 33134
60.356 33131
60.357 33129
60.358 33128
60.395 33127
73.326 33126
73.33 33113
73.33 33093
73.331 33092
73.414 33089
81.405 33088
81.955 33085
81.96 33058
83.836 33057
83.861 33051
83.862 33049
85.155 33044
85.228 33043
85.232 33033
85.583 33030
86.519 33027
86.561 33022
86.564 33017
86.566 33005
87.188 33003
87.19 33000
87.193 32993
87.196 32983
89.466 32969
91.067 32948
91.069 32932
97.597 32931
97.605 32917
97.636 32912
97.741 32909
97.741 32905
108.767 32899
108.793 32898
108.836 32891
119.7 32889
121.337 32886
121.57 32882
121.586 32881
121.635 32880
121.694 32870
121.697 32868
122.549 32865
122.657 32863
122.661 32858
124.641 32856
145.013 32855
163.215 32848
163.251 32847
