0.02 70101
0.02 70056
0.021 70018
0.021 69962
0.021 69933
0.022 69913
0.022 69892
0.022 69842
0.022 69834
0.023 69833
0.023 69824
0.023 69809
0.024 69778
0.024 69738
0.025 69696
0.027 69690
0.028 69386
0.029 69375
0.029 69290
0.032 69275
0.036 69096
0.036 69072
0.037 69068
0.038 69052
0.038 69049
0.044 69048
0.045 69035
0.047 69028
0.047 68501
0.048 68357
0.049 68281
0.05 68107
0.051 68064
0.052 68047
0.054 67983
0.054 67953
0.055 67789
0.055 67783
0.056 67781
0.057 67779
0.057 67756
0.061 67722
0.062 67690
0.063 67664
0.064 67631
0.065 67619
0.065 67593
0.067 67592
0.07 67460
0.07 67444
0.071 67437
0.072 67421
0.072 67363
0.073 67248
0.073 67235
0.074 67225
0.08 67189
0.08 67141
0.082 67043
0.086 66357
0.088 66353
0.089 66082
0.09 66080
0.091 66060
0.098 66003
0.102 65992
0.103 65918
0.106 65904
0.109 65877
0.11 65847
0.111 65846
0.112 65580
0.113 65531
0.116 65355
0.116 65254
0.117 65251
0.122 65243
0.125 65193
0.125 65168
0.126 65164
0.126 65162
0.129 65061
0.13 65032
0.13 64985
0.131 64959
0.132 64951
0.133 64922
0.133 64871
0.134 64869
0.137 64820
0.14 64777
0.149 64772
0.149 64751
0.15 64626
0.15 64603
0.169 64571
0.172 64569
0.174 64562
0.175 64550
0.182 64539
0.218 64071
0.219 64069
0.22 63991
0.222 63805
0.224 63687
0.225 63649
0.226 63557
0.229 63552
0.229 63523
0.231 63516
0.233 63345
0.233 63313
0.234 63258
0.238 63253
0.239 63202
0.24 62738
0.241 62669
0.242 62640
0.243 62593
0.243 62573
0.244 62412
0.244 62411
0.245 62368
0.245 62327
0.245 62306
0.245 62301
0.246 62247
0.249 62245
0.25 62186
0.251 62125
0.251 62109
0.263 61944
0.264 61925
0.265 61916
0.265 61909
0.266 61868
0.268 61839
0.269 61524
0.269 61522
0.27 61433
0.271 61381
0.271 61346
0.272 61298
0.273 61223
0.274 61155
0.275 61120
0.276 60870
0.277 60801
0.279 60729
0.28 60723
0.281 60721
0.282 60652
0.282 60626
0.283 60617
0.286 60578
0.287 60537
0.292 60526
0.293 60482
0.301 60463
0.302 60046
0.304 59994
0.307 59939
0.309 59919
0.311 59850
0.313 59815
0.314 59805
0.316 59734
0.316 59713
0.317 59129
0.318 59105
0.318 59070
0.325 58935
0.327 58789
0.327 58787
0.328 58694
0.329 58600
0.331 58587
0.337 58561
0.337 58529
0.338 58526
0.338 58491
0.339 58467
0.339 58455
0.343 58349
0.345 58269
0.346 58231
0.346 58212
0.347 58123
0.348 58119
0.348 58085
0.35 58069
0.351 58025
0.36 58009
0.361 57986
0.362 57979
0.363 57973
0.367 57947
0.368 57925
0.369 57916
0.369 57905
0.372 57902
0.372 57884
0.401 57872
0.401 57818
0.403 57811
0.404 57801
0.405 57764
0.409 57747
0.409 57684
0.41 57672
0.411 57665
0.411 57664
0.432 57626
0.449 57616
0.45 57607
0.507 57582
0.51 57577
0.511 57574
0.511 57566
0.513 57534
0.514 57519
0.514 57504
0.518 57465
0.519 57438
0.525 57435
0.537 57433
0.538 57420
0.54 57417
0.58 57384
0.582 57375
0.785 57346
0.785 57341
0.787 57313
0.9 57311
0.956 57291
0.969 57288
0.97 57271
0.971 57244
0.971 57208
0.99 57207
1.815 57197
2.305 57177
2.354 57175
2.354 57150
2.358 57099
2.362 57058
2.365 57048
2.598 57031
2.601 56977
2.601 56970
2.612 56923
2.614 56902
2.622 56901
2.813 56896
2.816 56876
4.424 56808
4.424 56796
4.425 56773
4.432 56757
4.445 56725
4.445 56724
4.451 56721
4.453 56709
4.495 56697
4.496 56670
8.193 56658
8.198 56656
25.861 56633
25.867 56615
25.868 56569
26.372 56567
26.374 56538
26.374 56533
26.394 56507
26.399 56502
26.427 56497
26.427 56486
29.045 56462
29.06 56451
34.533 56418
34.533 56415
34.533 56413
34.615 56407
34.627 56406
34.628 56372
34.629 56351
34.629 56312
34.633 56297
58.848 56294
61.407 56282
61.424 56279
61.425 56272
61.428 56270
62.101 56259
62.109 56227
62.191 56224
62.211 56223
62.269 56217
62.319 56214
62.32 56197
64.552 56193
64.553 56188
64.824 56186
64.825 56172
64.827 56145
64.835 56136
64.838 56108
83.537 56106
83.539 56096
83.547 56093
83.99 56091
83.991 56065
94.713 56063
95.363 56059
95.382 56044
95.383 56009
95.387 56004
95.408 56000
102.082 55991
102.085 55985
103.671 55981
105.417 55971
105.431 55956
105.434 55939
108.345 55929
108.347 55918
108.353 55917
108.366 55912
108.678 55904
108.775 55902
108.777 55901
108.78 55897
108.966 55893
108.972 55885
111.823 55884
111.824 55882
111.831 55876
111.832 55868
124.635 55861
124.661 55858
124.661 55850
124.747 55842
124.751 55827
124.755 55825
125.187 55820
125.206 55818
126.075 55815
126.154 55809
127.128 55806
127.157 55789
127.205 55768
127.252 55764
127.262 55762
127.279 55760
132.192 55752
132.218 55749
132.255 55740
148.696 55738
153.538 55732
156.802 55730
158.555 55726
159.422 55717
159.436 55716
159.44 55715
159.449 55703
159.924 55697
159.946 55694
159.956 55690
159.966 55688
162.038 55680
186.664 55678
187.922 55677
188.122 55675
193.195 55670
193.728 55668
193.982 55663
194.327 55661
194.334 55659
194.937 55658
196.201 55654
202.996 55652
