0.027 81505
0.028 81490
0.03 81431
0.03 81422
0.032 81397
0.033 81383
0.033 81345
0.034 81333
0.034 81330
0.034 81328
0.035 81325
0.038 81323
0.039 81312
0.045 81283
0.048 81244
0.049 81228
0.049 81210
0.053 81202
0.054 81185
0.054 81181
0.055 81177
0.057 81170
0.076 80928
0.078 80921
0.097 80887
0.098 80886
0.099 80879
0.1 80867
0.103 80862
0.105 80855
0.111 80839
0.113 80832
0.115 80830
0.119 80822
0.124 80797
0.126 80782
0.132 80760
0.138 80755
0.138 80715
0.189 80697
0.192 80691
0.198 80660
0.198 80651
0.201 80649
0.357 80646
0.357 80644
0.359 80640
0.36 80633
0.382 80600
0.386 80596
0.388 80595
0.39 80594
0.39 80590
0.39 80584
0.391 80574
0.392 80557
0.4 80554
0.401 80549
0.41 80539
1.106 80500
1.107 80497
1.129 80441
1.13 80440
1.289 80438
1.317 80402
1.424 80388
1.427 80374
1.427 80372
1.428 80352
1.43 80347
1.435 80345
1.437 80344
1.438 80336
1.439 80324
1.491 80289
1.494 80270
1.507 80254
1.511 80251
1.512 80231
1.513 80208
1.514 80207
1.518 80197
1.521 80185
1.528 80183
1.529 80172
1.531 80168
1.588 80154
1.593 80150
1.594 80144
1.859 80135
1.86 80132
1.862 80128
1.876 80126
1.877 80123
1.877 80122
1.933 80120
1.934 80119
1.998 80108
1.999 80106
2.006 80102
2.036 80093
2.04 80080
2.042 80063
2.043 80061
2.045 80059
2.051 80051
2.057 80047
2.064 80039
2.065 79998
2.067 79987
2.076 79982
2.08 79965
2.352 79964
2.353 79957
2.355 79952
2.355 79951
2.583 79946
2.587 79942
2.589 79940
2.591 79937
2.591 79935
2.592 79934
2.596 79928
2.596 79926
2.597 79923
2.601 79920
2.602 79909
2.609 79907
2.612 79904
2.613 79900
2.628 79890
2.635 79889
2.637 79888
2.638 79887
6.055 79882
6.057 79851
6.062 79846
6.07 79839
10.353 79834
10.368 79827
10.371 79823
10.38 79757
10.38 79732
10.553 79729
10.553 79728
10.556 79667
10.965 79663
10.972 79661
10.973 79656
10.977 79648
10.979 79643
11.859 79631
12.69 79630
12.724 79621
12.726 79616
12.789 79614
12.793 79599
12.794 79597
12.795 79591
12.797 79585
12.798 79572
12.807 79571
12.813 79565
12.814 79564
12.814 79560
12.829 79559
12.83 79558
20.335 79547
28.057 79533
28.068 79532
28.072 79531
28.155 79497
28.157 79491
28.16 79474
28.181 79472
28.188 79467
28.283 79463
28.284 79462
28.285 79456
28.371 79455
39.791 79449
39.794 79448
39.796 79443
39.799 79442
39.8 79432
40.069 79397
40.69 79382
40.694 79375
40.716 79373
40.716 79370
40.723 79369
40.723 79355
40.738 79353
40.739 79345
40.762 79341
40.762 79335
40.959 79324
40.959 79320
40.965 79319
40.967 79313
40.97 79312
40.976 79311
45.402 79298
45.406 79297
45.408 79295
45.409 79291
45.41 79285
54.363 79284
56.36 79279
56.375 79278
56.378 79270
56.384 79268
56.895 79260
57.07 79246
57.072 79231
57.089 79218
57.095 79216
57.165 79208
57.167 79199
57.173 79193
59.963 79190
60.128 79183
60.128 79182
60.134 79175
60.137 79173
60.273 79166
60.274 79163
60.285 79160
69.597 79157
69.598 79154
69.921 79151
69.933 79150
69.935 79148
69.952 79145
69.952 79144
70.039 79143
70.042 79136
70.12 79129
70.174 79125
70.722 79122
70.724 79121
70.729 79118
70.749 79115
70.753 79113
73.426 79112
73.443 79105
83.115 79098
83.117 79094
83.126 79088
83.127 79083
83.129 79082
83.811 79079
83.814 79074
83.827 79066
83.84 79065
83.84 79060
83.975 79056
84.346 79052
84.375 79047
84.384 79039
84.407 79038
84.462 79034
88.912 79032
90.946 79030
90.947 79028
90.971 79027
90.979 79022
90.983 79020
91.008 79015
91.008 79013
92.604 79012
92.605 79009
92.611 79007
110.034 79006
110.04 79005
110.045 79004
110.542 79003
110.587 79002
110.589 79001
110.59 78998
110.593 78997
110.641 78987
110.663 78986
121.101 78985
121.104 78981
121.354 78976
121.356 78975
121.362 78969
121.468 78964
121.493 78962
123.297 78961
123.482 78960
124.267 78955
124.287 78953
124.328 78951
124.335 78938
124.345 78935
124.49 78929
124.499 78927
124.506 78924
153.066 78923
153.432 78921
153.444 78920
153.464 78919
153.585 78916
153.595 78913
153.797 78912
153.826 78910
155.313 78908
155.322 78904
155.35 78903
155.524 78899
155.539 78896
155.587 78893
155.596 78891
155.605 78890
155.61 78889
155.79 78887
155.809 78886
155.81 78884
167.516 78883
175.778 78880
175.81 78877
175.822 78873
175.845 78872
175.851 78866
175.92 78864
176.955 78862
179.145 78861
179.165 78860
180.939 78858
181.112 78857
181.144 78856
181.183 78854
181.191 78852
181.703 78850
184.598 78849
184.6 78848
185.021 78847
189.465 78846
189.483 78845
189.516 78842
189.995 78840
190.022 78838
190.06 78837
193.922 78835
195.195 78831
195.197 78830
