0.03 56253
0.033 56243
0.034 56183
0.034 56161
0.035 56152
0.036 56147
0.037 56140
0.037 56137
0.037 56132
0.038 55937
0.038 55911
0.039 55873
0.039 55869
0.04 55860
0.04 55780
0.041 55740
0.041 55615
0.043 55515
0.043 55502
0.043 55492
0.044 55481
0.045 55479
0.046 55467
0.046 55465
0.046 55455
0.048 55452
0.049 55440
0.05 55432
0.051 55407
0.051 55392
0.052 55384
0.054 55377
0.056 55371
0.062 55267
0.062 55256
0.063 55234
0.064 55215
0.066 55180
0.067 55133
0.073 55129
0.079 55078
0.081 55074
0.082 55038
0.094 54999
0.094 54998
0.097 54919
0.1 54898
0.102 54783
0.12 54631
0.122 54620
0.123 54589
0.124 54577
0.124 54566
0.126 54545
0.127 54541
0.13 54518
0.13 54480
0.153 54474
0.154 54466
0.155 54456
0.156 54454
0.157 54450
0.158 54443
0.159 54346
0.163 54332
0.163 54315
0.23 54271
0.23 54259
0.231 54225
0.243 54221
0.248 54115
0.249 54081
0.25 54069
0.251 54064
0.305 54061
0.315 54036
0.316 54034
0.317 54022
0.334 53995
0.34 53928
0.34 53869
0.342 53868
0.344 53861
0.345 53844
0.411 53840
0.412 53834
0.413 53768
0.413 53763
0.42 53757
0.422 53675
0.424 53672
0.425 53654
0.426 53626
0.524 53621
0.525 53614
0.526 53594
0.526 53593
0.529 53577
0.585 53485
0.587 53423
0.588 53422
0.59 53368
0.594 53323
0.596 53292
0.598 53290
0.602 53267
0.612 53263
0.624 53244
0.624 53243
0.625 53230
0.625 53221
0.626 53194
0.631 53185
1.369 53169
1.371 53166
1.371 53150
1.372 53128
1.374 53121
1.376 53112
1.62 53108
1.628 53091
1.628 53081
1.997 53073
2.016 53044
2.079 53029
2.335 53018
2.336 53011
2.341 52976
2.353 52961
2.354 52959
2.359 52955
2.36 52950
2.37 52924
2.387 52915
2.388 52909
2.39 52864
2.392 52863
2.393 52845
2.393 52832
2.396 52807
2.42 52733
2.42 52726
2.421 52712
2.425 52706
2.636 52588
3.583 52538
4.284 52515
4.285 52508
4.285 52487
4.286 52428
4.287 52423
4.303 52404
4.311 52385
4.313 52364
4.319 52350
4.321 52332
4.325 52282
11.19 52259
11.331 52222
11.398 52219
11.399 52216
11.399 52212
11.416 52211
20.609 52183
20.61 52174
20.61 52171
20.791 52158
20.792 52153
20.796 52143
20.817 52136
20.863 52130
20.87 52126
20.872 52124
20.873 52114
20.873 52102
20.873 52090
20.875 52059
20.875 52053
20.877 52048
20.879 52041
20.881 52035
20.882 52032
20.882 52006
20.882 51995
20.883 51992
20.884 51985
21.227 51979
22.63 51974
22.768 51973
22.775 51968
22.776 51962
22.841 51961
22.842 51939
24.505 51938
24.506 51908
25.316 51902
25.316 51864
25.32 51853
25.338 51822
25.339 51815
25.701 51805
25.702 51802
25.703 51788
25.772 51782
28.14 51773
28.159 51768
28.16 51739
28.161 51730
28.216 51722
28.217 51678
32.706 51662
32.709 51648
32.725 51644
32.995 51620
32.996 51616
32.997 51605
32.998 51604
33.019 51603
33.02 51589
33.035 51543
33.037 51540
41.469 51507
41.482 51505
41.483 51492
41.484 51488
41.487 51487
41.51 51477
41.618 51461
41.957 51460
41.96 51448
41.962 51444
41.974 51438
67.793 51418
67.796 51409
67.796 51408
67.808 51404
67.815 51397
67.817 51396
67.825 51394
67.941 51391
67.972 51389
67.976 51385
67.979 51384
69.992 51378
69.993 51376
69.995 51362
70.703 51343
70.715 51341
70.726 51336
71.533 51328
71.708 51327
71.712 51325
71.713 51316
72.164 51308
72.17 51306
72.171 51303
72.174 51291
72.179 51290
72.179 51289
72.184 51287
72.195 51281
72.201 51279
72.206 51269
72.21 51245
78.817 51242
78.821 51239
83.013 51226
83.016 51225
83.018 51221
99.317 51213
99.326 51203
99.341 51202
99.352 51199
99.353 51198
99.495 51197
99.498 51192
99.499 51177
99.519 51166
102.545 51165
102.583 51143
102.584 51142
102.632 51134
112.639 51131
112.641 51130
112.658 51128
112.661 51118
112.786 51116
121.323 51114
121.335 51112
121.339 51107
121.361 51099
121.39 51092
121.594 51091
121.594 51090
121.6 51087
121.609 51073
121.94 51071
121.946 51064
121.947 51061
121.969 51060
121.982 51056
126.658 51054
126.696 51044
126.716 51043
141.548 51042
142.572 51034
142.868 51033
142.87 51031
142.88 51030
142.89 51027
143.069 51024
143.098 51023
143.17 51022
143.177 51011
143.219 51003
143.424 51001
144.943 51000
156.121 50995
156.126 50994
156.933 50993
158.091 50992
158.142 50988
158.146 50986
158.452 50981
