0.027 52379
0.027 52303
0.027 52291
0.027 52273
0.028 52255
0.028 52251
0.028 52213
0.029 52189
0.029 52148
0.031 51945
0.032 51943
0.032 51875
0.032 51820
0.033 51797
0.033 51716
0.034 51453
0.035 51338
0.035 51332
0.036 51282
0.036 51267
0.037 51169
0.039 51158
0.04 50665
0.04 50631
0.041 50620
0.042 50619
0.043 50584
0.048 50536
0.048 50525
0.05 50518
0.053 50506
0.053 50500
0.054 50492
0.06 50226
0.061 50113
0.062 50089
0.062 50084
0.063 50078
0.064 50010
0.066 49958
0.067 49877
0.07 49838
0.083 49747
0.084 49666
0.086 49638
0.087 49568
0.087 49554
0.088 49298
0.089 49280
0.09 49203
0.091 49191
0.091 49116
0.093 49105
0.095 48959
0.096 48943
0.101 48815
0.102 48773
0.102 48755
0.102 48746
0.103 48745
0.111 48674
0.111 48655
0.111 48637
0.112 48576
0.116 48559
0.117 48533
0.117 48525
0.12 48504
0.13 48468
0.136 48433
0.143 48390
0.149 48384
0.153 48376
0.157 48359
0.198 48346
0.198 48327
0.199 48301
0.199 48265
0.2 48240
0.231 48201
0.231 48163
0.232 48100
0.233 48054
0.234 48045
0.238 48003
0.239 47784
0.239 47764
0.266 47607
0.266 47561
0.267 47552
0.269 47521
0.27 47502
0.271 47485
0.271 47480
0.328 47479
0.33 47477
0.338 47461
0.339 47455
0.342 47409
0.343 47389
0.348 47383
0.349 47367
0.349 47272
0.35 47198
0.352 47068
0.363 46806
0.364 46787
0.365 46742
0.366 46724
0.372 46655
0.372 46654
0.376 46561
0.378 46543
0.379 46520
0.379 46486
0.38 46468
0.382 46418
0.382 46416
0.383 46382
0.383 46364
0.385 46169
0.421 46024
0.423 45912
0.431 45828
0.431 45825
0.433 45812
0.433 45796
0.434 45790
0.434 45784
0.466 45756
0.471 45751
0.471 45727
0.472 45667
0.473 45662
0.478 45660
0.479 45656
0.48 45648
0.48 45611
0.48 45585
0.481 45584
0.482 45583
0.483 45575
0.484 45574
0.485 45568
0.486 45543
0.492 45542
0.492 45513
0.719 45496
0.723 45471
0.723 45464
0.725 45463
0.727 45430
0.735 45357
0.736 45219
0.737 45191
0.745 45160
0.935 45150
0.935 45146
0.944 45142
0.944 45126
0.947 45124
0.999 45085
1.129 45063
1.137 45033
1.138 44965
1.139 44947
1.144 44939
1.192 44912
1.192 44854
1.192 44841
1.195 44767
1.217 44748
1.228 44729
1.231 44713
1.234 44685
1.235 44682
1.244 44670
1.244 44669
1.246 44651
1.247 44645
1.265 44620
1.268 44614
1.269 44609
1.272 44592
1.504 44580
1.588 44571
1.597 44565
1.598 44555
1.603 44529
1.605 44510
1.605 44507
1.608 44500
1.608 44477
1.851 44465
2.038 44452
2.039 44449
2.039 44447
2.04 44399
2.139 44387
2.14 44377
2.141 44360
2.156 43883
2.157 43851
2.175 43811
2.176 43769
2.205 43736
2.206 43717
2.325 43710
2.328 43697
2.329 43676
2.331 43642
2.331 43641
2.487 43611
2.487 43604
3.353 43600
3.357 43452
3.395 43450
3.399 43441
3.4 43428
3.431 43414
3.896 43411
3.897 43347
3.897 43316
3.9 43303
3.904 43295
3.908 43269
4.19 43097
4.604 43093
4.606 42920
12.5 42894
12.514 42843
12.517 42840
12.518 42834
12.518 42831
12.519 42829
12.522 42822
12.523 42783
12.523 42771
12.524 42743
12.526 42716
12.527 42695
12.53 42676
27.473 42666
27.473 42661
27.592 42660
27.61 42638
27.612 42630
27.661 42602
27.665 42599
46.461 42592
46.465 42583
46.602 42582
46.762 42553
46.767 42544
47.015 42541
47.017 42540
47.017 42538
47.036 42533
47.039 42525
47.04 42522
47.062 42482
47.073 42478
57.003 42436
57.003 42426
57.007 42411
57.013 42403
57.058 42396
57.074 42384
73.334 42378
73.365 42376
73.403 42371
73.447 42363
73.458 42355
73.471 42352
73.485 42346
73.513 42339
73.513 42332
99.052 42323
99.784 42320
99.801 42312
99.831 42307
99.834 42302
115.233 42290
115.238 42288
115.247 42286
115.249 42275
115.281 42269
115.282 42260
116.049 42251
116.079 42249
116.212 42245
116.365 42238
116.373 42237
116.398 42233
116.416 42219
116.483 42218
118.196 42208
118.216 42202
118.218 42201
119.189 42200
120.536 42199
122.157 42196
122.26 42190
122.281 42184
122.301 42172
126.411 42168
137.509 42167
137.512 42163
137.513 42162
137.536 42158
137.536 42155
137.564 42153
138.166 42152
138.202 42149
138.218 42146
138.23 42140
138.262 42137
138.271 42130
140.259 42127
140.279 42126
140.289 42125
140.306 42119
144.506 42112
144.529 42107
145.696 42103
