0.024 49975
0.024 49970
0.025 49967
0.025 49956
0.026 49939
0.026 49937
0.027 49576
0.027 49572
0.028 49566
0.028 49532
0.029 49076
0.029 49074
0.029 49065
0.03 48964
0.031 48772
0.032 48771
0.032 48741
0.033 48695
0.034 48647
0.035 48645
0.035 48623
0.035 48591
0.036 48434
0.037 48420
0.037 48389
0.038 48381
0.042 48302
0.044 48259
0.045 48237
0.045 48224
0.046 48204
0.048 48172
0.05 48168
0.053 48164
0.056 48054
0.056 48041
0.057 48022
0.058 48001
0.059 47971
0.06 47952
0.062 47916
0.069 47884
0.07 47854
0.071 47838
0.073 47828
0.075 47802
0.075 47798
0.075 47790
0.078 47730
0.084 47691
0.086 47646
0.105 47637
0.105 47634
0.109 47621
0.11 47598
0.11 47592
0.124 47588
0.124 47564
0.128 47505
0.158 47489
0.16 47487
0.161 47447
0.161 47443
0.166 47441
0.167 47429
0.169 47393
0.186 47358
0.187 47350
0.23 47321
0.241 47320
0.247 47314
0.248 47292
0.249 47213
0.25 47119
0.251 47105
0.251 47096
0.252 47091
0.252 47074
0.275 47041
0.414 47000
0.693 46989
0.693 46980
0.694 46973
0.718 46972
0.85 46918
0.854 46896
0.855 46885
0.963 46873
0.964 46865
0.965 46846
0.965 46839
0.966 46837
0.966 46823
0.967 46816
0.967 46807
0.982 46799
0.982 46797
0.984 46775
0.985 46694
0.986 46693
0.986 46674
1.563 46671
1.566 46665
1.569 46647
1.57 46636
1.571 46631
1.571 46625
1.581 46584
1.582 46567
1.583 46533
1.584 46516
1.59 46505
1.597 46423
1.611 46411
1.612 46402
1.64 46378
1.641 46360
1.641 46337
1.659 46285
1.66 46275
1.83 46274
1.842 46227
1.842 46187
1.843 46151
1.844 46086
1.844 46084
1.846 46063
1.847 46043
1.848 46031
1.882 45981
1.894 45916
1.894 45896
1.897 45889
2.936 45885
2.938 45883
2.94 45868
2.946 45809
2.947 45806
2.948 45805
2.951 45727
2.953 45723
2.954 45695
2.954 45688
2.957 45679
3.053 45609
3.053 45606
3.057 45566
3.269 45542
3.274 45534
11.308 45457
11.309 45424
11.313 45395
11.313 45359
11.314 45354
11.315 45345
11.316 45336
11.317 45332
11.318 45317
13.218 45312
13.335 45309
13.337 45304
13.341 45297
13.342 45290
13.362 45288
13.371 45271
13.371 45261
13.371 45250
13.395 45248
13.446 45145
14.201 45141
14.501 45071
14.502 45012
14.536 44981
14.541 44970
14.542 44960
14.543 44951
19.111 44936
19.112 44898
19.113 44824
19.121 44810
19.127 44801
19.128 44779
19.129 44778
19.13 44768
19.133 44765
19.134 44762
19.14 44761
19.14 44746
19.17 44733
29.155 44718
29.157 44709
35.254 44696
35.258 44674
37.4 44650
37.403 44615
37.509 44585
37.509 44583
37.515 44579
37.516 44554
37.518 44541
37.818 44540
37.822 44537
37.853 44526
37.855 44523
37.86 44507
37.861 44493
37.862 44492
37.868 44460
37.87 44457
37.872 44449
37.917 44431
37.919 44424
37.92 44408
37.92 44397
37.921 44393
37.925 44384
37.925 44360
37.927 44358
42.162 44351
42.17 44348
42.172 44338
42.173 44306
42.296 44299
42.756 44280
51.758 44262
51.758 44261
51.802 44258
51.803 44241
54.871 44232
60.554 44196
60.557 44192
60.559 44190
60.564 44180
60.568 44173
60.57 44169
60.572 44166
67.076 44163
69.683 44160
69.686 44156
73.138 44152
73.141 44151
73.144 44147
73.333 44127
73.343 44123
73.348 44119
73.353 44094
73.368 44081
73.384 44072
81.395 44064
81.397 44063
81.398 44062
81.399 44046
82.364 44037
82.402 44033
82.406 44014
82.423 44007
82.978 44006
82.983 43993
82.985 43982
82.987 43976
83.138 43972
83.943 43957
95.103 43955
95.105 43946
95.105 43933
95.115 43928
95.126 43912
99.741 43900
99.744 43899
99.746 43898
101.176 43875
101.225 43874
101.23 43872
114.078 43863
114.09 43859
114.106 43856
114.147 43855
114.195 43853
114.275 43844
114.283 43842
114.304 43833
115.462 43832
115.462 43830
115.473 43818
119.166 43815
119.263 43810
119.274 43808
129.332 43807
137.307 43805
137.314 43801
137.466 43800
138.408 43794
138.416 43786
138.476 43785
138.646 43782
138.765 43781
141.043 43780
141.049 43768
141.228 43765
141.397 43763
142.143 43762
142.231 43759
142.254 43757
148.917 43754
148.965 43750
148.98 43749
153.559 43746
153.583 43745
153.588 43744
