0.027 81521
0.027 81496
0.028 81468
0.029 81461
0.029 81455
0.03 81451
0.031 81438
0.031 81422
0.032 81414
0.033 81360
0.034 81358
0.035 81349
0.035 81348
0.037 81341
0.037 81332
0.038 81326
0.039 81313
0.042 81308
0.042 81287
0.043 81285
0.043 81273
0.044 81252
0.044 81236
0.047 81155
0.048 81142
0.052 81114
0.054 81102
0.055 81101
0.057 81092
0.058 81091
0.066 81089
0.071 81083
0.076 81068
0.077 81043
0.078 81040
0.087 81002
0.092 80998
0.097 80997
0.098 80994
0.102 80991
0.103 80988
0.103 80979
0.112 80973
0.113 80971
0.118 80968
0.119 80948
0.127 80947
0.134 80944
0.135 80919
0.139 80897
0.139 80872
0.14 80871
0.144 80847
0.145 80843
0.169 80827
0.172 80816
0.172 80814
0.173 80804
0.174 80755
0.179 80748
0.182 80739
0.296 80737
0.298 80730
0.3 80706
0.302 80701
0.303 80671
0.304 80654
0.305 80638
0.351 80616
0.353 80608
0.42 80605
0.421 80604
0.423 80603
0.436 80561
0.506 80535
0.508 80528
0.514 80523
0.571 80521
0.572 80510
0.572 80508
0.656 80486
0.711 80436
0.712 80410
0.713 80402
0.714 80391
0.725 80388
0.725 80373
0.729 80370
0.729 80309
0.73 80303
1.078 80285
1.078 80280
1.079 80264
1.08 80252
1.092 80211
1.145 80195
1.146 80188
1.147 80181
1.15 80175
1.212 80174
1.218 80173
1.222 80167
1.227 80164
1.23 80155
1.245 80154
1.266 80146
1.286 80143
1.287 80135
1.497 80133
1.5 80114
1.515 80110
1.519 80100
1.527 80086
1.528 80070
2.348 80066
2.356 80065
2.391 80037
2.396 80028
2.397 80027
2.418 80023
2.419 80014
2.42 80012
2.422 80007
6.795 79992
6.8 79990
6.808 79985
6.826 79980
6.828 79974
6.856 79954
6.858 79945
6.869 79944
6.87 79941
8.524 79940
8.8 79937
8.805 79932
8.816 79928
8.822 79923
8.827 79921
8.833 79919
8.834 79916
8.869 79883
8.869 79882
8.873 79854
8.874 79851
8.915 79841
8.921 79836
8.922 79812
8.922 79808
10.315 79785
13.537 79755
13.538 79752
13.54 79750
13.543 79742
13.546 79717
13.573 79701
13.574 79696
13.613 79681
13.613 79674
13.615 79662
13.623 79661
13.625 79660
13.633 79647
13.665 79644
13.707 79638
13.713 79632
13.715 79629
13.716 79626
16.667 79619
17.267 79571
17.269 79567
17.354 79558
17.356 79556
17.358 79545
17.36 79543
17.361 79515
17.364 79508
17.365 79485
17.367 79468
17.368 79465
18.483 79462
18.495 79448
18.495 79445
18.497 79423
18.498 79421
18.503 79420
18.518 79413
18.519 79391
18.521 79388
18.586 79382
43.972 79379
43.974 79374
44.003 79368
65.734 79356
65.738 79352
65.743 79349
65.749 79343
69.433 79342
69.441 79340
69.456 79331
69.456 79321
69.486 79313
69.487 79306
69.488 79304
69.496 79297
71.64 79289
71.679 79288
71.687 79276
71.687 79270
71.69 79269
71.693 79266
71.699 79261
73.563 79255
73.709 79254
73.811 79247
73.952 79242
74.074 79241
74.077 79238
74.093 79232
74.095 79231
74.097 79229
74.1 79224
74.123 79223
75.36 79221
75.361 79218
75.362 79209
77.85 79208
77.851 79202
77.863 79200
111.512 79196
111.513 79193
111.518 79192
111.534 79188
111.537 79185
111.537 79181
112.97 79180
112.972 79178
112.977 79170
113.007 79169
113.015 79167
113.276 79166
113.277 79163
113.279 79157
113.281 79154
113.282 79151
113.295 79148
113.469 79138
113.519 79135
113.521 79133
114.157 79132
114.703 79131
126.22 79130
126.221 79127
126.223 79126
126.232 79125
126.247 79122
131.573 79120
131.588 79118
131.594 79115
131.603 79114
132.328 79111
132.342 79110
132.561 79109
133.866 79106
133.87 79105
133.883 79104
133.885 79102
133.93 79101
133.935 79099
133.943 79091
133.947 79090
136.717 79087
139.167 79085
139.173 79082
139.174 79076
139.179 79073
153.438 79067
153.442 79066
154.926 79065
154.937 79063
154.95 79060
162.967 79057
162.974 79055
164.31 79045
164.32 79043
164.329 79041
164.729 79040
164.746 79039
165.253 79038
165.257 79037
165.282 79035
165.365 79033
166.232 79031
166.836 79028
166.837 79026
166.924 79023
166.931 79022
166.937 79021
176.736 79020
176.771 79019
185.158 79017
185.159 79013
185.663 79012
188.635 79011
188.849 79007
188.872 79006
189.644 79005
189.647 79001
191.003 79000
191.818 78999
191.893 78992
191.928 78991
196.516 78989
197.246 78987
197.262 78986
197.282 78985
199.974 78984
200.014 78983
