0.035 108003
0.037 107965
0.037 107959
0.039 107618
0.041 107596
0.043 107595
0.043 107593
0.045 107541
0.05 107539
0.051 107531
0.052 107518
0.054 107515
0.066 107477
0.071 107431
0.081 107356
0.082 107344
0.082 107293
0.085 107249
0.086 107246
0.094 107209
0.095 107193
0.098 107017
0.098 107010
0.099 107005
0.102 106960
0.103 106935
0.106 106892
0.108 106695
0.109 106652
0.11 106625
0.133 106613
0.137 106610
0.138 106573
0.139 106559
0.148 106543
0.172 106482
0.173 106400
0.182 106394
0.183 106351
0.185 106346
0.189 106336
0.205 106305
0.206 106218
0.219 106215
0.22 106214
0.22 106205
0.223 106197
0.226 106132
0.231 106123
0.233 106116
0.235 106115
0.235 106059
0.259 105927
0.264 105921
0.266 105858
0.269 105854
0.279 105826
0.284 105819
0.284 105807
0.285 105713
0.362 105709
0.369 105701
0.37 105699
0.376 105614
0.377 105610
0.526 105539
0.529 105532
0.53 105529
0.531 105490
0.532 105437
0.533 105428
0.534 105426
0.535 105383
0.587 105349
0.59 105301
0.59 105266
0.593 105254
0.594 105192
0.594 105181
0.596 105175
0.598 105172
0.598 105170
0.6 105164
0.607 105141
0.608 105129
0.609 105042
0.61 104922
0.706 104916
0.707 104907
0.708 104900
0.708 104894
0.711 104890
0.712 104867
0.727 104857
0.73 104844
0.733 104807
0.733 104804
0.736 104801
0.74 104791
0.747 104783
0.747 104776
0.755 104775
0.759 104712
0.765 104688
0.766 104687
0.788 104673
0.789 104555
0.791 104532
0.802 104451
1.008 104407
1.062 104353
1.063 104275
1.068 104226
1.068 104222
1.086 104194
1.086 104182
1.093 104121
1.094 104107
1.1 104055
1.249 103944
1.49 103942
1.859 103846
1.865 103790
1.868 103789
1.873 103751
1.953 103732
1.965 103731
2.328 103728
2.328 103727
2.328 103712
2.331 103661
2.332 103660
2.333 103599
2.334 103530
2.339 103505
2.342 103501
2.342 103453
2.343 103446
2.629 103431
2.63 103414
2.63 103399
2.63 103396
2.633 103373
2.634 103371
2.794 103334
2.802 103296
2.804 103294
2.809 103290
2.81 103268
2.824 103238
2.824 103236
2.824 103232
2.825 103217
2.833 103196
2.833 103194
2.854 103185
2.855 103181
3.297 103173
3.297 103170
3.334 103128
3.335 103119
3.564 103106
3.565 103104
4.599 103101
4.601 103072
4.602 103069
5.153 103062
5.154 102985
5.158 102979
5.16 102928
5.161 102920
5.327 102910
5.486 102909
5.491 102901
5.492 102898
5.493 102889
6.693 102886
6.696 102874
6.698 102873
7.34 102841
7.341 102839
7.341 102823
7.343 102779
7.347 102775
7.348 102774
7.359 102764
7.362 102741
7.365 102701
7.368 102687
7.374 102665
7.376 102663
7.376 102590
7.383 102553
7.411 102549
7.806 102537
7.834 102526
7.841 102507
7.841 102483
7.843 102480
8.22 102457
8.239 102447
8.239 102420
8.243 102410
8.244 102384
8.246 102383
8.249 102370
8.293 102349
8.294 102339
8.295 102333
8.298 102302
8.32 102248
8.333 102219
8.334 102159
8.335 102053
8.368 102047
8.373 102046
8.375 102025
8.376 102013
8.377 102006
8.383 102005
8.387 101985
8.39 101934
8.391 101859
8.392 101826
8.394 101790
8.405 101781
8.406 101757
13.588 101728
13.59 101727
13.591 101719
13.748 101718
13.843 101696
13.843 101695
13.846 101694
13.847 101675
17.039 101651
17.04 101646
17.044 101617
17.06 101612
17.063 101534
17.065 101529
17.066 101525
17.076 101524
17.078 101523
17.08 101496
17.083 101495
17.085 101493
17.087 101488
17.09 101485
17.685 101480
17.686 101477
17.688 101475
17.691 101387
17.707 101371
17.754 101339
17.816 101336
17.818 101324
17.819 101294
17.82 101292
17.824 101264
17.829 101263
17.832 101261
17.834 101258
17.938 101236
19.043 101186
19.045 101176
19.048 101175
19.049 101170
19.062 101167
19.062 101165
19.068 101160
19.068 101145
19.069 101140
31.213 101132
31.213 101124
31.216 101098
31.432 101093
31.461 101060
31.487 101055
31.492 100996
31.494 100992
31.502 100952
35.168 100943
35.547 100942
35.58 100939
38.051 100889
38.053 100887
38.11 100884
38.127 100882
38.136 100875
38.186 100874
38.186 100866
38.192 100857
38.193 100851
38.215 100848
38.534 100843
38.65 100803
38.65 100802
38.652 100798
38.661 100786
38.67 100784
38.681 100776
38.689 100755
38.691 100720
38.691 100692
38.696 100691
38.7 100688
38.724 100685
38.725 100684
38.735 100633
38.755 100603
38.756 100582
38.759 100565
38.762 100554
38.775 100516
38.778 100508
38.785 100494
38.786 100461
38.976 100457
38.978 100436
38.986 100428
39.019 100426
39.031 100415
39.043 100408
39.086 100407
39.088 100406
43.234 100333
43.279 100323
43.733 100302
43.734 100293
50.048 100285
56.844 100273
63.463 100241
63.463 100220
63.482 100203
63.49 100202
63.494 100201
63.496 100190
63.862 100179
63.863 100138
63.865 100104
63.943 100101
64.582 100092
64.585 100083
64.587 100073
64.587 100069
64.59 100068
64.642 100067
64.642 100058
64.646 100054
64.649 100041
64.656 100031
64.659 100030
64.676 100011
64.677 100005
66.13 100003
66.131 100000
66.225 99995
66.227 99991
66.257 99985
66.35 99982
66.402 99981
66.404 99980
66.473 99978
66.473 99964
66.476 99961
66.496 99945
66.496 99944
66.497 99931
66.498 99930
66.521 99922
66.54 99902
74.287 99901
74.289 99899
74.29 99898
75.606 99896
77.51 99863
77.514 99840
77.518 99835
77.541 99819
77.83 99814
77.839 99809
77.859 99799
77.86 99798
77.864 99795
77.872 99792
77.893 99789
77.894 99785
79.345 99783
79.386 99779
79.389 99774
79.747 99771
79.762 99770
79.783 99768
82.022 99760
82.038 99757
82.059 99750
82.218 99746
82.221 99744
82.226 99741
82.666 99728
82.668 99727
82.686 99720
82.783 99712
82.787 99708
82.803 99702
83.043 99693
83.045 99692
83.944 99688
83.985 99687
84 99668
84.011 99665
84.035 99659
84.577 99654
84.582 99652
84.751 99650
84.763 99649
84.765 99644
84.773 99628
85.051 99626
85.052 99625
85.06 99621
85.072 99618
85.075 99612
85.317 99602
85.334 99598
85.337 99589
85.34 99582
85.344 99569
85.864 99567
85.877 99566
86.02 99565
86.073 99555
86.161 99549
86.176 99543
86.186 99540
86.355 99521
86.451 99510
86.483 99504
89.745 99503
89.772 99499
89.795 99492
89.882 99488
89.927 99486
89.935 99474
89.942 99466
109.238 99460
109.245 99450
109.252 99440
109.264 99439
109.367 99437
109.418 99429
109.42 99426
109.43 99420
109.498 99409
109.613 99382
118.851 99356
118.87 99353
120.167 99352
120.37 99346
120.378 99345
120.38 99337
120.427 99304
120.553 99302
120.573 99301
120.58 99298
120.779 99297
120.786 99295
120.797 99289
121.017 99283
121.342 99281
121.584 99280
121.618 99279
121.629 99278
121.647 99275
135.857 99271
135.875 99270
136.065 99267
136.07 99261
136.074 99259
136.177 99258
136.178 99257
136.208 99256
142.198 99255
142.223 99254
142.226 99253
142.553 99252
142.945 99251
142.956 99249
143.041 99247
143.61 99246
144.968 99245
144.992 99244
145.304 99241
145.813 99240
145.863 99235
146.183 99234
146.39 99228
148.03 99224
148.488 99223
148.91 99222
148.93 99221
148.932 99220
148.982 99218
149.002 99217
149.139 99213
160.753 99209
160.771 99208
160.815 99204
160.857 99197
160.859 99194
160.86 99180
160.903 99176
160.952 99172
161.028 99171
161.033 99170
161.11 99169
161.157 99168
161.157 99166
161.176 99165
161.69 99162
