0.031 66208
0.032 66122
0.033 66106
0.034 66073
0.034 66039
0.035 65972
0.035 65940
0.036 65888
0.037 65675
0.037 65617
0.038 65534
0.038 65533
0.038 65477
0.039 65431
0.04 65390
0.043 65377
0.043 65278
0.044 65256
0.045 65254
0.048 65233
0.049 64619
0.05 64611
0.051 64576
0.052 64560
0.054 64466
0.054 64453
0.055 64410
0.056 64402
0.057 64395
0.057 64387
0.061 64301
0.063 64294
0.063 64153
0.064 64098
0.065 64004
0.066 63923
0.066 63884
0.067 63871
0.069 63864
0.073 63850
0.074 63845
0.078 63781
0.078 63767
0.079 63645
0.081 63631
0.083 63628
0.087 63602
0.087 63583
0.088 63581
0.095 63572
0.098 63528
0.1 63230
0.1 63217
0.108 63142
0.109 63121
0.109 63113
0.11 63097
0.111 63088
0.113 63034
0.113 63032
0.114 63031
0.114 63002
0.115 62995
0.143 62974
0.144 62644
0.145 62633
0.145 62622
0.146 62606
0.149 62602
0.15 62596
0.151 62585
0.151 62573
0.21 62556
0.211 62549
0.213 62528
0.221 62524
0.222 62510
0.223 62500
0.223 62481
0.224 62435
0.229 62425
0.229 62377
0.23 62314
0.231 62205
0.232 62060
0.232 62037
0.233 62022
0.233 62017
0.234 61857
0.235 61815
0.239 61812
0.24 61803
0.243 61733
0.244 61711
0.246 61708
0.246 61271
0.247 61267
0.249 61256
0.249 61174
0.25 61161
0.25 61132
0.251 61122
0.251 61093
0.252 61084
0.252 61079
0.252 61049
0.253 61013
0.254 61000
0.256 60922
0.256 60612
0.258 60611
0.26 60595
0.267 60585
0.275 60584
0.277 60516
0.284 60500
0.287 60373
0.293 60347
0.295 60345
0.296 60344
0.298 60333
0.299 60253
0.299 60227
0.305 60153
0.307 60133
0.307 60114
0.308 60107
0.349 60072
0.375 60027
0.378 60002
0.382 59993
0.412 59940
0.413 59925
0.422 59923
0.426 59916
0.457 59910
0.458 59883
0.459 59874
0.459 59830
0.461 59787
0.463 59722
0.468 59721
0.47 59674
0.475 59665
0.475 59664
0.499 59641
0.5 59602
0.501 59596
0.734 59592
0.737 59582
0.738 59573
0.743 59148
0.745 59110
0.746 59093
0.747 58895
0.756 58787
0.756 58741
0.757 58729
0.761 58712
0.762 58653
0.762 58648
0.764 58622
0.767 58452
0.767 58434
0.769 58422
0.78 58403
0.783 58386
0.783 58361
0.785 58325
0.786 58316
0.786 58315
0.789 58302
0.802 58246
0.803 58230
0.803 58229
0.804 58227
1.169 58221
1.17 58219
1.179 58196
1.181 58194
1.183 58190
1.189 58179
1.371 58041
1.372 57988
1.372 57981
1.374 57963
1.376 57961
1.377 57950
1.378 57760
1.379 57758
1.38 57754
1.38 57745
1.382 57481
1.383 57380
1.383 57347
1.411 57277
1.413 57268
1.414 57228
1.42 57186
1.534 57182
1.824 57181
1.827 57163
1.828 57157
1.828 57151
1.829 57144
1.832 57132
1.832 57128
1.833 57109
1.838 57092
1.843 57085
1.844 57073
1.844 57033
1.916 56998
1.917 56992
1.948 56974
2.059 56968
2.064 56963
2.065 56937
2.065 56920
2.066 56909
2.066 56907
2.44 56880
2.442 56879
2.443 56859
2.444 56853
2.561 56813
2.565 56809
2.67 56792
2.67 56783
2.673 56769
2.674 56768
2.674 56759
2.679 56739
2.681 56734
2.683 56723
2.686 56707
2.687 56701
2.688 56699
2.689 56662
2.697 56631
2.698 56600
2.698 56569
3.358 56558
3.359 56555
3.364 56550
3.365 56549
3.369 56539
3.396 56472
3.398 56458
3.404 56411
3.407 56410
3.791 56395
3.792 56394
3.792 56380
3.793 56351
3.793 56330
3.804 56295
3.805 56293
3.829 56256
3.83 56241
3.83 56233
4.014 56228
4.092 56224
4.113 56195
4.312 56186
4.313 56182
4.315 56177
4.315 56173
4.318 56160
4.319 56151
4.729 56139
4.748 56118
4.748 56116
4.751 56055
4.751 56047
4.753 56022
4.754 56013
4.759 56004
4.761 55970
4.766 55968
4.767 55948
7.554 55937
7.554 55936
7.555 55933
7.555 55929
7.555 55922
7.556 55921
7.565 55906
7.566 55898
7.573 55881
7.62 55871
7.624 55863
7.624 55835
7.627 55824
7.628 55773
7.628 55770
7.63 55746
7.631 55729
7.639 55708
7.969 55704
7.974 55696
7.974 55693
7.977 55663
9.113 55661
9.114 55657
9.115 55643
9.116 55638
9.286 55555
9.287 55536
9.288 55510
9.293 55478
9.293 55476
28.702 55462
28.704 55408
28.714 55407
28.715 55401
28.718 55395
28.72 55391
28.723 55374
34.119 55372
43.101 55338
43.103 55333
43.108 55324
44.811 55322
44.83 55310
44.832 55308
44.846 55305
44.877 55282
44.938 55274
44.942 55272
45.112 55260
45.117 55170
56.479 55168
56.481 55137
56.485 55129
56.485 55128
56.491 55112
56.5 55103
76.784 55101
76.786 55100
77.228 55090
77.229 55087
78.794 55076
79.076 55074
79.086 55066
79.123 55063
79.148 55044
79.149 55041
79.154 55040
79.156 55039
79.442 55032
79.65 55008
84.926 55007
84.927 54996
84.929 54995
86.079 54986
86.079 54979
86.083 54972
90.019 54968
90.02 54961
102.1 54954
104.394 54949
104.468 54944
104.47 54933
104.471 54932
105.796 54927
105.805 54913
113.785 54904
113.795 54900
119.311 54897
119.327 54885
119.332 54879
119.342 54876
119.35 54874
119.42 54857
122.227 54854
125.567 54850
125.71 54849
125.714 54845
125.719 54844
125.747 54829
126.758 54827
126.782 54823
126.785 54812
126.789 54810
126.806 54806
126.814 54795
126.835 54793
126.874 54791
127.092 54782
127.094 54776
127.1 54775
130.184 54774
130.185 54764
130.198 54759
130.201 54754
131.454 54753
131.48 54746
131.489 54741
131.49 54740
139.946 54739
139.96 54737
139.978 54730
139.997 54723
140.025 54722
140.099 54721
140.138 54720
140.334 54719
140.354 54718
140.357 54717
140.534 54710
140.538 54709
140.543 54705
140.767 54704
140.771 54694
146.382 54692
146.886 54686
146.922 54685
167.083 54682
167.34 54681
172.702 54679
173.178 54678
173.187 54677
181.523 54676
