0.048 74483
0.048 74462
0.049 74459
0.049 74442
0.05 74410
0.051 74308
0.051 74274
0.052 74264
0.052 74256
0.053 74249
0.053 74246
0.056 74245
0.058 74243
0.058 74234
0.059 74222
0.06 74195
0.061 74172
0.062 74167
0.062 74149
0.063 74142
0.063 74120
0.064 74104
0.065 74103
0.066 74100
0.068 74092
0.068 74079
0.069 74046
0.07 74045
0.071 74036
0.071 74033
0.072 74019
0.073 74017
0.073 73969
0.093 73955
0.094 73953
0.095 73940
0.095 73938
0.097 73896
0.099 73895
0.099 73893
0.1 73889
0.1 73887
0.103 73877
0.104 73874
0.105 73156
0.107 73097
0.108 73033
0.11 72983
0.111 72976
0.115 72959
0.116 72957
0.119 72943
0.12 72933
0.121 72914
0.126 72900
0.127 72896
0.127 72892
0.132 72878
0.132 72877
0.133 72875
0.134 72874
0.135 72818
0.136 72807
0.139 72783
0.14 72714
0.142 72712
0.142 72702
0.144 72681
0.144 72677
0.145 72600
0.147 72599
0.147 72595
0.15 72592
0.15 72590
0.151 72587
0.151 72585
0.152 72574
0.3 72552
0.301 72533
0.302 72528
0.302 72513
0.303 72502
0.338 72484
0.341 72473
0.342 72472
0.342 72450
0.343 72443
0.344 72436
0.348 72427
0.349 72426
0.35 72399
0.352 72394
0.352 72385
0.354 72384
0.356 72362
0.378 72357
0.379 72343
0.386 72330
0.396 72302
0.399 72291
0.4 72272
0.401 72248
0.401 72234
0.407 72221
0.409 72219
0.41 72213
0.412 72207
0.414 72193
0.414 72178
0.415 72174
0.42 72169
0.435 71567
0.436 71564
0.438 71559
0.448 71558
0.449 71557
0.451 71528
0.452 71502
0.454 71488
0.455 71486
0.456 70962
0.456 70944
0.457 70941
0.464 70887
0.464 70883
0.466 70879
0.466 70878
0.466 70874
0.477 70868
0.479 70861
0.482 70843
0.486 70836
0.486 70795
0.508 70781
0.51 70701
0.531 70684
0.533 70645
0.535 70637
0.536 70618
0.546 70563
0.547 70542
0.547 70537
0.548 70524
0.55 70513
0.551 70508
0.552 70502
0.553 70501
0.554 70479
0.555 70462
0.556 70461
0.557 70459
0.558 70457
0.653 70454
0.654 70392
0.655 70382
0.655 70359
0.656 70350
0.667 70347
0.668 70326
0.669 70318
0.67 70311
0.67 70308
0.67 70304
0.671 70294
0.672 70290
0.672 70285
0.675 70283
0.675 70277
0.677 70265
0.682 70263
0.682 70261
0.685 70257
0.686 70213
0.687 70210
0.687 70208
0.688 70183
0.691 70178
0.691 70163
0.692 70158
0.766 70157
0.766 70148
0.767 70143
0.768 70124
0.769 70113
0.77 70095
0.773 70085
0.774 70032
0.774 70014
0.776 69911
0.778 69907
0.785 69906
0.793 69886
0.808 69883
0.812 69861
0.813 69834
0.815 69829
0.817 69808
0.818 69785
0.82 69721
0.821 69714
1.589 69664
1.593 69649
1.594 69631
1.594 69630
1.596 69551
1.596 69549
1.63 69541
1.632 69537
1.642 69485
1.785 69395
1.788 69375
1.789 69292
1.789 69272
1.792 69252
1.793 68713
1.897 68698
1.898 68676
1.899 68674
1.902 68640
1.904 68633
1.905 68603
2.256 68594
2.272 68587
2.285 68579
2.286 68578
2.289 68566
2.289 68551
2.308 68550
2.309 68544
2.31 68542
2.31 68537
2.311 68501
2.774 68472
3.498 68450
3.502 68448
3.503 68446
3.51 68443
3.511 68440
3.512 68429
3.512 68424
5.255 68423
5.256 68422
5.288 68419
5.289 68408
5.29 68401
5.306 68381
5.312 68374
6.068 68355
6.553 68330
8.531 68320
8.536 68319
8.536 68315
8.545 68313
8.547 68305
8.548 68298
8.552 68290
20.91 68286
20.912 68275
20.912 68264
20.92 68256
20.92 68234
21.748 68217
21.968 68192
25.019 68186
26.613 68182
26.614 68169
26.618 68161
26.619 68158
26.619 68151
26.847 68148
26.849 68122
26.849 68119
27.494 68111
27.496 68110
27.498 68107
28.285 68094
28.867 68092
28.869 68088
28.873 68087
28.88 68086
28.88 68049
28.882 68031
28.883 68029
28.886 68028
29.226 68025
29.228 68024
29.231 68020
29.268 68018
29.269 68013
29.274 68002
29.276 67998
29.278 67977
29.279 67971
29.449 67925
29.452 67923
29.453 67922
29.456 67910
29.465 67883
29.467 67882
29.47 67874
29.47 67870
29.472 67856
29.473 67854
29.519 67852
29.531 67849
29.551 67841
29.552 67830
29.553 67826
29.556 67810
29.58 67809
29.581 67789
29.583 67772
29.587 67766
29.589 67742
29.591 67737
79.821 67721
79.821 67718
79.851 67717
83.244 67710
83.249 67709
83.67 67705
83.671 67701
83.677 67696
83.678 67691
86.534 67689
86.539 67685
86.548 67683
86.554 67664
86.563 67658
86.567 67657
86.575 67655
86.579 67649
86.58 67641
86.582 67636
86.583 67626
86.587 67623
88.849 67618
88.855 67611
88.876 67609
88.878 67607
88.879 67605
88.882 67599
88.884 67595
88.887 67590
88.888 67589
89.516 67588
89.522 67585
89.528 67580
91.858 67574
91.863 67547
91.884 67544
91.892 67539
91.963 67531
91.966 67511
92.122 67498
92.126 67495
92.135 67486
92.136 67483
92.143 67477
92.147 67474
92.161 67463
92.189 67452
104.087 67403
104.088 67402
121.586 67397
121.662 67391
121.671 67390
122.902 67386
122.936 67376
122.94 67372
122.941 67369
122.942 67351
122.942 67350
122.946 67337
122.947 67330
122.981 67328
122.982 67326
122.985 67323
123.019 67319
123.022 67317
123.023 67314
123.62 67311
123.628 67302
136.187 67297
141.404 67294
141.409 67292
142.394 67284
142.401 67273
142.402 67272
142.406 67270
142.41 67268
142.424 67262
142.424 67257
142.783 67249
142.784 67242
157.894 67240
157.948 67237
159.214 67228
159.22 67226
161.187 67225
161.23 67218
161.237 67216
161.241 67211
161.252 67207
166.87 67202
166.872 67201
166.94 67200
166.942 67198
166.943 67197
166.955 67189
167.076 67188
167.184 67186
167.19 67184
167.206 67182
167.207 67178
183.068 67177
183.087 67176
183.093 67172
184.328 67170
184.332 67169
184.333 67167
184.339 67166
184.339 67164
184.422 67162
184.423 67160
184.432 67159
184.437 67157
184.461 67154
184.466 67153
184.466 67152
184.468 67151
189.176 67150
189.189 67149
189.19 67146
189.192 67144
189.192 67141
189.205 67137
192.918 67136
192.932 67128
193.007 67126
193.012 67125
193.142 67122
206.371 67119
209.836 67112
212.837 67111
212.941 67110
212.981 67109
231.591 67105
231.749 67104
231.811 67103
231.893 67099
232.309 67098
