0.051 46304
0.051 46295
0.052 46279
0.052 46240
0.052 46223
0.053 46104
0.053 46095
0.053 46067
0.055 46050
0.055 46033
0.055 46017
0.056 45935
0.056 45899
0.058 45857
0.058 45806
0.058 45792
0.059 45780
0.059 45779
0.06 45694
0.06 45681
0.061 45671
0.061 45654
0.061 45645
0.062 45620
0.062 45584
0.062 45551
0.063 45544
0.064 45538
0.064 45480
0.067 45343
0.069 45341
0.07 45199
0.07 45195
0.07 45186
0.071 45140
0.073 45120
0.073 45090
0.074 45055
0.074 45022
0.075 45001
0.075 44970
0.076 44950
0.077 44917
0.078 44908
0.079 44786
0.079 44779
0.083 44757
0.083 44754
0.084 44717
0.085 44690
0.086 44655
0.102 44623
0.103 44602
0.103 44576
0.105 44574
0.107 44531
0.108 44490
0.108 44462
0.109 44431
0.109 44420
0.11 44389
0.111 44376
0.112 44359
0.112 44307
0.119 44298
0.119 44294
0.12 44291
0.122 44279
0.123 44241
0.125 44205
0.126 44200
0.163 44199
0.164 44181
0.165 44168
0.168 44167
0.17 44164
0.172 44148
0.174 44127
0.176 44113
0.177 44106
0.179 44096
0.226 44091
0.231 44058
0.233 44047
0.242 44001
0.242 43946
0.245 43942
0.246 43906
0.248 43697
0.252 43614
0.252 43594
0.253 43527
0.253 43522
0.254 43514
0.254 43445
0.254 43419
0.255 43386
0.261 43374
0.262 43360
0.263 43356
0.266 43318
0.27 43231
0.271 43133
0.272 43075
0.272 43073
0.287 43068
0.287 43063
0.287 43024
0.306 43020
0.309 43008
0.309 42972
0.309 42961
0.311 42848
0.312 42823
0.312 42817
0.313 42684
0.313 42678
0.32 42673
0.324 42660
0.324 42639
0.326 42580
0.327 42561
0.329 42552
0.329 42530
0.329 42514
0.332 42495
0.334 42424
0.336 42420
0.339 42383
0.364 42379
0.365 42375
0.378 42366
0.379 42365
0.38 42340
0.381 42334
0.468 42296
0.469 42292
0.471 42201
0.472 42178
0.535 42168
0.535 42165
0.536 42145
0.54 42077
0.545 42072
0.546 42056
0.639 42025
0.641 42022
0.652 41999
0.657 41996
0.659 41993
0.713 41990
0.716 41974
0.72 41966
0.721 41938
0.722 41933
0.723 41907
0.724 41861
0.726 41839
0.728 41832
0.731 41808
0.81 41801
0.813 41776
0.814 41770
0.816 41738
0.817 41728
0.817 41721
0.818 41690
0.819 41669
0.82 41663
0.821 41652
0.822 41650
0.827 41648
0.829 41640
0.868 41639
0.869 41613
0.871 41589
0.872 41587
0.872 41581
0.872 41539
0.873 41518
0.875 41493
0.923 41435
1.086 41434
1.093 41410
1.101 41396
1.103 41387
1.11 41365
1.113 41350
1.12 41331
1.121 41324
1.124 41318
1.125 41311
1.127 41281
1.127 41271
1.128 41258
1.13 41253
1.441 41245
1.444 41241
1.446 41237
1.446 41182
1.447 41080
1.452 41057
1.656 41042
1.658 41014
1.658 40988
1.674 40976
1.674 40953
1.681 40906
1.683 40874
1.698 40792
1.701 40712
1.702 40705
1.704 40691
1.705 40687
1.706 40609
1.966 40587
2.165 40565
2.166 40564
2.166 40546
2.167 40512
2.217 40502
2.382 40498
2.383 40470
2.573 40466
2.574 40464
2.581 40446
2.584 40402
2.585 40399
2.587 40391
2.59 40375
2.591 40357
2.593 40319
2.594 40292
2.597 40262
2.602 40261
3.991 40260
3.994 40236
4.025 40211
4.052 40207
4.054 40195
4.853 40191
4.86 40190
4.861 40166
4.861 40154
4.862 40125
4.885 40109
4.898 40099
4.898 40090
4.898 40077
4.899 40067
4.9 40008
4.901 40006
4.903 40005
4.903 39963
4.912 39937
6.807 39917
6.814 39915
7.019 39877
7.037 39873
7.039 39872
7.04 39840
7.042 39831
7.042 39815
11.478 39779
11.481 39778
11.483 39748
11.483 39747
11.484 39730
11.492 39727
11.499 39720
12.664 39711
12.675 39680
12.675 39670
13.967 39659
13.968 39648
13.973 39624
13.974 39602
13.974 39597
13.978 39562
13.98 39558
14.588 39555
14.588 39550
15.708 39548
15.71 39534
15.717 39529
15.719 39507
15.723 39500
15.78 39491
15.783 39489
15.796 39487
15.809 39480
15.817 39477
15.818 39472
15.818 39445
15.819 39436
16.106 39424
16.107 39381
16.109 39325
16.109 39324
16.11 39303
16.127 39296
16.129 39280
16.134 39269
16.14 39265
16.142 39249
16.143 39223
18.383 39212
18.384 39207
18.44 39176
18.449 39167
18.457 39149
29.911 39136
29.923 39134
29.928 39133
29.93 39077
30.007 39055
31.513 39012
31.515 39000
31.517 38998
46.094 38991
46.106 38968
46.106 38954
46.107 38935
46.114 38863
46.116 38860
46.116 38852
53.216 38851
53.217 38833
53.229 38799
53.23 38794
53.231 38784
69.013 38782
69.025 38770
69.041 38767
70.027 38766
70.03 38764
76.863 38730
76.88 38726
76.89 38718
77.177 38715
77.183 38713
79.335 38711
79.349 38706
81.189 38694
81.19 38691
81.204 38664
81.205 38655
81.205 38649
81.206 38634
88.173 38629
93.504 38627
93.504 38622
94.684 38617
94.692 38612
94.706 38609
94.708 38607
94.799 38590
94.863 38588
94.871 38579
94.874 38571
99.673 38563
99.794 38558
99.797 38556
101.105 38549
101.108 38542
101.312 38536
102.151 38517
102.171 38512
102.179 38511
102.181 38508
102.184 38501
104.624 38498
108.052 38495
117.399 38491
123.424 38476
123.74 38473
123.74 38455
123.78 38452
126.836 38445
126.839 38443
126.927 38436
126.934 38432
126.952 38431
128.671 38427
128.774 38418
128.81 38414
128.889 38411
128.967 38403
128.989 38401
129 38400
129.178 38395
139.004 38391
139.285 38390
139.298 38388
142.877 38385
143.272 38383
147.294 38381
147.318 38376
147.327 38372
147.328 38369
148.35 38360
148.351 38359
148.362 38355
148.371 38350
148.44 38348
158.052 38347
158.249 38346
158.277 38342
168.94 38332
168.986 38328
168.993 38325
168.995 38320
169.019 38315
169.06 38314
169.546 38311
175.55 38310
176.281 38306
176.357 38303
176.438 38301
176.45 38298
176.456 38297
186.71 38296
186.819 38293
