0.048 74405
0.049 74206
0.049 74185
0.054 74158
0.056 74107
0.058 74098
0.058 74097
0.059 74061
0.06 74056
0.06 74052
0.061 74044
0.062 74035
0.063 74031
0.063 73997
0.07 73988
0.071 73976
0.072 73952
0.073 73924
0.075 73913
0.076 73892
0.076 73890
0.08 73485
0.08 73464
0.081 73452
0.09 73446
0.09 73438
0.091 73428
0.092 73420
0.092 73408
0.093 73401
0.093 73384
0.095 73359
0.1 73345
0.1 73336
0.102 73333
0.102 73331
0.103 73254
0.114 73246
0.115 73236
0.116 73224
0.116 73207
0.127 73096
0.128 73048
0.128 73047
0.13 73008
0.136 72989
0.137 72957
0.137 72827
0.141 72164
0.142 72155
0.143 72154
0.144 72143
0.148 72082
0.148 72071
0.149 72070
0.149 72069
0.15 72047
0.152 72035
0.156 72034
0.158 72010
0.159 71998
0.16 71987
0.161 71986
0.162 71983
0.162 71980
0.163 71978
0.164 71965
0.171 71929
0.172 71919
0.177 71901
0.178 71900
0.178 71899
0.215 71822
0.217 71814
0.222 71791
0.223 71736
0.23 71734
0.232 71727
0.235 71692
0.244 71684
0.255 71643
0.256 71642
0.256 71635
0.256 71613
0.257 71585
0.258 71580
0.259 71576
0.26 71573
0.272 71555
0.277 71530
0.277 71520
0.288 71460
0.369 71457
0.369 71450
0.371 71427
0.374 71384
0.375 71373
0.378 71364
0.381 71324
0.383 71310
0.383 71295
0.512 71206
0.513 71181
0.516 71159
0.525 71130
0.526 71126
0.542 71123
0.543 71121
0.545 71119
0.599 71070
0.601 71058
0.602 71048
0.603 71045
0.604 70751
0.607 70742
0.609 70727
0.61 70718
0.611 70710
0.611 70703
0.612 70698
0.615 70675
0.621 70661
0.635 70636
0.635 70632
0.636 70610
0.638 70603
0.638 70599
0.642 70589
0.643 70575
0.644 70556
0.645 70552
0.672 70547
0.673 70528
0.674 70506
0.675 70504
0.677 70503
0.677 70467
0.684 70445
0.687 70433
0.751 70427
0.752 70423
0.753 70415
0.756 70413
0.757 70407
0.759 70406
0.867 70395
0.868 70375
0.87 70353
0.871 70338
0.873 70321
0.878 70320
0.891 70304
0.893 70289
0.894 70281
0.897 70273
0.898 70272
0.903 70250
0.904 70247
0.91 70244
0.921 70215
0.923 70208
0.929 70193
0.93 70175
0.956 70100
0.957 70098
0.996 70096
0.997 70091
0.997 70090
0.997 70085
0.998 70067
1 70066
1.001 70051
1.098 70049
1.1 70034
1.109 70013
1.132 69965
1.133 69928
1.135 69898
1.135 69861
1.137 69845
1.149 69800
1.152 69797
1.154 69772
1.159 69752
1.16 69748
1.161 69728
1.168 69684
1.169 69677
1.17 69671
1.246 69213
1.247 69198
1.25 69183
1.252 69161
1.271 69093
1.273 69070
1.278 69000
1.283 68998
1.288 68871
1.298 68865
1.299 68862
1.307 68855
1.311 68852
1.782 68834
1.789 68809
1.789 68791
1.791 68753
1.791 68744
1.798 68707
1.798 68697
1.799 68671
1.801 68664
2.067 68599
2.067 68588
2.068 68581
2.069 68578
3.779 68570
3.779 68559
3.799 68558
3.8 68533
3.801 68510
3.807 68471
3.809 68464
3.81 68418
3.811 68411
3.825 68409
3.826 68377
3.949 68346
4.099 68329
4.1 68301
4.102 68298
4.103 68292
4.104 68280
4.105 68276
4.106 68261
9.437 68224
9.703 68219
9.711 68187
9.916 68183
9.917 68177
9.918 68162
9.919 68158
9.919 68132
9.919 68129
9.932 68120
16.275 68115
16.606 68108
16.607 68107
16.609 68051
16.613 68050
16.642 68010
48.848 68007
48.851 67999
48.856 67998
48.857 67995
48.868 67987
48.869 67980
49.393 67967
49.395 67964
49.397 67961
49.397 67960
54.763 67958
55.086 67953
55.115 67931
55.169 67929
55.17 67925
55.17 67922
56.775 67919
58.498 67905
58.604 67899
58.611 67875
58.616 67872
58.617 67870
58.617 67867
58.623 67858
58.623 67857
58.623 67855
58.625 67853
59.818 67851
59.819 67844
59.82 67840
59.82 67827
59.828 67826
59.835 67801
59.885 67795
59.885 67792
59.886 67791
59.895 67789
59.895 67782
59.899 67781
64.65 67779
64.762 67774
68.489 67752
68.53 67738
68.537 67737
68.538 67718
68.539 67706
72.41 67700
72.41 67699
72.424 67698
72.434 67690
72.436 67689
72.438 67687
72.454 67657
72.456 67631
72.461 67620
76.705 67618
76.705 67615
76.707 67602
76.718 67596
76.726 67580
76.727 67570
76.731 67564
76.766 67563
76.767 67559
76.767 67557
76.775 67548
76.781 67546
76.799 67539
76.8 67537
76.805 67526
76.806 67523
76.816 67510
76.82 67499
96.611 67497
96.614 67493
96.621 67490
96.622 67489
96.628 67479
96.631 67466
97.177 67460
97.179 67457
97.183 67456
97.188 67447
97.191 67440
104.253 67437
104.255 67412
111.815 67409
113.49 67407
119.157 67405
119.163 67395
119.166 67393
119.17 67390
119.221 67388
119.368 67378
119.369 67376
119.371 67374
119.374 67372
119.376 67364
126.642 67360
126.653 67358
126.657 67353
131.861 67350
131.876 67344
131.885 67342
131.892 67336
134.285 67324
134.29 67317
134.933 67314
134.942 67313
134.943 67310
134.944 67301
134.999 67300
135.092 67299
135.317 67294
135.424 67289
135.489 67286
135.544 67285
135.558 67281
135.559 67267
135.56 67263
135.562 67261
135.572 67259
135.576 67253
145.03 67248
154.143 67243
154.3 67240
154.306 67237
155.546 67231
155.554 67230
155.562 67221
155.57 67220
156.952 67218
156.975 67216
167.682 67214
167.685 67211
167.699 67207
167.71 67202
167.727 67201
167.729 67200
167.731 67197
167.736 67195
167.765 67190
167.773 67188
167.778 67184
167.787 67182
167.79 67177
167.801 67175
167.802 67174
181.025 67173
181.143 67169
181.149 67168
181.335 67165
181.352 67160
182.705 67159
183.423 67157
183.536 67156
183.549 67155
183.585 67153
184.238 67148
191.061 67140
191.07 67134
192.808 67133
193.152 67128
193.161 67127
197.416 67120
197.43 67114
197.453 67111
197.465 67109
197.47 67108
198.368 67107
198.58 67100
222.98 67099
222.981 67097
223.023 67096
223.352 67094
223.353 67093
223.36 67092
223.458 67091
