0.057 69099
0.058 69062
0.058 69052
0.059 69049
0.059 68955
0.059 68945
0.06 68930
0.06 68897
0.061 68839
0.061 68820
0.062 68790
0.062 68679
0.063 68676
0.065 68672
0.066 68449
0.067 68335
0.068 68307
0.069 68301
0.069 68287
0.07 68281
0.07 68258
0.071 68256
0.071 68207
0.072 68180
0.072 68165
0.073 68002
0.074 67994
0.074 67990
0.075 67657
0.076 67644
0.077 67632
0.078 67585
0.078 67570
0.078 67564
0.079 67562
0.079 67552
0.079 67544
0.08 67539
0.08 67533
0.082 67390
0.082 67385
0.083 67072
0.083 67069
0.084 67060
0.085 67047
0.085 67005
0.086 66983
0.086 66977
0.088 66840
0.089 66838
0.089 66836
0.09 66815
0.09 66812
0.092 66809
0.093 66783
0.094 66763
0.094 66623
0.095 66616
0.096 66546
0.096 66540
0.097 66521
0.099 66513
0.1 66505
0.101 66492
0.101 66481
0.103 66476
0.106 66464
0.111 66437
0.111 66342
0.118 66320
0.12 66297
0.122 66264
0.123 66233
0.124 66218
0.124 66194
0.128 66192
0.145 66190
0.148 66109
0.148 66104
0.148 66084
0.149 66048
0.151 66045
0.152 66033
0.154 65993
0.156 65988
0.156 65978
0.157 65977
0.157 65885
0.158 65826
0.158 65814
0.162 65627
0.164 65604
0.176 65578
0.176 65574
0.179 65570
0.221 65519
0.222 65452
0.223 65381
0.224 65361
0.225 65358
0.227 65352
0.23 65350
0.23 65337
0.233 65329
0.235 65325
0.235 65292
0.236 65130
0.238 65047
0.239 65026
0.239 65019
0.245 65017
0.245 65004
0.246 64981
0.246 64979
0.248 64975
0.251 64967
0.255 64962
0.258 64949
0.261 64943
0.262 64940
0.276 64927
0.278 64870
0.278 64865
0.302 64858
0.303 64838
0.304 64832
0.304 64803
0.307 64755
0.31 64746
0.311 64736
0.312 64732
0.313 64671
0.315 64669
0.316 64659
0.316 64644
0.317 64620
0.318 64593
0.321 64537
0.324 64482
0.349 64456
0.351 64417
0.352 64409
0.353 64393
0.362 64390
0.363 64378
0.364 64348
0.365 64328
0.365 64325
0.386 64307
0.387 64294
0.388 64292
0.391 64204
0.393 64166
0.394 64163
0.395 64139
0.396 64135
0.4 64114
0.408 64112
0.408 64109
0.409 64108
0.414 64107
0.415 64100
0.422 64031
0.424 64004
0.429 63975
0.469 63952
0.47 63947
0.475 63812
0.476 63803
0.476 63788
0.478 63735
0.478 63713
0.503 63652
0.504 63627
0.505 63619
0.506 63608
0.507 63596
0.54 63557
0.552 63435
0.553 63379
0.553 63371
0.555 63355
0.556 63345
0.565 63336
0.566 63313
0.568 63286
0.584 63256
0.585 63246
0.586 63222
0.589 63214
0.589 63196
0.59 63140
0.592 63115
0.595 63035
0.601 63023
0.602 63019
0.609 63005
0.61 63002
0.61 62987
0.619 62980
0.621 62915
0.623 62910
0.634 62906
0.637 62895
0.64 62887
0.641 62862
0.642 62843
0.643 62765
0.643 62757
0.649 62669
0.654 62662
0.655 62661
0.656 62654
0.658 62615
0.66 62611
0.669 62583
0.671 62579
0.671 62569
0.673 62544
0.675 62541
0.677 62540
0.68 62525
0.683 62514
0.748 62445
0.754 62442
0.757 62440
0.808 62426
0.809 62410
0.809 62392
0.81 62388
0.811 62387
0.813 62353
0.916 62348
0.916 62344
0.932 62340
0.932 62333
0.971 62328
0.971 62300
0.972 62299
1.555 62283
1.558 62275
1.562 62229
1.563 62223
1.565 62197
1.695 62178
1.7 62165
1.87 62154
1.87 62146
1.871 62130
1.872 62101
1.872 62090
1.873 62084
1.873 62079
1.875 62058
1.878 61983
1.879 61966
1.888 61940
1.889 61900
1.891 61890
1.891 61880
1.95 61866
1.951 61864
1.953 61857
1.954 61844
1.967 61834
1.987 61800
1.998 61765
1.999 61757
2.001 61739
2.069 61734
2.072 61729
2.125 61599
2.139 61597
2.142 61591
2.142 61572
2.18 61571
2.184 61567
2.196 61547
2.197 61542
2.199 61533
2.199 61465
2.246 61453
2.246 61448
2.285 61445
2.451 61436
2.621 61428
2.622 61370
2.623 61368
2.626 61338
2.627 61336
2.627 61331
2.628 61318
2.629 61282
2.63 61277
2.654 61187
2.655 61186
2.661 61180
2.661 61166
2.662 61132
2.663 61129
3.539 61127
3.639 61124
3.64 61071
3.843 61057
3.884 61047
3.885 61026
3.886 60977
4.1 60961
4.102 60959
6.793 60947
6.812 60941
6.812 60929
6.829 60920
6.829 60916
6.831 60913
6.838 60899
6.848 60891
6.853 60884
6.859 60883
6.86 60882
7.303 60859
7.304 60856
7.306 60846
7.307 60834
11.92 60831
11.92 60829
11.922 60794
11.933 60785
11.934 60769
11.935 60752
11.936 60734
12.06 60700
17.743 60698
17.745 60692
17.746 60688
18.552 60687
18.552 60682
18.558 60669
18.558 60663
18.686 60629
18.687 60616
18.691 60590
18.694 60568
18.695 60547
18.697 60542
18.704 60534
18.705 60530
28.255 60518
28.257 60507
28.259 60496
28.261 60483
28.265 60478
28.562 60467
28.826 60446
28.828 60443
28.829 60437
31.719 60375
31.726 60368
31.727 60365
31.944 60348
44.861 60346
44.863 60340
44.916 60327
44.916 60323
45.01 60305
49.543 60264
49.544 60262
49.546 60249
49.549 60243
51.16 60230
52.16 60190
59.04 60189
59.047 60181
59.048 60164
69.662 60162
69.665 60158
69.911 60151
69.915 60147
72.393 60139
72.396 60136
72.398 60109
72.4 60103
72.401 60085
72.405 60063
72.409 60042
72.413 60025
72.418 60024
72.42 60023
72.42 60013
72.423 60009
72.428 59996
72.43 59974
72.432 59963
72.529 59961
72.538 59954
72.539 59945
72.54 59934
72.543 59932
72.544 59930
99.185 59927
99.277 59918
99.284 59901
99.285 59896
99.29 59890
99.291 59878
99.295 59873
107.418 59871
107.419 59868
107.423 59864
107.607 59849
107.617 59831
109.838 59819
109.903 59818
109.914 59814
109.917 59813
109.918 59811
111.451 59800
111.463 59786
111.466 59781
111.514 59771
111.54 59760
126.841 59756
127.885 59755
127.886 59751
127.898 59750
127.903 59737
130.05 59735
130.051 59734
130.055 59729
131.133 59721
131.138 59708
131.167 59703
131.177 59697
131.186 59686
131.187 59682
132.826 59677
132.868 59675
132.891 59671
132.904 59665
133.26 59662
133.273 59661
133.275 59645
133.919 59640
133.923 59638
133.934 59631
133.939 59624
135.139 59620
135.147 59610
135.163 59604
135.168 59600
135.172 59592
143.272 59573
143.276 59565
148.433 59562
148.434 59561
148.444 59559
148.614 59558
149.128 59553
149.163 59542
149.173 59541
149.203 59538
149.217 59537
149.233 59536
149.644 59526
149.649 59525
149.734 59523
149.75 59519
150.453 59514
150.6 59508
150.604 59505
150.629 59495
150.632 59492
157.245 59479
157.259 59478
157.265 59472
157.335 59470
157.34 59468
157.342 59465
157.363 59456
157.374 59437
157.374 59436
160.414 59435
160.5 59432
160.571 59428
179.434 59420
180.422 59415
180.423 59406
180.483 59403
180.764 59394
197.241 59393
200.883 59380
200.97 59373
200.988 59371
202.927 59370
202.932 59369
202.956 59367
202.988 59366
203.224 59364
203.232 59361
203.241 59350
203.272 59348
203.276 59346
208.048 59341
208.119 59340
208.122 59335
208.127 59333
208.186 59332
211.197 59329
211.199 59325
211.217 59321
216.246 59319
216.462 59312
216.486 59308
222.043 59306
224.083 59301
224.089 59296
224.097 59295
224.136 59293
224.147 59290
226.679 59285
226.752 59283
226.752 59276
229.703 59274
229.706 59270
229.726 59269
