0.056 104441
0.057 104437
0.057 104407
0.058 104399
0.058 104393
0.06 104388
0.062 104333
0.063 104320
0.064 104318
0.065 104313
0.065 104299
0.065 104269
0.067 104213
0.068 104212
0.068 104211
0.071 104007
0.071 103753
0.072 103703
0.073 103671
0.074 103656
0.077 103647
0.077 103645
0.08 103477
0.08 103466
0.082 103350
0.083 103341
0.083 103259
0.085 103257
0.085 103254
0.086 103253
0.087 103230
0.088 103153
0.088 103131
0.094 103130
0.095 103041
0.095 103024
0.096 103023
0.105 102775
0.106 102672
0.108 102432
0.109 102405
0.11 102398
0.111 102397
0.112 102387
0.114 102383
0.12 102381
0.121 102376
0.122 102317
0.139 102134
0.14 102132
0.144 102072
0.145 102057
0.145 102007
0.153 101934
0.154 101919
0.155 101867
0.155 101849
0.157 101836
0.157 101829
0.172 101548
0.173 101547
0.175 101535
0.183 101498
0.184 101495
0.185 101473
0.186 101470
0.187 101467
0.193 101353
0.195 101326
0.196 101319
0.201 101281
0.202 101275
0.202 101231
0.205 101229
0.206 101215
0.209 101213
0.211 101196
0.213 101172
0.215 101157
0.216 101144
0.216 101126
0.217 101123
0.22 101083
0.221 101060
0.223 101055
0.223 101048
0.223 101039
0.233 101012
0.234 100999
0.237 100854
0.237 100853
0.238 100851
0.239 100844
0.24 100836
0.24 100833
0.241 100814
0.243 100757
0.243 100753
0.246 100475
0.246 100469
0.247 100466
0.248 100457
0.249 100455
0.25 100436
0.256 100419
0.256 100417
0.257 100267
0.26 100265
0.261 100248
0.261 100246
0.264 100203
0.264 100201
0.265 100200
0.266 100121
0.269 100120
0.269 100119
0.271 100116
0.273 100110
0.276 100109
0.277 100106
0.284 100090
0.285 100078
0.286 100077
0.287 100076
0.288 100062
0.289 99931
0.29 99929
0.291 99923
0.3 99838
0.304 99805
0.305 99804
0.306 99740
0.307 99737
0.312 99707
0.314 99672
0.316 99656
0.325 99648
0.332 99601
0.333 99597
0.336 99594
0.337 99585
0.337 99581
0.338 99563
0.343 99411
0.344 99365
0.345 99364
0.347 99357
0.348 99349
0.349 99258
0.576 99226
0.576 99172
0.582 99159
0.583 99152
0.584 99144
0.587 99135
0.647 99131
0.647 99127
0.68 99078
0.68 99075
0.683 99049
0.684 99030
0.685 99027
0.686 99024
0.687 99012
0.688 99001
0.707 98991
0.707 98990
0.709 98968
0.71 98926
0.711 98925
0.713 98916
0.714 98848
0.715 98831
0.715 98810
0.715 98808
0.72 98800
0.723 98793
0.73 98787
0.733 98782
0.733 98768
0.745 98767
0.745 98731
0.747 98717
0.794 98713
0.797 98696
0.806 98682
0.979 98651
0.98 98647
0.98 98635
1.006 98624
1.007 98594
1.008 98591
1.013 98549
1.045 98537
1.046 98528
1.051 98522
1.052 98516
1.053 98456
1.118 98442
1.129 98369
1.134 98367
1.134 98359
1.135 98350
1.135 98343
1.136 98338
1.142 98334
1.145 98321
1.146 98304
1.149 98301
1.182 98244
1.182 98234
1.183 98218
1.196 98199
1.201 98198
1.202 98185
1.206 98164
1.21 98150
1.211 98148
1.214 98145
1.328 98125
1.33 98123
1.336 98076
1.336 98074
1.337 98053
1.351 98019
1.351 97988
1.39 97984
1.437 97982
1.44 97976
1.44 97968
1.485 97948
1.485 97944
1.515 97937
1.515 97932
1.517 97924
1.523 97884
1.524 97857
1.928 97836
1.929 97830
1.93 97819
3.156 97703
3.156 97694
3.158 97684
3.16 97680
3.236 97658
3.241 97654
3.243 97652
3.246 97648
3.248 97635
3.248 97629
3.25 97627
3.254 97615
3.255 97598
3.257 97596
3.258 97593
3.259 97592
3.286 97579
3.287 97573
3.452 97507
3.459 97489
3.459 97414
3.46 97398
3.461 97396
3.463 97389
3.466 97376
3.468 97361
3.471 97320
3.472 97318
3.472 97297
3.474 97289
6.834 97278
6.834 97275
6.864 97194
6.866 97186
6.868 97167
8.62 97123
8.638 97108
10.03 97101
10.032 97099
10.033 97094
10.033 97091
10.033 97085
10.089 97080
10.091 97061
10.092 97054
10.145 97043
10.15 97042
10.15 97040
10.151 97034
10.153 97030
10.156 97025
10.161 97019
10.195 96988
10.195 96983
10.235 96969
10.235 96967
10.236 96959
10.239 96958
10.24 96957
10.241 96956
10.241 96903
10.242 96883
10.243 96882
10.243 96874
10.245 96844
10.248 96832
10.26 96831
11.17 96803
12.961 96777
12.962 96771
12.965 96758
12.965 96757
12.966 96755
14.447 96728
14.451 96723
14.451 96719
14.452 96677
14.452 96670
14.453 96668
14.839 96582
14.915 96495
14.919 96491
14.922 96445
14.983 96442
15.011 96439
15.017 96428
15.018 96427
15.021 96426
15.034 96419
15.035 96414
15.036 96402
15.047 96395
15.049 96392
15.061 96385
15.063 96375
15.063 96363
15.064 96325
15.064 96324
15.068 96285
15.074 96269
15.074 96245
15.095 96225
15.097 96224
18.172 96202
18.175 96184
18.175 96182
18.177 96172
18.197 96165
18.198 96162
18.202 96161
18.204 96043
18.207 96026
18.21 96014
18.212 96010
18.214 96005
18.214 95990
18.216 95985
18.216 95982
18.218 95979
18.486 95971
18.486 95969
18.487 95954
18.488 95924
18.493 95917
18.496 95912
18.499 95906
18.499 95901
18.519 95895
18.524 95840
18.562 95835
18.563 95770
18.865 95766
18.866 95763
18.867 95736
18.868 95723
18.868 95707
18.893 95696
18.894 95682
18.894 95676
19.357 95563
19.358 95553
19.36 95552
19.367 95536
19.369 95513
19.37 95503
19.446 95450
19.458 95432
19.462 95424
19.464 95409
19.468 95400
19.469 95396
19.469 95364
19.472 95361
19.474 95359
19.476 95326
19.492 95323
19.493 95317
19.494 95307
19.494 95286
19.495 95275
19.496 95264
20.021 95225
20.023 95210
20.023 95208
20.049 95207
20.05 95200
20.152 95197
49.52 95186
51.794 95184
51.8 95177
51.802 95157
51.803 95152
51.835 95147
51.872 95134
51.873 95128
51.874 95126
51.887 95124
51.958 95120
51.959 95109
51.963 95079
51.967 95069
51.971 95052
51.972 95037
51.972 95031
52.073 95030
52.074 95023
52.076 95019
52.077 95018
60.779 95005
60.789 95001
60.799 94999
61.369 94997
61.52 94984
61.558 94983
61.558 94982
61.559 94978
61.563 94956
61.701 94955
61.704 94954
61.706 94948
64.719 94942
64.721 94938
64.754 94927
65.82 94922
65.822 94899
65.831 94898
65.834 94894
65.834 94890
65.835 94884
65.918 94876
65.926 94873
65.927 94850
73.429 94844
73.43 94829
73.43 94819
73.436 94810
73.437 94807
73.437 94799
73.438 94796
73.451 94789
73.452 94780
73.46 94773
73.461 94772
73.461 94771
73.462 94770
73.463 94769
73.464 94768
73.465 94762
73.465 94753
73.553 94749
75.312 94747
75.313 94738
75.314 94718
75.316 94717
75.318 94709
75.391 94707
75.393 94706
75.406 94705
76.77 94703
76.771 94698
76.788 94686
76.793 94681
76.794 94659
76.799 94655
76.8 94652
76.803 94650
76.805 94649
76.807 94636
76.816 94622
76.828 94618
76.856 94613
76.863 94611
76.863 94610
78.535 94595
78.535 94594
82.694 94557
82.695 94555
82.696 94553
89.254 94547
89.261 94539
89.266 94536
89.292 94532
89.292 94531
89.293 94509
89.295 94508
89.43 94500
89.44 94474
89.618 94463
89.622 94462
96.449 94444
96.49 94440
96.509 94439
96.51 94437
96.515 94424
96.525 94416
96.526 94407
96.526 94395
96.527 94394
96.529 94383
114.933 94382
114.934 94377
114.935 94371
114.935 94368
114.939 94367
114.941 94366
114.946 94358
114.97 94355
116.717 94351
117.115 94347
117.121 94329
117.123 94325
117.126 94316
117.14 94315
117.143 94314
117.229 94309
117.234 94307
117.235 94305
117.238 94304
117.248 94302
117.25 94301
117.251 94300
117.251 94299
117.253 94285
117.609 94274
117.61 94259
117.616 94252
130.75 94249
130.75 94248
130.752 94244
130.753 94242
141.658 94240
141.666 94232
141.677 94227
141.704 94226
141.709 94225
145.31 94222
147.34 94218
147.361 94214
147.374 94211
150.46 94206
152.377 94200
152.383 94199
153.126 94193
153.127 94190
153.129 94189
153.13 94188
153.136 94179
153.187 94172
154.299 94166
158.636 94165
158.64 94164
158.651 94160
158.654 94150
160.791 94145
160.823 94130
160.832 94126
160.836 94124
171.32 94123
171.327 94122
171.348 94121
171.349 94120
171.363 94119
171.366 94116
171.386 94115
171.396 94109
176.264 94108
176.273 94106
176.278 94105
176.856 94104
176.857 94100
176.869 94099
177.004 94097
177.03 94094
177.033 94092
177.1 94091
177.114 94088
177.116 94084
177.148 94083
177.158 94080
182.396 94078
182.666 94076
182.688 94073
184.684 94072
184.686 94065
184.687 94063
184.711 94062
184.714 94059
184.765 94056
184.769 94049
184.773 94048
184.776 94047
184.777 94046
191.378 94045
191.392 94044
191.395 94042
195.171 94038
195.283 94037
195.38 94035
195.39 94032
195.414 94027
197.812 94026
197.815 94024
198.424 94022
198.436 94020
198.508 94018
198.527 94017
200.116 94016
200.13 94011
205.098 94010
205.235 94009
205.259 94007
205.288 94006
205.299 94005
205.303 94004
205.333 94003
205.342 94000
205.377 93998
205.808 93997
205.896 93992
