0.059 106765
0.06 106763
0.06 106750
0.061 106682
0.061 106415
0.062 106413
0.063 106408
0.064 106368
0.064 106338
0.064 106250
0.065 106058
0.065 106049
0.066 106025
0.066 105980
0.067 105910
0.069 105865
0.07 105859
0.07 105857
0.072 105850
0.073 105648
0.073 105642
0.073 105632
0.074 105606
0.075 105604
0.075 105584
0.076 105552
0.078 105472
0.078 105381
0.081 105377
0.082 105356
0.085 105300
0.091 105296
0.092 105245
0.093 105236
0.094 105084
0.095 105071
0.095 105055
0.096 105051
0.097 104947
0.098 104945
0.099 104924
0.099 104895
0.099 104863
0.102 104858
0.105 104811
0.105 104664
0.108 104655
0.116 104640
0.137 104632
0.139 104521
0.14 104499
0.141 104485
0.144 104424
0.145 104402
0.171 104391
0.172 104385
0.185 104365
0.186 104363
0.192 104340
0.193 104324
0.196 104311
0.198 104307
0.248 104282
0.249 104261
0.252 104252
0.253 104240
0.258 104237
0.262 104234
0.268 104227
0.269 104224
0.27 104221
0.27 104220
0.271 104193
0.272 104187
0.273 104182
0.273 104179
0.276 104157
0.277 104155
0.278 104153
0.279 104141
0.28 104140
0.28 104135
0.292 103492
0.294 103489
0.295 103439
0.296 103431
0.307 103424
0.31 103419
0.314 103414
0.315 103395
0.318 103394
0.321 103379
0.37 103326
0.371 103261
0.389 103242
0.39 103235
0.392 103226
0.393 103216
0.394 103185
0.397 103176
0.397 103170
0.398 103167
0.398 103162
0.436 103097
0.441 103073
0.442 103003
0.445 102995
0.536 102974
0.537 102943
0.546 102936
0.546 102911
0.595 102888
0.596 102877
0.597 102871
0.612 102865
0.613 102861
0.614 102856
0.615 102839
0.616 102837
0.622 102706
0.623 102700
0.624 102694
0.625 102626
0.626 102591
0.626 102505
0.63 102498
0.631 102480
0.637 102440
0.638 102434
0.681 102432
0.682 102429
0.686 102403
0.686 102357
0.69 102352
0.69 102349
0.691 102321
0.692 102318
0.703 102295
0.806 102259
0.808 102248
0.809 102216
0.811 102201
0.811 102183
0.813 101995
0.816 101983
0.818 101950
0.821 101933
0.821 101931
0.822 101918
0.823 101908
0.825 101899
0.825 101890
0.832 101863
0.832 101861
0.835 101855
0.837 101770
0.84 101756
0.842 101754
0.843 101741
0.843 101740
0.846 101732
0.85 101726
0.852 101674
0.854 101673
0.88 101630
0.881 101623
0.883 101600
0.885 101570
0.887 101565
0.893 101561
0.91 101557
0.915 101539
0.92 101531
0.921 101472
0.933 101457
0.935 101419
0.937 101412
0.942 101405
0.973 101400
0.973 101389
0.984 101387
1.384 101347
1.417 101328
1.42 101318
1.422 101275
1.423 101274
1.553 101267
1.554 101263
1.555 101262
1.555 101256
1.562 101252
1.563 101245
1.612 101237
1.613 101235
1.615 101234
1.616 101232
1.618 101221
1.619 101215
1.661 100721
1.671 100710
1.678 100690
1.71 100666
1.713 100656
1.743 100644
1.747 100577
1.764 100550
1.764 100547
1.773 100544
1.774 100487
1.774 100483
1.789 100460
1.793 100386
1.794 100376
1.802 100370
1.802 100369
1.802 100342
1.803 100338
1.804 100329
1.805 100325
1.808 100315
1.808 100302
1.809 100284
1.81 100262
1.886 100246
1.888 100245
1.951 100220
1.953 100186
2.012 100183
2.018 100176
2.043 100167
2.044 100144
2.07 100118
3.031 100117
3.032 100090
3.037 100088
3.037 100076
3.038 100050
3.047 100029
3.052 100025
3.054 100022
3.088 100016
3.089 99988
3.09 99977
3.239 99925
3.245 99919
3.249 99918
3.25 99911
3.256 99902
3.261 99898
3.264 99897
3.345 99868
12.88 99848
12.883 99810
12.886 99785
12.887 99775
17.285 99773
17.285 99767
17.287 99762
17.308 99761
17.311 99749
17.33 99737
17.343 99731
17.348 99724
17.654 99723
17.7 99695
17.707 99683
17.712 99657
17.898 99619
22.482 99604
22.892 99594
22.895 99593
22.896 99577
22.899 99575
22.901 99571
22.902 99569
22.907 99568
23.162 99564
23.175 99538
23.181 99517
23.183 99469
23.185 99467
23.187 99462
23.191 99461
36.053 99454
36.055 99449
36.056 99445
36.059 99431
36.091 99427
36.146 99416
38.414 99412
40.856 99408
40.867 99400
40.868 99398
41.015 99388
41.018 99387
41.022 99374
41.029 99350
43.74 99348
43.751 99347
43.756 99345
44.52 99336
44.522 99334
44.539 99332
44.541 99330
44.562 99322
44.567 99316
44.573 99315
44.576 99303
44.577 99302
44.592 99295
44.592 99294
44.595 99290
44.6 99283
46.146 99265
46.149 99253
46.186 99250
48.823 99216
50.741 99208
50.742 99205
50.846 99203
50.855 99196
50.87 99172
50.872 99166
68.845 99144
68.847 99143
68.848 99136
68.858 99130
68.865 99117
68.879 99106
68.885 99102
68.889 99095
68.895 99094
70.642 99088
71.643 99083
71.65 99062
71.653 99053
71.666 99041
71.801 99037
72.76 99029
72.764 99026
72.765 99022
72.767 99011
72.768 99006
72.77 98997
72.781 98996
72.861 98963
91.673 98961
91.674 98954
91.679 98948
91.68 98938
91.682 98933
91.712 98929
91.726 98914
91.727 98912
91.743 98906
91.749 98902
91.75 98901
91.766 98900
92.148 98888
93.629 98885
93.655 98882
93.661 98880
93.664 98873
93.666 98872
93.687 98870
93.693 98861
93.698 98854
93.699 98845
93.704 98843
93.714 98838
96.02 98833
96.372 98830
96.376 98828
96.925 98825
96.932 98817
96.935 98808
96.94 98805
96.943 98760
96.952 98757
96.965 98719
96.972 98705
96.973 98704
96.973 98702
96.977 98693
96.984 98692
96.99 98690
107.787 98685
107.873 98684
107.998 98668
108.051 98667
108.058 98666
108.059 98657
108.068 98644
129.991 98629
130.898 98627
130.905 98626
130.907 98624
130.962 98610
130.982 98596
130.985 98595
130.995 98592
131.005 98591
131.013 98585
131.014 98584
131.023 98583
131.46 98582
131.47 98569
131.599 98568
131.599 98560
131.691 98555
131.718 98544
131.719 98533
132.183 98531
132.233 98528
133.687 98526
133.696 98525
133.73 98523
133.737 98522
133.77 98518
133.773 98512
133.795 98510
155.41 98507
155.419 98506
156.027 98502
156.044 98500
156.076 98482
156.697 98477
156.702 98476
156.718 98475
157.072 98473
157.082 98470
157.091 98467
157.093 98465
157.21 98459
157.218 98456
157.849 98448
158.841 98434
158.859 98430
158.867 98426
158.874 98425
158.921 98419
158.928 98418
159.987 98416
160.208 98413
160.229 98411
160.249 98403
160.257 98399
160.489 98398
160.506 98389
160.516 98384
160.544 98382
160.568 98377
161.569 98375
161.57 98374
161.576 98362
161.896 98354
161.897 98346
162.026 98338
162.035 98330
164.837 98327
164.851 98326
164.868 98325
164.956 98321
164.96 98319
165.354 98318
165.364 98314
165.366 98299
165.397 98286
165.42 98283
165.446 98256
166.361 98255
166.764 98254
166.874 98251
166.88 98250
167.051 98246
167.055 98242
167.072 98238
167.12 98235
167.145 98228
167.265 98217
168.718 98213
168.729 98210
191.544 98209
191.544 98207
191.552 98199
191.563 98190
191.612 98182
191.661 98181
191.718 98180
191.72 98179
191.742 98175
191.746 98173
196.169 98168
196.177 98167
204.481 98165
204.591 98160
204.687 98158
205.12 98156
205.989 98148
206.005 98147
206.006 98146
206.422 98144
210.375 98143
210.468 98141
210.468 98136
210.502 98135
210.515 98134
211.072 98132
214.503 98123
214.513 98122
214.516 98121
214.586 98120
214.658 98119
214.69 98109
214.75 98106
214.891 98104
214.892 98103
221.238 98101
221.252 98099
221.277 98097
221.304 98096
221.438 98095
221.509 98094
221.514 98092
221.563 98090
232.554 98085
232.589 98082
232.627 98079
237.271 98074
238.01 98073
238.057 98071
238.168 98069
238.184 98068
238.489 98067
250.009 98066
250.198 98065
250.851 98064
252.984 98063
253.081 98062
253.459 98060
253.466 98059
253.702 98058
253.733 98055
253.964 98053
