3.603 287385
3.604 287383
3.605 287375
3.607 287371
3.609 287367
3.611 287366
3.614 287357
3.618 287343
3.619 287275
3.62 287224
3.622 287215
3.623 287202
3.624 287200
3.626 287129
3.628 287106
3.629 287098
3.631 287091
3.634 287065
3.636 287058
3.637 287057
3.638 287042
3.64 287033
3.641 287027
3.642 287025
3.647 286998
3.648 286996
3.649 286992
3.651 286983
3.652 286964
3.654 286954
3.655 286942
3.657 286935
3.66 286874
3.663 286835
3.665 286816
3.666 286815
3.668 286804
3.669 286802
3.673 286799
3.677 286797
3.68 286782
3.682 286771
3.683 286754
3.685 286748
3.688 286740
3.689 286733
3.691 286722
3.693 286702
3.694 286696
3.697 286680
3.698 286667
3.699 286661
3.702 286656
3.703 286644
3.705 286642
3.706 286630
3.709 286610
3.711 286607
3.712 286604
3.714 286601
3.717 286588
3.724 286551
3.725 286528
3.727 286525
3.729 286511
3.732 286501
3.733 286491
3.735 286455
3.737 286449
3.739 286444
3.741 286442
3.742 286431
3.744 286422
3.746 286403
3.756 286367
3.757 286364
3.76 286355
3.762 286351
3.763 286347
3.764 286331
3.766 286320
3.767 286307
3.771 286298
3.775 286293
3.779 286289
3.782 286288
3.785 286253
3.787 286245
3.789 286235
3.79 286225
3.791 286210
3.793 286197
3.8 286196
3.801 286185
3.803 286184
3.813 286151
3.815 286137
3.817 286112
3.818 286110
3.822 286108
3.823 286068
3.826 286045
3.865 286036
3.869 286032
3.871 286019
3.873 286005
3.874 285999
3.875 285982
3.877 285980
3.878 285974
3.884 285971
3.886 285970
3.888 285966
3.889 285965
3.891 285951
3.893 285945
3.903 285938
3.905 285934
3.929 285902
3.932 285898
3.933 285897
3.935 285893
3.936 285888
3.937 285880
3.939 285871
3.942 285852
3.943 285836
3.947 285822
3.948 285811
3.961 285782
3.963 285775
3.979 285767
3.984 285764
3.986 285741
3.991 285738
3.999 285732
4 285724
4.003 285723
4.013 285710
4.016 285709
4.02 285655
4.022 285617
4.023 285608
4.025 285598
4.03 285586
4.031 285576
4.044 285570
4.065 285559
4.071 285543
4.072 285536
4.078 285524
4.079 285499
4.08 285497
4.083 285488
4.085 285480
4.087 285475
4.089 285460
4.091 285425
4.092 285422
4.095 285419
4.099 285415
4.102 285413
4.108 285407
4.109 285401
4.113 285396
4.115 285392
4.116 285387
4.121 285385
4.123 285376
4.124 285371
4.125 285364
4.127 285363
4.129 285360
4.13 285303
4.132 285275
4.136 285269
4.146 285238
4.15 285237
4.153 285234
4.215 285203
4.221 285186
4.229 285166
4.231 285156
4.232 285154
4.366 285131
4.368 285125
4.507 285104
4.546 285098
4.551 285095
4.569 285076
4.572 285073
4.574 285044
4.589 285037
4.59 285034
4.591 285026
4.597 285023
4.629 285007
4.644 284995
4.645 284992
4.647 284985
4.649 284983
4.652 284971
4.654 284968
4.655 284965
4.685 284946
4.686 284937
4.699 284906
4.708 284904
4.896 284901
4.901 284897
4.903 284895
4.904 284886
4.907 284883
4.932 284843
4.942 284842
4.954 284839
4.958 284831
4.961 284817
4.973 284810
4.978 284800
4.979 284785
4.992 284766
4.997 284739
5.002 284737
5.003 284736
5.02 284726
5.026 284720
5.031 284718
5.069 284689
5.072 284672
5.073 284670
5.079 284667
5.083 284666
5.085 284665
5.087 284662
5.092 284661
5.094 284658
5.096 284657
5.097 284656
5.1 284653
5.341 284647
5.349 284645
5.353 284639
5.445 284623
5.477 284619
5.486 284617
5.538 284597
5.539 284596
5.542 284595
5.543 284589
5.545 284585
189.33 284579
189.336 284577
189.361 284570
189.362 284568
189.363 284552
189.365 284525
189.366 284521
189.419 284517
189.422 284504
189.429 284501
189.433 284500
190.073 284470
190.087 284403
190.095 284400
190.097 284396
190.613 284394
190.619 284393
190.622 284392
190.626 284383
190.629 284380
192.238 284370
192.366 284359
192.37 284344
192.504 284321
192.507 284313
192.514 284311
192.518 284306
192.546 284293
192.549 284286
192.55 284285
192.552 284283
192.553 284249
192.558 284243
192.559 284229
197.655 284213
197.656 284211
197.668 284203
197.669 284188
197.677 284181
197.687 284174
197.693 284173
197.712 284151
197.757 284138
197.759 284118
197.762 284092
197.766 284084
197.878 284059
197.887 284058
197.889 284055
197.894 284050
197.899 284042
197.95 284015
197.952 284008
197.953 284006
197.958 284002
197.96 283975
197.981 283956
197.986 283913
197.988 283908
197.989 283905
198.005 283892
198.008 283856
198.119 283826
198.125 283819
198.129 283806
198.135 283787
198.136 283753
198.138 283752
198.142 283746
198.155 283738
199.252 283737
199.259 283726
199.261 283715
199.262 283710
199.266 283705
199.267 283681
199.269 283668
199.284 283654
199.285 283648
199.298 283633
199.306 283612
199.309 283607
199.313 283597
199.327 283591
199.328 283584
199.537 283573
199.541 283563
199.558 283561
199.56 283555
199.562 283541
199.565 283537
199.569 283525
199.571 283523
199.573 283522
228.148 283517
241.975 283510
241.979 283497
241.981 283481
241.99 283476
241.994 283455
242.007 283451
242.009 283446
242.179 283442
242.181 283435
242.186 283425
242.189 283423
242.205 283402
242.207 283401
242.249 283395
242.25 283384
242.255 283361
242.257 283349
242.26 283347
242.267 283332
242.312 283330
244.239 283325
244.244 283320
244.249 283317
244.258 283315
244.261 283314
244.262 283313
244.267 283309
244.299 283301
244.32 283283
244.325 283282
244.335 283280
244.338 283268
244.484 283257
244.49 283249
246.211 283248
246.216 283246
246.218 283239
246.223 283236
246.319 283215
246.33 283203
246.496 283201
246.498 283186
246.504 283174
246.511 283153
246.528 283148
246.533 283132
246.543 283108
246.545 283095
246.552 283086
246.554 283059
246.571 283034
246.651 283025
246.653 283020
246.661 283010
246.663 282997
246.67 282995
246.672 282988
246.675 282986
246.877 282967
246.878 282961
246.884 282939
246.887 282934
246.889 282927
246.905 282923
246.908 282921
246.913 282909
246.919 282904
246.93 282897
246.939 282894
255.039 282879
255.056 282874
255.095 282872
255.099 282870
255.105 282864
255.107 282862
255.109 282844
255.111 282832
255.112 282819
255.123 282812
255.142 282810
255.144 282807
255.146 282802
255.157 282778
255.158 282775
255.161 282771
255.164 282732
255.171 282728
255.174 282726
255.177 282720
255.207 282716
255.208 282713
255.211 282711
255.702 282710
255.711 282709
255.74 282707
255.741 282694
255.746 282683
255.748 282682
255.837 282680
255.839 282679
255.884 282676
255.885 282675
255.891 282671
255.895 282670
255.897 282658
255.902 282643
255.905 282639
255.909 282633
255.919 282630
255.924 282623
255.927 282620
255.928 282610
255.932 282604
255.962 282598
255.965 282585
255.973 282569
256.075 282568
256.08 282556
261.384 282547
261.39 282545
261.401 282519
261.402 282516
261.404 282498
261.417 282483
261.82 282467
262.205 282463
262.346 282461
262.347 282459
262.354 282456
262.355 282447
262.359 282437
262.361 282436
262.398 282435
269.792 282417
269.795 282411
269.805 282407
269.808 282404
269.815 282403
269.901 282396
269.903 282380
269.907 282365
269.908 282355
270.354 282331
270.423 282311
270.425 282300
270.435 282298
270.437 282290
270.465 282283
270.466 282271
271.99 282270
271.992 282269
271.993 282258
271.994 282250
271.996 282245
272.018 282243
272.021 282241
272.027 282238
272.066 282223
272.069 282220
272.097 282217
272.105 282203
272.107 282192
272.111 282187
272.115 282176
272.12 282175
272.121 282168
272.123 282164
273.075 282160
275.392 282153
275.397 282151
276.123 282143
276.125 282139
276.287 282137
276.293 282132
276.296 282130
276.305 282121
276.309 282114
280.939 282111
284.702 282109
284.703 282099
284.734 282082
284.746 282070
284.747 282069
284.751 282056
284.753 282045
284.756 282035
284.762 282020
284.766 282011
284.768 282003
284.776 281996
284.933 281995
284.953 281992
284.961 281990
285.349 281988
285.95 281978
285.957 281953
285.96 281947
285.965 281927
285.968 281924
285.973 281923
285.981 281922
285.985 281897
285.988 281893
285.996 281877
285.999 281864
286.003 281811
286.005 281809
286.126 281781
286.134 281772
286.166 281769
286.287 281757
286.308 281751
286.338 281743
286.348 281735
286.352 281714
286.396 281709
286.401 281703
287.993 281701
287.999 281697
288 281687
288.105 281680
288.109 281666
288.203 281664
288.206 281653
288.246 281642
288.248 281599
288.365 281598
288.366 281595
288.367 281594
288.371 281587
288.417 281569
288.424 281561
288.437 281556
288.442 281548
288.444 281535
288.45 281522
288.453 281517
288.457 281509
288.458 281490
288.466 281478
288.478 281476
288.479 281475
288.488 281460
288.497 281457
288.505 281455
288.508 281447
288.518 281434
288.542 281426
288.565 281376
288.608 281365
288.647 281360
288.649 281357
288.672 281355
288.681 281349
288.686 281342
288.693 281335
305.498 281323
305.53 281316
305.531 281312
305.534 281284
305.54 281282
305.625 281276
307.649 281270
307.651 281259
307.653 281254
307.675 281239
307.885 281233
307.908 281218
307.915 281179
307.916 281178
307.92 281175
307.921 281167
307.935 281159
307.936 281158
307.944 281157
307.948 281152
307.949 281148
308 281142
308.001 281141
308.014 281134
308.023 281123
308.03 281122
308.037 281115
308.041 281114
308.042 281104
308.044 281101
308.045 281100
308.05 281079
308.054 281064
308.061 281056
308.065 281051
308.068 281047
308.082 281039
308.135 281036
308.137 281032
308.147 281025
308.149 281019
319.341 281012
319.36 281005
319.365 280990
319.367 280983
320.49 280978
320.54 280949
320.542 280947
320.544 280943
320.547 280933
320.602 280930
320.607 280923
320.623 280922
320.626 280919
320.989 280916
320.992 280911
320.995 280909
320.996 280901
320.998 280893
321.011 280892
321.017 280877
321.023 280867
321.028 280865
321.036 280864
321.041 280863
321.044 280861
321.104 280858
321.507 280855
321.508 280852
321.512 280839
321.517 280828
321.531 280826
321.532 280823
321.534 280816
321.536 280807
321.583 280806
321.591 280785
321.593 280778
321.628 280767
321.642 280744
321.644 280742
323.469 280737
323.47 280733
323.473 280730
323.476 280729
323.492 280720
323.494 280717
323.561 280699
323.564 280696
323.579 280687
323.594 280683
323.597 280681
323.599 280670
333.453 280668
333.456 280659
333.46 280652
333.478 280650
333.491 280638
333.512 280621
333.521 280599
333.524 280593
333.636 280585
334.038 280582
334.039 280560
334.053 280527
334.056 280521
334.058 280518
334.064 280517
334.111 280513
334.171 280512
334.172 280510
334.175 280494
334.296 280485
334.302 280477
334.304 280476
334.311 280473
334.316 280472
334.426 280445
334.44 280439
334.441 280438
334.475 280435
334.476 280427
334.477 280414
345.492 280412
345.494 280405
345.497 280399
345.517 280395
345.52 280394
345.523 280387
345.525 280366
345.804 280363
345.812 280358
345.826 280357
345.835 280338
345.836 280337
345.838 280333
345.842 280329
345.849 280327
345.854 280319
345.916 280308
345.918 280291
345.92 280286
345.925 280279
345.955 280268
345.969 280264
345.973 280263
345.975 280242
345.977 280238
345.996 280236
345.998 280219
349.977 280210
349.981 280180
349.983 280175
349.986 280165
349.995 280163
350.266 280151
350.271 280141
350.401 280134
350.412 280125
351.02 280118
351.032 280116
351.049 280084
351.077 280076
351.078 280070
351.846 280068
351.858 280067
351.86 280055
351.876 280048
351.927 280035
351.93 280033
351.992 280032
352 280030
352.012 280026
352.015 280016
352.019 280014
352.021 280009
352.026 280006
352.093 280004
352.109 279999
352.159 279979
352.177 279978
352.179 279971
352.18 279969
352.189 279963
352.191 279954
358.383 279941
358.386 279940
358.388 279934
358.392 279932
358.394 279929
358.395 279928
358.397 279927
358.599 279913
358.6 279909
358.602 279901
362.562 279900
362.564 279898
362.565 279896
362.568 279892
362.571 279880
362.9 279867
362.902 279865
362.909 279847
362.934 279846
362.94 279844
362.948 279840
362.95 279839
362.954 279836
362.957 279820
362.963 279810
363.008 279802
363.013 279790
363.016 279788
363.017 279782
363.025 279775
363.027 279768
363.047 279764
363.049 279756
363.064 279746
363.065 279744
363.117 279736
363.124 279729
363.133 279727
363.135 279719
363.168 279711
363.172 279708
363.174 279698
363.18 279696
363.195 279692
363.2 279689
363.237 279686
363.248 279681
363.251 279678
363.255 279672
363.335 279655
363.341 279648
363.427 279646
363.451 279639
363.461 279636
363.462 279626
363.467 279624
363.505 279620
363.515 279605
363.52 279603
363.534 279587
363.537 279581
363.542 279578
363.553 279577
363.555 279572
363.558 279566
363.562 279565
363.569 279558
363.583 279545
363.584 279531
363.586 279529
363.592 279527
363.593 279512
363.595 279492
363.596 279491
363.606 279490
363.609 279487
363.612 279478
363.618 279477
363.621 279473
363.623 279459
363.656 279452
363.658 279448
363.66 279444
363.755 279434
363.759 279421
363.84 279415
363.841 279414
363.844 279408
363.849 279407
363.851 279387
363.854 279383
363.944 279382
363.946 279380
363.95 279374
363.994 279370
363.999 279364
364.011 279354
364.013 279348
364.015 279342
364.035 279320
364.038 279302
364.042 279300
364.046 279285
364.332 279275
364.334 279267
364.342 279266
364.618 279264
364.687 279263
364.835 279258
364.837 279257
364.841 279256
364.877 279241
364.878 279239
364.88 279218
364.885 279206
364.888 279204
365.894 279202
365.896 279193
365.9 279189
365.91 279183
365.914 279175
365.915 279136
365.931 279116
365.934 279115
365.94 279113
365.955 279111
365.966 279109
366.231 279090
366.236 279089
366.239 279086
379.553 279082
379.555 279081
379.556 279077
379.558 279070
379.56 279063
379.562 279062
379.573 279059
379.575 279056
379.577 279052
379.588 279036
379.592 279035
381.851 279031
381.888 279028
381.889 279027
381.892 279012
381.903 279008
381.911 279006
381.916 279000
381.929 278993
381.934 278992
381.936 278975
381.952 278972
382.073 278967
382.076 278966
382.108 278964
382.109 278955
382.122 278941
382.146 278937
382.148 278929
382.149 278921
382.152 278898
382.16 278895
382.165 278881
382.215 278874
382.22 278835
382.392 278833
382.394 278821
382.886 278819
383.14 278818
383.152 278817
388.293 278816
388.301 278815
388.31 278809
388.341 278790
388.345 278789
388.519 278787
388.9 278777
388.913 278766
388.916 278764
388.948 278751
388.956 278749
388.958 278729
388.96 278708
388.962 278706
388.966 278705
389.042 278699
389.046 278698
389.05 278695
389.065 278686
389.074 278674
389.088 278660
389.09 278658
389.115 278636
389.119 278635
389.131 278633
389.162 278627
389.174 278620
389.182 278615
389.184 278608
389.185 278607
389.23 278600
392.857 278599
393.002 278598
393.009 278595
393.01 278589
393.026 278573
393.246 278570
393.404 278569
393.426 278567
393.428 278563
393.432 278562
395.271 278561
395.277 278549
395.813 278541
395.816 278538
395.826 278535
395.833 278534
395.879 278525
396.3 278519
396.31 278499
396.321 278487
396.332 278455
396.336 278440
396.341 278435
396.342 278434
396.346 278428
399.246 278426
399.343 278423
399.348 278422
399.38 278415
400.675 278412
400.677 278410
400.679 278406
400.722 278405
400.731 278402
400.744 278391
400.758 278389
400.765 278377
400.768 278373
403.841 278364
403.844 278351
403.888 278336
403.899 278333
403.901 278327
403.905 278324
403.907 278322
403.909 278321
403.914 278313
403.92 278310
403.923 278304
403.969 278300
403.982 278291
404.038 278290
404.283 278289
404.287 278270
404.403 278268
404.447 278265
404.453 278260
404.454 278259
410.754 278247
410.758 278241
410.769 278237
410.816 278231
412.197 278206
412.201 278202
412.219 278197
412.223 278178
412.224 278173
412.228 278170
412.236 278164
412.804 278158
412.974 278134
412.979 278133
412.982 278126
413.349 278122
413.379 278115
413.385 278100
413.399 278092
417.632 278089
417.642 278081
417.645 278080
417.663 278068
417.664 278067
417.668 278052
417.688 278045
417.69 278036
417.707 278035
417.715 278030
417.72 278029
417.725 278022
417.738 278020
417.745 278015
417.749 278004
417.762 277994
417.764 277990
417.767 277989
417.769 277986
417.774 277984
417.782 277979
417.785 277975
417.788 277968
417.807 277966
417.809 277962
417.83 277959
417.869 277955
417.875 277954
417.889 277953
417.893 277947
417.897 277929
417.903 277909
417.976 277906
417.984 277904
417.986 277900
417.989 277889
417.992 277887
417.999 277885
418.001 277883
418.079 277877
418.698 277860
418.709 277859
418.73 277836
418.741 277829
418.744 277828
418.748 277827
418.907 277826
418.917 277824
418.921 277821
418.955 277820
418.957 277819
418.961 277817
418.97 277810
418.973 277802
418.992 277801
419.012 277794
419.018 277788
419.055 277758
419.056 277748
419.365 277747
419.592 277727
419.597 277722
419.598 277717
419.601 277709
419.743 277702
419.748 277689
419.749 277683
420.167 277677
420.178 277672
420.519 277662
420.521 277658
420.523 277655
420.525 277648
420.549 277641
420.555 277638
420.559 277634
420.561 277631
420.572 277630
420.638 277589
420.648 277585
420.651 277583
420.704 277562
420.745 277560
423.262 277549
423.265 277546
423.271 277545
423.273 277543
423.287 277541
423.291 277534
423.293 277522
423.308 277521
423.311 277520
423.325 277515
423.645 277511
423.646 277503
423.667 277502
423.669 277500
423.676 277490
423.899 277488
424.73 277485
424.732 277479
424.978 277464
424.989 277462
424.99 277453
425.005 277449
425.012 277425
425.967 277404
425.968 277396
425.973 277394
425.979 277381
427.818 277380
427.855 277377
427.867 277371
428.071 277365
428.08 277359
428.09 277353
428.115 277347
428.118 277337
430.027 277335
430.029 277329
430.033 277325
430.075 277317
430.117 277316
430.132 277292
430.392 277291
430.394 277290
430.705 277284
430.707 277283
430.709 277276
430.711 277271
430.932 277268
430.933 277264
430.946 277248
430.951 277245
430.954 277243
430.958 277242
430.962 277223
430.967 277218
430.972 277216
430.997 277214
431.001 277213
431.012 277207
431.013 277203
431.036 277199
431.037 277195
431.063 277193
431.064 277191
431.067 277182
431.075 277174
431.077 277173
431.081 277160
431.096 277159
431.108 277152
431.11 277144
431.143 277140
431.175 277136
431.182 277131
431.235 277125
431.236 277100
431.307 277099
431.311 277096
431.313 277092
431.32 277084
431.324 277079
431.337 277078
431.345 277063
431.352 277056
431.356 277053
431.365 277049
431.369 277046
431.381 277043
431.392 277039
431.393 277036
431.395 277035
432.655 277032
432.67 277028
432.686 277025
432.691 277022
432.696 277021
432.701 277019
432.706 277006
433.213 277005
433.241 277003
433.245 276987
433.267 276980
433.276 276977
433.277 276975
433.281 276973
434.715 276969
434.853 276955
434.855 276950
434.858 276937
434.86 276929
434.871 276928
434.874 276919
434.884 276918
434.904 276904
434.91 276898
452.195 276890
452.2 276887
452.257 276885
452.281 276883
452.284 276880
452.287 276877
452.298 276860
452.313 276854
452.318 276853
452.322 276851
452.324 276846
452.327 276842
452.469 276837
452.479 276836
452.483 276835
453.125 276829
453.127 276826
453.13 276816
453.134 276814
457.563 276804
457.728 276800
457.782 276795
457.805 276794
458.062 276777
458.072 276776
458.081 276775
458.086 276773
458.092 276770
458.11 276769
458.617 276766
458.641 276752
458.647 276746
458.66 276742
458.685 276741
458.69 276737
458.695 276733
458.709 276730
458.716 276724
458.718 276714
458.743 276710
458.748 276708
458.754 276707
458.756 276704
458.758 276702
468.41 276696
471.605 276687
471.612 276677
471.622 276675
472.394 276674
472.402 276662
474.707 276656
474.807 276655
477.991 276650
477.995 276647
477.998 276631
478.005 276630
478.031 276628
478.05 276627
478.067 276625
478.074 276621
478.076 276620
478.105 276619
478.112 276616
478.115 276608
478.134 276606
478.135 276604
478.505 276603
478.506 276601
478.523 276592
478.526 276589
478.537 276586
478.539 276584
478.544 276581
478.619 276580
478.622 276579
478.916 276577
478.93 276576
479.005 276572
479.008 276563
479.011 276561
479.059 276555
479.074 276552
479.09 276549
483.528 276528
483.6 276525
483.603 276518
483.605 276516
484.111 276515
484.117 276514
484.136 276512
484.157 276510
484.167 276502
484.225 276496
484.232 276488
484.287 276484
484.303 276475
484.411 276472
484.52 276463
484.528 276459
484.531 276450
484.6 276449
484.766 276444
484.774 276440
485.37 276435
485.381 276429
485.394 276428
485.395 276426
485.399 276420
485.428 276418
485.471 276417
485.478 276406
485.48 276392
485.484 276390
485.559 276384
485.576 276377
485.587 276369
486.119 276362
486.124 276361
486.126 276357
486.152 276351
486.178 276328
486.179 276320
486.181 276318
486.32 276317
486.338 276311
491.414 276305
491.424 276302
491.428 276300
491.516 276296
491.519 276291
491.544 276289
491.546 276288
491.549 276279
491.565 276269
491.57 276259
491.578 276258
491.621 276253
491.622 276249
491.632 276242
491.637 276238
491.656 276237
491.659 276234
491.667 276227
491.678 276226
491.684 276216
492.885 276211
492.888 276210
492.902 276207
492.912 276206
492.917 276200
492.973 276193
492.977 276189
493.011 276186
493.014 276185
493.018 276181
493.033 276179
493.042 276178
493.105 276176
493.114 276172
493.119 276170
493.313 276167
493.32 276166
493.524 276149
493.537 276139
493.544 276138
493.563 276137
493.567 276135
493.611 276131
493.615 276126
494.349 276124
494.366 276121
494.377 276117
494.387 276114
494.46 276113
494.462 276112
494.464 276109
494.469 276107
494.473 276101
494.476 276099
494.503 276093
494.518 276088
494.521 276086
494.535 276083
494.537 276082
494.576 276079
496.503 276076
496.51 276074
496.85 276072
497.404 276062
497.409 276060
497.43 276044
497.459 276043
497.466 276042
497.487 276035
497.503 276025
497.597 276023
497.598 276020
498.512 276019
498.519 276011
498.524 276009
498.531 276005
498.542 276002
498.636 275996
498.64 275992
498.641 275987
498.659 275984
498.663 275978
498.665 275976
498.679 275966
498.698 275964
498.708 275962
498.714 275960
498.717 275954
498.747 275952
499.226 275948
499.245 275945
500.623 275931
500.627 275921
500.63 275920
500.642 275917
500.824 275914
500.864 275912
500.878 275911
500.894 275907
500.91 275904
500.914 275903
500.917 275896
500.965 275889
500.972 275882
501.112 275880
501.116 275879
501.122 275867
501.329 275864
501.399 275862
504.602 275857
504.622 275845
504.627 275841
504.648 275835
504.65 275832
504.655 275827
504.709 275819
504.717 275816
504.749 275791
511.423 275790
511.426 275770
511.432 275758
511.447 275757
511.451 275755
511.636 275753
511.663 275746
511.676 275741
511.678 275738
511.682 275736
511.688 275729
511.696 275727
519.355 275725
519.364 275723
519.374 275722
519.378 275721
519.386 275717
519.417 275711
519.423 275703
519.425 275702
519.549 275701
519.616 275699
519.631 275695
519.645 275693
519.647 275690
519.648 275689
519.699 275681
519.708 275675
519.739 275673
519.744 275666
519.746 275665
519.758 275663
519.76 275661
519.762 275660
519.768 275652
519.777 275651
519.807 275649
520.679 275648
520.854 275642
520.856 275631
521.051 275630
521.722 275623
521.74 275620
521.759 275619
521.768 275618
521.771 275610
521.79 275604
521.798 275600
521.889 275598
521.895 275594
521.9 275592
521.905 275589
521.907 275582
522.212 275580
522.263 275571
522.268 275570
522.271 275564
522.274 275563
522.277 275551
522.288 275546
523.332 275536
523.334 275530
523.34 275525
523.343 275517
523.344 275515
525.497 275513
525.623 275512
525.646 275504
525.652 275502
525.673 275496
525.677 275492
525.679 275491
525.68 275489
525.739 275486
525.778 275484
525.81 275476
525.837 275474
525.838 275467
525.898 275462
525.909 275461
526.727 275460
526.934 275448
527.024 275435
527.047 275432
527.048 275426
527.227 275417
527.27 275405
527.278 275404
527.281 275402
527.289 275401
527.29 275395
527.387 275392
527.405 275388
527.426 275385
527.429 275384
527.962 275380
527.964 275375
527.97 275367
527.983 275366
528.011 275362
528.06 275356
528.062 275351
528.811 275347
528.813 275328
528.937 275326
528.955 275321
528.958 275318
528.966 275311
528.974 275288
529.292 275287
529.353 275285
529.375 275284
529.377 275273
529.489 275269
529.498 275267
529.499 275264
529.502 275262
529.505 275257
529.511 275256
529.517 275253
529.529 275251
529.594 275240
529.598 275239
529.6 275237
529.623 275230
542.221 275220
542.225 275218
542.817 275216
542.823 275214
542.842 275210
542.845 275203
542.878 275201
543.019 275199
543.021 275196
543.068 275193
543.07 275192
543.094 275169
543.099 275165
543.149 275163
543.419 275160
543.432 275149
543.438 275137
543.44 275136
543.446 275133
543.456 275123
543.47 275121
543.478 275109
543.498 275105
543.5 275104
543.516 275102
543.523 275089
543.538 275088
543.541 275087
543.562 275079
543.765 275073
543.774 275072
543.775 275071
543.786 275062
543.795 275042
543.796 275034
543.802 275029
543.898 275022
546.717 275015
546.803 275013
546.805 275001
546.808 275000
546.838 274999
546.842 274998
546.843 274997
546.855 274995
546.891 274994
546.928 274993
549.496 274976
549.499 274974
549.525 274967
549.783 274965
549.797 274964
549.946 274961
549.95 274957
549.968 274955
549.969 274953
549.972 274951
549.98 274946
549.996 274945
550.106 274941
550.204 274940
550.212 274938
550.235 274937
550.249 274933
555.614 274925
555.662 274923
555.679 274914
555.69 274911
555.694 274907
555.712 274906
555.781 274903
556.164 274884
556.178 274883
556.192 274879
556.201 274874
556.218 274873
556.252 274872
556.31 274871
556.315 274867
556.334 274864
556.412 274863
556.416 274860
556.42 274859
556.455 274857
556.469 274845
556.474 274844
556.512 274843
556.515 274841
556.561 274839
556.592 274838
556.595 274832
556.625 274829
558.236 274827
558.333 274825
558.339 274822
558.341 274819
558.342 274817
558.623 274813
558.63 274811
559.296 274807
559.316 274799
559.319 274796
559.342 274793
559.353 274791
559.354 274789
559.365 274784
559.37 274782
561.259 274776
561.265 274771
561.266 274767
561.276 274766
561.279 274763
561.282 274756
561.289 274753
561.378 274746
561.39 274743
561.394 274739
561.414 274737
561.425 274730
561.448 274726
561.478 274723
561.505 274721
562.099 274716
562.104 274712
562.119 274707
562.127 274705
562.16 274702
562.162 274700
562.173 274693
562.179 274688
562.201 274685
562.227 274680
562.233 274674
562.264 274667
562.268 274653
562.775 274652
562.821 274651
566.941 274650
566.95 274649
567.183 274648
567.2 274644
567.205 274641
567.22 274639
567.228 274636
567.93 274633
567.932 274626
567.938 274625
567.953 274623
567.957 274617
567.974 274616
567.991 274614
568.007 274610
568.014 274597
568.017 274592
568.019 274585
568.031 274580
568.075 274579
568.106 274577
568.109 274572
568.185 274570
568.194 274560
568.232 274549
568.254 274548
568.261 274544
568.262 274543
572.888 274540
572.895 274538
572.904 274535
573.148 274533
573.157 274528
576.696 274527
576.703 274526
577.133 274523
577.174 274522
577.176 274521
577.197 274518
577.198 274512
577.263 274506
577.266 274504
577.271 274500
577.373 274492
577.384 274488
577.398 274487
577.413 274484
577.865 274483
577.9 274478
577.902 274473
578.078 274464
578.198 274459
579.521 274453
579.532 274452
579.544 274451
579.554 274448
579.7 274446
579.728 274445
580.339 274441
580.343 274437
580.347 274436
580.35 274432
580.456 274430
580.461 274426
580.474 274425
582.03 274424
582.033 274423
582.037 274421
582.04 274419
582.05 274415
582.132 274413
582.134 274397
582.142 274394
582.143 274391
582.151 274388
582.958 274384
583 274382
583.008 274375
583.015 274373
583.022 274366
583.365 274364
584.927 274359
585.114 274350
585.118 274349
585.12 274346
585.138 274343
585.149 274339
585.15 274338
585.168 274337
585.242 274336
585.255 274329
585.26 274327
585.275 274322
585.281 274311
585.29 274310
585.293 274308
585.312 274307
585.339 274301
585.352 274297
585.354 274290
585.359 274289
585.392 274286
585.394 274285
585.437 274284
585.443 274281
585.449 274267
585.475 274263
585.505 274260
585.526 274258
585.535 274255
585.573 274251
585.574 274249
585.582 274244
585.593 274240
585.606 274230
585.683 274219
585.722 274206
585.725 274205
602.262 274199
602.294 274190
602.356 274183
602.368 274179
602.379 274178
602.389 274174
602.578 274169
602.967 274167
603.181 274166
603.182 274163
603.219 274155
603.227 274150
603.241 274147
603.244 274146
603.28 274145
603.308 274137
603.315 274135
603.319 274132
603.328 274125
604.947 274121
605.186 274116
605.198 274112
605.211 274111
605.22 274109
605.513 274107
605.562 274102
605.572 274098
606.247 274096
606.252 274095
606.293 274094
606.302 274091
606.306 274088
606.312 274084
606.43 274081
606.442 274079
606.453 274063
606.59 274060
606.595 274056
606.599 274049
606.658 274046
606.67 274045
606.671 274044
606.686 274042
606.689 274040
606.71 274038
606.728 274037
606.736 274036
606.763 274034
606.764 274026
606.823 274017
606.84 274015
606.846 274012
606.851 274003
607.771 274002
607.844 273993
607.849 273989
607.85 273981
607.852 273979
607.866 273976
607.869 273967
607.875 273957
607.879 273951
607.938 273942
607.947 273940
607.948 273938
607.95 273936
607.974 273935
607.993 273934
608.003 273931
608.008 273915
608.014 273910
608.022 273907
611.057 273905
611.085 273901
611.091 273898
615.926 273892
615.928 273889
615.935 273883
615.94 273880
615.942 273879
615.99 273873
615.997 273871
616.005 273869
616.011 273863
616.022 273857
616.086 273856
616.115 273848
616.123 273841
617.718 273840
617.72 273839
617.756 273835
617.763 273833
617.776 273830
617.778 273816
617.789 273815
619.088 273801
619.097 273790
619.272 273789
619.287 273785
619.306 273784
619.329 273778
619.344 273774
619.355 273770
620.016 273769
620.024 273760
620.037 273756
620.045 273750
620.049 273749
620.057 273748
620.088 273747
620.098 273742
620.277 273740
620.283 273738
620.318 273733
620.325 273729
620.327 273728
620.344 273723
620.38 273720
620.996 273715
621.009 273713
621.011 273711
621.729 273709
621.748 273707
621.757 273706
621.767 273701
623.618 273700
627.358 273699
627.533 273695
627.536 273687
627.545 273682
627.551 273679
627.636 273677
627.655 273675
627.658 273671
627.665 273664
627.711 273663
628.386 273662
630.747 273657
630.831 273656
630.867 273654
630.911 273651
630.918 273639
630.975 273638
630.979 273636
630.985 273634
630.999 273633
631.016 273626
631.16 273622
631.173 273621
631.197 273620
631.545 273614
631.549 273613
631.555 273611
631.625 273607
631.639 273605
631.696 273602
631.706 273601
631.712 273594
631.744 273593
631.777 273589
632.195 273584
632.214 273582
632.247 273578
632.264 273565
632.913 273564
632.947 273562
632.958 273557
632.961 273556
633.66 273547
633.684 273546
633.694 273533
633.7 273531
633.706 273525
633.714 273523
633.715 273522
633.729 273518
635.682 273514
635.697 273511
635.701 273509
635.704 273505
635.719 273501
635.726 273494
635.729 273490
635.785 273484
636.486 273480
636.502 273479
636.508 273475
636.518 273474
636.532 273463
638.216 273462
638.356 273461
638.379 273457
638.437 273452
638.473 273449
638.495 273448
638.501 273447
638.508 273441
638.519 273436
638.522 273431
638.527 273429
638.554 273427
638.592 273426
638.633 273423
638.653 273417
638.657 273414
638.674 273412
638.702 273409
638.707 273404
638.717 273400
638.755 273396
638.764 273393
638.775 273392
638.786 273388
638.837 273387
638.867 273380
638.879 273379
639.03 273373
639.04 273371
639.054 273370
639.055 273367
639.065 273365
639.074 273363
639.076 273360
647.905 273353
647.915 273350
647.935 273349
647.959 273347
647.968 273345
647.969 273344
648.002 273339
648.004 273338
648.015 273333
648.019 273324
648.053 273322
650.75 273316
650.76 273309
650.958 273308
651.097 273305
651.099 273302
651.103 273301
652.571 273298
652.572 273294
652.639 273292
652.646 273286
652.678 273282
652.688 273278
654.611 273277
654.632 273276
654.636 273273
654.641 273266
654.673 273265
654.871 273264
654.876 273263
654.921 273258
654.933 273252
654.956 273251
654.961 273247
654.995 273245
655.943 273244
655.967 273242
656.106 273241
657.26 273236
657.266 273226
657.272 273225
657.328 273221
658.823 273220
658.852 273212
659.019 273209
659.501 273208
659.57 273204
659.617 273201
659.631 273199
663.675 273195
663.702 273191
663.72 273189
664.588 273182
664.592 273179
664.594 273178
664.631 273167
664.659 273163
664.715 273160
664.752 273152
665.074 273151
665.103 273148
665.176 273144
665.2 273140
665.211 273138
665.399 273136
665.425 273135
665.44 273132
665.45 273124
665.455 273122
665.489 273121
665.505 273120
665.508 273118
665.53 273103
665.533 273101
665.535 273100
665.549 273092
665.554 273089
665.681 273083
665.689 273081
665.691 273079
666.04 273078
666.043 273065
666.295 273062
667.352 273060
667.392 273058
667.401 273056
667.524 273052
667.525 273050
667.558 273049
667.759 273048
667.77 273044
667.773 273035
668.47 273034
668.473 273025
668.479 273018
669.04 273014
669.069 273013
669.07 273012
669.088 273009
669.096 273006
669.099 272999
669.928 272994
669.955 272992
669.957 272985
670.013 272984
670.087 272983
672.375 272979
672.395 272977
672.441 272974
672.467 272971
672.588 272966
672.85 272964
672.855 272960
672.873 272951
673.621 272950
673.641 272948
673.652 272947
673.662 272941
673.713 272934
673.716 272930
673.734 272929
673.737 272927
675.637 272925
675.648 272923
675.809 272918
675.811 272910
675.972 272909
675.977 272902
675.987 272901
675.996 272897
676.182 272895
676.185 272891
676.189 272888
683.196 272879
683.218 272876
683.623 272874
683.628 272871
683.634 272866
684.354 272859
684.36 272853
684.388 272850
684.398 272845
684.416 272844
684.425 272843
684.44 272840
684.659 272838
684.673 272833
684.688 272830
684.698 272828
684.708 272827
685.249 272825
685.459 272821
686.122 272817
686.156 272816
686.176 272815
686.188 272814
686.2 272813
686.345 272809
686.349 272807
686.514 272805
686.525 272804
686.547 272801
686.557 272800
686.571 272797
686.578 272795
686.615 272793
687.025 272792
687.914 272790
687.938 272789
687.941 272788
687.943 272787
687.946 272786
688.477 272782
688.48 272775
688.497 272774
688.528 272772
688.607 272771
689.232 272769
689.264 272768
689.3 272766
689.305 272761
689.314 272760
689.338 272757
689.378 272753
689.432 272752
689.438 272749
689.562 272747
689.578 272746
689.801 272740
689.807 272738
689.896 272735
689.915 272733
689.918 272731
690.643 272726
690.647 272723
690.657 272721
690.673 272720
690.683 272713
690.713 272711
690.718 272709
690.752 272708
690.874 272707
691.005 272704
691.017 272702
691.019 272695
691.028 272693
691.039 272690
692.897 272687
693.088 272684
693.23 272683
694.315 272682
694.317 272680
694.357 272675
694.364 272674
694.371 272671
694.38 272670
694.452 272669
694.739 272667
694.757 272662
694.765 272661
694.797 272656
694.8 272655
694.809 272653
694.827 272652
694.829 272650
694.902 272649
695.01 272648
695.011 272647
695.015 272644
695.246 272637
695.332 272636
695.346 272635
695.449 272634
695.538 272632
695.556 272630
695.581 272625
698.807 272616
698.816 272610
701.103 272608
701.42 272607
701.423 272606
701.439 272605
701.469 272602
701.47 272601
701.473 272596
701.743 272595
701.751 272592
703.904 272590
703.918 272589
703.972 272583
704.043 272582
704.044 272577
705.03 272576
705.038 272574
705.055 272569
705.058 272568
705.063 272565
707.483 272564
707.484 272562
707.848 272561
707.855 272553
707.869 272546
708.101 272543
708.124 272540
708.264 272534
708.33 272531
708.404 272525
708.407 272522
708.43 272512
708.434 272510
708.436 272503
708.447 272502
708.463 272499
708.707 272497
708.714 272494
711.216 272493
711.236 272488
711.256 272487
711.272 272485
711.305 272484
711.314 272483
711.431 272482
711.432 272478
711.455 272476
711.489 272474
711.499 272471
711.507 272469
711.52 272468
711.533 272467
711.732 272466
711.802 272464
711.872 272460
711.961 272459
712.153 272454
712.207 272453
712.3 272451
712.344 272448
712.629 272447
712.706 272446
712.742 272443
712.853 272442
712.927 272440
713.008 272439
713.259 272438
713.538 272437
713.643 272435
713.922 272425
713.936 272424
714.004 272422
714.179 272421
714.215 272419
714.226 272418
714.266 272416
715.102 272415
715.11 272413
715.116 272410
715.135 272408
715.142 272406
715.185 272401
715.189 272400
715.226 272399
715.232 272398
715.312 272397
715.478 272396
715.506 272393
715.508 272390
715.515 272388
715.579 272375
715.748 272374
715.764 272373
715.804 272362
715.861 272360
715.884 272359
715.911 272358
715.94 272357
721.572 272354
721.577 272346
725.11 272344
725.119 272342
725.15 272341
725.698 272340
725.705 272337
725.712 272336
730.671 272331
730.683 272330
730.697 272327
730.744 272326
730.759 272325
731.132 272323
731.199 272322
731.615 272320
731.641 272318
731.668 272316
731.671 272312
731.679 272310
731.745 272308
731.746 272307
731.762 272306
731.879 272304
731.885 272300
732.091 272297
732.405 272296
732.415 272291
733.98 272287
733.989 272286
734.091 272283
734.142 272282
734.205 272281
734.291 272278
734.298 272277
734.486 272275
734.513 272274
734.524 272273
734.564 272269
734.584 272268
734.616 272266
734.672 272265
734.674 272263
734.702 272261
734.73 272259
734.818 272257
734.824 272251
734.826 272250
735.061 272249
735.086 272246
735.097 272245
735.157 272237
736.469 272236
736.479 272235
736.506 272229
736.51 272228
736.538 272222
736.595 272221
736.607 272215
736.628 272214
736.644 272212
736.671 272211
737.713 272210
737.739 272207
737.747 272202
737.831 272196
737.868 272191
738.38 272188
738.383 272187
738.472 272186
738.594 272184
738.636 272182
738.655 272180
738.677 272178
738.71 272177
764.495 272175
764.509 272173
764.539 272172
764.597 272168
764.656 272166
764.663 272161
764.733 272159
764.819 272158
764.835 272156
764.847 272154
765.461 272152
765.54 272149
765.543 272148
765.574 272147
767.373 272145
767.401 272143
767.423 272141
767.438 272139
767.468 272136
767.533 272133
767.554 272129
767.564 272126
767.586 272121
767.592 272119
768.546 272117
768.594 272115
768.599 272112
768.608 272110
769.404 272108
769.429 272107
769.461 272106
771.665 272105
771.699 272100
771.715 272098
771.76 272097
771.8 272094
771.825 272092
771.872 272091
771.877 272088
771.888 272087
771.9 272086
772.008 272084
772.018 272083
772.025 272080
772.045 272079
772.046 272076
772.707 272075
772.713 272071
772.764 272068
772.777 272065
772.889 272064
773.396 272063
773.402 272062
773.422 272061
773.475 272060
773.502 272058
773.524 272057
773.603 272055
773.607 272054
773.686 272051
773.694 272050
773.728 272049
774.626 272048
774.656 272047
774.7 272043
774.722 272042
774.74 272039
774.75 272036
774.762 272033
774.79 272031
774.816 272030
774.819 272028
774.826 272026
774.83 272025
774.91 272023
774.968 272020
775.074 272019
775.088 272018
775.098 272016
775.118 272015
775.137 272007
775.177 272005
775.201 272004
775.251 272002
775.334 272001
775.942 271999
775.948 271997
776.055 271996
776.352 271995
776.365 271994
776.436 271992
776.472 271991
778.225 271987
778.229 271985
778.25 271984
778.258 271983
779.079 271982
779.096 271979
779.102 271978
779.191 271977
779.213 271976
779.288 271972
779.399 271969
779.508 271968
779.526 271966
779.538 271965
785.879 271963
785.882 271962
785.939 271959
786.191 271958
786.206 271956
786.628 271951
786.723 271948
786.734 271945
786.778 271943
786.782 271941
786.796 271939
786.83 271938
786.838 271937
786.971 271935
787.409 271934
787.574 271933
787.614 271931
787.619 271930
787.682 271927
787.695 271926
787.819 271923
787.882 271922
787.9 271920
787.914 271919
787.922 271916
787.936 271914
787.963 271912
787.994 271911
787.997 271907
788.021 271906
788.046 271905
788.08 271903
788.105 271897
788.111 271894
788.129 271890
788.145 271888
788.279 271887
788.297 271883
788.308 271877
802.536 271872
803.526 271870
803.55 271869
804.254 271866
804.396 271865
805.387 271861
805.46 271860
805.488 271858
805.987 271857
806.001 271855
806.08 271851
806.097 271850
806.277 271846
806.346 271842
807.085 271839
807.102 271838
807.11 271836
807.302 271834
807.34 271833
807.383 271832
807.522 271825
807.533 271824
808.411 271823
808.751 271820
808.79 271819
808.793 271815
808.819 271812
809.625 271811
809.683 271810
810.313 271809
811.401 271808
811.424 271807
811.444 271805
811.789 271804
813.545 271801
813.64 271799
813.653 271797
813.686 271795
813.94 271794
813.974 271791
814.034 271790
814.136 271789
814.149 271787
814.306 271784
814.312 271783
816.902 271782
816.936 271781
816.944 271780
817.223 271779
817.295 271778
817.347 271777
817.365 271776
817.366 271774
818.184 271773
818.223 271771
818.525 271770
818.626 271769
818.631 271768
818.658 271767
818.681 271766
818.748 271765
818.751 271764
818.768 271763
818.796 271762
818.843 271759
820.368 271758
820.612 271756
820.62 271754
821.224 271750
821.225 271749
821.578 271748
821.597 271747
821.789 271745
821.896 271744
822.106 271743
822.124 271740
822.142 271739
822.145 271736
822.177 271733
822.211 271732
822.283 271731
822.313 271730
822.354 271729
822.441 271728
822.534 271727
822.564 271722
822.565 271721
822.606 271720
822.64 271719
822.66 271716
822.705 271715
822.734 271713
822.77 271712
822.787 271711
822.794 271710
822.844 271709
822.868 271705
823.466 271704
823.47 271698
823.481 271697
823.488 271696
824.289 271694
824.313 271693
824.618 271692
824.643 271691
824.735 271688
824.751 271686
824.844 271684
825.322 271683
825.453 271682
826.903 271681
826.951 271679
827.138 271677
827.962 271675
827.964 271673
828.787 271672
828.933 271670
828.942 271669
828.952 271666
829.929 271664
829.935 271662
831.674 271660
831.677 271659
832.557 271658
832.611 271657
832.878 271655
832.963 271654
832.975 271653
833.111 271652
833.137 271650
833.145 271649
833.163 271647
833.258 271645
834.239 271644
834.295 271643
834.348 271641
834.407 271639
834.428 271638
834.514 271637
835.123 271635
835.15 271634
836.343 271628
836.346 271626
836.788 271625
842.788 271624
842.815 271620
842.829 271618
846.265 271616
846.272 271614
846.657 271613
846.685 271612
847.049 271611
847.072 271610
848.658 271609
850.197 271603
850.347 271602
850.812 271598
850.912 271596
851.112 271592
851.374 271588
851.378 271587
851.409 271586
851.412 271584
851.485 271583
851.994 271582
852.683 271581
852.949 271580
853.075 271579
853.179 271578
853.187 271576
853.193 271575
853.228 271574
853.349 271573
853.424 271572
853.447 271570
853.515 271568
853.69 271567
853.708 271566
853.908 271565
853.936 271564
859.485 271563
859.667 271561
860.66 271558
860.672 271557
861.245 271556
861.556 271553
861.719 271551
861.942 271547
861.972 271546
861.986 271545
862.165 271544
862.227 271543
864.518 271542
864.541 271541
864.579 271540
864.703 271536
864.769 271532
865.201 271531
865.317 271530
865.339 271529
865.6 271528
865.713 271525
865.862 271524
865.96 271523
866.323 271522
866.582 271520
866.932 271516
866.955 271515
866.979 271512
867.018 271508
867.527 271505
867.61 271504
867.709 271503
867.722 271502
869.304 271500
869.338 271498
869.434 271497
869.537 271496
869.58 271494
874.441 271492
874.726 271490
874.745 271489
874.76 271487
874.914 271485
874.921 271482
875.022 271479
875.092 271478
875.121 271477
875.181 271475
875.19 271474
878.019 271473
878.969 271472
879.042 271469
879.17 271468
879.255 271467
879.285 271465
879.29 271463
879.311 271460
880.304 271459
880.386 271458
880.907 271456
881.037 271455
881.603 271454
881.903 271452
882.7 271451
882.768 271443
882.848 271440
882.95 271439
882.997 271438
883.049 271437
883.283 271435
883.397 271432
883.524 271430
883.569 271429
889.219 271427
889.436 271425
889.442 271424
889.716 271423
889.73 271422
889.766 271421
891.326 271419
892.337 271418
892.52 271416
892.916 271415
893.154 271414
893.192 271413
893.282 271412
893.283 271411
893.372 271410
895.75 271409
895.771 271408
895.82 271406
895.837 271405
895.841 271404
895.916 271403
895.943 271402
896.819 271401
896.865 271400
896.886 271399
896.94 271398
897.004 271396
897.008 271395
897.195 271394
897.367 271391
897.509 271390
897.589 271389
897.712 271388
898.817 271387
900.306 271386
900.342 271385
900.349 271382
900.374 271381
900.381 271380
901.02 271379
901.28 271372
901.32 271370
901.373 271368
901.387 271361
901.451 271360
901.51 271357
901.549 271356
901.561 271352
901.646 271351
901.707 271350
901.889 271349
901.935 271345
902.035 271344
902.157 271341
902.341 271340
902.474 271339
902.508 271337
903.398 271336
903.635 271335
903.726 271330
903.768 271329
903.838 271328
903.86 271326
905.29 271324
908.309 271322
908.328 271320
908.403 271318
908.68 271315
908.689 271314
908.798 271313
908.8 271312
909.906 271311
909.925 271310
929.127 271309
929.135 271303
929.49 271300
931.364 271299
931.51 271298
931.58 271297
931.598 271296
933.152 271294
933.161 271293
933.205 271292
933.281 271291
933.336 271287
933.991 271286
934.021 271285
934.152 271284
934.506 271283
934.556 271282
934.587 271280
934.791 271275
937.838 271274
939.006 271273
939.041 271272
939.072 271268
939.214 271260
939.257 271259
939.29 271257
939.366 271254
939.373 271252
939.582 271251
939.842 271250
939.941 271249
945.649 271248
946.004 271247
946.019 271246
946.078 271245
946.168 271244
946.492 271243
946.741 271242
946.805 271241
948.231 271238
948.263 271237
948.378 271236
948.499 271235
948.761 271234
948.867 271233
949.074 271231
949.74 271230
949.753 271228
949.772 271227
950.63 271226
950.791 271222
954.566 271221
954.598 271220
955.469 271218
955.739 271217
955.773 271215
955.823 271214
956.716 271213
956.856 271212
956.998 271211
957.063 271210
957.11 271209
957.276 271208
958.274 271207
963.899 271206
964.323 271205
964.827 271204
964.984 271203
967.318 271201
967.398 271200
967.516 271198
968.954 271196
969.019 271195
969.344 271193
969.371 271192
969.543 271191
969.577 271190
969.579 271189
970.251 271188
970.316 271187
970.419 271186
970.459 271185
970.553 271183
970.593 271182
970.715 271181
972.002 271178
972.283 271177
972.333 271175
972.592 271173
972.639 271172
972.656 271171
972.992 271170
973.02 271169
973.024 271168
973.084 271166
973.156 271165
974.197 271161
974.445 271160
974.494 271159
974.526 271157
974.766 271156
976.969 271155
978.765 271154
978.845 271152
978.865 271151
994.174 271150
994.324 271149
994.331 271148
996.123 271146
996.464 271144
996.495 271143
996.869 271142
996.87 271141
997.11 271140
997.17 271139
997.379 271138
997.639 271137
998.714 271136
999.327 271134
1000.24 271129
1000.3 271128
1000.56 271127
1000.6 271126
1000.93 271125
1003.79 271124
1003.83 271122
1003.83 271121
1004.17 271117
1005.03 271116
1005.15 271115
1006.02 271114
1006.09 271113
1006.27 271112
1008.64 271109
1010.45 271108
1010.61 271107
1011.05 271106
1011.38 271105
1011.99 271103
1012.01 271102
1012.2 271101
1012.27 271099
1012.56 271098
1012.76 271097
1012.84 271096
1013.09 271094
1013.64 271093
1015.2 271092
1015.39 271091
1015.52 271090
1015.83 271089
1022.63 271088
1022.78 271087
1022.8 271086
1024.2 271085
1024.5 271084
1024.65 271083
1024.74 271082
1024.93 271081
1025.8 271079
1025.85 271077
1025.93 271076
1033.88 271075
1033.88 271073
1035.81 271072
1037.7 271070
1037.84 271069
1038.72 271068
1038.77 271067
1038.89 271066
1040.93 271065
1041.13 271064
1041.16 271063
1041.43 271062
1047.51 271061
1047.52 271060
1048.06 271059
1048.1 271058
1049.51 271057
1049.76 271056
1051.44 271055
1053.28 271054
1053.62 271053
1053.84 271052
1055.4 271051
1055.67 271050
1055.77 271043
1059.09 271042
1059.62 271041
1065.96 271040
1065.99 271039
1066.68 271037
1068.51 271036
1069.48 271035
1069.95 271033
1069.97 271032
1070.57 271031
1070.65 271030
1071.12 271029
1071.99 271028
1075.89 271027
1076.26 271026
