3.616 287385
3.619 287349
3.62 287344
3.621 287327
3.623 287324
3.624 287315
3.625 287314
3.627 287301
3.628 287291
3.631 287256
3.633 287237
3.634 287228
3.635 287223
3.641 287221
3.643 287213
3.645 287200
3.646 287175
3.647 287149
3.649 287130
3.652 287086
3.653 287062
3.655 287033
3.656 287030
3.657 287020
3.659 287019
3.662 287009
3.663 287008
3.665 286995
3.666 286990
3.667 286984
3.675 286976
3.676 286960
3.678 286896
3.68 286884
3.682 286875
3.683 286874
3.687 286871
3.688 286851
3.69 286833
3.693 286819
3.694 286812
3.696 286811
3.697 286809
3.701 286805
3.702 286790
3.704 286787
3.705 286776
3.707 286775
3.71 286774
3.711 286756
3.713 286745
3.715 286737
3.717 286711
3.718 286699
3.72 286692
3.721 286684
3.723 286654
3.725 286607
3.728 286595
3.731 286588
3.732 286556
3.733 286544
3.735 286543
3.737 286535
3.739 286527
3.74 286509
3.744 286499
3.746 286454
3.747 286426
3.749 286424
3.75 286417
3.759 286401
3.76 286398
3.764 286388
3.765 286385
3.767 286367
3.768 286362
3.771 286354
3.774 286353
3.775 286347
3.788 286339
3.807 286302
3.808 286288
3.812 286274
3.813 286272
3.814 286271
3.816 286263
3.818 286256
3.824 286253
3.826 286252
3.827 286230
3.828 286226
3.83 286216
3.831 286213
3.832 286210
3.835 286178
3.837 286165
3.839 286158
3.84 286153
3.842 286142
3.843 286109
3.844 286089
3.848 286087
3.858 286082
3.859 286078
3.873 286000
3.875 285995
3.878 285994
3.879 285993
3.88 285991
3.883 285980
3.885 285934
3.886 285907
3.887 285899
3.889 285881
3.915 285859
3.916 285858
3.925 285841
3.927 285839
3.936 285782
3.937 285778
3.943 285774
3.947 285720
3.948 285716
3.952 285704
3.953 285693
3.955 285690
3.962 285669
3.964 285659
3.966 285647
3.967 285645
3.97 285615
3.973 285599
3.977 285596
3.979 285570
3.981 285519
3.982 285516
3.983 285511
3.984 285490
3.986 285487
3.992 285474
3.994 285467
3.995 285456
3.996 285447
3.999 285444
4.002 285437
4.003 285428
4.005 285421
4.006 285408
4.009 285372
4.01 285351
4.012 285350
4.013 285346
4.021 285275
4.023 285267
4.025 285257
4.027 285235
4.029 285233
4.03 285231
4.031 285228
4.033 285219
4.044 285189
4.124 285156
4.132 285127
4.133 285099
4.143 285059
4.147 285057
4.15 285041
4.152 285035
4.154 285029
4.16 285027
4.161 285008
4.166 284995
4.168 284994
4.17 284987
4.174 284954
4.175 284945
4.177 284933
4.178 284932
4.179 284931
4.182 284914
4.185 284905
4.187 284866
4.2 284854
4.203 284853
4.205 284837
4.206 284832
4.209 284829
4.212 284823
4.215 284818
4.217 284808
4.227 284804
4.228 284798
4.229 284796
4.239 284780
4.24 284774
4.242 284741
4.383 284734
4.384 284728
4.386 284724
4.387 284711
4.391 284707
4.392 284635
4.397 284631
4.402 284629
4.409 284623
4.411 284617
4.417 284605
4.419 284600
4.422 284572
4.432 284562
4.433 284555
5.14 284545
5.147 284531
5.323 284525
5.324 284523
5.332 284515
5.334 284511
192.571 284500
192.592 284466
192.626 284446
192.629 284443
192.631 284441
192.632 284434
192.636 284431
192.642 284428
192.645 284412
192.653 284411
192.663 284375
192.664 284367
192.666 284360
192.73 284359
192.733 284356
192.89 284349
192.955 284338
192.957 284332
192.958 284327
192.961 284325
192.963 284315
192.965 284309
192.967 284300
192.969 284289
192.97 284278
192.973 284259
192.983 284258
192.986 284255
192.996 284254
193.013 284249
193.018 284244
193.021 284238
193.022 284236
193.03 284222
193.033 284213
193.035 284207
193.037 284187
193.042 284185
193.043 284173
193.046 284168
193.05 284165
193.051 284158
193.064 284157
193.267 284154
193.269 284153
193.274 284127
193.29 284125
193.296 284124
193.302 284117
193.305 284106
193.329 284092
195.496 284074
195.497 284060
195.499 284056
195.5 284052
195.72 284043
195.73 284038
195.731 284036
195.74 284035
195.744 284029
195.751 284026
195.752 284024
195.755 284004
195.76 283999
195.765 283989
195.766 283982
195.768 283965
195.771 283961
195.775 283948
219.685 283940
219.688 283912
219.722 283900
219.726 283893
219.729 283886
219.73 283881
219.734 283875
220.017 283851
220.126 283838
220.128 283818
220.149 283799
220.154 283780
220.155 283779
220.158 283763
220.161 283757
220.166 283751
220.167 283738
220.171 283737
220.189 283693
220.463 283629
220.999 283622
221.001 283621
221.006 283612
221.016 283609
225.419 283607
225.422 283589
225.425 283586
225.428 283576
225.452 283572
225.459 283568
225.46 283553
225.474 283552
225.486 283551
225.488 283538
225.49 283526
225.844 283525
229.723 283522
229.752 283519
229.807 283518
229.808 283516
229.838 283494
229.84 283488
229.843 283485
229.848 283480
229.858 283478
229.861 283472
229.869 283454
229.872 283438
229.873 283423
229.881 283419
229.885 283415
229.888 283411
229.915 283402
229.921 283389
229.927 283387
229.93 283372
229.933 283341
229.934 283340
229.936 283337
229.937 283316
229.947 283311
229.949 283306
229.958 283296
229.975 283284
230.021 283264
230.028 283262
230.033 283259
230.034 283253
236.079 283252
236.097 283239
236.099 283237
236.277 283232
236.278 283230
236.615 283225
236.616 283220
236.619 283218
236.623 283215
236.634 283195
236.636 283180
236.637 283165
236.639 283152
236.643 283143
236.646 283140
236.65 283134
236.651 283118
236.69 283117
236.692 283115
244.06 283098
244.088 283096
244.09 283091
244.093 283089
244.095 283074
244.103 283063
244.112 283050
244.132 283036
244.139 283029
244.987 283024
245 283019
245.276 283018
245.298 282993
245.319 282984
245.323 282955
245.327 282943
245.329 282921
245.574 282909
245.579 282898
245.582 282893
245.605 282883
245.615 282881
246.23 282880
246.244 282864
246.245 282862
246.25 282841
246.252 282837
246.31 282832
246.32 282801
246.324 282794
246.327 282771
246.331 282769
246.334 282753
246.424 282740
246.44 282736
246.457 282735
246.466 282703
246.47 282702
246.502 282691
246.503 282683
246.92 282674
246.922 282664
246.927 282662
246.933 282656
246.944 282645
247.005 282638
247.006 282636
247.007 282622
247.024 282616
247.026 282615
247.028 282609
247.197 282592
247.202 282580
247.206 282576
247.212 282574
247.223 282571
247.23 282565
247.233 282561
247.235 282556
247.237 282552
247.239 282528
247.259 282512
247.3 282493
247.305 282490
247.984 282456
247.99 282452
247.991 282451
248.028 282431
248.03 282429
248.034 282427
248.049 282421
248.052 282416
248.054 282403
248.056 282398
253.67 282394
253.675 282391
253.691 282367
253.701 282361
253.718 282360
253.72 282346
253.722 282332
253.736 282328
253.753 282308
253.873 282279
253.875 282276
272.501 282275
272.505 282250
272.507 282244
272.51 282241
272.513 282213
272.519 282211
272.52 282210
272.975 282205
272.978 282164
272.988 282159
272.996 282155
272.997 282154
273.064 282152
273.065 282148
273.066 282146
273.07 282137
273.073 282098
273.074 282097
273.076 282094
273.08 282077
273.088 282072
273.101 282069
273.105 282067
273.107 282066
273.109 282045
273.111 282033
273.134 282032
273.137 282029
273.138 282022
273.146 282016
273.15 282010
273.152 282000
273.153 281987
273.716 281977
273.727 281951
273.73 281949
273.734 281944
273.758 281898
273.764 281895
273.767 281893
273.769 281883
273.786 281867
273.793 281863
273.806 281847
273.811 281840
273.812 281836
273.833 281827
273.837 281826
273.839 281825
273.841 281823
273.897 281808
273.921 281797
273.923 281757
273.925 281756
273.928 281752
274.138 281747
274.21 281738
274.215 281737
274.224 281735
274.231 281714
274.233 281710
277.769 281709
277.771 281707
277.778 281706
277.781 281703
277.787 281695
277.791 281668
278.7 281660
278.735 281648
278.737 281646
278.762 281642
278.765 281637
278.773 281633
278.779 281626
278.975 281602
278.978 281591
282.952 281579
282.953 281569
282.958 281568
282.96 281557
282.961 281541
282.966 281534
282.968 281523
282.969 281515
282.973 281510
282.981 281508
282.987 281498
283.004 281494
283.109 281448
283.11 281447
290.565 281435
290.566 281430
290.57 281420
290.88 281400
290.885 281399
290.894 281387
290.902 281378
290.905 281368
290.918 281363
290.946 281362
290.953 281358
290.959 281354
290.96 281348
290.962 281341
290.967 281326
290.97 281320
291.231 281308
291.267 281303
291.274 281302
291.276 281280
291.316 281273
291.318 281262
291.321 281258
291.323 281252
291.338 281246
291.346 281215
294.028 281206
294.033 281205
294.037 281204
294.049 281195
294.061 281189
294.064 281171
294.131 281168
294.133 281165
294.17 281157
294.185 281147
294.201 281139
294.22 281130
294.222 281101
294.228 281097
294.255 281083
294.39 281077
294.393 281076
294.395 281065
294.404 281063
294.405 281039
294.501 280986
294.504 280972
294.526 280971
294.537 280964
294.539 280962
295.752 280954
295.83 280937
295.836 280935
295.85 280932
295.852 280919
295.853 280912
295.911 280911
309.637 280889
309.64 280880
309.96 280874
310.074 280872
310.076 280870
310.078 280862
310.085 280857
310.09 280849
310.094 280838
310.1 280816
310.103 280809
310.104 280806
310.107 280798
310.112 280790
310.131 280786
310.141 280784
310.206 280778
310.216 280767
310.23 280761
310.231 280760
310.233 280758
310.24 280756
310.242 280750
316.106 280739
316.11 280724
316.112 280710
316.115 280696
316.39 280693
316.463 280690
316.466 280688
316.47 280687
316.471 280681
316.627 280680
316.63 280679
316.633 280656
316.727 280640
316.73 280637
316.747 280634
316.767 280629
316.781 280588
316.783 280584
316.819 280580
316.826 280575
323.674 280572
323.676 280568
323.685 280555
323.694 280538
333.092 280502
333.093 280501
333.095 280484
333.1 280470
333.108 280469
333.111 280460
333.188 280455
333.191 280452
333.192 280448
333.208 280439
333.219 280432
333.22 280431
333.222 280428
333.231 280426
333.233 280425
333.235 280412
333.243 280386
333.253 280382
333.257 280359
333.26 280358
333.261 280354
333.265 280346
333.308 280344
333.311 280341
333.313 280339
333.318 280335
333.324 280328
333.328 280326
333.335 280325
333.338 280323
333.339 280321
333.364 280308
335.873 280303
335.991 280302
336.032 280289
336.034 280288
336.039 280282
336.045 280275
336.058 280269
336.093 280268
336.095 280265
336.096 280263
336.098 280255
336.109 280253
336.111 280250
336.118 280248
336.178 280247
336.185 280242
336.191 280222
336.201 280220
336.237 280211
336.284 280197
336.924 280195
337.005 280194
337.011 280168
337.014 280167
337.017 280161
337.026 280156
337.029 280155
337.031 280151
337.119 280148
337.12 280142
337.13 280127
337.132 280122
337.139 280120
337.141 280112
337.152 280099
337.156 280098
337.16 280097
337.161 280091
337.163 280072
337.169 280066
337.171 280064
337.19 280058
337.192 280043
337.194 280041
337.197 280036
337.217 280033
337.222 280029
337.243 280025
337.245 280018
337.25 279998
337.257 279979
337.259 279967
337.267 279948
337.268 279941
337.271 279940
337.273 279932
337.296 279928
337.415 279924
337.684 279906
337.691 279872
337.704 279870
337.705 279836
337.716 279825
337.725 279822
337.727 279821
337.728 279815
337.742 279811
337.783 279802
338.04 279801
338.06 279800
338.068 279793
338.149 279785
338.155 279779
349.903 279769
349.917 279761
349.923 279751
350.073 279750
350.08 279744
350.091 279729
350.094 279728
355.437 279719
355.441 279717
355.443 279712
355.447 279707
355.45 279706
355.454 279704
355.458 279701
355.461 279689
355.47 279686
355.523 279660
361.237 279647
361.246 279641
361.253 279639
361.265 279637
361.268 279628
361.271 279622
361.284 279616
361.286 279614
361.36 279605
361.407 279603
361.415 279594
361.417 279591
361.42 279587
361.461 279563
361.772 279556
362.215 279550
362.22 279545
362.225 279539
362.227 279515
362.249 279503
362.254 279502
362.427 279493
362.44 279487
362.443 279486
362.444 279475
362.45 279462
362.454 279454
362.461 279451
362.585 279449
362.594 279446
362.597 279442
362.609 279440
362.618 279431
362.628 279430
365.641 279418
365.652 279416
365.654 279413
365.666 279405
365.687 279401
365.69 279392
365.696 279380
365.717 279377
365.72 279376
365.733 279375
365.735 279373
365.739 279354
366.154 279352
366.161 279325
366.229 279294
366.294 279288
366.301 279284
366.309 279281
366.315 279280
366.318 279279
366.322 279263
366.328 279260
366.388 279240
366.409 279238
366.434 279236
366.463 279233
366.464 279229
366.468 279227
366.475 279221
366.482 279212
366.485 279203
366.489 279188
366.517 279187
366.582 279186
367.287 279166
367.289 279164
367.292 279140
367.294 279139
367.454 279123
367.467 279120
367.469 279118
367.483 279099
367.486 279098
367.497 279097
367.643 279096
367.652 279083
367.653 279062
367.752 279059
367.781 279058
367.783 279056
367.827 279055
367.833 279053
367.845 279050
369.924 279045
369.936 279032
369.945 279030
369.948 279029
370.028 279015
370.032 279010
370.034 279008
370.038 279002
370.042 278995
370.347 278991
370.383 278989
370.387 278945
370.394 278939
370.46 278938
370.479 278937
370.488 278931
370.492 278928
370.945 278919
370.951 278901
370.955 278896
370.958 278892
370.972 278888
370.973 278879
371.454 278878
371.46 278877
371.465 278871
374.555 278843
374.559 278831
374.569 278792
374.572 278791
374.578 278784
374.592 278780
374.597 278774
374.614 278762
374.627 278761
374.629 278753
374.645 278739
375.485 278731
375.486 278728
375.493 278726
375.499 278719
376.234 278717
376.238 278712
376.239 278709
376.405 278702
376.423 278693
376.435 278688
376.442 278675
376.445 278672
376.448 278668
376.47 278660
376.471 278658
379.099 278652
379.101 278648
379.112 278631
379.114 278630
379.118 278624
379.228 278623
379.229 278622
379.232 278621
379.233 278603
379.241 278596
379.246 278595
379.36 278576
379.377 278570
379.38 278561
379.382 278558
379.386 278552
379.388 278551
379.392 278543
379.394 278542
379.396 278532
382.698 278530
382.7 278519
382.701 278517
382.713 278511
382.722 278510
383.827 278503
383.834 278496
383.836 278494
383.839 278475
383.844 278468
383.91 278467
384.128 278466
384.141 278464
384.157 278456
384.16 278451
384.162 278449
384.176 278436
384.186 278435
384.188 278434
384.205 278421
384.208 278418
384.228 278415
384.285 278410
384.289 278408
384.291 278407
384.3 278400
384.329 278396
384.334 278395
384.349 278391
384.351 278389
384.46 278385
384.464 278377
384.466 278371
384.473 278369
384.525 278361
384.527 278355
384.532 278347
384.534 278342
384.544 278330
384.545 278311
384.563 278310
384.564 278299
384.574 278292
384.577 278283
384.59 278258
384.597 278255
384.632 278252
384.687 278249
384.699 278244
384.704 278241
384.724 278236
384.726 278234
384.771 278233
384.774 278232
384.822 278228
384.824 278218
384.829 278207
384.841 278205
384.843 278198
384.845 278197
384.874 278192
384.877 278191
384.911 278185
384.917 278181
384.929 278172
384.937 278161
384.94 278159
384.952 278155
384.956 278153
385.025 278141
385.029 278139
385.042 278135
385.045 278126
385.34 278118
386.378 278117
386.393 278115
386.394 278092
386.396 278091
386.4 278088
386.403 278087
386.412 278078
386.424 278066
386.428 278063
386.43 278060
386.432 278056
386.478 278037
386.481 278033
386.535 278010
386.542 278009
386.568 278005
386.58 278003
386.598 277989
386.602 277987
386.604 277986
386.61 277966
386.891 277962
386.908 277961
386.945 277960
386.952 277959
386.956 277958
386.959 277950
386.961 277943
425.077 277931
425.085 277928
425.155 277927
425.165 277926
425.184 277918
425.19 277898
425.845 277895
425.857 277885
425.868 277880
425.922 277878
425.945 277868
428.292 277866
428.341 277860
428.346 277859
429.465 277858
429.508 277850
429.513 277841
429.845 277828
429.846 277820
429.858 277819
429.86 277817
429.866 277811
429.869 277810
429.877 277803
429.896 277802
429.898 277801
429.9 277797
429.902 277794
429.905 277793
429.916 277779
429.917 277776
429.929 277775
429.974 277765
429.977 277764
429.986 277763
430.287 277754
430.331 277742
430.337 277741
430.373 277731
430.397 277723
430.399 277712
430.403 277709
430.409 277708
430.414 277705
430.418 277702
430.428 277701
430.436 277694
430.439 277686
430.443 277682
430.447 277675
430.45 277671
430.556 277669
430.585 277668
430.837 277663
430.845 277653
430.858 277646
430.863 277644
430.873 277641
431.529 277633
431.53 277631
431.533 277628
431.592 277626
431.599 277618
431.601 277607
431.621 277594
431.625 277583
431.644 277576
431.65 277574
431.692 277569
431.699 277565
431.706 277562
431.711 277559
431.828 277554
431.83 277542
431.843 277541
431.853 277526
431.858 277525
431.869 277511
431.877 277509
431.879 277506
431.881 277501
431.942 277489
432.554 277488
436.515 277487
436.519 277463
436.524 277456
436.537 277455
436.553 277449
436.562 277439
436.566 277435
436.731 277427
436.836 277426
436.841 277424
436.842 277423
436.844 277422
436.846 277421
436.852 277402
437.723 277397
437.724 277390
437.737 277387
437.76 277383
437.764 277381
437.765 277374
437.769 277358
437.772 277352
438.469 277344
438.5 277342
438.513 277341
438.519 277338
438.522 277328
438.529 277322
438.845 277309
438.851 277306
438.856 277305
438.86 277296
438.866 277291
438.869 277275
438.87 277270
438.884 277260
438.886 277255
438.888 277254
439.035 277253
439.054 277250
439.064 277239
439.073 277236
439.085 277235
439.118 277226
439.119 277224
439.151 277220
439.155 277219
439.162 277206
439.166 277203
439.168 277200
439.173 277199
439.604 277196
442.653 277187
442.656 277186
442.692 277179
443.223 277176
443.24 277134
443.252 277132
443.254 277130
443.255 277127
443.258 277126
443.262 277109
443.265 277098
443.267 277090
443.281 277089
443.29 277087
443.302 277082
443.316 277077
443.329 277073
444.217 277071
444.24 277069
444.264 277068
444.28 277064
444.282 277062
444.344 277061
444.367 277055
444.368 277036
444.698 277032
444.701 277030
444.725 277028
444.737 277020
444.739 277017
444.743 277016
444.744 277015
451.516 276999
451.636 276998
451.644 276994
451.879 276989
451.886 276988
451.887 276986
451.898 276982
451.9 276981
451.904 276980
451.907 276978
451.908 276970
451.912 276962
451.915 276960
451.918 276950
451.921 276940
451.926 276933
452.074 276932
452.101 276928
452.102 276927
452.127 276925
452.14 276924
452.144 276910
452.157 276902
459.24 276894
459.247 276889
459.25 276887
459.848 276884
459.849 276874
459.856 276865
459.881 276860
459.937 276853
460.026 276849
460.043 276848
460.059 276841
460.139 276840
460.142 276839
460.154 276826
460.155 276824
460.169 276821
460.231 276816
460.356 276813
460.357 276799
460.37 276797
460.38 276787
460.404 276782
460.415 276776
460.795 276774
460.806 276764
460.814 276753
460.887 276751
460.889 276745
460.939 276741
460.941 276737
460.942 276735
460.948 276725
460.951 276712
460.963 276707
460.968 276694
460.971 276693
460.988 276688
460.99 276682
460.992 276675
461.002 276662
461.004 276651
461.007 276620
461.033 276607
461.069 276603
461.112 276597
461.113 276594
461.116 276583
461.157 276576
461.162 276572
461.17 276571
469.956 276565
469.959 276563
469.971 276562
469.973 276555
469.978 276553
470.008 276538
470.028 276533
470.112 276530
470.131 276523
470.137 276520
470.147 276518
470.187 276516
470.191 276508
470.194 276498
471.204 276495
471.211 276492
471.212 276490
472.967 276489
472.978 276488
472.988 276474
472.999 276473
473.002 276472
473.304 276467
473.307 276460
473.317 276454
473.319 276452
473.847 276449
473.849 276443
473.856 276439
474.033 276432
474.089 276429
474.098 276412
474.102 276408
474.104 276406
474.162 276403
474.248 276394
474.252 276393
474.261 276388
474.266 276381
474.302 276380
474.319 276379
474.327 276378
474.441 276373
475.915 276371
475.917 276369
475.946 276364
475.948 276358
475.956 276355
475.981 276354
475.983 276352
475.986 276335
475.992 276334
475.994 276333
476.001 276330
476.008 276326
476.03 276316
476.052 276306
476.54 276285
476.619 276282
476.623 276276
476.646 276272
476.655 276270
476.704 276264
476.71 276260
476.718 276242
476.752 276233
476.754 276226
476.757 276222
476.759 276214
476.769 276201
476.829 276195
476.832 276185
476.857 276182
476.868 276180
476.87 276177
476.936 276175
477.01 276173
477.024 276172
477.03 276170
477.036 276168
477.083 276167
477.09 276161
477.094 276157
477.101 276154
477.11 276153
477.115 276150
477.117 276143
477.141 276139
477.142 276133
477.152 276128
477.156 276117
477.165 276115
477.171 276108
490.059 276096
491.05 276095
491.076 276085
491.134 276079
491.139 276078
491.167 276070
491.197 276060
491.355 276058
491.358 276055
491.361 276054
491.478 276051
492.001 276048
492.128 276044
492.683 276039
492.686 276035
492.692 276028
492.694 276024
492.704 276019
492.705 276017
492.709 276014
492.71 276012
492.713 276011
492.715 276005
492.718 276004
492.719 275998
494.709 275983
494.821 275982
494.822 275978
494.824 275975
494.836 275973
494.844 275971
495.03 275968
495.073 275966
495.086 275962
498.346 275952
498.354 275949
498.401 275940
498.422 275933
498.432 275927
498.478 275919
498.491 275910
498.494 275907
498.509 275906
498.515 275900
498.517 275894
498.519 275893
498.521 275889
498.524 275887
498.532 275883
498.567 275876
498.577 275875
498.592 275869
498.594 275856
498.606 275851
501.103 275845
501.117 275844
501.128 275841
501.129 275840
501.136 275837
501.137 275835
501.153 275834
501.156 275832
501.162 275828
501.17 275820
501.542 275812
501.562 275804
501.564 275798
501.578 275788
505.104 275783
505.106 275777
505.15 275776
505.173 275769
505.176 275766
505.192 275753
505.197 275752
505.199 275744
505.219 275741
505.248 275735
505.269 275731
505.271 275729
505.274 275722
505.689 275721
505.7 275720
505.707 275715
505.716 275710
505.731 275708
506.041 275695
506.051 275688
506.066 275679
506.067 275677
506.347 275676
506.351 275674
506.369 275672
506.371 275669
506.376 275667
506.414 275665
506.421 275659
508.033 275651
508.037 275634
508.042 275620
508.183 275599
508.357 275596
508.436 275594
508.437 275593
508.44 275583
508.445 275579
508.474 275578
508.485 275568
509.512 275567
509.528 275563
509.547 275559
509.592 275549
509.603 275543
509.608 275540
509.614 275539
509.621 275534
511.144 275531
511.154 275530
511.156 275528
511.16 275526
511.321 275523
512.103 275522
512.106 275521
512.109 275520
512.114 275519
512.125 275517
512.16 275516
513.386 275500
513.394 275497
513.404 275493
513.411 275492
514.434 275487
514.438 275482
514.444 275479
514.7 275478
514.873 275468
514.882 275466
514.987 275464
515.03 275454
515.034 275452
515.12 275448
515.122 275438
515.158 275433
515.172 275422
515.173 275419
515.18 275415
515.186 275412
515.201 275411
520.49 275408
520.493 275402
520.877 275398
520.879 275383
520.881 275379
520.918 275368
520.938 275362
520.946 275358
520.95 275356
520.958 275350
525.426 275338
525.454 275333
525.465 275330
525.479 275329
525.481 275321
525.505 275310
525.534 275304
525.538 275299
525.543 275294
525.566 275293
525.568 275291
529.404 275290
529.414 275284
529.42 275271
529.422 275270
529.44 275265
529.444 275264
529.447 275263
532.362 275255
532.365 275253
532.381 275246
533.441 275240
533.442 275235
533.444 275232
533.455 275229
533.516 275228
534.987 275222
535.027 275220
535.032 275213
535.055 275202
535.215 275184
535.218 275183
535.219 275179
535.349 275178
535.379 275170
535.39 275168
535.393 275167
535.397 275161
535.4 275160
535.972 275153
535.974 275151
535.984 275149
535.991 275147
536.22 275132
536.292 275130
536.33 275120
536.343 275117
536.373 275115
537.337 275114
538.441 275112
538.443 275108
538.45 275105
538.451 275097
538.454 275096
538.614 275094
539.092 275091
539.108 275090
539.113 275089
539.138 275084
539.14 275081
539.145 275080
539.161 275077
539.162 275073
539.211 275058
539.218 275057
539.22 275056
539.222 275052
539.223 275047
539.325 275042
539.345 275035
539.362 275030
539.363 275029
539.457 275024
539.517 275021
539.531 275019
539.548 275015
539.591 275013
539.6 275010
539.662 275009
539.664 275006
539.668 275004
539.678 274998
539.703 274991
539.713 274988
539.718 274985
539.719 274983
539.722 274981
539.749 274978
539.756 274975
545.278 274972
545.282 274962
545.283 274960
545.304 274953
545.425 274949
545.43 274943
545.924 274927
545.983 274922
546 274916
546.003 274915
546.005 274910
546.017 274900
546.023 274895
546.171 274887
546.175 274876
546.182 274875
546.344 274867
548.817 274862
548.892 274861
548.896 274859
548.9 274856
548.909 274854
548.911 274853
548.92 274850
548.932 274844
548.942 274843
548.951 274841
548.962 274840
548.973 274839
548.977 274834
548.98 274831
549.04 274828
549.043 274827
549.076 274817
549.109 274813
549.525 274807
549.54 274798
549.547 274796
549.574 274794
549.576 274788
549.623 274778
549.648 274776
549.661 274774
549.706 274769
549.778 274765
550.544 274757
550.569 274751
550.679 274745
550.796 274743
552.511 274742
552.512 274738
552.554 274737
552.568 274734
552.576 274728
552.58 274725
552.976 274723
553 274720
553.007 274716
553.018 274711
553.196 274707
553.206 274700
553.212 274695
553.229 274688
553.246 274686
553.256 274678
553.388 274675
553.415 274668
553.472 274667
553.473 274666
553.501 274651
553.507 274647
553.508 274646
553.681 274642
556.46 274637
556.51 274635
556.537 274633
556.562 274626
556.567 274624
556.58 274622
556.64 274616
556.645 274611
556.65 274609
556.652 274607
557.461 274604
557.557 274588
557.657 274587
557.673 274582
557.679 274579
557.696 274572
557.752 274571
557.764 274566
557.84 274563
557.851 274560
557.856 274555
558.605 274554
558.648 274552
558.653 274548
558.657 274546
558.66 274543
558.668 274538
558.675 274532
558.677 274529
558.681 274522
558.686 274519
558.719 274515
559.533 274506
559.55 274504
559.673 274499
559.713 274491
559.717 274487
559.726 274485
559.759 274484
560.33 274483
560.52 274476
560.537 274474
560.541 274473
560.546 274468
560.551 274465
560.556 274464
560.593 274450
560.675 274449
560.678 274446
560.683 274445
560.735 274439
560.741 274436
560.745 274431
560.754 274419
560.763 274418
560.778 274412
560.827 274410
560.829 274408
560.838 274407
560.85 274406
560.873 274391
560.883 274390
560.898 274389
561.067 274383
561.074 274381
564.753 274379
564.755 274376
564.76 274373
564.775 274371
564.982 274370
565.028 274361
565.04 274357
565.045 274356
565.102 274349
565.138 274340
565.146 274333
565.15 274331
565.451 274327
565.462 274322
565.475 274320
565.482 274319
565.512 274317
565.518 274312
565.533 274307
565.548 274304
565.557 274301
565.758 274298
565.761 274294
565.949 274293
565.956 274267
565.961 274266
565.973 274262
565.991 274259
565.998 274251
566.072 274247
566.076 274241
577.366 274232
577.505 274221
577.51 274214
578.208 274213
578.212 274196
578.374 274194
578.379 274188
578.396 274187
578.398 274185
578.404 274176
578.414 274173
578.424 274162
578.432 274160
578.434 274159
578.48 274156
578.484 274155
578.541 274154
578.971 274152
578.98 274149
586.845 274147
586.905 274138
586.919 274130
586.947 274126
587.136 274117
587.138 274114
587.208 274113
587.312 274100
587.317 274099
587.324 274093
587.412 274085
587.518 274083
587.522 274079
587.54 274078
588.862 274077
588.869 274076
588.873 274074
591.628 274070
591.639 274064
591.727 274059
591.732 274058
591.735 274054
591.897 274051
591.901 274047
591.902 274038
592.006 274035
592.025 274030
592.029 274028
592.047 274014
592.159 274008
592.18 274006
592.261 274005
592.345 274004
592.346 274001
592.349 273990
592.356 273984
592.366 273983
592.392 273978
594.351 273976
594.355 273972
594.385 273960
594.392 273955
594.457 273951
594.466 273945
594.501 273940
594.515 273939
594.712 273938
594.713 273937
594.938 273936
595.211 273933
595.213 273927
595.364 273926
595.395 273922
595.479 273921
595.505 273917
595.529 273915
595.537 273914
595.595 273913
595.601 273912
595.606 273902
595.608 273894
595.616 273892
595.617 273891
595.923 273889
596.028 273884
596.043 273881
596.058 273880
596.061 273873
596.069 273870
596.158 273868
596.178 273867
596.367 273864
596.387 273863
596.397 273861
596.422 273853
596.432 273849
596.444 273846
596.459 273842
596.468 273839
596.477 273836
596.481 273833
596.616 273830
596.618 273829
596.622 273825
596.641 273820
596.654 273819
596.757 273815
596.762 273812
596.769 273810
602.002 273807
602.191 273805
602.193 273804
602.207 273802
604.788 273801
604.823 273800
604.843 273799
604.85 273795
605.007 273792
605.261 273784
605.266 273783
605.364 273782
605.374 273781
605.444 273780
605.518 273774
605.542 273767
605.557 273765
605.564 273760
606.71 273759
606.738 273756
606.741 273755
606.747 273753
606.754 273752
606.772 273750
606.813 273747
609.496 273743
609.614 273742
609.637 273741
609.667 273740
609.679 273739
609.694 273738
609.698 273735
609.704 273731
609.706 273728
609.743 273719
609.938 273717
609.943 273716
609.944 273711
609.951 273702
610.021 273699
610.139 273696
610.208 273694
610.236 273693
610.468 273691
610.469 273688
610.473 273687
610.538 273686
610.701 273683
612.901 273682
619.404 273681
619.407 273679
619.415 273677
619.426 273674
619.449 273673
619.45 273672
619.739 273666
619.744 273665
619.754 273662
619.76 273658
619.763 273653
619.772 273645
619.848 273642
619.855 273640
619.861 273626
619.902 273623
620.21 273622
620.225 273620
620.23 273617
620.247 273615
622.931 273612
622.981 273611
623.121 273608
623.128 273607
623.154 273603
623.158 273599
623.582 273598
623.586 273597
623.655 273595
623.658 273589
623.678 273586
623.771 273583
623.773 273579
623.781 273578
623.801 273575
623.805 273572
625.181 273559
625.21 273558
625.229 273555
625.248 273550
626.338 273549
626.432 273547
626.44 273546
626.49 273545
626.906 273542
626.911 273540
626.921 273539
626.959 273536
626.972 273533
626.989 273529
627.011 273524
627.538 273520
627.627 273519
627.743 273514
627.744 273511
627.774 273510
627.79 273507
627.818 273505
627.826 273502
627.844 273501
627.86 273499
627.865 273496
627.868 273495
627.907 273493
629.265 273491
629.276 273481
629.278 273477
629.3 273475
631.244 273468
631.28 273467
631.354 273464
631.371 273458
631.384 273451
631.426 273445
631.54 273442
631.546 273439
631.574 273438
631.578 273425
631.668 273423
631.669 273418
631.712 273417
640.176 273414
640.178 273412
640.216 273408
640.895 273405
642.95 273399
643.034 273395
643.06 273394
643.063 273393
643.096 273384
643.185 273382
643.363 273377
643.374 273371
643.43 273370
643.527 273368
643.529 273367
643.651 273366
643.668 273363
643.723 273360
643.871 273342
643.893 273338
643.897 273337
643.911 273335
643.928 273330
643.94 273320
644.054 273310
644.056 273307
644.109 273306
644.156 273303
644.161 273302
644.168 273294
644.18 273292
644.186 273291
644.496 273289
644.499 273283
644.504 273282
644.513 273281
644.526 273269
644.529 273266
644.63 273263
644.632 273259
648.371 273257
648.38 273254
648.443 273249
648.47 273244
648.496 273238
648.504 273235
648.517 273234
648.573 273230
648.587 273226
648.601 273225
648.654 273220
648.664 273218
648.688 273215
649.486 273213
650.032 273210
650.048 273208
650.169 273206
650.18 273205
650.331 273201
650.348 273200
650.354 273195
650.364 273186
650.369 273181
650.385 273173
650.464 273165
650.501 273159
650.503 273158
650.52 273152
652.661 273151
652.749 273141
652.752 273139
652.761 273138
652.769 273137
652.798 273133
652.804 273131
652.859 273130
652.868 273129
652.876 273128
652.946 273123
652.956 273121
652.983 273120
653.082 273119
653.086 273116
653.105 273110
653.166 273107
653.18 273094
653.212 273090
653.225 273089
654.222 273084
654.234 273083
654.236 273081
654.318 273076
654.329 273074
654.511 273072
655.442 273071
655.467 273070
655.488 273067
655.572 273066
655.601 273065
655.628 273063
655.634 273052
655.753 273051
655.755 273049
655.762 273044
655.78 273042
655.802 273035
655.825 273034
655.829 273032
655.861 273028
655.893 273027
655.895 273020
655.965 273019
655.971 273015
655.972 273012
655.986 273008
656.088 273007
656.091 273005
656.118 272998
656.122 272996
656.124 272994
656.162 272992
656.164 272989
656.226 272981
656.235 272980
656.239 272978
656.243 272977
656.265 272969
656.268 272968
656.277 272964
656.3 272962
656.303 272959
656.592 272958
656.599 272957
656.616 272956
656.632 272954
656.642 272948
656.646 272945
656.664 272936
656.758 272935
656.814 272930
656.836 272928
656.848 272925
657.534 272917
662.148 272915
662.153 272911
662.304 272908
662.408 272906
662.421 272890
662.43 272888
662.441 272886
662.581 272882
663.438 272880
663.447 272879
663.449 272878
663.469 272877
663.733 272875
663.871 272869
663.886 272864
663.896 272863
664.003 272859
664.012 272858
664.044 272856
664.127 272854
664.135 272851
664.18 272849
664.219 272848
664.232 272845
664.261 272844
664.625 272842
664.63 272841
664.703 272839
664.726 272836
664.734 272830
664.902 272824
664.947 272822
664.948 272821
664.961 272819
664.973 272813
664.985 272809
664.993 272808
664.997 272806
665.019 272804
665.024 272800
665.064 272795
665.076 272794
665.087 272790
665.099 272789
665.164 272787
665.207 272783
665.228 272779
665.243 272775
665.543 272770
665.664 272769
665.713 272761
665.773 272759
665.937 272757
665.954 272756
665.967 272755
665.974 272754
666.342 272753
667.681 272751
667.683 272748
667.692 272744
667.727 272743
667.729 272742
667.752 272734
667.807 272729
667.809 272728
674.085 272726
674.106 272725
674.109 272720
674.127 272719
674.233 272714
674.298 272711
674.353 272710
674.402 272708
674.477 272707
674.54 272705
674.545 272703
674.571 272701
674.59 272699
674.801 272697
674.856 272696
674.866 272694
675.007 272693
675.446 272688
675.452 272676
675.455 272674
675.624 272673
675.63 272672
675.652 272667
675.767 272664
691.686 272663
691.697 272661
691.722 272658
691.783 272657
691.929 272654
691.94 272647
691.979 272645
691.994 272644
692.019 272641
692.293 272635
710.852 272630
712.052 272628
712.094 272626
712.137 272624
712.156 272623
712.172 272620
712.184 272618
714.696 272614
714.698 272611
714.727 272610
714.736 272607
714.749 272605
714.751 272602
714.761 272600
714.844 272598
714.849 272593
715.023 272589
715.033 272586
715.039 272583
715.046 272582
715.663 272577
715.695 272576
715.697 272575
715.741 272574
715.758 272572
715.78 272571
715.786 272568
719.582 272567
719.594 272565
719.606 272558
719.642 272547
719.65 272545
719.698 272544
720.212 272535
720.285 272534
720.322 272524
722.36 272516
722.431 272513
722.436 272512
722.437 272511
722.449 272509
722.451 272507
722.504 272504
722.586 272503
722.593 272502
722.601 272497
722.603 272491
722.755 272488
722.848 272486
722.916 272485
722.948 272484
722.962 272483
723.05 272480
723.239 272479
723.244 272476
723.282 272471
723.324 272469
723.33 272468
723.453 272467
723.463 272465
724.063 272455
724.198 272453
724.246 272452
724.263 272451
724.282 272448
724.288 272446
724.673 272436
724.771 272432
724.774 272428
724.778 272426
724.785 272424
724.816 272422
725.153 272420
725.173 272419
725.312 272417
725.413 272416
725.438 272415
727.52 272413
727.541 272411
727.605 272409
727.61 272405
727.614 272404
727.616 272401
727.648 272395
727.652 272391
727.659 272390
727.684 272388
727.688 272386
727.691 272385
727.894 272382
727.998 272378
728.032 272376
728.033 272375
729.33 272374
731.859 272372
731.931 272365
731.998 272363
732.005 272361
732.007 272360
732.815 272357
732.825 272356
734.804 272354
734.866 272353
734.884 272352
734.971 272350
735.162 272339
735.195 272338
735.213 272336
735.307 272335
735.328 272333
735.336 272332
735.348 272331
735.82 272328
736.216 272324
736.226 272319
736.276 272317
736.314 272313
736.328 272312
736.5 272311
736.653 272309
736.683 272305
736.713 272301
736.855 272298
738.575 272295
738.581 272291
738.857 272290
738.858 272287
754.995 272286
755 272285
755.017 272283
755.036 272281
755.053 272278
755.088 272275
755.204 272273
755.208 272270
757.101 272267
757.406 272263
757.448 272260
758.044 272256
758.066 272254
758.076 272253
758.09 272252
758.318 272251
760.695 272250
760.722 272249
760.73 272248
760.737 272246
760.742 272244
760.896 272242
761.188 272241
761.556 272240
761.755 272239
762.302 272231
762.308 272230
762.806 272226
762.883 272223
762.947 272222
762.985 272221
763.058 272219
763.06 272215
763.299 272206
763.754 272205
763.771 272204
763.775 272198
763.914 272195
763.935 272194
763.993 272192
764.002 272188
764.011 272187
764.053 272183
764.08 272180
764.177 272179
764.205 272176
764.23 272173
764.237 272172
764.649 272171
764.732 272170
764.8 272168
764.805 272166
764.821 272165
764.825 272163
764.827 272162
764.847 272161
764.85 272160
764.947 272157
765.155 272156
765.203 272155
765.877 272154
765.89 272153
766.126 272152
766.139 272151
766.147 272148
766.18 272143
766.217 272138
766.645 272137
766.648 272136
766.66 272133
766.669 272131
766.877 272129
766.91 272125
766.95 272124
766.994 272121
766.997 272118
767.59 272115
767.608 272113
767.664 272111
769.899 272110
770.201 272108
774.648 272106
774.649 272103
774.736 272099
774.833 272096
774.841 272093
775.248 272092
775.279 272090
776.342 272089
776.361 272088
776.424 272084
776.639 272083
776.683 272082
776.687 272080
777.48 272078
777.484 272077
777.528 272076
777.547 272075
777.921 272074
777.96 272071
777.968 272066
778.01 272063
778.378 272062
778.382 272060
781.089 272057
781.114 272051
781.216 272045
781.854 272044
782.014 272043
782.172 272040
782.336 272036
782.378 272033
782.385 272032
783.069 272030
783.072 272029
783.567 272019
783.615 272018
783.625 272017
783.804 272015
783.81 272014
783.854 272012
783.869 272011
783.904 272008
783.943 272005
783.956 272003
784.078 272001
784.08 271995
784.189 271994
784.202 271991
784.227 271990
784.24 271987
784.315 271986
784.342 271985
784.349 271984
784.358 271983
784.565 271981
784.586 271979
784.676 271978
787.285 271977
787.295 271976
787.479 271972
787.482 271971
787.862 271970
788.877 271969
788.879 271964
788.962 271963
788.971 271962
789.086 271961
789.148 271958
789.179 271953
789.235 271952
789.317 271950
789.343 271949
789.365 271937
789.367 271931
789.376 271928
789.467 271927
790.406 271926
790.424 271925
790.579 271924
790.59 271920
790.597 271916
790.601 271910
790.632 271908
790.704 271905
790.731 271901
790.741 271900
790.765 271897
790.793 271891
790.91 271890
790.939 271888
790.945 271886
790.981 271885
792.073 271882
792.12 271881
792.209 271880
792.65 271879
793.068 271876
793.087 271874
793.095 271873
793.114 271871
793.287 271870
793.328 271865
793.522 271863
793.566 271861
793.576 271860
793.621 271858
794.942 271857
795.204 271854
795.246 271852
795.308 271850
803.289 271849
803.296 271846
803.343 271845
803.372 271839
803.455 271837
803.459 271836
803.474 271835
803.833 271832
804.029 271830
804.444 271829
804.629 271826
804.768 271822
804.797 271821
804.839 271820
804.854 271818
804.882 271815
804.988 271813
804.998 271812
805.038 271811
805.039 271808
805.119 271807
809.33 271803
809.473 271798
809.572 271797
809.579 271796
809.581 271795
809.703 271792
809.874 271789
810.529 271788
810.609 271785
810.615 271783
810.638 271781
810.657 271779
810.68 271777
810.695 271773
810.842 271772
810.854 271770
811.934 271767
811.967 271765
811.974 271764
812.293 271763
812.307 271762
812.393 271761
812.397 271760
812.763 271757
812.845 271749
812.905 271748
812.984 271746
813.635 271745
813.744 271744
813.755 271741
813.758 271740
813.878 271736
814.295 271735
814.431 271734
814.63 271731
815.567 271730
815.59 271729
815.658 271727
815.69 271724
815.753 271721
815.808 271720
815.884 271718
816.102 271717
816.164 271714
816.346 271712
816.526 271709
816.627 271708
817.773 271704
817.798 271695
817.854 271688
817.96 271687
817.97 271682
817.986 271681
818.648 271680
818.67 271674
818.832 271671
818.844 271669
818.898 271666
818.98 271665
819.318 271663
819.32 271660
819.343 271657
819.374 271656
819.384 271654
819.434 271652
819.471 271651
829.512 271650
829.524 271649
829.601 271648
829.726 271647
829.746 271643
830.126 271641
830.145 271639
836.635 271637
836.656 271635
837.048 271634
839.477 271633
839.517 271630
839.56 271625
842.373 271623
842.464 271619
842.57 271614
842.579 271612
842.611 271611
842.678 271609
842.7 271607
842.758 271606
843.078 271603
843.178 271602
843.202 271600
843.231 271599
843.261 271598
844.4 271597
844.402 271596
847.081 271595
847.112 271594
847.149 271592
847.158 271591
847.189 271589
847.221 271587
847.254 271586
847.32 271583
847.566 271582
847.57 271581
847.637 271580
847.707 271578
847.712 271575
847.781 271574
847.787 271573
847.789 271568
847.809 271567
847.826 271565
847.917 271561
848.109 271560
848.196 271559
848.235 271558
848.413 271557
848.458 271556
848.502 271555
848.509 271554
848.524 271553
848.672 271546
848.72 271543
848.727 271541
848.753 271539
848.801 271538
848.921 271537
848.925 271536
848.938 271534
848.971 271533
848.981 271530
849.001 271529
849.113 271528
849.155 271526
849.21 271525
849.218 271523
852.593 271518
852.675 271517
852.734 271516
854.082 271514
854.256 271512
854.33 271511
854.419 271509
854.555 271508
854.575 271503
854.646 271501
854.721 271499
857.422 271497
857.464 271496
857.518 271495
859.118 271494
859.165 271493
859.243 271491
859.309 271490
859.315 271484
859.325 271482
859.51 271480
859.572 271479
859.681 271478
859.798 271477
859.845 271474
861.95 271473
862.192 271471
862.222 271470
865.951 271467
866.122 271464
866.612 271462
866.69 271461
869.191 271460
869.268 271457
869.318 271455
869.492 271451
869.613 271450
869.644 271449
869.656 271444
870.223 271441
872.787 271440
872.791 271438
873.048 271437
873.058 271435
877.071 271433
877.26 271432
877.267 271431
880.518 271429
880.585 271426
880.755 271425
880.869 271424
881.694 271421
881.889 271419
881.917 271413
882.093 271411
882.109 271410
882.618 271409
882.692 271408
885.939 271407
885.971 271406
886.345 271405
886.396 271401
886.398 271400
886.487 271397
894.69 271394
894.692 271392
894.875 271391
894.993 271388
895.025 271387
897.483 271386
901.945 271385
901.967 271384
904.28 271383
904.296 271381
904.517 271379
910.064 271376
910.079 271375
910.262 271369
910.606 271367
910.713 271366
910.721 271364
910.841 271363
910.843 271362
911.094 271360
911.194 271358
911.401 271357
911.418 271356
911.441 271355
918.558 271354
918.881 271349
918.93 271348
919.798 271346
919.856 271345
919.882 271344
919.9 271341
919.939 271339
920.116 271338
920.812 271337
920.893 271336
921.897 271334
921.987 271333
922.078 271331
922.466 271329
924.023 271328
924.042 271327
924.259 271326
924.262 271325
924.273 271324
924.396 271322
924.604 271320
925.146 271318
925.341 271317
925.472 271316
925.526 271314
925.694 271313
925.726 271310
925.965 271308
926.397 271306
926.446 271304
926.611 271302
926.683 271301
926.694 271300
926.878 271299
927.035 271298
927.975 271297
927.977 271295
928.017 271294
928.326 271293
930.631 271291
930.669 271290
930.689 271283
931.2 271282
940.849 271280
945.499 271278
945.786 271277
945.832 271276
945.847 271275
946.194 271273
947.083 271272
947.151 271270
947.234 271268
947.273 271266
947.482 271264
947.597 271263
947.608 271262
947.63 271261
947.654 271260
948.039 271256
948.065 271254
948.137 271253
948.303 271252
948.4 271251
948.954 271248
949.208 271247
949.346 271246
955.505 271245
955.715 271244
956.3 271243
956.777 271239
957.154 271236
957.346 271235
957.38 271234
957.465 271233
957.855 271231
957.911 271230
958.214 271229
958.392 271228
958.423 271227
958.824 271226
958.883 271225
958.893 271220
962.431 271218
974.066 271217
974.178 271215
974.487 271214
974.523 271213
974.62 271209
975.327 271208
975.368 271206
975.382 271203
975.51 271202
975.642 271201
975.668 271200
975.685 271199
975.887 271197
976.062 271196
976.21 271195
976.557 271193
980.997 271190
981.063 271188
981.405 271187
981.845 271186
982.087 271184
982.14 271183
985.737 271181
985.769 271180
985.822 271179
987.209 271178
987.356 271173
987.358 271170
987.36 271169
988.645 271167
989.346 271166
989.361 271161
989.834 271160
989.953 271159
990.049 271158
990.071 271157
992.023 271156
992.063 271155
992.509 271153
994.545 271150
994.608 271148
994.629 271146
995.023 271145
995.766 271143
996.655 271142
996.715 271141
996.832 271140
997.245 271139
997.268 271137
997.332 271136
999.967 271135
1001.32 271134
1001.49 271133
1003.32 271132
1003.34 271130
1003.47 271129
1003.58 271127
1003.62 271126
1003.89 271123
1004.6 271122
1005.02 271121
1005.31 271120
1005.33 271118
1005.79 271117
1005.84 271113
1008.9 271111
1009.1 271110
1009.14 271105
1009.26 271104
1009.27 271103
1009.49 271102
1011.94 271100
1012.03 271099
1012.37 271098
1012.41 271097
1012.81 271096
1013.15 271093
1014.77 271092
1015.78 271090
1015.82 271089
1018.46 271088
1018.55 271087
1018.64 271086
1018.65 271084
1019.12 271081
1019.17 271080
1019.61 271079
1021.03 271078
1022.26 271077
1022.3 271074
1022.42 271072
1032.96 271070
1033.02 271068
1033.07 271067
1034.07 271066
1034.11 271063
1034.94 271062
1035.05 271059
1035.11 271057
1035.16 271055
1041.54 271054
1048.4 271053
1048.44 271052
1050.63 271051
1051.19 271050
1051.7 271049
1051.88 271046
1052.16 271045
1052.2 271043
1052.35 271041
1052.59 271040
1052.87 271039
1053.99 271038
1055.89 271037
1056.15 271036
1056.51 271035
1057.09 271033
1057.23 271032
1057.83 271031
1058 271028
1058.28 271027
1058.46 271026
1058.48 271023
1058.7 271022
1066.02 271020
1066.57 271019
1068.17 271018
1068.38 271017
1068.93 271015
1070.33 271013
1070.48 271012
1071.14 271010
1072.03 271009
1072.4 271008
1072.42 271007
1072.85 271006
1073.66 271005
1075.13 271004
1075.48 271003
1075.77 271002
1076.31 271001
1076.48 271000
1078.08 270999
1078.94 270997
1079.12 270996
1079.58 270995
1081.28 270992
1081.51 270989
1081.53 270987
1081.57 270986
1081.82 270985
1083.11 270984
