0.002 22898
0.002 22864
0.003 22840
0.004 22815
0.005 22806
0.005 22780
0.007 22776
0.009 22735
0.014 22685
0.015 22644
0.029 22489
0.036 22476
0.037 22460
0.037 22454
0.043 22447
0.053 22433
0.055 22411
0.058 22407
0.068 22406
0.068 22395
0.07 22387
0.072 22384
0.073 22377
0.075 22337
0.346 22310
0.348 22259
0.418 22220
0.495 22185
0.497 22157
0.507 22150
0.51 22131
0.522 22129
0.526 22128
0.625 22104
0.626 22101
0.629 22098
6.322 22095
19.1 22090
19.104 22086
19.219 22075
19.224 22068
19.271 22042
19.276 22031
19.28 22028
19.28 22025
43.348 22001
43.348 21991
43.982 21974
