0.004 36578
0.005 36551
0.007 36521
0.008 36519
0.01 36510
0.012 36477
0.013 36343
0.016 36216
0.017 36198
0.019 36158
0.02 36137
0.021 36136
0.022 36124
0.025 36110
0.033 36079
0.052 36058
0.054 36040
0.054 36039
0.054 35811
0.055 35782
0.055 35670
0.056 35668
0.06 35664
0.072 35588
0.08 35533
0.081 35448
0.081 35445
0.082 35409
0.083 35394
0.085 35380
0.089 35366
0.09 35363
0.091 35348
0.094 35342
0.097 35310
0.107 35244
0.108 35234
0.11 35183
0.132 35174
0.133 35166
0.331 35165
0.334 35120
0.335 35092
0.336 35040
0.348 35039
0.355 35019
0.358 34952
0.368 34942
0.37 34935
0.376 34924
0.388 34912
0.391 34865
0.402 34856
0.403 34777
0.459 34775
0.467 34733
0.467 34727
0.587 34719
0.664 34716
0.664 34699
0.668 34698
0.668 34668
0.668 34614
0.669 34613
0.701 34612
0.851 34555
0.852 34548
0.853 34536
0.855 34531
0.856 34530
0.857 34519
2.681 34517
2.682 34507
9.891 34481
9.891 34479
13.215 34467
13.216 34463
46.424 34460
46.753 34444
46.896 34441
51.349 34437
51.349 34436
51.351 34435
61.381 34431
65.53 34404
66.104 34396
66.55 34367
75.701 34365
111.781 34362
111.781 34360
115.119 34359
127.604 34357
143.93 34355
143.931 34351
180.571 34348
182.435 34346
182.449 34344
