0.004 36407
0.007 36391
0.009 36386
0.01 36343
0.011 36339
0.011 36260
0.013 36258
0.014 36256
0.015 35994
0.016 35977
0.016 35976
0.017 35970
0.018 35907
0.02 35700
0.022 35647
0.031 35644
0.034 35595
0.034 35577
0.034 35573
0.035 35568
0.036 35482
0.036 35451
0.037 35364
0.052 35289
0.054 35282
0.11 35272
0.114 35235
0.119 35221
0.12 35204
0.121 35198
0.143 35151
0.143 35137
0.159 35124
0.16 35119
0.163 35118
0.187 35078
0.187 35040
0.188 35021
0.189 34967
0.199 34920
0.199 34904
1.377 34875
1.377 34816
1.378 34808
1.38 34794
1.384 34757
1.388 34755
1.392 34724
1.394 34720
1.396 34717
1.399 34704
1.425 34687
1.427 34683
1.427 34678
1.437 34644
1.44 34632
1.445 34579
1.445 34545
3.451 34540
3.452 34534
3.465 34520
3.467 34515
18.397 34501
45.919 34500
45.92 34491
52.691 34486
57.585 34482
57.649 34477
57.666 34469
59.031 34462
59.413 34459
59.465 34446
59.47 34445
70.505 34442
82.889 34432
108.803 34428
108.805 34418
108.807 34415
108.819 34399
108.82 34394
108.942 34384
108.942 34376
108.943 34368
108.944 34367
109.053 34364
109.054 34360
113.85 34359
114.937 34358
116.699 34357
131.178 34356
141.978 34355
157.051 34354
168.817 34353
187.589 34352
187.59 34351
187.967 34350
198.79 34348
262.228 34347
271.563 34344
