0.003 18955
0.003 18886
0.003 18858
0.003 18806
0.004 18781
0.005 18750
0.006 18737
0.006 18617
0.006 18576
0.007 18547
0.007 18492
0.009 18437
0.009 18429
0.009 18395
0.011 18364
0.034 18363
0.036 18359
0.041 18348
0.042 18342
0.042 18318
0.043 18308
0.045 18286
0.061 18237
0.064 18185
0.065 18035
0.066 18013
0.068 17957
0.071 17890
0.103 17882
0.104 17793
0.109 17784
0.113 17700
0.113 17665
0.114 17650
0.115 17632
0.121 17627
0.122 17613
0.123 17518
0.125 17507
0.162 17504
0.814 17463
0.859 17455
0.865 17411
0.868 17379
3.961 17376
7.417 17374
7.418 17358
21.235 17351
22.879 17320
28.993 17306
28.994 17304
57.231 17298
57.241 17294
63.405 17293
64.093 17277
89.136 17275
153.105 17271
