0.003 21049
0.004 21046
0.004 21035
0.01 21014
0.011 21008
0.012 20996
0.013 20971
0.014 20970
0.017 20959
0.018 20927
0.021 20922
0.024 20837
0.025 20733
0.025 20730
0.025 20693
0.026 20691
0.027 20512
0.027 20508
0.029 20497
0.03 20482
0.039 20449
0.044 20417
0.052 20394
0.053 20380
0.055 20371
0.056 20369
0.057 20360
0.058 20351
0.061 20348
0.062 20347
0.096 20346
0.097 20315
0.107 20307
0.107 20298
0.115 20281
0.136 20257
0.139 20256
0.799 20251
0.804 20234
3.739 20232
3.789 20228
3.792 20217
3.793 20180
3.793 20178
6.123 20175
35.636 20171
38.082 20169
38.091 20168
58.162 20167
58.163 20156
91.383 20155
110.474 20150
159.391 20148
172.518 20146
177.131 20145
201.226 20144
278.236 20137
289.63 20136
299.402 20133
309.777 20129
309.784 20127
362.471 20126
