0.003 36157
0.003 36122
0.003 36121
0.004 35977
0.005 35963
0.005 35960
0.005 35917
0.006 35902
0.007 35894
0.009 35833
0.01 35774
0.012 35751
0.026 35750
0.027 35709
0.046 35650
0.053 35532
0.054 35516
0.058 35470
0.062 35342
0.064 35318
0.065 35317
0.067 35295
0.069 35292
0.073 35289
0.074 35280
0.074 35259
0.083 35227
0.084 35208
0.086 35184
0.099 35180
0.099 35172
0.1 35171
0.168 35157
0.17 35144
0.217 35127
0.231 35112
0.649 35077
0.654 35073
0.654 35046
0.655 34990
0.657 34986
1.396 34973
1.427 34950
1.542 34948
1.543 34929
1.545 34907
1.56 34887
1.606 34863
1.607 34856
1.608 34843
1.699 34832
1.732 34817
1.733 34804
1.733 34800
1.733 34799
1.739 34798
1.74 34788
2.011 34781
2.012 34771
2.012 34768
2.013 34767
2.014 34765
2.051 34760
2.051 34740
2.053 34723
2.285 34687
2.286 34663
2.288 34626
22.629 34620
22.63 34615
136.519 34614
136.522 34612
136.524 34610
136.525 34607
136.526 34593
136.533 34590
210.366 34589
210.374 34586
210.835 34585
211.104 34576
212.295 34573
212.305 34563
334.5 34559
334.501 34557
