0.002 9587
0.002 9567
0.003 9467
0.003 9447
0.004 9441
0.004 9422
0.004 9420
0.006 9389
0.007 9359
0.009 9347
0.009 9345
0.011 9336
0.018 9331
0.018 9330
0.02 9326
0.02 9320
0.026 9278
0.029 9256
0.032 9249
0.034 9246
0.036 9234
0.037 9208
0.041 9167
0.041 9162
0.043 9159
0.044 9147
0.051 9133
0.052 9132
0.064 9113
0.065 9111
0.077 9104
0.078 9096
0.081 9095
0.081 9090
0.082 9088
0.085 9069
0.275 9068
0.532 9061
0.556 9052
0.557 9050
0.63 9048
0.632 9046
0.639 9043
2.265 9038
2.457 9022
5.156 9021
10.078 9020
10.078 9014
10.286 9007
10.288 9001
14.749 8994
27.524 8989
27.534 8980
99.374 8979
