0.003 18777
0.003 18755
0.004 18746
0.006 18700
0.007 18681
0.008 18674
0.008 18642
0.009 18636
0.01 18611
0.012 18553
0.014 18547
0.014 18542
0.015 18536
0.019 18506
0.021 18504
0.022 18500
0.055 18326
0.056 18018
0.063 17992
0.068 17662
0.072 17652
0.074 17643
0.075 17592
0.098 17582
0.111 17569
0.112 17566
0.112 17538
0.113 17537
0.113 17536
0.114 17442
0.124 17437
0.126 17432
0.127 17425
0.129 17422
0.138 17416
0.139 17407
0.143 17388
0.187 17374
0.19 17372
0.208 17357
0.215 17347
0.215 17345
0.216 17322
0.314 17320
0.369 17316
0.371 17312
0.377 17310
0.377 17309
0.399 17307
0.417 17303
0.42 17302
0.456 17285
0.468 17282
0.473 17277
0.473 17275
0.87 17268
0.873 17255
0.874 17249
0.882 17247
0.882 17238
0.89 17192
0.893 17184
3.228 17169
3.229 17164
12.315 17163
14.389 17161
37.071 17138
37.071 17125
37.072 17122
37.074 17121
39.049 17120
39.05 17098
63.991 17097
64.039 17096
67.175 17089
67.201 17085
83.739 17083
119.116 17081
142.122 17079
143.869 17077
183.221 17076
183.221 17074
183.228 17073
207.661 17066
207.671 17065
207.672 17063
230.675 17061
230.681 17060
235.481 17059
299.646 17058
299.763 17057
335.899 17056
