0.005 23920
0.006 23912
0.006 23830
0.006 23825
0.007 23775
0.007 23729
0.008 23726
0.008 23712
0.008 23644
0.009 23613
0.012 23491
0.012 23417
0.012 23400
0.013 23387
0.016 23357
0.016 23353
0.047 23349
0.048 23266
0.048 23265
0.05 23232
0.05 23225
0.052 23191
0.054 23174
0.055 23162
0.06 23151
0.061 23125
0.061 23080
0.062 23073
0.062 23059
0.064 23048
0.065 23041
0.065 23027
0.066 23025
0.07 23021
0.071 22955
0.073 22893
0.074 22892
0.075 22874
0.077 22853
0.097 22820
0.103 22817
0.104 22774
0.104 22761
0.104 22751
0.138 22700
0.139 22675
0.14 22667
0.141 22662
0.145 22652
0.184 22591
0.189 22580
0.19 22549
0.192 22510
0.203 22506
0.215 22452
0.331 22450
0.332 22448
0.333 22436
0.374 22427
0.375 22413
0.384 22390
0.394 22277
0.395 22260
0.398 22256
0.408 22255
0.61 22193
0.617 22163
0.618 22157
0.621 22142
0.621 22109
0.622 22090
0.633 22083
1.537 22027
1.544 21997
1.547 21983
5.724 21973
16.282 21968
18.162 21962
18.169 21916
40.814 21893
59.908 21880
59.909 21878
59.915 21841
174.667 21838
174.824 21832
177.435 21822
177.446 21805
177.509 21798
181.775 21797
186.808 21794
208.242 21791
208.249 21785
227.559 21782
227.611 21775
227.625 21774
227.663 21773
227.672 21772
289.995 21768
