0.006 29932
0.007 29875
0.008 29836
0.008 29784
0.008 29773
0.008 29717
0.009 29690
0.01 29655
0.012 29602
0.014 29414
0.015 29354
0.015 29340
0.016 29339
0.017 29277
0.018 29199
0.018 29180
0.02 29144
0.022 29075
0.024 29074
0.025 29021
0.035 29001
0.056 28944
0.057 28933
0.072 28893
0.073 28863
0.075 28852
0.075 28817
0.076 28812
0.077 28809
0.08 28794
0.081 28792
0.091 28744
0.107 28699
0.124 28491
0.125 28465
0.129 28448
0.13 28423
0.145 28412
0.149 28408
0.165 28347
0.168 28343
0.24 28341
0.271 28323
0.338 28316
0.339 28315
0.34 28313
0.341 28311
0.504 28292
0.523 28284
0.523 28258
0.524 28253
0.527 28229
0.599 28227
0.599 28225
0.607 28211
0.61 28192
0.61 28184
0.613 28128
0.614 28107
0.696 28086
0.698 28038
1.008 28032
1.018 28011
1.801 28004
1.845 27996
1.845 27973
1.845 27960
1.846 27959
2.092 27956
2.093 27951
2.095 27939
2.406 27925
2.406 27867
2.407 27851
2.409 27805
31.621 27790
74.127 27785
74.13 27774
74.53 27773
76.839 27769
84.86 27768
84.93 27761
84.931 27756
95.399 27752
116.434 27746
116.434 27743
116.434 27740
116.446 27730
143.305 27728
143.364 27723
143.385 27718
143.427 27713
181.153 27711
181.171 27710
181.186 27703
181.194 27702
200.946 27695
200.999 27692
205.487 27689
205.487 27687
229.904 27686
229.912 27680
230.114 27677
230.196 27675
250.352 27665
281.671 27663
281.725 27662
283.113 27661
287.053 27657
287.054 27655
287.143 27650
287.214 27649
287.217 27645
287.223 27643
