0.007 17521
0.007 17508
0.017 17333
0.018 17327
0.024 17321
0.025 17320
0.025 17318
0.039 17306
0.041 17305
0.041 17277
0.043 17276
0.043 17215
0.045 17209
0.053 17180
0.064 17171
0.065 17156
0.078 17153
0.08 17072
0.091 17043
0.196 17030
0.197 17027
0.197 17009
0.695 16986
0.699 16973
0.849 16924
0.851 16921
1.646 16911
1.698 16895
1.765 16883
1.768 16870
7.915 16855
7.93 16851
7.931 16847
12.559 16835
22.073 16807
22.074 16803
37.823 16791
37.824 16790
37.824 16787
54.287 16785
62.904 16780
76.56 16775
76.562 16767
89.309 16763
107.704 16744
113.34 16742
113.349 16741
127.1 16735
127.109 16734
127.117 16733
128.794 16728
128.815 16725
135.986 16723
137.336 16720
140.092 16715
140.097 16714
140.104 16708
140.105 16707
159.265 16703
165.616 16700
225.866 16699
225.871 16698
228.255 16697
228.258 16696
