0.006 30156
0.006 30125
0.007 30106
0.009 30059
0.009 29976
0.009 29938
0.009 29878
0.01 29869
0.011 29852
0.012 29847
0.012 29828
0.014 29736
0.014 29700
0.015 29688
0.015 29683
0.016 29637
0.02 29586
0.022 29581
0.023 29549
0.024 29513
0.025 29479
0.025 29455
0.026 29437
0.027 29425
0.027 29352
0.03 29349
0.03 29321
0.031 29301
0.031 29299
0.032 29279
0.032 29257
0.033 29221
0.053 29213
0.053 29181
0.055 29180
0.061 29175
0.062 29169
0.062 29168
0.064 29150
0.065 29140
0.065 29125
0.075 29121
0.075 29103
0.077 29095
0.079 29066
0.082 29058
0.083 29055
0.094 29054
0.142 29046
0.146 29033
0.146 29004
0.169 28956
0.174 28948
0.175 28939
0.175 28867
0.177 28859
0.178 28858
0.263 28855
0.265 28854
0.266 28817
0.268 28805
0.269 28801
0.269 28768
0.27 28722
0.272 28714
0.275 28706
0.712 28703
0.713 28690
0.714 28687
0.714 28664
0.715 28659
0.716 28646
0.722 28640
0.726 28634
0.73 28547
0.732 28546
0.733 28526
0.733 28506
0.734 28505
0.735 28503
0.735 28501
0.896 28499
1.044 28469
1.047 28465
1.049 28462
18.17 28457
18.213 28444
18.214 28438
31.077 28425
31.096 28401
43.921 28378
43.929 28373
43.93 28370
43.93 28369
43.932 28367
82.493 28366
90.771 28365
90.772 28359
96.66 28356
98.904 28347
99.187 28341
101.707 28338
101.708 28334
126.863 28333
126.885 28327
126.887 28322
137.139 28315
137.436 28314
137.437 28310
139.562 28305
139.565 28304
139.566 28302
161.212 28301
161.213 28296
169.506 28294
169.511 28292
207.937 28290
217.257 28286
