0.005 22824
0.005 22821
0.005 22801
0.006 22741
0.007 22724
0.007 22723
0.008 22710
0.008 22681
0.008 22674
0.009 22658
0.01 22656
0.029 22645
0.03 22643
0.031 22631
0.034 22628
0.035 22626
0.038 22537
0.038 22513
0.044 22484
0.046 22478
0.046 22469
0.047 22462
0.059 22428
0.06 22417
0.06 22405
0.061 22383
0.062 22313
0.063 22295
0.065 22292
0.065 22287
0.067 22276
0.068 22267
0.069 22259
0.069 22258
0.07 22248
0.071 22198
0.074 22193
0.077 22192
0.077 22189
0.079 22155
0.083 22087
0.086 21998
0.087 21983
0.088 21970
0.089 21962
0.113 21874
0.117 21825
0.118 21749
0.119 21747
0.121 21721
0.121 21711
0.122 21681
0.123 21628
0.123 21594
0.125 21577
0.133 21558
0.134 21543
0.134 21540
0.135 21516
0.136 21514
0.139 21469
0.142 21468
0.146 21429
0.148 21425
0.151 21423
0.155 21407
0.156 21401
0.156 21398
0.305 21381
0.443 21379
1.008 21378
1.014 21369
1.564 21367
2.078 21354
9.021 21352
14.451 21348
14.451 21337
28.402 21323
28.403 21315
28.404 21298
62.869 21293
62.872 21290
62.875 21283
82.949 21282
82.949 21280
82.95 21278
82.951 21276
83.373 21266
83.373 21249
83.375 21233
96.395 21227
96.41 21224
97.839 21223
107.133 21199
107.135 21191
107.136 21181
110.705 21176
138.935 21172
140.008 21168
140.01 21165
147.505 21155
147.512 21151
168.796 21145
168.801 21144
168.804 21130
168.804 21125
171.049 21123
177.48 21122
177.481 21121
208.074 21113
208.076 21103
208.078 21098
208.082 21093
208.082 21090
240.898 21087
244.954 21086
245.045 21084
245.483 21081
245.487 21080
246.553 21079
253.184 21074
266.457 21073
