0.006 65754
0.006 65714
0.007 65698
0.008 65667
0.009 65632
0.009 65629
0.01 65623
0.036 65618
0.037 65597
0.039 65587
0.067 65551
0.068 65527
0.072 65526
0.072 65446
0.073 65441
0.073 65426
0.076 65423
0.077 65410
0.077 65407
0.078 65388
0.082 65378
0.103 65348
0.105 65236
0.106 65118
0.109 65070
0.109 65067
0.11 65065
0.112 65007
0.206 64999
0.211 64992
0.212 64961
0.214 64848
0.234 64844
0.235 64843
0.242 64842
0.281 64803
0.281 64798
0.94 64775
1.244 64739
1.254 64720
1.255 64699
1.255 64694
1.262 64693
1.265 64692
1.294 64679
1.295 64674
1.295 64618
1.297 64583
1.3 64571
1.306 64470
1.311 64459
1.312 64450
1.312 64436
27.225 64411
27.272 64380
27.282 64355
27.282 64348
27.284 64347
27.288 64342
27.327 64329
27.467 64289
27.485 64274
33.577 64242
33.847 64225
33.848 64221
41.923 64195
61.513 64191
61.514 64190
86.237 64188
86.365 64179
90.787 64171
90.788 64164
94.806 64163
94.807 64161
94.885 64116
114.303 64102
114.329 64098
114.331 64096
116.669 64091
120.632 64090
123.617 64084
153.252 64083
153.273 64075
153.273 64074
153.278 64073
153.279 64066
153.286 64053
170.985 64051
170.987 64047
179.88 64040
180.684 64038
180.686 64036
180.771 64034
180.787 64031
180.79 64019
205.247 64017
205.248 64015
233.948 64013
233.966 64010
234.596 64007
242.435 64006
246.316 64004
263.22 64001
290.747 63998
290.76 63997
316.12 63996
326.668 63995
326.907 63994
326.981 63993
327.052 63991
327.058 63989
327.082 63988
327.475 63987
327.495 63985
327.55 63981
341.069 63980
343.709 63976
