0.004 17324
0.005 17323
0.005 17298
0.008 17289
0.009 17235
0.011 17157
0.011 17145
0.012 17090
0.013 17024
0.014 16999
0.014 16959
0.016 16954
0.021 16953
0.042 16915
0.045 16836
0.054 16828
0.055 16785
0.057 16783
0.057 16752
0.093 16733
0.093 16721
0.094 16717
0.095 16711
0.102 16704
0.149 16691
0.152 16672
0.154 16633
0.195 16626
0.195 16592
0.206 16561
0.257 16513
0.26 16510
0.457 16490
0.46 16485
4.829 16453
6.551 16436
6.551 16422
6.552 16408
14.399 16403
36.26 16390
40.844 16377
40.874 16366
40.874 16355
40.877 16353
84.629 16341
125.034 16340
125.533 16328
