0.007 38566
0.008 38564
0.008 38553
0.009 38376
0.009 38349
0.01 38277
0.01 38276
0.011 38105
0.012 38069
0.014 38058
0.02 37954
0.047 37948
0.276 37930
0.279 37903
0.28 37865
0.281 37858
0.281 37850
0.282 37775
0.285 37750
0.286 37727
0.297 37701
0.297 37700
0.3 37682
0.301 37647
0.302 37621
0.309 37615
0.717 37596
0.735 37529
0.736 37505
0.737 37489
0.738 37478
0.738 37477
0.742 37461
0.795 37426
0.8 37423
1.385 37421
1.388 37400
1.389 37393
1.412 37392
1.413 37389
1.42 37380
1.421 37366
1.445 37347
1.451 37331
1.451 37292
1.453 37276
1.453 37269
10.997 37241
12.355 37209
12.36 37208
12.366 37207
12.95 37202
44.39 37196
46.076 37194
46.08 37178
46.083 37164
46.084 37161
46.085 37159
46.239 37157
46.239 37154
56.815 37122
56.817 37119
56.924 37115
57.33 37111
57.335 37097
57.337 37092
57.339 37079
57.344 37066
57.345 37059
57.353 37057
57.354 37049
57.355 37044
57.375 37038
57.377 37033
57.377 37028
57.382 37024
85.035 37002
88.288 36991
89.747 36987
89.748 36986
89.749 36981
89.758 36979
89.758 36978
89.766 36964
97.79 36957
106.073 36921
107.075 36917
107.339 36907
114.002 36905
114.002 36899
157.247 36895
173.398 36887
173.428 36886
173.431 36885
186.825 36884
186.831 36878
186.867 36877
186.87 36876
273.81 36873
