0.005 31769
0.006 31479
0.006 31478
0.008 31475
0.008 31459
0.009 31452
0.01 31399
0.012 31388
0.013 31334
0.013 31333
0.014 31326
0.015 31324
0.016 31062
0.017 31048
0.037 31044
0.039 31037
0.039 31033
0.04 31025
0.047 30875
0.047 30872
0.049 30865
0.049 30862
0.05 30855
0.052 30853
0.053 30852
0.053 30840
0.066 30835
0.068 30828
0.07 30827
0.072 30816
0.075 30811
0.076 30796
0.076 30792
0.076 30789
0.077 30745
0.082 30743
0.082 30690
0.084 30668
0.084 30667
0.086 30649
0.089 30640
0.092 30597
0.092 30595
0.094 30561
0.096 30534
0.098 30511
0.099 30508
0.105 30501
0.106 30500
0.107 30494
0.113 30492
0.114 30483
0.114 30482
0.115 30477
0.118 30453
0.12 30446
0.121 30434
0.122 30414
0.132 30263
0.133 30256
0.134 30205
0.135 30177
0.136 30076
0.928 30018
0.93 30017
0.938 30006
0.939 29993
0.981 29987
0.987 29986
0.988 29975
0.992 29973
0.994 29968
0.997 29965
1 29953
1.002 29864
1.003 29862
1.006 29860
1.01 29853
1.011 29847
1.012 29841
1.013 29838
6.394 29837
10.899 29822
44.252 29820
44.255 29811
44.26 29796
44.261 29793
44.264 29785
44.525 29780
44.597 29776
44.601 29768
44.607 29760
44.835 29711
44.84 29700
44.842 29691
44.842 29682
46.231 29668
47.31 29651
47.311 29640
50.141 29619
51.27 29611
51.285 29607
51.288 29602
51.288 29601
51.294 29592
51.302 29591
51.324 29590
51.325 29575
51.375 29573
51.375 29563
56.259 29561
56.26 29559
57.493 29540
57.546 29535
58.372 29528
62.421 29525
62.671 29524
62.672 29522
62.672 29520
65.197 29519
65.201 29515
73.372 29514
73.373 29512
73.409 29511
73.414 29510
79.733 29508
87.224 29504
87.229 29503
120.729 29497
122.884 29476
187.517 29472
290.068 29470
290.073 29469
290.282 29468
291.619 29465
291.91 29464
292.026 29461
292.026 29460
293.922 29459
293.926 29458
364.243 29456
366.118 29455
