0.007 58976
0.008 58956
0.008 58953
0.008 58926
0.01 58855
0.01 58802
0.011 58799
0.012 58796
0.012 58720
0.014 58709
0.019 58625
0.019 58573
0.019 58572
0.02 58560
0.022 58497
0.024 58482
0.027 58451
0.033 58447
0.04 58440
0.058 58326
0.059 58323
0.067 58294
0.069 58290
0.073 58270
0.141 58175
0.144 58163
0.146 58156
0.172 58084
0.178 58083
0.178 58053
0.183 58031
0.185 57992
0.185 57990
0.187 57985
0.189 57983
0.19 57978
0.195 57969
0.195 57967
0.199 57964
0.226 57888
0.228 57765
0.228 57746
0.417 57740
0.419 57728
0.42 57691
0.421 57638
0.425 57608
0.425 57596
0.425 57584
0.611 57567
0.612 57547
0.624 57511
0.624 57493
0.63 57475
1.074 57472
1.074 57419
1.085 57372
1.096 57363
1.096 57359
1.359 57347
1.363 57340
1.364 57331
1.375 57322
1.377 57253
1.383 57249
1.383 57240
1.384 57212
1.388 57211
1.388 57202
1.39 57175
1.918 57148
1.921 57134
1.935 57080
1.936 57067
1.937 57049
1.937 57045
1.938 57032
1.944 57016
2.81 56995
2.811 56966
2.821 56962
7.873 56956
29.472 56924
29.472 56881
29.475 56863
29.477 56852
49.625 56846
81.806 56822
81.807 56802
82.707 56771
92.835 56759
92.839 56751
92.84 56721
92.842 56719
94.006 56718
94.009 56711
94.143 56705
95.862 56693
95.865 56682
99.753 56672
100.822 56663
100.835 56659
113.609 56657
113.61 56655
113.611 56652
130.416 56650
130.459 56649
130.463 56638
130.463 56626
133.424 56625
134.426 56621
136.715 56620
138.986 56616
138.988 56606
138.99 56604
138.993 56601
138.993 56597
138.994 56596
221.189 56592
221.19 56590
223.058 56586
223.07 56584
223.097 56581
223.098 56578
223.102 56575
223.116 56570
288.636 56566
289.557 56564
289.568 56563
289.584 56560
289.795 56551
290.603 56541
290.616 56535
319.816 56533
319.821 56531
347.981 56530
