0.007 74437
0.008 74310
0.009 74157
0.009 74138
0.01 74123
0.011 74108
0.014 74103
0.014 74081
0.015 74053
0.015 73919
0.018 73820
0.046 73779
0.063 73741
0.066 73578
0.067 73563
0.068 73559
0.073 73526
0.075 73484
0.079 73451
0.081 73450
0.089 73420
0.089 73419
0.108 73414
0.109 73371
0.114 73361
0.116 73337
0.122 73306
0.124 73288
0.126 73280
0.264 73242
0.267 73232
0.273 73213
0.276 73210
0.367 73151
0.368 73118
0.37 73099
0.411 73067
0.418 73043
0.434 73040
0.436 72986
0.436 72985
0.44 72981
0.451 72979
0.455 72965
0.464 72963
0.469 72936
0.494 72929
0.496 72923
0.507 72908
0.528 72889
0.529 72886
0.674 72878
0.743 72865
0.751 72855
0.779 72850
0.803 72809
0.804 72808
0.805 72763
0.805 72749
0.807 72748
0.819 72734
0.826 72719
0.864 72624
0.864 72623
0.87 72615
0.878 72573
0.884 72567
0.896 72537
1.056 72527
1.184 72513
1.662 72497
1.668 72496
1.683 72481
2.35 72467
2.35 72450
2.358 72443
2.54 72390
2.542 72375
2.542 72333
2.554 72327
2.737 72320
2.738 72307
2.744 72300
2.745 72294
2.757 72268
3.074 72253
3.075 72252
3.798 72200
3.803 72189
4.206 72177
4.225 72170
4.235 72157
4.235 72151
4.236 72148
4.506 72147
4.507 72097
4.508 72083
4.508 72082
6.571 72078
9.14 72074
9.14 72062
9.143 72054
9.148 72037
13.642 72009
13.701 71980
13.703 71978
14.311 71973
16.266 71958
16.271 71956
16.275 71945
16.277 71942
16.277 71941
16.278 71924
16.28 71918
17.043 71913
46.52 71892
46.527 71880
46.538 71874
46.539 71861
46.702 71847
46.705 71801
46.707 71798
46.713 71793
52.511 71752
56.071 71709
56.072 71705
62.013 71679
63.204 71676
99.369 71664
115.503 71663
115.512 71659
115.52 71650
115.869 71637
146.01 71636
146.106 71634
178.604 71629
178.606 71628
178.609 71621
178.61 71614
203.335 71611
219.183 71610
219.211 71606
219.384 71604
219.386 71601
219.431 71600
226.766 71597
230.695 71594
231.952 71593
231.965 71589
309.498 71585
309.609 71583
314.125 71581
314.494 71580
314.848 71579
314.893 71575
314.998 71573
315.205 71570
315.312 71567
315.347 71566
315.363 71565
315.937 71562
318.447 71557
318.455 71554
326.338 71553
326.342 71552
326.343 71549
326.359 71548
326.367 71545
359.114 71541
