0.007 38553
0.015 38508
0.015 38407
0.016 38391
0.016 38390
0.016 38362
0.017 38261
0.023 38158
0.023 38137
0.026 38080
0.028 37996
0.028 37995
0.03 37983
0.031 37974
0.033 37968
0.034 37873
0.037 37593
1.586 37592
1.643 37591
1.645 37565
1.646 37563
2.079 37559
2.082 37551
2.09 37539
4.944 37508
4.97 37465
4.98 37457
4.981 37447
4.981 37424
4.982 37391
4.985 37373
4.986 37368
4.988 37359
5.026 37345
5.027 37340
5.027 37274
5.031 37234
5.032 37233
5.038 37126
5.054 37122
22.921 37111
22.922 37081
58.034 37073
58.04 37066
58.04 37065
58.068 37051
58.782 37033
59.044 37032
61.467 37025
61.469 37022
61.53 37010
61.534 37000
61.63 36983
62.948 36979
62.952 36974
62.982 36970
64.258 36967
64.47 36962
65.366 36958
65.367 36942
93.551 36936
97.331 36934
107.062 36933
107.062 36924
115.53 36918
115.531 36910
115.767 36903
149.973 36902
149.992 36896
150.002 36885
157.845 36880
196.568 36878
196.573 36876
198.36 36872
198.361 36870
200.544 36860
200.675 36859
223.994 36857
224.043 36852
224.088 36850
224.249 36848
224.358 36836
224.358 36835
224.366 36834
224.46 36823
228.396 36816
237.347 36815
243.526 36811
243.53 36810
244.097 36809
252.129 36808
252.13 36807
252.229 36805
252.247 36803
252.273 36802
252.486 36800
252.753 36799
252.772 36798
252.839 36796
