0.01 42083
0.01 42062
0.01 42037
0.011 41996
0.011 41977
0.011 41957
0.011 41900
0.014 41849
0.014 41827
0.015 41819
0.015 41790
0.015 41780
0.016 41737
0.018 41727
0.019 41714
0.027 41695
0.032 41615
0.042 41577
0.043 41576
0.043 41554
0.045 41541
0.046 41534
0.046 41529
0.047 41487
0.054 41422
0.054 41418
0.056 41399
0.057 41394
0.058 41373
0.063 41367
0.077 41246
0.077 41244
0.082 41242
0.083 41239
0.085 41235
0.102 41230
0.104 41186
0.134 41181
0.366 41169
0.392 41165
0.393 41158
0.4 41153
0.431 41116
0.432 41106
0.76 41094
0.808 41067
1.3 41051
1.301 41046
1.33 41032
3.833 40984
3.834 40983
3.835 40971
3.835 40939
3.835 40909
3.846 40892
3.851 40886
3.853 40876
3.853 40859
3.854 40856
3.924 40847
7.354 40845
10.806 40815
10.837 40786
11.32 40766
11.324 40729
25.391 40709
25.397 40697
25.401 40682
34.844 40669
52.67 40659
52.68 40651
56.958 40647
57.634 40626
57.655 40619
57.737 40604
57.738 40599
57.739 40561
57.792 40538
79.129 40532
79.13 40528
80.007 40523
80.011 40518
80.019 40508
80.019 40500
80.02 40473
80.021 40467
84.392 40463
84.511 40455
84.515 40449
84.516 40436
84.603 40425
84.605 40411
84.611 40405
84.673 40390
84.77 40385
84.772 40383
84.772 40380
84.773 40363
154.514 40359
154.515 40355
154.523 40341
154.524 40313
154.596 40306
154.596 40287
154.601 40277
154.702 40268
154.805 40267
154.81 40265
154.813 40258
154.822 40256
154.83 40252
154.833 40250
154.858 40249
154.859 40247
156.047 40244
156.049 40238
156.049 40236
157.332 40221
157.334 40220
158.973 40216
158.975 40214
159.95 40200
170.177 40195
170.2 40192
170.211 40188
170.488 40187
172.556 40183
183.018 40180
183.021 40174
183.034 40168
183.042 40162
183.046 40159
198.311 40158
207.563 40155
208.799 40154
216.785 40150
216.803 40145
244.921 40139
244.925 40133
