0.009 21939
0.01 21921
0.01 21917
0.011 21896
0.012 21894
0.013 21887
0.014 21873
0.019 21861
0.019 21797
0.023 21775
0.053 21732
0.054 21701
0.071 21618
0.071 21613
0.073 21597
0.074 21595
0.074 21585
0.076 21572
0.081 21565
0.082 21563
0.083 21562
0.087 21538
0.113 21531
0.113 21522
0.182 21521
0.184 21520
0.185 21513
0.187 21487
0.187 21484
0.189 21483
0.191 21458
0.192 21454
0.192 21449
0.192 21440
0.198 21412
0.202 21357
0.203 21341
0.208 21337
0.273 21324
0.28 21287
0.281 21275
0.281 21265
0.282 21194
0.778 21185
0.781 21168
0.782 21166
0.785 21156
0.787 21143
0.789 21132
0.812 21122
1.498 21097
1.501 21094
1.529 21077
1.531 21075
1.531 21033
1.535 21016
4.642 21013
4.645 20994
4.645 20976
5.974 20964
5.987 20953
13.96 20951
13.961 20948
13.961 20944
13.962 20926
13.964 20925
14.186 20916
14.189 20913
14.201 20910
14.202 20900
14.221 20891
45.535 20870
45.544 20858
45.571 20855
45.596 20853
45.598 20851
45.602 20848
47.238 20841
47.24 20839
47.257 20837
47.258 20830
47.259 20829
47.631 20827
47.768 20826
47.77 20825
47.773 20815
54.649 20813
54.655 20808
54.662 20805
54.663 20800
55.075 20798
57.45 20795
57.451 20789
57.452 20764
58.293 20737
58.295 20734
106.234 20727
106.234 20722
106.236 20714
134.548 20712
135.164 20709
137.174 20695
138.358 20692
154.951 20687
154.953 20686
154.977 20672
154.978 20671
154.989 20670
171.072 20669
172.67 20668
173.447 20666
199.849 20665
239.781 20663
239.826 20661
241.537 20660
241.539 20659
241.548 20657
241.717 20656
242.113 20655
242.116 20651
282.239 20649
282.259 20648
