0.009 111012
0.01 110395
0.018 110068
0.018 110058
0.023 110037
0.027 110032
0.032 109932
0.039 109923
0.054 109914
0.055 109882
0.055 109881
0.06 109878
0.061 109873
0.062 109861
0.067 109772
0.068 109758
0.069 109756
0.07 109753
0.073 109752
0.079 109726
0.08 109653
0.095 109642
0.096 109636
0.098 109623
0.099 109620
0.099 109619
0.099 109583
0.116 109571
0.116 109435
0.136 109433
0.141 109430
0.141 109388
0.141 109378
0.142 109310
0.146 109267
0.153 109254
0.153 109212
0.168 109201
0.181 109084
0.204 109071
0.205 109017
0.207 109012
0.208 109000
0.209 108976
0.211 108865
0.212 108856
0.213 108853
0.214 108838
0.223 108835
0.223 108829
0.226 108825
0.226 108812
0.227 108811
0.227 108779
0.228 108749
0.229 108732
0.232 108702
0.236 108696
0.238 108694
0.24 108681
0.24 108670
0.243 108650
0.953 108588
0.955 108586
1.368 108582
1.369 108563
1.37 108554
1.372 108552
1.373 108550
1.537 108454
1.539 108451
1.553 108444
1.554 108430
1.563 108411
1.563 108409
1.573 108238
1.629 108219
1.632 108206
1.637 108202
1.638 108191
1.638 108190
1.639 108182
1.64 108161
2.211 108148
2.213 108130
7.361 108098
7.438 108084
7.44 108081
7.441 108079
7.441 108063
7.443 108056
8.562 108050
8.565 108045
8.565 108043
8.572 107981
8.572 107975
8.576 107968
8.576 107944
8.631 107932
8.892 107931
8.894 107927
8.897 107910
9.894 107893
9.894 107877
10.812 107874
10.813 107847
10.817 107839
10.817 107838
11.777 107807
11.817 107792
11.826 107774
11.828 107745
11.83 107733
11.833 107730
12.17 107710
12.209 107667
12.21 107661
12.213 107630
12.221 107622
12.224 107621
12.224 107595
12.225 107593
12.356 107591
12.358 107575
12.366 107567
12.381 107555
17.047 107545
17.048 107542
19.512 107533
19.513 107526
19.563 107512
19.564 107510
19.606 107505
19.607 107494
19.613 107492
21.665 107486
21.665 107478
21.668 107475
25.805 107471
25.852 107438
25.854 107437
25.855 107402
25.856 107391
25.859 107390
25.86 107366
25.861 107365
25.865 107353
25.867 107347
25.868 107330
25.868 107328
25.869 107327
25.87 107264
25.871 107258
25.874 107256
25.875 107230
25.89 107221
25.894 107220
25.896 107209
28.335 107208
29.853 107168
31.382 107162
32.459 107157
36.196 107134
36.201 107130
36.205 107115
36.205 107107
36.25 107105
36.492 107103
36.492 107102
36.495 107094
36.502 107091
59.235 107078
59.236 107068
60.563 107067
122.982 107063
122.983 107054
122.984 107037
123.639 107032
123.687 107005
123.689 106997
135.049 106996
135.098 106994
135.102 106987
135.106 106985
135.124 106975
135.125 106974
142.866 106972
142.867 106971
142.868 106966
142.874 106964
142.973 106954
142.973 106950
144.974 106944
144.986 106943
145.071 106938
147.991 106936
147.992 106935
148.422 106918
148.425 106914
148.444 106913
177.472 106911
177.483 106909
177.521 106898
186.617 106892
186.621 106889
186.624 106888
186.625 106883
186.63 106882
187.054 106881
187.073 106880
187.083 106879
213.058 106871
213.065 106869
251.411 106861
251.414 106860
251.419 106856
277.535 106851
277.541 106848
339.773 106845
343.069 106844
343.073 106843
343.077 106842
343.087 106841
343.089 106837
343.096 106835
