0.011 32957
0.012 32918
0.012 32907
0.012 32904
0.012 32903
0.013 32890
0.013 32738
0.014 32710
0.014 32709
0.014 32695
0.016 32693
0.017 32692
0.017 32669
0.018 32666
0.018 32611
0.019 32568
0.019 32559
0.02 32536
0.022 32509
0.022 32492
0.039 32486
0.04 32479
0.041 32476
0.042 32471
0.043 32467
0.045 32363
0.049 32331
0.049 32306
0.049 32304
0.051 32277
0.06 32272
0.065 32265
0.066 32251
0.066 32240
0.066 32239
0.067 32216
0.067 32208
0.076 32199
0.077 32197
0.078 32196
0.126 32179
0.127 32175
0.129 32173
0.129 32152
0.171 32151
0.173 32127
0.202 32098
0.203 32072
0.245 32051
0.247 32042
0.248 31949
0.249 31930
0.251 31883
0.253 31881
0.254 31877
0.256 31869
0.257 31860
0.257 31858
0.262 31841
0.264 31813
0.336 31758
0.336 31738
0.356 31705
0.356 31681
0.366 31668
0.368 31664
0.806 31651
0.814 31610
0.815 31599
0.816 31594
0.817 31590
0.93 31568
0.93 31566
0.93 31533
0.932 31517
0.932 31516
0.933 31510
0.933 31473
4.237 31436
4.238 31434
4.292 31423
11.462 31406
11.465 31390
11.472 31375
11.481 31374
11.481 31369
24.661 31347
24.662 31331
38.044 31328
38.045 31323
38.047 31322
38.047 31314
38.048 31306
38.275 31290
38.275 31282
74.19 31281
74.192 31259
74.192 31251
74.193 31250
74.196 31238
74.198 31236
74.2 31229
98.727 31218
98.739 31208
98.739 31207
98.741 31182
98.745 31180
98.745 31168
98.78 31166
100.475 31152
103.813 31151
103.813 31146
103.834 31142
117.032 31129
122.792 31126
122.792 31124
126.7 31107
126.701 31104
126.702 31095
126.702 31091
126.705 31085
126.711 31080
126.713 31072
126.713 31066
196.427 31065
196.432 31063
196.433 31062
196.434 31060
196.494 31058
196.495 31057
196.5 31050
198.556 31049
199.48 31041
199.491 31038
199.498 31037
240.607 31034
240.633 31033
240.697 31031
240.705 31029
240.728 31026
240.794 31012
240.796 31004
240.87 31003
269.289 30998
269.291 30995
269.301 30989
269.33 30987
269.339 30986
