0.01 42072
0.01 42032
0.011 42020
0.011 41938
0.012 41923
0.012 41902
0.013 41892
0.014 41838
0.014 41779
0.014 41738
0.015 41694
0.015 41679
0.017 41660
0.02 41654
0.02 41542
0.021 41521
0.023 41510
0.025 41496
0.025 41477
0.026 41475
0.027 41468
0.027 41465
0.027 41449
0.027 41446
0.033 41427
0.033 41372
0.036 41347
0.039 41329
0.041 41325
0.241 41294
0.244 41271
0.245 41260
0.246 41256
0.261 41225
0.365 41222
0.366 41207
0.366 41199
0.367 41184
0.597 41115
0.697 41105
0.7 41100
0.709 41078
0.71 41076
0.72 41073
0.721 41070
0.73 41057
3.128 41042
3.15 40963
3.151 40950
3.151 40929
3.152 40910
3.153 40904
3.156 40851
3.16 40848
4.172 40823
4.187 40794
4.188 40775
4.188 40747
5.024 40745
5.026 40731
5.028 40726
5.034 40725
21.731 40723
21.732 40718
21.739 40710
34.905 40685
34.91 40684
34.932 40649
34.935 40643
34.936 40606
34.941 40598
34.942 40574
48.364 40541
60.122 40481
63.219 40471
63.219 40453
79.881 40452
79.907 40451
79.908 40442
79.933 40423
79.935 40408
79.938 40407
79.94 40401
83.343 40384
88.854 40352
88.861 40349
89.058 40341
99.779 40337
99.926 40330
99.926 40318
99.951 40314
99.958 40309
99.96 40308
115.189 40307
115.205 40296
118.826 40289
145.087 40287
145.101 40282
145.112 40281
145.115 40280
145.117 40278
145.212 40274
145.229 40264
145.23 40239
145.24 40236
145.245 40232
145.305 40218
145.348 40205
145.356 40203
145.372 40190
145.373 40185
149.77 40183
151.086 40173
151.101 40168
151.896 40164
151.899 40162
187.204 40159
187.232 40156
187.239 40150
188.165 40149
188.195 40147
214.994 40146
224.773 40145
224.789 40144
224.818 40143
224.837 40140
225.508 40139
226.044 40137
226.365 40135
226.376 40132
226.632 40131
226.647 40128
280.05 40126
287.458 40120
288.474 40117
288.685 40116
