0.009 35994
0.01 35990
0.011 35985
0.011 35980
0.012 35926
0.012 35893
0.013 35861
0.013 35802
0.014 35514
0.015 35472
0.015 35408
0.018 35353
0.019 35341
0.021 35289
0.022 35273
0.023 35271
0.023 35269
0.023 35236
0.028 35225
0.029 35209
0.031 35204
0.033 35194
0.057 35182
0.074 35138
0.075 35123
0.076 35116
0.079 35043
0.08 35023
0.081 35018
0.081 35014
0.082 34985
0.084 34984
0.085 34968
0.085 34958
0.09 34957
0.095 34950
0.165 34918
0.18 34863
0.18 34854
0.181 34846
0.183 34844
0.186 34834
0.188 34822
0.213 34813
0.225 34705
0.259 34697
0.386 34688
0.387 34681
0.39 34674
0.531 34665
0.653 34636
0.655 34587
0.958 34508
2.141 34442
2.151 34408
2.151 34405
4.52 34354
13.451 34352
13.452 34347
13.453 34321
13.458 34287
23.636 34286
23.637 34268
24.783 34251
39.261 34247
39.273 34237
39.274 34202
39.276 34193
39.277 34166
59.015 34156
59.1 34126
74.98 34124
79.904 34111
79.907 34097
79.91 34096
79.911 34095
79.913 34088
79.913 34060
79.914 34058
79.919 34055
114.88 34047
127.708 34037
144.699 34032
144.701 34027
144.702 34018
159.629 34014
159.63 34012
169.84 34010
170.605 34004
170.611 34002
170.622 33995
170.629 33982
170.853 33978
190.736 33973
192.229 33972
192.236 33968
192.888 33967
192.893 33960
193.132 33957
193.141 33954
193.145 33950
193.156 33938
193.158 33936
206.973 33927
206.974 33925
206.982 33923
219.085 33922
219.088 33921
228.632 33915
229.955 33912
230.058 33906
245.896 33903
269.149 33902
269.152 33900
