0.011 112790
0.015 112774
0.017 112739
0.018 112730
0.019 112706
0.024 112705
0.026 112702
0.027 112683
0.027 112624
0.029 112595
0.064 112591
0.074 112576
0.074 112555
0.154 112545
0.167 112543
0.169 112541
0.171 112535
0.172 112502
0.175 112497
0.177 112458
0.198 112449
0.202 112444
0.203 112421
0.209 112406
0.248 112405
0.248 112350
0.25 112316
0.254 112301
0.552 112265
0.554 112245
0.565 112217
0.882 112213
0.883 112129
0.883 112128
0.926 112123
0.927 112110
0.927 112101
0.928 112094
0.928 112080
0.931 112056
0.945 112046
2.542 112001
2.544 111990
2.547 111980
2.549 111961
3.603 111943
3.607 111924
3.608 111908
5.853 111907
5.859 111880
5.861 111839
13.512 111794
13.523 111789
13.525 111766
13.526 111754
13.534 111751
13.534 111742
32.864 111703
32.868 111701
33.175 111694
33.179 111658
152.485 111649
183.977 111634
191.82 111629
191.884 111625
191.884 111616
191.886 111608
249.807 111582
249.817 111579
261.696 111572
261.698 111569
263.295 111565
263.31 111564
304.562 111563
304.574 111562
317.555 111544
325.578 111524
408.68 111522
419.299 111518
423.007 111517
424.893 111515
425.141 111503
425.207 111492
425.213 111488
464.025 111481
480.924 111475
481.112 111473
493.422 111472
493.432 111471
493.481 111469
523.791 111467
523.831 111466
527.259 111462
561.612 111448
577.472 111442
577.474 111434
628.803 111432
629.67 111431
633.932 111427
633.948 111421
677.786 111419
677.792 111415
