0.008 26702
0.008 26585
0.008 26551
0.01 26539
0.011 26494
0.012 26429
0.012 26419
0.014 26403
0.014 26397
0.015 26362
0.016 26340
0.017 26271
0.017 26207
0.017 26195
0.018 26161
0.018 26143
0.021 26136
0.022 26109
0.023 26076
0.024 26059
0.024 26052
0.025 25997
0.027 25995
0.028 25871
0.028 25869
0.029 25862
0.03 25828
0.03 25827
0.04 25793
0.043 25778
0.044 25764
0.045 25721
0.045 25677
0.046 25667
0.047 25655
0.052 25619
0.053 25601
0.053 25585
0.054 25582
0.055 25579
0.058 25569
0.058 25505
0.059 25492
0.06 25477
0.06 25469
0.193 25460
0.194 25454
0.277 25452
0.34 25440
0.34 25428
0.37 25362
0.371 25346
0.411 25344
0.436 25293
0.441 25270
0.444 25262
1.022 25248
1.024 25241
1.024 25234
1.026 25227
1.12 25221
1.12 25208
1.121 25204
1.923 25172
1.925 25169
1.925 25147
1.955 25136
1.957 25122
7.315 25120
7.315 25080
19.664 25072
21.83 25069
35.321 25058
36.725 25054
36.725 25052
36.801 25040
36.802 25037
38.935 25035
38.937 25034
41.551 25015
41.552 25012
41.553 25008
48.045 25002
48.046 24995
48.046 24991
48.047 24988
55.824 24977
84.498 24963
104.863 24959
122.336 24948
122.342 24945
124.979 24942
124.979 24936
125.095 24935
125.096 24933
126.295 24928
126.312 24923
126.313 24921
126.317 24918
177.197 24916
177.207 24913
177.209 24910
220.477 24909
236.846 24908
236.848 24900
267.387 24898
267.397 24897
267.419 24895
