0.009 21939
0.01 21832
0.011 21770
0.011 21754
0.011 21747
0.012 21733
0.013 21731
0.024 21709
0.024 21705
0.028 21693
0.029 21683
0.03 21679
0.031 21678
0.031 21670
0.032 21627
0.033 21623
0.036 21577
0.047 21575
0.049 21556
0.086 21552
0.088 21550
0.088 21544
0.088 21517
0.089 21505
0.091 21501
0.092 21483
0.097 21409
0.098 21384
0.29 21376
0.291 21375
0.296 21329
0.412 21318
0.418 21304
0.42 21293
0.431 21283
0.433 21262
0.434 21238
0.436 21234
0.593 21232
0.594 21230
0.618 21190
0.622 21141
0.623 21138
0.624 21128
0.625 21125
0.625 21124
0.626 21122
0.627 21116
0.873 21100
0.874 21098
0.878 21096
0.883 21089
0.884 21080
1.258 21073
1.259 21060
4.09 21058
4.091 21052
4.132 21041
4.135 21034
8.095 21032
11.91 21027
12.304 21026
12.988 21023
14.331 21011
14.332 21003
14.333 20996
14.334 20978
14.335 20973
19.275 20952
19.277 20950
19.279 20941
19.28 20934
19.28 20929
19.483 20915
19.727 20892
32.706 20889
33.227 20873
34.763 20862
34.764 20842
34.766 20841
62.306 20838
62.306 20836
62.307 20834
77.754 20819
77.757 20807
77.766 20806
92.579 20803
92.588 20802
92.594 20775
98.836 20767
100.687 20766
100.715 20762
100.716 20751
100.719 20736
120.508 20731
120.513 20730
121.603 20727
121.775 20725
121.776 20723
121.786 20708
121.791 20699
121.871 20691
133.636 20689
133.637 20686
135.128 20675
135.2 20659
135.202 20651
135.301 20647
135.325 20646
135.337 20643
180.941 20642
184.583 20641
184.586 20640
184.972 20638
193.617 20636
205.398 20633
205.407 20627
218.793 20626
219.913 20625
219.917 20624
220.042 20623
220.051 20622
220.709 20621
220.729 20620
221.198 20618
221.248 20617
221.735 20615
224.148 20614
