0.012 18511
0.012 18505
0.012 18494
0.013 18132
0.013 18123
0.013 18114
0.014 18097
0.015 18094
0.016 18082
0.016 17996
0.017 17984
0.021 17914
0.021 17872
0.022 17869
0.022 17861
0.022 17841
0.024 17806
0.025 17781
0.026 17775
0.027 17751
0.029 17743
0.029 17738
0.03 17736
0.031 17733
0.031 17726
0.032 17705
0.039 17665
0.041 17629
0.041 17628
0.042 17625
0.042 17623
0.044 17600
0.045 17588
0.046 17525
0.047 17490
0.047 17452
0.048 17442
0.048 17415
0.049 17398
0.05 17379
0.05 17377
0.052 17361
0.053 17353
0.054 17345
0.054 17337
0.06 17301
0.061 17287
0.061 17270
0.062 17263
0.123 17261
0.126 17259
0.162 17256
0.164 17250
0.165 17237
0.172 17224
0.175 17219
0.179 17204
0.179 17201
0.179 17200
0.18 17163
0.181 17148
0.226 17123
0.227 17117
0.234 17096
0.235 17073
0.238 17054
0.239 17041
0.24 17029
0.322 17013
0.323 16933
0.324 16927
0.325 16910
0.327 16903
0.327 16893
0.329 16887
0.33 16882
0.361 16873
1.199 16833
1.2 16800
31.015 16795
38.011 16789
38.011 16780
38.012 16775
61.795 16766
62.441 16758
62.442 16742
86.811 16740
86.821 16737
91.685 16729
91.687 16720
91.687 16709
91.689 16706
139.655 16705
139.656 16696
153.97 16695
153.974 16691
153.987 16690
157.185 16688
157.186 16686
157.286 16683
157.287 16681
172.891 16672
172.893 16670
178.36 16669
199.923 16668
203.657 16665
203.663 16660
206.463 16656
206.473 16654
207.203 16652
221.034 16650
247.468 16640
247.47 16637
247.52 16634
247.526 16630
247.578 16629
277.969 16624
289.266 16623
299.863 16622
309.244 16618
309.577 16617
309.607 16615
