0.013 55905
0.013 55821
0.014 55746
0.015 55697
0.016 55642
0.017 55636
0.018 55593
0.019 55572
0.02 55568
0.02 55564
0.021 55537
0.023 55502
0.023 55492
0.023 55475
0.024 55384
0.029 55374
0.029 55367
0.03 55346
0.032 55338
0.032 55331
0.033 55324
0.034 55318
0.034 55313
0.035 55303
0.035 55299
0.037 55286
0.039 55225
0.039 55178
0.041 55165
0.043 55123
0.043 55097
0.043 55082
0.045 55033
0.046 54982
0.046 54979
0.047 54965
0.047 54929
0.047 54841
0.049 54826
0.05 54769
0.05 54760
0.051 54751
0.052 54718
0.052 54607
0.053 54590
0.053 54536
0.055 54520
0.055 54504
0.056 54480
0.06 54456
0.062 54407
0.071 54375
0.104 54357
0.105 54355
0.106 54347
0.106 54318
0.108 54313
0.12 54305
0.121 54268
0.132 54243
0.135 54107
0.29 54094
0.292 54087
0.293 53971
0.294 53934
0.313 53858
0.316 53856
0.317 53843
0.328 53827
0.329 53824
0.332 53773
0.435 53745
0.437 53714
0.9 53709
0.911 53696
0.912 53667
0.913 53664
0.92 53650
0.934 53630
0.935 53611
0.936 53591
0.936 53460
0.936 53443
3.518 53396
3.537 53389
3.537 53385
3.554 53384
3.557 53316
3.72 53305
9.718 53234
9.858 53205
17.984 53148
17.986 53130
17.988 53129
17.988 53115
17.989 53095
17.99 53093
18.167 53092
18.409 53084
18.419 53073
20.567 53059
42.16 53018
42.161 53003
42.162 52986
42.165 52977
42.17 52976
42.174 52935
80.74 52926
94.053 52891
110.059 52848
110.065 52843
110.068 52824
110.068 52822
111.911 52812
112.111 52797
112.199 52794
112.2 52793
112.391 52787
112.419 52755
112.424 52741
112.495 52721
112.5 52714
113.469 52713
113.61 52706
113.611 52694
116.504 52684
116.507 52681
116.54 52662
116.567 52658
116.568 52651
116.572 52648
116.579 52644
116.58 52634
116.58 52631
125.43 52629
125.436 52620
125.439 52614
125.443 52609
125.449 52585
125.521 52583
149.243 52581
149.244 52576
149.245 52568
149.247 52558
149.271 52553
149.271 52552
174.698 52547
174.7 52539
174.701 52529
174.704 52524
194.634 52520
194.647 52519
194.655 52504
200.304 52500
200.539 52497
200.552 52491
201.314 52487
201.328 52485
201.331 52475
203.361 52463
203.377 52449
206.886 52439
206.912 52433
207.978 52430
208.018 52428
220.638 52425
220.639 52417
220.644 52414
230.547 52412
230.607 52404
243.253 52403
243.259 52400
243.271 52394
245.874 52390
246.052 52386
246.054 52384
246.059 52370
258.059 52369
258.071 52368
290.566 52366
290.958 52358
292.078 52354
292.398 52353
292.707 52352
303.845 52351
304.45 52350
304.478 52349
