0.013 32092
0.014 31997
0.014 31990
0.014 31982
0.015 31916
0.016 31809
0.016 31773
0.016 31766
0.017 31761
0.017 31746
0.018 31704
0.019 31687
0.02 31628
0.021 31600
0.021 31477
0.025 31473
0.025 31450
0.026 31438
0.026 31437
0.028 31407
0.029 31404
0.031 31395
0.031 31375
0.032 31372
0.033 31344
0.044 31340
0.045 31323
0.046 31288
0.047 31250
0.058 31242
0.064 31234
0.064 31195
0.065 31170
0.065 31145
0.066 31059
0.066 31054
0.068 30992
0.069 30985
0.069 30972
0.069 30926
0.07 30920
0.07 30885
0.071 30830
0.071 30752
0.072 30740
0.122 30736
0.122 30724
0.123 30654
0.134 30622
0.135 30621
0.154 30616
0.154 30578
0.174 30534
0.175 30519
0.176 30496
0.186 30484
0.187 30469
0.203 30462
0.203 30458
0.215 30406
0.216 30394
0.22 30373
0.22 30369
0.745 30360
0.746 30339
0.749 30305
0.788 30302
0.79 30298
0.792 30267
0.796 30262
0.796 30257
0.796 30229
0.799 30213
0.8 30195
6.003 30194
6.004 30193
6.005 30171
11.586 30168
16.657 30161
16.693 30140
16.695 30075
16.698 30060
55.543 30046
59.037 30043
59.039 30042
59.047 30022
71.555 30019
71.556 30005
74.034 30002
76.534 29997
81.566 29989
81.569 29973
134.199 29962
136.326 29956
136.327 29943
136.327 29940
137.529 29938
137.533 29917
137.936 29878
137.988 29872
137.988 29855
195.685 29853
197.677 29849
197.807 29847
197.84 29843
197.872 29840
197.874 29838
244.327 29825
244.329 29817
251.832 29813
251.846 29810
251.933 29809
258.049 29808
258.05 29806
282.344 29801
282.445 29798
296.302 29796
296.309 29795
304.833 29792
304.836 29791
311.965 29787
335.987 29785
335.997 29784
338.126 29779
