0.019 69938
0.02 69889
0.021 69766
0.022 69741
0.022 69625
0.024 69623
0.024 69612
0.024 69610
0.025 69574
0.025 69553
0.025 69552
0.026 69524
0.026 69519
0.027 69374
0.027 69339
0.028 69328
0.029 69277
0.029 69210
0.029 69171
0.03 69163
0.031 69153
0.034 69079
0.035 69056
0.035 69053
0.035 68946
0.036 68945
0.036 68933
0.037 68931
0.04 68901
0.042 68886
0.042 68882
0.044 68864
0.044 68805
0.049 68784
0.049 68781
0.049 68779
0.057 68767
0.06 68741
0.061 68719
0.062 68693
0.063 68690
0.202 68591
0.203 68516
0.205 68500
0.209 68499
0.312 68486
0.313 68478
0.314 68471
0.314 68415
0.317 68391
0.322 68387
0.327 68359
0.483 68339
0.486 68323
0.486 68296
0.487 68289
0.493 68285
0.496 68261
2.27 68252
2.278 68242
2.28 68239
2.281 68186
4.795 68159
4.796 68140
7.023 68135
7.024 68132
7.339 68124
7.339 68081
15.176 68075
15.176 68072
15.177 68042
15.179 68011
15.18 68007
15.181 68003
15.223 67994
15.224 67982
15.225 67969
15.226 67962
15.423 67947
22.256 67932
22.258 67930
22.259 67892
22.268 67887
22.269 67886
22.27 67869
22.271 67858
22.52 67849
26.128 67844
39.619 67831
55.056 67809
55.057 67801
58.429 67788
65.411 67759
65.412 67704
65.413 67693
65.415 67683
82.755 67647
82.757 67636
82.758 67613
82.758 67609
82.761 67594
176.846 67588
176.847 67583
177.817 67571
177.819 67558
177.821 67544
177.909 67536
177.91 67528
177.912 67526
191.763 67515
220.357 67511
220.358 67484
220.36 67483
220.362 67480
220.366 67468
221.793 67457
221.977 67452
241.937 67451
241.937 67450
241.943 67432
242.533 67409
243.195 67408
256.013 67400
256.034 67390
256.041 67381
256.043 67379
256.231 67372
262.584 67371
262.585 67361
262.591 67360
262.593 67358
262.993 67349
263.003 67343
263.005 67339
263.446 67335
263.45 67333
263.45 67332
263.452 67320
263.453 67319
