0.02 36897
0.021 36873
0.021 36799
0.021 36752
0.023 36709
0.023 36706
0.023 36705
0.024 36698
0.024 36680
0.025 36653
0.026 36539
0.026 36518
0.026 36454
0.027 36447
0.029 36445
0.029 36444
0.029 36396
0.03 36393
0.03 36381
0.031 36332
0.031 36327
0.032 36316
0.034 36264
0.034 36263
0.035 36251
0.036 36247
0.036 36241
0.037 36232
0.038 36212
0.039 36191
0.04 36160
0.04 36159
0.046 36158
0.05 36137
0.069 36135
0.07 36132
0.071 36096
0.072 36084
0.082 36068
0.083 36059
0.084 36058
0.084 36016
0.085 36015
0.086 36013
0.096 36012
0.102 35969
0.117 35944
0.118 35938
0.122 35920
0.168 35889
0.169 35867
0.17 35823
0.176 35793
0.178 35764
0.199 35736
0.199 35667
0.241 35648
0.255 35630
0.255 35624
0.259 35620
0.259 35615
0.26 35609
0.262 35595
0.263 35580
0.263 35578
0.264 35569
0.266 35556
0.267 35555
0.27 35532
0.274 35491
0.279 35490
0.302 35485
0.304 35482
0.304 35470
0.305 35448
0.306 35430
0.308 35415
0.309 35412
0.339 35366
0.366 35364
0.371 35299
0.602 35282
0.602 35279
0.944 35249
0.946 35248
0.948 35230
0.948 35221
2.695 35200
2.703 35181
2.705 35148
16.292 35143
16.295 35106
29.504 35105
29.518 35064
29.519 35059
29.519 35017
29.521 35015
40.893 35002
40.903 34998
40.903 34994
40.904 34993
40.907 34988
40.907 34958
48.914 34932
48.927 34918
48.928 34913
48.928 34911
82.679 34903
82.681 34902
82.69 34894
83.65 34889
90.118 34870
90.123 34868
90.124 34855
90.126 34854
90.127 34852
90.13 34836
90.131 34833
104.04 34827
104.116 34826
104.117 34808
104.117 34791
104.135 34778
104.138 34770
104.14 34764
104.141 34754
104.144 34739
109.981 34727
109.981 34718
109.983 34710
109.988 34708
112.192 34700
112.192 34689
112.198 34686
132.222 34683
132.223 34676
132.224 34672
132.225 34669
132.227 34668
132.228 34666
134.572 34655
159.673 34654
159.673 34639
176.732 34638
176.742 34637
176.746 34630
176.748 34629
177.326 34621
177.422 34618
177.433 34603
177.433 34594
177.434 34593
208.435 34586
208.618 34583
208.619 34578
230.235 34573
239.525 34567
253.712 34566
253.722 34563
256.101 34560
256.878 34558
256.884 34554
256.917 34553
258.358 34552
258.37 34550
260.142 34548
260.211 34543
260.217 34538
276.705 34531
282.431 34527
282.459 34525
282.464 34521
307.914 34520
307.965 34516
307.966 34508
327.43 34507
