0.02 36836
0.021 36786
0.022 36785
0.022 36767
0.023 36742
0.023 36714
0.024 36709
0.024 36679
0.025 36612
0.025 36600
0.026 36528
0.026 36515
0.026 36500
0.027 36437
0.028 36425
0.029 36388
0.03 36385
0.031 36376
0.031 36366
0.032 36365
0.033 36339
0.035 36315
0.035 36289
0.036 36285
0.04 36280
0.042 36271
0.043 36263
0.044 36228
0.044 36227
0.045 36150
0.045 36132
0.049 36129
0.07 36106
0.071 36060
0.074 36049
0.075 36045
0.076 36043
0.078 36039
0.079 36013
0.081 35977
0.085 35932
0.086 35931
0.086 35924
0.088 35921
0.089 35890
0.095 35873
0.099 35866
0.102 35855
0.104 35852
0.105 35847
0.114 35842
0.117 35829
0.119 35801
0.12 35785
0.488 35774
0.489 35770
0.491 35749
0.505 35707
0.506 35674
0.507 35659
0.507 35649
0.513 35631
0.514 35610
0.518 35589
0.522 35565
0.522 35564
0.545 35525
0.546 35518
0.546 35509
0.547 35506
0.55 35485
0.634 35471
0.635 35448
2.325 35443
2.325 35424
2.326 35418
3.408 35415
3.5 35405
4.08 35402
6.653 35393
8.592 35384
8.593 35383
8.78 35372
8.797 35363
8.797 35352
8.798 35347
8.799 35342
8.799 35341
8.802 35340
8.811 35316
8.812 35273
8.818 35269
9.896 35256
9.897 35248
9.923 35235
9.925 35226
9.938 35178
10.472 35163
10.531 35154
10.532 35149
10.533 35146
10.534 35140
30.429 35130
30.706 35124
30.707 35095
31.296 35084
31.398 35037
31.399 35036
44.523 35014
44.525 34996
44.526 34958
44.533 34955
44.596 34947
73.866 34933
78.38 34921
78.385 34887
99.938 34882
99.941 34872
99.941 34870
108.402 34861
109.411 34847
109.417 34832
109.426 34831
109.427 34821
109.489 34816
109.575 34795
109.587 34785
109.592 34778
115.303 34773
115.343 34772
115.345 34769
130.66 34759
130.661 34757
134.633 34741
134.633 34737
142.995 34726
143.839 34722
143.842 34711
143.846 34708
143.853 34702
152.437 34683
152.443 34678
152.472 34673
152.473 34672
152.475 34668
152.476 34663
159.896 34662
159.897 34656
159.898 34655
159.9 34653
159.903 34634
188.346 34630
188.346 34626
188.357 34620
188.538 34617
189.279 34616
189.969 34612
190.305 34610
190.318 34607
190.323 34606
208.05 34600
208.088 34599
208.32 34596
209.635 34587
209.635 34586
209.644 34583
211.966 34560
261.967 34557
262.998 34552
263.39 34551
263.394 34550
263.423 34547
263.441 34543
263.47 34540
263.478 34539
263.491 34533
