0.026 51402
0.026 51401
0.027 51364
0.027 51182
0.028 51176
0.028 51132
0.029 50922
0.029 50915
0.031 50855
0.031 50679
0.031 50670
0.032 50645
0.032 50630
0.034 50594
0.034 50593
0.034 50582
0.035 50581
0.036 50564
0.036 50525
0.037 50518
0.037 50516
0.038 50514
0.039 50508
0.042 50506
0.043 50472
0.043 50469
0.044 50380
0.044 50378
0.049 50358
0.05 50357
0.061 50352
0.063 50344
0.064 50342
0.064 50329
0.069 50320
0.073 50316
0.073 50298
0.075 50219
0.077 50218
0.157 50206
0.158 50185
0.16 50109
0.161 50103
0.161 50102
0.162 50095
0.164 50074
0.171 50057
0.174 50045
0.186 50042
0.187 50017
0.188 49991
0.192 49980
0.193 49973
0.194 49955
0.195 49954
0.201 49945
0.208 49942
0.208 49933
0.209 49917
0.21 49911
0.21 49904
0.212 49895
0.272 49893
0.272 49875
0.277 49872
0.285 49870
0.286 49850
0.295 49835
0.296 49831
0.298 49829
0.298 49788
0.299 49772
0.633 49700
1.588 49692
1.588 49658
1.59 49636
1.626 49625
1.629 49594
1.63 49557
3.809 49538
3.81 49480
3.811 49471
3.817 49395
3.817 49392
3.817 49387
3.818 49355
3.82 49335
3.82 49332
3.821 49323
3.822 49321
3.824 49317
5.178 49302
5.188 49300
22.253 49243
22.259 49186
22.261 49183
22.261 49180
22.264 49174
22.266 49173
22.268 49150
41.059 49144
41.064 49136
41.065 49104
63.598 49096
72.002 49092
72.02 49088
72.026 49078
72.027 49061
90.946 49059
90.946 49053
94.101 49047
94.102 49045
94.104 49042
94.105 49010
94.129 49007
117.752 49004
118.849 48983
118.85 48982
118.85 48980
119.264 48969
143.89 48960
145.493 48944
145.831 48931
145.835 48928
145.836 48917
145.838 48913
145.839 48901
145.84 48899
145.84 48898
162.395 48891
166.443 48879
167.869 48872
167.87 48870
167.885 48869
167.887 48864
176.119 48862
176.119 48859
185.171 48855
189.624 48844
197.384 48843
204.934 48828
204.939 48823
205.061 48811
205.583 48810
205.586 48809
205.587 48807
205.587 48788
205.587 48779
205.588 48763
205.59 48762
205.592 48761
205.595 48759
207.695 48750
209.041 48739
209.041 48737
209.054 48723
209.058 48717
209.063 48715
209.064 48706
209.066 48699
209.114 48687
209.119 48681
209.169 48674
209.169 48671
268.341 48664
268.344 48657
268.348 48649
268.355 48647
268.37 48644
268.371 48643
268.372 48638
268.375 48636
268.506 48635
268.508 48627
268.51 48623
268.523 48621
268.536 48613
268.772 48609
268.774 48607
268.778 48601
268.778 48597
268.848 48591
268.857 48590
268.859 48586
268.862 48579
268.864 48578
276.892 48576
276.898 48569
276.911 48568
276.948 48563
355.39 48562
355.4 48559
355.408 48551
355.409 48548
355.691 48545
355.695 48542
355.698 48541
355.7 48540
374.059 48539
374.702 48536
374.709 48535
374.711 48534
374.715 48533
374.721 48531
374.744 48529
427.219 48524
427.719 48522
427.728 48519
427.82 48517
427.905 48510
428.204 48509
428.209 48504
428.241 48502
428.346 48500
443.237 48498
444.475 48496
447.286 48492
447.301 48491
447.315 48490
447.329 48487
447.341 48486
447.342 48484
