0.024 50759
0.024 50730
0.025 50714
0.026 50697
0.026 50688
0.029 50673
0.029 50671
0.029 50623
0.03 50558
0.031 50475
0.031 50462
0.032 50461
0.032 50394
0.033 50389
0.034 50348
0.035 50342
0.037 50252
0.038 50246
0.039 50214
0.039 50202
0.04 50194
0.04 50187
0.041 50174
0.042 50172
0.043 50132
0.045 50107
0.046 50063
0.047 50057
0.047 50048
0.048 50039
0.049 50033
0.049 49969
0.054 49964
0.055 49961
0.056 49959
0.057 49955
0.057 49943
0.058 49921
0.059 49904
0.059 49884
0.059 49879
0.06 49873
0.06 49843
0.061 49841
0.062 49838
0.062 49835
0.063 49825
0.063 49813
0.064 49804
0.068 49798
0.07 49792
0.071 49782
0.072 49722
0.073 49721
0.076 49700
0.12 49688
0.121 49685
0.153 49683
0.159 49591
0.182 49543
0.207 49539
0.267 49503
0.27 49501
0.273 49496
0.289 49492
0.293 49437
0.294 49420
0.428 49416
0.429 49391
0.429 49356
0.43 49341
0.431 49291
0.534 49282
0.558 49268
0.559 49241
0.561 49205
1.594 49133
1.595 49127
4.489 49112
4.576 49092
4.587 49051
4.589 49035
4.59 49015
5.839 49009
5.846 49001
5.848 48974
5.851 48942
5.851 48941
6.28 48939
6.287 48929
6.289 48920
6.289 48918
6.29 48893
6.292 48887
6.417 48832
6.428 48819
6.629 48818
6.648 48811
7.75 48802
7.752 48799
9.847 48784
9.907 48773
27.446 48767
27.447 48764
27.451 48760
27.451 48735
27.452 48723
30.58 48715
30.594 48704
30.595 48644
30.595 48641
30.6 48629
30.6 48622
30.608 48621
30.609 48620
30.611 48611
30.88 48609
30.88 48604
30.881 48598
44.51 48582
44.511 48581
44.512 48574
44.512 48568
52.801 48567
52.801 48526
52.804 48524
52.805 48490
52.818 48485
52.819 48443
72.64 48426
72.641 48410
72.704 48402
72.704 48392
72.706 48380
76.66 48368
76.661 48365
90.673 48356
100.071 48332
100.075 48331
100.087 48320
111.849 48314
111.854 48271
111.854 48270
111.896 48261
111.898 48245
111.898 48239
114.684 48237
114.685 48226
115.44 48212
115.755 48193
115.756 48185
116.694 48179
116.72 48176
116.726 48171
116.728 48165
116.74 48163
116.745 48156
116.747 48154
116.748 48151
116.75 48140
116.751 48135
116.763 48123
117.39 48113
117.394 48111
141.389 48108
156.238 48105
156.528 48080
156.532 48065
156.536 48057
156.584 48056
156.595 48055
156.597 48044
156.602 48043
158.051 48035
158.081 48032
158.087 48031
160.887 48030
161.085 48016
161.346 48010
161.352 48004
161.961 47994
162.036 47992
184.597 47984
184.598 47974
217.518 47973
219.496 47968
223.927 47967
223.931 47960
223.958 47953
227.41 47952
230.52 47945
230.527 47934
243.962 47923
243.964 47920
266.485 47918
266.494 47914
266.713 47912
268.602 47909
268.607 47908
270.339 47906
270.885 47904
270.891 47902
270.939 47900
271.049 47898
277.33 47897
325.938 47892
325.938 47891
326.305 47890
326.307 47889
326.328 47888
326.352 47886
326.378 47885
326.411 47883
333.644 47876
334.031 47875
334.175 47873
334.191 47872
340.222 47870
