0.03 57872
0.031 57852
0.032 57843
0.033 57835
0.033 57825
0.034 57756
0.034 57744
0.035 57718
0.035 57683
0.036 57591
0.037 57587
0.037 57575
0.038 57571
0.041 57564
0.041 57535
0.043 57520
0.044 57509
0.047 57478
0.052 57469
0.054 57379
0.054 57302
0.055 57301
0.056 57282
0.056 57236
0.057 57235
0.057 57218
0.058 57211
0.087 57177
0.088 57167
0.098 57152
0.098 57134
0.099 57110
0.099 57098
0.101 57091
0.101 57035
0.102 57000
0.108 56997
0.111 56982
0.113 56904
0.114 56901
0.123 56896
0.124 56848
0.125 56846
0.138 56806
0.139 56732
0.144 56710
0.144 56708
0.145 56636
0.16 56635
0.16 56622
0.175 56535
0.175 56524
0.177 56516
0.177 56514
0.18 56511
0.181 56489
0.203 56446
0.204 56424
0.205 56404
0.207 56397
0.208 56395
0.224 56388
0.224 56385
0.225 56369
0.225 56367
0.226 56359
0.235 56338
0.429 56325
0.435 56311
0.465 56308
0.466 56306
0.466 56301
0.468 56293
0.543 56289
0.545 56275
0.548 56259
0.549 56258
0.55 56248
1.965 56246
1.965 56244
1.982 56230
1.991 56211
1.992 56194
1.994 56180
1.996 56161
3.285 56130
4.363 56127
4.365 56118
4.366 56117
4.386 56114
4.389 56102
4.391 56096
4.391 56083
4.393 56077
4.395 56030
4.397 56029
4.398 55982
4.398 55981
4.399 55976
4.401 55972
5.331 55966
5.334 55925
5.336 55906
5.337 55902
5.338 55894
5.34 55879
5.566 55832
9.927 55822
9.929 55791
10.455 55757
10.704 55736
12.276 55692
12.305 55676
12.308 55675
12.311 55666
12.313 55647
27.467 55636
27.468 55635
27.472 55631
27.473 55630
29.262 55609
29.265 55603
29.265 55597
29.269 55585
29.27 55569
39.58 55568
39.594 55563
45.739 55559
45.741 55549
45.741 55524
46.923 55504
46.924 55497
65.428 55488
66.919 55486
66.92 55466
66.931 55465
66.933 55460
69.551 55457
69.554 55456
69.555 55453
69.581 55409
69.593 55398
69.594 55385
69.598 55383
82.738 55382
82.789 55380
82.792 55373
82.795 55367
82.958 55357
82.959 55354
84.353 55343
84.361 55338
84.362 55337
84.362 55320
84.463 55305
85.046 55304
85.052 55302
85.054 55282
85.055 55281
85.058 55280
85.087 55275
85.088 55265
85.379 55263
92.212 55244
92.214 55242
92.214 55237
92.216 55211
92.217 55201
94.531 55190
94.532 55189
94.539 55187
94.545 55186
94.576 55183
94.76 55169
94.76 55168
94.763 55163
94.773 55145
94.788 55144
94.926 55126
94.928 55111
94.929 55105
94.933 55098
94.933 55088
94.936 55087
124.657 55084
124.662 55082
124.903 55048
124.954 55044
134.513 55037
150.992 55036
150.995 55019
150.996 55017
150.996 55015
151.008 55005
151.009 55000
151.024 54987
151.025 54981
151.026 54980
151.03 54974
154.747 54973
154.78 54969
154.784 54964
155.723 54946
155.726 54945
162.73 54939
162.748 54937
192.189 54929
192.358 54920
192.36 54915
192.369 54913
192.408 54912
192.413 54910
192.464 54908
192.82 54905
192.821 54904
192.911 54895
193.365 54889
200.785 54883
200.794 54878
200.797 54876
200.8 54869
200.809 54868
222.088 54865
222.089 54862
222.093 54860
223.365 54851
223.399 54848
223.411 54837
223.425 54834
223.456 54833
243.506 54830
243.507 54829
243.509 54820
243.511 54819
243.52 54817
246.923 54815
246.932 54800
246.933 54796
246.943 54795
246.946 54788
246.948 54787
246.963 54786
246.966 54783
248.726 54781
248.727 54776
248.739 54771
280.235 54770
280.301 54765
280.301 54759
