0.04 62299
0.041 62240
0.041 62219
0.042 62192
0.042 62164
0.043 62079
0.044 62058
0.044 62025
0.045 61995
0.045 61991
0.045 61972
0.045 61946
0.046 61915
0.046 61887
0.047 61871
0.047 61775
0.051 61704
0.052 61653
0.053 61617
0.053 61615
0.055 61598
0.056 61554
0.056 61520
0.057 61510
0.058 61489
0.059 61467
0.062 61463
0.063 61424
0.064 61326
0.065 61311
0.065 61310
0.067 61272
0.068 61259
0.068 61172
0.076 61167
0.092 61148
0.092 61121
0.102 61097
0.104 61095
0.161 61007
0.175 60948
0.177 60875
0.178 60869
0.18 60832
0.184 60831
0.19 60817
0.203 60793
0.206 60781
0.21 60778
0.244 60765
0.245 60758
0.268 60755
0.269 60713
0.273 60672
0.274 60657
0.496 60648
0.497 60647
0.497 60643
0.51 60609
0.578 60607
0.579 60605
0.58 60589
0.629 60558
0.631 60556
0.633 60555
0.635 60532
0.636 60531
0.64 60435
0.641 60422
0.642 60412
0.645 60367
0.647 60328
0.648 60324
0.652 60321
0.659 60313
0.686 60307
0.687 60305
0.688 60296
0.688 60258
1.826 60256
1.826 60228
1.835 60219
1.836 60214
1.836 60211
1.836 60209
1.838 60208
1.84 60179
1.841 60177
1.842 60171
1.877 60112
1.877 60106
2.558 60082
2.652 60081
2.655 60076
2.656 60035
3.216 60031
3.369 60029
3.371 59992
3.385 59964
3.385 59936
3.392 59933
3.394 59931
3.405 59929
3.405 59902
3.406 59856
3.407 59779
3.408 59727
3.408 59690
3.411 59687
3.423 59679
3.426 59646
3.426 59628
5.109 59621
5.11 59602
5.111 59599
5.112 59593
5.112 59562
5.113 59555
5.281 59541
5.283 59526
5.294 59444
5.3 59385
5.301 59373
5.303 59367
14.34 59363
18.428 59351
18.429 59350
18.43 59348
18.432 59343
18.434 59342
18.435 59335
18.436 59328
18.529 59305
18.532 59291
34.172 59281
34.172 59271
34.174 59267
34.176 59261
34.183 59235
34.183 59233
34.197 59226
34.398 59215
34.4 59206
55.872 59195
55.878 59193
55.879 59129
55.928 59095
55.935 59077
55.936 59070
55.937 59054
91.377 59037
91.514 59026
91.519 59025
91.979 59002
92.027 58977
94.873 58974
94.876 58953
98.392 58952
98.393 58949
98.395 58948
98.433 58915
98.434 58905
98.455 58882
98.456 58854
98.479 58850
98.488 58849
98.491 58846
98.492 58841
98.502 58834
98.505 58816
98.512 58807
98.514 58805
98.529 58798
119.663 58793
119.673 58788
119.684 58783
119.689 58776
119.691 58753
128.509 58736
128.511 58726
128.512 58709
128.515 58676
128.518 58664
148.78 58662
149.123 58657
149.151 58654
149.153 58646
171.929 58621
171.941 58606
171.942 58603
171.983 58602
171.984 58601
171.99 58599
175.501 58588
175.501 58578
175.513 58574
175.586 58564
175.596 58561
175.603 58559
175.605 58558
175.62 58557
177.474 58553
179.06 58544
179.065 58540
179.425 58537
179.475 58531
179.476 58529
179.478 58527
179.481 58514
179.483 58502
183.076 58496
183.077 58489
186.621 58475
186.621 58471
186.622 58467
188.731 58461
188.736 58459
188.737 58451
188.747 58445
188.872 58440
188.88 58434
188.88 58411
188.883 58404
188.886 58402
188.889 58396
188.901 58378
205.392 58376
205.395 58373
205.403 58372
211.574 58367
211.585 58366
211.59 58360
211.591 58346
211.647 58345
211.651 58334
211.662 58332
211.699 58328
211.708 58319
211.708 58305
211.711 58304
211.713 58299
211.716 58298
268.725 58293
268.757 58292
268.762 58291
268.766 58290
273.869 58266
273.872 58265
273.875 58261
281.118 58258
281.123 58249
281.308 58239
281.311 58234
281.317 58230
302.766 58225
302.771 58216
302.812 58213
302.817 58211
302.85 58208
302.912 58203
302.912 58201
302.931 58197
302.945 58195
302.956 58193
302.975 58192
302.976 58191
342.883 58188
342.894 58186
342.9 58177
359.889 58176
376.423 58173
376.435 58171
376.455 58170
377.232 58164
377.232 58156
