0.039 62332
0.039 62264
0.04 62228
0.04 62128
0.042 62122
0.043 62039
0.044 62032
0.045 62020
0.046 61955
0.046 61953
0.047 61920
0.047 61853
0.047 61820
0.049 61735
0.049 61722
0.051 61697
0.053 61654
0.053 61653
0.054 61643
0.054 61620
0.055 61508
0.058 61497
0.058 61476
0.059 61456
0.06 61448
0.06 61422
0.061 61392
0.061 61391
0.063 61374
0.066 61349
0.068 61200
0.068 61199
0.069 61196
0.071 61184
0.081 61165
0.082 61155
0.084 61152
0.085 61113
0.183 61104
0.184 61103
0.186 61062
0.187 61044
0.191 60998
0.191 60996
0.192 60994
0.195 60993
0.197 60985
0.198 60967
0.232 60959
0.244 60895
0.245 60877
0.247 60876
0.247 60870
0.248 60868
0.25 60851
0.251 60803
0.252 60775
0.253 60745
0.34 60738
0.342 60731
0.346 60715
0.35 60706
0.35 60687
0.353 60628
0.472 60587
0.478 60559
0.479 60547
0.508 60511
0.509 60486
0.511 60462
0.512 60459
0.523 60451
0.695 60383
0.696 60361
0.698 60340
0.745 60330
0.746 60238
0.748 60235
0.75 60213
0.775 60113
0.776 60109
0.776 60075
0.857 60027
0.857 60020
1.745 60019
1.751 59955
1.752 59923
1.754 59903
2.433 59875
4.939 59871
4.989 59823
4.989 59814
4.99 59804
5.155 59793
5.156 59769
5.162 59743
5.574 59722
5.577 59718
5.591 59664
5.6 59651
6.938 59646
6.944 59611
9.803 59565
9.804 59562
9.805 59561
9.806 59559
9.807 59545
9.808 59541
9.811 59503
9.812 59502
9.813 59491
9.825 59488
9.892 59473
13.055 59430
13.074 59428
13.098 59422
13.099 59410
13.107 59409
13.117 59376
13.154 59363
13.155 59316
13.157 59315
13.158 59293
14.039 59279
17.546 59241
17.548 59238
17.562 59168
46.015 59147
46.017 59136
46.017 59108
46.062 59107
46.063 59098
46.079 59089
68.047 59070
68.68 59058
70.744 59053
70.745 59033
70.749 59024
70.751 59023
70.781 59015
70.784 59011
70.79 58988
70.796 58966
70.797 58953
70.8 58932
70.801 58930
70.839 58899
70.84 58890
70.841 58870
70.842 58855
70.843 58854
119.434 58850
119.443 58818
129.127 58809
129.127 58798
129.157 58794
129.158 58793
129.16 58791
129.163 58789
129.163 58788
129.172 58782
129.184 58769
134.762 58761
134.763 58744
143.696 58742
143.699 58740
148.211 58738
148.402 58732
148.426 58725
148.428 58718
148.429 58702
148.576 58698
148.577 58696
152.553 58693
152.554 58687
152.56 58686
152.56 58674
152.563 58672
152.564 58669
152.61 58666
152.611 58662
179.259 58658
179.266 58626
179.267 58604
179.337 58603
179.34 58568
201.588 58560
202.659 58548
211.266 58537
211.267 58532
211.285 58526
211.3 58501
211.302 58494
211.304 58493
212.132 58492
212.14 58472
212.145 58466
213.066 58464
213.095 58463
225.952 58460
228.914 58459
228.943 58455
228.956 58453
228.957 58448
228.964 58442
228.966 58437
228.971 58436
228.973 58414
228.994 58412
228.998 58404
228.998 58403
229.235 58402
229.237 58401
229.238 58400
229.302 58385
229.309 58376
229.311 58361
229.689 58355
231.448 58350
231.449 58346
231.476 58344
231.877 58342
231.883 58339
231.888 58328
231.899 58325
231.945 58321
231.945 58320
231.946 58319
290.352 58318
316.742 58317
317.193 58295
317.194 58292
317.543 58282
317.547 58280
320.184 58275
320.254 58274
320.257 58273
320.257 58268
320.444 58267
320.452 58263
320.701 58259
320.709 58254
320.709 58252
320.741 58245
324.413 58240
325.926 58239
325.932 58238
325.934 58237
327.589 58235
327.672 58231
327.731 58228
345.221 58218
345.354 58217
345.36 58212
346.492 58211
346.5 58207
353.317 58206
354.772 58197
354.823 58194
376.281 58191
376.344 58190
380.12 58185
380.143 58184
394.637 58183
394.884 58182
