0.038 92179
0.038 92178
0.041 92130
0.041 92070
0.042 92067
0.043 92064
0.045 92063
0.046 92060
0.047 92054
0.047 92053
0.047 92043
0.048 92042
0.048 92032
0.048 92029
0.049 92010
0.05 92008
0.051 91999
0.051 91675
0.053 91649
0.053 91647
0.054 91563
0.058 91559
0.059 91536
0.059 91508
0.06 91506
0.065 91451
0.066 91448
0.066 91321
0.067 91320
0.069 91318
0.069 91313
0.07 91302
0.07 91299
0.071 91294
0.072 91292
0.074 91260
0.075 91250
0.075 91249
0.075 91246
0.097 91235
0.112 91198
0.114 91185
0.115 91179
0.116 91104
0.118 91103
0.119 91102
0.119 91101
0.119 91100
0.13 91095
0.131 91080
0.134 90997
0.135 90996
0.138 90326
0.149 90320
0.15 90315
0.152 90307
0.153 90305
0.154 90303
0.203 90302
0.334 90274
0.341 90257
0.366 90253
0.377 90162
0.379 90156
0.379 90153
0.387 90149
0.388 90140
0.392 90134
0.393 90132
0.395 90123
0.396 90102
0.401 90073
0.402 90060
0.407 90051
0.408 90014
0.493 90007
0.494 90006
0.495 89999
0.509 89892
0.512 89886
0.512 89885
0.513 89869
0.515 89865
0.751 89857
0.766 89854
0.766 89850
0.767 89841
0.778 89831
0.78 89806
0.782 89802
0.783 89799
1.934 89788
1.934 89770
1.936 89740
2.364 89717
2.387 89672
3.299 89670
3.3 89666
3.302 89663
3.365 89656
3.366 89649
3.366 89647
3.368 89646
3.369 89645
4.331 89619
4.338 89617
4.355 89604
4.362 89602
4.365 89599
4.558 89576
4.571 89574
4.571 89549
4.595 89537
4.596 89536
4.6 89511
4.607 89507
4.609 89498
4.67 89460
6.441 89449
6.441 89436
6.443 89416
10.138 89382
13.632 89380
13.633 89371
13.633 89359
13.634 89357
13.634 89353
13.635 89343
13.644 89341
13.644 89317
13.645 89293
13.646 89268
13.646 89255
13.668 89249
13.668 89221
13.69 89212
13.692 89206
13.692 89203
13.703 89190
43.311 89188
43.315 89186
62.705 89182
62.707 89170
62.718 89147
62.718 89144
62.833 89142
62.839 89128
62.842 89116
62.879 89095
62.907 89094
62.907 89071
62.909 89055
62.913 89047
63.32 89038
63.368 89036
63.368 89031
63.369 89017
103.475 89010
103.476 89000
103.477 88999
103.477 88991
103.479 88988
103.484 88986
103.494 88972
103.955 88970
103.958 88961
103.981 88960
103.985 88957
103.986 88946
103.988 88937
103.99 88936
104.024 88919
104.024 88916
104.03 88911
151.942 88910
151.947 88902
151.95 88894
151.951 88884
151.971 88881
155.348 88880
158.737 88879
158.751 88875
167.583 88874
167.583 88871
167.583 88861
167.594 88856
167.594 88845
167.824 88837
167.826 88828
167.827 88827
167.83 88826
167.836 88819
172.343 88778
172.343 88774
172.344 88764
172.349 88763
172.349 88754
172.351 88750
172.353 88748
172.376 88743
172.388 88742
172.389 88741
172.41 88728
172.411 88720
172.413 88704
172.422 88700
191.894 88690
191.93 88681
191.93 88677
211.885 88676
211.942 88669
211.944 88661
211.945 88652
211.946 88651
211.959 88647
211.968 88630
211.969 88625
283.766 88619
283.767 88614
283.781 88612
283.787 88604
283.79 88602
285.505 88593
285.508 88585
285.526 88582
309.073 88581
309.076 88573
310.276 88571
310.282 88568
329 88565
332.414 88558
332.888 88556
334.028 88552
334.028 88550
334.029 88543
338.079 88541
338.088 88529
338.21 88525
338.212 88522
338.381 88520
338.393 88518
338.511 88516
338.523 88512
338.552 88508
338.592 88503
338.595 88499
338.598 88497
338.599 88494
393.026 88492
393.457 88489
393.46 88488
403.263 88472
403.303 88471
403.573 88470
403.574 88466
403.576 88465
403.582 88461
403.835 88454
403.859 88450
403.865 88449
403.883 88448
420.87 88444
420.885 88441
420.896 88440
434.503 88439
434.512 88438
434.58 88437
440.765 88436
440.814 88434
440.824 88431
440.895 88430
441.012 88429
441.176 88428
441.179 88426
441.185 88425
441.188 88424
457.628 88423
457.631 88422
457.703 88421
457.717 88420
457.726 88419
457.737 88417
458.97 88413
459 88412
459.002 88411
459.02 88410
