0.041 60588
0.041 60575
0.041 60524
0.042 60405
0.043 60235
0.043 60110
0.044 60091
0.044 60035
0.045 60000
0.046 59949
0.046 59897
0.047 59883
0.047 59820
0.048 59802
0.049 59791
0.049 59790
0.049 59750
0.05 59721
0.051 59677
0.052 59660
0.053 59640
0.053 59629
0.054 59626
0.054 59625
0.056 59611
0.057 59608
0.057 59553
0.063 59535
0.067 59473
0.07 59454
0.072 59430
0.073 59321
0.075 59305
0.075 59294
0.076 59293
0.077 59289
0.081 59275
0.086 59266
0.086 59199
0.086 59198
0.087 59183
0.087 59168
0.088 59149
0.088 59147
0.089 59126
0.094 59034
0.095 59031
0.097 59030
0.098 59011
0.098 59007
0.099 58962
0.119 58958
0.314 58949
0.315 58944
0.745 58922
0.747 58920
0.748 58849
0.758 58841
0.76 58779
0.76 58761
0.764 58756
0.767 58738
0.767 58684
0.784 58679
0.785 58658
3.09 58652
6.792 58641
13.2 58612
13.209 58611
13.21 58603
13.223 58598
13.227 58594
24.772 58591
26.976 58571
28.209 58534
28.21 58487
28.212 58440
28.212 58372
28.213 58370
45.328 58355
45.33 58352
45.331 58348
52.392 58321
52.392 58303
52.393 58256
52.396 58255
52.404 58214
52.407 58201
52.407 58197
52.409 58129
52.41 58121
66.071 58115
66.073 58109
66.074 58104
66.076 58103
100.95 58083
100.951 58012
100.952 58010
100.958 57962
100.958 57940
123.317 57918
123.318 57916
123.318 57915
123.32 57914
123.324 57910
123.439 57896
123.456 57891
123.82 57875
123.821 57873
161.571 57863
165.161 57857
165.223 57838
165.226 57813
165.232 57812
165.743 57811
165.745 57794
173.536 57777
173.537 57757
173.538 57755
177.586 57740
178.721 57737
178.725 57716
178.728 57714
178.73 57713
178.731 57712
178.776 57708
178.779 57707
178.78 57691
178.78 57675
178.849 57670
178.853 57648
178.863 57638
178.878 57636
178.886 57634
178.888 57612
178.895 57611
178.895 57601
196.127 57597
196.131 57590
229.378 57585
229.383 57582
234.231 57578
234.988 57577
234.999 57573
234.999 57569
263.495 57567
263.589 57566
263.594 57565
263.596 57564
263.608 57554
263.609 57553
263.61 57548
263.646 57545
264.309 57530
264.854 57528
264.878 57527
264.881 57525
272.959 57522
272.961 57518
273.317 57516
273.324 57513
273.329 57511
273.552 57508
273.553 57503
273.563 57500
273.566 57499
273.568 57498
273.569 57487
273.59 57486
273.906 57483
273.925 57475
273.928 57474
273.931 57473
278.203 57468
292.052 57466
292.475 57460
300.039 57458
300.093 57456
300.103 57450
308.379 57446
308.474 57445
308.474 57443
308.52 57442
308.541 57439
308.631 57436
308.633 57424
325.08 57420
325.084 57419
345.68 57415
345.692 57407
345.696 57406
345.718 57405
345.732 57394
345.746 57392
345.749 57390
345.759 57388
345.761 57386
345.766 57382
345.768 57377
358.431 57375
358.466 57367
358.476 57366
358.477 57363
358.478 57362
358.481 57356
358.49 57355
395.58 57351
395.602 57349
396.546 57342
398.965 57338
398.99 57337
400.477 57335
415.848 57332
439.037 57327
443.025 57324
443.029 57323
