0.056 113279
0.056 113273
0.059 113211
0.063 113209
0.064 113206
0.065 113205
0.065 113202
0.066 113192
0.066 113190
0.066 113140
0.067 113133
0.068 113128
0.068 113127
0.07 113125
0.071 113123
0.071 113121
0.075 113094
0.077 113091
0.079 113084
0.079 113062
0.08 113042
0.08 113037
0.083 113027
0.09 112996
0.092 112994
0.093 112988
0.093 112981
0.094 112975
0.094 112973
0.095 112956
0.112 112816
0.115 112814
0.116 112813
0.116 112811
0.126 112805
0.127 112797
0.127 112796
0.144 112771
0.152 112766
0.153 112762
0.154 112759
0.155 112590
0.155 112574
0.156 112572
0.16 112415
0.162 111596
0.163 111594
0.164 111575
0.165 111568
0.173 111322
0.174 111317
0.174 111311
0.175 111289
0.214 110906
0.224 110902
0.226 110901
0.226 110757
0.229 110741
0.231 110734
0.231 110733
0.232 110456
0.233 110452
0.234 110396
0.234 110392
0.235 110387
0.257 110167
0.258 110040
0.263 110019
0.264 110009
0.265 109999
0.27 109947
0.308 109929
0.309 109926
0.31 109914
0.328 109844
0.329 109807
0.331 109779
0.334 109769
0.335 109744
0.336 109725
0.337 109714
0.378 109709
0.378 109708
0.379 109702
0.379 109700
0.381 109698
0.44 109668
0.441 109663
0.444 109545
0.452 109531
0.456 109527
0.457 109502
0.463 109477
0.465 109465
0.466 109461
0.472 109419
0.475 109395
0.478 109388
0.479 109360
0.48 109354
0.507 109343
0.51 109325
0.511 109321
0.545 109287
0.583 109285
0.585 109280
0.586 109259
0.588 109253
0.59 109248
0.592 109225
0.592 109210
0.599 109189
0.602 109150
0.606 109132
0.61 109130
0.61 109124
0.618 109113
0.639 109097
0.648 108986
0.65 108985
0.664 108969
0.665 108968
0.668 108924
0.668 108917
0.669 108913
0.67 108865
0.671 108862
0.671 108843
0.672 108838
0.674 108828
0.68 108819
0.681 108810
0.681 108803
0.682 108791
0.683 108783
0.692 108781
0.713 108645
0.721 108617
0.721 108614
0.723 108611
0.724 108609
0.726 108597
0.729 108580
0.735 108553
0.736 108479
0.736 108476
0.738 108473
0.739 108460
0.739 108457
0.74 108452
0.742 108359
0.743 108355
0.743 108350
0.747 108348
0.748 108332
0.749 108328
0.752 108326
0.753 108325
0.753 108324
0.754 108234
0.756 108203
0.757 108202
0.759 108201
0.76 108198
0.771 108187
0.771 108179
0.774 108135
0.803 108130
0.804 108086
0.805 108064
0.806 108032
0.808 108018
0.811 107920
0.928 107915
0.928 107911
0.929 107896
0.932 107870
0.948 107740
0.949 107731
0.95 107730
0.95 107729
0.957 107717
0.96 107715
0.96 107711
0.962 107701
0.964 107694
0.964 107693
0.998 107692
1.001 107678
1.004 107671
1.054 107653
1.055 107642
1.055 107639
1.19 107635
1.201 107566
1.202 107563
1.203 107559
1.211 107558
1.211 107555
1.214 107553
1.217 107512
1.218 107495
1.231 107489
1.417 107477
1.417 107471
1.419 107470
1.425 107465
1.427 107458
1.428 107455
1.429 107452
1.43 107440
1.431 107401
1.607 107357
1.608 107331
1.614 107329
1.615 107319
1.619 107301
1.619 107298
1.63 107277
1.632 107266
1.634 107254
1.655 107252
1.656 107246
1.659 107235
1.7 107088
2.411 107080
2.628 107031
2.634 107010
2.634 106996
2.703 106980
2.753 106931
2.754 106905
2.754 106877
2.755 106867
2.766 106844
2.767 106841
2.769 106839
2.769 106836
2.77 106827
2.771 106824
2.771 106822
2.775 106796
2.776 106791
2.787 106783
2.863 106708
2.865 106707
3.718 106697
4.254 106692
4.257 106677
4.258 106644
6.133 106637
6.134 106636
6.135 106629
6.136 106571
6.31 106556
6.311 106550
6.312 106543
7.06 106542
7.061 106534
7.068 106495
7.079 106484
7.08 106478
7.082 106467
7.083 106420
7.085 106416
7.087 106410
7.091 106409
7.092 106408
7.095 106324
7.096 106281
7.099 106278
9.72 106249
9.721 106245
9.724 106241
9.725 106231
9.725 106228
9.734 106215
9.752 106202
9.754 106200
9.758 106199
17.578 106194
17.579 106193
17.581 106189
17.586 106184
17.586 106182
17.587 106175
17.597 106173
17.6 106071
18.076 106070
18.096 106062
18.096 106051
18.097 105983
18.104 105981
18.122 105980
18.125 105976
18.138 105973
18.521 105953
19.144 105950
19.151 105935
19.152 105930
19.153 105926
19.154 105916
19.155 105909
19.288 105904
19.419 105901
23.771 105896
23.773 105885
23.776 105872
23.777 105856
23.979 105852
23.98 105830
31.874 105822
32.439 105808
32.454 105801
32.454 105795
32.47 105792
32.471 105783
39.245 105756
39.834 105754
39.841 105737
39.842 105733
39.843 105680
39.851 105677
39.852 105658
46.562 105657
46.562 105656
46.563 105647
46.563 105642
46.913 105641
47.253 105628
47.367 105624
47.368 105593
47.37 105591
47.374 105581
47.379 105547
47.382 105546
47.391 105534
47.393 105533
57.18 105531
57.181 105527
57.183 105526
57.203 105491
57.206 105478
57.206 105469
57.207 105459
57.24 105454
57.242 105450
57.244 105444
57.25 105442
57.272 105441
57.273 105437
82.017 105430
82.554 105419
84.951 105414
84.952 105413
98.174 105412
98.177 105370
98.181 105346
98.716 105338
98.718 105335
98.718 105330
98.722 105325
98.722 105322
98.723 105320
98.724 105314
113.06 105310
113.065 105308
130.419 105307
130.421 105293
130.422 105292
130.424 105290
130.429 105287
130.431 105286
131.69 105253
131.693 105239
142.929 105231
142.949 105221
142.95 105218
142.953 105217
202.082 105215
202.083 105214
214.09 105196
216.481 105192
216.5 105191
216.514 105183
216.517 105178
216.52 105176
218.001 105174
218.005 105169
236.459 105159
236.461 105155
236.465 105153
236.466 105152
236.495 105144
236.497 105142
236.498 105139
243.638 105137
243.641 105135
251.788 105130
251.797 105128
252.056 105124
252.227 105120
254.496 105116
254.503 105115
254.505 105114
254.64 105113
254.64 105093
254.641 105092
254.642 105091
254.652 105083
254.655 105082
296.972 105075
296.972 105073
308.378 105071
308.384 105051
308.386 105050
308.387 105039
308.389 105036
308.392 105032
308.394 105031
308.398 105028
308.401 105027
308.406 105009
308.408 105000
308.416 104996
308.46 104989
308.461 104988
346.283 104984
346.286 104978
346.288 104976
346.289 104971
346.308 104969
346.31 104967
346.321 104963
396.831 104959
397.064 104956
397.067 104949
397.068 104947
397.105 104946
397.108 104943
397.234 104942
397.25 104940
410.529 104938
411.829 104937
411.831 104936
411.836 104934
411.838 104927
411.983 104926
411.986 104925
411.999 104923
412.004 104921
412.008 104920
422.76 104919
422.76 104918
423.966 104916
424.238 104914
424.244 104912
424.246 104911
424.254 104908
424.266 104907
433.494 104904
433.497 104902
433.498 104899
433.51 104897
433.522 104893
433.526 104892
440.822 104891
440.835 104890
440.842 104884
440.842 104881
479.808 104877
480.085 104875
480.093 104874
480.1 104873
480.102 104872
480.105 104871
489.968 104870
489.972 104868
490.036 104863
490.039 104862
500.853 104860
500.883 104859
500.885 104857
501.594 104856
502.451 104855
502.457 104854
502.481 104846
502.493 104842
