0.002 953.485
0.003 950.694
0.003 948.946
0.003 946.099
0.004 936.14
0.005 933.871
0.005 932.733
0.006 923.599
0.006 922.339
0.007 919.145
0.007 912.941
0.014 912.869
0.023 899.059
0.024 898.429
0.025 897.505
0.029 895.849
0.031 895.197
0.036 893.741
0.037 891.374
0.042 890.857
0.042 888.327
0.089 886.809
0.09 883.042
0.091 879.066
0.139 877.682
0.14 876.734
0.141 875.184
0.146 874.42
0.161 873.564
0.162 872.959
0.235 871.618
0.236 870.919
0.238 863.284
0.249 860.856
0.252 860.784
0.252 858.969
0.253 857.094
0.253 856.747
0.259 855.316
0.266 854.576
0.917 854.385
1.383 853.702
2.909 852.463
