0.004 1167.23
0.004 1162.19
0.007 1161.74
0.008 1159.62
0.008 1154.15
0.009 1144.26
0.009 1138.35
0.01 1137.63
0.011 1136.42
0.011 1131.73
0.019 1130.16
0.022 1124.67
0.022 1122.15
0.023 1119.64
0.024 1118.83
0.025 1115.97
0.027 1115.82
0.032 1113.37
0.032 1111.09
0.033 1107.91
0.033 1105.06
0.035 1104.47
0.035 1101.34
0.036 1099.66
0.036 1099.3
0.037 1098.17
0.037 1096.97
0.037 1095.51
0.067 1092.95
0.077 1092.17
0.078 1091.86
0.078 1091.77
0.079 1090.42
0.08 1086.4
0.081 1085.49
0.085 1084.25
0.085 1084.16
0.085 1083.47
0.086 1083.41
0.087 1082.75
0.088 1080.6
0.093 1077.14
0.124 1075.65
0.135 1074.63
0.138 1070.5
0.361 1066.81
0.361 1064.71
0.365 1061.95
0.366 1059.95
0.366 1058.56
0.366 1058.17
0.382 1052.49
0.383 1051.77
0.388 1051.14
0.39 1045.55
0.39 1042.66
0.391 1041.97
0.391 1041.81
0.391 1040.34
0.394 1040.29
0.396 1039.1
0.396 1038.6
0.399 1038.48
0.408 1036.17
0.412 1036.09
0.545 1035.79
0.646 1035.54
1.393 1035.43
1.596 1034.54
1.597 1033.57
1.621 1032.46
2.283 1031.58
2.324 1031.14
5.485 1030.4
11.895 1030.28
31.543 1030.03
34.043 1030.02
45.899 1029.93
62.959 1029.44
69.218 1029.33
95.419 1029.25
