0.004 1170.01
0.004 1168.35
0.005 1167.89
0.005 1162.16
0.005 1160.31
0.007 1154.68
0.007 1153.02
0.008 1150.41
0.009 1148.46
0.01 1148.33
0.01 1144.93
0.011 1143.99
0.012 1132.67
0.013 1130.79
0.015 1130.3
0.016 1127.69
0.017 1120.9
0.018 1120.73
0.019 1120.56
0.02 1115.77
0.02 1114.14
0.02 1111.62
0.031 1105.16
0.032 1099.69
0.032 1098.62
0.033 1094.57
0.045 1093.78
0.046 1093.31
0.047 1093.17
0.05 1092.86
0.063 1091.33
0.088 1090.79
0.088 1090.44
0.114 1090.17
0.145 1089.68
0.148 1088.82
0.164 1086.23
0.193 1083.52
0.194 1083.06
0.195 1073.33
0.195 1070.9
0.197 1067.24
0.198 1065.66
0.202 1065.63
0.206 1062.27
0.207 1058.96
0.208 1057.51
0.208 1057.45
0.214 1057.41
0.215 1054.87
0.216 1054.41
0.22 1052.7
0.23 1052.18
0.234 1048.64
0.235 1047.98
0.238 1045.08
0.239 1044.07
0.239 1040.39
0.24 1039.2
0.241 1038.82
0.246 1038.69
0.493 1038.49
0.59 1038.14
0.778 1037.89
0.792 1037.7
0.823 1037.35
0.824 1034.41
0.886 1033.92
0.925 1033.57
2.275 1032.96
2.278 1031.42
2.313 1031.4
2.315 1030.6
4.434 1030.58
6.167 1030.05
11.975 1030.03
19.254 1029.84
38.633 1029.44
54.554 1029.25
