3.61 445472
3.611 445440
3.614 445400
3.616 445392
3.617 445381
3.619 445354
3.621 445334
3.622 445318
3.628 445309
3.63 445306
3.632 445299
3.633 445283
3.638 445282
3.641 445280
3.646 445269
3.651 445262
3.652 445260
3.654 445253
3.656 445248
3.657 445226
3.659 445207
3.661 445187
3.663 445172
3.664 445157
3.667 445154
3.669 445103
3.67 445099
3.673 445085
3.675 445079
3.676 445067
3.678 445053
3.68 445050
3.683 445033
3.685 445031
3.687 445020
3.69 445017
3.691 444998
3.693 444982
3.699 444971
3.703 444967
3.706 444954
3.708 444938
3.71 444932
3.712 444915
3.715 444899
3.717 444813
3.719 444801
3.72 444800
3.723 444788
3.727 444752
3.729 444734
3.731 444725
3.733 444719
3.737 444717
3.738 444678
3.74 444669
3.742 444649
3.744 444638
3.745 444631
3.747 444628
3.75 444618
3.752 444612
3.783 444596
3.786 444593
3.788 444553
3.789 444526
3.79 444523
3.793 444502
3.802 444491
3.803 444483
3.809 444482
3.811 444481
3.814 444327
3.816 444294
3.818 444229
3.82 444208
3.853 444191
3.856 444184
3.86 444181
3.863 444175
3.865 444174
3.878 444131
3.893 444092
3.894 444081
3.901 444074
3.903 444073
3.905 444066
3.907 444054
3.909 444047
3.917 443995
3.922 443991
3.924 443988
3.925 443987
3.927 443950
3.931 443941
3.933 443940
3.937 443938
3.939 443901
3.94 443891
3.942 443858
3.944 443843
3.945 443810
3.949 443779
3.953 443772
3.956 443760
3.958 443753
3.965 443751
3.966 443740
3.969 443739
3.971 443695
3.972 443690
3.974 443684
3.976 443671
3.978 443669
3.981 443647
3.983 443645
3.991 443571
3.998 443559
4.005 443550
4.007 443524
4.008 443520
4.01 443513
4.012 443491
4.039 443489
4.042 443488
4.046 443484
4.049 443475
4.051 443458
4.06 443439
4.062 443434
4.064 443430
4.07 443419
4.075 443418
4.077 443415
4.079 443414
4.083 443342
4.085 443340
4.089 443335
4.091 443333
4.092 443327
4.095 443311
4.099 443306
4.101 443245
4.102 443241
4.104 443235
4.107 443233
4.109 443232
4.114 443223
4.115 443222
4.117 443218
4.119 443179
4.122 443177
4.26 443088
4.264 443076
4.268 443073
4.281 443047
4.283 443033
4.285 443029
4.288 443017
4.292 443014
4.294 443013
4.364 443002
4.366 442997
4.368 442980
4.37 442968
4.373 442958
4.376 442953
4.377 442951
4.38 442945
4.384 442930
4.391 442884
4.395 442880
4.398 442860
4.4 442855
4.417 442834
4.442 442813
4.444 442807
4.451 442802
4.455 442798
4.456 442786
4.461 442781
4.464 442775
4.488 442765
4.505 442716
4.511 442715
4.515 442714
4.52 442702
4.522 442697
4.523 442696
4.525 442686
4.533 442673
4.774 442656
4.776 442654
4.802 442651
4.809 442650
4.81 442646
4.815 442628
4.817 442621
4.824 442619
4.826 442610
4.828 442606
4.858 442601
4.875 442591
4.879 442583
4.885 442581
4.887 442569
4.889 442557
4.9 442544
4.915 442540
4.917 442539
4.918 442531
5.111 442527
5.112 442524
5.129 442508
5.132 442472
5.216 442464
5.22 442457
5.232 442442
5.236 442399
5.238 442384
6.032 442383
6.037 442377
6.039 442374
6.163 442367
6.245 442356
6.318 442331
6.361 442307
6.366 442283
6.548 442267
6.564 442263
245.805 442253
245.831 442246
245.834 442245
245.837 442234
245.853 442220
245.87 442194
245.873 442193
245.876 442189
245.882 442183
245.886 442175
245.887 442174
245.914 442142
245.918 442128
245.92 442091
245.922 442065
245.924 442058
245.929 442053
268.502 442028
268.507 442024
268.51 442016
268.511 442013
268.513 442006
268.603 441997
268.606 441988
268.608 441982
268.744 441975
268.752 441969
268.761 441951
268.767 441950
268.771 441936
268.778 441930
268.791 441927
268.793 441926
268.796 441923
268.799 441912
268.804 441910
269.011 441908
269.012 441903
269.015 441898
269.023 441891
269.025 441890
269.028 441867
269.034 441855
269.042 441837
269.062 441836
269.063 441835
269.066 441826
269.069 441740
269.074 441724
269.079 441712
269.086 441703
269.087 441697
269.093 441666
269.119 441665
269.167 441660
269.184 441629
269.195 441618
269.197 441610
269.204 441593
269.214 441591
269.223 441590
269.236 441578
269.257 441573
269.26 441567
269.262 441559
269.267 441556
269.278 441537
269.282 441520
269.298 441517
269.303 441516
269.31 441510
269.314 441504
276.099 441500
276.126 441452
276.127 441449
276.143 441441
277.108 441439
277.114 441435
277.117 441434
277.123 441433
277.132 441428
277.153 441408
277.16 441402
277.162 441395
277.164 441341
277.168 441324
277.239 441316
277.247 441299
277.253 441293
277.267 441291
277.272 441269
277.275 441238
277.285 441223
277.292 441219
277.294 441210
277.298 441190
277.3 441189
277.309 441178
277.366 441177
277.374 441170
277.378 441157
277.38 441151
277.384 441138
279.763 441129
279.769 441107
279.771 441099
279.773 441085
279.774 441080
279.781 441075
279.783 441070
279.785 441064
279.786 441052
280.188 441049
280.19 441043
280.435 441029
280.445 441019
280.447 441009
280.516 440996
284.695 440978
284.701 440965
286.289 440900
286.294 440866
286.297 440840
286.298 440836
286.3 440828
286.302 440824
286.308 440821
286.33 440792
286.336 440779
286.338 440770
286.927 440767
286.973 440753
287.319 440744
287.321 440740
287.342 440739
287.346 440732
287.35 440731
287.359 440715
287.474 440693
287.476 440682
287.49 440671
287.494 440655
287.498 440652
287.5 440650
287.502 440649
287.544 440642
287.549 440632
287.551 440629
287.561 440625
287.563 440610
287.566 440604
287.569 440551
351.15 440543
351.152 440534
351.157 440522
351.158 440507
351.162 440492
351.165 440489
351.168 440479
351.185 440469
351.187 440456
351.188 440455
351.193 440443
351.22 440432
351.222 440426
351.223 440413
352.487 440406
352.491 440403
352.496 440396
352.498 440387
352.671 440376
352.674 440369
352.676 440348
353.086 440346
353.099 440344
353.106 440336
353.14 440333
353.142 440330
353.146 440321
353.157 440314
353.179 440302
353.186 440279
353.19 440278
353.614 440267
353.727 440260
353.743 440255
353.746 440232
353.749 440206
353.753 440185
353.76 440145
353.767 440132
353.768 440123
353.776 440111
353.779 440107
353.786 440093
353.789 440066
353.792 440065
353.799 440058
353.805 440055
353.817 440046
353.824 440045
353.966 439989
353.974 439980
353.985 439973
354.08 439968
354.083 439959
354.105 439936
354.12 439920
354.124 439897
354.126 439886
354.132 439885
354.14 439858
354.142 439852
354.145 439845
354.151 439840
354.153 439838
372.038 439807
372.043 439792
372.051 439790
372.053 439781
372.07 439777
372.072 439766
372.075 439739
372.08 439737
372.565 439735
372.571 439731
372.754 439710
372.842 439703
372.844 439684
372.846 439682
372.85 439679
372.854 439673
372.87 439666
372.899 439641
372.901 439640
372.913 439637
372.92 439636
372.932 439629
372.938 439619
372.94 439617
373.097 439615
373.104 439597
373.107 439593
373.167 439587
373.168 439584
373.17 439575
373.173 439571
373.176 439567
373.184 439566
373.188 439556
373.21 439546
373.216 439538
386.003 439535
386.015 439533
386.049 439530
386.054 439517
386.064 439516
386.096 439512
386.1 439506
386.102 439501
386.107 439476
386.11 439472
386.112 439467
386.114 439461
392.379 439456
392.413 439455
392.415 439447
392.468 439405
392.471 439397
392.474 439390
392.478 439382
392.492 439378
392.514 439359
392.539 439357
392.544 439355
392.561 439352
392.589 439351
392.608 439338
392.618 439337
392.627 439332
393.947 439322
393.949 439321
393.954 439317
393.958 439316
393.959 439314
393.992 439305
394.007 439284
394.025 439270
394.027 439267
394.036 439262
394.049 439261
394.051 439257
394.978 439255
394.984 439238
394.99 439237
395.003 439186
395.005 439177
395.014 439171
395.028 439165
395.031 439163
395.117 439151
395.637 439146
395.639 439145
395.64 439141
406.386 439140
406.387 439136
406.393 439127
406.416 439126
406.425 439118
406.43 439114
406.432 439112
406.486 439111
406.525 439088
406.532 439055
406.537 439051
406.542 439020
406.543 439019
415.24 439012
415.242 439010
415.245 439002
415.262 438980
415.286 438959
415.288 438956
415.29 438950
415.319 438937
415.323 438930
415.324 438927
415.544 438926
415.567 438921
415.58 438919
415.613 438914
416.695 438898
416.739 438886
416.746 438878
416.748 438859
416.753 438839
416.874 438837
416.876 438828
421.159 438804
422.658 438798
422.661 438793
422.698 438791
422.7 438782
422.718 438770
431.203 438758
431.222 438744
431.337 438739
431.34 438738
431.37 438720
431.384 438704
431.387 438696
431.39 438690
431.392 438683
432.247 438671
432.31 438663
432.312 438636
432.42 438634
432.436 438600
432.474 438597
432.671 438595
432.683 438593
432.686 438582
432.7 438576
432.704 438574
432.851 438555
432.855 438528
432.857 438509
432.885 438504
432.931 438492
433.008 438483
433.017 438482
433.057 438472
433.06 438470
433.08 438468
433.086 438455
433.173 438451
433.183 438449
433.196 438444
433.204 438440
433.207 438438
433.517 438432
433.52 438429
433.529 438426
433.531 438424
433.537 438423
433.543 438421
433.55 438419
433.719 438418
437.182 438417
437.184 438405
437.857 438384
437.879 438382
437.9 438370
437.904 438368
437.906 438356
437.915 438348
437.957 438346
437.959 438334
437.961 438307
438.046 438306
438.066 438303
438.076 438293
438.078 438288
438.288 438273
438.291 438264
438.301 438249
439.071 438245
439.074 438239
439.08 438231
439.082 438216
439.084 438215
439.087 438202
439.089 438201
439.098 438196
439.105 438182
439.109 438178
439.112 438158
439.114 438156
439.133 438153
439.135 438144
439.14 438134
439.142 438125
439.144 438122
442.308 438120
442.31 438118
442.321 438109
442.323 438103
442.329 438092
442.491 438091
442.5 438083
442.718 438069
442.722 438057
442.778 438028
442.781 438020
442.788 437993
442.796 437992
442.799 437956
442.811 437955
442.817 437954
442.823 437945
442.835 437934
443.328 437933
443.339 437931
443.351 437915
443.589 437912
451.425 437910
451.429 437901
451.433 437900
451.446 437894
451.502 437881
451.505 437878
451.513 437875
451.515 437846
451.621 437845
451.63 437837
451.645 437834
451.647 437830
451.651 437828
451.674 437825
451.804 437819
451.821 437815
451.824 437811
451.836 437806
451.885 437800
451.9 437790
451.946 437775
451.967 437761
470.351 437759
470.354 437740
470.538 437739
470.54 437730
470.548 437723
470.58 437721
470.582 437705
470.627 437699
470.656 437694
470.658 437690
470.662 437689
470.671 437658
470.677 437656
470.703 437654
470.711 437626
470.723 437622
470.726 437621
470.729 437620
470.744 437617
470.748 437608
470.769 437601
471.145 437578
471.23 437573
471.232 437567
471.234 437566
471.248 437539
471.275 437533
471.277 437529
471.281 437525
471.299 437523
471.497 437521
471.575 437514
471.584 437490
471.586 437485
473.351 437484
473.353 437474
473.356 437471
473.357 437467
473.386 437446
473.389 437434
473.391 437417
473.392 437409
473.416 437408
473.423 437406
473.427 437402
473.43 437400
473.433 437378
473.435 437366
473.501 437364
477.259 437362
477.267 437360
477.442 437356
477.464 437315
477.466 437305
477.468 437300
477.472 437299
477.516 437293
477.519 437291
477.521 437288
477.54 437281
477.543 437271
477.547 437268
477.55 437265
491.815 437260
491.821 437258
491.822 437256
491.824 437248
491.827 437247
491.831 437225
491.842 437209
492.029 437200
492.034 437190
492.04 437185
492.044 437183
492.051 437170
492.141 437165
492.144 437161
492.161 437145
492.47 437142
492.473 437128
492.515 437126
492.517 437119
492.527 437117
492.54 437111
492.561 437100
492.577 437091
492.592 437089
499.281 437086
499.283 437084
499.29 437081
499.301 437078
499.305 437062
499.309 437042
499.315 437031
499.331 437028
499.333 437019
499.341 436993
499.35 436984
499.352 436978
499.355 436968
499.357 436965
499.363 436961
499.372 436958
499.381 436957
502.843 436943
502.855 436941
503.473 436940
503.482 436922
503.485 436915
503.488 436914
503.495 436913
503.499 436892
503.502 436889
503.505 436888
503.507 436886
503.576 436880
503.59 436877
503.602 436875
503.611 436872
503.619 436864
503.631 436860
503.657 436852
503.661 436842
503.667 436839
503.671 436821
503.679 436814
503.681 436799
503.692 436796
503.711 436781
503.718 436774
503.74 436769
504.566 436768
504.588 436747
504.589 436736
504.591 436734
504.596 436730
504.598 436724
505.453 436712
520.775 436710
520.788 436694
520.801 436686
521.658 436678
521.744 436676
521.757 436668
521.771 436663
521.773 436650
521.777 436630
521.78 436616
521.781 436611
521.858 436605
521.861 436603
521.931 436590
521.932 436588
521.936 436582
521.949 436581
522.199 436565
522.205 436564
522.304 436563
522.396 436555
522.427 436545
522.432 436537
524.323 436527
524.325 436518
525.107 436513
525.121 436510
525.123 436505
525.14 436503
539.694 436500
539.701 436473
539.704 436472
540.306 436470
540.308 436465
540.313 436464
540.364 436461
540.367 436457
540.369 436452
540.488 436424
540.494 436409
540.553 436408
540.559 436394
540.561 436392
540.563 436385
540.567 436369
540.583 436355
540.642 436353
541.467 436350
541.469 436343
541.471 436342
541.475 436338
547.893 436336
547.901 436332
548.49 436330
548.501 436328
548.525 436310
548.526 436304
548.53 436303
548.534 436302
548.562 436300
548.603 436298
548.606 436286
548.648 436284
548.652 436278
548.685 436274
548.689 436269
548.695 436258
548.714 436254
548.742 436246
548.745 436228
548.747 436227
548.749 436210
548.767 436205
548.777 436204
548.786 436198
548.791 436197
548.802 436194
548.807 436178
548.879 436177
548.883 436170
548.884 436168
548.942 436167
548.945 436161
548.947 436160
548.949 436151
548.951 436146
549.076 436145
549.131 436134
549.588 436132
549.596 436130
549.602 436125
549.612 436122
549.617 436120
549.623 436119
549.675 436114
549.688 436110
549.707 436099
549.71 436094
549.716 436082
549.732 436077
549.757 436064
549.771 436061
549.786 436060
549.795 436058
549.803 436047
549.808 436046
549.836 436022
549.882 436020
549.902 436014
549.909 436013
550.072 436008
550.081 436006
550.111 436005
550.117 436002
550.121 435996
560.836 435991
560.845 435987
560.851 435979
560.878 435975
560.88 435964
560.896 435963
560.9 435962
561.082 435946
561.085 435945
561.092 435941
561.123 435937
561.132 435925
561.182 435904
561.196 435903
561.2 435897
561.203 435896
561.206 435876
561.208 435867
561.279 435866
561.301 435863
561.345 435859
561.358 435851
561.366 435843
561.37 435833
561.388 435830
567.083 435828
567.086 435820
567.095 435816
567.097 435808
567.102 435802
567.112 435796
568.022 435793
568.024 435771
568.031 435766
568.062 435761
568.067 435757
568.342 435753
568.344 435748
568.347 435739
576.804 435736
576.812 435732
576.819 435718
576.824 435707
577.086 435698
577.111 435696
577.161 435693
577.315 435687
577.32 435677
577.374 435666
577.634 435661
577.652 435659
577.673 435655
577.836 435648
577.872 435630
577.876 435624
577.895 435623
577.897 435619
577.912 435597
578.108 435596
578.109 435588
578.465 435579
578.507 435578
578.516 435546
578.517 435537
578.53 435518
578.536 435516
578.563 435506
578.589 435503
578.661 435502
578.664 435472
578.738 435458
578.755 435457
578.79 435456
578.805 435446
578.826 435438
578.83 435429
578.839 435427
578.847 435425
578.865 435424
579.003 435423
579.044 435419
579.05 435408
579.052 435407
579.06 435404
579.085 435398
579.107 435389
579.109 435376
579.234 435375
579.246 435366
579.263 435361
579.269 435355
579.293 435345
580.092 435335
580.252 435333
580.254 435293
580.257 435284
580.266 435278
580.287 435275
580.374 435274
580.585 435270
580.587 435263
580.589 435260
580.593 435251
580.634 435230
580.673 435227
580.685 435226
617.006 435216
617.042 435215
617.055 435202
617.063 435198
617.095 435193
617.103 435189
617.106 435183
617.141 435181
617.256 435176
617.488 435171
617.533 435169
617.634 435162
617.637 435158
617.651 435157
617.656 435150
617.658 435149
617.674 435143
617.835 435136
617.841 435135
617.849 435134
617.855 435126
618.049 435113
618.246 435107
618.256 435100
618.26 435099
618.264 435094
618.266 435092
618.286 435091
618.302 435089
622.64 435085
623.681 435082
623.735 435076
623.755 435060
623.758 435056
625.509 435055
626.026 435054
626.482 435049
626.503 435026
626.575 435020
626.577 435015
626.688 435014
626.69 435012
626.847 435007
626.858 435005
626.862 435001
626.874 434989
626.88 434987
626.902 434986
626.912 434984
626.918 434981
626.943 434979
626.975 434976
626.977 434974
626.985 434972
626.991 434969
626.993 434965
626.997 434956
626.999 434954
627.001 434945
627.01 434938
627.041 434932
627.068 434929
627.071 434928
627.086 434924
627.092 434917
627.099 434901
643.063 434888
643.08 434880
643.082 434879
643.123 434878
643.128 434873
643.164 434872
644.226 434869
644.23 434863
644.287 434861
644.29 434857
644.314 434853
644.316 434830
645.309 434829
645.313 434827
645.325 434825
645.337 434821
645.35 434812
645.356 434808
645.379 434804
645.432 434794
645.434 434790
645.449 434788
645.511 434765
645.58 434763
645.584 434740
645.586 434738
645.59 434715
645.622 434714
645.625 434706
645.627 434699
645.659 434683
645.671 434673
645.693 434672
645.744 434671
645.746 434657
645.761 434655
645.811 434652
645.827 434641
645.842 434640
645.887 434638
645.892 434637
645.901 434631
646.164 434629
646.181 434628
646.191 434616
646.197 434599
646.21 434586
646.824 434585
646.833 434583
646.842 434579
646.872 434565
646.892 434563
659.513 434558
659.534 434555
659.609 434553
659.638 434549
659.655 434535
659.665 434529
659.679 434508
659.834 434506
659.836 434500
659.85 434487
659.855 434483
659.874 434482
660.066 434476
660.068 434475
660.095 434474
660.101 434471
660.106 434454
660.111 434452
660.134 434447
660.169 434434
660.177 434431
660.306 434427
660.315 434422
660.32 434416
660.461 434414
660.613 434413
661.4 434411
661.408 434410
661.418 434401
661.424 434396
661.635 434392
661.679 434388
661.681 434386
661.686 434382
661.696 434379
661.7 434377
661.706 434367
661.708 434366
661.71 434354
661.72 434346
661.728 434345
661.738 434340
661.756 434336
661.763 434329
675.129 434323
675.135 434298
675.15 434297
675.152 434294
675.918 434293
676.046 434290
676.124 434282
676.19 434279
676.195 434272
676.225 434270
676.227 434267
678.41 434262
678.573 434261
678.588 434248
678.678 434244
680.625 434242
680.986 434236
680.993 434230
681.026 434224
681.028 434221
681.04 434220
681.044 434219
681.047 434211
681.063 434209
681.078 434198
681.087 434178
681.112 434177
681.123 434166
681.126 434154
681.938 434152
681.94 434146
681.942 434144
681.943 434134
682.017 434133
683.404 434128
683.41 434122
684.058 434121
684.112 434116
684.135 434115
684.16 434114
684.164 434099
684.266 434093
684.273 434089
684.279 434063
684.284 434061
684.287 434060
684.356 434059
684.362 434047
684.42 434046
684.435 434045
684.447 434043
684.486 434040
684.602 434039
684.609 434038
684.611 434037
684.639 434029
684.641 434024
684.643 434018
684.644 434017
684.682 434002
684.688 433999
684.712 433998
684.716 433991
688.82 433989
688.826 433986
688.829 433984
688.837 433983
688.875 433978
688.881 433977
688.885 433976
688.89 433975
689.014 433972
689.027 433970
689.064 433968
689.146 433967
689.542 433961
689.548 433954
689.566 433952
689.571 433948
689.583 433939
689.591 433938
689.597 433930
689.599 433926
689.618 433924
689.629 433918
689.705 433915
690.274 433908
690.35 433907
690.352 433892
690.434 433891
690.442 433883
690.445 433880
690.513 433879
690.518 433875
690.527 433874
690.536 433873
690.539 433870
690.565 433863
694.812 433856
694.825 433855
695.141 433853
695.145 433852
695.15 433844
695.859 433843
695.905 433842
695.907 433839
696.469 433833
696.474 433831
696.483 433818
696.485 433817
696.517 433816
696.612 433811
696.631 433808
696.637 433802
696.639 433798
701.162 433793
703.674 433784
704.021 433779
704.025 433778
704.077 433771
704.083 433765
715.843 433750
715.853 433747
715.86 433745
715.881 433739
716.032 433735
718.381 433734
718.382 433731
718.387 433723
718.393 433722
718.401 433712
718.42 433711
718.439 433709
718.441 433703
718.462 433698
718.473 433696
718.493 433695
719.538 433694
719.555 433689
719.557 433675
719.753 433673
719.762 433669
719.769 433664
719.774 433663
719.84 433647
719.845 433644
719.85 433635
719.857 433633
719.87 433632
719.876 433631
719.884 433627
719.955 433625
719.958 433611
720.008 433603
720.023 433602
720.277 433600
720.429 433594
720.445 433587
720.45 433565
720.566 433560
720.568 433555
720.572 433552
720.598 433546
720.611 433544
720.614 433539
720.621 433538
720.625 433534
720.637 433531
720.644 433530
720.646 433529
720.72 433525
720.725 433518
720.75 433517
720.763 433513
720.837 433512
720.926 433511
720.933 433509
721.119 433502
721.134 433500
721.145 433499
729.657 433493
731.742 433492
731.762 433489
731.805 433479
731.811 433477
731.817 433467
731.832 433466
731.859 433465
731.88 433464
731.882 433461
732.026 433459
732.049 433452
732.052 433447
732.089 433433
732.143 433432
732.158 433423
732.173 433421
732.183 433417
732.191 433413
732.292 433404
732.324 433401
732.36 433400
732.365 433397
732.366 433391
732.645 433377
732.686 433375
732.692 433372
732.718 433367
733.417 433357
733.436 433350
734.371 433349
734.395 433347
734.408 433344
734.413 433343
736.249 433342
736.267 433341
736.27 433338
736.273 433334
736.286 433332
736.291 433328
736.299 433307
736.333 433302
739.359 433296
739.363 433288
739.369 433285
739.371 433284
739.384 433281
739.399 433279
739.408 433275
739.442 433274
744.485 433268
744.533 433263
744.537 433257
744.56 433256
744.565 433254
744.568 433251
744.608 433235
744.61 433225
744.644 433224
744.649 433217
744.653 433215
744.657 433206
744.661 433199
744.678 433194
744.9 433192
744.914 433188
744.983 433182
746.282 433180
746.285 433169
746.288 433167
746.33 433165
746.334 433148
746.336 433146
746.385 433142
746.418 433140
746.424 433134
747.04 433117
747.043 433114
747.184 433105
747.186 433104
747.189 433102
747.266 433099
747.555 433098
747.572 433096
747.621 433095
747.768 433093
747.773 433092
747.854 433089
747.858 433087
747.861 433086
747.885 433085
747.897 433079
747.9 433075
747.917 433068
747.92 433067
747.933 433060
747.959 433055
747.963 433053
747.988 433044
748.028 433039
748.055 433035
748.102 433033
748.519 433030
748.571 433028
748.575 433027
748.607 433022
748.831 433021
748.964 433017
748.967 433015
749.002 433013
749.006 433012
749.02 433011
765.45 433008
765.463 433005
766.324 433002
766.333 433001
766.335 433000
766.353 432976
766.374 432975
766.466 432973
766.468 432972
766.483 432966
766.485 432961
766.49 432955
766.528 432949
766.53 432948
766.534 432943
767.044 432940
767.073 432938
767.087 432930
767.095 432927
767.102 432926
767.761 432921
767.775 432899
767.787 432898
767.868 432893
769.762 432891
769.768 432889
769.925 432884
769.928 432881
769.948 432877
771.547 432874
771.629 432873
771.63 432868
771.632 432857
771.718 432855
771.836 432851
771.846 432842
771.86 432838
772.094 432834
772.1 432820
772.3 432819
772.306 432818
772.331 432817
772.336 432813
772.338 432807
772.365 432804
773.048 432803
773.049 432793
773.055 432792
773.064 432791
773.098 432789
773.152 432778
774.502 432776
774.581 432770
774.597 432768
774.638 432761
775.941 432753
776.765 432750
776.775 432744
776.778 432739
776.784 432736
778.024 432734
778.03 432729
778.047 432725
778.072 432723
778.099 432721
778.1 432717
778.154 432716
778.193 432715
778.202 432714
778.266 432712
778.29 432711
784.963 432706
784.97 432705
784.977 432704
784.999 432702
787.589 432698
787.608 432697
787.61 432695
787.679 432694
787.693 432693
787.703 432692
787.705 432685
788.067 432677
788.091 432675
788.104 432663
788.151 432658
788.154 432657
788.187 432656
807.204 432654
807.212 432652
807.217 432646
807.219 432644
807.447 432632
808.151 432631
808.157 432630
808.163 432629
808.167 432627
808.199 432624
808.21 432623
808.232 432621
808.264 432620
808.268 432618
808.283 432616
808.451 432611
808.462 432609
808.479 432608
808.489 432604
808.498 432592
808.503 432590
808.519 432585
808.532 432572
808.572 432569
808.62 432566
808.713 432565
808.742 432564
808.747 432560
808.757 432556
808.81 432551
808.905 432549
808.909 432534
808.96 432526
808.963 432524
809.104 432523
809.121 432520
809.122 432519
809.124 432517
809.167 432513
809.18 432504
809.187 432503
809.223 432501
809.255 432498
809.284 432497
809.306 432490
809.31 432489
809.312 432487
809.548 432484
809.566 432481
821.085 432480
821.239 432479
821.24 432466
821.262 432463
821.264 432461
821.288 432455
821.303 432453
821.312 432449
822.199 432447
822.202 432439
822.24 432437
822.242 432435
822.255 432433
822.265 432432
822.487 432431
822.508 432430
822.716 432426
823.32 432420
823.321 432409
823.355 432406
823.361 432405
823.405 432399
824.02 432395
824.065 432391
824.068 432390
824.097 432389
824.112 432380
824.227 432379
824.261 432372
824.298 432371
824.333 432369
824.682 432367
824.695 432366
825.178 432361
825.182 432356
825.185 432354
825.236 432353
825.267 432352
825.397 432349
825.404 432342
825.408 432340
825.499 432339
825.524 432338
825.572 432337
825.575 432333
825.58 432332
825.782 432330
825.806 432328
825.81 432327
825.82 432326
825.822 432316
826.951 432309
827.27 432307
827.276 432301
827.298 432293
827.394 432289
829.176 432288
829.19 432287
829.236 432286
829.248 432282
829.25 432281
829.379 432275
829.42 432274
829.432 432271
829.614 432267
829.641 432263
829.653 432262
829.663 432261
829.666 432260
829.705 432259
829.713 432254
829.731 432246
829.736 432244
829.864 432242
831.368 432239
831.377 432234
831.42 432228
831.423 432225
831.525 432224
831.565 432215
831.599 432211
836.719 432207
838.129 432206
838.134 432199
838.137 432194
838.144 432192
838.254 432185
838.261 432175
838.271 432172
838.274 432171
838.29 432166
838.373 432153
838.377 432139
838.583 432136
838.707 432134
838.75 432133
838.776 432131
838.876 432130
838.911 432129
838.912 432128
838.919 432120
838.951 432116
838.966 432114
839.004 432113
839.006 432110
839.046 432106
839.656 432102
839.784 432099
839.786 432095
839.788 432089
839.82 432088
841.446 432081
841.449 432069
841.453 432068
841.473 432057
841.495 432056
841.666 432053
841.68 432052
841.707 432051
841.99 432050
841.997 432044
842.021 432037
842.069 432021
842.261 432019
842.267 432015
842.287 432012
842.301 432007
842.349 432006
842.796 432005
842.852 432004
842.856 431999
843.037 431998
843.043 431996
843.18 431993
843.212 431992
843.222 431989
843.225 431988
843.261 431982
843.263 431980
843.266 431977
843.27 431976
843.275 431975
843.279 431966
844.925 431965
844.974 431957
847.527 431955
847.613 431954
847.624 431953
847.626 431950
848.058 431947
848.07 431939
848.129 431936
848.145 431933
848.148 431932
848.15 431931
848.153 431926
848.158 431924
848.17 431923
848.256 431920
848.265 431917
848.268 431915
848.28 431913
848.304 431912
848.306 431909
848.323 431907
848.353 431904
848.412 431903
848.458 431902
848.49 431897
848.492 431894
848.514 431891
848.521 431890
848.532 431889
848.577 431886
849.219 431885
849.713 431883
849.734 431879
849.764 431868
849.77 431865
849.781 431863
849.804 431854
871.865 431852
871.91 431848
872.159 431845
872.196 431833
872.262 431832
872.352 431828
872.38 431825
872.382 431824
872.391 431821
873.125 431818
873.254 431812
873.883 431808
873.894 431799
873.935 431797
873.936 431794
873.971 431791
874.08 431788
874.105 431783
874.123 431780
874.642 431779
892.146 431777
892.165 431775
892.167 431770
892.171 431766
892.252 431762
892.305 431756
892.434 431754
892.458 431753
892.615 431750
892.701 431745
892.704 431744
892.858 431739
893.424 431736
893.434 431732
893.481 431730
893.601 431728
893.605 431727
893.616 431722
893.646 431716
893.659 431714
893.75 431710
893.757 431703
893.815 431701
893.933 431700
894.299 431696
894.332 431694
894.348 431690
894.37 431683
894.378 431681
894.442 431675
894.455 431674
894.473 431666
894.477 431663
894.487 431658
894.575 431657
894.584 431655
894.601 431654
894.958 431649
894.98 431640
895.074 431639
895.085 431637
896.531 431634
896.532 431625
896.541 431622
898.268 431620
898.606 431619
898.642 431618
903.32 431614
903.325 431611
903.43 431609
903.88 431604
903.903 431603
903.916 431598
903.956 431590
903.982 431588
903.993 431585
904.003 431582
904.027 431567
904.042 431553
904.048 431543
904.054 431542
904.064 431541
904.069 431540
904.072 431539
904.073 431527
904.252 431519
904.254 431517
907.48 431515
907.512 431514
907.541 431510
907.593 431493
907.599 431492
907.608 431488
907.61 431486
907.616 431485
907.622 431482
907.648 431479
907.751 431476
907.76 431468
907.815 431466
907.821 431461
907.846 431459
907.913 431458
908.357 431452
908.36 431448
914.133 431444
914.142 431439
914.163 431437
914.191 431431
914.198 431430
918.634 431428
918.776 431427
918.866 431426
918.888 431424
918.894 431421
919.173 431420
919.199 431415
919.233 431414
919.291 431413
919.295 431410
919.641 431406
919.647 431404
919.708 431403
919.714 431397
919.794 431395
919.83 431389
919.854 431387
919.878 431386
919.891 431373
919.893 431372
919.927 431371
919.95 431369
920.815 431366
920.817 431364
920.823 431363
920.852 431361
920.881 431357
920.884 431347
920.891 431341
921.102 431340
921.112 431338
921.116 431337
921.152 431335
921.183 431334
921.315 431333
921.33 431330
921.507 431329
921.521 431327
921.53 431326
921.569 431325
923.298 431324
923.3 431323
923.301 431322
923.341 431320
923.402 431318
923.498 431317
923.508 431316
923.513 431311
940.735 431309
940.739 431304
940.756 431303
940.758 431301
940.918 431299
941.094 431296
941.132 431294
941.145 431286
941.225 431284
941.283 431283
941.289 431274
941.66 431270
941.72 431259
942.023 431253
942.045 431252
942.228 431248
942.232 431245
942.238 431244
942.259 431241
942.279 431238
945.087 431237
945.102 431236
946.384 431229
946.421 431222
946.428 431220
946.455 431218
946.485 431214
946.55 431213
947.895 431209
947.906 431208
947.921 431207
948.093 431203
948.601 431202
948.634 431199
948.638 431194
948.662 431193
948.766 431190
948.808 431189
949.416 431187
949.449 431186
949.498 431185
949.509 431183
949.583 431182
949.61 431181
949.808 431177
949.819 431176
950.219 431172
950.234 431165
950.309 431163
950.324 431162
950.365 431160
950.415 431155
950.43 431153
950.787 431147
950.79 431142
951.161 431141
951.223 431132
951.605 431130
951.622 431125
951.639 431121
951.646 431120
951.673 431119
951.704 431118
951.831 431117
952.202 431116
952.207 431107
956.5 431101
956.503 431100
956.546 431097
956.576 431087
956.59 431086
956.899 431082
957.051 431081
957.148 431077
957.176 431076
957.258 431075
958.305 431069
968.294 431065
968.331 431062
968.346 431057
968.378 431055
968.425 431052
968.484 431049
968.625 431048
968.643 431047
968.696 431044
968.71 431042
968.72 431041
968.728 431040
968.778 431035
968.787 431032
968.966 431030
969.033 431029
969.169 431027
970.759 431025
970.839 431024
970.844 431020
970.845 431019
970.879 431018
970.883 431010
970.898 431003
970.903 431001
970.944 431000
970.955 430998
970.965 430992
970.971 430991
970.973 430989
971.018 430988
971.44 430985
971.523 430984
977.292 430983
977.469 430980
977.892 430979
977.913 430975
977.937 430970
977.944 430969
977.961 430968
978.754 430967
978.801 430965
979.781 430962
979.944 430960
979.999 430953
980.072 430952
980.209 430950
980.22 430948
980.538 430947
980.603 430944
980.618 430941
980.621 430938
980.625 430935
980.633 430932
980.64 430931
980.685 430927
981.18 430921
982.348 430915
982.35 430914
982.797 430913
982.814 430911
982.824 430908
982.842 430907
982.879 430906
990.553 430905
990.558 430902
990.574 430901
990.583 430900
992.859 430898
992.866 430892
993.376 430891
997.924 430890
998.04 430889
998.044 430885
998.085 430884
998.1 430881
998.114 430879
998.121 430877
998.185 430874
998.233 430872
998.264 430868
998.272 430866
998.297 430864
998.435 430863
998.468 430859
998.806 430858
998.811 430857
1000.36 430855
1000.36 430853
1000.45 430849
1000.5 430846
1000.58 430844
1001.41 430842
1001.56 430841
1001.66 430838
1001.69 430837
1001.78 430836
1001.78 430834
1001.79 430833
1001.81 430832
1001.88 430827
1001.9 430826
1001.91 430825
1002.13 430824
1002.15 430823
1002.23 430818
1002.23 430813
1002.29 430810
1006.89 430806
1006.92 430803
1006.99 430801
1007.03 430799
1007.13 430797
1007.15 430794
1007.17 430790
1007.2 430789
1007.21 430788
1007.22 430786
1007.29 430784
1007.32 430774
1007.37 430769
1007.38 430767
1007.4 430765
1007.49 430763
1007.52 430758
1007.54 430757
1007.55 430755
1007.57 430754
1007.8 430750
1007.81 430747
1007.88 430746
1007.94 430745
1008.6 430744
1009.16 430743
1009.25 430742
1009.35 430740
1009.61 430737
1013.34 430735
1013.37 430734
1013.37 430733
1014.21 430732
1014.23 430729
1014.31 430725
1014.44 430724
1014.46 430721
1014.47 430714
1014.48 430713
1014.55 430712
1014.57 430710
1014.63 430708
1014.67 430706
1014.7 430704
1034.65 430703
1034.74 430690
1034.76 430688
1034.77 430686
1037.36 430683
1037.36 430682
1037.42 430680
1037.51 430679
1037.52 430678
1037.55 430675
1037.56 430674
1037.56 430667
1037.58 430666
1037.63 430664
1038.56 430659
1038.57 430657
1038.57 430654
1040.22 430653
1040.27 430652
1040.28 430650
1040.28 430649
1040.31 430648
1040.36 430647
1040.37 430646
1041.15 430642
1041.16 430640
1041.24 430635
1041.37 430633
1041.42 430630
1041.46 430629
1041.65 430625
1041.72 430624
1041.74 430622
1041.74 430621
1041.77 430620
1041.82 430618
1041.86 430617
1042 430612
1042.08 430606
1042.09 430605
1042.24 430604
1042.28 430603
1042.36 430600
1042.37 430597
1042.37 430596
1042.38 430595
1042.52 430591
1042.57 430590
1042.6 430588
1042.64 430587
1043.78 430586
1043.96 430585
1043.97 430583
1044 430580
1044.37 430579
1044.38 430576
1044.39 430572
1045.19 430570
1045.21 430566
1046.08 430562
1046.08 430561
1046.08 430560
1046.97 430555
1047.02 430553
1047.06 430549
1047.33 430548
1047.36 430547
1047.36 430542
1047.37 430541
1047.38 430539
1047.49 430537
1047.96 430536
1047.99 430535
1048.03 430534
1048.06 430533
1048.12 430532
1051.52 430531
1051.53 430530
1052.07 430527
1052.1 430526
1052.11 430525
1052.74 430520
1052.79 430518
1052.89 430515
1052.91 430514
1052.92 430511
1052.93 430510
1052.95 430509
1052.97 430507
1053.02 430505
1053.02 430504
1053.39 430501
1053.39 430500
1053.61 430499
1053.64 430498
1054.12 430492
1055.43 430491
1055.44 430489
1055.46 430485
1055.47 430483
1055.51 430476
1055.55 430475
1055.57 430474
1055.6 430473
1055.69 430471
1061.13 430469
1061.18 430468
1061.2 430467
1061.21 430464
1061.94 430463
1061.95 430462
1062.01 430460
1062.02 430459
1062.7 430457
1063.06 430456
1063.28 430455
1063.43 430443
1063.45 430438
1063.47 430437
1063.55 430434
1063.61 430433
1063.62 430431
1063.66 430430
1072.49 430429
1072.53 430426
1072.55 430424
1072.59 430423
1072.68 430422
1072.7 430418
1072.7 430412
1075.99 430393
1076.45 430392
1076.71 430391
1076.72 430390
1076.73 430389
1079.88 430388
1080.25 430385
1080.35 430383
1080.37 430382
1080.4 430381
1080.4 430380
1080.43 430377
1080.43 430376
1080.44 430375
1080.45 430368
1080.46 430367
1080.54 430363
1080.55 430362
1080.57 430359
1080.58 430358
1080.58 430357
1081.01 430349
1081.03 430347
1081.09 430346
1081.15 430345
1081.24 430344
1081.52 430342
1081.63 430341
1082.74 430340
1082.96 430334
1083.09 430333
1083.14 430331
1083.27 430326
1083.3 430324
1083.37 430323
1083.38 430322
1093.73 430319
1095.36 430318
1095.38 430317
1095.4 430313
1095.42 430312
1095.91 430310
1095.97 430304
1096 430302
1096.06 430301
1096.12 430300
1096.15 430299
1096.21 430296
1096.25 430295
1096.26 430293
1096.36 430288
1096.92 430281
1096.98 430279
1097.17 430278
1097.17 430277
1097.21 430269
1097.22 430268
1097.34 430267
1097.38 430266
1104.59 430263
1104.64 430261
1104.72 430260
1104.72 430259
1104.73 430252
1104.74 430250
1104.79 430249
1117.79 430248
1117.83 430247
1121.77 430245
1121.79 430244
1121.81 430243
1121.96 430240
1122.01 430239
1122.2 430237
1124.59 430236
1129.64 430234
1129.7 430232
1129.87 430231
1129.95 430228
1130.15 430226
1130.19 430225
1131.14 430224
1131.7 430223
1131.71 430221
1131.72 430220
1131.82 430219
1132 430218
1132.17 430217
1132.31 430210
1132.32 430209
1132.83 430207
1132.94 430200
1133.95 430199
1133.95 430197
1133.98 430196
1134.33 430195
1136.2 430194
1136.34 430188
1136.35 430187
1137.96 430184
1138.17 430183
1138.28 430182
1138.29 430181
1138.32 430180
1138.34 430179
1138.61 430178
1138.69 430177
1138.83 430176
1139.45 430172
1139.57 430171
1139.59 430169
1139.71 430168
1143.14 430167
1143.14 430166
1143.16 430165
1143.2 430164
1143.38 430163
1143.86 430161
1143.9 430160
1143.92 430158
1143.94 430152
1144.31 430151
1144.34 430150
1144.43 430149
1144.45 430147
1144.65 430145
1145.34 430144
1145.36 430143
1145.37 430142
1145.53 430140
1145.67 430139
1145.75 430137
1147.14 430133
1147.28 430132
1147.28 430131
1147.32 430130
1148.23 430129
1148.3 430127
1148.38 430125
1148.42 430124
1148.74 430122
1148.78 430119
1148.78 430118
1149.24 430117
1149.38 430114
1149.45 430113
1149.54 430112
1149.69 430111
1149.69 430110
1152.01 430109
1152.05 430104
1152.12 430103
1152.13 430100
1152.22 430097
1152.3 430095
1152.36 430094
1152.4 430091
1152.43 430090
1153.75 430089
1153.83 430086
1153.96 430084
1154.04 430083
1154.06 430082
1154.09 430078
1154.11 430077
1163.02 430076
1165.19 430075
1167.55 430074
1167.58 430072
1167.61 430070
1167.67 430069
1167.86 430068
1168.19 430066
1168.4 430064
1168.53 430063
1168.65 430059
1169.12 430058
1169.82 430057
1170.12 430056
1170.2 430051
1172.42 430049
1172.82 430048
1172.85 430045
1172.88 430044
1173.02 430043
1173.07 430039
1175.92 430037
1176.46 430036
1176.47 430034
1176.47 430033
1176.5 430032
1176.77 430031
1176.88 430030
1176.93 430029
1177.08 430027
1180.68 430023
1180.72 430022
1205.97 430020
1206.05 430018
1206.29 430016
1206.33 430015
1207.43 430014
1207.49 430012
1207.67 430011
1207.71 430010
1207.71 430009
1208.03 430008
1208.06 430007
1208.09 430005
1212.68 430003
1212.83 430002
1214.71 430001
1214.82 429999
1215.05 429998
1215.11 429997
1215.8 429996
1215.83 429993
1216.6 429988
1216.61 429987
1216.72 429986
1216.87 429985
1217.93 429977
1217.96 429974
1218.04 429972
1218.18 429969
1218.28 429967
1218.34 429966
1218.44 429962
1218.56 429961
1218.57 429959
1218.68 429957
1218.83 429955
1218.89 429953
1218.96 429950
1219.06 429949
1219.68 429947
1219.76 429946
1220.27 429945
1220.45 429942
1222.06 429941
1222.31 429938
1222.77 429937
1223.49 429936
1223.51 429935
1223.51 429934
1224.39 429933
1224.41 429932
1224.98 429931
1225.05 429928
1225.06 429925
1225.17 429924
1227.07 429923
1227.65 429921
1231.29 429917
1231.68 429915
1234.49 429914
1234.82 429913
1235.97 429912
1236.02 429911
1236.13 429910
1236.27 429907
1236.53 429905
1236.56 429901
1236.59 429900
1236.61 429899
1236.63 429898
1237.9 429897
1237.92 429896
1237.93 429895
1237.98 429893
1238.17 429892
1238.18 429891
1238.25 429886
1238.33 429885
1238.74 429884
1238.8 429883
1238.81 429881
1241.22 429879
1241.32 429878
1241.59 429877
1241.6 429876
1241.72 429875
1242.49 429873
1242.61 429872
1242.66 429871
1242.75 429870
1245.3 429869
1248.11 429868
1248.44 429867
1249.17 429866
1249.2 429865
1249.47 429864
1250.21 429861
1250.26 429858
1250.28 429857
1251.44 429856
1251.5 429855
1251.54 429854
1251.57 429853
1251.69 429852
1251.83 429851
1252 429849
1252.02 429847
1252.03 429845
1252.49 429843
1252.92 429842
1253.56 429841
1253.61 429838
1253.84 429837
1253.97 429836
1254.42 429835
1254.66 429834
1254.67 429832
1255.1 429831
1255.21 429830
1256.09 429829
1256.52 429827
1256.53 429826
1256.65 429825
1256.65 429823
1256.71 429822
1256.75 429821
1257.37 429819
1257.41 429818
1258.23 429817
1259.52 429816
1259.54 429813
1259.65 429811
1260.31 429810
1261.71 429806
1261.97 429805
1261.98 429803
1262.06 429802
1262.09 429801
1262.43 429800
1262.66 429798
1262.67 429797
1262.68 429796
1262.73 429794
1262.77 429793
1263.9 429792
1263.99 429791
1264.01 429790
1264.4 429789
1264.45 429788
1269.65 429787
1269.68 429783
1271.33 429781
1271.46 429780
1271.65 429779
1271.73 429777
1271.75 429776
1271.87 429773
1272.04 429771
1272.1 429770
1272.16 429769
1273.1 429768
1273.15 429767
1273.37 429766
1273.41 429765
1274.03 429763
1274.1 429762
1274.15 429761
1274.58 429760
1274.77 429758
1274.82 429755
1274.86 429754
1275.02 429753
1275.57 429752
1276.83 429751
1276.85 429750
1276.97 429749
1277.03 429748
1277.69 429746
1278.4 429745
1278.54 429744
1302.46 429743
1302.55 429740
1302.86 429739
1302.95 429736
1303.06 429735
1303.09 429733
1304.35 429729
1304.4 429727
1304.44 429726
1305.52 429725
1306.46 429724
1306.61 429723
1308.21 429719
1308.5 429716
1308.55 429715
1308.81 429714
1309.05 429713
1309.11 429712
1309.92 429710
1309.93 429709
1319.8 429707
1320.2 429706
1320.28 429705
1320.38 429703
1320.52 429702
1320.59 429699
1320.84 429698
1320.91 429697
1320.97 429696
1321.51 429695
1322.46 429693
1322.67 429690
1324.63 429688
1324.8 429687
1325.47 429686
1325.6 429685
1325.94 429683
1326.4 429682
1326.62 429680
1330.42 429679
1330.7 429678
1349.24 429677
1349.6 429676
1349.72 429675
1349.73 429674
1350.14 429673
1350.81 429671
1350.9 429670
1352.87 429668
1352.91 429667
1355.03 429664
1356.22 429663
1357.4 429662
1357.91 429661
1357.98 429660
1358.56 429659
1359.23 429656
1359.24 429651
1359.27 429649
1359.48 429648
1359.49 429645
1359.53 429644
1366.8 429643
1366.97 429642
1367.25 429641
1368.46 429640
1378.24 429639
1378.47 429636
1378.89 429634
1378.89 429632
1378.91 429631
1379.84 429630
1379.93 429629
1380.88 429628
1386.92 429626
1387.24 429625
1388.45 429624
1388.75 429623
1388.79 429622
1388.9 429620
1389.95 429619
1390.19 429617
1390.29 429616
1390.81 429615
1391.16 429614
1391.25 429613
1391.51 429612
1391.56 429611
1391.78 429610
1391.81 429604
1392.07 429603
1392.19 429601
1402.64 429600
1403.89 429599
1403.89 429598
1406.3 429597
1406.66 429596
1407.27 429594
1407.46 429593
1407.57 429592
1407.62 429591
1407.62 429589
1407.96 429588
1408 429587
1409.26 429586
1413.72 429585
1414.67 429584
1414.76 429583
1414.96 429582
1421.62 429580
1421.75 429579
1422.54 429578
1422.56 429576
1422.57 429575
1422.74 429574
1422.82 429573
1422.84 429571
1423.33 429570
1423.9 429569
1424.23 429568
1425.04 429567
1425.11 429566
1426.93 429565
1427 429564
1429.31 429563
1429.56 429562
1430.56 429561
1430.89 429560
1430.9 429559
1431.59 429558
1431.65 429557
1431.67 429555
1431.9 429554
1432.21 429553
1432.22 429552
1440.15 429550
1441.06 429549
1444.73 429548
1445.91 429547
1445.97 429546
1446.91 429545
1447.14 429544
1447.56 429543
1447.58 429542
1448 429540
1448.1 429539
1449.07 429538
1449.23 429537
1451.05 429536
1451.36 429535
1452.05 429533
1452.64 429532
1452.69 429531
1452.96 429530
1454.12 429529
1454.14 429528
1454.7 429527
1456.39 429526
1456.5 429525
1456.73 429524
1456.74 429523
1456.8 429522
1456.93 429521
1459.13 429519
1460.42 429518
1460.96 429517
