3.604 445481
3.606 445475
3.608 445468
3.611 445376
3.613 445371
3.615 445369
3.617 445358
3.619 445349
3.621 445296
3.624 445275
3.626 445274
3.629 445266
3.631 445263
3.633 445262
3.637 445255
3.64 445253
3.642 445240
3.644 445203
3.645 445199
3.647 445174
3.649 445172
3.651 445156
3.653 445153
3.655 445150
3.657 445145
3.661 445135
3.663 445129
3.665 445115
3.667 445088
3.669 445015
3.67 445013
3.672 445011
3.677 444990
3.679 444983
3.681 444980
3.682 444978
3.684 444906
3.693 444870
3.695 444857
3.7 444850
3.701 444846
3.703 444835
3.705 444809
3.71 444794
3.711 444787
3.713 444769
3.715 444762
3.717 444750
3.719 444655
3.721 444649
3.724 444645
3.727 444643
3.731 444624
3.733 444570
3.736 444566
3.737 444565
3.739 444557
3.743 444522
3.746 444514
3.748 444512
3.753 444496
3.756 444494
3.757 444493
3.759 444476
3.761 444466
3.763 444434
3.764 444431
3.774 444420
3.775 444412
3.777 444407
3.778 444404
3.78 444402
3.787 444382
3.788 444375
3.791 444338
3.794 444337
3.798 444194
3.8 444181
3.804 444176
3.818 444165
3.831 444154
3.833 444150
3.835 444147
3.838 444138
3.84 444127
3.843 444111
3.847 444095
3.85 444093
3.852 444092
3.855 444049
3.856 443978
3.858 443976
3.863 443966
3.865 443958
3.868 443948
3.87 443943
3.871 443927
3.874 443922
3.877 443906
3.878 443905
3.881 443888
3.883 443861
3.884 443859
3.888 443857
3.89 443848
3.891 443828
3.895 443815
3.898 443804
3.899 443665
3.908 443653
3.912 443650
3.918 443649
3.92 443605
3.938 443602
3.941 443600
3.946 443593
3.947 443567
3.978 443564
3.98 443544
3.982 443523
3.983 443521
3.986 443515
3.991 443507
3.998 443495
4 443487
4.002 443485
4.004 443483
4.007 443469
4.009 443430
4.013 443425
4.017 443421
4.019 443420
4.02 443419
4.031 443384
4.035 443381
4.038 443367
4.041 443353
4.042 443352
4.045 443350
4.065 443347
4.066 443340
4.072 443338
4.073 443303
4.076 443299
4.121 443282
4.122 443259
4.126 443238
4.13 443229
4.133 443227
4.135 443223
4.137 443215
4.147 443212
4.149 443210
4.171 443190
4.173 443183
4.195 443180
4.258 443162
4.263 443161
4.286 443156
4.287 443151
4.289 443143
4.291 443142
4.293 443135
4.298 443133
4.302 443132
4.303 443131
4.312 443128
4.313 443124
4.316 443120
4.317 443117
4.332 443103
4.335 443096
4.338 443087
4.34 443085
4.341 443038
4.372 443037
4.373 443033
4.375 443015
4.377 443005
4.402 442996
4.404 442995
4.406 442992
4.407 442989
4.411 442983
4.412 442981
4.414 442976
4.415 442973
4.416 442969
4.423 442967
4.427 442962
4.429 442950
4.435 442927
4.436 442921
4.438 442906
4.44 442895
4.456 442891
4.458 442888
4.459 442887
4.465 442885
4.466 442882
4.474 442881
4.829 442876
4.83 442874
4.844 442864
4.941 442843
4.943 442840
4.945 442743
4.948 442721
4.954 442716
4.957 442713
4.961 442679
239.89 442606
239.895 442599
239.896 442593
239.9 442564
239.902 442554
239.906 442546
239.908 442541
239.91 442538
239.917 442529
239.921 442526
239.927 442501
239.935 442488
239.938 442479
239.942 442444
239.944 442434
239.951 442429
239.955 442418
239.958 442397
239.965 442395
239.983 442392
239.986 442386
242.384 442376
242.41 442371
242.805 442349
242.811 442336
243.1 442317
243.103 442303
243.107 442302
243.113 442291
243.201 442279
243.205 442243
243.211 442241
243.214 442240
243.216 442234
243.391 442201
243.393 442196
243.398 442194
256.68 442190
256.687 442186
256.699 442178
256.706 442150
256.715 442147
256.898 442134
256.908 442108
256.91 442103
256.914 442086
256.917 442059
256.919 442028
256.922 442019
256.924 442005
257.062 441976
257.064 441975
257.066 441973
257.081 441968
257.084 441967
257.11 441966
257.116 441962
257.121 441934
257.122 441933
257.129 441931
257.132 441930
257.136 441903
257.14 441828
257.144 441821
257.15 441816
257.155 441801
257.158 441795
257.165 441794
257.19 441778
257.192 441773
257.193 441768
257.196 441763
257.202 441727
257.209 441717
257.215 441670
257.217 441634
257.222 441616
257.229 441612
257.231 441608
257.233 441606
257.235 441601
257.237 441599
257.244 441576
257.248 441570
257.253 441569
257.255 441566
257.257 441565
257.264 441556
257.269 441555
257.27 441546
257.294 441528
257.301 441508
257.401 441505
257.41 441434
257.412 441431
257.414 441429
257.419 441413
257.427 441411
257.428 441408
257.432 441407
257.438 441404
257.44 441383
257.442 441378
257.445 441362
286.171 441360
286.173 441353
286.201 441344
286.203 441333
286.215 441332
286.235 441326
286.319 441321
286.34 441319
286.343 441318
286.346 441295
286.351 441272
286.367 441270
286.407 441249
286.409 441237
286.416 441213
286.419 441211
286.424 441206
286.469 441196
286.474 441181
286.612 441178
286.626 441175
286.627 441165
286.63 441149
286.633 441146
286.636 441136
286.64 441130
286.666 441123
286.671 441097
286.711 441085
293.647 441076
293.65 441074
293.654 441073
293.657 441054
293.66 441040
293.664 441035
294.152 441032
294.16 441015
294.163 441010
294.304 440987
294.31 440958
294.325 440948
294.328 440940
294.334 440926
294.336 440924
294.348 440909
294.35 440905
294.355 440904
294.383 440903
294.393 440901
294.395 440891
294.4 440888
294.402 440866
294.405 440865
294.416 440843
294.429 440840
294.433 440835
294.435 440834
294.441 440830
294.443 440821
294.448 440811
294.451 440804
309.883 440792
312.499 440786
312.617 440776
312.632 440768
312.636 440754
312.644 440735
312.651 440728
312.659 440721
312.697 440714
312.766 440712
312.773 440701
312.774 440690
312.785 440668
312.823 440654
312.827 440647
312.927 440642
329.81 440637
330.015 440634
330.024 440631
330.03 440630
330.054 440626
330.087 440623
330.092 440621
330.115 440615
330.12 440606
330.13 440584
330.139 440582
330.145 440570
330.177 440526
330.183 440519
330.189 440499
330.191 440496
330.198 440492
330.284 440491
331.434 440479
331.441 440476
331.448 440472
331.45 440456
331.452 440431
331.454 440424
331.466 440421
331.472 440414
331.495 440412
331.559 440399
331.565 440390
331.577 440381
331.579 440379
331.581 440362
331.583 440330
331.586 440322
331.588 440294
331.59 440291
331.593 440290
331.616 440289
331.62 440281
331.622 440276
331.628 440273
331.651 440261
331.655 440256
331.657 440247
331.661 440245
331.662 440228
331.671 440226
331.675 440215
331.68 440203
331.681 440193
331.683 440186
331.725 440179
331.728 440155
331.734 440154
331.736 440149
331.802 440135
331.804 440129
331.807 440128
331.811 440075
331.816 440065
331.818 440060
331.832 440047
348.836 440044
348.856 440039
348.861 440038
348.863 440030
348.883 440019
348.89 440013
348.893 440010
348.898 440003
348.901 440002
348.909 440000
348.911 439992
348.913 439983
348.915 439979
348.918 439964
348.922 439963
348.932 439961
348.934 439954
348.94 439948
348.945 439940
348.96 439937
348.963 439931
348.984 439921
349.016 439914
353.029 439910
353.031 439896
353.035 439893
353.043 439873
353.046 439869
353.057 439852
353.351 439851
353.355 439850
353.358 439841
353.369 439840
353.393 439822
353.398 439820
353.407 439802
353.409 439798
354.813 439789
354.846 439783
354.849 439773
354.851 439753
354.854 439744
354.857 439727
354.86 439717
354.865 439709
354.87 439699
354.883 439690
354.941 439680
354.949 439678
354.962 439664
354.964 439662
354.975 439661
354.977 439657
354.98 439654
354.99 439652
355.001 439650
355.009 439641
355.011 439609
355.016 439607
355.022 439593
355.028 439581
355.03 439569
355.034 439558
355.04 439554
355.058 439549
355.06 439544
355.079 439541
355.081 439535
355.102 439533
355.104 439532
355.106 439530
355.11 439529
358.056 439520
358.087 439503
358.089 439487
358.091 439473
358.098 439470
358.114 439462
358.455 439453
358.457 439436
358.464 439392
358.488 439390
358.489 439379
358.492 439377
358.493 439376
358.496 439361
358.497 439352
358.507 439350
358.997 439340
373.633 439338
373.636 439337
373.641 439335
373.647 439331
373.649 439328
373.65 439327
373.652 439313
373.662 439305
373.691 439304
373.703 439302
373.721 439294
383.996 439272
384.006 439270
384.01 439267
384.02 439263
384.025 439261
384.033 439249
384.035 439241
384.042 439236
384.05 439230
384.052 439224
384.061 439200
384.109 439192
384.112 439191
384.12 439189
384.122 439170
384.123 439164
384.178 439159
384.364 439141
384.366 439135
384.397 439126
384.476 439120
384.477 439117
384.485 439115
384.487 439113
384.538 439107
384.561 439106
384.566 439103
384.576 439095
384.581 439094
384.593 439088
384.596 439086
384.669 439083
384.673 439081
384.692 439079
384.696 439078
384.731 439063
384.735 439021
384.745 439017
384.754 439008
384.76 439006
385.046 439002
385.047 438995
385.054 438978
385.057 438977
385.059 438958
385.321 438956
385.323 438945
385.325 438943
385.331 438941
385.336 438936
385.39 438932
385.41 438930
385.413 438929
385.415 438926
385.416 438914
385.42 438913
389.637 438904
389.639 438876
403.568 438867
403.58 438865
403.582 438853
403.593 438841
403.597 438831
403.603 438828
403.619 438827
403.651 438821
413.173 438818
414.263 438813
414.347 438807
414.372 438793
414.386 438789
414.391 438773
414.394 438748
414.397 438742
414.399 438739
414.402 438734
414.407 438729
414.582 438719
414.584 438715
414.586 438714
414.591 438700
414.592 438683
414.594 438677
414.599 438673
414.606 438672
414.625 438670
414.637 438657
414.64 438649
414.642 438642
414.649 438632
414.671 438620
414.674 438617
414.686 438601
414.69 438583
414.701 438579
414.719 438575
414.727 438561
414.765 438530
414.77 438527
430.069 438515
430.071 438508
430.115 438507
430.117 438505
430.119 438503
430.123 438473
430.137 438448
430.139 438444
438.711 438440
439.076 438438
439.115 438437
439.117 438435
439.124 438429
439.126 438424
439.128 438421
439.134 438412
439.157 438405
439.17 438397
439.172 438387
439.178 438380
439.181 438364
439.188 438362
439.191 438356
439.202 438354
439.233 438340
439.235 438339
439.237 438334
439.243 438332
439.246 438326
441.024 438319
441.03 438313
441.034 438312
441.036 438303
441.042 438298
441.057 438283
441.07 438274
441.072 438271
441.083 438269
441.091 438261
441.1 438255
441.111 438245
441.116 438236
441.121 438231
441.126 438224
441.127 438220
441.129 438218
441.131 438207
441.136 438193
441.142 438191
441.147 438173
441.152 438159
441.193 438157
441.195 438153
441.196 438151
441.199 438144
442.035 438137
442.047 438135
442.052 438128
442.06 438122
442.062 438121
442.073 438105
442.093 438086
442.097 438074
442.104 438071
442.109 438057
459.71 438047
459.712 438042
459.728 438039
459.731 438034
459.734 438026
459.755 438023
459.757 438022
460.032 438019
460.038 438009
460.04 438001
460.046 438000
460.06 437989
460.099 437985
460.106 437978
460.51 437973
460.558 437968
462.987 437964
463.024 437958
464.985 437951
464.989 437947
464.997 437934
465.031 437925
465.04 437919
465.042 437905
465.044 437901
465.058 437897
465.06 437881
465.068 437876
465.075 437875
465.084 437867
465.103 437866
465.112 437860
465.14 437848
465.148 437845
465.15 437841
465.155 437835
466.909 437826
467.061 437789
467.062 437788
467.066 437787
469.275 437781
469.295 437774
469.306 437767
469.308 437766
469.338 437755
469.343 437753
469.345 437751
469.347 437743
469.355 437735
469.361 437734
469.364 437719
469.376 437716
469.385 437705
469.393 437697
469.403 437694
469.405 437689
469.406 437688
469.705 437683
469.707 437662
469.709 437654
470.261 437647
470.347 437646
471.081 437628
471.134 437625
471.146 437622
471.148 437621
471.152 437614
471.175 437612
471.177 437611
471.179 437608
471.188 437595
471.225 437592
471.228 437582
471.261 437577
471.311 437570
471.316 437535
471.352 437533
471.355 437532
471.36 437530
471.366 437511
471.369 437497
471.371 437491
471.374 437488
471.377 437483
471.38 437476
471.933 437466
471.942 437458
471.951 437445
472.019 437443
472.026 437437
472.301 437436
472.306 437422
472.311 437418
472.315 437409
472.323 437402
472.325 437381
472.371 437378
472.818 437371
472.861 437369
472.873 437361
472.878 437356
472.88 437347
472.92 437345
472.923 437344
472.932 437341
473.059 437340
473.079 437328
473.088 437326
473.09 437320
473.116 437319
473.118 437312
473.12 437309
473.126 437306
473.193 437304
473.196 437299
473.198 437294
473.205 437285
473.406 437280
473.409 437275
473.419 437268
473.983 437260
473.984 437242
473.997 437237
474.01 437236
474.112 437235
474.116 437231
488.5 437228
488.514 437223
488.761 437219
492.621 437217
510.953 437213
510.955 437195
512.207 437180
512.273 437169
512.275 437167
512.279 437160
512.295 437148
512.301 437142
512.308 437138
512.31 437132
512.313 437128
512.32 437123
512.335 437122
512.337 437115
512.339 437110
512.354 437107
514.242 437091
514.245 437079
514.252 437066
514.259 437065
514.262 437061
514.28 437045
514.287 437041
514.29 437033
514.302 437027
514.376 437017
514.378 437016
514.381 437001
514.388 436996
514.391 436989
514.452 436986
514.457 436984
514.46 436981
515.249 436974
516.994 436967
516.997 436957
517.003 436955
517.007 436952
517.013 436947
517.024 436945
517.028 436937
517.092 436926
517.106 436919
517.109 436907
517.122 436906
517.14 436903
517.142 436893
517.147 436868
517.155 436856
517.17 436854
517.176 436851
517.201 436847
517.203 436846
517.233 436845
517.236 436841
517.245 436835
517.374 436827
517.376 436826
517.379 436817
517.381 436811
517.383 436805
517.387 436804
517.474 436796
517.477 436792
517.484 436790
517.487 436787
517.498 436783
517.513 436768
517.524 436761
517.526 436759
517.528 436756
517.539 436750
517.541 436746
517.559 436738
517.586 436725
517.591 436716
517.593 436714
517.596 436697
517.6 436695
517.611 436690
517.637 436688
517.643 436683
517.647 436674
517.651 436673
517.659 436659
529.549 436652
529.55 436644
529.554 436641
529.576 436638
529.609 436630
529.613 436627
530.274 436625
530.282 436609
530.298 436603
530.306 436602
530.317 436600
530.433 436599
530.435 436593
530.442 436584
530.449 436579
530.503 436577
530.511 436575
530.515 436562
530.518 436557
530.527 436535
530.533 436524
530.607 436519
530.922 436518
532.046 436506
532.05 436498
532.063 436481
532.065 436480
532.074 436479
540.47 436477
540.474 436473
540.479 436472
540.521 436471
540.536 436464
540.538 436463
540.556 436456
540.558 436448
540.563 436445
540.571 436443
540.574 436415
540.582 436413
540.584 436406
540.586 436404
540.594 436402
540.6 436397
540.601 436396
540.608 436395
540.615 436382
540.625 436376
540.629 436369
540.643 436358
540.734 436352
540.764 436338
540.768 436335
541.32 436316
541.342 436293
541.359 436283
541.37 436256
541.374 436238
541.377 436229
541.4 436222
541.422 436208
541.433 436206
541.439 436199
541.441 436196
558.62 436190
558.673 436186
558.688 436177
558.694 436168
558.796 436163
558.801 436148
558.807 436142
558.822 436140
558.824 436134
558.833 436132
558.836 436124
558.885 436117
558.897 436116
558.903 436114
558.906 436103
558.913 436087
558.933 436081
558.942 436079
559.032 436075
559.036 436072
559.039 436060
559.041 436055
559.051 436042
560.072 436029
560.079 436027
560.083 436026
561.277 436023
561.319 436020
561.321 436011
561.744 436007
561.749 436000
561.755 435996
561.758 435984
561.763 435982
561.81 435981
561.816 435975
561.83 435973
561.834 435970
561.841 435964
567.133 435938
567.135 435913
567.193 435900
567.488 435884
567.499 435874
567.537 435866
567.541 435857
567.546 435839
567.549 435838
567.629 435836
567.641 435827
567.644 435819
567.652 435815
568.056 435807
568.059 435806
568.065 435798
569.237 435792
569.252 435789
579.902 435787
580.051 435774
580.076 435765
580.08 435761
580.082 435760
580.215 435742
580.665 435739
580.667 435733
580.669 435727
580.774 435709
580.777 435695
580.792 435675
580.793 435673
580.799 435670
580.801 435667
580.881 435655
580.934 435654
580.952 435652
580.953 435643
580.973 435640
580.974 435631
580.979 435613
580.989 435611
580.991 435610
580.997 435601
581.01 435600
581.108 435596
581.112 435580
581.115 435579
581.118 435578
581.737 435575
581.792 435572
581.841 435569
581.875 435563
581.883 435562
582.314 435561
582.318 435559
582.753 435554
582.755 435553
582.986 435548
583.024 435546
583.027 435543
583.037 435542
583.058 435541
583.061 435520
583.064 435517
583.066 435507
583.086 435506
583.231 435500
583.385 435484
583.396 435479
583.569 435476
587.809 435436
587.811 435434
587.994 435428
588.368 435424
588.369 435420
588.39 435411
588.432 435394
588.446 435392
588.454 435391
588.459 435387
588.469 435384
588.475 435381
588.486 435376
588.495 435373
588.547 435367
589.795 435364
589.874 435361
589.908 435360
589.923 435356
589.926 435351
589.933 435346
589.981 435339
589.984 435336
590.086 435315
590.131 435313
590.136 435307
590.139 435306
590.141 435295
590.154 435291
593.409 435253
593.828 435251
593.831 435244
593.836 435243
593.845 435238
593.923 435216
593.93 435213
593.933 435195
593.939 435191
593.952 435183
593.954 435182
593.964 435172
593.975 435164
595.526 435156
595.531 435151
595.535 435150
595.537 435148
595.597 435147
595.646 435144
595.652 435139
595.86 435134
595.863 435133
595.867 435124
595.902 435117
595.929 435087
595.931 435082
595.933 435074
595.944 435072
595.946 435067
595.955 435063
595.962 435062
595.97 435047
595.997 435041
595.998 435031
596.001 435025
596.008 435022
596.01 435007
596.187 434993
596.209 434990
596.216 434973
598.256 434971
598.258 434969
598.26 434968
598.403 434966
608.409 434964
608.474 434952
608.522 434951
608.531 434947
608.561 434937
608.567 434935
608.575 434933
608.577 434930
608.598 434917
608.601 434915
608.638 434904
608.647 434901
610.513 434900
610.521 434891
610.534 434887
610.587 434883
610.595 434875
610.599 434873
610.612 434869
610.613 434863
610.621 434862
610.642 434859
628.288 434842
628.29 434836
628.427 434834
628.43 434827
628.461 434824
628.504 434819
628.506 434817
628.509 434816
628.511 434814
628.514 434813
628.532 434810
628.546 434809
628.56 434804
629.334 434803
632.225 434780
632.231 434758
632.237 434757
632.622 434751
632.639 434750
632.642 434744
632.647 434742
632.652 434738
632.662 434731
632.675 434726
632.679 434719
633.972 434714
633.977 434696
633.981 434693
633.985 434673
634.067 434668
634.068 434667
634.078 434665
634.081 434663
637.941 434653
637.947 434652
637.951 434648
637.954 434646
637.963 434643
637.969 434638
638.351 434619
638.363 434618
638.378 434603
638.384 434599
638.396 434591
638.436 434578
638.449 434575
638.483 434569
638.516 434561
638.525 434553
638.527 434546
638.529 434545
638.537 434543
638.546 434541
638.554 434535
638.567 434533
638.569 434526
638.578 434521
638.585 434520
638.59 434512
638.591 434501
638.617 434486
638.914 434484
638.923 434483
638.926 434481
639.006 434468
639.014 434464
639.024 434463
639.026 434434
639.151 434417
639.153 434416
639.195 434410
639.204 434408
639.239 434390
639.244 434387
639.727 434383
639.731 434380
639.734 434360
639.735 434357
639.754 434347
639.757 434341
639.788 434330
639.789 434328
639.803 434327
639.811 434322
639.814 434318
639.87 434317
639.916 434316
639.923 434312
639.933 434304
641.87 434303
641.875 434295
643.355 434294
643.438 434292
643.458 434287
644.004 434283
644.009 434280
644.013 434278
654.715 434268
654.724 434267
654.74 434265
654.746 434260
656.092 434258
656.097 434229
656.173 434227
656.177 434221
656.185 434220
656.187 434218
656.312 434217
656.314 434212
656.335 434206
656.346 434201
656.349 434199
656.356 434195
656.358 434194
656.403 434191
656.408 434181
656.508 434176
656.552 434165
656.586 434159
656.597 434158
656.622 434155
656.638 434152
656.661 434146
656.663 434141
656.67 434139
656.672 434138
656.7 434135
656.728 434127
656.737 434111
656.751 434105
656.755 434098
656.761 434086
657.688 434076
657.692 434071
657.695 434056
657.7 434053
657.702 434052
657.71 434047
657.721 434046
657.724 434045
657.837 434044
657.861 434042
657.872 434040
657.873 434024
657.888 434023
658.284 434022
658.292 434019
658.651 434010
659.904 434008
660.056 434001
660.727 433999
660.743 433998
660.751 433994
660.775 433985
660.779 433975
660.788 433973
660.867 433972
662.914 433967
664.043 433961
664.046 433960
664.06 433957
664.129 433952
664.387 433946
664.395 433939
664.431 433936
664.439 433935
664.441 433930
664.495 433929
664.512 433926
664.519 433925
664.521 433924
664.665 433923
664.677 433903
664.681 433893
664.687 433880
664.69 433873
664.692 433869
664.696 433867
664.699 433865
673.323 433862
673.325 433861
673.347 433851
673.361 433849
673.968 433846
673.988 433844
673.991 433843
674.002 433842
674.015 433833
674.017 433821
674.02 433810
681.999 433809
682.005 433807
682.008 433804
682.015 433802
682.019 433801
682.02 433790
682.104 433786
682.106 433785
682.109 433782
682.629 433776
685.24 433774
685.291 433773
698.055 433769
698.721 433763
698.73 433758
698.735 433744
698.747 433728
698.766 433725
698.769 433720
698.774 433714
698.776 433706
698.783 433704
698.792 433703
698.795 433701
698.8 433696
698.862 433692
698.915 433690
698.944 433689
699.217 433678
699.223 433673
699.23 433668
699.236 433656
699.238 433652
699.259 433649
699.286 433645
699.304 433642
699.315 433637
699.32 433636
699.325 433630
699.345 433622
699.346 433621
699.354 433618
699.408 433613
699.419 433608
699.424 433604
699.429 433596
705.45 433586
705.477 433585
705.495 433576
705.521 433572
705.524 433555
705.526 433554
705.528 433551
705.539 433550
705.558 433542
705.636 433537
705.71 433525
705.758 433510
705.765 433508
706.066 433506
706.086 433504
706.095 433503
706.097 433495
706.429 433490
706.452 433486
706.499 433485
706.564 433476
706.616 433469
706.967 433468
707.017 433466
707.028 433462
707.087 433441
707.095 433439
707.103 433437
707.697 433435
707.699 433423
707.705 433421
707.712 433409
707.746 433404
707.833 433401
710.176 433400
710.192 433396
710.196 433391
710.226 433389
710.229 433388
710.255 433387
710.664 433384
710.677 433377
710.684 433353
710.688 433344
710.692 433338
710.698 433335
710.71 433334
710.767 433324
710.77 433322
710.773 433313
711.958 433306
711.968 433304
711.985 433298
711.991 433297
712.021 433296
712.024 433295
712.106 433293
712.108 433287
712.111 433281
712.112 433266
712.161 433261
712.478 433252
719.969 433249
722.814 433248
722.893 433239
722.995 433228
723.001 433221
723.009 433219
723.016 433218
723.018 433217
723.029 433216
723.078 433208
723.082 433207
723.144 433206
723.158 433205
723.16 433204
723.167 433196
723.178 433194
723.179 433189
723.462 433186
723.464 433174
723.469 433171
723.471 433165
723.498 433158
723.502 433150
723.621 433146
723.638 433141
723.748 433140
723.779 433139
723.794 433134
724.022 433127
724.035 433120
724.076 433115
724.079 433109
724.598 433102
724.628 433101
724.637 433094
724.642 433091
724.646 433088
724.681 433086
724.788 433079
724.814 433077
724.826 433076
724.83 433069
724.861 433061
724.897 433055
726.201 433054
726.219 433052
726.307 433047
726.332 433045
726.334 433044
726.34 433038
726.347 433036
726.371 433029
726.393 433028
726.521 433026
726.523 433025
726.525 433020
726.541 433019
727.382 433017
727.397 433016
727.437 433012
727.548 433009
727.573 433004
727.596 433001
727.624 432998
727.628 432985
727.635 432980
727.658 432978
727.672 432977
727.683 432976
727.697 432975
727.711 432972
727.861 432970
728.183 432959
728.67 432957
728.672 432949
728.697 432943
728.704 432941
728.719 432940
730.599 432939
730.699 432936
730.725 432933
730.729 432931
730.731 432928
730.745 432927
730.75 432925
733.829 432924
733.837 432920
735.399 432919
735.604 432916
735.612 432905
735.623 432903
735.659 432902
735.661 432899
735.695 432895
735.707 432894
735.719 432893
735.762 432891
748.109 432890
748.128 432889
748.133 432884
748.138 432881
748.173 432878
748.192 432869
748.381 432861
748.394 432858
748.45 432853
748.583 432851
748.585 432850
748.591 432846
748.939 432844
748.946 432836
748.973 432833
748.979 432828
748.989 432825
749.001 432818
749.028 432813
749.031 432808
749.049 432807
749.062 432805
752.748 432804
752.771 432802
752.799 432796
752.847 432789
752.859 432781
752.878 432777
752.88 432773
752.888 432768
752.947 432767
753.269 432765
753.273 432761
753.299 432758
753.328 432751
753.332 432745
753.341 432744
753.346 432743
753.352 432736
753.354 432732
753.357 432730
753.446 432723
753.454 432721
771.425 432711
771.508 432697
771.509 432692
771.522 432690
771.537 432689
771.552 432687
771.556 432685
771.573 432683
771.609 432673
771.642 432662
771.643 432661
771.689 432653
771.748 432646
771.765 432638
771.838 432637
771.841 432635
771.85 432630
772.592 432629
772.609 432622
772.611 432618
772.627 432616
772.633 432614
772.744 432613
777.296 432612
777.303 432605
777.335 432604
777.367 432601
777.715 432600
777.718 432599
777.728 432595
777.741 432593
777.764 432579
777.771 432562
777.779 432552
777.975 432550
777.983 432549
777.988 432542
777.99 432541
777.994 432535
778.02 432529
778.034 432526
778.044 432518
778.068 432516
778.083 432506
778.097 432500
778.139 432495
778.163 432494
778.164 432490
778.168 432479
778.18 432478
778.251 432476
778.259 432472
778.264 432469
778.268 432468
778.337 432467
778.61 432466
778.613 432457
778.625 432456
778.683 432452
778.693 432448
778.697 432447
778.71 432446
778.714 432442
778.717 432440
778.739 432437
778.741 432436
778.775 432434
778.787 432432
778.803 432430
778.826 432429
778.862 432425
797.483 432420
797.498 432419
797.554 432416
797.561 432409
797.566 432403
797.568 432402
797.57 432401
797.572 432390
797.583 432382
802.734 432378
802.76 432377
802.764 432366
803.111 432364
803.271 432362
803.285 432361
803.298 432358
803.361 432357
803.367 432350
803.369 432347
803.382 432346
803.398 432344
803.408 432341
803.441 432340
803.451 432338
803.467 432336
803.472 432328
803.476 432324
803.591 432319
803.6 432309
803.614 432306
803.624 432305
803.656 432301
803.722 432299
803.74 432296
803.832 432287
803.857 432286
803.86 432283
803.89 432277
803.926 432273
803.928 432265
803.951 432263
803.955 432261
803.959 432257
803.976 432254
803.982 432252
803.993 432246
804.047 432243
804.049 432241
804.065 432239
804.089 432237
804.117 432230
804.136 432228
804.167 432225
804.171 432219
804.176 432216
804.186 432213
804.208 432209
804.216 432207
804.293 432204
804.424 432193
804.446 432182
804.458 432181
804.46 432176
806.835 432175
806.839 432167
806.861 432156
806.916 432148
807.384 432144
807.436 432139
807.446 432137
807.482 432133
807.497 432130
807.535 432126
807.553 432120
807.556 432117
807.558 432113
807.662 432108
807.688 432107
807.693 432106
807.699 432102
807.731 432101
807.8 432099
807.819 432094
807.83 432093
808.151 432090
808.16 432086
808.428 432084
808.451 432082
808.65 432081
808.652 432080
808.668 432074
828.652 432067
828.692 432064
828.703 432061
828.718 432058
828.734 432054
828.739 432033
828.749 432032
829.142 432027
829.149 432019
829.152 432015
829.155 432013
836.982 432004
837.005 432000
837.173 431999
837.176 431998
838.062 431996
838.082 431994
838.109 431984
838.126 431983
838.127 431982
838.192 431977
838.199 431976
838.236 431974
838.284 431973
838.293 431965
838.296 431960
838.314 431957
838.317 431955
838.324 431954
838.342 431952
838.38 431951
838.4 431947
838.403 431946
838.448 431945
838.601 431941
838.608 431937
838.953 431932
838.956 431931
838.966 431928
838.986 431918
838.99 431912
839.039 431911
839.12 431910
839.125 431905
839.151 431903
839.568 431900
839.573 431898
839.61 431896
839.675 431888
839.722 431887
839.863 431884
839.869 431883
839.89 431879
845.601 431873
845.603 431865
847.365 431863
847.758 431857
847.815 431854
847.848 431850
847.882 431848
847.948 431838
847.95 431834
847.955 431830
847.962 431828
847.976 431823
848.428 431822
848.767 431820
848.772 431819
848.91 431817
848.914 431815
848.956 431814
848.962 431813
849.068 431811
849.133 431809
849.152 431807
849.159 431802
849.273 431793
849.394 431790
849.423 431788
850.14 431787
850.143 431786
850.186 431765
850.271 431764
850.273 431761
850.304 431758
850.323 431755
850.45 431754
850.46 431753
850.477 431740
850.489 431738
850.531 431732
850.538 431731
850.556 431725
850.566 431721
850.583 431710
850.585 431705
850.588 431703
850.714 431700
850.738 431699
850.759 431696
859.633 431695
859.647 431691
859.821 431690
862.331 431689
862.436 431686
862.449 431684
862.45 431682
862.475 431677
862.48 431665
862.491 431664
862.578 431663
862.592 431662
862.599 431658
862.718 431657
862.745 431654
862.755 431653
862.759 431643
862.842 431640
862.852 431639
862.865 431634
862.876 431633
862.887 431632
862.89 431630
862.902 431628
862.906 431624
866.76 431620
866.925 431619
867.012 431617
867.02 431616
876.985 431613
877.053 431612
879.994 431603
879.998 431600
880.031 431595
880.079 431589
880.096 431587
880.117 431584
882.722 431581
884.161 431577
885.447 431576
885.512 431569
885.525 431557
885.528 431554
885.705 431552
885.724 431551
885.745 431545
886.06 431541
886.149 431537
886.152 431529
886.178 431527
886.18 431526
887.741 431522
887.771 431518
888.574 431516
888.585 431514
888.654 431504
888.714 431502
892.862 431501
892.871 431500
892.873 431499
892.885 431490
893.127 431489
893.148 431487
893.165 431485
893.169 431484
893.178 431477
893.238 431476
893.555 431473
893.659 431471
893.719 431469
893.925 431467
893.931 431462
893.942 431458
894.022 431456
894.026 431455
894.032 431454
894.041 431450
894.044 431445
894.045 431438
894.047 431437
894.164 431436
894.206 431428
894.252 431427
894.256 431422
894.267 431421
894.272 431418
895.558 431417
895.593 431415
895.594 431413
895.596 431410
895.606 431407
895.608 431406
895.739 431401
895.751 431400
895.768 431396
895.788 431391
895.791 431389
895.863 431384
895.896 431383
895.946 431382
895.949 431377
895.955 431373
896.459 431368
897.556 431363
897.593 431360
897.6 431358
897.914 431352
897.918 431350
897.957 431348
898.011 431344
898.043 431342
898.346 431340
898.348 431335
898.349 431330
898.439 431328
898.441 431327
898.466 431325
898.525 431322
901.647 431320
901.656 431308
901.669 431307
901.689 431302
901.755 431300
901.762 431299
901.766 431296
901.785 431294
901.797 431292
901.806 431290
901.873 431289
901.88 431284
901.887 431273
901.892 431272
902.244 431271
902.252 431269
902.254 431263
902.426 431260
908.435 431253
908.456 431249
909.048 431243
909.198 431228
909.209 431227
909.237 431223
909.263 431222
909.269 431220
909.273 431218
909.864 431217
909.876 431216
909.96 431213
909.974 431207
909.983 431204
910.011 431201
910.152 431196
910.16 431195
910.178 431192
910.184 431191
910.871 431189
910.909 431188
910.999 431186
911.01 431178
911.427 431177
911.436 431174
912.368 431170
913.161 431168
913.18 431167
913.184 431165
913.198 431163
913.228 431159
913.259 431158
913.275 431155
913.309 431152
913.328 431150
913.33 431139
913.356 431137
913.361 431133
913.398 431132
913.439 431130
913.613 431128
913.617 431127
913.662 431126
913.708 431125
914.391 431120
914.393 431119
914.475 431118
914.514 431116
914.598 431115
914.643 431108
914.662 431104
914.672 431100
914.683 431091
914.773 431088
914.792 431085
914.807 431082
915.885 431078
915.933 431077
915.974 431069
915.977 431068
915.979 431066
918.226 431065
918.24 431064
918.282 431063
918.299 431061
918.314 431059
918.338 431056
918.347 431054
918.372 431047
918.379 431046
918.49 431040
918.494 431038
918.503 431032
918.534 431031
918.563 431030
918.569 431026
918.591 431023
918.646 431015
918.671 431013
918.679 431012
918.699 431011
918.715 431009
918.739 431008
918.815 431006
918.902 431005
918.944 431003
918.958 431001
918.967 430993
919.112 430992
919.115 430990
919.157 430987
919.159 430986
919.163 430985
919.165 430984
919.17 430983
919.176 430981
919.607 430975
919.657 430973
951.257 430970
951.305 430969
951.51 430965
952.697 430964
953.343 430961
953.353 430956
953.821 430954
953.861 430953
953.864 430952
956.268 430948
958.234 430946
958.357 430945
960.142 430938
960.153 430936
960.521 430935
960.552 430929
960.56 430928
960.615 430925
961.107 430924
961.112 430919
961.134 430917
961.141 430915
961.144 430914
961.145 430913
962.364 430912
962.387 430909
962.42 430908
962.423 430903
962.426 430897
962.468 430895
962.513 430892
962.52 430884
962.647 430882
962.763 430879
962.803 430877
962.828 430874
962.837 430873
962.893 430866
962.895 430863
965.445 430860
965.481 430858
965.72 430857
965.757 430855
965.848 430853
965.855 430852
965.887 430851
965.926 430850
965.928 430845
965.975 430843
966 430842
966.135 430841
966.228 430840
966.232 430837
966.283 430836
966.312 430834
966.425 430831
966.449 430830
966.473 430826
966.483 430825
966.492 430821
966.578 430820
966.603 430814
966.622 430807
966.626 430804
966.642 430801
966.655 430799
974.627 430798
974.926 430797
975.018 430795
976.491 430790
976.495 430782
977.319 430781
977.342 430777
977.887 430776
977.924 430773
977.927 430771
981.948 430761
981.951 430754
981.965 430750
985.276 430747
985.281 430743
985.31 430742
989.631 430741
989.664 430739
989.724 430720
989.754 430715
989.801 430714
989.813 430710
991.269 430709
993.434 430702
993.459 430701
993.461 430699
993.471 430698
1007.9 430694
1007.9 430693
1008.41 430692
1008.41 430689
1008.43 430687
1008.46 430686
1008.47 430685
1008.47 430683
1009.72 430682
1009.74 430681
1009.77 430680
1011.96 430678
1011.96 430672
1012.27 430670
1012.27 430669
1012.33 430668
1012.33 430665
1012.44 430664
1012.47 430663
1012.48 430662
1012.51 430660
1012.59 430659
1012.6 430658
1012.62 430656
1012.63 430655
1012.65 430645
1012.65 430644
1012.67 430638
1012.7 430636
1012.84 430634
1013.46 430633
1014.21 430631
1014.38 430630
1014.39 430629
1014.4 430626
1014.47 430625
1014.48 430623
1014.57 430622
1014.76 430621
1014.76 430619
1014.82 430617
1014.84 430612
1014.87 430611
1015.08 430609
1015.12 430608
1015.38 430605
1015.48 430604
1018.13 430603
1018.17 430602
1018.19 430596
1018.21 430594
1018.22 430593
1018.27 430592
1018.29 430588
1018.43 430585
1018.48 430581
1018.5 430579
1018.53 430577
1018.57 430576
1018.72 430572
1018.74 430571
1020.12 430566
1020.13 430565
1020.17 430564
1020.18 430563
1020.18 430562
1021.17 430560
1021.37 430555
1022.05 430553
1022.12 430549
1022.2 430543
1022.38 430541
1022.41 430539
1022.42 430535
1023.01 430533
1023.03 430528
1023.23 430527
1023.25 430523
1023.26 430522
1023.3 430518
1023.34 430516
1023.4 430514
1025.18 430513
1025.22 430512
1025.22 430511
1025.92 430510
1025.93 430508
1025.94 430507
1026 430504
1026.01 430502
1033.98 430495
1034 430493
1034.36 430492
1034.37 430490
1034.39 430489
1034.41 430488
1034.45 430486
1034.45 430483
1034.51 430482
1034.51 430481
1034.55 430480
1034.57 430478
1034.6 430477
1034.86 430476
1034.91 430475
1034.93 430467
1035.27 430465
1035.3 430464
1035.32 430463
1036.16 430460
1036.41 430459
1036.43 430457
1036.52 430456
1036.54 430453
1036.55 430451
1036.56 430446
1038.23 430445
1038.24 430444
1038.27 430439
1038.32 430438
1038.36 430437
1038.43 430436
1038.5 430433
1039.86 430432
1039.9 430431
1039.93 430429
1040.42 430426
1040.43 430425
1040.68 430423
1040.73 430422
1040.77 430420
1040.82 430417
1043.47 430416
1043.48 430414
1043.48 430409
1043.48 430405
1043.65 430404
1043.7 430401
1043.77 430400
1043.79 430398
1043.92 430395
1043.92 430393
1043.94 430392
1044.03 430389
1044.05 430388
1044.06 430384
1044.12 430381
1044.17 430374
1044.17 430372
1044.25 430371
1044.25 430369
1044.32 430368
1044.57 430366
1044.58 430365
1045.53 430362
1045.54 430361
1045.71 430359
1045.74 430358
1045.78 430356
1045.95 430355
1046.08 430354
1046.09 430353
1046.66 430352
1046.7 430350
1046.79 430349
1046.82 430348
1046.85 430347
1046.87 430346
1046.87 430344
1047.09 430343
1047.1 430339
1047.19 430338
1048.19 430334
1048.23 430333
1048.23 430332
1048.24 430329
1048.25 430328
1054.58 430325
1054.66 430324
1054.92 430322
1054.93 430318
1055.17 430313
1055.17 430312
1055.2 430306
1055.22 430305
1055.24 430304
1055.29 430298
1055.45 430296
1055.52 430293
1055.59 430287
1055.71 430286
1055.71 430283
1055.71 430282
1055.82 430279
1055.83 430277
1056.13 430276
1077.6 430275
1077.66 430272
1077.89 430266
1077.91 430264
1078.08 430263
1078.14 430262
1078.23 430260
1078.24 430258
1078.24 430254
1078.39 430253
1078.43 430252
1079.62 430251
1084.9 430248
1085.05 430245
1085.08 430244
1085.15 430243
1085.19 430242
1090.78 430241
1090.94 430240
1090.95 430238
1090.99 430236
1091.03 430235
1091.3 430233
1091.32 430232
1091.36 430230
1092.29 430226
1092.84 430225
1093.5 430224
1093.54 430221
1093.56 430216
1093.58 430215
1094.09 430213
1095.01 430210
1095.02 430209
1095.86 430205
1095.94 430204
1095.97 430203
1096 430202
1096.03 430201
1096.06 430200
1096.07 430196
1096.16 430194
1096.18 430193
1096.19 430192
1096.5 430191
1096.62 430189
1097.18 430188
1097.19 430178
1097.32 430171
1099.14 430170
1099.16 430169
1099.2 430163
1099.24 430162
1099.35 430161
1099.6 430160
1099.69 430155
1101.96 430154
1102.12 430149
1102.12 430148
1102.14 430147
1102.25 430143
1102.26 430141
1102.29 430140
1102.31 430138
1102.31 430137
1102.51 430132
1103.08 430128
1103.09 430127
1103.29 430126
1103.36 430123
1103.37 430122
1103.39 430120
1103.51 430118
1103.58 430116
1103.68 430115
1103.7 430110
1103.92 430109
1103.97 430107
1104.03 430106
1104.03 430104
1104.22 430102
1104.23 430101
1104.27 430100
1104.62 430099
1104.68 430096
1104.71 430093
1108.23 430092
1108.26 430091
1108.31 430090
1108.32 430089
1108.44 430088
1111.25 430085
1111.26 430083
1111.28 430081
1111.29 430065
1111.31 430064
1111.32 430063
1111.38 430060
1111.58 430058
1111.6 430057
1114.01 430055
1114.04 430052
1114.35 430051
1114.36 430049
1114.39 430048
1114.4 430046
1125.31 430036
1128.9 430030
1129.54 430027
1129.58 430026
1129.62 430025
1129.63 430024
1130.21 430021
1130.45 430020
1130.55 430018
1130.66 430017
1131.02 430016
1131.03 430015
1132.51 430005
1132.52 430004
1132.71 430002
1132.78 429998
1133.25 429997
1133.96 429995
1133.99 429989
1134.12 429988
1134.45 429984
1137.21 429979
1137.29 429978
1137.3 429977
1137.34 429974
1137.49 429973
1137.51 429972
1139.12 429970
1139.19 429968
1139.45 429967
1139.65 429960
1139.67 429959
1139.99 429958
1140.05 429954
1140.1 429951
1140.18 429950
1140.29 429949
1141.62 429947
1142.62 429946
1143.1 429945
1144.22 429938
1144.3 429937
1144.34 429934
1144.35 429933
1144.62 429932
1144.65 429928
1144.83 429926
1145.15 429922
1145.23 429921
1145.25 429919
1145.26 429918
1145.57 429917
1145.58 429916
1145.6 429915
1145.62 429914
1145.73 429913
1145.85 429912
1145.99 429907
1146.01 429906
1146.89 429905
1147.03 429903
1147.13 429901
1147.15 429897
1147.17 429896
1147.3 429894
1147.31 429891
1147.33 429890
1147.58 429889
1147.98 429887
1148.82 429885
1148.86 429883
1149.42 429882
1149.92 429881
1149.97 429880
1150.18 429877
1150.18 429876
1150.21 429875
1150.32 429871
1150.33 429870
1150.4 429868
1151.69 429867
1155.02 429865
1155.02 429862
1155.04 429861
1157.31 429860
1157.57 429858
1157.63 429856
1157.68 429855
1157.71 429854
1157.83 429851
1157.88 429850
1157.9 429849
1157.95 429847
1159.41 429841
1159.45 429840
1159.45 429839
1160.71 429838
1160.81 429835
1160.81 429831
1160.89 429830
1161.11 429827
1161.15 429826
1161.22 429825
1161.31 429824
1161.34 429823
1162.11 429820
1162.17 429818
1162.55 429817
1162.58 429816
1162.62 429814
1162.64 429813
1163 429811
1171.9 429807
1171.95 429806
1172.09 429804
1172.9 429803
1172.95 429802
1173.15 429801
1173.16 429799
1173.25 429798
1174.45 429797
1174.49 429796
1175.01 429795
1175.03 429794
1175.05 429791
1175.27 429790
1175.36 429789
1175.65 429788
1175.73 429786
1175.8 429785
1175.83 429784
1175.88 429783
1176.26 429782
1176.37 429781
1176.93 429780
1176.95 429779
1177 429778
1177.07 429777
1177.12 429774
1177.19 429773
1177.27 429772
1177.51 429771
1177.54 429770
1177.63 429768
1177.77 429766
1177.86 429764
1178.68 429763
1178.69 429762
1198.64 429761
1198.78 429760
1198.93 429757
1198.93 429756
1206.8 429752
1206.99 429751
1207 429750
1207.03 429749
1207.12 429747
1207.41 429743
1207.43 429741
1207.61 429739
1207.65 429738
1211.98 429736
1215.14 429735
1215.25 429734
1215.3 429732
1215.68 429731
1215.74 429730
1215.86 429729
1216.22 429727
1216.32 429726
1216.41 429723
1216.65 429721
1222.34 429717
1222.41 429716
1223.07 429715
1223.18 429712
1223.22 429711
1223.22 429708
1223.24 429707
1223.29 429706
1223.36 429704
1223.53 429703
1223.57 429702
1223.84 429699
1223.89 429698
1223.99 429697
1224.04 429696
1230.42 429695
1230.68 429692
1230.69 429691
1230.69 429689
1233.31 429688
1235.62 429687
1236.19 429686
1236.27 429681
1236.63 429679
1236.64 429678
1236.69 429677
1236.7 429675
1236.77 429674
1236.86 429673
1236.89 429668
1237.05 429667
1237.06 429665
1237.06 429664
1237.21 429660
1237.27 429659
1237.32 429656
1240 429654
1240.19 429653
1240.24 429652
1240.34 429651
1240.39 429650
1241.74 429649
1241.96 429646
1241.99 429645
1242.1 429643
1242.2 429642
1242.82 429641
1242.96 429639
1249.83 429637
1249.91 429636
1256.85 429635
1256.88 429633
1258.06 429631
1258.26 429630
1258.53 429629
1258.68 429627
1258.76 429626
1258.77 429624
1259.35 429623
1259.8 429622
1263.38 429620
1263.69 429618
1263.69 429617
1263.87 429616
1264.17 429615
1264.19 429613
1266.82 429612
1266.96 429610
1267.08 429609
1267.23 429606
1269.61 429604
1270.25 429603
1274.87 429601
1274.89 429600
1274.92 429599
1274.93 429597
1275.1 429595
1275.18 429593
1275.22 429592
1275.48 429590
1275.49 429589
1275.51 429588
1281.53 429587
1286.4 429584
1286.56 429581
1290.44 429580
1290.77 429579
1290.82 429576
1293.78 429575
1294.54 429574
1294.87 429573
1295 429572
1295.04 429570
1295.05 429569
1295.84 429568
1301.74 429564
1301.96 429563
1302.4 429562
1302.51 429561
1302.58 429560
1308.35 429558
1310.09 429557
1311.67 429556
1311.83 429555
1312.2 429552
1314.72 429551
1314.78 429550
1315.14 429548
1315.15 429546
1315.19 429544
1315.97 429543
1316 429542
1316.05 429541
1331.98 429540
1332.85 429539
1333.16 429538
1333.21 429536
1333.23 429531
1333.53 429530
1334.01 429529
1334.05 429527
1334.26 429526
1335.42 429523
1335.43 429522
1337 429521
1337.02 429520
1337.37 429519
1337.97 429518
1337.99 429517
1338.05 429516
1338.14 429514
1338.41 429513
1338.92 429512
1340.06 429507
1343.46 429506
1344.11 429505
1344.23 429503
1344.3 429501
1349.61 429500
1352.42 429499
1352.55 429498
1353.46 429497
1353.98 429496
1357.33 429495
1357.67 429494
1362.65 429493
1362.66 429490
1362.69 429489
1363.68 429488
1367.13 429486
1367.13 429485
1367.67 429482
1367.77 429481
1367.89 429480
1368.04 429479
1368.23 429478
1368.82 429477
1369.17 429476
1369.26 429475
1369.54 429470
1369.87 429469
1370.4 429467
1371.05 429466
1371.13 429462
1384.15 429461
1384.33 429459
1384.52 429458
1384.63 429457
1384.94 429456
1384.96 429455
1387.23 429454
1387.43 429453
1387.44 429451
1387.46 429450
1387.54 429448
1387.64 429447
1387.68 429446
1388.17 429445
1388.3 429443
1388.79 429442
1389.97 429441
1390.21 429440
1394.12 429439
1394.71 429437
1394.79 429436
1394.83 429435
1394.91 429434
1395.03 429433
1395.15 429432
1398.03 429430
1398.06 429429
1398.39 429427
1399.15 429426
1399.17 429425
1399.2 429424
1400.22 429423
1400.83 429422
1400.93 429421
1401.03 429420
1404.56 429419
1404.6 429418
1404.66 429417
1404.81 429416
1404.89 429415
1409.83 429413
1410.37 429411
1410.41 429410
1410.76 429409
1410.81 429407
1411.23 429406
1411.29 429405
1411.42 429404
1412.88 429403
1413.09 429402
1413.18 429401
1413.19 429400
1413.52 429398
1421.92 429397
1424.42 429396
1425.64 429395
1425.68 429394
1426 429392
1426.03 429390
1426.94 429388
1426.98 429387
1429.39 429386
1429.42 429385
1429.57 429384
1430.04 429383
1434.34 429381
1434.82 429377
1435.26 429376
1435.43 429375
1435.55 429374
1437.87 429373
1438.08 429372
1439.42 429371
1439.47 429370
1443.28 429369
1443.31 429368
