0.741 116824
0.742 116815
0.742 116798
0.743 116792
0.743 116770
0.744 116763
0.747 116570
0.747 116561
0.748 116526
0.748 116490
0.749 116430
0.749 116426
0.75 116380
0.751 116369
0.751 116353
0.752 116340
0.753 116338
0.754 116334
0.754 116331
0.754 116318
0.755 116311
0.756 116284
0.756 116266
0.757 116151
0.757 116108
0.758 115974
0.758 115966
0.759 115958
0.76 115956
0.762 115711
0.762 115708
0.762 115683
0.763 115659
0.764 115652
0.765 115510
0.765 115508
0.766 115507
0.766 115497
0.767 115495
0.767 115493
0.768 115492
0.768 115473
0.769 115463
0.769 115457
0.77 115455
0.771 115445
0.772 115375
0.772 115368
0.773 115365
0.773 115337
0.774 115335
0.775 115330
0.775 115315
0.776 115313
0.777 115308
0.778 115257
0.778 115240
0.779 115234
0.78 115233
0.78 115210
0.782 115178
0.783 115160
0.786 115120
0.786 115088
0.787 115072
0.788 115001
0.788 114959
0.79 114954
0.79 114892
0.792 114887
0.793 114788
0.793 114729
0.793 114699
0.794 114697
0.794 114690
0.795 114681
0.796 114648
0.797 114639
0.798 114638
0.798 114630
0.799 114627
0.8 114624
0.8 114623
0.801 114622
0.801 114609
0.802 114607
0.803 114602
0.803 114599
0.806 114585
0.807 114527
0.807 114494
0.808 114486
0.808 114451
0.809 114366
0.81 114364
0.813 114363
0.815 114351
0.816 114348
0.817 114344
0.817 114334
0.818 114326
0.82 114324
0.821 114310
0.821 114307
0.822 114305
0.824 114304
0.824 114294
0.825 114289
0.831 114127
0.831 113992
0.832 113987
0.833 113978
0.834 113976
0.834 113972
0.835 113965
0.836 113961
0.838 113949
0.839 113937
0.84 113928
0.852 113912
0.853 113911
0.855 113906
0.856 113838
0.856 113826
0.86 113798
0.862 113797
0.863 113769
0.864 113742
0.865 113741
0.865 113737
0.869 113736
0.873 113723
0.878 113705
0.878 113703
0.879 113688
0.88 113673
0.881 113667
0.882 113665
0.883 113605
0.884 113603
0.885 113600
0.886 113598
0.886 113593
0.912 113502
0.913 113499
0.915 113498
0.916 113493
0.917 113484
0.92 113448
0.922 113441
0.924 113437
0.927 113435
0.928 113432
0.932 113418
0.932 113398
0.934 113373
0.95 113355
0.952 113351
0.982 113350
0.983 113333
0.985 113332
0.986 113323
0.987 113302
0.987 113287
0.989 113283
0.99 113282
0.994 113281
0.995 113269
0.999 113268
1.001 113252
1.005 113224
1.006 113197
1.009 113195
1.01 113194
1.012 113096
1.012 113079
1.013 113041
1.014 113037
1.018 113007
1.018 113005
1.021 113001
1.027 112835
1.028 112833
1.029 112831
1.029 112819
1.03 112811
1.033 112809
1.04 112785
1.045 112779
1.051 112776
1.052 112774
1.056 112761
1.057 112758
1.062 112741
1.062 112740
1.069 112725
1.069 112702
1.109 112698
1.112 112642
1.116 112606
1.117 112589
1.118 112585
1.12 112575
1.123 112558
1.124 112557
1.124 112552
1.136 112546
1.139 112545
1.14 112539
1.141 112519
1.142 112513
1.144 112509
1.15 112414
1.153 112413
1.169 112388
1.17 112381
1.172 112349
1.172 112319
1.173 112312
1.174 112311
1.176 112301
1.291 112296
1.293 112276
1.294 112273
1.302 112261
1.305 112260
1.305 112250
1.306 112245
1.327 112224
1.338 112210
1.339 112203
1.339 112202
1.379 112189
1.382 112180
1.384 112179
1.385 112173
1.387 112146
1.387 112139
1.391 112132
1.396 112053
1.399 112051
1.402 112049
1.403 112045
1.405 112041
1.408 111989
1.411 111979
1.448 111970
1.449 111931
1.449 111910
1.469 111903
1.471 111900
1.472 111889
1.473 111882
1.474 111881
1.474 111873
1.475 111860
1.476 111840
1.477 111815
1.478 111805
1.493 111754
1.494 111751
1.496 111723
1.498 111632
1.502 111619
1.503 111617
1.504 111591
1.504 111587
1.506 111585
1.507 111582
1.508 111574
1.51 111567
1.511 111566
1.512 111560
1.518 111551
1.524 111547
1.525 111532
1.526 111526
1.53 111511
1.536 111509
1.714 111506
1.716 111484
1.719 111480
1.724 111458
1.724 111443
1.726 111442
1.734 111426
1.737 111419
1.799 111404
2.019 111403
2.025 111386
2.027 111383
2.028 111380
2.029 111362
2.03 111358
2.031 111354
2.038 111339
2.039 111335
2.041 111333
2.048 111328
2.058 111315
2.059 111314
2.078 111310
2.079 111294
2.08 111293
2.108 111271
2.109 111255
2.129 111239
2.129 111226
2.147 111204
2.15 111199
2.151 111144
2.151 111111
2.154 111097
2.155 111074
2.156 111062
2.182 111012
2.348 111006
2.35 110997
2.352 110978
2.354 110972
2.355 110966
2.356 110965
2.356 110956
2.401 110944
2.41 110938
2.411 110881
2.413 110867
2.417 110858
2.42 110825
2.466 110819
2.467 110798
2.469 110782
2.47 110762
2.471 110750
2.471 110749
2.475 110740
2.476 110738
2.478 110729
2.479 110726
2.482 110724
2.501 110719
2.503 110715
2.504 110706
2.505 110695
2.506 110691
2.506 110687
2.51 110670
2.512 110660
2.575 110623
2.577 110566
2.58 110554
2.582 110547
2.585 110537
2.686 110536
2.687 110523
2.688 110514
2.688 110510
2.689 110507
2.691 110501
2.696 110499
2.703 110455
2.704 110449
2.709 110438
2.71 110435
2.78 110430
2.781 110415
2.781 110376
2.783 110363
2.953 110323
2.958 110304
2.961 110291
2.978 110258
2.979 110207
3.03 110206
3.031 110184
3.031 110168
3.033 110140
3.034 110131
3.037 110114
3.038 110101
3.04 110050
3.08 110046
3.08 110043
3.081 110042
3.082 110029
3.095 110019
3.096 110015
3.102 109963
3.103 109956
3.106 109946
3.146 109940
3.152 109923
3.154 109921
3.157 109903
3.158 109885
3.159 109884
3.161 109809
3.369 109802
3.37 109800
3.372 109759
3.383 109751
3.421 109740
3.423 109657
3.424 109636
3.425 109617
3.426 109613
3.427 109584
3.429 109569
3.429 109567
3.432 109554
3.437 109541
3.438 109529
3.443 109526
3.443 109516
3.444 109491
3.445 109488
3.46 109484
3.693 109478
3.694 109476
3.72 109473
3.74 109468
3.745 109455
3.745 109445
3.874 109404
3.875 109401
3.877 109397
4.687 109392
4.706 109391
4.707 109379
4.708 109330
4.709 109322
4.716 109299
4.716 109288
4.741 109287
4.743 109284
4.745 109283
4.746 109262
4.747 109251
4.748 109235
4.778 109216
4.78 109215
4.781 109203
4.784 109194
4.784 109183
4.796 109160
5.387 109151
5.417 109089
5.418 109086
5.418 109081
5.419 109050
5.448 109049
5.449 109027
6.471 109021
6.513 108998
6.514 108988
6.99 108966
6.991 108965
6.993 108921
7.008 108908
7.016 108900
7.017 108878
7.019 108877
7.022 108860
7.028 108808
7.029 108774
7.03 108771
7.06 108764
7.062 108755
7.353 108742
7.355 108739
7.358 108727
7.358 108680
7.363 108673
7.365 108666
7.368 108657
7.573 108631
7.576 108615
7.581 108603
7.585 108600
7.588 108588
8.273 108584
9.223 108567
9.224 108564
9.225 108545
9.225 108538
9.226 108534
9.227 108525
9.233 108518
9.237 108492
9.238 108491
9.241 108453
9.246 108446
9.266 108413
9.282 108383
9.283 108358
9.505 108357
9.509 108343
9.51 108330
9.518 108295
9.522 108289
9.523 108285
9.524 108280
9.525 108268
9.525 108266
9.526 108260
9.528 108254
9.753 108215
13.608 108207
13.609 108181
13.621 108179
13.623 108173
13.625 108145
13.626 108139
13.628 108126
13.629 108102
13.635 108097
13.642 108096
16.306 108086
16.307 108084
16.309 108053
16.632 108028
16.683 108020
16.784 107989
16.787 107960
16.805 107959
17.239 107956
17.248 107955
17.249 107944
17.25 107938
17.253 107929
17.256 107884
17.257 107872
27.896 107862
27.896 107861
27.898 107854
27.899 107853
27.9 107846
27.902 107827
27.903 107826
27.903 107790
27.904 107781
27.906 107780
27.911 107765
27.913 107747
27.914 107736
27.915 107729
27.916 107728
27.921 107692
27.924 107676
27.926 107673
27.944 107589
27.949 107580
27.949 107576
28.021 107575
39.587 107552
46.353 107547
46.356 107490
46.359 107486
46.361 107454
46.363 107424
49.657 107413
49.659 107366
49.659 107354
49.66 107349
49.661 107348
49.662 107344
49.671 107336
49.764 107335
51.343 107331
51.346 107326
51.347 107323
51.35 107304
51.352 107296
51.354 107284
51.36 107272
51.36 107264
51.363 107244
51.655 107239
51.655 107238
51.7 107208
51.701 107188
51.702 107176
73.86 107175
73.862 107134
73.864 107125
73.864 107121
73.865 107115
73.867 107108
73.87 107088
73.877 107081
73.878 107079
95.964 107075
95.965 107056
95.966 107051
95.967 107023
95.975 107019
95.978 107018
95.979 106996
101.911 106990
101.912 106928
101.913 106917
101.913 106916
101.915 106900
101.916 106872
101.917 106856
101.918 106847
101.921 106845
103.025 106817
103.026 106814
103.028 106798
103.029 106791
103.03 106767
103.031 106764
145.801 106761
145.843 106760
145.844 106757
145.847 106747
145.861 106745
145.976 106740
145.977 106739
145.977 106729
145.978 106726
145.998 106724
145.999 106714
146 106709
146.01 106684
146.096 106656
146.099 106634
146.101 106607
146.102 106605
146.104 106604
146.105 106593
146.124 106582
146.125 106559
146.126 106551
150.373 106546
150.375 106536
150.376 106532
150.488 106520
150.488 106519
150.492 106514
150.498 106505
150.499 106498
150.511 106493
150.514 106489
150.517 106458
150.519 106455
150.524 106453
150.528 106405
167.472 106403
174.224 106392
174.229 106388
176.885 106386
176.889 106382
176.891 106376
176.893 106364
176.97 106334
176.973 106319
176.981 106298
177.315 106292
177.316 106283
177.343 106259
177.344 106256
177.354 106250
177.376 106246
177.378 106235
177.67 106226
177.673 106215
177.675 106196
205.237 106193
205.24 106192
205.25 106164
205.253 106159
205.258 106155
205.37 106145
205.413 106135
205.414 106134
205.51 106129
205.513 106124
205.515 106119
205.516 106116
205.516 106105
205.531 106099
205.551 106089
205.554 106088
205.556 106077
205.559 106071
205.56 106068
264.318 106053
264.325 106050
264.334 106039
264.335 106037
264.335 106035
264.336 106030
264.362 106028
264.365 106018
264.367 106014
264.369 106013
264.37 106006
264.389 106003
271.847 105994
271.853 105992
271.854 105989
275.003 105986
275.006 105981
275.009 105980
275.018 105975
275.02 105973
275.154 105966
275.155 105965
278.481 105950
278.486 105943
278.489 105940
282.676 105935
282.68 105933
282.684 105924
283.011 105904
283.033 105897
283.07 105892
283.077 105889
283.079 105888
283.142 105884
283.199 105881
283.2 105874
283.303 105873
286.331 105872
286.822 105871
286.825 105856
286.844 105854
286.96 105849
289.877 105844
289.878 105837
291.865 105836
291.915 105826
291.92 105825
291.921 105817
291.934 105805
291.937 105804
291.941 105800
291.946 105799
297.04 105794
297.052 105767
297.054 105765
297.059 105760
297.09 105739
297.186 105737
297.23 105684
297.233 105670
303.817 105661
303.82 105656
303.824 105653
303.831 105643
303.839 105627
303.85 105624
303.851 105618
303.862 105611
303.864 105610
303.865 105601
303.915 105596
303.916 105594
303.967 105590
303.973 105589
303.979 105587
303.999 105577
304.025 105569
307.876 105564
307.877 105563
307.878 105562
307.916 105559
307.984 105555
309.016 105543
309.017 105537
309.04 105533
309.06 105527
312.622 105526
312.623 105523
312.628 105519
312.632 105517
312.634 105508
312.636 105505
312.64 105503
312.648 105502
312.657 105494
312.673 105491
312.676 105482
312.684 105473
312.689 105463
312.691 105459
312.694 105458
312.701 105457
312.702 105452
315.591 105448
315.592 105446
315.689 105432
315.69 105429
315.745 105419
315.746 105406
315.746 105383
315.753 105381
315.754 105380
315.76 105377
315.761 105364
315.765 105362
315.771 105361
315.777 105360
315.789 105358
339.183 105352
339.203 105349
339.225 105346
339.225 105326
339.226 105319
339.235 105316
339.238 105302
339.243 105301
339.244 105294
339.298 105290
339.3 105285
339.352 105283
339.353 105273
339.355 105268
339.36 105265
339.364 105264
348.613 105263
357.185 105254
357.186 105248
357.253 105244
357.294 105243
357.303 105242
357.315 105241
357.317 105234
357.322 105231
357.328 105228
357.331 105226
357.336 105219
358.509 105214
358.515 105207
383.252 105205
383.258 105196
383.263 105190
383.27 105187
383.271 105182
383.275 105180
383.277 105176
383.277 105173
383.501 105170
387.377 105167
387.386 105164
387.392 105151
387.397 105150
387.409 105140
387.41 105137
387.412 105136
387.412 105132
387.418 105131
387.428 105130
387.429 105125
387.432 105122
387.442 105117
387.443 105113
387.445 105109
387.449 105105
387.48 105102
387.481 105096
387.685 105093
387.715 105092
387.716 105088
387.731 105084
387.732 105083
387.733 105081
387.734 105078
387.745 105077
387.746 105075
387.763 105067
387.767 105055
387.77 105053
387.815 105050
387.846 105047
387.852 105044
387.872 105042
387.98 105039
387.984 105035
387.991 105033
387.992 105032
388.085 105031
388.095 105021
388.096 105017
388.098 105014
388.101 105009
388.114 105008
388.118 105005
388.601 105003
388.671 104993
388.675 104991
409.603 104986
409.604 104984
410.113 104979
410.116 104978
410.217 104974
410.311 104971
410.351 104969
410.409 104959
410.426 104957
410.431 104952
410.471 104945
410.478 104944
410.479 104943
410.484 104939
410.501 104933
410.507 104932
410.508 104927
421.183 104926
421.184 104925
421.299 104905
421.307 104904
421.381 104903
422.189 104899
422.208 104897
422.215 104896
422.217 104893
429.165 104892
429.167 104881
429.169 104880
429.171 104876
429.204 104874
430.201 104868
430.202 104866
430.207 104864
430.588 104863
430.592 104861
430.593 104860
430.596 104850
430.597 104846
430.608 104838
430.629 104837
430.631 104835
430.662 104831
430.666 104828
430.677 104826
446.085 104825
446.089 104824
446.095 104821
446.12 104820
446.124 104819
446.128 104818
446.13 104815
446.433 104814
446.462 104812
446.463 104811
446.465 104807
446.466 104803
446.475 104802
459.669 104797
459.672 104795
459.686 104794
459.692 104787
459.694 104786
459.718 104784
459.749 104783
459.751 104782
459.91 104781
459.915 104770
459.919 104766
459.925 104764
459.927 104763
459.928 104757
459.937 104751
459.941 104749
459.942 104747
460.114 104742
460.115 104741
460.118 104739
460.129 104732
460.259 104729
460.268 104728
460.269 104727
464.538 104721
475.388 104719
475.414 104717
475.431 104716
475.641 104709
475.978 104708
475.983 104706
475.985 104704
476 104703
476.002 104701
476.047 104696
476.052 104695
476.054 104694
477.817 104693
477.825 104691
477.927 104690
477.961 104689
481.018 104688
481.049 104687
481.103 104685
481.107 104684
481.25 104681
481.257 104676
481.261 104675
481.271 104672
481.273 104671
481.288 104668
481.293 104666
481.33 104663
481.347 104656
481.364 104655
481.366 104653
481.378 104652
481.417 104650
481.489 104647
481.491 104644
481.494 104639
481.496 104632
481.501 104631
481.509 104628
532.896 104626
532.982 104625
533.263 104620
533.27 104619
558.688 104618
558.698 104617
560.311 104615
560.346 104614
562.712 104613
564.793 104611
564.805 104609
564.806 104608
564.847 104607
565.094 104605
565.244 104604
569.946 104600
569.95 104597
569.96 104596
569.985 104595
569.986 104594
576.387 104592
576.405 104591
576.424 104590
577.783 104589
577.819 104588
578.684 104587
578.735 104585
578.817 104584
578.956 104577
579.744 104573
584.466 104572
584.479 104571
589.769 104569
589.797 104568
589.906 104567
591.024 104566
591.107 104565
591.132 104564
591.148 104562
591.16 104561
591.577 104558
591.607 104557
591.889 104556
591.901 104553
591.904 104552
591.964 104551
592.118 104550
592.792 104549
592.807 104548
592.821 104547
593.319 104546
593.397 104545
593.527 104544
609.788 104543
609.859 104541
609.905 104540
610.11 104539
610.182 104538
612.181 104537
612.286 104536
612.287 104535
614.858 104534
615.114 104532
615.218 104531
615.229 104530
615.272 104529
615.276 104528
618.21 104526
618.456 104524
618.479 104523
619.704 104522
619.818 104521
