0.441 184365
0.442 184351
0.443 184330
0.444 184325
0.446 184302
0.446 184287
0.45 184224
0.452 184214
0.452 184204
0.453 184203
0.454 184147
0.455 184096
0.456 184080
0.456 184071
0.457 184006
0.458 183952
0.459 183946
0.46 183931
0.461 183875
0.462 183837
0.462 183823
0.463 183803
0.463 183779
0.464 183754
0.466 183736
0.469 183734
0.47 183691
0.47 183680
0.471 183677
0.472 183664
0.473 183638
0.474 183633
0.474 183619
0.479 183602
0.479 183599
0.481 183584
0.482 183560
0.482 183551
0.483 183548
0.485 183501
0.487 183474
0.488 183470
0.489 183449
0.49 183418
0.493 183370
0.494 183331
0.495 183223
0.497 183183
0.497 183169
0.499 183161
0.5 183150
0.503 183146
0.504 183133
0.505 183128
0.505 183100
0.507 183073
0.508 183068
0.509 183065
0.51 183055
0.511 183048
0.512 183047
0.513 183027
0.515 183015
0.516 183004
0.516 183002
0.519 182987
0.52 182975
0.521 182973
0.521 182957
0.522 182946
0.525 182936
0.525 182934
0.526 182927
0.526 182921
0.528 182916
0.529 182886
0.531 182885
0.533 182836
0.535 182835
0.535 182831
0.542 182815
0.554 182802
0.556 182793
0.557 182736
0.564 182650
0.566 182648
0.566 182633
0.566 182629
0.568 182622
0.576 182614
0.578 182611
0.579 182608
0.579 182600
0.58 182586
0.58 182582
0.585 182567
0.586 182563
0.587 182561
0.61 182559
0.632 182555
0.632 182552
0.633 182551
0.66 182503
0.662 182496
0.664 182453
0.68 182415
0.686 182399
0.689 182396
0.696 182391
0.698 182366
0.701 182360
0.702 182353
0.709 182348
0.713 182314
0.721 182273
0.728 182268
0.73 182264
0.731 182251
0.732 182250
71.243 182247
71.245 182183
71.246 182175
71.26 182165
78.303 182162
78.357 182150
78.383 182140
78.389 182109
78.411 182104
78.412 182090
78.414 182084
89.086 182029
89.634 182019
89.635 182018
89.648 181997
89.649 181978
89.65 181963
89.651 181953
89.661 181925
89.662 181922
89.664 181910
89.664 181909
89.669 181890
89.678 181883
89.68 181881
89.681 181879
89.682 181874
89.685 181872
89.686 181871
89.687 181865
89.687 181847
89.688 181845
89.69 181842
89.692 181794
125.605 181791
125.609 181758
125.613 181733
130.125 181714
130.129 181675
131.535 181664
131.536 181662
146.033 181632
147.376 181615
147.385 181604
147.386 181584
147.388 181580
147.389 181565
147.39 181557
147.393 181556
147.393 181555
147.408 181548
147.409 181543
147.412 181535
147.413 181533
147.417 181529
147.422 181511
148.322 181487
153.118 181486
153.675 181467
153.676 181460
153.699 181417
153.701 181414
154.786 181409
154.796 181398
154.844 181394
154.854 181365
154.856 181351
154.955 181344
154.96 181321
154.962 181311
154.967 181303
156.389 181297
156.479 181293
156.485 181262
156.492 181256
156.647 181209
156.65 181191
156.673 181185
156.674 181179
156.675 181168
156.678 181160
156.679 181157
156.682 181156
156.683 181128
156.684 181126
156.69 181125
156.691 181115
156.693 181112
156.715 181080
156.716 181078
159.296 181067
159.297 181049
167.714 181038
167.715 181032
167.729 181029
167.756 181022
167.757 181018
167.762 180990
167.763 180975
172.187 180969
172.188 180968
176.213 180959
176.218 180926
176.263 180911
176.269 180906
176.271 180904
176.28 180890
176.282 180889
176.283 180887
176.288 180875
176.297 180843
181.419 180825
181.42 180823
181.434 180783
181.435 180782
181.439 180771
181.439 180769
181.449 180759
181.462 180750
181.463 180746
181.466 180737
181.476 180733
181.484 180691
181.488 180671
181.489 180654
181.49 180635
181.492 180623
181.493 180616
181.495 180605
206.782 180601
206.785 180596
206.795 180589
206.797 180583
212.598 180582
212.609 180570
212.61 180531
212.613 180521
212.615 180513
212.617 180507
212.622 180502
212.662 180495
212.663 180493
212.675 180458
212.695 180446
212.703 180445
212.706 180436
212.707 180434
212.71 180426
213.077 180413
213.078 180412
238.688 180390
238.692 180381
238.699 180338
238.703 180335
242.437 180333
242.439 180331
242.443 180329
242.446 180324
242.449 180300
242.45 180259
247.966 180244
247.976 180243
247.98 180222
248.003 180198
248.027 180191
248.034 180177
249.281 180162
249.283 180139
249.284 180120
249.289 180117
249.293 180113
249.296 180112
250.921 180107
250.925 180106
250.955 180101
250.959 180083
250.972 180082
250.973 180074
250.974 180069
250.981 180059
251.043 180049
251.045 180040
251.046 180039
251.049 180033
251.051 180032
251.055 180022
251.056 180017
251.057 180012
251.067 180004
251.075 179994
270.726 179977
270.729 179963
270.746 179959
270.75 179943
270.75 179942
270.973 179939
270.976 179934
270.979 179922
271.001 179919
271.002 179914
271.003 179907
271.023 179901
277.214 179892
277.645 179887
278.945 179861
278.946 179857
278.947 179839
278.95 179836
287.938 179819
287.992 179817
287.993 179810
287.994 179800
290.109 179789
290.245 179778
290.248 179752
290.25 179748
290.251 179746
290.252 179745
290.258 179721
290.259 179717
291.379 179703
291.38 179698
291.387 179685
291.487 179668
291.492 179667
291.495 179645
297.22 179615
297.222 179610
297.231 179595
305.045 179588
305.059 179547
305.07 179543
305.075 179530
305.076 179521
305.077 179505
305.316 179484
305.322 179477
305.322 179474
305.327 179465
305.344 179449
305.345 179448
325.517 179447
325.549 179444
327.959 179440
327.96 179420
327.963 179414
327.967 179403
328.017 179401
328.021 179385
328.025 179378
328.025 179368
328.031 179365
328.034 179362
328.04 179356
328.047 179352
328.05 179337
328.051 179333
328.053 179326
328.083 179323
328.099 179312
328.14 179311
334.165 179309
334.193 179304
334.197 179301
334.201 179300
334.278 179282
334.279 179267
334.287 179261
334.292 179242
334.3 179236
336.113 179232
336.118 179225
336.119 179224
336.121 179223
336.123 179211
336.128 179210
336.129 179189
336.13 179188
336.136 179182
336.142 179174
336.144 179163
336.152 179161
336.156 179159
336.164 179146
336.211 179129
336.217 179128
336.221 179127
345.439 179122
362.744 179121
363.133 179116
363.152 179115
363.173 179097
363.174 179075
363.177 179066
363.178 179065
363.204 179063
367.83 179055
367.844 179038
367.848 179034
375.6 179031
375.612 179017
375.62 179015
375.647 179010
375.648 179009
375.653 179007
375.663 178996
375.666 178993
375.669 178989
375.681 178961
375.705 178956
375.717 178949
375.769 178947
376.897 178938
376.91 178937
376.919 178932
376.921 178931
376.947 178916
377.233 178915
377.235 178910
377.236 178907
377.236 178888
377.238 178879
379.677 178877
379.681 178858
379.682 178851
379.683 178838
379.912 178835
379.915 178822
379.918 178805
379.919 178797
379.981 178796
379.983 178791
380.008 178788
380.008 178787
380.016 178781
380.044 178780
380.945 178771
380.954 178754
380.956 178752
380.997 178750
381.001 178742
381.012 178738
381.018 178730
381.019 178726
381.056 178724
381.058 178717
381.075 178716
381.077 178715
381.09 178710
381.091 178709
381.18 178687
381.182 178681
381.183 178676
384.668 178671
384.671 178668
384.673 178661
384.674 178658
384.68 178650
384.683 178648
384.686 178634
384.709 178627
407.024 178622
407.028 178620
407.083 178618
407.085 178606
407.164 178604
407.169 178602
407.24 178596
407.245 178589
408.732 178587
412.231 178585
412.237 178584
412.239 178583
412.245 178572
412.251 178569
412.254 178564
412.256 178557
412.264 178550
412.285 178542
418.236 178529
418.29 178517
418.294 178515
418.328 178509
418.345 178508
418.386 178500
418.389 178479
418.393 178476
418.394 178472
422.086 178462
422.089 178459
422.237 178455
422.243 178453
422.46 178447
422.467 178435
422.468 178433
422.477 178432
430.7 178423
430.708 178419
430.726 178418
430.739 178403
430.746 178402
430.751 178400
430.759 178399
430.784 178395
430.801 178380
452.227 178378
452.229 178377
452.231 178374
452.715 178372
453.561 178365
453.579 178364
453.591 178356
453.596 178355
453.598 178353
453.648 178349
453.665 178335
453.706 178312
453.715 178309
453.726 178308
453.757 178302
453.76 178300
453.831 178290
453.844 178286
453.9 178270
453.909 178265
454.062 178261
454.074 178248
454.082 178241
454.098 178237
454.102 178231
486.184 178228
486.185 178227
486.519 178225
486.548 178223
486.577 178217
486.579 178214
486.644 178209
486.652 178201
486.67 178200
486.679 178195
486.683 178193
486.684 178190
486.736 178189
486.75 178188
486.791 178185
486.805 178178
486.81 178177
486.815 178163
486.826 178159
486.834 178157
486.887 178153
487.043 178150
487.111 178149
487.117 178143
487.121 178142
487.137 178139
487.161 178129
487.162 178122
487.167 178120
497.184 178119
497.193 178105
497.194 178101
497.228 178098
497.237 178095
497.244 178092
497.246 178083
497.279 178080
518.756 178079
524.301 178077
524.31 178073
524.312 178069
524.316 178067
524.321 178063
525.516 178058
525.521 178055
525.537 178051
525.548 178046
525.56 178042
525.57 178040
525.572 178029
525.582 178027
525.584 178026
525.639 178025
525.646 178023
525.657 178022
525.66 178017
525.676 178009
531.232 178002
531.236 178001
531.268 178000
531.272 177992
531.277 177989
531.419 177983
534.008 177977
534.009 177973
534.011 177971
538.468 177966
538.493 177965
538.509 177962
538.512 177961
538.515 177956
538.516 177951
538.525 177948
538.536 177945
538.572 177944
538.58 177933
542.035 177931
542.158 177927
542.175 177922
542.356 177919
542.388 177916
542.413 177906
542.42 177902
542.474 177896
542.475 177893
542.476 177890
542.481 177889
542.522 177886
542.529 177885
542.558 177883
542.587 177881
542.589 177872
542.645 177866
545.049 177862
545.058 177860
545.589 177857
545.779 177852
545.784 177841
545.788 177840
545.794 177835
557.249 177831
557.253 177830
557.257 177827
557.78 177825
557.781 177822
557.782 177820
557.818 177812
557.833 177810
557.838 177807
557.842 177803
557.848 177801
557.854 177800
557.863 177798
557.865 177795
557.886 177794
558.168 177791
558.196 177783
558.243 177778
558.278 177776
558.292 177770
558.303 177767
566.223 177765
566.274 177762
566.277 177761
566.305 177759
566.309 177757
566.331 177744
566.367 177742
566.373 177739
566.461 177738
566.463 177736
566.686 177729
566.688 177728
566.75 177726
566.792 177721
566.818 177718
566.82 177712
566.822 177711
566.823 177708
573.078 177706
573.078 177704
573.09 177703
573.091 177702
573.109 177701
573.124 177695
573.126 177689
573.161 177687
605.515 177685
605.568 177684
605.686 177683
605.798 177681
605.857 177679
605.867 177678
607.672 177673
608.065 177671
608.125 177670
608.129 177665
608.141 177664
608.145 177663
608.152 177660
611.353 177659
611.357 177656
611.372 177655
611.385 177654
612.321 177649
612.348 177646
612.407 177643
612.409 177634
612.51 177633
612.515 177632
612.536 177631
612.55 177626
612.584 177623
612.615 177620
617.749 177618
617.804 177616
618.199 177610
618.208 177608
618.263 177601
618.264 177597
618.622 177594
626.366 177592
626.399 177591
626.4 177589
626.422 177585
626.453 177582
628.226 177578
628.281 177571
628.378 177568
629.511 177565
629.756 177563
630.679 177562
630.83 177560
630.84 177554
630.874 177552
630.893 177548
634.292 177547
635.372 177544
635.4 177543
635.45 177540
635.451 177536
635.492 177535
635.528 177533
635.553 177532
635.635 177531
635.694 177530
637.518 177527
637.519 177526
661.359 177524
661.375 177522
661.441 177520
661.491 177517
661.494 177512
661.659 177510
661.773 177509
661.806 177507
661.855 177504
661.933 177502
661.988 177501
662.03 177499
662.04 177497
662.289 177493
662.332 177491
662.396 177489
662.399 177488
662.403 177486
662.423 177484
662.43 177482
662.447 177479
662.489 177476
662.513 177473
662.538 177472
662.556 177468
662.669 177463
679.17 177462
679.564 177460
679.657 177458
682.752 177452
682.768 177448
682.778 177447
682.794 177445
682.839 177444
683.732 177443
686.715 177435
686.745 177431
686.76 177430
688.356 177427
688.359 177424
688.366 177420
688.384 177419
688.385 177418
688.765 177415
699.451 177413
699.49 177412
699.492 177411
699.828 177409
700.003 177408
700.019 177407
700.049 177405
700.496 177404
700.504 177403
701.127 177401
703.92 177394
703.955 177393
703.965 177389
707.409 177387
707.413 177383
715.286 177382
715.298 177381
715.307 177379
715.452 177376
715.459 177373
715.479 177369
715.591 177368
715.682 177367
715.685 177366
715.695 177365
715.699 177361
715.724 177360
715.742 177359
715.763 177356
715.81 177355
717.112 177353
718.191 177351
718.192 177349
718.352 177348
718.471 177346
721.821 177345
722.718 177342
722.861 177339
722.927 177337
725.693 177336
747.28 177335
747.325 177334
