0.741 116796
0.741 116787
0.745 116781
0.745 116756
0.745 116641
0.746 116627
0.747 116489
0.748 116434
0.749 116392
0.749 116386
0.751 116297
0.752 116284
0.752 116283
0.753 116280
0.753 116260
0.753 116246
0.754 116245
0.755 116223
0.755 116219
0.757 116207
0.758 116072
0.758 116070
0.759 116042
0.76 116022
0.76 116021
0.761 116012
0.761 115983
0.762 115927
0.763 115920
0.764 115892
0.764 115876
0.765 115871
0.765 115870
0.766 115848
0.767 115829
0.767 115818
0.768 115800
0.769 115682
0.769 115649
0.77 115640
0.77 115625
0.77 115596
0.771 115592
0.773 115461
0.773 115457
0.774 115433
0.774 115383
0.775 115314
0.775 115311
0.776 115271
0.777 115268
0.777 115203
0.778 115199
0.781 115194
0.781 115171
0.784 115047
0.784 115044
0.784 115039
0.785 115037
0.785 115034
0.786 115014
0.788 115001
0.788 114975
0.79 114949
0.79 114944
0.791 114889
0.791 114880
0.792 114862
0.792 114849
0.793 114848
0.793 114846
0.794 114768
0.796 114741
0.796 114732
0.796 114731
0.797 114728
0.798 114695
0.798 114670
0.799 114668
0.799 114664
0.801 114648
0.801 114641
0.802 114639
0.803 114602
0.804 114600
0.805 114478
0.805 114433
0.806 114419
0.806 114418
0.807 114405
0.807 114396
0.808 114393
0.809 114381
0.81 114371
0.812 114370
0.813 114354
0.813 114352
0.814 114334
0.815 114327
0.816 114306
0.817 114296
0.82 114269
0.82 114255
0.821 114240
0.822 114227
0.823 114219
0.825 114188
0.825 114177
0.826 114168
0.828 114167
0.831 114152
0.834 114112
0.837 114107
0.839 114065
0.84 114058
0.842 114030
0.844 114026
0.844 114021
0.845 113988
0.846 113959
0.847 113954
0.849 113869
0.85 113841
0.855 113819
0.855 113804
0.856 113783
0.857 113750
0.858 113749
0.858 113748
0.859 113735
0.86 113732
0.866 113731
0.867 113728
0.868 113706
0.869 113703
0.871 113672
0.872 113666
0.873 113654
0.873 113651
0.874 113632
0.874 113585
0.878 113572
0.88 113565
0.881 113533
0.89 113460
0.893 113445
0.895 113442
0.896 113440
0.896 113439
0.897 113426
0.909 113424
0.916 113233
0.919 113226
0.919 113218
0.919 113205
0.926 113147
0.927 112999
0.934 112989
0.936 112963
0.936 112958
0.938 112950
0.982 112924
0.983 112922
0.985 112881
0.987 112866
0.988 112865
1.042 112851
1.042 112841
1.043 112836
1.056 112813
1.06 112787
1.065 112784
1.068 112783
1.069 112780
1.07 112767
1.071 112763
1.123 112743
1.126 112741
1.127 112727
1.129 112725
1.131 112719
1.132 112704
1.133 112683
1.134 112681
1.134 112675
1.14 112653
1.146 112610
1.147 112603
1.148 112600
1.151 112592
1.152 112590
1.153 112589
1.155 112588
1.155 112587
1.157 112570
1.158 112530
1.16 112525
1.173 112498
1.175 112484
1.177 112474
1.18 112473
1.186 112467
1.192 112427
1.193 112418
1.193 112416
1.194 112415
1.195 112411
1.196 112401
1.197 112387
1.2 112380
1.205 112376
1.206 112375
1.208 112337
1.208 112329
1.209 112273
1.212 112264
1.217 112258
1.218 112257
1.219 112254
1.22 112251
1.23 112218
1.231 112199
1.232 112176
1.234 112152
1.239 112149
1.241 112114
1.241 112112
1.245 112111
1.246 112109
1.246 112102
1.249 112100
1.249 112098
1.256 112081
1.258 112080
1.26 112076
1.265 112006
1.266 111995
1.273 111980
1.276 111977
1.277 111964
1.279 111956
1.28 111954
1.28 111927
1.284 111915
1.286 111913
1.403 111900
1.404 111886
1.404 111885
1.405 111867
1.41 111842
1.422 111681
1.444 111667
1.447 111582
1.449 111577
1.45 111574
1.451 111562
1.457 111530
1.461 111496
1.468 111485
1.471 111477
1.473 111474
1.585 111468
1.586 111466
1.587 111454
1.608 111421
1.609 111396
1.61 111390
1.611 111388
1.613 111280
1.614 111276
1.615 111266
1.755 111265
1.773 111258
1.774 111252
1.777 111244
1.784 111223
1.786 111191
1.787 111155
1.789 111151
1.793 111149
1.793 111140
1.799 111123
1.8 111120
1.801 111094
1.802 111024
1.803 110973
1.806 110965
1.807 110964
1.807 110910
1.827 110873
1.828 110868
1.829 110861
1.83 110816
1.836 110808
1.836 110799
1.875 110760
1.875 110754
1.877 110742
2.049 110707
2.05 110641
2.051 110636
2.052 110632
2.053 110631
2.054 110626
2.056 110623
2.071 110621
2.078 110620
2.105 110619
2.106 110612
2.123 110610
2.128 110596
2.13 110591
2.131 110574
2.132 110566
2.133 110564
2.134 110547
2.136 110525
2.265 110524
2.266 110522
2.268 110484
2.279 110450
2.279 110441
2.29 110405
2.29 110399
2.294 110387
2.295 110380
2.295 110368
2.297 110354
2.298 110352
2.299 110345
2.299 110335
2.3 110329
2.301 110288
2.353 110274
2.366 110259
2.368 110246
2.369 110241
2.37 110231
2.385 110225
2.386 110222
2.387 110221
2.387 110213
2.39 110212
2.394 110210
2.394 110206
2.395 110191
2.4 110140
2.404 110117
2.408 110057
2.427 110036
2.428 110022
2.43 110013
2.43 110010
2.434 110008
2.435 109996
2.437 109989
2.437 109979
2.44 109962
2.491 109954
2.491 109942
2.492 109939
2.506 109921
2.507 109917
2.531 109907
2.543 109902
2.548 109896
2.673 109872
2.673 109864
2.775 109863
2.777 109860
2.779 109769
2.779 109764
2.782 109750
2.783 109749
2.784 109747
2.785 109744
2.785 109741
2.787 109740
2.788 109724
2.792 109719
2.794 109683
2.795 109681
2.796 109670
2.801 109660
2.804 109640
2.805 109616
2.807 109608
2.808 109556
2.809 109553
2.85 109526
2.864 109505
2.868 109504
2.869 109499
2.869 109482
2.871 109472
2.872 109462
2.896 109460
2.897 109444
2.908 109439
2.909 109428
2.91 109427
2.912 109423
2.917 109422
3 109386
3 109372
3.005 109362
3.006 109355
3.077 109350
3.08 109341
3.081 109326
3.082 109291
3.082 109280
3.083 109252
3.084 109249
3.085 109247
3.086 109233
3.086 109213
3.088 109203
3.101 109200
3.196 109181
3.198 109165
3.199 109154
3.2 109151
3.202 109150
3.203 109142
3.203 109135
3.206 109113
3.209 109072
3.215 109066
3.216 109060
3.223 109055
3.249 109010
3.25 108997
3.537 108995
3.538 108985
3.539 108970
3.539 108938
3.54 108936
3.543 108920
3.555 108903
3.556 108902
3.557 108899
3.558 108895
3.559 108882
4.041 108878
4.043 108874
4.049 108867
4.214 108860
4.215 108859
4.272 108853
4.273 108851
4.287 108820
4.288 108818
4.291 108801
4.292 108786
4.292 108674
4.306 108669
4.307 108660
4.308 108578
4.312 108575
4.313 108569
4.314 108568
4.315 108558
5.28 108552
5.282 108548
5.282 108545
5.283 108535
5.284 108534
5.286 108512
5.287 108507
5.294 108494
5.295 108478
5.296 108475
5.296 108453
5.3 108352
5.301 108348
5.302 108345
5.303 108328
5.325 108316
5.334 108313
5.334 108303
6.637 108279
6.638 108273
6.639 108260
6.64 108247
6.646 108245
6.647 108243
6.648 108242
6.65 108239
6.651 108222
6.652 108207
6.654 108201
6.656 108188
6.657 108178
6.666 108160
7.994 108156
8.012 108117
10.114 108115
10.132 108113
10.149 108112
10.15 108111
10.153 108107
10.156 108098
10.163 108092
10.164 108087
10.165 108080
10.166 108069
10.196 108066
10.204 108053
10.205 108046
11.223 108037
12.426 108031
12.428 108018
12.44 108000
13.432 107999
13.433 107991
13.434 107964
13.435 107940
15.507 107904
15.507 107882
15.509 107852
15.512 107816
15.525 107813
15.527 107807
21.931 107755
21.932 107752
21.934 107747
21.936 107720
21.939 107690
21.94 107680
21.94 107640
21.965 107626
21.967 107619
21.969 107601
21.97 107590
21.974 107588
21.974 107583
21.975 107552
44.363 107537
44.363 107528
47.563 107524
47.564 107513
47.565 107504
47.566 107496
47.568 107488
47.571 107486
47.575 107467
47.576 107464
47.613 107444
49.932 107433
49.934 107426
49.936 107418
49.937 107414
49.937 107359
49.938 107348
49.939 107337
63.691 107331
63.691 107306
63.692 107282
63.694 107275
63.695 107273
63.702 107262
63.884 107250
63.902 107245
63.907 107235
63.982 107220
63.982 107218
63.983 107216
63.985 107197
65.44 107169
65.441 107163
65.445 107117
65.445 107115
65.473 107114
68.756 107102
68.76 107095
68.762 107083
75.782 107071
75.804 107047
75.812 107046
75.814 107040
76.046 107020
76.047 107013
76.047 107007
76.05 107006
76.052 106991
76.69 106978
76.996 106966
76.997 106959
121.641 106955
121.642 106942
132.412 106930
132.413 106918
132.415 106913
132.429 106912
132.43 106910
134.664 106899
134.665 106892
134.667 106885
134.669 106874
134.712 106860
134.714 106830
134.73 106828
134.731 106826
134.733 106807
134.741 106806
134.968 106803
134.971 106798
134.972 106784
144.784 106761
144.785 106757
144.788 106749
144.807 106738
144.815 106732
144.82 106727
144.822 106724
144.823 106718
144.825 106716
148.863 106711
148.89 106687
148.891 106681
148.891 106680
148.892 106678
148.958 106666
148.959 106665
148.96 106654
173.538 106638
177.123 106612
179.134 106604
179.134 106576
179.143 106574
179.149 106560
179.15 106554
179.189 106545
180.571 106544
180.572 106541
180.575 106532
180.576 106522
182.252 106504
182.254 106501
182.426 106499
182.428 106498
182.433 106489
182.44 106488
182.441 106473
182.441 106467
182.444 106457
182.446 106441
182.447 106426
182.448 106420
182.542 106403
182.798 106402
182.799 106401
182.801 106390
182.802 106340
182.804 106329
182.806 106326
182.808 106323
182.824 106309
182.824 106301
182.826 106295
210.58 106294
213.978 106286
213.98 106267
213.984 106266
214.074 106256
214.771 106253
214.773 106251
214.777 106243
214.785 106242
214.785 106234
214.792 106205
214.793 106202
220.055 106194
220.058 106190
220.06 106189
220.061 106175
220.076 106171
220.076 106170
220.077 106156
220.08 106147
220.087 106144
220.092 106136
220.095 106127
223.416 106123
241.723 106098
241.728 106090
243.289 106087
243.289 106077
243.291 106076
243.292 106075
243.294 106057
243.296 106054
243.297 106053
243.3 106044
243.303 106030
243.309 106028
243.311 106026
243.311 106025
243.35 106016
243.352 106014
243.352 105990
243.354 105986
243.356 105978
243.357 105973
243.462 105966
243.503 105959
243.564 105946
243.565 105942
243.567 105941
243.581 105938
243.583 105937
243.589 105936
243.59 105925
243.593 105919
243.606 105907
243.607 105897
244.333 105894
244.339 105890
244.341 105885
244.366 105864
244.404 105861
244.405 105847
244.472 105837
244.485 105829
244.572 105823
244.575 105810
244.575 105804
244.584 105803
244.604 105800
244.618 105798
244.62 105795
268.38 105785
268.381 105783
268.384 105777
268.392 105775
268.399 105774
268.638 105759
268.645 105758
268.648 105751
268.652 105748
268.654 105743
268.659 105742
268.659 105740
268.661 105736
268.665 105733
268.666 105728
277.009 105727
277.011 105724
277.062 105723
277.063 105720
277.067 105717
277.068 105714
285.532 105712
286.57 105708
286.573 105690
286.579 105689
286.581 105688
288.047 105676
288.047 105668
290.173 105654
290.175 105653
290.177 105651
290.178 105646
290.279 105642
290.28 105640
290.285 105634
290.286 105631
290.291 105625
290.898 105614
290.899 105610
290.917 105607
290.919 105599
290.926 105584
290.931 105573
290.938 105568
296.526 105559
296.531 105557
296.535 105555
296.536 105548
296.537 105537
296.548 105536
313.967 105530
314.454 105529
314.457 105524
314.458 105520
314.947 105508
314.948 105507
315.171 105506
315.183 105505
315.184 105489
315.753 105485
315.761 105481
315.763 105478
315.763 105454
315.766 105451
334.391 105446
340.498 105442
340.56 105440
340.599 105430
340.601 105429
340.616 105428
340.617 105426
340.625 105417
340.629 105413
340.746 105406
340.749 105405
340.752 105400
340.765 105398
341.522 105391
341.531 105387
341.56 105380
341.562 105371
341.678 105370
341.686 105354
341.689 105334
341.69 105333
341.859 105324
341.889 105322
341.89 105320
341.895 105312
341.895 105305
341.9 105296
341.905 105290
341.935 105288
342.012 105284
354.664 105281
354.666 105278
354.668 105272
354.669 105269
354.671 105265
354.678 105252
354.857 105250
354.861 105249
354.921 105246
354.924 105237
354.926 105234
354.945 105230
354.947 105220
354.949 105213
354.952 105208
354.955 105206
354.959 105200
354.961 105199
354.961 105194
354.973 105192
354.987 105180
354.997 105178
355.03 105170
355.035 105168
355.041 105165
355.044 105160
355.048 105159
355.049 105158
355.165 105154
355.169 105148
363.137 105143
374.849 105142
374.849 105135
374.851 105134
374.859 105127
374.879 105116
374.918 105107
374.922 105106
374.925 105105
374.926 105098
374.93 105092
379.306 105089
384.807 105086
385.083 105083
385.292 105082
385.294 105079
386.844 105076
386.857 105073
386.866 105070
386.889 105067
386.929 105065
386.988 105062
386.989 105058
387.208 105053
387.214 105052
387.217 105031
387.286 105027
387.299 105026
387.353 105017
387.362 105013
387.363 105012
387.369 105011
387.37 105007
387.374 105006
387.396 105004
387.414 105002
387.418 104994
387.448 104986
387.45 104985
387.454 104984
387.473 104983
387.478 104982
387.479 104981
417.35 104977
417.377 104975
417.394 104963
417.398 104961
417.401 104960
417.414 104958
417.567 104953
417.573 104952
417.578 104948
417.581 104944
417.587 104940
417.591 104938
417.597 104933
425.017 104932
425.052 104930
425.057 104929
425.552 104928
425.555 104922
425.556 104919
425.686 104914
425.69 104913
425.719 104912
425.729 104911
425.732 104904
425.76 104898
425.76 104891
425.761 104889
425.764 104888
426.446 104880
427.907 104878
427.909 104876
427.924 104875
427.937 104872
432.236 104868
432.241 104866
432.245 104862
432.252 104860
432.27 104856
443.031 104854
443.069 104850
443.126 104846
445.175 104842
445.178 104839
445.184 104838
445.184 104834
445.209 104827
445.466 104823
445.485 104822
445.487 104819
445.506 104818
445.517 104817
445.529 104814
445.53 104811
445.736 104810
445.739 104807
460.013 104805
460.017 104804
460.02 104795
460.028 104792
461.979 104787
462.526 104784
462.591 104783
462.592 104779
473.338 104773
473.453 104772
473.459 104767
473.473 104764
476.75 104759
500.184 104752
500.222 104751
500.227 104749
502.576 104746
502.577 104745
502.585 104743
502.586 104740
502.62 104738
502.696 104737
503.502 104736
503.509 104735
503.522 104734
503.522 104733
503.529 104731
503.538 104730
503.538 104727
503.565 104725
503.577 104724
503.58 104721
510.285 104719
510.289 104718
514.389 104716
514.481 104713
514.493 104711
514.659 104710
514.782 104708
514.86 104707
514.889 104706
515.245 104705
515.246 104704
515.256 104701
515.419 104696
515.445 104691
515.449 104690
519.934 104688
519.942 104687
519.969 104684
519.975 104683
520.005 104681
520.119 104678
520.12 104676
520.126 104675
520.131 104674
520.497 104673
520.533 104671
520.669 104668
520.689 104667
521.232 104666
521.272 104659
521.275 104658
521.716 104655
521.722 104652
521.731 104651
521.734 104650
521.735 104649
521.787 104646
521.792 104645
521.81 104642
522.895 104639
522.917 104636
522.931 104634
522.971 104633
522.988 104631
523 104630
523.067 104624
532.061 104618
532.071 104615
532.075 104609
532.091 104608
538.215 104452
538.226 104451
538.305 104449
538.306 104447
538.308 104443
538.355 104441
538.568 104439
538.573 104438
538.588 104436
538.594 104435
538.604 104429
538.611 104426
538.619 104425
538.632 104422
538.646 104420
538.879 104419
538.892 104417
539.148 104415
539.153 104413
540.569 104409
540.582 104403
540.583 104401
540.584 104395
540.588 104393
540.68 104384
540.706 104381
540.742 104380
540.769 104379
541.155 104378
541.161 104377
541.195 104374
541.27 104366
541.336 104365
541.337 104364
541.664 104363
541.678 104358
541.947 104354
541.956 104353
542.028 104352
543.149 104349
543.242 104347
543.896 104342
544.087 104341
544.175 104340
544.278 104339
544.28 104338
544.287 104337
544.307 104336
544.318 104334
544.634 104333
544.693 104332
545.345 104331
545.596 104330
545.605 104329
545.607 104328
545.689 104327
545.986 104325
546.248 104323
554.075 104282
554.081 104215
554.12 104214
554.129 104213
554.139 104199
554.164 104198
554.169 104196
554.194 104193
554.196 104192
554.205 104188
555.478 104186
555.51 104183
555.996 104182
556.17 104179
556.186 104178
556.273 104168
556.273 104167
556.283 104166
556.285 104165
556.31 104164
556.317 104158
556.453 104142
556.941 104138
557.164 104137
557.194 104127
557.207 104126
557.243 104125
557.591 104124
557.6 104123
557.609 104116
557.761 104113
557.767 104111
557.84 104105
557.955 104103
557.959 104080
557.973 104079
557.98 104078
558.033 104068
558.034 104067
558.036 104066
558.041 104062
558.059 104036
558.078 104035
558.086 104034
558.134 104028
558.135 104027
558.143 104025
558.144 104024
558.205 104021
558.259 104020
558.351 104017
558.367 104016
558.643 104013
558.659 104012
558.666 104011
558.685 104006
558.72 104005
564.258 104001
564.26 104000
564.264 103999
564.273 103998
564.406 103996
564.421 103995
564.424 103994
564.428 103991
564.43 103989
564.443 103969
564.444 103968
564.492 103946
564.515 103944
564.54 103942
564.542 103940
564.955 103936
564.959 103926
565.782 103922
565.785 103921
565.79 103919
565.795 103917
565.821 103916
565.862 103915
566.764 103914
566.781 103910
566.816 103909
571.937 103906
571.953 103905
571.968 103904
572.025 103898
572.102 103896
572.139 103895
572.163 103894
572.941 103891
573.025 103890
573.064 103889
573.096 103886
573.1 103884
573.261 103883
573.279 103882
573.532 103881
573.641 103880
573.782 103879
573.924 103872
573.937 103869
574.016 103866
574.041 103863
579.947 103860
579.948 103859
579.958 103853
579.976 103852
580.045 103851
580.048 103845
580.049 103844
585.066 103843
585.102 103842
586.195 103841
586.558 103839
586.807 103838
586.99 103835
592.261 103834
592.263 103833
592.903 103832
592.943 103831
593.01 103829
593.223 103828
593.224 103826
593.483 103825
593.617 103823
593.644 103822
593.658 103821
593.676 103818
600.629 103817
600.705 103815
600.904 103813
600.906 103812
603.976 103810
604.032 103809
604.046 103808
604.047 103806
604.082 103805
605.152 103804
605.177 103803
605.197 103800
605.292 103799
608.974 103798
609.463 103797
