0.004 41639
0.006 41632
0.011 41556
0.017 41555
0.019 41490
0.029 41424
0.032 41421
0.033 41402
0.034 41386
0.036 41371
0.039 41353
0.044 41348
0.048 41290
0.048 41175
0.052 41117
0.053 41112
0.055 41054
0.056 41049
0.058 40978
0.06 40873
0.061 40820
0.109 40809
0.11 40796
0.111 40689
0.112 40652
0.113 40644
0.116 40639
0.12 40637
0.123 40633
0.131 40594
0.144 40586
0.145 40583
3.528 40527
3.546 40523
3.546 40519
3.563 40511
5.186 40490
5.195 40471
5.196 40470
5.197 40432
5.199 40408
5.206 40375
5.208 40370
6.401 40364
6.403 40354
6.407 40326
6.409 40323
6.416 40322
12.094 40319
18.41 40318
18.507 40315
18.536 40313
18.593 40312
19.046 40310
22.249 40305
22.251 40302
22.253 40301
24.473 40295
