0.003 40410
0.004 40402
0.008 40171
0.012 40158
0.014 40029
0.015 39998
0.017 39994
0.017 39987
0.026 39969
0.026 39960
0.027 39957
0.044 39942
0.045 39927
0.075 39913
0.096 39842
0.097 39809
0.144 39805
0.146 39794
0.219 39726
0.221 39717
0.228 39562
0.23 39524
0.235 39478
0.235 39459
0.243 39402
0.248 39401
0.261 39381
0.261 39363
0.28 39342
0.297 39340
0.353 39332
0.354 39320
0.357 39305
0.357 39303
0.359 39293
0.361 39278
0.362 39249
0.373 39228
0.398 39210
0.462 39174
0.463 39173
0.467 39151
0.471 39143
0.524 39140
0.535 39131
0.56 39094
0.562 39093
0.577 39085
0.581 39084
1.425 39077
1.427 39062
1.427 39045
1.57 39044
6.107 39030
6.375 39028
6.395 38993
6.397 38958
6.398 38957
6.411 38949
6.412 38946
7.489 38944
8.372 38934
11.048 38928
11.061 38922
13.297 38920
13.302 38919
14.506 38916
