0.003 48146
0.004 48065
0.005 48001
0.005 47990
0.006 47988
0.006 47953
0.006 47940
0.01 47932
0.031 47927
0.032 47718
0.033 47694
0.033 47666
0.039 47466
0.039 47426
0.04 47417
0.047 46832
0.049 46768
0.049 46761
0.052 46718
0.055 46674
0.056 46576
0.056 46496
0.058 46452
0.059 46450
0.061 46439
0.063 46312
0.063 46267
0.063 46264
0.069 46258
0.071 46184
0.072 46099
0.073 46051
0.074 46037
0.074 46007
0.131 46004
0.132 45919
0.145 45862
0.146 45815
0.149 45807
0.164 45754
0.169 45748
0.17 45747
0.17 45724
0.171 45723
0.173 45707
0.176 45706
0.178 45701
0.182 45696
0.695 45650
0.697 45629
0.697 45628
0.725 45616
1.023 45615
1.023 45610
1.281 45607
1.685 45591
4.402 45585
5.222 45555
5.222 45550
9.416 45546
9.417 45541
9.418 45536
9.47 45533
34.915 45532
35.909 45484
35.915 45462
35.923 45422
35.929 45412
35.932 45384
35.937 45369
35.958 45365
35.972 45333
35.972 45322
35.977 45268
35.979 45257
35.99 45249
35.993 45248
36.016 45241
36.03 45239
36.056 45196
36.07 45189
36.077 45178
36.081 45165
36.086 45156
36.087 45152
36.088 45151
36.097 45145
36.125 45144
36.145 45129
36.203 45126
36.207 45121
36.217 45120
36.226 45111
36.233 45110
36.242 45107
36.267 45104
36.27 45103
36.28 45101
36.281 45098
36.284 45097
36.345 45095
36.374 45094
36.461 45090
36.461 45086
36.471 45076
36.476 45075
36.815 45045
36.817 45044
36.82 45038
36.829 45014
36.83 45006
36.835 44992
36.841 44985
36.851 44982
36.854 44980
36.855 44977
36.857 44973
36.888 44961
37.012 44959
37.02 44957
37.078 44945
37.08 44942
37.104 44941
37.105 44935
37.106 44920
37.107 44906
37.108 44888
37.111 44869
37.136 44867
37.148 44861
37.151 44846
37.156 44845
37.344 44836
37.345 44834
37.39 44813
37.39 44811
37.395 44807
37.402 44801
37.562 44798
38.3 44794
38.31 44790
38.809 44789
39.003 44786
39.008 44785
39.294 44784
39.407 44780
39.41 44777
41.699 44774
41.705 44771
42.005 44770
42.128 44768
43.126 44762
43.151 44755
