0.001 24876
0.002 24786
0.003 24713
0.004 24704
0.004 24695
0.004 24689
0.005 24500
0.006 24495
0.007 24443
0.009 24428
0.009 24414
0.009 24402
0.05 23496
0.103 23476
0.104 23408
0.105 23405
0.108 23400
0.111 23397
0.111 23386
0.112 23381
0.114 23378
0.115 23365
0.116 23364
0.117 23339
0.127 23334
0.129 23315
0.129 23295
0.132 23293
0.182 23290
0.191 23287
0.207 23280
0.29 23243
0.518 23227
0.519 23214
0.534 23209
0.537 23197
0.619 23177
0.62 23167
1.044 23154
1.048 23130
1.048 23111
1.051 23089
1.116 23087
1.118 23078
