0.003 53612
0.003 53601
0.003 52905
0.004 52903
0.008 52494
0.009 52399
0.01 52398
0.01 52053
0.014 52011
0.014 52010
0.016 52005
0.017 51938
0.019 51895
0.019 51891
0.02 51890
0.021 51785
0.022 51645
0.026 51639
0.089 51512
0.093 51443
0.093 51417
0.097 51407
0.097 51404
0.102 51397
0.105 51385
0.108 51354
0.109 51353
0.139 51350
0.15 51347
0.206 51339
0.214 51307
0.216 51286
0.217 51285
0.219 51261
0.225 51237
0.229 51233
0.446 51208
0.449 51192
0.451 51173
0.452 51154
0.454 51152
0.462 51151
0.462 51087
0.472 51062
0.473 51055
0.48 51041
0.481 51037
0.481 51036
0.49 51023
1.012 50966
1.063 50959
2.412 50949
2.443 50944
2.568 50939
2.595 50936
2.637 50930
2.638 50929
2.897 50928
2.899 50926
2.901 50922
2.903 50918
3.24 50896
3.241 50885
3.393 50810
3.395 50706
3.397 50692
3.397 50690
3.399 50674
3.399 50647
3.4 50500
3.402 50499
3.402 50487
3.403 50485
3.405 50482
3.406 50477
3.407 50468
4.121 50465
4.502 50462
4.583 50451
4.584 50448
4.64 50447
5.006 50432
5.008 50418
5.01 50414
14.698 50411
14.78 50409
14.801 50408
14.807 50407
14.818 50404
14.825 50397
14.835 50364
14.838 50361
14.894 50360
14.896 50353
17.048 50339
17.054 50334
17.114 50326
19.121 50325
19.164 50324
21.342 50322
21.345 50319
21.348 50316
21.358 50243
21.359 50237
21.372 50230
21.386 50226
21.627 50223
21.64 50219
21.649 50217
22.305 50215
24.625 50212
26.143 50211
26.144 50210
26.388 50209
27.623 50208
