0.004 38549
0.005 38515
0.005 38485
0.007 38473
0.008 38457
0.017 38423
0.023 38387
0.023 38370
0.046 38359
0.046 38239
0.051 38134
0.053 38133
0.111 38118
0.118 38078
0.13 38002
0.131 37936
0.143 37889
0.146 37881
0.163 37872
0.163 37826
0.164 37812
0.164 37782
0.166 37779
0.849 37764
1.92 37725
3.687 37721
3.689 37719
4.892 37691
4.967 37675
5.097 37636
5.099 37635
5.102 37608
5.102 37592
5.111 37585
5.111 37572
5.112 37569
5.114 37562
5.114 37551
6.482 37517
6.482 37508
6.484 37488
6.523 37487
6.523 37394
6.523 37383
6.526 37369
7.721 37368
7.721 37365
9.827 37364
13.581 37349
14.374 37339
