0.006 34141
0.006 34132
0.007 33867
0.007 33861
0.008 33744
0.008 33740
0.009 33710
0.009 33681
0.01 33667
0.012 33655
0.012 33653
0.013 33613
0.014 33598
0.016 33589
0.017 33575
0.017 33562
0.018 33466
0.019 33461
0.029 33456
0.034 33444
0.035 33439
0.036 33319
0.037 33318
0.085 33164
0.086 33151
0.086 33117
0.087 33101
0.094 33023
0.095 32989
0.4 32979
0.401 32971
0.401 32949
0.657 32940
0.658 32896
0.658 32857
0.66 32852
1.391 32838
1.807 32837
1.809 32823
1.811 32810
1.811 32809
1.942 32775
1.945 32760
2.023 32759
2.026 32733
2.026 32732
2.028 32725
2.073 32723
2.757 32712
2.758 32673
3.342 32660
3.342 32652
3.358 32626
3.374 32622
3.381 32611
3.383 32608
3.388 32606
3.389 32593
3.538 32585
3.54 32578
3.575 32568
3.578 32558
3.661 32528
3.663 32503
3.664 32476
3.686 32475
3.689 32465
14.109 32453
15.145 32452
15.152 32445
15.188 32444
17.867 32438
17.881 32433
17.883 32430
19.775 32429
19.793 32425
22.781 32420
22.782 32416
22.799 32410
34.128 32408
