0.007 91097
0.009 91062
0.013 91040
0.013 91039
0.014 91024
0.017 90994
0.017 90974
0.02 90938
0.02 90922
0.021 90897
0.023 90891
0.023 90832
0.024 90787
0.024 90587
0.033 90444
0.034 90401
0.038 90333
0.039 90193
0.04 90189
0.042 90157
0.045 90148
0.045 90145
0.05 90138
0.05 90130
0.052 90127
0.053 90118
0.053 90110
0.058 90088
0.065 90078
0.066 89992
0.109 89987
0.11 89978
0.123 89966
0.125 89874
0.128 89843
0.142 89824
0.142 89817
0.147 89717
0.149 89714
0.15 89662
0.167 89642
0.167 89640
0.17 89632
0.173 89568
0.176 89520
0.178 89516
0.179 89411
0.181 89403
0.181 89395
0.183 89323
0.187 89271
0.217 89203
0.294 89145
0.3 89126
0.301 89091
0.302 89088
0.302 89087
0.303 89047
0.304 88969
0.306 88954
0.313 88950
0.352 88948
1.479 88941
1.481 88917
1.485 88915
1.487 88896
1.487 88873
1.489 88857
1.501 88854
1.51 88843
1.51 88841
1.657 88832
1.671 88798
1.672 88651
1.673 88643
1.674 88640
1.691 88623
1.692 88567
1.695 88564
1.695 88531
1.698 88527
1.699 88524
1.72 88523
4.409 88516
5.9 88502
5.917 88468
5.918 88338
5.925 88294
5.933 88293
5.965 88288
5.97 88246
5.973 88245
5.977 88237
5.978 88163
5.987 88161
5.988 88150
5.993 88146
6.957 88134
6.957 88128
6.998 88116
6.998 88108
6.999 88106
7.67 88103
7.728 88101
7.764 88063
7.774 88046
10.612 88043
11.702 88028
11.733 88023
11.735 88019
11.743 88015
11.745 88008
13.181 88001
13.189 87999
13.277 87996
13.277 87995
13.749 87989
13.755 87988
13.793 87981
19.889 87978
19.908 87973
20.342 87959
20.346 87958
20.545 87948
20.556 87940
20.591 87874
20.6 87862
20.738 87858
20.752 87826
20.784 87822
20.795 87814
20.795 87804
20.8 87799
20.909 87781
20.926 87762
20.933 87758
20.976 87743
20.977 87730
20.979 87726
20.986 87715
20.986 87710
20.988 87699
20.99 87696
21.004 87692
26.299 87690
26.313 87686
26.319 87683
26.734 87679
26.734 87672
26.737 87667
32.54 87665
34.586 87662
34.913 87652
34.933 87650
34.989 87649
