0.005 107469
0.006 107468
0.006 107444
0.007 107428
0.008 107423
0.008 107405
0.009 107399
0.01 107292
0.01 107284
0.011 107283
0.012 107274
0.012 107263
0.016 107240
0.023 107232
0.028 107223
0.031 107211
0.031 107191
0.034 107128
0.049 107094
0.049 107090
0.06 107089
0.067 107027
0.068 106998
0.069 106989
0.069 106988
0.072 106953
0.084 106949
0.086 106948
0.087 106930
0.09 106913
0.116 106837
0.12 106817
0.122 106782
0.126 106781
0.477 106776
0.509 106765
0.512 106744
0.514 106716
0.515 106712
0.516 106706
0.762 106665
0.777 106638
0.959 106632
0.97 106599
7.31 106582
7.397 106576
7.402 106571
7.407 106567
20.929 106565
21.05 106564
21.052 106563
21.054 106562
32.237 106561
37.856 106558
37.867 106552
72.781 106551
85.898 106543
90.956 106540
91.162 106539
