0.005 26611
0.005 26597
0.005 26578
0.006 26564
0.006 26530
0.007 26513
0.007 26432
0.009 26411
0.01 26381
0.011 26337
0.012 26297
0.015 26271
0.016 26242
0.016 26240
0.018 26215
0.018 26208
0.019 26070
0.019 26019
0.021 26016
0.022 25981
0.023 25980
0.026 25965
0.026 25819
0.027 25808
0.033 25802
0.038 25798
0.049 25765
0.049 25762
0.058 25724
0.062 25720
0.064 25698
0.071 25628
0.072 25589
0.186 25571
0.211 25558
0.222 25549
0.223 25515
0.224 25507
0.593 25482
0.594 25465
0.64 25454
0.643 25432
0.644 25425
0.645 25421
0.654 25405
0.655 25396
0.656 25380
0.926 25360
0.931 25348
0.932 25292
0.935 25272
2.209 25271
2.323 25229
2.324 25220
2.328 25219
2.577 25195
3.553 25178
3.732 25162
4.941 25152
4.943 25133
4.943 25127
6.372 25118
6.421 25113
6.425 25071
8.889 25068
10.317 25067
11.116 25062
11.41 25052
11.475 25038
11.48 25036
11.489 25034
11.629 25032
14.246 25030
16.249 25026
16.251 25025
16.277 25024
16.277 25017
16.295 25014
16.297 25010
16.303 25003
17.502 24995
