0.005 37819
0.006 37554
0.007 37543
0.007 37509
0.007 37505
0.008 37475
0.009 37392
0.009 37386
0.01 37376
0.011 37252
0.012 37226
0.012 37225
0.013 37157
0.014 37015
0.016 37006
0.021 37000
0.021 36997
0.023 36988
0.03 36922
0.031 36909
0.032 36865
0.033 36854
0.057 36795
0.058 36779
0.063 36775
0.064 36761
0.064 36665
0.065 36623
0.069 36622
0.086 36619
0.087 36604
0.093 36536
0.181 36507
0.184 36460
0.188 36440
0.224 36381
0.224 36367
0.237 36337
0.238 36331
0.242 36322
0.243 36319
0.246 36317
0.248 36298
0.249 36285
0.249 36274
0.25 36245
0.34 36187
1.075 36175
1.076 36168
1.077 36162
1.086 36125
1.095 36121
1.096 36120
1.19 36118
1.217 36101
1.721 36091
1.918 36077
1.921 36069
4.274 36022
5.464 36017
5.468 36006
5.498 35989
5.498 35978
5.499 35969
5.752 35961
7.778 35958
7.778 35952
8.081 35950
8.309 35938
10.736 35925
12.169 35918
15.128 35916
15.144 35914
15.145 35909
17.637 35905
18.578 35903
18.578 35897
18.645 35895
18.649 35894
19.05 35893
19.056 35892
19.07 35891
28.992 35888
29.003 35885
29.087 35882
29.089 35881
29.09 35879
29.516 35878
29.785 35872
30.326 35871
30.369 35868
30.371 35866
30.379 35865
34.631 35864
34.736 35858
34.951 35857
35.056 35850
