0.004 30143
0.004 30102
0.005 30063
0.005 29982
0.006 29974
0.006 29897
0.007 29851
0.008 29833
0.009 29772
0.01 29763
0.01 29638
0.01 29609
0.011 29595
0.014 29550
0.014 29453
0.014 29452
0.015 29434
0.016 29405
0.018 29401
0.018 29293
0.019 29280
0.02 29164
0.02 29155
0.024 29133
0.027 29121
0.028 29083
0.031 29039
0.032 29038
0.032 29034
0.035 29008
0.067 28951
0.069 28915
0.073 28913
0.088 28895
0.088 28891
0.089 28887
0.158 28886
0.159 28884
0.164 28873
0.317 28861
0.328 28860
0.334 28856
0.335 28850
0.344 28847
0.351 28814
0.353 28800
0.355 28796
0.363 28744
0.907 28726
3.798 28707
4.75 28690
4.914 28681
5.174 28665
5.361 28644
5.363 28640
5.385 28633
5.405 28630
5.406 28626
10.622 28614
10.625 28612
10.625 28607
10.628 28604
21.444 28585
21.55 28582
22.982 28581
22.997 28577
30.518 28575
30.52 28565
30.533 28561
30.544 28552
30.584 28550
30.93 28546
31.23 28542
31.25 28538
