0.005 26822
0.005 26735
0.007 26693
0.007 26590
0.008 26576
0.008 26562
0.009 26462
0.01 26412
0.011 26410
0.011 26254
0.012 26195
0.012 26187
0.014 26165
0.014 26077
0.016 25959
0.017 25951
0.017 25892
0.019 25790
0.029 25782
0.031 25765
0.031 25737
0.032 25696
0.034 25675
0.039 25659
0.049 25631
0.075 25615
0.076 25611
0.078 25605
0.08 25592
0.082 25570
0.084 25569
0.087 25519
0.087 25516
0.162 25506
0.163 25493
0.163 25482
0.164 25440
0.165 25425
0.166 25359
0.168 25333
0.172 25249
0.172 25230
0.378 25218
0.754 25202
1.049 25185
1.401 25184
1.439 25171
1.44 25163
1.441 25161
1.451 25145
3.399 25144
3.4 25136
3.63 25129
4.074 25106
23.547 25105
23.568 25101
24.526 25100
24.54 25091
24.546 25087
28.821 25086
28.824 25082
