0.006 26415
0.006 26376
0.006 26331
0.007 26320
0.008 26294
0.008 26137
0.008 26102
0.009 25900
0.01 25855
0.011 25825
0.012 25813
0.014 25808
0.014 25798
0.015 25795
0.016 25701
0.022 25690
0.023 25665
0.073 25542
0.074 25462
0.076 25440
0.076 25409
0.076 25386
0.079 25364
0.079 25352
0.079 25321
0.08 25294
0.081 25288
0.081 25247
0.085 25221
0.089 25202
0.089 25168
0.089 25115
0.138 25110
0.139 25107
0.143 25103
0.167 25096
0.22 25075
0.222 25054
0.227 25029
0.721 24990
0.727 24944
0.729 24943
0.982 24916
0.986 24887
1.032 24883
1.038 24882
2.579 24879
2.582 24861
4.084 24841
4.084 24840
4.085 24827
4.652 24815
4.652 24814
4.663 24801
8.002 24789
8.004 24780
8.128 24777
8.144 24774
8.227 24762
8.232 24756
8.597 24754
8.6 24740
8.601 24736
9.36 24718
9.363 24714
9.45 24708
9.497 24704
9.5 24681
9.549 24674
9.681 24663
9.886 24661
9.888 24656
9.908 24652
9.916 24651
9.917 24650
10.05 24645
19.499 24640
20.166 24634
20.174 24631
20.324 24621
20.341 24620
20.343 24617
20.626 24615
24.411 24605
25.031 24601
