0.004 56034
0.004 56027
0.005 56002
0.006 55999
0.007 55892
0.007 55874
0.008 55845
0.009 55780
0.009 55772
0.015 55770
0.015 55743
0.016 55736
0.016 55716
0.017 55621
0.024 55620
0.024 55612
0.026 55607
0.026 55588
0.026 55572
0.029 55565
0.031 55563
0.034 55504
0.035 55459
0.037 55432
0.046 55416
0.051 55399
0.053 55375
0.092 55355
0.092 55328
0.143 55323
0.145 55322
0.196 55299
0.201 55289
0.211 55268
0.285 55055
0.288 55013
0.29 54961
0.291 54900
0.306 54885
0.308 54858
0.309 54856
0.355 54842
0.365 54841
0.366 54828
0.367 54814
0.369 54809
0.383 54768
0.407 54765
0.409 54764
0.434 54706
0.438 54690
0.452 54676
0.455 54651
0.5 54624
0.501 54618
0.502 54606
0.504 54581
0.505 54572
0.507 54556
0.602 54549
0.615 54351
0.616 54331
0.617 54321
0.617 54309
0.618 54296
0.619 54279
0.623 54278
0.624 54223
0.636 54185
0.636 54156
0.645 54155
0.65 54135
0.65 54103
0.655 54094
0.703 54034
1.041 54028
1.043 54009
1.047 54008
1.122 53995
1.125 53986
1.126 53985
1.13 53984
1.131 53979
1.131 53970
7.3 53968
7.301 53961
7.333 53955
7.335 53916
10.096 53910
10.113 53909
10.119 53907
10.152 53901
10.153 53894
10.155 53893
10.159 53890
10.473 53877
19.513 53873
19.516 53871
19.543 53866
19.561 53864
19.573 53859
19.588 53847
20.87 53839
21.056 53837
21.173 53832
21.227 53827
21.75 53825
21.753 53823
21.822 53822
21.828 53821
21.841 53820
30.866 53819
32.101 53818
32.574 53814
32.614 53812
32.622 53811
32.669 53809
32.689 53808
