0.008 29296
0.009 29237
0.009 29218
0.009 29205
0.012 29198
0.013 29157
0.014 29066
0.014 29060
0.025 29028
0.025 28992
0.025 28968
0.029 28934
0.03 28925
0.037 28909
0.037 28838
0.038 28834
0.038 28825
0.079 28784
0.08 28781
0.152 28773
0.163 28761
0.163 28758
0.164 28716
0.252 28698
0.253 28642
0.256 28623
0.257 28617
0.259 28616
0.26 28614
0.366 28603
0.367 28587
0.369 28574
0.53 28551
0.532 28544
0.617 28530
0.618 28526
0.711 28519
0.713 28497
3.365 28458
3.869 28439
3.871 28436
4.003 28404
5.475 28399
5.485 28387
5.486 28367
5.488 28365
5.488 28361
5.649 28337
5.654 28307
13.382 28306
13.384 28303
13.649 28300
13.65 28297
14.794 28288
14.822 28275
14.892 28264
14.909 28262
14.931 28259
14.937 28256
14.938 28252
14.942 28237
14.949 28236
15.062 28231
15.064 28229
15.118 28219
15.119 28201
15.129 28187
17.219 28180
19.09 28178
19.095 28175
19.099 28172
19.134 28171
19.883 28167
19.983 28165
19.984 28162
19.987 28155
20.901 28139
23.634 28137
25.398 28134
25.401 28133
25.411 28131
