0.009 40807
0.01 40654
0.01 40632
0.01 40597
0.011 40591
0.011 40545
0.012 40497
0.013 40467
0.016 40403
0.016 40402
0.017 40291
0.018 40271
0.021 40256
0.021 40255
0.022 40214
0.022 40149
0.045 40056
0.057 40035
0.058 40030
0.058 39886
0.059 39884
0.06 39875
0.06 39871
0.061 39853
0.075 39842
0.076 39813
0.085 39794
0.097 39770
0.098 39748
0.103 39747
0.104 39741
0.105 39734
0.106 39723
0.115 39685
0.116 39619
0.179 39607
0.22 39525
0.259 39518
0.26 39516
0.261 39504
0.261 39483
0.263 39482
0.263 39468
0.266 39397
0.277 39386
0.278 39367
0.343 39364
0.379 39343
0.537 39332
0.538 39331
0.755 39326
0.757 39314
0.766 39296
0.768 39275
1.028 39265
1.028 39252
1.03 39229
1.033 39181
1.05 39165
1.056 39144
1.274 39139
3.197 39118
3.198 39112
3.367 39069
3.377 39061
3.378 39058
3.378 39030
3.379 39026
3.38 39007
3.381 38967
4.091 38956
4.092 38950
4.098 38946
4.099 38945
4.099 38927
4.1 38916
4.1 38903
4.103 38891
4.105 38885
4.105 38884
4.106 38876
4.107 38866
4.108 38855
11.501 38851
11.738 38847
11.74 38838
11.765 38835
11.765 38829
11.773 38807
12.517 38806
12.52 38796
12.914 38791
12.915 38790
13.461 38784
13.468 38783
13.47 38782
14.501 38779
14.509 38777
14.649 38775
14.649 38764
14.65 38753
14.657 38751
18.053 38750
18.121 38748
18.123 38746
18.174 38741
19.36 38738
19.393 38737
19.509 38735
19.509 38730
19.514 38728
20.917 38719
22.401 38711
23.044 38709
27.611 38707
27.626 38703
29.314 38700
29.336 38698
29.34 38692
29.55 38690
29.83 38688
29.835 38687
29.843 38685
29.89 38683
