0.008 132138
0.01 132106
0.01 131972
0.014 131737
0.014 131546
0.015 131363
0.017 131350
0.019 130989
0.02 130972
0.021 130825
0.023 130806
0.023 130738
0.024 130713
0.025 130617
0.034 130042
0.036 130010
0.038 129834
0.041 129828
0.048 129802
0.12 129751
0.122 129734
0.127 129645
0.127 129639
0.133 129337
0.133 129330
0.134 129249
0.136 129243
0.137 129242
0.139 129223
0.139 129197
0.143 129174
0.151 128781
0.152 128774
0.157 128749
0.159 128734
0.159 128727
0.166 128685
0.171 128585
0.173 128580
0.176 128541
0.176 128530
0.179 128426
0.182 128406
0.182 128377
0.342 128368
0.371 128245
0.409 128159
0.41 128151
0.412 128140
0.414 128136
0.415 128132
0.417 128112
0.419 128108
0.486 128085
0.487 128065
0.488 128028
0.535 127900
0.543 127891
0.543 127885
0.543 127882
0.561 127853
0.59 127839
0.6 127838
0.605 127804
0.619 127799
0.622 127755
0.624 127737
0.625 127709
0.626 127552
0.627 127519
0.637 127423
0.686 127397
0.699 127375
0.7 127370
0.703 127359
0.707 127303
1.116 127301
1.118 127275
1.119 127274
1.119 127257
1.123 127255
2.138 127208
2.139 127205
2.14 127200
2.151 127135
2.154 127134
2.158 127071
2.168 127069
2.521 127045
2.522 127041
2.531 127023
2.734 127012
2.736 127005
3.147 126962
3.149 126953
3.151 126951
3.152 126941
3.188 126930
3.253 126926
3.255 126921
3.259 126919
3.77 126918
3.795 126903
3.807 126899
3.809 126894
3.81 126877
3.811 126871
3.811 126870
3.926 126867
3.928 126866
5.361 126826
5.362 126824
5.366 126823
5.367 126822
6.767 126804
6.771 126803
6.773 126794
8.187 126782
8.189 126765
8.493 126758
8.497 126754
8.498 126753
8.501 126749
9.085 126747
9.09 126745
9.098 126744
9.099 126736
9.118 126733
9.186 126719
9.193 126710
9.193 126698
9.194 126689
9.356 126687
9.373 126635
9.402 126621
9.404 126604
9.406 126603
9.408 126599
9.408 126590
9.568 126584
9.57 126580
9.578 126552
12.257 126543
12.258 126530
12.44 126523
12.462 126514
12.56 126403
12.563 126392
12.573 126391
12.573 126390
12.585 126377
12.585 126358
12.587 126355
12.625 126325
12.63 126323
12.646 126322
12.65 126313
12.688 126302
12.69 126299
12.692 126296
12.883 126284
12.89 126283
13.246 126282
13.254 126281
13.279 126280
13.999 126279
14.023 126275
14.958 126272
14.959 126270
14.962 126269
14.975 126263
14.989 126246
14.992 126240
15.003 126235
15.006 126234
15.009 126233
15.083 126230
15.65 126227
15.652 126226
15.655 126220
16.278 126219
16.298 126216
16.302 126210
16.303 126209
16.414 126203
16.482 126196
16.489 126191
16.566 126182
16.651 126178
23.531 126171
24.547 126170
24.683 126169
26.22 126167
26.249 126166
27.084 126164
27.139 126161
27.178 126155
27.224 126151
27.724 126148
27.994 126110
28.004 126107
28.377 126103
28.494 126084
28.579 126080
28.605 126075
28.617 126074
28.626 126071
28.666 126069
28.979 126068
29.699 126064
