0.01 136178
0.011 136156
0.012 136101
0.014 136099
0.014 136079
0.014 135976
0.015 135966
0.017 135935
0.018 135860
0.021 135818
0.023 135817
0.026 135777
0.028 135774
0.03 135734
0.032 135721
0.032 135683
0.033 135665
0.035 135630
0.035 135597
0.037 135594
0.037 135575
0.045 135538
0.046 135537
0.049 135513
0.052 135473
0.069 135468
0.071 135453
0.071 135442
0.074 135439
0.076 135430
0.077 135419
0.202 135398
0.203 135381
0.203 135378
0.231 135312
0.236 135280
0.237 135279
0.237 135259
0.262 135244
0.269 135228
0.27 135219
0.272 135215
0.392 135214
0.394 135208
0.445 135192
0.447 135147
0.447 135142
0.45 135141
0.451 135137
0.546 135131
0.548 135119
0.566 135060
0.568 135036
0.57 135032
0.796 135016
0.798 135006
0.807 134994
4.412 134989
4.418 134986
6.474 134985
7.078 134953
17.008 134952
19.028 134951
19.029 134941
19.031 134919
19.052 134918
20.718 134916
27.064 134900
27.066 134898
27.07 134897
27.115 134883
32.72 134874
32.728 134873
32.729 134872
32.743 134848
32.749 134843
39.692 134837
39.738 134826
39.739 134822
39.792 134819
40.855 134808
42.142 134803
43.839 134798
43.856 134797
43.858 134795
44.011 134786
44.213 134785
50.233 134782
50.462 134780
50.554 134773
50.563 134762
50.572 134757
66.2 134756
66.389 134753
