0.008 72746
0.008 72703
0.009 72646
0.009 72589
0.01 72487
0.013 72476
0.018 72474
0.018 72473
0.019 72465
0.02 72445
0.022 72416
0.023 72396
0.023 72382
0.024 72367
0.025 72361
0.025 72355
0.03 72345
0.031 72319
0.033 72316
0.036 72296
0.287 72283
0.289 72282
0.292 72275
0.368 72267
0.537 72255
0.538 72205
0.539 72204
0.544 72182
0.547 72162
0.548 72132
0.568 72121
0.568 72117
0.651 72114
1.289 72107
1.457 72081
1.551 72068
1.586 72066
1.985 72065
1.994 72038
5.3 72024
5.301 72005
7.855 71970
8.557 71969
8.559 71966
8.559 71956
8.561 71926
8.561 71916
8.562 71906
13.18 71896
16.09 71890
16.091 71856
16.802 71854
16.81 71830
16.813 71817
16.814 71813
27.331 71812
32.924 71805
32.929 71787
32.93 71774
32.986 71769
33.003 71759
33.017 71742
46.734 71740
46.753 71739
48.17 71733
48.177 71730
48.81 71726
51.238 71712
60.671 71711
