0.008 27779
0.008 27762
0.008 27702
0.009 27670
0.009 27660
0.011 27630
0.011 27625
0.011 27572
0.012 27519
0.012 27511
0.013 27494
0.013 27451
0.016 27421
0.018 27373
0.021 27315
0.021 27293
0.022 27284
0.022 27251
0.023 27247
0.024 27240
0.024 27237
0.025 27226
0.026 27223
0.026 27201
0.03 27181
0.032 27148
0.035 27065
0.036 27044
0.038 27039
0.039 26981
0.042 26916
0.052 26911
0.067 26884
0.067 26878
0.068 26875
0.07 26856
0.071 26842
0.072 26832
0.221 26777
0.224 26766
0.225 26759
0.23 26754
0.23 26742
0.235 26700
0.235 26689
0.236 26678
0.237 26671
0.5 26659
0.502 26623
0.502 26614
0.586 26608
0.587 26592
0.593 26587
0.593 26575
0.594 26547
0.603 26539
0.605 26523
0.607 26518
0.611 26507
0.638 26499
0.641 26497
1.159 26496
1.16 26475
2.074 26472
2.075 26460
2.078 26447
2.078 26434
2.079 26427
2.166 26415
2.186 26397
2.187 26396
2.193 26343
2.202 26331
2.204 26320
2.209 26299
2.216 26289
5.13 26281
5.131 26280
5.894 26276
8.983 26271
8.985 26262
10.123 26261
10.362 26255
10.511 26241
10.514 26239
10.516 26237
10.558 26227
10.561 26218
10.564 26208
10.579 26189
11.229 26177
12.778 26169
12.782 26165
12.861 26141
16.287 26139
18.761 26136
18.762 26134
18.766 26121
19.459 26119
21.101 26118
21.115 26116
21.124 26105
21.141 26098
21.141 26088
23.145 26083
23.164 26078
23.215 26073
23.22 26070
23.283 26068
23.289 26060
29.233 26059
29.24 26057
