0.008 30576
0.008 30567
0.009 30512
0.009 30484
0.009 30436
0.01 30408
0.01 30388
0.01 30383
0.01 30364
0.01 30358
0.011 30352
0.011 30343
0.012 30169
0.013 30145
0.014 30141
0.015 30140
0.015 30139
0.016 30102
0.017 29993
0.018 29985
0.018 29932
0.022 29686
0.024 29684
0.028 29675
0.028 29670
0.029 29667
0.029 29662
0.03 29625
0.036 29612
0.036 29582
0.037 29569
0.037 29567
0.038 29565
0.038 29559
0.039 29517
0.04 29505
0.044 29405
0.049 29353
0.052 29318
0.053 29280
0.055 29279
0.065 29272
0.071 29251
0.071 29234
0.073 29233
0.073 29209
0.074 29191
0.075 29174
0.075 29131
0.076 29106
0.078 29094
0.078 29070
0.079 29047
0.155 29016
0.156 28950
0.162 28947
0.163 28937
0.168 28916
0.173 28896
0.379 28894
0.727 28877
0.729 28820
0.73 28818
1.571 28816
1.781 28809
1.794 28802
1.799 28773
1.8 28725
2.262 28721
3.678 28704
3.686 28703
3.717 28693
3.718 28677
3.923 28670
3.925 28659
9.777 28658
9.779 28657
12.316 28636
12.334 28632
12.339 28605
15.863 28600
15.948 28598
15.951 28580
15.951 28578
15.954 28577
