0.009 40807
0.009 40761
0.011 40712
0.012 40686
0.013 40674
0.014 40599
0.016 40540
0.016 40492
0.019 40474
0.019 40452
0.02 40410
0.02 40376
0.022 40369
0.022 40368
0.023 40330
0.028 40239
0.029 40188
0.03 40155
0.03 40140
0.038 40064
0.04 39945
0.061 39911
0.062 39873
0.063 39865
0.064 39855
0.066 39850
0.066 39849
0.069 39844
0.072 39589
0.073 39519
0.076 39516
0.077 39494
0.077 39486
0.114 39441
0.116 39423
0.12 39415
0.512 39390
0.524 39384
0.527 39327
0.626 39325
0.627 39322
0.628 39312
0.63 39292
0.631 39291
0.633 39257
1.085 39254
1.104 39245
2.698 39221
2.699 39215
2.711 39208
2.712 39192
2.712 39182
2.714 39164
2.715 39141
2.811 39133
3.058 39127
3.069 39122
3.07 39116
3.1 39088
3.103 39072
3.812 39066
4.375 39018
8.299 39004
8.301 38990
8.319 38987
9.377 38981
9.383 38977
9.387 38949
9.449 38946
9.449 38927
10.589 38926
10.596 38914
11.988 38909
12.012 38893
12.016 38885
12.022 38881
13.778 38877
13.835 38876
13.85 38870
13.853 38867
13.855 38859
13.858 38851
13.862 38849
13.87 38848
13.884 38842
13.885 38834
13.971 38825
13.973 38810
13.976 38809
16.199 38807
16.358 38798
16.36 38797
16.387 38793
16.389 38788
16.62 38771
16.633 38763
17.082 38743
17.105 38726
18.238 38725
18.244 38722
19.616 38717
19.624 38716
21.566 38711
21.568 38690
21.571 38686
22.995 38682
22.996 38678
26.105 38669
26.161 38664
26.414 38655
26.465 38650
