0.008 29326
0.009 29267
0.01 29246
0.01 29244
0.011 29104
0.013 29101
0.014 29082
0.017 29069
0.018 29044
0.019 29041
0.019 29039
0.02 29026
0.022 29021
0.024 29016
0.024 28982
0.025 28873
0.038 28805
0.04 28757
0.041 28741
0.042 28709
0.043 28687
0.043 28685
0.048 28675
0.049 28672
0.049 28668
0.103 28533
3.819 28528
3.821 28519
3.876 28518
3.877 28488
3.89 28479
3.891 28474
3.894 28466
4.757 28462
4.761 28443
4.764 28425
4.767 28424
6.19 28415
6.19 28414
6.191 28408
6.192 28391
6.222 28383
6.227 28382
6.227 28374
6.229 28373
6.576 28370
6.582 28362
10.419 28357
10.428 28348
11.719 28339
11.719 28333
13.319 28330
13.32 28328
13.321 28324
13.322 28323
13.323 28317
13.326 28310
13.327 28304
13.687 28301
13.696 28297
13.712 28296
13.713 28287
13.716 28253
14.088 28247
15.107 28239
16.67 28234
19.242 28232
19.254 28228
19.638 28226
20.224 28223
20.228 28222
23.5 28219
23.782 28215
