0.01 49506
0.01 49496
0.012 49467
0.013 49446
0.013 49417
0.014 49412
0.014 49397
0.014 49396
0.015 49366
0.016 49360
0.018 49340
0.019 49310
0.029 49217
0.03 49210
0.035 49152
0.037 48993
0.05 48962
0.05 48955
0.062 48950
0.064 48938
0.067 48919
0.069 48655
0.069 48622
0.117 48619
0.118 48589
0.118 48578
0.119 48577
0.122 48563
0.14 48549
0.143 48518
0.143 48516
0.163 48504
0.164 48347
0.208 48320
0.209 48311
0.21 48306
0.211 48288
0.22 48181
0.227 48167
0.234 48089
0.234 48084
0.237 48026
0.238 48025
0.238 48024
0.239 48001
0.297 47989
0.297 47985
0.297 47963
0.298 47961
0.303 47938
1.341 47934
1.345 47927
1.559 47909
1.566 47837
1.591 47804
1.592 47798
1.596 47786
1.597 47783
1.597 47765
1.601 47763
1.608 47752
1.68 47748
1.681 47747
1.682 47743
1.771 47701
1.772 47699
1.772 47669
1.818 47665
1.823 47660
1.829 47648
1.831 47642
1.839 47617
1.839 47609
1.841 47607
3.345 47598
3.347 47555
3.516 47505
3.734 47473
3.735 47401
7.344 47382
7.346 47380
7.349 47377
7.354 47376
7.365 47369
7.513 47303
12.4 47300
13.995 47286
13.998 47283
13.999 47281
14.22 47279
15.294 47271
15.318 47266
16.237 47260
16.29 47258
16.291 47243
16.292 47238
18.976 47236
18.997 47235
19.067 47230
19.073 47224
19.093 47220
19.094 47214
19.128 47202
19.135 47198
20.751 47196
20.765 47192
22.349 47191
22.388 47190
22.389 47189
23.185 47187
23.626 47182
23.698 47181
23.716 47174
26.366 47171
26.379 47164
26.438 47160
26.562 47156
26.565 47155
