0.012 20252
0.012 20243
0.013 20229
0.013 20154
0.013 20133
0.014 20123
0.014 20042
0.015 19930
0.015 19912
0.016 19887
0.016 19882
0.017 19849
0.018 19847
0.018 19827
0.02 19798
0.021 19794
0.022 19792
0.023 19779
0.023 19750
0.023 19721
0.025 19689
0.026 19674
0.032 19618
0.035 19607
0.04 19605
0.041 19568
0.042 19530
0.07 19506
0.072 19485
0.073 19482
0.075 19468
0.075 19458
0.086 19420
0.107 19419
0.221 19404
0.222 19388
0.224 19386
0.225 19380
0.226 19373
0.227 19371
0.405 19345
0.406 19337
0.462 19330
0.463 19312
0.463 19311
0.464 19293
0.769 19291
0.817 19286
0.821 19283
0.822 19261
0.822 19240
0.822 19232
0.873 19196
0.875 19186
0.876 19182
0.876 19179
0.878 19166
0.893 19156
0.894 19155
0.894 19152
0.895 19149
1.057 19143
1.059 19126
1.061 19117
1.077 19116
1.078 19110
1.141 19101
1.152 19100
1.385 19096
1.385 19089
1.387 19084
1.402 19078
1.405 19069
1.407 19052
1.408 19027
4.995 19025
5.024 19019
5.027 19013
5.106 19001
5.107 18993
5.107 18984
5.118 18978
5.124 18975
5.131 18961
7.253 18959
9.435 18955
9.436 18950
10.417 18940
10.422 18933
16.31 18927
16.33 18921
16.373 18913
16.384 18900
16.409 18897
16.416 18895
16.417 18886
16.528 18881
16.969 18880
17.189 18873
17.189 18867
17.193 18864
17.355 18845
17.361 18836
29.627 18835
29.788 18832
29.971 18824
30.064 18819
30.074 18815
30.414 18797
30.418 18796
30.691 18794
30.695 18790
30.709 18788
30.809 18778
30.843 18777
31.16 18774
31.165 18763
31.167 18759
31.173 18758
31.574 18757
31.576 18756
31.579 18752
31.659 18750
31.662 18749
31.919 18747
