0.012 20081
0.012 20058
0.012 20053
0.013 19994
0.015 19978
0.016 19969
0.017 19842
0.024 19815
0.026 19807
0.026 19799
0.028 19797
0.029 19791
0.056 19782
0.057 19767
0.058 19753
0.059 19743
0.064 19706
0.068 19696
0.09 19682
0.091 19677
0.241 19661
0.243 19637
0.245 19597
0.247 19560
0.258 19525
0.258 19509
0.258 19508
0.382 19500
0.383 19496
0.401 19486
0.404 19470
0.409 19452
0.41 19432
0.412 19417
0.412 19407
0.418 19373
0.419 19368
0.419 19330
0.419 19318
0.429 19282
0.435 19277
0.437 19274
0.438 19257
0.439 19245
0.666 19240
0.667 19231
0.667 19230
0.667 19207
0.669 19192
0.686 19177
0.688 19111
0.695 19107
0.696 19103
0.702 19102
0.703 19072
4.547 19045
4.642 19026
4.645 19022
4.66 19019
4.744 18998
4.745 18993
4.747 18990
4.8 18988
4.801 18978
4.801 18976
5.399 18970
5.427 18960
5.428 18944
6.312 18938
6.314 18935
6.314 18929
6.314 18927
6.315 18921
6.326 18895
6.328 18891
6.329 18889
6.339 18882
6.341 18879
14.578 18870
14.605 18863
14.61 18859
14.628 18845
14.629 18842
14.637 18825
17.361 18823
17.361 18813
17.983 18812
17.988 18805
17.989 18801
21.444 18795
21.445 18790
21.487 18782
23.74 18779
23.756 18775
23.771 18769
25.467 18768
25.92 18764
25.936 18760
25.943 18756
25.951 18754
26.027 18742
26.053 18741
26.054 18737
29.295 18736
29.605 18734
29.911 18733
30.156 18730
30.198 18729
30.34 18722
30.348 18721
30.454 18719
30.543 18715
30.597 18710
31.208 18709
31.232 18708
31.349 18706
31.35 18700
