0.013 36087
0.014 36054
0.014 36053
0.014 35988
0.015 35878
0.015 35836
0.015 35823
0.016 35725
0.018 35696
0.018 35689
0.019 35664
0.019 35578
0.019 35542
0.019 35520
0.02 35443
0.021 35417
0.021 35412
0.021 35391
0.022 35257
0.024 35256
0.029 35243
0.03 35216
0.03 35212
0.036 35097
0.038 35058
0.042 35049
0.043 35046
0.048 34991
0.05 34963
0.05 34953
0.05 34924
0.051 34870
0.053 34869
0.054 34865
0.054 34861
0.055 34790
0.056 34785
0.058 34767
0.064 34743
0.065 34699
0.067 34679
0.067 34669
0.076 34651
0.077 34632
0.085 34602
0.085 34597
0.086 34577
0.087 34566
0.094 34550
0.106 34501
0.107 34464
0.107 34448
0.108 34418
0.109 34417
0.111 34388
0.112 34373
0.117 34369
0.191 34341
0.197 34339
0.198 34330
0.199 34320
0.199 34278
0.201 34220
0.203 34195
0.204 34180
0.204 34170
0.204 34153
0.429 34126
0.433 34102
0.742 34085
0.979 34053
0.98 34049
0.981 34008
0.982 33996
0.983 33977
1.874 33939
1.875 33897
1.876 33886
2.812 33848
2.843 33808
3.61 33794
3.61 33776
3.611 33748
8.204 33730
8.206 33729
11.559 33721
11.561 33719
11.909 33711
11.91 33706
11.912 33705
12.004 33703
12.004 33702
12.005 33698
12.005 33684
12.012 33671
12.014 33660
12.02 33658
12.782 33657
13.568 33654
14.592 33642
14.593 33610
14.611 33608
15.535 33607
16.923 33597
20.408 33596
20.411 33595
20.414 33593
21.188 33584
21.193 33579
21.887 33575
22.527 33567
22.529 33557
22.55 33551
22.551 33546
29.487 33545
30.108 33542
30.117 33541
30.164 33539
30.173 33538
30.178 33535
31.532 33533
31.628 33531
31.674 33525
31.681 33523
