0.012 63885
0.012 63796
0.014 63762
0.014 63756
0.014 63732
0.015 63727
0.015 63673
0.016 63667
0.016 63650
0.019 63631
0.019 63603
0.021 63583
0.022 63558
0.023 63519
0.024 63485
0.024 63478
0.03 63441
0.03 63412
0.031 63373
0.031 63362
0.051 63361
0.056 63312
0.057 63254
0.058 63206
0.058 63192
0.059 63152
0.066 63146
0.066 63127
0.067 63115
0.072 63096
0.073 63095
0.074 63093
0.103 63074
0.119 63062
0.129 63014
0.13 63010
0.13 62997
0.186 62981
0.187 62975
0.187 62967
0.188 62966
0.189 62965
0.19 62939
0.207 62890
0.209 62861
0.209 62844
0.209 62837
0.224 62826
0.226 62813
0.442 62689
0.464 62684
0.465 62669
0.737 62652
0.737 62620
0.739 62594
0.747 62562
0.749 62549
0.751 62547
0.755 62521
0.812 62487
1.161 62472
1.172 62470
1.176 62465
1.178 62454
2.131 62434
2.134 62428
2.134 62426
2.14 62361
2.188 62343
2.189 62340
2.189 62338
2.191 62321
10.55 62309
10.55 62307
10.551 62275
10.557 62272
10.558 62269
10.564 62268
11.18 62266
14.285 62259
14.286 62254
14.75 62240
14.751 62239
14.754 62230
14.806 62221
15.687 62180
18.215 62179
18.244 62165
18.262 62164
18.262 62160
18.271 62152
18.57 62145
18.581 62132
18.586 62127
25.978 62122
27.481 62121
27.669 62115
28.117 62107
28.313 62098
28.328 62095
28.401 62089
28.879 62087
28.886 62086
28.887 62082
28.925 62081
28.929 62080
28.986 62079
29.007 62078
29.182 62075
29.762 62073
29.764 62072
34.105 62071
34.905 62063
35.055 62060
35.123 62059
35.505 62057
35.54 62050
35.573 62049
35.922 62044
35.926 62043
38.054 62041
38.066 62036
38.294 62031
38.299 62030
38.339 62026
38.365 62025
39.514 62023
39.657 62021
