0.012 64018
0.012 63994
0.012 63955
0.013 63875
0.015 63865
0.015 63848
0.016 63847
0.017 63828
0.017 63813
0.017 63810
0.028 63800
0.034 63765
0.034 63677
0.039 63654
0.039 63623
0.042 63610
0.042 63602
0.043 63550
0.044 63542
0.048 63539
0.049 63536
0.05 63519
0.05 63513
0.051 63480
0.053 63353
0.053 63338
0.054 63312
0.056 63302
0.057 63270
0.063 63267
0.075 63202
0.075 63141
0.079 63121
0.083 63100
0.123 63084
0.124 63081
0.147 63063
0.149 63061
0.154 63019
0.154 62998
0.156 62974
0.17 62954
0.172 62945
0.177 62944
0.179 62940
0.179 62920
0.181 62902
0.185 62858
0.216 62855
0.217 62850
0.217 62849
0.218 62825
0.221 62824
0.222 62814
0.223 62794
0.225 62776
0.226 62767
0.227 62745
1.184 62742
1.188 62723
1.189 62720
1.189 62719
1.191 62712
1.192 62711
1.35 62695
1.351 62691
1.355 62683
1.356 62646
3.051 62642
3.11 62630
3.784 62627
3.785 62614
3.793 62598
3.794 62586
3.796 62579
3.815 62572
3.816 62568
3.88 62560
3.88 62549
3.912 62537
3.912 62523
3.924 62498
3.925 62487
5.363 62468
5.413 62453
8.101 62440
9.877 62421
9.877 62410
9.944 62405
9.948 62402
9.955 62366
9.963 62361
11.076 62348
11.079 62344
11.089 62342
11.089 62333
11.09 62332
11.229 62307
11.229 62303
17.173 62299
17.175 62283
18.22 62282
18.221 62279
18.238 62264
18.246 62252
18.257 62250
18.265 62246
21.189 62245
21.2 62229
21.2 62224
28.709 62213
28.733 62212
28.743 62211
28.755 62209
30.407 62208
30.41 62199
30.419 62198
30.42 62197
30.435 62196
30.438 62195
30.467 62192
30.509 62179
30.528 62177
30.591 62153
30.64 62143
30.678 62140
30.711 62139
30.826 62138
30.837 62137
30.846 62133
30.847 62128
31.022 62122
31.578 62118
32.131 62110
33.876 62109
35.226 62095
35.527 62091
36.02 62090
40.448 62088
40.459 62087
40.513 62086
40.665 62084
40.679 62081
40.846 62075
