0.019 81561
0.02 81527
0.02 81522
0.021 81489
0.021 81488
0.022 81434
0.023 81332
0.024 81245
0.024 81222
0.024 81213
0.024 81208
0.025 81201
0.025 81171
0.026 81085
0.027 81018
0.027 80990
0.035 80965
0.036 80941
0.044 80923
0.048 80844
0.048 80829
0.049 80721
0.05 80715
0.051 80604
0.051 80595
0.054 80588
0.056 80572
0.057 80557
0.057 80556
0.058 80516
0.058 80508
0.062 80468
0.063 80428
0.063 80416
0.072 80414
0.073 80412
0.073 80394
0.094 80361
0.095 80333
0.096 80330
0.097 80326
0.097 80320
0.098 80313
0.101 80310
0.102 80299
0.102 80260
0.102 80258
0.104 80244
0.107 80243
0.122 80240
0.123 80234
0.123 80228
0.124 80201
0.125 80183
0.269 80172
0.269 80155
0.271 80147
0.272 80080
4.643 80069
4.676 80044
4.684 80030
5.074 80028
5.075 80026
5.077 79998
5.248 79992
6.857 79974
6.858 79964
6.892 79960
6.967 79936
8.08 79896
8.386 79891
8.392 79883
8.395 79880
8.396 79868
9.305 79829
9.329 79811
9.927 79810
9.931 79808
9.939 79801
9.941 79800
9.942 79798
11.146 79780
11.146 79745
11.178 79735
11.219 79723
11.591 79704
11.594 79703
12.952 79682
12.954 79681
12.958 79662
12.972 79594
12.973 79577
12.974 79568
12.976 79543
14.584 79526
14.636 79511
14.637 79500
14.655 79473
17.428 79459
17.435 79454
17.448 79451
17.734 79448
17.737 79435
17.741 79430
17.743 79429
18.28 79423
20.102 79410
20.103 79397
20.108 79374
20.986 79373
20.987 79368
21.59 79364
21.595 79363
21.599 79348
21.607 79343
21.608 79342
21.609 79340
21.635 79308
21.636 79291
21.645 79287
23.155 79278
23.157 79273
23.163 79267
23.179 79260
24.968 79259
25.847 79258
28.689 79228
31.684 79222
31.691 79220
31.71 79209
31.721 79208
31.74 79206
32.265 79194
32.268 79189
32.281 79187
32.289 79183
32.293 79178
32.32 79176
32.324 79167
35.468 79166
35.476 79164
35.479 79155
35.483 79146
35.622 79141
35.63 79137
35.647 79132
35.657 79130
36.94 79111
37.242 79104
37.788 79103
38.851 79101
39.142 79099
39.311 79097
39.32 79096
39.737 79087
39.737 79079
39.747 79069
41.048 79068
41.07 79048
