0.018 148587
0.019 148566
0.02 148564
0.021 148528
0.025 148438
0.03 148377
0.031 148372
0.032 148302
0.044 147396
0.044 147390
0.046 147389
0.05 147361
0.053 147360
0.053 147354
0.054 147244
0.086 146915
0.088 146633
0.09 146539
0.091 146497
0.095 146495
0.097 146264
0.098 146253
0.1 146227
0.102 146072
0.112 146068
0.113 145686
0.114 145683
0.115 145673
0.116 145664
0.118 145643
0.119 145602
0.12 145597
0.121 145596
0.124 145592
0.133 144623
0.138 144620
0.141 144079
0.142 144077
0.145 143585
0.148 143570
0.155 143553
0.155 143544
0.159 143381
0.161 143371
0.168 143369
0.169 143366
0.17 143330
0.171 142810
0.172 142808
0.173 142722
0.175 142721
0.176 142642
0.177 142630
0.181 142463
0.182 142460
0.193 142452
0.194 142444
0.195 142442
0.204 142436
0.205 142428
0.205 142426
0.211 142385
0.22 142361
0.22 142359
0.223 142351
0.224 142350
0.224 142346
0.234 142279
0.249 142253
0.251 142244
0.252 142240
0.252 142195
0.253 142192
0.253 142191
0.256 142164
0.257 142154
0.258 142148
0.259 142146
0.26 142145
0.26 142134
0.283 142114
0.283 142109
0.286 142080
0.286 142079
0.288 142074
0.294 142065
0.301 142054
0.349 141513
0.35 141511
0.365 141508
0.367 141504
0.368 141494
0.371 141486
0.372 141482
0.373 141451
0.378 141439
0.389 141436
0.393 141183
0.394 141182
0.407 141173
0.407 141171
0.408 141163
0.41 141109
0.412 141107
0.415 141106
0.415 141102
0.474 141096
0.474 141093
0.475 141088
0.479 141081
0.488 141075
0.489 141071
0.489 141065
0.49 141054
0.491 141051
0.493 141035
0.497 141030
0.499 141027
0.505 141024
0.509 140995
0.511 140987
0.512 140973
0.588 140938
0.589 140929
0.59 140924
0.592 140915
0.603 140898
0.628 140893
0.628 140891
0.629 140890
0.633 140888
0.634 140887
0.638 140882
0.642 140881
0.643 140880
0.77 140872
0.771 140861
0.795 140849
0.857 140846
0.865 140655
0.866 140651
0.866 140648
0.867 140621
0.88 140619
0.882 140618
0.892 140610
0.914 140607
1.44 140571
1.445 140566
1.446 140562
1.447 140560
1.448 140550
1.452 140549
1.452 140543
1.455 140533
1.456 140532
1.457 140530
1.475 140528
1.475 140524
1.503 140478
1.504 140476
1.505 140471
1.507 140468
1.507 140462
2.724 140427
3.887 140419
3.888 140410
3.888 140403
3.918 140373
3.919 140370
3.924 140363
3.925 140352
3.925 140351
3.927 140347
3.927 140346
3.927 140345
3.937 140344
3.94 140330
3.94 140329
3.946 140327
3.948 140325
3.949 140324
4.148 140317
4.153 140302
4.154 140298
4.246 140266
4.252 140264
4.253 140256
4.258 140201
4.272 140199
4.273 140195
4.276 140191
4.278 140181
4.279 140177
4.822 139957
4.822 139947
4.823 139945
4.839 139944
4.841 139926
4.842 139923
4.846 139913
4.853 139912
4.854 139909
4.855 139904
4.858 139892
4.86 139890
4.861 139889
4.863 139888
4.863 139881
4.864 139877
6.543 139876
6.544 139863
10.322 139860
10.763 139847
10.764 139844
10.765 139843
10.766 139840
10.767 139839
11.887 139837
11.892 139833
11.893 139822
11.893 139821
11.899 139796
11.915 139784
11.918 139783
11.92 139780
11.921 139768
12.002 139762
12.004 139759
12.006 139739
12.011 139735
12.013 139728
12.019 139727
13.463 139713
14.907 139702
14.91 139699
14.91 139695
14.911 139689
14.912 139688
14.914 139648
14.915 139646
14.917 139644
14.919 139634
17.445 139632
17.46 139624
17.463 139617
19.769 139608
21.013 139602
21.015 139599
21.017 139596
21.019 139593
21.022 139585
21.025 139584
21.026 139581
21.027 139580
21.031 139579
21.704 139578
21.736 139570
28.455 139564
28.654 139560
28.666 139559
28.68 139548
28.683 139545
28.684 139541
31.041 139537
31.046 139536
34.09 139532
34.098 139529
34.106 139525
34.106 139522
34.107 139521
34.113 139520
34.114 139511
37.92 139509
37.925 139507
38.077 139505
38.36 139504
38.367 139503
38.37 139501
38.38 139498
39.483 139496
40.829 139488
40.831 139485
43.911 139479
43.96 139478
48.981 139473
49.078 139471
50.07 139469
50.074 139468
50.466 139465
52.808 139462
