0.021 48827
0.022 48818
0.022 48814
0.022 48770
0.022 48765
0.023 48749
0.024 48735
0.024 48719
0.025 48716
0.026 48690
0.027 48662
0.028 48658
0.029 48652
0.03 48651
0.031 48648
0.032 48643
0.033 48629
0.033 48627
0.033 48624
0.034 48601
0.037 48597
0.038 48595
0.04 48469
0.04 48462
0.041 48451
0.043 48450
0.044 48428
0.044 48426
0.045 48403
0.046 48398
0.046 48394
0.049 48392
0.049 48390
0.056 48379
0.059 48374
0.075 48368
0.076 48353
0.076 48342
0.077 48340
0.079 48337
0.081 48330
0.12 48302
0.12 48301
0.121 48300
0.121 48294
0.126 48289
0.126 48272
0.128 48265
0.129 48239
0.13 48236
0.132 48228
0.133 48216
0.134 48210
0.135 48208
0.135 48206
0.136 48202
0.152 48194
0.167 48191
0.17 48183
0.174 48165
0.175 48162
0.176 48158
0.22 48153
0.221 48152
0.223 48149
0.234 47299
0.239 47296
0.24 47250
0.242 47247
0.243 47230
0.245 47227
0.245 47226
0.323 47221
0.324 47218
0.324 47216
0.326 47190
0.326 47189
0.333 47171
0.338 47161
0.347 47120
0.347 47117
0.347 47099
0.476 47089
0.477 47088
0.483 47069
0.488 47068
0.489 47066
0.492 47060
0.493 47055
0.495 47052
0.61 47051
0.617 47044
0.655 47022
0.656 47019
0.685 47018
0.686 47017
0.716 47012
0.716 47008
0.718 47001
0.726 46997
0.728 46967
0.73 46956
1.033 46948
1.094 46946
1.097 46943
1.099 46937
1.101 46927
1.101 46926
1.103 46912
1.61 46904
1.611 46890
1.652 46886
1.865 46883
1.866 46882
1.893 46879
2.511 46870
2.516 46865
2.518 46852
2.519 46839
2.528 46835
2.531 46834
2.573 46815
2.576 46810
2.579 46801
2.58 46781
2.582 46778
2.584 46777
2.587 46775
2.595 46762
2.637 46746
4.178 46727
4.181 46718
4.184 46711
4.185 46703
4.285 46696
4.286 46686
4.287 46685
4.292 46681
4.293 46679
4.296 46677
4.318 46668
9.138 46666
9.139 46664
9.141 46663
9.154 46647
9.155 46645
9.156 46644
14.055 46635
16.117 46621
16.12 46619
16.124 46610
16.125 46609
16.127 46607
16.129 46604
16.134 46598
16.232 46589
17.962 46586
17.966 46581
17.974 46574
20.171 46566
20.173 46562
20.175 46559
20.186 46546
20.192 46545
20.266 46539
20.322 46537
22.745 46535
25.009 46534
25.013 46533
25.017 46532
25.026 46530
25.028 46529
25.03 46526
25.034 46520
25.039 46515
25.052 46514
31.133 46512
31.196 46511
31.201 46509
31.222 46508
31.223 46506
32.237 46505
32.247 46503
32.27 46502
32.281 46501
32.406 46495
32.414 46494
37.689 46492
37.899 46490
37.903 46489
37.919 46488
37.943 46487
38.392 46484
38.422 46479
38.431 46478
38.465 46477
38.527 46472
43.395 46470
43.469 46469
43.611 46468
43.665 46467
43.701 46466
43.792 46465
47.124 46464
47.166 46462
47.183 46461
47.45 46460
47.592 46459
47.661 46458
47.816 46457
48.185 46456
48.197 46455
