0.02 89323
0.021 89296
0.021 89240
0.021 89231
0.022 89213
0.025 89204
0.025 89157
0.026 89139
0.027 89097
0.027 89047
0.029 89031
0.03 89019
0.03 89012
0.031 88970
0.031 88936
0.032 88850
0.033 88828
0.039 88819
0.041 88807
0.043 88677
0.056 88673
0.061 88664
0.066 88663
0.069 88627
0.076 88618
0.081 88615
0.1 88559
0.104 88510
0.104 88505
0.108 88504
0.109 88487
0.122 88481
0.123 88440
0.157 88373
0.192 88310
0.193 88271
0.193 88269
0.194 88243
0.195 88212
0.198 88169
0.2 88119
0.202 88093
0.202 88092
0.205 88089
0.205 88081
0.206 88024
0.223 88022
0.407 87829
0.41 87776
0.412 87712
0.413 87706
0.413 87686
0.416 87663
0.422 87662
0.422 87656
0.429 87649
0.445 87487
0.446 87478
0.475 87452
0.479 87447
0.484 87441
0.49 87436
0.491 87407
0.519 87402
0.52 87401
0.527 87374
0.532 87358
0.534 87343
0.535 87313
0.539 87304
0.56 87278
0.563 87275
0.564 87259
0.565 87251
0.57 87151
0.571 87136
0.575 87086
0.577 87063
0.579 87059
0.58 86973
0.581 86967
0.63 86945
0.635 86916
0.639 86897
0.64 86895
0.893 86873
0.893 86843
0.894 86816
0.943 86799
0.944 86793
0.945 86754
0.946 86749
0.946 86747
0.947 86741
0.947 86734
0.948 86732
0.969 86725
0.969 86723
1 86722
1.15 86675
1.155 86667
3.115 86647
3.272 86632
3.28 86625
3.282 86610
3.283 86594
4.788 86582
4.789 86570
4.79 86550
4.793 86548
4.796 86545
5.023 86522
5.035 86519
5.036 86513
5.044 86510
5.047 86501
5.049 86499
5.052 86493
5.276 86458
5.278 86433
5.281 86431
5.281 86405
5.283 86398
8.803 86374
8.804 86367
8.804 86365
8.809 86364
8.825 86362
8.826 86335
8.828 86334
8.832 86333
10.083 86329
10.083 86326
10.084 86312
10.086 86261
10.092 86255
10.092 86245
10.095 86244
10.101 86239
10.105 86237
12.931 86236
12.934 86218
12.945 86213
13.003 86201
13.006 86200
13.007 86199
13.016 86198
21.104 86183
21.129 86182
21.161 86179
21.243 86177
21.255 86162
21.299 86142
21.509 86141
21.51 86136
21.522 86122
21.525 86097
21.571 86092
21.643 86086
22.112 86077
22.113 86075
22.378 86070
22.38 86057
30.409 86055
30.57 86052
30.571 86048
30.944 86047
30.948 86041
30.949 86036
31.104 86030
31.107 86027
36.716 86025
36.719 86024
36.725 86022
36.742 86019
36.881 86014
37.065 86009
38.029 86008
38.239 86007
38.754 86005
38.77 85997
39.591 85996
39.795 85993
39.807 85992
42.73 85989
43.663 85985
43.67 85981
43.683 85979
43.825 85975
43.853 85973
