0.019 89325
0.02 89319
0.022 89283
0.024 89213
0.024 89188
0.025 89184
0.025 89162
0.026 89132
0.031 89131
0.032 89117
0.036 89111
0.038 89085
0.04 89002
0.042 88994
0.043 88993
0.045 88980
0.047 88972
0.049 88941
0.049 88927
0.051 88921
0.059 88901
0.06 88887
0.061 88825
0.065 88821
0.066 88820
0.072 88774
0.074 88764
0.077 88684
0.079 88660
0.08 88652
0.081 88562
0.084 88561
0.085 88530
0.086 88528
0.101 88496
0.102 88489
0.104 88488
0.138 88398
0.144 88367
0.148 88331
0.149 88327
0.149 88294
0.171 88259
0.173 88210
0.189 88132
0.193 88122
0.195 88078
0.196 88011
0.202 88001
0.207 87981
0.208 87979
0.211 87945
0.215 87922
0.223 87574
0.23 87558
0.231 87552
0.233 87547
0.253 87503
0.256 87487
0.257 87484
0.257 87470
0.258 87449
0.261 87433
0.263 87432
0.265 87412
0.355 87361
0.367 87332
0.464 87293
0.465 87291
0.466 87289
0.47 87264
0.472 87259
0.473 87256
0.474 87224
0.476 87197
0.479 87183
0.493 87120
0.501 87113
0.503 87107
0.503 87106
0.557 87086
0.56 86961
0.569 86957
0.576 86946
0.577 86945
0.581 86930
0.584 86929
0.61 86912
0.615 86909
0.617 86908
0.773 86900
1.372 86886
1.379 86880
1.379 86879
1.384 86875
1.523 86845
1.548 86801
1.551 86798
1.577 86638
1.579 86636
1.582 86634
1.583 86592
1.587 86581
1.588 86579
1.589 86572
1.591 86519
1.593 86517
1.593 86508
9.065 86505
9.066 86499
9.066 86462
9.732 86458
10.127 86445
10.132 86442
10.134 86406
10.135 86403
10.57 86402
10.582 86397
10.587 86369
10.59 86355
10.591 86353
10.695 86351
10.702 86349
10.704 86339
10.704 86332
10.707 86327
10.709 86326
10.714 86320
10.725 86317
10.725 86316
10.726 86314
11.131 86313
11.132 86312
11.133 86302
11.134 86301
11.138 86296
11.139 86280
11.181 86275
11.23 86262
11.231 86256
11.233 86238
11.235 86215
11.235 86211
11.235 86208
11.248 86184
15.099 86170
15.1 86164
15.116 86155
15.156 86149
15.156 86148
15.159 86145
15.165 86144
15.166 86137
15.169 86122
19.077 86117
19.125 86114
19.127 86113
19.274 86106
19.409 86097
19.47 86096
19.507 86088
19.973 86075
19.975 86074
19.977 86065
19.978 86061
19.981 86059
19.994 86054
19.995 86050
20.001 86048
20.007 86037
20.009 86027
20.009 86025
21.956 86023
21.956 86015
21.958 86010
21.964 85997
24.32 85995
24.327 85994
24.329 85992
24.337 85986
24.34 85984
24.34 85983
24.448 85977
25.129 85971
25.131 85966
25.137 85953
25.146 85940
25.159 85931
27.32 85920
27.529 85916
27.537 85915
27.541 85911
27.619 85909
27.649 85906
28.177 85904
28.181 85903
28.185 85902
28.192 85901
28.236 85895
28.568 85894
29.157 85890
29.158 85889
30.475 85888
32.405 85882
32.407 85878
32.407 85866
32.415 85861
35.534 85858
35.536 85856
35.55 85855
35.553 85852
37.346 85851
37.354 85850
37.354 85849
37.391 85847
37.421 85845
37.422 85843
37.434 85841
38.831 85839
38.831 85831
38.832 85830
38.854 85827
