0.023 181312
0.026 180970
0.03 180965
0.033 180950
0.036 180946
0.038 180824
0.038 180807
0.04 180755
0.043 180709
0.044 180696
0.045 180671
0.046 180633
0.048 180574
0.052 180557
0.053 180554
0.056 180548
0.061 180471
0.064 180462
0.065 180454
0.066 180453
0.07 180444
0.071 180440
0.077 180325
0.08 180190
0.085 180186
0.085 180185
0.09 180173
0.091 180123
0.096 180107
0.097 180100
0.103 179967
0.108 179946
0.11 179923
0.111 179922
0.123 179804
0.124 179798
0.124 179790
0.13 179678
0.132 179676
0.14 179663
0.144 179653
0.145 179563
0.148 179476
0.15 179167
0.152 179153
0.152 179136
0.153 179105
0.154 179074
0.155 179071
0.25 179041
0.256 178958
0.257 178949
0.259 178915
0.262 178815
0.263 178732
0.269 178691
0.269 178662
0.274 178659
0.275 178647
0.28 178643
0.286 178604
0.286 178576
0.288 178395
0.297 178339
0.302 178338
0.334 178291
0.336 178289
0.338 178173
0.361 178158
0.361 178128
0.367 178127
0.368 178033
0.373 177998
0.375 177913
0.377 177905
0.396 177897
0.4 177869
0.401 177808
0.403 177790
0.406 177780
0.406 177767
0.563 177743
0.576 177668
0.577 177661
0.58 177649
0.585 177631
0.588 177628
0.588 177627
0.593 177582
0.594 177517
0.604 177417
0.619 177414
0.619 177369
0.696 177349
0.697 177231
0.697 177227
0.717 177217
0.749 177203
0.749 177195
0.751 177187
0.87 177120
0.872 177099
0.873 176957
0.874 176914
0.875 176793
0.887 176786
0.908 176779
0.91 176777
0.966 176773
0.972 176764
1.422 176738
1.553 176731
1.558 176709
1.558 176693
1.561 176679
1.571 176663
1.572 176656
1.627 176647
1.628 176634
1.633 176620
1.634 176611
1.637 176593
1.644 176537
1.648 176439
1.649 176434
1.653 176402
1.713 176146
1.714 176138
1.715 176137
1.724 176134
1.725 176127
1.73 176084
1.734 176072
1.745 176068
1.747 176067
1.748 176066
1.75 176050
1.752 176018
1.756 176013
1.757 176003
1.763 176002
1.789 175981
1.794 175921
1.801 175915
1.803 175891
1.817 175888
1.82 175871
1.837 175860
1.838 175853
1.838 175848
1.865 175822
1.868 175794
1.894 175793
1.895 175791
1.899 175790
1.901 175789
1.902 175780
2.118 175771
2.12 175762
2.153 175681
2.158 175637
2.163 175636
2.166 175630
2.186 175589
2.19 175586
2.192 175574
2.193 175510
2.198 175500
2.202 175497
2.203 175444
2.205 175417
2.211 175405
2.215 175364
2.23 175321
2.244 175316
2.269 175296
2.3 175282
2.32 175245
2.32 175204
2.321 175181
2.367 175146
2.426 175127
2.435 175099
2.447 175098
2.454 175093
2.457 175054
2.46 175052
2.46 175047
2.463 175046
2.848 175042
2.85 175034
2.851 175028
2.852 175006
2.852 175005
2.87 174984
3.027 174974
3.039 174907
3.087 174710
3.092 174662
3.092 174592
3.093 174584
3.105 174583
3.108 174550
3.111 174538
3.159 174491
3.934 174489
3.937 174486
3.937 174460
3.952 174443
4.249 174428
4.353 174422
10.043 174420
10.076 174391
10.077 174380
10.078 174378
14.167 174328
14.168 174324
14.422 174303
14.431 174291
14.432 174282
14.436 174277
14.44 174275
14.459 174259
15.332 174251
15.334 174240
15.344 174237
15.351 174227
15.353 174226
15.353 174224
15.356 174218
15.367 174214
15.368 174208
16.185 174206
16.194 174205
16.198 174199
16.2 174195
16.208 174193
16.212 174186
16.213 174182
16.534 174174
16.534 174173
16.535 174170
16.536 174169
16.537 174149
16.551 174134
16.558 174128
16.577 174121
16.597 174114
16.605 174108
16.609 174107
16.611 174101
16.612 174100
17.261 174099
17.277 174061
17.278 174053
17.279 174032
17.28 174031
17.979 174026
17.989 174025
17.993 174023
17.993 174022
18.009 174020
18.011 174017
18.088 174012
18.759 174008
18.925 174006
18.926 174004
19.241 174003
24.279 173999
24.284 173993
24.302 173991
24.624 173982
24.652 173971
24.776 173961
25.111 173959
25.124 173949
25.134 173943
25.159 173941
25.188 173938
25.189 173936
25.191 173933
25.201 173931
25.328 173926
25.331 173922
25.335 173911
25.347 173900
25.4 173891
25.404 173888
25.422 173883
25.476 173882
25.478 173880
25.481 173872
25.913 173869
28.707 173868
28.721 173865
28.881 173859
28.914 173858
28.917 173857
29.07 173846
29.307 173843
29.307 173842
29.359 173840
29.361 173817
29.434 173816
29.44 173810
29.442 173801
33.63 173797
35.381 173796
35.412 173791
35.425 173790
35.559 173785
35.82 173784
36.546 173778
36.552 173776
36.558 173774
36.568 173771
38.414 173770
38.423 173757
38.43 173756
38.431 173755
38.5 173754
38.517 173751
45.004 173747
45.035 173744
45.055 173742
45.075 173736
45.076 173734
45.077 173733
