0.023 181323
0.026 181290
0.028 181237
0.03 181216
0.03 181204
0.032 181202
0.039 181194
0.041 181182
0.045 181127
0.049 181061
0.05 181030
0.051 181022
0.052 181019
0.054 180961
0.055 180856
0.059 180840
0.061 180549
0.062 180528
0.063 180527
0.071 180525
0.072 180489
0.075 180264
0.076 180212
0.079 180197
0.082 180195
0.083 180183
0.086 180182
0.087 180172
0.09 180062
0.094 180023
0.095 180014
0.098 179964
0.1 179860
0.103 179831
0.103 179793
0.104 179792
0.107 179368
0.111 179364
0.112 179360
0.116 179315
0.119 179052
0.12 179050
0.127 179035
0.128 178885
0.13 178860
0.13 178768
0.132 178352
0.133 178230
0.134 178158
0.136 177960
0.137 177958
0.138 177940
0.145 177939
0.152 177862
0.152 177859
0.158 177858
0.171 177856
0.246 177851
0.247 177831
0.249 177785
0.25 177738
0.251 177709
0.252 177708
0.253 177707
0.253 177694
0.263 177687
0.275 177655
0.276 177634
0.278 177609
0.279 177593
0.279 177567
0.282 177548
0.299 177543
0.3 177542
0.301 177504
0.304 177494
0.307 177492
0.308 177491
0.312 177474
0.32 177442
0.324 177436
0.327 177374
0.329 177370
0.331 177354
0.333 177331
0.334 177277
0.349 177221
0.352 177171
0.353 177150
0.353 177125
0.36 177112
0.388 177083
0.389 177034
0.39 177033
0.514 177001
0.54 176919
0.553 176897
0.562 176887
0.566 176614
0.57 176569
0.58 176520
0.584 176484
0.587 176468
0.594 176378
0.595 176353
0.911 176328
0.949 176198
0.981 176168
0.989 176162
0.99 176159
1.68 176152
1.681 176150
1.682 176136
1.763 176102
2.018 176072
2.06 176066
2.083 175959
2.083 175957
2.084 175956
2.087 175872
2.092 175835
2.137 175822
2.14 175820
2.141 175817
2.141 175806
2.279 175771
2.282 175748
2.292 175745
2.299 175736
2.301 175735
2.331 175731
2.332 175632
2.337 175599
2.366 175591
2.369 175590
2.37 175477
2.37 175474
2.381 175468
2.385 175467
4.607 175464
4.611 175461
4.615 175404
4.657 175392
4.658 175387
4.666 175363
4.939 175347
4.947 175327
4.954 175317
4.954 175312
4.955 175305
4.971 175302
5.12 175284
5.123 175282
5.192 175254
5.208 175253
5.213 175237
5.214 175228
5.266 175205
5.271 175199
5.312 175185
5.557 175176
5.567 175169
5.571 175159
5.573 175157
5.63 175018
5.658 175016
8.119 175014
8.14 175001
9.929 174999
9.933 174982
9.982 174943
10.013 174937
10.041 174917
10.045 174837
10.811 174804
11.22 174779
11.227 174778
11.227 174775
11.502 174764
11.509 174762
11.52 174759
11.544 174752
11.549 174751
11.607 174736
11.668 174735
11.675 174730
11.683 174699
11.696 174697
11.931 174682
11.94 174681
11.948 174658
11.95 174642
11.951 174639
11.951 174636
11.954 174635
12.2 174623
12.202 174606
12.204 174599
12.259 174574
13.578 174547
13.582 174522
13.673 174515
13.676 174510
13.719 174509
13.808 174480
13.815 174468
13.818 174463
13.819 174458
13.822 174454
13.831 174415
13.831 174414
13.835 174406
13.84 174385
13.846 174381
13.923 174353
13.924 174332
13.928 174322
13.928 174307
13.933 174258
13.961 174254
13.964 174249
14.011 174246
14.016 174225
14.017 174223
14.02 174219
14.031 174204
14.346 174198
14.375 174194
14.377 174188
14.378 174187
14.382 174186
16.223 174184
16.225 174170
16.226 174169
16.249 174161
16.25 174139
16.252 174138
16.256 174134
16.323 174117
16.336 174114
16.337 174108
16.338 174101
16.343 174100
16.343 174099
16.363 174097
16.504 174082
16.509 174077
16.509 174050
18.137 174042
18.137 174030
18.417 174028
19.746 174018
22.635 174017
22.636 174015
22.637 174006
22.64 173989
22.645 173988
22.646 173984
22.648 173959
22.66 173953
22.662 173952
22.667 173948
22.682 173946
22.685 173944
22.687 173942
23.497 173934
23.53 173928
23.546 173915
23.55 173914
25.015 173901
26.003 173900
27.528 173898
27.53 173896
27.715 173878
27.822 173862
27.902 173861
30.628 173851
30.631 173847
32.268 173840
32.297 173837
32.297 173832
32.669 173831
32.669 173830
32.76 173829
34.209 173825
34.493 173823
34.494 173818
36.471 173813
36.479 173811
36.89 173809
42.046 173808
42.049 173794
42.077 173793
42.079 173788
42.079 173782
42.193 173771
42.616 173769
42.644 173766
42.653 173763
43.117 173761
43.118 173758
44.536 173756
44.558 173753
44.563 173746
44.565 173745
44.568 173741
44.593 173733
44.601 173729
44.725 173727
45.262 173725
45.694 173716
45.696 173715
45.796 173674
45.811 173673
45.831 173672
45.834 173671
45.906 173670
45.957 173668
