0.024 57455
0.025 57440
0.025 57427
0.026 57350
0.026 57302
0.027 57280
0.027 57278
0.028 57215
0.028 57211
0.029 57208
0.03 57205
0.03 57182
0.03 57171
0.03 57159
0.031 57142
0.033 57089
0.033 57085
0.034 57077
0.034 57072
0.035 56946
0.036 56941
0.036 56936
0.038 56928
0.039 56895
0.04 56859
0.04 56844
0.041 56842
0.042 56818
0.043 56798
0.043 56795
0.043 56794
0.044 56793
0.052 56770
0.053 56754
0.055 56749
0.062 56716
0.065 56714
0.066 56575
0.066 56574
0.07 56547
0.082 56525
0.083 56521
0.086 56498
0.224 56496
0.232 56488
0.232 56457
0.233 56451
0.233 56447
0.236 56375
0.247 56372
0.254 56330
0.254 56227
0.256 56189
0.263 56185
0.263 56156
0.264 56144
0.265 56129
0.271 56081
0.349 56070
0.353 56069
0.377 56043
0.379 55940
0.38 55937
0.385 55936
0.387 55916
0.395 55883
0.431 55863
0.45 55853
0.471 55850
0.473 55848
1.059 55845
1.069 55836
1.072 55823
1.073 55813
1.076 55788
1.076 55769
1.085 55758
1.086 55699
1.087 55622
1.088 55593
1.106 55580
3.594 55571
3.596 55557
3.683 55531
3.686 55507
3.688 55497
3.688 55493
3.691 55487
3.969 55473
3.97 55452
3.97 55394
3.974 55390
4.012 55384
5.351 55365
5.352 55322
5.355 55319
5.355 55316
5.361 55310
5.363 55246
9.373 55241
9.374 55238
9.375 55229
9.415 55221
10.274 55196
10.393 55193
11.393 55180
11.393 55163
11.394 55149
11.406 55144
11.411 55100
11.774 55083
11.785 55080
11.785 55070
11.795 55056
11.8 55027
11.801 55019
11.802 55007
11.819 54996
11.82 54990
12.136 54988
12.222 54976
12.222 54974
12.234 54963
12.234 54961
12.258 54947
12.26 54930
12.261 54927
12.283 54916
12.284 54913
15.75 54912
15.75 54905
15.751 54901
15.784 54900
16.06 54892
16.063 54885
16.103 54883
16.119 54864
16.15 54844
16.156 54838
16.157 54835
16.873 54820
16.941 54819
16.957 54818
16.963 54813
16.964 54808
17.237 54805
17.255 54794
17.256 54782
18.492 54768
18.496 54765
18.496 54754
18.613 54752
18.621 54744
18.635 54739
22.158 54712
22.159 54710
22.16 54706
22.731 54703
24.132 54698
24.163 54697
24.289 54696
24.29 54695
24.291 54690
24.296 54679
24.297 54670
24.302 54669
24.312 54665
24.665 54653
24.669 54650
24.671 54641
24.711 54637
25.027 54618
25.733 54614
25.749 54610
25.758 54601
25.792 54597
25.794 54595
25.829 54585
26.208 54578
26.209 54570
26.217 54569
26.222 54563
26.226 54562
26.227 54561
26.268 54560
26.409 54555
27.217 54554
27.237 54550
27.24 54548
27.257 54546
27.262 54544
27.318 54539
27.319 54534
27.323 54527
27.445 54522
27.454 54520
27.464 54519
30.052 54514
30.058 54511
30.067 54497
30.105 54494
30.124 54491
30.398 54486
31.442 54484
31.442 54483
31.45 54481
31.482 54480
