0.03 65524
0.032 65521
0.032 65518
0.033 65514
0.033 65509
0.035 65430
0.036 65284
0.037 65263
0.038 65235
0.038 65231
0.039 65227
0.042 65207
0.044 65198
0.045 65191
0.046 65187
0.048 65186
0.049 65162
0.049 65147
0.05 65127
0.051 65118
0.052 65069
0.053 65063
0.053 65051
0.055 65038
0.098 65035
0.098 65034
0.102 65033
0.126 65014
0.127 64888
0.133 64877
0.136 64740
0.136 64730
0.139 64729
0.14 64721
0.151 64710
0.155 64639
0.156 64636
0.156 64634
0.156 64621
0.192 64608
0.194 64579
0.239 64570
0.239 64563
0.24 64553
0.24 64543
0.241 64538
0.271 64483
0.273 64482
0.293 64450
0.37 64444
0.376 64417
0.376 64403
0.377 64369
0.378 64355
0.379 64339
0.417 64314
0.417 64307
0.418 64268
0.419 64265
0.517 64264
0.721 64251
0.728 64224
1.324 64197
1.331 64179
1.332 64159
1.333 64155
1.339 64133
1.714 64116
2.162 64109
2.165 64092
2.183 64063
2.186 64033
2.194 64008
2.217 63975
2.221 63964
3.196 63961
3.196 63958
3.197 63939
3.204 63884
3.204 63882
3.207 63881
3.346 63879
3.347 63873
3.348 63841
3.353 63828
3.361 63822
3.361 63816
3.379 63790
3.387 63776
3.986 63766
5.658 63752
5.66 63730
5.68 63718
5.682 63717
5.683 63710
5.69 63681
5.691 63651
5.721 63648
5.723 63633
6.227 63607
6.229 63606
6.229 63589
6.23 63583
6.231 63546
6.232 63539
6.237 63496
12.389 63486
12.39 63473
12.392 63463
12.398 63446
12.4 63443
12.411 63423
12.411 63419
12.412 63416
12.414 63415
12.476 63414
12.504 63386
12.801 63376
12.802 63375
12.805 63319
12.807 63317
12.807 63316
12.808 63308
15.472 63285
15.472 63280
15.526 63263
15.527 63252
16.711 63250
16.715 63233
16.717 63232
16.718 63231
16.765 63221
17.612 63217
17.618 63214
17.806 63209
17.807 63203
17.833 63196
17.834 63193
17.842 63184
17.867 63176
20.269 63172
20.271 63169
20.277 63156
20.279 63149
20.285 63137
20.289 63136
20.308 63133
20.309 63132
25.805 63121
25.807 63115
25.823 63113
25.853 63111
25.856 63110
25.857 63108
25.858 63104
25.859 63100
25.864 63098
25.87 63097
25.874 63093
26.559 63074
26.563 63066
26.582 63061
26.592 63058
26.596 63055
26.597 63048
26.628 63047
26.634 63046
26.636 63045
26.637 63041
26.675 63039
26.677 63037
26.68 63035
26.681 63031
26.703 63029
26.731 63024
26.737 63021
26.745 63020
30.078 63016
30.086 63015
30.095 63011
30.21 63004
30.769 63002
30.815 62999
30.895 62998
30.943 62996
30.952 62986
30.954 62985
30.961 62983
30.968 62972
30.969 62971
30.985 62970
30.987 62961
31.007 62960
31.011 62957
32.626 62956
32.643 62952
32.648 62944
32.649 62942
32.672 62939
37.001 62933
37.012 62929
37.034 62927
37.105 62924
37.114 62921
37.702 62919
37.703 62916
38.809 62913
39.04 62910
39.063 62909
39.794 62907
40.772 62905
41.099 62904
41.114 62902
