0.03 65380
0.031 65360
0.032 65325
0.033 65266
0.033 65255
0.033 65253
0.034 65247
0.035 65244
0.036 65232
0.037 65225
0.038 65105
0.039 65095
0.039 65091
0.056 65081
0.058 65040
0.058 64931
0.06 64920
0.062 64887
0.065 64885
0.066 64883
0.079 64863
0.163 64856
0.167 64852
0.168 64829
0.172 64826
0.173 64816
0.175 64812
0.176 64799
0.176 64794
0.177 64787
0.181 64782
0.182 64751
0.183 64715
0.225 64710
0.225 64699
0.228 64698
0.23 64568
0.255 64561
0.259 64559
0.265 64538
0.265 64530
0.267 64525
0.268 64514
0.27 64446
0.273 64445
0.273 64431
1.394 64405
1.394 64402
1.396 64392
1.965 64365
1.965 64360
1.967 64359
2.005 64326
2.02 64322
2.064 64300
2.101 64288
2.102 64279
2.106 64272
2.402 64208
2.403 64129
2.405 64128
2.406 64125
2.406 64117
2.446 64116
3.095 64111
3.112 64109
3.134 64102
3.135 64085
3.136 64084
3.137 63974
3.137 63954
3.141 63952
3.142 63949
3.143 63932
3.145 63928
3.146 63926
3.147 63924
3.48 63879
3.481 63878
3.51 63839
3.511 63833
3.513 63831
3.514 63830
3.518 63804
3.518 63793
3.52 63743
11.167 63737
11.171 63735
11.178 63732
11.18 63712
11.216 63697
11.218 63686
11.225 63668
11.298 63665
11.3 63636
11.376 63632
11.379 63629
11.381 63621
11.382 63611
11.384 63607
11.385 63606
11.385 63592
11.393 63575
11.402 63524
13.482 63517
13.489 63500
13.492 63470
13.496 63466
13.496 63465
13.675 63460
13.676 63442
15.078 63434
15.079 63429
15.08 63428
15.081 63422
15.094 63420
15.096 63413
15.096 63412
15.422 63402
15.423 63399
15.426 63391
15.479 63373
16.116 63370
16.116 63368
16.119 63362
16.225 63340
16.23 63334
16.234 63332
16.248 63328
16.253 63325
16.255 63319
20.354 63318
20.355 63314
21.438 63311
21.439 63305
22.668 63279
22.673 63265
25.664 63263
25.855 63255
25.855 63253
25.857 63250
25.86 63242
25.876 63240
26.627 63230
26.627 63216
26.63 63211
26.642 63208
27.238 63207
27.24 63202
27.242 63199
27.243 63192
27.247 63187
27.325 63186
27.353 63177
27.355 63174
27.357 63171
27.388 63166
27.39 63160
27.405 63159
27.422 63158
27.435 63153
27.436 63151
28.355 63147
28.358 63140
28.99 63139
29.01 63136
29.012 63135
29.053 63133
29.265 63126
29.312 63125
29.35 63110
29.356 63109
29.356 63107
29.358 63099
31.411 63090
31.426 63081
31.733 63080
31.766 63078
31.767 63071
31.773 63062
31.773 63058
31.774 63050
31.778 63044
32.853 63042
32.869 63024
34.134 63023
34.144 63022
34.145 63021
34.157 63014
34.16 63008
34.65 63007
34.651 63006
34.723 63005
34.751 63002
34.766 63001
35.135 62995
35.136 62994
35.16 62991
35.163 62985
35.176 62984
35.179 62983
35.182 62977
35.189 62976
35.228 62975
35.245 62973
35.256 62971
35.26 62970
35.268 62968
35.286 62960
36.701 62959
37.367 62958
37.573 62957
37.587 62953
37.588 62952
37.592 62951
37.595 62946
