0.039 70171
0.04 70083
0.04 70047
0.04 70027
0.041 70000
0.042 69937
0.042 69933
0.042 69902
0.042 69889
0.044 69826
0.046 69721
0.047 69653
0.047 69639
0.048 69623
0.048 69570
0.049 69466
0.05 69445
0.051 69443
0.054 69419
0.055 69410
0.055 69373
0.056 69365
0.056 69315
0.057 69312
0.058 69262
0.058 69261
0.059 69208
0.06 69204
0.061 69190
0.061 69185
0.062 69184
0.063 69104
0.064 69070
0.064 69044
0.065 69042
0.066 69029
0.071 69022
0.072 68940
0.076 68934
0.077 68912
0.084 68887
0.084 68844
0.086 68833
0.092 68819
0.095 68813
0.108 68789
0.108 68768
0.11 68755
0.111 68747
0.114 68731
0.125 68702
0.127 68664
0.129 68623
0.152 68568
0.155 68484
0.402 68425
0.448 68396
0.449 68387
0.456 68363
0.456 68362
0.457 68354
0.457 68353
0.458 68350
0.458 68338
0.459 68321
0.5 68310
0.504 68293
0.51 68268
0.519 68256
0.519 68236
0.546 68217
0.547 68210
0.549 68173
0.549 68129
0.55 68103
0.605 68032
0.611 68008
0.619 68001
0.619 67954
0.62 67951
0.642 67925
0.643 67899
0.646 67892
0.648 67884
0.649 67834
0.651 67828
0.661 67809
0.817 67775
0.819 67774
0.839 67754
0.841 67747
0.871 67742
0.885 67691
0.887 67654
0.887 67615
0.89 67609
0.891 67607
0.901 67601
0.902 67599
0.903 67576
3.103 67523
3.104 67486
3.105 67478
3.113 67474
3.264 67465
3.268 67463
3.273 67435
3.446 67427
3.446 67411
6.612 67382
6.619 67379
6.725 67358
6.726 67353
6.729 67348
6.739 67318
6.744 67315
8.25 67313
8.254 67311
8.29 67296
8.291 67269
8.292 67225
8.293 67224
8.294 67221
10.122 67218
10.123 67207
10.144 67205
10.145 67197
10.171 67195
10.172 67165
10.183 67161
10.189 67156
10.192 67144
10.195 67129
10.303 67125
10.303 67119
10.305 67100
10.305 67099
10.305 67091
12.58 67076
12.639 67069
12.649 67068
12.65 67062
12.692 67010
12.694 66996
12.694 66988
12.696 66979
12.697 66978
12.699 66977
12.702 66962
12.709 66943
12.715 66899
12.733 66883
15.481 66881
18.668 66875
18.711 66860
18.743 66852
20.213 66846
20.501 66836
20.517 66835
20.558 66830
20.576 66817
20.586 66803
20.589 66798
20.59 66789
20.597 66784
20.6 66780
20.662 66766
21.153 66755
24.578 66748
24.581 66735
24.591 66732
24.637 66686
24.638 66685
24.642 66680
24.642 66678
24.644 66677
24.746 66671
24.747 66666
28.822 66665
28.843 66664
28.848 66663
28.848 66660
28.864 66656
28.892 66651
28.945 66638
28.946 66635
28.949 66632
28.955 66628
28.965 66627
30.193 66616
30.206 66614
30.389 66612
31.448 66608
31.451 66606
31.641 66601
31.861 66596
32.345 66595
32.348 66583
32.354 66582
32.439 66571
32.447 66559
32.482 66558
32.506 66557
32.507 66553
32.512 66551
33.585 66550
34.009 66548
34.01 66544
34.024 66543
34.025 66541
35.049 66539
35.057 66538
35.074 66537
35.558 66522
35.678 66509
35.717 66508
35.736 66505
35.743 66503
35.825 66500
35.855 66495
35.86 66494
35.861 66493
36.086 66490
36.09 66481
36.157 66479
36.168 66478
36.171 66476
36.515 66474
36.525 66471
36.529 66467
36.541 66465
36.542 66463
36.555 66454
36.557 66453
38.081 66442
38.868 66436
38.868 66434
39.173 66427
41.334 66421
41.405 66417
41.518 66414
