0.036 73810
0.037 73807
0.039 73802
0.04 73783
0.043 73767
0.043 73762
0.044 73755
0.044 73737
0.044 73724
0.047 73720
0.047 73718
0.048 73706
0.067 73637
0.07 73615
0.07 73604
0.071 73591
0.073 73589
0.078 73577
0.079 73573
0.109 73567
0.12 73498
0.124 73436
0.132 73419
0.132 73411
0.137 73380
0.141 73378
0.145 73367
0.145 73361
0.198 73342
0.211 73339
0.291 73325
0.301 73324
0.304 73323
0.304 73316
0.311 73314
0.325 73313
0.326 73270
0.327 73256
0.327 73253
0.329 73250
0.329 73233
0.334 73202
0.394 73194
0.398 73193
0.404 73154
0.405 73148
0.406 73145
0.43 73140
0.436 73122
0.77 73103
0.772 73101
0.774 73100
0.777 73071
0.779 73068
0.779 73067
0.78 73066
0.797 73064
0.807 73058
0.808 73056
0.809 73054
0.81 73013
0.858 73011
0.951 73002
0.954 72999
0.954 72998
0.955 72997
1.15 72936
1.152 72934
1.157 72930
1.157 72926
1.165 72898
1.181 72891
1.183 72881
1.187 72875
1.193 72869
1.196 72865
1.204 72859
1.227 72800
1.331 72798
1.499 72796
1.977 72782
2.369 72777
5.614 72766
5.62 72752
5.625 72751
6.074 72748
6.076 72747
6.077 72740
6.079 72731
6.083 72729
6.086 72722
6.086 72721
7.991 72714
8.118 72708
8.118 72703
8.12 72694
8.12 72692
9.187 72691
9.189 72685
9.195 72678
9.203 72638
9.297 72621
9.298 72620
9.611 72604
9.614 72600
10.378 72584
10.382 72578
10.383 72570
10.399 72569
10.409 72567
10.41 72537
12.312 72535
12.315 72523
12.317 72521
12.764 72517
12.765 72516
12.77 72511
14.466 72507
14.495 72492
14.498 72486
14.621 72475
14.755 72462
14.778 72461
14.779 72447
14.783 72442
14.785 72393
14.786 72389
14.787 72386
14.804 72380
14.807 72375
14.884 72371
14.885 72364
14.961 72363
14.966 72361
14.975 72343
14.976 72332
17.038 72326
17.039 72324
17.04 72323
17.085 72321
17.086 72320
18.953 72319
18.954 72317
19.284 72312
19.43 72302
19.456 72301
19.456 72300
19.457 72282
19.476 72281
19.479 72275
19.479 72271
19.481 72270
19.486 72261
19.537 72258
19.54 72246
19.59 72226
19.592 72225
19.597 72224
19.597 72218
19.604 72213
19.61 72206
19.613 72205
20.14 72204
20.153 72202
20.164 72197
20.206 72194
20.208 72164
22.123 72161
22.126 72156
22.135 72153
22.239 72152
22.267 72137
22.417 72135
22.417 72119
22.42 72117
22.421 72112
22.591 72108
22.635 72104
22.652 72103
22.653 72094
22.658 72093
22.682 72092
22.684 72091
22.702 72086
22.704 72084
22.706 72078
22.707 72073
22.722 72072
28.998 72063
28.998 72062
29.058 72055
29.06 72054
29.092 72044
29.45 72040
29.773 72039
30.773 72029
30.815 72028
31.037 72025
31.038 72021
31.934 72019
31.937 72018
32.13 72016
32.142 72015
33.347 72014
33.351 72013
33.359 72010
33.361 72007
33.391 72006
33.403 72005
33.42 72003
33.522 72001
33.617 71999
33.675 71997
33.676 71995
35.9 71994
35.971 71992
35.991 71987
36.008 71986
36.016 71983
36.049 71982
38.684 71981
38.685 71979
38.9 71977
39.113 71976
39.115 71974
39.195 71973
39.224 71972
39.231 71971
39.242 71970
39.258 71967
