0.044 150821
0.045 150772
0.045 150756
0.047 150694
0.047 150692
0.052 150636
0.057 150601
0.059 150529
0.061 150518
0.064 150500
0.071 150246
0.071 150242
0.072 150241
0.072 150240
0.073 150234
0.073 150213
0.08 150152
0.092 150140
0.093 150135
0.095 150132
0.096 150129
0.097 150113
0.099 150023
0.101 150019
0.102 150002
0.105 149996
0.107 149922
0.108 149905
0.108 149897
0.109 149819
0.122 149796
0.122 149794
0.255 149776
0.256 149766
0.258 149721
0.259 149716
0.264 149704
0.266 149652
0.266 149647
0.268 149546
0.27 149526
0.273 149524
0.281 149429
0.3 149409
0.301 149148
0.305 149027
0.305 149026
0.31 149007
0.315 149005
0.347 148963
0.349 148839
0.395 148831
0.396 148807
0.398 148772
0.403 148765
0.404 148754
0.409 148734
0.425 148718
0.426 148685
0.46 148647
0.461 148643
0.467 148637
0.47 148633
0.475 148623
0.483 148619
0.487 148432
0.702 148329
0.706 148328
0.71 148302
0.71 148282
0.712 148252
0.712 148247
0.713 148236
0.714 148176
0.715 148151
0.716 148147
0.824 148114
0.824 148105
0.825 148097
0.829 148071
0.829 148070
0.831 148069
0.832 148042
1.43 148036
1.43 148035
1.431 148010
1.456 148005
1.509 147981
1.512 147956
1.528 147946
1.529 147944
1.644 147940
1.644 147938
1.671 147919
1.674 147910
1.691 147909
1.696 147907
1.697 147863
1.711 147860
1.712 147858
1.723 147853
1.724 147842
1.725 147794
1.726 147778
2.068 147763
2.078 147746
2.08 147738
2.08 147737
2.082 147736
2.084 147731
2.116 147722
2.117 147708
2.507 147700
2.508 147696
2.509 147695
2.511 147680
2.523 147667
2.541 147665
2.544 147660
2.612 147658
2.615 147649
2.615 147648
2.622 147634
2.624 147628
2.63 147613
2.63 147612
2.705 147611
2.707 147604
2.711 147581
2.72 147575
2.722 147550
2.732 147531
2.738 147530
2.739 147529
2.741 147520
2.741 147509
2.744 147476
2.744 147473
2.745 147464
2.747 147452
2.747 147432
2.747 147424
2.77 147415
2.773 147408
3.544 147396
3.545 147389
3.548 147384
3.552 147360
3.552 147359
3.553 147357
3.553 147338
3.554 147325
3.555 147307
3.739 147291
3.746 147266
3.749 147265
3.755 147249
3.764 147210
3.824 147209
3.826 147208
3.827 147200
4.04 147199
4.047 147184
4.136 147182
4.149 147180
4.15 147177
4.151 147167
4.152 147155
4.155 147152
4.156 147147
4.158 147140
4.159 147138
4.249 147123
4.28 147112
4.282 147111
4.284 147098
4.291 147097
4.325 147093
4.326 147087
4.339 147071
5.043 147063
5.044 147057
5.055 147055
5.057 147047
5.062 147042
5.73 147020
5.732 147004
5.779 147003
5.787 146993
5.799 146983
5.862 146937
5.877 146935
5.885 146910
5.886 146909
5.887 146908
5.892 146897
5.898 146896
5.935 146857
5.937 146856
5.938 146845
5.939 146844
5.94 146841
5.95 146815
5.953 146809
6.013 146782
6.016 146779
6.017 146770
6.024 146766
6.106 146719
6.109 146671
6.11 146670
6.128 146669
6.128 146666
8.927 146660
8.963 146657
8.963 146645
8.963 146626
10.253 146620
11.283 146590
14.008 146576
14.011 146575
14.011 146568
14.016 146567
14.024 146566
14.031 146563
14.033 146562
16.431 146559
16.432 146557
16.568 146544
16.588 146532
16.589 146520
16.59 146504
16.597 146485
16.6 146483
16.601 146482
16.608 146481
16.608 146478
16.613 146462
16.617 146450
16.617 146447
16.625 146432
16.631 146430
16.633 146414
16.636 146413
16.638 146403
16.656 146397
16.657 146396
16.66 146394
16.664 146393
16.666 146390
16.668 146386
16.675 146385
16.677 146384
16.753 146369
16.764 146367
16.808 146364
16.808 146361
16.81 146339
16.813 146338
16.813 146333
17.763 146330
17.764 146326
17.765 146325
17.77 146312
17.773 146303
17.775 146283
17.776 146282
17.777 146272
17.868 146267
17.877 146266
17.878 146260
17.886 146257
17.888 146254
17.891 146252
18.237 146236
18.243 146235
18.255 146226
18.256 146225
18.278 146217
18.278 146216
18.354 146208
18.975 146162
18.976 146157
19.02 146154
19.023 146153
19.024 146151
19.028 146148
19.033 146144
19.036 146142
19.04 146141
19.044 146132
19.047 146126
19.048 146103
19.056 146083
19.073 146074
19.074 146066
19.075 146065
19.092 146062
19.099 146053
19.105 146052
19.607 146050
19.608 146047
19.656 146044
19.667 146042
19.669 146040
19.673 146032
19.676 146028
19.705 146026
19.719 146021
19.721 146018
19.724 146013
19.724 145990
19.918 145985
19.924 145982
19.926 145979
21.173 145974
22.786 145969
22.803 145968
22.865 145964
22.882 145963
22.885 145962
22.888 145961
23.099 145958
23.114 145951
23.115 145949
23.129 145947
23.13 145945
23.247 145942
23.252 145927
23.255 145924
23.256 145923
23.258 145922
23.267 145920
23.488 145913
23.536 145912
23.557 145901
23.559 145893
23.888 145891
23.89 145872
23.895 145871
23.896 145866
23.904 145865
24.011 145863
24.068 145859
24.07 145857
24.269 145855
24.271 145854
24.285 145852
24.315 145841
24.316 145840
24.339 145839
24.348 145834
24.353 145824
24.357 145822
24.372 145821
24.373 145815
25.73 145806
25.753 145805
25.755 145803
26.088 145796
26.089 145795
26.097 145792
26.125 145787
26.134 145785
26.135 145769
26.14 145766
26.406 145765
26.418 145762
26.429 145757
26.433 145756
26.446 145754
26.512 145741
26.513 145738
26.52 145733
26.525 145732
26.648 145724
26.853 145715
27.483 145702
27.493 145701
27.501 145700
27.502 145696
27.527 145659
27.528 145658
27.548 145656
28.239 145654
28.244 145653
28.299 145650
29.51 145644
29.879 145643
29.899 145642
29.9 145638
29.901 145635
29.998 145628
30.002 145626
30.302 145625
30.309 145622
30.318 145618
30.382 145615
30.391 145611
30.506 145603
30.515 145602
30.515 145601
30.518 145598
30.521 145595
31.16 145592
31.195 145588
31.626 145584
31.642 145572
31.644 145571
31.645 145570
31.718 145568
31.722 145567
31.742 145565
31.758 145564
31.76 145563
31.761 145562
31.832 145557
31.891 145553
31.894 145548
31.911 145545
31.912 145544
32.699 145535
32.721 145533
32.724 145532
32.788 145527
34.329 145525
34.377 145520
34.385 145518
34.392 145516
34.491 145515
34.515 145514
34.523 145512
34.548 145509
34.55 145508
34.557 145507
34.562 145506
34.563 145503
34.568 145501
34.573 145500
41.57 145495
41.577 145494
41.582 145493
42.564 145492
43.34 145491
