0.053 311713
0.057 311712
0.059 311649
0.062 311207
0.062 311200
0.066 311193
0.067 311173
0.068 311012
0.069 310925
0.07 310820
0.07 310815
0.072 310794
0.076 310723
0.077 310717
0.078 310673
0.079 310623
0.08 310617
0.085 310561
0.085 310493
0.086 310487
0.088 310444
0.089 310376
0.09 310358
0.091 310357
0.097 310351
0.097 310343
0.099 310335
0.099 310312
0.1 310308
0.101 310274
0.104 310263
0.11 310246
0.112 310245
0.114 310175
0.116 310103
0.117 309895
0.12 309881
0.122 309795
0.124 309789
0.124 309780
0.125 309775
0.13 309574
0.132 309116
0.132 309096
0.135 309094
0.137 309086
0.14 309081
0.143 309080
0.144 309079
0.145 309049
0.147 309027
0.148 309008
0.149 309007
0.155 308980
0.157 308956
0.159 308924
0.16 308923
0.161 308919
0.161 308915
0.165 308881
0.171 308814
0.173 308813
0.173 308812
0.179 308675
0.18 308662
0.199 308656
0.2 308644
0.204 308587
0.208 308584
0.212 308559
0.225 308543
0.23 308505
0.231 308504
0.231 308483
0.232 308476
0.234 308469
0.235 308301
0.261 308291
0.265 308256
0.266 308250
0.266 308242
0.282 308171
0.283 308115
0.283 308103
0.284 308102
0.29 308087
0.294 308048
0.316 308037
0.317 308035
0.317 307999
0.319 307985
0.32 307983
0.326 307959
0.352 307931
0.353 307929
0.355 307918
0.36 307915
0.361 307858
0.364 307842
0.364 307832
0.367 307816
0.367 307815
0.368 307814
0.378 307778
0.38 307765
0.384 307749
0.387 307743
0.388 307728
0.388 307720
0.389 307714
0.39 307702
0.419 307698
0.419 307655
0.421 307646
0.422 307639
0.453 307628
0.457 307623
0.457 307617
0.46 307613
0.465 307584
0.479 307575
0.481 307573
0.486 307511
0.493 307486
0.495 307482
0.498 307473
0.511 307453
0.512 307432
0.514 307427
0.521 307424
0.525 307417
0.566 307384
0.571 307342
0.578 307285
0.581 307276
0.599 307126
0.6 307096
0.601 307042
0.609 307008
0.644 306990
0.648 306883
0.65 306687
0.652 306625
0.653 306585
0.661 306567
0.662 306557
0.665 306556
0.673 306522
0.675 306479
0.678 306473
0.684 306463
0.689 306417
0.693 306292
0.694 306247
0.695 306246
0.696 306236
0.697 306231
0.698 306166
0.699 306158
0.7 306029
0.703 306028
0.705 306022
0.707 305953
0.708 305734
0.709 305723
0.712 305720
0.717 305717
0.723 305703
0.726 305701
0.727 305657
0.763 305646
0.764 305642
0.875 305634
0.876 305611
0.879 305607
0.883 305581
0.893 305579
0.896 305558
0.913 305528
0.919 305496
0.932 305490
0.975 305489
0.977 305442
0.98 305402
0.981 305398
0.981 305396
0.982 305390
0.985 305344
0.987 305311
0.991 305294
0.992 305281
0.996 305272
0.996 305251
1.005 305246
1.007 305238
1.009 305199
1.01 305194
1.011 305189
1.034 304985
1.036 304971
1.042 304965
1.045 304961
1.087 304576
1.088 304556
1.098 304555
1.1 304549
1.111 304532
1.112 304530
1.123 304518
1.127 304517
1.128 304484
1.143 304423
1.147 304414
1.147 304413
1.148 304408
1.205 304318
1.208 304305
1.209 304277
1.21 304261
1.243 304260
1.276 304236
1.276 304233
1.278 304232
1.279 304222
1.282 304174
1.287 304172
1.396 304068
1.425 304044
1.433 304029
1.434 304026
1.434 304019
1.434 303982
1.435 303976
1.44 303975
1.442 303971
1.444 303951
1.444 303946
1.445 303928
1.446 303916
1.447 303902
1.448 303888
1.452 303862
1.453 303847
1.454 303846
1.454 303844
1.455 303773
1.455 303758
1.456 303757
1.461 303747
1.461 303746
1.466 303737
1.647 303679
1.658 303671
1.675 303670
1.681 303659
1.682 303657
1.683 303635
1.683 303633
1.684 303630
1.685 303591
1.698 303580
1.704 303562
1.704 303561
1.709 303556
1.709 303544
2.027 303524
2.304 303501
2.304 303499
2.305 303498
2.308 303497
2.31 303460
2.323 303457
2.323 303440
2.324 303436
2.613 303418
2.614 303416
2.619 303396
2.622 303387
2.623 303338
2.628 303299
2.628 303285
2.629 303281
2.63 303269
2.631 303266
2.633 303265
2.636 303264
2.636 303250
2.636 303242
2.677 303220
2.683 303210
2.684 303207
2.718 303176
2.754 303169
2.755 303150
2.756 303139
2.76 303090
2.761 303074
2.766 303072
3.237 303067
3.241 303061
3.243 303059
3.251 303058
3.807 303057
3.809 303054
3.812 303039
3.815 303038
3.906 302995
3.911 302976
3.918 302975
3.92 302963
3.924 302929
4.111 302911
4.137 302889
4.138 302871
4.139 302783
4.166 302774
4.169 302771
4.173 302762
4.175 302749
4.18 302680
4.182 302675
4.197 302673
4.248 302657
4.311 302646
4.326 302628
4.338 302623
4.348 302605
4.351 302565
4.353 302562
4.355 302559
4.36 302535
4.361 302533
4.362 302498
4.373 302487
4.375 302471
4.378 302454
4.378 302453
4.379 302450
4.381 302434
4.411 302414
4.436 302377
4.437 302358
4.441 302345
4.443 302339
4.45 302311
4.848 302282
4.854 302241
4.859 302222
4.949 302215
4.951 302213
4.957 302187
5.339 302175
5.349 302173
5.353 302167
5.471 302137
5.475 302132
5.476 302117
5.476 302112
5.481 302102
5.499 302093
5.502 302092
5.506 302091
5.579 302089
6.291 302081
6.292 302069
6.746 302039
6.748 302030
6.751 302004
6.754 302003
6.756 301971
6.76 301968
6.77 301941
6.781 301940
6.783 301939
6.786 301933
6.788 301929
6.791 301920
6.8 301908
6.8 301907
6.811 301882
6.812 301881
6.813 301863
9.027 301846
9.353 301845
9.385 301834
9.391 301833
9.393 301823
9.395 301821
9.408 301806
9.408 301803
9.412 301795
9.413 301789
9.421 301777
9.424 301742
9.426 301739
12.934 301736
12.934 301732
12.935 301701
12.948 301695
12.954 301689
12.959 301687
13.97 301675
14.215 301673
14.221 301663
14.225 301656
14.227 301634
14.229 301632
14.235 301626
14.243 301622
14.244 301610
14.353 301607
14.354 301594
14.355 301588
14.356 301587
14.388 301569
14.389 301567
14.394 301554
14.404 301538
14.408 301533
14.462 301529
14.611 301526
14.612 301522
14.613 301515
14.613 301506
14.646 301501
14.647 301474
14.648 301468
14.649 301461
14.65 301445
14.651 301434
14.656 301433
14.896 301428
14.928 301427
15.058 301426
15.064 301425
15.066 301424
15.166 301398
15.169 301392
15.186 301386
15.187 301372
15.197 301371
15.198 301365
15.204 301351
15.207 301339
15.623 301316
15.627 301314
15.63 301308
15.632 301305
15.636 301298
15.642 301274
15.644 301270
15.649 301268
15.666 301261
15.67 301242
15.699 301241
15.699 301236
15.703 301230
15.708 301211
15.929 301209
15.933 301208
15.933 301203
16.473 301200
16.487 301197
16.67 301196
16.672 301195
16.691 301181
16.699 301172
16.703 301162
16.703 301159
16.725 301150
16.726 301121
16.731 301106
16.768 301080
16.777 301076
16.932 301067
16.936 301065
16.948 301059
16.95 301056
16.95 301055
17.499 301050
17.531 301046
17.549 301045
17.701 301022
18.624 301021
18.624 301016
18.657 301015
18.67 301014
18.801 301008
18.803 301004
18.81 301001
18.81 300999
18.812 300997
18.816 300994
18.818 300989
18.846 300985
18.85 300982
18.855 300942
18.863 300933
18.874 300927
18.927 300921
18.941 300920
18.95 300915
18.961 300898
18.963 300897
18.966 300893
20.429 300882
20.439 300881
20.44 300879
20.444 300877
21.198 300876
21.209 300871
21.213 300869
21.311 300865
21.311 300855
21.313 300852
21.317 300846
21.938 300845
21.943 300840
22.009 300833
22.039 300832
22.048 300827
22.057 300822
22.123 300817
22.124 300816
22.125 300815
22.127 300814
22.13 300813
22.132 300810
22.141 300809
22.143 300806
22.195 300803
22.197 300792
22.198 300772
22.451 300759
22.451 300758
22.457 300756
22.479 300750
22.484 300738
23.619 300728
23.624 300725
23.627 300724
23.637 300720
23.666 300711
24.359 300655
24.362 300650
24.363 300649
24.364 300648
24.366 300639
24.367 300632
24.372 300601
24.417 300594
24.421 300592
24.424 300591
24.431 300583
24.447 300580
24.45 300578
24.455 300563
24.455 300560
24.462 300558
24.466 300552
24.469 300539
24.589 300529
27.085 300515
27.193 300511
27.214 300504
27.22 300501
27.222 300492
27.223 300489
27.253 300487
27.254 300486
27.26 300485
27.27 300476
27.277 300474
27.278 300472
28.031 300464
28.032 300457
28.036 300456
28.045 300451
28.048 300449
28.052 300445
28.066 300439
28.066 300438
28.071 300436
28.169 300406
28.174 300402
28.184 300401
28.184 300387
28.184 300385
28.198 300384
28.22 300379
28.222 300367
28.87 300363
29.587 300362
31.399 300359
31.404 300356
31.409 300354
31.419 300347
33.204 300346
33.205 300345
33.207 300344
33.212 300343
33.22 300337
33.221 300333
33.221 300332
33.225 300319
33.275 300318
33.284 300315
33.614 300312
33.661 300310
33.668 300305
33.671 300300
33.672 300299
34.043 300297
34.096 300295
34.098 300293
34.098 300287
34.108 300286
34.112 300283
34.144 300275
34.189 300273
34.206 300268
34.209 300266
37.649 300265
37.651 300256
37.67 300253
37.671 300252
37.824 300247
37.825 300240
37.829 300239
39.906 300236
39.926 300233
39.943 300231
39.945 300228
39.983 300226
41.857 300223
41.898 300222
42.12 300221
42.136 300219
42.147 300217
42.155 300216
42.176 300214
42.18 300213
42.189 300210
42.191 300209
44.07 300207
44.082 300205
44.097 300204
47.936 300203
47.97 300202
47.974 300201
48.006 300200
48.056 300198
48.14 300194
48.318 300191
48.795 300190
48.838 300189
48.864 300188
48.883 300183
48.92 300182
48.928 300178
48.928 300168
48.929 300163
48.947 300161
48.961 300153
48.981 300141
48.992 300139
