0.057 132046
0.058 131375
0.059 131367
0.06 131354
0.061 131353
0.062 131351
0.063 131349
0.064 131299
0.064 131294
0.065 131288
0.066 131287
0.072 131282
0.073 131238
0.078 131235
0.079 131222
0.079 131219
0.08 131213
0.081 131204
0.083 130970
0.083 130949
0.084 130948
0.091 130929
0.092 130927
0.093 130926
0.105 130845
0.106 130843
0.108 130838
0.108 130837
0.124 130832
0.125 130820
0.136 130776
0.137 130775
0.139 130769
0.141 130767
0.158 130744
0.168 130375
0.168 130374
0.169 130367
0.17 130361
0.175 130315
0.179 130306
0.18 130001
0.182 129999
0.183 129888
0.184 129874
0.184 129868
0.185 129192
0.187 129190
0.187 129189
0.19 129171
0.196 129089
0.197 129088
0.197 129085
0.197 129057
0.198 129004
0.2 128990
0.201 128986
0.201 128798
0.202 128795
0.203 128785
0.206 128784
0.207 128781
0.208 128777
0.209 128771
0.211 128767
0.217 128766
0.217 128765
0.218 128764
0.249 128663
0.249 128657
0.25 128653
0.26 128649
0.26 128641
0.261 128635
0.262 128632
0.269 128369
0.271 128319
0.273 128303
0.278 127969
0.28 127949
0.29 127925
0.295 127866
0.297 127785
0.299 127781
0.299 127778
0.3 127762
0.301 127718
0.302 127710
0.302 127698
0.305 127696
0.317 127689
0.318 127636
0.319 127631
0.325 127421
0.326 127413
0.327 127393
0.329 127390
0.331 127367
0.35 127281
0.358 127249
0.362 127246
0.363 127245
0.366 127188
0.367 127107
0.37 127101
0.383 127093
0.393 127084
0.442 127078
0.443 127074
0.445 127065
0.45 127063
0.454 127021
0.469 126982
0.47 126971
0.471 126969
0.472 126968
0.474 126924
0.484 126913
0.49 126911
0.494 126894
0.495 126872
0.498 126867
0.499 126863
0.501 126862
0.501 126860
0.502 126845
0.506 126841
0.51 126820
0.511 126817
0.513 126811
0.522 126808
0.668 126804
0.67 126781
0.673 126673
0.675 126669
0.676 126660
0.83 126658
0.848 126600
0.864 126321
0.865 126312
0.907 126155
0.908 126153
0.964 126137
0.964 126128
0.966 125892
0.967 125887
0.972 125881
0.974 125854
0.98 125846
0.981 125835
0.986 125771
0.988 125769
0.99 125753
1.031 125738
1.033 125735
1.037 125690
1.044 125679
1.046 125666
1.047 125649
1.048 125622
1.049 125615
1.05 125613
1.062 125432
1.064 125417
1.064 125401
1.096 125391
1.097 125347
1.098 125332
1.099 125330
1.102 125324
1.103 125323
1.104 125320
1.107 125311
1.112 125302
1.116 125295
1.117 125288
1.119 125269
1.134 125254
1.278 125253
1.286 125246
1.287 125219
1.287 125218
1.288 125194
1.292 125183
1.308 125174
1.33 125161
1.331 125157
1.332 125129
1.342 125098
1.342 125094
1.443 125079
1.444 125068
1.445 125067
1.451 125059
1.513 125031
1.514 125028
1.514 125027
1.515 125004
1.534 125003
1.535 124993
1.536 124986
1.537 124978
1.539 124965
1.571 124964
1.586 124927
1.589 124923
1.59 124919
1.595 124911
1.663 124902
1.665 124876
1.666 124848
1.667 124844
1.952 124843
1.953 124831
1.956 124822
2.611 124803
2.629 124801
2.63 124741
2.638 124728
2.645 124719
2.654 124708
2.66 124693
2.661 124686
2.663 124662
2.687 124600
2.687 124585
2.688 124571
2.689 124570
2.693 124535
2.694 124533
2.694 124532
2.695 124527
2.696 124500
2.769 124472
2.781 124441
2.783 124415
2.784 124413
2.785 124400
2.786 124360
2.799 124356
2.911 124341
2.912 124335
2.913 124327
2.914 124326
2.914 124324
2.915 124320
2.916 124297
2.919 124286
3.064 124185
3.067 124147
3.068 124097
3.072 124088
3.192 124054
3.193 124051
3.197 124014
3.231 123991
3.234 123954
3.262 123952
3.268 123949
3.268 123941
3.272 123915
3.273 123885
3.274 123857
3.61 123852
3.61 123844
3.612 123825
3.612 123816
3.625 123786
3.627 123723
3.631 123721
3.632 123717
3.633 123714
3.634 123701
3.675 123686
3.713 123685
3.713 123678
3.726 123663
4.24 123636
5.917 123565
5.918 123557
5.929 123532
5.951 123523
5.952 123516
5.983 123504
6.001 123502
6.003 123488
6.003 123484
6.004 123480
6.004 123479
6.007 123474
6.008 123472
6.129 123465
6.129 123458
6.138 123428
6.155 123418
6.155 123392
6.354 123381
6.364 123367
6.366 123362
6.37 123358
6.371 123357
6.371 123334
6.649 123330
6.653 123324
6.656 123306
6.656 123305
6.657 123303
6.658 123300
6.658 123298
6.663 123296
6.665 123272
6.721 123020
6.722 122990
6.725 122988
6.778 122987
6.779 122964
6.781 122963
6.782 122960
6.784 122949
6.795 122946
6.796 122934
6.796 122932
6.799 122930
6.813 122912
6.815 122879
6.817 122851
6.874 122810
6.882 122789
6.883 122741
6.885 122740
6.886 122722
6.886 122700
6.887 122695
6.891 122694
6.893 122681
6.894 122676
6.897 122673
6.898 122672
6.901 122621
6.931 122616
8.221 122613
8.469 122590
8.472 122555
8.474 122539
8.479 122522
15.867 122517
15.868 122511
15.871 122508
15.89 122502
15.909 122496
16.092 122492
16.093 122469
16.096 122466
18.043 122447
18.046 122442
18.056 122441
18.112 122430
18.112 122424
18.113 122423
18.115 122420
18.119 122419
18.492 122409
19.067 122400
19.069 122399
19.069 122398
19.295 122395
19.297 122389
19.3 122384
19.303 122379
19.304 122378
20.124 122359
21.182 122357
21.189 122344
21.194 122339
22.221 122333
22.223 122332
22.224 122329
22.227 122326
22.229 122324
22.238 122319
22.241 122318
24.201 122317
24.206 122310
25.193 122309
25.194 122308
25.202 122305
25.32 122224
25.321 122223
25.323 122222
25.323 122217
25.325 122202
25.329 122199
25.329 122197
25.568 122193
25.575 122187
25.576 122186
25.577 122184
25.579 122181
25.586 122167
25.589 122152
25.592 122150
25.593 122149
25.593 122146
25.604 122142
25.605 122138
25.613 122124
25.621 122122
25.642 122111
25.645 122107
25.648 122105
26.701 122096
26.702 122094
27.405 122089
27.407 122085
27.407 122067
27.417 122062
27.431 122043
27.436 122040
27.442 122039
27.533 122037
27.534 122028
27.534 122025
27.538 122005
31.373 122000
31.389 121998
31.398 121996
31.408 121985
31.409 121983
31.418 121982
31.42 121980
31.436 121979
31.438 121969
31.441 121967
31.448 121962
31.452 121957
31.453 121954
31.47 121952
31.491 121946
31.491 121945
31.495 121942
31.533 121936
31.54 121933
31.579 121923
31.58 121920
39.207 121917
39.225 121916
39.247 121914
39.252 121911
39.255 121909
39.264 121906
39.266 121905
39.27 121904
39.28 121903
39.28 121902
39.331 121901
39.332 121900
39.339 121899
39.34 121887
39.341 121886
39.344 121885
39.344 121884
39.346 121882
39.355 121877
39.374 121873
39.395 121870
39.56 121858
39.655 121856
39.659 121855
39.661 121852
39.669 121849
39.672 121847
39.712 121843
39.714 121841
40.915 121838
40.932 121834
40.933 121828
40.94 121827
44.337 121821
44.347 121820
44.352 121815
44.363 121814
44.363 121813
44.364 121811
44.365 121810
44.683 121809
44.685 121806
44.685 121805
44.778 121804
45.848 121803
45.852 121802
45.906 121796
45.916 121795
45.966 121794
45.967 121792
45.977 121790
45.978 121789
45.983 121788
45.989 121784
45.997 121783
46 121781
46.001 121780
46.003 121779
48.695 121778
48.711 121777
48.764 121776
