0.055 131802
0.056 131789
0.059 131772
0.06 131756
0.06 131755
0.069 131277
0.07 131276
0.071 131271
0.075 131264
0.076 131229
0.079 131007
0.082 130970
0.084 130963
0.085 130962
0.085 130945
0.086 130944
0.1 130932
0.101 130923
0.111 130889
0.114 130856
0.117 130812
0.117 130423
0.118 130421
0.12 130420
0.121 130417
0.121 130415
0.122 130395
0.124 130044
0.126 129932
0.127 129928
0.128 129927
0.129 129597
0.131 129595
0.134 129272
0.134 129270
0.135 129269
0.137 129265
0.141 129254
0.143 129253
0.144 128814
0.145 128812
0.145 128810
0.148 128789
0.148 128787
0.151 128786
0.152 128736
0.152 128735
0.157 128728
0.158 128715
0.16 128705
0.189 128704
0.19 128700
0.191 128694
0.199 128479
0.201 128471
0.202 128468
0.234 128451
0.235 128446
0.235 128442
0.236 128439
0.237 128422
0.248 128077
0.263 127928
0.263 127922
0.264 127910
0.265 127884
0.266 127881
0.267 127849
0.268 127825
0.269 127814
0.29 127810
0.291 127807
0.292 127795
0.296 127772
0.296 127762
0.302 127725
0.302 127708
0.302 127693
0.303 127692
0.309 127690
0.31 127659
0.31 127648
0.319 127645
0.343 127389
0.345 127388
0.346 127387
0.346 127385
0.347 127369
0.347 127368
0.348 127363
0.348 127362
0.349 127358
0.35 127357
0.352 127354
0.352 127353
0.352 127349
0.353 127336
0.36 127329
0.361 127323
0.369 127308
0.376 127307
0.377 127290
0.379 127276
0.38 127270
0.381 127256
0.382 127254
0.384 127242
0.385 127177
0.387 127141
0.388 127125
0.393 127113
0.393 127108
0.395 127081
0.397 127079
0.397 126965
0.417 126906
0.424 126905
0.429 126903
0.43 126899
0.434 126874
0.437 126844
0.437 126834
0.438 126831
0.439 126818
0.44 126815
0.44 126796
0.441 126766
0.442 126762
0.452 126760
0.473 126737
0.555 126591
0.561 126574
0.561 126562
0.562 126561
0.562 126559
0.563 126554
0.564 126553
0.565 126543
0.565 126533
0.566 126514
0.574 126496
0.575 126494
0.577 126490
0.577 126485
0.581 126470
0.615 126467
0.621 126461
0.622 126457
0.622 126455
0.623 126453
0.635 126444
0.642 126431
0.644 126408
0.646 126406
0.647 126405
0.648 126403
0.802 126337
0.81 126334
0.812 126325
0.816 126323
0.824 126312
0.825 126311
0.827 126305
0.845 126195
0.872 126186
0.874 126164
0.92 126153
0.928 126145
0.931 126112
0.941 125814
0.942 125778
0.943 125768
0.945 125755
0.947 125748
0.948 125733
0.951 125727
0.953 125691
0.956 125680
0.956 125656
0.999 125629
0.999 125628
1 125625
1.005 125530
1.006 125459
1.007 125440
1.008 125436
1.031 125346
1.114 125338
1.114 125325
1.119 125322
1.12 125259
1.128 125247
1.137 125231
1.144 125177
1.144 125173
1.145 125172
1.145 125167
1.146 125162
1.147 125089
1.148 125050
1.15 124933
1.151 124915
1.152 124914
1.166 124907
1.166 124898
1.168 124881
1.17 124792
1.172 124771
1.173 124703
1.174 124693
1.201 124654
1.202 124624
1.207 124600
1.208 124598
1.857 124595
1.861 124571
1.871 124530
1.874 124528
1.876 124523
1.878 124278
2.168 124275
2.169 124239
2.176 124233
2.178 124218
2.953 124197
3.329 124174
3.384 124134
3.385 124122
3.39 124048
3.391 124047
3.392 124046
3.393 124030
3.979 124021
3.98 124015
3.982 124011
3.983 124008
3.985 123991
3.985 123980
3.99 123972
3.991 123958
3.994 123942
4.02 123930
4.02 123929
4.06 123921
4.118 123913
4.119 123897
4.12 123894
4.126 123891
4.137 123879
4.139 123876
4.142 123863
4.142 123853
4.142 123852
4.143 123838
4.158 123835
4.194 123834
4.202 123830
4.207 123822
4.208 123812
4.209 123805
4.209 123803
4.21 123776
4.212 123773
4.213 123765
4.215 123761
4.215 123754
4.216 123752
4.222 123739
4.255 123737
4.258 123710
4.28 123692
4.399 123689
4.4 123680
4.404 123631
4.406 123613
4.407 123612
4.408 123607
4.411 123606
4.411 123598
4.412 123593
5.372 123570
5.373 123558
5.374 123557
5.374 123550
5.376 123527
5.378 123518
5.382 123517
5.384 123515
5.389 123511
5.389 123510
5.391 123507
5.394 123500
5.394 123499
5.398 123497
5.399 123485
5.401 123483
5.401 123479
5.631 123466
5.632 123457
5.633 123448
5.731 123444
5.733 123438
5.738 123437
5.981 123381
5.985 123358
5.986 123352
6.154 123347
6.155 123338
6.156 123330
6.159 123315
6.159 123272
6.16 123270
6.162 123269
6.169 123217
6.172 123210
6.566 123181
6.568 123172
7.166 123159
7.166 123140
7.182 123126
7.191 123123
7.191 123120
7.192 123116
7.199 123114
7.2 123111
7.201 123108
7.202 123107
7.203 123106
7.206 123104
7.207 123093
7.207 123087
7.21 123080
7.212 123074
7.214 123054
7.214 123049
7.221 123038
7.222 123031
7.223 123030
7.223 123021
7.224 123008
7.234 123004
7.235 123000
7.697 122991
7.722 122983
7.998 122963
8.191 122960
8.207 122955
8.227 122951
8.228 122929
8.229 122928
8.236 122927
8.247 122912
8.947 122906
8.949 122884
8.95 122881
8.953 122874
8.958 122869
8.959 122861
9.024 122853
9.024 122848
9.026 122833
9.045 122831
9.045 122821
9.048 122819
9.049 122815
9.054 122812
9.276 122806
9.276 122801
9.281 122798
9.3 122774
9.351 122766
9.352 122745
9.353 122722
9.353 122719
9.357 122718
9.357 122715
9.358 122711
10.448 122702
10.719 122693
10.721 122692
10.723 122679
10.726 122658
10.731 122647
10.741 122642
10.742 122636
10.748 122620
10.776 122617
10.777 122616
10.786 122613
10.787 122601
10.788 122589
10.791 122587
10.802 122564
10.806 122561
10.995 122558
11.002 122522
11.006 122521
11.007 122517
11.65 122514
11.653 122512
11.654 122504
11.662 122494
12.535 122489
12.538 122458
12.538 122451
13.422 122433
13.426 122426
13.433 122416
13.434 122414
13.435 122412
13.436 122410
13.436 122403
13.814 122354
13.824 122353
13.829 122341
13.829 122338
13.914 122337
13.919 122321
13.922 122310
16.042 122299
16.043 122298
16.054 122288
16.055 122287
16.056 122280
16.072 122272
16.072 122260
16.129 122257
16.131 122253
16.132 122251
16.134 122249
16.668 122246
16.674 122241
16.681 122232
16.701 122218
16.702 122217
16.708 122192
16.71 122191
17.379 122184
17.381 122182
17.383 122175
17.386 122161
17.395 122157
17.396 122151
17.397 122149
17.398 122143
17.398 122136
17.405 122132
17.412 122127
17.564 122123
17.61 122118
17.614 122100
17.614 122080
17.628 122064
17.628 122051
17.628 122045
17.633 122041
17.639 122038
17.646 122034
17.647 122032
17.652 122026
17.656 122024
17.656 122022
21.237 122005
21.239 121993
21.25 121986
21.329 121985
21.33 121984
21.336 121978
23.656 121975
23.656 121971
23.661 121952
23.663 121948
23.664 121947
23.665 121946
25.643 121912
25.649 121911
25.65 121906
25.659 121904
28.14 121897
28.156 121888
28.176 121887
28.177 121881
28.177 121880
28.188 121879
28.235 121874
28.242 121869
28.244 121866
28.248 121863
28.25 121852
28.265 121849
28.266 121840
28.271 121838
28.39 121834
28.393 121833
28.394 121832
28.396 121831
28.488 121826
28.5 121824
28.504 121819
28.591 121808
28.596 121805
28.964 121797
28.965 121796
28.972 121795
28.981 121789
33.971 121787
33.974 121769
34.09 121766
34.093 121762
35.225 121760
35.394 121757
35.397 121754
35.408 121748
35.413 121737
36.782 121733
36.785 121729
36.787 121727
36.79 121725
36.795 121721
36.797 121720
36.804 121718
36.806 121707
36.827 121702
36.836 121700
36.863 121697
36.877 121696
36.882 121683
40.14 121681
40.141 121678
40.144 121677
40.178 121671
40.178 121669
40.187 121661
40.2 121658
40.21 121653
40.211 121652
40.217 121650
40.405 121648
40.467 121647
40.472 121646
40.491 121645
40.507 121644
40.63 121640
40.632 121638
40.638 121635
40.669 121633
40.992 121631
41.011 121629
42.419 121628
42.42 121625
42.493 121623
42.497 121622
42.498 121619
42.504 121618
42.522 121616
42.523 121605
42.525 121603
42.532 121602
44.739 121601
44.745 121591
45.054 121590
45.148 121589
45.366 121587
45.367 121584
45.944 121579
45.945 121577
45.948 121576
45.95 121573
45.953 121572
45.982 121568
45.986 121566
46.008 121563
46.024 121562
46.031 121560
46.052 121559
46.104 121557
47.352 121555
47.725 121554
47.726 121553
