9.774 249697
9.776 249671
9.777 249670
9.778 249667
9.78 249642
9.781 249635
9.782 249629
9.783 249620
9.785 249572
9.786 249565
9.787 249526
9.789 249503
9.79 249482
9.794 249437
9.795 249420
9.796 249403
9.798 249388
9.799 249382
9.8 249381
9.802 249377
9.803 249298
9.804 249292
9.805 249280
9.806 249257
9.809 249249
9.81 249210
9.811 249209
9.812 249208
9.813 249197
9.817 249196
9.819 249144
9.82 249142
9.821 249085
9.822 249084
9.823 249081
9.829 249041
9.83 249025
9.835 248973
9.837 248924
9.838 248922
9.839 248910
9.84 248904
9.843 248894
9.845 248841
9.847 248832
9.848 248828
9.849 248816
9.85 248814
9.852 248708
9.854 248700
9.857 248639
9.859 248617
9.86 248611
9.862 248587
9.863 248512
9.864 248491
9.866 248486
9.868 248435
9.869 248430
9.87 248429
9.872 248391
9.873 248381
9.874 248370
9.876 248368
9.877 248361
9.878 248358
9.879 248352
9.88 248338
9.883 248334
9.884 248319
9.887 248316
9.889 248308
9.891 248306
9.892 248255
9.893 248248
9.894 248240
9.896 248236
9.897 248233
9.904 248111
9.905 248084
9.907 248032
9.908 248003
9.91 248000
9.912 247964
9.913 247955
9.915 247954
9.916 247953
9.917 247943
9.919 247931
9.921 247897
9.923 247835
9.924 247815
9.926 247735
9.928 247715
9.929 247679
9.93 247666
9.932 247641
9.936 247623
9.938 247621
9.94 247614
9.942 247588
9.945 247532
9.948 247486
9.949 247480
9.951 247467
9.953 247461
9.955 247458
9.956 247443
9.957 247436
9.96 247393
9.961 247392
9.963 247360
9.97 247352
9.971 247343
9.973 247308
9.977 247269
9.98 247266
9.982 247260
9.984 247254
9.986 247244
9.989 247233
9.991 247209
9.992 247190
9.995 247178
9.996 247161
9.999 247157
10 247152
10.003 247122
10.007 246955
10.01 246941
10.011 246935
10.014 246926
10.015 246917
10.017 246907
10.018 246902
10.02 246810
10.024 246790
10.027 246776
10.028 246765
10.03 246662
10.035 246651
10.037 246635
10.038 246628
10.039 246624
10.04 246614
10.042 246610
10.043 246608
10.044 246604
10.045 246603
10.048 246596
10.05 246532
10.051 246516
10.053 246513
10.055 246499
10.056 246457
10.057 246455
10.059 246454
10.06 246453
10.063 246435
10.065 246421
10.066 246384
10.067 246361
10.07 246359
10.071 246358
10.077 246346
10.08 246344
10.081 246335
10.083 246331
10.084 246318
10.085 246308
10.086 246304
10.088 246299
10.091 246241
10.093 246238
10.096 246236
10.098 246217
10.099 246188
10.1 246185
10.102 246164
10.104 246096
10.108 246053
10.11 246037
10.111 246028
10.113 246017
10.115 246008
10.116 246007
10.117 246006
10.119 245999
10.12 245990
10.121 245985
10.127 245982
10.13 245975
10.131 245940
10.136 245934
10.137 245928
10.141 245919
10.142 245914
10.143 245875
10.144 245868
10.146 245822
10.147 245809
10.149 245786
10.16 245767
10.162 245752
10.164 245740
10.165 245738
10.166 245731
10.168 245724
10.177 245707
10.178 245706
10.179 245698
10.194 245696
10.196 245689
10.197 245680
10.2 245650
10.203 245613
10.213 245606
10.215 245597
10.216 245590
10.217 245579
10.219 245555
10.22 245553
10.221 245400
10.223 245352
10.226 245351
10.227 245309
10.229 245308
10.231 245289
10.235 245280
10.236 245263
10.237 245257
10.239 245252
10.241 245230
10.242 245223
10.244 245216
10.246 245212
10.25 245203
10.266 245185
10.268 245177
10.269 245161
10.27 245153
10.273 245146
10.275 245145
10.277 245130
10.278 245127
10.28 245125
10.281 245115
10.282 245091
10.284 245083
10.286 245078
10.288 245077
10.29 245075
10.292 245053
10.296 245042
10.297 245025
10.299 245021
10.301 245009
10.303 244863
10.304 244858
10.305 244836
10.307 244835
10.313 244824
10.314 244820
10.316 244818
10.318 244817
10.32 244816
10.321 244811
10.327 244808
10.328 244807
10.338 244771
10.34 244770
10.341 244768
10.344 244748
10.346 244747
10.348 244744
10.354 244738
10.355 244726
10.358 244693
10.36 244684
10.363 244680
10.365 244663
10.366 244648
10.367 244646
10.368 244621
10.37 244609
10.372 244602
10.373 244601
10.379 244560
10.38 244545
10.399 244535
10.4 244532
10.402 244514
10.405 244505
10.406 244490
10.408 244480
10.409 244442
10.415 244417
10.416 244399
10.417 244385
10.419 244367
10.421 244366
10.422 244326
10.424 244323
10.426 244316
10.427 244312
10.431 244299
10.444 244290
10.446 244286
10.447 244272
10.454 244264
10.455 244263
10.457 244246
10.458 244240
10.459 244237
10.462 244232
10.464 244190
10.466 244183
10.52 244160
10.521 244156
10.527 244154
10.531 244148
10.534 244147
10.535 244131
10.536 244107
10.537 244102
10.538 244101
10.541 244086
10.543 244078
10.544 244063
10.545 244058
10.546 244052
10.548 244021
10.551 243937
10.552 243927
10.559 243919
10.564 243903
10.565 243893
10.567 243892
10.568 243890
10.569 243886
10.571 243876
10.572 243858
10.574 243843
10.577 243695
10.583 243691
10.585 243687
10.587 243681
10.588 243664
10.59 243651
10.592 243646
10.6 243645
10.603 243642
10.604 243641
10.606 243633
10.608 243631
10.61 243629
10.615 243621
10.616 243614
10.619 243605
10.62 243587
10.621 243586
10.622 243584
10.624 243566
10.625 243560
10.631 243553
10.633 243535
10.637 243525
10.641 243524
10.644 243514
10.645 243509
10.648 243502
10.649 243498
10.65 243496
10.655 243463
10.658 243459
10.675 243454
10.677 243453
10.682 243444
10.685 243401
10.698 243399
10.702 243394
10.703 243391
10.705 243384
10.712 243383
10.717 243382
10.721 243380
10.726 243367
10.729 243365
10.731 243361
10.733 243356
10.734 243349
10.737 243342
10.738 243339
10.739 243337
10.746 243330
10.756 243324
10.781 243319
10.783 243317
10.794 243315
10.795 243302
10.798 243296
10.799 243289
10.802 243286
10.805 243260
10.807 243255
10.808 243253
10.809 243229
10.822 243226
10.824 243197
10.827 243153
10.829 243137
10.831 243132
10.833 243124
10.836 243117
10.837 243114
10.871 243109
10.873 243106
10.874 243105
10.893 243086
10.896 243058
10.897 243035
10.905 243016
10.907 243008
10.908 243006
10.926 243005
10.929 243002
10.931 242973
10.935 242972
10.937 242955
10.938 242954
10.941 242948
10.942 242945
10.946 242941
10.947 242931
10.95 242905
10.953 242903
10.954 242902
10.955 242890
10.958 242889
10.962 242885
10.967 242881
10.97 242879
10.982 242874
11.056 242860
11.061 242859
11.074 242853
11.075 242802
11.077 242799
11.08 242797
11.081 242796
11.083 242790
11.084 242764
11.087 242761
11.09 242730
11.094 242718
11.097 242712
11.109 242706
11.113 242689
11.116 242687
11.12 242649
11.121 242643
11.122 242633
11.124 242631
11.126 242617
11.128 242615
11.131 242614
11.134 242596
11.142 242592
11.143 242573
11.144 242558
11.146 242556
11.149 242548
11.15 242543
11.151 242538
11.152 242536
11.154 242532
11.155 242531
11.157 242526
11.164 242523
11.165 242518
11.166 242515
11.173 242504
11.175 242500
11.21 242498
11.212 242490
11.217 242489
11.219 242485
11.22 242484
11.227 242471
11.228 242469
11.229 242467
11.232 242466
11.233 242457
11.235 242445
11.253 242428
11.265 242418
11.271 242410
11.285 242392
11.319 242385
11.32 242384
11.322 242373
11.324 242371
11.325 242370
11.337 242367
11.339 242365
11.341 242345
11.344 242335
11.346 242334
11.354 242333
11.356 242325
11.359 242324
11.364 242319
11.367 242314
11.368 242286
11.371 242282
11.384 242274
11.39 242269
11.402 242267
11.411 242259
11.412 242252
11.415 242251
11.423 242249
11.428 242244
11.434 242243
11.455 242238
11.458 242185
11.46 242178
11.462 242174
11.47 242172
11.476 242162
11.481 242160
11.484 242157
11.485 242151
11.504 242138
11.507 242137
11.508 242126
11.51 242114
11.512 242107
11.517 242096
11.518 242055
11.52 242054
11.527 242046
11.528 242042
11.532 242035
11.539 242031
11.542 242030
11.57 242029
11.572 242022
11.574 242020
11.578 242018
11.58 242014
11.582 242000
11.583 241998
11.596 241997
11.597 241996
11.604 241992
11.607 241991
11.632 241987
11.634 241986
11.637 241985
11.642 241982
11.747 241938
11.748 241921
11.756 241913
11.759 241899
11.764 241898
11.781 241848
11.782 241847
11.783 241844
11.785 241834
11.795 241831
11.816 241813
11.817 241809
11.818 241802
11.82 241798
11.828 241795
11.83 241793
11.831 241762
11.839 241751
11.842 241742
11.914 241731
11.922 241728
11.925 241722
11.939 241713
11.999 241696
12 241691
12.002 241690
12.005 241680
12.007 241669
12.018 241660
12.026 241655
12.033 241653
12.034 241652
12.036 241651
12.037 241645
12.04 241619
12.059 241605
12.066 241603
12.084 241557
12.085 241551
12.087 241541
12.095 241536
12.128 241531
12.168 241522
12.178 241521
12.18 241515
12.181 241512
12.193 241506
12.22 241501
12.223 241454
12.225 241451
12.228 241447
12.383 241426
12.385 241422
12.386 241412
12.388 241407
12.393 241406
12.395 241405
12.401 241404
12.403 241403
12.404 241402
12.409 241394
12.487 241362
12.494 241360
12.497 241352
12.502 241346
12.507 241341
12.508 241339
12.513 241338
12.516 241321
12.518 241319
12.524 241314
12.528 241300
12.531 241299
12.534 241276
12.538 241255
12.539 241254
12.54 241242
12.542 241230
12.684 241227
12.685 241225
12.686 241223
12.727 241221
12.732 241214
12.736 241211
12.745 241187
12.761 241186
12.776 241185
12.779 241175
12.786 241169
12.791 241165
12.798 241154
12.803 241149
13.134 241144
13.136 241141
13.137 241138
13.139 241129
13.141 241124
13.142 241116
13.162 241114
13.165 241108
13.18 241099
13.182 241097
13.186 241087
13.188 241083
13.191 241081
13.195 241080
13.197 241070
13.201 241063
13.202 241058
13.215 241046
13.22 241045
13.222 241038
13.223 241035
13.26 241015
13.283 241011
13.285 240994
13.334 240991
13.335 240983
13.338 240963
13.36 240957
13.37 240955
13.373 240952
13.375 240937
13.376 240931
13.377 240925
13.387 240923
13.389 240876
13.419 240871
15.658 240869
15.659 240863
15.662 240853
15.664 240850
15.671 240848
15.675 240825
15.677 240821
15.679 240804
19.889 240793
19.891 240790
19.894 240772
19.896 240763
19.898 240754
19.899 240753
20.698 240743
20.699 240739
20.714 240671
20.718 240668
20.72 240664
20.725 240659
20.729 240654
20.731 240612
20.732 240580
20.733 240578
20.735 240572
20.736 240562
20.739 240530
20.742 240524
20.745 240523
20.778 240515
20.782 240507
20.787 240500
20.792 240490
20.801 240486
20.802 240485
20.809 240479
20.814 240457
20.821 240442
20.823 240438
24.3 240427
24.301 240402
24.303 240394
24.309 240375
24.311 240352
24.313 240351
24.315 240349
24.331 240348
24.333 240344
24.334 240337
24.338 240329
24.341 240317
24.342 240312
24.347 240310
24.363 240308
24.365 240305
24.368 240298
24.37 240285
24.565 240278
24.57 240275
24.571 240264
24.579 240257
24.583 240256
24.608 240228
24.613 240224
24.614 240218
24.618 240184
24.62 240180
24.635 240172
26.631 240156
26.633 240149
26.634 240141
26.66 240134
26.665 240110
26.667 240109
26.669 240108
26.67 240103
26.697 240070
26.781 240068
26.783 240057
26.785 240056
26.786 240054
26.863 240050
26.865 240040
26.867 240033
26.873 240014
26.874 240002
26.876 239983
26.896 239978
26.91 239951
26.911 239948
26.991 239945
26.993 239941
26.995 239936
26.997 239925
27.001 239901
27.003 239900
27.025 239899
27.03 239897
27.032 239885
27.041 239883
27.057 239877
27.145 239870
27.146 239862
27.155 239840
27.156 239838
27.158 239832
27.161 239831
27.188 239830
27.208 239818
27.215 239814
27.218 239812
27.361 239803
27.367 239799
27.369 239797
27.725 239767
27.727 239763
27.752 239753
27.755 239723
27.758 239722
27.764 239706
27.765 239705
27.766 239702
27.768 239684
27.771 239673
27.773 239660
27.786 239658
27.788 239656
27.789 239648
27.792 239634
27.922 239626
28.139 239624
28.143 239610
28.145 239588
28.153 239583
28.155 239580
28.18 239578
28.182 239574
28.184 239569
28.186 239565
28.187 239547
28.191 239540
28.2 239521
30.114 239507
30.122 239502
30.132 239489
30.163 239475
30.348 239458
30.349 239456
30.356 239453
30.359 239441
30.36 239437
30.362 239432
30.365 239427
30.378 239424
30.381 239422
30.382 239420
30.384 239417
30.444 239414
30.447 239413
30.451 239402
30.456 239401
30.496 239390
30.518 239388
30.525 239378
30.558 239376
30.564 239352
30.568 239349
30.57 239342
30.575 239341
30.581 239330
30.584 239329
30.588 239322
30.593 239320
30.594 239310
30.598 239295
30.602 239287
30.604 239276
30.608 239274
30.934 239262
30.938 239254
30.94 239231
30.946 239227
30.963 239217
30.976 239192
30.979 239178
30.989 239144
31.003 239141
31.006 239136
31.008 239124
31.019 239115
31.025 239114
31.028 239085
31.03 239082
31.032 239075
31.033 239070
31.044 239068
31.047 239066
31.051 239045
31.068 239037
31.075 239016
31.078 239015
31.091 239002
31.096 238983
31.097 238978
31.119 238970
31.122 238968
31.157 238959
31.158 238945
31.16 238936
31.163 238929
31.164 238921
31.319 238913
31.321 238894
31.324 238884
31.326 238881
31.336 238873
31.342 238867
31.346 238866
31.347 238865
31.35 238859
31.358 238843
31.913 238814
31.915 238809
31.923 238780
31.925 238768
31.926 238766
31.93 238763
31.953 238758
32.074 238754
32.571 238714
32.575 238711
32.604 238706
32.605 238700
32.607 238699
32.608 238697
32.611 238695
32.614 238689
32.616 238688
32.619 238684
32.626 238636
32.631 238623
32.632 238618
32.641 238606
32.652 238600
32.659 238590
32.661 238576
32.663 238564
32.664 238563
32.669 238548
32.672 238535
32.685 238512
32.747 238499
32.752 238494
32.756 238491
32.77 238487
32.772 238465
32.788 238457
32.805 238440
32.822 238417
32.884 238415
32.887 238413
32.893 238409
32.894 238408
32.896 238399
32.909 238397
32.927 238396
32.93 238392
32.932 238389
32.936 238380
32.938 238374
33.009 238367
33.01 238365
33.726 238350
33.73 238347
33.734 238346
33.792 238328
34.152 238317
34.154 238316
34.187 238315
34.404 238313
34.407 238296
34.41 238289
34.447 238286
34.451 238223
34.453 238217
34.459 238204
34.553 238189
34.556 238187
34.557 238184
34.561 238181
34.583 238175
34.584 238165
34.586 238160
34.588 238156
34.602 238153
34.608 238152
34.611 238145
34.634 238124
34.64 238105
34.642 238103
34.648 238100
34.652 238093
34.657 238086
34.664 238085
34.7 238073
34.783 238069
34.785 238067
34.79 238066
34.791 238065
34.794 238053
34.797 238044
34.805 238030
34.81 238027
34.811 238024
36.221 237989
36.223 237984
36.298 237967
36.471 237960
36.473 237956
36.481 237953
36.494 237939
36.497 237935
36.501 237921
36.502 237917
36.505 237908
36.513 237907
36.515 237898
36.519 237890
36.521 237884
36.522 237879
36.541 237877
36.546 237873
36.572 237865
36.586 237862
36.59 237860
36.598 237839
36.604 237838
36.61 237825
36.613 237824
36.615 237820
36.67 237815
36.68 237800
36.685 237799
36.719 237789
36.721 237786
36.722 237779
36.729 237755
36.747 237731
36.75 237729
36.751 237706
36.802 237701
36.803 237698
36.81 237686
36.813 237684
36.816 237680
36.818 237671
36.82 237666
36.821 237658
36.831 237653
36.882 237650
36.893 237643
36.897 237638
36.906 237637
36.908 237624
36.932 237623
36.937 237622
36.941 237612
36.942 237594
36.948 237586
36.954 237584
36.956 237581
36.961 237567
36.963 237553
36.972 237546
37.089 237543
37.093 237536
37.095 237532
37.117 237524
37.118 237514
37.12 237507
37.122 237490
37.124 237479
37.125 237456
37.128 237442
37.143 237441
37.145 237421
37.194 237419
37.199 237409
37.201 237406
37.208 237403
37.264 237399
37.272 237378
37.274 237376
37.277 237368
37.279 237363
37.294 237358
37.299 237356
37.306 237354
37.308 237344
37.309 237327
37.312 237306
37.316 237277
37.319 237275
37.326 237273
37.327 237263
37.329 237257
37.339 237254
37.342 237238
37.346 237232
37.349 237222
37.351 237217
37.457 237215
37.472 237214
37.638 237213
38.08 237211
38.087 237209
38.091 237206
38.105 237184
38.114 237177
38.116 237171
38.119 237165
38.12 237151
38.138 237136
38.15 237127
38.152 237126
38.158 237122
38.289 237114
38.291 237110
38.293 237103
38.687 237101
38.699 237098
38.749 237083
38.764 237076
38.767 237075
38.792 237007
38.795 237002
38.797 236978
38.798 236976
38.799 236973
38.802 236967
38.804 236947
38.809 236944
39.893 236932
39.894 236923
39.948 236922
39.954 236916
39.96 236914
39.964 236879
39.965 236863
39.971 236862
39.975 236850
39.976 236849
39.979 236844
39.984 236840
39.985 236834
39.989 236830
39.993 236825
40.206 236821
40.237 236813
40.24 236788
40.575 236782
40.577 236772
40.58 236767
40.582 236765
40.585 236743
40.59 236741
40.626 236736
40.93 236703
41.014 236702
41.022 236701
41.477 236698
41.508 236689
41.51 236687
41.511 236686
41.517 236684
41.518 236682
41.525 236674
41.536 236672
41.538 236669
41.54 236667
41.541 236665
41.547 236664
41.56 236661
41.567 236654
41.587 236638
41.941 236631
41.943 236625
41.948 236621
41.951 236619
41.953 236605
41.963 236603
42.068 236598
42.071 236587
42.074 236584
42.098 236578
42.102 236571
42.145 236570
42.149 236569
42.151 236544
42.163 236542
42.171 236522
42.184 236520
42.2 236518
42.204 236511
42.241 236507
42.244 236495
42.245 236484
42.248 236476
42.249 236472
42.255 236467
42.259 236465
42.261 236456
42.266 236444
42.27 236443
42.282 236442
42.317 236441
42.319 236430
42.322 236428
42.324 236426
42.328 236423
42.33 236422
42.332 236413
42.333 236410
42.345 236407
42.401 236396
43.455 236394
43.457 236387
43.467 236382
43.468 236375
43.51 236365
43.512 236354
43.514 236349
43.565 236319
43.568 236313
43.569 236302
43.571 236295
43.576 236291
43.58 236273
43.582 236259
43.583 236256
43.585 236255
43.586 236250
43.589 236238
43.592 236237
43.594 236234
43.598 236231
43.599 236224
43.606 236219
43.61 236208
43.624 236194
43.626 236193
43.628 236189
43.63 236179
43.639 236177
43.64 236176
43.644 236152
43.895 236145
43.897 236134
43.9 236132
43.904 236130
43.914 236121
43.948 236119
43.958 236104
43.963 236086
43.965 236082
43.988 236081
44.029 236065
44.041 236026
44.065 236023
44.123 236011
44.139 236010
44.263 236004
44.265 235997
44.267 235979
44.271 235965
44.442 235964
44.446 235962
44.538 235961
44.542 235958
44.543 235944
44.582 235943
44.586 235937
44.81 235936
45.074 235933
45.08 235932
45.083 235920
45.093 235891
45.094 235832
45.099 235828
45.11 235826
45.128 235821
45.168 235819
45.201 235795
45.204 235788
45.206 235781
45.675 235780
45.678 235775
45.679 235771
45.686 235738
45.69 235737
45.692 235731
45.694 235720
45.696 235717
45.71 235713
45.716 235710
45.785 235707
45.787 235704
45.788 235693
45.798 235685
45.801 235683
45.802 235674
45.813 235664
45.814 235656
45.815 235648
45.819 235647
45.821 235642
45.864 235641
45.866 235626
45.87 235623
45.878 235620
45.885 235613
45.889 235611
45.89 235601
45.901 235596
45.904 235592
45.936 235589
45.939 235586
45.941 235579
45.949 235574
45.973 235565
45.975 235563
45.984 235560
45.99 235555
45.995 235553
45.996 235550
45.999 235548
46.169 235545
46.171 235542
46.174 235536
46.175 235528
46.18 235525
46.183 235519
46.189 235473
46.407 235472
46.41 235471
46.412 235452
46.414 235442
46.815 235434
46.821 235428
46.823 235426
46.826 235418
46.847 235416
46.849 235404
46.85 235399
46.864 235396
46.885 235395
46.888 235376
46.889 235374
46.899 235373
46.908 235363
46.909 235347
46.912 235343
47.705 235342
47.712 235337
47.717 235334
47.719 235317
47.813 235316
47.817 235315
47.832 235297
47.835 235289
47.989 235284
47.994 235268
47.996 235261
47.997 235260
48.204 235233
48.218 235232
48.29 235230
48.322 235221
48.326 235212
48.336 235198
48.348 235193
48.351 235190
48.439 235180
48.473 235175
48.475 235171
48.484 235164
48.488 235160
48.49 235143
48.492 235140
48.494 235138
48.497 235133
48.5 235129
48.502 235121
48.51 235104
48.512 235100
48.517 235098
48.519 235094
48.545 235093
48.549 235088
48.554 235085
48.562 235083
48.563 235082
48.692 235080
48.693 235079
48.696 235076
48.703 235073
48.705 235072
48.71 235070
48.72 235059
48.722 235048
48.723 235041
48.73 235032
48.731 235029
48.753 235024
48.76 235017
48.787 235014
48.789 235012
48.799 234991
48.802 234990
48.815 234983
48.823 234982
48.856 234979
48.86 234978
48.864 234972
48.924 234961
48.939 234957
48.94 234951
48.952 234937
48.972 234933
48.979 234929
49.081 234928
49.085 234914
49.09 234909
49.632 234899
49.65 234881
49.672 234873
49.674 234869
49.683 234862
49.691 234861
49.694 234858
49.699 234851
49.847 234850
49.85 234845
49.89 234838
49.914 234833
49.916 234827
49.959 234826
49.972 234816
49.973 234815
50.07 234800
50.118 234798
50.138 234786
50.14 234775
50.141 234763
50.155 234757
50.157 234753
50.164 234746
50.174 234736
50.196 234735
50.199 234721
50.201 234712
50.211 234707
50.215 234700
50.217 234699
50.223 234692
50.25 234690
50.255 234683
50.268 234662
50.358 234660
50.362 234658
50.363 234655
50.365 234652
50.368 234628
50.374 234623
50.375 234607
50.377 234606
50.378 234605
50.381 234601
50.386 234598
50.388 234581
50.392 234573
50.442 234567
50.444 234561
50.446 234557
50.469 234556
50.477 234554
50.521 234552
50.522 234548
50.526 234545
50.649 234541
50.68 234534
52.027 234526
52.029 234511
52.03 234507
52.041 234506
52.042 234490
52.106 234483
52.111 234482
52.116 234481
52.228 234480
52.231 234470
52.535 234439
52.628 234434
52.63 234431
52.638 234416
52.642 234407
52.643 234404
52.648 234403
52.66 234387
52.664 234385
52.667 234381
52.691 234366
52.696 234353
52.715 234346
52.748 234338
52.979 234336
53.093 234327
53.101 234324
53.102 234322
53.104 234314
53.114 234309
53.118 234304
53.398 234301
53.4 234300
53.402 234296
53.403 234291
53.42 234274
53.57 234272
53.573 234268
53.574 234265
53.576 234259
53.798 234254
53.832 234250
53.835 234249
53.838 234247
53.847 234243
53.852 234238
53.859 234237
53.932 234227
54.004 234220
54.007 234219
54.008 234197
54.01 234190
54.026 234184
54.027 234163
54.03 234156
54.079 234154
54.083 234152
54.085 234144
54.111 234138
54.479 234135
54.481 234128
54.483 234119
54.584 234117
54.591 234116
54.597 234114
54.636 234087
54.653 234085
54.656 234083
54.672 234081
54.682 234079
54.824 234076
54.846 234060
54.852 234056
54.857 234050
54.861 234048
54.896 234043
54.968 234034
54.97 234016
55.162 234012
55.169 233994
55.18 233989
55.183 233980
55.191 233976
55.193 233973
55.23 233971
55.242 233968
55.247 233965
55.249 233948
55.267 233936
55.373 233934
55.374 233928
55.376 233920
55.379 233917
55.392 233916
55.406 233915
55.431 233914
55.463 233908
55.495 233899
55.497 233898
55.504 233889
55.543 233882
55.546 233877
55.551 233870
55.556 233860
55.561 233859
55.564 233850
55.577 233846
55.586 233841
56.048 233838
56.092 233837
56.104 233832
56.109 233828
56.111 233827
56.112 233824
56.115 233820
56.117 233819
56.119 233809
56.161 233807
56.163 233806
56.371 233800
56.379 233796
56.395 233794
56.429 233787
56.433 233785
56.553 233782
56.604 233781
56.606 233779
56.729 233778
56.819 233775
56.833 233764
56.843 233757
56.845 233756
56.868 233735
56.898 233734
56.903 233733
56.908 233716
56.916 233692
56.997 233674
57.017 233658
57.022 233649
57.03 233646
57.06 233645
57.062 233644
57.064 233643
57.099 233641
57.109 233638
57.116 233635
57.12 233634
57.244 233633
59.191 233627
59.2 233626
59.215 233623
59.293 233622
59.358 233616
59.369 233613
59.372 233611
59.374 233600
59.377 233598
59.381 233595
59.404 233582
59.413 233571
59.485 233568
59.49 233552
59.494 233550
59.495 233549
59.51 233536
59.512 233533
59.577 233526
59.762 233518
59.788 233491
59.792 233490
59.82 233487
59.84 233486
59.937 233485
59.965 233482
59.98 233476
59.985 233473
59.991 233469
60.001 233463
60.029 233458
60.037 233455
60.043 233450
60.049 233449
60.061 233445
60.111 233443
60.128 233437
60.131 233430
60.145 233424
60.166 233421
60.364 233420
60.373 233419
60.569 233417
60.615 233416
60.619 233407
60.62 233404
60.636 233402
60.643 233401
60.645 233399
60.776 233397
60.789 233387
60.796 233381
60.799 233378
60.802 233375
60.815 233373
60.831 233372
60.839 233369
61.048 233363
61.052 233357
61.054 233343
61.063 233341
61.065 233333
61.079 233319
61.145 233318
61.168 233315
61.169 233297
61.177 233293
61.205 233286
61.21 233277
61.215 233275
61.226 233265
61.233 233262
61.252 233257
61.254 233250
61.262 233246
61.273 233239
61.502 233237
61.516 233230
61.532 233225
61.572 233222
61.574 233221
61.59 233220
61.593 233212
61.596 233206
61.598 233191
61.625 233187
62.032 233177
62.061 233166
62.085 233164
62.087 233163
62.088 233155
62.09 233149
62.214 233148
62.246 233146
62.251 233143
62.357 233138
62.363 233134
62.374 233130
62.39 233127
62.421 233124
62.43 233119
62.61 233116
62.611 233110
62.651 233105
62.66 233103
62.665 233099
62.672 233096
62.678 233093
62.787 233089
62.803 233087
62.825 233085
62.851 233084
62.869 233083
62.883 233075
62.921 233069
62.931 233067
62.932 233063
62.967 233057
62.975 233050
63.008 233048
63.476 233041
63.488 233040
63.492 233035
63.511 233034
63.529 233031
63.533 233025
63.555 233022
63.557 233020
63.562 233013
63.565 233012
63.569 233011
63.57 233003
63.622 233002
63.624 232999
63.63 232995
63.771 232990
64.266 232985
64.267 232984
64.299 232977
64.308 232974
64.313 232972
64.317 232971
64.335 232950
64.426 232944
64.427 232941
64.434 232938
64.441 232937
64.444 232927
64.452 232926
64.457 232924
64.459 232919
64.475 232918
64.487 232909
64.513 232908
64.515 232902
64.532 232900
64.542 232894
64.547 232889
64.56 232886
64.584 232881
64.592 232877
64.598 232872
64.617 232869
64.621 232863
64.625 232851
64.629 232844
64.635 232840
64.637 232839
64.653 232832
64.661 232830
64.662 232829
64.665 232828
64.666 232822
64.794 232803
64.948 232802
64.95 232796
64.955 232795
64.966 232793
64.975 232791
64.977 232788
65.135 232783
65.144 232780
65.147 232773
65.153 232772
65.258 232761
65.272 232756
65.277 232754
65.278 232752
65.281 232748
65.286 232747
65.289 232745
65.34 232743
65.343 232742
65.405 232737
65.415 232733
65.42 232732
65.429 232729
65.438 232726
65.443 232717
65.445 232715
65.453 232707
65.535 232703
65.564 232701
65.589 232699
65.591 232695
65.6 232680
65.727 232679
65.735 232677
65.738 232672
65.742 232667
65.746 232666
65.75 232647
65.76 232644
65.771 232640
65.782 232638
65.853 232631
66.173 232626
66.195 232620
66.204 232619
66.532 232609
66.542 232608
66.545 232606
66.549 232604
66.552 232603
66.558 232602
66.564 232595
66.57 232588
66.612 232585
66.629 232580
66.634 232576
66.637 232572
66.642 232561
66.643 232558
66.654 232554
66.661 232553
66.665 232550
66.672 232549
66.676 232548
66.692 232547
66.729 232543
66.731 232542
66.742 232539
66.746 232538
66.752 232537
66.757 232533
66.759 232532
66.772 232531
66.775 232523
66.783 232517
66.785 232506
66.791 232503
66.801 232493
66.809 232484
66.811 232482
66.816 232481
66.825 232480
66.831 232472
66.835 232462
66.839 232458
66.851 232454
66.852 232448
66.857 232447
66.859 232446
66.867 232440
66.872 232439
66.927 232438
66.931 232435
66.933 232433
66.934 232431
66.946 232428
66.977 232423
66.982 232412
66.985 232411
66.987 232404
66.99 232402
67 232401
67.01 232399
67.014 232398
67.021 232391
67.072 232389
67.073 232387
67.077 232386
67.101 232381
67.106 232378
67.114 232377
67.133 232371
67.185 232367
67.19 232365
67.363 232363
67.369 232359
67.373 232358
67.378 232357
67.381 232355
67.898 232354
67.901 232352
67.911 232349
67.935 232346
67.946 232343
67.95 232342
67.976 232337
67.986 232323
68.263 232321
68.268 232320
68.277 232313
68.285 232312
68.431 232310
68.432 232309
68.454 232307
68.459 232304
68.491 232303
68.495 232299
68.506 232298
68.509 232297
68.523 232292
68.537 232289
68.543 232284
68.547 232281
68.557 232279
68.58 232275
68.589 232274
68.861 232272
68.877 232271
68.879 232270
68.902 232268
68.96 232267
68.962 232266
68.965 232258
68.973 232250
68.977 232248
68.986 232246
69.063 232243
69.066 232241
69.073 232237
69.748 232233
70.015 232232
70.024 232230
70.353 232228
70.368 232227
70.39 232224
70.4 232223
70.404 232222
70.415 232220
70.42 232219
70.511 232210
70.521 232209
70.523 232208
70.538 232193
70.554 232192
70.666 232191
70.72 232190
70.729 232187
70.73 232184
70.845 232176
71.127 232175
71.14 232169
71.159 232166
71.169 232164
71.309 232163
71.324 232159
71.378 232158
71.393 232149
71.411 232147
71.425 232131
71.455 232129
71.466 232126
71.482 232124
71.486 232122
71.489 232121
71.498 232119
71.5 232118
71.504 232111
71.517 232103
71.575 232100
71.67 232092
71.758 232080
71.792 232077
71.829 232075
71.834 232074
71.852 232073
71.934 232070
71.936 232069
71.979 232065
71.983 232061
71.997 232055
72.003 232054
72.028 232045
72.03 232044
72.032 232041
72.033 232040
72.041 232039
72.063 232037
72.066 232033
72.082 232032
72.155 232029
72.23 232011
72.254 232010
72.264 232006
72.275 232003
72.278 231998
72.298 231997
72.421 231991
72.446 231987
72.458 231985
72.477 231984
72.479 231981
72.493 231979
72.508 231978
72.669 231973
72.688 231971
72.714 231970
72.715 231968
72.732 231965
72.756 231964
72.762 231963
72.779 231958
72.782 231957
72.811 231952
72.839 231950
72.936 231945
72.953 231944
72.956 231940
72.97 231936
73.025 231933
73.029 231926
73.051 231919
73.059 231917
73.063 231914
73.098 231913
73.101 231910
73.164 231909
73.189 231904
73.193 231903
73.222 231901
73.306 231888
73.308 231877
73.311 231874
73.334 231870
73.352 231867
73.369 231866
73.383 231857
73.39 231856
73.403 231855
73.858 231853
73.928 231851
73.946 231846
73.948 231843
74.134 231838
74.143 231834
74.146 231833
74.147 231831
74.156 231830
74.166 231824
74.17 231814
74.185 231813
74.207 231812
74.215 231811
74.217 231794
74.439 231788
74.471 231786
74.479 231785
74.728 231780
74.73 231779
74.987 231776
75.001 231774
75.043 231772
75.088 231765
75.092 231760
75.145 231754
75.159 231750
75.163 231746
75.218 231745
75.23 231738
75.236 231730
75.238 231724
75.262 231722
75.268 231721
75.286 231720
75.295 231719
75.305 231713
75.315 231711
75.325 231710
75.339 231709
75.518 231698
75.536 231696
75.565 231689
75.616 231687
75.627 231684
75.641 231683
75.654 231660
75.665 231658
75.706 231657
75.723 231651
75.736 231646
75.888 231644
75.901 231641
75.905 231640
75.913 231639
75.915 231638
75.917 231630
75.925 231629
75.997 231628
76.166 231627
76.167 231623
76.185 231613
76.189 231609
76.261 231607
76.271 231606
76.281 231602
76.288 231593
76.292 231592
76.302 231588
76.309 231586
76.355 231585
76.372 231582
76.389 231580
76.396 231579
76.415 231578
76.426 231574
76.434 231571
76.451 231567
76.452 231564
76.453 231563
76.455 231559
76.511 231558
76.533 231556
76.649 231555
76.706 231553
76.723 231550
76.734 231542
76.757 231537
76.769 231536
76.785 231534
76.787 231529
76.801 231528
76.818 231527
76.846 231524
76.863 231522
76.868 231520
76.881 231518
76.885 231515
76.891 231514
76.897 231513
76.978 231505
76.98 231504
77.608 231501
77.624 231495
77.626 231494
77.663 231487
77.684 231485
77.686 231484
77.693 231483
77.734 231474
77.753 231473
77.789 231469
77.797 231468
77.832 231466
78.167 231463
78.171 231460
78.175 231458
78.442 231454
78.468 231449
78.47 231445
78.598 231442
78.6 231438
78.618 231437
78.707 231435
78.711 231434
78.769 231413
78.78 231412
78.785 231403
78.813 231402
78.818 231401
78.831 231394
78.861 231384
78.863 231376
78.872 231374
78.875 231372
79.016 231371
79.054 231370
79.076 231365
79.278 231363
79.328 231362
79.363 231360
79.371 231359
79.372 231358
79.915 231352
79.928 231340
79.933 231338
79.936 231337
79.99 231335
80.114 231332
80.125 231325
80.232 231321
80.248 231317
80.251 231316
80.267 231315
80.277 231312
80.296 231292
80.349 231288
80.372 231286
80.399 231284
80.41 231283
80.412 231282
80.422 231279
80.429 231277
80.434 231276
80.453 231274
80.461 231271
80.499 231266
80.507 231264
80.521 231263
80.534 231260
80.603 231259
80.607 231257
80.613 231256
80.615 231254
80.64 231247
80.653 231235
80.656 231234
80.725 231231
80.732 231227
80.755 231225
80.888 231224
80.893 231223
81.989 231222
82.033 231210
82.085 231209
82.088 231205
82.092 231204
82.098 231202
82.117 231198
82.13 231197
82.146 231194
82.149 231192
82.206 231188
82.254 231185
82.257 231183
82.259 231182
82.261 231179
82.274 231171
82.281 231167
82.284 231153
82.299 231149
82.495 231146
82.502 231143
82.505 231136
82.508 231134
82.517 231129
82.534 231127
82.538 231125
82.575 231118
82.677 231116
82.691 231115
82.799 231112
82.837 231111
82.972 231108
82.984 231107
83.021 231106
83.03 231105
83.036 231103
83.046 231101
83.051 231100
83.079 231098
83.11 231096
83.14 231095
83.147 231092
83.19 231089
83.196 231088
83.225 231086
83.321 231084
83.332 231083
83.343 231082
83.391 231080
83.406 231063
83.409 231059
83.446 231057
83.485 231056
83.493 231055
83.813 231054
83.825 231053
83.838 231051
83.847 231050
83.856 231049
84.29 231043
84.295 231040
84.873 231039
84.989 231038
85.006 231033
85.016 231031
85.018 231029
85.056 231027
85.082 231024
85.128 231020
85.136 231017
85.142 231016
85.152 231015
85.224 231013
85.23 231011
85.249 231010
85.273 231008
85.278 231007
85.285 231005
85.288 231002
85.295 231001
85.304 230997
85.307 230996
85.31 230992
85.33 230991
85.331 230989
85.333 230985
85.364 230979
85.57 230978
85.573 230972
85.577 230971
85.585 230968
85.725 230967
85.726 230964
85.742 230961
85.763 230958
85.765 230957
86.35 230954
86.373 230952
86.391 230951
86.393 230949
86.438 230945
86.876 230944
86.957 230937
87.521 230936
87.558 230931
87.621 230922
87.646 230920
87.657 230917
87.686 230916
87.928 230915
87.938 230914
87.996 230913
88.008 230912
88.027 230909
88.031 230908
88.1 230907
88.145 230906
88.158 230904
88.165 230901
88.183 230898
88.293 230895
88.315 230894
88.321 230891
88.399 230887
88.4 230880
88.451 230879
88.46 230872
88.47 230871
88.544 230869
88.589 230863
88.611 230862
88.613 230860
88.632 230857
88.661 230856
88.663 230855
88.667 230854
88.668 230853
88.703 230851
88.708 230849
88.714 230848
88.74 230846
88.778 230845
88.796 230844
88.797 230843
88.916 230842
88.999 230840
89.02 230838
89.039 230834
89.079 230833
89.11 230832
89.121 230828
89.168 230825
89.186 230823
89.191 230821
89.193 230789
89.282 230786
89.294 230785
89.365 230780
89.4 230775
89.403 230774
89.425 230773
89.444 230770
89.463 230767
89.545 230759
89.604 230758
89.748 230734
89.779 230733
89.78 230729
89.826 230727
89.87 230726
89.872 230725
89.943 230723
89.946 230721
89.963 230719
89.979 230718
90.19 230715
90.195 230714
90.216 230713
90.269 230711
90.326 230710
90.331 230696
90.347 230695
90.663 230691
90.69 230689
90.691 230687
90.72 230686
90.735 230681
90.747 230679
90.767 230676
90.841 230673
90.872 230672
90.888 230671
90.904 230669
90.937 230668
91.027 230665
91.044 230664
91.052 230662
91.335 230660
91.409 230658
91.501 230656
91.506 230655
91.621 230654
91.669 230648
91.853 230647
91.859 230646
91.932 230644
92.22 230637
92.228 230636
92.234 230632
92.305 230628
92.309 230622
92.41 230607
92.69 230606
92.702 230603
92.712 230598
92.743 230597
92.773 230594
92.811 230592
92.883 230590
92.884 230589
92.9 230587
93.025 230586
93.055 230585
93.077 230583
93.241 230578
93.305 230577
93.308 230569
93.34 230568
93.442 230567
93.458 230566
93.484 230563
93.539 230562
93.578 230561
93.603 230559
93.622 230558
93.625 230557
93.721 230555
93.776 230554
93.786 230551
93.813 230547
93.919 230544
93.929 230541
93.969 230540
94.01 230539
94.037 230533
94.052 230529
94.068 230528
94.089 230524
94.151 230523
94.22 230517
94.275 230514
94.297 230510
94.401 230508
94.734 230507
94.764 230504
94.79 230502
94.867 230501
94.936 230500
94.966 230499
94.996 230498
95.004 230497
95.032 230495
95.079 230494
95.093 230474
95.102 230473
95.127 230470
95.134 230469
95.143 230468
95.222 230465
95.233 230458
95.236 230456
95.262 230455
95.82 230450
95.826 230448
95.85 230447
95.945 230446
96.168 230442
96.17 230439
96.352 230437
96.367 230436
96.369 230433
96.412 230431
96.415 230430
96.466 230428
96.478 230425
96.479 230424
96.581 230419
96.594 230418
96.641 230417
96.66 230413
96.795 230412
96.8 230411
96.812 230409
96.858 230405
96.99 230399
96.993 230398
96.997 230397
97.035 230395
97.09 230388
97.093 230386
97.141 230385
97.191 230383
97.197 230381
97.203 230379
97.221 230378
97.356 230377
97.36 230372
97.559 230370
97.568 230369
97.593 230362
97.633 230361
97.647 230359
98.096 230358
98.144 230357
98.154 230356
98.222 230354
98.371 230353
98.441 230349
98.516 230348
98.646 230347
98.685 230339
98.789 230338
99.005 230336
99.048 230334
99.122 230333
99.175 230331
99.192 230330
99.207 230326
99.224 230325
99.471 230324
99.534 230323
99.611 230321
99.62 230320
99.635 230319
99.649 230318
99.66 230317
99.67 230316
100.048 230315
100.055 230314
100.112 230313
100.187 230310
100.234 230309
100.356 230298
100.357 230296
100.397 230293
100.464 230291
100.47 230290
100.666 230286
100.698 230284
100.729 230283
100.781 230282
100.972 230280
100.995 230277
101.12 230275
101.289 230274
101.329 230272
101.444 230269
101.46 230268
101.529 230266
101.605 230264
101.664 230263
101.681 230256
101.693 230255
101.803 230254
101.88 230253
101.903 230252
101.907 230241
101.977 230240
101.98 230239
101.998 230238
102.034 230236
102.052 230234
102.083 230233
102.084 230229
102.322 230228
102.376 230227
102.387 230222
102.551 230221
102.762 230218
102.788 230217
102.901 230214
103.157 230213
103.196 230212
104.306 230196
104.351 230194
105.011 230193
105.058 230192
105.09 230191
105.215 230190
105.34 230188
105.46 230187
105.633 230186
105.658 230184
105.75 230182
105.94 230180
106.141 230179
106.34 230177
106.355 230176
106.794 230175
106.806 230171
106.901 230169
106.909 230166
106.956 230165
107.176 230164
107.221 230160
108.113 230159
108.137 230158
108.314 230157
108.457 230156
108.471 230153
108.817 230149
109.217 230148
109.673 230145
109.971 230139
110.094 230138
110.157 230137
110.169 230136
110.18 230135
110.459 230133
110.585 230131
110.59 230129
110.623 230128
110.629 230127
110.697 230125
110.751 230120
110.818 230118
110.958 230116
111.288 230115
111.292 230113
112.146 230112
112.177 230110
112.403 230108
112.425 230105
112.552 230100
112.985 230099
113.121 230098
113.134 230097
113.553 230095
113.584 230093
113.67 230092
113.7 230091
113.73 230089
113.789 230085
113.819 230081
113.836 230080
113.946 230072
114.027 230067
114.079 230066
114.096 230062
114.211 230055
114.249 230050
114.26 230049
114.299 230048
114.351 230047
114.52 230044
114.69 230041
114.708 230040
114.714 230039
114.726 230038
114.756 230037
114.81 230036
114.829 230035
115.273 230034
115.585 230029
115.75 230026
115.822 230025
115.918 230024
115.95 230023
116.124 230020
116.282 230019
116.328 230017
116.55 230016
116.602 230015
116.613 230014
116.65 230013
116.682 230012
116.777 230011
116.799 230008
117.035 230007
117.058 230004
117.06 229999
117.081 229998
117.209 229997
117.265 229996
117.456 229994
117.654 229993
117.684 229991
117.978 229980
118.036 229979
118.053 229978
118.111 229977
118.176 229972
118.188 229970
118.254 229969
