7.797 324304
7.799 324303
7.8 324300
7.802 324285
7.803 324284
7.804 324257
7.806 324253
7.812 324251
7.815 324235
7.816 324226
7.817 324223
7.818 324220
7.819 324214
7.82 324204
7.83 324171
7.832 324161
7.834 324155
7.835 324143
7.836 324131
7.84 324046
7.843 324024
7.85 324007
7.852 323992
7.853 323990
7.858 323987
7.859 323966
7.86 323925
7.866 323903
7.867 323897
7.87 323895
7.871 323881
7.873 323879
7.874 323867
7.875 323860
7.877 323859
7.879 323832
7.88 323825
7.881 323818
7.882 323817
7.883 323811
7.886 323782
7.888 323766
7.889 323752
7.89 323743
7.891 323734
7.893 323721
7.899 323685
7.9 323636
7.902 323630
7.904 323591
7.905 323584
7.906 323554
7.91 323548
7.916 323543
7.917 323520
7.919 323486
7.922 323484
7.923 323483
7.925 323454
7.926 323449
7.927 323417
7.931 323317
7.932 323297
7.933 323291
7.937 323248
7.939 323247
7.94 323243
7.941 323233
7.942 323220
7.943 323214
7.945 323205
7.947 323201
7.949 323194
7.95 323192
7.954 323184
7.955 323176
7.957 323159
7.958 323142
7.96 323141
7.963 323133
7.965 323132
7.966 323111
7.967 323109
7.969 323092
7.97 323090
7.972 323089
7.973 323088
7.976 323087
7.977 323077
7.978 323072
7.98 323068
7.982 323064
7.983 323060
7.986 323058
7.988 323054
7.989 323053
7.99 322982
7.992 322979
7.993 322946
7.994 322925
7.995 322920
7.999 322871
8.002 322867
8.005 322848
8.006 322841
8.007 322833
8.012 322823
8.013 322802
8.015 322796
8.016 322780
8.017 322779
8.028 322759
8.029 322748
8.03 322738
8.032 322728
8.033 322708
8.034 322688
8.036 322687
8.037 322683
8.039 322670
8.04 322668
8.041 322646
8.042 322636
8.044 322632
8.045 322596
8.047 322588
8.048 322581
8.056 322562
8.058 322560
8.062 322535
8.063 322531
8.064 322514
8.065 322508
8.067 322497
8.071 322484
8.079 322465
8.085 322457
8.086 322451
8.088 322450
8.09 322361
8.091 322344
8.092 322316
8.095 322300
8.096 322288
8.097 322263
8.099 322253
8.1 322250
8.101 322247
8.104 322233
8.108 322215
8.109 322197
8.11 322189
8.114 322188
8.116 322178
8.118 322143
8.119 322131
8.121 322128
8.122 322124
8.125 322122
8.126 322119
8.127 322117
8.128 322112
8.129 322108
8.131 322085
8.132 322084
8.133 322081
8.151 322051
8.152 322042
8.155 322041
8.156 322026
8.157 322009
8.162 321996
8.164 321993
8.166 321984
8.169 321972
8.171 321971
8.22 321962
8.221 321960
8.223 321938
8.224 321933
8.225 321901
8.226 321880
8.229 321877
8.231 321865
8.233 321855
8.238 321816
8.24 321801
8.241 321798
8.244 321749
8.245 321738
8.248 321732
8.251 321731
8.252 321729
8.253 321727
8.255 321683
8.264 321681
8.266 321627
8.268 321622
8.269 321606
8.271 321598
8.275 321594
8.277 321564
8.278 321557
8.279 321550
8.283 321546
8.285 321512
8.287 321502
8.288 321494
8.29 321477
8.294 321475
8.298 321467
8.299 321465
8.302 321464
8.304 321448
8.306 321405
8.311 321400
8.312 321388
8.313 321385
8.314 321373
8.317 321356
8.318 321351
8.321 321327
8.323 321316
8.325 321310
8.326 321265
8.328 321249
8.329 321247
8.331 321245
8.332 321243
8.335 321221
8.336 321218
8.341 321208
8.343 321194
8.348 321190
8.353 321188
8.355 321176
8.362 321165
8.369 321161
8.372 321160
8.375 321157
8.377 321127
8.378 321112
8.379 321111
8.381 321094
8.389 321082
8.392 321081
8.394 321040
8.395 321033
8.397 321031
8.406 321030
8.407 320983
8.409 320971
8.414 320963
8.416 320956
8.418 320884
8.419 320856
8.421 320841
8.422 320838
8.424 320818
8.437 320813
8.439 320807
8.447 320793
8.448 320792
8.452 320790
8.455 320775
8.456 320751
8.457 320750
8.459 320736
8.508 320735
8.509 320725
8.51 320724
8.511 320723
8.513 320695
8.514 320680
8.516 320678
8.517 320668
8.52 320662
8.524 320659
8.528 320643
8.529 320639
8.53 320638
8.531 320634
8.534 320629
8.543 320625
8.588 320623
8.589 320619
8.594 320618
8.598 320617
8.648 320607
8.651 320605
8.667 320595
8.669 320591
8.671 320577
8.672 320557
8.674 320540
8.681 320528
8.683 320526
8.687 320518
8.689 320515
8.691 320509
8.693 320499
8.695 320498
8.697 320497
8.699 320490
8.709 320487
8.718 320466
8.72 320464
8.739 320457
8.74 320447
8.743 320413
8.747 320399
8.749 320396
8.75 320365
8.754 320347
8.757 320339
8.76 320309
8.762 320307
8.763 320305
8.765 320295
8.772 320294
8.774 320282
8.776 320279
8.777 320278
8.778 320277
8.783 320267
8.792 320265
8.794 320263
8.798 320227
8.8 320226
8.807 320218
8.808 320213
8.81 320211
8.948 320203
8.955 320192
8.956 320177
8.962 320157
8.963 320156
8.968 320143
8.969 320142
8.971 320126
8.974 320124
8.976 320111
8.978 320097
8.979 320034
9.43 320032
9.461 320031
9.477 320030
9.479 320013
9.619 319999
9.62 319995
9.621 319952
9.628 319943
9.645 319928
9.719 319912
9.722 319894
9.723 319888
9.731 319886
9.733 319874
9.75 319866
9.756 319855
9.76 319843
9.783 319838
9.785 319834
9.794 319830
9.803 319829
9.806 319827
9.809 319810
9.812 319804
9.815 319803
10.012 319798
10.014 319793
26.753 319787
26.774 319760
26.778 319747
26.783 319744
26.787 319693
26.79 319687
26.791 319675
26.792 319662
26.793 319642
26.796 319638
27.866 319602
27.868 319600
27.873 319573
27.874 319567
27.894 319533
27.895 319530
27.938 319520
27.976 319515
27.998 319506
28.004 319491
28.009 319488
28.845 319486
28.856 319484
28.858 319442
28.931 319437
28.934 319434
28.941 319422
28.945 319412
28.947 319402
28.952 319399
28.953 319393
29.019 319386
29.021 319385
29.022 319375
29.024 319372
29.026 319367
29.071 319365
29.073 319337
29.081 319333
29.256 319294
29.258 319282
29.289 319274
29.291 319254
29.293 319209
29.296 319206
29.298 319198
29.307 319189
29.312 319187
29.314 319185
29.318 319178
29.331 319170
29.335 319168
29.341 319167
29.343 319165
29.345 319161
29.354 319140
29.361 319130
29.371 319127
29.372 319123
29.376 319108
29.396 319098
29.403 319096
29.407 319087
29.41 319084
29.415 319083
29.448 319079
29.452 319078
29.459 319077
29.541 319075
29.543 319066
29.574 319049
30.938 319032
30.94 319028
30.944 319021
30.945 319020
30.95 319018
30.959 319017
30.964 319007
30.966 319005
30.969 318977
30.975 318964
32.027 318963
32.028 318955
32.03 318951
32.033 318950
32.041 318939
32.05 318938
32.053 318925
32.162 318921
32.165 318911
32.167 318910
32.173 318902
32.176 318901
32.178 318883
32.181 318874
32.406 318860
32.708 318859
32.71 318838
32.713 318822
32.715 318820
32.718 318801
32.729 318799
32.739 318796
32.747 318789
32.748 318783
32.751 318781
32.755 318773
33.057 318767
33.317 318757
33.321 318734
33.326 318733
33.332 318730
33.335 318712
33.337 318700
33.343 318692
33.345 318690
33.349 318686
33.352 318680
33.354 318672
33.371 318668
33.374 318660
33.377 318651
34.055 318649
34.064 318647
34.067 318645
34.082 318643
34.177 318636
34.192 318631
34.413 318630
34.414 318628
34.803 318619
34.804 318618
34.844 318615
34.845 318611
34.849 318601
34.851 318599
34.852 318584
34.889 318583
34.98 318582
34.99 318574
34.991 318573
34.993 318562
35.003 318554
35.018 318553
35.021 318550
35.1 318549
35.107 318547
35.112 318539
35.113 318505
35.131 318498
35.145 318468
35.152 318463
35.153 318460
35.193 318454
35.195 318445
35.198 318438
35.199 318426
35.209 318416
35.213 318414
35.22 318407
35.224 318403
35.225 318395
35.227 318393
35.228 318368
35.254 318345
35.257 318342
35.263 318316
35.269 318301
35.27 318297
35.272 318295
35.293 318285
35.296 318281
35.297 318278
35.302 318272
35.305 318265
35.308 318262
35.321 318259
35.324 318257
35.325 318256
35.333 318252
35.337 318251
35.341 318250
35.343 318245
35.344 318242
35.347 318241
35.356 318239
35.441 318236
35.443 318235
35.476 318226
35.524 318222
35.528 318176
35.532 318136
35.542 318129
35.592 318125
35.74 318091
35.753 318089
35.756 318088
35.759 318084
35.768 318082
35.771 318076
35.774 318066
35.775 318059
35.796 318058
35.817 318053
35.82 318046
36.195 318034
36.206 318032
36.21 318014
36.211 318011
36.222 318010
36.225 318004
36.226 318002
36.228 318001
36.232 317998
36.24 317990
36.289 317987
36.477 317986
36.481 317980
36.482 317973
36.49 317966
36.492 317956
36.494 317949
36.5 317940
36.511 317928
36.514 317915
36.518 317912
36.52 317910
36.523 317902
36.53 317885
36.532 317869
36.541 317853
36.544 317847
36.635 317846
36.713 317835
36.719 317819
36.721 317818
36.722 317808
36.727 317802
36.729 317794
36.73 317786
36.731 317773
36.735 317759
36.736 317756
36.744 317745
36.751 317743
36.752 317737
36.756 317722
36.836 317711
36.838 317694
36.84 317688
36.849 317661
36.851 317656
36.856 317649
36.863 317645
36.869 317632
36.874 317629
36.916 317607
36.919 317597
37.015 317585
37.02 317584
37.022 317576
37.025 317558
37.031 317522
37.115 317507
37.138 317491
37.153 317489
37.156 317475
37.162 317460
37.19 317438
37.213 317419
37.215 317417
37.23 317413
37.235 317401
37.236 317396
37.24 317395
37.241 317394
37.243 317393
37.267 317389
37.271 317387
37.275 317386
37.291 317370
37.294 317366
37.295 317365
37.389 317360
37.397 317354
37.398 317342
37.403 317337
37.414 317327
37.428 317326
37.431 317306
37.437 317301
37.442 317292
37.446 317280
37.455 317275
37.53 317272
37.534 317266
37.624 317265
37.626 317254
37.628 317251
37.638 317231
37.648 317228
37.65 317227
37.651 317223
37.654 317211
37.656 317192
38.135 317184
38.138 317182
38.171 317176
38.447 317160
38.45 317155
38.457 317143
38.829 317141
38.833 317132
38.837 317120
38.84 317114
38.852 317113
38.853 317096
38.996 317092
39.024 317064
39.032 317063
39.034 317057
39.041 317012
39.046 316999
39.064 316996
39.116 316989
39.118 316964
39.325 316954
39.326 316953
39.356 316951
39.386 316948
39.396 316943
39.43 316939
39.431 316934
39.435 316924
39.436 316923
39.603 316909
39.607 316890
39.613 316886
39.615 316882
39.616 316881
39.621 316876
39.624 316875
39.636 316874
39.638 316863
39.818 316861
39.821 316822
39.823 316817
39.824 316816
39.825 316799
39.831 316798
39.843 316794
39.844 316785
39.847 316782
39.887 316768
39.899 316735
39.903 316716
39.907 316715
39.927 316712
39.949 316711
39.95 316705
40.006 316699
40.013 316697
40.019 316693
40.052 316674
40.265 316671
40.493 316670
40.495 316660
40.503 316646
40.504 316644
40.505 316642
40.808 316637
40.812 316624
40.814 316619
40.816 316618
40.818 316604
40.823 316591
40.828 316586
40.831 316585
40.839 316564
40.852 316547
41.038 316544
41.04 316543
41.046 316539
41.048 316528
41.063 316522
41.069 316516
41.07 316511
41.071 316510
41.082 316504
41.084 316498
41.085 316497
41.171 316496
41.177 316477
41.18 316468
41.232 316462
41.235 316449
41.241 316445
41.248 316444
41.25 316431
41.266 316426
41.272 316419
41.273 316414
41.278 316401
41.284 316391
41.287 316388
41.289 316381
41.293 316371
41.302 316356
41.306 316353
41.324 316317
41.393 316307
41.408 316299
41.493 316290
41.503 316275
41.514 316265
41.518 316263
41.581 316259
41.585 316221
41.662 316217
41.699 316211
41.703 316208
41.752 316207
41.774 316202
41.798 316192
41.8 316177
41.802 316176
42.331 316151
42.336 316139
42.423 316137
42.427 316136
42.438 316107
42.439 316098
42.459 316096
42.464 316087
42.472 316086
42.483 316075
42.512 316067
42.797 316059
42.803 316012
42.811 316005
42.824 315999
42.84 315984
42.841 315983
42.849 315982
42.891 315967
42.9 315956
42.902 315949
42.906 315947
42.909 315941
42.916 315937
43.251 315935
43.314 315930
43.317 315929
43.319 315928
43.321 315927
43.328 315922
43.329 315921
43.414 315919
43.421 315917
43.423 315912
43.425 315906
43.435 315896
43.451 315887
44.181 315877
44.182 315866
44.184 315864
44.189 315857
44.191 315855
44.195 315842
44.209 315837
44.214 315807
44.215 315801
44.227 315790
44.43 315770
44.438 315767
44.439 315750
44.443 315743
45.099 315742
45.104 315741
45.274 315740
45.278 315739
45.279 315730
45.282 315728
45.286 315727
45.289 315725
45.311 315720
45.313 315718
45.34 315712
45.345 315704
45.351 315701
45.356 315700
45.399 315693
45.4 315691
45.439 315688
45.448 315683
45.45 315680
45.472 315679
45.475 315676
45.477 315666
45.478 315665
45.505 315664
45.515 315657
45.559 315641
45.561 315634
45.571 315630
45.573 315621
45.577 315620
45.579 315618
45.589 315617
45.593 315613
45.596 315611
45.598 315606
45.599 315599
45.607 315583
45.758 315580
45.761 315566
45.762 315556
45.769 315552
45.772 315551
45.787 315550
45.963 315542
45.965 315539
45.973 315537
45.978 315521
45.98 315520
45.99 315518
45.991 315516
45.995 315513
46.012 315497
46.015 315481
46.018 315480
46.029 315479
46.035 315478
46.039 315477
46.045 315470
46.048 315456
46.053 315451
46.079 315445
46.081 315427
46.085 315425
46.089 315423
46.091 315422
46.097 315420
46.123 315416
46.132 315401
46.137 315400
46.192 315385
46.194 315381
46.199 315380
46.204 315373
46.209 315365
46.226 315354
46.427 315349
46.459 315347
46.463 315344
46.535 315340
46.556 315329
46.558 315325
46.559 315324
46.566 315321
46.593 315320
46.596 315312
46.626 315304
46.632 315292
46.634 315289
46.74 315281
46.742 315278
46.761 315267
46.763 315263
47.018 315248
47.029 315246
47.036 315241
47.039 315240
47.069 315236
47.09 315229
47.095 315228
47.101 315227
47.352 315215
47.354 315213
47.361 315211
47.416 315190
47.43 315172
47.457 315167
47.466 315164
47.478 315160
47.491 315158
47.5 315157
47.502 315155
47.554 315154
47.559 315153
47.564 315148
47.566 315147
47.573 315139
47.592 315137
47.6 315135
47.602 315130
47.611 315127
47.616 315124
47.618 315115
47.621 315112
47.627 315100
47.636 315093
48.021 315089
48.023 315086
48.026 315079
48.027 315073
48.029 315070
48.033 315066
48.035 315062
48.037 315056
48.044 315051
48.045 315049
48.053 315018
48.056 315013
48.058 315009
48.105 315006
48.115 314997
48.116 314993
48.137 314991
48.157 314986
48.167 314978
48.169 314975
48.21 314973
48.217 314964
48.227 314942
48.235 314940
48.256 314932
48.262 314920
48.31 314913
48.314 314906
48.32 314903
48.324 314898
48.326 314892
48.341 314881
48.343 314879
48.345 314863
48.357 314861
48.363 314860
48.365 314859
48.375 314853
48.412 314852
48.416 314851
48.419 314824
48.42 314821
48.541 314809
48.544 314804
48.648 314803
48.651 314791
48.652 314779
48.964 314763
48.971 314762
48.976 314759
48.983 314756
48.987 314753
48.988 314746
48.99 314734
49.072 314732
49.074 314729
49.077 314727
49.079 314717
49.081 314716
49.083 314711
49.089 314709
49.1 314708
49.105 314707
49.106 314705
49.109 314691
49.114 314677
49.117 314651
49.119 314646
49.203 314645
49.241 314635
49.704 314628
49.714 314627
49.716 314622
49.72 314614
49.723 314610
49.725 314595
49.779 314588
49.782 314586
49.797 314585
51.492 314563
51.507 314562
51.514 314559
51.521 314553
51.524 314551
51.527 314543
51.535 314542
51.543 314529
51.565 314525
51.584 314524
51.587 314513
51.591 314506
51.594 314504
51.595 314497
51.603 314492
51.609 314481
51.611 314465
51.612 314461
51.618 314460
51.622 314459
51.623 314457
51.649 314456
51.652 314454
51.671 314435
51.68 314424
51.683 314417
51.903 314414
51.904 314401
51.91 314398
51.916 314396
51.918 314391
51.92 314383
51.95 314382
51.965 314378
51.97 314346
51.973 314342
51.977 314341
51.983 314340
52.006 314339
52.009 314336
52.015 314332
52.019 314327
52.021 314326
52.068 314323
52.069 314320
52.07 314315
52.076 314314
52.083 314312
52.129 314294
52.293 314293
52.371 314292
52.396 314291
52.399 314290
52.424 314286
52.426 314284
52.644 314258
52.645 314255
52.648 314252
52.697 314247
52.707 314245
52.976 314233
52.977 314230
52.99 314229
53.009 314216
53.015 314213
53.023 314204
53.031 314192
53.036 314189
53.083 314188
53.096 314179
53.139 314177
53.154 314174
53.238 314159
53.248 314151
53.255 314150
53.257 314141
53.259 314140
53.26 314127
53.263 314124
53.267 314116
53.321 314106
53.327 314100
53.376 314093
53.378 314091
53.38 314073
53.388 314063
53.39 314061
53.403 314058
53.55 314047
53.557 314046
53.645 314041
53.663 314038
53.666 314036
53.688 314032
53.705 314023
53.708 314018
53.73 314013
53.734 314008
53.771 314005
53.782 313998
53.791 313992
53.797 313989
53.84 313988
53.841 313985
53.846 313984
53.863 313983
53.867 313973
53.873 313971
53.886 313963
53.893 313961
53.896 313960
53.909 313959
53.923 313958
53.927 313953
54.04 313945
54.047 313941
54.057 313931
54.099 313927
54.102 313926
54.187 313925
54.225 313912
54.234 313911
54.236 313909
54.237 313898
54.244 313896
54.248 313894
54.258 313892
54.262 313889
54.268 313888
54.27 313884
54.305 313876
54.324 313873
54.327 313856
54.338 313843
54.358 313833
54.372 313817
54.38 313814
54.405 313812
54.414 313806
54.434 313804
54.44 313802
54.935 313801
54.938 313790
54.944 313787
55.202 313776
55.205 313773
55.206 313771
55.208 313769
55.209 313768
55.222 313745
55.236 313742
55.242 313739
55.244 313734
55.259 313731
55.283 313727
55.354 313726
55.359 313722
55.363 313718
55.365 313711
55.382 313707
55.731 313702
55.732 313698
55.734 313697
55.841 313695
55.85 313691
55.853 313685
55.865 313681
55.951 313672
55.959 313668
56.083 313665
56.086 313663
56.089 313660
56.098 313656
56.101 313650
56.309 313636
56.351 313629
56.358 313623
56.363 313622
56.368 313620
56.387 313619
56.406 313618
56.46 313616
56.464 313614
56.483 313610
56.485 313601
56.49 313592
56.495 313591
56.515 313587
56.518 313583
56.557 313577
56.575 313576
56.599 313563
56.602 313562
56.651 313560
56.654 313558
56.66 313557
56.673 313554
56.686 313553
56.912 313545
56.943 313533
56.946 313530
56.951 313529
56.954 313518
56.957 313507
56.97 313503
56.977 313493
56.981 313491
57.097 313484
57.099 313482
57.108 313472
57.116 313466
57.129 313462
57.221 313439
57.236 313438
57.239 313433
57.295 313424
57.296 313423
57.31 313420
57.316 313417
57.32 313411
57.322 313407
57.323 313401
57.332 313394
57.338 313388
57.444 313387
57.447 313382
57.449 313372
57.531 313369
57.538 313368
57.543 313358
57.564 313344
57.572 313341
57.669 313338
57.679 313326
57.686 313324
57.69 313323
57.704 313321
57.713 313318
57.717 313307
57.725 313305
57.827 313303
57.828 313299
57.831 313294
57.845 313289
57.848 313281
57.88 313277
57.885 313275
57.887 313274
57.889 313271
57.891 313266
57.901 313264
57.903 313263
57.91 313254
57.912 313252
57.913 313245
57.919 313244
57.996 313243
58 313242
58.002 313239
58.009 313238
58.015 313237
58.025 313234
58.028 313232
58.033 313225
58.039 313220
58.052 313218
58.057 313213
58.062 313212
58.064 313210
58.069 313206
58.076 313205
58.077 313200
58.104 313197
58.113 313195
58.116 313184
58.122 313180
58.124 313173
58.248 313167
58.253 313162
58.256 313134
58.267 313125
58.27 313121
58.274 313118
58.276 313117
58.283 313107
58.284 313099
58.286 313094
58.306 313091
58.517 313076
58.522 313075
58.54 313072
58.559 313064
58.562 313041
58.612 313040
58.614 313036
58.624 313034
58.636 313017
58.744 313013
58.794 313012
58.802 313010
58.806 313009
58.813 313000
58.824 312999
58.825 312998
58.828 312990
58.946 312989
58.953 312984
58.954 312980
58.975 312979
58.981 312973
58.986 312970
58.988 312966
58.995 312957
59.008 312943
59.013 312940
59.051 312933
59.056 312932
59.058 312929
59.063 312923
59.171 312921
59.206 312916
59.209 312915
59.211 312906
59.218 312897
59.225 312892
59.231 312891
59.235 312888
59.24 312883
59.256 312882
59.258 312877
59.268 312876
59.352 312864
59.448 312862
59.459 312861
59.491 312860
59.494 312855
59.515 312852
59.522 312850
59.531 312848
59.536 312847
59.542 312838
59.552 312836
59.555 312835
59.641 312832
59.648 312829
59.65 312826
59.652 312824
59.654 312819
59.695 312814
59.701 312810
59.705 312808
59.71 312804
59.866 312802
59.868 312800
59.876 312798
59.877 312797
60.004 312790
60.006 312788
60.03 312773
60.058 312769
60.064 312768
60.111 312766
60.114 312763
60.115 312761
60.135 312758
60.148 312755
60.266 312744
60.395 312743
60.396 312742
60.415 312727
60.418 312716
60.435 312713
60.438 312708
60.477 312706
60.482 312703
60.486 312696
60.489 312695
60.495 312694
60.496 312690
60.499 312686
60.503 312682
60.549 312678
60.558 312674
60.582 312673
60.684 312661
60.739 312654
60.745 312653
60.753 312651
60.754 312648
60.795 312647
60.8 312646
60.835 312643
60.842 312641
60.845 312637
60.851 312636
60.852 312630
60.865 312629
60.89 312628
60.896 312622
61.65 312613
61.669 312610
61.681 312603
61.682 312595
61.686 312592
61.687 312584
61.733 312581
61.739 312577
61.768 312572
61.773 312560
61.776 312559
61.777 312551
61.781 312550
61.855 312549
61.857 312548
61.861 312546
61.882 312539
61.889 312538
61.89 312531
61.897 312522
61.946 312509
61.947 312505
61.949 312493
61.953 312492
61.977 312491
61.983 312490
62 312476
62.013 312470
62.017 312468
62.043 312467
62.05 312462
62.069 312460
62.088 312459
62.095 312456
62.101 312450
62.117 312449
62.126 312447
62.128 312446
62.409 312442
62.417 312440
62.447 312438
62.449 312436
62.496 312426
62.498 312423
62.5 312416
62.509 312415
62.51 312411
62.512 312406
62.519 312399
62.569 312396
62.574 312386
62.579 312385
62.589 312380
62.595 312379
62.62 312378
62.622 312377
62.629 312369
62.632 312368
62.668 312366
62.683 312350
62.687 312344
62.69 312336
62.693 312335
62.707 312318
62.714 312317
62.721 312308
62.728 312307
62.735 312306
62.747 312303
62.751 312301
62.777 312293
62.78 312290
62.783 312289
62.79 312287
62.791 312279
62.799 312276
62.813 312273
62.817 312269
62.821 312265
62.835 312261
62.843 312257
62.904 312255
62.94 312254
62.942 312249
62.981 312242
62.987 312240
62.988 312236
62.997 312234
63.02 312226
63.028 312222
63.034 312221
63.047 312218
63.05 312214
63.062 312206
63.126 312194
63.129 312189
63.179 312179
63.195 312178
63.222 312175
63.223 312173
63.397 312165
63.409 312164
63.411 312162
63.483 312150
63.49 312149
63.695 312140
63.705 312138
63.729 312136
63.739 312135
63.742 312131
63.77 312126
63.779 312107
63.797 312102
63.799 312093
63.8 312091
63.809 312086
63.836 312063
63.85 312059
63.852 312052
63.857 312051
63.971 312035
63.981 312033
63.983 312028
63.999 312026
64.001 312018
64.003 312008
64.014 312002
64.028 312000
64.032 311999
64.041 311997
64.059 311988
64.096 311974
64.104 311966
64.151 311962
64.172 311961
64.18 311959
64.208 311958
64.267 311953
64.313 311946
64.346 311940
64.36 311939
64.368 311938
64.389 311936
64.39 311935
64.418 311931
64.453 311923
64.499 311919
64.534 311918
64.548 311909
64.588 311908
64.589 311905
64.591 311900
64.612 311899
64.614 311877
64.619 311875
64.648 311869
64.652 311860
64.659 311858
64.66 311856
64.729 311853
64.838 311851
64.854 311850
64.874 311829
64.885 311827
64.886 311825
64.887 311824
64.894 311822
64.913 311821
64.92 311817
64.946 311815
64.952 311814
64.97 311813
64.996 311812
65.016 311805
65.135 311801
65.138 311800
65.565 311799
65.571 311795
65.633 311794
65.647 311793
65.649 311792
65.66 311790
65.682 311783
65.69 311771
65.691 311770
65.872 311769
65.922 311767
65.96 311760
66.017 311747
66.081 311746
66.503 311744
66.856 311742
66.859 311736
66.867 311734
66.944 311733
66.946 311732
66.962 311723
67.109 311721
67.111 311720
67.132 311709
67.135 311705
67.162 311695
67.166 311680
67.178 311679
67.181 311676
67.187 311670
67.192 311669
67.2 311667
67.212 311662
67.236 311655
67.56 311653
67.57 311645
67.579 311642
67.601 311641
67.605 311640
67.682 311638
67.695 311637
67.74 311635
67.832 311632
67.879 311629
67.885 311628
67.886 311623
67.888 311621
67.892 311613
67.895 311612
67.904 311611
67.911 311610
67.914 311608
67.93 311606
67.944 311605
67.979 311604
68.004 311603
68.02 311595
68.027 311592
68.034 311585
68.072 311582
68.075 311581
68.083 311575
68.088 311574
68.094 311572
68.108 311568
68.115 311560
68.202 311559
68.216 311555
68.228 311554
68.421 311545
68.427 311543
68.46 311539
68.469 311536
68.482 311532
68.484 311522
68.497 311520
68.5 311511
68.508 311510
68.52 311506
68.569 311505
68.72 311492
68.726 311485
68.727 311477
68.742 311473
68.748 311471
68.75 311470
68.761 311464
68.766 311462
68.77 311461
68.773 311460
68.78 311459
68.79 311454
68.799 311449
68.816 311447
68.825 311446
68.856 311445
68.862 311443
68.88 311441
68.885 311440
68.903 311435
68.904 311434
68.916 311430
69.03 311426
69.031 311425
69.033 311424
69.039 311421
69.053 311414
69.058 311411
69.077 311398
69.089 311395
69.092 311394
69.094 311393
69.097 311389
69.098 311386
69.109 311383
69.129 311380
69.15 311379
69.222 311378
69.276 311371
69.281 311370
69.307 311369
69.379 311366
69.427 311365
69.44 311364
69.466 311355
69.475 311344
69.495 311343
69.499 311341
69.512 311340
69.522 311339
69.557 311325
69.561 311322
69.585 311321
69.617 311318
69.623 311315
69.836 311312
69.843 311309
69.877 311300
69.899 311294
69.996 311290
70.003 311288
70.004 311281
70.005 311280
70.007 311276
70.066 311274
70.071 311272
70.083 311270
70.099 311267
70.13 311265
70.136 311259
70.151 311250
70.157 311249
70.178 311245
70.182 311236
70.208 311235
70.217 311233
70.22 311232
70.263 311229
70.288 311227
70.292 311224
70.294 311223
70.3 311221
70.325 311214
70.331 311211
70.531 311205
70.534 311204
70.55 311202
70.703 311201
70.71 311200
71.164 311199
71.191 311197
71.195 311194
71.197 311191
71.209 311183
71.475 311182
71.487 311181
71.492 311174
71.531 311171
71.546 311169
71.552 311163
71.579 311160
71.599 311158
71.613 311157
71.625 311147
71.637 311143
71.682 311142
71.769 311125
71.777 311123
71.818 311121
71.82 311120
71.826 311118
71.864 311115
71.917 311107
71.93 311104
71.95 311077
71.97 311071
71.979 311063
72.366 311056
72.372 311038
72.388 311037
72.393 311035
72.394 311034
72.399 311033
72.412 311032
72.417 311029
72.429 311021
72.485 311020
72.506 311009
72.507 311007
72.515 311002
72.611 311000
72.633 310992
72.637 310986
72.751 310968
72.756 310967
72.758 310966
72.76 310959
72.777 310958
72.884 310952
72.886 310950
72.901 310945
72.903 310944
72.925 310940
72.93 310938
72.934 310936
73.508 310932
73.527 310930
73.567 310929
73.708 310925
73.71 310924
73.867 310923
73.907 310915
73.943 310910
73.954 310907
74.116 310905
74.122 310904
74.161 310892
74.17 310889
74.198 310887
74.204 310883
74.347 310882
74.35 310872
74.367 310867
74.379 310866
74.388 310865
74.399 310853
74.432 310852
74.436 310842
74.452 310840
74.453 310837
74.6 310836
74.644 310831
74.672 310830
74.694 310824
74.697 310823
74.705 310816
74.719 310815
74.772 310810
74.797 310808
74.808 310802
74.835 310801
74.845 310796
74.85 310795
74.855 310794
74.868 310793
74.871 310790
74.891 310786
74.932 310785
74.935 310782
74.946 310779
74.95 310777
75.075 310775
75.081 310773
75.085 310770
75.107 310769
75.127 310768
75.182 310762
75.227 310761
75.235 310760
75.249 310756
75.274 310751
75.293 310733
75.312 310731
75.313 310729
75.326 310728
75.364 310727
75.371 310724
75.425 310716
75.435 310715
75.473 310708
75.491 310707
75.505 310693
75.506 310692
75.521 310685
75.528 310679
75.758 310677
75.763 310672
75.788 310670
75.81 310666
75.837 310658
75.839 310650
75.84 310648
75.892 310647
75.92 310646
75.964 310643
76.015 310640
76.047 310638
76.071 310637
76.08 310629
76.105 310624
76.113 310622
76.119 310618
76.142 310617
76.165 310614
76.166 310613
76.173 310609
76.221 310605
76.283 310596
76.403 310595
76.416 310593
76.427 310588
76.441 310581
76.448 310578
76.465 310577
76.468 310576
76.783 310574
76.798 310572
76.808 310570
76.811 310566
76.814 310560
76.855 310555
76.862 310553
76.887 310552
76.903 310546
76.936 310544
77.026 310541
77.034 310540
77.079 310538
77.144 310537
77.164 310536
77.189 310532
77.238 310527
77.254 310522
77.26 310518
77.282 310517
77.511 310511
77.522 310504
77.547 310498
77.566 310495
77.602 310492
77.633 310484
78.01 310482
78.023 310481
78.261 310479
78.28 310478
78.285 310477
78.342 310476
78.407 310475
78.502 310470
78.521 310467
78.532 310464
78.548 310460
78.55 310458
78.555 310454
78.562 310452
78.579 310448
78.585 310447
78.589 310445
78.595 310441
78.615 310439
78.629 310438
78.693 310436
78.726 310435
78.731 310429
78.865 310428
78.877 310426
78.883 310420
78.924 310416
78.942 310413
78.969 310412
79.031 310407
79.123 310406
79.145 310401
79.15 310398
79.152 310396
79.156 310395
79.201 310389
79.22 310388
79.223 310386
79.249 310384
79.266 310381
79.269 310380
79.364 310379
79.388 310374
79.411 310367
79.435 310366
79.447 310365
79.449 310364
79.514 310362
79.525 310359
79.535 310344
79.537 310342
79.586 310338
79.702 310336
79.717 310335
80.028 310333
80.095 310326
80.173 310321
80.183 310320
80.205 310314
80.235 310313
80.305 310312
80.334 310310
80.364 310309
80.365 310308
80.371 310299
80.395 310298
80.439 310295
80.445 310294
80.478 310292
80.487 310288
80.496 310278
80.498 310276
80.5 310270
80.524 310268
80.531 310259
80.578 310242
80.593 310241
80.631 310238
80.633 310236
80.711 310233
80.725 310232
80.775 310231
80.786 310230
80.81 310227
80.968 310223
80.97 310216
80.981 310192
81.003 310182
81.025 310163
81.287 310156
81.327 310154
81.343 310153
81.345 310147
81.358 310145
81.611 310142
81.634 310141
81.642 310140
81.646 310137
81.661 310130
81.7 310124
81.717 310123
81.741 310122
81.813 310116
81.815 310114
81.824 310106
81.826 310104
81.83 310102
81.857 310100
81.921 310099
81.934 310097
81.953 310096
81.958 310091
81.996 310081
82.103 310074
82.279 310069
82.308 310068
82.334 310062
82.351 310057
82.388 310053
82.395 310050
82.567 310049
82.613 310047
82.618 310044
82.63 310041
82.634 310039
82.636 310037
82.645 310030
82.685 310021
82.699 310018
82.712 309997
82.729 309993
82.773 309992
82.827 309989
82.832 309988
82.85 309984
83.005 309983
83.026 309981
83.04 309974
83.066 309971
83.074 309968
83.113 309967
83.362 309965
83.37 309957
83.397 309955
83.414 309954
83.423 309950
83.497 309949
83.521 309944
83.545 309943
83.558 309942
83.58 309940
83.584 309939
83.673 309934
83.683 309931
83.703 309925
83.706 309922
83.711 309921
83.782 309920
83.984 309917
84.014 309913
84.067 309912
84.069 309911
84.073 309909
84.221 309908
84.226 309906
84.235 309904
84.247 309903
84.253 309902
84.907 309895
84.917 309893
84.921 309891
84.952 309890
84.953 309889
84.965 309887
84.966 309879
84.987 309878
84.995 309877
85.145 309874
85.15 309873
85.155 309868
85.191 309866
85.207 309859
85.214 309857
85.216 309856
85.237 309854
85.27 309847
85.283 309845
85.291 309843
85.347 309833
85.369 309828
85.39 309826
85.394 309823
85.397 309820
85.444 309817
85.452 309816
85.465 309814
85.471 309810
85.477 309809
85.5 309808
85.505 309807
85.597 309805
86.183 309804
86.227 309793
86.265 309785
86.282 309783
86.303 309781
86.305 309775
86.311 309774
86.364 309772
86.373 309770
86.375 309769
86.377 309768
86.415 309767
86.46 309766
86.47 309765
86.511 309759
86.695 309756
86.709 309755
86.719 309751
86.738 309750
86.754 309744
86.76 309736
86.949 309732
87.036 309728
87.073 309725
87.089 309723
87.139 309717
87.158 309716
87.258 309712
87.307 309710
87.458 309707
87.505 309704
87.51 309703
87.533 309700
87.634 309695
87.637 309694
87.644 309693
87.652 309690
87.687 309689
87.716 309688
87.763 309685
87.764 309683
87.851 309679
87.86 309677
87.898 309675
87.958 309673
87.974 309671
87.984 309666
88.009 309658
88.033 309656
88.058 309653
88.093 309623
88.127 309622
88.161 309621
88.247 309620
88.249 309618
88.414 309616
88.445 309612
88.484 309610
88.489 309608
88.5 309604
88.535 309602
88.554 309601
88.643 309594
88.672 309590
88.78 309576
88.825 309575
88.831 309574
88.971 309572
88.98 309570
88.991 309564
89.003 309563
89.172 309562
89.175 309561
89.178 309557
89.209 309554
89.285 309553
89.292 309550
89.346 309541
89.367 309532
89.376 309530
89.404 309524
89.413 309523
89.437 309521
89.578 309519
89.62 309518
89.651 309517
89.654 309508
89.674 309506
89.755 309490
89.76 309477
89.771 309470
89.804 309465
89.814 309457
89.869 309456
89.87 309455
89.897 309452
89.909 309449
89.971 309446
89.98 309444
90.012 309435
90.056 309434
90.121 309432
90.134 309426
90.159 309425
90.183 309422
90.215 309420
90.273 309410
90.299 309400
90.395 309398
90.448 309392
90.497 309391
90.51 309381
90.534 309379
90.535 309377
90.591 309376
90.63 309375
90.675 309372
90.679 309371
90.704 309364
90.746 309361
90.809 309359
90.811 309355
90.904 309354
90.911 309352
90.971 309351
91.003 309350
91.032 309334
91.047 309332
91.111 309323
91.135 309322
91.196 309319
91.219 309317
91.223 309315
91.266 309307
91.294 309302
91.322 309301
91.346 309300
91.404 309299
91.416 309291
91.424 309284
91.433 309282
91.506 309279
91.524 309271
91.533 309267
91.562 309264
91.602 309263
91.635 309260
91.895 309253
91.897 309251
92.124 309250
92.14 309249
92.164 309238
92.169 309237
92.19 309235
92.276 309230
92.33 309227
92.345 309225
92.401 309224
92.457 309215
92.496 309209
92.542 309204
92.656 309203
92.659 309202
92.682 309197
92.747 309196
92.771 309195
92.789 309193
92.823 309192
92.842 309191
92.88 309185
92.907 309184
92.954 309183
93.172 309181
93.179 309179
93.182 309176
93.187 309174
93.325 309173
93.368 309172
93.404 309171
93.421 309170
93.433 309169
93.443 309167
93.464 309165
93.489 309161
93.5 309159
93.732 309158
93.775 309153
93.778 309151
93.799 309149
93.839 309148
93.857 309146
93.897 309139
94.047 309135
94.182 309132
94.187 309129
94.314 309126
94.317 309125
94.327 309124
94.352 309123
94.418 309120
94.6 309119
94.628 309118
94.659 309108
94.706 309107
94.72 309106
94.742 309103
94.805 309097
94.864 309096
94.91 309093
94.92 309091
94.945 309090
94.998 309082
95.001 309079
95.042 309078
95.064 309075
95.19 309073
95.285 309072
95.313 309070
95.365 309069
95.412 309068
95.52 309060
95.573 309059
95.578 309058
95.621 309053
95.643 309051
95.651 309037
95.734 309035
95.82 309034
95.84 309033
95.845 309029
95.85 309028
95.931 309027
95.977 309026
96.021 309022
96.049 309019
96.114 309018
96.171 309009
96.251 309006
96.304 309005
96.458 309004
96.471 309002
96.682 308999
96.704 308995
96.883 308986
96.904 308982
96.941 308980
96.967 308979
97.057 308978
97.066 308976
97.442 308973
97.477 308972
97.491 308971
97.562 308970
97.693 308969
97.703 308966
97.774 308962
97.792 308961
97.854 308956
97.896 308954
97.941 308953
97.963 308952
98.049 308947
98.101 308946
98.163 308945
98.173 308944
98.266 308943
98.269 308942
98.286 308939
98.444 308936
98.497 308928
98.552 308927
98.558 308926
98.569 308925
98.606 308922
98.622 308920
98.624 308917
98.656 308908
98.671 308906
98.694 308905
98.752 308904
98.759 308903
98.825 308900
98.835 308899
98.837 308898
98.862 308895
98.94 308893
98.943 308890
98.955 308889
98.987 308878
99.284 308876
99.327 308875
99.349 308874
99.364 308862
99.481 308857
99.484 308856
99.518 308855
99.59 308854
99.609 308851
99.613 308850
99.62 308846
99.648 308845
99.697 308844
99.884 308843
99.898 308842
100.07 308826
100.152 308825
100.184 308824
100.296 308822
100.377 308821
100.448 308819
100.476 308814
100.488 308813
100.693 308803
100.86 308802
101.052 308801
101.139 308800
101.15 308779
101.237 308776
101.277 308774
101.313 308772
101.439 308771
101.48 308770
101.493 308769
101.524 308767
101.568 308766
101.667 308764
101.703 308758
101.775 308756
101.786 308754
101.792 308748
101.802 308747
101.915 308744
101.98 308742
101.982 308740
102.154 308739
102.232 308737
102.324 308736
102.333 308735
102.373 308734
102.383 308730
102.471 308729
102.478 308726
102.595 308725
102.635 308724
102.815 308723
102.865 308722
102.871 308718
103.103 308715
103.273 308709
103.358 308705
103.621 308702
103.625 308698
103.84 308697
104.369 308691
104.596 308689
104.632 308688
104.647 308687
104.773 308686
104.93 308684
104.99 308683
104.993 308682
105.045 308679
105.076 308672
105.128 308671
105.202 308669
105.225 308668
105.226 308667
105.253 308666
105.266 308665
105.315 308663
105.369 308661
105.463 308659
105.468 308650
105.493 308649
105.524 308646
105.555 308644
105.601 308643
105.672 308642
105.727 308639
105.853 308638
105.898 308637
105.917 308636
105.926 308634
105.96 308633
106.008 308632
106.023 308631
106.034 308629
106.048 308628
106.079 308623
106.115 308622
106.183 308619
106.2 308618
106.219 308613
106.234 308612
106.271 308611
106.293 308610
106.405 308609
106.555 308605
106.616 308604
106.684 308603
106.794 308599
106.851 308598
106.87 308597
107.014 308595
107.081 308593
107.1 308592
107.104 308591
107.106 308586
107.139 308582
107.168 308581
107.211 308577
107.347 308576
107.425 308575
107.53 308573
107.545 308570
107.718 308569
107.74 308568
107.772 308562
107.847 308561
107.941 308560
108.084 308559
108.38 308558
108.422 308548
108.457 308546
108.496 308545
108.556 308540
108.612 308537
108.648 308536
108.711 308530
108.871 308529
108.952 308527
108.995 308521
109.004 308520
109.019 308518
109.211 308517
109.299 308516
109.303 308515
109.308 308514
109.408 308511
109.413 308509
109.5 308504
109.519 308500
109.643 308498
110.034 308497
