16.091 4.30604e+06
16.092 4.30589e+06
16.094 4.30565e+06
16.096 4.30558e+06
16.097 4.3055e+06
16.099 4.30548e+06
16.101 4.30546e+06
16.103 4.30543e+06
16.105 4.30542e+06
16.107 4.30536e+06
16.109 4.30514e+06
16.111 4.30496e+06
16.112 4.30495e+06
16.114 4.30494e+06
16.117 4.30482e+06
16.118 4.30474e+06
16.12 4.3047e+06
16.121 4.30467e+06
16.124 4.30368e+06
16.126 4.30362e+06
16.127 4.30325e+06
16.129 4.30323e+06
16.131 4.30292e+06
16.133 4.3029e+06
16.136 4.30271e+06
16.137 4.30265e+06
16.139 4.30257e+06
16.141 4.30249e+06
16.143 4.30247e+06
16.144 4.30246e+06
16.146 4.30243e+06
16.148 4.30242e+06
16.152 4.30234e+06
16.155 4.30219e+06
16.156 4.30216e+06
16.158 4.30209e+06
16.165 4.30164e+06
16.167 4.30157e+06
16.169 4.30156e+06
16.17 4.30148e+06
16.172 4.30137e+06
16.174 4.3011e+06
16.175 4.30104e+06
16.178 4.30085e+06
16.179 4.30082e+06
16.182 4.30068e+06
16.192 4.30052e+06
16.194 4.3005e+06
16.196 4.30036e+06
16.201 4.30035e+06
16.204 4.29988e+06
16.206 4.29986e+06
16.208 4.29977e+06
16.209 4.29966e+06
16.211 4.29965e+06
16.212 4.29963e+06
16.214 4.29961e+06
16.216 4.2995e+06
16.218 4.2987e+06
16.22 4.29868e+06
16.221 4.29867e+06
16.223 4.29846e+06
16.225 4.29842e+06
16.227 4.29793e+06
16.229 4.29787e+06
16.231 4.29786e+06
16.233 4.2978e+06
16.235 4.29772e+06
16.26 4.29764e+06
16.261 4.29745e+06
16.263 4.29743e+06
16.265 4.29742e+06
16.267 4.29741e+06
16.269 4.29741e+06
16.271 4.29699e+06
16.272 4.29672e+06
16.274 4.29618e+06
16.276 4.29617e+06
16.278 4.29616e+06
16.28 4.2961e+06
16.282 4.296e+06
16.284 4.2959e+06
16.285 4.29589e+06
16.29 4.29578e+06
16.294 4.29572e+06
16.296 4.29557e+06
16.302 4.29549e+06
16.304 4.29548e+06
16.307 4.29391e+06
16.309 4.29383e+06
16.311 4.29379e+06
16.313 4.2937e+06
16.314 4.29358e+06
16.318 4.29353e+06
16.32 4.2932e+06
16.322 4.29318e+06
16.325 4.29316e+06
16.328 4.29274e+06
16.33 4.29245e+06
16.331 4.29243e+06
16.334 4.29236e+06
16.336 4.29182e+06
16.338 4.29178e+06
16.339 4.29176e+06
16.341 4.29154e+06
16.343 4.29153e+06
16.346 4.29146e+06
16.347 4.29144e+06
16.349 4.29121e+06
16.353 4.29082e+06
16.354 4.29067e+06
16.356 4.29058e+06
16.358 4.29033e+06
16.36 4.2899e+06
16.362 4.2898e+06
16.364 4.28922e+06
16.365 4.28907e+06
16.367 4.28903e+06
16.369 4.28902e+06
16.371 4.28888e+06
16.372 4.28886e+06
16.374 4.28874e+06
16.376 4.28868e+06
16.386 4.2886e+06
16.387 4.28854e+06
16.391 4.28839e+06
16.393 4.28835e+06
16.395 4.28834e+06
16.397 4.28826e+06
16.402 4.28824e+06
16.406 4.2881e+06
16.408 4.28804e+06
16.41 4.28804e+06
16.419 4.28802e+06
16.42 4.28802e+06
16.422 4.288e+06
16.425 4.28767e+06
16.427 4.28761e+06
16.434 4.28757e+06
16.435 4.28756e+06
16.438 4.28748e+06
16.44 4.2874e+06
16.441 4.2874e+06
16.443 4.28733e+06
16.445 4.28731e+06
16.446 4.28725e+06
16.448 4.2872e+06
16.45 4.28719e+06
16.463 4.28695e+06
16.466 4.28693e+06
16.467 4.28682e+06
16.469 4.28676e+06
16.471 4.28652e+06
16.473 4.2863e+06
16.476 4.28618e+06
16.477 4.28616e+06
16.479 4.28612e+06
16.481 4.28592e+06
16.483 4.28589e+06
16.489 4.28581e+06
16.491 4.28574e+06
16.492 4.28572e+06
16.494 4.2856e+06
16.503 4.28559e+06
16.505 4.28554e+06
16.51 4.28552e+06
16.512 4.28537e+06
16.524 4.28533e+06
16.526 4.2852e+06
16.528 4.28485e+06
16.529 4.28483e+06
16.531 4.28466e+06
16.533 4.28446e+06
16.535 4.28437e+06
16.537 4.28437e+06
16.539 4.28414e+06
16.541 4.28413e+06
16.542 4.2841e+06
16.546 4.28404e+06
16.548 4.28385e+06
16.553 4.28321e+06
16.554 4.28318e+06
16.557 4.28291e+06
16.56 4.2827e+06
16.561 4.2827e+06
16.563 4.28254e+06
16.565 4.28249e+06
16.566 4.2824e+06
16.568 4.28224e+06
16.571 4.28217e+06
16.573 4.28194e+06
16.575 4.28192e+06
16.577 4.28177e+06
16.579 4.28166e+06
16.584 4.28157e+06
16.585 4.28154e+06
16.587 4.28148e+06
16.588 4.28147e+06
16.59 4.28147e+06
16.593 4.28142e+06
16.594 4.28142e+06
16.596 4.28141e+06
16.598 4.281e+06
16.6 4.28098e+06
16.602 4.28088e+06
16.603 4.28085e+06
16.605 4.2808e+06
16.608 4.2808e+06
16.623 4.28079e+06
16.624 4.28077e+06
16.627 4.28076e+06
16.629 4.28065e+06
16.631 4.28061e+06
16.632 4.28059e+06
16.635 4.28058e+06
16.638 4.28058e+06
16.64 4.28057e+06
16.642 4.28044e+06
16.643 4.28043e+06
16.646 4.28032e+06
16.648 4.28029e+06
16.65 4.28018e+06
16.651 4.28017e+06
16.654 4.28017e+06
16.656 4.28013e+06
16.658 4.27997e+06
16.66 4.27997e+06
16.662 4.27992e+06
16.679 4.27985e+06
16.682 4.27963e+06
16.684 4.27956e+06
16.692 4.27941e+06
16.695 4.27941e+06
16.699 4.27937e+06
16.705 4.27937e+06
16.708 4.27936e+06
16.71 4.27926e+06
16.712 4.27882e+06
16.713 4.27879e+06
16.717 4.27856e+06
16.719 4.27842e+06
16.721 4.2784e+06
16.723 4.2784e+06
16.725 4.27836e+06
16.727 4.27833e+06
16.728 4.2783e+06
16.732 4.27826e+06
16.735 4.27806e+06
16.736 4.27793e+06
16.739 4.2779e+06
16.74 4.27775e+06
16.742 4.27773e+06
16.744 4.27766e+06
16.748 4.27758e+06
16.749 4.27752e+06
16.752 4.27751e+06
16.758 4.27744e+06
16.759 4.27741e+06
16.761 4.27734e+06
16.763 4.2772e+06
16.766 4.27715e+06
16.768 4.27714e+06
16.77 4.27712e+06
16.773 4.2771e+06
16.775 4.27707e+06
16.776 4.27703e+06
16.779 4.27699e+06
16.786 4.27692e+06
16.789 4.2769e+06
16.798 4.27685e+06
16.8 4.27683e+06
16.801 4.27682e+06
16.804 4.27657e+06
16.809 4.27651e+06
16.811 4.27644e+06
16.812 4.27639e+06
16.815 4.27614e+06
16.819 4.27572e+06
16.82 4.27569e+06
16.822 4.27567e+06
16.824 4.27513e+06
16.826 4.27503e+06
16.827 4.27492e+06
16.829 4.27484e+06
16.831 4.27475e+06
16.834 4.27427e+06
16.836 4.27394e+06
16.838 4.27381e+06
16.84 4.27357e+06
16.841 4.27357e+06
16.844 4.27345e+06
16.847 4.27345e+06
16.849 4.27342e+06
16.85 4.27321e+06
16.86 4.27252e+06
16.868 4.27252e+06
16.869 4.27249e+06
16.878 4.27246e+06
16.88 4.27242e+06
16.884 4.27242e+06
16.886 4.27238e+06
16.888 4.27232e+06
16.891 4.27222e+06
16.928 4.2721e+06
16.93 4.27205e+06
16.933 4.27185e+06
16.937 4.27168e+06
16.938 4.27167e+06
16.941 4.27167e+06
16.943 4.27166e+06
16.946 4.27162e+06
16.948 4.2715e+06
16.95 4.2714e+06
16.951 4.27136e+06
16.955 4.27135e+06
16.958 4.27096e+06
16.96 4.27093e+06
16.963 4.27089e+06
16.964 4.27088e+06
16.966 4.27081e+06
16.969 4.27078e+06
16.971 4.27074e+06
16.972 4.27047e+06
16.974 4.27045e+06
16.975 4.27042e+06
17.041 4.27006e+06
17.044 4.27006e+06
17.048 4.27004e+06
17.052 4.26984e+06
17.053 4.26982e+06
17.061 4.26967e+06
17.062 4.26953e+06
17.066 4.26953e+06
17.069 4.2695e+06
17.071 4.26946e+06
17.079 4.26934e+06
17.085 4.26929e+06
17.087 4.26929e+06
17.093 4.26922e+06
17.096 4.26913e+06
17.098 4.26902e+06
17.1 4.26877e+06
17.101 4.26871e+06
17.104 4.26864e+06
17.106 4.26861e+06
17.109 4.2686e+06
17.111 4.26848e+06
17.116 4.26822e+06
17.119 4.26819e+06
17.124 4.26811e+06
17.126 4.26807e+06
17.127 4.26805e+06
17.13 4.26803e+06
17.132 4.26803e+06
17.133 4.26802e+06
17.136 4.26799e+06
17.138 4.26796e+06
17.141 4.26795e+06
17.143 4.26786e+06
17.148 4.26782e+06
17.15 4.26778e+06
17.151 4.26772e+06
17.153 4.26771e+06
17.189 4.26747e+06
17.191 4.26746e+06
17.193 4.26744e+06
17.195 4.2674e+06
17.197 4.2673e+06
17.198 4.26729e+06
17.201 4.26716e+06
17.203 4.26715e+06
17.204 4.26692e+06
17.207 4.26657e+06
17.208 4.26653e+06
17.21 4.26652e+06
17.212 4.26641e+06
17.214 4.2661e+06
17.216 4.26598e+06
17.219 4.26598e+06
17.221 4.26531e+06
17.222 4.26529e+06
17.226 4.26528e+06
17.228 4.26526e+06
17.232 4.26526e+06
17.234 4.26525e+06
17.235 4.26525e+06
17.239 4.26445e+06
17.261 4.2644e+06
17.269 4.26418e+06
17.272 4.26415e+06
17.274 4.26415e+06
17.276 4.26396e+06
17.28 4.26384e+06
17.282 4.26384e+06
17.295 4.26382e+06
17.298 4.26368e+06
17.299 4.26367e+06
17.301 4.26365e+06
17.306 4.26345e+06
17.313 4.26335e+06
17.319 4.26316e+06
17.321 4.26311e+06
17.323 4.26302e+06
17.332 4.26295e+06
17.335 4.26295e+06
17.339 4.26292e+06
17.344 4.26287e+06
17.346 4.26286e+06
17.352 4.26279e+06
17.353 4.26279e+06
17.355 4.26277e+06
17.359 4.26273e+06
17.361 4.26272e+06
17.363 4.26256e+06
17.366 4.26228e+06
17.38 4.26225e+06
17.383 4.26194e+06
17.386 4.26191e+06
17.391 4.26178e+06
17.393 4.26177e+06
17.401 4.26118e+06
17.403 4.26111e+06
17.405 4.26098e+06
17.406 4.26095e+06
17.41 4.26084e+06
17.412 4.26057e+06
17.416 4.26054e+06
17.419 4.26051e+06
17.424 4.2604e+06
17.428 4.26037e+06
17.43 4.26015e+06
17.431 4.26007e+06
17.435 4.2599e+06
17.439 4.25981e+06
17.445 4.25959e+06
17.446 4.25959e+06
17.452 4.25958e+06
17.456 4.25956e+06
17.457 4.25955e+06
17.461 4.25948e+06
17.464 4.25944e+06
17.466 4.25941e+06
17.468 4.2594e+06
17.471 4.25932e+06
17.472 4.2593e+06
17.506 4.25874e+06
17.512 4.25868e+06
17.514 4.25866e+06
17.52 4.25865e+06
17.634 4.25857e+06
17.639 4.25848e+06
17.641 4.2584e+06
17.643 4.25837e+06
17.645 4.25837e+06
17.647 4.25833e+06
17.65 4.25825e+06
17.653 4.25822e+06
17.658 4.2582e+06
17.663 4.25809e+06
17.665 4.25808e+06
17.668 4.25799e+06
17.671 4.25788e+06
17.681 4.25776e+06
17.683 4.25773e+06
17.687 4.2576e+06
17.693 4.25746e+06
17.695 4.2574e+06
17.703 4.25739e+06
17.705 4.25735e+06
17.706 4.25735e+06
17.708 4.25731e+06
17.711 4.25729e+06
17.715 4.25725e+06
17.717 4.2572e+06
17.72 4.2571e+06
17.722 4.25709e+06
17.723 4.25667e+06
17.725 4.25665e+06
17.728 4.2566e+06
17.731 4.25656e+06
17.734 4.2565e+06
17.736 4.25641e+06
17.738 4.25636e+06
17.742 4.25636e+06
17.743 4.25634e+06
17.745 4.25631e+06
17.748 4.25626e+06
17.75 4.25626e+06
17.752 4.25625e+06
17.77 4.25611e+06
17.773 4.25611e+06
17.776 4.25609e+06
17.777 4.25609e+06
17.779 4.25608e+06
17.786 4.25603e+06
17.79 4.25603e+06
17.799 4.25596e+06
17.801 4.25566e+06
17.807 4.25548e+06
17.82 4.2554e+06
17.821 4.2554e+06
17.824 4.25531e+06
17.826 4.25516e+06
17.828 4.25506e+06
17.831 4.25497e+06
17.832 4.25496e+06
17.834 4.25496e+06
17.837 4.25483e+06
17.842 4.25479e+06
17.843 4.25472e+06
17.859 4.25471e+06
17.862 4.2547e+06
17.866 4.25467e+06
17.868 4.2546e+06
17.87 4.2545e+06
17.872 4.25444e+06
17.874 4.25441e+06
17.875 4.2544e+06
17.881 4.25389e+06
17.883 4.25358e+06
17.885 4.25352e+06
17.887 4.25351e+06
17.891 4.25347e+06
17.893 4.2534e+06
17.901 4.25311e+06
17.903 4.2531e+06
17.909 4.25288e+06
17.911 4.25288e+06
17.913 4.25279e+06
17.915 4.25277e+06
17.919 4.25275e+06
17.923 4.25273e+06
17.936 4.25242e+06
17.938 4.25232e+06
17.942 4.25227e+06
17.947 4.25226e+06
17.948 4.25225e+06
17.957 4.25222e+06
17.96 4.2522e+06
17.964 4.25199e+06
17.966 4.25199e+06
17.969 4.25176e+06
17.972 4.25172e+06
17.975 4.25168e+06
17.979 4.25149e+06
17.987 4.25137e+06
17.99 4.25129e+06
17.991 4.25128e+06
17.995 4.25117e+06
17.998 4.25106e+06
18.01 4.25085e+06
18.032 4.2508e+06
18.036 4.25068e+06
18.038 4.25066e+06
18.04 4.25029e+06
18.05 4.25028e+06
18.059 4.25022e+06
18.061 4.25018e+06
18.063 4.24985e+06
18.073 4.24976e+06
18.074 4.24966e+06
18.078 4.24938e+06
18.08 4.2493e+06
18.082 4.24929e+06
18.084 4.24928e+06
18.089 4.24923e+06
18.098 4.2492e+06
18.102 4.24903e+06
18.104 4.24896e+06
18.106 4.24895e+06
18.108 4.24887e+06
18.116 4.24879e+06
18.128 4.24868e+06
18.169 4.24844e+06
18.193 4.24841e+06
18.196 4.24841e+06
18.199 4.24828e+06
18.204 4.24819e+06
18.207 4.24816e+06
18.209 4.24796e+06
18.221 4.24784e+06
18.225 4.24778e+06
18.227 4.24772e+06
18.232 4.24771e+06
18.237 4.2474e+06
18.239 4.2474e+06
18.241 4.24731e+06
18.243 4.24729e+06
18.245 4.24728e+06
18.279 4.24726e+06
18.281 4.2472e+06
18.284 4.24715e+06
18.285 4.24709e+06
18.311 4.24706e+06
18.326 4.24682e+06
18.328 4.24681e+06
18.33 4.24681e+06
18.334 4.24677e+06
18.34 4.24655e+06
18.341 4.2465e+06
18.343 4.24634e+06
18.351 4.24632e+06
18.355 4.24615e+06
18.357 4.24615e+06
18.437 4.24614e+06
18.439 4.2461e+06
18.445 4.24609e+06
18.446 4.24605e+06
18.493 4.24581e+06
18.495 4.24571e+06
18.504 4.24569e+06
18.515 4.24559e+06
18.553 4.24558e+06
18.554 4.24556e+06
18.558 4.24547e+06
18.56 4.24545e+06
18.562 4.24541e+06
18.567 4.24539e+06
18.568 4.24539e+06
18.571 4.24538e+06
18.589 4.24516e+06
18.592 4.2451e+06
18.644 4.2451e+06
18.646 4.24509e+06
18.647 4.24506e+06
18.649 4.24505e+06
18.651 4.24504e+06
18.659 4.24499e+06
18.662 4.24476e+06
19.527 4.24458e+06
19.532 4.24454e+06
19.536 4.24453e+06
19.543 4.24451e+06
19.545 4.24442e+06
19.546 4.24441e+06
19.561 4.24441e+06
19.566 4.24436e+06
19.688 4.2443e+06
19.691 4.24425e+06
19.695 4.24422e+06
19.7 4.24421e+06
19.702 4.24421e+06
19.709 4.2442e+06
19.719 4.24419e+06
19.736 4.24406e+06
19.739 4.24401e+06
19.742 4.244e+06
19.744 4.24398e+06
19.746 4.24392e+06
19.749 4.24391e+06
19.76 4.24391e+06
21.623 4.24359e+06
21.628 4.24357e+06
21.638 4.24327e+06
21.687 4.24325e+06
21.695 4.24307e+06
21.697 4.24307e+06
21.699 4.24306e+06
21.713 4.24304e+06
21.715 4.24303e+06
21.737 4.24299e+06
21.757 4.24298e+06
21.76 4.24286e+06
21.763 4.24274e+06
21.767 4.24272e+06
21.769 4.24259e+06
21.771 4.24256e+06
21.773 4.2425e+06
21.777 4.24249e+06
21.784 4.24248e+06
21.787 4.24247e+06
21.791 4.24245e+06
47.092 4.24222e+06
47.1 4.24203e+06
47.113 4.24199e+06
47.12 4.24186e+06
47.121 4.24183e+06
47.125 4.24182e+06
47.138 4.24173e+06
47.141 4.24173e+06
47.144 4.24172e+06
47.146 4.24166e+06
47.235 4.24156e+06
47.241 4.24153e+06
47.251 4.24142e+06
47.252 4.24142e+06
47.304 4.24136e+06
47.309 4.24134e+06
47.318 4.24132e+06
47.32 4.2413e+06
47.323 4.24128e+06
47.327 4.24127e+06
47.329 4.2412e+06
47.334 4.24114e+06
47.336 4.24109e+06
47.439 4.24108e+06
48.101 4.24104e+06
48.116 4.24102e+06
48.134 4.24101e+06
48.14 4.24086e+06
48.154 4.24075e+06
48.164 4.24073e+06
48.167 4.2406e+06
48.173 4.24057e+06
48.175 4.24055e+06
48.177 4.24053e+06
48.178 4.24046e+06
48.181 4.24044e+06
48.183 4.24043e+06
48.185 4.24036e+06
48.188 4.24029e+06
50.347 4.24029e+06
50.349 4.24029e+06
50.351 4.24027e+06
50.353 4.2402e+06
50.367 4.24019e+06
50.377 4.24018e+06
50.379 4.24008e+06
50.382 4.24007e+06
50.384 4.23993e+06
50.392 4.23993e+06
50.394 4.23993e+06
50.398 4.23989e+06
50.409 4.23976e+06
50.411 4.23965e+06
50.414 4.23963e+06
50.421 4.23958e+06
50.451 4.23939e+06
50.453 4.23938e+06
50.455 4.23934e+06
50.462 4.23928e+06
50.464 4.23925e+06
50.466 4.23925e+06
50.468 4.23924e+06
50.471 4.23914e+06
50.87 4.23886e+06
50.897 4.23881e+06
50.899 4.2388e+06
50.915 4.23879e+06
50.917 4.23874e+06
50.921 4.23862e+06
50.923 4.2386e+06
50.927 4.23853e+06
50.933 4.23844e+06
50.96 4.23837e+06
50.962 4.23834e+06
50.964 4.23832e+06
50.978 4.23807e+06
50.98 4.23806e+06
50.994 4.23802e+06
50.996 4.23801e+06
51 4.23795e+06
51.002 4.23794e+06
51.007 4.23787e+06
51.009 4.23786e+06
51.021 4.23785e+06
51.136 4.23784e+06
51.139 4.2376e+06
51.165 4.23752e+06
51.169 4.23751e+06
51.172 4.23743e+06
51.218 4.2373e+06
51.221 4.23726e+06
51.223 4.23724e+06
51.227 4.23718e+06
51.229 4.23711e+06
51.231 4.23709e+06
51.234 4.23705e+06
51.237 4.23704e+06
51.333 4.23695e+06
51.335 4.23668e+06
51.347 4.23662e+06
51.349 4.23654e+06
51.352 4.2365e+06
51.356 4.23648e+06
51.368 4.23633e+06
51.375 4.23617e+06
51.376 4.23615e+06
51.487 4.23614e+06
51.49 4.23614e+06
51.508 4.23612e+06
51.511 4.23599e+06
51.513 4.23591e+06
51.518 4.23573e+06
51.565 4.23559e+06
51.57 4.23555e+06
51.575 4.23555e+06
51.576 4.23554e+06
51.618 4.2355e+06
51.62 4.23542e+06
51.625 4.2354e+06
51.632 4.23539e+06
51.646 4.2351e+06
51.648 4.23508e+06
51.65 4.23502e+06
51.653 4.23501e+06
51.655 4.235e+06
51.668 4.23497e+06
51.818 4.23485e+06
51.82 4.23471e+06
51.824 4.23458e+06
51.838 4.23456e+06
51.852 4.23455e+06
51.86 4.23447e+06
51.862 4.23444e+06
52.038 4.23423e+06
52.049 4.23397e+06
52.071 4.23397e+06
52.112 4.23395e+06
52.114 4.23392e+06
52.124 4.2339e+06
52.127 4.23386e+06
52.129 4.23364e+06
52.132 4.23354e+06
52.144 4.23354e+06
52.147 4.23343e+06
52.153 4.23338e+06
52.155 4.23337e+06
52.159 4.23331e+06
52.167 4.23327e+06
52.187 4.23324e+06
52.22 4.23323e+06
52.224 4.23322e+06
52.231 4.23321e+06
52.646 4.23319e+06
52.648 4.23309e+06
52.65 4.23308e+06
52.652 4.23303e+06
52.692 4.233e+06
52.697 4.23291e+06
52.699 4.23287e+06
52.701 4.23285e+06
52.704 4.23282e+06
52.721 4.23271e+06
52.971 4.23266e+06
52.973 4.23256e+06
52.982 4.23256e+06
52.985 4.23253e+06
52.991 4.23252e+06
53.32 4.2324e+06
53.326 4.23229e+06
53.337 4.2322e+06
53.356 4.23215e+06
53.434 4.23212e+06
53.442 4.23211e+06
53.447 4.23202e+06
53.449 4.23196e+06
53.451 4.23196e+06
53.453 4.23189e+06
53.462 4.23171e+06
53.467 4.23164e+06
53.469 4.23152e+06
53.47 4.23146e+06
53.474 4.23138e+06
53.476 4.23138e+06
53.478 4.23129e+06
53.483 4.23128e+06
53.488 4.23124e+06
53.491 4.2311e+06
53.815 4.23109e+06
53.82 4.23098e+06
53.827 4.23098e+06
53.834 4.23091e+06
53.836 4.2308e+06
53.86 4.23073e+06
53.862 4.23062e+06
53.869 4.23058e+06
53.872 4.23054e+06
53.874 4.23051e+06
53.878 4.2304e+06
53.889 4.23033e+06
53.892 4.23026e+06
53.894 4.23023e+06
53.91 4.23022e+06
53.912 4.2302e+06
53.914 4.23017e+06
53.944 4.23016e+06
53.948 4.23016e+06
53.95 4.22996e+06
53.955 4.22994e+06
54.003 4.22991e+06
54.008 4.22977e+06
54.012 4.22973e+06
54.075 4.22969e+06
54.079 4.22969e+06
54.089 4.22961e+06
54.092 4.2296e+06
54.098 4.22952e+06
54.105 4.22951e+06
54.116 4.2295e+06
54.119 4.2295e+06
54.128 4.22944e+06
54.13 4.22939e+06
54.136 4.22936e+06
54.138 4.22923e+06
54.155 4.22919e+06
54.158 4.22915e+06
54.16 4.22906e+06
54.185 4.2289e+06
54.187 4.22888e+06
54.211 4.22875e+06
54.223 4.22864e+06
54.231 4.22863e+06
54.233 4.2286e+06
54.238 4.22857e+06
54.241 4.22844e+06
54.258 4.22843e+06
54.263 4.22841e+06
54.266 4.2283e+06
54.269 4.22825e+06
54.285 4.22821e+06
54.389 4.22821e+06
54.396 4.22818e+06
54.4 4.22814e+06
54.401 4.22812e+06
54.403 4.228e+06
54.41 4.22783e+06
54.416 4.22781e+06
54.42 4.22769e+06
54.421 4.22758e+06
54.425 4.22756e+06
54.435 4.22752e+06
54.441 4.2275e+06
54.443 4.2275e+06
54.445 4.22729e+06
54.447 4.22728e+06
54.45 4.22725e+06
54.839 4.2272e+06
54.901 4.22703e+06
54.903 4.227e+06
54.905 4.22699e+06
54.906 4.22688e+06
54.911 4.22685e+06
54.915 4.22683e+06
54.917 4.2268e+06
54.953 4.2267e+06
54.956 4.22669e+06
54.96 4.22664e+06
54.964 4.22664e+06
54.975 4.22649e+06
54.994 4.22649e+06
54.997 4.22648e+06
55.002 4.22638e+06
55.003 4.22634e+06
55.028 4.22622e+06
55.041 4.22614e+06
55.047 4.2261e+06
55.086 4.22605e+06
55.088 4.22604e+06
55.098 4.22581e+06
55.1 4.2257e+06
55.182 4.22568e+06
55.188 4.22567e+06
55.204 4.22562e+06
55.208 4.22534e+06
55.21 4.22529e+06
55.212 4.22528e+06
55.233 4.22528e+06
55.237 4.22511e+06
56.445 4.22511e+06
56.479 4.22507e+06
56.482 4.22501e+06
56.487 4.22498e+06
56.506 4.22497e+06
56.508 4.22493e+06
56.521 4.22488e+06
56.523 4.22481e+06
56.532 4.22479e+06
56.55 4.22472e+06
56.556 4.22459e+06
56.629 4.22453e+06
56.631 4.22449e+06
56.662 4.22449e+06
56.667 4.22444e+06
56.671 4.22438e+06
56.676 4.22409e+06
56.682 4.22398e+06
56.688 4.22386e+06
56.692 4.22385e+06
57.073 4.22385e+06
57.076 4.22383e+06
57.078 4.22372e+06
57.097 4.2237e+06
57.099 4.22363e+06
57.101 4.22361e+06
57.106 4.22357e+06
57.108 4.22345e+06
57.111 4.22343e+06
57.118 4.22332e+06
57.845 4.22331e+06
57.854 4.22328e+06
58.143 4.22317e+06
58.144 4.22311e+06
58.153 4.22301e+06
58.183 4.223e+06
58.185 4.22293e+06
58.187 4.22287e+06
58.2 4.22252e+06
58.203 4.22246e+06
58.243 4.22226e+06
58.245 4.22226e+06
58.247 4.22224e+06
58.25 4.22221e+06
58.261 4.22209e+06
58.282 4.22202e+06
58.284 4.22192e+06
58.344 4.22189e+06
58.347 4.22188e+06
58.356 4.22179e+06
58.358 4.22178e+06
58.36 4.22175e+06
58.367 4.22174e+06
58.387 4.22172e+06
58.392 4.22169e+06
58.4 4.22163e+06
58.402 4.2216e+06
58.404 4.22159e+06
58.407 4.22155e+06
58.59 4.22132e+06
58.596 4.22128e+06
58.685 4.22126e+06
58.693 4.22121e+06
58.741 4.2212e+06
58.756 4.22119e+06
58.76 4.22114e+06
58.772 4.22112e+06
58.774 4.221e+06
58.776 4.22099e+06
58.778 4.22097e+06
58.782 4.22087e+06
58.786 4.22085e+06
58.795 4.22083e+06
58.797 4.22082e+06
58.799 4.22081e+06
58.8 4.22078e+06
58.868 4.22078e+06
58.871 4.22076e+06
58.877 4.22074e+06
58.883 4.22072e+06
58.886 4.22065e+06
58.916 4.22063e+06
58.926 4.22061e+06
58.928 4.22058e+06
58.93 4.22057e+06
58.932 4.22044e+06
58.951 4.22038e+06
58.953 4.22037e+06
58.963 4.22024e+06
58.966 4.22013e+06
59.003 4.2201e+06
59.013 4.2201e+06
59.015 4.22003e+06
59.14 4.21992e+06
59.143 4.21992e+06
59.145 4.21988e+06
59.148 4.21979e+06
59.166 4.21962e+06
59.169 4.21943e+06
59.173 4.21942e+06
59.175 4.21917e+06
59.181 4.21916e+06
59.184 4.2191e+06
59.186 4.21908e+06
59.307 4.219e+06
59.319 4.21898e+06
59.331 4.21895e+06
59.336 4.21888e+06
59.338 4.21884e+06
59.34 4.21868e+06
59.341 4.21868e+06
59.666 4.21867e+06
59.668 4.21863e+06
59.67 4.2186e+06
59.677 4.21852e+06
59.678 4.2185e+06
59.68 4.2185e+06
59.689 4.21847e+06
59.691 4.21844e+06
59.693 4.21842e+06
59.697 4.2184e+06
59.698 4.21834e+06
59.712 4.21826e+06
59.727 4.2182e+06
59.734 4.21819e+06
59.738 4.21819e+06
59.753 4.21816e+06
59.756 4.218e+06
59.767 4.21796e+06
59.791 4.21783e+06
59.793 4.21779e+06
59.925 4.21772e+06
59.961 4.21764e+06
59.967 4.21752e+06
59.982 4.21743e+06
59.984 4.2174e+06
60.063 4.21711e+06
60.068 4.21707e+06
60.105 4.21695e+06
60.107 4.21692e+06
60.109 4.21685e+06
60.113 4.21683e+06
60.116 4.21679e+06
60.171 4.21669e+06
60.174 4.21666e+06
60.177 4.21662e+06
60.179 4.21661e+06
60.181 4.21655e+06
60.183 4.21651e+06
60.189 4.2165e+06
60.191 4.21642e+06
60.212 4.21627e+06
60.466 4.21626e+06
60.468 4.21608e+06
60.474 4.21608e+06
60.478 4.21604e+06
60.553 4.216e+06
60.728 4.21598e+06
60.775 4.21583e+06
60.778 4.21582e+06
60.781 4.2158e+06
60.782 4.21577e+06
61.799 4.21565e+06
61.804 4.21564e+06
61.806 4.21562e+06
61.811 4.21538e+06
61.86 4.21522e+06
61.886 4.21506e+06
61.896 4.21505e+06
61.928 4.21502e+06
61.936 4.21499e+06
61.945 4.21493e+06
61.991 4.21486e+06
62 4.2147e+06
62.03 4.21469e+06
62.034 4.21453e+06
62.044 4.21452e+06
62.047 4.2145e+06
62.049 4.21446e+06
62.054 4.21445e+06
62.058 4.21442e+06
62.06 4.21439e+06
62.062 4.21439e+06
62.084 4.21436e+06
62.098 4.21435e+06
62.107 4.21434e+06
62.119 4.21431e+06
62.12 4.21429e+06
62.133 4.21405e+06
62.135 4.21393e+06
62.138 4.21383e+06
62.14 4.21375e+06
62.142 4.21373e+06
62.176 4.21368e+06
62.18 4.2136e+06
62.188 4.2136e+06
62.192 4.21355e+06
62.196 4.2135e+06
62.206 4.21338e+06
62.212 4.21333e+06
62.214 4.21332e+06
62.224 4.21322e+06
62.229 4.21321e+06
62.234 4.21317e+06
62.236 4.21316e+06
62.274 4.21308e+06
62.28 4.21303e+06
62.446 4.21303e+06
62.523 4.21303e+06
62.529 4.21298e+06
62.537 4.21294e+06
62.539 4.21293e+06
62.591 4.21289e+06
62.732 4.21268e+06
62.734 4.21266e+06
62.741 4.21263e+06
62.747 4.2126e+06
62.748 4.21258e+06
62.751 4.21257e+06
62.753 4.21249e+06
62.755 4.21236e+06
62.767 4.21236e+06
62.77 4.21227e+06
62.778 4.21222e+06
62.785 4.2122e+06
62.788 4.212e+06
62.791 4.21182e+06
62.798 4.21178e+06
62.837 4.21177e+06
62.838 4.21166e+06
62.85 4.21166e+06
62.852 4.21135e+06
62.854 4.21133e+06
62.857 4.2113e+06
62.919 4.21129e+06
62.995 4.21122e+06
62.997 4.2112e+06
62.999 4.21087e+06
63.01 4.21085e+06
63.018 4.21078e+06
63.02 4.21077e+06
63.025 4.21076e+06
63.027 4.21067e+06
63.029 4.21063e+06
63.032 4.21063e+06
63.037 4.21062e+06
63.053 4.21057e+06
63.055 4.21055e+06
63.057 4.21055e+06
63.059 4.21053e+06
63.066 4.21049e+06
63.068 4.21046e+06
63.22 4.21041e+06
63.228 4.21038e+06
63.23 4.21031e+06
63.233 4.2103e+06
63.238 4.21025e+06
63.25 4.21024e+06
63.252 4.2102e+06
63.254 4.2102e+06
63.278 4.21015e+06
63.415 4.21015e+06
63.422 4.21012e+06
63.424 4.21004e+06
63.433 4.20995e+06
63.448 4.20994e+06
63.455 4.2098e+06
63.468 4.20967e+06
63.474 4.20966e+06
63.479 4.20952e+06
63.486 4.20948e+06
63.493 4.20947e+06
63.497 4.20896e+06
63.501 4.2088e+06
63.503 4.20879e+06
63.505 4.20869e+06
63.51 4.20867e+06
63.512 4.20864e+06
64.956 4.20864e+06
65.046 4.20848e+06
65.05 4.20839e+06
65.057 4.20835e+06
65.066 4.20833e+06
65.072 4.20827e+06
65.115 4.20824e+06
65.132 4.20822e+06
65.137 4.2082e+06
65.143 4.20804e+06
65.146 4.20787e+06
65.158 4.20771e+06
65.161 4.2077e+06
65.164 4.20753e+06
65.171 4.20751e+06
65.187 4.20748e+06
65.19 4.20735e+06
65.196 4.20711e+06
65.198 4.20701e+06
65.202 4.207e+06
65.211 4.20684e+06
65.215 4.20682e+06
65.217 4.20681e+06
65.308 4.20671e+06
65.312 4.20661e+06
65.316 4.20658e+06
65.326 4.20657e+06
65.35 4.20656e+06
65.355 4.20647e+06
65.359 4.20644e+06
65.361 4.2063e+06
65.375 4.20626e+06
65.397 4.20622e+06
65.408 4.2061e+06
65.412 4.20603e+06
65.42 4.20603e+06
65.444 4.206e+06
65.447 4.20599e+06
65.449 4.20599e+06
65.753 4.20598e+06
65.759 4.20583e+06
65.886 4.20575e+06
65.89 4.20575e+06
65.911 4.20566e+06
65.927 4.20562e+06
65.931 4.20558e+06
65.938 4.20557e+06
65.94 4.20544e+06
65.941 4.20542e+06
65.961 4.20533e+06
66.103 4.20499e+06
66.114 4.2049e+06
66.118 4.20489e+06
66.24 4.20481e+06
66.244 4.20481e+06
66.277 4.20477e+06
66.279 4.20472e+06
66.307 4.20467e+06
66.309 4.20466e+06
66.312 4.20444e+06
66.316 4.20436e+06
66.324 4.2043e+06
66.326 4.20429e+06
66.332 4.20426e+06
66.34 4.20424e+06
66.344 4.20407e+06
66.346 4.20406e+06
66.351 4.20402e+06
66.357 4.20401e+06
66.382 4.20399e+06
66.398 4.20395e+06
66.41 4.20387e+06
66.548 4.20387e+06
66.556 4.20386e+06
66.562 4.20384e+06
66.566 4.20381e+06
66.576 4.2038e+06
66.58 4.20374e+06
66.596 4.20372e+06
66.601 4.2037e+06
66.676 4.20364e+06
66.702 4.20361e+06
66.703 4.2036e+06
66.8 4.20359e+06
66.805 4.20359e+06
66.807 4.20356e+06
66.827 4.20344e+06
66.844 4.20342e+06
66.853 4.2034e+06
66.879 4.20332e+06
66.885 4.20327e+06
66.888 4.2032e+06
66.893 4.20311e+06
66.902 4.20305e+06
66.908 4.20293e+06
66.918 4.2028e+06
66.92 4.20275e+06
66.926 4.20272e+06
66.928 4.2027e+06
66.934 4.20266e+06
66.941 4.20264e+06
66.946 4.20244e+06
66.955 4.20226e+06
66.958 4.20224e+06
67.046 4.20218e+06
67.054 4.20213e+06
67.059 4.20209e+06
67.328 4.20209e+06
67.33 4.20206e+06
67.332 4.20205e+06
67.336 4.20205e+06
67.347 4.20204e+06
67.837 4.20197e+06
67.848 4.20192e+06
67.85 4.20189e+06
67.866 4.20184e+06
67.909 4.2018e+06
67.911 4.20176e+06
67.915 4.20173e+06
67.917 4.20173e+06
68.523 4.20168e+06
68.526 4.20166e+06
68.528 4.20166e+06
68.53 4.20165e+06
68.533 4.20162e+06
68.545 4.20157e+06
68.552 4.20153e+06
68.554 4.20152e+06
68.558 4.20147e+06
68.569 4.20145e+06
68.576 4.20136e+06
68.578 4.20136e+06
68.582 4.20107e+06
68.586 4.20104e+06
68.595 4.20103e+06
68.604 4.20098e+06
68.714 4.20075e+06
68.737 4.20068e+06
68.739 4.20063e+06
68.751 4.20058e+06
68.753 4.20058e+06
68.774 4.20056e+06
68.777 4.20055e+06
68.785 4.20049e+06
68.787 4.20048e+06
68.791 4.20044e+06
68.792 4.20039e+06
68.795 4.20039e+06
68.806 4.20036e+06
68.975 4.20035e+06
68.978 4.20012e+06
68.985 4.20004e+06
68.987 4.20002e+06
69.028 4.20001e+06
69.034 4.19999e+06
69.045 4.19998e+06
69.051 4.19998e+06
69.054 4.19997e+06
69.064 4.19992e+06
69.068 4.19987e+06
69.073 4.19981e+06
69.076 4.1998e+06
69.164 4.19972e+06
69.168 4.19972e+06
69.888 4.19971e+06
69.927 4.19963e+06
69.942 4.19959e+06
69.944 4.19951e+06
69.949 4.19946e+06
69.952 4.19943e+06
69.978 4.19943e+06
69.981 4.19938e+06
69.991 4.19936e+06
69.992 4.19934e+06
69.996 4.19932e+06
70.006 4.19932e+06
70.008 4.1993e+06
70.012 4.19926e+06
70.034 4.1992e+06
70.04 4.19908e+06
70.051 4.19901e+06
70.063 4.19899e+06
70.068 4.19898e+06
70.07 4.19897e+06
70.072 4.19894e+06
70.351 4.19886e+06
70.363 4.19885e+06
70.366 4.19874e+06
70.369 4.19872e+06
70.377 4.19868e+06
70.387 4.19866e+06
70.391 4.19854e+06
70.397 4.19852e+06
70.42 4.1985e+06
70.425 4.19835e+06
70.428 4.19834e+06
70.519 4.19816e+06
70.557 4.19815e+06
70.567 4.19811e+06
70.574 4.19806e+06
70.586 4.19804e+06
70.616 4.19803e+06
70.622 4.198e+06
70.624 4.19794e+06
70.626 4.19782e+06
70.628 4.19778e+06
71.695 4.19778e+06
71.699 4.19773e+06
71.717 4.19771e+06
71.723 4.19767e+06
71.732 4.19765e+06
71.749 4.19734e+06
71.754 4.19731e+06
71.77 4.19718e+06
71.773 4.19716e+06
71.779 4.19704e+06
71.973 4.19698e+06
72.293 4.19694e+06
72.313 4.19684e+06
72.323 4.19682e+06
72.327 4.19668e+06
73.003 4.19661e+06
73.014 4.19659e+06
73.062 4.19651e+06
73.064 4.19649e+06
73.066 4.19638e+06
73.082 4.19626e+06
73.099 4.19624e+06
73.105 4.1962e+06
73.107 4.1962e+06
73.111 4.19618e+06
73.123 4.19618e+06
73.129 4.19618e+06
73.173 4.19569e+06
73.19 4.19562e+06
73.195 4.19559e+06
73.197 4.19558e+06
73.204 4.19558e+06
73.212 4.19553e+06
73.216 4.19553e+06
73.272 4.19553e+06
73.281 4.19546e+06
73.283 4.19545e+06
73.287 4.19544e+06
73.291 4.19544e+06
73.322 4.19543e+06
73.332 4.19541e+06
73.338 4.19536e+06
73.34 4.19523e+06
73.342 4.19517e+06
73.348 4.19517e+06
73.447 4.195e+06
73.452 4.19495e+06
73.454 4.19494e+06
73.461 4.1949e+06
73.466 4.19485e+06
73.47 4.19484e+06
73.482 4.19483e+06
73.496 4.19474e+06
73.51 4.19459e+06
73.518 4.19453e+06
73.533 4.19448e+06
73.543 4.19439e+06
73.565 4.19438e+06
73.572 4.19435e+06
73.659 4.19431e+06
74.052 4.19426e+06
74.177 4.19414e+06
74.183 4.19414e+06
74.185 4.1941e+06
74.188 4.19404e+06
74.363 4.19402e+06
74.365 4.19393e+06
74.377 4.19389e+06
74.379 4.19388e+06
74.381 4.19387e+06
74.415 4.19382e+06
74.422 4.19381e+06
74.428 4.19376e+06
74.433 4.19374e+06
74.439 4.19364e+06
74.443 4.19363e+06
74.445 4.19362e+06
74.447 4.1936e+06
74.449 4.19358e+06
74.475 4.19354e+06
74.488 4.19352e+06
74.49 4.19351e+06
74.492 4.19349e+06
74.521 4.19349e+06
74.522 4.19347e+06
74.547 4.19346e+06
74.566 4.19341e+06
74.57 4.19337e+06
74.577 4.19336e+06
74.579 4.19335e+06
75.199 4.19331e+06
75.201 4.19329e+06
75.203 4.19326e+06
75.206 4.19322e+06
75.209 4.1932e+06
75.227 4.19318e+06
75.23 4.19315e+06
75.235 4.19309e+06
75.237 4.19288e+06
75.261 4.19286e+06
75.264 4.19281e+06
75.303 4.1927e+06
75.331 4.19269e+06
75.334 4.19268e+06
75.364 4.19265e+06
75.408 4.19264e+06
75.41 4.19253e+06
75.412 4.19252e+06
75.425 4.19251e+06
75.457 4.19248e+06
76.128 4.19246e+06
76.131 4.19239e+06
76.135 4.19238e+06
76.176 4.19238e+06
76.181 4.19215e+06
76.191 4.19212e+06
76.194 4.19208e+06
76.199 4.19207e+06
76.202 4.19205e+06
76.207 4.19204e+06
76.209 4.19194e+06
76.318 4.19193e+06
76.323 4.19193e+06
76.368 4.1919e+06
76.409 4.19185e+06
76.58 4.19177e+06
76.737 4.19176e+06
76.739 4.19176e+06
76.755 4.19176e+06
76.765 4.19175e+06
76.772 4.19174e+06
76.777 4.19171e+06
76.779 4.19168e+06
77.585 4.19164e+06
77.699 4.19163e+06
77.702 4.19161e+06
77.706 4.19156e+06
77.711 4.19154e+06
77.716 4.19149e+06
77.73 4.19149e+06
77.744 4.19145e+06
77.753 4.19144e+06
77.779 4.19141e+06
77.806 4.1914e+06
77.81 4.19134e+06
77.812 4.1913e+06
77.814 4.1913e+06
77.816 4.19126e+06
77.826 4.19124e+06
77.831 4.19122e+06
77.837 4.19121e+06
77.839 4.1912e+06
77.841 4.19118e+06
77.844 4.19113e+06
77.853 4.19105e+06
77.887 4.19104e+06
77.9 4.19104e+06
77.904 4.19102e+06
77.917 4.19099e+06
77.919 4.19097e+06
77.93 4.19096e+06
78.027 4.19094e+06
78.042 4.19093e+06
78.082 4.19089e+06
78.083 4.19087e+06
78.088 4.19085e+06
78.09 4.19081e+06
78.103 4.19078e+06
78.105 4.19076e+06
78.143 4.19074e+06
78.148 4.19063e+06
78.151 4.19057e+06
78.218 4.19053e+06
78.223 4.19051e+06
78.231 4.1905e+06
78.233 4.19047e+06
78.242 4.19044e+06
78.247 4.19041e+06
78.36 4.19039e+06
78.375 4.19038e+06
78.39 4.19034e+06
78.393 4.19033e+06
78.397 4.19031e+06
78.399 4.1903e+06
78.424 4.19029e+06
78.441 4.19028e+06
78.452 4.19015e+06
78.478 4.19012e+06
78.48 4.19008e+06
78.484 4.19006e+06
78.486 4.19005e+06
78.498 4.19004e+06
78.51 4.19001e+06
78.521 4.19001e+06
78.531 4.19e+06
78.534 4.19e+06
78.537 4.18994e+06
78.56 4.1899e+06
78.568 4.1899e+06
78.583 4.18987e+06
78.586 4.18987e+06
78.589 4.18986e+06
78.598 4.18984e+06
78.599 4.18984e+06
78.601 4.1898e+06
78.603 4.18976e+06
78.635 4.18973e+06
78.637 4.18965e+06
78.641 4.18964e+06
78.668 4.1896e+06
78.671 4.18956e+06
78.673 4.18953e+06
78.677 4.18948e+06
78.679 4.18916e+06
78.682 4.18915e+06
79.285 4.18901e+06
79.34 4.18898e+06
79.345 4.18891e+06
79.351 4.18889e+06
79.374 4.18888e+06
79.378 4.18888e+06
79.414 4.18883e+06
79.44 4.18881e+06
79.442 4.18877e+06
79.445 4.18876e+06
79.453 4.1887e+06
79.46 4.18869e+06
79.477 4.18868e+06
79.479 4.1886e+06
79.482 4.18841e+06
79.737 4.18838e+06
79.744 4.18828e+06
79.798 4.18824e+06
79.815 4.1882e+06
79.977 4.18817e+06
79.979 4.18817e+06
79.985 4.18816e+06
80.001 4.18805e+06
80.003 4.188e+06
80.005 4.18793e+06
80.009 4.18791e+06
80.012 4.18788e+06
80.021 4.18781e+06
80.024 4.18776e+06
80.027 4.18775e+06
80.045 4.18771e+06
80.048 4.18769e+06
80.049 4.18768e+06
80.051 4.18765e+06
80.06 4.18763e+06
80.064 4.18763e+06
80.082 4.1876e+06
80.088 4.18758e+06
80.09 4.18758e+06
80.096 4.18758e+06
80.191 4.18755e+06
80.196 4.18748e+06
80.198 4.18742e+06
80.203 4.18738e+06
80.206 4.18735e+06
80.212 4.18733e+06
80.241 4.1873e+06
80.258 4.18728e+06
80.261 4.18722e+06
80.266 4.18717e+06
80.282 4.18715e+06
80.297 4.18709e+06
80.299 4.18702e+06
80.312 4.187e+06
80.324 4.18688e+06
80.333 4.18685e+06
80.336 4.1868e+06
80.36 4.18679e+06
80.365 4.18674e+06
80.367 4.18671e+06
80.369 4.18665e+06
80.376 4.18663e+06
80.555 4.18656e+06
80.558 4.18649e+06
80.562 4.18647e+06
80.572 4.18647e+06
80.574 4.18643e+06
80.579 4.18633e+06
80.583 4.18632e+06
80.585 4.18629e+06
80.587 4.18628e+06
80.589 4.18626e+06
80.682 4.18624e+06
80.687 4.18624e+06
80.699 4.18621e+06
80.701 4.1862e+06
81.009 4.18616e+06
81.203 4.18615e+06
81.214 4.18614e+06
81.22 4.18608e+06
81.223 4.18606e+06
81.239 4.18603e+06
81.251 4.18599e+06
81.253 4.18596e+06
81.31 4.18584e+06
81.312 4.18584e+06
81.317 4.18576e+06
81.325 4.18554e+06
81.328 4.18554e+06
81.332 4.18548e+06
81.338 4.18541e+06
81.346 4.18538e+06
81.35 4.18537e+06
81.353 4.18536e+06
81.36 4.1853e+06
81.402 4.18525e+06
81.419 4.18524e+06
81.424 4.18522e+06
81.448 4.1852e+06
81.453 4.18518e+06
81.463 4.18517e+06
81.495 4.18516e+06
81.507 4.18516e+06
81.518 4.18509e+06
81.52 4.18507e+06
81.522 4.18503e+06
81.887 4.18485e+06
81.892 4.18484e+06
81.895 4.18483e+06
81.898 4.18482e+06
81.902 4.18474e+06
81.924 4.18467e+06
81.926 4.18466e+06
82.505 4.18462e+06
82.532 4.18461e+06
82.534 4.1846e+06
82.624 4.18457e+06
82.631 4.18454e+06
82.633 4.18437e+06
82.636 4.18431e+06
82.638 4.18428e+06
82.641 4.18424e+06
82.643 4.18422e+06
82.653 4.18418e+06
82.655 4.18416e+06
82.663 4.18415e+06
82.667 4.18406e+06
82.669 4.18401e+06
82.686 4.1839e+06
82.697 4.18388e+06
82.698 4.18388e+06
82.704 4.18375e+06
82.706 4.18374e+06
82.726 4.18372e+06
82.728 4.18369e+06
82.75 4.18364e+06
82.754 4.18363e+06
82.769 4.18363e+06
82.777 4.18361e+06
82.784 4.18359e+06
82.808 4.18351e+06
82.827 4.18351e+06
82.838 4.18347e+06
82.841 4.18343e+06
82.853 4.18337e+06
82.856 4.18336e+06
82.858 4.18322e+06
82.876 4.18322e+06
82.905 4.18314e+06
82.915 4.18311e+06
82.916 4.1831e+06
82.928 4.18302e+06
82.967 4.18294e+06
82.972 4.18294e+06
82.978 4.18293e+06
83.008 4.18284e+06
83.141 4.18283e+06
83.157 4.18278e+06
83.159 4.18278e+06
83.161 4.18272e+06
83.171 4.18272e+06
83.175 4.18262e+06
83.185 4.18258e+06
83.188 4.18255e+06
83.206 4.18249e+06
83.236 4.18233e+06
83.506 4.1823e+06
83.509 4.18229e+06
83.516 4.18229e+06
83.53 4.18227e+06
83.532 4.18223e+06
83.535 4.18223e+06
83.538 4.1822e+06
83.539 4.1822e+06
83.545 4.18219e+06
83.548 4.18201e+06
83.928 4.18197e+06
83.931 4.18197e+06
83.935 4.18195e+06
83.938 4.18191e+06
83.947 4.18191e+06
83.954 4.18188e+06
83.964 4.18187e+06
83.968 4.18177e+06
83.986 4.18173e+06
83.988 4.1817e+06
83.996 4.18166e+06
84.016 4.18166e+06
84.018 4.18164e+06
84.022 4.18162e+06
84.023 4.18158e+06
84.298 4.18152e+06
84.302 4.1815e+06
84.455 4.18143e+06
84.508 4.18139e+06
84.543 4.18139e+06
84.547 4.18131e+06
84.555 4.18126e+06
84.557 4.18125e+06
84.563 4.18115e+06
84.568 4.18113e+06
84.57 4.18113e+06
84.573 4.18112e+06
84.628 4.18109e+06
84.63 4.18108e+06
84.643 4.18102e+06
84.661 4.18101e+06
84.668 4.181e+06
84.67 4.18095e+06
84.681 4.18088e+06
84.747 4.18087e+06
84.749 4.18083e+06
84.757 4.1807e+06
84.761 4.18066e+06
84.779 4.18066e+06
84.822 4.18065e+06
84.826 4.18064e+06
84.836 4.18058e+06
84.849 4.1805e+06
84.854 4.18049e+06
84.862 4.18026e+06
84.87 4.18019e+06
84.878 4.18016e+06
84.904 4.18015e+06
84.91 4.18014e+06
85.052 4.18014e+06
85.056 4.18012e+06
85.058 4.1801e+06
85.111 4.18006e+06
85.134 4.18005e+06
85.148 4.18001e+06
85.166 4.18e+06
85.186 4.17998e+06
85.199 4.17997e+06
85.204 4.17987e+06
85.208 4.17987e+06
85.21 4.17986e+06
85.213 4.1798e+06
85.233 4.17978e+06
85.24 4.17974e+06
85.247 4.17972e+06
85.255 4.17972e+06
85.266 4.1797e+06
85.283 4.17963e+06
85.285 4.17954e+06
85.311 4.17951e+06
85.315 4.1795e+06
85.33 4.17944e+06
85.348 4.17933e+06
85.413 4.17915e+06
85.418 4.1791e+06
85.431 4.17906e+06
85.452 4.17906e+06
85.457 4.17899e+06
85.46 4.17898e+06
85.469 4.17894e+06
85.494 4.17892e+06
85.5 4.17892e+06
85.502 4.17887e+06
85.754 4.17885e+06
85.777 4.17884e+06
85.78 4.17879e+06
85.782 4.17878e+06
85.811 4.17876e+06
85.812 4.17876e+06
85.828 4.17871e+06
86.226 4.17867e+06
86.37 4.17867e+06
86.376 4.17858e+06
86.385 4.17858e+06
86.404 4.17857e+06
86.406 4.17854e+06
86.408 4.17851e+06
86.417 4.17848e+06
86.422 4.17844e+06
86.489 4.17844e+06
86.51 4.17833e+06
86.513 4.17833e+06
86.515 4.17832e+06
86.517 4.17825e+06
86.627 4.17814e+06
86.771 4.17814e+06
86.791 4.17814e+06
86.85 4.17808e+06
86.872 4.17807e+06
86.9 4.17805e+06
86.902 4.17802e+06
87.004 4.17801e+06
87.016 4.178e+06
87.035 4.178e+06
87.054 4.17797e+06
87.056 4.17796e+06
87.144 4.17794e+06
87.15 4.17794e+06
87.291 4.17788e+06
87.293 4.17784e+06
87.295 4.17783e+06
87.303 4.17782e+06
87.306 4.17781e+06
87.308 4.17768e+06
87.312 4.17758e+06
87.319 4.17745e+06
87.331 4.17742e+06
87.333 4.17741e+06
87.334 4.17739e+06
87.345 4.17738e+06
87.368 4.17736e+06
87.37 4.17735e+06
87.38 4.17733e+06
87.464 4.17731e+06
87.467 4.17729e+06
87.469 4.17728e+06
87.475 4.17724e+06
87.484 4.17719e+06
87.486 4.17705e+06
87.503 4.17702e+06
87.552 4.17701e+06
87.56 4.17691e+06
87.563 4.17687e+06
87.608 4.17682e+06
87.61 4.17678e+06
87.628 4.17675e+06
87.632 4.17675e+06
87.639 4.17672e+06
87.653 4.17664e+06
87.654 4.17663e+06
87.656 4.17663e+06
87.658 4.17662e+06
87.691 4.17657e+06
87.725 4.17656e+06
87.732 4.17655e+06
87.739 4.17655e+06
87.745 4.17654e+06
87.752 4.17654e+06
87.755 4.17642e+06
87.769 4.17641e+06
87.773 4.17638e+06
87.943 4.17636e+06
87.95 4.17635e+06
88.625 4.17632e+06
88.631 4.1763e+06
88.636 4.1763e+06
88.638 4.17629e+06
88.758 4.17624e+06
88.763 4.17623e+06
88.768 4.17618e+06
88.783 4.17618e+06
88.786 4.1761e+06
88.805 4.17606e+06
88.815 4.17603e+06
88.819 4.17599e+06
88.822 4.17599e+06
88.823 4.17597e+06
88.825 4.17595e+06
88.831 4.17591e+06
88.844 4.1759e+06
88.847 4.17589e+06
88.867 4.17588e+06
88.872 4.17585e+06
88.907 4.17583e+06
88.909 4.17583e+06
88.932 4.1758e+06
88.935 4.17578e+06
89.111 4.17566e+06
89.125 4.17564e+06
89.149 4.17563e+06
89.185 4.17563e+06
89.294 4.17562e+06
89.299 4.17562e+06
89.3 4.17561e+06
89.323 4.17559e+06
89.335 4.17553e+06
89.452 4.17551e+06
89.461 4.17547e+06
89.593 4.17547e+06
89.647 4.17544e+06
89.651 4.17543e+06
89.655 4.17543e+06
89.66 4.17538e+06
89.665 4.17534e+06
89.672 4.17532e+06
89.675 4.17532e+06
89.711 4.17531e+06
89.852 4.17525e+06
89.857 4.17523e+06
89.863 4.17512e+06
89.867 4.1751e+06
89.871 4.17506e+06
89.904 4.17505e+06
89.906 4.17505e+06
89.912 4.17505e+06
89.92 4.17497e+06
89.922 4.17496e+06
89.956 4.17487e+06
89.96 4.17484e+06
89.979 4.17481e+06
89.981 4.17473e+06
89.985 4.17472e+06
89.989 4.17468e+06
89.997 4.17467e+06
90.017 4.1746e+06
90.023 4.1746e+06
90.048 4.17456e+06
90.051 4.17452e+06
90.058 4.17452e+06
90.07 4.17449e+06
90.08 4.17447e+06
90.092 4.17445e+06
90.095 4.17439e+06
90.102 4.17434e+06
90.107 4.1743e+06
90.118 4.17424e+06
90.231 4.17423e+06
90.239 4.17395e+06
90.249 4.17392e+06
90.274 4.1739e+06
90.287 4.17389e+06
90.293 4.17387e+06
90.302 4.17385e+06
90.304 4.17385e+06
90.309 4.17384e+06
90.312 4.17375e+06
90.336 4.17372e+06
90.348 4.17369e+06
90.366 4.1736e+06
90.592 4.17358e+06
90.598 4.17358e+06
90.8 4.17357e+06
90.802 4.17356e+06
90.804 4.17355e+06
91.052 4.17346e+06
91.065 4.17338e+06
91.076 4.17337e+06
91.086 4.17337e+06
91.092 4.17335e+06
91.094 4.17334e+06
91.112 4.17333e+06
91.117 4.1733e+06
91.129 4.17328e+06
91.131 4.17314e+06
91.139 4.17313e+06
91.141 4.173e+06
91.144 4.17299e+06
91.146 4.17297e+06
91.176 4.17294e+06
91.185 4.17294e+06
91.187 4.1729e+06
91.188 4.17282e+06
91.193 4.17279e+06
91.199 4.17277e+06
91.203 4.17276e+06
91.204 4.17266e+06
91.21 4.17264e+06
91.214 4.17262e+06
91.61 4.17258e+06
91.615 4.17258e+06
91.619 4.17253e+06
91.62 4.17249e+06
91.647 4.17246e+06
91.649 4.17243e+06
91.651 4.17242e+06
91.664 4.1724e+06
91.666 4.17232e+06
91.682 4.17229e+06
91.684 4.17223e+06
91.688 4.17222e+06
91.702 4.17222e+06
91.73 4.17217e+06
91.738 4.17214e+06
91.746 4.17212e+06
91.75 4.17208e+06
91.787 4.17208e+06
91.789 4.17199e+06
91.792 4.17198e+06
91.824 4.17194e+06
91.838 4.17192e+06
91.844 4.17192e+06
91.888 4.17191e+06
91.917 4.1719e+06
91.997 4.1719e+06
92.021 4.17186e+06
92.027 4.17183e+06
92.035 4.17182e+06
92.082 4.17181e+06
92.089 4.17178e+06
92.773 4.17174e+06
92.785 4.17172e+06
92.831 4.17166e+06
92.841 4.17164e+06
92.853 4.17158e+06
92.872 4.17157e+06
92.882 4.17154e+06
92.886 4.17153e+06
92.914 4.17152e+06
92.917 4.1715e+06
92.937 4.17148e+06
92.94 4.1714e+06
92.943 4.17139e+06
92.947 4.17138e+06
92.962 4.17133e+06
93.041 4.17128e+06
93.046 4.17127e+06
93.061 4.17126e+06
93.067 4.17125e+06
93.076 4.17124e+06
93.078 4.17122e+06
93.088 4.1712e+06
93.089 4.17118e+06
93.101 4.17118e+06
93.119 4.17112e+06
93.121 4.17108e+06
93.123 4.17107e+06
93.129 4.17104e+06
93.325 4.17092e+06
93.33 4.1708e+06
93.345 4.17076e+06
93.347 4.17074e+06
93.792 4.1707e+06
93.799 4.17069e+06
94.046 4.17066e+06
94.12 4.17065e+06
94.121 4.17065e+06
94.124 4.17063e+06
94.131 4.17061e+06
94.14 4.1706e+06
94.143 4.1706e+06
94.149 4.17059e+06
94.151 4.17055e+06
94.189 4.1704e+06
94.191 4.17034e+06
94.203 4.17032e+06
94.207 4.1703e+06
94.214 4.17026e+06
94.218 4.17022e+06
94.226 4.17018e+06
94.239 4.1701e+06
94.244 4.17006e+06
94.247 4.17001e+06
94.251 4.17e+06
94.285 4.16998e+06
94.301 4.16997e+06
94.361 4.16995e+06
94.69 4.16994e+06
94.693 4.16993e+06
94.697 4.16991e+06
94.703 4.16989e+06
94.72 4.16988e+06
94.726 4.1698e+06
94.742 4.16979e+06
94.746 4.16979e+06
94.818 4.16978e+06
94.822 4.16974e+06
94.831 4.16974e+06
94.834 4.16969e+06
94.839 4.16968e+06
94.852 4.16967e+06
94.87 4.1696e+06
94.877 4.16955e+06
94.88 4.16953e+06
94.886 4.16952e+06
94.911 4.16952e+06
94.925 4.16944e+06
94.927 4.16943e+06
94.93 4.16942e+06
94.936 4.16941e+06
94.995 4.16938e+06
95.025 4.16936e+06
95.052 4.16933e+06
95.062 4.1693e+06
95.077 4.16929e+06
95.106 4.16925e+06
95.115 4.16924e+06
95.118 4.16921e+06
95.157 4.1692e+06
95.165 4.16918e+06
95.176 4.16917e+06
95.364 4.16916e+06
95.578 4.16914e+06
95.59 4.16908e+06
95.604 4.16904e+06
95.613 4.16903e+06
95.621 4.16902e+06
95.634 4.16895e+06
95.636 4.16893e+06
95.675 4.16883e+06
95.692 4.16877e+06
95.7 4.16876e+06
95.744 4.16876e+06
95.752 4.16874e+06
95.759 4.1687e+06
95.799 4.16868e+06
95.81 4.16867e+06
95.813 4.16865e+06
95.836 4.16863e+06
95.874 4.16861e+06
95.876 4.16857e+06
95.881 4.16854e+06
95.883 4.16851e+06
95.891 4.16847e+06
95.904 4.16846e+06
95.927 4.16846e+06
95.932 4.1684e+06
95.944 4.16839e+06
95.946 4.16835e+06
95.969 4.16832e+06
95.988 4.16828e+06
96.016 4.16827e+06
96.024 4.16826e+06
96.248 4.16821e+06
96.259 4.16817e+06
96.288 4.16815e+06
96.296 4.16808e+06
96.298 4.16798e+06
96.3 4.16796e+06
96.303 4.16795e+06
96.307 4.16792e+06
96.311 4.16787e+06
96.341 4.16785e+06
96.354 4.16784e+06
96.38 4.16783e+06
96.39 4.1678e+06
96.392 4.16776e+06
96.412 4.16775e+06
96.448 4.16762e+06
96.45 4.1676e+06
96.453 4.16754e+06
96.462 4.16754e+06
96.466 4.16748e+06
96.471 4.16748e+06
96.48 4.16747e+06
96.482 4.16745e+06
96.509 4.16736e+06
96.515 4.16736e+06
96.519 4.16734e+06
96.725 4.16733e+06
96.732 4.1673e+06
96.742 4.16718e+06
96.745 4.16718e+06
96.748 4.16717e+06
96.75 4.16716e+06
96.754 4.16715e+06
96.756 4.16714e+06
96.76 4.16707e+06
96.766 4.167e+06
96.769 4.16697e+06
96.772 4.16697e+06
96.777 4.16696e+06
96.809 4.16688e+06
96.828 4.16688e+06
96.839 4.16685e+06
96.842 4.16682e+06
96.849 4.16678e+06
96.852 4.16677e+06
96.915 4.16676e+06
96.927 4.16674e+06
96.931 4.16672e+06
96.941 4.1667e+06
96.977 4.16666e+06
96.992 4.16666e+06
97.002 4.16666e+06
97.007 4.16665e+06
97.025 4.16657e+06
97.045 4.16652e+06
97.049 4.16651e+06
97.061 4.16649e+06
97.077 4.16648e+06
97.08 4.16646e+06
97.082 4.16645e+06
97.104 4.16644e+06
97.112 4.1664e+06
97.118 4.1664e+06
97.143 4.16632e+06
97.149 4.1663e+06
97.158 4.16628e+06
97.171 4.16628e+06
97.181 4.16627e+06
97.186 4.16626e+06
97.188 4.16622e+06
97.189 4.16618e+06
97.194 4.16617e+06
97.206 4.16596e+06
97.21 4.16594e+06
97.213 4.16591e+06
97.218 4.16591e+06
97.294 4.16582e+06
97.359 4.16581e+06
97.429 4.16576e+06
97.439 4.16576e+06
97.526 4.16575e+06
97.575 4.16573e+06
97.582 4.16569e+06
97.589 4.16569e+06
97.593 4.16568e+06
97.642 4.1656e+06
97.731 4.16559e+06
97.736 4.16559e+06
97.747 4.16558e+06
97.752 4.16548e+06
97.781 4.16544e+06
97.814 4.16532e+06
97.819 4.16531e+06
97.821 4.1653e+06
97.828 4.16528e+06
97.842 4.16523e+06
97.851 4.16522e+06
97.862 4.16503e+06
97.864 4.16495e+06
97.867 4.16489e+06
97.914 4.16485e+06
97.948 4.16484e+06
98.272 4.1648e+06
98.287 4.1648e+06
98.337 4.1648e+06
98.363 4.16479e+06
98.378 4.16474e+06
98.384 4.16469e+06
98.39 4.16462e+06
98.396 4.1646e+06
98.432 4.1645e+06
98.588 4.16444e+06
98.597 4.1644e+06
98.618 4.1644e+06
98.623 4.16436e+06
98.63 4.16435e+06
98.675 4.16432e+06
98.738 4.16429e+06
98.755 4.16428e+06
98.828 4.16424e+06
98.848 4.16416e+06
98.861 4.16413e+06
98.868 4.16412e+06
98.98 4.16409e+06
98.982 4.16403e+06
98.992 4.16401e+06
99.006 4.16399e+06
99.016 4.16399e+06
99.024 4.16398e+06
99.093 4.16398e+06
99.098 4.16395e+06
99.1 4.16394e+06
99.19 4.1639e+06
99.218 4.16387e+06
99.332 4.16386e+06
99.345 4.16383e+06
99.348 4.16382e+06
99.351 4.16377e+06
99.36 4.16375e+06
99.371 4.16375e+06
99.382 4.16373e+06
99.396 4.16372e+06
99.4 4.16372e+06
99.41 4.16368e+06
99.415 4.16365e+06
99.424 4.16364e+06
99.428 4.16363e+06
99.431 4.16362e+06
99.435 4.16362e+06
99.439 4.16361e+06
99.448 4.16358e+06
99.456 4.16355e+06
99.478 4.16352e+06
99.48 4.16349e+06
99.514 4.16346e+06
99.569 4.16343e+06
99.575 4.16342e+06
99.591 4.16339e+06
99.601 4.16339e+06
99.604 4.16333e+06
99.638 4.16327e+06
99.641 4.16326e+06
99.647 4.1632e+06
99.657 4.16318e+06
99.667 4.16316e+06
99.692 4.16314e+06
99.711 4.16312e+06
99.717 4.16312e+06
99.725 4.16308e+06
99.802 4.16304e+06
99.815 4.16302e+06
99.822 4.16297e+06
99.858 4.16295e+06
99.863 4.16289e+06
99.931 4.16286e+06
99.938 4.16285e+06
99.953 4.16284e+06
99.956 4.16274e+06
99.974 4.16273e+06
100.003 4.16272e+06
100.009 4.16267e+06
100.015 4.16266e+06
100.017 4.16265e+06
100.024 4.16259e+06
100.027 4.16259e+06
100.032 4.16258e+06
100.045 4.16256e+06
100.054 4.16255e+06
100.063 4.1625e+06
100.115 4.16245e+06
100.118 4.16241e+06
100.122 4.16234e+06
100.127 4.16234e+06
100.147 4.16223e+06
100.418 4.16221e+06
100.46 4.1622e+06
100.462 4.16219e+06
100.468 4.16218e+06
100.474 4.16216e+06
100.477 4.16212e+06
100.559 4.16207e+06
100.561 4.16203e+06
100.586 4.16202e+06
100.589 4.16202e+06
100.601 4.16196e+06
100.608 4.16195e+06
100.61 4.16193e+06
100.614 4.1619e+06
100.617 4.16188e+06
100.622 4.16185e+06
100.625 4.16182e+06
100.631 4.16182e+06
100.639 4.16182e+06
100.652 4.16181e+06
100.655 4.16181e+06
100.729 4.16176e+06
100.878 4.16175e+06
100.883 4.16171e+06
100.89 4.16169e+06
100.902 4.16169e+06
100.999 4.16168e+06
101.038 4.16167e+06
101.049 4.16167e+06
101.066 4.16166e+06
101.072 4.16164e+06
101.077 4.16154e+06
101.089 4.16148e+06
101.091 4.16147e+06
101.105 4.16144e+06
101.111 4.16141e+06
101.113 4.1614e+06
101.19 4.16138e+06
101.194 4.16137e+06
101.228 4.16137e+06
101.24 4.16132e+06
101.247 4.16131e+06
101.309 4.16131e+06
101.339 4.1613e+06
101.341 4.16129e+06
101.353 4.16119e+06
101.355 4.16117e+06
101.364 4.16117e+06
101.384 4.16106e+06
101.469 4.16106e+06
101.473 4.16106e+06
101.559 4.16087e+06
101.586 4.16087e+06
101.593 4.16081e+06
101.595 4.16081e+06
101.598 4.16081e+06
101.608 4.1608e+06
101.665 4.16079e+06
101.669 4.16076e+06
101.708 4.1607e+06
101.712 4.16069e+06
101.719 4.16069e+06
101.742 4.16067e+06
101.745 4.16064e+06
101.764 4.16058e+06
101.776 4.16057e+06
101.779 4.16057e+06
101.791 4.16057e+06
101.908 4.16056e+06
101.914 4.16055e+06
101.917 4.16055e+06
101.919 4.16054e+06
101.929 4.16054e+06
101.932 4.1605e+06
101.946 4.16045e+06
101.999 4.16044e+06
102.021 4.1604e+06
102.027 4.1604e+06
102.046 4.16037e+06
102.053 4.16027e+06
102.089 4.16026e+06
102.098 4.16026e+06
102.109 4.16024e+06
102.118 4.16023e+06
102.139 4.16003e+06
102.142 4.16002e+06
102.144 4.15992e+06
102.149 4.15988e+06
102.182 4.15986e+06
102.191 4.15986e+06
102.202 4.15984e+06
102.207 4.15976e+06
102.209 4.15973e+06
102.213 4.15972e+06
102.221 4.15971e+06
102.231 4.1597e+06
102.237 4.15969e+06
102.241 4.15968e+06
102.242 4.15964e+06
102.253 4.15962e+06
102.255 4.1596e+06
102.268 4.15959e+06
102.28 4.15954e+06
102.282 4.15953e+06
102.302 4.15952e+06
102.308 4.15951e+06
102.315 4.1595e+06
102.322 4.15947e+06
102.329 4.1594e+06
102.343 4.15938e+06
102.354 4.15937e+06
102.367 4.15927e+06
102.376 4.15926e+06
102.384 4.15925e+06
102.445 4.15898e+06
102.45 4.15898e+06
103.128 4.15892e+06
103.167 4.15887e+06
103.191 4.15886e+06
103.212 4.15885e+06
103.216 4.15881e+06
103.308 4.15881e+06
103.351 4.15878e+06
103.37 4.15875e+06
103.372 4.15874e+06
103.379 4.15874e+06
103.387 4.15869e+06
103.39 4.15864e+06
103.403 4.15857e+06
103.436 4.15848e+06
103.451 4.15837e+06
103.456 4.15834e+06
103.459 4.15832e+06
103.468 4.15831e+06
103.479 4.15829e+06
103.497 4.15826e+06
103.498 4.15826e+06
103.513 4.15824e+06
103.516 4.15821e+06
103.545 4.15819e+06
103.601 4.15818e+06
103.611 4.15816e+06
103.691 4.15815e+06
103.694 4.15814e+06
103.698 4.15813e+06
103.714 4.15811e+06
103.72 4.15809e+06
103.722 4.15806e+06
103.726 4.15806e+06
103.778 4.15805e+06
103.793 4.15797e+06
103.825 4.15796e+06
103.831 4.15794e+06
103.84 4.15793e+06
103.845 4.15752e+06
103.857 4.15751e+06
103.863 4.15745e+06
103.868 4.15744e+06
103.874 4.15739e+06
103.884 4.15737e+06
103.895 4.15735e+06
103.899 4.1573e+06
103.913 4.15729e+06
103.951 4.15727e+06
103.962 4.15724e+06
103.971 4.15721e+06
104.083 4.15716e+06
104.316 4.1571e+06
104.321 4.15708e+06
104.33 4.15707e+06
104.333 4.15703e+06
104.351 4.15702e+06
104.383 4.15702e+06
104.396 4.15698e+06
104.397 4.15698e+06
104.399 4.15696e+06
104.428 4.15696e+06
104.647 4.15692e+06
104.678 4.15688e+06
104.713 4.15684e+06
104.714 4.15682e+06
104.716 4.15673e+06
104.746 4.15673e+06
104.751 4.15672e+06
104.756 4.1567e+06
104.763 4.1567e+06
104.794 4.15669e+06
104.843 4.15666e+06
104.855 4.15664e+06
104.86 4.15661e+06
104.868 4.1566e+06
104.879 4.15657e+06
104.889 4.15655e+06
104.891 4.15654e+06
104.902 4.15652e+06
104.911 4.15649e+06
104.915 4.15646e+06
104.922 4.15644e+06
104.925 4.15644e+06
104.932 4.15642e+06
104.937 4.1564e+06
104.939 4.1564e+06
104.946 4.15638e+06
104.954 4.15638e+06
104.985 4.15637e+06
105.004 4.15632e+06
105.006 4.15627e+06
105.01 4.15625e+06
105.016 4.15624e+06
105.035 4.15624e+06
105.055 4.15615e+06
105.057 4.15611e+06
105.06 4.15606e+06
105.073 4.15605e+06
105.075 4.15604e+06
105.077 4.15604e+06
105.083 4.15603e+06
105.106 4.15603e+06
105.117 4.15603e+06
105.191 4.15602e+06
105.196 4.15599e+06
105.291 4.15599e+06
105.301 4.15598e+06
105.303 4.15595e+06
105.306 4.15595e+06
105.312 4.15589e+06
105.321 4.15577e+06
105.328 4.15577e+06
105.332 4.15576e+06
105.399 4.15574e+06
105.417 4.15572e+06
105.42 4.15569e+06
105.44 4.15564e+06
105.45 4.15563e+06
105.497 4.15557e+06
105.5 4.15557e+06
105.513 4.15555e+06
105.519 4.15554e+06
105.538 4.15554e+06
105.544 4.15552e+06
105.66 4.1555e+06
105.674 4.15548e+06
105.677 4.15545e+06
105.731 4.15542e+06
105.757 4.15542e+06
105.761 4.15541e+06
105.763 4.15537e+06
105.765 4.15532e+06
105.784 4.15532e+06
105.793 4.1553e+06
105.805 4.15524e+06
105.836 4.15516e+06
105.839 4.15514e+06
105.842 4.15513e+06
105.845 4.15504e+06
105.97 4.15502e+06
105.973 4.155e+06
105.979 4.15499e+06
105.982 4.15495e+06
105.993 4.15493e+06
105.999 4.15493e+06
106.01 4.15487e+06
106.063 4.15481e+06
106.077 4.15481e+06
106.085 4.15477e+06
106.092 4.15474e+06
106.099 4.15473e+06
106.116 4.15472e+06
106.131 4.1547e+06
106.151 4.15467e+06
106.176 4.15462e+06
106.2 4.15461e+06
106.202 4.15459e+06
106.225 4.15458e+06
106.234 4.15455e+06
106.239 4.15452e+06
106.294 4.1545e+06
106.297 4.15446e+06
106.304 4.15446e+06
106.314 4.15441e+06
106.319 4.15441e+06
106.516 4.15432e+06
106.534 4.15431e+06
106.539 4.15429e+06
106.563 4.15421e+06
106.571 4.1542e+06
106.575 4.15416e+06
106.578 4.15415e+06
106.587 4.15411e+06
106.589 4.15409e+06
106.609 4.15408e+06
106.613 4.15407e+06
106.621 4.15406e+06
106.625 4.15405e+06
106.629 4.15398e+06
106.651 4.15397e+06
106.789 4.15393e+06
106.85 4.15393e+06
106.883 4.15387e+06
106.886 4.15387e+06
106.907 4.15384e+06
106.91 4.15384e+06
106.933 4.15383e+06
106.939 4.15382e+06
106.977 4.15374e+06
106.981 4.15368e+06
106.983 4.15367e+06
106.986 4.15366e+06
106.987 4.15362e+06
107.029 4.15361e+06
107.04 4.15359e+06
107.065 4.15359e+06
107.073 4.15358e+06
107.137 4.15358e+06
107.169 4.15357e+06
107.194 4.15356e+06
107.198 4.15352e+06
107.217 4.15343e+06
107.22 4.15343e+06
107.223 4.15338e+06
107.3 4.15332e+06
107.305 4.15326e+06
107.31 4.15324e+06
107.314 4.15322e+06
107.32 4.15317e+06
107.399 4.15316e+06
107.403 4.15316e+06
107.41 4.15315e+06
107.418 4.15315e+06
107.421 4.15314e+06
107.467 4.15309e+06
107.487 4.15309e+06
107.491 4.15306e+06
107.525 4.15305e+06
107.56 4.15301e+06
107.61 4.153e+06
107.615 4.15299e+06
107.625 4.15297e+06
107.635 4.15294e+06
107.652 4.15292e+06
107.668 4.15292e+06
107.699 4.15289e+06
107.701 4.15287e+06
107.71 4.15284e+06
107.713 4.1527e+06
107.715 4.1527e+06
108.328 4.15268e+06
108.343 4.15265e+06
108.35 4.15264e+06
108.37 4.15263e+06
108.376 4.15262e+06
108.399 4.15261e+06
108.406 4.15261e+06
108.408 4.15257e+06
108.41 4.15255e+06
108.416 4.15254e+06
108.43 4.15253e+06
109.003 4.15246e+06
109.01 4.15244e+06
109.025 4.15242e+06
109.028 4.15238e+06
109.041 4.15237e+06
109.043 4.15232e+06
109.057 4.15232e+06
109.074 4.15229e+06
109.085 4.15228e+06
109.089 4.15228e+06
109.103 4.15227e+06
109.122 4.15218e+06
109.238 4.15216e+06
109.401 4.15214e+06
109.421 4.15212e+06
109.432 4.15211e+06
109.439 4.1521e+06
109.476 4.15209e+06
109.485 4.15202e+06
109.492 4.15202e+06
109.544 4.15198e+06
109.741 4.15197e+06
109.747 4.15197e+06
109.753 4.15196e+06
109.843 4.15194e+06
109.852 4.15193e+06
109.923 4.15192e+06
109.925 4.15191e+06
109.948 4.1519e+06
109.96 4.15186e+06
109.972 4.15184e+06
109.988 4.15182e+06
109.991 4.15181e+06
110.069 4.15177e+06
110.084 4.15177e+06
110.117 4.15172e+06
110.149 4.15167e+06
110.164 4.15166e+06
110.21 4.15163e+06
110.218 4.15162e+06
110.237 4.15161e+06
110.24 4.15157e+06
110.249 4.15156e+06
110.252 4.15154e+06
110.279 4.1515e+06
110.284 4.15144e+06
110.29 4.15144e+06
110.315 4.15136e+06
110.316 4.15136e+06
110.318 4.15135e+06
110.342 4.15133e+06
110.344 4.15133e+06
110.35 4.15131e+06
110.354 4.1513e+06
110.363 4.15126e+06
110.397 4.15126e+06
110.399 4.15125e+06
110.69 4.15125e+06
110.717 4.15125e+06
110.725 4.15124e+06
110.733 4.15117e+06
110.747 4.151e+06
110.751 4.15098e+06
110.76 4.15094e+06
110.78 4.15093e+06
110.81 4.15092e+06
110.816 4.15088e+06
110.818 4.15087e+06
111.159 4.15086e+06
111.215 4.15086e+06
111.231 4.15084e+06
111.273 4.15084e+06
111.31 4.15084e+06
111.329 4.15083e+06
111.36 4.15082e+06
111.414 4.1508e+06
111.416 4.15079e+06
111.522 4.15079e+06
111.527 4.15078e+06
111.651 4.15078e+06
111.654 4.15078e+06
111.657 4.15077e+06
111.667 4.15077e+06
111.74 4.15075e+06
111.746 4.15067e+06
111.751 4.15065e+06
111.759 4.15064e+06
111.762 4.15064e+06
111.77 4.15062e+06
111.771 4.15061e+06
111.794 4.15057e+06
111.818 4.15056e+06
111.822 4.15056e+06
111.83 4.15055e+06
111.848 4.15051e+06
111.857 4.1505e+06
111.861 4.1505e+06
111.862 4.15047e+06
111.864 4.15039e+06
111.876 4.15039e+06
111.884 4.15036e+06
111.907 4.1503e+06
111.925 4.1503e+06
111.968 4.15026e+06
111.989 4.1502e+06
111.991 4.1502e+06
112.007 4.15019e+06
112.036 4.15017e+06
112.04 4.15017e+06
112.055 4.15014e+06
112.101 4.15014e+06
112.12 4.15008e+06
112.44 4.15001e+06
112.461 4.14998e+06
112.49 4.14996e+06
112.503 4.14994e+06
112.514 4.14994e+06
112.577 4.14992e+06
112.611 4.1499e+06
112.662 4.14987e+06
112.693 4.14987e+06
112.707 4.14986e+06
112.723 4.14986e+06
112.762 4.14985e+06
112.764 4.14984e+06
112.875 4.14982e+06
112.888 4.1498e+06
112.89 4.1498e+06
112.892 4.14978e+06
113.007 4.14977e+06
113.011 4.14976e+06
113.014 4.14975e+06
113.016 4.14972e+06
113.058 4.14969e+06
113.067 4.14968e+06
113.078 4.14966e+06
113.08 4.14964e+06
113.088 4.14963e+06
113.098 4.14962e+06
113.099 4.1496e+06
113.123 4.1496e+06
113.158 4.14957e+06
113.184 4.14939e+06
113.211 4.14936e+06
113.414 4.14934e+06
113.434 4.14934e+06
113.441 4.14931e+06
113.457 4.14928e+06
113.464 4.14927e+06
113.469 4.14924e+06
113.568 4.14924e+06
113.58 4.14923e+06
113.619 4.14922e+06
113.631 4.14915e+06
113.657 4.14915e+06
113.66 4.14913e+06
113.69 4.1491e+06
113.701 4.14907e+06
113.704 4.14907e+06
113.712 4.14907e+06
113.745 4.14905e+06
113.75 4.14905e+06
113.756 4.14902e+06
113.809 4.14901e+06
113.877 4.149e+06
113.891 4.14898e+06
113.896 4.14893e+06
113.932 4.14893e+06
113.949 4.1489e+06
113.954 4.14889e+06
113.992 4.14888e+06
114.008 4.14886e+06
114.032 4.14884e+06
114.043 4.14881e+06
114.049 4.14881e+06
114.054 4.14879e+06
114.06 4.14878e+06
114.069 4.14876e+06
114.08 4.14874e+06
114.108 4.14874e+06
114.11 4.14871e+06
114.136 4.1487e+06
114.173 4.1487e+06
114.184 4.14865e+06
114.193 4.14864e+06
114.196 4.14864e+06
114.238 4.14863e+06
114.275 4.14859e+06
114.277 4.14856e+06
114.286 4.14856e+06
114.289 4.14855e+06
114.294 4.14851e+06
114.3 4.14851e+06
114.304 4.14845e+06
114.319 4.14842e+06
114.328 4.1484e+06
114.336 4.14839e+06
114.341 4.14837e+06
114.354 4.14837e+06
114.417 4.14836e+06
114.422 4.14829e+06
114.483 4.14822e+06
114.509 4.14819e+06
114.512 4.14817e+06
114.526 4.14816e+06
114.563 4.14809e+06
114.565 4.14804e+06
114.578 4.14801e+06
114.585 4.14796e+06
114.594 4.14793e+06
114.605 4.14792e+06
114.61 4.14788e+06
114.926 4.14788e+06
114.996 4.14787e+06
114.998 4.14785e+06
115.01 4.14784e+06
115.035 4.14784e+06
115.046 4.1478e+06
115.104 4.14779e+06
115.113 4.14777e+06
115.131 4.14776e+06
115.162 4.14775e+06
115.184 4.14772e+06
115.219 4.1477e+06
115.285 4.14768e+06
115.316 4.14764e+06
115.325 4.14763e+06
115.33 4.1476e+06
115.343 4.14757e+06
115.349 4.14751e+06
115.357 4.14747e+06
115.372 4.14744e+06
115.405 4.14744e+06
115.407 4.14744e+06
115.408 4.14742e+06
115.431 4.14736e+06
115.487 4.14734e+06
115.631 4.14724e+06
115.637 4.14719e+06
115.643 4.14719e+06
115.66 4.14718e+06
115.663 4.14717e+06
115.701 4.14716e+06
115.709 4.14715e+06
115.752 4.14714e+06
115.755 4.14711e+06
115.768 4.14709e+06
115.778 4.14708e+06
115.789 4.14704e+06
115.822 4.14703e+06
115.846 4.14702e+06
115.848 4.14702e+06
115.933 4.14698e+06
115.94 4.14697e+06
115.952 4.14696e+06
115.973 4.14696e+06
115.979 4.14696e+06
116.007 4.14691e+06
116.011 4.1469e+06
116.019 4.1469e+06
116.021 4.14688e+06
116.099 4.14684e+06
116.102 4.14682e+06
116.104 4.14681e+06
116.191 4.1468e+06
116.198 4.14677e+06
116.225 4.14676e+06
116.227 4.14672e+06
116.253 4.1467e+06
116.26 4.14669e+06
116.301 4.14667e+06
116.305 4.14666e+06
116.377 4.14663e+06
116.383 4.1466e+06
116.575 4.14656e+06
116.579 4.14656e+06
116.582 4.14654e+06
116.588 4.14651e+06
116.604 4.14642e+06
116.629 4.14638e+06
116.633 4.14637e+06
116.636 4.14633e+06
116.641 4.1463e+06
116.647 4.14628e+06
116.716 4.14626e+06
116.728 4.14624e+06
116.734 4.14621e+06
116.743 4.14621e+06
116.746 4.14614e+06
116.757 4.14614e+06
116.781 4.14599e+06
116.787 4.14598e+06
116.791 4.14597e+06
116.808 4.14595e+06
116.815 4.14589e+06
116.867 4.14587e+06
116.875 4.14586e+06
116.881 4.14583e+06
117.03 4.1457e+06
117.044 4.14569e+06
117.128 4.14569e+06
117.172 4.14568e+06
117.195 4.14568e+06
117.221 4.14566e+06
117.223 4.14566e+06
117.229 4.14565e+06
117.237 4.14564e+06
117.266 4.14563e+06
117.287 4.1456e+06
117.332 4.14556e+06
117.358 4.14556e+06
117.38 4.14556e+06
117.605 4.14555e+06
117.622 4.14554e+06
117.631 4.14554e+06
117.649 4.14551e+06
117.672 4.14549e+06
117.684 4.14549e+06
117.707 4.14545e+06
117.729 4.14544e+06
117.796 4.14541e+06
117.807 4.14541e+06
117.817 4.14541e+06
117.822 4.14539e+06
117.829 4.14538e+06
117.834 4.14535e+06
117.907 4.14535e+06
117.913 4.14534e+06
117.918 4.14531e+06
117.937 4.1453e+06
117.947 4.14528e+06
117.954 4.14527e+06
118.02 4.14525e+06
118.031 4.14525e+06
118.038 4.14525e+06
118.04 4.14524e+06
118.044 4.14523e+06
118.066 4.14523e+06
118.072 4.14522e+06
118.111 4.14521e+06
118.156 4.14518e+06
118.175 4.14516e+06
118.188 4.14514e+06
118.226 4.14511e+06
118.315 4.14508e+06
118.324 4.14506e+06
118.34 4.14505e+06
118.346 4.14504e+06
118.407 4.14502e+06
118.46 4.14502e+06
118.473 4.14501e+06
118.477 4.14501e+06
118.59 4.14496e+06
118.608 4.14496e+06
118.628 4.14488e+06
118.637 4.14487e+06
118.645 4.14485e+06
118.655 4.14484e+06
118.674 4.14481e+06
118.693 4.1448e+06
118.696 4.14477e+06
118.704 4.14476e+06
118.707 4.14476e+06
118.728 4.14473e+06
118.921 4.14469e+06
118.952 4.14468e+06
118.98 4.14465e+06
118.989 4.14465e+06
119.062 4.14464e+06
119.074 4.14463e+06
119.161 4.14458e+06
119.211 4.14455e+06
119.23 4.14455e+06
119.232 4.14455e+06
119.245 4.14453e+06
119.248 4.14451e+06
119.263 4.14451e+06
119.271 4.14451e+06
119.283 4.1445e+06
119.314 4.1445e+06
119.325 4.14449e+06
119.332 4.14447e+06
119.335 4.14446e+06
119.341 4.14442e+06
119.355 4.14442e+06
119.368 4.14441e+06
119.379 4.1444e+06
119.412 4.14439e+06
119.426 4.14438e+06
119.431 4.14438e+06
119.459 4.14434e+06
119.471 4.14434e+06
119.484 4.14432e+06
119.5 4.14431e+06
119.529 4.14431e+06
119.537 4.14431e+06
119.553 4.1443e+06
119.673 4.14423e+06
119.68 4.14417e+06
119.687 4.14417e+06
119.695 4.14416e+06
119.696 4.14416e+06
119.717 4.14415e+06
119.736 4.14412e+06
119.812 4.1441e+06
119.822 4.1441e+06
120.099 4.14407e+06
120.125 4.14405e+06
120.142 4.14401e+06
120.163 4.144e+06
120.179 4.144e+06
120.195 4.144e+06
120.248 4.14394e+06
120.25 4.14394e+06
120.28 4.14384e+06
120.292 4.14384e+06
120.427 4.14384e+06
120.453 4.14377e+06
120.474 4.14374e+06
120.476 4.14374e+06
120.489 4.14373e+06
120.494 4.14372e+06
120.496 4.14371e+06
120.506 4.14371e+06
120.519 4.1437e+06
120.626 4.14369e+06
120.653 4.14369e+06
120.74 4.14367e+06
120.746 4.14362e+06
120.769 4.14362e+06
120.911 4.14354e+06
120.913 4.14348e+06
120.916 4.14348e+06
120.919 4.14346e+06
120.922 4.14342e+06
120.937 4.14339e+06
120.987 4.14337e+06
121.015 4.14336e+06
121.025 4.14335e+06
121.037 4.14334e+06
121.042 4.14332e+06
121.073 4.1433e+06
121.091 4.14329e+06
121.111 4.14328e+06
121.12 4.14327e+06
121.137 4.14323e+06
121.141 4.14322e+06
121.151 4.14322e+06
121.16 4.14321e+06
121.172 4.1432e+06
121.201 4.14316e+06
121.323 4.14313e+06
121.329 4.14308e+06
121.363 4.14303e+06
121.371 4.14301e+06
121.377 4.143e+06
121.38 4.14297e+06
121.394 4.14294e+06
121.401 4.14291e+06
121.427 4.14285e+06
121.442 4.1428e+06
121.444 4.14279e+06
121.499 4.14279e+06
121.541 4.14279e+06
121.773 4.14273e+06
121.785 4.14273e+06
121.82 4.14272e+06
122.201 4.1427e+06
122.208 4.1426e+06
122.229 4.14259e+06
122.239 4.14259e+06
122.379 4.14258e+06
122.394 4.14256e+06
122.398 4.14256e+06
122.412 4.14255e+06
122.493 4.14254e+06
122.504 4.1425e+06
122.538 4.14248e+06
122.574 4.14248e+06
122.587 4.14246e+06
122.609 4.14244e+06
122.615 4.14243e+06
122.64 4.14243e+06
122.664 4.14242e+06
122.689 4.14241e+06
122.719 4.14241e+06
122.721 4.14237e+06
122.825 4.14237e+06
122.834 4.14233e+06
122.888 4.14231e+06
122.898 4.1423e+06
122.922 4.14223e+06
122.948 4.1422e+06
122.95 4.14219e+06
122.968 4.14218e+06
122.973 4.14217e+06
123.036 4.14217e+06
123.047 4.14216e+06
123.111 4.14215e+06
123.12 4.14214e+06
123.139 4.14209e+06
123.144 4.14209e+06
123.148 4.14208e+06
123.187 4.14207e+06
123.201 4.14206e+06
123.204 4.14205e+06
123.209 4.14204e+06
123.225 4.14204e+06
123.314 4.14202e+06
123.319 4.14201e+06
123.337 4.14196e+06
123.339 4.14196e+06
123.343 4.14193e+06
123.356 4.14192e+06
123.372 4.1419e+06
123.378 4.14188e+06
123.43 4.14188e+06
123.435 4.14188e+06
123.455 4.14187e+06
123.458 4.14187e+06
123.466 4.14186e+06
123.477 4.14184e+06
123.48 4.1418e+06
123.495 4.14178e+06
123.502 4.14177e+06
123.527 4.14177e+06
123.533 4.14172e+06
123.581 4.14165e+06
123.644 4.14165e+06
123.647 4.14165e+06
123.651 4.14162e+06
123.654 4.1416e+06
123.675 4.14156e+06
123.685 4.14156e+06
123.692 4.14156e+06
123.705 4.14156e+06
123.754 4.14155e+06
123.777 4.14149e+06
123.786 4.14146e+06
123.796 4.14144e+06
123.807 4.14141e+06
123.89 4.14141e+06
123.903 4.14129e+06
123.917 4.14124e+06
123.953 4.14124e+06
123.957 4.14124e+06
123.979 4.14109e+06
123.997 4.14107e+06
124.008 4.14105e+06
124.026 4.14102e+06
124.04 4.141e+06
124.077 4.14095e+06
124.093 4.14088e+06
124.108 4.14086e+06
124.151 4.14085e+06
124.181 4.14082e+06
124.184 4.14081e+06
124.189 4.14081e+06
124.222 4.1408e+06
124.262 4.14076e+06
124.282 4.14076e+06
124.299 4.14075e+06
124.302 4.14075e+06
124.305 4.14071e+06
124.307 4.14068e+06
124.335 4.14066e+06
124.381 4.14065e+06
124.406 4.14064e+06
124.412 4.14063e+06
124.425 4.14063e+06
124.428 4.14062e+06
124.453 4.14062e+06
124.457 4.1406e+06
124.516 4.1406e+06
124.533 4.14059e+06
124.55 4.14056e+06
124.552 4.14053e+06
124.565 4.14053e+06
124.568 4.14052e+06
124.577 4.14052e+06
124.598 4.14051e+06
124.685 4.14051e+06
124.698 4.14048e+06
124.713 4.14046e+06
124.821 4.14045e+06
124.989 4.14044e+06
124.993 4.14044e+06
125 4.14043e+06
125.012 4.14036e+06
125.049 4.14034e+06
125.064 4.14034e+06
125.091 4.14032e+06
125.094 4.14032e+06
125.166 4.14031e+06
125.172 4.14029e+06
125.263 4.14028e+06
125.282 4.14027e+06
125.308 4.14026e+06
125.315 4.14026e+06
125.332 4.14024e+06
125.358 4.14023e+06
125.384 4.1402e+06
125.399 4.14018e+06
125.417 4.14018e+06
125.433 4.14017e+06
125.445 4.14016e+06
125.542 4.14015e+06
125.572 4.14014e+06
125.583 4.14013e+06
125.589 4.14007e+06
125.593 4.14007e+06
125.643 4.14006e+06
125.662 4.14006e+06
125.683 4.14005e+06
125.76 4.14003e+06
125.779 4.14003e+06
125.781 4.14003e+06
125.812 4.14003e+06
125.816 4.13997e+06
125.835 4.13996e+06
125.863 4.13995e+06
125.869 4.13994e+06
125.874 4.13994e+06
125.88 4.13982e+06
125.899 4.13975e+06
125.905 4.13973e+06
125.938 4.1397e+06
126.031 4.1397e+06
126.056 4.13968e+06
126.06 4.13965e+06
126.096 4.13964e+06
126.107 4.13964e+06
126.144 4.1396e+06
126.168 4.13959e+06
126.284 4.13957e+06
126.285 4.13957e+06
126.289 4.13955e+06
126.298 4.13955e+06
126.305 4.13955e+06
126.334 4.13954e+06
126.36 4.13952e+06
126.373 4.13951e+06
126.404 4.13946e+06
126.421 4.13945e+06
126.465 4.13944e+06
126.499 4.13944e+06
126.504 4.13944e+06
126.508 4.13942e+06
126.552 4.1394e+06
126.564 4.1394e+06
126.622 4.13938e+06
126.625 4.13937e+06
126.631 4.13936e+06
126.661 4.13936e+06
126.703 4.13935e+06
126.706 4.13933e+06
126.74 4.13933e+06
126.755 4.13931e+06
126.777 4.1393e+06
126.841 4.1393e+06
126.844 4.1393e+06
126.865 4.13929e+06
126.869 4.13928e+06
126.871 4.13927e+06
126.876 4.13926e+06
126.898 4.13925e+06
126.902 4.13924e+06
126.904 4.13911e+06
126.913 4.1391e+06
126.915 4.13909e+06
126.927 4.13908e+06
126.948 4.13907e+06
126.968 4.13906e+06
127.087 4.13906e+06
127.121 4.13903e+06
127.143 4.13902e+06
127.147 4.13901e+06
127.183 4.13899e+06
127.219 4.13898e+06
127.267 4.13898e+06
127.271 4.13896e+06
127.277 4.13896e+06
127.574 4.13895e+06
127.583 4.13893e+06
127.585 4.1389e+06
127.588 4.13887e+06
127.605 4.13885e+06
127.609 4.13884e+06
127.616 4.13872e+06
127.624 4.13872e+06
127.639 4.13872e+06
127.653 4.13868e+06
127.665 4.13867e+06
127.729 4.13867e+06
127.736 4.13865e+06
127.76 4.13863e+06
127.762 4.13863e+06
127.766 4.13862e+06
127.805 4.13861e+06
127.847 4.1386e+06
127.858 4.13859e+06
127.875 4.13859e+06
127.898 4.13858e+06
127.914 4.13858e+06
127.917 4.13857e+06
127.928 4.13856e+06
127.942 4.13856e+06
127.959 4.13855e+06
127.985 4.13854e+06
128.001 4.13851e+06
128.039 4.13851e+06
128.046 4.1385e+06
128.051 4.13848e+06
128.057 4.13847e+06
128.064 4.13844e+06
128.083 4.13841e+06
128.138 4.1384e+06
128.171 4.13837e+06
128.181 4.13837e+06
128.203 4.13835e+06
128.211 4.13835e+06
128.241 4.13832e+06
128.419 4.13831e+06
128.664 4.13827e+06
128.703 4.13827e+06
128.705 4.13822e+06
128.739 4.13819e+06
128.751 4.13816e+06
128.765 4.13814e+06
128.778 4.13813e+06
128.793 4.13807e+06
129.05 4.13806e+06
129.068 4.13804e+06
129.127 4.13803e+06
129.152 4.13801e+06
129.35 4.13801e+06
129.438 4.138e+06
129.511 4.138e+06
129.52 4.138e+06
129.529 4.138e+06
129.536 4.13799e+06
129.541 4.13798e+06
129.55 4.13798e+06
129.56 4.13798e+06
129.574 4.13797e+06
129.59 4.13796e+06
129.613 4.13796e+06
129.705 4.13792e+06
129.707 4.13787e+06
129.732 4.13782e+06
129.735 4.13778e+06
129.74 4.13777e+06
129.747 4.13775e+06
129.78 4.13775e+06
129.781 4.13775e+06
129.844 4.13774e+06
129.854 4.13774e+06
129.875 4.1377e+06
129.878 4.13769e+06
129.907 4.13767e+06
129.913 4.1376e+06
129.934 4.13756e+06
130.189 4.13756e+06
130.212 4.13754e+06
130.222 4.13751e+06
130.245 4.1375e+06
130.604 4.13749e+06
130.628 4.13749e+06
130.693 4.13748e+06
130.703 4.13746e+06
130.749 4.13744e+06
130.761 4.13744e+06
130.781 4.13743e+06
130.816 4.1374e+06
130.844 4.13737e+06
130.863 4.13735e+06
130.894 4.13735e+06
130.922 4.13733e+06
130.953 4.13732e+06
131.006 4.13732e+06
131.039 4.13731e+06
131.055 4.13728e+06
131.066 4.13727e+06
131.083 4.13726e+06
131.089 4.13725e+06
131.11 4.13721e+06
131.166 4.1372e+06
131.17 4.13719e+06
131.185 4.1371e+06
131.226 4.13708e+06
131.289 4.13708e+06
131.312 4.13707e+06
131.342 4.13706e+06
131.422 4.13705e+06
131.623 4.13704e+06
131.639 4.13702e+06
131.649 4.13696e+06
131.661 4.13694e+06
131.678 4.13692e+06
131.737 4.1369e+06
131.779 4.13688e+06
131.892 4.13686e+06
131.935 4.13685e+06
131.937 4.13685e+06
131.948 4.13682e+06
131.958 4.13678e+06
131.971 4.13678e+06
131.974 4.13677e+06
131.983 4.13676e+06
132.019 4.13672e+06
132.031 4.13671e+06
132.059 4.1367e+06
132.208 4.1367e+06
132.219 4.13661e+06
132.222 4.13658e+06
132.298 4.13651e+06
132.315 4.13651e+06
132.387 4.13644e+06
132.397 4.1364e+06
132.403 4.1364e+06
132.635 4.13639e+06
132.646 4.13637e+06
132.685 4.13637e+06
132.687 4.13636e+06
132.758 4.13636e+06
132.771 4.13627e+06
132.899 4.13627e+06
132.903 4.13625e+06
133.006 4.13625e+06
133.016 4.13623e+06
133.029 4.13622e+06
133.075 4.13618e+06
133.158 4.13616e+06
133.162 4.13614e+06
133.27 4.13613e+06
133.304 4.13612e+06
133.316 4.13612e+06
133.351 4.13611e+06
133.365 4.1361e+06
133.415 4.13609e+06
133.457 4.13607e+06
133.469 4.13607e+06
133.479 4.13606e+06
133.537 4.13604e+06
133.54 4.13604e+06
133.55 4.13601e+06
133.558 4.136e+06
133.66 4.13599e+06
133.664 4.13598e+06
133.698 4.13597e+06
133.713 4.13596e+06
133.76 4.13595e+06
133.786 4.13593e+06
133.796 4.13592e+06
133.798 4.13592e+06
133.817 4.13591e+06
133.839 4.13591e+06
133.862 4.13584e+06
133.896 4.13584e+06
133.898 4.13583e+06
133.958 4.13578e+06
133.976 4.13577e+06
133.979 4.13575e+06
133.997 4.13574e+06
133.999 4.13573e+06
134.005 4.13571e+06
134.046 4.13568e+06
134.09 4.13568e+06
134.177 4.13567e+06
134.182 4.13566e+06
134.184 4.13566e+06
134.192 4.13565e+06
134.208 4.13563e+06
134.258 4.13559e+06
134.321 4.13558e+06
134.339 4.13554e+06
134.341 4.13553e+06
134.361 4.13552e+06
134.367 4.1355e+06
134.38 4.13549e+06
134.403 4.13548e+06
134.408 4.1354e+06
134.413 4.13535e+06
134.415 4.13535e+06
134.441 4.13533e+06
134.459 4.13532e+06
134.549 4.13532e+06
134.564 4.13529e+06
134.581 4.13526e+06
134.605 4.13524e+06
134.665 4.13521e+06
134.684 4.1352e+06
134.697 4.13519e+06
134.71 4.13518e+06
134.733 4.13518e+06
134.745 4.13508e+06
134.747 4.13507e+06
134.765 4.13507e+06
134.795 4.13505e+06
134.812 4.13504e+06
134.821 4.13504e+06
134.841 4.13503e+06
134.843 4.13501e+06
134.89 4.135e+06
134.962 4.13498e+06
134.985 4.13497e+06
135.009 4.13493e+06
135.035 4.13493e+06
135.063 4.13492e+06
135.319 4.13492e+06
135.35 4.13491e+06
135.366 4.13491e+06
135.376 4.13491e+06
135.391 4.1349e+06
135.45 4.13488e+06
135.458 4.13488e+06
135.557 4.13487e+06
135.592 4.13487e+06
135.619 4.13485e+06
136.086 4.13485e+06
136.088 4.13483e+06
136.161 4.13476e+06
136.165 4.13475e+06
136.17 4.13472e+06
136.19 4.1347e+06
136.217 4.13468e+06
136.22 4.13466e+06
136.252 4.13461e+06
136.266 4.13461e+06
136.338 4.13456e+06
136.373 4.13455e+06
136.376 4.13455e+06
136.399 4.13454e+06
136.414 4.13452e+06
136.458 4.13452e+06
136.463 4.1345e+06
136.547 4.1345e+06
136.639 4.13448e+06
136.679 4.13448e+06
136.695 4.13447e+06
136.7 4.13447e+06
136.734 4.13446e+06
136.748 4.13445e+06
136.754 4.13444e+06
136.756 4.13443e+06
136.761 4.13442e+06
136.768 4.13441e+06
136.776 4.1344e+06
136.787 4.1344e+06
136.883 4.1344e+06
136.888 4.13439e+06
136.893 4.13439e+06
136.9 4.13439e+06
136.955 4.13436e+06
136.961 4.13435e+06
137 4.13435e+06
137.004 4.13433e+06
137.043 4.13429e+06
137.056 4.13426e+06
137.058 4.13426e+06
137.061 4.13425e+06
137.066 4.13424e+06
137.071 4.13423e+06
137.129 4.13421e+06
137.244 4.1342e+06
137.386 4.13419e+06
137.406 4.13419e+06
137.428 4.13418e+06
137.506 4.13417e+06
137.583 4.13416e+06
137.586 4.13416e+06
137.595 4.13416e+06
137.622 4.13415e+06
137.707 4.13415e+06
137.732 4.13415e+06
137.826 4.13412e+06
137.845 4.13411e+06
137.88 4.13409e+06
137.89 4.13408e+06
137.903 4.13408e+06
137.931 4.13407e+06
137.976 4.13405e+06
138.001 4.13405e+06
138.033 4.13404e+06
138.089 4.13399e+06
138.11 4.13398e+06
138.126 4.13398e+06
138.141 4.13397e+06
138.154 4.13395e+06
138.175 4.13393e+06
138.274 4.13393e+06
138.405 4.13392e+06
138.427 4.13387e+06
138.473 4.13386e+06
138.504 4.13385e+06
138.506 4.13384e+06
138.543 4.13384e+06
138.552 4.13382e+06
138.559 4.1338e+06
138.607 4.1338e+06
138.633 4.1338e+06
138.746 4.13379e+06
138.779 4.13378e+06
138.801 4.13378e+06
138.838 4.13375e+06
138.852 4.13374e+06
138.894 4.13374e+06
138.917 4.13373e+06
138.938 4.1337e+06
138.963 4.13366e+06
138.988 4.13365e+06
139.026 4.13364e+06
139.122 4.13363e+06
139.171 4.13363e+06
139.176 4.13359e+06
139.225 4.13358e+06
139.246 4.13356e+06
139.257 4.13354e+06
139.322 4.13353e+06
139.372 4.13352e+06
139.524 4.13352e+06
139.562 4.13347e+06
139.569 4.13346e+06
139.603 4.13345e+06
139.637 4.13344e+06
139.644 4.13343e+06
139.663 4.13343e+06
139.694 4.13341e+06
139.699 4.1334e+06
139.764 4.13338e+06
139.797 4.13337e+06
139.81 4.13336e+06
139.846 4.13336e+06
139.918 4.13334e+06
139.929 4.13334e+06
139.931 4.13333e+06
139.966 4.13333e+06
139.989 4.13331e+06
140.006 4.13329e+06
140.015 4.13328e+06
140.267 4.13328e+06
140.393 4.13328e+06
140.414 4.13326e+06
140.448 4.13323e+06
140.49 4.1332e+06
140.494 4.1332e+06
140.538 4.13302e+06
140.591 4.13299e+06
140.699 4.13296e+06
140.7 4.13291e+06
140.703 4.13289e+06
140.717 4.13283e+06
140.721 4.13282e+06
140.724 4.13279e+06
140.732 4.13279e+06
140.784 4.1326e+06
140.795 4.13259e+06
140.802 4.13256e+06
140.876 4.13256e+06
140.882 4.13256e+06
140.885 4.13256e+06
140.897 4.13251e+06
140.908 4.1325e+06
140.936 4.1325e+06
141.213 4.13248e+06
141.348 4.13247e+06
141.352 4.13246e+06
141.379 4.13237e+06
141.385 4.13237e+06
141.455 4.13235e+06
141.5 4.13233e+06
141.507 4.13231e+06
141.61 4.13229e+06
141.634 4.13228e+06
141.655 4.13224e+06
141.685 4.13223e+06
141.74 4.13223e+06
141.768 4.13222e+06
141.82 4.13219e+06
141.939 4.13218e+06
141.947 4.13213e+06
141.964 4.13209e+06
141.972 4.13208e+06
142.044 4.13207e+06
142.078 4.13205e+06
142.165 4.13205e+06
142.172 4.13204e+06
142.199 4.13203e+06
142.221 4.13202e+06
142.274 4.13202e+06
142.36 4.13202e+06
142.387 4.13199e+06
142.393 4.13199e+06
142.428 4.13198e+06
142.505 4.13198e+06
142.508 4.13197e+06
142.563 4.13196e+06
142.565 4.13196e+06
142.596 4.13196e+06
142.684 4.13178e+06
142.685 4.13177e+06
142.703 4.13176e+06
142.707 4.13174e+06
142.742 4.13172e+06
142.782 4.13171e+06
142.791 4.1317e+06
142.795 4.13169e+06
142.808 4.13168e+06
142.861 4.13167e+06
142.94 4.13166e+06
143.01 4.13164e+06
143.016 4.13158e+06
143.025 4.13158e+06
143.048 4.13152e+06
143.172 4.1315e+06
143.206 4.13149e+06
143.223 4.13135e+06
143.298 4.13133e+06
143.34 4.13132e+06
143.362 4.13132e+06
143.383 4.13132e+06
143.409 4.1313e+06
143.443 4.13129e+06
143.468 4.13128e+06
143.503 4.13128e+06
143.591 4.13127e+06
143.645 4.13125e+06
143.736 4.13123e+06
143.86 4.13123e+06
143.884 4.13123e+06
143.93 4.13123e+06
143.979 4.13122e+06
144.069 4.13121e+06
144.111 4.13112e+06
144.129 4.13109e+06
144.143 4.13108e+06
144.17 4.13106e+06
144.177 4.13106e+06
144.237 4.13105e+06
144.247 4.13104e+06
144.263 4.13103e+06
144.276 4.13102e+06
144.286 4.13093e+06
144.302 4.13093e+06
144.336 4.13089e+06
144.417 4.13088e+06
144.438 4.13088e+06
144.585 4.13088e+06
144.678 4.13087e+06
144.68 4.13087e+06
144.752 4.13087e+06
144.773 4.13085e+06
144.851 4.13084e+06
144.869 4.1308e+06
144.923 4.13079e+06
145 4.13079e+06
145.02 4.13078e+06
145.1 4.13078e+06
145.138 4.13078e+06
145.141 4.13076e+06
145.154 4.13076e+06
145.186 4.13073e+06
145.24 4.13072e+06
145.257 4.1307e+06
145.316 4.1307e+06
145.326 4.13068e+06
145.333 4.13067e+06
145.343 4.13061e+06
145.504 4.13056e+06
145.506 4.13056e+06
145.535 4.13054e+06
145.628 4.13054e+06
145.746 4.13051e+06
145.788 4.13051e+06
145.832 4.13042e+06
145.844 4.13041e+06
145.863 4.13038e+06
145.869 4.13037e+06
145.891 4.13029e+06
145.945 4.13027e+06
145.97 4.13027e+06
146.087 4.13025e+06
146.157 4.13024e+06
146.177 4.13023e+06
146.189 4.13017e+06
146.233 4.13017e+06
146.27 4.13016e+06
146.338 4.13016e+06
146.349 4.13015e+06
146.41 4.13015e+06
146.439 4.13014e+06
146.447 4.13014e+06
146.457 4.13012e+06
146.469 4.13011e+06
146.475 4.1301e+06
146.508 4.12994e+06
146.553 4.12993e+06
146.576 4.12992e+06
146.595 4.12988e+06
146.604 4.12984e+06
146.613 4.12984e+06
146.615 4.12984e+06
146.663 4.1298e+06
146.705 4.1298e+06
146.72 4.12979e+06
146.775 4.12979e+06
146.811 4.12979e+06
146.814 4.12978e+06
146.839 4.12977e+06
146.877 4.12976e+06
146.881 4.12976e+06
146.92 4.12976e+06
146.998 4.12974e+06
147.008 4.12973e+06
147.062 4.12972e+06
147.072 4.12972e+06
147.091 4.1297e+06
147.116 4.12969e+06
147.146 4.12968e+06
147.203 4.12967e+06
147.305 4.12967e+06
147.373 4.12966e+06
147.385 4.12966e+06
147.454 4.12962e+06
147.481 4.12962e+06
147.545 4.12957e+06
147.577 4.12957e+06
147.593 4.12955e+06
147.619 4.12955e+06
147.78 4.12955e+06
147.782 4.12954e+06
147.787 4.12952e+06
147.794 4.12952e+06
147.937 4.1295e+06
148.16 4.12949e+06
148.199 4.12948e+06
148.229 4.12948e+06
148.3 4.12947e+06
148.336 4.12946e+06
148.373 4.12944e+06
148.397 4.12943e+06
148.41 4.12939e+06
148.425 4.12931e+06
148.434 4.12928e+06
148.548 4.12926e+06
148.55 4.12926e+06
148.614 4.12924e+06
148.621 4.12921e+06
148.629 4.1292e+06
148.644 4.12919e+06
148.874 4.12918e+06
148.888 4.12917e+06
148.973 4.12915e+06
148.993 4.12913e+06
149.018 4.12912e+06
149.117 4.12912e+06
149.143 4.12912e+06
149.367 4.12911e+06
149.377 4.12909e+06
149.381 4.12909e+06
149.383 4.12909e+06
149.477 4.12908e+06
149.867 4.12907e+06
149.883 4.12904e+06
149.955 4.12904e+06
150.006 4.12904e+06
150.01 4.12901e+06
150.033 4.12896e+06
150.127 4.12895e+06
150.19 4.12895e+06
150.265 4.12894e+06
150.278 4.12889e+06
150.31 4.12889e+06
150.362 4.12889e+06
150.376 4.12885e+06
150.483 4.12883e+06
150.499 4.12876e+06
150.572 4.12873e+06
150.891 4.12869e+06
150.901 4.12866e+06
150.921 4.12865e+06
150.938 4.12864e+06
150.995 4.12863e+06
151 4.12862e+06
151.034 4.12862e+06
151.054 4.1286e+06
151.08 4.1286e+06
151.141 4.12859e+06
151.154 4.12853e+06
151.16 4.1285e+06
151.176 4.1285e+06
151.185 4.12848e+06
151.198 4.12847e+06
151.216 4.12847e+06
151.234 4.12847e+06
151.266 4.12843e+06
151.296 4.12839e+06
151.411 4.12838e+06
151.444 4.12836e+06
151.468 4.12836e+06
151.561 4.12836e+06
151.608 4.12834e+06
151.615 4.12834e+06
151.751 4.12829e+06
151.835 4.12827e+06
151.965 4.12826e+06
151.97 4.12826e+06
151.988 4.12824e+06
152.221 4.12824e+06
152.305 4.12824e+06
152.39 4.12822e+06
152.429 4.12821e+06
152.442 4.12817e+06
152.449 4.12816e+06
