9.86 313874
9.861 313872
9.862 313866
9.863 313816
9.865 313794
9.866 313780
9.867 313682
9.869 313663
9.871 313631
9.872 313521
9.874 313497
9.875 313440
9.876 313439
9.878 313430
9.879 313423
9.88 313397
9.881 313391
9.883 313375
9.884 313372
9.886 313347
9.887 313341
9.888 313332
9.889 313331
9.89 313277
9.892 313245
9.896 313244
9.897 313201
9.898 313178
9.9 313097
9.901 313020
9.903 313004
9.904 312995
9.905 312974
9.907 312953
9.908 312944
9.91 312935
9.912 312886
9.914 312815
9.916 312811
9.918 312798
9.921 312702
9.922 312701
9.925 312356
9.927 312328
9.929 312273
9.93 312270
9.932 312203
9.933 312195
9.935 312149
9.936 312117
9.937 312115
9.938 312091
9.94 312083
9.941 312053
9.943 312052
9.944 312049
9.945 312012
9.946 311970
9.949 311870
9.95 311830
9.952 311702
9.953 311677
9.956 311599
9.959 311560
9.96 311546
9.961 311520
9.963 311492
9.964 311453
9.966 311378
9.968 311355
9.97 311314
9.971 311281
9.972 311280
9.973 311279
9.977 311273
9.978 311257
9.98 311242
9.981 311235
9.984 311234
9.985 311220
9.986 311218
9.988 311082
9.989 311070
9.99 310982
9.993 310851
9.994 310840
9.996 310837
9.997 310820
9.999 310751
10 310735
10.002 310710
10.004 310689
10.006 310669
10.007 310667
10.008 310666
10.01 310638
10.012 310616
10.014 310608
10.017 310553
10.018 310538
10.02 310535
10.021 310528
10.023 310487
10.024 310484
10.027 310448
10.03 310374
10.032 310321
10.034 310319
10.035 310318
10.037 310219
10.039 309973
10.041 309905
10.042 309903
10.05 309901
10.055 309828
10.057 309810
10.059 309775
10.06 309773
10.064 309668
10.065 309667
10.071 309514
10.074 309503
10.075 309502
10.078 309498
10.08 309420
10.083 309380
10.084 309373
10.086 309370
10.088 309367
10.089 309358
10.091 309302
10.093 309283
10.094 309246
10.095 309211
10.097 309204
10.098 309201
10.099 309195
10.101 309181
10.105 308905
10.106 308893
10.107 308891
10.108 308856
10.11 308841
10.112 308802
10.116 308801
10.121 308800
10.122 308779
10.124 308776
10.125 308772
10.128 308745
10.129 308727
10.133 308708
10.134 308692
10.136 308666
10.137 308639
10.139 308633
10.144 308628
10.145 308618
10.149 308611
10.151 308605
10.152 308591
10.156 308576
10.157 308542
10.161 308477
10.162 308469
10.164 308467
10.165 308447
10.167 308435
10.169 308421
10.171 308417
10.173 308412
10.174 308405
10.176 308395
10.178 308341
10.179 308329
10.18 308324
10.184 308322
10.185 308317
10.186 308294
10.188 308265
10.189 308264
10.192 308253
10.194 308227
10.195 308222
10.196 308210
10.198 308170
10.205 308145
10.206 308144
10.208 308140
10.209 308136
10.21 308118
10.212 308108
10.218 307947
10.22 307916
10.221 307915
10.222 307870
10.224 307855
10.227 307834
10.232 307824
10.233 307804
10.234 307781
10.248 307764
10.249 307744
10.259 307739
10.262 307738
10.264 307694
10.265 307644
10.268 307642
10.269 307634
10.272 307620
10.273 307613
10.274 307578
10.278 307574
10.282 307563
10.283 307555
10.288 307551
10.29 307504
10.292 307500
10.307 307489
10.308 307484
10.311 307473
10.312 307470
10.32 307457
10.321 307454
10.324 307448
10.326 307425
10.327 307388
10.33 307374
10.331 307372
10.335 307371
10.337 307370
10.358 307367
10.359 307358
10.362 307350
10.365 307349
10.366 307343
10.368 307339
10.37 307338
10.373 307303
10.375 307282
10.388 307278
10.396 307273
10.406 307261
10.407 307247
10.419 307239
10.424 307205
10.425 307202
10.426 307195
10.431 307193
10.433 307189
10.439 307183
10.443 307181
10.447 307172
10.452 307168
10.456 307166
10.46 307156
10.462 307155
10.463 307152
10.465 307151
10.467 307144
10.469 307140
10.47 307127
10.471 307119
10.472 307118
10.479 307058
10.481 307057
10.485 307028
10.502 307027
10.507 307016
10.508 307015
10.512 306945
10.514 306944
10.515 306940
10.516 306936
10.519 306934
10.52 306903
10.524 306899
10.527 306893
10.532 306892
10.536 306890
10.538 306889
10.542 306886
10.546 306852
10.549 306851
10.552 306840
10.572 306703
10.575 306675
10.581 306635
10.583 306634
10.586 306629
10.587 306625
10.589 306624
10.592 306579
10.595 306558
10.598 306554
10.599 306481
10.602 306469
10.606 306463
10.609 306462
10.611 306453
10.613 306452
10.615 306445
10.62 306438
10.621 306425
10.623 306408
10.626 306401
10.629 306389
10.63 306386
10.635 306381
10.637 306376
10.64 306353
10.642 306331
10.643 306330
10.646 306325
10.649 306272
10.66 306238
10.735 306221
10.737 306219
10.778 306182
10.779 306171
10.785 306071
10.79 306070
10.795 306068
10.799 306065
10.801 306060
10.807 306053
10.808 306052
10.811 306050
10.813 306049
10.814 306044
10.817 306035
10.822 306034
10.825 306022
10.827 306017
10.855 305992
10.856 305965
10.858 305963
10.86 305957
10.864 305956
10.867 305952
10.869 305886
10.87 305881
10.872 305880
10.873 305863
10.875 305852
10.88 305830
10.888 305809
10.89 305804
10.893 305792
10.899 305782
10.906 305781
10.911 305771
10.913 305756
10.918 305743
10.919 305722
10.922 305721
10.927 305719
10.928 305713
10.933 305690
10.935 305679
10.939 305677
10.959 305676
10.96 305613
10.965 305611
10.966 305607
11.015 305591
11.016 305573
11.021 305565
11.023 305553
11.03 305489
11.032 305488
11.033 305471
11.035 305468
11.039 305456
11.045 305455
11.052 305443
11.056 305440
11.058 305439
11.059 305423
11.064 305406
11.067 305403
11.069 305401
11.072 305397
11.077 305363
11.082 305355
11.089 305348
11.125 305347
11.126 305345
11.128 305342
11.13 305335
11.136 305334
11.138 305329
11.141 305326
11.145 305322
11.147 305315
11.154 305307
11.164 305306
11.168 305299
11.17 305290
11.212 305276
11.216 305181
11.634 305179
11.636 305170
11.637 305163
11.646 305162
11.79 305143
11.853 305134
11.855 305126
11.859 305123
11.861 305119
11.971 305118
11.983 305116
11.987 305115
11.994 305106
11.995 305099
12.006 305095
12.015 305085
12.024 305083
12.025 305082
12.028 305081
12.029 305077
12.034 305065
12.037 305064
12.04 305054
12.064 305041
12.067 305035
12.182 305034
12.184 305030
12.186 305009
12.188 304999
12.189 304997
12.211 304988
12.214 304984
12.226 304979
12.229 304971
12.231 304968
12.233 304960
12.234 304959
12.237 304946
12.239 304944
12.244 304936
12.261 304930
12.271 304928
12.273 304923
12.275 304897
12.505 304896
12.512 304895
12.515 304891
12.518 304862
12.523 304859
12.524 304849
12.526 304844
12.537 304836
12.538 304832
12.561 304813
12.576 304791
12.577 304789
12.607 304784
12.609 304773
12.613 304770
12.618 304762
12.62 304743
12.622 304742
12.639 304740
12.649 304734
12.694 304709
12.713 304698
12.716 304694
12.719 304691
12.72 304666
12.723 304664
12.751 304654
12.798 304653
12.8 304633
12.801 304632
12.802 304625
12.804 304613
12.806 304610
12.808 304602
12.812 304585
12.814 304581
12.823 304569
12.825 304555
12.837 304554
12.857 304550
12.864 304547
12.871 304543
12.88 304542
12.882 304534
13.012 304514
13.021 304510
13.023 304504
13.695 304475
13.696 304473
13.757 304452
13.759 304448
13.76 304445
13.778 304347
13.78 304309
13.781 304293
13.787 304286
13.788 304263
13.836 304226
13.84 304202
13.841 304189
13.843 304181
13.845 304179
13.86 304176
13.861 304172
13.866 304161
13.867 304156
13.874 304115
13.892 304107
13.895 304100
13.902 304090
13.91 304089
13.919 304069
13.928 304038
13.929 304037
13.93 304026
13.971 304012
13.978 304007
13.98 304001
13.982 303998
13.985 303997
13.988 303996
14 303994
14.002 303991
14.004 303978
14.006 303964
14.007 303957
14.017 303956
17.685 303946
17.689 303944
17.707 303929
17.71 303925
17.711 303895
17.714 303892
17.718 303887
17.734 303873
17.789 303869
17.797 303868
17.89 303858
17.892 303847
17.894 303845
17.897 303797
17.903 303769
17.909 303746
17.912 303731
17.915 303730
17.921 303728
17.923 303721
17.94 303690
17.944 303685
17.965 303678
17.967 303676
17.971 303665
17.974 303664
17.985 303660
17.989 303604
18.003 303594
18.01 303585
18.011 303576
18.03 303567
18.067 303551
18.068 303547
18.07 303530
18.073 303520
18.078 303519
18.08 303472
18.081 303465
18.092 303460
18.1 303454
18.111 303452
18.115 303442
18.118 303438
18.132 303327
18.138 303301
18.139 303296
18.141 303288
18.164 303286
18.165 303271
18.276 303261
18.277 303248
18.281 303223
18.282 303205
18.284 303194
18.289 303188
18.295 303183
18.303 303178
18.305 303165
18.306 303163
18.309 303144
18.314 303132
18.331 303129
18.334 303126
18.337 303125
18.338 303124
18.343 303122
18.356 303121
18.435 303115
18.441 303110
18.443 303106
18.445 303103
18.485 303097
18.486 303090
18.488 303087
18.489 303070
18.49 303063
18.492 303061
18.946 303049
18.948 302999
18.949 302988
18.952 302963
18.955 302957
18.956 302949
18.96 302944
18.961 302940
18.962 302934
18.964 302900
18.97 302893
18.972 302887
18.974 302886
19.018 302884
19.029 302870
19.03 302869
19.032 302868
19.051 302864
19.058 302861
19.059 302858
19.061 302857
19.067 302842
19.075 302650
19.077 302641
19.079 302638
19.094 302636
19.095 302631
19.099 302619
19.109 302616
19.112 302614
19.115 302611
19.118 302602
19.125 302592
19.129 302557
19.131 302544
19.572 302501
19.577 302500
19.582 302497
19.584 302482
19.585 302474
19.592 302470
19.596 302469
19.601 302434
19.736 302433
19.738 302413
19.74 302386
19.745 302383
19.746 302363
19.748 302349
19.753 302341
19.759 302314
19.777 302295
19.987 302289
19.996 302288
19.997 302284
19.998 302267
20.002 302259
20.003 302257
20.004 302251
20.006 302249
20.016 302241
20.017 302232
20.022 302230
20.023 302226
20.025 302214
20.035 302198
20.07 302191
20.321 302174
20.336 302155
20.362 302126
20.365 302113
20.37 302108
20.372 302106
20.373 302101
20.375 302098
20.488 302097
20.5 302091
20.502 302081
20.505 302060
21.592 301990
21.719 301985
21.724 301984
21.726 301933
21.752 301895
21.77 301894
21.773 301878
21.774 301877
21.78 301865
21.786 301862
21.787 301861
21.789 301857
21.793 301855
21.798 301853
21.921 301849
21.924 301804
21.925 301799
21.927 301783
21.932 301744
21.936 301709
21.938 301707
21.943 301682
21.945 301659
21.95 301643
22.028 301613
22.031 301590
22.037 301579
22.044 301534
22.047 301529
22.048 301506
22.058 301492
22.192 301491
22.195 301489
22.219 301481
22.257 301477
22.258 301476
22.263 301438
22.317 301434
22.327 301432
24.805 301421
24.808 301401
24.859 301398
24.86 301391
24.864 301385
24.867 301378
24.868 301364
24.875 301356
24.918 301352
24.919 301345
24.922 301344
24.924 301330
24.935 301328
24.937 301322
24.939 301314
24.942 301308
24.944 301299
24.951 301275
24.953 301273
24.968 301272
25.721 301255
25.723 301224
25.726 301220
25.731 301212
25.741 301195
25.746 301194
25.747 301182
25.75 301176
25.759 301170
25.76 301158
25.787 301148
25.791 301142
25.794 301114
25.797 301101
25.801 301087
25.802 301085
25.805 301081
25.808 301078
25.81 300967
25.812 300964
25.813 300963
25.815 300961
25.828 300957
25.831 300943
25.832 300941
25.836 300919
25.845 300917
25.864 300911
25.865 300900
25.868 300876
25.914 300874
25.918 300872
25.919 300857
25.921 300855
25.923 300849
25.936 300832
25.937 300827
26.581 300812
26.645 300809
26.661 300808
26.668 300791
26.669 300789
26.694 300777
26.695 300770
26.696 300764
26.698 300761
26.701 300759
26.702 300754
26.705 300736
26.707 300734
26.709 300732
26.723 300731
26.725 300726
26.726 300724
26.731 300720
26.733 300704
26.735 300690
26.753 300660
26.756 300659
26.757 300624
26.759 300622
26.761 300610
26.767 300609
26.771 300595
26.777 300585
26.781 300566
26.787 300533
26.795 300526
26.797 300498
26.799 300493
26.8 300492
26.803 300488
26.808 300485
27.124 300480
27.127 300468
27.136 300448
27.174 300403
27.181 300402
27.182 300350
27.189 300347
27.195 300337
27.197 300329
27.202 300321
27.309 300319
27.32 300312
27.327 300311
27.329 300306
27.33 300302
27.331 300292
27.336 300201
27.337 300198
27.338 300189
27.345 300187
27.35 300167
27.351 300161
27.353 300143
27.355 300113
27.359 300102
27.364 300099
27.37 300093
27.375 300060
28.402 300041
28.438 299974
28.44 299973
28.442 299959
28.446 299957
28.45 299954
28.451 299944
28.47 299942
28.471 299938
28.473 299919
28.475 299911
28.478 299906
28.529 299900
28.616 299876
30.011 299865
30.018 299861
30.02 299858
30.025 299831
30.027 299824
30.029 299810
30.03 299809
30.036 299808
30.037 299803
30.039 299796
30.042 299789
30.057 299785
30.059 299784
30.065 299775
30.07 299764
30.081 299742
30.084 299739
30.105 299720
30.108 299697
30.128 299688
30.129 299684
30.131 299646
30.133 299629
30.137 299625
30.14 299607
30.146 299597
30.15 299583
30.153 299571
30.155 299570
30.161 299562
30.164 299561
30.166 299553
30.17 299544
30.253 299539
30.279 299519
30.28 299512
30.359 299505
30.36 299496
30.378 299460
30.38 299457
30.382 299451
30.384 299441
30.401 299425
30.406 299415
30.593 299355
30.597 299349
30.599 299340
30.601 299336
30.603 299328
30.604 299326
30.606 299322
30.607 299317
30.608 299314
30.611 299310
30.616 299305
30.617 299304
30.618 299303
30.622 299299
30.634 299296
32.016 299295
32.017 299290
32.019 299265
32.039 299257
32.042 299215
32.425 299189
32.427 299152
32.43 299146
32.433 299137
32.434 299120
32.436 299103
32.44 299102
32.451 299098
32.456 299087
32.458 299077
32.464 299076
32.466 299072
32.469 299055
32.47 299044
32.49 299039
32.492 299015
32.493 298980
32.496 298957
32.497 298944
32.499 298900
32.504 298897
32.506 298886
32.512 298884
32.514 298851
32.518 298831
32.522 298822
32.523 298821
32.533 298806
32.534 298798
32.537 298797
32.541 298795
32.543 298791
32.545 298789
32.547 298757
32.55 298752
32.577 298704
32.579 298696
32.58 298695
32.582 298687
32.593 298637
32.735 298628
32.743 298611
32.748 298606
32.779 298595
32.781 298569
32.787 298500
32.791 298466
32.801 298462
32.802 298460
32.819 298453
32.821 298449
32.823 298448
32.825 298436
32.827 298400
32.832 298398
32.849 298344
32.854 298292
32.859 298260
32.86 298259
33.164 298223
33.165 298210
33.206 298131
33.207 298107
33.21 298098
33.224 298097
33.232 298075
33.234 298039
33.369 298028
33.374 297985
33.376 297982
33.378 297981
33.38 297945
33.383 297926
33.405 297919
33.407 297914
33.456 297895
33.459 297886
33.475 297878
33.478 297876
33.479 297853
33.493 297837
38.672 297813
38.687 297809
38.689 297797
38.695 297786
38.704 297774
38.706 297773
38.709 297770
38.712 297768
38.714 297766
38.715 297750
38.775 297740
38.777 297731
38.78 297728
38.782 297702
38.783 297701
38.785 297700
38.944 297693
38.958 297679
38.98 297666
39 297602
39.002 297588
39.021 297571
39.033 297557
39.036 297555
39.044 297546
39.047 297543
39.057 297498
39.061 297494
40.504 297490
40.511 297474
40.513 297455
40.515 297443
40.519 297437
40.52 297426
40.522 297418
40.523 297406
40.529 297367
40.535 297365
40.539 297363
40.656 297361
40.658 297355
40.66 297308
40.662 297294
40.665 297289
40.666 297278
40.672 297277
40.673 297276
40.676 297241
40.677 297210
40.679 297188
40.681 297154
40.683 297141
40.684 297110
40.688 297107
40.693 297104
40.696 297085
40.697 297078
40.698 297039
40.701 297029
40.703 297028
40.706 296990
40.707 296985
40.709 296976
40.725 296974
40.732 296968
48.599 296925
48.602 296916
48.603 296908
48.643 296901
48.645 296888
48.684 296876
48.726 296844
48.729 296816
48.732 296815
48.737 296813
48.742 296807
48.756 296771
48.757 296768
48.767 296719
48.902 296716
48.903 296708
48.906 296691
48.909 296673
49.048 296629
49.052 296622
49.057 296620
49.06 296593
49.062 296586
49.063 296578
49.065 296573
49.066 296569
49.071 296562
49.073 296560
49.075 296548
50.035 296542
51.509 296537
51.51 296512
51.513 296511
51.516 296501
51.526 296465
51.528 296460
51.566 296459
51.568 296421
51.57 296420
51.572 296395
51.575 296380
51.589 296376
51.59 296362
51.608 296350
51.611 296343
51.612 296341
51.614 296333
51.615 296328
51.618 296327
51.626 296307
51.628 296294
51.631 296287
51.68 296266
51.682 296246
51.69 296236
51.702 296226
51.711 296223
51.937 296207
51.94 296186
51.945 296177
51.947 296173
51.949 296149
51.953 296137
51.955 296135
51.956 296132
51.958 296115
51.961 296112
51.962 296106
51.964 296102
51.967 296098
51.968 296094
52.016 296092
52.025 296077
52.039 296075
52.048 296058
52.049 296054
52.062 296045
52.067 296044
52.069 296043
52.308 296030
52.311 296028
52.324 296027
52.326 296026
52.328 295987
52.331 295984
52.333 295981
52.334 295971
52.348 295959
52.35 295953
52.352 295952
52.353 295949
52.36 295939
52.362 295930
52.363 295915
52.364 295906
52.369 295895
52.37 295858
52.376 295857
52.492 295848
52.496 295844
52.498 295828
52.568 295772
52.577 295715
52.578 295709
52.606 295677
52.618 295674
52.621 295668
52.624 295641
52.625 295635
52.627 295633
52.636 295616
52.638 295610
52.648 295607
52.658 295604
52.659 295587
52.682 295503
52.684 295475
52.686 295460
52.692 295457
52.694 295410
52.697 295400
52.915 295387
52.918 295378
52.991 295365
52.992 295323
53.005 295310
53.01 295307
53.012 295301
53.277 295260
53.283 295256
53.507 295251
53.592 295226
53.595 295215
53.597 295132
53.617 295131
53.633 295109
54.104 295106
54.105 295088
54.108 295085
54.111 295064
62.727 295062
62.73 295059
62.744 295035
62.747 295030
62.749 295013
62.751 295012
62.752 295007
62.754 295006
62.766 294989
62.767 294984
66.94 294973
66.948 294969
66.949 294966
66.982 294957
66.984 294955
66.994 294937
66.995 294931
66.997 294919
67.024 294912
67.029 294903
67.279 294882
67.28 294873
67.282 294869
67.291 294867
67.297 294841
67.301 294839
67.31 294801
67.312 294800
67.315 294794
67.318 294763
67.32 294756
67.321 294750
67.323 294748
67.326 294746
67.327 294744
67.328 294740
67.332 294737
67.373 294735
67.378 294701
67.381 294679
67.429 294676
67.436 294647
67.437 294642
67.439 294632
67.444 294629
67.464 294627
67.467 294611
71.82 294601
71.823 294596
71.836 294577
71.839 294574
71.84 294552
71.846 294546
71.851 294544
71.854 294493
71.857 294476
71.86 294474
71.891 294467
71.901 294457
71.965 294455
71.967 294425
71.968 294424
72.083 294416
72.084 294371
72.087 294366
72.093 294344
72.094 294338
72.096 294335
83.306 294299
83.32 294276
83.322 294272
83.325 294264
83.348 294193
83.356 294162
83.358 294161
83.36 294158
83.366 294123
83.368 294121
85.734 294105
85.737 294097
85.738 294094
85.748 294082
85.751 294081
85.759 294079
85.789 294060
85.794 294050
85.826 294048
85.829 294040
85.833 294035
85.839 294026
85.843 294021
85.846 294011
85.85 294008
85.854 293993
85.857 293988
85.863 293985
91.534 293970
91.568 293965
91.576 293954
91.586 293940
91.588 293930
91.589 293918
91.599 293897
91.608 293876
91.61 293866
91.621 293834
91.622 293828
91.762 293825
91.765 293813
91.805 293804
91.806 293777
91.809 293749
91.813 293715
91.819 293692
91.82 293691
91.822 293682
91.827 293652
91.829 293644
91.83 293625
91.834 293616
91.835 293612
92.003 293610
101.345 293608
101.352 293593
101.364 293592
101.368 293591
101.372 293589
101.456 293565
101.566 293564
101.581 293511
101.585 293503
101.588 293498
101.592 293494
101.602 293486
101.608 293478
101.615 293466
101.628 293460
101.632 293458
101.634 293454
101.638 293444
101.643 293430
101.647 293344
101.695 293342
101.703 293329
101.708 293308
101.713 293304
101.714 293289
109.089 293288
109.705 293287
109.707 293283
109.738 293281
109.746 293268
109.748 293256
109.75 293244
109.752 293230
110.813 293225
110.984 293213
111.075 293211
111.077 293203
111.143 293190
111.197 293188
111.199 293161
111.248 293140
111.249 293135
111.252 293125
111.573 293123
111.575 293110
114.229 293075
136.823 293064
136.836 293044
136.859 293037
136.861 293036
136.865 293030
136.866 293021
136.869 293010
136.87 293009
137.422 292994
137.566 292986
137.568 292973
137.57 292967
137.571 292951
137.581 292942
137.597 292926
137.602 292918
137.612 292906
137.614 292895
137.658 292876
137.666 292867
137.675 292860
137.677 292854
144.805 292852
144.812 292840
145.319 292831
145.324 292829
145.389 292826
145.391 292824
145.393 292814
146.544 292813
147.177 292809
147.182 292772
147.184 292762
147.187 292745
147.215 292742
147.217 292728
147.218 292709
147.221 292702
147.242 292697
147.26 292685
147.264 292684
147.34 292653
147.348 292650
147.367 292639
147.369 292636
147.38 292620
147.389 292612
147.393 292592
147.395 292586
147.396 292570
147.403 292562
147.405 292552
147.408 292549
147.41 292542
147.435 292538
147.437 292536
147.441 292501
147.444 292455
147.556 292441
147.558 292437
147.56 292435
147.638 292423
147.64 292421
147.646 292418
147.648 292410
147.652 292394
147.654 292381
147.655 292380
147.661 292378
147.716 292376
147.721 292328
147.726 292315
148.616 292295
148.619 292286
148.622 292269
148.626 292264
148.631 292258
148.633 292257
148.665 292254
148.667 292248
149.017 292246
149.02 292202
149.021 292200
149.023 292167
149.025 292135
149.03 292107
151.547 292092
151.55 292091
151.551 292074
151.553 292073
151.556 292068
151.559 292061
151.561 292032
152.957 292006
152.958 292005
152.961 291976
152.964 291957
152.982 291952
152.986 291948
152.988 291944
152.989 291943
152.991 291942
153 291903
153.002 291897
153.003 291876
153.022 291852
153.023 291840
153.089 291829
153.091 291807
153.097 291805
153.102 291799
153.105 291768
192.101 291733
192.112 291722
192.115 291706
192.128 291698
192.131 291692
192.134 291651
192.145 291640
192.157 291620
192.161 291593
192.164 291591
193.112 291581
193.19 291578
193.192 291571
193.196 291568
193.199 291532
193.202 291525
193.204 291514
193.207 291508
193.375 291503
193.377 291491
193.391 291479
193.394 291478
193.397 291475
193.429 291473
193.438 291472
193.45 291466
193.452 291465
193.453 291452
193.455 291442
193.457 291435
193.459 291434
193.509 291408
193.51 291406
193.514 291400
193.521 291392
193.524 291390
193.525 291384
194.078 291379
194.08 291372
194.083 291358
194.09 291321
194.092 291319
194.108 291280
194.113 291268
194.115 291258
194.116 291238
194.118 291202
194.125 291165
194.129 291155
194.148 291152
194.152 291134
194.154 291128
194.166 291127
194.167 291110
194.174 291096
194.181 291095
199.441 291084
199.443 291079
199.446 291067
199.449 291065
199.605 291062
199.609 291059
199.615 291029
199.676 291008
210.293 291006
210.294 291000
210.306 290972
210.307 290970
210.309 290964
210.34 290953
210.343 290938
210.348 290928
210.349 290925
210.359 290919
210.362 290913
210.364 290908
210.365 290904
210.367 290889
210.369 290886
210.371 290884
210.392 290879
210.399 290867
210.403 290834
210.41 290831
210.445 290821
210.472 290819
210.479 290802
210.48 290786
210.729 290744
210.732 290742
210.753 290739
211.641 290726
211.644 290723
211.646 290702
211.662 290688
211.668 290681
211.676 290673
211.695 290667
211.698 290642
211.699 290637
211.704 290622
211.707 290614
211.709 290591
211.71 290586
211.716 290560
211.722 290541
211.739 290540
211.757 290517
211.759 290513
211.76 290491
211.761 290483
211.763 290481
211.77 290474
211.795 290470
211.914 290459
211.918 290453
211.921 290450
211.923 290447
211.941 290442
211.967 290435
211.969 290434
211.982 290413
211.985 290409
211.986 290401
211.99 290382
212.677 290348
212.68 290310
212.751 290296
212.833 290284
215.795 290276
215.8 290272
215.802 290263
215.803 290252
215.806 290242
215.807 290235
215.809 290232
215.81 290228
215.926 290215
215.93 290193
215.933 290190
215.941 290185
215.943 290183
215.962 290175
215.964 290163
215.966 290160
216.019 290150
216.021 290149
216.029 290147
216.034 290143
216.037 290140
216.052 290131
216.055 290127
216.056 290126
216.06 290107
216.061 290105
216.066 290100
216.09 290095
221.993 290083
222.002 290077
222.004 290069
222.017 290068
222.018 290065
222.077 290063
222.085 290059
222.105 290052
222.304 290047
222.426 290035
222.431 290032
222.44 290012
222.441 290008
222.444 290007
222.447 290004
222.473 289990
222.474 289973
222.478 289964
222.48 289954
222.481 289947
222.485 289921
222.49 289869
222.495 289864
222.501 289863
222.505 289859
222.522 289848
222.524 289841
222.533 289837
257.611 289825
257.615 289821
257.621 289811
257.623 289798
257.653 289786
257.655 289777
257.657 289771
257.659 289765
257.661 289753
257.665 289744
257.673 289740
257.675 289724
257.705 289715
257.707 289710
257.715 289706
257.717 289705
257.728 289702
257.938 289683
257.941 289662
257.943 289653
257.945 289633
257.949 289617
257.951 289614
257.954 289594
257.955 289589
257.956 289570
257.995 289560
258.016 289549
258.135 289529
258.179 289528
258.361 289523
258.546 289499
258.548 289492
258.563 289463
258.564 289461
258.661 289460
259.09 289433
259.097 289430
259.117 289424
259.12 289412
259.122 289404
259.126 289397
261.501 289386
261.503 289370
261.504 289369
261.71 289356
261.715 289355
261.718 289352
261.719 289328
261.722 289326
261.729 289318
261.827 289312
261.829 289294
261.847 289277
261.858 289271
261.861 289266
261.864 289260
261.938 289242
261.941 289196
262.215 289195
262.222 289194
262.225 289192
262.227 289188
262.228 289175
262.229 289172
262.232 289158
262.244 289157
262.268 289153
262.27 289141
262.282 289130
262.283 289118
262.286 289107
262.328 289101
262.33 289090
262.347 289086
262.351 289082
262.37 289043
262.388 289039
262.39 289028
262.394 288993
262.396 288941
262.403 288927
262.777 288919
269.303 288909
269.307 288906
269.309 288898
269.319 288894
269.322 288885
269.332 288872
269.333 288861
269.408 288855
269.42 288843
269.421 288841
269.448 288832
269.451 288828
269.495 288827
269.499 288794
269.5 288790
269.506 288789
269.507 288788
269.509 288783
269.511 288782
269.517 288781
269.523 288776
269.524 288758
269.527 288743
290.056 288732
290.058 288731
290.962 288730
290.964 288729
291.01 288716
291.124 288708
291.126 288685
291.137 288664
291.159 288655
291.161 288641
291.165 288639
291.167 288624
291.173 288618
291.176 288610
291.18 288579
291.19 288567
291.192 288560
291.194 288547
291.318 288534
291.324 288509
291.331 288506
295.634 288504
295.637 288502
296.326 288494
296.431 288493
296.44 288477
296.744 288470
296.746 288467
296.783 288465
296.789 288461
296.793 288456
296.804 288450
296.805 288440
296.808 288435
296.81 288428
296.82 288416
296.822 288415
296.824 288414
296.829 288412
296.83 288408
296.833 288398
296.836 288397
296.839 288387
296.842 288375
296.844 288355
296.877 288353
296.905 288345
296.906 288333
296.911 288325
296.914 288323
296.952 288314
296.956 288312
296.962 288309
296.969 288296
296.971 288293
296.972 288289
331.5 288283
331.501 288279
331.502 288272
331.51 288265
331.528 288253
331.529 288246
331.533 288244
331.539 288238
331.54 288229
331.568 288224
331.573 288223
331.58 288215
331.582 288214
331.588 288205
331.589 288203
331.59 288185
331.592 288178
331.594 288171
331.606 288158
331.607 288150
331.609 288148
331.614 288145
331.617 288137
331.637 288134
331.638 288131
331.643 288113
331.649 288096
331.653 288094
331.659 288077
331.696 288066
331.698 288054
331.7 288046
331.702 288043
331.704 288042
331.706 288039
331.717 288025
331.756 288023
342.924 288021
342.949 288004
343.053 287997
343.976 287994
343.979 287986
343.986 287983
344.015 287970
344.018 287964
344.019 287959
353.048 287958
353.052 287955
354.242 287948
354.243 287946
354.247 287944
354.252 287935
354.267 287931
354.27 287928
354.272 287924
354.275 287921
354.277 287905
354.278 287904
354.279 287892
354.296 287887
354.358 287873
354.363 287870
354.365 287859
354.397 287853
354.398 287847
354.4 287841
354.408 287839
354.413 287838
354.549 287836
354.551 287818
354.622 287787
354.63 287784
354.637 287782
354.65 287775
354.654 287770
354.656 287768
354.801 287746
354.811 287742
354.838 287736
354.898 287735
355.018 287674
355.019 287670
355.021 287662
355.024 287661
355.027 287660
355.542 287657
355.578 287654
355.58 287650
355.598 287649
355.639 287648
355.647 287642
355.65 287640
355.697 287639
355.708 287620
355.71 287608
355.713 287604
355.714 287602
355.718 287600
355.719 287597
355.722 287590
355.731 287578
355.771 287571
355.775 287569
355.812 287568
355.816 287552
355.823 287547
355.834 287545
355.839 287540
355.847 287538
355.849 287528
355.852 287522
355.876 287492
355.877 287489
355.879 287479
355.882 287452
355.888 287446
355.892 287445
355.897 287429
355.902 287426
355.911 287418
356.051 287417
356.057 287413
356.059 287407
356.06 287405
361.807 287402
362.315 287393
362.32 287391
362.324 287388
362.329 287373
362.339 287352
362.341 287347
362.343 287340
362.379 287337
362.382 287335
362.384 287325
362.498 287323
362.502 287320
362.503 287313
362.858 287309
364.862 287305
364.865 287291
364.87 287288
364.879 287287
364.886 287284
364.919 287282
364.921 287279
364.93 287270
364.933 287261
364.938 287246
364.945 287242
364.946 287236
364.952 287231
365.003 287223
365.004 287219
365.01 287210
365.02 287201
365.024 287197
365.028 287196
365.036 287181
365.037 287178
365.041 287161
365.055 287157
365.056 287156
377.434 287144
377.439 287130
377.459 287124
377.461 287123
383.955 287116
383.959 287111
384.136 287107
384.15 287087
384.152 287074
384.155 287069
384.165 287060
384.184 287058
384.185 287051
384.187 287047
384.198 287040
384.2 287038
384.203 287034
384.887 287025
384.933 287023
384.935 287020
384.936 287015
384.944 287004
384.957 286995
384.96 286978
384.964 286973
385.202 286967
385.21 286962
385.214 286952
385.298 286951
385.303 286945
385.305 286935
385.31 286929
385.314 286922
385.321 286913
385.331 286909
386.939 286906
386.999 286886
387.004 286882
387.006 286880
387.007 286875
387.026 286873
387.028 286871
387.03 286866
387.032 286862
387.118 286856
387.12 286848
387.227 286845
387.229 286839
387.232 286833
387.239 286824
387.24 286820
394.833 286806
394.836 286801
394.839 286788
394.891 286787
394.898 286766
394.9 286763
394.917 286757
394.921 286756
394.942 286740
394.943 286737
394.946 286736
394.948 286709
394.949 286706
394.953 286705
397.874 286685
397.922 286683
397.925 286660
397.927 286653
397.929 286652
397.942 286647
397.943 286639
397.982 286613
397.985 286608
401.508 286606
401.582 286590
401.587 286578
422.272 286575
422.28 286569
422.294 286566
423.618 286565
423.62 286560
423.625 286557
423.628 286555
423.773 286554
423.783 286536
423.787 286527
423.796 286526
423.798 286525
423.806 286513
423.815 286504
423.998 286503
424.002 286485
424.006 286473
424.021 286460
424.023 286457
424.024 286448
424.063 286446
424.067 286445
424.069 286432
424.184 286431
424.207 286410
424.209 286407
424.212 286405
424.399 286397
424.411 286395
424.413 286391
424.96 286389
424.961 286387
424.965 286377
425.063 286368
427.183 286363
427.191 286360
427.193 286357
427.201 286349
427.205 286344
427.22 286343
427.223 286340
427.962 286331
427.964 286324
428.012 286323
428.015 286299
428.021 286280
428.077 286279
428.094 286271
428.096 286264
428.098 286254
435.562 286252
435.706 286250
436.577 286244
436.581 286225
436.594 286222
436.6 286221
436.605 286215
436.609 286211
437.168 286210
437.171 286209
437.178 286208
437.19 286197
437.194 286188
437.197 286185
437.201 286173
437.202 286172
437.206 286156
437.215 286154
437.245 286153
437.252 286148
437.269 286138
437.27 286131
437.284 286125
437.288 286124
437.317 286114
437.32 286108
437.323 286107
437.336 286106
437.373 286097
437.381 286095
437.395 286091
437.398 286080
437.402 286079
437.408 286076
437.423 286068
437.431 286067
437.442 286059
437.443 286055
437.445 286045
437.447 286042
437.45 286040
438.17 286033
438.175 286029
438.186 286025
438.188 286013
463.619 286010
463.621 286003
463.624 285997
463.627 285995
463.642 285991
463.647 285989
463.649 285985
463.679 285978
463.685 285965
463.687 285960
463.721 285955
463.727 285954
463.94 285944
463.99 285931
463.994 285920
463.995 285918
463.999 285915
464.008 285900
464.014 285891
464.016 285879
464.019 285874
464.023 285868
464.029 285866
464.032 285853
464.034 285832
464.043 285825
464.1 285809
464.693 285799
464.695 285794
464.704 285790
464.722 285787
464.729 285786
473.628 285773
473.636 285759
473.641 285755
473.644 285750
473.647 285740
473.649 285738
473.653 285734
473.656 285731
473.658 285729
473.66 285716
473.69 285713
473.691 285711
473.74 285706
473.744 285701
473.748 285699
473.765 285692
473.777 285686
473.78 285684
473.781 285683
473.819 285677
473.821 285675
473.824 285668
473.831 285663
473.845 285661
477.563 285658
477.579 285657
477.585 285645
477.588 285641
477.593 285640
477.596 285639
477.791 285634
477.795 285624
477.814 285614
477.817 285613
477.853 285612
477.858 285602
477.86 285599
477.867 285593
477.89 285587
477.932 285581
477.937 285576
477.941 285572
477.948 285570
477.96 285568
477.978 285567
477.982 285566
477.992 285565
477.993 285564
478.003 285559
478.007 285553
478.024 285551
478.029 285541
478.041 285486
478.081 285484
478.085 285482
478.088 285480
478.089 285470
478.354 285463
478.358 285461
478.365 285441
478.366 285420
478.592 285391
478.695 285390
478.696 285386
478.703 285364
478.709 285356
478.718 285352
478.745 285346
478.75 285343
478.787 285330
481.853 285327
482.433 285325
482.437 285321
482.44 285317
482.444 285314
482.445 285305
482.454 285303
482.462 285294
482.464 285282
484.149 285277
484.152 285265
484.158 285261
484.164 285254
484.17 285238
489.005 285237
489.012 285230
489.017 285227
489.029 285221
489.098 285218
489.174 285212
489.178 285202
489.183 285198
489.192 285192
489.199 285187
490.164 285178
490.167 285177
490.181 285175
490.184 285169
490.189 285166
490.214 285164
490.259 285162
490.276 285154
490.279 285153
490.283 285146
490.285 285144
490.293 285133
490.371 285121
490.411 285118
490.418 285116
490.419 285107
490.422 285106
490.437 285102
490.443 285100
490.445 285098
490.546 285097
490.558 285090
490.57 285083
490.571 285078
490.58 285073
491.066 285072
491.076 285070
491.102 285062
491.108 285044
491.128 285031
491.397 285025
491.399 285015
491.4 285010
491.407 285008
491.414 285007
491.428 285004
491.482 285001
491.484 284987
491.489 284985
491.983 284983
492.005 284982
492.015 284979
492.03 284977
492.032 284974
492.666 284973
492.677 284969
493.83 284962
493.833 284959
494.639 284956
494.641 284946
494.642 284942
494.644 284932
494.648 284926
494.65 284923
494.654 284922
494.656 284917
494.659 284915
494.665 284893
494.668 284888
494.697 284886
494.702 284884
494.711 284876
494.714 284875
494.722 284872
494.726 284860
494.744 284859
494.816 284846
494.843 284836
494.844 284835
494.847 284831
494.854 284829
494.861 284828
494.882 284821
494.884 284811
494.89 284808
494.892 284795
494.9 284788
494.915 284785
494.917 284784
494.92 284780
494.925 284779
494.933 284769
494.938 284764
494.941 284757
494.95 284755
494.953 284750
494.971 284747
494.979 284746
501.151 284738
501.153 284723
501.155 284721
501.163 284718
501.165 284717
501.168 284716
501.174 284714
501.186 284713
501.431 284704
501.433 284702
501.448 284699
501.455 284697
501.459 284696
501.463 284692
501.466 284689
501.467 284675
501.469 284672
501.477 284671
501.478 284667
501.48 284664
502.109 284659
502.111 284635
502.13 284627
502.133 284623
502.141 284622
502.297 284620
502.3 284619
502.303 284611
502.307 284606
502.311 284595
502.312 284590
502.482 284587
502.487 284584
502.507 284581
502.681 284575
502.706 284574
502.712 284568
502.713 284561
502.736 284560
502.764 284552
502.768 284545
503.024 284538
503.027 284535
503.084 284533
503.149 284519
503.172 284512
503.173 284511
505.94 284507
505.948 284505
505.951 284502
505.963 284496
505.969 284491
505.976 284486
506.038 284484
506.053 284470
512.34 284469
512.342 284466
512.344 284460
512.372 284457
512.374 284452
512.379 284451
512.38 284447
512.4 284442
512.406 284441
512.489 284427
512.495 284421
512.565 284416
528.433 284414
528.46 284401
528.461 284400
528.465 284395
528.47 284394
528.476 284393
528.487 284387
528.489 284381
528.495 284380
528.506 284378
528.526 284377
528.53 284374
528.535 284371
528.54 284368
528.599 284367
528.601 284365
528.602 284364
528.605 284361
528.616 284355
528.63 284342
528.885 284338
528.893 284337
528.895 284333
528.91 284331
528.946 284330
528.952 284329
528.961 284316
529.154 284315
529.158 284313
529.162 284308
529.222 284306
533.08 284299
533.091 284290
533.137 284287
533.158 284279
533.192 284274
533.205 284272
533.211 284267
533.214 284264
533.229 284262
535.21 284255
535.835 284249
535.837 284241
535.839 284237
535.842 284230
535.849 284226
535.864 284225
535.889 284217
535.892 284214
535.904 284211
535.908 284207
536 284206
536.02 284203
536.067 284197
536.07 284196
536.078 284193
536.089 284192
536.093 284186
536.097 284181
536.116 284176
536.19 284172
536.221 284170
536.25 284169
536.253 284168
536.338 284164
536.344 284158
536.382 284157
536.384 284156
539.611 284153
539.613 284144
539.617 284137
539.669 284133
541.395 284129
541.406 284125
541.428 284122
541.435 284117
541.437 284116
542.375 284110
542.383 284108
542.388 284105
542.392 284094
542.495 284082
542.496 284051
542.618 284050
542.627 284043
542.666 284042
542.675 284039
542.702 284037
542.727 284031
542.809 284030
542.812 284027
542.82 284026
542.832 284022
542.835 284016
542.842 284015
542.846 284014
542.851 284007
542.863 284004
542.865 284000
542.866 283999
548.097 283996
548.113 283991
548.28 283990
548.287 283989
548.288 283988
548.299 283982
548.309 283979
549.447 283961
549.518 283960
549.521 283959
549.522 283954
549.532 283949
549.555 283947
549.556 283944
549.565 283943
549.6 283935
549.603 283931
549.61 283929
549.613 283927
549.685 283917
559.392 283911
559.442 283910
559.535 283906
559.536 283901
559.552 283900
559.566 283882
559.577 283881
559.586 283880
559.593 283878
561.197 283870
561.232 283869
561.234 283868
561.24 283863
561.284 283862
561.287 283858
561.3 283854
561.315 283853
561.318 283851
561.323 283850
561.359 283849
561.38 283845
561.386 283841
561.43 283839
561.431 283837
561.46 283836
561.558 283835
561.856 283832
561.859 283830
561.867 283826
561.875 283824
561.992 283822
562.021 283808
562.023 283806
562.025 283801
562.041 283798
562.064 283796
562.175 283794
562.181 283790
562.184 283784
562.212 283783
562.306 283779
562.444 283766
562.449 283760
562.537 283758
562.542 283755
564.477 283754
564.488 283745
564.518 283735
565.136 283730
565.146 283729
565.158 283727
565.16 283726
565.166 283725
565.194 283720
565.2 283718
565.207 283717
565.214 283714
565.239 283713
565.247 283709
574.337 283705
574.349 283688
574.392 283685
574.407 283682
574.424 283679
574.429 283662
574.436 283660
574.448 283659
574.458 283658
574.459 283655
574.467 283654
574.479 283652
574.486 283651
574.487 283649
574.494 283648
574.498 283645
574.55 283632
574.558 283629
574.56 283626
574.571 283622
574.572 283621
574.573 283619
574.609 283616
574.618 283615
579.594 283614
579.649 283613
579.657 283612
579.697 283608
579.74 283602
579.743 283599
579.755 283597
579.802 283595
579.807 283594
579.81 283574
579.82 283570
580.287 283563
580.306 283560
580.313 283558
580.315 283552
580.317 283546
580.324 283544
580.325 283537
580.346 283525
580.347 283523
581.009 283521
581.028 283518
581.037 283511
581.06 283508
582.144 283507
582.199 283501
582.205 283500
582.208 283499
582.253 283494
582.273 283492
582.279 283491
582.282 283490
582.284 283488
582.301 283487
582.305 283483
582.308 283479
582.314 283477
582.325 283469
582.478 283468
582.491 283462
582.493 283458
582.495 283457
582.5 283432
582.526 283428
582.533 283427
582.536 283422
582.552 283421
582.568 283420
582.583 283414
582.602 283413
582.618 283401
582.624 283400
582.633 283399
582.648 283397
582.896 283396
583.554 283393
583.562 283391
583.575 283382
583.582 283371
586.709 283369
586.71 283363
586.771 283349
586.781 283346
586.787 283344
589.76 283343
589.767 283342
589.769 283340
589.772 283330
589.829 283328
589.843 283326
589.849 283323
589.854 283322
589.869 283315
589.878 283298
589.892 283293
589.931 283292
589.936 283289
589.937 283286
589.941 283284
589.953 283279
590.017 283278
590.036 283275
590.039 283274
590.063 283271
590.113 283268
590.115 283267
590.131 283262
590.164 283257
599.309 283247
599.319 283240
599.352 283237
599.396 283234
599.408 283232
599.479 283231
599.481 283228
599.482 283224
599.502 283222
599.515 283217
599.519 283214
599.584 283211
599.602 283205
599.723 283203
599.724 283199
601.178 283198
601.229 283194
601.232 283188
601.234 283178
601.422 283177
601.434 283176
601.437 283173
601.441 283169
601.445 283163
601.448 283157
601.462 283154
601.465 283151
601.472 283150
601.481 283147
601.496 283144
601.5 283141
601.584 283140
601.603 283138
601.629 283135
601.638 283132
601.71 283127
601.714 283123
601.733 283121
601.752 283119
601.753 283113
601.769 283111
601.771 283108
605.075 283106
605.194 283099
605.197 283097
605.239 283094
605.24 283093
605.243 283092
605.25 283091
605.264 283089
605.27 283082
605.302 283080
605.48 283076
605.485 283073
606.751 283071
606.759 283059
606.779 283058
606.943 283056
606.968 283053
607.026 283050
607.03 283049
607.059 283046
607.078 283044
607.083 283039
607.142 283026
607.143 283024
613.461 283015
613.605 283013
613.636 283010
613.695 283001
613.703 282996
613.876 282988
613.878 282985
613.88 282984
614.14 282982
614.169 282977
614.174 282974
614.175 282968
614.181 282964
614.184 282963
614.186 282962
614.198 282951
614.211 282950
614.234 282941
614.718 282934
614.722 282932
614.725 282927
614.813 282925
615.044 282922
615.049 282920
615.063 282914
615.147 282912
615.159 282905
618.888 282901
618.892 282894
618.896 282890
618.907 282884
618.915 282878
618.935 282877
618.939 282870
618.943 282869
619.05 282868
623.12 282867
623.122 282866
623.154 282856
623.158 282853
623.169 282847
623.172 282844
623.179 282834
623.184 282829
623.186 282828
623.187 282827
623.202 282824
623.268 282823
623.275 282817
623.28 282811
623.291 282809
623.358 282808
623.366 282807
623.387 282795
643.511 282793
643.528 282789
643.53 282781
643.541 282778
643.546 282769
643.549 282768
643.563 282762
643.576 282756
643.643 282755
643.657 282754
643.662 282746
643.669 282741
643.68 282739
643.686 282733
643.69 282730
643.726 282727
643.942 282725
643.945 282724
643.961 282718
643.972 282710
644.012 282707
644.035 282706
649.794 282701
649.84 282696
653.756 282689
653.765 282688
653.933 282685
653.977 282682
654.519 282673
654.534 282671
654.75 282670
654.757 282667
654.776 282660
654.856 282657
654.858 282651
654.864 282650
654.865 282647
654.872 282642
654.914 282634
654.946 282632
654.987 282631
655 282629
655.056 282627
655.072 282625
655.078 282621
655.109 282615
655.114 282614
655.118 282611
655.141 282604
655.6 282602
655.649 282598
655.665 282597
655.682 282595
655.692 282590
656.594 282587
656.595 282586
656.599 282583
656.658 282581
656.703 282579
656.733 282574
656.735 282573
656.737 282571
656.75 282570
656.761 282569
656.769 282561
656.776 282559
661.334 282558
661.346 282556
661.347 282555
661.349 282549
661.373 282548
661.42 282542
661.428 282540
661.464 282535
662.066 282533
662.077 282532
662.182 282528
662.184 282525
662.283 282519
662.285 282514
662.316 282507
662.33 282506
662.351 282504
662.354 282502
662.359 282495
662.37 282491
662.371 282489
662.373 282486
662.39 282482
662.398 282481
662.406 282475
662.425 282474
662.426 282470
662.482 282469
662.485 282465
662.488 282463
662.493 282461
662.544 282459
662.592 282451
662.597 282450
662.6 282449
662.601 282443
662.617 282437
662.631 282433
662.632 282431
662.677 282428
662.682 282424
662.727 282419
662.74 282418
663.95 282413
664.324 282408
664.33 282407
664.339 282405
666.959 282403
666.993 282401
667.004 282394
668.387 282393
668.436 282392
668.459 282377
668.479 282372
668.559 282369
668.616 282365
668.652 282364
668.666 282359
668.675 282354
668.695 282352
669.42 282351
669.43 282349
669.441 282348
669.48 282344
669.482 282340
669.491 282337
669.511 282333
669.587 282329
669.605 282328
669.632 282325
669.712 282323
672.428 282322
672.45 282320
672.48 282317
672.522 282314
672.538 282312
672.597 282311
672.601 282310
672.633 282306
672.643 282299
672.693 282295
673.523 282292
673.525 282289
673.533 282287
673.554 282286
673.557 282285
673.765 282282
673.896 282277
673.906 282275
673.912 282274
673.939 282272
673.948 282270
673.95 282267
673.956 282261
673.963 282260
673.967 282259
673.99 282251
673.992 282246
674 282245
674.014 282243
674.024 282242
674.029 282239
674.039 282228
674.047 282227
674.054 282223
674.088 282222
674.094 282216
674.132 282215
674.146 282211
674.169 282210
674.706 282208
674.718 282193
674.84 282191
674.853 282190
675.059 282183
675.071 282179
675.073 282173
675.077 282172
675.078 282169
687.881 282167
687.91 282161
688.034 282160
688.043 282159
688.054 282146
688.064 282145
688.08 282140
688.087 282134
688.205 282133
688.208 282132
688.219 282125
688.227 282124
688.249 282123
688.259 282121
691.479 282120
691.495 282119
691.5 282118
691.505 282115
691.533 282112
691.671 282104
691.677 282103
691.702 282102
691.873 282101
692.264 282095
692.413 282093
692.43 282091
692.456 282083
692.514 282081
692.536 282074
692.538 282073
692.541 282072
692.563 282068
692.571 282064
692.598 282063
692.869 282060
693.292 282058
697.573 282056
697.622 282055
697.679 282052
697.686 282050
697.703 282044
697.878 282041
697.883 282039
697.939 282034
697.954 282032
697.957 282029
697.964 282028
697.97 282024
697.975 282020
698.128 282018
698.14 282016
698.148 282012
698.205 282008
698.21 282002
699.306 281999
699.329 281998
699.347 281995
699.351 281992
700.252 281988
700.258 281985
700.262 281984
700.755 281983
700.776 281982
700.81 281980
700.812 281979
700.856 281978
700.883 281974
700.948 281971
701.024 281970
701.059 281967
701.112 281966
701.14 281956
701.219 281952
701.241 281944
701.245 281942
701.268 281941
707.83 281934
708.359 281932
708.376 281928
708.381 281924
708.388 281921
708.423 281919
710.425 281917
710.451 281916
710.458 281914
710.542 281912
710.679 281911
710.719 281909
710.729 281907
710.748 281905
710.76 281903
710.771 281897
710.774 281896
710.781 281892
710.787 281889
710.83 281888
710.831 281886
710.861 281883
711.421 281882
711.427 281881
711.468 281879
711.483 281877
711.492 281871
711.514 281864
711.517 281863
711.553 281861
711.568 281860
711.591 281857
711.63 281855
712.869 281854
712.874 281852
712.895 281851
712.903 281850
712.93 281848
712.956 281846
712.968 281842
712.986 281840
712.992 281838
712.997 281831
713 281830
713.002 281825
713.008 281824
713.02 281819
713.026 281817
713.052 281814
713.054 281812
713.055 281809
713.304 281808
713.312 281806
713.807 281803
713.821 281798
713.826 281797
713.856 281796
714.553 281795
714.557 281790
714.586 281788
714.588 281787
714.603 281785
714.82 281784
715.002 281779
715.003 281776
715.021 281775
715.027 281773
715.486 281772
715.502 281770
715.73 281768
715.741 281765
715.746 281761
715.961 281759
715.99 281753
715.996 281752
722.603 281748
722.605 281739
722.609 281735
722.616 281734
722.62 281733
722.643 281732
722.659 281728
722.663 281727
722.73 281720
722.757 281718
722.771 281715
722.794 281709
723.162 281705
723.176 281699
723.185 281697
723.603 281694
723.61 281689
723.725 281688
723.739 281684
723.958 281681
723.992 281678
724.015 281675
724.235 281674
733.417 281670
733.443 281667
733.447 281665
733.469 281663
733.488 281662
733.506 281661
733.508 281660
733.513 281659
733.549 281657
733.562 281651
733.568 281647
733.571 281645
733.581 281642
733.599 281639
733.602 281633
733.603 281632
733.744 281629
733.753 281627
733.757 281624
733.764 281622
733.813 281621
733.834 281618
733.85 281614
733.866 281613
733.882 281611
734.205 281609
734.242 281602
734.243 281598
734.255 281596
734.278 281595
734.296 281592
734.3 281585
734.306 281584
734.329 281581
734.331 281580
734.361 281577
734.378 281573
734.381 281571
734.821 281570
734.847 281567
734.854 281566
737.053 281563
737.142 281562
737.292 281561
737.621 281560
737.623 281559
738.12 281552
738.3 281550
738.37 281549
738.385 281547
738.4 281542
738.581 281540
738.784 281533
739.382 281531
739.469 281527
739.565 281525
739.581 281524
739.603 281522
739.639 281518
739.64 281517
739.653 281515
739.806 281513
750.543 281512
750.548 281507
750.552 281505
750.564 281504
750.685 281502
750.69 281499
752.614 281496
752.63 281494
752.662 281491
752.666 281488
752.667 281486
752.669 281482
752.698 281480
752.801 281475
753.208 281473
753.227 281472
753.229 281468
753.234 281464
753.256 281457
753.281 281454
753.288 281453
753.313 281452
753.565 281451
753.582 281447
753.751 281445
753.767 281444
753.82 281443
753.845 281441
753.887 281439
753.899 281436
753.965 281431
753.975 281428
753.986 281427
754.034 281425
758.337 281424
758.386 281423
758.388 281413
758.398 281412
758.462 281411
758.964 281408
759.121 281402
759.366 281399
759.37 281397
759.512 281393
759.738 281387
765.544 281383
765.548 281382
765.557 281380
765.961 281379
765.963 281378
765.987 281376
765.996 281374
766.003 281373
766.005 281367
766.012 281366
766.135 281362
766.188 281361
766.209 281360
766.503 281357
771.247 281356
772.01 281354
772.512 281352
772.583 281350
772.616 281349
772.77 281347
772.814 281346
772.873 281344
772.878 281339
772.897 281335
772.899 281333
772.913 281331
772.96 281325
774.674 281321
774.693 281318
775.057 281317
775.106 281312
775.115 281311
775.283 281308
775.289 281304
775.313 281302
778.073 281301
778.238 281293
778.316 281291
778.553 281283
778.568 281282
778.619 281278
778.624 281276
778.633 281275
778.661 281273
784.172 281266
784.194 281262
785.298 281260
785.333 281259
785.348 281252
788.439 281251
788.448 281249
788.48 281245
788.506 281244
789.128 281242
789.591 281240
789.649 281239
789.689 281238
789.692 281235
789.762 281233
789.775 281232
789.908 281229
789.949 281228
789.993 281226
789.997 281225
790.18 281223
790.207 281221
790.217 281220
790.257 281218
790.276 281217
793.77 281216
793.781 281215
793.947 281213
795.187 281212
795.442 281211
795.631 281210
795.659 281207
795.707 281206
795.71 281205
795.74 281202
795.766 281201
795.897 281199
795.928 281194
795.933 281192
796.079 281187
796.11 281184
796.132 281177
796.137 281175
796.163 281173
796.182 281171
796.191 281170
796.218 281160
796.22 281158
796.328 281157
796.398 281156
796.404 281153
796.406 281152
796.417 281151
796.461 281148
796.499 281142
796.505 281141
796.513 281140
796.536 281138
796.552 281134
796.568 281132
796.569 281130
796.614 281126
796.617 281123
796.62 281120
796.674 281119
796.726 281115
796.742 281108
796.752 281107
796.764 281105
796.772 281101
797.154 281100
797.195 281099
799.275 281096
799.294 281095
799.35 281094
799.366 281093
799.373 281092
799.374 281091
800.313 281089
804.474 281088
804.498 281085
804.569 281084
804.632 281080
804.666 281079
804.674 281077
804.692 281076
804.75 281075
804.902 281074
805.113 281068
805.399 281065
805.535 281063
805.559 281061
809.178 281060
809.265 281059
809.47 281058
809.472 281056
809.483 281055
809.529 281051
809.746 281050
809.776 281049
809.807 281046
810.006 281044
810.081 281041
810.309 281039
810.326 281038
810.371 281034
810.407 281032
810.458 281027
810.461 281026
810.464 281024
816.533 281022
816.579 281021
816.586 281020
816.59 281019
816.629 281018
816.654 281014
816.655 281013
816.666 281010
816.688 281008
817.339 281005
817.342 281004
817.454 281003
817.468 281000
818.258 280999
818.275 280998
818.289 280993
818.316 280989
818.319 280988
818.338 280987
818.372 280984
818.384 280983
818.407 280980
818.414 280978
818.503 280975
818.504 280974
818.613 280972
819.039 280970
819.372 280968
819.667 280967
819.678 280965
819.699 280962
819.956 280961
819.996 280960
820.015 280959
820.091 280958
820.829 280957
820.947 280949
821.007 280948
821.113 280946
821.912 280945
821.935 280942
821.938 280941
822.204 280940
822.243 280939
822.372 280933
822.477 280932
822.65 280931
822.658 280930
822.814 280929
822.817 280928
822.885 280927
822.919 280923
824.277 280918
826.407 280917
826.428 280915
826.568 280914
826.615 280913
826.631 280912
826.642 280908
826.649 280906
826.69 280904
826.715 280903
826.742 280902
826.79 280901
827.23 280900
827.26 280899
827.449 280897
827.598 280896
827.662 280895
827.737 280891
827.74 280890
827.786 280889
827.807 280887
827.82 280886
828.101 280883
828.119 280882
829.076 280881
829.087 280877
829.108 280876
829.221 280874
829.228 280872
829.245 280868
833.716 280866
833.721 280863
833.739 280860
833.764 280859
833.812 280858
833.888 280857
833.916 280856
833.929 280853
833.973 280850
833.974 280847
833.978 280842
833.98 280832
834.38 280831
834.411 280828
834.726 280827
834.8 280824
835.81 280821
836.697 280820
836.71 280819
836.735 280818
836.78 280814
836.806 280813
836.964 280812
837.319 280811
837.332 280810
839.794 280808
839.834 280805
839.88 280804
839.97 280800
840.001 280799
840.002 280797
840.016 280796
840.149 280795
840.19 280793
840.303 280792
840.387 280791
840.398 280790
840.417 280789
840.505 280786
840.515 280785
840.518 280784
840.52 280783
841.027 280782
841.03 280781
841.073 280778
841.097 280776
841.681 280774
841.705 280773
841.848 280772
841.951 280770
842.228 280769
842.454 280768
842.598 280767
842.609 280766
842.617 280764
842.659 280760
842.678 280757
842.703 280756
842.836 280755
844.545 280754
844.568 280747
844.962 280746
845.013 280745
845.041 280744
845.621 280743
845.639 280740
845.647 280739
845.65 280738
845.78 280736
845.803 280735
846.392 280734
846.487 280732
846.936 280729
846.944 280726
846.962 280725
846.967 280724
847.021 280723
847.067 280722
848.647 280721
848.712 280720
849.204 280715
849.458 280714
849.523 280713
850.396 280710
850.469 280707
850.506 280706
850.55 280705
850.6 280704
850.987 280702
851.006 280701
851.277 280700
851.428 280699
851.441 280698
851.459 280697
851.477 280695
851.715 280694
851.978 280689
852.098 280688
852.14 280687
852.156 280685
852.161 280681
852.177 280677
852.24 280676
852.394 280675
852.404 280673
852.409 280672
852.654 280671
852.688 280666
852.706 280664
852.951 280663
852.966 280662
853.211 280657
853.251 280656
853.458 280654
853.468 280653
853.838 280652
853.877 280651
854.282 280650
860.624 280649
860.779 280645
860.89 280644
860.932 280643
860.952 280642
860.953 280640
860.964 280639
860.967 280638
861.443 280636
861.467 280634
861.764 280633
865.85 280632
865.922 280629
865.937 280625
865.96 280624
866.163 280623
866.205 280621
866.224 280619
866.268 280618
866.743 280617
866.759 280616
867.103 280615
867.111 280613
867.136 280612
868.734 280606
868.884 280604
870.144 280603
870.153 280602
870.172 280601
870.185 280600
870.292 280599
870.627 280598
872.901 280597
873.029 280596
873.07 280595
873.133 280592
876.711 280589
877.41 280584
877.453 280583
877.482 280582
879.43 280579
879.469 280578
879.487 280577
879.615 280576
879.657 280575
879.66 280573
879.664 280572
881.268 280571
885.032 280570
885.033 280569
885.123 280568
885.15 280567
885.839 280565
886.37 280560
886.416 280559
886.467 280558
886.493 280557
886.537 280556
886.567 280554
887.945 280551
888.041 280549
888.066 280548
888.668 280546
888.695 280545
888.715 280544
892.481 280543
892.725 280542
892.791 280541
892.906 280540
892.945 280538
892.975 280536
893.565 280533
893.599 280527
893.602 280524
893.639 280522
893.667 280517
893.685 280516
893.763 280514
893.777 280512
893.965 280511
894.068 280510
894.106 280509
894.139 280508
895.837 280507
896.196 280506
896.273 280502
897.83 280500
897.87 280499
897.915 280498
905.486 280496
905.732 280494
910.494 280490
910.997 280488
911.032 280487
911.1 280485
911.216 280483
911.241 280482
911.339 280481
911.387 280479
911.544 280475
911.63 280474
911.696 280473
918.319 280472
918.453 280470
918.584 280467
918.591 280465
918.634 280464
918.704 280463
918.715 280461
918.815 280459
918.932 280453
918.994 280452
919.789 280449
920.012 280448
920.058 280447
920.145 280441
920.535 280439
921.322 280438
921.379 280434
921.466 280430
921.68 280429
922.58 280428
922.815 280427
922.89 280426
922.972 280425
922.987 280424
923.095 280423
923.101 280418
923.184 280417
923.206 280416
923.21 280414
923.229 280413
923.304 280411
923.308 280410
923.456 280408
923.637 280407
923.673 280406
923.698 280405
924.008 280403
926.506 280401
926.565 280400
926.735 280399
927.096 280398
927.613 280397
927.86 280396
927.88 280393
927.917 280391
928.477 280388
928.593 280387
928.605 280386
928.734 280385
929.184 280383
929.278 280382
930.147 280381
930.212 280379
930.236 280378
930.252 280377
930.263 280376
930.431 280375
931.025 280374
931.032 280373
931.05 280371
931.166 280370
931.276 280367
931.846 280362
931.873 280361
931.916 280360
931.95 280358
932.941 280356
932.956 280354
932.976 280352
933.01 280351
933.066 280349
933.085 280347
934.04 280346
934.1 280343
934.193 280341
934.223 280339
934.238 280338
934.254 280336
934.374 280327
934.548 280326
937.226 280323
937.247 280322
937.351 280316
937.468 280314
937.513 280313
937.571 280311
937.95 280309
937.983 280308
938.017 280306
938.074 280305
938.197 280303
938.218 280302
938.281 280299
938.334 280297
941.046 280296
941.055 280295
945.032 280293
945.064 280291
946.428 280290
946.526 280289
946.732 280288
946.948 280286
946.97 280285
947.053 280284
947.202 280281
948.122 280280
948.224 280277
948.485 280276
948.489 280275
948.542 280274
948.588 280273
948.591 280272
948.629 280270
948.648 280269
949.134 280267
949.772 280266
949.806 280265
950.019 280264
951.906 280262
951.963 280260
952.08 280259
952.167 280258
952.174 280257
952.477 280256
952.7 280255
952.83 280254
952.879 280253
956.011 280252
956.19 280251
956.251 280250
956.282 280248
956.379 280247
956.936 280244
965.095 280243
965.158 280242
965.188 280240
965.31 280239
965.746 280238
965.756 280237
965.788 280236
965.97 280235
969.647 280234
970.036 280233
970.791 280232
970.909 280231
971.044 280230
971.375 280229
971.392 280228
971.483 280227
972.129 280226
972.324 280225
973.087 280224
973.101 280221
973.154 280220
973.222 280219
973.291 280217
973.441 280216
973.531 280215
973.853 280214
973.904 280211
973.917 280210
974.341 280208
976.483 280207
976.546 280203
976.548 280202
978.647 280197
978.672 280196
978.676 280195
980.207 280193
981.117 280192
983.332 280188
983.357 280187
983.384 280186
983.422 280185
983.43 280183
983.517 280182
983.531 280180
985.421 280179
985.633 280178
985.703 280177
985.735 280176
986.448 280175
986.663 280173
987.165 280171
990.328 280170
990.361 280169
990.54 280168
990.567 280167
990.622 280166
990.767 280165
990.861 280164
991.124 280163
991.152 280162
992.006 280161
993.11 280160
993.185 280159
993.577 280158
993.604 280157
993.808 280156
995.132 280154
995.214 280153
995.236 280152
995.569 280151
995.753 280149
1000.34 280148
1001.16 280146
1001.42 280145
1001.46 280144
1002.07 280143
1002.91 280142
1002.97 280140
1003.32 280139
1003.35 280138
1003.54 280137
1008.06 280135
1009.57 280133
1009.65 280131
1012.47 280130
1012.47 280129
1012.53 280128
1012.54 280127
1012.81 280126
1012.88 280124
1016.92 280123
1017.03 280122
1017.4 280121
1017.43 280120
1017.44 280119
1017.5 280117
1017.74 280116
1017.88 280113
1018.66 280111
1019.73 280110
1019.8 280109
1019.86 280108
1020.45 280107
1020.62 280106
1024.15 280105
1024.55 280104
1024.79 280103
1024.79 280100
1024.84 280099
1028.95 280098
1029.08 280097
1029.3 280095
1029.38 280094
1029.51 280092
1029.61 280091
1029.9 280090
1030.14 280087
1047.16 280085
1047.23 280084
1047.84 280082
1047.96 280081
1050.3 280080
1051.72 280078
1051.79 280077
1052.2 280076
1053.15 280075
1053.2 280074
1053.35 280073
1053.47 280072
1053.55 280071
1054.16 280070
1054.35 280069
1055.92 280068
1068.67 280067
1069.31 280066
1071.5 280065
1072.35 280064
1072.63 280062
1084.6 280061
1084.66 280060
1084.68 280058
1085.11 280057
1085.21 280056
1086.76 280055
1086.97 280054
1087.81 280053
1087.88 280052
1091.66 280051
1095.57 280049
1095.58 280048
1095.62 280047
1100.33 280046
1106.16 280044
1106.26 280043
1107.22 280042
1107.36 280040
1107.54 280039
1112.78 280038
1113.01 280037
1113.3 280036
1113.47 280034
1113.47 280033
1114.33 280032
1115.21 280031
1115.36 280030
1117.05 280029
1117.22 280028
1118.21 280027
1118.37 280026
1118.38 280025
1119.17 280024
1120.23 280023
1131.22 280022
1131.42 280021
1131.63 280019
1131.85 280017
1131.98 280016
1132.64 280015
1132.92 280014
1133.09 280013
1133.19 280012
1135.82 280011
1136.37 280010
1148.23 280009
1148.31 280005
1148.57 280004
1150.01 280003
1150.6 280002
1159.06 280001
1159.15 279999
1159.3 279998
1160.03 279997
1161.54 279996
1161.73 279995
1162.28 279994
1162.64 279993
1163.13 279992
1163.62 279991
