9.698 313875
9.701 313862
9.702 313860
9.704 313841
9.708 313806
9.709 313797
9.71 313791
9.711 313786
9.712 313761
9.714 313717
9.715 313704
9.719 313652
9.721 313588
9.722 313577
9.723 313553
9.724 313549
9.726 313541
9.727 313536
9.728 313498
9.73 313444
9.731 313436
9.732 313431
9.734 313417
9.735 313416
9.736 313412
9.738 313277
9.74 313256
9.742 313252
9.743 313250
9.745 313159
9.746 313154
9.747 313124
9.748 313115
9.75 313113
9.752 313088
9.754 313040
9.756 313035
9.758 313007
9.76 312913
9.761 312912
9.763 312863
9.764 312841
9.765 312809
9.767 312738
9.768 312642
9.769 312640
9.771 312555
9.773 312486
9.774 312443
9.776 312353
9.777 312341
9.779 312270
9.78 312259
9.783 312175
9.784 312140
9.786 312129
9.787 312087
9.789 312052
9.79 312031
9.792 311976
9.793 311975
9.795 311951
9.797 311931
9.799 311928
9.801 311924
9.803 311908
9.805 311866
9.808 311865
9.81 311848
9.811 311818
9.813 311811
9.816 311748
9.82 311744
9.821 311738
9.822 311730
9.823 311728
9.824 311726
9.826 311719
9.828 311588
9.829 311587
9.833 311586
9.834 311543
9.835 311532
9.836 311508
9.837 311491
9.839 311321
9.841 311313
9.843 311310
9.845 311216
9.846 311199
9.849 311181
9.852 311123
9.853 311118
9.855 311092
9.857 311027
9.86 310954
9.863 310940
9.865 310924
9.867 310911
9.868 310827
9.869 310823
9.871 310756
9.873 310716
9.874 310710
9.875 310700
9.876 310693
9.878 310667
9.881 310625
9.882 310612
9.884 310597
9.885 310595
9.887 310587
9.889 310559
9.891 310535
9.892 310526
9.894 310464
9.895 310362
9.897 310353
9.898 310336
9.902 310333
9.905 310290
9.906 310255
9.908 310188
9.909 310176
9.91 310173
9.913 310105
9.914 310103
9.915 310097
9.917 310070
9.92 310052
9.924 310045
9.926 310043
9.928 309948
9.93 309924
9.932 309882
9.933 309872
9.935 309851
9.937 309839
9.938 309833
9.94 309801
9.941 309794
9.942 309756
9.944 309748
9.946 309747
9.948 309740
9.949 309738
9.95 309726
9.951 309725
9.953 309657
9.955 309642
9.956 309625
9.958 309610
9.964 309609
9.966 309570
9.967 309564
9.968 309562
9.97 309558
9.976 309557
9.977 309556
9.979 309485
9.98 309483
9.983 309426
9.984 309422
9.986 309387
9.987 309386
9.989 309385
9.991 309383
9.992 309349
9.994 309309
9.996 309293
10 309234
10.001 309232
10.006 309227
10.009 309213
10.01 309212
10.012 309207
10.014 309202
10.015 309185
10.017 309159
10.018 309088
10.021 309087
10.022 309069
10.023 309068
10.024 309035
10.026 309011
10.028 309009
10.031 308995
10.034 308978
10.039 308977
10.041 308947
10.043 308862
10.044 308861
10.046 308858
10.047 308816
10.049 308779
10.051 308753
10.052 308750
10.054 308749
10.062 308744
10.063 308732
10.065 308727
10.066 308716
10.07 308705
10.071 308702
10.074 308661
10.076 308653
10.077 308649
10.079 308635
10.08 308632
10.081 308630
10.084 308601
10.092 308583
10.095 308580
10.097 308579
10.103 308578
10.105 308460
10.109 308443
10.112 308416
10.114 308411
10.115 308408
10.117 308349
10.118 308348
10.119 308339
10.12 308326
10.121 308318
10.139 308316
10.14 308298
10.144 308277
10.145 308259
10.147 308255
10.148 308252
10.15 308238
10.151 308236
10.156 308235
10.157 308218
10.158 308200
10.16 308182
10.163 308069
10.165 308068
10.167 308048
10.169 308006
10.17 307996
10.172 307986
10.173 307982
10.178 307981
10.18 307949
10.182 307935
10.184 307934
10.185 307933
10.195 307872
10.197 307869
10.203 307855
10.205 307848
10.207 307813
10.211 307807
10.213 307793
10.214 307789
10.217 307784
10.224 307774
10.226 307768
10.227 307761
10.23 307719
10.238 307716
10.243 307700
10.244 307696
10.255 307692
10.256 307663
10.258 307652
10.26 307644
10.261 307639
10.264 307636
10.277 307632
10.279 307628
10.288 307366
10.299 307365
10.3 307364
10.301 307354
10.303 307350
10.305 307339
10.308 307333
10.309 307324
10.313 307322
10.315 307320
10.317 307313
10.32 307312
10.321 307303
10.323 307281
10.324 307277
10.325 307276
10.327 307267
10.33 307266
10.332 307263
10.333 307231
10.334 307229
10.339 307227
10.341 307212
10.345 307209
10.347 307208
10.352 307203
10.354 307202
10.357 307194
10.358 307191
10.364 307188
10.365 307187
10.37 307182
10.372 307179
10.374 307167
10.375 307165
10.38 307162
10.382 307161
10.383 307139
10.386 307087
10.388 307080
10.389 306940
10.391 306930
10.392 306921
10.395 306882
10.398 306872
10.4 306736
10.401 306731
10.405 306700
10.406 306690
10.408 306671
10.409 306645
10.41 306643
10.412 306616
10.417 306611
10.428 306608
10.429 306606
10.433 306592
10.44 306590
10.443 306584
10.454 306580
10.459 306573
10.467 306572
10.47 306569
10.474 306560
10.475 306552
10.476 306550
10.478 306533
10.479 306532
10.48 306502
10.482 306500
10.483 306499
10.486 306487
10.489 306484
10.491 306483
10.498 306468
10.499 306462
10.512 306431
10.515 306426
10.527 306367
10.528 306365
10.53 306354
10.534 306351
10.537 306346
10.538 306345
10.554 306332
10.561 306310
10.564 306309
10.565 306307
10.568 306300
10.569 306281
10.571 306270
10.575 306267
10.579 306258
10.581 306253
10.583 306252
10.585 306251
10.588 306193
10.589 306191
10.594 306185
10.601 306178
10.603 306174
10.606 306166
10.608 306146
10.61 306092
10.638 306067
10.639 306065
10.641 305984
10.642 305975
10.643 305968
10.647 305957
10.652 305903
10.66 305902
10.665 305891
10.668 305882
10.669 305878
10.673 305876
10.681 305864
10.683 305861
10.685 305860
10.688 305859
10.691 305855
10.694 305825
10.696 305811
10.699 305810
10.703 305808
10.705 305804
10.708 305786
10.711 305783
10.712 305781
10.713 305779
10.718 305757
10.719 305754
10.72 305744
10.724 305710
10.729 305706
10.731 305697
10.734 305688
10.737 305645
10.742 305631
10.745 305602
10.747 305566
10.748 305563
10.751 305560
10.755 305553
10.756 305545
10.761 305529
10.763 305521
10.765 305514
10.773 305487
10.784 305484
10.785 305482
10.79 305477
10.792 305475
10.793 305468
10.796 305453
10.801 305444
10.806 305424
10.815 305423
10.819 305404
10.82 305399
10.824 305394
10.825 305391
10.827 305390
10.832 305386
10.837 305384
10.839 305378
10.842 305375
10.844 305364
10.847 305357
10.85 305321
10.851 305307
10.86 305274
10.875 305270
10.877 305269
10.878 305266
10.88 305255
11.23 305217
11.233 305194
11.237 305188
11.239 305181
11.242 305175
11.245 305165
11.246 305160
11.252 305154
11.257 305150
11.258 305149
11.261 305129
11.263 305118
11.264 305111
11.268 305090
11.272 305088
11.395 305079
11.397 305070
11.399 305054
11.416 305053
11.423 305051
11.431 305047
11.441 305034
11.444 305028
11.477 305022
11.512 305019
11.516 305017
11.532 305012
11.549 305002
11.556 304995
11.56 304981
11.562 304980
11.567 304973
11.57 304971
11.576 304966
11.582 304961
11.602 304956
11.606 304945
11.614 304944
11.618 304934
11.646 304933
11.648 304928
11.651 304925
11.655 304909
11.667 304908
11.669 304902
11.676 304901
11.679 304894
11.685 304884
11.686 304883
11.687 304876
11.703 304871
11.721 304832
11.724 304805
11.725 304802
11.728 304799
11.738 304788
11.741 304776
11.746 304771
11.758 304761
11.76 304753
11.768 304750
11.769 304749
11.776 304745
11.778 304733
11.779 304732
11.784 304731
11.785 304716
11.791 304715
11.813 304703
11.817 304699
11.818 304697
11.822 304656
11.937 304653
11.956 304646
11.96 304645
11.964 304634
11.966 304630
11.969 304623
11.98 304621
11.996 304606
11.998 304605
12.001 304604
12.013 304591
12.016 304589
12.027 304580
12.062 304551
12.124 304526
12.169 304517
12.173 304516
12.193 304513
12.196 304512
12.2 304509
12.209 304504
12.234 304493
12.236 304489
12.238 304480
12.242 304472
12.245 304466
12.248 304455
12.252 304444
12.254 304443
12.256 304387
12.857 304383
12.86 304373
12.864 304371
12.871 304356
12.875 304355
12.878 304351
12.879 304348
12.882 304340
12.884 304338
16.949 304282
16.975 304270
16.977 304268
16.98 304264
16.986 304261
16.989 304253
16.992 304223
17.129 304220
17.148 304192
17.154 304180
17.161 304174
17.165 304171
17.182 304166
17.186 304154
17.191 304144
18.224 304129
18.226 304114
18.228 304100
18.229 304092
18.24 304089
18.242 304078
20.213 304064
20.225 304012
20.227 304006
20.229 303992
20.232 303986
20.234 303981
20.235 303938
20.312 303883
20.335 303877
20.337 303868
20.341 303864
20.358 303863
20.443 303862
20.462 303837
20.464 303835
20.512 303820
20.513 303805
20.516 303794
21.054 303771
21.059 303763
21.061 303752
21.063 303750
21.067 303748
21.104 303742
21.105 303704
21.121 303698
21.164 303696
21.216 303688
21.225 303681
21.226 303679
21.228 303675
21.232 303673
21.234 303661
21.237 303624
21.239 303601
21.241 303592
21.242 303587
21.245 303573
21.246 303561
21.248 303560
21.253 303540
21.256 303533
21.259 303493
21.265 303427
21.269 303415
21.27 303398
21.288 303395
21.655 303371
21.663 303258
21.668 303252
21.805 303250
21.812 303233
21.813 303001
21.869 303000
21.875 302985
21.877 302984
21.88 302978
21.885 302974
21.886 302968
22.045 302963
22.056 302961
22.061 302958
23.07 302944
23.078 302925
23.081 302851
23.086 302802
23.149 302801
23.151 302798
23.227 302783
23.809 302780
23.811 302768
23.813 302751
23.817 302749
23.863 302741
24.768 302714
24.772 302713
24.775 302683
24.826 302664
24.83 302647
24.836 302623
24.837 302621
24.844 302620
24.845 302618
24.848 302614
24.849 302602
24.873 302590
24.876 302558
24.88 302527
24.883 302509
24.886 302493
24.887 302486
24.889 302458
24.902 302457
24.903 302456
24.905 302452
24.909 302434
24.91 302430
24.916 302428
24.918 302425
24.935 302416
26.436 302403
26.439 302397
26.446 302395
26.447 302372
26.453 302344
26.495 302287
26.497 302281
26.5 302280
26.501 302267
26.51 302266
26.513 302238
26.514 302236
26.516 302216
26.534 302214
26.538 302210
26.544 302193
26.547 302175
26.551 302164
26.556 302163
26.559 302154
26.563 302139
26.566 302122
26.729 302114
26.737 302103
26.742 302101
26.749 302085
26.751 302071
26.758 302033
26.761 302014
26.764 302011
26.779 301986
26.829 301919
26.832 301899
26.833 301896
26.839 301883
26.841 301881
26.853 301871
26.861 301854
26.862 301849
26.864 301841
26.868 301838
26.869 301824
26.893 301812
26.895 301801
26.898 301797
26.902 301795
26.905 301782
26.909 301770
26.917 301769
26.918 301759
26.921 301742
26.922 301728
26.926 301720
26.931 301713
27.097 301700
27.958 301691
28.635 301669
28.638 301662
28.64 301646
28.641 301626
28.644 301618
28.645 301603
28.649 301602
28.719 301574
28.723 301566
28.912 301562
28.921 301561
28.923 301552
28.926 301540
28.928 301538
28.929 301537
28.962 301416
28.963 301398
28.966 301396
28.971 301391
28.973 301376
28.975 301365
28.981 301347
28.982 301343
28.983 301339
28.985 301334
28.988 301332
29.829 301329
29.832 301310
29.833 301301
29.835 301272
29.839 301256
29.846 301252
29.858 301251
29.868 301250
29.87 301246
29.872 301228
29.874 301224
29.876 301216
29.878 301196
29.88 301192
29.883 301185
29.884 301180
29.89 301175
29.902 301174
29.905 301169
29.909 301161
29.911 301159
29.915 301151
29.919 301133
29.971 301130
29.973 301093
29.975 301089
29.979 301087
30.003 301008
30.013 301007
30.017 301005
30.019 301003
30.02 301000
30.023 300997
30.024 300989
30.027 300968
30.132 300960
30.134 300959
30.138 300937
30.144 300933
30.145 300915
30.162 300911
30.165 300900
30.167 300898
30.173 300891
30.178 300888
30.184 300885
32.815 300875
32.816 300861
32.818 300860
32.985 300858
32.99 300855
33.281 300837
34.668 300836
34.669 300835
34.672 300833
34.673 300827
34.678 300787
34.68 300783
34.762 300706
34.764 300701
34.831 300695
34.832 300662
35.302 300651
35.36 300641
35.361 300639
35.369 300631
35.372 300614
35.375 300609
35.378 300576
35.386 300542
35.387 300529
35.389 300521
35.391 300510
35.467 300508
35.47 300499
35.474 300486
35.476 300476
35.478 300451
35.481 300421
35.483 300413
35.486 300409
35.487 300406
35.652 300404
35.655 300401
35.658 300392
35.66 300390
35.664 300388
35.676 300377
35.677 300355
35.68 300351
35.683 300350
35.689 300331
35.693 300319
35.696 300314
35.697 300304
35.94 300284
35.942 300281
35.944 300279
35.962 300267
35.964 300266
35.972 300216
35.975 300212
35.985 300206
35.987 300174
35.99 300167
35.994 300150
35.997 300126
36.002 300090
36.086 300081
36.094 300039
36.097 300030
36.11 300009
36.111 299988
37.984 299987
37.986 299963
37.988 299958
37.993 299940
37.995 299917
38.01 299912
38.011 299895
38.021 299888
38.022 299876
38.028 299875
38.03 299871
38.031 299867
38.036 299856
38.037 299852
38.04 299847
38.041 299845
38.128 299819
38.131 299811
38.133 299799
38.139 299798
38.144 299785
38.146 299761
38.686 299760
38.692 299757
38.71 299732
38.712 299726
38.864 299702
38.883 299693
38.885 299688
38.886 299678
38.89 299676
38.909 299666
38.912 299653
38.919 299645
38.924 299619
38.926 299616
39.165 299603
39.173 299573
39.175 299565
39.188 299556
39.193 299540
39.199 299517
39.248 299503
39.25 299488
39.252 299474
39.253 299460
39.255 299442
39.258 299434
40.004 299384
40.007 299361
40.01 299339
40.012 299329
40.013 299326
41.19 299314
41.191 299304
41.254 299303
41.256 299281
41.258 299258
41.261 299255
41.262 299253
41.264 299251
41.265 299241
41.268 299234
41.298 299233
41.299 299228
41.301 299225
41.36 299222
41.366 299220
41.367 299215
41.37 299214
41.371 299202
41.377 299157
41.4 299156
41.403 299139
41.406 299094
42.911 299088
42.922 299038
42.925 298994
42.929 298989
42.931 298982
42.934 298968
42.937 298962
42.939 298939
42.94 298927
42.943 298916
42.947 298913
44.895 298898
44.896 298895
44.897 298875
44.899 298869
44.908 298868
44.91 298865
44.982 298862
45.48 298858
45.481 298850
45.504 298839
45.506 298834
45.508 298832
45.534 298796
45.554 298794
45.557 298774
45.558 298771
45.56 298767
45.562 298723
45.565 298706
45.567 298705
45.57 298701
45.576 298669
45.577 298656
45.587 298636
45.588 298634
45.59 298632
45.592 298629
45.595 298627
45.608 298620
45.61 298619
45.62 298587
45.635 298576
45.644 298564
45.653 298538
45.654 298535
45.656 298531
45.866 298503
45.871 298484
45.875 298483
46.385 298465
46.387 298462
46.388 298458
46.406 298442
46.408 298417
46.413 298416
46.416 298415
46.445 298397
46.696 298373
46.697 298368
46.701 298360
46.703 298356
46.705 298343
46.712 298341
47.141 298338
47.144 298326
47.15 298286
47.152 298283
47.154 298273
47.16 298272
47.18 298228
47.183 298220
47.184 298209
47.186 298203
47.187 298167
47.189 298158
47.19 298153
47.196 298147
47.197 298146
47.199 298145
47.201 298107
47.213 298105
47.253 298089
47.255 298078
47.275 298064
47.323 298050
47.325 298037
47.326 298032
47.329 298012
47.33 298009
48.568 298007
48.573 298005
48.575 297980
49.326 297918
49.328 297911
49.356 297909
49.357 297898
49.359 297895
49.363 297877
49.376 297874
49.378 297873
49.381 297867
49.383 297859
49.385 297838
49.387 297836
49.41 297822
49.414 297820
49.432 297809
49.441 297801
49.45 297769
49.451 297741
49.457 297739
49.464 297690
49.467 297685
49.511 297667
49.514 297664
49.516 297658
49.523 297655
49.525 297648
49.528 297645
49.531 297625
49.532 297623
49.535 297616
49.539 297599
49.541 297571
49.544 297569
49.545 297563
49.549 297557
49.55 297546
49.551 297543
49.556 297532
49.772 297521
49.774 297495
49.787 297483
49.798 297436
49.8 297428
49.803 297392
49.805 297385
49.807 297336
49.809 297333
50.409 297327
50.415 297324
50.436 297315
50.442 297300
50.455 297230
50.457 297228
50.509 297223
50.511 297218
50.517 297213
50.518 297208
50.522 297207
50.527 297195
50.529 297173
50.585 297121
50.588 297106
50.595 297075
51.405 297062
51.411 297056
51.42 297047
51.426 297033
51.428 297021
51.43 297014
51.443 297007
51.452 297003
51.459 296994
51.467 296977
51.5 296956
51.502 296952
51.517 296932
51.525 296925
51.528 296917
51.556 296900
51.563 296869
51.567 296864
51.569 296817
51.571 296812
51.574 296811
51.678 296798
51.804 296766
51.824 296732
51.825 296694
51.827 296693
51.829 296652
51.831 296647
51.957 296639
52.013 296637
52.219 296610
52.221 296604
52.229 296575
52.555 296565
52.557 296555
52.609 296554
52.616 296531
52.62 296510
52.622 296469
52.625 296454
52.626 296450
52.628 296434
52.633 296422
52.639 296406
52.642 296382
52.643 296380
52.645 296372
52.646 296371
52.648 296370
52.649 296367
52.656 296347
52.804 296343
52.81 296330
52.833 296308
52.834 296303
52.838 296293
52.905 296292
56.948 296288
56.952 296269
57 296261
57.004 296260
57.005 296259
57.054 296250
57.06 296238
57.076 296223
57.078 296215
57.08 296170
57.217 296163
57.228 296156
57.564 296149
57.569 296147
57.573 296144
57.585 296143
57.586 296121
57.601 296079
57.603 296046
57.63 296013
57.637 296007
57.638 295967
57.645 295963
57.648 295945
57.65 295936
57.664 295905
57.702 295903
57.718 295900
57.721 295889
57.722 295888
57.724 295882
57.727 295854
57.735 295846
57.738 295831
57.744 295828
57.745 295816
57.815 295813
57.847 295798
57.888 295759
57.889 295738
57.891 295736
57.893 295697
57.98 295696
57.982 295689
58.057 295688
58.239 295655
58.249 295632
58.25 295628
58.253 295608
58.255 295601
58.257 295594
58.264 295578
58.267 295568
58.27 295563
58.271 295559
58.561 295543
58.562 295530
58.566 295529
58.573 295500
58.704 295485
58.724 295484
58.727 295481
65.838 295479
65.839 295470
65.841 295454
65.847 295400
65.851 295399
65.934 295392
65.937 295389
65.961 295388
65.963 295326
65.968 295318
65.98 295313
65.985 295310
66.163 295304
66.184 295302
66.186 295291
66.187 295285
66.201 295284
66.202 295281
66.209 295275
66.211 295272
66.219 295263
66.223 295260
66.227 295217
66.23 295214
66.232 295195
66.234 295194
76.979 295193
76.985 295177
76.993 295175
76.995 295155
76.997 295130
76.999 295127
77.001 295113
77.003 295109
77.005 295080
77.006 295078
77.009 295067
77.012 295046
77.021 295002
77.026 295001
77.028 294996
77.029 294992
79.053 294989
79.055 294982
79.06 294967
79.062 294960
79.067 294957
79.069 294953
79.197 294951
79.201 294950
79.222 294942
79.229 294939
79.231 294938
79.233 294902
79.241 294897
79.258 294883
79.287 294881
79.293 294869
79.295 294853
79.323 294851
79.325 294819
79.33 294804
79.34 294797
79.343 294796
79.345 294793
79.346 294783
79.351 294778
79.353 294768
79.357 294751
79.359 294741
79.365 294732
79.427 294728
79.429 294722
79.431 294717
79.433 294712
79.435 294705
79.575 294695
79.577 294692
79.593 294688
82.718 294685
82.72 294684
82.724 294673
82.75 294631
82.785 294627
82.787 294617
82.789 294612
83.026 294581
83.03 294567
83.034 294556
83.125 294531
83.127 294530
83.142 294522
83.166 294507
83.167 294497
83.17 294471
83.172 294463
83.177 294454
83.182 294434
83.183 294427
83.185 294426
83.186 294417
83.188 294406
83.19 294387
83.191 294366
83.2 294364
83.204 294355
83.563 294353
83.572 294348
83.574 294326
83.583 294323
83.59 294309
83.592 294299
83.647 294292
83.649 294288
83.651 294286
84.711 294278
84.713 294271
84.857 294270
94.366 294269
94.367 294262
94.369 294260
94.37 294248
94.372 294225
94.531 294223
94.532 294219
94.538 294217
94.544 294214
94.545 294202
94.551 294187
94.612 294182
94.614 294163
94.619 294160
94.622 294149
94.623 294131
94.708 294125
94.71 294114
94.712 294106
94.713 294105
94.715 294102
94.718 294092
94.72 294082
94.722 294080
94.725 294074
94.728 294070
94.73 294053
94.732 294050
97.296 294039
97.299 294022
97.42 294020
97.43 294015
97.434 293996
97.436 293986
97.438 293970
97.446 293960
97.462 293933
97.463 293931
97.465 293927
97.468 293920
97.47 293916
97.486 293912
109.512 293903
109.514 293891
109.515 293876
109.518 293871
109.593 293858
109.597 293845
109.601 293827
109.605 293794
109.621 293789
109.622 293787
109.63 293775
109.632 293757
109.636 293742
109.638 293732
109.641 293696
109.645 293676
109.648 293674
109.65 293669
109.652 293667
109.676 293652
109.677 293649
109.778 293625
109.784 293623
109.786 293612
109.791 293604
109.809 293602
109.815 293598
113.006 293588
113.041 293575
113.056 293574
113.061 293569
113.064 293568
113.072 293566
113.073 293564
113.075 293555
113.076 293547
113.078 293531
113.079 293526
123.415 293524
123.416 293517
123.418 293509
123.419 293487
123.421 293486
123.425 293460
123.427 293445
123.474 293392
123.488 293379
123.492 293347
124.053 293344
124.066 293343
124.068 293333
124.07 293321
124.107 293319
124.167 293306
124.168 293290
124.175 293286
124.176 293276
124.178 293275
124.187 293274
124.188 293270
124.19 293269
124.208 293223
124.559 293204
124.561 293202
124.605 293200
124.671 293196
125.058 293179
125.072 293173
125.074 293168
125.081 293166
125.083 293165
125.086 293161
125.087 293160
125.089 293104
125.098 293094
125.099 293081
125.102 293080
125.106 293079
125.138 292967
125.14 292957
125.144 292944
125.146 292937
125.15 292920
125.158 292905
125.159 292881
125.161 292878
125.209 292859
125.216 292854
125.225 292850
125.236 292844
125.242 292811
125.249 292803
125.251 292790
125.253 292778
125.254 292776
125.256 292766
125.259 292764
125.266 292753
125.267 292749
136.302 292733
136.311 292724
136.346 292711
136.354 292706
139.084 292692
139.086 292683
139.093 292677
139.096 292657
139.101 292653
139.103 292649
139.105 292648
139.113 292646
139.114 292639
139.117 292612
139.119 292604
139.121 292601
139.123 292598
139.126 292569
139.134 292563
139.135 292557
139.137 292553
139.146 292541
139.149 292519
139.151 292516
139.153 292496
139.955 292485
139.967 292478
139.969 292462
140.015 292449
140.033 292444
140.034 292427
140.036 292388
140.068 292371
140.072 292365
140.079 292364
140.08 292355
140.09 292346
162.509 292340
162.566 292338
162.567 292325
162.57 292321
162.571 292320
162.575 292312
162.577 292284
162.578 292257
162.59 292253
162.602 292247
162.606 292243
162.61 292219
162.611 292215
162.612 292207
162.615 292184
162.617 292178
162.619 292166
162.622 292163
162.629 292139
162.633 292122
162.639 292097
162.643 292093
162.644 292088
162.653 292064
162.658 292061
162.668 292054
162.669 292037
162.671 292008
162.673 292002
162.683 292000
162.685 291999
162.691 291983
162.851 291967
162.853 291966
163.032 291964
170.553 291928
170.554 291915
170.556 291912
170.803 291877
170.805 291868
170.807 291862
170.811 291852
170.815 291809
170.818 291803
170.825 291797
170.833 291790
170.834 291778
180.526 291765
180.527 291751
180.529 291747
180.537 291730
180.539 291726
180.59 291706
180.593 291691
180.599 291663
180.605 291655
180.607 291638
180.608 291631
180.61 291629
180.611 291628
197.78 291626
197.786 291624
197.789 291606
197.816 291600
197.818 291599
197.822 291594
197.826 291577
197.827 291569
197.857 291565
197.859 291535
197.864 291532
197.868 291524
197.869 291515
197.873 291513
224.542 291507
224.544 291504
224.547 291493
224.548 291469
224.551 291465
224.562 291455
224.572 291443
224.577 291437
224.582 291434
224.591 291428
224.846 291399
224.861 291390
224.865 291360
224.869 291356
224.877 291336
224.879 291334
224.901 291326
224.903 291319
224.909 291316
224.943 291312
224.945 291287
225.07 291285
225.145 291275
225.153 291270
225.17 291268
225.198 291260
225.2 291258
225.482 291242
225.504 291230
225.516 291225
225.521 291221
225.522 291219
225.528 291208
225.529 291181
225.533 291173
225.548 291163
225.747 291121
225.769 291120
225.77 291117
225.773 291093
225.826 291091
225.827 291084
226.119 291068
226.623 291063
226.625 291061
226.64 291059
226.653 291057
226.655 291050
226.657 291049
226.66 291047
226.662 291045
226.664 291044
226.675 291029
226.677 291026
226.935 291021
227.197 291009
227.198 290997
227.2 290988
227.204 290978
232.16 290971
232.161 290962
232.165 290959
232.171 290939
232.174 290927
232.181 290905
232.218 290901
232.22 290869
232.248 290864
232.326 290860
232.343 290858
232.344 290854
232.345 290851
232.352 290848
232.356 290836
234.162 290834
234.164 290832
234.168 290820
234.17 290816
235.227 290811
235.229 290808
235.237 290798
235.238 290795
235.243 290777
235.246 290775
238.203 290768
238.227 290750
238.231 290749
238.359 290745
238.537 290742
239.646 290718
239.711 290707
239.719 290684
239.72 290682
239.726 290661
239.735 290644
239.737 290643
239.744 290613
240.09 290610
240.11 290606
240.119 290598
240.122 290570
240.446 290561
240.448 290556
240.451 290542
240.487 290540
240.489 290526
240.495 290520
240.499 290519
240.503 290514
240.514 290502
240.517 290500
240.69 290492
240.818 290477
240.823 290475
240.835 290473
240.839 290467
253.924 290453
253.925 290444
253.931 290437
253.937 290423
253.942 290409
253.943 290406
256.002 290405
256.004 290403
256.631 290398
256.634 290389
256.636 290377
256.638 290371
256.639 290361
256.666 290345
258.769 290325
258.773 290322
258.776 290309
259.129 290305
259.153 290296
259.159 290293
259.176 290271
259.516 290266
259.518 290260
259.524 290255
259.526 290247
259.527 290238
259.533 290229
268.475 290224
268.482 290221
268.501 290218
268.504 290190
268.51 290174
268.512 290151
268.541 290149
268.543 290148
268.616 290147
268.62 290146
268.624 290143
268.843 290124
268.846 290123
268.848 290120
268.871 290114
268.873 290111
268.875 290107
268.883 290105
268.886 290098
268.888 290092
268.899 290091
268.901 290090
268.906 290089
268.91 290071
268.912 290067
268.918 290025
268.929 290022
269.004 290020
269.006 289999
269.132 289996
269.133 289971
269.135 289961
269.139 289941
269.141 289935
287.504 289923
287.505 289900
287.507 289899
287.523 289890
287.525 289889
287.526 289886
287.529 289873
287.601 289854
287.604 289848
287.617 289840
287.642 289810
287.645 289807
289.695 289794
289.894 289791
290.904 289790
290.911 289778
290.916 289775
290.92 289768
290.921 289760
290.922 289756
290.925 289751
290.945 289733
290.947 289732
290.948 289728
290.95 289726
290.951 289717
291.92 289687
291.923 289666
300.191 289663
300.195 289655
300.2 289652
300.202 289623
300.204 289621
300.217 289611
300.22 289609
300.226 289606
300.229 289598
300.239 289595
300.272 289586
300.273 289581
300.374 289577
300.399 289573
300.403 289572
300.41 289569
300.412 289564
300.432 289556
300.434 289552
300.561 289546
300.562 289544
300.639 289543
300.64 289535
300.642 289529
300.643 289525
300.665 289504
300.671 289497
300.673 289490
300.674 289485
300.724 289484
300.727 289479
300.729 289476
300.733 289472
300.74 289465
300.743 289463
300.744 289452
300.747 289444
300.752 289442
300.759 289426
300.764 289423
300.768 289412
300.769 289401
300.814 289395
300.885 289387
300.888 289378
300.89 289371
300.892 289367
300.932 289303
300.935 289302
300.958 289300
300.959 289289
300.972 289281
300.977 289278
300.982 289277
300.995 289274
301 289269
301.01 289268
302.796 289252
302.812 289241
302.855 289232
302.856 289226
302.858 289224
303.369 289221
303.666 289220
303.669 289216
304.131 289207
304.145 289202
304.16 289180
304.163 289176
304.177 289175
304.179 289167
304.181 289142
304.201 289137
304.202 289128
304.204 289120
304.213 289116
304.242 289098
304.298 289097
304.325 289094
304.331 289074
304.526 289071
304.529 289066
304.534 289053
304.54 289031
304.543 289025
326.643 289017
326.645 289015
326.646 289005
326.657 289003
326.659 288995
326.661 288988
326.667 288976
326.672 288968
326.674 288964
326.675 288962
326.678 288953
326.681 288952
326.687 288948
326.705 288947
326.746 288935
326.82 288934
326.823 288932
326.825 288923
326.827 288922
326.829 288903
326.885 288900
326.888 288890
326.892 288888
326.894 288883
326.897 288882
326.901 288864
326.983 288863
327.011 288861
327.02 288845
327.022 288834
327.059 288821
327.103 288819
327.104 288808
327.112 288806
327.124 288793
327.126 288768
328.523 288762
328.527 288759
328.529 288754
328.54 288752
328.544 288750
328.558 288749
328.562 288731
328.564 288730
328.565 288721
328.571 288715
328.575 288706
328.578 288702
328.589 288697
328.592 288688
328.599 288683
331.92 288676
331.925 288654
332.19 288630
332.206 288623
332.211 288619
332.237 288617
332.238 288613
332.278 288604
332.288 288600
332.293 288597
332.297 288582
332.299 288576
332.301 288575
334.201 288567
334.223 288557
334.246 288549
334.249 288547
334.252 288545
334.253 288544
334.255 288538
334.262 288523
334.292 288521
334.358 288518
334.361 288512
334.363 288511
334.365 288510
334.369 288492
334.371 288489
334.377 288479
334.436 288474
334.438 288470
358.871 288464
359.07 288462
359.077 288449
359.14 288447
359.141 288440
359.144 288437
359.152 288436
359.242 288387
359.245 288369
359.247 288353
359.259 288345
359.295 288333
359.297 288322
359.3 288316
359.302 288313
367.762 288312
367.768 288310
367.773 288303
367.946 288291
367.951 288288
367.956 288281
367.971 288276
367.984 288260
368.013 288256
368.025 288247
368.036 288239
368.038 288236
368.088 288231
368.09 288221
368.093 288218
368.097 288216
368.101 288213
368.16 288207
368.169 288205
368.171 288204
368.176 288197
368.177 288195
368.182 288192
368.203 288178
368.204 288162
368.206 288156
368.243 288154
368.298 288146
368.3 288145
368.33 288135
368.333 288121
368.335 288120
368.337 288119
368.341 288116
368.343 288114
368.354 288100
368.356 288098
368.358 288097
368.361 288095
368.365 288093
368.368 288089
368.379 288079
368.444 288078
368.445 288071
368.448 288057
368.451 288041
368.453 288029
368.466 288026
368.471 288020
368.476 288016
368.478 288006
368.48 287994
368.493 287991
368.501 287987
368.503 287985
368.507 287984
368.512 287980
368.515 287979
368.523 287962
368.531 287952
368.54 287947
368.548 287943
368.552 287939
368.553 287933
368.579 287923
368.583 287909
368.624 287898
368.626 287897
378.319 287893
378.321 287890
378.324 287887
378.328 287881
378.333 287880
378.339 287869
378.347 287865
378.36 287847
378.364 287845
378.568 287842
378.579 287838
378.583 287836
378.584 287827
378.588 287824
378.597 287822
378.598 287816
378.653 287815
378.875 287811
385.518 287802
385.526 287791
385.529 287785
385.806 287784
385.808 287766
385.809 287763
385.811 287746
385.817 287730
385.82 287729
385.826 287707
385.846 287695
385.874 287694
385.955 287686
385.962 287655
385.964 287653
385.971 287635
386.105 287596
386.107 287588
386.109 287581
386.118 287565
386.121 287563
386.123 287561
386.183 287560
386.185 287557
386.199 287555
386.205 287553
386.207 287551
386.21 287550
386.222 287544
387.071 287540
387.075 287537
387.077 287536
387.078 287535
387.079 287531
387.09 287530
394.84 287523
394.974 287516
394.977 287513
394.978 287512
394.985 287496
395.004 287494
395.007 287488
395.009 287482
395.011 287466
395.014 287464
395.017 287463
395.02 287458
395.022 287451
395.025 287449
395.054 287443
395.356 287429
395.36 287420
395.366 287418
395.369 287408
395.37 287401
395.388 287382
395.394 287371
395.398 287370
395.4 287351
399.542 287327
399.545 287317
402.058 287308
402.06 287302
402.163 287300
402.168 287292
402.176 287291
402.183 287285
402.2 287271
402.205 287268
402.208 287266
402.21 287265
402.22 287263
402.224 287259
402.231 287257
402.236 287251
402.238 287241
402.243 287239
402.283 287238
402.307 287232
402.319 287226
402.341 287225
402.344 287222
402.345 287209
402.357 287204
402.511 287202
402.514 287200
402.526 287198
410.701 287191
410.705 287188
410.707 287175
410.724 287173
410.749 287169
410.758 287168
410.761 287159
410.763 287129
410.768 287117
410.771 287100
410.773 287080
410.804 287077
410.814 287075
410.851 287073
410.857 287068
410.868 287053
410.869 287052
410.876 287050
410.904 287049
410.911 287042
410.921 287041
410.927 287025
411.659 287024
411.666 287020
411.668 287012
411.673 286998
411.675 286989
411.678 286985
411.68 286978
411.693 286974
411.712 286971
411.716 286970
415.017 286960
415.435 286957
415.459 286955
415.461 286952
415.463 286922
415.473 286913
415.477 286905
415.486 286900
415.644 286899
415.65 286895
415.663 286888
415.703 286870
415.843 286868
415.846 286867
415.849 286866
415.851 286857
415.852 286840
415.881 286828
415.885 286826
416.521 286817
416.533 286815
416.537 286813
416.548 286812
416.56 286810
416.562 286807
416.571 286804
416.576 286796
416.587 286795
416.588 286786
416.59 286784
416.591 286782
416.594 286781
416.596 286780
416.603 286763
416.609 286757
416.613 286744
416.614 286736
416.702 286735
417.226 286731
417.23 286718
417.232 286701
417.236 286695
417.253 286670
417.257 286669
417.259 286659
417.26 286657
417.3 286654
417.417 286653
417.424 286637
417.428 286632
417.441 286624
417.467 286619
417.469 286613
417.473 286609
417.48 286600
417.481 286598
417.487 286584
417.49 286583
417.509 286580
417.596 286558
417.597 286552
425.841 286551
425.846 286549
425.859 286543
425.862 286540
425.864 286538
425.875 286535
425.877 286532
425.88 286530
425.89 286527
425.895 286525
426.221 286505
426.235 286494
426.247 286492
426.249 286474
426.25 286468
426.253 286467
426.257 286464
433.633 286463
433.677 286458
433.678 286455
433.68 286441
433.685 286428
433.843 286426
433.904 286414
441.124 286413
441.128 286407
441.147 286403
441.154 286394
441.159 286386
441.169 286383
441.172 286372
441.174 286370
441.196 286368
441.642 286365
441.646 286358
441.677 286354
441.681 286353
441.685 286342
441.689 286332
441.695 286330
442.647 286326
442.676 286311
442.679 286302
442.819 286299
442.828 286298
442.83 286288
442.837 286286
442.842 286281
442.916 286266
442.917 286260
442.92 286257
442.925 286254
442.93 286251
442.938 286250
442.94 286249
442.951 286237
442.957 286236
443.655 286232
443.658 286229
443.661 286225
443.664 286221
443.669 286220
443.67 286211
443.726 286209
443.729 286206
443.736 286204
443.738 286203
443.758 286198
443.76 286189
443.77 286176
443.777 286171
443.806 286169
443.81 286158
443.834 286156
443.836 286145
443.842 286144
443.845 286137
443.847 286128
443.849 286116
443.861 286103
443.866 286102
443.88 286100
444.222 286094
444.224 286072
444.228 286069
444.239 286068
444.252 286067
444.255 286063
444.961 286062
444.963 286061
444.966 286059
444.97 286055
444.99 286032
444.992 286027
444.996 286021
444.998 286014
444.999 286012
445.005 286005
445.006 286002
445.008 285998
445.011 285993
445.016 285992
445.017 285984
445.021 285980
445.027 285970
445.03 285964
445.032 285956
445.036 285955
445.115 285953
445.144 285952
445.167 285947
445.193 285941
445.265 285939
445.3 285936
445.405 285925
445.406 285912
445.419 285911
445.435 285909
445.438 285902
445.447 285896
445.451 285895
445.457 285893
445.458 285885
445.499 285883
445.621 285881
445.682 285864
445.69 285863
445.692 285855
445.953 285849
445.959 285848
445.96 285846
445.97 285839
446.021 285827
446.023 285813
446.039 285811
446.05 285809
446.064 285806
446.107 285801
446.3 285800
481.976 285790
481.983 285789
482.013 285787
482.022 285780
482.033 285776
482.036 285775
482.055 285774
482.061 285767
482.066 285763
482.068 285752
482.168 285749
482.172 285747
482.175 285741
482.18 285735
482.19 285726
485.768 285709
485.773 285707
485.774 285703
485.775 285698
485.778 285691
485.791 285684
485.809 285681
485.824 285679
492.418 285676
492.421 285673
492.584 285659
493.051 285657
493.057 285652
493.062 285649
493.298 285647
493.301 285643
493.303 285638
493.305 285630
493.337 285628
493.341 285626
493.431 285611
493.432 285608
493.518 285595
493.521 285594
493.522 285593
493.527 285589
493.529 285585
493.532 285578
493.533 285575
493.537 285573
493.549 285560
493.551 285559
493.654 285549
493.658 285542
493.67 285538
493.678 285533
493.681 285530
493.682 285528
493.688 285527
493.694 285525
494.111 285523
494.118 285519
494.188 285516
494.287 285512
495.071 285511
495.073 285510
495.082 285508
495.088 285507
495.1 285501
495.117 285489
495.144 285487
495.16 285485
495.163 285482
495.259 285481
495.547 285478
495.552 285470
495.556 285468
495.558 285464
495.561 285445
495.563 285444
495.613 285433
495.621 285428
495.653 285405
499.652 285399
499.69 285382
499.703 285379
499.71 285378
499.714 285376
499.72 285375
499.833 285373
499.84 285368
499.842 285367
499.857 285366
499.868 285364
499.88 285360
499.951 285357
499.964 285342
499.967 285338
499.971 285316
499.979 285311
500.792 285310
500.814 285309
500.829 285305
500.877 285297
500.879 285294
500.88 285293
500.888 285289
500.891 285286
500.902 285279
500.913 285275
500.92 285272
500.922 285262
500.932 285260
500.981 285256
500.999 285253
501.005 285240
501.013 285223
501.023 285222
501.03 285221
501.034 285217
501.036 285216
501.038 285213
501.063 285211
501.262 285202
501.28 285182
501.285 285167
501.298 285164
501.302 285162
501.303 285160
501.309 285159
501.318 285149
501.321 285148
501.331 285147
501.409 285140
501.412 285139
501.431 285119
502.211 285108
502.241 285104
502.248 285103
502.252 285101
502.339 285098
502.342 285096
502.345 285092
502.356 285088
502.363 285085
507.521 285082
507.61 285069
507.626 285068
507.63 285064
507.632 285053
507.642 285051
508.056 285050
508.067 285044
508.089 285042
508.151 285040
510.68 285037
510.683 285036
510.706 285034
510.723 285032
510.731 285029
510.734 285022
510.778 285019
510.796 285018
510.798 285001
510.8 284997
510.962 284995
510.963 284988
510.965 284985
510.988 284979
510.991 284977
510.996 284971
511.037 284968
511.038 284967
511.067 284964
511.121 284958
511.123 284954
511.132 284945
511.136 284943
511.764 284941
511.765 284939
511.767 284936
511.769 284934
523.254 284924
523.263 284923
523.341 284922
523.366 284915
523.368 284911
523.375 284910
523.396 284908
523.4 284903
523.406 284898
523.409 284897
523.604 284896
523.615 284894
523.646 284893
523.661 284887
523.674 284879
523.696 284864
523.698 284862
529.898 284856
529.901 284855
529.906 284852
529.947 284846
529.95 284844
529.954 284843
529.962 284838
530.007 284823
530.01 284822
530.06 284821
530.066 284817
530.07 284814
530.076 284809
530.085 284804
530.474 284803
530.577 284798
530.587 284795
530.603 284794
530.611 284793
530.646 284785
530.649 284780
530.78 284779
530.797 284778
530.804 284773
530.815 284766
530.817 284764
530.823 284760
532.968 284758
532.971 284757
532.974 284756
532.978 284751
532.984 284745
534.578 284743
534.587 284737
534.8 284734
534.827 284729
534.875 284723
543.576 284716
543.589 284713
543.592 284710
543.598 284708
543.608 284705
543.627 284703
543.723 284701
543.735 284700
543.751 284691
543.797 284689
546.985 284688
546.992 284682
547.02 284679
547.022 284677
547.053 284674
547.072 284672
547.083 284670
548.424 284667
548.936 284655
548.94 284653
548.954 284647
548.955 284646
548.969 284641
549.065 284640
549.073 284636
549.102 284633
549.106 284631
549.116 284621
549.121 284619
549.128 284618
549.131 284616
549.137 284613
549.145 284609
549.15 284605
549.159 284573
549.168 284570
549.177 284569
549.243 284568
549.245 284553
549.278 284552
549.401 284551
549.427 284548
549.441 284547
549.446 284544
549.448 284540
549.463 284531
549.467 284528
549.48 284525
549.513 284521
551.815 284515
551.829 284508
552.381 284495
552.383 284489
552.387 284480
552.391 284479
552.392 284476
552.398 284474
552.41 284470
552.416 284469
552.876 284468
552.886 284465
552.888 284461
552.895 284457
552.898 284455
552.91 284448
552.911 284442
553.007 284421
553.01 284420
553.016 284415
553.035 284413
553.043 284409
553.165 284406
553.174 284399
553.197 284398
553.201 284397
553.223 284386
553.235 284378
553.237 284375
553.392 284373
553.399 284371
553.404 284370
553.407 284366
553.505 284365
553.516 284364
561.792 284361
561.794 284360
561.798 284353
561.806 284349
561.834 284342
561.838 284341
561.842 284338
562.047 284337
562.062 284334
562.066 284331
562.095 284322
562.098 284320
562.34 284319
562.343 284316
562.371 284313
562.392 284306
562.467 284305
562.479 284303
562.485 284302
562.488 284300
562.835 284293
562.841 284289
562.847 284286
562.892 284285
562.904 284283
563.025 284281
563.038 284279
563.216 284274
563.243 284273
563.263 284270
563.265 284269
563.297 284267
563.299 284265
563.304 284264
563.307 284262
563.586 284249
563.646 284245
563.68 284244
563.98 284238
564.029 284236
564.462 284231
564.473 284230
564.479 284222
564.488 284213
564.523 284205
564.563 284204
564.617 284200
564.62 284197
573.313 284173
573.326 284172
573.335 284171
573.353 284166
573.363 284165
573.368 284155
573.371 284152
573.456 284149
573.472 284144
573.475 284139
573.483 284138
573.554 284137
573.556 284128
573.557 284124
573.588 284121
573.597 284116
573.636 284115
573.639 284108
573.642 284107
573.644 284099
573.684 284098
573.688 284083
578.406 284075
578.517 284069
578.554 284067
578.557 284059
578.562 284053
578.57 284052
578.581 284051
578.591 284050
578.612 284048
578.616 284046
578.632 284043
578.634 284034
578.651 284032
578.653 284028
580.514 284026
580.516 284021
580.592 284007
580.597 284006
580.601 284002
580.632 283999
580.688 283984
580.696 283979
580.729 283978
580.739 283977
580.889 283971
581.093 283966
581.095 283963
581.103 283960
581.184 283956
581.203 283948
581.216 283943
581.479 283942
581.488 283940
581.492 283937
581.495 283936
581.497 283933
581.506 283929
581.625 283926
581.638 283922
582.166 283921
582.172 283915
582.183 283902
582.878 283901
582.889 283897
582.906 283892
582.941 283890
582.999 283889
583 283880
583.002 283876
583.088 283871
583.091 283870
583.168 283868
584.238 283866
585.319 283864
594.437 283853
594.449 283852
594.45 283851
594.498 283850
594.623 283848
594.63 283843
594.639 283842
594.641 283837
594.643 283827
594.833 283826
594.838 283825
595.737 283820
595.744 283816
601.801 283815
601.827 283804
601.834 283797
601.838 283795
601.853 283792
601.854 283790
601.871 283785
601.909 283783
605.22 283781
605.234 283778
605.302 283772
605.335 283771
605.343 283765
605.345 283764
605.352 283750
605.359 283748
605.398 283746
605.399 283744
605.478 283738
605.889 283736
605.893 283734
605.906 283733
606.035 283726
606.063 283717
606.064 283708
606.07 283706
606.081 283691
606.084 283688
606.1 283686
606.251 283682
606.271 283679
606.416 283678
606.462 283670
606.492 283667
606.496 283666
606.497 283661
606.499 283660
607.576 283659
607.982 283658
607.986 283656
608.746 283649
608.754 283647
609.068 283644
609.168 283639
609.261 283638
609.466 283636
609.471 283630
609.592 283624
609.617 283617
609.636 283615
609.643 283597
609.649 283595
609.652 283587
609.664 283585
609.692 283580
617.423 283579
617.43 283577
617.434 283575
617.708 283571
617.723 283570
617.731 283569
617.794 283563
617.807 283559
617.827 283556
617.834 283551
617.836 283549
617.919 283542
617.921 283537
617.926 283535
617.931 283533
617.969 283529
618.157 283524
618.277 283520
618.279 283514
618.284 283511
618.288 283505
618.291 283501
618.424 283499
618.438 283494
618.628 283490
618.629 283487
618.632 283482
618.657 283474
622.504 283473
622.676 283471
622.678 283470
622.681 283468
623.061 283466
623.069 283463
623.081 283459
623.088 283456
623.091 283454
623.094 283452
624.013 283449
624.049 283441
624.068 283436
624.085 283430
624.089 283429
624.099 283427
624.119 283422
624.122 283420
624.124 283417
624.159 283413
624.161 283409
624.163 283404
624.173 283403
624.183 283401
624.222 283400
624.263 283398
624.269 283397
624.283 283392
626.679 283388
626.684 283386
626.685 283380
626.712 283379
626.716 283378
626.766 283370
626.805 283369
626.81 283366
626.814 283364
626.87 283363
626.881 283361
626.898 283360
626.921 283358
626.97 283357
626.973 283351
626.979 283349
626.997 283348
626.999 283346
627.013 283342
627.031 283341
627.033 283340
627.056 283338
627.066 283337
627.078 283336
627.113 283335
627.159 283325
627.177 283320
627.193 283317
627.599 283315
627.621 283311
627.697 283310
627.891 283309
627.897 283308
627.899 283307
627.914 283298
627.946 283286
627.96 283278
627.971 283276
628.221 283273
628.302 283271
628.308 283268
628.372 283261
628.388 283260
628.398 283257
628.4 283253
628.418 283252
628.42 283250
628.425 283245
629.54 283243
629.556 283242
629.571 283235
629.591 283234
629.606 283233
629.614 283231
630.249 283228
630.275 283222
630.279 283221
630.283 283220
630.29 283219
630.294 283218
630.318 283212
630.329 283211
630.335 283207
630.792 283205
630.816 283202
630.82 283198
630.831 283191
630.838 283189
630.845 283188
630.848 283187
630.85 283185
630.851 283184
630.869 283178
630.89 283175
632.412 283173
632.413 283172
632.448 283169
632.488 283168
632.49 283164
632.493 283160
632.5 283157
632.51 283153
632.518 283152
632.546 283149
632.551 283148
632.556 283147
632.567 283144
632.569 283143
632.571 283142
632.581 283140
632.599 283136
632.601 283133
632.604 283128
632.613 283122
643.525 283120
643.535 283119
643.537 283117
643.539 283116
643.56 283113
643.565 283112
643.627 283103
643.653 283101
643.655 283094
643.671 283092
649.305 283089
649.306 283087
649.343 283085
649.395 283084
649.437 283074
649.446 283068
649.5 283065
649.518 283053
649.525 283045
649.789 283041
649.823 283040
649.841 283037
649.848 283034
649.859 283033
649.864 283030
649.87 283029
649.887 283027
649.896 283025
649.897 283024
649.936 283023
649.942 283021
649.947 283019
649.952 283016
649.972 283010
649.982 283009
650.081 283008
650.082 283007
650.085 283006
650.094 283005
650.104 283000
650.182 282999
666.548 282997
666.551 282989
666.86 282988
667.038 282985
667.039 282983
667.108 282981
667.315 282971
667.348 282969
667.353 282968
669.905 282967
669.918 282966
669.989 282959
669.996 282951
670.019 282945
670.059 282944
670.065 282942
670.08 282941
670.108 282939
670.116 282933
670.137 282932
670.14 282931
670.151 282928
670.169 282927
670.186 282922
670.188 282919
670.195 282913
670.214 282903
670.221 282901
670.301 282899
670.323 282898
670.834 282897
670.844 282896
670.848 282894
670.849 282890
670.854 282886
670.917 282884
670.978 282881
670.999 282879
671.031 282877
671.036 282876
671.044 282875
671.055 282874
671.101 282873
671.103 282869
671.437 282868
671.478 282867
671.677 282865
671.688 282864
671.713 282858
671.798 282857
671.801 282854
672.304 282852
672.32 282845
674.904 282835
674.925 282830
674.928 282829
674.935 282828
674.988 282827
675.001 282826
675.037 282825
675.039 282824
675.051 282822
675.055 282820
676.888 282819
676.916 282817
676.927 282813
677.273 282812
677.288 282811
677.296 282808
677.302 282807
677.308 282806
677.317 282805
677.328 282794
677.414 282792
677.473 282791
677.485 282788
677.515 282787
677.594 282785
677.611 282784
677.618 282782
677.628 282777
677.636 282776
677.652 282774
677.654 282770
677.658 282769
677.748 282767
677.762 282766
677.779 282764
677.822 282756
678.122 282751
678.137 282749
678.139 282748
678.846 282747
678.927 282745
678.979 282744
678.981 282743
679.012 282740
679.056 282736
679.582 282735
679.585 282733
679.991 282728
680.002 282723
680.003 282715
683.628 282712
683.644 282711
683.695 282708
683.699 282706
683.702 282703
683.709 282701
683.716 282694
683.76 282690
684.064 282689
684.218 282687
684.22 282685
684.323 282684
684.442 282677
685.011 282673
685.025 282670
685.032 282668
685.039 282661
685.956 282659
685.989 282647
686.032 282645
686.037 282641
686.044 282638
686.047 282635
686.105 282626
686.14 282624
686.15 282623
687.481 282617
687.516 282615
687.607 282611
687.611 282609
687.638 282608
687.663 282603
687.668 282602
687.673 282601
687.717 282600
687.792 282599
687.816 282589
687.821 282588
687.825 282583
687.843 282581
687.863 282580
687.9 282576
687.989 282571
687.999 282566
688.145 282564
692.321 282561
692.336 282560
692.364 282559
692.376 282554
693.044 282551
693.049 282549
693.095 282548
693.234 282546
693.303 282536
693.533 282535
693.544 282533
693.563 282531
693.569 282529
708.441 282528
708.466 282523
708.47 282520
708.486 282517
708.505 282516
708.556 282513
708.567 282508
708.601 282507
708.631 282506
708.641 282499
708.644 282498
708.648 282497
708.65 282491
708.671 282490
708.685 282489
708.691 282480
711.646 282478
711.773 282474
711.8 282472
711.802 282469
711.853 282464
714.97 282461
715.009 282460
715.011 282459
715.356 282457
716.357 282455
716.382 282453
716.392 282447
716.455 282445
716.506 282440
716.511 282437
716.534 282436
716.539 282430
716.55 282427
716.552 282425
716.573 282421
716.574 282418
716.577 282416
716.596 282414
716.597 282412
716.605 282411
716.636 282408
716.642 282405
716.682 282404
716.702 282403
716.709 282402
716.797 282401
716.831 282395
716.866 282394
716.873 282393
716.927 282392
717.137 282386
717.144 282384
717.158 282383
717.164 282382
717.165 282375
717.223 282374
717.24 282368
717.351 282366
717.686 282358
717.715 282357
717.734 282355
717.776 282349
717.816 282347
717.823 282346
717.852 282335
717.857 282332
717.86 282327
718.176 282320
718.184 282319
718.187 282316
718.191 282311
718.193 282307
718.21 282302
718.226 282298
718.243 282294
718.247 282291
718.25 282289
718.257 282288
718.347 282287
718.354 282285
718.461 282283
718.49 282281
718.503 282280
719.451 282279
719.471 282278
719.477 282277
719.484 282276
719.528 282274
719.704 282273
719.706 282271
719.722 282269
719.736 282261
719.778 282256
719.782 282254
719.797 282253
719.801 282249
719.808 282246
719.815 282245
719.962 282243
719.991 282241
719.999 282239
720.033 282237
720.324 282235
720.364 282234
720.368 282233
720.535 282226
722.926 282218
733.138 282216
735.084 282214
735.129 282210
735.132 282208
735.66 282205
735.852 282201
735.962 282199
736.112 282195
736.128 282194
736.14 282191
736.147 282190
736.154 282189
736.18 282187
736.22 282186
736.26 282185
736.262 282183
736.275 282182
736.3 282181
736.308 282175
736.33 282174
736.335 282170
736.366 282169
736.432 282168
736.439 282166
736.441 282165
736.538 282164
736.554 282162
736.59 282160
736.932 282150
736.942 282149
736.96 282148
736.998 282147
737.139 282144
737.623 282141
737.636 282139
737.992 282131
737.994 282127
738.002 282122
738.018 282119
738.113 282111
738.214 282108
738.238 282105
740.801 282103
740.843 282098
740.853 282096
740.862 282093
740.953 282089
740.987 282088
740.996 282087
741.709 282083
741.753 282082
741.784 282074
741.797 282072
741.798 282070
741.855 282066
742.06 282064
742.398 282063
742.408 282062
742.426 282060
743.874 282058
743.941 282057
744.057 282053
744.059 282052
747.582 282046
748.627 282043
748.658 282041
748.69 282040
748.693 282037
748.756 282034
749.29 282033
749.299 282032
749.302 282031
749.304 282028
750.723 282025
750.748 282024
750.768 282023
750.81 282021
750.956 282018
751.039 282017
751.041 282015
751.119 282008
751.127 282005
751.184 282004
751.19 282002
751.194 281999
760.994 281997
761.004 281996
761.005 281994
761.031 281992
761.608 281985
761.633 281984
761.67 281983
761.729 281981
762.173 281976
762.305 281971
762.319 281967
762.639 281966
762.642 281963
762.745 281960
763.014 281958
763.025 281957
763.118 281952
763.143 281951
763.146 281947
763.163 281944
763.222 281935
763.688 281932
763.697 281928
763.705 281927
763.772 281925
763.803 281922
763.807 281921
763.824 281920
764.017 281919
764.572 281917
764.573 281915
764.592 281914
764.597 281911
764.619 281907
764.624 281904
764.627 281901
764.67 281899
764.721 281897
764.74 281894
764.748 281890
764.75 281889
764.765 281883
765.108 281877
765.119 281876
765.138 281873
766.061 281872
766.143 281870
766.172 281869
766.201 281867
766.293 281866
766.299 281865
766.307 281864
766.321 281862
766.358 281858
766.383 281857
766.393 281856
766.455 281853
766.463 281851
766.469 281849
766.479 281847
766.485 281846
766.487 281845
770.617 281844
770.637 281842
771.936 281841
771.941 281838
771.992 281835
771.999 281833
772.003 281830
772.026 281828
772.386 281824
772.444 281821
772.453 281818
772.59 281814
773.07 281813
773.208 281812
773.227 281810
773.232 281809
773.252 281806
773.295 281800
773.364 281799
773.391 281794
773.434 281792
773.444 281787
774.215 281784
774.315 281783
774.327 281782
774.357 281780
776.213 281778
776.234 281777
776.252 281772
776.267 281771
776.283 281769
778.168 281768
778.324 281766
778.356 281765
778.365 281764
778.384 281763
778.449 281761
778.453 281760
778.53 281759
778.766 281758
778.799 281756
778.814 281755
778.827 281754
778.855 281752
778.86 281751
778.951 281747
778.958 281746
779.245 281745
779.296 281741
779.299 281740
779.337 281738
779.356 281737
779.368 281735
779.439 281734
779.637 281733
779.656 281730
779.728 281725
779.73 281724
779.768 281723
779.776 281722
779.782 281718
779.804 281716
779.817 281715
779.865 281713
780.272 281708
781.615 281703
781.638 281702
781.678 281698
781.711 281697
793.219 281694
793.296 281689
793.886 281688
793.893 281686
796.143 281681
796.147 281680
796.177 281679
796.204 281674
796.205 281662
796.216 281661
797.011 281660
797.115 281659
797.136 281658
797.192 281656
797.25 281653
797.254 281651
797.891 281648
797.997 281647
798.042 281643
798.19 281642
798.22 281640
798.238 281639
798.268 281638
798.27 281636
798.289 281635
798.308 281634
798.349 281633
798.364 281631
798.374 281625
798.4 281624
798.46 281618
798.483 281614
798.544 281613
798.599 281610
798.605 281606
798.728 281604
798.734 281603
798.759 281600
798.778 281599
798.785 281598
798.994 281520
799.045 281514
799.928 281509
799.985 281503
799.999 281502
800.039 281500
800.066 281497
800.072 281495
800.099 281492
800.208 281485
800.219 281484
800.271 281483
800.511 281479
800.513 281477
800.551 281476
800.656 281475
800.666 281474
800.692 281471
800.719 281468
804.97 281467
805.064 281465
805.067 281461
805.768 281460
806.045 281459
806.18 281456
806.192 281455
806.202 281454
806.214 281452
806.23 281451
806.282 281450
806.345 281447
806.346 281436
806.349 281435
806.492 281433
809.164 281431
809.167 281430
809.303 281429
809.327 281424
809.349 281422
809.489 281421
809.504 281420
809.55 281416
809.579 281415
809.605 281414
809.635 281412
809.746 281411
809.748 281409
810.208 281407
810.26 281405
810.28 281404
810.4 281403
810.451 281402
810.464 281401
812.388 281397
813.039 281396
813.045 281395
813.08 281394
813.148 281393
813.198 281388
813.217 281386
813.226 281384
813.314 281383
813.473 281382
813.479 281381
813.8 281377
814.198 281376
814.245 281375
814.955 281374
814.97 281373
815.087 281372
815.103 281371
815.299 281370
815.348 281368
815.393 281366
815.403 281364
815.406 281363
815.72 281362
815.725 281361
815.727 281360
815.797 281357
816.044 281356
816.192 281355
818.143 281354
818.276 281353
818.359 281350
818.431 281349
818.439 281347
818.451 281344
818.569 281343
819.866 281342
819.922 281341
820.037 281335
820.052 281333
820.067 281330
820.149 281329
820.154 281327
820.17 281325
820.203 281324
820.239 281319
820.241 281318
830.873 281317
830.922 281316
830.945 281311
830.958 281308
831.363 281307
831.397 281306
831.42 281303
831.63 281302
832.945 281301
833.091 281297
833.141 281296
833.19 281295
833.318 281294
833.402 281293
833.429 281292
833.445 281289
833.582 281288
833.686 281287
833.696 281284
833.708 281282
833.747 281281
833.762 281280
834.046 281279
834.062 281278
834.179 281275
834.189 281273
835.855 281272
835.867 281270
835.91 281266
835.975 281264
836.018 281263
836.056 281261
836.332 281259
836.365 281253
837.656 281252
837.664 281251
837.7 281250
837.849 281247
837.854 281245
837.914 281243
838.026 281240
838.037 281239
838.112 281238
838.123 281237
839.427 281236
839.796 281234
840.359 281233
841.102 281228
841.119 281226
841.14 281224
841.15 281222
841.151 281221
841.169 281217
841.188 281216
844.542 281214
844.549 281211
844.608 281210
845.319 281208
845.326 281207
845.513 281206
845.518 281203
845.521 281202
845.548 281196
845.604 281195
846.904 281192
847.006 281191
847.018 281189
847.085 281188
847.497 281186
847.631 281185
848.886 281184
848.975 281183
849.164 281181
849.276 281180
849.284 281179
850.985 281178
850.997 281176
851.041 281174
852.901 281173
852.931 281172
852.994 281169
853.052 281168
853.085 281167
853.109 281166
853.161 281164
853.166 281163
853.247 281162
853.271 281161
853.329 281159
853.503 281158
853.756 281157
853.78 281154
856.809 281152
856.906 281151
856.911 281150
857.025 281149
857.039 281148
857.048 281143
857.094 281142
857.574 281139
857.576 281137
857.614 281133
857.632 281131
857.739 281130
857.836 281129
857.848 281128
859.216 281127
859.469 281125
859.516 281124
861.276 281123
861.326 281112
861.373 281110
861.413 281105
861.476 281103
861.485 281100
861.512 281099
861.521 281098
861.958 281097
861.975 281096
862.016 281095
862.149 281093
862.72 281090
862.731 281089
862.813 281088
864.028 281087
864.05 281086
864.073 281083
864.101 281082
864.128 281080
864.167 281078
864.186 281077
864.77 281076
864.81 281075
864.859 281073
864.904 281071
865.118 281070
865.136 281067
865.186 281060
865.201 281058
865.214 281051
865.222 281048
865.3 281047
865.336 281044
865.39 281043
865.391 281042
865.519 281041
865.561 281040
865.601 281036
865.646 281033
866.297 281030
867.86 281026
867.862 281024
867.87 281021
867.875 281020
867.877 281019
867.955 281018
867.968 281016
868.046 281015
868.1 281014
876.269 281013
876.425 281012
876.45 281008
876.464 281007
876.481 281006
876.542 281005
876.547 281003
877.985 281002
878.23 281001
878.231 281000
878.243 280997
878.32 280996
878.371 280994
878.376 280993
878.502 280992
878.539 280991
880.109 280990
880.115 280988
880.883 280987
881.057 280986
881.122 280983
881.333 280982
881.342 280981
881.426 280978
881.442 280977
881.478 280976
881.542 280975
881.602 280974
881.65 280973
883.799 280972
884.445 280971
884.591 280968
884.671 280964
885.004 280960
885.174 280959
885.187 280955
885.221 280954
885.943 280953
886.224 280951
886.39 280950
886.502 280949
886.652 280948
886.873 280946
886.946 280943
886.954 280941
887.255 280940
887.262 280939
887.369 280938
889.109 280936
889.681 280935
892.412 280933
892.426 280931
892.943 280930
892.953 280928
892.976 280927
892.984 280925
894.805 280924
895.238 280923
895.253 280922
895.85 280921
895.935 280916
896.111 280913
896.161 280911
896.32 280910
896.369 280909
896.373 280908
896.381 280907
896.384 280904
897.114 280903
897.311 280902
897.343 280901
897.452 280900
897.682 280898
897.873 280897
897.893 280896
898.815 280895
898.847 280892
899.082 280890
899.143 280887
899.188 280886
910.826 280885
910.864 280884
911.042 280881
911.144 280880
912.373 280879
912.502 280877
912.528 280876
912.58 280872
912.622 280870
912.651 280869
912.845 280866
914.095 280865
914.195 280864
914.2 280863
914.474 280861
914.684 280860
914.707 280859
914.802 280857
914.898 280853
914.92 280852
915.019 280851
915.038 280850
915.075 280849
915.221 280848
915.242 280847
916.149 280846
916.768 280845
920.137 280843
920.211 280842
920.224 280841
920.226 280840
920.237 280839
920.24 280837
920.249 280835
920.293 280833
920.767 280831
924.766 280830
924.79 280829
924.857 280828
924.882 280827
925.243 280825
925.314 280824
925.338 280822
925.35 280821
926.036 280820
926.288 280819
927.35 280818
927.36 280816
927.646 280815
927.664 280814
927.698 280813
927.707 280812
927.94 280810
927.945 280808
930.11 280806
930.569 280804
930.575 280801
930.704 280799
930.782 280798
930.797 280797
931.214 280795
931.318 280793
932.705 280792
932.707 280791
932.714 280790
932.877 280788
932.894 280786
933.699 280785
934.272 280784
934.761 280783
934.822 280782
934.835 280781
935.971 280780
936.056 280779
936.072 280778
936.1 280776
937.262 280775
937.269 280772
937.412 280770
937.498 280768
937.505 280764
937.583 280762
937.647 280761
937.783 280760
938.21 280757
938.267 280756
938.424 280755
950.965 280754
951.022 280750
951.125 280748
953.28 280747
953.308 280746
953.855 280744
953.866 280743
953.9 280742
953.908 280741
953.955 280740
954.566 280738
959.897 280737
959.974 280735
960.604 280734
960.617 280733
960.67 280732
960.701 280731
961.279 280730
961.3 280729
961.338 280728
961.806 280725
961.817 280724
961.83 280723
962.647 280722
963.452 280719
963.717 280718
963.804 280717
963.889 280715
963.896 280714
963.975 280713
964.522 280711
964.789 280708
964.913 280707
965.34 280705
965.372 280703
965.394 280702
965.508 280701
965.543 280698
965.794 280697
965.855 280695
969.67 280692
969.719 280691
969.872 280690
974.666 280686
975.189 280685
975.293 280683
975.369 280682
979.678 280681
979.721 280680
979.89 280679
981.444 280678
981.476 280676
981.511 280675
992.51 280674
992.576 280673
992.668 280667
992.676 280664
992.897 280662
993.679 280660
993.947 280658
994.16 280657
996.003 280656
996.03 280655
996.144 280654
998.234 280653
998.26 280650
998.414 280649
998.979 280648
999.485 280647
999.527 280646
999.586 280645
999.643 280644
999.725 280643
999.792 280642
1001.32 280641
1001.36 280640
1001.62 280639
1002.01 280638
1002.38 280637
1002.44 280636
1003.15 280633
1003.2 280632
1003.21 280631
1003.26 280630
1003.6 280629
1003.69 280626
1004.32 280625
1004.32 280624
1006.42 280623
1006.47 280621
1006.52 280620
1006.73 280619
1006.98 280618
1007.11 280617
1007.22 280614
1007.42 280612
1007.92 280611
1008.05 280610
1008.06 280609
1008.28 280608
1008.45 280606
1008.54 280604
1008.6 280602
1009.76 280599
1009.94 280598
1010.21 280597
1010.41 280592
1010.6 280591
1010.66 280588
1010.83 280587
1010.9 280586
1011.13 280585
1011.15 280584
1017.31 280583
1017.5 280582
1017.5 280581
1017.58 280580
1020.63 280579
1021.22 280577
1021.6 280576
1021.63 280575
1022.19 280574
1022.35 280573
1022.41 280572
1022.7 280571
1022.79 280569
1022.89 280567
1023.19 280566
1023.39 280565
1024.89 280564
1024.99 280563
1025.12 280561
1025.18 280560
1025.27 280559
1025.34 280558
1035.15 280557
1035.99 280555
1039.87 280554
1039.88 280553
1040.21 280552
1040.8 280551
1040.81 280550
1040.97 280549
1041.06 280548
1041.38 280547
1041.72 280546
1041.88 280545
1042.1 280543
1042.63 280542
1045.35 280541
1045.68 280540
1055.77 280539
1056.05 280538
1056.7 280537
1056.91 280536
1057.03 280535
1064.61 280532
1064.72 280531
1065.62 280530
1065.68 280528
1065.96 280527
1066.08 280526
1066.45 280525
1069.21 280524
1071.15 280523
1071.52 280522
1071.77 280521
1072.75 280520
1072.76 280519
1076.4 280518
1076.45 280516
1080.22 280515
1080.22 280514
1080.28 280513
1080.93 280512
1080.96 280511
1083.77 280510
1087.23 280509
1087.51 280508
1087.54 280507
1087.91 280506
1088.63 280505
1088.87 280504
1089.05 280503
1090.16 280502
1095.96 280501
1098.28 280500
1098.62 280499
1099.59 280498
1100.29 280497
1100.84 280496
1101.25 280493
1101.29 280492
1101.68 280491
1102.63 280490
1102.69 280488
1102.7 280487
1102.88 280485
1104 280484
1104.86 280483
1106.69 280482
1108.94 280481
1110.69 280480
1110.76 280479
1114.03 280478
1115.25 280477
1117.13 280476
1117.17 280475
1118.67 280474
1118.86 280473
1119.18 280472
1119.36 280471
1120.41 280470
1120.64 280469
1120.7 280468
1121.2 280467
1121.27 280465
1121.61 280464
1125.04 280463
1125.89 280462
1125.97 280461
1126.21 280460
1128.04 280459
1129.03 280458
