0.004 1510.98
0.004 1502.26
0.005 1492.93
0.005 1491.18
0.006 1488.72
0.006 1477.01
0.008 1476.18
0.009 1467.95
0.01 1466.9
0.012 1465.27
0.012 1458.27
0.014 1454.18
0.016 1447.79
0.016 1446.21
0.017 1446.14
0.018 1445.6
0.018 1442.14
0.019 1435.31
0.021 1434.52
0.022 1434.41
0.022 1433.81
0.028 1433.11
0.04 1432.22
0.04 1429.54
0.051 1428.96
0.063 1427.28
0.067 1426.1
0.068 1425.58
0.079 1425.45
0.08 1424.59
0.081 1423.62
0.086 1415.99
0.093 1413.98
0.094 1411.23
0.099 1410.63
0.105 1409.17
0.113 1406.35
0.113 1405.69
0.117 1402.16
0.118 1401.12
0.119 1400.11
0.128 1396.79
0.128 1395.23
0.131 1395.2
1.377 1394.98
1.378 1394.64
1.451 1393.82
1.452 1393.21
1.483 1392.32
1.729 1392.23
1.736 1391.8
1.737 1391.76
1.756 1387.58
2.63 1384.97
4.292 1384.48
8.859 1383.17
13.89 1383.11
14.633 1383.1
14.758 1382.82
14.771 1382.66
15.827 1382.39
15.828 1382.06
71.303 1380.43
71.312 1379.74
127.703 1379.63
134.533 1378.72
153.623 1378.63
153.637 1378.32
169.715 1376.91
170.091 1376.01
170.094 1375.14
170.157 1374.72
170.215 1373.71
171.84 1372.85
