0.003 1524.12
0.005 1506.5
0.006 1501.1
0.008 1497.79
0.009 1493.64
0.009 1489.88
0.01 1489.27
0.011 1488.36
0.011 1486.97
0.012 1486.24
0.012 1485.28
0.013 1483.87
0.014 1478.14
0.014 1472.51
0.015 1470.4
0.015 1470.39
0.016 1467.75
0.017 1465.33
0.019 1464.33
0.019 1452.41
0.022 1445.91
0.023 1441.92
0.025 1440.18
0.027 1437.74
0.03 1437.68
0.034 1432.21
0.044 1432.18
0.045 1431.37
0.046 1430.66
0.051 1430.58
0.058 1429.93
0.06 1426.79
0.066 1425.67
0.068 1423.96
0.072 1422.08
0.085 1417.52
0.086 1411.72
0.086 1409.31
0.087 1406.62
0.208 1405.94
0.208 1405.14
0.21 1404.95
0.212 1403.84
2.34 1403.31
2.352 1403.11
2.354 1400.51
2.36 1398.51
3.589 1398.49
3.59 1397.01
9.556 1396.1
11.235 1395.81
12.991 1395.56
13.045 1394.3
13.048 1393.65
13.052 1392.63
23.672 1391.2
24.701 1390.31
24.702 1389.66
35.867 1388.92
44.635 1388.59
45.046 1388.59
51.156 1388.55
54.946 1388.27
60.343 1388.12
67.151 1387.83
70.9 1387.8
