9.727 313895
9.728 313840
9.731 313839
9.733 313662
9.734 313658
9.735 313627
9.736 313620
9.738 313599
9.739 313590
9.74 313567
9.742 313477
9.744 313435
9.748 313372
9.75 313341
9.751 313337
9.753 313309
9.754 313265
9.755 313206
9.756 313197
9.758 313192
9.759 313121
9.76 313090
9.762 313087
9.763 313086
9.764 313064
9.765 313032
9.767 313002
9.768 312980
9.77 312965
9.771 312943
9.773 312942
9.774 312938
9.775 312931
9.777 312875
9.778 312802
9.782 312785
9.783 312755
9.784 312733
9.785 312718
9.787 312664
9.788 312649
9.789 312646
9.791 312614
9.792 312596
9.793 312576
9.794 312571
9.796 312560
9.797 312544
9.799 312542
9.8 312539
9.802 312474
9.804 312407
9.805 312377
9.806 312250
9.807 312249
9.809 312248
9.81 312239
9.812 312196
9.813 312182
9.814 312180
9.816 312169
9.817 312154
9.819 312151
9.82 312123
9.826 312105
9.829 312056
9.833 312010
9.836 311999
9.837 311944
9.84 311929
9.841 311909
9.843 311902
9.844 311901
9.845 311770
9.847 311735
9.848 311734
9.85 311685
9.851 311654
9.857 311651
9.859 311645
9.86 311628
9.861 311616
9.862 311601
9.864 311593
9.865 311585
9.867 311576
9.868 311539
9.869 311536
9.871 311510
9.872 311508
9.874 311465
9.875 311457
9.876 311441
9.877 311396
9.879 311287
9.88 311272
9.881 311251
9.883 311170
9.886 311163
9.887 311107
9.889 311095
9.89 311092
9.892 311025
9.894 310972
9.896 310937
9.899 310771
9.901 310753
9.903 310733
9.904 310718
9.908 310693
9.909 310692
9.912 310674
9.914 310670
9.916 310645
9.918 310636
9.92 310601
9.921 310586
9.922 310550
9.923 310517
9.925 310399
9.926 310394
9.927 310391
9.931 310376
9.934 310323
9.935 310311
9.936 310282
9.939 310280
9.941 310241
9.945 310152
9.946 310128
9.947 310050
9.949 310045
9.951 310016
9.953 310003
9.956 309997
9.958 309973
9.96 309971
9.961 309969
9.962 309968
9.964 309963
9.965 309956
9.969 309949
9.974 309914
9.98 309904
9.981 309869
9.982 309857
9.985 309850
9.988 309819
9.992 309778
9.995 309765
9.997 309736
10 309735
10.004 309726
10.006 309725
10.007 309719
10.009 309716
10.011 309710
10.012 309701
10.015 309681
10.016 309668
10.017 309662
10.018 309655
10.02 309651
10.021 309616
10.023 309613
10.025 309578
10.026 309577
10.027 309572
10.029 309561
10.03 309525
10.031 309512
10.032 309509
10.035 309498
10.036 309479
10.038 309449
10.042 309420
10.043 309411
10.046 309409
10.048 309408
10.053 309395
10.055 309384
10.056 309368
10.058 309340
10.059 309291
10.06 309225
10.062 309224
10.064 309137
10.065 309120
10.066 309114
10.067 309103
10.069 309095
10.073 308979
10.074 308972
10.083 308965
10.09 308964
10.091 308943
10.092 308936
10.094 308928
10.097 308911
10.098 308895
10.103 308890
10.105 308889
10.106 308870
10.108 308843
10.109 308828
10.11 308826
10.112 308823
10.117 308820
10.119 308715
10.129 308711
10.131 308710
10.136 308702
10.138 308687
10.14 308679
10.141 308669
10.145 308643
10.146 308626
10.148 308617
10.15 308607
10.151 308605
10.152 308604
10.155 308602
10.157 308599
10.159 308591
10.164 308366
10.167 308359
10.168 308347
10.169 308345
10.171 308328
10.172 308326
10.175 308317
10.177 308316
10.179 308308
10.18 308280
10.181 308255
10.188 308253
10.19 308243
10.198 308040
10.23 307978
10.232 307975
10.235 307973
10.237 307958
10.238 307956
10.242 307948
10.244 307947
10.245 307934
10.248 307839
10.251 307829
10.252 307803
10.253 307799
10.258 307763
10.262 307758
10.263 307743
10.267 307726
10.269 307721
10.271 307719
10.274 307663
10.276 307657
10.277 307653
10.28 307650
10.281 307621
10.291 307618
10.292 307613
10.295 307590
10.296 307585
10.298 307577
10.321 307562
10.322 307513
10.324 307512
10.325 307499
10.326 307494
10.328 307476
10.33 307470
10.332 307468
10.334 307467
10.358 307458
10.36 307450
10.364 307449
10.365 307446
10.368 307439
10.371 307438
10.372 307421
10.375 307418
10.377 307415
10.382 307403
10.383 307399
10.385 307346
10.39 307335
10.393 307278
10.397 307248
10.401 307237
10.403 307225
10.404 307211
10.407 307200
10.408 307194
10.409 307185
10.412 307184
10.416 307176
10.418 307168
10.42 307017
10.427 307010
10.432 307009
10.436 307006
10.443 306982
10.45 306976
10.452 306970
10.459 306966
10.461 306961
10.462 306960
10.464 306954
10.466 306952
10.467 306945
10.468 306942
10.469 306941
10.47 306918
10.474 306883
10.476 306852
10.477 306847
10.481 306835
10.489 306828
10.49 306804
10.509 306802
10.51 306790
10.512 306787
10.519 306785
10.522 306756
10.531 306745
10.536 306740
10.538 306713
10.539 306708
10.549 306705
10.551 306702
10.555 306680
10.559 306672
10.56 306662
10.561 306641
10.563 306630
10.566 306626
10.604 306611
10.613 306607
10.614 306598
10.618 306582
10.619 306567
10.628 306566
10.633 306565
10.636 306530
10.639 306499
10.643 306472
10.647 306469
10.648 306464
10.651 306463
10.655 306461
10.656 306411
10.659 306410
10.661 306402
10.662 306391
10.664 306390
10.672 306383
10.674 306380
10.675 306362
10.677 306361
10.679 306360
10.68 306359
10.681 306355
10.682 306346
10.687 306334
10.691 306332
10.693 306324
10.696 306320
10.699 306286
10.702 306280
10.706 306232
10.707 306230
10.723 306195
10.724 306192
10.728 306191
10.735 306178
10.752 306165
10.756 306163
10.761 306155
10.762 306148
10.764 306115
10.765 306113
10.768 306100
10.8 306087
10.801 306085
10.804 306066
10.806 306061
10.838 306060
10.846 306049
10.848 306045
10.85 306043
10.855 306039
10.859 306007
10.861 306003
10.875 306001
10.877 305999
10.883 305995
10.885 305991
10.887 305989
10.903 305986
10.904 305984
10.91 305971
10.911 305964
10.915 305953
10.926 305952
10.927 305938
10.937 305937
10.951 305928
10.96 305915
10.964 305906
10.965 305902
10.969 305901
10.988 305899
10.991 305880
11.038 305872
11.041 305856
11.044 305840
11.045 305836
11.048 305833
11.077 305832
11.08 305829
11.084 305822
11.17 305815
11.175 305809
11.177 305808
11.18 305804
11.182 305803
11.185 305801
11.194 305791
11.196 305789
11.201 305757
11.208 305749
11.21 305744
11.212 305735
11.219 305734
11.221 305729
11.224 305720
11.226 305711
11.228 305710
11.231 305707
11.241 305702
11.247 305699
11.308 305696
11.31 305665
11.315 305662
11.317 305658
11.323 305633
11.324 305629
11.327 305622
11.328 305621
11.341 305615
11.343 305607
11.346 305601
11.496 305600
11.498 305588
11.5 305583
11.511 305553
11.513 305551
11.571 305550
11.581 305525
11.586 305523
11.587 305521
11.597 305512
11.598 305511
11.599 305510
11.683 305469
11.686 305445
11.72 305442
11.722 305441
11.724 305414
11.731 305381
11.738 305370
11.741 305369
11.749 305362
11.786 305354
11.789 305351
11.792 305350
11.794 305345
11.795 305332
11.8 305327
11.824 305314
11.826 305311
11.828 305296
11.83 305295
11.839 305268
11.841 305236
11.846 305220
11.852 305218
11.859 305212
11.86 305210
11.864 305208
11.865 305207
11.866 305201
11.87 305198
11.9 305187
11.952 305173
11.954 305172
11.956 305170
11.958 305169
11.959 305153
12.068 305134
12.093 305133
12.098 305091
12.1 305063
12.226 305032
12.228 305020
12.235 305018
12.238 305016
12.248 305012
12.25 305005
12.252 304989
12.256 304963
12.259 304960
12.262 304948
12.314 304919
12.33 304918
12.333 304851
12.337 304814
12.339 304810
12.341 304809
12.342 304803
12.349 304798
12.368 304794
12.37 304782
12.782 304774
12.832 304764
12.834 304751
12.839 304741
12.84 304735
12.872 304728
12.874 304723
12.878 304721
12.884 304713
12.894 304663
12.895 304650
12.899 304646
12.901 304642
12.903 304639
12.905 304625
12.951 304609
14.622 304606
14.625 304590
14.632 304589
14.67 304579
14.673 304578
14.674 304554
14.69 304549
14.72 304545
14.722 304543
14.733 304539
14.737 304531
14.739 304529
14.747 304512
14.75 304507
14.752 304496
14.753 304491
14.755 304484
14.765 304468
14.77 304467
14.8 304458
14.802 304448
14.804 304439
14.806 304438
14.816 304436
14.818 304410
14.821 304390
14.838 304384
14.84 304379
14.841 304375
14.843 304370
14.844 304354
14.908 304330
14.912 304326
14.994 304316
15.008 304310
15.022 304308
15.036 304301
15.044 304291
15.047 304286
15.054 304282
15.06 304278
15.062 304277
15.067 304267
15.073 304262
15.075 304254
15.076 304252
15.078 304246
15.083 304214
15.085 304197
15.09 304194
15.116 304179
15.119 304149
15.147 304143
15.18 304003
15.187 303995
15.188 303990
15.19 303989
15.192 303987
15.197 303979
15.198 303967
15.2 303945
15.215 303943
15.218 303937
15.22 303936
15.221 303932
15.223 303930
15.224 303929
15.251 303928
15.253 303909
15.256 303907
15.287 303902
15.289 303891
15.32 303889
15.322 303883
15.324 303871
15.329 303866
15.347 303862
15.35 303858
15.374 303845
15.375 303830
15.502 303806
15.504 303801
15.508 303773
15.509 303765
15.516 303756
15.626 303749
15.659 303738
15.663 303736
15.667 303732
15.669 303718
15.67 303695
15.672 303693
15.675 303692
15.678 303680
15.681 303677
15.693 303630
15.695 303627
15.696 303621
15.697 303615
15.699 303607
15.7 303602
15.704 303579
15.706 303578
15.709 303562
15.713 303545
15.718 303536
15.725 303535
15.726 303533
15.728 303529
15.729 303523
15.733 303491
15.734 303488
15.736 303482
15.74 303465
15.744 303454
15.746 303453
15.748 303449
15.75 303425
15.76 303420
15.764 303340
15.768 303337
15.774 303331
15.82 303310
15.909 303302
15.914 303286
15.924 303281
15.951 303276
15.956 303273
15.957 303271
15.964 303269
15.97 303268
15.971 303263
15.973 303257
15.976 303252
15.979 303251
15.981 303245
15.985 303243
15.988 303242
16.001 303231
16.003 303225
16.006 303223
16.124 303221
16.133 303208
16.139 303186
16.173 303176
16.313 303148
16.322 303146
16.325 303142
16.335 303125
16.336 303123
16.337 303092
16.338 303086
16.494 303079
17.471 303078
17.478 303071
17.488 303069
17.495 303064
17.5 303060
17.515 303058
17.516 303054
17.517 303053
17.519 303027
17.521 303018
17.592 302981
17.594 302971
17.607 302939
17.613 302922
17.648 302920
17.649 302910
17.65 302903
17.655 302890
17.657 302886
18.22 302876
18.222 302875
18.244 302865
18.254 302859
18.308 302857
18.311 302855
18.316 302837
18.318 302830
18.32 302824
20.099 302822
20.102 302820
20.809 302806
20.81 302781
20.837 302772
20.842 302768
20.853 302751
20.854 302730
20.864 302729
20.867 302719
20.897 302717
20.898 302714
20.904 302701
20.907 302695
20.909 302692
20.912 302687
20.913 302686
20.915 302684
20.921 302678
20.995 302676
21.064 302669
21.066 302662
21.067 302649
21.069 302640
21.072 302638
21.074 302632
21.606 302607
21.607 302606
21.611 302592
21.615 302586
21.622 302570
21.625 302569
21.626 302567
21.627 302555
21.633 302549
21.635 302541
21.64 302540
21.643 302528
21.647 302524
21.648 302511
21.672 302500
21.68 302473
21.681 302469
21.682 302458
21.684 302454
21.696 302448
21.698 302425
21.7 302422
21.717 302421
21.719 302418
21.721 302370
21.732 302364
21.736 302338
22.152 302324
22.154 302308
22.161 302268
22.162 302267
22.166 302266
22.171 302254
22.172 302228
22.175 302200
22.178 302196
22.181 302193
22.244 302185
22.246 302184
22.247 302121
22.253 302118
22.263 302111
22.271 302070
22.276 302068
22.279 302063
22.281 302062
22.405 302060
22.435 302059
22.441 302058
22.442 302057
22.46 302043
22.462 302037
22.467 302031
22.475 302023
22.489 302020
22.514 302016
23.16 301953
23.161 301940
23.163 301907
23.164 301883
23.166 301882
23.172 301877
23.173 301846
23.181 301844
23.187 301812
23.204 301802
23.254 301799
23.256 301793
23.267 301766
23.27 301758
23.319 301756
23.321 301749
23.324 301731
23.326 301730
23.329 301727
23.334 301716
23.399 301715
23.498 301706
23.895 301704
23.897 301703
23.899 301696
23.9 301689
23.91 301688
23.982 301685
23.984 301681
23.988 301679
23.99 301678
23.992 301663
23.994 301661
23.997 301653
24.006 301648
24.008 301645
24.014 301638
24.017 301634
24.021 301595
24.024 301593
24.025 301591
24.026 301590
24.032 301582
24.034 301577
24.04 301559
24.041 301528
24.119 301508
24.121 301503
24.124 301501
24.148 301495
24.149 301488
24.155 301485
24.156 301473
24.197 301465
24.215 301449
24.251 301448
24.253 301445
24.254 301443
24.922 301435
24.925 301433
24.928 301417
24.931 301415
24.935 301409
24.952 301397
24.963 301387
24.965 301374
24.972 301373
24.973 301368
24.975 301366
24.977 301357
24.979 301350
24.999 301349
25.001 301321
25.002 301315
25.014 301308
25.021 301306
25.022 301280
25.025 301275
25.026 301268
25.033 301266
25.038 301255
25.043 301254
25.077 301253
25.176 301241
25.178 301237
25.181 301232
25.195 301214
25.2 301212
25.205 301204
25.207 301185
25.209 301177
25.226 301176
25.237 301162
25.239 301131
25.242 301124
25.244 301113
25.249 301112
25.25 301111
25.26 301105
25.263 301104
25.264 301101
25.287 301097
25.288 301090
25.295 301082
25.31 301046
25.405 301036
25.412 301031
25.417 301029
25.42 301022
25.437 301007
25.444 300982
25.875 300981
25.879 300976
25.88 300974
25.881 300973
25.884 300953
25.885 300949
25.887 300948
25.89 300940
25.906 300934
25.911 300922
25.913 300899
25.917 300898
25.92 300894
25.922 300884
25.923 300865
25.926 300853
25.927 300845
25.971 300757
25.992 300730
25.998 300701
26 300688
26.002 300668
26.003 300640
26.073 300634
26.075 300628
26.08 300621
26.102 300620
26.104 300582
26.107 300574
26.109 300573
26.127 300565
26.13 300559
26.134 300525
26.145 300510
26.151 300501
26.153 300490
26.155 300485
26.163 300484
26.182 300479
26.482 300458
26.488 300451
26.491 300450
26.505 300430
26.507 300414
26.511 300407
26.557 300404
26.558 300399
26.561 300393
26.564 300384
26.566 300357
26.568 300355
26.58 300352
26.584 300348
26.588 300343
26.6 300338
26.602 300334
26.604 300333
26.609 300332
26.616 300314
26.617 300302
26.623 300284
26.624 300278
26.626 300275
26.634 300273
26.648 300270
26.695 300255
26.701 300254
26.705 300245
26.706 300243
26.707 300234
26.709 300218
26.721 300212
26.723 300207
26.73 300196
26.737 300174
27.917 300146
27.991 300143
27.994 300137
28.033 300133
28.11 300126
28.113 300124
28.117 300111
28.118 300108
28.121 300094
28.122 300085
28.126 300079
28.127 300074
28.138 300053
28.14 300045
28.142 300044
28.143 300034
28.33 300029
28.332 300006
28.334 300004
28.364 299987
28.374 299986
28.375 299977
28.542 299970
28.552 299952
28.554 299943
28.555 299940
28.563 299939
28.572 299930
28.577 299917
28.586 299896
28.587 299893
28.589 299886
28.605 299859
28.611 299807
28.617 299797
28.618 299787
28.621 299783
28.622 299777
28.623 299773
28.628 299767
28.649 299764
28.745 299745
28.75 299736
28.752 299729
28.757 299714
28.762 299689
28.763 299683
28.765 299677
28.767 299673
28.783 299659
28.785 299656
28.786 299655
28.806 299651
28.808 299634
28.81 299615
28.816 299611
28.818 299602
28.847 299594
28.856 299580
28.859 299578
28.861 299568
28.865 299557
28.868 299555
28.909 299554
28.932 299553
28.941 299552
28.943 299550
28.945 299535
28.946 299529
28.951 299526
28.952 299520
28.955 299513
28.966 299510
28.991 299505
28.995 299482
29.002 299478
29.014 299475
29.02 299460
29.067 299456
29.073 299454
29.075 299452
29.076 299444
29.081 299441
29.086 299434
29.089 299402
29.09 299400
29.092 299390
29.21 299373
29.253 299372
29.263 299352
29.291 299349
29.293 299338
29.316 299326
29.32 299323
29.322 299291
29.333 299249
29.346 299213
29.356 299203
29.361 299202
29.367 299197
29.37 299192
29.387 299173
29.388 299169
29.394 299161
29.402 299122
29.404 299119
29.405 299115
29.407 299114
29.425 299088
29.492 299086
29.495 299083
29.497 299077
29.51 299068
29.589 299060
29.59 299044
29.601 299043
29.652 299033
29.657 299007
30.229 298996
30.429 298989
30.433 298975
30.435 298962
30.436 298958
30.438 298954
30.524 298953
30.548 298948
30.549 298942
30.55 298930
30.559 298926
30.563 298921
30.565 298916
30.568 298911
30.624 298908
30.626 298902
30.629 298899
30.662 298885
30.667 298882
30.686 298879
30.687 298877
30.692 298871
30.716 298866
30.718 298860
30.72 298854
30.722 298844
30.723 298829
30.743 298816
30.746 298804
30.748 298795
30.75 298754
30.754 298726
30.755 298722
30.757 298715
30.788 298689
30.789 298670
30.792 298658
30.795 298650
30.984 298643
30.986 298641
30.988 298638
31.015 298637
31.021 298629
31.027 298605
31.029 298601
31.034 298588
31.037 298581
31.042 298572
31.047 298571
31.048 298563
31.05 298550
31.051 298537
31.183 298530
31.19 298518
31.192 298517
31.196 298512
31.201 298502
31.205 298490
31.212 298479
31.255 298477
31.257 298460
31.261 298459
31.262 298430
31.27 298426
31.274 298420
31.277 298418
31.278 298417
31.28 298414
31.299 298412
31.302 298408
31.307 298406
31.309 298396
32.016 298389
32.218 298382
32.223 298376
32.23 298370
32.231 298368
32.235 298357
32.284 298349
32.294 298341
32.295 298338
32.298 298337
32.301 298330
32.302 298327
32.31 298310
32.32 298300
32.324 298287
32.338 298278
32.339 298277
32.347 298272
32.35 298253
32.358 298244
32.36 298241
32.362 298228
32.363 298220
32.366 298213
32.37 298186
33.037 298164
33.042 298157
33.044 298156
33.055 298123
33.057 298119
33.059 298115
33.06 298114
33.062 298113
33.065 298111
33.095 298108
33.097 298103
33.099 298096
33.14 298089
33.147 298086
33.154 298065
33.346 298061
33.381 298057
33.518 298051
33.521 298035
33.523 298033
33.526 298031
33.533 298025
33.566 298024
33.578 298020
33.582 298012
33.587 298008
34.156 298007
34.161 298001
34.165 297998
34.167 297997
34.171 297995
34.352 297947
34.357 297936
34.358 297932
34.361 297915
35.522 297905
35.531 297900
35.547 297899
35.553 297890
35.568 297883
35.571 297876
35.573 297875
35.576 297871
35.577 297866
35.67 297864
35.674 297857
35.692 297855
35.715 297854
35.717 297844
35.726 297833
35.729 297825
35.73 297819
35.731 297806
35.747 297799
35.749 297795
35.752 297771
35.773 297762
35.774 297755
35.776 297750
35.778 297723
35.84 297708
35.842 297705
35.845 297701
35.917 297696
35.922 297695
35.924 297691
35.927 297683
35.931 297680
35.932 297679
35.96 297672
35.976 297667
35.98 297666
35.982 297653
35.986 297652
35.991 297635
36.014 297632
36.021 297630
36.099 297629
36.102 297622
36.104 297618
36.105 297605
36.11 297601
36.115 297599
36.12 297576
36.121 297556
36.124 297541
36.127 297536
36.13 297526
36.138 297524
36.14 297511
36.166 297504
36.297 297486
36.304 297482
36.342 297467
36.344 297462
36.347 297437
36.359 297420
36.364 297416
36.367 297413
36.387 297403
36.389 297392
36.392 297389
36.416 297387
36.417 297384
36.419 297375
36.884 297374
36.887 297373
36.891 297370
36.898 297362
37.12 297320
37.129 297309
37.132 297308
37.134 297306
37.135 297303
37.235 297294
37.237 297292
37.243 297290
37.253 297289
37.257 297282
37.259 297257
37.262 297229
37.264 297214
37.268 297197
37.283 297191
37.313 297185
37.318 297182
37.402 297180
37.406 297173
37.408 297170
37.411 297151
37.415 297141
37.418 297125
37.434 297118
37.439 297115
37.44 297105
37.479 297092
37.481 297079
37.483 297063
37.488 297054
37.491 297051
37.494 297049
37.511 297030
37.575 297019
37.577 297010
37.591 297008
37.594 297003
37.6 296993
37.608 296989
37.609 296981
37.611 296980
37.614 296959
37.617 296956
37.641 296954
37.643 296948
37.646 296935
37.651 296929
37.656 296924
37.66 296917
37.679 296916
37.684 296915
37.685 296910
37.687 296909
37.738 296901
37.741 296884
38.531 296874
38.614 296869
38.62 296854
38.625 296851
38.627 296849
38.631 296844
38.638 296819
38.747 296814
38.751 296808
38.755 296805
38.795 296746
38.797 296743
38.819 296733
39.253 296700
39.257 296675
39.258 296641
39.264 296640
39.265 296633
39.267 296624
39.27 296622
39.271 296604
39.275 296600
39.277 296595
39.282 296594
39.283 296573
39.286 296567
39.323 296535
39.325 296533
39.332 296532
39.339 296531
39.342 296517
39.347 296505
39.356 296500
39.358 296491
39.361 296488
39.363 296487
39.536 296485
39.538 296467
39.54 296463
39.553 296459
39.555 296458
39.558 296456
39.56 296455
39.561 296449
39.579 296447
39.58 296440
39.595 296436
39.598 296419
39.607 296407
39.609 296401
39.622 296400
39.634 296399
39.664 296370
39.666 296367
39.667 296364
39.669 296351
39.682 296338
39.684 296331
39.707 296294
39.713 296264
39.748 296150
39.753 296139
39.755 296138
39.757 296126
39.758 296119
39.759 296117
39.763 296111
39.764 296105
39.767 296104
39.769 296094
40.003 296082
40.007 296071
40.009 296064
40.013 296063
40.016 296057
40.02 296055
40.026 296053
40.131 296044
40.138 296043
40.141 296036
40.143 296023
40.146 296009
40.148 296007
40.149 296006
40.153 296004
40.173 295974
40.183 295973
40.201 295958
40.22 295951
40.222 295950
40.224 295936
40.225 295896
40.226 295893
40.231 295878
40.245 295877
40.481 295873
40.483 295866
40.485 295858
40.49 295856
40.493 295848
40.502 295843
40.503 295841
40.506 295839
40.509 295835
40.512 295828
40.517 295826
40.521 295825
40.527 295824
40.899 295822
40.904 295821
40.906 295803
41.148 295799
41.155 295796
41.692 295791
41.696 295786
41.698 295776
41.705 295753
41.712 295750
41.714 295749
41.742 295744
41.758 295728
41.76 295712
41.764 295710
41.781 295709
41.799 295706
41.802 295694
41.804 295682
41.805 295672
41.807 295662
41.812 295660
41.815 295656
41.818 295650
41.884 295633
42.856 295632
42.861 295628
42.871 295623
42.958 295622
42.961 295621
42.985 295619
42.99 295618
42.992 295615
42.995 295613
42.996 295600
43 295596
43.004 295592
43.007 295586
43.238 295569
43.239 295557
43.241 295550
43.245 295543
43.253 295521
43.279 295514
43.282 295496
43.341 295495
43.35 295494
43.36 295489
43.386 295484
43.388 295478
43.392 295466
43.412 295461
43.458 295459
43.462 295449
43.463 295446
43.467 295428
43.474 295416
43.479 295392
43.482 295389
43.488 295385
43.495 295384
43.514 295368
43.523 295365
43.527 295350
43.538 295349
43.547 295343
43.549 295337
43.551 295335
43.561 295327
43.563 295318
43.591 295311
43.592 295282
43.614 295278
43.621 295267
43.628 295261
43.63 295258
43.635 295242
44.049 295223
44.064 295222
44.067 295213
44.07 295210
44.087 295185
44.09 295184
44.11 295181
44.112 295180
44.129 295158
45.538 295148
45.541 295144
45.547 295143
45.55 295131
45.556 295127
45.558 295126
45.723 295115
45.73 295103
45.733 295090
45.737 295088
45.742 295086
45.748 295078
45.749 295070
45.753 295069
46.009 295065
46.023 295062
46.026 295056
46.037 295053
46.039 295044
46.048 295039
46.056 295024
46.15 295012
46.153 295011
46.156 295009
46.164 294999
47.058 294997
47.091 294995
47.094 294994
47.099 294980
47.108 294977
47.141 294973
47.143 294970
47.149 294968
47.155 294961
47.167 294939
47.228 294934
47.231 294931
47.233 294916
47.234 294912
47.236 294906
47.237 294903
47.25 294893
47.381 294860
47.382 294858
47.394 294857
47.395 294853
47.398 294834
47.4 294827
47.404 294821
47.499 294809
47.503 294807
47.507 294801
47.513 294799
47.516 294798
47.527 294795
47.533 294786
47.55 294776
47.58 294774
47.583 294767
47.584 294762
47.586 294751
47.592 294747
47.63 294744
47.631 294739
47.64 294730
47.641 294728
47.657 294726
47.717 294719
47.779 294699
47.816 294695
47.819 294690
47.82 294686
47.845 294684
47.846 294676
47.855 294675
47.864 294674
47.866 294666
47.872 294664
47.874 294663
47.876 294635
47.931 294630
47.951 294627
47.953 294623
47.954 294618
47.955 294615
47.958 294613
47.961 294610
47.964 294584
48.477 294579
48.487 294575
48.692 294566
48.694 294563
48.696 294545
48.704 294532
48.727 294531
48.73 294527
48.733 294525
48.742 294524
48.744 294519
48.747 294514
48.748 294511
48.765 294510
48.778 294507
48.781 294500
48.819 294499
48.822 294497
48.849 294496
48.855 294490
48.912 294488
48.925 294487
48.929 294486
48.93 294482
48.943 294478
48.972 294467
48.976 294465
48.977 294461
49.014 294460
49.019 294456
49.023 294455
49.027 294453
49.03 294443
49.035 294438
49.085 294435
49.087 294434
49.102 294421
49.105 294420
49.124 294413
49.125 294412
49.138 294410
49.143 294409
49.149 294408
49.159 294405
49.16 294391
49.161 294390
49.205 294373
49.242 294371
49.282 294369
49.352 294363
49.407 294351
49.413 294350
49.415 294343
49.424 294335
49.426 294322
49.564 294316
49.581 294310
49.738 294305
49.841 294304
49.851 294301
49.855 294295
49.857 294292
49.859 294288
49.891 294281
49.893 294266
49.899 294265
49.98 294260
49.985 294250
49.991 294246
50.004 294244
50.019 294243
50.025 294242
50.037 294230
50.525 294227
50.53 294226
50.534 294206
50.551 294184
51.702 294170
51.727 294166
51.847 294165
51.848 294164
51.863 294162
51.867 294151
51.876 294147
51.88 294139
51.885 294137
51.898 294136
51.907 294134
51.919 294129
51.933 294128
51.934 294127
52.297 294123
52.311 294119
52.426 294107
52.432 294104
52.433 294097
52.441 294091
52.445 294085
52.451 294068
52.501 294067
52.502 294064
52.507 294062
52.508 294058
52.51 294056
52.758 294052
52.76 294040
52.761 294022
52.769 294016
52.79 294012
52.842 294010
52.85 294004
52.852 293998
52.935 293996
52.997 293994
53.001 293991
53.006 293990
53.086 293981
53.12 293975
53.156 293972
53.17 293967
53.173 293961
53.18 293960
53.195 293953
53.257 293951
53.265 293946
53.271 293944
53.272 293938
53.278 293927
53.287 293921
53.288 293915
53.297 293885
53.306 293880
53.308 293872
53.31 293864
53.323 293863
53.327 293861
53.337 293854
53.351 293852
53.358 293845
53.396 293842
53.41 293841
53.411 293840
53.475 293834
53.476 293826
53.496 293814
53.497 293811
53.571 293800
53.576 293792
53.58 293789
53.596 293781
53.609 293767
53.629 293763
53.631 293745
53.887 293733
53.892 293728
54.359 293725
54.375 293722
54.383 293709
54.389 293704
54.391 293703
54.394 293701
54.403 293699
54.427 293697
54.433 293695
54.435 293692
54.475 293689
54.477 293686
54.544 293658
54.547 293656
54.565 293647
54.582 293645
54.593 293644
54.602 293639
54.62 293625
54.623 293619
54.731 293611
54.734 293605
54.736 293599
54.74 293594
54.741 293583
54.748 293574
54.759 293564
54.765 293563
55.016 293561
55.021 293551
55.493 293547
55.628 293546
55.762 293542
55.774 293541
55.779 293540
55.781 293538
55.782 293526
55.783 293525
55.922 293503
55.929 293502
55.947 293500
55.964 293498
55.972 293497
55.979 293493
56.009 293482
56.011 293471
56.015 293468
56.017 293462
56.021 293451
56.025 293448
56.125 293446
56.139 293434
56.151 293405
56.157 293403
56.16 293395
56.163 293387
56.165 293384
56.168 293380
56.171 293359
56.176 293354
56.193 293351
56.259 293349
56.334 293348
56.354 293347
56.38 293341
56.402 293336
56.431 293325
56.438 293315
56.448 293311
56.45 293298
56.467 293273
56.476 293272
56.494 293267
56.499 293259
56.508 293256
56.83 293255
56.872 293252
56.889 293245
56.893 293237
56.915 293236
56.916 293234
56.918 293227
56.927 293212
56.934 293209
57.259 293208
57.26 293196
57.267 293195
57.364 293192
57.365 293189
57.367 293188
57.396 293180
57.402 293175
57.417 293154
57.423 293149
57.496 293148
57.505 293146
57.776 293140
57.973 293129
57.974 293127
57.98 293121
57.996 293120
57.999 293107
58.003 293106
58.052 293104
58.056 293103
58.058 293101
58.064 293082
58.247 293081
58.397 293075
58.398 293071
58.407 293066
58.454 293061
58.455 293058
58.461 293057
58.472 293051
58.474 293048
58.476 293047
58.486 293037
58.511 293033
58.521 293021
58.528 293017
58.533 293014
58.535 293010
58.566 292984
58.584 292977
58.594 292972
58.596 292971
58.6 292960
58.603 292959
58.701 292956
58.709 292950
58.712 292943
58.718 292911
58.725 292909
58.726 292903
58.729 292897
58.734 292896
58.743 292887
58.745 292884
58.749 292883
58.751 292879
58.795 292876
58.812 292874
58.822 292866
58.84 292865
58.842 292861
58.851 292857
58.86 292854
58.863 292848
58.885 292844
58.891 292841
58.893 292840
58.902 292839
58.952 292837
58.965 292833
59.012 292829
59.018 292824
59.03 292821
59.039 292817
59.041 292812
59.046 292805
59.11 292802
59.121 292800
59.126 292794
59.133 292791
59.15 292785
59.151 292783
59.16 292772
59.167 292767
59.183 292766
59.185 292757
59.187 292756
59.193 292749
59.659 292748
59.662 292733
59.664 292730
59.67 292724
59.674 292722
59.681 292721
59.683 292717
59.719 292705
59.734 292704
59.735 292696
59.737 292692
59.738 292688
59.745 292666
59.766 292665
59.824 292663
59.843 292662
59.846 292657
59.847 292650
59.85 292647
59.852 292642
59.854 292641
59.872 292638
59.875 292635
59.89 292630
59.898 292612
59.903 292603
59.931 292601
59.935 292600
59.943 292599
59.953 292576
59.956 292572
59.969 292566
59.973 292562
59.98 292555
59.983 292553
59.997 292552
60.007 292551
60.009 292548
60.019 292543
60.02 292536
60.023 292531
60.104 292521
60.119 292520
60.125 292517
60.155 292515
60.157 292506
60.218 292505
60.234 292503
60.236 292501
60.26 292497
60.284 292491
60.466 292488
60.475 292486
60.478 292477
60.482 292468
60.526 292465
60.541 292461
60.543 292454
60.556 292453
60.566 292450
60.599 292447
60.643 292428
60.654 292423
60.664 292419
60.667 292410
60.685 292409
60.686 292403
60.696 292402
60.71 292395
60.714 292390
61.533 292387
61.598 292365
61.603 292351
61.618 292347
61.622 292346
61.627 292338
61.779 292332
61.781 292318
61.788 292317
61.803 292316
61.961 292311
61.976 292309
61.977 292295
61.986 292292
61.989 292284
61.991 292283
62.027 292281
62.049 292270
62.084 292265
62.135 292264
62.21 292260
62.217 292258
62.224 292229
62.226 292228
62.234 292222
62.238 292218
62.261 292213
62.266 292212
62.276 292208
62.295 292202
62.315 292196
62.317 292191
62.342 292188
62.346 292183
62.352 292176
62.358 292171
62.36 292166
62.361 292163
62.366 292159
62.871 292157
62.873 292154
62.892 292149
62.899 292147
62.912 292144
62.929 292137
62.931 292136
62.97 292134
63.013 292129
63.021 292124
63.024 292121
63.029 292114
63.042 292112
63.045 292111
63.072 292110
63.104 292106
63.11 292104
63.114 292101
63.152 292099
63.164 292097
63.167 292093
63.177 292074
63.179 292071
63.181 292070
63.187 292061
63.19 292056
63.195 292045
63.202 292044
63.211 292042
63.214 292036
63.215 292029
63.234 292028
63.236 292019
63.24 292016
63.251 292012
63.255 292010
63.269 291984
63.273 291980
63.298 291977
63.321 291975
63.325 291972
63.329 291963
63.335 291956
63.338 291952
63.347 291940
63.36 291939
63.361 291937
63.382 291928
63.385 291926
63.394 291921
63.466 291919
63.468 291916
63.498 291907
63.502 291891
63.524 291889
63.531 291885
63.565 291882
63.614 291878
63.616 291876
63.617 291870
63.768 291868
63.774 291867
63.796 291863
63.817 291861
63.984 291859
63.987 291847
63.998 291843
63.999 291842
64.728 291837
64.747 291833
64.76 291831
64.882 291830
64.895 291826
64.906 291824
64.908 291823
64.914 291813
64.919 291811
64.927 291804
64.938 291802
64.95 291795
64.954 291778
65.081 291776
65.088 291773
65.091 291767
65.096 291757
65.098 291756
65.178 291755
65.192 291753
65.361 291752
65.371 291749
65.461 291738
65.464 291737
65.494 291720
65.495 291716
65.507 291712
65.53 291711
65.535 291710
65.536 291708
65.539 291700
65.543 291695
65.548 291694
65.563 291693
65.735 291690
65.742 291689
65.796 291686
65.896 291679
65.972 291678
65.977 291676
66.006 291675
66.013 291657
66.019 291656
66.051 291649
66.09 291631
66.355 291613
66.386 291607
66.754 291606
66.755 291605
66.786 291597
66.791 291590
66.86 291585
66.874 291579
66.876 291576
66.878 291568
66.888 291567
66.912 291565
66.917 291561
66.92 291560
66.934 291559
67.021 291558
67.025 291548
67.032 291545
67.055 291543
67.079 291533
67.084 291528
67.093 291524
67.132 291523
67.143 291521
67.147 291519
67.154 291517
67.176 291509
67.179 291503
67.181 291499
67.183 291491
67.189 291490
67.212 291481
67.215 291477
67.224 291467
67.264 291466
67.271 291456
67.288 291451
67.294 291449
67.3 291446
67.322 291441
67.329 291437
67.334 291435
67.347 291429
67.358 291416
67.366 291409
67.735 291400
67.741 291394
67.745 291393
67.747 291388
67.749 291386
67.757 291385
67.805 291382
67.809 291381
67.819 291365
67.831 291364
67.858 291360
67.867 291357
67.874 291351
67.875 291348
67.882 291345
67.938 291344
68.008 291343
68.017 291340
68.146 291338
68.152 291335
68.154 291324
68.192 291322
68.196 291321
68.2 291320
68.207 291312
68.21 291310
68.214 291309
68.344 291305
68.349 291293
68.352 291291
68.359 291286
68.363 291281
68.471 291273
68.488 291272
68.499 291271
68.515 291263
68.521 291262
68.526 291259
68.547 291257
68.576 291256
68.58 291248
68.591 291237
69.016 291233
69.017 291231
69.027 291230
69.033 291227
69.036 291220
69.047 291213
69.057 291205
69.059 291200
69.07 291197
69.106 291177
69.108 291175
69.129 291164
69.134 291150
69.21 291147
69.211 291141
69.218 291140
69.244 291131
69.245 291129
69.269 291127
69.314 291126
69.338 291124
70.018 291107
70.034 291104
70.042 291100
70.043 291099
70.045 291089
70.057 291083
70.082 291079
70.092 291071
70.093 291069
70.095 291064
70.253 291062
70.26 291061
70.315 291058
70.576 291057
70.703 291053
70.712 291051
70.719 291050
70.723 291046
70.765 291041
70.803 291038
70.827 291037
70.835 291036
70.841 291018
70.848 291015
70.864 291014
70.877 291011
70.92 291010
70.925 291002
70.966 291000
71.045 290997
71.055 290981
71.06 290979
71.062 290973
71.074 290972
71.108 290967
71.135 290962
71.223 290956
71.227 290950
71.236 290949
71.364 290946
71.373 290943
71.378 290942
71.38 290941
71.395 290939
71.447 290937
71.556 290935
71.582 290929
71.592 290927
71.609 290924
71.631 290922
71.633 290914
71.647 290912
71.66 290910
71.684 290907
71.699 290897
71.741 290894
71.78 290893
71.783 290889
71.791 290888
71.795 290887
71.799 290886
71.801 290882
71.827 290876
71.829 290872
71.835 290859
71.864 290848
71.866 290846
71.874 290845
71.884 290844
71.948 290842
71.953 290841
71.957 290840
71.958 290839
71.987 290838
71.988 290837
71.993 290830
72.018 290827
72.161 290826
72.2 290821
72.203 290814
72.223 290813
72.237 290812
72.248 290811
72.284 290808
72.287 290807
72.295 290805
72.302 290804
72.311 290802
72.33 290800
72.334 290798
72.383 290795
72.39 290794
72.392 290793
72.405 290786
72.415 290777
72.416 290775
72.423 290774
72.438 290772
72.455 290771
72.465 290770
72.536 290764
72.558 290762
72.57 290761
72.571 290760
72.645 290759
72.663 290758
72.672 290756
72.681 290755
72.685 290749
72.689 290748
72.693 290739
72.699 290737
72.796 290735
72.813 290732
72.822 290725
72.879 290716
72.881 290715
72.883 290703
72.888 290702
72.946 290698
72.955 290696
72.964 290695
72.972 290694
73.091 290692
73.102 290688
73.123 290687
73.154 290677
73.158 290675
73.164 290674
73.18 290671
73.187 290667
73.208 290665
73.22 290662
73.224 290659
73.286 290657
73.304 290650
73.311 290644
73.347 290641
73.459 290640
73.471 290634
73.476 290627
73.726 290625
73.806 290623
73.835 290615
73.914 290613
74.026 290607
74.106 290603
74.115 290601
74.155 290597
74.179 290595
74.221 290592
74.239 290590
74.241 290589
74.252 290588
74.262 290584
74.284 290582
74.29 290581
74.312 290579
74.338 290575
74.815 290570
74.985 290569
75.039 290563
75.085 290560
75.172 290554
75.194 290548
75.234 290546
75.239 290543
75.388 290538
75.412 290537
75.419 290536
75.432 290533
75.442 290532
75.623 290529
75.666 290526
75.67 290525
75.673 290524
75.696 290520
75.794 290514
76.051 290511
76.058 290510
76.072 290508
76.077 290500
76.084 290498
76.19 290495
76.245 290492
76.276 290489
76.284 290488
76.295 290485
76.299 290484
76.308 290481
76.322 290480
76.474 290477
76.477 290472
76.48 290468
76.484 290464
76.489 290462
76.497 290459
76.507 290457
76.509 290454
76.526 290453
76.528 290452
76.62 290443
76.628 290439
76.633 290435
76.652 290429
76.656 290428
76.68 290419
76.697 290407
76.73 290404
76.752 290402
76.791 290391
76.794 290373
76.802 290370
76.804 290369
76.815 290363
76.897 290361
76.93 290350
76.961 290348
77.044 290346
77.051 290345
77.064 290344
77.068 290339
77.102 290334
77.109 290332
77.125 290328
77.155 290327
77.177 290323
77.201 290318
77.245 290316
77.249 290315
77.425 290310
77.43 290307
77.454 290298
77.455 290297
77.469 290293
77.473 290290
77.478 290289
77.549 290283
77.582 290282
77.629 290280
77.646 290279
77.689 290276
77.801 290275
77.802 290274
77.834 290269
77.837 290266
77.846 290265
77.865 290264
77.877 290259
77.9 290253
77.913 290249
77.92 290244
77.948 290243
77.957 290241
77.996 290239
78.168 290228
78.206 290227
78.223 290224
78.263 290223
78.264 290218
78.27 290215
78.492 290213
78.51 290210
78.531 290201
78.591 290200
78.606 290197
78.643 290196
78.646 290192
78.659 290190
78.695 290188
78.698 290181
78.806 290180
78.811 290174
79.1 290172
79.112 290169
79.117 290168
79.125 290167
79.135 290164
79.285 290162
79.452 290160
79.487 290159
79.502 290158
79.646 290151
79.653 290147
79.726 290144
79.758 290142
79.792 290138
79.883 290137
79.901 290132
79.906 290131
79.909 290130
79.914 290128
80.088 290127
80.134 290124
80.144 290123
80.167 290119
80.182 290118
80.211 290116
80.29 290109
80.293 290102
80.308 290095
80.319 290092
80.33 290090
80.347 290088
80.349 290086
80.728 290083
80.749 290081
80.783 290079
80.784 290078
80.845 290077
81.023 290070
81.04 290069
81.053 290049
81.078 290048
81.08 290046
81.088 290043
81.106 290042
81.111 290040
81.114 290033
81.18 290032
81.189 290031
81.201 290029
81.248 290026
81.261 290025
81.306 290022
81.336 290021
81.37 290013
81.372 290012
81.495 290010
81.614 290009
81.624 290006
81.649 290003
81.667 290002
81.673 290001
81.678 289996
81.692 289994
81.736 289993
81.738 289990
81.742 289989
81.823 289988
81.845 289980
81.847 289977
81.848 289973
81.905 289972
81.921 289970
82.003 289969
82.009 289968
82.066 289966
82.077 289965
82.083 289964
82.104 289963
82.124 289959
82.127 289958
82.133 289956
82.15 289955
82.152 289952
82.224 289946
82.268 289945
82.279 289937
82.281 289936
82.315 289933
82.324 289930
82.345 289929
82.346 289926
82.348 289925
82.37 289923
82.405 289922
82.57 289919
82.606 289917
82.648 289913
82.659 289911
82.782 289910
82.785 289909
82.91 289897
82.929 289896
83.023 289893
83.36 289890
83.369 289889
83.456 289887
83.48 289884
83.679 289883
84.004 289877
84.017 289873
84.02 289871
84.097 289869
84.138 289867
84.611 289860
84.66 289858
84.666 289850
84.673 289849
84.702 289848
84.72 289844
84.758 289843
84.781 289840
84.789 289839
84.812 289837
84.814 289836
84.832 289824
84.991 289821
85.005 289817
85.008 289814
85.019 289812
85.052 289811
85.055 289808
85.07 289807
85.071 289797
85.093 289795
85.096 289790
85.127 289789
85.179 289787
85.185 289779
85.221 289773
85.262 289772
85.283 289765
85.344 289762
85.345 289760
85.35 289759
85.361 289758
85.368 289754
85.449 289753
85.485 289752
85.491 289748
85.512 289739
85.538 289738
85.563 289736
85.611 289734
85.686 289728
85.694 289727
85.711 289723
85.712 289721
85.714 289718
85.744 289711
85.968 289706
85.98 289704
86.214 289700
86.337 289695
86.338 289694
86.367 289692
86.374 289691
86.633 289686
86.634 289684
86.911 289675
86.972 289670
87.001 289669
87.033 289661
87.044 289655
87.057 289654
87.406 289650
87.428 289647
87.459 289645
87.472 289644
87.607 289642
87.987 289641
88.063 289640
88.083 289639
88.616 289637
88.62 289636
88.624 289632
89.12 289631
89.158 289629
89.16 289624
89.161 289623
89.261 289616
89.293 289615
89.322 289612
89.352 289609
89.479 289603
89.484 289601
89.567 289600
89.7 289599
89.74 289598
89.751 289593
89.858 289589
89.862 289587
89.887 289580
89.949 289574
89.98 289573
89.994 289572
90.015 289569
90.112 289562
90.116 289559
90.132 289558
90.156 289557
90.163 289555
90.249 289554
90.254 289552
90.351 289546
90.501 289545
90.586 289544
90.612 289536
90.744 289533
90.824 289530
90.876 289528
90.881 289527
90.997 289522
91.016 289519
91.049 289517
91.097 289516
91.109 289513
91.45 289507
91.46 289506
91.502 289505
91.53 289501
91.581 289500
91.63 289497
91.646 289494
91.686 289491
91.705 289485
91.801 289483
91.814 289482
91.826 289477
91.837 289474
91.839 289473
91.875 289470
92.085 289469
92.123 289468
92.216 289463
92.24 289456
92.278 289455
92.293 289451
92.351 289450
92.357 289449
92.368 289447
92.407 289444
92.408 289443
92.414 289434
92.417 289433
92.558 289431
92.563 289430
92.613 289425
92.614 289424
92.649 289423
92.685 289422
92.721 289417
92.726 289415
92.744 289414
92.782 289411
92.792 289410
92.824 289407
92.854 289403
92.856 289399
92.878 289397
92.88 289396
92.9 289395
92.971 289394
92.973 289391
93.02 289390
93.043 289387
93.083 289385
93.133 289384
93.148 289383
93.165 289382
93.272 289381
93.5 289379
93.58 289378
93.589 289376
93.608 289374
93.661 289370
93.665 289369
93.681 289357
93.7 289355
93.702 289354
93.716 289353
93.769 289350
93.788 289349
93.789 289348
93.804 289346
93.816 289344
93.82 289340
93.851 289339
93.88 289335
93.887 289334
93.889 289332
93.943 289331
93.953 289329
93.957 289326
93.989 289324
93.998 289323
94.007 289320
94.036 289319
94.055 289318
94.056 289316
94.09 289307
94.107 289306
94.117 289305
94.72 289302
94.767 289298
94.862 289293
94.871 289292
94.886 289285
95.117 289275
95.119 289274
95.478 289267
95.498 289265
95.773 289264
95.775 289263
95.777 289261
95.802 289260
95.815 289259
95.834 289253
95.906 289251
95.96 289249
95.963 289245
96.384 289240
96.39 289238
96.414 289235
96.416 289232
96.544 289230
96.567 289227
96.582 289222
96.618 289219
96.662 289217
96.715 289214
96.84 289213
96.842 289210
96.844 289207
96.854 289205
96.907 289203
96.979 289202
97.014 289199
97.048 289196
97.192 289195
97.195 289192
97.228 289191
97.398 289190
97.41 289187
97.42 289184
97.442 289180
97.455 289178
97.485 289177
97.585 289176
97.637 289175
97.638 289174
97.648 289171
97.65 289164
97.957 289162
97.964 289160
98.045 289159
98.811 289157
98.829 289151
98.869 289149
98.876 289148
98.896 289147
98.963 289146
99.073 289141
99.113 289138
99.351 289137
99.385 289134
99.396 289133
99.436 289129
99.46 289127
99.508 289126
99.519 289122
99.54 289121
99.588 289111
99.637 289110
99.65 289105
99.667 289103
99.668 289102
99.703 289101
99.811 289099
99.884 289098
99.898 289097
99.916 289096
99.936 289094
99.974 289092
100.03 289088
100.06 289087
100.073 289082
100.075 289079
100.088 289078
100.091 289077
100.097 289076
100.105 289074
100.208 289068
100.252 289067
100.271 289065
100.523 289064
100.531 289060
100.538 289059
100.599 289056
100.606 289054
101.026 289053
101.104 289046
101.108 289044
101.347 289043
101.376 289040
101.394 289037
101.705 289035
101.775 289034
102.274 289030
102.408 289027
102.646 289023
102.669 289022
102.677 289013
102.692 289011
102.759 289010
102.815 289003
102.932 289002
103 289000
103.103 288999
103.166 288993
103.216 288992
103.254 288990
103.321 288989
103.491 288988
103.599 288987
103.663 288985
103.669 288983
103.68 288980
103.694 288978
103.903 288977
104.002 288976
104.006 288973
104.009 288970
104.088 288967
104.186 288966
104.234 288964
104.24 288963
104.244 288962
104.301 288959
104.359 288957
104.372 288956
104.422 288955
104.424 288954
104.576 288950
104.579 288949
104.659 288946
104.73 288940
104.828 288938
105.049 288937
105.105 288933
105.13 288932
105.141 288930
105.243 288927
105.281 288925
105.288 288920
105.296 288918
105.354 288917
105.387 288916
105.532 288915
105.809 288914
105.978 288911
105.981 288910
106.005 288908
106.044 288904
106.091 288903
106.129 288902
106.161 288901
106.36 288899
106.413 288897
106.435 288896
106.466 288894
106.507 288893
106.54 288892
106.721 288891
106.931 288890
106.937 288888
107.032 288886
107.072 288885
107.156 288884
107.3 288883
107.355 288882
107.418 288879
107.486 288878
107.544 288877
107.613 288875
107.853 288873
107.855 288872
108.019 288871
108.185 288870
108.233 288869
108.315 288867
108.317 288866
108.419 288862
108.719 288858
108.795 288856
108.924 288854
109.169 288853
109.243 288852
109.3 288850
109.4 288848
109.82 288847
109.862 288841
109.879 288838
109.962 288837
109.965 288832
110.192 288831
110.193 288829
110.219 288827
110.251 288825
110.437 288823
110.492 288822
110.995 288813
111.007 288812
111.2 288810
111.402 288809
111.448 288808
111.52 288803
111.59 288802
111.857 288801
111.949 288796
112.242 288795
112.279 288794
112.333 288791
112.613 288789
112.945 288788
113.151 288787
113.203 288774
113.213 288773
113.259 288772
113.375 288771
113.386 288764
114.608 288763
114.875 288762
115.035 288756
115.038 288754
115.049 288750
115.091 288746
115.101 288741
115.128 288738
115.272 288736
115.378 288735
115.559 288733
115.594 288732
115.731 288731
115.89 288722
115.925 288721
115.93 288719
116.328 288718
116.548 288713
116.875 288712
116.911 288711
116.922 288710
116.982 288708
117.021 288707
117.064 288700
117.068 288699
117.081 288698
