16.098 5.60369e+06
16.1 5.60355e+06
16.102 5.6035e+06
16.104 5.60328e+06
16.106 5.6032e+06
16.107 5.60312e+06
16.109 5.6031e+06
16.112 5.60308e+06
16.113 5.60303e+06
16.115 5.60276e+06
16.116 5.60242e+06
16.118 5.60241e+06
16.12 5.6024e+06
16.121 5.60235e+06
16.124 5.6023e+06
16.127 5.60195e+06
16.129 5.60179e+06
16.131 5.60165e+06
16.134 5.60161e+06
16.136 5.60152e+06
16.137 5.60146e+06
16.139 5.60133e+06
16.141 5.6013e+06
16.143 5.60118e+06
16.145 5.60115e+06
16.147 5.60104e+06
16.149 5.6008e+06
16.15 5.60054e+06
16.152 5.60053e+06
16.154 5.60034e+06
16.157 5.60022e+06
16.159 5.60009e+06
16.16 5.59996e+06
16.162 5.59993e+06
16.164 5.59981e+06
16.166 5.5996e+06
16.17 5.59955e+06
16.173 5.59954e+06
16.175 5.59949e+06
16.178 5.59945e+06
16.179 5.59933e+06
16.181 5.59911e+06
16.183 5.599e+06
16.185 5.59833e+06
16.187 5.59825e+06
16.189 5.59823e+06
16.191 5.59815e+06
16.193 5.59804e+06
16.195 5.59788e+06
16.197 5.59786e+06
16.199 5.59774e+06
16.2 5.5977e+06
16.202 5.59732e+06
16.205 5.5971e+06
16.21 5.59675e+06
16.213 5.59672e+06
16.217 5.59658e+06
16.219 5.59656e+06
16.221 5.59627e+06
16.223 5.59613e+06
16.224 5.59609e+06
16.226 5.59606e+06
16.228 5.59597e+06
16.23 5.59586e+06
16.231 5.59581e+06
16.233 5.59568e+06
16.235 5.59565e+06
16.237 5.59555e+06
16.24 5.59552e+06
16.243 5.59549e+06
16.246 5.59547e+06
16.247 5.59544e+06
16.249 5.59525e+06
16.251 5.59512e+06
16.253 5.59499e+06
16.254 5.59494e+06
16.256 5.59482e+06
16.258 5.59481e+06
16.26 5.59467e+06
16.261 5.59464e+06
16.267 5.59458e+06
16.269 5.59442e+06
16.271 5.5944e+06
16.272 5.59425e+06
16.275 5.59414e+06
16.277 5.59392e+06
16.279 5.59376e+06
16.281 5.59351e+06
16.283 5.59346e+06
16.284 5.59337e+06
16.286 5.59334e+06
16.288 5.59309e+06
16.29 5.593e+06
16.294 5.59274e+06
16.296 5.59265e+06
16.298 5.59257e+06
16.299 5.59223e+06
16.301 5.59177e+06
16.303 5.59173e+06
16.305 5.59136e+06
16.307 5.5908e+06
16.309 5.59069e+06
16.311 5.59068e+06
16.314 5.59062e+06
16.316 5.58972e+06
16.317 5.58968e+06
16.319 5.58965e+06
16.321 5.58871e+06
16.322 5.5887e+06
16.324 5.58863e+06
16.326 5.58862e+06
16.328 5.58844e+06
16.331 5.58843e+06
16.335 5.58829e+06
16.338 5.58794e+06
16.34 5.58792e+06
16.343 5.58774e+06
16.345 5.58767e+06
16.348 5.5873e+06
16.35 5.58726e+06
16.352 5.58718e+06
16.356 5.58616e+06
16.357 5.58612e+06
16.36 5.5861e+06
16.362 5.58596e+06
16.364 5.58595e+06
16.368 5.58593e+06
16.371 5.58583e+06
16.375 5.58578e+06
16.378 5.58576e+06
16.379 5.58568e+06
16.389 5.58565e+06
16.391 5.58558e+06
16.393 5.58556e+06
16.396 5.58431e+06
16.398 5.58428e+06
16.4 5.58407e+06
16.403 5.58399e+06
16.405 5.58398e+06
16.407 5.58374e+06
16.411 5.58318e+06
16.415 5.58302e+06
16.417 5.58298e+06
16.419 5.5829e+06
16.421 5.58289e+06
16.422 5.58275e+06
16.425 5.58273e+06
16.427 5.58253e+06
16.428 5.58251e+06
16.432 5.5825e+06
16.434 5.58236e+06
16.436 5.58213e+06
16.438 5.58196e+06
16.441 5.58196e+06
16.443 5.58193e+06
16.444 5.58157e+06
16.446 5.58157e+06
16.448 5.58154e+06
16.451 5.58151e+06
16.452 5.58104e+06
16.454 5.58101e+06
16.457 5.58095e+06
16.459 5.58091e+06
16.462 5.58078e+06
16.464 5.58069e+06
16.468 5.58063e+06
16.47 5.58059e+06
16.475 5.58042e+06
16.477 5.58025e+06
16.479 5.58009e+06
16.482 5.58001e+06
16.483 5.57988e+06
16.485 5.57958e+06
16.487 5.57955e+06
16.489 5.57944e+06
16.491 5.57943e+06
16.493 5.57939e+06
16.495 5.57908e+06
16.499 5.579e+06
16.5 5.57891e+06
16.502 5.5789e+06
16.505 5.57878e+06
16.508 5.57876e+06
16.51 5.57836e+06
16.514 5.57797e+06
16.515 5.57793e+06
16.517 5.57779e+06
16.519 5.57763e+06
16.525 5.57763e+06
16.534 5.57738e+06
16.535 5.57735e+06
16.541 5.57725e+06
16.543 5.57714e+06
16.545 5.57713e+06
16.547 5.57703e+06
16.552 5.57695e+06
16.553 5.57691e+06
16.555 5.5769e+06
16.558 5.57684e+06
16.561 5.5766e+06
16.562 5.57658e+06
16.564 5.57655e+06
16.566 5.57644e+06
16.575 5.57623e+06
16.577 5.57622e+06
16.583 5.5759e+06
16.587 5.57558e+06
16.589 5.57549e+06
16.591 5.57544e+06
16.592 5.57543e+06
16.596 5.57523e+06
16.599 5.57516e+06
16.601 5.57457e+06
16.603 5.57444e+06
16.605 5.57441e+06
16.608 5.57441e+06
16.61 5.57431e+06
16.611 5.57417e+06
16.615 5.57411e+06
16.617 5.5741e+06
16.619 5.57408e+06
16.622 5.57401e+06
16.624 5.57398e+06
16.626 5.57384e+06
16.627 5.57376e+06
16.631 5.57368e+06
16.633 5.57367e+06
16.635 5.5734e+06
16.636 5.57306e+06
16.638 5.57303e+06
16.64 5.57296e+06
16.642 5.57289e+06
16.644 5.57277e+06
16.648 5.57264e+06
16.649 5.57263e+06
16.655 5.5726e+06
16.657 5.57256e+06
16.659 5.57255e+06
16.661 5.57233e+06
16.662 5.57199e+06
16.666 5.57192e+06
16.667 5.5719e+06
16.678 5.57182e+06
16.679 5.57176e+06
16.681 5.57176e+06
16.683 5.57148e+06
16.685 5.57133e+06
16.687 5.57127e+06
16.689 5.57104e+06
16.691 5.57064e+06
16.693 5.57041e+06
16.695 5.57036e+06
16.697 5.57018e+06
16.7 5.57014e+06
16.703 5.57008e+06
16.708 5.57005e+06
16.744 5.56975e+06
16.746 5.56941e+06
16.749 5.56936e+06
16.751 5.56936e+06
16.752 5.56919e+06
16.754 5.56918e+06
16.757 5.56913e+06
16.761 5.56909e+06
16.764 5.56902e+06
16.767 5.56895e+06
16.771 5.56892e+06
16.773 5.56889e+06
16.779 5.56867e+06
16.781 5.56854e+06
16.784 5.56852e+06
16.785 5.56824e+06
16.787 5.56822e+06
16.79 5.56817e+06
16.796 5.568e+06
16.798 5.56797e+06
16.8 5.56795e+06
16.802 5.56749e+06
16.804 5.56747e+06
16.806 5.56744e+06
16.809 5.56735e+06
16.812 5.56668e+06
16.814 5.56662e+06
16.817 5.56628e+06
16.82 5.56616e+06
16.823 5.56612e+06
16.825 5.56601e+06
16.826 5.56588e+06
16.828 5.56585e+06
16.831 5.56579e+06
16.835 5.56575e+06
16.838 5.56567e+06
16.842 5.56556e+06
16.844 5.56555e+06
16.846 5.56545e+06
16.848 5.56542e+06
16.85 5.5653e+06
16.853 5.56526e+06
16.861 5.56506e+06
16.863 5.56498e+06
16.865 5.56494e+06
16.868 5.56493e+06
16.87 5.56485e+06
16.872 5.56477e+06
16.875 5.56475e+06
16.878 5.5647e+06
16.88 5.56453e+06
16.887 5.56435e+06
16.89 5.56435e+06
16.893 5.56418e+06
16.895 5.56417e+06
16.898 5.56413e+06
16.9 5.56395e+06
16.902 5.56378e+06
16.992 5.56357e+06
16.994 5.56345e+06
16.996 5.56341e+06
17.001 5.56334e+06
17.006 5.56247e+06
17.009 5.5624e+06
17.016 5.562e+06
17.018 5.56192e+06
17.02 5.56178e+06
17.023 5.56115e+06
17.025 5.56104e+06
17.028 5.561e+06
17.03 5.561e+06
17.032 5.56095e+06
17.034 5.56087e+06
17.037 5.56086e+06
17.039 5.56017e+06
17.044 5.56014e+06
17.046 5.56007e+06
17.048 5.56003e+06
17.049 5.55991e+06
17.052 5.55986e+06
17.054 5.55978e+06
17.056 5.55956e+06
17.058 5.5595e+06
17.06 5.55934e+06
17.064 5.55921e+06
17.065 5.55918e+06
17.07 5.55902e+06
17.082 5.55901e+06
17.084 5.55898e+06
17.087 5.55878e+06
17.09 5.55876e+06
17.091 5.55874e+06
17.094 5.55841e+06
17.096 5.55834e+06
17.098 5.55829e+06
17.099 5.55826e+06
17.101 5.55814e+06
17.103 5.55814e+06
17.109 5.55811e+06
17.113 5.55758e+06
17.115 5.55732e+06
17.118 5.55729e+06
17.12 5.55724e+06
17.122 5.55721e+06
17.124 5.55716e+06
17.133 5.55704e+06
17.135 5.55702e+06
17.144 5.55701e+06
17.149 5.5569e+06
17.152 5.55688e+06
17.156 5.55685e+06
17.158 5.5567e+06
17.16 5.55665e+06
17.165 5.55635e+06
17.167 5.55613e+06
17.17 5.55609e+06
17.174 5.55593e+06
17.176 5.55589e+06
17.18 5.55584e+06
17.183 5.55567e+06
17.186 5.55566e+06
17.188 5.55563e+06
17.198 5.55562e+06
17.202 5.55561e+06
17.205 5.55545e+06
17.206 5.55542e+06
17.209 5.55541e+06
17.211 5.5551e+06
17.213 5.55485e+06
17.215 5.55472e+06
17.218 5.55472e+06
17.22 5.55461e+06
17.223 5.55457e+06
17.224 5.55452e+06
17.226 5.55449e+06
17.233 5.554e+06
17.235 5.55388e+06
17.238 5.55385e+06
17.242 5.55362e+06
17.244 5.55361e+06
17.246 5.55358e+06
17.25 5.5534e+06
17.253 5.55323e+06
17.258 5.55304e+06
17.263 5.55304e+06
17.266 5.553e+06
17.268 5.55296e+06
17.269 5.55294e+06
17.272 5.55286e+06
17.275 5.55283e+06
17.28 5.55277e+06
17.287 5.55275e+06
17.292 5.55273e+06
17.293 5.55257e+06
17.296 5.55199e+06
17.298 5.55196e+06
17.302 5.55195e+06
17.313 5.55178e+06
17.318 5.55172e+06
17.32 5.55156e+06
17.323 5.55102e+06
17.325 5.55094e+06
17.327 5.55073e+06
17.329 5.55065e+06
17.333 5.55061e+06
17.34 5.55061e+06
17.344 5.5506e+06
17.346 5.55052e+06
17.352 5.55042e+06
17.354 5.55041e+06
17.384 5.55034e+06
17.385 5.55033e+06
17.387 5.5502e+06
17.391 5.55018e+06
17.413 5.55016e+06
17.417 5.54924e+06
17.42 5.54907e+06
17.436 5.54871e+06
17.438 5.54852e+06
17.439 5.54851e+06
17.441 5.54839e+06
17.443 5.54838e+06
17.447 5.54837e+06
17.449 5.5483e+06
17.457 5.54829e+06
17.463 5.5482e+06
17.465 5.54817e+06
17.484 5.54812e+06
17.485 5.54806e+06
17.489 5.54806e+06
17.497 5.54803e+06
17.499 5.54796e+06
17.502 5.5479e+06
17.504 5.54783e+06
17.506 5.54775e+06
17.508 5.54756e+06
17.511 5.54751e+06
17.518 5.54736e+06
17.53 5.5473e+06
17.531 5.54727e+06
17.536 5.54725e+06
17.539 5.54706e+06
17.541 5.54648e+06
17.543 5.54647e+06
17.546 5.54637e+06
17.548 5.54634e+06
17.56 5.54627e+06
17.561 5.5459e+06
17.567 5.54584e+06
17.571 5.54583e+06
17.572 5.5458e+06
17.574 5.54567e+06
17.577 5.54566e+06
17.599 5.54533e+06
17.637 5.54502e+06
17.645 5.54471e+06
17.647 5.54471e+06
17.649 5.54425e+06
17.653 5.54425e+06
17.656 5.54415e+06
17.658 5.54407e+06
17.664 5.54378e+06
17.666 5.54347e+06
17.668 5.54345e+06
17.672 5.54337e+06
17.687 5.54302e+06
17.688 5.54301e+06
17.691 5.54278e+06
17.693 5.54276e+06
17.696 5.54259e+06
17.7 5.54258e+06
17.702 5.54256e+06
17.704 5.54254e+06
17.706 5.54254e+06
17.714 5.54251e+06
17.722 5.54246e+06
17.725 5.54244e+06
17.726 5.54231e+06
17.728 5.54229e+06
17.731 5.54228e+06
17.734 5.54225e+06
17.738 5.54225e+06
17.74 5.54219e+06
17.741 5.54219e+06
17.744 5.54211e+06
17.747 5.54206e+06
17.749 5.54147e+06
17.751 5.54127e+06
17.755 5.54109e+06
17.757 5.54103e+06
17.76 5.54095e+06
17.762 5.54094e+06
17.79 5.54082e+06
17.793 5.54056e+06
17.808 5.54052e+06
17.81 5.54038e+06
17.813 5.54037e+06
17.821 5.54024e+06
17.828 5.5402e+06
17.833 5.54013e+06
17.836 5.54009e+06
17.838 5.53985e+06
17.965 5.53984e+06
17.97 5.53978e+06
17.973 5.53975e+06
17.982 5.53959e+06
17.989 5.53928e+06
17.991 5.53925e+06
17.996 5.53917e+06
17.998 5.53916e+06
18 5.53914e+06
18.019 5.53914e+06
18.045 5.53862e+06
18.048 5.53834e+06
18.05 5.53831e+06
18.055 5.53828e+06
18.189 5.53817e+06
18.194 5.53815e+06
18.195 5.53812e+06
18.197 5.53807e+06
18.199 5.53807e+06
18.205 5.53807e+06
18.21 5.53806e+06
18.215 5.53805e+06
18.217 5.538e+06
18.221 5.53774e+06
18.222 5.53762e+06
18.228 5.53733e+06
18.231 5.53733e+06
18.236 5.5373e+06
18.239 5.53723e+06
18.243 5.53723e+06
18.245 5.5372e+06
18.247 5.53719e+06
18.25 5.53716e+06
18.253 5.53715e+06
18.263 5.53708e+06
18.268 5.537e+06
18.269 5.53697e+06
18.272 5.53674e+06
18.274 5.53667e+06
18.278 5.53666e+06
18.301 5.53651e+06
18.306 5.53648e+06
18.443 5.53647e+06
18.459 5.53646e+06
18.482 5.53644e+06
18.488 5.53637e+06
18.492 5.53629e+06
18.499 5.53618e+06
18.5 5.53616e+06
18.502 5.53608e+06
18.506 5.53585e+06
18.508 5.53567e+06
18.51 5.5355e+06
18.513 5.53543e+06
18.516 5.53534e+06
18.519 5.53506e+06
18.521 5.53501e+06
18.523 5.535e+06
18.533 5.53474e+06
18.538 5.53471e+06
18.543 5.53462e+06
18.548 5.53461e+06
18.554 5.53439e+06
18.557 5.53436e+06
18.66 5.53422e+06
18.662 5.53414e+06
18.665 5.53372e+06
18.667 5.53371e+06
18.671 5.53368e+06
18.672 5.53362e+06
18.674 5.53361e+06
18.677 5.53361e+06
18.681 5.53357e+06
18.682 5.53352e+06
18.691 5.53349e+06
18.695 5.53343e+06
18.705 5.53326e+06
18.776 5.53314e+06
18.788 5.53312e+06
18.796 5.53309e+06
18.799 5.53309e+06
18.804 5.53283e+06
18.806 5.53281e+06
18.81 5.53276e+06
18.811 5.53266e+06
18.815 5.53265e+06
18.826 5.53258e+06
18.828 5.53255e+06
18.83 5.53252e+06
18.833 5.53246e+06
18.835 5.53244e+06
18.836 5.5324e+06
18.839 5.53115e+06
18.842 5.53114e+06
18.845 5.53006e+06
18.861 5.5298e+06
18.864 5.52979e+06
18.866 5.52979e+06
18.869 5.52973e+06
18.872 5.52972e+06
18.875 5.5297e+06
18.881 5.52953e+06
18.886 5.52931e+06
18.924 5.52926e+06
18.929 5.52925e+06
18.938 5.5292e+06
18.942 5.52893e+06
18.951 5.52885e+06
18.953 5.52876e+06
18.965 5.52876e+06
18.973 5.52874e+06
18.977 5.52873e+06
18.98 5.52873e+06
18.983 5.52862e+06
18.985 5.52788e+06
18.99 5.52781e+06
18.991 5.52775e+06
19.002 5.52763e+06
19.009 5.52739e+06
19.011 5.52733e+06
19.019 5.52726e+06
19.048 5.52726e+06
19.049 5.52721e+06
19.051 5.52715e+06
19.073 5.52693e+06
19.081 5.52691e+06
19.087 5.52689e+06
19.089 5.52687e+06
19.096 5.52674e+06
19.1 5.52669e+06
19.102 5.5266e+06
19.104 5.52656e+06
19.105 5.52655e+06
19.109 5.52647e+06
19.111 5.52641e+06
19.113 5.52634e+06
19.118 5.52586e+06
19.129 5.52578e+06
19.131 5.52554e+06
19.133 5.52547e+06
19.137 5.52528e+06
19.141 5.52511e+06
19.143 5.52491e+06
19.148 5.52384e+06
19.149 5.52382e+06
19.152 5.52377e+06
19.157 5.52317e+06
19.16 5.52268e+06
19.165 5.52251e+06
19.168 5.52247e+06
19.176 5.52247e+06
19.184 5.52246e+06
19.187 5.52246e+06
19.193 5.52196e+06
19.203 5.52104e+06
19.205 5.52096e+06
19.207 5.52086e+06
19.208 5.52082e+06
19.231 5.52063e+06
19.237 5.52054e+06
19.26 5.52035e+06
19.268 5.52032e+06
19.27 5.51992e+06
19.276 5.51985e+06
19.342 5.51982e+06
19.347 5.51974e+06
19.354 5.51972e+06
19.358 5.5197e+06
19.371 5.51968e+06
19.373 5.51963e+06
19.502 5.51956e+06
19.578 5.51949e+06
19.668 5.51949e+06
19.678 5.51944e+06
19.68 5.51937e+06
19.685 5.51902e+06
19.693 5.51898e+06
19.696 5.51893e+06
19.7 5.51861e+06
19.702 5.51859e+06
19.848 5.51852e+06
19.85 5.51849e+06
19.853 5.51849e+06
19.857 5.51824e+06
19.894 5.51817e+06
19.897 5.5175e+06
19.904 5.51735e+06
19.915 5.5173e+06
19.938 5.51712e+06
19.941 5.51699e+06
19.957 5.51697e+06
19.959 5.51675e+06
19.968 5.5164e+06
20.032 5.5163e+06
20.041 5.51565e+06
20.044 5.51565e+06
20.046 5.51561e+06
20.048 5.51561e+06
20.055 5.51541e+06
20.061 5.51493e+06
20.068 5.51463e+06
20.077 5.51433e+06
20.086 5.51427e+06
20.09 5.51425e+06
20.091 5.51398e+06
20.097 5.51395e+06
20.099 5.51394e+06
20.104 5.51394e+06
20.105 5.51391e+06
20.107 5.51388e+06
20.109 5.51384e+06
20.112 5.51262e+06
20.114 5.51259e+06
20.117 5.51256e+06
20.119 5.51194e+06
20.121 5.51192e+06
20.122 5.5119e+06
20.126 5.51179e+06
20.128 5.51178e+06
20.137 5.51174e+06
20.139 5.51174e+06
20.141 5.51171e+06
20.142 5.51165e+06
20.144 5.51164e+06
20.147 5.51164e+06
20.149 5.51163e+06
20.151 5.51153e+06
20.173 5.5115e+06
20.175 5.51138e+06
20.178 5.51123e+06
20.193 5.51122e+06
20.196 5.51121e+06
20.197 5.5112e+06
20.199 5.51107e+06
20.255 5.5108e+06
20.257 5.51072e+06
20.267 5.51057e+06
20.273 5.51053e+06
20.278 5.5105e+06
20.285 5.5104e+06
20.287 5.51039e+06
20.289 5.51028e+06
20.291 5.51027e+06
20.294 5.51026e+06
20.303 5.51011e+06
20.31 5.5101e+06
20.313 5.51e+06
20.318 5.5099e+06
20.321 5.50989e+06
20.323 5.50975e+06
20.328 5.50972e+06
20.343 5.50968e+06
20.345 5.5096e+06
20.349 5.50946e+06
20.352 5.50945e+06
20.363 5.50924e+06
20.365 5.50924e+06
20.373 5.50924e+06
20.375 5.5092e+06
20.381 5.50919e+06
20.388 5.50913e+06
20.39 5.50911e+06
20.423 5.50908e+06
20.426 5.50893e+06
20.429 5.50886e+06
20.434 5.50874e+06
20.44 5.50873e+06
20.444 5.50873e+06
20.592 5.50865e+06
20.595 5.50862e+06
20.596 5.50862e+06
20.598 5.50862e+06
20.603 5.50861e+06
20.608 5.5086e+06
20.636 5.508e+06
20.656 5.50799e+06
20.664 5.50784e+06
20.675 5.50766e+06
20.678 5.50747e+06
20.681 5.50744e+06
20.732 5.50739e+06
20.737 5.50737e+06
20.741 5.50736e+06
20.744 5.50706e+06
20.765 5.50705e+06
20.767 5.50705e+06
20.777 5.50704e+06
20.792 5.50696e+06
20.795 5.50678e+06
20.797 5.50664e+06
20.8 5.50656e+06
21.036 5.50627e+06
21.597 5.50624e+06
21.602 5.50622e+06
21.604 5.50617e+06
21.607 5.50608e+06
21.609 5.50605e+06
21.616 5.50562e+06
21.618 5.50562e+06
21.625 5.50562e+06
21.632 5.50558e+06
21.64 5.50539e+06
21.643 5.50538e+06
21.655 5.50536e+06
21.658 5.50528e+06
21.747 5.50527e+06
21.749 5.50526e+06
21.759 5.50525e+06
21.761 5.50507e+06
21.984 5.50481e+06
21.987 5.50477e+06
22.107 5.50466e+06
22.113 5.50459e+06
22.119 5.50449e+06
22.121 5.50448e+06
22.126 5.50439e+06
22.129 5.50437e+06
22.139 5.50435e+06
22.14 5.50433e+06
22.142 5.50397e+06
22.144 5.50387e+06
22.149 5.5036e+06
22.152 5.50354e+06
22.158 5.50331e+06
22.161 5.50324e+06
22.163 5.50322e+06
22.17 5.50265e+06
22.173 5.50261e+06
22.274 5.50258e+06
22.276 5.50224e+06
22.278 5.50204e+06
22.281 5.50203e+06
22.283 5.50199e+06
22.286 5.50195e+06
22.289 5.50193e+06
22.291 5.50184e+06
22.293 5.50175e+06
22.296 5.5016e+06
22.302 5.50154e+06
22.304 5.50154e+06
22.307 5.50149e+06
22.309 5.50147e+06
22.312 5.50137e+06
22.322 5.50136e+06
22.323 5.50136e+06
22.334 5.50135e+06
22.336 5.50134e+06
22.342 5.50131e+06
22.359 5.50128e+06
22.364 5.50088e+06
22.366 5.50088e+06
22.428 5.50079e+06
22.432 5.50062e+06
22.434 5.5006e+06
22.437 5.50024e+06
22.44 5.50019e+06
22.442 5.49995e+06
22.447 5.49984e+06
22.449 5.49982e+06
22.454 5.49963e+06
22.642 5.49948e+06
22.662 5.49941e+06
22.683 5.49918e+06
22.686 5.49913e+06
22.69 5.49903e+06
22.696 5.49892e+06
22.699 5.4989e+06
22.701 5.49888e+06
22.705 5.49885e+06
22.71 5.49879e+06
22.713 5.4985e+06
22.719 5.49832e+06
22.723 5.49826e+06
22.728 5.49805e+06
22.732 5.49795e+06
22.741 5.49795e+06
22.747 5.49788e+06
22.751 5.49778e+06
22.753 5.49773e+06
22.756 5.49763e+06
22.758 5.49752e+06
22.762 5.4975e+06
22.765 5.49747e+06
22.767 5.49738e+06
22.769 5.4973e+06
22.775 5.49722e+06
23.055 5.4972e+06
23.057 5.49719e+06
23.059 5.49718e+06
23.151 5.49711e+06
23.153 5.49708e+06
23.163 5.49701e+06
23.35 5.49672e+06
23.352 5.4966e+06
23.383 5.49654e+06
23.387 5.49649e+06
23.417 5.49648e+06
23.425 5.49647e+06
23.427 5.49643e+06
23.43 5.49641e+06
23.444 5.49636e+06
23.45 5.49632e+06
23.457 5.49631e+06
23.463 5.49623e+06
23.47 5.49617e+06
23.472 5.49613e+06
23.477 5.49606e+06
23.484 5.49602e+06
23.486 5.49592e+06
23.489 5.49588e+06
23.491 5.49588e+06
23.494 5.49578e+06
23.497 5.49516e+06
23.503 5.49516e+06
23.506 5.49509e+06
23.508 5.49497e+06
23.514 5.49476e+06
23.515 5.49473e+06
23.52 5.49471e+06
23.53 5.49469e+06
23.534 5.49462e+06
23.535 5.49461e+06
23.573 5.49454e+06
23.575 5.49448e+06
23.584 5.4943e+06
23.587 5.49429e+06
23.59 5.494e+06
23.592 5.49393e+06
23.775 5.49385e+06
23.776 5.49385e+06
23.78 5.49383e+06
23.782 5.49366e+06
23.788 5.49366e+06
23.792 5.49363e+06
23.794 5.49355e+06
23.796 5.49315e+06
23.799 5.4929e+06
23.815 5.49276e+06
23.817 5.49273e+06
23.823 5.49268e+06
23.889 5.49253e+06
23.915 5.4925e+06
23.939 5.49245e+06
23.941 5.49233e+06
23.944 5.49224e+06
23.948 5.49224e+06
23.95 5.49214e+06
24.097 5.49189e+06
24.099 5.49185e+06
24.105 5.49179e+06
24.108 5.49177e+06
24.11 5.49174e+06
24.222 5.49165e+06
24.224 5.49165e+06
24.236 5.49152e+06
24.238 5.49144e+06
24.243 5.49124e+06
24.247 5.49089e+06
24.255 5.49086e+06
24.257 5.49085e+06
24.26 5.49084e+06
24.269 5.49071e+06
24.271 5.4907e+06
24.273 5.49065e+06
24.497 5.49063e+06
24.503 5.49048e+06
24.505 5.49048e+06
24.51 5.49035e+06
24.521 5.49034e+06
24.523 5.49025e+06
24.532 5.49024e+06
24.623 5.49012e+06
24.625 5.49008e+06
24.763 5.49006e+06
24.776 5.49003e+06
24.778 5.48999e+06
24.781 5.48901e+06
24.784 5.48901e+06
24.792 5.48897e+06
24.795 5.48874e+06
24.801 5.48864e+06
24.812 5.48858e+06
24.837 5.48836e+06
24.841 5.48825e+06
24.844 5.48821e+06
24.922 5.48816e+06
24.935 5.488e+06
24.939 5.48732e+06
24.942 5.48728e+06
24.952 5.48718e+06
24.954 5.48717e+06
24.958 5.48714e+06
24.973 5.48707e+06
24.975 5.48699e+06
24.981 5.48697e+06
24.984 5.48692e+06
25.015 5.48691e+06
25.019 5.4869e+06
25.021 5.48676e+06
25.057 5.48656e+06
25.061 5.48655e+06
25.064 5.48652e+06
25.066 5.48648e+06
25.068 5.48646e+06
25.073 5.48645e+06
25.134 5.48642e+06
25.16 5.48635e+06
25.17 5.48634e+06
25.173 5.48629e+06
25.183 5.48621e+06
25.19 5.48619e+06
25.224 5.48616e+06
25.226 5.48597e+06
25.228 5.48593e+06
25.234 5.48588e+06
25.238 5.48588e+06
25.243 5.48586e+06
25.26 5.48585e+06
25.263 5.48583e+06
25.272 5.48579e+06
25.281 5.48579e+06
25.291 5.48569e+06
25.294 5.48564e+06
25.297 5.48534e+06
25.306 5.48531e+06
25.309 5.48524e+06
25.501 5.48523e+06
25.504 5.48514e+06
25.507 5.48513e+06
25.513 5.48495e+06
25.633 5.48468e+06
25.636 5.48467e+06
25.719 5.48455e+06
25.723 5.48444e+06
25.726 5.48438e+06
25.731 5.48434e+06
25.736 5.4843e+06
25.741 5.48428e+06
25.743 5.4842e+06
25.744 5.48419e+06
25.755 5.48416e+06
25.759 5.48409e+06
25.76 5.48403e+06
25.764 5.48396e+06
25.777 5.48396e+06
25.779 5.48395e+06
25.782 5.48393e+06
25.786 5.48349e+06
25.791 5.48346e+06
25.796 5.48344e+06
25.81 5.48342e+06
25.948 5.48324e+06
25.95 5.48311e+06
25.961 5.48306e+06
25.963 5.48304e+06
26.028 5.48302e+06
26.032 5.48299e+06
26.048 5.48297e+06
26.051 5.48294e+06
26.057 5.48266e+06
26.075 5.48258e+06
26.08 5.48255e+06
26.083 5.48254e+06
26.085 5.48252e+06
26.088 5.48241e+06
26.092 5.48157e+06
26.095 5.48155e+06
26.097 5.48154e+06
26.139 5.48145e+06
26.141 5.48143e+06
26.143 5.48136e+06
26.155 5.48128e+06
26.22 5.48127e+06
26.223 5.48124e+06
26.226 5.48117e+06
26.231 5.48112e+06
26.255 5.48112e+06
26.257 5.48102e+06
26.261 5.48076e+06
26.505 5.48068e+06
26.507 5.48066e+06
26.508 5.48063e+06
26.511 5.48062e+06
26.834 5.4806e+06
26.839 5.48037e+06
26.847 5.48035e+06
26.849 5.48029e+06
26.851 5.48024e+06
26.876 5.48022e+06
26.895 5.48022e+06
26.896 5.48013e+06
26.928 5.47953e+06
26.929 5.47952e+06
26.933 5.47944e+06
26.936 5.47915e+06
26.939 5.4791e+06
26.941 5.47903e+06
26.95 5.47902e+06
27.072 5.4789e+06
27.075 5.47886e+06
27.079 5.4783e+06
27.105 5.47811e+06
27.109 5.4781e+06
27.111 5.47809e+06
27.113 5.47806e+06
27.115 5.47799e+06
27.219 5.47769e+06
27.24 5.47767e+06
27.243 5.47759e+06
27.252 5.47743e+06
27.258 5.47739e+06
27.26 5.47729e+06
27.269 5.47723e+06
27.271 5.47723e+06
27.279 5.4771e+06
27.281 5.4771e+06
27.284 5.47694e+06
27.287 5.47687e+06
27.29 5.47687e+06
27.449 5.47682e+06
27.455 5.4767e+06
27.462 5.47664e+06
27.465 5.47655e+06
27.468 5.47654e+06
27.47 5.47653e+06
27.475 5.47634e+06
27.479 5.47632e+06
27.481 5.47624e+06
27.483 5.47618e+06
27.485 5.47615e+06
27.496 5.47613e+06
27.498 5.47606e+06
27.5 5.47604e+06
27.502 5.47593e+06
27.506 5.47546e+06
27.512 5.47543e+06
27.514 5.47536e+06
27.518 5.47536e+06
27.523 5.47533e+06
27.53 5.47528e+06
27.532 5.47507e+06
27.533 5.47502e+06
27.536 5.47499e+06
27.539 5.47492e+06
27.577 5.47489e+06
27.593 5.47484e+06
27.596 5.47465e+06
27.599 5.47459e+06
27.604 5.47437e+06
27.606 5.47424e+06
27.608 5.47424e+06
27.61 5.47374e+06
27.619 5.47373e+06
27.621 5.47367e+06
27.669 5.47358e+06
27.679 5.47347e+06
27.696 5.47338e+06
27.699 5.47337e+06
27.701 5.47333e+06
27.713 5.47323e+06
27.715 5.47318e+06
27.717 5.47314e+06
27.724 5.4731e+06
27.726 5.4731e+06
27.755 5.47293e+06
27.758 5.4729e+06
27.763 5.47285e+06
27.767 5.47261e+06
27.782 5.47254e+06
27.786 5.47252e+06
27.796 5.47212e+06
27.8 5.47202e+06
27.801 5.47202e+06
27.803 5.47202e+06
27.812 5.472e+06
27.814 5.472e+06
27.816 5.47172e+06
27.818 5.4716e+06
27.82 5.47143e+06
27.822 5.47134e+06
27.875 5.47133e+06
27.883 5.47132e+06
27.952 5.47127e+06
27.953 5.47124e+06
27.955 5.4712e+06
28.023 5.4711e+06
28.026 5.47095e+06
28.029 5.47093e+06
28.031 5.47089e+06
28.044 5.47084e+06
28.048 5.47077e+06
28.05 5.47076e+06
28.062 5.4707e+06
28.123 5.4707e+06
28.212 5.47052e+06
28.215 5.47044e+06
28.218 5.47034e+06
28.238 5.47021e+06
28.242 5.47019e+06
28.25 5.47001e+06
28.254 5.46998e+06
28.257 5.46997e+06
28.261 5.4698e+06
28.27 5.46979e+06
28.272 5.4697e+06
28.273 5.46969e+06
28.276 5.46969e+06
28.296 5.4696e+06
28.298 5.46954e+06
28.299 5.46953e+06
28.303 5.46949e+06
28.371 5.46948e+06
28.379 5.46932e+06
28.382 5.4693e+06
28.45 5.46922e+06
28.499 5.46921e+06
28.504 5.46898e+06
28.536 5.46896e+06
29.1 5.4689e+06
29.116 5.46862e+06
29.117 5.46858e+06
29.186 5.46842e+06
29.2 5.46838e+06
29.208 5.4683e+06
29.215 5.4683e+06
29.219 5.46822e+06
29.221 5.46814e+06
29.225 5.46813e+06
29.227 5.46806e+06
29.231 5.46797e+06
29.262 5.46784e+06
29.274 5.4678e+06
29.33 5.46762e+06
29.333 5.46756e+06
29.335 5.46756e+06
29.341 5.46749e+06
29.344 5.4674e+06
29.349 5.46732e+06
29.353 5.4673e+06
29.356 5.46725e+06
29.358 5.46722e+06
29.359 5.46722e+06
29.362 5.46722e+06
29.367 5.46692e+06
29.369 5.4669e+06
29.371 5.4669e+06
29.373 5.46689e+06
29.376 5.46689e+06
29.378 5.46671e+06
29.38 5.46667e+06
29.382 5.46664e+06
29.384 5.46656e+06
29.391 5.46639e+06
29.4 5.46602e+06
29.403 5.46585e+06
29.406 5.4658e+06
29.408 5.4658e+06
29.426 5.46575e+06
29.442 5.46571e+06
29.486 5.4657e+06
29.492 5.46549e+06
29.497 5.46546e+06
29.499 5.46537e+06
29.503 5.46533e+06
29.507 5.46532e+06
29.509 5.46525e+06
29.512 5.46515e+06
29.517 5.46514e+06
29.519 5.46512e+06
29.564 5.46492e+06
29.568 5.46478e+06
29.609 5.46474e+06
29.611 5.46474e+06
29.616 5.46456e+06
30.1 5.46454e+06
30.103 5.46406e+06
30.111 5.46394e+06
30.82 5.46381e+06
30.868 5.46378e+06
30.87 5.46365e+06
30.877 5.46346e+06
30.879 5.46338e+06
30.922 5.46332e+06
30.926 5.46329e+06
30.928 5.46323e+06
30.934 5.46322e+06
30.944 5.46322e+06
30.948 5.46314e+06
30.95 5.46314e+06
30.952 5.46314e+06
30.953 5.46305e+06
30.955 5.46302e+06
30.958 5.4629e+06
30.96 5.46288e+06
30.964 5.46285e+06
30.966 5.46279e+06
31.002 5.46261e+06
31.006 5.46249e+06
31.009 5.46248e+06
31.125 5.46245e+06
31.127 5.46219e+06
31.143 5.46179e+06
31.149 5.46174e+06
31.201 5.46161e+06
31.208 5.46158e+06
31.214 5.46155e+06
31.216 5.46153e+06
31.291 5.46148e+06
31.296 5.46125e+06
31.298 5.4612e+06
31.3 5.4612e+06
31.351 5.46114e+06
31.355 5.46111e+06
31.359 5.46101e+06
31.365 5.46099e+06
31.371 5.46095e+06
31.377 5.46092e+06
31.765 5.46091e+06
31.769 5.46089e+06
31.801 5.46057e+06
31.806 5.46057e+06
31.809 5.46056e+06
33.363 5.46053e+06
33.375 5.46053e+06
33.379 5.46052e+06
33.384 5.46048e+06
33.402 5.46043e+06
33.589 5.46036e+06
34.378 5.46022e+06
34.38 5.46021e+06
34.382 5.46018e+06
34.384 5.46009e+06
34.493 5.46002e+06
34.497 5.45995e+06
34.499 5.45908e+06
34.503 5.45904e+06
34.507 5.45903e+06
34.509 5.459e+06
34.511 5.45892e+06
34.513 5.45891e+06
34.515 5.4589e+06
34.518 5.45882e+06
34.52 5.4588e+06
34.526 5.45875e+06
34.538 5.45862e+06
34.54 5.45858e+06
34.542 5.45827e+06
34.544 5.45822e+06
34.549 5.45816e+06
34.559 5.45814e+06
34.569 5.45811e+06
34.571 5.45808e+06
34.573 5.45806e+06
34.574 5.45806e+06
34.631 5.45799e+06
34.633 5.45796e+06
34.636 5.45795e+06
34.643 5.45787e+06
34.646 5.45779e+06
34.657 5.45778e+06
34.723 5.4577e+06
34.812 5.45761e+06
34.813 5.4576e+06
34.815 5.45758e+06
34.821 5.45753e+06
34.826 5.45751e+06
34.836 5.45748e+06
34.85 5.4574e+06
34.875 5.45734e+06
34.88 5.45734e+06
34.883 5.45724e+06
34.885 5.45661e+06
34.901 5.45657e+06
34.903 5.45654e+06
34.905 5.45648e+06
35.795 5.45648e+06
35.832 5.45646e+06
35.855 5.45611e+06
35.865 5.45591e+06
35.867 5.45559e+06
35.872 5.45557e+06
35.874 5.45514e+06
35.878 5.45504e+06
35.884 5.45503e+06
35.888 5.45503e+06
35.893 5.45481e+06
35.898 5.45479e+06
35.901 5.45474e+06
35.904 5.45462e+06
35.906 5.4546e+06
35.918 5.45459e+06
35.923 5.45457e+06
35.926 5.45455e+06
35.928 5.45455e+06
36.24 5.45442e+06
36.242 5.45425e+06
36.244 5.45419e+06
36.246 5.45396e+06
36.328 5.45394e+06
36.33 5.45393e+06
36.334 5.45387e+06
36.337 5.45383e+06
36.345 5.45376e+06
36.347 5.45374e+06
36.355 5.45362e+06
36.406 5.45359e+06
36.407 5.45356e+06
36.409 5.45354e+06
36.868 5.45344e+06
36.87 5.45342e+06
36.875 5.45334e+06
36.877 5.45328e+06
36.88 5.45322e+06
36.882 5.45314e+06
36.889 5.45314e+06
36.891 5.45311e+06
36.894 5.45303e+06
36.896 5.45302e+06
36.899 5.45298e+06
36.903 5.4529e+06
36.905 5.45239e+06
36.91 5.4523e+06
36.913 5.45219e+06
36.915 5.45209e+06
36.921 5.45208e+06
37.256 5.45201e+06
37.28 5.45199e+06
37.285 5.45189e+06
37.292 5.45171e+06
37.297 5.45163e+06
37.3 5.45159e+06
37.304 5.45158e+06
37.309 5.45157e+06
37.311 5.4515e+06
37.314 5.45136e+06
37.32 5.45136e+06
37.322 5.45135e+06
37.326 5.45128e+06
37.328 5.45125e+06
37.333 5.45119e+06
37.335 5.45118e+06
37.339 5.45115e+06
37.342 5.45105e+06
37.344 5.45105e+06
37.397 5.451e+06
37.48 5.45087e+06
37.482 5.45066e+06
37.484 5.45066e+06
37.496 5.4506e+06
37.503 5.45056e+06
37.509 5.45052e+06
37.511 5.4505e+06
37.512 5.45036e+06
37.587 5.45e+06
37.603 5.44988e+06
37.617 5.44976e+06
37.619 5.44974e+06
37.622 5.44967e+06
37.637 5.44965e+06
37.639 5.44947e+06
37.642 5.44946e+06
37.643 5.44945e+06
37.645 5.44936e+06
37.649 5.44931e+06
39.074 5.44906e+06
39.076 5.44892e+06
39.082 5.4487e+06
39.088 5.4486e+06
39.09 5.44859e+06
39.131 5.44856e+06
39.134 5.44855e+06
39.135 5.44853e+06
39.323 5.44841e+06
39.328 5.4484e+06
39.329 5.4484e+06
39.335 5.44828e+06
39.337 5.44824e+06
39.342 5.4482e+06
39.344 5.44814e+06
39.346 5.44813e+06
39.348 5.44813e+06
39.353 5.44808e+06
39.377 5.44802e+06
39.381 5.44792e+06
39.383 5.44785e+06
39.387 5.44779e+06
39.392 5.44775e+06
39.394 5.44772e+06
39.396 5.44768e+06
39.399 5.44764e+06
39.401 5.44763e+06
39.451 5.44763e+06
39.453 5.44762e+06
39.46 5.44758e+06
39.569 5.44746e+06
39.572 5.44741e+06
39.582 5.44736e+06
39.584 5.44734e+06
39.589 5.44733e+06
39.749 5.44732e+06
39.751 5.44731e+06
39.753 5.44724e+06
39.756 5.44714e+06
39.76 5.4471e+06
39.768 5.44702e+06
39.77 5.447e+06
39.777 5.44686e+06
39.78 5.44682e+06
39.898 5.44676e+06
39.904 5.44675e+06
39.907 5.44658e+06
40.005 5.44633e+06
40.049 5.44611e+06
40.051 5.44597e+06
40.064 5.44594e+06
40.068 5.44586e+06
40.071 5.44584e+06
40.078 5.44578e+06
40.079 5.44577e+06
40.084 5.4456e+06
40.087 5.44534e+06
40.089 5.44533e+06
40.096 5.44532e+06
40.106 5.44531e+06
40.108 5.44531e+06
40.11 5.4453e+06
40.118 5.44529e+06
40.245 5.44508e+06
40.247 5.44491e+06
40.256 5.44486e+06
40.257 5.44485e+06
40.267 5.44483e+06
40.272 5.44469e+06
40.289 5.44466e+06
40.292 5.44458e+06
40.294 5.44453e+06
40.303 5.44452e+06
40.314 5.44436e+06
40.315 5.44436e+06
40.658 5.44413e+06
40.666 5.4441e+06
40.787 5.4438e+06
40.79 5.44377e+06
40.792 5.44376e+06
40.795 5.44337e+06
40.798 5.44281e+06
40.801 5.44279e+06
40.804 5.44272e+06
40.806 5.44268e+06
40.811 5.44259e+06
40.813 5.44242e+06
40.817 5.44239e+06
40.82 5.44236e+06
40.841 5.44186e+06
40.849 5.4418e+06
40.862 5.44172e+06
40.963 5.44162e+06
40.97 5.44155e+06
40.973 5.4415e+06
40.977 5.44146e+06
40.98 5.44141e+06
40.982 5.44134e+06
40.989 5.44133e+06
41.807 5.44127e+06
41.826 5.44122e+06
41.829 5.44118e+06
41.866 5.44115e+06
41.871 5.44092e+06
41.88 5.4409e+06
41.882 5.44088e+06
41.884 5.44068e+06
41.891 5.44055e+06
41.908 5.44055e+06
41.93 5.44048e+06
41.933 5.44039e+06
41.937 5.44032e+06
41.939 5.44029e+06
41.94 5.44028e+06
41.944 5.44016e+06
41.946 5.44015e+06
41.991 5.43984e+06
41.997 5.43974e+06
41.999 5.43967e+06
42.001 5.43956e+06
42.012 5.43955e+06
42.015 5.43948e+06
42.017 5.43948e+06
42.038 5.43941e+06
42.094 5.43923e+06
42.108 5.43916e+06
42.112 5.43911e+06
42.114 5.43909e+06
42.116 5.43909e+06
42.148 5.43906e+06
42.149 5.43902e+06
42.152 5.43894e+06
42.158 5.43877e+06
42.16 5.43875e+06
42.161 5.43867e+06
42.164 5.43852e+06
42.167 5.43849e+06
42.173 5.43835e+06
42.176 5.43833e+06
42.18 5.43828e+06
42.283 5.43823e+06
42.289 5.43812e+06
42.291 5.43806e+06
42.301 5.43785e+06
42.303 5.43783e+06
42.305 5.43764e+06
42.313 5.43752e+06
42.318 5.43747e+06
42.32 5.43744e+06
42.339 5.43737e+06
42.341 5.43736e+06
42.347 5.43732e+06
42.372 5.43732e+06
42.393 5.43729e+06
42.396 5.43708e+06
42.399 5.43696e+06
42.415 5.4365e+06
42.421 5.43645e+06
42.426 5.43639e+06
42.428 5.43628e+06
42.455 5.43608e+06
42.457 5.43606e+06
42.463 5.43604e+06
42.465 5.43601e+06
42.473 5.43592e+06
42.475 5.43589e+06
42.678 5.43577e+06
42.695 5.43576e+06
42.701 5.43574e+06
42.706 5.43572e+06
42.716 5.43567e+06
42.72 5.43564e+06
42.721 5.43564e+06
42.79 5.43563e+06
42.792 5.43555e+06
42.797 5.43553e+06
42.803 5.43551e+06
42.857 5.43551e+06
42.861 5.43546e+06
42.865 5.43536e+06
42.867 5.43533e+06
42.869 5.43532e+06
42.911 5.43513e+06
43.732 5.43505e+06
43.739 5.43501e+06
43.752 5.43501e+06
43.758 5.43488e+06
43.766 5.43486e+06
43.784 5.43453e+06
43.786 5.43452e+06
43.789 5.4345e+06
43.791 5.4345e+06
43.847 5.43448e+06
43.85 5.43427e+06
43.851 5.43424e+06
43.878 5.43424e+06
43.881 5.43421e+06
43.887 5.43392e+06
43.941 5.43387e+06
43.944 5.43383e+06
43.946 5.43368e+06
43.949 5.43364e+06
43.958 5.43344e+06
43.967 5.43343e+06
44.038 5.43322e+06
44.04 5.43321e+06
44.043 5.43313e+06
44.046 5.4331e+06
44.049 5.43307e+06
44.051 5.43298e+06
44.053 5.4329e+06
44.058 5.43289e+06
44.081 5.43279e+06
44.083 5.43279e+06
44.087 5.43277e+06
44.271 5.43262e+06
44.275 5.43242e+06
44.277 5.43238e+06
44.281 5.43234e+06
44.298 5.43232e+06
44.304 5.43223e+06
44.324 5.43222e+06
44.363 5.43221e+06
44.929 5.43219e+06
44.96 5.43215e+06
44.964 5.43215e+06
44.967 5.43209e+06
44.976 5.43158e+06
44.982 5.43153e+06
44.991 5.43149e+06
45.576 5.43144e+06
45.579 5.43141e+06
45.581 5.43136e+06
45.583 5.43132e+06
45.587 5.43131e+06
45.597 5.43117e+06
45.599 5.43117e+06
45.632 5.43115e+06
45.635 5.43109e+06
45.646 5.43095e+06
45.651 5.4309e+06
45.677 5.43086e+06
45.681 5.43081e+06
45.683 5.4307e+06
45.785 5.43065e+06
45.787 5.43065e+06
45.795 5.43058e+06
45.8 5.43057e+06
45.858 5.43031e+06
45.862 5.4303e+06
45.877 5.43028e+06
45.879 5.43026e+06
45.881 5.43018e+06
45.883 5.43018e+06
45.94 5.43011e+06
45.943 5.4301e+06
45.982 5.43006e+06
46.121 5.43001e+06
46.124 5.42999e+06
46.129 5.42999e+06
46.145 5.4299e+06
46.155 5.42979e+06
46.159 5.42974e+06
46.166 5.42969e+06
46.175 5.42968e+06
46.18 5.42965e+06
47.082 5.42955e+06
47.084 5.42953e+06
47.088 5.42953e+06
47.103 5.42951e+06
47.11 5.42936e+06
47.112 5.42936e+06
47.134 5.4293e+06
47.137 5.42916e+06
47.146 5.42908e+06
47.156 5.42902e+06
47.162 5.429e+06
47.164 5.42882e+06
47.176 5.42878e+06
47.18 5.42873e+06
47.182 5.4287e+06
47.193 5.42865e+06
47.197 5.42864e+06
47.201 5.4286e+06
47.204 5.4286e+06
47.209 5.42845e+06
47.217 5.42835e+06
47.233 5.42821e+06
47.238 5.42821e+06
47.251 5.42819e+06
47.257 5.42809e+06
47.265 5.42806e+06
47.269 5.42806e+06
47.348 5.42802e+06
47.35 5.42801e+06
47.354 5.42798e+06
47.368 5.42797e+06
47.372 5.42794e+06
47.38 5.42792e+06
47.388 5.4278e+06
47.478 5.42775e+06
47.513 5.42775e+06
47.527 5.42771e+06
47.53 5.42769e+06
47.533 5.42767e+06
47.535 5.42757e+06
47.539 5.42757e+06
47.543 5.42757e+06
47.547 5.42756e+06
47.764 5.42754e+06
47.767 5.42747e+06
47.773 5.42745e+06
47.822 5.42744e+06
47.882 5.42729e+06
47.884 5.42723e+06
47.889 5.42713e+06
47.9 5.42712e+06
47.97 5.42711e+06
47.979 5.42702e+06
47.981 5.42694e+06
47.985 5.42673e+06
47.989 5.42667e+06
47.997 5.42657e+06
48.024 5.42656e+06
48.032 5.42655e+06
48.034 5.42655e+06
48.045 5.42653e+06
48.051 5.42647e+06
48.054 5.42622e+06
48.057 5.42615e+06
48.061 5.42614e+06
48.066 5.42612e+06
48.136 5.42594e+06
48.139 5.42594e+06
48.141 5.42591e+06
48.143 5.42587e+06
48.149 5.42584e+06
48.156 5.42583e+06
48.164 5.42579e+06
48.169 5.42571e+06
48.172 5.42562e+06
48.174 5.42562e+06
49.557 5.4254e+06
49.561 5.42539e+06
49.564 5.42531e+06
49.566 5.4253e+06
49.57 5.42529e+06
49.581 5.42526e+06
49.583 5.42523e+06
49.585 5.42511e+06
49.587 5.42509e+06
49.606 5.42506e+06
49.611 5.42441e+06
49.613 5.42412e+06
49.616 5.42408e+06
49.619 5.42404e+06
49.628 5.42402e+06
49.632 5.4239e+06
49.983 5.42383e+06
49.995 5.42381e+06
49.998 5.42374e+06
50.011 5.42374e+06
50.015 5.42366e+06
50.018 5.4236e+06
50.024 5.42354e+06
50.04 5.42339e+06
50.048 5.42316e+06
50.052 5.42304e+06
50.054 5.42297e+06
50.06 5.42297e+06
50.09 5.42285e+06
50.094 5.42263e+06
50.424 5.42259e+06
50.44 5.42254e+06
50.442 5.42237e+06
50.452 5.42235e+06
50.52 5.42222e+06
50.524 5.42222e+06
50.656 5.42209e+06
50.66 5.42199e+06
50.663 5.42196e+06
50.668 5.4219e+06
50.678 5.42188e+06
50.681 5.42186e+06
50.696 5.42184e+06
50.712 5.42174e+06
50.717 5.42172e+06
50.749 5.42168e+06
50.753 5.42159e+06
50.756 5.42153e+06
50.798 5.42148e+06
50.804 5.42138e+06
50.837 5.42135e+06
50.847 5.42116e+06
50.873 5.42116e+06
50.874 5.42112e+06
50.913 5.42102e+06
51.248 5.42099e+06
51.25 5.42093e+06
51.257 5.42092e+06
51.516 5.42085e+06
51.518 5.42084e+06
51.556 5.42079e+06
51.571 5.42074e+06
51.574 5.42074e+06
51.589 5.42071e+06
51.601 5.42019e+06
51.628 5.42013e+06
51.632 5.42012e+06
51.634 5.4201e+06
51.637 5.4199e+06
51.639 5.41985e+06
51.643 5.41982e+06
51.653 5.41981e+06
51.663 5.41979e+06
51.665 5.41965e+06
51.673 5.41963e+06
51.675 5.41962e+06
51.677 5.41927e+06
51.805 5.41911e+06
51.813 5.4191e+06
52.286 5.41908e+06
52.29 5.41906e+06
52.968 5.41899e+06
52.97 5.41896e+06
53.121 5.41888e+06
53.127 5.41887e+06
53.129 5.41883e+06
53.647 5.41855e+06
53.657 5.41851e+06
53.659 5.41851e+06
53.662 5.41846e+06
53.664 5.41845e+06
53.676 5.41842e+06
53.679 5.41838e+06
53.686 5.41828e+06
53.689 5.41796e+06
53.69 5.41793e+06
53.696 5.41792e+06
53.705 5.41792e+06
53.706 5.41788e+06
53.716 5.41772e+06
53.73 5.41759e+06
53.732 5.41755e+06
53.734 5.41741e+06
53.754 5.41732e+06
53.756 5.41729e+06
53.758 5.41724e+06
53.759 5.41722e+06
54.265 5.41715e+06
54.27 5.41714e+06
54.286 5.41712e+06
54.289 5.41706e+06
54.296 5.41693e+06
54.298 5.41689e+06
54.305 5.41684e+06
54.309 5.41679e+06
54.312 5.41678e+06
54.326 5.41653e+06
54.33 5.41641e+06
54.332 5.4164e+06
54.337 5.41635e+06
54.339 5.41634e+06
54.374 5.41622e+06
54.531 5.41619e+06
54.533 5.41617e+06
54.535 5.41616e+06
54.547 5.41609e+06
54.552 5.41606e+06
54.559 5.41605e+06
54.565 5.41589e+06
54.567 5.41571e+06
54.568 5.41571e+06
54.572 5.41556e+06
54.578 5.41539e+06
54.582 5.41535e+06
54.591 5.4153e+06
54.595 5.41523e+06
54.602 5.41521e+06
54.64 5.41508e+06
54.651 5.41507e+06
54.658 5.415e+06
54.66 5.41498e+06
54.664 5.41497e+06
54.718 5.41482e+06
54.722 5.41475e+06
54.724 5.41471e+06
54.728 5.4147e+06
56.297 5.4146e+06
56.333 5.41444e+06
56.336 5.41442e+06
56.342 5.41437e+06
56.343 5.41436e+06
56.346 5.41426e+06
56.352 5.41425e+06
56.36 5.41417e+06
56.367 5.41397e+06
56.376 5.41386e+06
56.381 5.41381e+06
56.383 5.41379e+06
56.385 5.41374e+06
56.396 5.41371e+06
56.403 5.41369e+06
56.406 5.41354e+06
56.408 5.41354e+06
56.426 5.4135e+06
56.434 5.41344e+06
56.436 5.41329e+06
56.441 5.41327e+06
56.443 5.41323e+06
56.445 5.41306e+06
56.448 5.41298e+06
56.648 5.41262e+06
56.651 5.4122e+06
56.66 5.4122e+06
56.667 5.41206e+06
56.669 5.41201e+06
56.673 5.41194e+06
57.031 5.41187e+06
57.035 5.41186e+06
57.038 5.41183e+06
58.14 5.41172e+06
58.168 5.41166e+06
58.172 5.41162e+06
58.189 5.41158e+06
58.19 5.41158e+06
58.239 5.41156e+06
58.241 5.41156e+06
58.243 5.41147e+06
58.244 5.41146e+06
58.247 5.41137e+06
58.25 5.41124e+06
58.253 5.41118e+06
58.416 5.41113e+06
58.42 5.41112e+06
58.43 5.41111e+06
58.432 5.41108e+06
58.44 5.41099e+06
58.448 5.41093e+06
58.457 5.41091e+06
58.466 5.4109e+06
58.879 5.41078e+06
58.902 5.41066e+06
59.283 5.41062e+06
59.286 5.41045e+06
59.289 5.41045e+06
59.291 5.41043e+06
59.296 5.41026e+06
59.301 5.41023e+06
59.306 5.4102e+06
59.313 5.41019e+06
59.32 5.41017e+06
59.324 5.41004e+06
59.328 5.41003e+06
59.355 5.40982e+06
59.357 5.40978e+06
60.544 5.40976e+06
60.664 5.40974e+06
60.679 5.40974e+06
60.681 5.40961e+06
60.689 5.40952e+06
60.695 5.40948e+06
60.708 5.40942e+06
61.097 5.40942e+06
61.1 5.40939e+06
61.13 5.40937e+06
61.133 5.40937e+06
61.136 5.40928e+06
61.138 5.40922e+06
61.143 5.40915e+06
61.164 5.40912e+06
61.169 5.40901e+06
61.177 5.40898e+06
61.254 5.40894e+06
61.258 5.40891e+06
61.265 5.40886e+06
61.267 5.40884e+06
61.271 5.40883e+06
61.292 5.4088e+06
61.299 5.40879e+06
61.302 5.40878e+06
61.363 5.40875e+06
61.366 5.40875e+06
61.368 5.40865e+06
61.386 5.40858e+06
61.393 5.40846e+06
61.398 5.40846e+06
61.4 5.40844e+06
61.684 5.40835e+06
61.721 5.40835e+06
61.723 5.40819e+06
61.727 5.40814e+06
61.729 5.40812e+06
61.736 5.4081e+06
62.03 5.40804e+06
62.035 5.40792e+06
62.057 5.40786e+06
62.059 5.40782e+06
62.066 5.40782e+06
62.068 5.40777e+06
62.077 5.40777e+06
62.089 5.40773e+06
62.097 5.40772e+06
62.099 5.40772e+06
62.321 5.40771e+06
62.44 5.40764e+06
62.45 5.4075e+06
62.451 5.4075e+06
62.47 5.40734e+06
62.48 5.40734e+06
62.483 5.4073e+06
62.485 5.40722e+06
62.489 5.40722e+06
62.569 5.40718e+06
62.571 5.40714e+06
62.587 5.40713e+06
62.597 5.40713e+06
62.618 5.40708e+06
62.62 5.40705e+06
62.693 5.40702e+06
62.699 5.40696e+06
62.703 5.40694e+06
62.709 5.40668e+06
62.719 5.40666e+06
62.721 5.40665e+06
62.723 5.40659e+06
62.725 5.40657e+06
62.727 5.40656e+06
62.728 5.40656e+06
62.734 5.40646e+06
62.749 5.40646e+06
62.755 5.40639e+06
62.758 5.40638e+06
62.76 5.40631e+06
62.767 5.4063e+06
62.769 5.40628e+06
62.773 5.40626e+06
62.784 5.4062e+06
62.821 5.40616e+06
62.823 5.40612e+06
62.84 5.40609e+06
62.845 5.40609e+06
62.847 5.40602e+06
62.87 5.40593e+06
62.88 5.40575e+06
63.154 5.40566e+06
63.166 5.40564e+06
63.168 5.40561e+06
63.17 5.40559e+06
63.172 5.40558e+06
63.223 5.40534e+06
63.259 5.40533e+06
63.264 5.40526e+06
63.361 5.40518e+06
63.382 5.40517e+06
63.386 5.40509e+06
63.388 5.40508e+06
63.391 5.40499e+06
63.394 5.40498e+06
63.401 5.40494e+06
63.405 5.40492e+06
63.41 5.4049e+06
63.412 5.40478e+06
63.414 5.40474e+06
63.416 5.40464e+06
63.418 5.40459e+06
63.6 5.40453e+06
63.602 5.40452e+06
63.608 5.40452e+06
63.614 5.40452e+06
63.616 5.40449e+06
63.621 5.40447e+06
63.623 5.40447e+06
63.633 5.40446e+06
63.638 5.40442e+06
63.648 5.40436e+06
63.655 5.40434e+06
63.657 5.40432e+06
63.667 5.40429e+06
63.672 5.40421e+06
63.687 5.40419e+06
63.689 5.40419e+06
63.697 5.40415e+06
63.699 5.40413e+06
63.901 5.40402e+06
63.905 5.404e+06
63.907 5.40398e+06
63.912 5.40391e+06
63.914 5.40389e+06
63.916 5.40388e+06
63.918 5.40386e+06
63.93 5.40384e+06
63.937 5.40378e+06
63.942 5.40377e+06
63.943 5.40376e+06
64.049 5.40365e+06
64.355 5.40359e+06
64.357 5.40352e+06
64.367 5.40351e+06
64.373 5.40349e+06
64.383 5.40347e+06
64.387 5.40343e+06
64.393 5.40336e+06
64.416 5.40303e+06
64.429 5.40286e+06
64.431 5.40269e+06
64.44 5.40264e+06
64.445 5.40251e+06
64.451 5.40249e+06
64.452 5.40249e+06
64.606 5.40245e+06
64.629 5.40242e+06
64.631 5.40221e+06
64.639 5.40219e+06
65.096 5.40209e+06
65.475 5.40207e+06
65.478 5.40205e+06
65.494 5.40204e+06
65.498 5.40199e+06
65.504 5.40197e+06
65.518 5.40194e+06
65.52 5.40191e+06
65.524 5.40189e+06
65.534 5.40176e+06
65.559 5.40166e+06
65.568 5.40164e+06
65.605 5.40162e+06
65.61 5.40152e+06
65.612 5.4015e+06
65.615 5.40142e+06
65.63 5.40134e+06
65.641 5.4013e+06
65.65 5.40129e+06
65.653 5.40127e+06
65.764 5.40123e+06
65.774 5.40122e+06
65.812 5.40114e+06
65.816 5.40113e+06
65.818 5.40109e+06
65.832 5.40097e+06
65.86 5.40094e+06
65.863 5.40082e+06
65.865 5.40081e+06
65.867 5.40081e+06
65.871 5.4008e+06
65.88 5.40079e+06
65.888 5.40074e+06
65.894 5.40069e+06
65.9 5.40063e+06
65.902 5.40062e+06
65.905 5.40062e+06
65.91 5.40059e+06
66.055 5.40057e+06
66.059 5.40048e+06
66.063 5.40042e+06
66.068 5.40042e+06
66.104 5.40026e+06
66.106 5.40024e+06
66.112 5.40022e+06
66.12 5.40022e+06
66.145 5.4002e+06
66.196 5.4001e+06
66.203 5.4001e+06
66.208 5.40008e+06
66.235 5.40008e+06
66.3 5.39994e+06
66.302 5.39993e+06
66.499 5.3999e+06
66.502 5.39985e+06
66.511 5.39982e+06
66.514 5.3998e+06
66.517 5.39979e+06
66.522 5.39973e+06
66.528 5.39972e+06
66.531 5.39959e+06
66.552 5.39958e+06
66.573 5.39956e+06
66.578 5.39933e+06
66.646 5.39922e+06
66.666 5.399e+06
66.671 5.39899e+06
66.706 5.39898e+06
66.714 5.39883e+06
66.74 5.39877e+06
66.742 5.39872e+06
66.745 5.39868e+06
66.805 5.39867e+06
66.842 5.39862e+06
66.869 5.39858e+06
66.929 5.39858e+06
66.938 5.39851e+06
66.941 5.39849e+06
66.989 5.39845e+06
67.003 5.39842e+06
67.012 5.39836e+06
67.015 5.39828e+06
67.018 5.39827e+06
67.02 5.39823e+06
67.027 5.39816e+06
67.031 5.39815e+06
67.036 5.39815e+06
67.042 5.39807e+06
67.057 5.39802e+06
67.428 5.39799e+06
67.501 5.39796e+06
67.514 5.39796e+06
67.521 5.39794e+06
67.525 5.39793e+06
67.551 5.39787e+06
67.553 5.39784e+06
67.791 5.39783e+06
67.95 5.39782e+06
68.11 5.39779e+06
68.115 5.39779e+06
68.159 5.39778e+06
68.174 5.39765e+06
68.514 5.39756e+06
68.517 5.39748e+06
68.518 5.39746e+06
68.527 5.39744e+06
68.544 5.39744e+06
68.554 5.39741e+06
68.556 5.39738e+06
68.564 5.39737e+06
68.566 5.3973e+06
68.568 5.39728e+06
68.57 5.39727e+06
68.644 5.39721e+06
68.649 5.3972e+06
68.67 5.39712e+06
68.673 5.397e+06
68.676 5.39699e+06
68.677 5.39698e+06
68.68 5.39695e+06
68.684 5.3969e+06
68.686 5.39688e+06
68.699 5.39679e+06
68.702 5.39675e+06
68.703 5.39674e+06
68.706 5.39672e+06
68.714 5.39671e+06
68.716 5.39648e+06
68.726 5.39648e+06
68.751 5.39647e+06
68.754 5.3961e+06
68.76 5.39595e+06
68.775 5.39589e+06
68.791 5.39579e+06
68.844 5.39579e+06
69.067 5.3957e+06
69.079 5.39567e+06
69.081 5.39562e+06
69.083 5.3956e+06
69.129 5.39558e+06
69.131 5.39558e+06
69.157 5.39554e+06
69.195 5.39554e+06
69.197 5.39536e+06
69.211 5.39533e+06
69.214 5.39532e+06
69.252 5.39531e+06
69.265 5.39531e+06
69.267 5.39528e+06
69.269 5.39518e+06
69.271 5.39511e+06
69.273 5.39511e+06
69.315 5.3951e+06
70.107 5.39505e+06
70.128 5.39503e+06
70.15 5.39498e+06
70.221 5.39496e+06
70.223 5.39493e+06
70.259 5.39486e+06
71.965 5.39478e+06
71.971 5.39473e+06
71.973 5.3947e+06
71.976 5.39468e+06
71.989 5.39467e+06
71.997 5.39467e+06
71.999 5.39456e+06
72.006 5.39452e+06
72.008 5.3945e+06
72.011 5.39441e+06
72.016 5.3944e+06
72.017 5.39433e+06
72.139 5.39428e+06
72.147 5.39423e+06
72.157 5.39421e+06
72.19 5.39419e+06
72.224 5.39378e+06
72.244 5.39366e+06
72.408 5.39355e+06
72.41 5.39338e+06
72.414 5.39336e+06
72.444 5.39321e+06
72.451 5.39309e+06
72.454 5.39301e+06
72.456 5.39301e+06
72.458 5.39294e+06
72.463 5.39288e+06
72.465 5.39288e+06
72.482 5.39282e+06
72.492 5.39277e+06
73.198 5.39276e+06
73.202 5.39272e+06
73.206 5.39268e+06
73.214 5.39264e+06
73.216 5.39262e+06
73.597 5.39258e+06
73.631 5.39256e+06
73.633 5.39251e+06
73.637 5.39249e+06
73.64 5.39244e+06
73.642 5.39239e+06
73.644 5.39234e+06
73.647 5.3923e+06
73.649 5.39229e+06
73.66 5.39219e+06
73.728 5.39206e+06
73.739 5.39201e+06
73.743 5.39201e+06
73.748 5.39198e+06
73.751 5.39193e+06
73.783 5.39191e+06
73.787 5.39186e+06
73.79 5.39182e+06
73.794 5.39174e+06
73.798 5.39174e+06
73.8 5.39166e+06
75.497 5.39148e+06
75.508 5.39141e+06
75.536 5.39129e+06
75.55 5.39121e+06
75.553 5.39118e+06
75.556 5.39114e+06
75.61 5.39108e+06
75.613 5.39108e+06
75.62 5.39107e+06
75.626 5.39088e+06
75.631 5.39082e+06
75.679 5.3907e+06
75.694 5.39058e+06
75.699 5.39053e+06
75.704 5.39047e+06
75.723 5.39043e+06
75.728 5.39042e+06
75.733 5.39021e+06
75.737 5.39018e+06
75.749 5.39016e+06
75.767 5.39001e+06
75.786 5.38995e+06
76.393 5.38991e+06
76.399 5.3899e+06
76.402 5.38988e+06
76.421 5.38985e+06
76.425 5.38984e+06
76.429 5.38979e+06
76.435 5.38956e+06
76.443 5.3895e+06
76.46 5.38942e+06
76.464 5.3894e+06
76.467 5.38935e+06
76.501 5.38935e+06
76.506 5.38923e+06
76.508 5.3892e+06
76.512 5.38919e+06
76.514 5.38914e+06
76.518 5.38911e+06
76.597 5.38904e+06
76.624 5.38903e+06
76.629 5.38903e+06
76.927 5.38894e+06
76.929 5.38881e+06
76.935 5.38868e+06
76.953 5.38835e+06
76.959 5.38835e+06
76.968 5.38833e+06
76.971 5.38832e+06
76.976 5.38832e+06
76.991 5.38816e+06
76.999 5.38813e+06
77.004 5.38808e+06
77.006 5.38807e+06
77.092 5.38802e+06
77.102 5.38796e+06
77.114 5.38794e+06
77.141 5.38794e+06
77.246 5.38783e+06
77.25 5.38781e+06
77.269 5.38776e+06
77.272 5.38765e+06
77.276 5.38755e+06
77.282 5.38754e+06
77.31 5.38746e+06
77.402 5.38741e+06
77.405 5.3872e+06
77.409 5.38718e+06
77.412 5.38697e+06
77.414 5.38695e+06
77.435 5.38693e+06
77.46 5.38692e+06
77.464 5.3869e+06
77.475 5.38686e+06
77.604 5.38685e+06
77.608 5.38684e+06
77.648 5.38684e+06
77.651 5.38682e+06
77.656 5.38677e+06
77.662 5.38668e+06
77.676 5.38668e+06
78.394 5.3863e+06
78.396 5.38623e+06
78.402 5.38622e+06
78.406 5.38618e+06
78.411 5.38615e+06
78.413 5.38614e+06
78.415 5.38614e+06
78.42 5.38609e+06
78.477 5.38606e+06
78.484 5.38604e+06
78.486 5.38601e+06
78.605 5.38596e+06
78.7 5.38595e+06
78.701 5.38593e+06
78.718 5.38582e+06
78.828 5.38578e+06
78.833 5.38576e+06
78.836 5.38575e+06
78.841 5.38572e+06
78.856 5.3857e+06
79.001 5.38557e+06
79.012 5.38555e+06
79.092 5.38554e+06
79.099 5.3854e+06
79.109 5.38538e+06
79.117 5.38538e+06
79.223 5.38528e+06
79.226 5.38522e+06
79.228 5.38508e+06
79.23 5.38504e+06
79.236 5.38495e+06
79.238 5.38495e+06
79.242 5.38494e+06
79.953 5.3849e+06
79.958 5.38471e+06
79.964 5.38466e+06
80.015 5.38462e+06
80.018 5.38456e+06
80.02 5.38455e+06
80.022 5.3845e+06
80.025 5.38442e+06
80.028 5.38441e+06
80.032 5.38441e+06
80.037 5.3844e+06
80.042 5.38433e+06
80.104 5.38432e+06
80.136 5.38428e+06
80.234 5.38422e+06
80.242 5.38418e+06
80.246 5.38412e+06
80.257 5.3841e+06
80.261 5.3841e+06
80.27 5.384e+06
80.278 5.38399e+06
80.284 5.38392e+06
80.316 5.38384e+06
80.319 5.38382e+06
81.236 5.3838e+06
81.24 5.38379e+06
81.243 5.38378e+06
81.247 5.38377e+06
81.254 5.38372e+06
81.258 5.38363e+06
81.26 5.38361e+06
81.263 5.3836e+06
81.267 5.38353e+06
81.281 5.38349e+06
81.29 5.38348e+06
81.292 5.3832e+06
81.304 5.3832e+06
81.309 5.38315e+06
81.318 5.38314e+06
81.322 5.38311e+06
81.326 5.38293e+06
81.328 5.3829e+06
81.343 5.38288e+06
81.348 5.38286e+06
81.387 5.38286e+06
81.446 5.38284e+06
81.454 5.3828e+06
81.457 5.38272e+06
81.465 5.38269e+06
81.476 5.38269e+06
81.494 5.38266e+06
81.519 5.38262e+06
81.528 5.38262e+06
81.541 5.3826e+06
81.543 5.38259e+06
81.544 5.38242e+06
81.549 5.38241e+06
81.558 5.38238e+06
81.563 5.3823e+06
81.578 5.3823e+06
81.981 5.38229e+06
81.994 5.38224e+06
81.997 5.38215e+06
82.014 5.38208e+06
82.025 5.38208e+06
82.035 5.38207e+06
82.042 5.382e+06
82.052 5.38191e+06
82.129 5.38187e+06
82.746 5.38182e+06
82.796 5.38178e+06
82.798 5.38162e+06
82.809 5.38161e+06
82.812 5.3816e+06
82.825 5.38154e+06
82.835 5.38152e+06
82.84 5.38151e+06
82.844 5.3815e+06
82.852 5.38142e+06
82.859 5.3814e+06
82.861 5.38137e+06
82.871 5.38136e+06
82.883 5.38127e+06
82.886 5.38123e+06
82.89 5.3812e+06
82.896 5.38116e+06
83.19 5.38113e+06
83.192 5.38111e+06
83.195 5.3811e+06
83.446 5.38093e+06
83.476 5.38086e+06
83.521 5.38085e+06
83.524 5.38083e+06
83.536 5.38079e+06
83.54 5.38075e+06
83.545 5.38074e+06
83.68 5.38073e+06
83.683 5.38063e+06
83.691 5.38059e+06
83.71 5.38056e+06
83.717 5.38056e+06
83.727 5.38056e+06
83.756 5.38055e+06
83.758 5.38053e+06
83.761 5.38053e+06
83.763 5.38051e+06
83.823 5.38049e+06
83.828 5.38048e+06
83.835 5.38046e+06
83.838 5.38046e+06
83.841 5.38045e+06
84.107 5.38044e+06
84.133 5.38036e+06
84.136 5.38034e+06
84.142 5.38031e+06
84.151 5.38027e+06
84.167 5.38025e+06
84.169 5.38018e+06
84.171 5.38016e+06
84.176 5.38001e+06
84.231 5.38001e+06
84.235 5.37999e+06
84.239 5.37996e+06
84.242 5.37995e+06
84.263 5.37991e+06
84.287 5.37982e+06
84.47 5.37981e+06
84.476 5.37971e+06
84.558 5.37969e+06
84.563 5.37965e+06
84.67 5.37965e+06
84.672 5.37962e+06
84.674 5.37961e+06
84.679 5.37958e+06
84.688 5.37958e+06
84.7 5.37954e+06
84.707 5.37947e+06
84.713 5.37946e+06
84.737 5.37938e+06
84.743 5.37935e+06
84.754 5.37933e+06
84.761 5.37927e+06
84.772 5.37927e+06
84.778 5.37924e+06
84.792 5.37924e+06
84.795 5.37917e+06
84.797 5.37908e+06
84.822 5.37908e+06
84.823 5.37906e+06
84.881 5.37902e+06
85.092 5.37898e+06
85.107 5.37886e+06
85.109 5.37884e+06
85.183 5.37881e+06
85.19 5.37876e+06
85.196 5.37872e+06
85.199 5.37863e+06
85.215 5.3786e+06
85.231 5.37859e+06
85.307 5.37851e+06
85.309 5.37846e+06
85.311 5.37844e+06
85.313 5.37844e+06
85.315 5.37844e+06
85.32 5.37843e+06
85.352 5.3784e+06
85.375 5.37836e+06
85.39 5.37828e+06
85.409 5.37826e+06
86.158 5.37805e+06
86.167 5.37801e+06
86.169 5.378e+06
86.174 5.37798e+06
86.288 5.37796e+06
86.292 5.37793e+06
86.303 5.37792e+06
86.31 5.37791e+06
86.314 5.37789e+06
86.319 5.37788e+06
86.371 5.3778e+06
86.373 5.37774e+06
86.385 5.37767e+06
86.393 5.37767e+06
86.398 5.37752e+06
86.413 5.3774e+06
86.42 5.3774e+06
86.427 5.37737e+06
86.447 5.37727e+06
87.394 5.37712e+06
87.398 5.37712e+06
87.4 5.37706e+06
87.408 5.37703e+06
87.412 5.37701e+06
87.416 5.37697e+06
87.42 5.37694e+06
87.433 5.37692e+06
87.436 5.37678e+06
87.456 5.3767e+06
87.462 5.37669e+06
87.465 5.37667e+06
87.47 5.37662e+06
87.501 5.37654e+06
87.531 5.37651e+06
87.537 5.3765e+06
87.553 5.3765e+06
87.555 5.37629e+06
87.567 5.37627e+06
87.616 5.37623e+06
87.949 5.37619e+06
87.95 5.37615e+06
87.955 5.37614e+06
88.05 5.37611e+06
88.061 5.37608e+06
88.075 5.37606e+06
88.086 5.37601e+06
88.088 5.37577e+06
88.101 5.37558e+06
89.047 5.37547e+06
89.084 5.37544e+06
89.099 5.37543e+06
89.114 5.37542e+06
89.25 5.37539e+06
89.254 5.37526e+06
89.282 5.37519e+06
89.38 5.37513e+06
89.4 5.37499e+06
89.409 5.37485e+06
89.412 5.37484e+06
89.417 5.37482e+06
89.428 5.3748e+06
89.442 5.3748e+06
89.444 5.37478e+06
89.457 5.37475e+06
89.459 5.37473e+06
89.463 5.37472e+06
89.474 5.37471e+06
89.475 5.37468e+06
89.479 5.37467e+06
89.528 5.3746e+06
89.81 5.37445e+06
89.829 5.37441e+06
89.835 5.3744e+06
89.841 5.37439e+06
89.843 5.37426e+06
89.845 5.37416e+06
89.853 5.37414e+06
89.873 5.37413e+06
89.957 5.37412e+06
89.959 5.37404e+06
90.839 5.37403e+06
90.857 5.37392e+06
90.863 5.37391e+06
90.886 5.37386e+06
90.889 5.37385e+06
90.893 5.37379e+06
90.898 5.37378e+06
90.901 5.37372e+06
90.904 5.3737e+06
90.912 5.3737e+06
90.943 5.37369e+06
90.949 5.37367e+06
90.993 5.37364e+06
90.995 5.37358e+06
91.072 5.37356e+06
91.074 5.37353e+06
91.082 5.37353e+06
91.09 5.37346e+06
91.096 5.37346e+06
91.143 5.37343e+06
91.148 5.37343e+06
91.156 5.3734e+06
91.158 5.3734e+06
91.165 5.37339e+06
91.168 5.3733e+06
91.893 5.37329e+06
91.909 5.37325e+06
91.913 5.3732e+06
91.914 5.37316e+06
91.957 5.37312e+06
91.966 5.37308e+06
91.978 5.37307e+06
91.984 5.37304e+06
91.995 5.37293e+06
91.999 5.37281e+06
92.003 5.37275e+06
92.012 5.37273e+06
92.018 5.3727e+06
92.022 5.37268e+06
92.039 5.37245e+06
92.048 5.37241e+06
92.05 5.37241e+06
92.054 5.37239e+06
92.064 5.37238e+06
92.068 5.37235e+06
92.076 5.37226e+06
92.085 5.37212e+06
92.117 5.37195e+06
92.153 5.37194e+06
92.163 5.37189e+06
92.175 5.37189e+06
92.25 5.37184e+06
92.258 5.37182e+06
92.266 5.37182e+06
92.274 5.37177e+06
92.292 5.37172e+06
92.296 5.37158e+06
92.3 5.37157e+06
92.301 5.37156e+06
92.303 5.37145e+06
92.313 5.37144e+06
92.327 5.37141e+06
92.343 5.37134e+06
92.356 5.37127e+06
92.42 5.37125e+06
92.424 5.37125e+06
92.452 5.37114e+06
92.486 5.37113e+06
92.492 5.3711e+06
92.494 5.37105e+06
92.498 5.37095e+06
92.501 5.37092e+06
92.51 5.3709e+06
92.553 5.37087e+06
92.561 5.37079e+06
92.588 5.37078e+06
92.613 5.37077e+06
92.615 5.37071e+06
92.658 5.37066e+06
92.667 5.37064e+06
92.671 5.37063e+06
92.677 5.3706e+06
92.684 5.37058e+06
92.687 5.37058e+06
92.694 5.37057e+06
92.734 5.37051e+06
92.74 5.37049e+06
92.742 5.37048e+06
92.762 5.37044e+06
92.775 5.37044e+06
92.782 5.37038e+06
92.79 5.37023e+06
92.792 5.37022e+06
92.833 5.3702e+06
92.91 5.37012e+06
92.918 5.37001e+06
92.925 5.36998e+06
92.936 5.36987e+06
92.945 5.3698e+06
92.963 5.36975e+06
92.975 5.3697e+06
92.987 5.36967e+06
92.989 5.36966e+06
93.005 5.36966e+06
93.014 5.36963e+06
93.056 5.36961e+06
93.06 5.36961e+06
93.063 5.36958e+06
93.065 5.36957e+06
93.073 5.36954e+06
93.077 5.36952e+06
93.116 5.3695e+06
93.119 5.36948e+06
93.127 5.36948e+06
93.136 5.36947e+06
93.173 5.36945e+06
93.181 5.3694e+06
93.234 5.36935e+06
93.257 5.36933e+06
93.287 5.36929e+06
93.301 5.36928e+06
93.311 5.36925e+06
93.319 5.36922e+06
93.324 5.36905e+06
93.346 5.36898e+06
93.61 5.36889e+06
93.631 5.36883e+06
93.728 5.3688e+06
93.77 5.36879e+06
93.776 5.3687e+06
93.782 5.36869e+06
93.811 5.36851e+06
93.828 5.3685e+06
93.829 5.3685e+06
93.833 5.36846e+06
93.835 5.36845e+06
93.841 5.36842e+06
93.857 5.36838e+06
93.86 5.36837e+06
93.868 5.36836e+06
94.247 5.36832e+06
94.25 5.3683e+06
94.252 5.3683e+06
94.255 5.36828e+06
94.277 5.36826e+06
94.28 5.36824e+06
94.283 5.36823e+06
94.289 5.36822e+06
94.292 5.36821e+06
94.299 5.36821e+06
94.308 5.36815e+06
94.434 5.36814e+06
94.497 5.3681e+06
94.517 5.36805e+06
94.531 5.36798e+06
94.615 5.36785e+06
94.618 5.36784e+06
94.952 5.36783e+06
94.956 5.36782e+06
94.959 5.3678e+06
94.962 5.36778e+06
94.969 5.36778e+06
94.971 5.36776e+06
94.974 5.36775e+06
94.991 5.36772e+06
95.02 5.36771e+06
95.033 5.36769e+06
95.035 5.36769e+06
95.071 5.36768e+06
95.086 5.36755e+06
95.144 5.36755e+06
96.184 5.36755e+06
96.216 5.36751e+06
96.224 5.3675e+06
96.262 5.36748e+06
96.269 5.36742e+06
96.276 5.3674e+06
96.281 5.36739e+06
96.299 5.36737e+06
96.307 5.36734e+06
96.311 5.36733e+06
96.35 5.3673e+06
96.38 5.36725e+06
96.391 5.36722e+06
96.395 5.36708e+06
96.404 5.36706e+06
96.409 5.36702e+06
96.429 5.367e+06
96.441 5.36698e+06
96.511 5.36693e+06
96.523 5.36692e+06
96.525 5.36692e+06
96.53 5.36678e+06
96.542 5.36672e+06
96.544 5.36671e+06
96.554 5.36669e+06
96.561 5.36664e+06
96.584 5.36651e+06
96.586 5.36647e+06
96.616 5.36633e+06
96.623 5.36631e+06
96.637 5.36606e+06
96.653 5.36604e+06
96.724 5.36592e+06
96.74 5.3659e+06
96.765 5.36587e+06
96.767 5.36581e+06
96.812 5.36575e+06
96.822 5.36574e+06
96.826 5.36572e+06
96.856 5.36555e+06
96.864 5.36551e+06
97.034 5.3655e+06
97.04 5.36546e+06
97.042 5.36538e+06
97.048 5.36534e+06
97.065 5.36534e+06
97.074 5.36532e+06
97.079 5.3653e+06
97.085 5.36524e+06
97.099 5.36518e+06
97.113 5.36515e+06
97.136 5.3651e+06
97.143 5.36509e+06
97.149 5.36508e+06
97.16 5.36507e+06
97.166 5.36494e+06
97.181 5.36488e+06
97.188 5.36482e+06
97.193 5.36481e+06
97.253 5.3648e+06
97.267 5.3648e+06
97.269 5.36477e+06
97.28 5.36472e+06
97.392 5.36467e+06
97.57 5.36463e+06
97.586 5.36457e+06
97.588 5.36444e+06
97.604 5.36442e+06
97.612 5.3644e+06
97.62 5.3644e+06
97.623 5.36437e+06
97.627 5.36436e+06
97.631 5.36428e+06
97.649 5.36427e+06
97.782 5.36427e+06
97.816 5.36425e+06
97.823 5.36424e+06
97.827 5.36421e+06
97.837 5.36418e+06
98.008 5.36417e+06
98.01 5.3641e+06
98.02 5.36404e+06
98.027 5.36402e+06
98.036 5.36392e+06
98.309 5.36392e+06
98.313 5.36387e+06
98.317 5.36385e+06
98.324 5.36382e+06
98.374 5.3638e+06
98.391 5.36378e+06
98.41 5.36372e+06
98.412 5.3637e+06
98.414 5.36369e+06
98.428 5.36363e+06
98.46 5.36361e+06
98.737 5.36356e+06
98.739 5.36353e+06
98.768 5.36348e+06
98.831 5.36345e+06
98.834 5.3634e+06
98.846 5.36338e+06
98.879 5.36331e+06
98.881 5.36323e+06
98.894 5.36317e+06
98.898 5.36312e+06
98.901 5.36312e+06
98.949 5.3631e+06
99.133 5.36309e+06
99.139 5.36305e+06
99.143 5.36302e+06
99.147 5.36302e+06
99.161 5.36298e+06
99.174 5.36297e+06
99.18 5.36297e+06
99.207 5.36294e+06
99.217 5.36292e+06
99.265 5.3629e+06
99.338 5.3629e+06
99.396 5.36289e+06
99.402 5.36288e+06
99.411 5.36284e+06
99.418 5.36281e+06
99.425 5.36281e+06
99.452 5.3628e+06
99.455 5.36274e+06
99.458 5.36272e+06
99.468 5.36272e+06
99.47 5.3626e+06
99.474 5.36258e+06
99.511 5.36256e+06
99.516 5.36256e+06
99.587 5.36248e+06
99.609 5.36247e+06
99.617 5.36245e+06
99.627 5.36244e+06
99.704 5.36242e+06
99.716 5.36241e+06
99.914 5.36239e+06
99.918 5.36238e+06
99.934 5.36235e+06
99.94 5.36235e+06
99.944 5.36226e+06
99.954 5.36222e+06
100.175 5.36222e+06
100.183 5.3622e+06
100.186 5.3621e+06
100.189 5.36209e+06
100.209 5.36206e+06
100.223 5.36205e+06
100.243 5.36202e+06
100.273 5.36201e+06
100.277 5.362e+06
100.363 5.36193e+06
100.367 5.36192e+06
100.371 5.36192e+06
100.373 5.36191e+06
100.386 5.36185e+06
100.401 5.36184e+06
100.403 5.36181e+06
100.41 5.36181e+06
100.451 5.36179e+06
100.963 5.36177e+06
100.996 5.36174e+06
101.008 5.36172e+06
101.019 5.36172e+06
101.021 5.3616e+06
101.042 5.36157e+06
101.05 5.36157e+06
101.055 5.36155e+06
101.057 5.36155e+06
101.059 5.36151e+06
101.072 5.36148e+06
101.08 5.36141e+06
101.088 5.36139e+06
101.141 5.36138e+06
101.296 5.36136e+06
101.299 5.36136e+06
101.462 5.36134e+06
101.472 5.3613e+06
101.477 5.36124e+06
101.514 5.36122e+06
101.518 5.3612e+06
101.524 5.36116e+06
101.529 5.36114e+06
101.532 5.36102e+06
101.627 5.36095e+06
101.687 5.36095e+06
101.692 5.36092e+06
101.704 5.36091e+06
101.765 5.36088e+06
101.77 5.36087e+06
101.774 5.36087e+06
101.818 5.36083e+06
101.824 5.36074e+06
101.971 5.36069e+06
101.988 5.36064e+06
102.238 5.36063e+06
102.284 5.36061e+06
102.288 5.36061e+06
102.295 5.36046e+06
102.316 5.36043e+06
102.325 5.36042e+06
102.351 5.36042e+06
102.368 5.3604e+06
102.371 5.36031e+06
102.373 5.36026e+06
102.414 5.36025e+06
102.415 5.36022e+06
102.426 5.36014e+06
102.428 5.36008e+06
102.449 5.36004e+06
102.479 5.36003e+06
102.482 5.36001e+06
102.488 5.35997e+06
102.49 5.35997e+06
102.494 5.35997e+06
102.499 5.35996e+06
102.504 5.35993e+06
102.569 5.35991e+06
102.597 5.3599e+06
102.622 5.35988e+06
102.663 5.35987e+06
102.669 5.35987e+06
102.671 5.35986e+06
102.718 5.35986e+06
102.72 5.35983e+06
102.765 5.35976e+06
102.772 5.35975e+06
102.786 5.35972e+06
102.788 5.35968e+06
102.794 5.35965e+06
102.807 5.35963e+06
102.813 5.35963e+06
102.83 5.35962e+06
102.879 5.35958e+06
102.888 5.35954e+06
102.891 5.35954e+06
102.895 5.35947e+06
102.904 5.35946e+06
102.907 5.35946e+06
102.913 5.35943e+06
102.918 5.3594e+06
102.921 5.35939e+06
103.277 5.35935e+06
103.338 5.35918e+06
103.363 5.3591e+06
103.39 5.35909e+06
103.413 5.35908e+06
103.433 5.35905e+06
103.444 5.35902e+06
103.449 5.359e+06
103.453 5.35899e+06
103.458 5.35894e+06
103.466 5.35893e+06
103.597 5.35893e+06
103.699 5.35891e+06
103.706 5.35888e+06
103.708 5.35885e+06
103.74 5.35882e+06
103.746 5.35872e+06
103.767 5.35868e+06
103.77 5.35867e+06
103.795 5.35861e+06
103.799 5.3586e+06
103.812 5.3586e+06
103.853 5.35857e+06
103.87 5.35848e+06
103.872 5.35844e+06
103.886 5.35835e+06
103.889 5.35831e+06
103.938 5.3583e+06
103.943 5.35829e+06
103.958 5.35829e+06
103.965 5.35822e+06
103.972 5.35821e+06
104.214 5.35816e+06
104.261 5.35812e+06
104.265 5.35811e+06
104.318 5.35805e+06
104.651 5.35804e+06
104.655 5.35803e+06
104.7 5.35798e+06
104.794 5.35796e+06
104.818 5.35795e+06
104.828 5.35791e+06
104.867 5.35788e+06
104.894 5.35787e+06
104.927 5.35782e+06
104.929 5.35781e+06
104.932 5.35775e+06
104.988 5.35774e+06
105.002 5.3577e+06
105.004 5.35769e+06
105.026 5.35768e+06
105.043 5.35768e+06
105.048 5.35767e+06
105.054 5.35764e+06
105.057 5.35763e+06
105.142 5.35763e+06
105.15 5.35759e+06
105.215 5.35755e+06
105.22 5.35754e+06
105.227 5.35752e+06
105.239 5.3575e+06
105.25 5.35749e+06
105.256 5.35749e+06
105.269 5.35749e+06
105.275 5.35748e+06
105.287 5.35748e+06
105.322 5.35747e+06
105.33 5.35742e+06
105.343 5.3574e+06
105.353 5.35734e+06
105.457 5.35732e+06
105.471 5.35726e+06
105.473 5.35725e+06
105.479 5.35724e+06
105.484 5.3572e+06
105.502 5.35716e+06
105.517 5.35714e+06
105.52 5.35712e+06
105.525 5.35712e+06
105.527 5.3571e+06
105.531 5.35709e+06
105.533 5.35707e+06
105.535 5.35707e+06
105.537 5.35706e+06
105.684 5.35703e+06
105.757 5.35699e+06
105.818 5.35695e+06
105.825 5.35693e+06
105.837 5.35692e+06
106.34 5.3569e+06
106.357 5.3569e+06
106.362 5.35687e+06
106.417 5.35687e+06
106.427 5.35682e+06
106.515 5.35677e+06
106.517 5.35677e+06
106.558 5.35675e+06
106.562 5.3567e+06
106.567 5.35668e+06
106.627 5.35662e+06
106.632 5.35662e+06
106.648 5.35662e+06
106.703 5.35659e+06
106.715 5.35656e+06
106.729 5.35652e+06
106.852 5.3564e+06
106.888 5.3564e+06
106.892 5.35638e+06
106.904 5.35628e+06
106.913 5.35626e+06
106.956 5.35624e+06
107.07 5.35621e+06
107.08 5.3561e+06
107.094 5.35607e+06
107.104 5.35607e+06
107.125 5.35604e+06
107.368 5.35597e+06
107.457 5.35595e+06
107.461 5.35595e+06
107.463 5.35592e+06
107.47 5.3559e+06
107.473 5.35587e+06
107.534 5.35586e+06
107.54 5.35579e+06
107.556 5.35577e+06
107.574 5.35573e+06
107.598 5.3557e+06
107.63 5.3557e+06
107.639 5.35566e+06
107.648 5.35563e+06
107.686 5.35561e+06
107.693 5.35556e+06
107.701 5.35556e+06
107.703 5.35554e+06
107.743 5.35547e+06
107.758 5.35539e+06
107.833 5.35539e+06
107.841 5.35538e+06
107.999 5.35538e+06
108.017 5.35536e+06
108.103 5.35536e+06
108.109 5.35522e+06
108.125 5.35515e+06
108.129 5.35514e+06
108.131 5.35512e+06
108.148 5.35497e+06
108.158 5.35496e+06
108.16 5.3549e+06
108.17 5.35464e+06
108.176 5.35464e+06
108.18 5.35464e+06
108.185 5.35463e+06
108.485 5.35462e+06
108.495 5.3546e+06
108.505 5.3545e+06
108.507 5.35448e+06
108.508 5.35447e+06
108.517 5.35446e+06
108.605 5.35445e+06
108.612 5.35444e+06
108.622 5.35439e+06
108.625 5.35438e+06
108.631 5.35434e+06
108.636 5.35431e+06
108.646 5.35427e+06
108.676 5.35421e+06
108.678 5.35416e+06
108.692 5.35416e+06
108.7 5.35415e+06
108.708 5.35412e+06
108.718 5.35412e+06
108.726 5.35407e+06
108.73 5.35406e+06
108.743 5.35405e+06
108.745 5.35404e+06
108.761 5.35403e+06
108.764 5.35401e+06
108.77 5.354e+06
108.774 5.354e+06
108.848 5.35392e+06
108.858 5.35385e+06
108.876 5.35384e+06
108.878 5.35381e+06
108.884 5.3538e+06
108.896 5.35379e+06
109.052 5.35378e+06
109.063 5.35376e+06
109.088 5.35373e+06
109.12 5.35372e+06
109.148 5.35371e+06
109.151 5.3537e+06
109.169 5.3537e+06
109.248 5.3537e+06
109.261 5.35364e+06
109.341 5.35364e+06
109.343 5.35362e+06
109.483 5.35355e+06
109.5 5.35355e+06
109.504 5.35353e+06
109.508 5.35346e+06
109.522 5.35343e+06
109.526 5.35341e+06
109.546 5.35341e+06
109.554 5.3534e+06
109.557 5.35339e+06
109.837 5.35338e+06
109.845 5.35334e+06
109.848 5.35327e+06
109.857 5.35319e+06
110.017 5.35319e+06
110.019 5.35317e+06
110.057 5.35316e+06
110.088 5.35308e+06
110.102 5.35305e+06
110.138 5.35297e+06
110.14 5.35297e+06
110.152 5.35292e+06
110.156 5.3529e+06
110.315 5.35286e+06
110.321 5.35286e+06
110.337 5.35283e+06
110.377 5.35283e+06
110.381 5.35276e+06
110.389 5.35235e+06
110.4 5.35222e+06
110.414 5.35221e+06
110.419 5.35219e+06
110.421 5.35218e+06
110.427 5.35186e+06
110.431 5.35185e+06
110.433 5.35183e+06
110.453 5.3518e+06
110.458 5.35179e+06
110.475 5.35178e+06
110.483 5.35175e+06
110.488 5.35174e+06
110.493 5.3515e+06
110.509 5.35149e+06
110.516 5.35148e+06
110.52 5.35141e+06
110.523 5.3514e+06
110.604 5.35128e+06
110.61 5.35121e+06
110.623 5.35115e+06
110.633 5.35114e+06
110.635 5.35112e+06
110.65 5.35108e+06
110.66 5.35108e+06
110.667 5.351e+06
110.69 5.35092e+06
110.692 5.35092e+06
110.709 5.35088e+06
110.726 5.35087e+06
110.827 5.35084e+06
110.859 5.35084e+06
110.863 5.35078e+06
110.868 5.35077e+06
110.873 5.35076e+06
110.878 5.35071e+06
110.886 5.3507e+06
110.894 5.35067e+06
110.908 5.35066e+06
110.969 5.35062e+06
110.983 5.35061e+06
110.989 5.3506e+06
111.017 5.35053e+06
111.023 5.35053e+06
111.033 5.35052e+06
111.039 5.3505e+06
111.044 5.35049e+06
111.046 5.35046e+06
111.157 5.35046e+06
111.21 5.35044e+06
111.212 5.35043e+06
111.226 5.35042e+06
111.247 5.35038e+06
111.383 5.35037e+06
111.386 5.35036e+06
111.391 5.35032e+06
111.393 5.3503e+06
111.478 5.3503e+06
111.481 5.35028e+06
111.504 5.35019e+06
111.534 5.35017e+06
111.565 5.35017e+06
111.586 5.35013e+06
111.588 5.3501e+06
111.592 5.35007e+06
111.597 5.35004e+06
111.606 5.35003e+06
111.611 5.34999e+06
111.734 5.34984e+06
111.74 5.34982e+06
111.746 5.34982e+06
111.753 5.3498e+06
111.757 5.34975e+06
111.759 5.34974e+06
111.766 5.34962e+06
111.77 5.34961e+06
111.773 5.34961e+06
111.775 5.3496e+06
111.784 5.34932e+06
111.856 5.34931e+06
111.865 5.34923e+06
111.871 5.34916e+06
111.88 5.34915e+06
111.894 5.3491e+06
111.994 5.34909e+06
111.998 5.34908e+06
112.016 5.34896e+06
112.018 5.34894e+06
112.02 5.34893e+06
112.024 5.3488e+06
112.031 5.3488e+06
112.033 5.3488e+06
112.037 5.34879e+06
112.04 5.34878e+06
112.054 5.34877e+06
112.064 5.34871e+06
112.082 5.3487e+06
112.086 5.34864e+06
112.098 5.34857e+06
112.135 5.34855e+06
112.151 5.34854e+06
112.179 5.34851e+06
112.183 5.34841e+06
112.187 5.34838e+06
112.22 5.34829e+06
112.226 5.34826e+06
112.233 5.34825e+06
112.247 5.34825e+06
112.249 5.34825e+06
112.253 5.34825e+06
112.273 5.34797e+06
112.278 5.34795e+06
112.281 5.34794e+06
112.283 5.34792e+06
112.288 5.34769e+06
112.296 5.34767e+06
112.303 5.34762e+06
112.31 5.34756e+06
112.313 5.34753e+06
112.326 5.34749e+06
112.334 5.34748e+06
112.337 5.34747e+06
112.346 5.34743e+06
112.359 5.34741e+06
112.365 5.34739e+06
112.368 5.34733e+06
112.374 5.34725e+06
112.38 5.34718e+06
112.419 5.34709e+06
112.432 5.34699e+06
112.434 5.34697e+06
112.449 5.34696e+06
112.638 5.34695e+06
112.652 5.34686e+06
112.656 5.34683e+06
112.674 5.34681e+06
112.783 5.34677e+06
112.789 5.34677e+06
112.799 5.34676e+06
112.801 5.34668e+06
112.806 5.34665e+06
112.811 5.34665e+06
112.821 5.3465e+06
112.825 5.34648e+06
112.834 5.34644e+06
112.839 5.34629e+06
112.871 5.34622e+06
112.883 5.34611e+06
112.892 5.3461e+06
112.894 5.34609e+06
112.901 5.34606e+06
112.906 5.34598e+06
112.909 5.34594e+06
112.921 5.34588e+06
112.942 5.34586e+06
112.975 5.34578e+06
113.033 5.34574e+06
113.051 5.34574e+06
113.068 5.34573e+06
113.069 5.3457e+06
113.071 5.34569e+06
113.083 5.34568e+06
113.091 5.34564e+06
113.117 5.34564e+06
113.119 5.3455e+06
113.122 5.34545e+06
113.128 5.34538e+06
113.141 5.34537e+06
113.148 5.34528e+06
113.15 5.34528e+06
113.17 5.34526e+06
113.185 5.3452e+06
113.196 5.34519e+06
113.205 5.34518e+06
113.207 5.34515e+06
113.222 5.34514e+06
113.229 5.34512e+06
113.231 5.34512e+06
113.235 5.3451e+06
113.237 5.3451e+06
113.251 5.3451e+06
113.253 5.34507e+06
113.259 5.34502e+06
113.271 5.345e+06
113.289 5.345e+06
113.29 5.34498e+06
113.3 5.34497e+06
113.309 5.34495e+06
113.314 5.34485e+06
113.319 5.34478e+06
113.363 5.34475e+06
113.365 5.34462e+06
113.372 5.34462e+06
113.426 5.3446e+06
113.601 5.34458e+06
113.603 5.34458e+06
113.615 5.34456e+06
113.682 5.34452e+06
113.684 5.3445e+06
113.686 5.34449e+06
113.696 5.34447e+06
113.72 5.34434e+06
113.743 5.34425e+06
113.775 5.34421e+06
114.77 5.34419e+06
114.772 5.3441e+06
114.842 5.344e+06
114.908 5.344e+06
114.93 5.34399e+06
114.955 5.34395e+06
114.967 5.34393e+06
114.975 5.34392e+06
115.153 5.34391e+06
115.213 5.34387e+06
115.216 5.34384e+06
115.221 5.34383e+06
115.298 5.34382e+06
115.306 5.34372e+06
115.312 5.34372e+06
115.319 5.34369e+06
115.321 5.34366e+06
115.444 5.34365e+06
115.494 5.34365e+06
115.5 5.34363e+06
115.512 5.3436e+06
115.549 5.3436e+06
115.557 5.34359e+06
115.564 5.34356e+06
115.595 5.34355e+06
115.619 5.34353e+06
115.635 5.34351e+06
115.655 5.34349e+06
115.662 5.34348e+06
115.672 5.34347e+06
115.675 5.34346e+06
115.685 5.34342e+06
115.715 5.34342e+06
115.753 5.34342e+06
115.758 5.3434e+06
115.82 5.34334e+06
116.004 5.34334e+06
116.008 5.34333e+06
116.021 5.34332e+06
116.03 5.34327e+06
116.037 5.34327e+06
116.067 5.34325e+06
116.092 5.34325e+06
116.164 5.34321e+06
116.238 5.34314e+06
116.28 5.34305e+06
116.289 5.34299e+06
116.293 5.34298e+06
116.297 5.34295e+06
116.306 5.34295e+06
116.308 5.34294e+06
116.325 5.34287e+06
116.335 5.34284e+06
116.338 5.34284e+06
116.344 5.34283e+06
116.376 5.34277e+06
116.522 5.34276e+06
116.53 5.34274e+06
116.534 5.34267e+06
116.632 5.34266e+06
116.651 5.34266e+06
116.665 5.34265e+06
116.878 5.34263e+06
116.882 5.34259e+06
116.892 5.34257e+06
116.901 5.34257e+06
116.907 5.34238e+06
116.916 5.34237e+06
116.918 5.34235e+06
116.922 5.34234e+06
116.924 5.34232e+06
116.949 5.34231e+06
116.998 5.34225e+06
117 5.34222e+06
117.008 5.34221e+06
117.013 5.34218e+06
117.033 5.34213e+06
117.046 5.34209e+06
117.058 5.34208e+06
117.061 5.34205e+06
117.072 5.34204e+06
117.088 5.34203e+06
117.092 5.34202e+06
117.094 5.34199e+06
117.155 5.34193e+06
117.157 5.34191e+06
117.173 5.34186e+06
117.18 5.34184e+06
117.187 5.34183e+06
117.212 5.34182e+06
117.234 5.34179e+06
117.241 5.34178e+06
117.26 5.34176e+06
117.262 5.34173e+06
117.271 5.34172e+06
117.286 5.34172e+06
117.306 5.3417e+06
117.309 5.3417e+06
117.369 5.34168e+06
117.388 5.34167e+06
117.394 5.3416e+06
117.396 5.34158e+06
117.398 5.34155e+06
117.431 5.34152e+06
117.45 5.34148e+06
117.458 5.34145e+06
117.817 5.34144e+06
117.855 5.34141e+06
117.861 5.34134e+06
117.876 5.34134e+06
118.155 5.34132e+06
118.179 5.3413e+06
118.195 5.34128e+06
118.205 5.34128e+06
118.211 5.34127e+06
118.221 5.34127e+06
118.227 5.34123e+06
118.239 5.34122e+06
118.243 5.3412e+06
118.246 5.34114e+06
118.273 5.34114e+06
118.279 5.34111e+06
118.283 5.3411e+06
118.31 5.34109e+06
118.357 5.34106e+06
118.39 5.34103e+06
118.393 5.34102e+06
118.411 5.34102e+06
118.415 5.34092e+06
118.417 5.34089e+06
118.424 5.34087e+06
118.46 5.34086e+06
118.477 5.34085e+06
118.503 5.34083e+06
118.515 5.34082e+06
118.532 5.34073e+06
118.538 5.34066e+06
118.602 5.34064e+06
118.604 5.34062e+06
118.658 5.34059e+06
118.676 5.34058e+06
118.695 5.34057e+06
118.712 5.34056e+06
118.726 5.34055e+06
118.746 5.34053e+06
118.748 5.34048e+06
118.793 5.34047e+06
118.801 5.3404e+06
118.813 5.34036e+06
118.857 5.34033e+06
118.894 5.34022e+06
118.935 5.34021e+06
118.945 5.34021e+06
118.956 5.3402e+06
118.958 5.34019e+06
118.959 5.34018e+06
118.99 5.34012e+06
118.994 5.34006e+06
118.996 5.34005e+06
119.345 5.34005e+06
119.35 5.34004e+06
119.352 5.34004e+06
119.362 5.34003e+06
119.372 5.34002e+06
119.381 5.34002e+06
119.383 5.34002e+06
119.389 5.33999e+06
119.395 5.33999e+06
119.41 5.33998e+06
119.416 5.33996e+06
119.428 5.33996e+06
119.434 5.33996e+06
119.437 5.33993e+06
119.478 5.33992e+06
119.5 5.33989e+06
119.503 5.33987e+06
119.512 5.33986e+06
119.571 5.33985e+06
119.632 5.33984e+06
119.655 5.33982e+06
119.657 5.33982e+06
119.706 5.33982e+06
119.718 5.33982e+06
119.846 5.3398e+06
119.848 5.33972e+06
120.138 5.33972e+06
120.144 5.3397e+06
120.148 5.33966e+06
120.169 5.33958e+06
120.176 5.33958e+06
120.198 5.33957e+06
120.201 5.33946e+06
120.428 5.33941e+06
120.501 5.33941e+06
120.656 5.33937e+06
120.676 5.33934e+06
120.682 5.33928e+06
120.688 5.33928e+06
120.69 5.33923e+06
120.801 5.33922e+06
120.892 5.33922e+06
120.976 5.33921e+06
120.988 5.33918e+06
121.075 5.33914e+06
121.106 5.33908e+06
121.113 5.33907e+06
121.129 5.33905e+06
121.135 5.33903e+06
121.146 5.33902e+06
121.15 5.33898e+06
121.152 5.33892e+06
121.16 5.33892e+06
121.202 5.3389e+06
121.269 5.33888e+06
121.379 5.33886e+06
121.389 5.33886e+06
121.393 5.33882e+06
121.41 5.3388e+06
121.412 5.33879e+06
121.895 5.33875e+06
121.922 5.33873e+06
121.935 5.3387e+06
121.939 5.33869e+06
121.953 5.33867e+06
121.977 5.33866e+06
121.985 5.33866e+06
122.041 5.33864e+06
122.098 5.33862e+06
122.106 5.33855e+06
122.12 5.33852e+06
122.402 5.33849e+06
122.409 5.33849e+06
122.417 5.33847e+06
122.424 5.33843e+06
122.444 5.3384e+06
122.449 5.33839e+06
122.464 5.33838e+06
122.492 5.33837e+06
122.494 5.33835e+06
122.516 5.33831e+06
122.909 5.3383e+06
123.007 5.3383e+06
123.02 5.33829e+06
123.027 5.33828e+06
123.156 5.33826e+06
123.164 5.33823e+06
123.214 5.33822e+06
123.221 5.3382e+06
123.224 5.33816e+06
123.234 5.33815e+06
123.34 5.33814e+06
123.379 5.33812e+06
123.426 5.33812e+06
123.428 5.33811e+06
123.444 5.3381e+06
123.459 5.33808e+06
123.465 5.33805e+06
123.525 5.338e+06
123.547 5.33798e+06
123.55 5.33795e+06
123.559 5.33792e+06
123.564 5.33792e+06
123.617 5.33791e+06
123.632 5.33786e+06
123.652 5.33785e+06
123.689 5.33783e+06
123.695 5.33781e+06
123.708 5.33781e+06
123.722 5.33779e+06
123.729 5.33779e+06
123.743 5.33777e+06
123.77 5.33777e+06
123.785 5.33775e+06
123.803 5.33771e+06
123.815 5.33758e+06
123.833 5.33756e+06
123.84 5.33754e+06
123.843 5.3375e+06
123.87 5.33749e+06
124.075 5.33748e+06
124.078 5.33746e+06
124.101 5.33742e+06
124.104 5.33741e+06
124.108 5.33739e+06
124.115 5.33732e+06
124.204 5.3373e+06
124.256 5.3373e+06
124.261 5.33728e+06
124.319 5.33727e+06
124.323 5.33724e+06
124.363 5.33724e+06
124.368 5.33716e+06
124.459 5.33716e+06
124.479 5.33714e+06
124.481 5.33713e+06
124.5 5.33712e+06
124.504 5.33707e+06
124.511 5.33705e+06
124.531 5.33694e+06
124.555 5.3369e+06
124.576 5.33686e+06
124.625 5.33684e+06
124.776 5.33681e+06
124.778 5.3368e+06
124.794 5.33679e+06
124.813 5.33677e+06
124.836 5.33676e+06
124.881 5.33673e+06
124.894 5.33671e+06
124.959 5.33666e+06
125.202 5.33665e+06
125.213 5.33665e+06
125.214 5.33665e+06
125.229 5.33665e+06
125.232 5.33663e+06
125.313 5.33662e+06
125.316 5.33661e+06
125.44 5.33659e+06
125.452 5.33658e+06
125.455 5.33657e+06
125.473 5.33655e+06
125.486 5.33654e+06
125.521 5.33648e+06
125.525 5.33641e+06
125.544 5.33641e+06
125.551 5.33641e+06
125.588 5.33641e+06
125.607 5.33633e+06
125.621 5.33632e+06
125.625 5.33632e+06
125.632 5.3363e+06
125.686 5.33629e+06
125.694 5.33626e+06
126.177 5.33626e+06
126.181 5.33624e+06
126.227 5.33623e+06
126.232 5.33623e+06
126.245 5.3362e+06
126.26 5.3362e+06
126.291 5.33617e+06
126.36 5.33613e+06
126.411 5.3361e+06
126.444 5.33609e+06
126.457 5.33605e+06
126.478 5.33604e+06
126.518 5.33602e+06
126.548 5.33601e+06
126.56 5.33573e+06
126.696 5.33572e+06
126.792 5.33567e+06
126.802 5.33566e+06
126.814 5.33552e+06
126.829 5.3355e+06
126.831 5.33549e+06
126.841 5.33546e+06
126.854 5.33546e+06
126.859 5.33544e+06
126.902 5.33544e+06
126.961 5.33543e+06
126.971 5.33539e+06
126.978 5.33536e+06
126.993 5.33533e+06
127.025 5.33533e+06
127.026 5.33532e+06
127.034 5.33532e+06
127.046 5.33529e+06
127.048 5.33525e+06
127.085 5.33516e+06
127.089 5.33513e+06
127.093 5.3351e+06
127.098 5.33508e+06
127.11 5.33505e+06
127.116 5.33504e+06
127.12 5.33504e+06
127.126 5.33503e+06
127.145 5.33501e+06
127.147 5.33499e+06
127.154 5.33498e+06
127.159 5.33495e+06
127.163 5.33491e+06
127.172 5.3349e+06
127.182 5.3349e+06
127.222 5.33488e+06
127.224 5.33485e+06
127.234 5.33484e+06
127.263 5.33482e+06
127.309 5.33476e+06
127.369 5.33476e+06
127.371 5.33473e+06
127.381 5.33471e+06
127.399 5.33465e+06
127.401 5.33461e+06
127.403 5.33459e+06
127.418 5.33458e+06
127.423 5.33456e+06
127.496 5.33443e+06
127.513 5.33442e+06
127.535 5.3344e+06
127.57 5.3344e+06
127.575 5.33439e+06
127.58 5.33438e+06
127.611 5.33436e+06
127.613 5.33435e+06
127.634 5.33435e+06
127.746 5.33434e+06
127.76 5.33434e+06
127.823 5.33433e+06
127.83 5.33432e+06
127.851 5.33427e+06
127.853 5.33426e+06
127.87 5.33424e+06
127.891 5.3342e+06
127.904 5.33412e+06
127.932 5.33411e+06
128.003 5.3341e+06
128.01 5.33409e+06
128.071 5.33408e+06
128.113 5.33406e+06
128.119 5.33404e+06
128.121 5.33401e+06
128.168 5.33396e+06
128.178 5.33393e+06
128.202 5.3338e+06
128.209 5.33378e+06
128.223 5.33378e+06
128.281 5.33378e+06
128.295 5.33374e+06
128.304 5.33372e+06
128.32 5.33367e+06
128.403 5.33367e+06
128.689 5.33366e+06
128.705 5.33365e+06
128.707 5.33364e+06
128.762 5.33363e+06
128.771 5.33363e+06
128.783 5.33362e+06
128.787 5.33362e+06
128.855 5.33361e+06
128.865 5.33361e+06
128.889 5.3336e+06
128.919 5.33351e+06
128.956 5.33347e+06
128.963 5.33346e+06
129.003 5.33342e+06
129.005 5.33342e+06
129.015 5.33341e+06
129.031 5.33338e+06
129.034 5.33333e+06
129.045 5.33297e+06
129.055 5.33296e+06
129.071 5.33296e+06
129.114 5.33296e+06
129.119 5.33295e+06
129.132 5.3326e+06
129.152 5.33252e+06
129.175 5.33251e+06
129.177 5.33251e+06
129.181 5.33247e+06
129.196 5.33245e+06
129.215 5.33241e+06
129.229 5.3324e+06
129.239 5.33238e+06
129.274 5.33238e+06
129.399 5.33237e+06
129.401 5.33237e+06
129.409 5.33235e+06
129.415 5.33234e+06
129.423 5.33234e+06
129.479 5.33233e+06
129.481 5.33231e+06
129.535 5.33229e+06
129.54 5.33227e+06
129.556 5.33227e+06
129.561 5.33226e+06
129.563 5.33222e+06
129.608 5.33221e+06
129.622 5.3322e+06
129.624 5.33219e+06
129.727 5.33215e+06
129.747 5.33214e+06
129.789 5.3321e+06
129.803 5.33209e+06
129.817 5.33209e+06
129.835 5.33209e+06
129.848 5.33208e+06
129.854 5.33207e+06
129.855 5.33205e+06
129.857 5.33204e+06
129.862 5.33202e+06
129.939 5.332e+06
129.968 5.33199e+06
129.988 5.33197e+06
129.99 5.33192e+06
130.09 5.33186e+06
130.116 5.33185e+06
130.14 5.33185e+06
130.144 5.33185e+06
130.147 5.33183e+06
130.173 5.33183e+06
130.18 5.3318e+06
130.184 5.33166e+06
130.236 5.33166e+06
130.254 5.33165e+06
130.27 5.33164e+06
130.295 5.33164e+06
130.305 5.33163e+06
130.395 5.3316e+06
130.421 5.33155e+06
130.45 5.33155e+06
130.472 5.33153e+06
130.481 5.33153e+06
130.497 5.33152e+06
130.543 5.3315e+06
130.585 5.33149e+06
130.594 5.33121e+06
130.598 5.33119e+06
130.606 5.33114e+06
130.615 5.33113e+06
130.649 5.33113e+06
130.707 5.3311e+06
130.749 5.33109e+06
130.83 5.33094e+06
130.837 5.33092e+06
130.945 5.33092e+06
131.005 5.33092e+06
131.013 5.33091e+06
131.024 5.33087e+06
131.075 5.33078e+06
131.138 5.33078e+06
131.153 5.3307e+06
131.162 5.33064e+06
131.198 5.33063e+06
131.21 5.33062e+06
131.244 5.33057e+06
131.276 5.33052e+06
131.299 5.3305e+06
131.308 5.33048e+06
131.318 5.33047e+06
131.322 5.33044e+06
131.324 5.33042e+06
131.329 5.33042e+06
131.335 5.3304e+06
131.348 5.33039e+06
131.351 5.33036e+06
131.368 5.33034e+06
131.385 5.33033e+06
131.419 5.33033e+06
131.434 5.3303e+06
131.481 5.33029e+06
131.517 5.33028e+06
131.755 5.3302e+06
131.796 5.33017e+06
131.815 5.33016e+06
131.829 5.33015e+06
131.987 5.33014e+06
132.041 5.33012e+06
132.068 5.33012e+06
132.114 5.33011e+06
132.146 5.33009e+06
132.19 5.33005e+06
132.196 5.33002e+06
132.251 5.33001e+06
132.296 5.33e+06
132.309 5.32999e+06
132.311 5.32996e+06
132.325 5.32995e+06
132.334 5.32994e+06
132.364 5.32993e+06
132.378 5.32992e+06
132.455 5.3299e+06
132.457 5.32985e+06
132.482 5.32983e+06
132.539 5.32982e+06
132.549 5.3298e+06
132.567 5.32975e+06
132.592 5.32974e+06
132.604 5.32972e+06
132.637 5.32969e+06
132.669 5.32968e+06
133.157 5.32968e+06
133.189 5.32966e+06
133.203 5.32964e+06
133.209 5.3296e+06
133.399 5.3296e+06
133.429 5.3296e+06
133.452 5.32959e+06
133.458 5.32959e+06
133.465 5.32953e+06
133.606 5.32951e+06
133.618 5.3295e+06
133.635 5.32947e+06
133.715 5.32943e+06
133.724 5.32936e+06
133.751 5.32934e+06
133.758 5.32934e+06
133.765 5.32921e+06
133.78 5.32919e+06
133.798 5.32918e+06
133.887 5.32915e+06
133.942 5.3291e+06
134.01 5.32907e+06
134.034 5.32905e+06
134.042 5.329e+06
134.052 5.32898e+06
134.055 5.32895e+06
134.062 5.32895e+06
134.117 5.32873e+06
134.122 5.32873e+06
134.214 5.32872e+06
134.229 5.32868e+06
134.24 5.32862e+06
134.244 5.32856e+06
134.267 5.32853e+06
134.273 5.3285e+06
134.293 5.3285e+06
134.308 5.32848e+06
134.801 5.32842e+06
134.824 5.32838e+06
134.851 5.32837e+06
134.932 5.32834e+06
134.961 5.32833e+06
134.975 5.32831e+06
135.006 5.3283e+06
135.019 5.32829e+06
135.055 5.32829e+06
135.112 5.32827e+06
135.146 5.32826e+06
135.15 5.32824e+06
135.241 5.32821e+06
135.257 5.3282e+06
135.268 5.32817e+06
135.273 5.32816e+06
135.284 5.3281e+06
135.293 5.3281e+06
135.31 5.32809e+06
135.325 5.32797e+06
135.34 5.32795e+06
135.355 5.32795e+06
135.361 5.32795e+06
135.458 5.32795e+06
135.468 5.32792e+06
135.473 5.32791e+06
135.481 5.32788e+06
135.522 5.32783e+06
135.533 5.32782e+06
135.537 5.32779e+06
135.565 5.32775e+06
135.583 5.32774e+06
135.585 5.32773e+06
135.607 5.32771e+06
135.649 5.32771e+06
135.651 5.32768e+06
135.671 5.32766e+06
135.677 5.32766e+06
135.681 5.32765e+06
135.696 5.32763e+06
135.712 5.32759e+06
135.719 5.32758e+06
135.725 5.32758e+06
135.752 5.32757e+06
135.754 5.32754e+06
135.783 5.32753e+06
135.82 5.32752e+06
135.887 5.32748e+06
135.891 5.32744e+06
135.93 5.32743e+06
135.931 5.32743e+06
136.031 5.32742e+06
136.059 5.32739e+06
136.078 5.32738e+06
136.093 5.32736e+06
136.121 5.32735e+06
136.124 5.32734e+06
136.136 5.32734e+06
136.142 5.32728e+06
136.305 5.32726e+06
136.391 5.32726e+06
136.522 5.32725e+06
136.56 5.32724e+06
136.672 5.32724e+06
136.738 5.32724e+06
136.759 5.32724e+06
136.773 5.32719e+06
136.797 5.32715e+06
136.818 5.3271e+06
137.018 5.32707e+06
137.079 5.32702e+06
137.132 5.32702e+06
137.174 5.32698e+06
137.251 5.32693e+06
137.265 5.32692e+06
137.301 5.32692e+06
137.333 5.32691e+06
137.395 5.3269e+06
137.404 5.3269e+06
137.411 5.32685e+06
137.413 5.3268e+06
137.416 5.3268e+06
137.456 5.32679e+06
137.46 5.32675e+06
137.481 5.32674e+06
137.598 5.32673e+06
137.606 5.32672e+06
137.642 5.32672e+06
137.646 5.3267e+06
137.648 5.3267e+06
137.651 5.32669e+06
137.698 5.32664e+06
137.749 5.32662e+06
137.756 5.32661e+06
137.812 5.32651e+06
137.827 5.32645e+06
137.851 5.32642e+06
137.861 5.32641e+06
137.876 5.32639e+06
137.883 5.32633e+06
137.921 5.32631e+06
137.93 5.3263e+06
137.932 5.32629e+06
137.938 5.32628e+06
138.034 5.32627e+06
138.037 5.32625e+06
138.047 5.32624e+06
138.049 5.32622e+06
138.054 5.32622e+06
138.086 5.3262e+06
138.093 5.3262e+06
138.164 5.32619e+06
138.184 5.32616e+06
138.202 5.32615e+06
138.356 5.32614e+06
138.384 5.3261e+06
138.397 5.32608e+06
138.43 5.32606e+06
138.446 5.32602e+06
138.448 5.32592e+06
138.476 5.32589e+06
138.628 5.32588e+06
138.709 5.32586e+06
138.729 5.32584e+06
138.736 5.32584e+06
138.759 5.32583e+06
138.777 5.32583e+06
138.835 5.32583e+06
138.842 5.32582e+06
138.864 5.32581e+06
138.939 5.32571e+06
138.941 5.3257e+06
138.955 5.32568e+06
139.004 5.32568e+06
139.028 5.32564e+06
139.046 5.32563e+06
139.048 5.32563e+06
139.069 5.3256e+06
139.122 5.32559e+06
139.14 5.32554e+06
139.177 5.32546e+06
139.222 5.32546e+06
139.236 5.32542e+06
139.276 5.32537e+06
139.353 5.32534e+06
139.356 5.32532e+06
139.36 5.3253e+06
139.363 5.32529e+06
139.372 5.32529e+06
139.414 5.32525e+06
139.422 5.32519e+06
139.425 5.32516e+06
139.445 5.32512e+06
139.467 5.3251e+06
139.477 5.3251e+06
139.48 5.3251e+06
139.567 5.3251e+06
139.576 5.32505e+06
139.584 5.32505e+06
139.591 5.32504e+06
139.658 5.32504e+06
139.733 5.32504e+06
139.764 5.32502e+06
139.811 5.32502e+06
139.86 5.32501e+06
139.879 5.32501e+06
139.88 5.32498e+06
139.894 5.32498e+06
139.956 5.32496e+06
139.958 5.32495e+06
139.974 5.32494e+06
140.037 5.32494e+06
140.093 5.32493e+06
140.128 5.32492e+06
140.131 5.32492e+06
140.187 5.3249e+06
140.193 5.32482e+06
140.208 5.32478e+06
140.356 5.32477e+06
140.425 5.32474e+06
140.457 5.32472e+06
140.462 5.3247e+06
140.511 5.32469e+06
140.628 5.32469e+06
140.702 5.32468e+06
140.754 5.32468e+06
140.788 5.32468e+06
140.806 5.32467e+06
140.863 5.32466e+06
140.944 5.32466e+06
140.965 5.3246e+06
140.978 5.32457e+06
141.01 5.32456e+06
141.146 5.32454e+06
141.158 5.32453e+06
141.18 5.32452e+06
141.187 5.32451e+06
141.2 5.3245e+06
141.236 5.3245e+06
141.241 5.3245e+06
141.244 5.32445e+06
141.256 5.32442e+06
141.261 5.32442e+06
141.342 5.32441e+06
141.418 5.32438e+06
141.437 5.32438e+06
141.44 5.32437e+06
141.454 5.32437e+06
141.464 5.32436e+06
141.479 5.32435e+06
141.49 5.32435e+06
141.499 5.3243e+06
141.552 5.32429e+06
141.557 5.32429e+06
141.611 5.32428e+06
141.765 5.32426e+06
141.783 5.32426e+06
141.836 5.32425e+06
141.87 5.32425e+06
141.88 5.32423e+06
141.899 5.32422e+06
141.924 5.32421e+06
141.968 5.32416e+06
141.974 5.32415e+06
141.994 5.32414e+06
142 5.32414e+06
142.248 5.32413e+06
142.275 5.32411e+06
142.289 5.3241e+06
142.327 5.32408e+06
142.336 5.32408e+06
142.339 5.32404e+06
142.429 5.32403e+06
142.444 5.32401e+06
142.456 5.32401e+06
142.458 5.32399e+06
142.471 5.32398e+06
142.5 5.32397e+06
142.502 5.32393e+06
142.909 5.32389e+06
142.929 5.32388e+06
142.952 5.32384e+06
142.967 5.32384e+06
143.036 5.32384e+06
143.049 5.32378e+06
143.081 5.32377e+06
143.083 5.32376e+06
143.121 5.32375e+06
143.177 5.32372e+06
143.2 5.32371e+06
143.273 5.32366e+06
143.276 5.32365e+06
143.311 5.32364e+06
143.337 5.32364e+06
143.351 5.32363e+06
143.356 5.32362e+06
143.417 5.32362e+06
143.43 5.3236e+06
143.553 5.3236e+06
143.575 5.32359e+06
143.599 5.32355e+06
143.673 5.32354e+06
143.693 5.32353e+06
143.728 5.32349e+06
143.738 5.32348e+06
143.923 5.32347e+06
143.935 5.32345e+06
144.002 5.3234e+06
144.071 5.32339e+06
144.09 5.32338e+06
144.177 5.32338e+06
144.201 5.32337e+06
144.284 5.32335e+06
144.314 5.32335e+06
144.317 5.32335e+06
144.324 5.32332e+06
144.38 5.32331e+06
144.385 5.3233e+06
144.429 5.32329e+06
144.432 5.32328e+06
144.45 5.32327e+06
144.54 5.32326e+06
144.563 5.32324e+06
144.566 5.32324e+06
144.577 5.32321e+06
144.603 5.32321e+06
144.731 5.32321e+06
144.746 5.3232e+06
144.751 5.32319e+06
144.764 5.32318e+06
144.767 5.32316e+06
144.774 5.32312e+06
144.809 5.32312e+06
144.81 5.32311e+06
144.812 5.3231e+06
144.818 5.32309e+06
144.891 5.32308e+06
144.94 5.32307e+06
144.946 5.32305e+06
144.988 5.32303e+06
144.993 5.32299e+06
145.155 5.32297e+06
145.212 5.32297e+06
145.248 5.32296e+06
145.261 5.32293e+06
145.298 5.32289e+06
145.32 5.32288e+06
145.344 5.32286e+06
145.374 5.32285e+06
145.376 5.32285e+06
145.388 5.32284e+06
145.431 5.32284e+06
145.451 5.32284e+06
145.462 5.32283e+06
145.616 5.32277e+06
145.628 5.32274e+06
145.644 5.32274e+06
145.651 5.32274e+06
145.682 5.32272e+06
145.714 5.32269e+06
145.738 5.32268e+06
145.761 5.32267e+06
145.764 5.32265e+06
145.794 5.32265e+06
145.804 5.32264e+06
145.812 5.32264e+06
145.845 5.32258e+06
145.868 5.32258e+06
145.886 5.32257e+06
145.921 5.32257e+06
145.938 5.32256e+06
146.007 5.32254e+06
146.009 5.32246e+06
146.042 5.32245e+06
146.075 5.32243e+06
146.191 5.32241e+06
146.231 5.32239e+06
146.257 5.32237e+06
146.27 5.32236e+06
146.302 5.32235e+06
146.311 5.32234e+06
146.314 5.32231e+06
146.328 5.3223e+06
146.666 5.32228e+06
146.818 5.32227e+06
146.852 5.32227e+06
146.87 5.32225e+06
146.978 5.32225e+06
147.002 5.32219e+06
147.031 5.32218e+06
147.039 5.32216e+06
147.154 5.32212e+06
147.214 5.32212e+06
147.485 5.32209e+06
147.519 5.32209e+06
147.566 5.32203e+06
147.571 5.32197e+06
147.617 5.32197e+06
147.731 5.32189e+06
147.734 5.32188e+06
147.751 5.32187e+06
147.782 5.32187e+06
147.826 5.32186e+06
147.889 5.32186e+06
147.934 5.32179e+06
148.001 5.32178e+06
148.044 5.32177e+06
148.102 5.32177e+06
148.142 5.32175e+06
148.183 5.32171e+06
148.217 5.3217e+06
148.233 5.32167e+06
148.254 5.32166e+06
148.259 5.32165e+06
148.3 5.32164e+06
148.31 5.32162e+06
148.373 5.32162e+06
148.379 5.32162e+06
148.406 5.3216e+06
148.423 5.32159e+06
148.45 5.32156e+06
148.472 5.32156e+06
148.488 5.32156e+06
148.498 5.32155e+06
148.511 5.32153e+06
148.559 5.32147e+06
148.568 5.32146e+06
148.593 5.32144e+06
148.619 5.32143e+06
148.649 5.3214e+06
149.167 5.32137e+06
149.319 5.32135e+06
149.328 5.32133e+06
149.382 5.32131e+06
149.386 5.32125e+06
149.409 5.32122e+06
149.452 5.32121e+06
149.471 5.3212e+06
149.478 5.32116e+06
149.558 5.32116e+06
149.826 5.32116e+06
149.848 5.32115e+06
149.887 5.32114e+06
149.908 5.32113e+06
149.915 5.32112e+06
149.931 5.32098e+06
149.945 5.32097e+06
150.214 5.32096e+06
150.224 5.32092e+06
150.29 5.3209e+06
150.486 5.32087e+06
150.522 5.32086e+06
150.524 5.32085e+06
150.53 5.32082e+06
150.558 5.32081e+06
150.572 5.32078e+06
150.584 5.32077e+06
150.607 5.32076e+06
150.625 5.32067e+06
150.64 5.32066e+06
150.651 5.32064e+06
150.791 5.32059e+06
150.807 5.32058e+06
150.886 5.32057e+06
150.903 5.32057e+06
150.989 5.32055e+06
150.993 5.32054e+06
151.152 5.32051e+06
151.164 5.3205e+06
151.172 5.32049e+06
151.185 5.32045e+06
151.425 5.32044e+06
151.452 5.32043e+06
151.481 5.32042e+06
151.544 5.32042e+06
151.548 5.32041e+06
151.632 5.3204e+06
151.638 5.32039e+06
151.648 5.32037e+06
151.662 5.32035e+06
151.706 5.32034e+06
151.833 5.32032e+06
151.871 5.32028e+06
151.967 5.32026e+06
151.97 5.32026e+06
151.998 5.32024e+06
152.016 5.32024e+06
152.028 5.32023e+06
152.046 5.32022e+06
152.056 5.3202e+06
152.061 5.32019e+06
152.092 5.32019e+06
152.207 5.32019e+06
152.221 5.32018e+06
152.417 5.32018e+06
152.421 5.32015e+06
152.426 5.32014e+06
152.428 5.32013e+06
152.545 5.32012e+06
152.777 5.32012e+06
152.803 5.32012e+06
152.838 5.32011e+06
152.893 5.32008e+06
152.954 5.32008e+06
153 5.32006e+06
153.011 5.32005e+06
153.093 5.32005e+06
153.105 5.32004e+06
153.109 5.31999e+06
153.115 5.31998e+06
153.118 5.31985e+06
153.139 5.31977e+06
153.154 5.31975e+06
153.247 5.31974e+06
153.292 5.31974e+06
153.408 5.31974e+06
153.419 5.31968e+06
153.467 5.31966e+06
153.481 5.31965e+06
153.519 5.31963e+06
153.626 5.31962e+06
153.633 5.31962e+06
153.703 5.31961e+06
153.815 5.3196e+06
153.82 5.3196e+06
153.873 5.3196e+06
154.022 5.31956e+06
154.027 5.31955e+06
154.034 5.31952e+06
154.092 5.31951e+06
154.216 5.31951e+06
154.266 5.31946e+06
154.306 5.31945e+06
154.418 5.31944e+06
154.614 5.31938e+06
154.661 5.31938e+06
154.681 5.31938e+06
154.7 5.31933e+06
154.803 5.31926e+06
154.847 5.31924e+06
154.857 5.31924e+06
154.961 5.31923e+06
155.047 5.31919e+06
155.063 5.31918e+06
155.186 5.31913e+06
155.204 5.31911e+06
155.22 5.31905e+06
155.268 5.31905e+06
155.281 5.31903e+06
155.315 5.31902e+06
155.327 5.31899e+06
155.363 5.31898e+06
155.365 5.31897e+06
155.403 5.31895e+06
155.444 5.31894e+06
155.557 5.31893e+06
155.592 5.31892e+06
155.621 5.31891e+06
155.691 5.31891e+06
155.8 5.31891e+06
155.811 5.3189e+06
155.83 5.3189e+06
155.902 5.31889e+06
156.029 5.31883e+06
156.064 5.31881e+06
156.16 5.31876e+06
156.163 5.31876e+06
156.165 5.31875e+06
156.371 5.31871e+06
156.511 5.31869e+06
156.523 5.31869e+06
156.598 5.31867e+06
156.65 5.31866e+06
156.675 5.31862e+06
156.752 5.31858e+06
156.756 5.31857e+06
156.772 5.31856e+06
156.797 5.31855e+06
156.884 5.31851e+06
156.927 5.31851e+06
156.93 5.3185e+06
157.014 5.31848e+06
157.056 5.31847e+06
157.061 5.31844e+06
157.087 5.31842e+06
157.097 5.31842e+06
157.129 5.31839e+06
157.141 5.31839e+06
157.143 5.31836e+06
157.177 5.31836e+06
157.3 5.31832e+06
157.438 5.31832e+06
157.497 5.31832e+06
157.513 5.31831e+06
157.602 5.31828e+06
157.675 5.3182e+06
157.7 5.31819e+06
157.719 5.31818e+06
157.795 5.31817e+06
157.805 5.31817e+06
157.908 5.31817e+06
157.916 5.31815e+06
157.956 5.31813e+06
157.959 5.31812e+06
158.072 5.3181e+06
158.115 5.3181e+06
158.127 5.3181e+06
158.2 5.31805e+06
158.282 5.31801e+06
158.508 5.318e+06
158.611 5.31798e+06
158.711 5.31798e+06
158.726 5.31795e+06
158.736 5.31794e+06
158.792 5.31792e+06
158.818 5.31792e+06
158.913 5.31792e+06
158.958 5.31791e+06
158.994 5.3179e+06
159.188 5.31788e+06
159.206 5.31787e+06
159.232 5.31787e+06
159.281 5.31786e+06
159.33 5.31786e+06
159.342 5.31785e+06
159.344 5.31783e+06
159.474 5.31774e+06
159.564 5.31773e+06
159.57 5.31769e+06
159.604 5.31769e+06
159.649 5.31768e+06
159.802 5.31768e+06
159.832 5.31767e+06
159.837 5.31767e+06
159.863 5.31766e+06
159.868 5.3176e+06
159.87 5.31758e+06
159.952 5.31757e+06
160.012 5.31757e+06
160.015 5.31756e+06
160.039 5.31756e+06
160.071 5.31754e+06
160.134 5.31753e+06
160.144 5.31753e+06
160.197 5.3175e+06
160.209 5.3175e+06
160.294 5.31749e+06
160.296 5.31748e+06
160.505 5.31743e+06
160.657 5.31743e+06
160.706 5.31742e+06
160.761 5.31741e+06
160.765 5.31739e+06
160.816 5.31738e+06
160.834 5.31738e+06
160.872 5.31737e+06
160.921 5.31735e+06
161.178 5.31735e+06
161.19 5.31733e+06
161.194 5.31732e+06
161.209 5.31731e+06
161.221 5.31727e+06
161.252 5.31725e+06
161.294 5.31725e+06
161.314 5.31702e+06
161.35 5.31702e+06
161.352 5.317e+06
161.406 5.31699e+06
161.414 5.31698e+06
161.436 5.31696e+06
161.443 5.31695e+06
161.491 5.31692e+06
161.511 5.31692e+06
161.527 5.31692e+06
161.705 5.31691e+06
161.718 5.31691e+06
161.768 5.3169e+06
161.844 5.31689e+06
161.878 5.31686e+06
161.907 5.31685e+06
161.918 5.31685e+06
162.003 5.31684e+06
162.053 5.31681e+06
162.056 5.31681e+06
162.065 5.3168e+06
162.091 5.31678e+06
162.102 5.31675e+06
162.123 5.31674e+06
162.151 5.31666e+06
162.154 5.31664e+06
162.204 5.31661e+06
162.226 5.3166e+06
162.256 5.3166e+06
162.268 5.31657e+06
162.271 5.31656e+06
162.283 5.31656e+06
162.286 5.31654e+06
162.291 5.31653e+06
162.304 5.31652e+06
162.354 5.31652e+06
162.357 5.3165e+06
162.376 5.3165e+06
162.388 5.31648e+06
162.449 5.31646e+06
162.491 5.31646e+06
162.528 5.31646e+06
162.915 5.31645e+06
162.92 5.31645e+06
163.005 5.31644e+06
163.021 5.31642e+06
163.038 5.31641e+06
163.078 5.31639e+06
163.177 5.31637e+06
163.241 5.31636e+06
163.25 5.31636e+06
163.256 5.31634e+06
163.292 5.31634e+06
163.296 5.31634e+06
163.3 5.31633e+06
163.382 5.31633e+06
163.401 5.31633e+06
163.411 5.31629e+06
163.444 5.31628e+06
163.461 5.31627e+06
163.49 5.31626e+06
163.539 5.31623e+06
163.59 5.31622e+06
163.594 5.31621e+06
163.603 5.31612e+06
163.624 5.31611e+06
163.864 5.31611e+06
163.979 5.3161e+06
164.076 5.3161e+06
164.129 5.31609e+06
164.169 5.31606e+06
164.196 5.31604e+06
164.211 5.31602e+06
164.213 5.31602e+06
164.37 5.31602e+06
164.375 5.316e+06
164.39 5.31595e+06
164.427 5.31595e+06
164.494 5.31594e+06
164.568 5.31589e+06
164.592 5.31588e+06
164.629 5.31587e+06
164.686 5.31586e+06
164.735 5.31586e+06
164.932 5.31585e+06
164.942 5.31581e+06
165.253 5.3158e+06
165.28 5.31578e+06
165.321 5.31578e+06
165.375 5.31577e+06
165.377 5.31573e+06
165.397 5.31573e+06
165.406 5.31571e+06
165.416 5.3157e+06
165.564 5.3157e+06
165.583 5.31569e+06
165.606 5.31569e+06
165.666 5.31569e+06
165.673 5.31568e+06
165.747 5.31567e+06
165.759 5.31566e+06
165.782 5.31566e+06
165.813 5.31566e+06
165.857 5.31565e+06
165.873 5.31563e+06
165.892 5.31563e+06
165.988 5.31562e+06
166.047 5.31561e+06
166.08 5.3156e+06
166.092 5.31559e+06
166.544 5.31559e+06
166.551 5.31558e+06
166.569 5.31558e+06
166.616 5.31552e+06
166.67 5.31552e+06
166.815 5.31548e+06
166.971 5.31542e+06
166.978 5.3154e+06
167.005 5.31539e+06
167.038 5.31539e+06
167.042 5.31538e+06
167.045 5.31536e+06
167.06 5.31535e+06
167.109 5.31534e+06
167.198 5.31534e+06
167.212 5.31534e+06
167.41 5.31533e+06
167.464 5.31532e+06
167.515 5.31532e+06
167.517 5.31531e+06
167.522 5.31528e+06
167.525 5.31527e+06
167.631 5.31527e+06
167.761 5.31525e+06
167.785 5.31525e+06
167.788 5.31525e+06
167.801 5.31524e+06
167.833 5.31524e+06
167.842 5.31522e+06
167.903 5.31521e+06
167.951 5.3152e+06
167.954 5.31519e+06
168.018 5.31519e+06
168.142 5.31519e+06
168.17 5.31516e+06
168.257 5.31516e+06
168.291 5.31515e+06
168.307 5.31514e+06
168.367 5.31505e+06
168.4 5.31504e+06
168.592 5.31504e+06
168.605 5.31501e+06
168.639 5.31501e+06
168.715 5.315e+06
168.719 5.31496e+06
168.874 5.31495e+06
168.886 5.31494e+06
168.968 5.31494e+06
168.976 5.31493e+06
169.043 5.31492e+06
169.103 5.31491e+06
169.164 5.31489e+06
169.196 5.31489e+06
169.257 5.31489e+06
169.27 5.31476e+06
169.34 5.31476e+06
169.468 5.31476e+06
169.514 5.31469e+06
169.546 5.31468e+06
169.609 5.31467e+06
169.624 5.31466e+06
169.83 5.31465e+06
169.832 5.31464e+06
169.863 5.31462e+06
170.103 5.31462e+06
170.117 5.3146e+06
170.218 5.31458e+06
170.325 5.31457e+06
170.4 5.31454e+06
170.562 5.31453e+06
170.566 5.31452e+06
170.914 5.31451e+06
171.233 5.3145e+06
171.251 5.3145e+06
171.312 5.31449e+06
171.338 5.31446e+06
171.375 5.31445e+06
171.385 5.31435e+06
171.409 5.31433e+06
171.426 5.31432e+06
171.602 5.31431e+06
171.692 5.3143e+06
171.8 5.31427e+06
171.889 5.31426e+06
171.904 5.31426e+06
171.948 5.31422e+06
171.96 5.31421e+06
172.032 5.3142e+06
172.324 5.31419e+06
172.574 5.31418e+06
172.599 5.31417e+06
172.614 5.31417e+06
172.636 5.31416e+06
172.66 5.31416e+06
172.692 5.31416e+06
172.701 5.31415e+06
172.72 5.31415e+06
172.739 5.31414e+06
172.783 5.31412e+06
172.828 5.31411e+06
172.864 5.31411e+06
172.876 5.31411e+06
172.955 5.31409e+06
