3.619 390440
3.62 390439
3.622 390430
3.624 390429
3.63 390419
3.631 390403
3.633 390398
3.635 390393
3.636 390373
3.639 390284
3.64 390276
3.642 390275
3.645 390262
3.646 390256
3.648 390205
3.65 390197
3.653 390192
3.654 390180
3.656 390175
3.657 390174
3.659 390166
3.66 390164
3.661 390161
3.665 390105
3.667 390082
3.669 390073
3.67 390071
3.672 390060
3.673 390013
3.683 390012
3.689 389992
3.696 389941
3.701 389937
3.703 389921
3.704 389863
3.705 389855
3.707 389853
3.708 389847
3.71 389839
3.712 389822
3.715 389785
3.716 389734
3.718 389732
3.72 389706
3.722 389697
3.723 389681
3.725 389638
3.726 389553
3.727 389552
3.729 389539
3.732 389535
3.736 389493
3.737 389443
3.739 389432
3.743 389413
3.748 389390
3.749 389377
3.752 389362
3.754 389356
3.756 389353
3.757 389351
3.759 389350
3.76 389328
3.761 389310
3.763 389258
3.764 389249
3.766 389241
3.77 389224
3.771 389182
3.775 389178
3.777 389176
3.779 389162
3.782 389117
3.783 389107
3.786 389088
3.788 389087
3.793 389083
3.795 389072
3.801 389070
3.803 389051
3.807 389017
3.808 388996
3.809 388992
3.812 388991
3.815 388981
3.816 388971
3.819 388940
3.82 388937
3.824 388922
3.827 388914
3.829 388872
3.831 388871
3.834 388829
3.84 388762
3.841 388755
3.842 388731
3.849 388726
3.85 388720
3.852 388681
3.853 388679
3.856 388619
3.859 388614
3.863 388604
3.865 388597
3.867 388594
3.868 388593
3.87 388584
3.872 388573
3.875 388569
3.877 388553
3.878 388533
3.88 388532
3.881 388514
3.882 388478
3.884 388466
3.885 388426
3.886 388414
3.888 388403
3.89 388393
3.892 388387
3.896 388375
3.898 388320
3.899 388313
3.901 388296
3.905 388289
3.911 388200
3.914 388195
3.916 388191
3.919 388149
3.922 388110
3.926 388108
3.929 388102
3.931 388088
3.933 388073
3.939 388040
3.943 388037
3.944 388017
3.947 387999
3.951 387998
3.954 387981
3.958 387975
3.962 387973
3.964 387972
3.966 387957
3.969 387956
3.971 387934
3.973 387926
3.975 387899
3.978 387889
3.983 387880
3.986 387864
3.988 387855
3.989 387842
3.991 387768
3.992 387763
3.997 387743
3.999 387734
4.002 387730
4.006 387704
4.008 387697
4.009 387671
4.012 387670
4.014 387646
4.016 387642
4.017 387631
4.019 387630
4.021 387626
4.022 387612
4.026 387569
4.027 387568
4.03 387565
4.031 387562
4.033 387559
4.034 387546
4.035 387526
4.044 387513
4.046 387497
4.049 387490
4.05 387489
4.054 387456
4.055 387452
4.06 387448
4.061 387446
4.062 387437
4.065 387425
4.068 387421
4.07 387420
4.071 387418
4.072 387409
4.074 387404
4.075 387398
4.079 387392
4.08 387390
4.082 387388
4.088 387359
4.09 387358
4.104 387355
4.105 387352
4.108 387350
4.11 387311
4.113 387249
4.114 387232
4.126 387207
4.128 387203
4.13 387195
4.134 387180
4.135 387177
4.142 387175
4.146 387172
4.151 387163
4.153 387157
4.155 387155
4.158 387136
4.161 387127
4.162 387122
4.168 387092
4.171 387091
4.186 387088
4.189 387070
4.19 387062
4.193 387060
4.199 387049
4.202 387031
4.204 387022
4.206 386957
4.208 386953
4.21 386952
4.214 386951
4.216 386949
4.218 386947
4.222 386934
4.234 386913
4.237 386911
4.238 386910
4.239 386909
4.242 386908
4.243 386901
4.246 386864
4.25 386851
4.253 386848
4.263 386841
4.264 386835
4.267 386832
4.287 386766
4.291 386743
4.299 386738
4.301 386737
4.305 386730
4.308 386726
4.335 386725
4.338 386723
4.339 386713
4.342 386711
4.343 386697
4.346 386695
4.348 386692
4.35 386661
4.361 386660
4.362 386654
4.411 386637
4.424 386636
4.43 386635
4.432 386628
4.434 386627
4.437 386626
4.439 386621
4.485 386614
4.487 386610
4.489 386595
4.491 386583
4.494 386567
4.497 386565
4.498 386564
4.5 386551
4.503 386536
4.505 386531
4.506 386527
4.519 386524
4.523 386501
4.576 386496
4.578 386489
4.58 386487
4.585 386485
4.586 386482
4.596 386478
4.598 386477
4.6 386476
4.614 386448
4.624 386446
4.679 386436
4.682 386429
4.686 386417
4.688 386401
4.69 386391
4.706 386389
4.708 386373
4.723 386372
4.747 386355
4.748 386354
4.751 386344
4.764 386325
4.768 386320
4.77 386319
4.836 386278
4.93 386277
4.933 386274
4.937 386269
4.956 386266
4.963 386264
4.965 386253
4.967 386238
4.971 386220
4.972 386186
4.975 386182
4.976 386159
4.979 386154
4.982 386131
4.987 386128
4.989 386124
4.999 386121
5.001 386116
5.003 386076
5.005 386065
5.017 386059
5.023 386050
5.025 386015
5.032 386012
5.034 386004
5.037 386003
5.044 385959
5.048 385958
5.049 385945
5.054 385934
5.058 385921
5.061 385902
5.072 385900
5.074 385897
5.08 385896
5.082 385887
5.085 385881
5.09 385879
5.167 385876
5.188 385872
5.236 385813
5.249 385803
5.274 385754
5.276 385725
5.284 385719
5.286 385710
5.293 385661
5.319 385658
5.322 385620
5.328 385616
5.331 385610
5.333 385580
5.344 385576
5.347 385575
5.364 385567
9.349 385565
9.354 385561
9.356 385498
9.564 385459
9.57 385439
9.58 385421
9.603 385397
9.604 385390
9.623 385388
9.628 385380
9.63 385370
9.659 385367
10.045 385365
10.05 385363
10.078 385362
10.083 385360
10.084 385358
10.087 385349
10.09 385348
10.095 385330
10.097 385304
10.098 385303
10.1 385300
10.102 385276
10.107 385270
10.11 385264
10.115 385254
10.356 385250
10.403 385242
10.41 385240
10.411 385235
10.42 385226
10.422 385224
10.424 385217
10.43 385214
10.437 385212
10.44 385205
10.452 385191
10.455 385187
10.457 385158
10.46 385144
10.478 385143
10.48 385138
10.497 385137
10.503 385122
10.507 385116
10.572 385112
10.573 385104
10.575 385099
10.581 385081
10.589 385059
10.592 385052
10.595 385045
10.754 385031
12.246 385016
12.341 385008
12.343 385006
12.347 385003
12.357 384997
12.358 384990
12.367 384989
12.394 384977
12.404 384952
12.406 384944
12.407 384936
12.41 384926
12.412 384921
12.414 384916
12.452 384849
12.458 384847
12.461 384838
12.463 384833
12.465 384822
12.469 384792
12.697 384771
12.715 384726
12.717 384723
12.72 384691
14.84 384686
14.846 384682
14.848 384656
14.849 384651
14.851 384634
14.857 384612
14.859 384609
14.86 384590
14.863 384587
14.866 384583
14.87 384535
14.873 384533
14.881 384528
14.9 384498
14.904 384497
14.906 384485
14.908 384476
14.913 384461
15.055 384459
15.063 384456
15.064 384455
15.071 384445
15.072 384440
15.074 384430
15.082 384405
15.1 384393
15.103 384373
15.11 384351
16.184 384345
16.186 384341
16.203 384330
16.207 384321
16.213 384314
16.215 384285
16.217 384266
16.221 384256
17.147 384242
17.299 384241
17.31 384227
20.985 384216
21.341 384214
21.343 384167
21.346 384165
21.347 384154
22.354 384090
22.356 384054
22.359 384045
22.361 384036
22.372 384024
22.374 384013
22.378 384008
22.388 383996
22.396 383965
22.416 383964
22.419 383940
22.427 383926
22.436 383921
22.439 383917
22.45 383892
22.452 383888
22.457 383854
22.486 383848
22.49 383847
24.344 383843
24.348 383838
24.714 383833
24.718 383826
24.721 383821
24.731 383802
24.733 383778
24.734 383775
24.739 383754
24.967 383752
24.969 383751
24.991 383746
24.994 383739
24.999 383738
25.003 383688
25.037 383686
25.046 383685
25.048 383679
25.051 383642
25.055 383639
25.057 383609
25.067 383607
25.069 383604
25.072 383600
25.077 383581
25.079 383575
25.081 383556
25.131 383553
25.138 383548
25.142 383544
25.147 383527
25.149 383458
25.15 383457
25.154 383448
25.157 383433
25.159 383428
25.17 383415
25.175 383412
25.199 383405
25.208 383398
25.213 383375
25.218 383356
25.221 383324
25.342 383314
25.346 383308
25.35 383286
25.351 383278
25.354 383267
25.433 383257
25.473 383241
25.501 383232
25.505 383228
25.51 383225
25.512 383223
25.514 383214
25.517 383208
25.532 383191
25.536 383184
25.543 383181
25.546 383180
25.548 383163
25.554 383139
25.557 383129
25.587 383120
25.625 383110
25.64 383098
25.641 383070
25.643 383061
25.647 383059
25.687 383057
25.692 383054
25.698 383050
25.702 383036
25.705 383023
25.8 383018
26.542 383001
26.543 382994
26.557 382983
26.558 382976
26.56 382917
26.564 382916
26.572 382908
26.577 382850
26.579 382839
26.615 382824
26.623 382822
26.63 382798
26.634 382796
26.636 382770
26.639 382767
26.648 382766
26.65 382756
26.652 382753
31.126 382748
31.131 382741
31.14 382730
31.143 382707
31.159 382706
31.171 382679
31.18 382655
31.182 382625
31.395 382615
31.408 382613
31.447 382595
31.452 382591
31.46 382589
31.482 382576
31.487 382561
31.533 382507
31.55 382506
31.552 382501
31.579 382486
31.585 382463
31.6 382452
31.604 382448
31.606 382439
31.61 382420
31.628 382409
31.646 382401
31.686 382396
31.688 382357
31.691 382336
31.695 382331
31.699 382325
31.701 382323
31.737 382320
31.741 382314
31.747 382310
31.753 382308
31.78 382305
32.194 382279
32.204 382277
32.251 382264
32.257 382260
32.262 382254
32.265 382251
32.266 382250
32.269 382247
32.271 382245
32.275 382239
32.278 382230
32.28 382211
32.285 382198
32.298 382190
32.3 382187
32.302 382183
32.35 382168
32.361 382164
32.364 382160
32.368 382126
32.37 382119
32.372 382073
32.498 382060
32.616 382057
32.618 382056
32.625 382045
32.627 382040
32.629 382031
32.634 382030
32.642 382016
32.649 381996
32.655 381993
32.664 381991
32.68 381968
32.736 381960
32.738 381957
32.785 381952
33.009 381939
33.01 381938
33.194 381897
33.196 381894
33.222 381884
33.241 381875
33.257 381872
33.26 381870
33.268 381869
33.271 381855
33.285 381842
33.298 381837
33.304 381830
33.325 381820
33.327 381819
33.334 381816
33.336 381807
33.338 381806
33.34 381792
33.504 381789
33.507 381786
33.519 381762
33.528 381760
33.594 381741
33.931 381740
33.937 381726
33.984 381711
33.992 381708
33.995 381704
34.003 381699
34.006 381697
34.019 381681
34.023 381655
34.036 381653
34.044 381634
34.048 381629
34.053 381618
34.056 381614
34.068 381600
34.069 381597
36.949 381595
37.07 381589
37.236 381585
37.535 381558
37.538 381551
37.541 381549
37.554 381548
37.558 381542
37.563 381535
37.566 381528
37.576 381522
37.577 381512
37.582 381483
37.594 381481
37.595 381478
37.602 381466
37.608 381438
37.612 381432
37.615 381431
37.62 381420
37.622 381411
37.628 381403
37.647 381388
37.697 381364
37.703 381355
37.711 381353
37.719 381351
37.784 381350
37.795 381344
37.803 381342
37.805 381340
37.812 381333
38.527 381329
38.531 381328
38.532 381319
38.54 381301
38.941 381298
38.951 381293
38.955 381277
39.026 381274
39.028 381269
39.049 381252
39.051 381250
39.082 381248
39.26 381246
39.283 381244
39.287 381241
39.289 381240
39.312 381236
39.316 381234
39.317 381230
39.323 381216
39.326 381202
39.332 381197
39.481 381186
39.486 381181
39.488 381180
39.49 381165
39.493 381161
39.495 381155
39.497 381151
39.499 381146
39.505 381142
39.551 381126
39.562 381118
39.567 381099
39.621 381079
39.63 381073
39.633 381064
39.634 381057
39.646 381056
39.684 381054
39.693 381052
39.694 381014
39.777 381007
39.779 380990
39.783 380982
39.785 380980
39.787 380976
39.79 380970
39.792 380963
39.799 380954
39.809 380923
39.816 380911
39.825 380894
39.827 380883
39.831 380882
39.868 380881
39.875 380876
39.893 380871
39.907 380868
39.909 380863
39.912 380862
39.914 380849
39.918 380845
39.926 380843
39.927 380829
39.934 380824
39.971 380811
39.972 380808
39.974 380806
39.978 380801
39.988 380790
39.99 380778
39.992 380777
39.996 380764
40.001 380763
40.003 380758
40.025 380748
40.028 380742
40.033 380741
41.469 380728
41.493 380723
41.495 380717
41.651 380714
41.655 380712
41.662 380710
42.078 380708
43.948 380706
43.955 380647
43.975 380640
43.987 380621
43.995 380620
44.024 380619
44.085 380617
44.189 380609
44.194 380605
44.198 380604
44.2 380591
44.26 380585
44.271 380568
44.285 380560
44.32 380555
44.321 380554
44.323 380552
44.325 380541
44.393 380523
44.395 380505
44.398 380504
44.402 380497
44.413 380485
44.415 380468
44.419 380466
44.423 380458
44.452 380457
44.464 380428
44.577 380427
44.65 380425
44.654 380417
44.659 380413
44.663 380411
44.665 380404
44.692 380398
44.715 380396
44.723 380385
44.791 380383
44.794 380377
44.835 380372
44.845 380359
44.901 380340
44.903 380321
44.979 380315
44.983 380310
44.994 380308
45.003 380300
45.008 380298
45.037 380295
45.042 380284
45.045 380273
45.049 380259
45.07 380256
45.072 380231
45.076 380216
45.128 380192
45.153 380178
45.158 380160
45.175 380145
45.183 380141
45.187 380112
45.247 380111
45.249 380106
45.274 380086
45.284 380077
45.29 380060
45.291 380057
45.467 380056
45.478 380036
45.484 380033
45.485 380026
45.488 380020
45.503 380016
45.512 380008
45.899 380004
46.016 379993
46.03 379992
46.032 379989
46.324 379986
46.326 379981
46.374 379941
46.383 379935
46.384 379923
46.386 379917
46.391 379904
46.394 379895
46.483 379867
46.486 379855
46.498 379845
46.509 379843
46.517 379842
46.801 379834
46.821 379831
46.874 379812
46.875 379807
46.944 379804
46.948 379787
46.967 379781
46.987 379776
47.019 379775
47.021 379756
47.023 379735
47.026 379722
47.032 379716
47.039 379715
47.045 379714
47.047 379707
47.055 379699
47.057 379682
47.168 379678
47.184 379675
47.185 379672
47.188 379656
47.192 379649
47.532 379644
47.543 379641
47.544 379636
47.552 379610
47.554 379596
47.642 379591
47.647 379574
47.649 379568
48.75 379567
48.752 379564
48.755 379560
48.758 379557
48.763 379548
48.827 379543
48.828 379538
48.834 379525
48.955 379524
49.022 379511
49.024 379510
49.027 379504
49.03 379503
49.108 379497
49.11 379489
49.126 379487
49.136 379475
49.139 379469
49.141 379463
49.15 379454
49.156 379453
49.167 379434
49.198 379433
49.199 379432
49.219 379428
49.224 379422
49.258 379420
49.26 379419
49.262 379415
49.265 379407
49.274 379400
49.545 379391
49.557 379383
49.566 379379
49.568 379378
49.569 379375
49.572 379372
49.574 379370
49.578 379362
49.584 379352
49.618 379349
49.626 379345
49.635 379334
49.637 379333
49.639 379332
49.649 379323
49.652 379297
49.663 379278
49.707 379277
49.721 379276
49.736 379271
49.751 379263
50.078 379233
50.081 379208
50.093 379200
50.102 379198
50.107 379197
50.109 379196
50.119 379189
50.303 379181
50.318 379180
50.32 379173
50.323 379168
50.325 379167
50.339 379150
50.343 379129
50.348 379114
50.353 379102
50.356 379098
50.363 379089
50.371 379083
50.375 379082
50.482 379074
50.55 379073
50.553 379066
50.681 379042
50.697 379036
50.699 379029
50.721 379028
50.723 379015
50.724 378995
50.727 378988
50.749 378978
50.92 378975
50.921 378965
50.948 378949
50.955 378921
50.961 378911
50.969 378908
50.977 378904
50.98 378903
50.982 378890
51.128 378883
51.129 378870
51.131 378869
51.157 378866
51.161 378864
51.185 378863
51.191 378860
51.194 378852
51.205 378845
51.207 378833
51.221 378823
51.223 378822
51.225 378818
51.243 378815
51.26 378813
51.271 378811
51.272 378808
51.292 378805
51.293 378795
51.298 378792
51.302 378788
51.313 378784
51.334 378782
51.34 378780
51.341 378775
51.345 378771
51.369 378739
51.374 378733
51.377 378725
51.38 378723
51.483 378699
51.485 378697
51.514 378670
51.533 378668
51.537 378663
51.548 378657
51.555 378647
51.57 378643
51.574 378639
55.203 378638
55.22 378635
55.223 378618
55.227 378616
55.228 378615
55.235 378610
55.241 378608
55.252 378607
55.273 378588
55.277 378581
55.281 378566
55.455 378557
55.457 378556
56.483 378552
56.551 378547
56.558 378530
56.563 378527
56.566 378526
56.57 378519
56.574 378507
56.604 378506
56.623 378505
56.628 378504
56.835 378494
56.837 378489
56.839 378484
56.93 378481
56.932 378479
56.934 378475
56.967 378472
56.971 378468
56.974 378466
56.984 378461
56.997 378443
56.998 378441
57.004 378436
57.016 378427
57.029 378423
57.046 378421
57.059 378418
57.082 378413
57.087 378408
57.1 378405
57.135 378400
57.137 378386
57.14 378380
57.15 378365
58.292 378348
58.3 378347
58.302 378343
58.351 378333
58.368 378323
58.374 378322
58.491 378310
58.502 378300
58.514 378289
58.518 378282
58.532 378275
58.555 378267
58.572 378260
58.574 378257
58.576 378255
58.577 378240
58.605 378230
58.611 378217
58.736 378216
58.738 378213
58.748 378192
58.75 378191
58.807 378187
58.814 378184
58.824 378182
58.827 378179
58.84 378173
58.843 378165
58.882 378160
58.891 378140
58.898 378138
58.911 378129
58.924 378127
58.934 378121
58.944 378120
58.946 378114
58.95 378112
59.01 378108
59.016 378107
59.315 378105
59.319 378098
59.622 378097
59.65 378094
59.652 378092
59.764 378087
59.794 378080
59.801 378077
59.816 378070
59.818 378057
59.822 378039
59.902 378033
59.906 378032
59.917 378025
59.92 378010
60.036 378006
60.512 378000
60.514 377999
60.54 377997
60.551 377996
60.579 377987
60.657 377983
60.699 377970
60.708 377962
60.714 377961
60.756 377957
61.027 377954
61.028 377942
61.061 377936
61.064 377909
61.07 377908
61.073 377907
61.074 377891
61.076 377887
61.084 377880
61.098 377879
61.134 377877
61.199 377875
62.807 377863
62.814 377860
62.821 377841
62.833 377840
62.835 377831
62.868 377815
62.905 377809
62.912 377805
62.937 377804
62.948 377801
62.99 377782
62.996 377775
63.008 377770
63.017 377747
63.026 377743
63.031 377733
63.041 377722
63.171 377721
63.2 377707
63.211 377705
63.213 377704
63.279 377703
63.292 377698
63.316 377688
64.286 377682
64.301 377676
64.32 377664
64.345 377663
64.352 377659
64.363 377649
64.366 377648
64.398 377645
64.622 377642
64.624 377632
64.629 377623
64.635 377619
64.696 377608
65.259 377599
65.265 377596
65.277 377595
65.415 377591
65.421 377588
65.429 377576
65.497 377570
65.499 377568
65.511 377567
65.629 377566
65.66 377565
65.665 377564
65.668 377562
65.703 377560
65.708 377555
65.711 377550
65.76 377549
65.805 377543
65.811 377542
65.816 377530
65.842 377516
65.844 377515
65.921 377513
65.936 377507
65.985 377505
66.002 377504
66.248 377500
66.274 377490
66.286 377488
66.324 377484
66.345 377481
66.419 377479
66.423 377478
66.49 377476
66.495 377475
66.503 377473
66.512 377470
66.52 377467
66.529 377462
66.538 377461
66.539 377458
66.545 377453
66.549 377449
66.55 377444
66.56 377441
66.564 377433
66.579 377429
66.596 377424
66.598 377416
66.601 377410
66.608 377408
66.68 377407
66.689 377401
66.706 377397
66.71 377385
66.719 377384
66.725 377381
66.736 377378
66.753 377373
66.792 377364
66.794 377362
68.218 377357
68.222 377355
68.223 377352
68.228 377351
68.269 377349
68.28 377347
68.325 377341
68.377 377338
68.379 377334
68.384 377333
68.39 377323
68.433 377320
68.437 377315
68.453 377304
68.477 377297
68.481 377294
68.492 377293
68.499 377286
68.504 377279
68.514 377275
68.544 377268
68.749 377255
68.752 377254
68.787 377252
68.836 377246
68.849 377244
68.851 377226
68.893 377223
68.897 377220
68.904 377219
68.906 377217
68.913 377216
68.993 377214
68.998 377213
68.999 377208
69.033 377206
69.038 377200
69.061 377198
69.084 377190
69.112 377188
69.117 377185
69.125 377183
69.133 377181
69.18 377180
69.184 377176
69.189 377173
69.191 377170
69.231 377167
69.246 377161
69.289 377159
69.293 377158
69.299 377157
69.301 377145
69.33 377141
69.412 377133
69.423 377126
69.496 377118
69.5 377117
69.504 377113
69.508 377112
69.51 377104
69.517 377092
69.523 377091
69.544 377083
70.483 377074
70.484 377068
70.5 377059
70.804 377057
70.813 377051
70.829 377047
71.139 377036
71.146 377032
71.179 377020
71.181 377014
71.183 377013
71.184 377009
71.28 377004
71.294 376994
71.304 376990
71.31 376988
71.475 376986
71.481 376983
71.513 376975
71.531 376973
71.534 376965
71.54 376963
71.558 376959
71.564 376954
71.595 376951
71.716 376948
71.797 376946
71.799 376940
71.805 376939
71.819 376930
71.847 376929
71.849 376919
71.863 376913
71.879 376907
71.902 376902
71.904 376898
71.926 376897
72.182 376891
72.246 376875
72.345 376867
72.347 376861
72.367 376858
72.378 376849
72.39 376847
72.396 376837
72.419 376834
72.43 376831
72.497 376829
72.5 376823
72.509 376818
72.519 376817
72.785 376811
72.791 376806
72.806 376796
72.809 376784
72.864 376781
72.874 376780
72.914 376779
73.341 376770
73.383 376766
73.386 376760
73.403 376755
73.416 376754
73.419 376753
73.432 376751
73.465 376744
73.596 376739
73.597 376737
73.607 376733
73.626 376732
73.628 376722
73.706 376717
73.71 376716
73.714 376711
73.716 376709
73.719 376707
73.752 376702
73.769 376696
73.782 376694
73.793 376692
73.796 376688
73.833 376682
73.846 376681
73.851 376662
73.977 376661
73.986 376656
74.002 376654
74.028 376653
74.031 376652
74.164 376649
74.196 376634
74.213 376633
74.224 376631
74.457 376630
74.501 376629
74.576 376626
74.586 376622
74.589 376615
74.593 376614
74.61 376602
74.615 376601
74.62 376595
74.628 376592
74.652 376590
74.684 376588
74.688 376586
74.705 376584
74.709 376580
74.711 376578
74.74 376574
74.747 376573
74.83 376564
74.833 376560
74.852 376550
74.854 376544
75.204 376543
75.217 376541
75.219 376540
75.222 376539
75.226 376522
75.231 376519
75.238 376517
75.25 376498
75.272 376495
75.33 376492
75.356 376490
75.375 376488
75.377 376480
75.388 376472
75.441 376469
75.484 376467
75.487 376466
75.691 376459
75.697 376453
75.727 376447
75.738 376443
75.74 376442
75.817 376428
75.872 376425
75.879 376423
76.161 376420
76.165 376415
76.176 376414
76.192 376408
76.227 376405
76.247 376402
76.252 376398
76.586 376386
76.593 376385
76.595 376384
76.605 376379
76.61 376371
76.618 376370
77.376 376369
77.389 376363
77.407 376362
77.413 376358
77.507 376356
77.702 376354
77.726 376353
77.736 376351
77.769 376348
77.772 376346
77.777 376344
77.803 376343
77.818 376342
77.843 376333
77.861 376332
77.862 376328
77.864 376314
78.092 376311
78.102 376310
78.113 376309
78.555 376308
78.593 376307
78.599 376303
78.636 376302
78.652 376293
78.684 376289
78.713 376275
78.724 376270
78.899 376266
78.991 376263
78.998 376262
79.318 376260
79.337 376257
79.348 376256
79.352 376253
79.361 376250
79.369 376245
79.391 376243
79.431 376240
79.432 376237
79.435 376234
79.463 376221
79.474 376220
79.485 376219
79.489 376213
79.516 376210
79.617 376208
79.634 376206
79.638 376194
79.641 376190
79.681 376180
79.684 376176
79.695 376170
79.773 376168
80.151 376164
80.178 376163
80.193 376151
80.461 376149
80.481 376148
80.487 376145
80.492 376142
80.498 376140
80.502 376137
80.584 376136
80.596 376133
80.599 376131
80.636 376127
80.69 376125
80.695 376121
80.785 376116
80.813 376114
80.861 376113
80.869 376112
80.879 376109
80.954 376105
80.962 376104
81.099 376087
81.104 376083
81.124 376081
81.132 376080
81.137 376079
81.139 376077
81.833 376060
81.866 376057
81.867 376056
81.934 376053
81.991 376048
82.003 376043
82.008 376035
82.013 376034
82.018 376031
82.044 376027
82.046 376025
82.285 376022
82.336 376021
82.356 376013
82.426 376010
82.481 376009
82.483 376006
82.528 376004
82.604 376002
82.741 376001
82.745 375998
82.773 375996
82.786 375994
82.858 375985
82.866 375979
82.881 375970
82.883 375966
82.894 375960
83.184 375958
83.227 375956
83.236 375954
83.244 375948
83.248 375945
83.793 375942
83.837 375940
83.872 375935
83.895 375934
83.914 375932
83.916 375931
83.929 375930
83.937 375928
84.087 375927
84.096 375926
84.114 375925
84.165 375916
84.174 375915
84.185 375910
84.262 375909
84.283 375908
84.364 375905
84.366 375900
84.369 375898
84.417 375885
84.428 375879
84.469 375878
84.572 375876
84.601 375875
84.635 375864
84.785 375863
84.792 375862
84.794 375859
84.795 375858
85.021 375857
85.075 375855
85.084 375852
85.086 375846
85.091 375842
85.192 375841
85.207 375840
85.21 375836
85.229 375834
85.238 375833
85.285 375828
85.291 375820
85.321 375819
85.323 375818
85.332 375816
85.532 375815
85.54 375814
85.553 375808
85.564 375807
85.717 375806
85.718 375802
85.742 375798
85.746 375793
85.766 375790
85.789 375786
85.841 375780
85.853 375778
86.011 375777
86.032 375776
86.036 375772
86.086 375771
86.091 375769
86.1 375768
86.179 375765
86.247 375763
86.25 375752
86.256 375751
86.277 375746
86.307 375744
86.308 375742
86.402 375739
86.408 375735
86.639 375734
86.64 375733
86.683 375730
86.713 375729
86.754 375728
86.758 375725
86.771 375724
86.774 375720
86.786 375719
86.869 375712
86.881 375711
86.899 375710
87.559 375704
87.605 375700
87.608 375699
87.627 375697
87.667 375692
87.87 375690
87.882 375689
87.885 375688
87.897 375684
87.977 375681
87.983 375675
87.985 375673
88.033 375671
88.075 375665
88.079 375653
88.082 375651
88.086 375649
88.098 375646
88.103 375643
88.822 375640
88.85 375638
88.865 375636
88.875 375629
88.985 375625
89.1 375621
89.105 375619
89.132 375618
89.142 375614
89.148 375612
89.181 375607
89.214 375602
89.345 375601
89.355 375600
89.364 375593
89.39 375592
89.405 375591
89.41 375583
89.443 375582
89.454 375580
89.458 375578
89.502 375577
89.548 375576
89.567 375571
89.569 375563
89.587 375562
89.594 375557
89.6 375556
89.606 375554
89.611 375547
89.634 375546
89.647 375539
89.653 375534
90.01 375531
90.014 375526
90.021 375524
90.318 375519
90.321 375514
90.482 375513
90.774 375512
90.826 375510
90.842 375507
90.853 375500
90.856 375497
90.865 375488
90.867 375485
90.868 375479
90.87 375475
90.887 375470
90.907 375469
90.913 375468
90.916 375463
90.925 375462
91.13 375461
91.14 375459
91.17 375456
91.205 375455
91.209 375452
91.211 375451
91.23 375450
91.266 375447
91.307 375445
91.318 375444
91.322 375433
91.367 375427
91.379 375424
91.479 375414
91.484 375411
91.586 375408
91.602 375404
91.73 375402
91.732 375392
91.754 375389
91.762 375385
91.798 375382
91.825 375380
91.834 375379
91.843 375378
91.883 375371
92.083 375367
92.113 375366
92.154 375362
92.196 375349
92.224 375346
92.23 375345
92.287 375343
92.322 375331
92.329 375329
92.359 375320
92.369 375319
92.397 375318
92.411 375317
92.417 375316
92.435 375315
92.437 375314
92.443 375307
92.486 375305
92.526 375303
92.572 375301
92.579 375300
92.629 375297
92.672 375296
92.677 375295
92.693 375293
92.697 375292
92.707 375288
92.814 375286
92.856 375282
92.863 375280
92.865 375274
92.87 375262
92.933 375261
92.949 375252
92.959 375249
92.974 375247
93.007 375245
93.077 375237
93.379 375235
93.389 375234
93.765 375230
93.986 375228
93.992 375226
94.05 375224
94.075 375223
94.107 375216
94.11 375212
94.117 375205
94.141 375199
94.152 375198
94.154 375197
94.17 375195
94.174 375194
94.184 375193
94.285 375192
94.357 375189
94.366 375187
94.377 375186
94.504 375184
94.523 375183
94.548 375182
94.605 375171
94.609 375169
94.641 375162
94.651 375160
94.663 375159
95.196 375156
95.207 375155
95.222 375153
95.328 375151
95.337 375150
95.355 375141
95.373 375137
95.378 375135
95.416 375134
95.42 375131
95.43 375130
95.463 375127
95.481 375126
95.636 375123
95.736 375121
95.768 375117
95.771 375114
95.785 375113
95.789 375101
95.809 375097
95.834 375096
95.913 375093
95.934 375087
95.936 375086
95.94 375084
95.95 375082
95.962 375081
95.984 375078
95.989 375077
96.02 375076
96.034 375070
96.068 375068
96.088 375066
96.13 375065
96.146 375061
96.186 375057
96.195 375056
96.202 375055
96.222 375052
96.225 375047
96.24 375045
96.246 375041
96.279 375039
96.302 375032
96.384 375026
96.555 375022
96.563 375021
96.576 375020
96.627 375019
96.638 375007
96.707 375005
96.729 375001
96.742 374993
96.746 374985
96.846 374974
96.848 374968
96.884 374965
96.916 374962
96.941 374959
96.943 374955
96.971 374951
96.999 374945
97.005 374943
97.135 374941
97.253 374938
97.26 374935
97.264 374934
97.348 374933
97.492 374929
97.545 374928
97.659 374923
97.695 374921
97.862 374916
97.948 374914
97.956 374913
97.978 374911
97.991 374908
98.01 374907
98.165 374900
98.232 374895
98.247 374892
98.461 374889
98.522 374888
98.524 374885
98.566 374883
98.579 374878
98.582 374877
98.75 374873
98.756 374870
98.76 374869
98.783 374868
98.829 374867
98.994 374866
99.028 374865
99.057 374864
99.099 374861
99.11 374860
99.144 374858
99.148 374855
99.15 374853
99.668 374843
99.67 374840
99.674 374837
99.815 374832
100.115 374831
100.18 374830
100.26 374828
100.376 374826
100.384 374820
100.394 374813
100.442 374810
100.488 374806
100.506 374804
100.564 374802
100.937 374800
101.171 374799
101.239 374798
101.354 374795
101.377 374792
101.409 374789
101.442 374788
101.471 374787
101.959 374786
101.993 374785
102.022 374784
102.028 374782
102.038 374780
102.047 374778
102.055 374777
102.057 374769
102.074 374758
102.095 374756
102.182 374753
102.272 374749
102.318 374746
102.359 374743
102.375 374741
102.377 374738
102.424 374734
102.487 374729
102.49 374718
102.584 374717
102.726 374715
102.736 374701
102.752 374696
102.799 374694
102.801 374692
102.848 374691
102.894 374676
102.933 374671
102.946 374668
103.107 374667
103.215 374664
103.221 374663
103.329 374662
103.421 374661
103.539 374660
103.542 374658
103.565 374652
103.599 374650
103.622 374647
103.639 374646
103.682 374642
103.685 374641
103.746 374637
103.776 374635
103.788 374631
103.821 374627
104.028 374621
104.03 374616
104.469 374615
104.5 374613
104.572 374612
104.578 374596
104.586 374595
104.596 374594
104.599 374591
104.607 374588
104.65 374584
104.665 374582
104.684 374581
104.84 374580
105.508 374579
105.52 374578
105.644 374576
105.654 374575
105.788 374574
105.828 374572
105.873 374569
105.927 374565
105.951 374564
106.043 374562
106.071 374558
106.124 374556
106.135 374552
106.158 374551
106.313 374549
106.339 374548
106.41 374544
106.436 374543
106.498 374542
106.678 374539
106.686 374537
106.742 374534
107.179 374525
107.196 374522
107.29 374516
107.312 374514
107.333 374510
107.429 374509
107.571 374507
107.6 374506
107.727 374504
107.758 374503
107.974 374500
107.981 374498
108.005 374497
108.029 374496
108.094 374494
108.242 374489
108.253 374482
108.255 374480
108.259 374479
108.31 374470
108.376 374469
108.382 374467
108.463 374463
108.509 374450
108.538 374445
108.698 374441
108.712 374440
108.785 374439
108.875 374435
108.887 374433
108.89 374432
108.998 374431
109.259 374429
109.276 374421
109.533 374420
109.544 374419
109.564 374417
109.607 374415
109.639 374414
109.644 374413
109.709 374410
109.724 374409
109.835 374406
109.931 374405
111.021 374403
111.074 374402
111.079 374401
111.11 374400
111.166 374398
111.191 374397
111.246 374393
111.269 374390
111.28 374389
111.425 374388
111.435 374387
111.529 374383
111.531 374378
111.572 374377
111.584 374376
111.605 374375
111.868 374373
111.877 374372
112.007 374371
112.147 374366
113.929 374363
114.034 374361
114.048 374358
114.057 374357
114.065 374356
114.14 374355
114.149 374352
114.256 374351
114.338 374350
114.341 374348
114.447 374347
114.553 374345
114.678 374342
114.7 374338
114.836 374335
114.848 374329
114.989 374328
115.056 374322
115.149 374320
115.175 374319
115.199 374314
115.22 374313
115.33 374312
115.331 374305
115.405 374301
115.458 374300
115.529 374299
115.619 374297
115.623 374294
115.642 374293
115.858 374289
115.866 374288
115.946 374287
115.987 374285
116.004 374280
116.008 374279
116.025 374276
116.278 374275
116.307 374274
116.407 374273
116.425 374272
116.452 374271
116.484 374270
116.863 374268
117.082 374267
117.116 374265
117.163 374257
117.244 374254
117.48 374252
117.561 374246
117.769 374245
117.816 374243
117.832 374240
117.942 374237
117.997 374230
118.01 374229
118.195 374228
118.213 374227
118.408 374224
118.438 374221
118.829 374220
118.851 374218
118.857 374215
118.859 374212
118.886 374211
119.148 374208
119.168 374204
119.172 374201
119.213 374199
119.264 374197
119.308 374194
119.384 374190
119.668 374189
119.7 374188
119.704 374185
119.716 374182
119.762 374180
119.772 374177
119.976 374176
120.008 374172
120.064 374171
120.108 374170
120.138 374169
120.198 374166
120.208 374164
120.251 374158
120.325 374157
120.4 374156
120.42 374155
120.575 374151
120.577 374150
121.084 374149
121.1 374138
121.125 374136
121.147 374133
121.183 374132
121.194 374131
121.215 374128
121.257 374126
121.362 374121
121.49 374116
121.538 374113
121.968 374112
121.98 374109
122.009 374107
122.034 374106
122.2 374103
122.253 374102
122.403 374100
122.606 374097
122.689 374095
122.957 374094
123.386 374093
123.406 374092
123.512 374091
123.581 374090
123.619 374089
123.762 374088
123.805 374083
123.837 374081
123.85 374080
123.856 374079
123.888 374072
124.381 374070
124.491 374066
124.556 374065
124.561 374063
124.59 374046
124.61 374045
124.614 374044
124.636 374042
124.666 374036
124.683 374035
124.958 374032
124.979 374027
124.983 374026
125.027 374024
125.159 374023
125.236 374022
125.336 374021
125.4 374020
125.411 374018
125.47 374016
125.484 374014
125.589 374013
125.745 374012
125.752 374010
125.786 374008
126.018 374002
126.343 373997
126.351 373987
126.424 373983
126.475 373979
126.568 373978
126.749 373977
126.789 373976
126.872 373975
126.878 373974
127.05 373973
127.295 373971
127.38 373970
127.382 373969
127.457 373968
127.495 373966
127.571 373965
127.602 373959
127.685 373955
127.934 373949
128.036 373946
128.088 373945
128.224 373943
128.331 373942
128.338 373941
128.459 373940
128.466 373939
128.576 373937
128.6 373936
128.614 373934
128.627 373933
128.773 373931
128.824 373928
128.873 373926
128.965 373923
129.018 373920
129.345 373919
129.634 373916
129.65 373912
129.716 373911
129.773 373910
129.838 373909
129.9 373908
130.036 373906
130.218 373905
130.226 373901
130.361 373899
130.474 373896
130.502 373895
130.557 373893
130.574 373892
130.62 373889
130.655 373887
130.775 373883
130.804 373882
130.827 373881
130.842 373879
131.196 373878
131.3 373876
131.378 373873
131.387 373872
131.612 373871
131.688 373870
131.86 373868
131.937 373866
132.057 373865
132.245 373859
132.474 373858
132.5 373857
133.006 373856
133.057 373855
133.161 373854
133.219 373853
133.283 373851
133.308 373850
133.331 373849
133.35 373846
133.386 373843
133.587 373839
134.593 373838
134.697 373830
134.784 373829
134.927 373828
134.93 373825
135.185 373824
135.257 373822
135.281 373821
