0.441 149738
0.443 149634
0.443 149628
0.444 149626
0.446 149612
0.447 149578
0.447 149574
0.448 149550
0.449 149499
0.45 149483
0.45 149461
0.451 149451
0.451 149430
0.452 149419
0.453 149418
0.454 149415
0.456 149355
0.457 149348
0.458 149328
0.461 149179
0.461 149166
0.461 149163
0.462 149097
0.463 149028
0.465 149016
0.465 149008
0.47 149003
0.47 148991
0.471 148878
0.472 148854
0.472 148813
0.473 148807
0.473 148777
0.474 148761
0.475 148714
0.475 148616
0.476 148609
0.477 148600
0.478 148591
0.478 148589
0.479 148548
0.48 148523
0.482 148473
0.483 148466
0.484 148445
0.49 148420
0.491 148417
0.492 148398
0.493 148383
0.494 148376
0.495 148370
0.495 148359
0.496 148358
0.498 148203
0.5 148199
0.501 148194
0.501 148163
0.503 148150
0.504 148139
0.505 148111
0.506 148109
0.507 148088
0.507 148061
0.508 148053
0.509 148046
0.51 148030
0.51 148019
0.511 147998
0.511 147995
0.513 147986
0.516 147980
0.518 147959
0.526 147958
0.527 147929
0.532 147911
0.533 147895
0.533 147830
0.534 147829
0.538 147810
0.539 147747
0.54 147725
0.54 147695
0.542 147652
0.543 147609
0.544 147582
0.544 147571
0.547 147458
0.549 147447
0.553 147446
0.554 147434
0.555 147374
0.565 147360
0.566 147347
0.566 147345
0.571 147343
0.577 147336
0.578 147286
0.58 147256
0.581 147250
0.583 147225
0.59 147211
0.59 147205
0.592 147203
0.592 147197
0.593 147193
0.594 147190
0.611 147174
0.612 147171
0.613 147154
0.614 147117
0.616 147114
0.618 147110
0.622 147087
0.623 147060
0.624 147049
0.624 147032
0.633 147027
0.633 147013
0.639 146974
0.641 146958
0.66 146851
0.661 146849
0.664 146834
0.666 146833
0.668 146820
0.668 146816
0.669 146812
0.67 146796
0.674 146741
0.675 146740
0.675 146687
0.676 146684
0.679 146659
0.682 146658
0.693 146650
0.695 146647
0.696 146616
0.704 146561
0.734 146555
0.75 146552
0.758 146544
0.8 146539
0.802 146536
0.803 146529
0.806 146526
0.807 146515
0.808 146490
0.809 146479
0.816 146426
0.817 146420
0.819 146394
0.842 146387
0.843 146382
0.866 146305
0.872 146263
0.877 146255
0.877 146238
0.879 146218
0.884 146207
0.885 146184
0.887 146170
0.89 146141
0.892 146121
0.895 146113
0.896 146090
0.897 146071
0.914 146067
1.193 146057
1.194 146053
1.2 146047
1.203 146042
1.203 146040
1.206 146006
1.324 145910
1.325 145906
1.327 145894
1.335 145881
1.336 145874
1.337 145859
1.482 145676
1.482 145665
1.485 145662
1.487 145649
1.49 145639
1.492 145630
1.493 145619
1.501 145608
1.503 145596
1.507 145568
1.509 145551
1.525 145506
1.528 145481
1.531 145468
1.717 145465
1.719 145438
1.72 145420
1.721 145352
1.721 145350
1.723 145348
1.978 145346
1.982 145333
1.983 145332
1.986 145310
1.995 145309
1.997 145304
1.999 145278
2.007 145243
2.009 145230
2.01 145224
2.011 145212
2.202 145208
2.323 145173
2.324 145143
2.338 145128
2.34 145109
2.342 145079
2.343 145072
2.348 145049
2.35 145035
2.351 145001
2.354 144993
2.36 144974
2.361 144967
2.362 144946
2.363 144944
2.363 144936
2.37 144926
2.478 144921
2.48 144909
2.481 144908
2.484 144907
2.485 144903
2.492 144880
2.592 144877
2.593 144853
2.601 144841
2.697 144768
2.698 144762
2.699 144710
2.7 144676
2.701 144650
3.688 144649
3.689 144634
3.691 144608
3.691 144604
3.692 144599
3.694 144572
3.758 144557
3.791 144533
3.792 144522
3.923 144503
3.924 144494
3.93 144458
3.932 144438
3.933 144437
3.934 144435
3.941 144374
3.943 144345
4.794 144304
4.795 144299
5.769 144291
5.887 144275
5.899 144199
6.248 144182
6.249 144175
6.251 144145
6.254 144084
6.256 144068
6.258 144067
6.261 144030
6.261 144027
6.262 144008
6.266 144002
6.282 143976
6.291 143928
6.292 143902
6.296 143896
6.296 143877
6.299 143861
6.304 143858
6.305 143849
6.306 143840
6.309 143825
6.317 143804
6.473 143759
6.517 143744
6.52 143678
6.521 143669
6.522 143666
6.524 143660
6.534 143652
6.535 143647
7.659 143639
7.66 143621
7.687 143611
7.693 143594
7.697 143582
7.699 143575
7.903 143556
7.906 143540
7.908 143539
7.988 143535
7.989 143451
8.006 143432
8.081 143423
8.082 143410
8.137 143395
8.141 143387
8.142 143378
8.144 143371
8.146 143370
8.212 143369
9.155 143345
9.156 143337
9.157 143309
9.168 143297
9.169 143274
9.173 143244
9.174 143241
9.175 143228
9.178 143226
9.184 143213
9.187 143209
9.187 143205
9.196 143161
9.197 143139
9.199 143126
9.202 143099
9.204 143090
9.205 143069
9.206 143055
9.207 143053
9.208 143039
9.246 143030
9.247 143028
9.247 143012
9.249 142996
9.771 142992
9.771 142976
9.772 142957
9.773 142939
10.008 142930
10.009 142926
10.014 142922
10.41 142894
10.411 142890
10.417 142881
10.423 142868
10.429 142866
10.43 142854
10.431 142849
10.432 142826
10.436 142817
10.442 142816
10.45 142778
10.451 142745
12.133 142699
12.148 142687
12.149 142642
12.151 142629
12.155 142626
12.155 142599
12.158 142581
12.158 142553
12.16 142550
12.167 142541
12.169 142492
12.17 142491
12.171 142464
12.81 142451
12.81 142441
12.815 142439
12.817 142419
12.821 142397
12.823 142381
12.824 142376
12.826 142365
13.992 142316
13.994 142306
14.082 142295
14.083 142290
14.084 142289
14.085 142280
14.087 142276
14.096 142266
14.123 142250
14.127 142242
14.457 142240
14.458 142224
14.46 142215
14.471 142214
14.476 142210
14.93 142196
14.931 142144
14.933 142121
14.935 142109
14.948 142069
14.952 142061
14.956 142052
14.965 142051
15.906 142032
15.907 142028
15.949 142016
16.627 142014
16.627 141993
16.629 141991
16.632 141990
16.77 141983
16.788 141963
16.789 141960
16.797 141958
16.804 141956
16.806 141946
16.808 141943
16.809 141940
16.811 141939
16.821 141937
16.823 141930
16.856 141910
16.858 141885
17.62 141880
18.738 141868
18.756 141857
18.757 141832
18.76 141822
18.79 141806
18.792 141784
18.796 141767
18.799 141766
18.801 141701
18.815 141678
18.817 141676
18.82 141667
18.822 141659
18.824 141633
18.827 141618
18.828 141616
18.831 141614
18.834 141593
18.845 141585
18.852 141584
18.866 141583
18.87 141580
18.875 141579
18.877 141553
18.888 141537
18.89 141532
18.894 141531
18.904 141527
18.911 141526
18.911 141524
18.912 141522
18.917 141503
18.92 141497
18.922 141462
18.923 141461
18.925 141457
18.927 141454
18.93 141449
18.939 141447
18.944 141439
18.946 141432
18.948 141397
18.949 141391
18.95 141390
18.963 141380
18.966 141379
18.968 141376
18.969 141375
18.971 141370
18.971 141365
18.98 141360
19.006 141355
19.007 141353
19.012 141347
19.092 141334
19.094 141333
19.097 141325
19.1 141324
19.101 141306
19.101 141305
19.106 141304
19.128 141303
24.465 141275
24.467 141272
24.476 141262
24.483 141239
24.5 141224
24.501 141217
24.506 141214
24.523 141209
24.533 141208
24.54 141201
24.541 141200
24.543 141199
24.547 141190
24.584 141189
24.602 141181
28.527 141180
28.534 141178
28.537 141165
28.539 141154
28.54 141153
28.542 141147
28.545 141143
28.565 141140
28.569 141139
28.58 141134
28.585 141129
28.586 141126
28.599 141120
28.599 141118
28.604 141090
28.617 141083
28.617 141080
28.619 141079
28.62 141072
28.624 141070
28.626 141069
28.634 141065
28.635 141063
28.674 141029
28.689 141019
28.747 141000
28.749 140999
28.75 140996
28.755 140983
28.759 140979
28.776 140974
28.783 140960
28.794 140944
28.804 140934
28.805 140922
28.806 140898
28.82 140875
28.828 140874
28.839 140841
28.84 140839
28.875 140834
28.878 140833
28.882 140828
28.894 140824
28.894 140822
28.905 140808
29.537 140802
29.653 140801
29.672 140792
29.744 140762
29.757 140753
29.761 140744
29.768 140722
29.776 140715
29.78 140711
29.803 140707
29.803 140700
29.805 140693
30.847 140691
31.345 140681
31.349 140680
31.361 140672
31.362 140669
31.373 140657
31.418 140652
31.455 140651
31.456 140645
31.464 140626
31.466 140623
31.485 140619
31.503 140616
31.505 140611
31.513 140603
31.516 140602
31.517 140593
31.533 140584
31.542 140578
31.546 140555
31.55 140547
31.558 140543
31.565 140532
31.578 140529
31.58 140522
31.586 140512
31.587 140500
31.589 140495
31.595 140494
31.638 140484
31.725 140482
31.761 140468
31.892 140467
31.894 140461
31.902 140453
31.922 140451
31.968 140447
31.969 140443
31.975 140407
31.978 140403
32.021 140402
32.186 140399
32.186 140394
32.188 140392
32.194 140386
32.203 140383
32.207 140381
32.215 140372
32.224 140364
32.228 140354
32.229 140347
32.25 140343
32.252 140340
36.263 140338
36.326 140334
36.327 140332
36.335 140330
36.338 140327
36.342 140310
36.344 140309
36.394 140307
36.398 140305
36.4 140304
36.402 140281
38.509 140272
38.52 140265
38.529 140259
38.53 140253
38.58 140252
38.591 140251
38.607 140241
38.613 140235
38.632 140230
38.634 140228
38.635 140221
38.702 140211
38.703 140204
38.704 140188
38.714 140187
38.715 140186
38.775 140179
38.844 140165
38.873 140158
38.885 140157
38.888 140155
39.113 140153
39.142 140144
39.371 140131
39.396 140130
39.399 140121
39.402 140115
39.411 140111
39.416 140110
39.419 140105
39.423 140101
39.424 140098
39.429 140091
39.468 140083
39.476 140066
39.487 140055
39.491 140047
39.495 140038
39.596 140036
39.641 140034
39.683 140032
39.685 140030
39.686 140027
39.693 140024
39.828 140021
40.635 140019
40.64 140013
40.644 140009
40.818 139993
40.896 139992
40.907 139987
40.91 139980
40.983 139976
40.995 139972
41 139969
41.037 139965
41.04 139960
41.056 139940
41.06 139938
41.064 139934
41.068 139930
41.105 139921
41.113 139917
41.118 139905
41.127 139904
41.846 139903
41.856 139899
41.857 139898
41.861 139896
41.881 139894
41.883 139893
42.047 139891
42.052 139889
42.065 139878
42.074 139876
42.077 139874
42.111 139871
42.111 139869
42.115 139865
42.133 139860
42.282 139853
42.283 139836
42.286 139834
42.321 139833
42.34 139831
42.376 139830
42.377 139827
42.38 139823
42.388 139812
42.388 139811
42.393 139809
42.4 139807
42.515 139805
42.524 139799
42.528 139789
42.576 139780
42.578 139768
42.595 139761
42.617 139754
42.63 139752
42.644 139748
42.805 139738
42.818 139720
43.543 139715
43.582 139713
43.588 139710
44.77 139703
44.785 139698
44.785 139696
44.79 139694
44.796 139692
44.879 139691
44.892 139686
44.946 139685
44.956 139682
44.961 139671
44.973 139670
44.974 139659
44.975 139658
44.989 139654
44.995 139646
45.002 139642
45.004 139640
45.022 139634
45.509 139630
45.519 139627
45.521 139622
45.599 139620
45.605 139619
45.608 139617
45.62 139615
45.623 139614
45.624 139612
45.744 139608
46.205 139606
46.233 139605
46.387 139604
46.573 139603
46.578 139598
46.581 139594
46.621 139593
46.625 139591
46.639 139586
46.651 139579
46.664 139573
46.672 139570
46.754 139557
46.769 139539
46.772 139530
46.792 139525
46.817 139521
46.822 139516
46.849 139510
46.859 139507
47.184 139506
48.248 139492
48.259 139491
48.272 139488
48.276 139487
48.281 139485
48.29 139484
48.33 139479
48.363 139475
49.053 139474
49.055 139473
49.058 139466
49.062 139463
49.111 139457
49.111 139456
49.402 139454
49.425 139444
49.432 139442
49.434 139439
49.437 139438
49.66 139436
49.661 139431
49.682 139430
49.697 139428
49.697 139427
49.706 139420
49.71 139419
49.716 139418
49.718 139416
49.728 139415
49.973 139410
49.981 139405
49.985 139404
50.017 139398
50.038 139396
50.053 139395
50.056 139379
50.056 139378
50.119 139377
50.181 139376
50.2 139369
50.206 139368
50.639 139365
50.645 139363
50.67 139362
50.738 139361
50.742 139358
50.744 139357
50.803 139356
50.82 139351
50.965 139350
51.026 139343
51.053 139341
51.058 139340
51.059 139332
51.069 139331
51.455 139322
51.458 139316
51.467 139314
51.474 139313
51.498 139310
51.502 139306
51.509 139304
51.528 139303
51.82 139302
51.828 139300
51.831 139299
51.844 139296
51.847 139295
51.849 139287
51.856 139284
51.879 139280
51.908 139279
51.928 139277
51.939 139273
51.958 139269
51.964 139247
51.969 139244
52.039 139238
52.048 139236
52.073 139235
52.086 139233
52.11 139231
52.117 139228
52.127 139227
52.176 139226
52.228 139221
52.263 139219
52.321 139218
52.323 139216
52.327 139215
52.332 139212
54.282 139210
54.299 139209
54.311 139207
54.319 139201
54.487 139199
54.491 139197
54.492 139196
54.511 139190
54.561 139189
54.573 139188
54.586 139186
54.595 139184
54.622 139181
54.636 139174
54.654 139171
54.728 139167
55.32 139163
55.33 139162
55.36 139160
55.372 139159
55.38 139155
55.394 139150
55.398 139149
55.623 139148
55.623 139147
55.632 139145
55.894 139138
55.926 139135
56.516 139134
56.521 139133
56.526 139130
56.557 139125
56.572 139121
56.574 139119
57.142 139117
57.151 139115
57.17 139111
57.173 139108
57.319 139107
57.33 139106
57.335 139104
57.376 139100
57.497 139092
57.53 139082
57.638 139080
57.712 139078
57.729 139072
57.748 139069
57.786 139061
57.81 139060
58.029 139059
58.519 139043
58.571 139042
58.618 139040
58.63 139036
59.435 139026
59.451 139020
59.451 139019
59.582 139018
60.209 139007
60.227 139006
60.268 139004
60.486 139000
60.501 138999
60.502 138998
60.616 138997
60.637 138995
62.028 138993
62.082 138990
62.083 138987
62.615 138986
62.688 138984
63.011 138983
63.044 138982
63.123 138978
63.131 138977
63.824 138975
65.18 138973
65.259 138970
65.534 138969
65.547 138968
65.601 138962
65.618 138961
65.739 138958
66.052 138957
66.081 138956
66.154 138955
66.545 138954
66.594 138953
66.659 138947
66.705 138945
66.724 138944
66.76 138942
66.793 138941
66.836 138939
66.988 138935
67.091 138931
67.164 138929
67.441 138926
67.577 138925
67.631 138921
