0.745 99159
0.746 99144
0.746 99132
0.747 99104
0.748 99084
0.748 98923
0.749 98767
0.75 98472
0.751 98420
0.751 98400
0.752 98396
0.753 98369
0.753 98365
0.754 98319
0.755 98301
0.756 98130
0.757 98064
0.759 98019
0.759 97986
0.759 97963
0.76 97946
0.762 97915
0.762 97914
0.763 97904
0.764 97894
0.764 97893
0.765 97885
0.765 97861
0.766 97763
0.767 97761
0.768 97738
0.768 97732
0.768 97726
0.769 97723
0.77 97713
0.77 97708
0.771 97701
0.772 97673
0.773 97624
0.773 97615
0.775 97607
0.775 97600
0.777 97521
0.777 97517
0.778 97507
0.778 97485
0.779 97483
0.779 97482
0.78 97448
0.78 97438
0.781 97319
0.782 97313
0.782 97307
0.783 97303
0.784 97268
0.784 97233
0.785 97220
0.787 97203
0.787 97198
0.789 97118
0.789 97108
0.791 97082
0.792 97069
0.792 97001
0.793 96993
0.794 96989
0.796 96951
0.797 96927
0.801 96924
0.808 96913
0.809 96890
0.81 96795
0.813 96735
0.814 96700
0.815 96697
0.816 96645
0.816 96643
0.818 96642
0.819 96623
0.822 96617
0.822 96616
0.823 96613
0.825 96607
0.826 96606
0.826 96602
0.828 96597
0.829 96595
0.83 96568
0.832 96532
0.833 96494
0.835 96491
0.835 96489
0.836 96465
0.838 96460
0.839 96458
0.84 96457
0.842 96430
0.843 96411
0.843 96407
0.847 96386
0.849 96378
0.853 96344
0.857 96315
0.859 96313
0.862 96307
0.866 96211
0.867 96209
0.87 96206
0.871 96181
0.875 96057
0.877 96055
0.878 96032
0.9 95983
0.904 95971
0.905 95962
0.906 95961
0.908 95948
0.91 95906
0.913 95905
0.914 95883
0.914 95881
0.916 95880
0.917 95877
0.918 95851
0.923 95797
0.924 95789
0.925 95666
0.926 95663
0.927 95653
0.928 95642
0.929 95633
0.942 95615
0.944 95598
0.944 95595
0.948 95580
0.95 95575
0.951 95555
0.954 95551
0.954 95550
0.956 95547
0.958 95546
0.964 95525
0.97 95516
0.972 95505
0.974 95486
0.979 95469
0.986 95468
0.988 95453
0.988 95449
0.989 95444
0.989 95440
0.989 95433
0.99 95431
1.006 95426
1.007 95423
1.007 95411
1.013 95385
1.014 95366
1.015 95354
1.051 95350
1.052 95345
1.083 95344
1.084 95340
1.086 95339
1.087 95337
1.088 95327
1.089 95317
1.094 95313
1.094 95302
1.096 95301
1.098 95294
1.141 95282
1.146 95280
1.147 95275
1.155 95274
1.156 95248
1.163 95230
1.166 95225
1.167 95221
1.186 95218
1.19 95109
1.194 95101
1.194 95093
1.195 95091
1.196 95089
1.201 95079
1.206 95073
1.207 95072
1.21 95063
1.211 95043
1.215 95041
1.216 95035
1.222 95029
1.222 95011
1.228 94919
1.228 94891
1.23 94850
1.231 94846
1.235 94838
1.235 94831
1.242 94824
1.243 94805
1.245 94768
1.246 94760
1.247 94701
1.247 94694
1.248 94610
1.249 94591
1.25 94551
1.251 94530
1.273 94524
1.275 94516
1.408 94501
1.41 94476
1.417 94466
1.42 94460
1.423 94451
1.426 94444
1.43 94438
1.432 94424
1.434 94420
1.434 94398
1.439 94396
1.441 94374
1.447 94343
1.448 94335
1.449 94322
1.461 94313
1.462 94305
1.463 94293
1.463 94291
1.532 94229
1.62 94221
1.621 94219
1.624 94194
1.625 94190
1.658 94185
1.662 94178
1.664 94171
1.665 94158
1.666 94149
1.667 94142
1.668 94092
1.686 94057
1.687 94048
1.689 94039
1.691 94032
1.694 94003
1.695 93987
1.787 93981
1.79 93968
1.792 93963
1.794 93955
1.795 93940
1.817 93866
1.819 93859
1.82 93858
1.821 93841
1.822 93834
1.832 93810
1.835 93807
1.836 93803
1.882 93789
1.884 93770
1.891 93764
1.899 93747
1.9 93735
1.901 93732
1.911 93721
1.912 93715
1.913 93712
1.914 93708
1.915 93694
1.917 93690
1.918 93640
1.92 93614
1.924 93547
1.925 93542
1.934 93540
1.945 93531
1.946 93521
1.948 93484
1.948 93471
1.95 93458
1.953 93436
1.956 93424
1.957 93407
1.962 93372
1.962 93371
1.963 93360
1.967 93319
2.063 93303
2.065 93302
2.155 93289
2.156 93288
2.157 93278
2.168 93272
2.168 93270
2.171 93268
2.183 93253
2.215 93252
2.218 93249
2.233 93246
2.235 93245
2.236 93242
2.238 93210
2.24 93178
2.24 93175
2.241 93164
2.242 93155
2.243 93148
2.244 93139
2.253 93127
2.285 93119
2.286 93116
2.29 93114
2.294 93102
2.296 93101
2.326 93092
2.327 93090
2.327 93089
2.334 93077
2.351 93033
2.352 93025
2.352 93007
2.353 93005
2.363 92996
2.364 92965
2.366 92964
2.367 92963
2.368 92959
2.404 92958
2.406 92950
2.409 92940
2.41 92925
2.411 92924
2.412 92915
2.419 92902
2.42 92898
2.425 92837
2.426 92828
2.427 92824
2.428 92814
2.43 92811
2.433 92779
2.435 92775
2.435 92770
2.436 92765
2.437 92759
2.438 92756
2.439 92734
2.441 92730
2.444 92720
2.445 92719
2.447 92697
2.449 92673
2.452 92629
2.473 92614
2.477 92600
2.482 92597
2.505 92575
2.507 92562
2.632 92545
2.64 92544
2.641 92526
2.643 92520
2.643 92511
2.645 92497
2.647 92481
2.649 92451
2.65 92446
2.651 92435
2.652 92425
2.654 92423
2.654 92405
2.688 92382
2.69 92378
2.691 92370
2.694 92346
2.815 92309
2.817 92288
2.818 92277
2.888 92275
2.889 92258
2.891 92257
2.899 92237
2.901 92221
2.902 92201
2.984 92177
2.991 92167
2.991 92130
2.995 92123
2.996 92122
3.004 92114
3.005 92112
3.006 92097
3.007 92096
3.009 92078
3.013 92073
3.058 92066
3.062 92061
3.068 92021
3.08 92007
3.822 91977
3.834 91968
3.835 91953
3.85 91951
3.853 91950
3.854 91932
3.855 91931
3.856 91903
3.859 91883
3.859 91882
3.861 91847
3.875 91834
3.876 91820
3.877 91818
3.888 91814
3.889 91806
3.891 91792
3.892 91787
3.928 91769
3.929 91753
3.931 91752
3.932 91751
3.933 91726
3.939 91705
3.941 91677
3.943 91673
3.944 91659
4.002 91657
4.002 91647
4.043 91646
4.047 91644
4.049 91643
4.049 91619
4.059 91598
4.071 91567
4.075 91553
4.103 91547
4.108 91542
4.109 91533
4.11 91505
4.131 91502
4.139 91494
4.14 91460
4.141 91458
4.296 91435
4.297 91400
4.299 91396
4.3 91390
4.308 91387
4.324 91380
4.329 91328
4.343 91321
4.344 91310
4.346 91269
4.348 91259
4.348 91250
4.361 91217
4.363 91199
4.368 91198
4.369 91189
4.371 91186
4.373 91179
4.374 91177
4.375 91164
4.377 91163
4.377 91140
4.378 91135
4.388 91132
4.446 91130
4.447 91126
4.449 91125
4.452 91122
4.455 91119
4.455 91071
4.456 91031
4.481 90961
4.483 90953
4.484 90931
4.485 90929
4.488 90928
4.489 90885
4.496 90884
4.499 90855
4.5 90852
4.501 90840
4.503 90839
4.512 90837
4.513 90827
4.514 90821
4.515 90799
4.518 90792
4.52 90789
4.534 90770
4.571 90760
4.572 90751
4.579 90739
4.58 90725
4.585 90717
5.076 90714
5.079 90712
5.08 90694
5.081 90634
5.084 90616
5.086 90572
5.107 90558
5.276 90544
5.289 90530
5.29 90525
5.431 90504
5.432 90500
5.434 90492
5.437 90481
5.448 90479
5.449 90477
5.45 90474
5.455 90468
5.457 90462
5.458 90440
5.459 90425
5.46 90423
5.46 90415
5.461 90408
5.462 90398
5.6 90374
5.602 90313
5.604 90300
5.606 90256
5.61 90254
5.759 90243
5.76 90232
5.76 90230
5.761 90209
5.762 90182
5.982 90181
6.026 90149
6.031 90138
6.031 90119
6.043 90106
6.044 90105
6.045 90103
6.182 90097
6.183 90092
6.185 90084
6.186 90072
6.196 90060
6.198 90052
6.199 90048
6.2 89995
6.202 89941
6.204 89938
6.205 89934
6.208 89916
6.208 89915
6.216 89912
6.218 89884
6.55 89832
6.552 89818
6.554 89804
6.555 89803
6.561 89802
6.562 89788
6.565 89784
6.565 89774
6.566 89757
6.567 89729
7.194 89728
7.196 89726
7.197 89709
7.198 89685
7.199 89683
7.2 89661
7.201 89660
7.202 89640
7.203 89611
7.22 89609
7.227 89607
7.229 89604
7.232 89599
7.234 89597
7.237 89596
7.241 89593
7.242 89581
7.243 89580
7.244 89573
7.244 89568
7.247 89560
7.248 89556
7.249 89548
7.252 89541
7.253 89526
7.254 89525
7.394 89449
7.397 89448
7.398 89440
7.403 89423
7.408 89419
7.414 89405
7.416 89387
7.419 89381
7.468 89377
7.469 89359
7.47 89351
7.471 89344
7.492 89338
7.496 89336
7.5 89332
7.511 89327
7.521 89324
7.522 89323
7.573 89309
7.576 89302
7.577 89286
7.578 89282
7.579 89279
7.58 89273
7.608 89266
7.636 89237
7.637 89226
7.639 89225
7.639 89223
7.64 89211
7.841 89186
7.841 89146
7.843 89143
7.877 89141
7.878 89138
7.943 89135
7.948 89132
7.952 89106
7.954 89101
7.959 89098
7.962 89092
7.967 89083
7.968 89082
8.042 89081
8.044 89080
8.068 89077
8.071 89070
8.074 89069
8.075 89066
8.076 89065
8.077 89053
9.484 89051
9.486 89038
9.488 89033
9.49 89027
9.492 89024
9.493 89014
10.099 89013
10.103 89005
10.105 89004
10.106 88994
10.107 88983
10.108 88970
10.11 88954
10.211 88953
10.439 88947
10.443 88939
10.445 88937
10.477 88918
10.478 88913
10.505 88899
10.507 88891
10.578 88881
10.586 88867
10.765 88856
10.766 88853
10.768 88851
10.77 88849
10.776 88836
10.777 88832
10.779 88814
10.781 88808
10.799 88805
10.8 88790
10.889 88788
10.889 88787
10.898 88773
11.311 88753
11.324 88703
11.325 88697
11.327 88685
11.329 88675
11.762 88663
12.068 88661
12.07 88658
12.072 88653
12.084 88652
12.088 88649
12.103 88618
12.104 88616
12.106 88601
12.127 88594
12.128 88582
12.145 88581
12.146 88564
12.15 88554
12.153 88552
12.154 88550
12.431 88549
12.433 88548
12.434 88526
12.441 88506
12.443 88502
12.444 88496
12.45 88495
12.472 88487
12.475 88480
12.48 88446
12.481 88431
12.491 88430
12.492 88420
12.554 88414
12.7 88411
12.701 88405
13.479 88404
13.48 88392
13.484 88391
13.487 88390
13.489 88377
13.489 88374
18.534 88351
18.535 88337
18.541 88335
18.548 88333
18.722 88332
18.723 88328
18.724 88300
18.726 88297
18.728 88289
18.73 88273
18.757 88256
18.758 88254
18.764 88253
18.765 88215
18.766 88196
18.768 88193
18.769 88187
18.77 88172
18.772 88164
18.775 88158
18.785 88148
18.786 88146
18.819 88145
18.82 88139
18.827 88133
19.828 88129
19.83 88127
19.855 88122
19.857 88114
19.858 88111
19.872 88108
19.874 88102
19.876 88100
19.879 88091
19.88 88080
19.885 88075
19.895 88073
19.896 88058
20.616 88057
20.618 88048
20.621 88035
20.623 88033
20.625 88032
20.63 88031
20.632 88028
20.633 88024
20.635 88019
20.637 88014
20.642 88012
20.643 88011
20.644 88010
20.649 88009
20.65 88008
20.661 87999
20.662 87985
20.664 87983
20.665 87979
20.673 87973
20.846 87970
20.85 87967
20.854 87957
20.856 87951
20.867 87942
21.175 87940
21.176 87933
21.209 87908
21.239 87904
21.265 87895
21.266 87885
21.268 87882
21.269 87871
21.27 87862
21.275 87859
23.884 87849
23.889 87847
23.89 87843
23.891 87841
23.894 87837
23.899 87836
23.908 87833
23.915 87830
23.92 87825
23.925 87823
23.927 87822
23.927 87812
23.929 87806
23.93 87794
23.932 87786
23.932 87781
23.937 87779
23.942 87778
23.943 87767
23.943 87756
23.946 87746
23.994 87731
23.995 87725
23.995 87722
24.057 87721
24.058 87716
24.063 87711
24.065 87704
24.074 87703
24.077 87699
24.079 87693
24.081 87683
28.032 87670
28.059 87666
28.061 87664
28.073 87657
28.078 87652
28.082 87644
28.083 87642
28.086 87634
28.089 87632
28.102 87631
28.11 87626
28.114 87622
28.126 87617
28.446 87609
28.872 87598
28.874 87581
28.901 87565
28.938 87558
30.511 87555
31.413 87550
31.413 87530
31.419 87528
31.432 87527
31.537 87508
31.539 87502
31.549 87492
31.556 87484
31.58 87479
31.585 87472
31.588 87466
31.662 87465
31.671 87464
31.679 87452
31.68 87448
31.683 87444
31.684 87442
31.686 87429
31.758 87422
31.767 87421
31.768 87419
31.794 87417
31.813 87415
31.814 87403
31.817 87402
31.819 87398
31.825 87396
31.833 87393
31.835 87392
31.839 87379
32.439 87378
32.442 87372
32.446 87366
32.448 87362
32.45 87361
32.461 87353
32.463 87351
32.474 87346
32.475 87343
32.485 87339
32.496 87335
32.498 87332
32.502 87320
32.511 87318
32.516 87313
34.431 87310
34.432 87301
34.438 87292
34.443 87281
34.445 87271
34.466 87269
35.8 87266
35.804 87263
35.805 87262
35.985 87256
36.295 87244
36.299 87235
36.307 87232
38.687 87231
38.693 87221
38.701 87219
38.703 87217
38.709 87216
38.823 87211
38.835 87210
38.838 87208
38.844 87206
38.844 87202
38.854 87189
38.861 87184
38.867 87173
39.905 87172
39.924 87158
40.144 87155
40.179 87149
40.182 87147
40.183 87146
40.227 87145
40.231 87142
40.235 87140
40.303 87139
40.645 87137
40.66 87131
43.419 87128
43.426 87127
43.433 87119
43.605 87117
43.689 87109
43.7 87104
43.702 87102
43.711 87098
43.714 87096
43.845 87094
43.852 87091
43.869 87086
43.957 87081
43.965 87076
43.966 87069
43.987 87066
43.994 87065
44.008 87064
45.578 87059
45.607 87053
45.61 87048
45.615 87046
45.62 87042
45.631 87035
45.634 87021
45.635 87019
45.873 87014
45.899 87010
45.902 87006
45.92 87004
45.935 87003
45.939 86998
45.945 86993
45.946 86990
45.95 86988
45.96 86984
45.97 86983
45.984 86981
45.985 86980
45.989 86974
45.993 86971
46.031 86969
46.035 86968
46.407 86967
46.429 86962
46.478 86960
46.487 86958
46.49 86957
46.519 86956
46.526 86954
46.537 86953
46.583 86951
46.586 86950
46.59 86949
46.591 86944
46.591 86942
46.918 86941
46.92 86938
49.374 86936
49.377 86929
50.345 86921
51.268 86920
51.275 86919
51.278 86918
51.282 86915
52.806 86914
52.824 86911
52.882 86909
52.885 86908
53.825 86907
53.828 86903
53.829 86902
53.838 86892
53.874 86891
53.886 86888
53.991 86883
58.668 86881
58.72 86880
58.775 86878
58.79 86875
58.794 86874
58.797 86872
58.805 86870
58.807 86869
58.81 86868
58.823 86867
58.829 86862
58.874 86859
58.91 86856
58.95 86854
58.961 86851
59.001 86850
59.108 86849
59.121 86848
59.151 86845
59.318 86840
59.351 86839
59.356 86838
59.37 86837
59.378 86835
59.382 86833
59.418 86832
59.419 86830
59.441 86829
59.448 86828
59.451 86824
59.657 86823
59.666 86822
61.525 86821
62.257 86818
62.281 86817
62.509 86815
62.529 86814
62.628 86812
62.689 86811
62.748 86810
62.752 86806
62.763 86805
63.589 86804
63.605 86803
63.66 86801
63.67 86799
64.178 86796
64.219 86795
64.231 86794
64.626 86793
64.998 86788
65.035 86787
65.166 86786
69.001 86784
69.007 86780
69.033 86778
69.038 86776
69.092 86775
