1.446 390156
1.447 390133
1.448 390065
1.449 390059
1.452 390034
1.453 390016
1.454 389865
1.457 389863
1.458 389836
1.459 389835
1.46 389699
1.461 389678
1.462 389553
1.464 389528
1.464 389505
1.465 389487
1.467 389360
1.467 389358
1.468 389353
1.469 389322
1.47 389297
1.471 389274
1.472 389250
1.473 389249
1.475 389224
1.476 389209
1.477 389205
1.478 389191
1.479 389187
1.48 389142
1.481 389060
1.482 389055
1.483 389006
1.485 389005
1.486 389000
1.487 388957
1.488 388954
1.489 388944
1.49 388914
1.491 388868
1.492 388854
1.494 388852
1.494 388832
1.497 388792
1.498 388787
1.499 388786
1.5 388744
1.5 388702
1.501 388701
1.503 388573
1.504 388567
1.506 388523
1.506 388522
1.508 388459
1.509 388405
1.51 388380
1.512 388354
1.513 388250
1.514 388222
1.518 388208
1.521 388198
1.521 388195
1.522 388194
1.524 388187
1.525 388152
1.525 388091
1.526 388076
1.527 388054
1.528 388049
1.529 387965
1.532 387960
1.533 387957
1.535 387909
1.536 387889
1.537 387878
1.538 387859
1.539 387799
1.541 387795
1.542 387793
1.543 387783
1.544 387750
1.546 387704
1.548 387661
1.559 387627
1.563 387624
1.563 387621
1.564 387617
1.565 387587
1.566 387582
1.567 387570
1.568 387561
1.569 387538
1.571 387535
1.572 387488
1.573 387479
1.574 387478
1.575 387474
1.576 387472
1.577 387423
1.578 387377
1.58 387304
1.581 387299
1.582 387280
1.583 387150
1.584 387138
1.586 387105
1.587 387075
1.588 387042
1.59 386902
1.591 386801
1.592 386694
1.601 386679
1.603 386671
1.604 386654
1.607 386651
1.607 386650
1.609 386579
1.61 386564
1.611 386521
1.613 386462
1.615 386460
1.618 386441
1.62 386381
1.622 386351
1.623 386295
1.627 386283
1.63 386233
1.631 386225
1.633 386215
1.634 386197
1.636 386188
1.642 386186
1.645 386182
1.646 386119
1.648 386090
1.651 386029
1.652 386016
1.659 385985
1.66 385950
1.662 385923
1.664 385831
1.673 385829
1.676 385818
1.677 385816
1.678 385806
1.68 385805
1.684 385799
1.687 385787
1.688 385775
1.689 385745
1.691 385721
1.692 385719
1.692 385710
1.696 385666
1.698 385625
1.701 385587
1.702 385571
1.703 385560
1.704 385547
1.705 385534
1.707 385533
1.708 385507
1.711 385454
1.712 385453
1.719 385245
1.72 385219
1.721 385201
1.726 385197
1.727 385192
1.735 385046
1.737 385029
1.738 385019
1.739 385009
1.742 385005
1.743 384993
1.745 384986
1.747 384976
1.748 384961
1.75 384954
1.753 384927
1.755 384888
1.756 384885
1.757 384849
1.762 384805
1.763 384804
1.796 384796
1.798 384789
1.799 384788
1.801 384727
1.803 384726
1.805 384718
1.827 384685
1.828 384681
1.829 384632
1.831 384625
1.832 384618
1.834 384617
1.844 384559
1.848 384552
1.864 384479
1.865 384446
1.866 384430
1.867 384383
1.871 384293
1.874 384289
1.875 384288
1.876 384278
1.879 384250
1.88 384231
1.882 384219
1.885 384215
1.887 384182
1.899 384175
1.9 384153
1.903 384136
1.906 384116
1.907 384054
1.909 384040
1.91 384034
1.912 384025
1.914 383993
1.915 383989
1.916 383978
1.917 383971
1.92 383961
1.925 383959
1.926 383948
1.927 383908
1.928 383895
1.929 383872
1.93 383859
1.933 383857
1.934 383846
1.935 383828
1.937 383819
2.001 383818
2.003 383815
2.003 383792
2.005 383782
2.006 383765
2.018 383747
2.023 383728
2.027 383716
2.028 383704
2.145 383685
2.147 383683
2.149 383646
2.15 383635
2.152 383632
2.156 383595
2.157 383544
2.172 383521
2.175 383505
2.177 383467
2.181 383452
2.182 383450
2.432 383439
2.461 383426
2.463 383404
2.497 383402
2.499 383383
2.503 383373
2.513 383326
2.515 383315
2.584 383290
2.588 383289
2.671 383267
2.672 383265
2.674 383247
2.676 383230
2.677 383225
2.683 383187
2.709 383038
2.711 383031
2.713 382488
2.718 382479
2.719 382425
2.723 382332
2.724 382331
2.728 382295
2.73 382252
2.732 382250
2.74 382238
2.742 382124
2.743 382083
2.745 382074
2.746 381998
2.752 381970
2.753 381910
2.755 381749
3.023 381741
3.025 381713
3.026 381664
3.068 381650
3.092 381627
3.093 381620
3.095 381599
3.096 381593
3.099 381532
3.101 381521
3.112 381491
3.113 381473
3.114 381458
3.117 381456
3.12 381101
3.121 381095
3.124 381073
3.125 380985
3.127 380969
3.142 380968
3.144 380962
3.144 380958
3.152 380938
3.154 380930
3.157 380907
3.394 380862
3.397 380809
3.399 380806
3.401 380699
3.405 380653
3.406 380631
3.407 380601
3.408 380596
3.409 380593
3.41 380590
3.412 380584
3.447 380577
3.448 380554
3.452 380548
3.455 380533
3.456 380524
3.456 380523
3.457 380477
3.459 380267
3.46 380242
3.629 380235
3.63 380233
3.66 380225
3.663 380217
3.665 380164
3.666 380163
3.667 380162
3.669 380159
3.707 380153
3.711 380134
3.718 380063
3.719 380025
3.721 380016
3.725 380005
3.727 379977
3.728 379975
3.729 379972
3.737 379903
3.739 379802
3.742 379783
3.75 379779
3.752 379777
3.754 379680
3.76 379644
3.762 379633
3.764 379619
3.779 379613
3.784 379608
3.785 379531
3.787 379509
3.789 379495
3.798 379456
3.832 379444
3.833 379390
3.837 379375
3.84 379361
3.845 379341
3.846 379311
3.997 379300
3.997 379279
4.063 379080
4.077 379072
4.078 379056
4.08 379054
4.081 379011
4.084 378993
4.085 378979
4.086 378976
4.088 378965
4.148 378944
4.15 378928
4.171 378797
4.172 378789
4.173 378779
4.174 378770
4.185 378752
4.186 378742
4.226 378724
4.229 378713
4.231 378692
4.233 378684
4.255 378679
4.256 378678
4.258 378644
4.26 378619
4.261 378590
4.263 378554
4.268 378527
4.271 378525
4.273 378522
4.966 378492
4.967 378482
4.968 378469
4.974 378403
4.988 378375
4.992 378343
5.007 378324
5.11 378295
5.112 378271
5.115 378266
5.116 378230
5.119 378193
5.12 378181
5.121 378150
5.122 378134
5.123 378130
5.125 378117
5.126 378110
5.155 378096
5.177 378089
5.182 378051
5.183 378047
5.247 378016
5.249 378004
5.307 377976
5.308 377969
5.402 377910
5.407 377903
5.409 377876
5.428 377842
5.43 377726
5.431 377723
5.435 377620
5.437 377612
5.972 377597
5.973 377589
5.975 377576
5.99 377564
5.992 377496
5.993 377485
5.994 377482
5.995 377480
6.003 377453
6.005 377450
6.008 377441
6.009 377389
6.018 377381
6.019 377354
6.027 377343
6.04 377312
6.041 377285
6.042 377263
6.043 377238
6.056 377036
6.066 377009
6.101 376906
6.105 376901
6.109 376877
6.114 376865
6.115 376859
6.12 376855
6.121 376825
6.468 376801
6.472 376795
6.474 376793
6.478 376757
6.487 376724
6.488 376640
6.557 376620
6.559 376615
6.56 376614
6.562 376606
6.564 376596
6.566 376574
6.57 376571
6.572 376494
6.582 376455
6.584 376431
6.588 376426
6.589 376401
6.596 376382
6.598 376378
6.605 376321
6.607 376319
6.632 376294
6.73 376135
6.732 376123
6.733 376091
6.737 376075
6.738 376025
6.741 376021
6.745 376019
6.827 376014
6.828 375971
7.038 375965
7.041 375932
7.044 375913
7.045 375883
7.046 375833
7.047 375801
7.049 375773
7.056 375732
7.057 375725
7.058 375720
7.106 375699
7.109 375690
7.113 375668
7.119 375666
7.121 375663
7.173 375613
7.174 375600
7.176 375586
7.185 375551
7.187 375529
7.316 375445
7.513 375384
7.514 375367
7.516 375318
7.521 375310
7.543 375147
7.547 375133
7.549 375076
7.551 375069
8.173 375045
8.175 375029
8.18 374970
8.181 374959
8.188 374938
8.19 374890
8.195 374789
8.196 374778
8.198 374749
8.241 374662
8.242 374648
8.288 374637
8.289 374623
8.292 374604
8.294 374584
8.305 374570
8.306 374548
8.779 374528
8.78 374519
8.784 374491
8.785 374465
8.787 374434
8.788 374415
8.79 374409
8.799 374379
10.504 374303
10.51 374299
10.517 374289
10.522 374275
10.524 374270
10.541 374221
10.543 374189
10.55 374125
10.564 374083
10.565 374080
10.566 374070
10.579 373993
10.641 373990
10.648 373978
10.65 373960
10.652 373944
10.653 373921
10.654 373899
10.656 373880
10.688 373875
10.692 373873
10.693 373871
10.694 373780
10.695 373773
10.697 373764
10.698 373754
10.704 373753
10.708 373747
10.71 373732
10.711 373731
10.712 373720
10.713 373714
10.714 373707
10.715 373651
10.716 373640
10.717 373632
10.719 373578
10.794 373539
10.807 373469
10.998 373448
11.002 373371
11.012 373367
11.013 373325
11.26 373314
11.261 373309
11.263 373285
11.294 373188
11.296 373184
11.328 372896
11.331 372889
11.342 372806
11.348 372781
11.492 372735
11.5 372696
11.501 372683
11.504 372602
11.505 372568
11.508 372443
11.512 372435
11.513 372398
11.514 372383
11.517 372361
11.518 372355
11.521 372297
11.526 372296
11.527 372244
11.528 372223
11.615 372202
11.624 372159
11.625 372151
11.63 372115
11.632 372101
11.634 372084
11.733 372030
11.734 372023
11.738 371997
11.739 371981
11.741 371935
11.744 371917
11.745 371905
11.75 371882
11.753 371844
11.765 371828
11.766 371814
11.807 371810
11.81 371809
11.811 371797
12.08 371782
12.081 371756
12.083 371730
12.084 371728
12.085 371720
12.087 371708
12.094 371704
12.095 371672
12.097 371642
12.098 371637
15.765 371613
15.783 371542
15.787 371531
15.8 371477
15.803 371476
15.804 371394
15.805 371373
15.812 371368
15.828 371361
15.829 371332
15.832 371325
15.833 371314
15.836 371292
15.837 371256
15.838 371229
15.845 371206
15.847 371203
15.848 371120
17.565 371113
17.567 371112
17.569 371108
17.57 371103
17.58 371054
17.584 371046
17.585 371022
17.589 371004
17.603 370797
17.61 370711
17.612 370690
17.636 370687
17.645 370660
17.654 370649
17.674 370637
17.675 370609
17.676 370584
17.678 370545
17.72 370510
17.722 370505
17.724 370496
17.724 370433
17.739 370413
17.746 370411
19.405 370391
19.408 370368
19.415 370361
19.423 370347
19.43 370327
19.432 370310
19.433 370303
19.434 370270
19.435 370198
19.437 370197
19.438 370168
20.594 370160
20.597 370128
20.791 370113
20.792 370104
20.796 370100
20.844 370063
20.858 370003
20.863 369970
21.81 369967
21.812 369947
21.814 369943
22.109 369930
22.127 369856
22.129 369836
22.133 369767
22.161 369705
22.165 369703
22.262 369664
24.632 369646
24.633 369609
24.635 369588
24.637 369483
24.639 369472
24.711 369432
24.724 369424
24.782 369419
24.79 369399
24.792 369391
24.795 369360
24.796 369341
24.805 369323
24.807 369316
24.808 369235
24.813 369218
24.814 369193
24.817 369179
24.821 369153
24.827 369130
24.973 369018
24.974 369008
24.989 368988
24.99 368973
24.991 368917
25 368880
25.003 368879
25.006 368828
25.009 368788
25.01 368736
25.012 368733
25.016 368697
25.019 368601
25.02 368538
25.023 368537
27.029 368536
27.033 368508
27.065 368506
27.066 368489
27.067 368479
30.549 368474
30.553 368457
30.563 368412
30.575 368401
30.649 368377
30.65 368353
30.651 368351
30.653 368294
30.655 368263
30.667 368238
30.668 368210
30.676 368209
30.684 368188
30.687 368185
30.764 368135
30.766 368104
30.803 368091
30.805 368084
30.809 368058
30.812 368037
30.814 368020
30.82 367995
30.821 367992
30.822 367919
30.841 367918
30.845 367911
30.853 367903
30.856 367893
30.86 367890
35.891 367883
35.893 367869
35.9 367806
35.902 367784
35.903 367767
35.904 367760
35.906 367726
35.908 367712
35.912 367668
35.977 367637
35.978 367624
35.98 367621
35.981 367619
35.982 367610
36.513 367603
37.293 367544
37.294 367538
40.259 367461
40.262 367459
40.264 367456
40.266 367428
40.268 367415
40.271 367393
40.778 367387
40.792 367319
40.801 367234
40.803 367189
40.819 367147
40.889 367139
40.891 367122
40.893 367086
40.895 367052
40.896 367045
40.9 367035
40.902 367031
40.906 366970
40.909 366951
41.008 366923
41.015 366893
41.019 366883
41.304 366831
41.306 366818
41.331 366798
41.334 366784
41.335 366695
41.34 366681
41.341 366673
41.346 366602
41.348 366582
41.354 366563
41.355 366560
41.441 366545
41.445 366495
41.447 366439
41.448 366428
41.449 366427
41.454 366330
41.458 366309
41.487 366308
41.49 366300
41.492 366273
41.496 366249
41.497 366239
41.502 366229
41.503 366221
42.211 366204
42.221 366202
42.223 366153
42.227 366137
42.229 366132
42.231 366123
42.234 366117
42.245 366091
42.247 366090
42.547 366089
42.652 366087
42.654 366055
42.657 365958
42.661 365956
42.666 365939
42.668 365892
42.669 365846
42.671 365816
42.675 365813
42.678 365799
42.68 365798
44.14 365786
44.141 365780
44.142 365763
44.144 365743
44.147 365641
44.149 365640
44.15 365628
44.155 365624
44.156 365601
44.904 365596
44.905 365591
44.936 365587
45.058 365585
45.061 365574
45.064 365568
45.065 365541
45.068 365531
45.069 365521
45.072 365509
45.075 365497
45.078 365485
45.081 365465
45.083 365462
45.084 365446
45.085 365439
45.13 365438
45.151 365436
45.156 365408
45.158 365399
45.161 365389
45.167 365369
45.18 365367
45.914 365325
45.918 365314
45.919 365293
45.927 365278
45.944 365272
45.946 365229
45.961 365175
45.963 365164
45.965 365145
45.966 365126
45.969 365119
45.971 365118
45.977 365110
45.98 365108
45.987 365087
45.989 365084
55.425 365054
55.429 364977
55.961 364961
55.964 364943
56 364937
56.022 364915
56.024 364891
56.031 364873
56.032 364870
56.04 364857
56.042 364850
56.05 364831
56.052 364819
56.054 364812
56.081 364805
56.084 364797
56.091 364794
56.093 364770
56.111 364748
56.174 364746
56.176 364689
56.178 364688
56.179 364686
56.181 364664
56.452 364657
56.453 364653
56.92 364629
56.922 364616
56.927 364608
56.929 364598
56.931 364552
56.934 364551
56.935 364549
56.942 364548
56.943 364506
56.955 364500
56.957 364491
56.959 364479
56.961 364432
56.963 364419
57.173 364396
57.192 364342
60.223 364279
60.227 364266
60.255 364259
60.257 364225
60.258 364206
60.26 364205
60.273 364184
60.511 364169
60.512 364156
61.83 364154
61.832 364146
61.833 364126
61.835 364095
61.84 364076
61.841 364072
61.843 364016
61.891 364008
61.893 363987
61.895 363981
61.896 363968
61.909 363967
61.914 363944
61.917 363934
61.92 363930
61.924 363921
61.926 363918
62.005 363887
62.012 363885
62.034 363865
62.035 363863
62.086 363853
62.089 363836
68.843 363799
68.844 363778
68.845 363767
68.846 363744
68.848 363736
74.17 363734
75.024 363722
75.025 363708
76.68 363698
76.868 363695
76.884 363685
76.891 363683
76.893 363675
76.895 363667
76.896 363661
76.9 363654
76.904 363647
76.907 363645
76.908 363616
78.146 363579
78.158 363565
78.158 363552
78.16 363499
78.161 363495
78.162 363494
78.164 363486
78.166 363468
78.169 363463
78.187 363439
78.188 363419
78.19 363390
78.195 363382
78.197 363303
78.205 363282
78.207 363249
78.283 363217
78.285 363178
78.286 363153
78.297 363145
78.316 363129
78.318 363128
78.322 363112
78.331 363109
80.696 363091
80.699 363081
80.702 363072
80.703 363027
80.706 363001
80.714 362975
80.716 362963
80.738 362956
80.77 362947
80.781 362918
80.799 362916
80.809 362909
85.354 362898
85.359 362896
85.362 362881
85.37 362851
85.4 362820
85.401 362788
85.891 362776
85.892 362764
85.904 362755
85.906 362743
85.909 362738
85.914 362704
85.916 362684
85.93 362678
85.932 362630
85.933 362618
87.617 362593
87.618 362534
88.044 362522
88.085 362444
88.089 362440
88.091 362428
88.983 362426
88.984 362415
88.988 362402
89.005 362396
90.963 362360
90.964 362354
90.966 362350
90.972 362335
90.973 362324
90.974 362318
90.975 362285
90.976 362281
90.982 362180
93.572 362179
93.687 362172
93.688 362160
93.69 362158
93.69 362147
93.692 362141
93.699 362127
93.702 362119
93.704 362034
93.706 362003
94.487 361980
94.493 361957
94.493 361953
94.498 361952
94.503 361938
94.507 361918
94.513 361915
94.525 361906
94.529 361899
94.537 361898
94.566 361873
94.567 361860
94.57 361817
94.572 361816
94.8 361800
94.822 361772
103.974 361771
103.979 361717
103.98 361694
103.983 361637
103.986 361608
103.994 361569
103.995 361562
103.996 361556
104.011 361547
104.21 361522
104.212 361521
104.226 361486
104.377 361452
104.382 361446
104.399 361432
104.403 361423
104.404 361408
104.405 361404
104.408 361377
104.409 361373
104.411 361361
104.413 361357
104.425 361344
104.57 361337
104.571 361254
104.899 361248
104.901 361246
105.309 361197
105.311 361169
105.346 361158
105.376 361157
105.377 361143
105.391 361141
105.414 361138
105.416 361135
105.431 361131
105.437 361130
111.109 361124
111.114 361114
111.326 361108
111.353 361082
111.354 361081
111.356 361067
111.357 361057
111.359 361056
111.36 361027
111.378 361011
111.379 361008
111.381 360997
111.394 360992
111.397 360953
111.399 360942
111.402 360935
111.403 360929
111.417 360922
112.014 360918
112.015 360912
112.017 360886
112.02 360870
112.022 360868
112.024 360867
112.162 360859
112.172 360857
112.179 360855
112.179 360854
112.189 360852
112.191 360842
112.192 360817
112.196 360779
112.237 360769
112.242 360762
112.329 360761
112.33 360753
112.332 360748
112.433 360742
112.436 360721
112.597 360692
112.6 360687
112.601 360677
112.602 360674
112.608 360657
119.711 360654
119.723 360643
120.1 360641
125.413 360640
125.418 360630
125.98 360622
126.579 360621
126.595 360620
126.598 360617
126.599 360601
126.601 360598
126.606 360597
126.842 360593
126.843 360592
126.853 360577
126.854 360575
126.855 360571
126.86 360534
126.862 360527
126.945 360510
126.959 360476
126.978 360473
126.982 360452
126.99 360440
127.018 360410
127.025 360409
128.629 360401
128.631 360389
128.635 360376
128.649 360375
128.65 360364
128.655 360360
128.657 360331
128.695 360325
128.698 360309
132.232 360305
132.251 360276
132.252 360275
132.286 360271
132.29 360266
132.296 360243
132.298 360230
132.301 360222
132.313 360217
132.316 360212
132.318 360190
132.325 360188
132.354 360174
132.36 360167
132.444 360157
133.831 360151
133.848 360145
133.851 360142
133.872 360113
133.885 360097
133.887 360093
133.89 360088
133.895 360085
133.91 360058
133.913 360057
133.92 360056
133.933 360054
133.935 360045
133.946 360042
133.952 360029
133.958 360013
134.09 359993
134.097 359991
134.103 359981
134.108 359968
134.115 359967
134.33 359940
134.348 359935
134.354 359855
134.364 359844
134.365 359835
134.379 359832
134.383 359825
134.388 359816
134.389 359787
134.39 359756
134.41 359744
134.412 359730
134.414 359712
134.417 359703
134.423 359700
134.429 359699
153.001 359697
153.003 359693
153.528 359681
153.529 359678
153.532 359675
153.536 359674
153.54 359657
153.542 359653
153.549 359648
153.609 359632
153.611 359622
153.612 359615
153.617 359608
153.62 359590
153.631 359564
153.644 359557
153.71 359533
153.713 359532
153.719 359475
153.723 359460
153.724 359448
153.739 359438
153.878 359432
153.879 359409
153.883 359397
153.982 359394
154 359386
154.006 359381
154.009 359362
154.011 359327
154.014 359307
154.05 359300
154.067 359291
159.694 359287
159.711 359267
159.714 359264
159.718 359255
159.757 359254
159.759 359250
159.764 359236
159.765 359228
159.773 359214
159.776 359159
159.779 359135
159.78 359117
159.783 359111
159.785 359100
159.804 359097
159.827 359096
159.836 359079
159.883 359078
159.888 359075
159.909 359074
159.911 359072
159.916 359057
159.919 359050
159.927 359044
159.928 359038
159.93 359032
160.026 359022
160.028 358997
160.032 358994
160.036 358985
160.078 358970
160.08 358965
160.08 358962
160.083 358955
160.084 358939
160.086 358932
160.102 358925
160.103 358923
160.109 358917
160.116 358911
160.118 358903
160.124 358900
160.125 358892
160.128 358891
160.129 358874
160.13 358871
162.816 358866
162.818 358855
165.515 358851
165.519 358844
165.573 358832
165.59 358829
165.594 358777
165.595 358776
165.609 358755
166.04 358754
166.051 358753
166.052 358739
166.057 358732
166.065 358728
166.068 358727
166.079 358676
166.09 358659
166.111 358629
166.116 358614
166.152 358613
166.175 358606
166.178 358605
166.179 358575
166.181 358545
166.19 358543
166.217 358529
166.218 358525
166.221 358522
166.249 358515
170.655 358499
170.661 358480
170.733 358467
170.741 358453
170.743 358440
170.793 358437
171.166 358428
171.168 358427
171.346 358424
171.355 358394
171.358 358374
171.483 358344
171.484 358335
171.485 358327
172.661 358314
172.667 358312
172.67 358301
172.671 358272
172.672 358269
172.709 358259
172.713 358242
172.727 358227
172.736 358202
173.55 358186
173.56 358172
173.563 358169
174.756 358168
174.812 358159
174.815 358149
180.12 358143
180.128 358138
180.136 358132
180.137 358130
180.138 358129
180.683 358086
180.686 358075
181.064 358073
181.067 358072
181.077 358071
181.088 358062
181.089 358030
181.139 358026
181.165 358019
181.175 358008
181.19 357992
181.231 357945
181.304 357936
181.32 357930
183.47 357926
183.475 357918
183.508 357916
183.602 357903
183.622 357898
183.793 357896
183.795 357887
183.836 357883
183.84 357882
183.841 357859
183.853 357835
183.856 357827
184.152 357812
184.16 357805
184.164 357792
184.165 357790
184.18 357787
184.381 357786
184.384 357783
184.388 357777
184.392 357776
184.411 357755
184.413 357735
184.429 357706
184.433 357705
185.347 357678
185.369 357663
185.401 357661
185.407 357657
185.479 357653
185.481 357645
185.487 357628
185.516 357620
185.524 357614
185.526 357613
185.7 357607
185.711 357588
185.713 357584
190.343 357575
190.349 357571
191.021 357564
191.028 357557
191.031 357531
191.672 357517
191.679 357512
191.71 357492
191.718 357486
191.73 357479
191.746 357470
192.862 357468
192.901 357467
192.902 357459
192.903 357458
192.907 357434
192.931 357420
192.931 357416
192.937 357401
192.938 357388
192.981 357379
193.266 357375
193.268 357365
193.322 357358
193.329 357356
193.333 357338
193.338 357337
193.34 357319
193.364 357314
193.367 357290
193.371 357282
193.372 357268
193.373 357264
193.382 357257
193.383 357255
193.389 357242
193.394 357236
193.395 357233
193.473 357230
193.474 357229
193.475 357219
193.495 357204
193.506 357201
193.53 357196
193.531 357195
193.557 357194
193.643 357185
193.66 357181
193.666 357179
193.903 357170
194.321 357168
194.323 357160
194.544 357137
195.05 357128
195.052 357127
195.059 357120
195.061 357111
195.077 357105
195.079 357098
195.12 357092
195.122 357082
195.129 357077
195.132 357075
195.138 357070
195.144 357067
195.145 357061
195.151 357048
195.158 357026
195.16 357019
195.938 357012
195.939 357007
195.946 356998
195.949 356995
195.957 356942
195.958 356932
195.962 356931
195.967 356905
195.969 356901
195.977 356890
195.991 356886
195.993 356883
195.994 356864
196.019 356863
196.024 356848
196.045 356845
196.053 356838
196.054 356834
196.063 356806
196.085 356805
196.091 356787
196.098 356776
196.121 356764
196.199 356756
196.203 356748
196.34 356744
196.343 356743
196.369 356735
196.372 356734
196.38 356731
196.41 356723
196.414 356714
196.415 356689
196.416 356688
196.421 356683
196.424 356672
196.427 356666
196.429 356638
196.445 356632
212.256 356628
212.263 356623
212.277 356607
212.29 356602
212.529 356587
213.12 356562
213.162 356561
213.163 356553
213.195 356545
213.199 356543
213.207 356541
213.288 356523
213.289 356520
213.29 356494
213.291 356490
213.292 356486
213.44 356479
213.441 356475
213.459 356450
213.466 356446
213.635 356435
213.639 356431
213.645 356425
213.651 356417
213.666 356390
213.697 356386
213.706 356383
213.713 356373
213.716 356364
216.882 356343
216.891 356340
216.896 356330
216.897 356315
216.905 356312
217.454 356305
217.628 356300
217.639 356299
217.708 356298
217.709 356295
218.103 356284
218.104 356279
218.108 356274
218.109 356272
218.122 356271
218.125 356224
218.137 356222
218.299 356213
218.304 356212
218.31 356200
218.317 356194
218.396 356186
218.4 356168
223.039 356166
223.125 356158
223.128 356145
223.135 356143
223.18 356139
223.187 356124
223.194 356121
223.198 356118
223.21 356113
223.213 356111
223.233 356109
223.271 356106
223.272 356104
223.284 356091
223.503 356083
223.507 356069
223.514 356064
227.82 356053
227.843 356047
227.851 356045
227.854 356026
227.864 356020
227.871 356014
227.89 356011
227.891 356007
227.913 355995
227.945 355993
228.597 355982
228.598 355981
229.751 355978
229.754 355967
229.757 355963
229.761 355961
229.794 355930
229.8 355928
229.809 355908
229.811 355907
229.826 355884
229.827 355882
230.059 355865
230.18 355864
230.185 355859
230.191 355854
230.192 355846
230.263 355839
230.277 355837
230.277 355835
230.656 355834
230.661 355833
230.742 355821
230.751 355820
230.796 355788
230.814 355784
230.817 355768
230.823 355767
230.824 355763
230.835 355752
230.846 355743
230.846 355740
230.852 355736
230.879 355733
231.695 355725
231.699 355724
231.796 355723
231.804 355722
231.819 355717
231.822 355716
231.825 355704
233.45 355696
233.453 355667
233.462 355666
233.472 355645
233.495 355641
233.502 355640
235.117 355635
235.158 355632
235.187 355626
235.203 355619
235.212 355612
235.215 355608
235.225 355598
235.246 355588
235.247 355587
235.822 355586
235.824 355583
235.827 355580
235.84 355568
235.846 355557
235.859 355539
235.866 355538
235.889 355534
235.902 355513
235.915 355506
237.283 355490
237.285 355482
237.289 355480
237.363 355479
237.42 355473
237.421 355471
237.422 355457
238.07 355448
238.095 355447
238.984 355439
239.013 355433
239.022 355429
239.167 355421
239.187 355415
239.191 355398
239.253 355391
239.413 355377
239.414 355373
239.424 355351
239.429 355341
239.435 355335
239.525 355327
239.541 355325
239.555 355318
239.556 355316
239.575 355315
239.578 355299
240.529 355297
240.572 355295
240.58 355290
240.914 355284
240.918 355279
240.937 355278
240.938 355272
240.968 355254
241.021 355241
241.033 355234
241.04 355221
241.068 355219
241.089 355214
241.709 355208
241.715 355204
241.717 355199
241.725 355195
241.735 355192
241.745 355189
242.056 355188
242.059 355187
242.062 355184
242.093 355183
242.727 355178
243.128 355146
244.278 355144
244.288 355141
244.299 355138
244.306 355127
244.333 355123
244.363 355118
244.365 355115
244.369 355108
244.501 355106
244.518 355097
244.523 355088
244.544 355080
244.545 355059
244.58 355053
244.6 355045
244.614 355042
244.615 355030
244.638 355028
244.805 355024
244.808 355012
260.343 355007
260.351 355004
260.364 355003
260.37 355002
260.378 354994
260.392 354993
260.446 354989
260.478 354988
260.493 354982
261.21 354955
261.248 354943
261.261 354942
261.274 354939
261.28 354937
261.297 354935
261.309 354919
261.373 354917
261.374 354915
261.383 354906
261.437 354902
261.823 354895
261.833 354888
261.84 354878
261.856 354873
261.863 354866
261.867 354865
261.884 354855
261.906 354852
261.918 354848
261.957 354826
261.985 354822
262.004 354820
262.014 354816
262.026 354806
262.035 354801
262.051 354796
262.126 354787
262.129 354782
262.13 354769
262.163 354762
262.168 354761
262.169 354757
262.199 354755
262.295 354737
262.321 354732
262.333 354729
262.341 354727
262.39 354712
262.399 354710
262.431 354698
262.439 354687
262.476 354682
262.479 354679
265.043 354675
265.051 354667
265.065 354666
265.082 354665
265.289 354664
266.495 354660
266.631 354644
266.647 354638
266.656 354633
267.763 354629
267.773 354621
267.781 354616
267.798 354615
267.819 354614
269.304 354613
269.331 354610
269.352 354607
269.716 354591
269.731 354579
269.736 354574
269.746 354567
269.754 354564
269.761 354562
269.775 354551
269.836 354550
269.843 354545
269.854 354539
270.217 354538
270.22 354524
270.228 354522
270.238 354519
270.247 354518
270.254 354517
270.257 354513
270.574 354500
270.578 354499
270.587 354496
270.592 354493
270.708 354484
270.714 354480
276.498 354448
276.513 354445
276.55 354436
276.558 354429
276.564 354420
276.94 354417
276.943 354415
276.95 354411
276.965 354402
276.988 354395
277.051 354394
277.061 354388
277.064 354379
277.08 354373
277.15 354371
277.163 354367
277.185 354361
279.328 354351
279.329 354345
279.342 354338
279.443 354336
279.485 354329
279.489 354316
279.507 354314
279.593 354302
279.746 354295
279.754 354289
280.485 354252
280.489 354237
280.495 354227
280.498 354224
280.86 354212
280.864 354209
280.874 354208
281.536 354201
281.537 354195
281.605 354194
281.612 354193
281.655 354185
281.656 354183
281.66 354174
281.691 354170
281.695 354169
281.803 354162
281.813 354152
281.814 354150
281.869 354148
281.882 354146
281.887 354145
281.892 354144
281.894 354141
281.925 354135
281.942 354134
281.96 354131
281.978 354129
281.98 354125
282.566 354121
282.631 354115
282.642 354096
282.743 354093
282.82 354082
282.841 354081
282.848 354074
283.399 354064
283.403 354058
283.405 354055
283.415 354054
283.417 354053
283.418 354048
283.455 354046
283.462 354031
283.467 354025
283.488 354018
283.512 354014
283.519 354010
283.53 354009
285.851 353998
286.263 353985
286.267 353982
286.282 353973
286.285 353972
286.502 353965
286.523 353959
286.531 353958
286.535 353942
286.535 353931
286.569 353926
286.571 353925
286.583 353924
286.584 353912
286.594 353909
286.606 353907
286.778 353906
286.779 353904
286.789 353897
286.794 353891
286.804 353886
286.825 353885
286.837 353875
287.115 353873
287.127 353867
287.148 353864
287.18 353850
287.213 353846
287.295 353844
287.299 353843
288.146 353840
288.16 353832
289.543 353828
289.55 353826
289.555 353822
289.587 353814
289.617 353811
289.849 353810
290.166 353809
290.334 353804
290.347 353799
290.349 353795
290.35 353793
290.369 353791
292.74 353790
292.747 353780
292.748 353777
293.88 353776
293.881 353775
294.062 353749
294.134 353748
294.139 353742
294.16 353735
294.161 353730
294.166 353717
294.18 353714
294.196 353698
294.208 353694
294.282 353693
294.286 353692
294.316 353689
294.322 353679
294.323 353678
294.344 353676
294.346 353658
294.364 353645
294.382 353644
294.383 353643
294.577 353641
294.6 353640
294.612 353638
294.634 353635
294.64 353632
294.68 353629
294.707 353620
296.069 353617
296.071 353614
296.072 353605
296.078 353603
296.079 353602
296.094 353600
296.162 353599
302.442 353597
302.455 353594
302.476 353591
302.485 353589
304.06 353586
304.065 353574
304.074 353573
304.089 353565
304.102 353561
304.15 353555
304.187 353554
304.2 353553
304.212 353551
304.23 353549
310.265 353535
310.298 353534
310.302 353532
310.313 353528
310.339 353523
310.434 353520
310.437 353515
310.446 353509
310.56 353506
310.574 353493
310.61 353492
310.621 353485
310.624 353481
310.908 353478
310.942 353476
310.969 353475
310.978 353473
310.996 353457
311 353456
311.014 353452
311.018 353448
311.037 353442
311.038 353434
312.094 353430
312.13 353429
312.221 353423
312.225 353421
312.248 353418
312.454 353412
312.471 353402
312.482 353401
312.527 353400
312.631 353398
313.202 353396
313.208 353394
313.223 353390
313.253 353388
313.271 353387
313.322 353384
313.523 353377
313.527 353365
313.55 353362
318.42 353356
320.008 353354
320.126 353353
320.147 353352
320.282 353351
320.304 353343
320.306 353335
320.519 353332
320.564 353326
320.567 353324
321.315 353318
321.47 353314
321.536 353313
321.642 353310
322.203 353308
322.226 353306
322.369 353303
322.404 353300
322.549 353295
322.561 353293
322.906 353289
322.926 353284
322.942 353280
322.952 353278
323.026 353262
323.614 353256
328.52 353255
328.533 353251
328.547 353247
328.55 353246
328.565 353243
328.578 353242
328.659 353232
331.005 353227
331.029 353225
331.444 353223
331.476 353218
331.478 353217
331.493 353214
331.581 353212
331.59 353211
331.604 353207
331.609 353201
331.63 353199
331.658 353196
331.672 353191
331.679 353186
331.684 353182
332.435 353176
332.443 353163
332.452 353162
332.49 353160
332.529 353141
332.542 353138
332.56 353135
332.675 353122
332.693 353121
332.758 353117
332.794 353116
332.836 353113
332.877 353108
332.886 353105
332.985 353093
333.179 353090
333.864 353087
333.886 353085
333.933 353083
334.033 353078
334.114 353075
334.129 353071
334.143 353070
334.166 353067
334.182 353061
334.193 353059
334.287 353056
334.29 353054
338.329 353052
338.353 353046
338.387 353044
338.401 353042
338.502 353040
338.665 353037
338.668 353034
338.706 353031
338.716 353027
338.82 353025
338.829 353024
338.847 353022
340.838 353019
340.901 353018
340.985 353015
348.838 353013
348.893 353012
348.902 353011
348.949 353007
348.983 353006
348.995 353004
349.034 353001
349.353 352997
349.691 352996
349.713 352991
349.725 352987
350.682 352985
350.703 352981
350.761 352979
350.767 352977
351.205 352970
351.245 352966
351.25 352965
351.267 352958
351.307 352957
352.449 352956
352.471 352948
352.543 352947
353.126 352940
353.165 352938
353.167 352937
353.625 352935
353.65 352934
353.677 352931
353.683 352928
353.718 352926
353.738 352925
353.809 352919
356.409 352917
356.467 352916
357.358 352915
357.364 352910
357.391 352907
359.341 352905
359.392 352901
359.41 352899
359.424 352898
361.187 352895
361.277 352893
361.316 352891
361.539 352890
361.54 352888
362.161 352886
362.23 352885
362.239 352884
362.318 352881
362.323 352880
363.17 352877
363.633 352876
363.639 352868
363.706 352867
363.719 352866
363.737 352855
363.75 352854
363.775 352851
363.851 352849
363.855 352848
363.932 352839
364.239 352835
364.256 352829
364.399 352828
364.624 352827
364.649 352823
364.684 352820
365.205 352818
365.293 352817
365.295 352816
365.389 352810
366.311 352809
367.437 352808
367.538 352804
367.62 352802
367.662 352800
367.673 352795
367.749 352794
368.103 352793
368.312 352791
369.714 352784
369.747 352781
369.752 352779
369.767 352775
369.783 352774
369.791 352773
370.433 352772
370.708 352767
371.39 352763
371.391 352760
371.578 352758
371.646 352757
371.667 352753
371.69 352752
372.526 352750
372.536 352742
372.6 352739
372.714 352737
373.356 352734
373.445 352733
374.103 352730
374.871 352729
374.911 352726
374.933 352721
375.881 352720
376.607 352719
376.719 352717
376.848 352712
376.871 352707
376.9 352706
377.732 352704
377.95 352703
378.135 352702
378.336 352701
378.39 352700
378.597 352698
378.602 352694
378.637 352693
378.652 352691
378.891 352689
381.974 352688
382.488 352687
382.5 352686
382.508 352682
382.558 352676
382.559 352674
393.445 352673
393.519 352672
393.606 352671
394.406 352669
394.55 352668
394.649 352667
394.65 352666
394.69 352665
394.707 352661
394.748 352660
394.877 352659
394.965 352658
394.983 352652
395.799 352648
395.87 352645
396.016 352643
396.12 352642
396.161 352640
396.3 352636
396.306 352631
396.921 352628
397.073 352626
397.124 352625
397.165 352623
398.602 352618
398.627 352616
398.936 352610
399.328 352609
399.331 352606
399.409 352603
399.44 352602
399.495 352601
399.521 352600
399.561 352598
399.599 352594
399.614 352592
399.684 352590
399.739 352587
399.743 352586
400.331 352584
400.733 352583
400.778 352582
401.025 352581
401.048 352579
401.15 352577
401.253 352576
401.63 352575
402.575 352569
402.622 352566
402.924 352557
405.746 352556
406.97 352555
407.087 352550
407.168 352549
407.221 352542
407.307 352541
407.309 352539
407.696 352538
407.824 352534
407.934 352533
407.966 352531
408.194 352528
408.251 352527
408.262 352526
408.287 352525
408.362 352523
408.405 352520
408.429 352519
408.469 352517
408.563 352513
408.576 352512
408.577 352511
409.172 352510
409.225 352507
409.228 352506
409.356 352505
409.55 352504
413.447 352503
413.7 352501
413.72 352500
413.757 352499
414.128 352497
414.152 352495
414.293 352494
414.317 352493
414.415 352492
415.072 352491
415.079 352490
415.719 352489
415.944 352488
416.019 352487
416.091 352486
416.151 352485
416.322 352482
416.325 352481
416.339 352480
416.384 352478
418.053 352474
418.173 352470
418.211 352469
418.275 352468
418.308 352465
418.545 352464
419.535 352460
419.624 352458
419.663 352456
419.758 352455
419.776 352454
420.411 352450
421.275 352446
421.279 352445
421.725 352444
