9.725 311463
9.726 311460
9.727 311444
9.729 311415
9.731 311412
9.735 311230
9.74 311174
9.742 311167
9.744 311130
9.745 311111
9.746 311060
9.747 311055
9.749 311051
9.75 311045
9.751 311037
9.752 310911
9.753 310910
9.755 310836
9.756 310821
9.757 310819
9.76 310630
9.761 310625
9.763 310599
9.764 310593
9.765 310588
9.77 310538
9.771 310459
9.772 310457
9.774 310373
9.775 310371
9.778 310286
9.78 310246
9.781 310233
9.783 310225
9.784 310220
9.786 310121
9.787 310061
9.788 310035
9.789 309984
9.791 309979
9.793 309957
9.797 309940
9.802 309936
9.804 309887
9.806 309877
9.807 309855
9.809 309822
9.811 309760
9.813 309754
9.814 309703
9.816 309702
9.817 309689
9.818 309686
9.819 309674
9.82 309663
9.823 309658
9.825 309638
9.826 309614
9.827 309562
9.829 309558
9.83 309540
9.832 309374
9.833 309349
9.835 309327
9.836 309298
9.838 309220
9.84 309204
9.842 309176
9.844 309154
9.845 309141
9.846 309075
9.848 309006
9.85 309005
9.852 309003
9.854 308965
9.855 308957
9.856 308942
9.858 308872
9.859 308866
9.861 308844
9.862 308822
9.863 308820
9.864 308783
9.867 308758
9.868 308753
9.869 308743
9.875 308742
9.876 308739
9.879 308655
9.88 308648
9.883 308646
9.884 308642
9.885 308594
9.887 308590
9.888 308560
9.895 308558
9.896 308555
9.898 308544
9.9 308527
9.902 308396
9.903 308393
9.904 308352
9.906 308345
9.907 308323
9.908 308307
9.909 308303
9.911 308302
9.913 308301
9.915 308282
9.916 308272
9.92 308251
9.922 308229
9.924 308217
9.929 308200
9.933 308178
9.935 308131
9.938 308053
9.941 308041
9.942 308027
9.944 307927
9.947 307864
9.948 307839
9.95 307823
9.951 307817
9.952 307800
9.953 307790
9.954 307772
9.956 307753
9.957 307748
9.959 307743
9.96 307735
9.962 307731
9.964 307710
9.966 307663
9.967 307635
9.969 307619
9.97 307614
9.971 307607
9.973 307604
9.974 307581
9.976 307574
9.979 307572
9.981 307570
9.983 307540
9.988 307523
9.99 307513
9.991 307348
9.992 307331
9.995 307315
9.996 307300
9.998 307287
10 307286
10.001 307275
10.002 307273
10.003 307223
10.004 307218
10.006 307212
10.008 307209
10.01 307193
10.012 307187
10.013 307184
10.025 307175
10.029 307173
10.03 307152
10.031 307122
10.037 307114
10.039 307094
10.04 307077
10.047 307034
10.048 307000
10.05 306983
10.052 306977
10.055 306949
10.056 306945
10.058 306915
10.06 306531
10.062 306529
10.066 306522
10.069 306449
10.073 306425
10.074 306357
10.076 306351
10.078 306298
10.079 306292
10.081 306282
10.083 306261
10.084 306218
10.085 306217
10.087 306213
10.088 306196
10.09 306172
10.092 306170
10.097 306140
10.099 306137
10.1 306135
10.102 306092
10.104 306072
10.106 306066
10.108 306037
10.11 306028
10.111 306019
10.113 306012
10.115 306009
10.117 305986
10.119 305983
10.122 305938
10.123 305932
10.133 305917
10.137 305881
10.14 305860
10.141 305809
10.143 305770
10.145 305758
10.17 305747
10.178 305744
10.179 305738
10.18 305735
10.183 305621
10.184 305608
10.186 305591
10.187 305568
10.188 305565
10.189 305485
10.191 305473
10.193 305468
10.197 305444
10.198 305439
10.2 305428
10.202 305353
10.203 305346
10.206 305340
10.207 305306
10.21 305305
10.212 305268
10.214 305235
10.216 305232
10.22 305192
10.221 305182
10.223 305170
10.225 305162
10.227 305154
10.233 305153
10.234 305147
10.235 305142
10.24 305113
10.241 305107
10.246 305090
10.247 305084
10.249 305076
10.25 305054
10.251 305048
10.253 305041
10.261 305035
10.263 304984
10.266 304980
10.269 304899
10.272 304893
10.273 304887
10.274 304876
10.276 304865
10.278 304848
10.284 304834
10.285 304802
10.288 304736
10.29 304730
10.291 304729
10.293 304712
10.296 304699
10.302 304695
10.307 304690
10.308 304689
10.309 304670
10.313 304663
10.315 304637
10.317 304623
10.32 304621
10.321 304618
10.325 304617
10.326 304616
10.331 304609
10.334 304604
10.336 304594
10.341 304587
10.343 304584
10.398 304575
10.403 304574
10.406 304573
10.407 304572
10.41 304568
10.415 304567
10.417 304564
10.425 304562
10.427 304556
10.428 304555
10.445 304542
10.447 304527
10.451 304503
10.458 304496
10.466 304487
10.492 304484
10.501 304476
10.505 304463
10.506 304451
10.508 304450
10.511 304437
10.513 304436
10.514 304423
10.517 304413
10.519 304407
10.521 304366
10.522 304356
10.523 304349
10.526 304348
10.528 304347
10.531 304134
10.539 304115
10.553 304104
10.555 304100
10.557 304076
10.558 304048
10.563 304046
10.565 304040
10.566 304039
10.57 304022
10.586 304021
10.589 304020
10.592 303997
10.593 303977
10.596 303923
10.597 303909
10.599 303890
10.603 303878
10.606 303866
10.609 303850
10.611 303848
10.613 303829
10.614 303828
10.618 303822
10.621 303821
10.625 303815
10.626 303814
10.644 303804
10.65 303792
10.652 303788
10.654 303750
10.655 303747
10.676 303721
10.68 303718
10.683 303708
10.684 303689
10.685 303688
10.687 303685
10.691 303669
10.696 303606
10.7 303598
10.703 303581
10.704 303580
10.715 303532
10.719 303522
10.728 303497
10.731 303494
10.734 303484
10.763 303475
10.772 303470
10.778 303465
10.783 303463
10.785 303460
10.787 303434
10.79 303412
10.796 303389
10.798 303388
10.804 303381
10.806 303380
10.808 303377
10.826 303370
10.83 303366
10.832 303365
10.838 303308
10.842 303307
10.855 303306
10.856 303305
10.943 303298
10.945 303282
10.946 303278
10.948 303274
10.954 303266
10.956 303261
10.957 303260
10.96 303197
10.963 303183
10.964 303181
10.967 303180
10.968 303175
10.971 303168
10.974 303163
10.977 303162
10.981 303161
10.985 303151
10.988 303149
10.991 303148
10.992 303140
11.001 303139
11.004 303130
11.008 303125
11.012 303114
11.013 303109
11.015 303076
11.017 303053
11.025 303049
11.059 302991
11.063 302974
11.065 302966
11.067 302945
11.074 302941
11.08 302939
11.082 302927
11.084 302908
11.086 302906
11.088 302905
11.089 302904
11.092 302889
11.11 302874
11.112 302867
11.116 302866
11.122 302855
11.127 302848
11.143 302842
11.146 302841
11.149 302836
11.15 302819
11.16 302769
11.161 302766
11.163 302755
11.17 302745
11.172 302744
11.174 302741
11.178 302740
11.179 302724
11.183 302721
11.184 302719
11.189 302694
11.196 302674
11.211 302670
11.222 302651
11.224 302647
11.227 302642
11.233 302620
11.237 302616
11.243 302575
11.273 302567
11.274 302555
11.316 302553
11.318 302551
11.324 302536
11.327 302519
11.329 302518
11.33 302517
11.332 302515
11.345 302507
11.347 302497
11.35 302482
11.568 302449
11.593 302442
11.596 302441
11.6 302431
11.604 302427
11.608 302413
11.642 302410
11.646 302404
11.649 302403
11.997 302398
11.998 302384
12.106 302382
12.107 302381
12.121 302376
12.123 302362
12.142 302357
12.163 302349
12.474 302347
12.476 302345
12.478 302344
12.48 302343
12.481 302326
12.486 302314
12.488 302309
12.511 302307
12.515 302306
12.517 302304
12.543 302299
12.552 302298
12.555 302297
12.558 302294
12.564 302291
12.565 302258
12.566 302255
12.575 302229
12.577 302216
12.581 302201
12.589 302197
12.608 302169
12.97 302166
13.1 302152
13.101 302142
13.104 302131
13.107 302119
18.413 302071
18.415 302070
19.213 302046
19.218 302044
19.226 302042
19.256 302022
19.258 302010
19.259 301979
19.262 301969
19.267 301962
19.269 301933
19.28 301928
19.283 301923
19.29 301917
19.291 301898
19.293 301896
19.304 301893
19.312 301892
19.323 301881
19.325 301855
19.327 301854
19.333 301845
19.335 301841
19.336 301838
19.342 301817
19.417 301800
19.419 301796
19.42 301779
19.422 301750
19.433 301748
19.491 301739
19.496 301713
19.674 301705
19.85 301694
20.076 301691
20.082 301688
20.087 301680
20.091 301669
20.099 301655
20.1 301652
20.103 301651
20.105 301648
20.106 301647
20.532 301625
20.533 301609
20.536 301594
20.638 301577
20.642 301575
20.643 301571
20.647 301565
20.648 301543
20.655 301529
20.656 301521
20.666 301517
20.668 301507
20.669 301503
20.672 301485
20.674 301479
20.911 301472
20.913 301470
21.248 301375
21.249 301372
21.269 301345
21.37 301335
21.374 301329
21.375 301323
21.379 301308
21.381 301287
21.384 301282
21.385 301272
21.387 301269
21.391 301263
21.394 301209
21.399 301196
21.401 301181
21.402 301170
21.409 301159
21.412 301149
24.284 301111
24.3 301099
24.313 301087
24.315 301033
24.4 301023
24.403 301021
24.405 301020
24.408 301019
24.41 301017
24.413 301003
24.417 300995
24.422 300989
24.423 300969
24.425 300962
24.428 300959
24.43 300925
24.795 300912
24.797 300901
24.798 300889
24.803 300886
24.804 300883
24.809 300872
24.813 300866
24.894 300865
24.896 300863
24.897 300854
24.899 300838
24.904 300816
24.915 300815
24.937 300798
24.939 300790
24.952 300781
24.96 300747
24.967 300731
24.969 300728
24.973 300720
25.001 300702
25.009 300694
25.023 300692
25.025 300691
25.3 300689
25.302 300687
25.303 300686
25.305 300673
25.314 300671
25.428 300650
25.437 300634
25.439 300627
25.44 300626
25.441 300622
25.443 300619
25.448 300614
25.449 300604
25.455 300600
25.456 300582
25.466 300580
25.468 300577
25.469 300563
25.47 300558
25.472 300550
25.478 300478
25.532 300474
25.539 300470
25.541 300458
25.542 300441
25.544 300440
25.611 300428
25.613 300426
25.615 300405
25.616 300393
25.617 300391
25.619 300390
25.635 300388
25.638 300356
25.642 300335
25.645 300327
25.647 300276
25.651 300260
25.652 300258
25.657 300240
25.658 300236
25.659 300224
25.675 300171
25.677 300166
25.678 300150
25.679 300116
25.691 300115
25.726 300108
26.819 300098
26.824 300097
35.544 300096
35.6 300091
35.643 300052
35.646 300049
35.648 300046
35.66 299963
35.664 299955
35.666 299948
36.047 299945
36.056 299929
36.06 299923
36.063 299919
36.077 299878
36.084 299875
36.203 299859
36.205 299850
36.21 299844
36.217 299843
36.229 299818
36.973 299814
36.975 299813
36.977 299811
36.978 299809
36.979 299800
36.983 299798
36.988 299795
36.998 299785
37.026 299767
37.028 299762
37.03 299708
37.031 299685
37.034 299667
37.039 299661
37.043 299660
37.044 299657
37.05 299656
37.069 299637
37.1 299633
37.769 299603
37.772 299574
37.774 299561
37.775 299554
37.777 299541
37.782 299538
37.783 299491
37.785 299478
37.786 299474
37.788 299472
37.79 299463
37.803 299438
37.805 299415
38.04 299412
38.046 299411
38.062 299410
38.097 299403
38.313 299385
38.322 299382
38.324 299369
38.348 299355
38.351 299354
38.92 299344
38.922 299331
38.929 299324
38.934 299312
38.936 299290
38.955 299274
38.958 299265
38.96 299248
38.961 299247
39.907 299222
39.909 299214
39.988 299149
39.991 299145
39.997 299110
40.003 299107
40.005 299099
40.007 299064
40.009 299025
40.013 299023
40.018 299011
40.02 299000
40.023 298969
40.024 298963
40.026 298953
40.029 298948
40.03 298946
40.035 298945
40.044 298938
40.048 298930
40.05 298874
40.063 298847
40.096 298827
40.099 298815
40.102 298801
40.107 298791
40.109 298721
40.113 298662
40.121 298653
40.122 298650
40.127 298606
40.128 298600
40.135 298594
40.145 298581
40.147 298576
40.148 298575
40.158 298529
40.161 298524
40.162 298512
40.325 298507
40.327 298468
40.328 298458
40.33 298452
40.444 298446
40.54 298439
40.555 298419
40.557 298416
40.574 298392
40.575 298391
40.584 298375
40.585 298368
40.623 298354
40.653 298334
40.654 298332
40.657 298330
40.661 298326
40.662 298323
40.664 298320
40.707 298291
40.719 298238
40.722 298212
40.725 298211
40.728 298200
40.729 298197
40.73 298184
40.732 298181
40.733 298168
40.737 298162
40.738 298147
40.758 298132
40.759 298124
40.761 298093
40.764 298091
41.235 298078
41.237 298076
41.24 298072
41.241 298071
41.245 298062
41.246 298037
41.249 298034
41.25 298031
41.252 298023
41.254 298021
41.255 298018
41.3 298016
41.302 298012
41.305 297995
41.306 297986
41.411 297959
41.633 297956
41.634 297952
41.64 297939
41.795 297932
41.8 297928
41.802 297918
41.807 297890
41.81 297884
41.812 297858
41.822 297832
41.826 297820
41.829 297818
41.856 297808
41.858 297805
41.86 297802
41.865 297800
41.867 297793
41.928 297788
41.929 297787
41.934 297779
41.938 297771
41.948 297764
41.95 297750
41.984 297746
41.986 297745
42.005 297740
42.008 297725
42.009 297712
42.135 297711
42.136 297690
42.414 297677
42.416 297660
42.417 297656
42.471 297651
42.475 297650
42.477 297624
42.479 297609
42.489 297582
42.491 297572
42.492 297571
42.501 297561
46.113 297549
46.115 297540
46.119 297524
46.12 297521
46.14 297515
46.179 297506
46.181 297505
46.182 297491
46.188 297489
46.189 297487
46.192 297485
46.204 297464
46.206 297425
46.207 297421
46.224 297412
47.104 297408
47.107 297398
47.108 297374
47.115 297353
47.164 297352
47.166 297336
47.168 297332
47.171 297330
47.176 297327
47.178 297324
47.211 297307
47.213 297293
47.223 297290
47.227 297272
47.232 297270
47.234 297245
47.235 297231
47.466 297216
47.474 297163
47.477 297161
47.529 297121
47.54 297119
47.566 297087
47.574 297082
47.576 297046
47.577 297034
47.581 297019
47.585 296996
47.586 296990
47.588 296978
47.593 296972
47.595 296969
47.597 296967
47.599 296963
47.603 296961
47.604 296960
47.607 296949
47.695 296944
47.7 296878
47.71 296868
47.713 296864
47.714 296843
47.715 296829
48.777 296823
48.798 296821
48.799 296820
48.801 296805
48.819 296803
48.821 296786
48.823 296780
48.824 296775
48.831 296774
48.834 296773
48.855 296770
48.856 296769
48.858 296765
48.859 296760
48.861 296754
48.863 296726
49.103 296703
49.108 296690
52.927 296652
52.928 296645
52.939 296620
52.94 296615
52.942 296599
52.944 296594
56.309 296590
56.31 296568
56.311 296542
56.319 296519
56.32 296515
56.323 296495
56.326 296494
56.331 296458
56.333 296448
56.367 296445
56.42 296436
56.436 296389
56.438 296385
56.441 296360
56.445 296343
56.448 296335
56.453 296333
56.459 296331
56.461 296320
56.463 296302
56.464 296269
56.466 296248
56.48 296243
56.484 296239
56.485 296224
56.487 296219
56.49 296204
56.508 296202
56.51 296201
56.512 296196
56.558 296178
56.564 296176
56.574 296161
56.576 296159
56.58 296151
56.582 296150
56.584 296135
56.587 296130
56.588 296129
56.59 296128
56.594 296089
56.596 296075
56.598 296071
56.603 296061
57.651 296030
57.657 295997
57.659 295982
57.67 295961
57.712 295959
58.554 295958
58.556 295957
58.565 295939
58.567 295932
58.586 295930
58.675 295919
58.68 295914
58.685 295904
58.735 295890
58.737 295877
58.739 295861
58.744 295832
58.748 295831
58.803 295829
58.805 295823
58.809 295809
58.812 295799
58.828 295771
58.834 295769
58.837 295756
58.84 295755
58.861 295746
58.872 295710
58.874 295691
58.894 295687
58.905 295664
58.908 295662
58.913 295657
58.941 295656
59.272 295643
59.28 295638
59.282 295613
59.283 295607
59.286 295595
59.308 295577
59.341 295571
63.101 295544
63.159 295541
63.166 295536
63.169 295519
63.172 295485
63.174 295482
63.176 295476
63.277 295472
66.893 295463
66.895 295451
66.897 295425
67.043 295422
67.052 295410
67.054 295405
67.055 295401
67.059 295398
67.061 295391
67.07 295385
67.087 295378
67.101 295372
67.103 295367
67.106 295313
67.262 295299
67.264 295284
67.271 295248
67.274 295242
67.291 295232
67.558 295231
67.559 295224
67.56 295223
67.566 295218
67.607 295215
67.61 295196
67.613 295185
67.616 295179
67.625 295172
67.626 295158
67.633 295151
67.637 295148
67.64 295145
67.735 295144
67.75 295126
67.85 295122
67.998 295078
68 295053
68.142 295043
68.162 295040
68.166 295039
68.168 295037
70.308 295023
70.309 295014
70.316 294994
70.317 294988
70.325 294968
70.327 294964
70.333 294963
70.335 294959
70.338 294956
70.339 294952
70.345 294940
70.347 294934
70.351 294928
70.356 294925
70.359 294924
70.364 294922
70.405 294894
70.408 294888
70.409 294886
70.411 294877
70.413 294868
70.418 294867
70.426 294855
70.427 294851
70.428 294850
70.433 294822
70.462 294801
70.464 294800
70.465 294786
70.472 294785
70.492 294777
70.495 294775
70.497 294771
70.502 294770
70.55 294758
70.552 294751
70.554 294749
70.555 294745
70.557 294722
70.569 294679
70.571 294669
70.577 294664
70.578 294639
70.581 294638
70.583 294626
70.587 294613
70.706 294608
70.709 294594
70.711 294586
70.719 294580
70.721 294573
70.723 294548
72.296 294540
72.3 294531
72.324 294513
72.329 294499
72.331 294477
72.345 294476
76.37 294464
76.372 294438
76.373 294435
76.38 294433
76.395 294401
76.416 294379
76.419 294378
76.421 294372
77.426 294366
77.428 294346
77.431 294337
77.434 294318
77.446 294313
77.448 294299
77.455 294284
77.459 294277
77.46 294275
77.469 294266
77.473 294242
77.475 294230
77.478 294218
77.479 294214
77.575 294213
77.579 294211
78.844 294191
78.858 294188
78.872 294181
78.874 294180
78.876 294171
78.877 294170
78.88 294168
78.889 294149
78.894 294145
78.897 294121
78.898 294112
78.901 294108
78.904 294103
78.905 294098
78.909 294094
78.912 294093
78.926 294091
78.934 294088
79.01 294068
79.039 294060
79.054 294032
79.055 294001
79.062 293966
79.066 293962
79.069 293957
79.071 293956
79.081 293948
79.087 293947
79.091 293937
79.093 293935
79.113 293932
79.127 293930
79.131 293919
79.169 293918
79.171 293914
79.173 293899
79.176 293892
79.178 293888
79.179 293886
79.182 293868
79.466 293862
79.468 293850
79.472 293844
79.474 293842
79.476 293802
79.494 293791
79.499 293786
79.5 293780
79.501 293765
79.537 293748
79.539 293746
79.541 293744
79.544 293743
79.545 293741
79.549 293735
79.552 293732
79.713 293717
79.731 293681
79.734 293666
79.816 293652
79.821 293651
79.823 293643
79.828 293632
79.915 293631
80.123 293622
80.125 293613
80.135 293601
80.204 293598
80.804 293587
80.979 293580
80.983 293555
80.984 293542
80.989 293537
80.991 293500
81.003 293492
81.017 293482
81.021 293467
81.024 293456
81.215 293448
81.229 293446
81.231 293443
81.276 293442
81.278 293430
81.282 293429
81.283 293383
97.268 293380
97.27 293346
97.271 293344
97.272 293341
97.275 293337
97.277 293329
97.279 293319
97.281 293314
97.282 293302
97.284 293301
97.286 293299
97.3 293290
97.316 293280
97.317 293274
97.32 293272
97.323 293270
97.326 293260
97.868 293252
97.871 293233
97.872 293210
97.893 293208
97.914 293202
97.919 293192
97.92 293190
97.928 293188
97.957 293180
97.96 293178
97.968 293174
97.972 293169
97.974 293168
97.975 293163
97.977 293161
97.979 293157
97.983 293151
97.99 293150
97.995 293145
98.004 293130
98.01 293124
98.013 293119
98.015 293112
98.022 293095
98.751 293084
98.758 293081
98.762 293080
98.764 293063
98.767 293055
98.773 293050
98.78 293043
98.815 293042
98.817 293007
98.821 293002
98.822 292991
98.837 292984
98.845 292977
98.849 292960
98.858 292956
98.864 292946
98.868 292944
98.87 292924
98.882 292920
98.888 292907
98.893 292903
98.895 292874
112.029 292870
112.031 292856
112.072 292850
112.079 292848
112.083 292845
112.085 292835
112.087 292816
112.09 292813
112.092 292811
112.099 292805
114.235 292802
114.236 292788
114.241 292774
114.242 292767
114.248 292755
114.249 292748
114.26 292746
114.262 292739
114.268 292731
114.457 292713
114.473 292706
114.494 292704
117.017 292698
117.055 292694
117.056 292684
117.085 292682
117.933 292670
117.934 292648
117.936 292632
117.938 292630
117.94 292618
117.942 292611
117.945 292601
117.956 292600
117.96 292592
117.962 292586
117.966 292576
117.97 292572
117.975 292544
117.976 292520
117.985 292513
117.987 292488
117.99 292484
118.008 292476
118.017 292473
118.024 292471
118.025 292470
118.029 292457
118.03 292447
118.036 292445
118.037 292417
118.046 292401
118.055 292391
118.082 292382
118.093 292377
118.097 292370
118.104 292360
118.107 292354
118.172 292347
118.186 292339
118.218 292328
118.277 292307
118.28 292302
118.288 292300
118.29 292289
118.291 292288
118.296 292287
118.393 292286
118.415 292272
118.417 292267
118.421 292263
118.423 292248
118.426 292241
118.429 292232
118.431 292220
118.434 292216
118.435 292211
118.437 292203
118.446 292201
118.539 292194
118.886 292188
118.888 292186
118.89 292182
118.896 292179
118.99 292159
118.993 292145
119.026 292127
119.032 292125
119.035 292122
119.038 292104
119.04 292092
119.043 292082
119.05 292060
119.053 292048
119.06 292042
119.062 292030
119.066 292026
119.067 292023
119.069 292015
119.07 292000
119.102 291996
119.125 291994
119.128 291993
119.131 291991
119.133 291984
119.136 291980
119.156 291959
119.161 291955
119.162 291943
119.17 291937
119.172 291932
119.174 291917
119.175 291916
124.262 291915
124.265 291914
124.267 291913
124.274 291894
124.298 291892
124.373 291883
124.376 291842
124.379 291835
124.38 291831
124.405 291824
124.407 291820
124.442 291797
124.497 291781
124.501 291762
124.51 291752
124.529 291746
124.538 291728
124.576 291718
124.578 291714
125.197 291710
125.199 291697
125.201 291688
125.203 291687
125.205 291659
125.207 291656
125.212 291638
125.227 291636
125.235 291621
125.238 291615
125.255 291605
125.258 291594
125.265 291586
125.266 291577
125.267 291560
125.269 291550
125.27 291547
125.274 291530
125.275 291526
125.284 291495
125.289 291488
125.29 291482
125.292 291472
125.293 291470
125.295 291465
125.3 291464
125.314 291453
125.318 291450
125.319 291437
125.321 291416
125.328 291411
125.331 291402
125.4 291401
125.557 291398
125.569 291396
125.572 291382
125.574 291377
125.577 291371
125.63 291370
125.633 291348
125.635 291347
125.807 291319
125.953 291315
125.964 291310
126.056 291301
126.058 291288
126.064 291269
127.384 291265
127.406 291262
127.422 291260
127.426 291248
127.428 291229
127.429 291225
127.431 291217
129.607 291212
129.609 291205
129.62 291195
129.63 291183
129.632 291175
129.636 291174
129.643 291173
129.644 291161
129.655 291157
129.672 291152
129.675 291150
129.827 291148
129.836 291141
129.838 291132
129.846 291125
129.848 291123
129.851 291122
129.855 291121
129.86 291118
129.863 291115
129.866 291100
129.873 291092
129.877 291086
129.879 291082
129.882 291070
129.883 291069
129.885 291065
132.973 291057
132.975 291050
132.976 291030
132.98 291022
133.09 291014
133.224 291000
133.23 290998
133.241 290965
133.244 290956
133.245 290945
133.248 290926
133.249 290913
133.252 290912
133.82 290906
135.126 290904
135.137 290902
135.138 290900
135.141 290895
135.164 290870
135.167 290869
135.672 290861
135.673 290859
135.675 290856
135.677 290855
135.72 290839
135.724 290836
135.733 290832
135.738 290830
135.739 290825
135.743 290821
135.744 290816
135.746 290812
135.751 290790
135.753 290755
135.757 290751
135.832 290737
135.834 290736
135.836 290729
135.843 290715
135.845 290709
135.855 290708
135.868 290694
135.87 290665
135.878 290643
135.901 290642
135.903 290640
135.905 290620
135.909 290617
135.93 290611
147.238 290596
147.248 290588
147.251 290578
147.255 290574
147.259 290567
147.263 290553
147.264 290543
147.266 290518
147.268 290510
147.294 290500
147.296 290499
147.3 290488
147.302 290486
147.346 290483
147.936 290477
147.947 290470
148.005 290468
148.011 290461
148.305 290454
148.306 290445
148.31 290443
148.312 290440
148.32 290439
148.323 290438
148.329 290434
148.336 290430
148.348 290422
148.486 290406
153.004 290402
153.491 290399
153.494 290373
153.496 290372
153.51 290361
153.512 290341
153.513 290334
153.515 290324
153.52 290320
153.586 290316
153.594 290313
153.597 290311
153.598 290306
153.6 290294
153.602 290282
153.674 290276
153.675 290274
153.677 290268
153.697 290257
153.755 290249
153.757 290248
153.819 290244
153.82 290243
153.826 290217
153.834 290215
153.836 290208
153.844 290204
153.848 290198
153.851 290193
153.878 290190
162.046 290183
162.054 290170
162.064 290150
162.073 290141
162.094 290120
162.096 290108
162.133 290081
162.134 290079
162.137 290057
162.141 290052
162.163 290051
162.164 290046
162.302 290042
162.304 290029
162.309 290028
162.317 290021
162.321 290014
162.345 289990
162.35 289989
162.362 289975
162.369 289971
162.374 289967
162.375 289953
162.377 289945
162.378 289929
170.388 289928
170.391 289926
170.396 289915
170.414 289908
171.084 289898
171.087 289894
172.093 289891
172.097 289886
172.107 289880
172.286 289866
172.29 289861
172.291 289860
172.358 289846
172.364 289832
172.366 289824
172.372 289818
172.374 289800
172.376 289797
172.379 289782
172.422 289778
173.838 289775
173.841 289763
173.856 289753
173.869 289746
173.874 289726
173.875 289704
173.876 289698
173.881 289697
173.893 289695
173.895 289688
173.898 289682
173.901 289681
173.97 289656
173.972 289650
173.978 289640
173.981 289628
174.185 289627
174.188 289615
174.189 289606
174.191 289605
174.193 289597
174.195 289592
174.205 289589
174.211 289588
174.213 289582
174.217 289578
174.221 289575
174.222 289573
177.141 289562
177.145 289555
177.16 289544
177.165 289542
177.171 289535
177.173 289534
177.179 289530
177.183 289519
177.191 289516
177.567 289510
177.573 289505
177.598 289496
177.622 289482
180.475 289462
180.489 289445
180.539 289439
180.54 289435
190.385 289429
190.392 289425
190.411 289415
190.419 289412
190.495 289411
190.499 289400
190.537 289396
190.543 289391
194.237 289375
194.244 289373
194.251 289368
194.271 289363
194.287 289352
194.297 289342
194.31 289332
194.38 289323
194.382 289317
194.384 289314
194.389 289311
194.391 289307
194.394 289295
195.17 289291
195.174 289279
195.176 289275
195.281 289270
195.282 289266
195.286 289242
195.298 289237
195.303 289225
195.432 289222
195.435 289205
195.44 289202
195.442 289198
195.455 289189
195.461 289181
195.48 289174
195.491 289173
197.683 289156
197.702 289155
197.705 289147
197.71 289139
197.711 289132
197.713 289128
197.715 289126
197.724 289122
197.725 289120
197.732 289109
197.738 289107
197.763 289106
197.766 289102
197.768 289100
197.779 289096
197.78 289093
197.784 289074
197.785 289062
197.791 289060
197.794 289055
197.805 289054
197.808 289051
197.818 289048
197.839 289047
197.841 289040
197.847 289033
197.85 289029
197.851 289023
197.875 289022
197.898 289020
197.9 289019
197.901 289016
198.005 289004
198.048 289003
199.602 288991
200.532 288985
200.568 288982
200.571 288981
200.577 288979
200.585 288978
200.587 288967
200.602 288965
200.611 288959
200.617 288951
200.646 288946
200.657 288944
200.791 288938
200.795 288934
200.799 288931
200.8 288929
200.925 288926
200.93 288919
200.933 288902
200.934 288901
200.956 288892
200.957 288889
200.96 288878
200.973 288867
200.975 288861
200.999 288857
201.003 288832
201.004 288829
201.039 288828
201.041 288821
201.042 288816
201.444 288798
201.595 288777
201.598 288775
201.601 288770
201.65 288757
201.657 288745
201.66 288742
201.662 288739
201.665 288738
201.667 288729
201.671 288723
201.673 288718
201.682 288681
201.686 288669
201.699 288664
201.729 288659
202.484 288649
202.49 288648
202.497 288628
202.509 288626
202.517 288621
202.568 288618
204.736 288616
204.738 288600
204.741 288599
204.751 288579
204.752 288574
204.753 288569
204.759 288556
204.765 288552
204.768 288546
204.804 288543
204.813 288542
204.817 288539
204.82 288532
204.822 288528
204.825 288516
204.831 288512
204.836 288501
204.849 288489
204.85 288487
204.857 288481
204.859 288478
206.698 288469
206.7 288468
206.709 288462
206.714 288460
206.733 288451
206.735 288445
206.761 288438
206.765 288436
206.77 288435
206.772 288434
206.775 288431
213.155 288424
213.157 288421
213.158 288419
213.165 288412
213.168 288402
213.17 288382
213.173 288368
213.175 288348
213.543 288345
213.598 288344
213.696 288341
213.701 288329
213.706 288309
213.709 288307
213.712 288296
213.713 288285
213.717 288277
213.75 288266
213.766 288262
214.008 288261
214.014 288260
214.022 288257
214.023 288248
214.027 288244
214.029 288240
214.185 288224
214.189 288221
214.198 288220
214.199 288215
214.2 288212
214.202 288198
214.206 288194
214.21 288191
214.215 288179
214.316 288177
214.319 288153
214.323 288137
214.33 288133
214.686 288110
214.707 288105
214.711 288103
214.728 288096
214.732 288093
214.738 288083
214.936 288071
214.937 288059
214.957 288057
214.962 288053
214.964 288047
214.969 288044
215.034 288042
218.339 288040
218.45 288039
218.453 288029
218.456 288008
218.457 288002
218.462 287982
218.476 287973
218.478 287968
218.529 287965
218.57 287957
218.618 287955
218.622 287954
218.636 287942
219.058 287941
219.094 287940
219.143 287938
219.161 287916
219.168 287907
219.19 287901
219.242 287895
219.662 287890
221.997 287889
221.999 287853
222.019 287845
222.023 287834
222.024 287830
222.028 287827
222.059 287820
222.06 287810
222.622 287808
222.624 287807
222.64 287799
225.36 287797
225.855 287796
225.86 287787
225.879 287783
225.894 287781
226.052 287778
226.094 287769
226.096 287764
226.104 287763
226.105 287756
226.112 287752
226.119 287750
226.12 287746
226.128 287742
226.131 287740
226.133 287738
226.135 287734
226.139 287730
226.143 287725
226.145 287716
226.152 287701
226.153 287700
226.433 287679
226.436 287674
226.443 287671
226.447 287667
226.514 287663
226.521 287656
226.522 287653
226.533 287649
226.541 287633
226.543 287628
226.544 287627
226.546 287619
226.592 287615
226.616 287612
226.617 287608
226.636 287605
226.643 287598
226.644 287580
226.646 287579
226.659 287576
230.12 287575
230.122 287568
230.125 287564
230.134 287563
230.186 287555
230.201 287552
230.206 287551
230.209 287539
230.218 287538
230.263 287530
230.265 287523
230.27 287521
230.275 287518
236.044 287517
236.09 287515
236.092 287514
236.097 287503
236.099 287492
236.104 287491
236.124 287487
236.126 287466
236.145 287465
246.875 287463
246.881 287452
246.904 287447
246.985 287445
247.16 287439
247.257 287431
247.262 287429
247.266 287423
247.272 287422
247.337 287406
247.339 287402
247.346 287387
247.383 287385
247.422 287382
247.423 287378
247.426 287375
247.447 287362
247.452 287356
247.453 287344
248.594 287339
248.658 287332
248.66 287330
248.67 287329
248.672 287317
248.677 287306
248.693 287296
248.694 287295
248.695 287282
248.718 287279
248.724 287274
249.106 287271
249.116 287268
249.118 287258
249.121 287252
249.131 287251
249.138 287241
249.161 287235
249.163 287231
249.339 287229
249.388 287228
249.389 287227
249.432 287225
249.451 287224
249.452 287223
249.459 287211
249.471 287209
249.868 287203
249.877 287197
249.882 287191
249.887 287190
249.891 287189
249.892 287177
250.003 287176
250.025 287168
250.032 287166
250.04 287162
250.042 287160
250.052 287157
250.361 287151
250.363 287147
250.597 287141
250.866 287139
250.879 287127
250.889 287124
251.362 287123
251.449 287121
251.452 287120
251.458 287118
251.467 287108
251.472 287107
251.634 287103
251.637 287101
251.648 287094
251.665 287080
251.675 287079
251.684 287070
251.685 287050
251.687 287044
251.981 287038
251.99 287031
251.992 287021
251.996 287015
254.146 287013
254.153 287009
254.155 287000
254.169 286994
254.171 286991
254.227 286990
254.229 286988
254.237 286984
254.239 286980
254.249 286977
254.257 286973
254.302 286972
254.31 286968
255.065 286959
255.091 286951
255.094 286950
269.021 286946
269.023 286944
269.2 286939
269.287 286933
269.299 286931
269.302 286921
269.309 286919
269.31 286917
269.34 286915
269.343 286905
269.367 286901
269.372 286897
269.835 286892
270.208 286891
270.209 286890
270.34 286884
270.353 286882
270.489 286879
270.499 286877
270.541 286870
270.622 286868
270.673 286860
270.702 286859
271 286834
271.258 286829
271.259 286825
273.21 286824
273.212 286822
273.235 286815
273.24 286791
273.251 286767
273.272 286763
273.275 286758
273.276 286753
273.28 286740
273.411 286736
273.419 286726
273.423 286724
273.426 286721
273.434 286720
273.505 286717
273.517 286716
273.521 286707
273.527 286702
273.528 286694
273.55 286693
273.638 286685
273.644 286681
273.675 286676
273.824 286669
273.829 286661
273.909 286660
274.219 286640
274.225 286634
274.227 286631
274.232 286630
274.235 286629
274.237 286626
274.723 286617
274.726 286616
275.509 286613
275.516 286604
275.52 286597
275.531 286594
275.543 286591
275.547 286582
275.562 286579
275.565 286578
275.586 286575
275.592 286566
275.597 286561
275.602 286560
275.621 286557
276.747 286556
277.669 286549
277.726 286546
277.729 286545
277.73 286537
277.731 286534
277.736 286533
277.743 286529
277.746 286525
277.757 286522
277.766 286521
277.769 286517
277.883 286515
277.886 286513
277.887 286512
277.905 286510
277.908 286505
277.994 286502
278.009 286496
278.042 286485
278.074 286481
278.086 286478
278.103 286476
278.133 286461
278.234 286460
278.248 286459
278.25 286452
278.265 286446
278.339 286441
278.347 286426
278.351 286422
278.472 286419
278.48 286409
278.51 286406
278.515 286401
278.526 286357
278.528 286352
278.532 286341
278.534 286327
278.54 286324
278.541 286315
278.894 286306
278.896 286303
278.915 286294
279.003 286292
279.005 286287
279.007 286286
282.908 286285
282.912 286284
282.923 286283
282.943 286278
282.986 286266
283.05 286265
283.056 286257
283.125 286252
283.161 286249
283.162 286247
283.18 286243
283.184 286238
283.196 286237
283.197 286234
283.199 286228
283.218 286226
283.26 286216
283.261 286203
283.354 286198
283.371 286192
283.374 286184
283.385 286178
283.396 286173
283.411 286172
283.413 286168
283.459 286167
283.519 286164
283.52 286158
283.59 286157
283.602 286155
283.618 286150
283.621 286147
283.625 286143
283.904 286137
283.913 286133
283.922 286121
283.923 286117
283.936 286107
283.994 286097
283.995 286083
284 286078
284.116 286077
284.123 286073
284.214 286068
284.289 286059
284.307 286057
284.312 286055
284.318 286047
284.385 286045
284.687 286035
284.723 286029
284.744 286026
284.76 286021
285.337 286012
285.338 286011
285.344 286006
285.372 286002
285.375 285999
285.377 285994
285.379 285993
285.46 285984
285.473 285982
285.48 285977
285.483 285969
285.484 285959
285.49 285956
285.515 285950
285.517 285946
285.519 285945
285.529 285944
285.534 285938
286.036 285935
286.039 285933
286.058 285930
286.12 285925
286.133 285918
286.134 285917
286.148 285916
286.205 285915
286.215 285912
286.229 285911
286.406 285893
286.416 285891
286.42 285884
286.423 285880
286.508 285876
286.525 285870
288.17 285863
288.182 285859
288.189 285855
288.194 285851
288.42 285849
288.428 285847
288.434 285835
288.452 285834
288.461 285833
288.47 285831
288.473 285828
288.474 285819
288.503 285817
288.507 285816
288.509 285813
288.51 285812
288.594 285809
288.596 285806
288.683 285799
288.707 285797
288.716 285789
288.721 285780
288.723 285775
288.752 285767
288.755 285759
288.759 285752
288.77 285751
288.899 285744
288.905 285742
288.908 285740
288.912 285734
288.926 285732
288.973 285725
288.98 285720
288.988 285718
289 285716
289.018 285715
289.034 285714
289.064 285705
289.08 285704
289.081 285697
289.083 285694
289.102 285693
289.175 285688
289.176 285684
289.177 285682
289.179 285681
289.18 285680
289.207 285678
289.234 285677
289.252 285675
289.27 285672
289.282 285670
289.289 285669
289.293 285660
290.604 285653
290.802 285652
290.809 285651
290.841 285650
290.883 285649
290.916 285647
290.919 285643
290.937 285642
290.944 285634
290.946 285632
290.951 285621
291.214 285619
291.326 285615
291.327 285613
291.356 285611
291.393 285607
291.404 285605
291.479 285584
291.482 285581
291.484 285576
291.493 285574
291.496 285573
291.518 285566
297.72 285559
297.727 285553
297.741 285551
297.753 285549
297.8 285548
297.815 285547
301.223 285536
301.23 285535
301.333 285534
301.341 285532
301.347 285531
301.357 285528
301.359 285522
301.371 285520
301.383 285516
301.384 285515
302.202 285512
302.448 285508
302.451 285507
302.531 285506
302.551 285504
302.554 285499
302.578 285495
302.58 285493
302.65 285491
302.652 285490
302.659 285480
302.762 285479
302.768 285477
302.796 285469
302.8 285467
303.013 285463
303.019 285459
303.052 285452
303.345 285441
303.346 285438
303.367 285433
303.368 285432
303.385 285423
303.391 285421
303.405 285414
303.409 285412
303.417 285409
303.427 285405
303.443 285399
303.474 285398
303.494 285390
303.506 285381
303.62 285380
303.692 285376
303.693 285374
303.696 285373
303.838 285367
303.84 285361
304.105 285360
304.128 285352
304.134 285350
304.157 285347
304.16 285346
304.161 285340
307.621 285339
307.629 285334
307.781 285326
307.785 285325
307.793 285323
307.795 285320
307.808 285315
307.815 285312
307.832 285309
307.834 285300
307.853 285295
307.854 285292
307.863 285289
307.864 285288
308.262 285285
308.267 285281
308.332 285275
308.342 285274
308.345 285268
308.355 285261
308.358 285251
308.381 285238
311.286 285236
311.289 285231
311.302 285230
311.317 285226
311.387 285225
311.41 285222
311.581 285218
311.591 285211
311.756 285209
311.781 285208
319.937 285203
319.959 285194
319.992 285192
320.001 285190
320.028 285188
320.035 285187
320.037 285183
320.051 285170
320.053 285165
320.272 285159
320.338 285158
320.352 285154
320.358 285149
320.365 285147
320.422 285146
320.444 285144
320.449 285142
320.714 285136
320.926 285130
320.937 285111
320.939 285104
320.952 285103
320.955 285100
320.957 285098
320.965 285097
320.979 285094
320.988 285091
320.998 285085
321.002 285082
321.005 285080
321.011 285078
321.019 285075
321.038 285069
322.76 285062
322.792 285057
322.8 285052
322.836 285041
322.842 285036
322.847 285032
324.092 285022
324.096 285020
325.133 285018
325.557 285017
325.586 285010
325.594 285009
325.626 285007
325.633 285005
325.635 285002
325.645 284997
325.894 284990
326.326 284989
326.333 284983
326.334 284979
326.336 284977
326.348 284975
326.351 284968
326.355 284965
326.357 284964
326.64 284958
326.862 284956
327.741 284952
327.753 284943
327.785 284942
327.788 284933
327.8 284931
327.813 284930
327.825 284926
327.834 284924
327.988 284923
327.99 284921
327.996 284920
328.003 284919
328.007 284915
328.029 284912
328.032 284908
328.047 284903
328.167 284894
328.195 284891
328.199 284890
328.206 284888
328.591 284886
328.597 284879
328.604 284876
328.607 284873
328.614 284871
328.617 284869
328.623 284868
328.677 284866
328.692 284864
328.716 284859
328.836 284858
328.843 284856
328.93 284855
328.932 284852
328.935 284848
328.947 284844
328.952 284843
328.954 284842
328.956 284837
330.042 284835
330.049 284830
330.051 284829
330.087 284828
330.104 284826
330.119 284812
330.139 284805
330.152 284801
330.164 284800
330.282 284797
330.308 284790
330.352 284789
330.362 284787
330.364 284784
330.947 284768
330.959 284765
330.965 284764
330.974 284763
331.112 284761
331.126 284757
331.128 284756
331.146 284737
331.212 284731
331.216 284730
332.058 284728
332.066 284713
332.074 284706
332.091 284700
332.136 284699
332.145 284697
332.155 284696
332.163 284693
332.168 284692
332.235 284688
332.258 284682
332.262 284681
332.323 284680
332.334 284678
332.389 284677
332.436 284669
332.46 284666
332.463 284665
332.5 284659
332.575 284656
332.577 284654
332.601 284652
332.61 284646
332.616 284645
332.66 284642
332.661 284640
332.673 284635
332.719 284633
332.721 284623
332.722 284621
332.743 284619
332.746 284618
332.752 284617
332.76 284614
332.767 284608
332.779 284603
332.807 284597
332.815 284588
332.819 284582
332.825 284580
332.853 284579
334.199 284576
334.229 284568
334.232 284567
334.324 284559
334.354 284558
334.373 284557
334.385 284551
334.391 284548
334.409 284546
334.44 284545
334.459 284543
334.465 284541
334.488 284538
335.254 284536
335.258 284534
335.278 284531
335.283 284526
335.303 284525
335.313 284524
335.331 284514
335.336 284505
335.341 284504
335.355 284501
335.872 284498
335.874 284497
335.935 284496
335.966 284494
335.969 284493
335.986 284491
335.993 284490
335.995 284487
335.997 284485
336 284466
336.009 284462
336.01 284459
336.021 284454
336.044 284453
336.148 284451
336.155 284450
336.166 284448
336.183 284444
340.373 284442
340.392 284441
340.425 284440
340.429 284439
340.433 284433
340.444 284431
340.504 284420
340.662 284415
340.665 284410
340.728 284406
340.737 284404
340.738 284398
340.755 284397
340.762 284391
340.787 284382
340.811 284380
340.812 284379
340.813 284377
349.044 284375
349.06 284368
349.344 284366
349.408 284349
349.449 284343
349.452 284338
349.52 284332
349.531 284328
349.541 284326
349.543 284325
349.554 284314
349.781 284312
349.782 284310
349.787 284309
349.789 284308
349.792 284302
349.801 284301
349.811 284297
350.304 284296
350.316 284293
350.401 284292
350.422 284290
350.478 284285
350.511 284284
351.029 284282
351.039 284277
351.158 284276
351.168 284271
351.173 284269
351.183 284262
352.645 284261
352.652 284259
352.784 284255
352.798 284250
352.855 284246
352.87 284241
352.871 284238
352.876 284228
352.896 284222
353.547 284202
353.556 284201
353.576 284199
353.589 284195
353.605 284194
357.56 284193
357.735 284192
358.053 284188
358.418 284187
358.521 284184
358.58 284181
358.59 284180
358.596 284179
358.614 284166
358.745 284165
361.959 284160
362.411 284157
362.415 284154
362.433 284153
364.137 284152
364.146 284151
364.148 284144
364.156 284143
364.176 284142
364.236 284137
364.243 284136
364.245 284130
364.319 284122
364.339 284120
364.344 284118
364.567 284116
364.624 284111
364.669 284110
364.677 284108
364.708 284100
364.719 284099
364.732 284090
364.758 284087
364.765 284085
364.913 284083
364.93 284081
364.942 284079
364.96 284076
364.987 284075
365.005 284074
365.01 284073
365.014 284070
367.95 284069
367.953 284068
367.964 284061
367.968 284057
367.987 284056
368.081 284054
368.096 284053
368.148 284050
368.181 284049
368.571 284048
368.734 284047
368.743 284045
368.799 284044
371.162 284040
371.2 284039
371.202 284038
371.298 284037
371.345 284033
371.355 284027
371.722 284026
371.726 284018
371.757 284017
371.785 284015
371.905 284009
371.925 284007
371.935 284003
371.967 284000
371.989 283993
372.033 283992
372.129 283990
372.199 283989
373.097 283984
373.113 283980
373.194 283979
373.207 283977
373.212 283975
373.22 283973
373.236 283970
373.355 283968
373.537 283964
373.663 283962
373.665 283956
373.68 283955
376.002 283951
376.015 283949
376.043 283944
376.103 283943
376.126 283942
376.425 283941
376.43 283939
376.431 283936
376.447 283935
376.457 283931
376.496 283930
376.513 283929
376.653 283927
376.656 283926
376.807 283924
376.996 283923
377.022 283921
377.926 283918
377.94 283915
377.958 283911
378.027 283905
378.048 283900
378.108 283898
378.139 283888
378.181 283886
378.999 283885
379.026 283881
379.037 283879
379.042 283878
379.181 283876
379.183 283873
379.367 283869
379.375 283868
379.392 283867
379.427 283864
379.519 283855
379.644 283853
383.12 283850
383.339 283849
383.359 283846
383.548 283844
383.566 283843
383.583 283842
383.584 283833
383.608 283831
383.618 283830
383.619 283829
383.622 283828
383.632 283823
383.737 283822
383.825 283819
383.829 283818
383.964 283815
383.968 283814
383.989 283808
384.218 283804
384.262 283802
384.27 283801
384.302 283796
384.325 283783
384.345 283782
384.37 283779
384.385 283771
384.47 283769
385.457 283762
385.479 283761
385.481 283756
385.505 283752
385.595 283751
385.597 283744
385.66 283742
385.726 283741
385.773 283740
385.795 283737
385.823 283735
385.836 283734
387.355 283726
387.384 283721
387.391 283720
387.527 283717
387.536 283713
387.555 283711
387.754 283709
387.759 283708
387.812 283706
387.864 283703
387.872 283702
387.882 283701
387.897 283691
387.899 283689
387.92 283688
387.925 283687
387.963 283685
388.001 283680
388.009 283679
388.074 283678
389.447 283671
389.481 283669
389.831 283668
389.84 283664
389.855 283663
389.861 283662
389.866 283660
389.971 283658
390.182 283656
390.21 283655
390.23 283653
390.257 283652
390.33 283651
390.383 283648
390.43 283644
390.435 283643
390.478 283640
390.486 283632
390.627 283630
390.645 283625
390.658 283622
390.673 283613
390.691 283612
390.934 283607
390.935 283606
390.951 283605
391.592 283601
391.655 283600
391.666 283595
391.726 283594
395.106 283593
395.167 283589
395.467 283586
395.47 283584
395.869 283583
395.887 283576
395.89 283570
396.079 283569
396.108 283567
396.117 283566
396.12 283560
396.128 283559
396.185 283556
396.189 283555
396.208 283554
396.451 283551
396.48 283550
396.49 283549
396.535 283548
396.618 283545
396.626 283544
396.647 283542
396.651 283541
397.132 283540
397.202 283537
397.211 283536
397.241 283528
397.253 283527
397.291 283525
397.348 283524
397.381 283519
397.848 283518
397.885 283511
397.889 283509
397.935 283507
397.943 283504
397.946 283500
398.347 283499
398.359 283498
398.367 283496
398.407 283494
398.411 283490
398.435 283487
398.439 283483
398.479 283480
398.562 283478
398.567 283475
398.605 283474
398.638 283471
398.696 283469
398.704 283467
398.725 283466
399.026 283464
399.057 283463
399.567 283462
399.584 283461
399.601 283459
399.606 283458
399.746 283456
399.778 283453
399.785 283452
399.924 283449
399.927 283447
399.944 283445
399.953 283442
399.975 283440
400.001 283438
400.006 283437
400.035 283436
401.086 283434
401.09 283433
401.093 283431
401.108 283429
401.136 283426
401.222 283425
401.23 283424
401.732 283423
401.771 283421
401.857 283417
402.545 283416
402.59 283415
402.597 283414
402.6 283410
402.614 283409
402.636 283408
402.702 283406
402.724 283405
402.764 283404
402.772 283401
403.073 283399
403.104 283396
403.126 283394
403.159 283383
403.16 283381
403.223 283378
403.249 283377
403.518 283371
403.769 283370
403.853 283368
406.925 283355
407.106 283347
407.112 283346
407.204 283343
407.239 283340
407.243 283337
407.341 283331
407.358 283329
407.367 283328
407.439 283327
407.448 283326
407.451 283323
407.489 283321
407.996 283320
408.039 283316
408.05 283313
408.065 283310
408.069 283309
408.075 283308
408.095 283307
408.112 283302
408.172 283301
408.483 283300
408.602 283299
408.603 283297
408.795 283296
408.848 283295
408.907 283293
409.007 283291
409.013 283290
409.06 283286
409.074 283285
409.489 283284
409.504 283283
409.521 283280
409.546 283279
409.663 283276
409.731 283272
409.733 283267
409.752 283264
409.768 283262
409.773 283261
410.477 283260
410.487 283258
410.641 283257
410.901 283256
410.992 283255
411.118 283250
411.132 283249
411.133 283245
411.14 283244
411.155 283241
411.176 283240
411.197 283238
411.227 283230
411.29 283226
411.293 283225
411.337 283219
411.356 283218
411.427 283217
411.446 283216
411.469 283215
411.472 283213
411.5 283210
411.579 283206
411.58 283204
412.133 283203
412.158 283202
413.565 283197
413.575 283196
413.602 283195
413.607 283194
413.612 283193
413.621 283192
413.679 283190
413.69 283189
413.793 283188
413.829 283187
413.905 283183
413.937 283178
414.197 283174
414.256 283173
414.265 283171
414.316 283170
414.367 283168
414.498 283167
414.5 283157
414.516 283156
414.624 283155
414.7 283154
414.751 283151
414.778 283148
414.804 283147
414.834 283146
414.873 283142
414.888 283139
414.897 283136
415.093 283134
415.112 283130
415.119 283127
415.168 283125
415.186 283120
415.235 283117
415.47 283116
415.529 283115
415.592 283114
415.62 283111
415.755 283110
415.798 283107
415.867 283106
417.019 283105
417.041 283102
417.054 283100
417.086 283097
417.094 283094
418.546 283093
418.569 283092
418.707 283089
419.125 283086
419.16 283084
419.222 283083
419.771 283078
419.8 283077
419.862 283076
420.265 283074
420.438 283066
420.778 283065
420.864 283064
420.914 283061
420.965 283060
421.861 283059
421.956 283058
421.967 283055
421.976 283054
422.034 283052
422.051 283051
422.144 283048
422.152 283043
422.156 283042
422.363 283040
422.447 283038
422.512 283036
422.513 283034
422.528 283032
423.762 283031
423.841 283029
423.859 283028
423.893 283027
423.9 283026
423.987 283024
424.882 283023
424.9 283022
424.929 283017
424.945 283016
424.989 283015
424.994 283012
425.004 283011
425.168 283008
425.288 283007
425.341 283005
425.376 283003
425.447 283002
425.45 283001
425.545 283000
425.592 282996
425.896 282995
425.897 282994
425.902 282993
425.907 282992
425.914 282991
425.921 282990
425.943 282989
425.965 282988
425.976 282987
426.581 282984
426.59 282982
426.596 282980
426.632 282976
426.648 282971
426.66 282969
426.716 282968
426.738 282967
426.759 282966
426.851 282964
426.906 282961
426.932 282960
426.938 282958
426.942 282957
427.697 282953
427.722 282952
427.755 282950
427.76 282949
427.833 282948
429.17 282947
429.951 282946
430.933 282943
430.952 282942
432.057 282941
432.066 282940
432.12 282938
433.407 282935
433.412 282934
433.413 282931
433.842 282929
433.887 282926
433.901 282925
433.912 282923
433.924 282922
433.965 282921
433.993 282919
434.097 282918
434.135 282917
434.255 282915
434.513 282912
434.593 282908
434.727 282906
435.767 282905
435.808 282904
436.855 282902
436.873 282901
436.894 282899
437.258 282893
437.281 282892
437.403 282891
437.412 282889
437.457 282888
437.473 282887
437.515 282883
437.601 282882
437.643 282880
437.65 282879
437.757 282878
437.782 282876
437.898 282874
438.006 282869
438.023 282868
438.085 282867
438.586 282866
438.73 282865
438.751 282864
438.769 282863
438.786 282860
438.805 282859
438.879 282858
439.157 282857
439.168 282855
439.231 282853
439.688 282852
439.742 282851
439.792 282850
439.908 282848
439.975 282845
440.058 282844
440.219 282841
440.295 282840
440.362 282836
440.665 282834
440.759 282831
441.169 282825
443.46 282821
443.47 282819
443.517 282815
443.586 282813
443.636 282812
443.746 282807
443.761 282806
444.187 282802
444.479 282801
444.529 282799
444.56 282798
444.575 282794
444.624 282793
445.068 282792
445.197 282789
445.517 282785
445.522 282784
445.531 282778
445.715 282777
449.657 282774
449.797 282772
449.799 282771
449.801 282769
449.867 282767
449.931 282766
449.939 282765
450.196 282764
450.228 282763
450.3 282762
450.384 282761
450.474 282757
450.49 282756
450.548 282755
450.86 282754
450.895 282747
450.986 282746
451.134 282745
451.14 282743
451.166 282742
451.834 282741
452.313 282740
452.536 282739
452.583 282737
452.628 282736
452.682 282735
452.72 282734
452.759 282733
452.778 282732
452.906 282729
453.026 282728
453.161 282727
453.165 282726
453.219 282721
453.585 282720
454.074 282719
454.115 282716
454.18 282715
454.454 282713
454.765 282712
454.826 282711
454.856 282710
454.953 282706
454.982 282703
454.983 282702
454.989 282701
455.038 282693
455.069 282692
455.103 282691
455.439 282690
455.722 282689
455.778 282688
455.855 282687
455.885 282685
455.89 282683
455.907 282682
455.969 282680
456.101 282678
456.392 282675
456.513 282674
456.522 282672
456.634 282671
456.656 282670
456.692 282668
456.696 282666
457.397 282664
457.552 282662
457.59 282661
457.599 282660
457.658 282659
457.797 282658
457.826 282655
457.91 282654
457.955 282653
457.993 282647
458.033 282644
458.06 282642
458.088 282641
458.097 282640
458.233 282638
458.897 282635
459.057 282634
460.709 282633
460.743 282629
460.781 282628
460.84 282627
460.861 282626
460.9 282619
460.911 282617
460.921 282616
460.935 282614
460.954 282611
461.086 282610
461.515 282609
461.527 282607
461.603 282606
461.618 282605
461.634 282604
461.709 282603
461.713 282602
462.442 282601
462.446 282595
462.616 282593
462.693 282592
462.736 282590
464.196 282587
464.274 282586
464.325 282585
464.368 282582
464.415 282579
464.802 282578
464.816 282577
467.863 282576
467.953 282575
468.11 282572
468.388 282571
468.402 282570
468.462 282568
468.469 282567
468.591 282563
468.626 282561
468.633 282560
468.708 282559
469.151 282557
469.274 282556
469.354 282554
469.355 282553
469.43 282545
469.563 282542
469.627 282541
469.742 282538
469.974 282535
470.258 282534
470.278 282533
470.796 282530
470.95 282529
471.02 282527
472.441 282525
477.637 282524
477.78 282521
477.791 282519
477.805 282518
477.884 282516
478.183 282515
478.335 282514
480.337 282513
480.481 282512
480.62 282511
480.65 282510
480.737 282509
484.949 282508
485.025 282505
485.795 282504
487.95 282503
488.127 282500
488.183 282499
488.225 282496
488.261 282495
488.275 282493
488.311 282492
488.411 282489
488.521 282486
488.634 282485
488.65 282484
488.681 282483
488.684 282481
488.838 282478
488.909 282476
489.366 282474
489.628 282473
490.247 282469
490.305 282468
490.616 282466
490.794 282464
490.885 282463
492.408 282462
492.481 282460
494.34 282458
494.536 282456
494.607 282455
494.871 282448
494.883 282447
494.92 282446
495.008 282445
495.232 282442
495.358 282441
495.712 282440
495.802 282439
495.844 282438
496.307 282437
500.394 282436
500.498 282435
500.635 282434
500.669 282433
500.797 282431
501.462 282430
501.628 282429
501.645 282428
501.684 282426
501.917 282425
501.975 282424
502.06 282423
502.204 282422
502.298 282420
502.604 282419
502.659 282418
503.461 282417
503.596 282414
503.6 282413
503.602 282411
504.311 282410
504.357 282409
504.664 282408
505.056 282407
505.081 282406
505.223 282403
506.792 282402
506.965 282400
507.022 282399
508.976 282398
509.288 282396
509.298 282395
509.308 282393
510.198 282392
510.23 282391
510.431 282390
511.023 282388
511.036 282386
515.034 282385
515.214 282383
515.265 282382
515.345 282381
515.346 282380
515.967 282377
516.522 282374
516.595 282373
517.379 282372
517.383 282370
517.391 282369
517.622 282367
517.773 282366
518.332 282364
518.422 282363
518.756 282361
518.762 282356
518.793 282354
519.035 282353
519.051 282352
519.098 282346
519.211 282345
519.213 282344
519.224 282342
519.247 282336
519.904 282335
520.132 282333
520.169 282332
520.318 282330
520.326 282329
520.341 282328
520.456 282327
522.048 282325
522.09 282324
522.229 282323
522.825 282322
522.947 282321
523.275 282319
523.281 282318
523.31 282315
523.313 282312
523.424 282311
523.505 282309
523.888 282308
523.937 282307
525.987 282305
526.119 282304
526.135 282303
526.197 282300
526.316 282298
526.378 282297
526.414 282296
526.471 282294
526.519 282293
529.459 282292
529.893 282291
529.925 282289
530.939 282286
530.976 282285
531.09 282284
531.131 282283
531.246 282282
531.461 282281
532.044 282280
532.799 282279
532.823 282278
532.907 282277
533.072 282276
533.147 282273
533.475 282272
533.646 282269
533.668 282268
533.681 282267
534.335 282265
534.6 282264
536.082 282263
536.154 282261
536.176 282260
536.536 282256
536.873 282255
536.96 282254
536.976 282253
537.202 282252
537.879 282251
538.008 282250
538.053 282248
538.485 282246
538.529 282245
538.9 282244
538.903 282243
538.992 282242
539.252 282241
540.381 282240
540.763 282239
540.794 282238
540.872 282237
541.088 282236
541.486 282235
541.499 282234
541.523 282233
541.649 282232
541.771 282231
541.831 282230
542.644 282229
542.728 282228
545.608 282227
545.964 282225
546.064 282224
546.133 282223
546.37 282222
546.514 282218
546.591 282215
546.84 282214
546.968 282211
547.008 282210
547.179 282209
547.575 282208
547.645 282207
548.051 282205
548.177 282204
548.473 282202
549.009 282200
550.831 282199
551.575 282198
552.814 282197
552.843 282196
553.371 282195
553.557 282194
554.098 282193
554.218 282192
554.37 282191
554.41 282190
554.573 282189
555.781 282188
556.15 282187
557.342 282185
564.183 282184
564.253 282183
564.285 282182
564.395 282181
564.878 282180
565.446 282179
565.812 282170
566.244 282169
566.398 282168
566.536 282167
567.513 282166
568.306 282163
568.522 282162
568.843 282161
568.857 282160
569.06 282159
569.244 282158
569.828 282155
569.92 282154
570.018 282152
570.531 282151
570.648 282150
571.94 282149
572.206 282148
572.269 282147
572.467 282146
572.522 282145
572.897 282143
575.13 282142
577.366 282139
578.493 282137
578.578 282135
580.586 282134
581.798 282133
582.347 282131
582.366 282130
582.832 282129
583.453 282128
583.489 282127
583.555 282126
584.148 282124
584.22 282123
584.812 282121
585.272 282120
585.321 282119
585.42 282117
585.478 282116
585.586 282115
585.606 282114
585.895 282113
588.32 282112
588.366 282111
588.467 282110
588.579 282109
588.825 282108
589.15 282107
589.353 282106
589.96 282105
590.691 282103
590.777 282102
