4.316 241322
4.317 241238
4.319 241178
4.32 241170
4.322 241167
4.324 241154
4.326 240974
4.329 240759
4.331 240726
4.332 240710
4.333 240700
4.334 240688
4.335 240684
4.338 240676
4.339 240652
4.34 240643
4.341 240540
4.343 240539
4.344 240529
4.346 240477
4.348 240434
4.35 240292
4.352 240286
4.353 240277
4.355 240258
4.356 240159
4.359 240093
4.361 240078
4.364 240075
4.369 240059
4.37 240035
4.372 240026
4.374 240020
4.375 240009
4.376 239980
4.378 239959
4.38 239948
4.381 239843
4.383 239840
4.385 239826
4.386 239809
4.39 239797
4.392 239795
4.393 239776
4.398 239763
4.4 239753
4.401 239739
4.403 239705
4.404 239660
4.406 239417
4.408 239349
4.409 239328
4.411 239324
4.412 239295
4.414 239289
4.417 239277
4.419 239263
4.42 239252
4.421 239245
4.423 239244
4.424 239204
4.426 239196
4.429 239190
4.43 239187
4.431 239148
4.433 239118
4.434 239098
4.435 239075
4.437 239064
4.439 239057
4.442 239046
4.443 239027
4.446 239014
4.449 239012
4.451 238952
4.453 238933
4.454 238924
4.456 238902
4.457 238738
4.46 238737
4.462 238714
4.463 238691
4.465 238662
4.466 238657
4.468 238632
4.471 238621
4.473 238614
4.476 238565
4.478 238510
4.479 238483
4.481 238478
4.484 238469
4.486 238306
4.487 238303
4.489 238285
4.49 238185
4.491 238184
4.493 237911
4.495 237906
4.499 237888
4.503 237882
4.504 237860
4.506 237842
4.508 237828
4.511 237799
4.513 237785
4.515 237720
4.517 237716
4.518 237703
4.52 237702
4.521 237697
4.525 237660
4.529 237622
4.53 237618
4.532 237604
4.534 237586
4.535 237559
4.536 237546
4.538 237520
4.54 237509
4.541 237508
4.547 237467
4.549 237328
4.551 237231
4.552 237223
4.553 237220
4.557 237213
4.573 237193
4.576 237192
4.58 237191
4.581 237183
4.583 236965
4.587 236949
4.589 236936
4.591 236763
4.592 236755
4.596 236739
4.602 236679
4.608 236659
4.609 236655
4.613 236621
4.622 236619
4.623 236573
4.625 236451
4.626 236443
4.628 236431
4.63 236430
4.631 236428
4.633 236425
4.638 236417
4.639 236403
4.641 236390
4.647 236388
4.649 236385
4.65 236317
4.652 236243
4.654 236240
4.657 236232
4.662 236180
4.664 236178
4.665 236173
4.679 236172
4.686 236162
4.688 236159
4.69 236155
4.691 236151
4.693 236140
4.707 235997
4.714 235913
4.721 235886
4.724 235852
4.728 235851
4.731 235849
4.733 235843
4.734 235841
4.735 235813
4.743 235793
4.744 235697
4.747 235578
4.749 235553
4.75 235552
4.752 235549
4.77 235544
4.772 235534
4.773 235528
4.774 235520
4.776 235519
4.797 235487
4.798 235486
4.826 235428
4.83 235419
4.834 235379
4.835 235378
4.86 235371
4.865 235363
4.867 235359
4.868 235348
4.876 235276
4.877 235275
4.881 235265
4.884 235264
4.89 235263
4.906 235186
4.912 235178
4.914 235176
4.921 235150
4.924 235095
4.927 235067
4.94 235066
4.944 235051
4.949 235049
4.959 235048
4.965 235047
4.981 234996
4.988 234976
4.991 234975
4.993 234964
5.015 234962
5.016 234961
5.018 234959
5.022 234934
5.029 234926
5.031 234921
5.035 234918
5.041 234915
5.042 234906
5.045 234895
5.048 234856
5.05 234832
5.072 234826
5.076 234820
5.083 234800
5.088 234797
5.101 234780
5.108 234777
5.121 234765
5.122 234756
5.126 234752
5.128 234739
5.13 234727
5.149 234724
5.152 234684
5.154 234648
5.158 234645
5.161 234644
5.179 234636
5.186 234634
5.188 234624
5.189 234621
5.191 234606
5.194 234574
5.197 234573
5.199 234558
5.202 234554
5.203 234547
5.212 234523
5.216 234518
5.237 234510
5.243 234508
5.247 234443
5.25 234441
5.263 234398
5.266 234330
5.278 234328
5.279 234323
5.281 234319
5.284 234317
5.286 234312
5.295 234286
5.299 234283
5.381 234269
5.382 234266
5.383 234252
5.389 234243
5.392 234242
5.404 234209
5.443 234195
5.457 234188
5.461 234186
5.653 234180
5.656 234178
5.67 234174
5.671 234170
5.692 234159
5.696 234153
5.699 234148
5.703 234135
5.708 234132
5.71 234107
5.713 234106
5.795 234065
6.119 234048
6.33 234035
6.331 234034
6.335 234033
6.336 234029
6.343 234021
6.344 233993
6.346 233989
6.422 233983
6.424 233978
6.426 233976
6.432 233948
6.434 233945
6.453 233942
6.455 233940
6.465 233934
6.467 233928
6.47 233920
6.471 233917
6.475 233895
6.479 233894
6.481 233890
6.485 233888
6.494 233871
6.496 233870
6.497 233868
6.502 233864
6.514 233860
6.517 233812
6.518 233810
6.529 233805
6.534 233794
6.557 233774
6.559 233740
6.561 233734
6.564 233726
6.567 233713
6.568 233704
6.575 233685
6.576 233678
6.578 233633
6.706 233544
6.712 233517
6.716 233516
6.747 233514
6.752 233511
6.764 233495
6.877 233491
6.878 233489
6.881 233485
6.901 233477
6.905 233470
6.909 233468
6.91 233467
6.913 233442
6.919 233436
6.924 233433
6.951 233431
6.952 233407
6.955 233402
6.957 233400
6.961 233384
6.965 233381
6.97 233368
6.976 233362
6.978 233342
6.979 233340
6.981 233335
6.982 233329
6.985 233318
7.026 233314
7.035 233279
7.037 233278
7.04 233272
7.053 233271
7.055 233266
7.057 233264
7.063 233255
7.068 233214
7.07 233187
7.072 233186
7.114 233113
7.119 233110
7.121 233109
7.196 233079
7.197 233073
7.205 233072
7.209 233049
7.217 233048
7.22 233042
7.225 233035
7.236 233026
7.239 233025
7.242 233024
7.273 233019
7.274 233018
7.277 233002
7.32 232970
7.323 232965
7.364 232956
7.476 232946
7.478 232924
7.491 232878
7.494 232873
7.498 232869
7.501 232861
8.264 232849
8.267 232843
8.275 232840
8.277 232816
8.279 232815
8.281 232812
8.284 232790
8.287 232749
8.289 232728
8.291 232723
8.294 232685
8.297 232678
8.302 232649
8.303 232644
8.305 232641
8.306 232638
8.309 232636
8.311 232618
8.316 232615
8.322 232604
8.323 232569
8.325 232568
8.326 232558
8.332 232555
8.334 232535
8.336 232516
8.338 232515
8.34 232512
8.342 232486
8.344 232484
8.347 232470
8.369 232439
8.373 232436
8.375 232431
8.383 232426
8.387 232419
8.463 232403
8.466 232401
8.476 232390
8.477 232385
8.487 232383
8.629 232373
8.63 232369
8.632 232363
8.685 232356
8.686 232355
8.69 232343
8.691 232330
8.702 232327
8.707 232316
8.711 232310
8.713 232309
8.715 232304
8.724 232286
8.725 232283
8.785 232275
8.786 232274
8.791 232255
8.795 232247
8.799 232239
8.801 232226
9.464 232220
9.469 232204
9.473 232193
9.477 232192
9.48 232189
9.485 232176
9.487 232169
9.534 232165
9.553 232153
9.554 232150
9.56 232144
9.566 232137
9.599 232122
9.602 232113
9.604 232089
9.608 232060
9.615 232044
9.62 232039
10.198 232036
10.2 232030
10.202 232015
10.212 232005
10.214 232001
10.217 231987
10.222 231956
10.225 231954
10.23 231939
10.267 231924
10.27 231923
10.272 231917
10.275 231912
10.276 231899
10.278 231872
10.44 231867
10.442 231865
10.495 231861
10.499 231858
10.522 231847
10.605 231832
10.608 231824
10.618 231793
10.62 231784
10.635 231778
10.636 231762
10.642 231758
10.643 231747
10.645 231744
10.659 231698
10.823 231690
10.826 231688
10.827 231655
10.83 231649
10.85 231638
11.011 231550
11.015 231540
11.018 231535
11.019 231528
11.021 231526
11.023 231523
11.033 231522
11.034 231521
11.041 231505
11.043 231500
11.057 231470
11.058 231447
11.06 231442
11.088 231441
11.091 231438
11.092 231381
11.097 231366
11.1 231360
11.104 231350
11.106 231344
11.107 231328
11.109 231325
11.113 231315
11.116 231307
11.117 231297
11.119 231290
11.12 231289
11.121 231280
11.126 231273
11.136 231268
11.138 231255
11.139 231254
11.146 231212
11.148 231210
11.153 231202
11.158 231189
11.161 231133
11.326 231126
11.332 231122
11.335 231111
11.336 231097
11.347 231069
11.349 231055
12.26 231039
12.263 231037
12.268 231025
12.881 230991
12.884 230898
12.885 230893
12.888 230891
12.89 230879
12.896 230874
12.899 230861
12.902 230845
12.904 230843
12.94 230832
12.945 230831
12.947 230823
12.95 230822
13.059 230817
13.06 230815
13.065 230798
13.072 230791
13.074 230756
13.076 230742
13.077 230740
13.081 230712
13.084 230700
13.099 230698
13.101 230692
13.424 230688
13.426 230671
13.427 230623
13.434 230619
13.438 230618
13.443 230582
14.022 230575
14.029 230553
14.034 230544
14.036 230501
14.15 230499
14.156 230486
14.158 230476
14.159 230474
14.161 230437
14.163 230396
14.165 230388
14.167 230385
14.183 230360
14.184 230358
14.186 230352
14.187 230330
14.189 230308
14.201 230295
14.554 230259
14.563 230233
14.623 230222
14.625 230211
14.643 230190
14.645 230124
14.657 230115
14.659 230114
14.662 230093
14.847 229974
14.854 229970
14.855 229952
14.858 229945
14.892 229923
14.918 229741
14.923 229739
14.925 229709
14.939 229704
14.945 229703
18.671 229682
18.672 229663
18.674 229661
18.678 229656
18.682 229635
18.684 229619
18.687 229598
18.701 229573
18.704 229563
18.706 229556
18.709 229541
18.727 229536
18.728 229533
18.735 229497
18.737 229491
18.814 229471
18.828 229465
18.899 229463
18.901 229411
18.905 229392
18.935 229391
18.937 229376
18.986 229297
18.998 229282
19 229271
19.002 229265
19.004 229264
19.006 229255
19.007 229252
19.026 229238
19.028 229222
19.067 229199
19.072 229194
19.073 229181
19.076 229175
19.078 229161
19.079 229158
19.083 229122
19.086 229109
19.095 229103
19.137 229095
19.145 229093
19.146 229078
19.148 229067
19.15 229064
19.152 229049
19.154 229048
19.161 229043
19.241 229040
19.245 229023
19.25 229016
19.253 229012
19.254 229011
19.258 229005
19.261 228994
20.03 228990
20.036 228988
20.053 228968
20.055 228963
20.061 228944
20.806 228927
20.81 228902
20.828 228890
20.831 228889
20.832 228886
20.942 228855
20.967 228824
20.97 228792
21.523 228790
21.527 228786
21.531 228742
21.54 228738
21.543 228705
21.545 228673
21.554 228656
21.555 228655
21.558 228647
21.562 228642
21.563 228635
21.572 228632
21.593 228617
21.596 228599
21.599 228574
22.21 228555
22.702 228553
22.709 228537
22.711 228535
23.039 228534
23.816 228516
23.818 228504
23.819 228484
23.825 228465
23.827 228410
23.829 228408
23.833 228384
23.834 228382
23.838 228367
23.877 228364
23.884 228359
23.885 228350
23.887 228339
23.888 228316
23.895 228300
23.897 228279
23.921 228275
23.922 228266
23.95 228254
24.709 228222
24.716 228219
24.722 228215
24.724 228199
24.787 228188
24.827 228187
24.836 228184
24.853 228180
24.856 228174
24.858 228151
24.859 228133
24.861 228106
24.863 228088
24.977 228083
24.979 228073
24.983 228060
24.985 228059
25.141 228057
25.146 228028
25.152 228009
25.155 227987
25.16 227957
25.161 227955
25.178 227918
25.187 227896
25.19 227891
25.191 227883
25.195 227882
25.199 227870
25.201 227858
25.204 227852
25.208 227848
25.266 227842
25.27 227839
25.271 227834
25.273 227828
25.274 227825
25.277 227818
25.279 227816
25.307 227815
25.316 227811
25.321 227782
28.022 227748
28.026 227740
28.032 227737
28.668 227710
28.67 227702
28.672 227690
28.775 227688
28.781 227678
28.787 227661
36.01 227653
36.034 227629
36.815 227620
36.816 227605
36.82 227601
36.839 227597
36.851 227576
36.853 227573
36.882 227550
37.018 227531
37.024 227524
37.039 227510
37.045 227456
37.047 227452
37.05 227443
38.032 227441
38.035 227431
38.036 227410
38.072 227393
38.075 227392
38.117 227384
38.145 227358
38.147 227334
38.185 227332
38.19 227307
38.195 227304
38.216 227302
39.429 227294
39.439 227277
39.458 227263
39.46 227257
39.471 227256
39.478 227246
39.48 227238
39.481 227227
39.497 227225
39.503 227221
39.532 227203
39.534 227167
39.544 227158
39.545 227151
39.547 227135
39.627 227125
39.631 227081
39.632 227079
39.635 227077
39.64 227039
39.642 227028
39.65 227017
39.652 227015
39.654 227011
39.665 227010
39.671 227003
39.672 227002
39.73 226996
39.735 226990
40.447 226989
40.486 226986
40.488 226985
40.494 226978
40.502 226961
40.504 226948
40.516 226924
40.521 226911
40.523 226909
40.526 226899
40.528 226880
40.529 226879
40.531 226868
40.56 226867
40.563 226865
40.57 226859
40.572 226843
40.575 226842
40.606 226792
40.607 226787
40.612 226783
40.614 226773
40.616 226765
40.617 226751
40.634 226743
40.635 226732
40.637 226730
40.64 226723
40.647 226707
40.65 226706
40.663 226701
40.665 226691
43.934 226675
43.938 226674
44.13 226643
44.138 226613
45.521 226590
45.524 226557
45.609 226536
45.617 226535
45.619 226533
45.67 226520
45.675 226515
45.678 226497
45.68 226486
45.724 226458
45.726 226448
45.727 226442
45.735 226438
45.737 226430
45.738 226425
45.74 226408
45.745 226404
45.75 226383
45.751 226381
45.761 226366
45.774 226362
45.777 226359
45.78 226355
45.803 226339
46.071 226312
46.073 226295
46.074 226292
46.098 226281
46.983 226261
47.115 226208
47.117 226197
49.933 226183
49.935 226179
50.626 226163
50.628 226156
50.629 226149
50.632 226144
50.634 226141
50.642 226133
50.929 226129
50.932 226126
50.934 226121
50.982 226110
51.185 226095
51.186 226091
51.19 226076
52.351 226059
52.353 226058
52.361 226013
55.183 226004
55.224 226000
55.226 225988
55.23 225977
55.232 225966
55.237 225964
55.244 225941
55.246 225933
55.247 225921
55.251 225916
55.253 225913
55.254 225902
55.256 225900
57.047 225882
58.688 225876
58.705 225837
58.711 225831
58.713 225781
58.715 225774
58.716 225766
58.723 225759
58.724 225744
58.729 225724
58.744 225684
58.783 225677
58.785 225673
58.786 225670
58.788 225658
58.793 225648
58.796 225637
58.797 225633
58.8 225626
65.881 225622
65.883 225617
65.884 225570
65.887 225553
65.891 225533
65.895 225523
65.902 225518
65.906 225508
65.907 225488
65.909 225485
65.933 225480
65.934 225472
66.319 225459
66.324 225447
66.325 225438
66.372 225422
66.609 225421
66.726 225415
66.75 225411
66.77 225409
66.872 225402
75.733 225383
75.737 225365
75.813 225358
75.818 225354
75.827 225343
75.829 225304
75.832 225303
75.837 225295
75.839 225289
75.84 225275
75.842 225268
75.845 225257
75.853 225254
75.855 225253
75.857 225249
75.86 225219
75.864 225214
77.43 225176
77.435 225164
77.532 225122
77.534 225108
77.535 225107
77.537 225105
77.539 225092
77.545 225089
77.633 225081
77.638 225056
87.193 225037
87.196 225002
87.253 224978
87.342 224967
87.344 224943
87.347 224902
87.35 224887
87.352 224885
87.355 224880
87.357 224852
87.372 224806
87.377 224802
87.39 224800
87.391 224793
87.393 224788
87.394 224741
87.397 224738
90.694 224736
90.697 224727
90.731 224696
90.733 224694
90.737 224693
90.815 224682
90.826 224667
90.83 224611
90.836 224595
90.837 224593
90.841 224590
90.843 224560
90.845 224557
90.847 224553
91.093 224494
91.096 224488
91.102 224477
91.105 224441
91.108 224440
91.11 224423
91.111 224421
91.113 224418
91.156 224416
91.169 224407
91.171 224376
91.174 224359
91.177 224356
91.179 224345
91.183 224343
91.185 224337
91.195 224332
91.196 224328
91.851 224323
91.854 224321
91.866 224306
91.872 224296
91.874 224282
91.876 224280
91.878 224252
91.881 224251
91.883 224250
98.701 224247
98.709 224239
98.71 224220
103.329 224202
103.334 224193
103.337 224173
103.338 224155
103.446 224148
103.448 224141
103.454 224127
103.467 224120
103.468 224116
103.534 224109
103.558 224107
103.567 224094
103.569 224081
103.571 224080
103.584 224076
103.593 224041
103.695 224039
103.697 224035
103.773 224026
103.781 224012
103.795 224011
103.797 224010
103.799 223989
103.809 223988
103.811 223983
103.813 223956
106.021 223944
106.023 223916
106.025 223903
106.031 223869
106.042 223845
106.046 223841
106.065 223817
106.146 223791
106.402 223783
106.449 223759
106.454 223748
106.462 223732
106.517 223706
106.519 223693
106.53 223683
106.531 223671
129.571 223664
129.579 223661
129.586 223656
129.589 223639
129.626 223636
129.852 223629
129.865 223618
129.878 223593
129.882 223574
129.885 223571
129.887 223560
129.889 223556
129.892 223554
129.957 223532
130.213 223525
130.225 223514
130.227 223512
130.228 223483
130.234 223474
130.286 223472
130.288 223449
130.289 223430
130.363 223417
130.364 223415
130.366 223404
130.374 223376
130.378 223360
130.38 223353
130.381 223349
130.454 223342
130.46 223341
130.462 223324
130.464 223320
133.315 223317
133.32 223303
133.322 223298
133.38 223297
133.622 223289
133.64 223286
133.643 223271
133.646 223265
133.653 223245
133.661 223237
133.679 223231
133.683 223214
133.686 223209
133.691 223207
133.693 223205
133.706 223193
133.71 223180
141.185 223178
141.186 223173
141.192 223155
141.202 223143
141.221 223138
141.222 223128
141.224 223119
141.226 223118
141.455 223102
141.56 223050
141.563 223039
141.565 223037
142.538 223036
142.544 223017
142.548 223014
147.806 223011
147.81 223004
147.814 222989
147.834 222985
147.839 222984
147.846 222977
147.848 222975
147.852 222969
147.854 222967
147.857 222948
147.864 222939
147.88 222934
147.897 222929
147.899 222905
147.902 222900
148.024 222898
148.119 222886
148.121 222874
148.125 222865
148.129 222861
150.007 222855
150.01 222854
150.021 222853
150.023 222840
150.096 222839
150.101 222838
150.107 222832
150.113 222827
150.131 222826
150.153 222817
150.155 222811
150.157 222801
150.235 222796
150.241 222794
150.245 222783
150.248 222782
150.298 222778
150.419 222777
150.509 222776
150.511 222774
150.514 222771
150.516 222760
150.518 222759
154.084 222731
154.086 222723
154.427 222713
154.437 222699
154.439 222698
154.442 222692
154.514 222665
154.519 222640
154.53 222638
154.538 222629
154.541 222623
154.549 222616
154.551 222608
154.559 222602
154.696 222600
154.701 222597
154.703 222596
154.71 222593
154.719 222591
154.721 222582
154.744 222566
154.745 222563
163.753 222558
163.952 222542
163.981 222531
163.993 222525
163.995 222497
163.997 222491
164 222490
164.011 222485
164.03 222482
164.074 222481
164.098 222474
164.101 222473
164.103 222471
164.138 222465
166.203 222443
166.206 222438
167.858 222435
167.865 222429
168.074 222412
168.083 222411
168.108 222402
168.11 222398
179.072 222397
179.074 222395
179.08 222393
179.085 222380
179.143 222374
180.28 222368
180.316 222366
180.398 222353
180.4 222346
180.404 222343
180.412 222338
180.414 222333
180.417 222320
180.419 222314
180.42 222310
180.425 222288
180.436 222285
180.439 222284
180.441 222273
181.987 222262
181.991 222255
181.994 222237
182.002 222230
182.012 222227
182.015 222226
182.03 222225
182.032 222220
182.127 222206
182.141 222204
182.149 222200
182.153 222193
182.287 222190
182.292 222185
182.293 222181
182.315 222176
182.318 222173
182.325 222171
182.328 222170
182.7 222168
182.701 222162
182.711 222161
182.723 222147
186.557 222136
186.558 222125
186.748 222122
186.75 222119
186.756 222114
194.485 222105
194.517 222096
194.522 222095
196.5 222089
196.51 222060
196.514 222053
196.899 222051
196.903 222027
196.908 222025
196.911 222022
196.913 221998
196.916 221987
196.927 221983
196.928 221978
196.963 221975
196.964 221967
196.972 221964
196.977 221958
197.01 221951
199.468 221946
199.469 221938
199.471 221918
199.49 221912
199.492 221909
199.5 221899
199.51 221898
199.514 221865
199.863 221864
199.903 221863
199.952 221857
199.957 221855
199.959 221847
199.963 221846
199.965 221843
199.966 221838
199.968 221832
199.978 221822
199.979 221821
200.003 221817
200.017 221804
200.019 221796
200.028 221789
200.033 221787
200.035 221786
200.065 221783
200.068 221782
200.074 221772
204.3 221769
204.329 221763
204.332 221755
204.342 221746
204.355 221739
204.362 221733
204.555 221722
204.559 221719
204.56 221718
204.573 221717
204.672 221708
204.674 221673
204.679 221669
204.704 221668
206.021 221667
206.026 221664
207.076 221657
207.147 221652
208.373 221651
208.377 221648
208.383 221635
208.392 221629
208.395 221622
208.397 221616
208.401 221610
208.404 221604
208.783 221599
208.788 221582
208.792 221581
208.816 221571
209.181 221570
209.183 221559
209.236 221553
209.241 221544
209.245 221535
209.247 221521
209.264 221514
209.275 221505
209.278 221501
209.283 221500
209.285 221497
209.291 221496
209.468 221493
209.597 221485
209.603 221476
209.629 221464
209.632 221460
209.647 221453
209.667 221448
210.043 221438
210.138 221433
210.146 221416
210.16 221400
210.357 221395
210.36 221393
210.362 221389
213.279 221385
213.282 221377
213.283 221374
213.285 221363
213.29 221361
213.291 221358
213.294 221347
213.296 221340
213.301 221333
213.303 221318
213.308 221317
213.309 221316
213.313 221311
213.318 221309
213.323 221306
213.329 221289
213.806 221284
213.808 221273
217.191 221270
217.192 221269
217.195 221251
217.377 221241
217.386 221240
217.391 221234
217.471 221232
217.493 221231
217.499 221218
217.501 221199
217.533 221197
217.536 221184
217.54 221163
217.548 221155
217.552 221127
217.559 221121
217.572 221114
217.592 221108
217.595 221105
221.685 221099
221.687 221093
221.699 221088
221.706 221087
221.708 221086
221.718 221073
221.72 221064
221.777 221057
221.783 221056
221.826 221055
221.829 221051
221.832 221031
221.834 221030
222.135 221016
222.136 221000
222.281 220982
222.283 220979
222.286 220975
222.935 220972
222.938 220968
222.94 220966
222.943 220955
222.944 220921
222.947 220917
222.998 220893
223.009 220887
223.014 220874
223.016 220872
238.828 220869
238.834 220867
238.86 220863
238.865 220856
238.888 220847
238.893 220846
238.906 220843
238.932 220840
238.943 220830
240.299 220827
240.319 220823
240.328 220819
243.663 220817
243.669 220812
243.677 220806
243.683 220792
243.687 220773
243.691 220770
243.701 220767
243.753 220761
243.755 220757
243.805 220752
243.858 220749
243.862 220748
243.879 220742
243.908 220735
243.92 220734
243.929 220732
243.93 220726
243.945 220720
244.024 220691
244.039 220684
244.045 220674
244.047 220673
244.051 220669
244.067 220668
244.07 220662
244.735 220660
244.738 220658
244.74 220657
244.742 220645
244.754 220640
244.761 220638
244.789 220624
251.319 220612
251.336 220597
251.345 220594
251.346 220592
251.949 220588
251.953 220582
252.36 220576
252.363 220575
252.364 220547
252.366 220543
252.369 220541
252.388 220535
252.398 220532
252.403 220530
252.405 220518
252.419 220515
252.424 220492
252.426 220489
252.45 220476
252.454 220473
252.89 220471
253.515 220461
253.522 220459
253.523 220436
253.646 220434
253.65 220424
253.765 220422
253.77 220417
253.784 220415
253.795 220404
253.804 220396
253.809 220393
253.814 220389
253.823 220386
253.827 220382
253.829 220370
253.835 220358
253.849 220351
253.867 220350
253.868 220349
253.875 220340
253.879 220339
253.889 220329
253.89 220326
253.953 220324
253.959 220323
254.11 220313
254.111 220308
254.115 220301
254.121 220296
254.137 220295
254.151 220286
256.638 220280
256.642 220278
256.643 220277
256.648 220274
256.667 220272
256.672 220253
256.719 220252
256.752 220247
256.765 220245
256.78 220244
256.792 220239
256.803 220238
256.807 220225
256.824 220220
258.178 220213
258.189 220206
258.196 220197
258.203 220196
258.207 220186
258.211 220182
258.317 220177
258.318 220176
258.32 220169
258.326 220161
258.332 220158
258.333 220156
258.361 220154
258.373 220146
258.476 220144
258.485 220143
258.533 220136
258.537 220134
258.539 220133
258.543 220129
258.545 220127
258.556 220126
258.565 220123
258.572 220119
258.579 220117
258.582 220112
258.663 220101
258.795 220097
258.81 220085
259.648 220081
259.655 220080
259.862 220079
259.864 220078
259.866 220077
262.359 220076
262.361 220067
262.363 220066
262.365 220064
262.367 220058
262.401 220046
262.41 220045
262.413 220044
262.421 220043
262.482 220037
262.496 220035
262.508 220030
262.514 220029
262.517 220004
262.52 220002
262.741 219998
262.746 219997
262.752 219986
262.777 219983
262.787 219979
262.802 219967
262.806 219956
263.007 219944
263.018 219938
263.034 219925
263.909 219923
263.916 219921
263.921 219913
268.327 219911
268.337 219905
268.345 219900
268.355 219883
268.367 219882
268.461 219875
269.97 219872
269.976 219852
269.993 219845
269.998 219844
270 219842
270.016 219839
270.023 219838
270.031 219824
270.032 219819
270.036 219815
270.136 219810
270.14 219808
270.15 219803
270.152 219796
270.946 219795
270.953 219794
270.963 219788
270.965 219781
270.969 219780
271.095 219779
272.452 219773
272.457 219771
273.128 219770
273.132 219760
273.198 219757
273.204 219751
273.206 219743
273.207 219736
273.21 219735
273.227 219729
273.296 219721
279.599 219720
279.973 219714
279.977 219713
279.98 219701
279.985 219700
280.001 219683
280.003 219680
280.013 219677
280.054 219673
280.058 219672
280.062 219668
280.074 219664
280.075 219653
280.081 219641
280.092 219640
280.168 219639
280.17 219638
280.175 219637
280.552 219635
280.56 219621
280.561 219620
280.563 219616
280.564 219610
281.088 219603
281.148 219598
281.158 219596
281.165 219594
281.195 219588
281.596 219582
281.642 219581
281.663 219578
281.679 219574
281.683 219568
281.729 219562
281.731 219561
282.025 219560
282.072 219559
282.138 219556
282.146 219547
282.147 219546
282.153 219542
282.256 219537
282.275 219535
282.279 219534
292.741 219528
292.748 219521
292.75 219520
292.778 219514
292.795 219513
292.8 219506
292.811 219505
292.814 219493
292.932 219488
292.934 219486
292.943 219479
292.947 219478
292.958 219473
292.96 219472
292.973 219471
293.025 219465
293.064 219458
293.067 219433
293.07 219429
293.134 219421
293.137 219416
293.139 219412
293.14 219409
293.144 219408
293.264 219386
293.265 219380
293.27 219376
293.284 219371
293.307 219370
293.334 219365
293.346 219349
293.355 219341
293.366 219340
293.369 219339
293.377 219333
293.431 219330
293.434 219318
293.449 219313
297.665 219309
297.671 219308
297.673 219301
297.696 219300
297.724 219297
297.741 219290
297.76 219289
297.845 219283
297.848 219281
298.536 219276
298.548 219274
298.552 219272
299.374 219271
299.376 219265
299.403 219260
299.408 219256
299.41 219253
304.355 219251
304.419 219244
304.43 219240
304.495 219237
304.498 219235
304.5 219228
304.756 219222
304.758 219218
304.77 219217
304.789 219199
304.799 219187
304.944 219180
304.95 219177
305.089 219171
305.153 219168
305.158 219161
305.172 219155
305.182 219152
305.197 219151
305.231 219150
305.234 219142
305.243 219139
305.248 219137
305.314 219135
305.664 219133
310.886 219129
310.898 219124
311 219123
311.027 219122
311.028 219121
311.053 219119
311.071 219118
311.087 219116
311.192 219106
311.207 219105
311.224 219098
311.24 219093
311.515 219092
314.254 219091
314.294 219089
314.419 219087
319.362 219086
319.368 219081
319.377 219075
319.486 219071
319.489 219069
319.495 219061
319.579 219059
321.8 219052
321.812 219047
321.831 219045
321.839 219042
321.842 219035
321.853 219030
321.907 219027
321.909 219026
321.925 219022
321.943 219021
321.947 219020
321.995 219019
322.005 219012
322.008 219009
322.05 219007
322.057 219006
322.1 219000
322.111 218998
322.117 218996
322.136 218987
322.153 218984
322.178 218976
322.179 218974
322.182 218970
322.201 218961
322.208 218959
322.229 218957
322.231 218954
322.278 218938
322.285 218936
322.287 218930
322.314 218920
322.317 218918
322.415 218917
322.425 218915
322.43 218909
322.494 218907
322.513 218905
322.559 218904
326.121 218900
326.128 218897
326.14 218896
326.156 218888
326.163 218883
326.175 218873
326.179 218871
326.187 218870
326.189 218868
326.234 218866
326.302 218859
326.311 218858
326.318 218857
326.323 218854
326.324 218851
327.192 218847
327.213 218844
327.219 218841
327.258 218837
327.268 218836
327.27 218832
327.278 218831
327.292 218823
327.299 218817
327.371 218815
327.421 218812
327.467 218810
327.469 218808
327.761 218805
327.767 218801
328.051 218798
328.061 218787
328.079 218782
328.091 218781
328.111 218780
328.156 218771
328.189 218769
328.2 218767
328.203 218765
328.207 218762
328.213 218759
328.343 218758
328.354 218755
328.363 218753
328.369 218743
328.391 218740
328.393 218738
328.431 218736
328.58 218735
328.609 218734
328.614 218731
328.651 218730
328.668 218724
328.673 218722
328.746 218717
329.26 218713
329.271 218708
329.28 218695
329.374 218692
329.414 218688
329.448 218685
329.557 218684
329.559 218680
329.687 218678
329.696 218677
329.718 218659
329.723 218654
329.993 218653
330.02 218647
330.021 218635
330.049 218632
330.126 218630
330.133 218629
330.139 218622
330.173 218609
330.485 218607
330.653 218606
330.662 218605
330.666 218603
330.681 218601
331.182 218600
331.191 218593
331.247 218585
331.258 218580
331.282 218578
331.297 218572
331.436 218563
331.44 218560
331.444 218557
331.446 218548
331.451 218546
331.453 218544
331.464 218540
331.466 218537
331.513 218535
331.515 218529
331.528 218525
331.531 218524
331.561 218522
331.603 218521
331.647 218507
340.785 218506
340.809 218496
340.936 218495
340.956 218493
340.966 218492
340.989 218490
340.999 218488
341.006 218480
341.288 218479
341.317 218477
341.327 218474
341.478 218473
341.718 218462
341.733 218460
347.121 218453
347.129 218449
347.156 218447
347.169 218444
347.185 218443
347.229 218439
347.231 218437
347.238 218435
349.297 218431
349.302 218427
349.326 218426
353.3 218425
353.332 218423
353.336 218422
353.342 218421
353.361 218419
353.387 218418
353.391 218414
353.401 218410
353.415 218408
353.425 218404
353.426 218403
353.478 218402
357.067 218401
357.09 218400
357.106 218394
357.112 218393
357.328 218392
357.455 218391
357.458 218388
357.649 218382
357.966 218376
357.999 218373
358.064 218364
358.1 218363
358.126 218361
358.139 218359
358.141 218358
358.15 218355
358.187 218348
358.197 218346
358.198 218341
371.509 218333
371.635 218329
371.651 218326
371.658 218325
371.665 218323
371.851 218320
371.868 218319
371.879 218318
371.884 218315
371.909 218314
371.953 218313
372.063 218311
372.123 218309
372.155 218308
372.18 218301
372.2 218295
372.205 218290
372.207 218287
372.221 218286
372.226 218281
372.232 218277
372.338 218273
373.572 218265
373.613 218264
373.639 218257
373.644 218256
373.658 218254
373.791 218249
374.533 218248
374.592 218244
374.619 218240
374.621 218236
374.641 218235
374.647 218234
374.659 218231
374.668 218229
374.674 218224
374.927 218223
374.929 218220
374.943 218217
374.945 218208
375.017 218206
377.399 218203
377.711 218202
377.773 218199
377.801 218194
378.428 218188
382.266 218185
382.416 218184
382.433 218183
382.47 218181
382.474 218179
382.483 218178
382.691 218172
383.015 218171
383.043 218167
383.044 218164
383.594 218161
384.373 218151
384.394 218150
384.44 218146
385.83 218144
385.842 218142
386.367 218141
386.398 218139
388.007 218137
388.018 218134
388.053 218130
388.198 218124
388.235 218121
388.26 218120
388.337 218113
388.352 218110
390.115 218105
390.172 218103
390.175 218102
390.284 218099
390.321 218096
390.363 218095
390.386 218092
390.409 218091
390.488 218088
390.499 218086
390.506 218082
390.826 218079
391.415 218074
391.428 218073
391.436 218072
391.62 218071
391.638 218065
392.531 218064
392.554 218062
392.584 218059
392.586 218058
392.627 218055
392.644 218054
392.687 218053
392.689 218046
392.74 218043
392.797 218042
392.807 218041
392.818 218039
392.839 218037
392.842 218035
392.904 218034
392.905 218033
392.931 218032
392.946 218031
393.005 218030
393.059 218028
393.1 218027
393.133 218021
393.245 218020
393.848 218018
393.855 218015
393.872 218014
393.912 218013
393.927 218012
394.048 218009
394.073 218008
394.112 218007
394.152 218006
394.35 218005
394.363 218002
394.391 218001
394.398 217998
394.416 217995
394.436 217994
394.46 217993
394.479 217992
394.487 217990
394.495 217988
394.516 217983
394.531 217982
394.636 217980
394.648 217977
396.585 217971
396.649 217969
396.657 217967
396.743 217966
397.045 217957
397.048 217954
397.062 217946
397.065 217945
397.315 217944
397.427 217943
397.434 217940
397.592 217937
397.597 217935
397.618 217934
397.625 217929
397.632 217928
397.645 217926
397.658 217925
397.668 217924
397.699 217922
397.722 217921
397.723 217919
397.735 217917
398.282 217914
398.566 217910
399.287 217909
399.311 217906
399.34 217905
399.342 217898
399.346 217894
399.348 217889
399.404 217888
399.455 217885
399.526 217884
399.58 217881
399.616 217880
399.652 217877
399.671 217876
399.672 217875
399.697 217874
399.705 217873
403.495 217872
403.536 217868
403.54 217866
404.338 217860
404.385 217858
404.406 217855
404.466 217854
404.468 217852
404.566 217851
404.572 217850
404.614 217848
404.719 217846
404.731 217845
404.753 217843
404.837 217842
404.921 217841
405.066 217836
405.08 217833
405.393 217832
406.203 217831
406.213 217830
406.264 217828
406.29 217827
406.293 217826
406.496 217825
406.558 217822
406.57 217820
406.625 217816
407.961 217815
407.964 217812
407.985 217811
417.434 217810
417.452 217808
422.887 217807
423.006 217806
423.023 217804
423.033 217802
424.12 217795
424.131 217790
424.136 217786
424.173 217782
424.747 217780
424.906 217778
424.94 217777
424.967 217776
425.004 217775
425.07 217772
425.08 217770
428.089 217765
428.123 217763
432.075 217762
432.111 217761
432.131 217760
432.132 217759
432.445 217757
432.528 217756
432.576 217749
433.315 217746
434.36 217745
434.363 217744
434.418 217743
434.426 217739
434.454 217738
434.458 217737
434.506 217736
434.56 217734
434.568 217726
434.579 217718
437.066 217717
437.095 217714
437.493 217709
437.495 217706
437.794 217705
437.811 217702
438.982 217701
438.985 217699
439.183 217698
439.193 217695
439.366 217694
439.411 217690
439.424 217688
439.431 217687
439.449 217683
439.536 217681
439.545 217680
441.15 217678
441.604 217676
441.816 217670
441.96 217669
442.013 217668
442.029 217666
442.038 217665
442.065 217662
442.358 217661
442.369 217659
442.405 217656
442.407 217653
442.462 217652
442.507 217650
442.523 217649
442.577 217648
442.733 217647
442.744 217645
442.75 217644
442.765 217643
442.884 217642
443.013 217640
443.024 217639
443.042 217636
443.043 217634
443.074 217632
443.353 217631
443.405 217628
443.454 217627
443.495 217625
443.511 217624
444.919 217622
445.027 217620
445.226 217619
445.337 217616
445.408 217614
445.419 217611
445.442 217610
445.464 217608
445.795 217607
445.821 217604
445.823 217601
445.844 217600
445.873 217597
446.346 217595
446.444 217593
446.526 217591
446.609 217589
446.65 217587
446.682 217585
446.81 217579
446.852 217575
446.855 217574
446.998 217573
447.018 217572
447.642 217571
448.146 217570
448.187 217568
448.193 217566
448.438 217564
448.511 217561
448.632 217560
448.639 217558
448.648 217555
448.744 217554
448.845 217552
448.929 217548
448.963 217545
448.965 217543
448.968 217541
449.071 217539
449.176 217535
449.195 217534
449.211 217532
451.059 217531
451.261 217530
451.401 217529
451.404 217526
451.424 217525
451.429 217523
451.459 217522
451.928 217519
451.932 217517
452.334 217515
452.361 217510
453.039 217509
453.167 217507
453.548 217505
453.986 217504
454.1 217500
454.11 217498
454.111 217497
454.508 217492
454.547 217491
454.707 217490
454.721 217487
454.842 217486
454.933 217485
454.946 217483
455.157 217482
455.201 217479
455.271 217475
455.296 217474
455.352 217472
455.392 217469
455.424 217468
455.457 217467
455.501 217465
455.505 217464
455.521 217463
455.537 217462
455.539 217457
455.935 217456
455.943 217452
456.548 217451
456.904 217448
456.967 217447
457.441 217444
457.453 217443
457.525 217442
457.559 217441
457.716 217431
458.974 217430
458.983 217427
459.036 217426
459.118 217424
459.155 217421
459.295 217419
459.458 217417
461.428 217413
461.437 217411
466.375 217410
466.409 217406
466.743 217404
466.784 217402
468.002 217401
468.59 217400
469.414 217397
469.472 217394
469.483 217393
469.709 217392
469.747 217391
469.896 217390
470.498 217389
470.591 217388
470.7 217387
472.561 217386
472.563 217385
472.578 217382
473.627 217381
473.64 217380
473.734 217379
474.252 217378
474.295 217376
474.36 217374
474.404 217372
474.477 217369
474.768 217368
475.088 217367
475.099 217366
475.15 217365
475.463 217364
475.656 217362
475.885 217358
475.926 217357
476.131 217356
476.211 217355
476.348 217354
476.432 217347
476.531 217346
481.528 217345
481.579 217343
481.651 217338
481.753 217336
481.889 217334
481.906 217333
482.077 217332
482.111 217330
482.157 217329
482.185 217328
483.24 217326
483.384 217322
483.444 217321
484.133 217319
484.139 217317
484.525 217313
484.534 217311
484.7 217310
484.754 217309
484.845 217307
484.85 217306
484.996 217303
485.954 217302
485.956 217300
485.969 217299
486.164 217298
486.188 217297
486.266 217296
486.679 217295
486.876 217293
486.903 217292
488.473 217291
488.596 217288
489.515 217287
489.534 217284
489.555 217282
489.562 217281
489.647 217278
489.674 217277
490.123 217276
490.16 217275
490.188 217273
490.25 217271
490.279 217269
492.252 217268
492.284 217267
492.338 217263
492.411 217261
492.429 217259
492.47 217256
492.766 217253
492.775 217251
492.783 217250
492.888 217249
492.911 217246
492.964 217245
493.131 217244
493.171 217243
493.494 217240
493.562 217239
493.573 217233
493.632 217231
493.973 217230
494.3 217229
494.386 217228
494.388 217227
501.104 217226
501.106 217223
501.138 217221
501.584 217220
501.99 217219
504.147 217218
504.163 217217
504.172 217215
504.175 217214
504.254 217211
505.276 217210
505.42 217209
505.561 217208
508.274 217207
508.471 217205
508.523 217199
508.567 217198
508.597 217196
508.608 217193
510.306 217192
510.332 217191
513.979 217190
514.088 217189
514.623 217187
514.711 217185
516.261 217184
516.288 217183
516.384 217177
516.512 217176
516.548 217175
516.585 217171
516.671 217170
517.311 217167
517.348 217166
517.453 217165
517.606 217164
521.902 217163
521.964 217162
522.029 217159
522.502 217156
522.535 217155
522.894 217153
522.947 217150
523 217149
527.662 217145
528.295 217143
528.35 217142
528.787 217141
528.911 217138
529.131 217136
530.057 217135
530.104 217134
530.196 217133
530.349 217132
530.438 217130
530.593 217128
530.618 217127
530.679 217125
530.707 217123
531.19 217120
533.425 217119
534.118 217118
534.169 217116
534.29 217115
534.908 217114
535.566 217113
535.759 217112
535.939 217111
536.015 217110
536.354 217109
536.703 217108
537.611 217107
537.626 217106
537.677 217105
538.682 217104
538.835 217103
538.895 217102
539.611 217101
539.782 217100
540.014 217099
542.214 217098
542.216 217096
542.39 217095
542.4 217094
542.583 217092
542.59 217090
542.846 217088
543.6 217087
548.487 217086
548.63 217085
549.426 217083
549.856 217082
550.194 217081
555.476 217080
555.534 217079
555.755 217076
561.754 217075
561.808 217074
561.904 217071
562.076 217070
562.35 217068
562.358 217067
562.503 217066
562.53 217065
563.557 217064
567.293 217063
569.198 217062
569.362 217061
569.437 217060
569.449 217059
570.101 217058
570.181 217057
570.256 217055
570.37 217054
571.133 217053
573.198 217052
573.32 217051
573.332 217045
574.273 217044
575.11 217043
576.501 217042
578.275 217041
579.146 217040
579.358 217039
