3.636 390496
3.637 390467
3.639 390450
3.64 390428
3.642 390401
3.643 390399
3.645 390362
3.646 390356
3.649 390313
3.651 390301
3.653 390297
3.654 390293
3.655 390291
3.657 390281
3.658 390278
3.66 390273
3.661 390272
3.663 390256
3.665 390253
3.666 390252
3.668 390251
3.67 390229
3.671 390181
3.672 390165
3.674 390104
3.675 390103
3.677 389987
3.678 389979
3.68 389971
3.683 389967
3.685 389964
3.686 389949
3.689 389942
3.69 389922
3.693 389902
3.694 389876
3.696 389834
3.697 389830
3.7 389819
3.701 389799
3.703 389794
3.705 389755
3.706 389752
3.712 389708
3.713 389683
3.715 389634
3.717 389610
3.718 389589
3.72 389539
3.722 389533
3.726 389431
3.728 389416
3.729 389392
3.731 389379
3.732 389353
3.734 389341
3.736 389307
3.738 389281
3.74 389275
3.741 389250
3.743 389245
3.744 389099
3.746 389090
3.747 389039
3.749 389035
3.752 389023
3.758 389019
3.76 388984
3.762 388939
3.764 388937
3.766 388922
3.768 388914
3.769 388907
3.773 388899
3.776 388894
3.778 388866
3.779 388848
3.781 388841
3.782 388839
3.784 388779
3.785 388776
3.787 388754
3.791 388680
3.794 388677
3.796 388672
3.801 388640
3.802 388626
3.805 388615
3.806 388614
3.809 388609
3.81 388603
3.812 388554
3.817 388532
3.819 388502
3.823 388480
3.824 388479
3.826 388449
3.827 388445
3.831 388430
3.833 388297
3.837 388295
3.839 388185
3.84 388175
3.843 388167
3.844 388162
3.846 388158
3.847 388135
3.849 388117
3.85 388116
3.852 388115
3.854 388111
3.87 388104
3.873 388023
3.874 388000
3.877 387987
3.879 387955
3.881 387949
3.882 387943
3.886 387938
3.887 387914
3.889 387903
3.891 387835
3.893 387834
3.909 387823
3.912 387820
3.914 387812
3.935 387785
3.938 387779
3.941 387730
3.943 387727
3.944 387726
3.946 387701
3.95 387626
3.952 387567
3.954 387565
3.955 387559
3.957 387520
3.959 387505
3.961 387494
3.962 387466
3.964 387454
3.965 387443
3.967 387441
3.97 387368
3.971 387290
3.973 387258
3.978 387210
3.983 387203
3.985 387202
3.989 387200
3.994 387194
3.997 387189
3.999 387172
4.009 387167
4.012 387151
4.031 387112
4.032 387105
4.035 387093
4.037 387092
4.057 387086
4.06 387082
4.063 387049
4.064 387039
4.067 387011
4.075 387003
4.078 386985
4.079 386980
4.082 386978
4.083 386968
4.085 386962
4.088 386955
4.09 386895
4.091 386881
4.094 386868
4.095 386860
4.097 386858
4.098 386855
4.1 386834
4.108 386829
4.11 386809
4.112 386807
4.114 386799
4.118 386764
4.122 386756
4.123 386750
4.127 386738
4.131 386718
4.132 386695
4.134 386693
4.136 386673
4.138 386669
4.14 386650
4.142 386639
4.144 386635
4.146 386611
4.147 386584
4.167 386577
4.168 386573
4.172 386548
4.174 386546
4.175 386543
4.179 386534
4.182 386522
4.183 386511
4.186 386506
4.193 386504
4.199 386500
4.286 386488
4.312 386473
4.316 386439
4.319 386404
4.321 386395
4.324 386392
4.331 386383
4.336 386382
4.343 386375
4.344 386344
4.347 386341
4.35 386323
4.353 386322
4.359 386321
4.361 386309
4.364 386307
4.367 386304
4.371 386303
4.381 386301
4.387 386293
4.398 386287
4.4 386285
4.401 386274
4.406 386271
4.436 386256
4.44 386253
4.442 386248
4.471 386222
4.472 386215
4.476 386203
4.477 386198
4.479 386183
4.482 386104
4.484 386103
4.488 386102
4.505 386090
4.512 386089
4.519 386085
4.521 386067
4.526 386037
4.53 386034
4.534 386021
4.535 386019
4.538 386014
4.539 386013
4.554 386009
4.557 386002
4.558 385996
4.578 385975
4.58 385960
4.586 385938
4.588 385931
4.589 385921
4.601 385914
4.608 385906
4.642 385902
4.645 385900
4.648 385895
4.655 385885
4.965 385884
4.968 385860
4.989 385858
4.99 385855
5.005 385840
5.009 385826
5.014 385818
5.015 385816
5.017 385808
5.022 385796
5.024 385795
5.122 385792
5.125 385764
5.128 385754
5.132 385751
5.138 385747
5.223 385746
5.224 385733
5.23 385724
5.243 385723
5.245 385709
5.249 385704
5.251 385701
5.418 385694
5.419 385669
5.422 385668
5.424 385648
5.425 385632
5.433 385595
5.435 385575
5.439 385562
5.442 385538
5.453 385524
5.454 385505
5.459 385498
5.471 385488
5.474 385486
5.482 385484
5.592 385426
5.629 385407
5.632 385402
5.638 385392
5.639 385385
5.659 385379
5.664 385372
5.666 385371
5.667 385361
5.675 385346
5.754 385344
5.759 385326
5.762 385317
5.764 385312
5.765 385309
5.767 385304
5.791 385299
5.811 385298
5.87 385297
5.872 385269
5.882 385245
6.907 385236
6.918 385227
6.921 385215
6.923 385209
6.924 385205
6.926 385202
6.93 385179
6.935 385163
6.945 385119
6.954 385110
6.972 385098
6.974 385090
6.976 385079
6.978 385068
6.993 385060
7.527 385047
7.53 385035
7.532 385026
7.536 385020
8.508 385002
8.509 384964
8.515 384885
8.517 384879
8.572 384859
8.574 384826
8.576 384825
8.582 384807
8.586 384804
8.6 384802
8.603 384783
13.798 384766
13.817 384763
13.859 384761
13.869 384716
13.871 384695
13.877 384681
13.883 384679
13.885 384677
13.89 384672
13.892 384663
13.925 384626
14.41 384624
14.418 384619
14.421 384615
14.431 384598
14.435 384593
14.587 384591
14.592 384581
15.447 384564
15.449 384559
15.451 384550
15.46 384542
15.464 384539
15.476 384519
15.482 384513
15.484 384483
15.486 384464
15.488 384455
16.805 384420
16.813 384419
16.816 384399
16.825 384393
16.827 384380
16.829 384366
28.476 384343
28.481 384342
30.247 384336
30.25 384321
30.256 384314
30.258 384304
30.26 384281
31.406 384255
31.435 384244
31.437 384229
31.447 384205
31.45 384199
31.453 384180
31.464 384158
31.467 384147
31.469 384144
31.504 384137
31.506 384124
31.51 384117
31.516 384116
31.52 384084
31.523 384078
31.525 384063
31.578 384046
31.58 384033
31.584 384022
31.586 384002
31.587 383999
31.592 383995
32.022 383939
32.024 383938
32.071 383924
33.158 383904
33.206 383901
33.21 383898
33.214 383892
33.291 383870
33.386 383842
33.395 383825
33.401 383823
33.411 383822
33.416 383807
33.42 383801
33.44 383799
33.444 383782
33.445 383768
33.486 383754
33.495 383750
33.522 383740
33.524 383725
35.916 383711
35.924 383709
35.929 383691
35.93 383690
35.933 383681
35.945 383678
35.952 383669
35.963 383658
35.964 383642
35.967 383635
35.997 383623
35.999 383610
36.002 383602
36.864 383593
36.866 383591
36.871 383569
38.515 383560
38.518 383557
38.519 383552
38.561 383532
39.536 383528
39.55 383489
39.552 383471
39.553 383462
39.564 383447
39.565 383440
39.568 383411
39.571 383403
39.582 383398
39.584 383395
39.587 383390
39.592 383387
39.692 383357
39.694 383331
39.704 383291
39.72 383284
39.764 383276
39.768 383250
39.771 383239
39.772 383221
39.781 383203
39.786 383190
39.788 383178
40.033 383166
40.035 383158
40.041 383151
40.044 383147
40.046 383142
40.048 383132
40.05 383127
40.055 383124
40.118 383123
40.121 383115
40.127 383106
40.129 383095
40.132 383094
40.144 383088
40.146 383086
40.171 383066
55.56 383031
55.564 383027
55.567 382996
55.578 382985
55.581 382965
55.61 382960
55.616 382939
55.751 382924
55.754 382911
55.788 382909
55.79 382862
55.797 382856
55.803 382845
55.805 382835
55.807 382834
55.809 382827
55.812 382823
55.815 382805
55.817 382794
55.822 382790
55.829 382767
55.844 382748
55.852 382725
55.876 382716
55.881 382703
55.884 382701
55.887 382698
55.888 382691
55.89 382651
55.893 382646
55.895 382640
55.904 382617
71.578 382583
71.58 382574
71.586 382561
71.589 382555
71.597 382543
71.606 382538
71.644 382519
71.653 382514
71.716 382511
71.722 382497
71.728 382487
71.763 382481
71.765 382476
71.783 382466
71.787 382462
71.801 382459
71.803 382458
71.806 382455
71.811 382452
71.813 382446
71.817 382428
71.824 382409
71.826 382358
71.83 382342
71.869 382331
71.873 382317
72.767 382315
72.769 382283
72.771 382236
72.775 382207
72.805 382200
72.831 382196
72.835 382193
72.837 382191
75.692 382184
75.701 382161
75.712 382125
75.727 382097
75.734 382085
75.736 382074
75.737 382071
75.739 382056
75.741 382052
75.773 382047
75.81 382041
75.814 382003
75.824 382000
75.827 381974
75.829 381973
75.838 381960
75.846 381959
75.849 381957
75.859 381952
75.862 381925
75.987 381893
75.99 381890
96.997 381886
96.999 381884
97.014 381877
97.15 381871
97.151 381864
97.154 381863
97.327 381856
97.33 381850
97.391 381840
97.392 381818
99.308 381808
99.311 381796
99.421 381791
99.479 381787
99.496 381758
99.497 381754
99.509 381744
99.698 381714
99.701 381710
103.917 381706
103.94 381701
103.976 381694
103.982 381693
103.985 381689
103.992 381659
104.007 381650
104.041 381585
104.043 381581
104.052 381557
104.055 381537
104.262 381527
104.265 381516
104.392 381503
104.858 381493
104.891 381488
104.898 381482
104.915 381476
104.919 381446
104.926 381439
104.933 381420
104.944 381401
104.95 381387
104.963 381385
104.967 381336
104.969 381327
104.971 381318
104.989 381308
104.995 381299
104.997 381279
105.015 381267
105.018 381251
105.023 381250
105.026 381247
105.027 381219
105.443 381206
105.444 381194
105.452 381190
105.455 381181
105.908 381168
105.91 381118
106.23 381113
106.232 381092
106.234 381081
106.236 381052
106.237 381048
106.248 381047
106.269 381029
106.271 381026
106.276 381023
106.297 381018
106.314 381004
106.319 380978
106.327 380961
106.331 380904
106.336 380900
106.342 380896
106.426 380875
106.43 380866
118.297 380835
118.299 380834
118.305 380823
118.312 380820
118.317 380819
118.322 380802
118.331 380786
118.34 380784
118.661 380774
118.663 380767
118.671 380766
118.675 380755
119.116 380734
119.118 380716
119.121 380706
119.494 380702
119.495 380676
119.5 380655
119.509 380654
119.513 380628
119.515 380619
119.524 380594
119.538 380582
119.545 380577
119.547 380576
119.556 380570
119.566 380563
121.246 380555
121.248 380552
121.252 380537
121.253 380535
121.255 380534
121.257 380522
121.336 380509
121.338 380476
121.339 380472
121.342 380464
121.344 380459
121.347 380445
121.368 380441
121.411 380416
121.422 380372
121.424 380361
121.426 380357
121.428 380354
125.132 380343
125.135 380332
125.137 380327
125.143 380310
125.186 380309
125.191 380302
125.196 380297
125.202 380273
125.205 380269
125.212 380264
126.385 380259
126.388 380258
126.408 380226
126.41 380216
126.412 380199
126.425 380196
126.429 380187
126.431 380184
126.437 380168
126.441 380166
126.444 380164
126.446 380153
126.46 380150
126.472 380138
128.774 380137
128.778 380131
128.781 380126
128.783 380125
128.785 380113
128.805 380110
128.813 380109
128.903 380106
128.914 380087
128.917 380062
128.922 380048
128.928 380019
128.93 380008
128.932 379987
128.945 379984
128.947 379961
128.951 379955
128.952 379954
128.956 379917
128.967 379895
128.968 379876
129.269 379867
129.344 379852
129.351 379836
129.355 379812
129.373 379808
129.389 379807
129.397 379806
129.404 379795
129.449 379781
129.451 379779
129.458 379753
129.459 379736
129.464 379735
129.468 379718
129.471 379708
129.473 379703
129.475 379702
129.483 379698
129.501 379683
129.503 379678
129.507 379676
129.512 379663
130.506 379661
130.523 379648
130.525 379638
130.526 379623
130.534 379613
130.539 379611
130.804 379610
130.809 379608
130.811 379604
130.816 379590
130.817 379556
130.854 379542
130.856 379540
130.859 379538
130.863 379517
130.902 379510
130.994 379495
130.996 379478
131.006 379463
131.013 379427
131.02 379409
131.54 379396
132.479 379389
132.497 379384
132.499 379380
132.506 379360
132.512 379355
132.515 379344
132.528 379331
132.531 379318
132.533 379315
132.535 379303
132.537 379301
139.538 379291
139.54 379290
139.542 379289
139.547 379244
139.582 379242
139.646 379235
139.651 379229
139.856 379222
139.904 379212
139.906 379211
139.909 379196
139.914 379180
150.203 379171
150.212 379170
150.22 379167
150.222 379166
150.224 379142
150.231 379116
150.26 379112
150.31 379099
150.312 379095
150.33 379093
150.389 379086
150.735 379078
150.747 379077
150.777 379070
150.779 379069
150.984 379061
150.987 379051
151.002 379042
151.005 379041
151.007 379039
151.01 379035
151.011 379030
151.013 379015
151.041 379005
151.293 379001
151.294 378998
151.346 378960
151.352 378958
151.355 378952
151.376 378947
151.379 378943
151.38 378942
151.405 378934
151.409 378916
151.413 378891
151.42 378862
151.694 378844
151.7 378836
151.702 378799
151.706 378772
151.708 378745
151.712 378743
151.714 378737
151.716 378732
151.724 378729
151.733 378727
151.738 378719
151.746 378716
151.747 378713
151.769 378706
151.772 378700
151.774 378692
151.836 378691
151.837 378690
151.84 378689
151.846 378679
152.036 378675
152.049 378672
152.373 378668
152.378 378666
152.381 378663
152.613 378662
152.615 378655
153.011 378652
153.02 378646
153.022 378634
153.026 378633
153.029 378625
153.037 378622
153.041 378621
153.042 378618
153.051 378592
153.245 378587
153.247 378578
153.253 378573
155.232 378572
155.247 378569
155.259 378564
155.261 378530
155.265 378493
155.277 378492
155.282 378484
155.287 378477
155.294 378461
156.537 378454
158.352 378444
158.353 378422
158.357 378411
158.366 378408
158.37 378407
158.459 378390
158.496 378380
158.552 378376
158.566 378356
158.814 378339
158.819 378329
158.826 378327
158.912 378270
159.457 378268
159.469 378259
159.478 378252
159.502 378234
159.506 378232
159.53 378222
159.534 378214
159.541 378198
159.543 378190
159.548 378182
159.555 378177
159.564 378173
159.566 378153
159.571 378146
159.583 378143
159.59 378130
159.594 378117
159.607 378116
159.609 378115
159.684 378097
159.685 378050
159.696 378046
160.132 378042
160.136 378040
160.14 378039
160.143 378028
160.145 378023
160.147 378010
160.24 377999
161.568 377990
161.57 377988
161.582 377985
162.806 377981
162.836 377968
162.84 377957
162.844 377950
162.879 377945
162.882 377941
162.885 377934
162.894 377926
162.896 377923
162.904 377916
162.909 377896
162.916 377875
162.922 377860
162.953 377852
163.341 377849
163.348 377848
183.362 377824
183.364 377822
183.473 377791
183.477 377786
183.479 377784
183.51 377777
183.536 377776
183.996 377741
184.005 377720
184.012 377717
184.029 377701
184.041 377693
184.053 377682
184.055 377674
184.083 377673
184.128 377672
184.133 377640
184.137 377639
189.607 377637
189.609 377634
189.611 377631
189.612 377611
189.616 377609
189.618 377599
190.181 377590
190.185 377585
190.285 377568
190.293 377558
190.296 377546
190.298 377544
190.308 377542
190.31 377535
192.864 377529
192.871 377526
192.877 377525
192.946 377505
192.952 377481
192.962 377476
193.21 377474
193.213 377467
193.375 377465
193.377 377459
193.397 377454
193.412 377435
193.416 377428
193.419 377415
193.422 377410
193.427 377400
193.429 377398
193.431 377379
193.479 377377
193.484 377351
193.488 377345
193.493 377342
193.501 377341
193.502 377324
193.507 377323
193.509 377320
193.708 377303
193.714 377301
193.716 377299
194.05 377296
194.056 377294
194.068 377292
194.091 377290
194.094 377285
194.118 377270
207.621 377265
207.629 377248
207.678 377233
207.754 377230
207.766 377226
207.807 377221
207.811 377212
207.813 377211
207.815 377210
207.822 377208
207.841 377201
207.87 377191
207.876 377188
207.895 377171
207.899 377157
207.906 377152
207.916 377151
207.917 377149
207.919 377141
207.923 377138
207.934 377136
207.936 377128
207.975 377122
208.054 377113
208.063 377112
208.094 377111
208.097 377104
208.118 377079
208.226 377072
208.236 377069
208.239 377062
208.242 377058
208.252 377057
208.26 377036
208.293 377034
208.3 377033
208.308 377008
208.314 376992
208.365 376987
208.373 376984
208.994 376982
208.995 376980
209.02 376967
209.022 376965
209.027 376964
212.371 376959
212.375 376956
212.392 376952
212.393 376951
212.449 376947
212.452 376938
212.465 376937
212.472 376936
212.476 376934
212.491 376918
212.506 376910
212.51 376904
212.565 376892
212.572 376890
212.581 376881
212.584 376879
212.601 376878
212.603 376871
212.811 376870
212.813 376868
216.269 376864
216.286 376859
216.288 376858
216.299 376853
216.301 376848
216.303 376838
216.306 376825
216.311 376818
216.316 376816
216.318 376801
216.326 376798
216.333 376775
216.336 376774
216.343 376772
216.346 376763
216.355 376760
216.357 376755
216.361 376736
216.368 376730
216.374 376719
216.378 376711
216.382 376700
216.384 376697
216.389 376690
216.405 376678
216.434 376676
216.449 376673
216.513 376668
216.545 376665
222.61 376646
222.612 376637
222.977 376632
222.986 376629
222.991 376624
222.996 376622
223.021 376621
223.027 376616
223.033 376614
223.041 376611
223.042 376610
223.046 376590
223.06 376565
223.189 376557
223.191 376531
223.213 376528
223.327 376493
223.329 376474
223.367 376451
223.372 376449
223.376 376440
223.38 376424
223.383 376423
223.387 376421
223.399 376408
223.403 376394
223.415 376389
223.592 376372
223.602 376369
223.604 376364
223.61 376361
223.615 376352
223.626 376334
223.631 376319
223.636 376317
223.642 376314
223.644 376313
223.66 376281
223.816 376260
223.818 376249
223.82 376248
223.862 376247
223.89 376242
223.911 376237
223.915 376228
223.921 376219
223.948 376210
223.952 376207
223.954 376206
223.959 376183
223.962 376169
223.965 376167
223.976 376163
224.023 376160
224.025 376157
224.027 376133
224.034 376127
225.799 376123
225.802 376121
225.821 376107
225.827 376097
225.892 376094
225.896 376077
225.897 376062
225.908 376048
226.019 376029
226.022 376023
226.037 376021
226.039 376020
226.043 376019
226.058 376016
226.061 376010
226.091 376001
226.1 375994
226.102 375990
226.125 375988
226.129 375980
226.171 375977
226.177 375974
226.335 375972
226.436 375965
226.44 375960
227.126 375956
227.13 375948
227.131 375946
227.14 375940
227.894 375931
227.897 375925
228.798 375915
229.218 375914
229.224 375913
229.229 375911
229.237 375909
229.24 375896
229.245 375893
229.73 375886
229.759 375885
231.935 375874
231.94 375864
231.943 375862
231.945 375859
231.951 375845
231.956 375839
231.959 375821
231.963 375817
231.965 375811
231.973 375807
232.017 375779
232.236 375771
232.239 375770
234.633 375766
234.652 375761
235.285 375757
235.289 375754
235.293 375745
235.315 375738
235.316 375736
235.327 375733
235.398 375727
238.997 375719
239.011 375707
239.014 375705
239.018 375694
239.027 375692
239.033 375690
239.048 375689
239.051 375677
239.058 375676
239.068 375663
239.085 375660
239.087 375658
239.096 375651
239.112 375650
239.226 375634
239.228 375631
239.229 375623
242.604 375622
242.612 375616
242.618 375615
242.62 375603
242.942 375596
242.948 375595
242.961 375594
247.056 375591
247.058 375579
247.06 375575
247.062 375571
247.176 375557
247.182 375553
247.184 375550
247.198 375543
247.201 375538
247.213 375535
247.399 375527
247.403 375523
247.446 375517
247.451 375511
247.457 375505
247.459 375502
247.466 375499
247.48 375498
247.483 375496
247.486 375481
249.332 375476
249.336 375475
249.384 375473
249.399 375469
249.401 375462
249.404 375461
249.408 375451
249.424 375448
249.43 375433
249.432 375430
249.442 375421
249.45 375416
249.456 375411
249.46 375399
249.47 375396
249.475 375392
249.545 375388
249.6 375386
249.649 375373
249.662 375369
249.667 375367
249.699 375348
249.708 375345
249.71 375342
249.718 375341
249.721 375323
249.746 375320
249.748 375315
249.876 375299
249.926 375295
249.928 375265
249.953 375264
249.969 375254
249.97 375242
250.3 375236
250.304 375232
250.317 375198
250.329 375192
250.36 375190
250.365 375188
250.366 375185
250.373 375177
250.388 375171
250.395 375164
250.408 375160
250.411 375154
250.418 375152
250.425 375149
251.86 375105
251.863 375091
252.442 375085
253.305 375082
253.315 375080
253.322 375078
253.355 375075
253.41 375071
253.417 375065
253.436 375064
253.452 375058
257.152 375054
257.159 375035
257.176 375024
257.222 375016
257.226 375013
257.241 375009
257.245 374992
257.251 374978
257.285 374969
257.291 374965
257.294 374963
257.296 374955
257.302 374942
257.315 374941
257.322 374938
257.324 374928
257.331 374926
257.335 374925
257.34 374916
257.345 374909
257.352 374903
257.367 374899
257.411 374896
257.413 374888
257.431 374884
257.685 374883
257.693 374870
257.697 374869
257.745 374862
257.919 374853
257.984 374849
257.995 374837
258.064 374828
258.071 374812
258.083 374811
258.085 374810
258.097 374805
258.104 374804
258.113 374796
258.117 374795
258.883 374794
258.886 374787
258.93 374764
258.947 374759
258.952 374757
258.979 374754
259.611 374751
259.737 374731
259.748 374730
259.75 374728
259.771 374720
259.783 374716
259.806 374712
259.891 374710
259.895 374706
259.904 374705
259.936 374689
259.94 374677
259.963 374662
260.15 374655
260.158 374648
260.174 374638
260.193 374616
260.197 374607
260.251 374599
261.515 374589
261.629 374588
263.198 374586
263.202 374582
263.547 374576
263.567 374570
263.572 374564
263.608 374562
263.922 374535
263.925 374532
263.996 374531
264.005 374529
264.01 374525
264.017 374506
264.026 374504
264.028 374502
264.039 374486
264.048 374472
264.134 374471
264.138 374465
264.229 374459
264.234 374453
264.248 374448
264.302 374445
264.322 374441
264.357 374436
264.378 374430
265.047 374428
265.073 374426
265.084 374424
265.091 374422
265.094 374419
265.104 374416
265.119 374402
265.126 374393
265.129 374380
265.479 374377
265.495 374371
265.524 374370
265.544 374367
265.583 374365
265.594 374364
267.039 374361
267.22 374351
267.227 374350
267.233 374347
267.265 374330
267.27 374327
267.279 374324
273.007 374308
273.014 374297
273.02 374291
273.037 374284
273.064 374275
273.405 374274
277.702 374265
277.715 374255
277.719 374243
277.725 374220
277.73 374218
277.733 374202
277.741 374194
283.955 374186
283.967 374185
284.006 374182
284.007 374176
284.038 374173
284.044 374162
284.05 374161
284.055 374150
284.06 374146
284.074 374133
284.103 374126
284.105 374125
284.23 374111
284.244 374110
284.259 374104
284.272 374101
284.296 374097
284.298 374086
284.306 374081
284.309 374076
284.42 374075
284.421 374072
284.443 374066
284.455 374065
284.507 374059
284.513 374058
284.518 374048
284.522 374043
284.529 374042
284.533 374027
284.687 374011
284.689 374006
284.7 373992
284.702 373979
284.71 373973
284.714 373972
284.717 373968
284.718 373964
284.723 373961
284.725 373959
284.805 373957
284.81 373951
284.863 373950
284.872 373937
284.88 373934
284.902 373929
284.94 373928
284.991 373926
285.009 373922
285.015 373921
285.024 373916
285.153 373905
285.175 373903
285.178 373898
285.23 373896
285.754 373890
285.759 373887
285.764 373885
285.769 373881
285.776 373878
285.836 373877
285.846 373876
285.877 373861
285.883 373859
295.641 373852
295.642 373845
295.645 373832
295.656 373829
295.682 373828
295.691 373818
295.916 373815
295.918 373805
295.924 373804
295.986 373801
296.012 373796
296.018 373795
296.258 373793
296.382 373791
296.408 373785
296.63 373779
296.677 373778
296.685 373764
296.69 373760
296.695 373743
296.958 373740
296.965 373730
296.991 373727
296.996 373722
297.286 373720
297.738 373705
297.74 373702
297.763 373691
297.765 373690
297.79 373688
297.814 373681
297.831 373673
298.472 373670
298.474 373667
298.489 373658
298.502 373655
298.524 373654
298.617 373647
298.624 373643
298.736 373639
298.759 373621
298.763 373619
298.767 373613
298.769 373608
298.777 373601
298.794 373599
298.8 373596
298.803 373595
298.82 373594
298.84 373586
298.845 373580
298.855 373579
298.877 373578
298.881 373567
298.883 373564
298.916 373562
298.933 373556
298.946 373551
298.961 373548
298.963 373547
298.968 373543
298.97 373540
298.972 373519
298.986 373513
298.992 373508
299.335 373503
299.359 373495
299.38 373492
299.459 373485
299.469 373483
299.646 373476
299.816 373474
299.832 373472
299.837 373463
299.845 373459
299.851 373452
299.873 373451
299.875 373447
299.898 373439
299.906 373434
299.907 373432
299.916 373427
303.256 373423
303.273 373413
303.279 373403
306.686 373398
306.726 373397
306.737 373393
306.739 373388
306.74 373385
307.245 373364
307.251 373357
307.254 373351
307.265 373344
307.266 373343
307.303 373336
310.536 373335
310.538 373334
310.585 373327
310.974 373320
311.137 373307
311.141 373303
311.144 373301
311.22 373298
311.23 373297
311.234 373294
311.248 373279
311.25 373276
311.314 373267
311.319 373262
311.322 373251
311.433 373245
311.447 373236
311.47 373234
311.499 373229
311.502 373217
311.519 373213
311.57 373206
311.585 373190
311.591 373188
311.609 373175
312.874 373168
312.879 373164
312.903 373163
312.908 373159
312.916 373144
312.933 373138
312.936 373132
312.944 373125
312.945 373117
313.023 373111
313.039 373108
313.05 373106
313.053 373105
314.319 373102
314.324 373100
314.34 373098
314.348 373097
314.35 373096
314.361 373095
314.417 373089
318.137 373086
318.143 373081
318.144 373076
318.607 373073
318.61 373068
318.952 373061
318.955 373058
318.964 373056
318.967 373054
319.813 373048
319.82 373044
319.829 373037
319.833 373035
319.838 373029
319.854 373028
319.857 373026
319.863 373022
319.873 373019
319.885 373015
319.893 373014
319.897 373009
319.9 372998
319.903 372991
319.905 372988
319.927 372984
319.93 372980
319.989 372979
320.072 372976
320.077 372975
320.346 372971
320.37 372965
320.371 372963
320.374 372959
320.376 372953
320.502 372949
320.512 372946
320.513 372944
320.62 372940
320.621 372934
320.715 372933
320.719 372928
320.782 372925
322.67 372923
322.702 372922
322.877 372919
322.914 372917
322.959 372916
323.094 372914
323.096 372912
323.488 372905
323.5 372904
323.567 372898
323.572 372894
323.579 372892
323.81 372888
324.005 372886
324.029 372883
324.034 372875
324.041 372873
324.046 372863
324.055 372862
324.056 372861
324.059 372849
324.061 372835
324.063 372831
324.065 372830
324.066 372829
324.235 372825
330.908 372811
330.943 372810
330.955 372809
330.974 372781
330.98 372775
331.165 372774
331.171 372770
331.173 372766
331.178 372750
331.191 372744
331.423 372735
331.431 372722
331.44 372721
331.735 372711
331.761 372701
331.768 372699
331.774 372695
332.275 372693
332.283 372687
332.307 372686
332.336 372681
332.345 372679
332.347 372674
332.355 372670
332.722 372668
332.735 372661
332.743 372656
332.759 372653
332.775 372652
335.009 372649
335.013 372641
335.029 372634
335.077 372630
335.094 372618
335.125 372613
335.13 372610
335.363 372600
335.895 372599
335.904 372595
335.919 372581
335.937 372577
335.956 372574
335.962 372569
335.982 372568
336.008 372565
336.012 372563
336.014 372550
336.015 372543
336.018 372540
336.049 372537
336.094 372531
336.1 372530
336.104 372523
336.112 372520
336.117 372519
336.174 372518
336.19 372513
336.195 372508
336.198 372507
336.206 372502
336.212 372497
336.223 372495
336.232 372491
336.416 372488
336.429 372487
336.433 372483
336.442 372482
336.451 372477
336.454 372474
336.459 372473
336.495 372448
336.505 372445
336.733 372442
339.257 372441
339.332 372440
339.334 372439
339.351 372423
339.356 372419
339.381 372417
341.206 372413
341.21 372412
341.212 372405
341.219 372402
341.221 372401
341.227 372400
341.238 372396
341.613 372385
341.691 372383
341.706 372379
341.736 372377
341.767 372376
341.781 372374
342.241 372372
342.247 372371
342.296 372370
342.308 372366
342.313 372360
342.317 372353
342.324 372349
342.349 372341
342.375 372338
342.385 372334
342.403 372316
342.424 372314
342.467 372310
342.469 372309
342.494 372304
342.513 372301
342.61 372294
342.764 372288
342.802 372285
343.184 372278
343.205 372277
343.223 372276
343.234 372275
343.245 372274
343.247 372272
343.249 372269
343.272 372268
343.286 372259
343.295 372252
343.306 372248
343.312 372244
343.373 372243
343.397 372238
343.468 372234
343.475 372229
343.483 372224
343.491 372217
343.575 372215
343.585 372213
343.609 372211
343.617 372208
343.731 372198
343.736 372194
343.77 372191
343.772 372188
343.832 372185
343.926 372182
343.942 372179
343.944 372173
343.948 372171
343.964 372170
344.008 372167
344.009 372166
344.07 372165
344.122 372158
344.19 372155
344.205 372154
344.218 372153
344.222 372150
344.248 372149
344.28 372147
344.282 372142
344.29 372139
344.339 372137
344.379 372129
344.389 372127
344.405 372124
344.408 372119
344.419 372117
344.453 372116
344.468 372109
344.536 372106
344.542 372100
345.737 372098
345.748 372081
345.762 372078
345.763 372074
350.254 372069
350.496 372068
350.503 372062
350.506 372044
350.592 372043
351.274 372039
351.301 372034
351.303 372032
351.309 372028
351.356 372015
351.37 372014
351.381 372012
351.393 372009
351.394 372008
351.404 372007
351.41 371989
351.417 371987
351.454 371985
351.471 371984
351.473 371974
351.481 371967
351.506 371959
351.516 371957
351.539 371954
351.7 371952
351.795 371944
351.797 371941
351.799 371931
351.805 371930
353.557 371926
353.619 371917
353.72 371913
353.723 371908
353.73 371905
353.744 371902
353.758 371898
354.933 371893
354.942 371888
354.977 371885
354.981 371880
355.062 371878
355.075 371877
355.145 371875
355.181 371874
355.195 371867
355.207 371860
355.234 371859
355.238 371848
355.24 371844
355.268 371843
355.284 371837
355.306 371830
355.307 371828
355.317 371825
355.323 371823
355.344 371806
355.349 371805
355.412 371804
355.42 371803
355.426 371797
355.433 371789
355.484 371788
355.579 371787
355.581 371780
355.94 371775
355.992 371773
359.046 371772
359.053 371764
359.068 371754
359.074 371749
359.126 371744
359.134 371743
359.783 371739
359.792 371735
359.809 371734
359.812 371713
360.147 371711
360.153 371709
360.158 371703
360.22 371702
360.269 371700
360.309 371693
360.316 371689
360.4 371682
360.402 371681
360.576 371677
360.616 371674
360.631 371672
360.686 371671
360.728 371668
360.834 371655
360.841 371650
360.914 371643
360.937 371627
360.963 371625
361.085 371618
361.093 371605
361.107 371592
361.116 371591
361.264 371590
361.324 371587
361.327 371586
361.419 371584
361.454 371582
361.49 371575
361.498 371570
362.216 371567
362.224 371566
362.333 371563
362.349 371562
362.354 371561
365.421 371557
365.435 371554
365.465 371549
365.474 371547
365.678 371537
365.691 371533
365.735 371525
365.798 371523
375.136 371515
375.898 371503
375.905 371502
375.934 371500
375.94 371494
375.942 371489
375.962 371485
376.012 371483
376.239 371479
376.316 371477
376.492 371471
376.517 371468
376.602 371467
377.021 371466
377.027 371461
377.048 371455
377.059 371452
377.103 371450
377.119 371448
377.127 371447
377.138 371438
380.143 371435
380.171 371432
380.189 371428
380.245 371425
380.277 371424
380.285 371422
380.29 371421
380.528 371419
380.544 371407
380.564 371404
380.576 371400
380.587 371398
380.59 371391
380.614 371390
380.641 371389
381.875 371383
382.079 371381
382.096 371378
382.13 371375
382.176 371372
382.208 371368
382.212 371366
382.306 371365
382.35 371360
382.396 371356
382.416 371355
382.434 371351
382.515 371347
382.589 371346
382.643 371336
382.67 371330
382.723 371325
383.707 371316
383.711 371312
383.736 371303
383.745 371299
383.76 371294
383.789 371292
383.803 371278
383.857 371272
389.861 371269
389.863 371261
389.947 371259
389.949 371258
390.186 371256
390.222 371253
390.274 371250
390.277 371249
390.282 371242
390.285 371241
390.346 371237
390.883 371235
390.89 371231
391.006 371224
391.012 371223
391.418 371221
391.624 371215
391.634 371206
391.818 371200
391.851 371197
391.854 371196
391.902 371188
391.911 371185
391.915 371177
391.923 371175
391.94 371174
392.121 371170
392.134 371167
392.137 371161
392.218 371156
393.884 371154
393.892 371148
393.9 371145
393.951 371142
393.967 371137
393.977 371133
394.899 371132
394.976 371129
394.98 371128
394.985 371116
395.002 371115
395.013 371107
395.032 371100
395.053 371095
395.056 371092
395.096 371090
395.113 371087
395.159 371086
395.164 371082
395.194 371075
399.596 371067
399.941 371066
400.192 371062
400.202 371060
400.208 371056
400.212 371054
400.218 371045
400.222 371042
400.227 371039
400.242 371034
400.273 371030
400.468 371024
400.477 371022
400.501 371014
400.995 371013
401.015 371012
401.112 371008
401.15 371006
401.156 370995
401.176 370985
401.407 370980
401.43 370979
401.444 370978
401.491 370976
401.494 370975
401.516 370974
401.534 370970
401.558 370967
402.15 370966
402.154 370964
404.878 370958
404.884 370952
404.906 370951
404.944 370948
404.979 370942
405.001 370940
405.004 370933
405.024 370930
405.046 370928
405.065 370926
405.091 370924
405.593 370922
405.607 370919
407.573 370917
407.58 370916
407.706 370912
407.71 370909
407.789 370904
407.829 370900
407.849 370898
407.878 370892
407.884 370886
407.899 370880
408.064 370878
408.258 370874
408.281 370873
408.452 370869
408.625 370865
408.798 370864
408.804 370858
408.83 370853
416.423 370851
416.466 370850
416.864 370844
416.875 370832
416.895 370826
419.832 370819
419.869 370817
419.916 370815
419.946 370813
420.034 370810
420.081 370805
420.107 370804
420.127 370802
420.226 370799
420.236 370798
421.667 370796
421.685 370790
421.688 370772
421.728 370764
422.937 370763
423.005 370761
423.032 370759
423.052 370757
423.078 370753
423.288 370748
423.332 370745
423.381 370730
423.461 370721
423.467 370718
423.587 370715
423.596 370713
423.733 370709
423.831 370707
423.865 370706
423.871 370700
423.876 370697
426.803 370696
426.862 370692
426.87 370688
426.879 370686
427.27 370681
427.282 370680
427.479 370677
427.537 370672
427.587 370671
427.725 370670
427.747 370667
427.787 370666
427.825 370665
427.836 370661
427.87 370660
427.886 370659
427.899 370657
427.916 370655
428.29 370648
428.295 370647
429.035 370636
429.279 370635
429.302 370634
430.204 370631
430.254 370629
430.266 370625
432.231 370619
432.237 370618
432.32 370616
432.349 370607
432.399 370606
432.403 370605
432.405 370598
432.41 370596
432.44 370589
432.443 370588
432.575 370583
432.625 370581
432.648 370580
432.693 370576
432.825 370575
432.887 370572
432.91 370566
433.212 370564
433.236 370561
433.244 370559
433.969 370556
433.975 370554
433.987 370552
434.038 370538
434.048 370536
434.686 370534
434.75 370533
434.843 370531
434.846 370522
434.855 370519
434.89 370516
434.907 370514
435.678 370506
435.691 370505
435.708 370500
435.752 370496
435.774 370494
435.865 370493
435.874 370490
435.914 370489
435.922 370487
435.928 370486
435.933 370485
435.972 370484
436.004 370478
436.127 370476
436.131 370471
436.161 370465
436.165 370460
436.215 370459
436.245 370457
436.253 370454
436.278 370451
436.8 370448
439.669 370443
439.93 370441
439.999 370439
440.126 370437
440.312 370435
440.341 370433
440.371 370431
440.374 370425
440.413 370423
440.701 370420
442.447 370414
442.643 370411
442.68 370410
443.201 370408
445.225 370407
445.233 370405
445.247 370400
445.355 370394
445.36 370391
445.514 370390
445.52 370389
445.529 370388
445.534 370379
445.662 370376
445.681 370371
446.313 370368
446.345 370363
446.365 370359
446.456 370357
447.064 370356
447.077 370351
447.144 370349
447.168 370345
447.217 370342
447.237 370340
447.265 370339
447.6 370338
447.628 370337
447.681 370336
447.683 370325
447.688 370324
447.689 370321
447.781 370320
447.851 370318
448.123 370316
448.134 370315
448.139 370313
448.14 370312
448.58 370308
448.608 370306
448.622 370300
448.632 370298
448.641 370292
448.655 370291
448.699 370288
448.716 370286
448.727 370285
448.978 370284
449.278 370278
449.28 370277
449.295 370276
449.301 370275
449.313 370268
449.377 370260
449.382 370259
449.385 370257
449.455 370256
449.46 370253
449.467 370252
449.52 370250
449.596 370248
449.64 370247
449.643 370245
449.805 370243
449.817 370240
449.828 370236
449.912 370233
450.003 370231
450.03 370227
450.089 370223
450.279 370222
450.749 370217
450.756 370215
450.795 370213
451.212 370211
451.214 370209
451.247 370204
451.26 370203
455.592 370189
455.594 370186
455.615 370185
455.638 370180
455.74 370166
456.932 370165
456.957 370164
457.003 370161
457.042 370160
457.05 370156
457.456 370155
458.277 370147
458.318 370146
458.382 370142
458.659 370140
458.671 370132
458.75 370124
458.764 370121
458.775 370119
458.786 370118
458.812 370116
458.896 370113
458.905 370112
458.935 370109
459.025 370108
459.053 370107
459.069 370105
459.109 370103
459.45 370102
460.087 370098
460.091 370097
460.13 370095
460.183 370090
460.202 370088
460.369 370087
460.437 370086
460.46 370083
460.485 370079
475.044 370078
475.081 370075
475.12 370071
475.967 370070
476.028 370067
476.088 370066
476.34 370065
476.398 370064
476.442 370063
476.459 370062
476.472 370059
476.643 370057
476.657 370056
476.718 370053
476.736 370051
476.811 370050
476.825 370042
476.844 370037
476.882 370035
476.934 370022
477.065 370020
477.254 370017
477.288 370015
477.294 370010
477.403 370006
477.532 370005
477.951 370004
478.029 370003
478.04 370002
478.114 370000
478.13 369996
478.132 369995
478.195 369993
478.2 369992
478.228 369991
478.481 369987
478.536 369986
478.557 369985
478.6 369983
478.625 369982
478.715 369980
482.579 369977
482.584 369976
482.586 369973
482.615 369967
482.628 369966
482.664 369963
482.708 369962
482.787 369957
482.822 369956
483.637 369955
483.784 369950
483.802 369949
484.663 369948
484.707 369946
484.71 369944
484.718 369943
484.756 369941
485.636 369940
485.697 369939
485.815 369938
485.861 369934
485.946 369925
485.971 369924
487.207 369921
487.226 369913
487.253 369910
487.411 369909
487.447 369908
487.587 369897
487.722 369893
487.84 369892
487.853 369891
487.898 369889
487.907 369887
487.916 369885
487.928 369879
487.963 369877
488.051 369875
488.09 369872
488.095 369865
489.239 369861
489.436 369858
489.453 369851
489.527 369849
490.238 369847
491.48 369843
491.501 369842
491.519 369840
491.566 369839
491.8 369838
491.976 369837
492.097 369832
492.1 369831
492.118 369830
492.775 369829
492.845 369827
493.047 369822
493.061 369821
493.099 369820
493.238 369819
493.379 369818
493.432 369815
493.435 369814
493.561 369811
494.646 369805
494.956 369801
495.051 369799
495.111 369798
495.244 369797
495.247 369794
495.272 369785
495.321 369784
495.476 369780
495.646 369779
496.428 369777
496.455 369774
501.499 369773
501.553 369772
501.589 369771
501.592 369770
501.689 369768
501.731 369764
501.785 369762
501.816 369761
504.039 369760
504.137 369757
504.157 369755
504.175 369754
504.858 369751
504.91 369746
505.055 369744
505.091 369742
505.097 369741
505.106 369734
505.14 369731
505.154 369729
505.19 369722
505.219 369721
505.255 369719
505.33 369714
505.357 369713
505.387 369712
505.477 369710
505.517 369706
505.645 369701
505.685 369700
505.933 369697
505.986 369695
506.173 369694
506.206 369693
506.223 369692
506.231 369689
506.263 369688
506.275 369686
506.564 369684
506.577 369682
506.593 369678
506.631 369677
508.447 369674
508.46 369672
508.478 369668
508.496 369667
508.606 369664
508.623 369657
508.63 369655
509.231 369647
509.973 369643
510.237 369637
510.326 369635
510.352 369630
510.515 369629
510.556 369628
510.803 369626
510.857 369623
511.255 369618
511.265 369614
511.488 369612
511.731 369611
511.733 369610
511.753 369609
512.097 369608
512.134 369606
512.168 369605
512.613 369601
513.139 369600
513.208 369595
513.31 369594
513.651 369591
515.672 369590
515.682 369589
515.845 369586
516.191 369577
516.298 369576
517.261 369575
517.599 369574
517.823 369572
517.83 369571
518.524 369569
518.769 369563
519.128 369561
520.601 369560
520.607 369559
520.845 369558
520.858 369552
522.01 369550
522.082 369548
522.085 369547
522.088 369546
522.269 369544
522.299 369542
522.396 369538
522.506 369531
522.511 369528
522.588 369527
523.318 369525
524.187 369522
524.236 369520
524.29 369519
524.717 369517
526.565 369512
527.049 369507
527.993 369504
528.105 369503
528.113 369502
528.138 369500
528.312 369494
529.968 369493
529.99 369492
530.032 369491
530.037 369490
530.166 369488
531.51 369486
531.538 369481
531.651 369479
531.791 369474
532.271 369473
532.302 369471
532.344 369470
532.349 369467
532.397 369466
532.401 369462
532.429 369461
532.556 369459
532.592 369457
532.625 369456
532.711 369452
532.729 369451
533.025 369450
533.029 369448
533.086 369447
533.134 369444
533.213 369442
533.33 369437
533.463 369432
533.473 369431
539.588 369430
539.641 369429
545.428 369425
545.515 369421
545.538 369418
545.747 369417
546.004 369414
546.049 369413
546.071 369412
546.092 369411
546.16 369410
546.198 369409
546.202 369408
546.272 369406
546.562 369404
546.625 369403
546.635 369399
546.638 369397
546.671 369390
546.711 369389
546.717 369387
546.739 369386
546.78 369383
546.915 369381
547.106 369379
547.159 369378
547.175 369372
547.307 369371
547.335 369368
547.383 369367
551.982 369364
552.087 369363
552.104 369362
552.116 369361
552.346 369360
552.392 369357
552.469 369356
552.479 369355
552.539 369351
552.552 369348
552.614 369343
552.666 369342
552.914 369339
552.946 369337
553.164 369336
553.726 369334
555.083 369330
555.401 369327
555.724 369324
555.801 369318
555.911 369317
555.954 369316
556.097 369308
556.383 369307
564.195 369306
564.517 369305
564.555 369302
564.561 369301
564.572 369300
565.02 369296
565.035 369294
566.501 369293
566.504 369292
566.581 369290
567.217 369288
567.235 369286
567.248 369285
567.316 369283
567.334 369281
567.459 369279
567.531 369274
567.573 369273
567.727 369270
567.792 369267
567.98 369262
568.063 369261
568.072 369260
568.168 369258
569.859 369256
569.912 369252
571.968 369250
572.054 369247
573.91 369244
573.932 369239
573.942 369237
574.076 369236
574.569 369234
574.591 369232
574.693 369230
574.754 369228
574.818 369227
575.011 369226
575.339 369225
575.363 369223
582.8 369218
583.011 369216
583.126 369215
583.218 369212
583.679 369210
585.963 369207
585.971 369206
587.549 369200
587.71 369195
587.731 369194
587.743 369193
587.841 369192
587.877 369191
588.439 369190
588.466 369188
588.633 369186
588.666 369184
588.67 369182
588.945 369181
588.954 369178
590.702 369170
590.849 369169
590.872 369168
590.965 369165
591.646 369164
591.677 369163
591.762 369160
591.799 369159
591.856 369157
592.167 369154
592.243 369153
592.258 369140
592.34 369139
592.368 369138
592.413 369135
592.786 369134
593.233 369131
593.283 369129
593.333 369128
593.35 369126
593.47 369124
593.646 369121
593.761 369117
593.823 369116
593.926 369114
593.938 369113
594.067 369112
594.12 369110
594.175 369107
594.312 369104
594.399 369102
597.059 369101
597.185 369099
597.204 369096
597.221 369094
597.255 369093
597.477 369092
597.524 369091
597.672 369090
597.871 369087
597.928 369084
597.965 369083
598.524 369079
598.555 369078
598.594 369077
598.664 369074
598.715 369072
599.132 369070
600.086 369065
600.44 369064
600.487 369062
600.592 369061
600.762 369060
600.824 369059
601.111 369058
601.81 369054
603.732 369053
603.76 369052
604.302 369050
604.59 369049
604.722 369048
604.777 369047
604.912 369045
605.017 369043
605.284 369038
605.315 369037
605.482 369033
611.709 369032
611.987 369031
612.347 369030
612.354 369028
613.091 369026
613.134 369025
613.155 369024
613.226 369023
613.346 369021
613.49 369019
613.675 369018
613.751 369017
613.781 369016
614.181 369015
614.24 369010
614.268 369009
614.303 369008
614.435 369006
614.62 369004
614.701 369003
614.736 369002
615.325 369000
615.683 368999
618.152 368997
618.247 368996
618.992 368995
619.244 368994
619.315 368993
620.009 368991
620.112 368989
620.149 368987
620.158 368986
620.197 368985
620.229 368983
620.602 368967
620.63 368966
620.711 368965
621.149 368963
622.479 368962
622.663 368961
622.865 368959
622.966 368956
623.364 368955
623.594 368954
623.649 368952
623.681 368950
625.598 368948
634.589 368939
634.613 368937
634.638 368935
634.989 368933
635.007 368932
635.249 368931
635.657 368930
635.772 368929
635.881 368928
637.189 368926
637.41 368925
637.549 368924
637.563 368923
637.59 368922
638.084 368921
638.088 368919
638.232 368918
638.516 368916
640.682 368913
640.992 368912
641.157 368909
641.304 368908
641.748 368907
641.856 368904
642.03 368903
642.209 368902
642.298 368901
642.438 368899
643.813 368897
643.848 368896
644.014 368894
644.373 368893
644.434 368892
644.598 368891
644.987 368890
645.276 368889
645.334 368888
645.383 368887
645.57 368886
645.619 368885
645.797 368882
645.897 368881
646.086 368880
646.246 368879
646.461 368878
646.521 368877
646.547 368876
647.272 368875
647.644 368874
648.699 368873
649.585 368872
649.636 368870
649.708 368869
651.285 368864
651.375 368863
651.659 368860
651.705 368857
651.811 368856
651.866 368854
652.977 368851
657.184 368848
657.303 368847
658.622 368846
658.667 368845
658.714 368844
659.87 368843
660.094 368841
662.127 368840
662.171 368839
662.304 368838
662.569 368837
662.609 368836
663.63 368832
663.701 368831
663.887 368830
663.956 368829
664.123 368828
664.131 368827
664.186 368826
665.629 368825
665.892 368824
665.988 368823
666.079 368820
669.979 368819
670.354 368817
672.701 368816
672.793 368814
673.491 368813
675.607 368812
677.815 368811
678.861 368810
679.876 368806
680.718 368805
681.735 368803
682.196 368802
682.804 368801
683.022 368800
683.907 368797
683.921 368794
683.984 368793
684.114 368792
684.243 368791
684.921 368777
685.104 368776
685.194 368775
686.462 368774
687.187 368772
687.537 368771
688.318 368770
688.342 368767
688.666 368766
688.869 368765
689.894 368764
689.898 368763
690.099 368761
690.137 368758
690.346 368757
690.924 368756
692.186 368751
692.235 368750
692.637 368748
692.741 368747
692.822 368746
693.317 368745
693.682 368743
694.988 368742
695.822 368740
697.127 368739
697.709 368738
698.039 368735
698.133 368734
698.145 368733
698.163 368732
698.22 368731
698.648 368730
698.939 368729
699.153 368728
699.246 368726
700.934 368724
701.376 368723
704.151 368722
704.33 368721
704.616 368720
707.682 368719
707.983 368718
708.033 368717
708.224 368716
708.394 368714
708.849 368712
709.402 368711
709.816 368710
710.573 368708
710.948 368707
711.074 368706
