0.004 19580
0.004 19547
0.004 19536
0.006 19464
0.006 19396
0.008 19221
0.008 19183
0.009 19167
0.011 19135
0.015 19131
0.016 19128
0.017 18913
0.019 18716
0.019 18707
0.019 18656
0.02 18586
0.028 18544
0.031 18510
0.032 18489
0.033 18409
0.036 18309
0.042 18297
0.043 18281
0.044 18238
0.044 18235
0.049 18217
0.049 18209
0.066 18203
0.067 18177
0.069 18145
0.093 18130
0.094 18121
0.114 18111
0.3 18106
0.3 18080
0.366 18032
0.375 18020
0.574 18010
0.575 17997
0.578 17948
1.396 17933
1.397 17921
1.397 17871
1.4 17844
1.402 17827
1.415 17803
1.429 17796
8.894 17795
8.899 17775
17.788 17770
