0.002 9459
0.002 9452
0.003 9414
0.004 9397
0.005 9324
0.005 9298
0.006 9251
0.007 9250
0.008 9243
0.01 9241
0.01 9223
0.013 9219
0.015 9201
0.015 9183
0.015 9178
0.024 9134
0.025 9120
0.026 9086
0.026 8858
0.03 8818
0.03 8547
0.031 8536
0.034 8510
0.036 8450
0.041 8448
0.042 8443
0.046 8442
0.054 8429
0.055 8415
0.065 8384
0.066 8357
0.069 8356
0.082 8345
0.084 8326
0.117 8318
0.593 8304
0.6 8291
0.6 8288
0.609 8275
0.623 8270
0.624 8268
1.935 8265
2.01 8260
2.079 8254
2.088 8252
2.629 8243
2.658 8237
2.663 8236
2.666 8232
2.728 8231
2.73 8230
2.753 8219
2.765 8214
4.214 8210
4.221 8197
4.26 8186
6.838 8184
6.845 8178
6.895 8177
