0.003 18906
0.004 18897
0.005 18761
0.006 18748
0.006 18730
0.007 18714
0.008 18712
0.008 18706
0.015 18684
0.017 18681
0.02 18673
0.02 18606
0.02 18598
0.025 18409
0.026 18394
0.027 18392
0.028 18391
0.028 18386
0.035 18362
0.035 18358
0.037 18039
0.038 18036
0.041 18026
0.041 18021
0.042 17966
0.046 17958
0.057 17853
0.061 17789
0.062 17785
0.066 17769
0.068 17762
0.07 17750
0.072 17744
0.073 17707
0.073 17696
0.074 17684
0.074 17674
0.075 17663
0.076 17643
0.076 17642
0.077 17531
0.078 17527
0.079 17507
0.113 17501
0.128 17475
0.128 17474
0.131 17470
0.131 17467
0.206 17429
0.985 17428
1.074 17420
4.409 17397
4.446 17378
4.448 17373
4.453 17353
4.461 17352
4.462 17349
4.475 17339
4.482 17320
4.482 17319
4.484 17313
14.947 17310
14.949 17305
15.837 17304
15.844 17297
15.854 17296
15.856 17295
15.862 17290
15.934 17288
19.997 17287
20.334 17286
20.408 17284
20.47 17279
21.168 17278
21.184 17276
21.198 17266
26.733 17262
26.745 17260
26.755 17258
