0.003 34812
0.004 34808
0.005 34784
0.007 34747
0.007 34709
0.008 34582
0.009 34511
0.016 34223
0.016 33956
0.017 33700
0.018 33428
0.021 33407
0.027 33044
0.03 33020
0.033 32953
0.034 32932
0.036 32929
0.044 32854
0.046 32774
0.053 32745
0.054 32727
0.056 32725
0.058 32723
0.06 32700
0.06 32651
0.069 32621
0.07 32575
0.074 32551
0.08 32514
0.084 32509
0.085 32508
0.087 32505
0.116 32455
0.117 32416
0.127 32405
0.128 32351
0.13 32312
0.136 32287
0.137 32189
0.143 32150
0.15 32122
0.174 32099
0.176 32045
0.274 32019
0.336 31993
0.337 31982
0.341 31938
0.786 31918
0.787 31897
0.799 31824
0.799 31819
0.803 31809
0.824 31804
0.825 31786
0.826 31759
0.836 31741
0.836 31736
0.908 31701
0.909 31696
0.914 31613
3.145 31557
3.558 31517
4.081 31512
4.087 31499
4.095 31498
4.095 31495
4.096 31447
6.098 31441
6.238 31438
6.961 31403
6.979 31399
7.011 31372
7.038 31366
21.933 31309
21.986 31307
22.057 31301
22.688 31289
25.313 31284
26.156 31281
26.281 31278
26.301 31276
27.101 31263
27.489 31259
