0.002 21722
0.006 21531
0.007 21494
0.008 21454
0.008 21449
0.009 21435
0.014 21387
0.015 21350
0.017 21336
0.02 21101
0.021 21097
0.022 21033
0.023 20880
0.023 20871
0.024 20831
0.025 20815
0.026 20721
0.028 20719
0.028 20625
0.029 20578
0.033 20513
0.034 20504
0.035 20403
0.035 20396
0.036 20381
0.037 20373
0.044 20352
0.047 20349
0.048 20329
0.05 20328
0.186 20296
0.717 20240
0.728 20229
0.73 20116
1.354 20106
1.376 20102
1.493 20078
1.494 20068
1.494 20033
2.821 20030
3.739 20028
3.74 20018
3.746 20008
3.748 19998
6.766 19965
12.244 19936
12.245 19929
12.245 19928
12.246 19915
