0.063 60280
0.064 60248
0.064 60230
0.065 60141
0.065 60110
0.065 60017
0.066 59947
0.066 59931
0.066 59916
0.067 59850
0.067 59793
0.068 59755
0.068 59730
0.068 59716
0.069 59691
0.069 59681
0.07 59647
0.07 59633
0.07 59616
0.07 59606
0.071 59574
0.071 59573
0.072 59569
0.072 59534
0.073 59516
0.073 59512
0.073 59501
0.074 59455
0.074 59431
0.075 59430
0.076 59426
0.077 59165
0.078 59154
0.078 59107
0.079 59072
0.08 59025
0.081 59022
0.082 58938
0.082 58932
0.083 58923
0.085 58918
0.09 58884
0.093 58877
0.099 58875
0.106 58866
0.109 58852
0.11 58851
0.119 58796
0.12 58794
0.121 58716
0.121 58677
0.122 58674
0.125 58667
0.127 58632
0.128 58629
0.129 58571
0.13 58566
0.13 58535
0.132 58463
0.133 58433
0.133 58424
0.134 58404
0.136 58396
0.138 58388
0.139 58378
0.139 58376
0.141 58373
0.146 58370
0.146 58361
0.147 58320
0.147 58319
0.148 58242
0.149 58204
0.153 57802
0.154 57801
0.157 57798
0.159 57521
0.16 57502
0.162 57501
0.163 57491
0.165 57487
0.165 57451
0.167 57422
0.167 57401
0.168 57400
0.172 57392
0.173 57368
0.173 57347
0.174 57326
0.175 57318
0.176 57218
0.178 57217
0.193 56983
0.193 56966
0.196 56936
0.199 56777
0.199 56676
0.2 56550
0.2 56502
0.2 56500
0.201 56493
0.201 56492
0.202 56473
0.203 56367
0.204 56308
0.206 56304
0.206 56235
0.209 56223
0.21 56206
0.21 56188
0.22 56185
0.221 56105
0.221 56092
0.222 56070
0.222 56027
0.224 55973
0.241 55964
0.242 55944
0.244 55886
0.265 55882
0.268 55868
0.268 55825
0.299 55814
0.3 55811
0.303 55804
0.342 55797
0.345 55796
0.345 55781
0.347 55776
0.348 55698
0.35 55694
0.35 55689
0.352 55623
0.352 55612
0.354 55544
0.355 55538
0.356 55401
0.359 55124
0.361 55089
0.363 55088
0.364 55022
0.365 54947
0.365 54942
0.367 54866
0.369 54863
0.37 54858
0.371 54803
0.372 54754
0.373 54729
0.375 54703
0.375 54647
0.376 54641
0.425 54625
0.426 54575
0.428 54533
0.43 54521
0.431 54498
0.432 54496
0.432 54482
0.433 54480
0.434 54459
0.441 54452
0.442 54379
0.443 54320
0.511 54313
0.512 54310
0.517 54295
0.518 54132
0.521 54111
0.521 54106
0.522 54069
0.522 54068
0.522 54041
0.53 53983
0.533 53937
0.534 53931
0.535 53929
0.536 53907
0.564 53879
1.053 53840
1.059 53836
1.109 53793
1.11 53792
1.112 53782
1.113 53691
1.114 53682
1.12 53670
1.121 53665
1.126 53650
1.126 53634
1.127 53595
1.128 53591
1.129 53582
1.32 53578
1.343 53546
1.345 53544
1.418 53525
1.42 53501
1.421 53500
1.422 53461
1.427 53450
1.428 53423
1.428 53406
1.429 53401
1.43 53396
1.467 53390
1.468 53329
1.471 53327
1.472 53280
1.474 53226
1.475 53191
1.475 53181
1.476 53173
1.476 53162
1.48 53151
1.483 53127
1.485 53125
1.488 53109
1.511 53057
1.596 53015
1.643 53007
1.643 52995
1.644 52985
1.648 52966
1.649 52963
1.65 52954
1.758 52947
1.778 52941
1.779 52924
1.785 52843
1.786 52834
2.136 52814
2.159 52805
2.16 52724
2.16 52700
2.168 52679
2.169 52676
2.174 52670
2.175 52665
2.175 52632
2.178 52613
2.179 52611
2.179 52599
2.188 52581
2.189 52564
2.19 52563
2.437 52542
3.303 52522
3.304 52498
3.321 52457
3.325 52440
3.326 52439
3.327 52438
3.397 52406
3.403 52401
3.403 52394
3.405 52380
3.406 52377
3.413 52361
3.417 52354
3.419 52343
3.423 52331
3.424 52296
3.437 52275
3.438 52271
3.467 52258
3.47 52244
3.471 52217
3.474 52212
3.477 52208
3.481 52125
3.481 52103
3.483 52097
5.626 52091
5.635 52079
5.636 52078
8.642 52070
8.643 52060
8.776 52054
8.778 52018
8.79 52017
8.792 52011
8.793 52009
8.812 52007
8.813 52003
8.815 51996
9.01 51995
9.012 51988
9.014 51974
9.019 51955
9.021 51948
9.025 51927
9.026 51923
9.044 51900
9.047 51870
9.466 51869
9.466 51861
9.467 51842
9.798 51826
9.799 51822
10.042 51813
10.047 51810
10.057 51808
10.063 51801
10.066 51795
10.107 51787
10.108 51767
10.11 51756
10.824 51746
10.824 51727
10.836 51708
10.839 51697
10.84 51694
10.841 51691
10.843 51684
10.844 51676
10.849 51610
11.587 51608
11.588 51606
12.226 51598
12.233 51587
12.234 51572
12.237 51560
14.799 51552
17.418 51546
17.419 51536
17.78 51521
17.781 51510
17.827 51508
17.845 51507
17.847 51497
18.285 51496
18.306 51491
18.312 51489
18.315 51482
18.329 51481
18.338 51466
18.34 51462
18.35 51461
18.367 51455
18.402 51451
18.416 51444
18.422 51443
18.558 51435
18.69 51422
18.694 51420
18.697 51407
18.709 51404
18.713 51403
18.715 51371
18.716 51370
18.732 51362
18.744 51358
18.867 51355
19.206 51353
22.537 51345
22.538 51340
22.539 51338
22.542 51336
22.542 51335
22.557 51334
22.56 51333
22.561 51326
22.564 51317
22.565 51313
22.705 51295
22.762 51290
22.767 51285
23.005 51281
23.007 51277
23.016 51270
23.017 51269
23.598 51264
23.607 51260
23.64 51240
23.665 51235
23.674 51234
23.683 51228
23.804 51227
23.806 51216
23.814 51215
24.357 51197
24.357 51195
24.38 51178
25.651 51173
25.672 51172
26.059 51169
26.075 51159
26.102 51158
26.173 51150
26.176 51137
26.178 51135
26.199 51131
26.803 51126
26.808 51119
26.827 51109
26.85 51107
26.933 51106
26.95 51105
27.004 51100
27.01 51098
27.038 51097
27.064 51093
27.083 51083
27.29 51080
27.291 51079
27.296 51075
27.395 51073
28.194 51070
28.203 51063
28.53 51055
28.538 51054
28.542 51052
28.612 51050
28.626 51038
28.636 51037
28.641 51034
28.657 51028
28.927 51024
28.931 51023
28.932 51020
29.049 51019
29.053 51017
29.057 51015
29.058 51013
29.069 51010
29.094 51001
29.116 50997
29.123 50994
29.13 50993
29.137 50991
38.255 50988
38.272 50987
38.316 50986
38.385 50985
38.437 50983
39.164 50977
39.532 50973
39.571 50972
39.585 50969
39.595 50968
39.611 50964
