0.001 20379
0.002 20370
0.003 20280
0.003 20256
0.004 20223
0.004 20169
0.005 20150
0.005 20144
0.006 20102
0.006 19970
0.011 19958
0.012 19854
0.013 19435
0.015 19172
0.015 19137
0.016 19133
0.018 19114
0.02 19109
0.021 19077
0.021 18919
0.022 18830
0.023 17661
0.023 17613
0.024 17594
0.026 17585
0.029 17567
0.031 17541
0.032 17540
0.046 17532
0.049 17529
0.05 17521
0.053 17501
0.056 17491
0.056 17475
0.059 17467
0.062 17453
0.063 17452
0.08 17445
0.081 17400
0.113 17398
0.118 17379
0.124 17352
0.13 17345
0.321 17331
0.352 17291
0.353 17288
0.353 17272
0.649 17243
0.65 17239
0.651 17227
0.654 17219
2.284 17205
2.293 17191
4.484 17180
4.484 17164
