0.003 34772
0.004 34770
0.005 34686
0.006 34646
0.009 34525
0.01 34516
0.011 34054
0.012 33757
0.015 33685
0.016 33609
0.016 33521
0.019 33282
0.02 32920
0.021 32915
0.021 32816
0.022 32771
0.023 32597
0.024 32579
0.025 32526
0.028 32494
0.028 32491
0.031 32490
0.035 32476
0.039 32473
0.039 32462
0.04 32456
0.043 32425
0.045 32395
0.051 32361
0.061 32317
0.092 32309
0.092 32282
0.093 32281
0.094 32163
0.096 32161
0.097 32154
0.099 32135
0.099 32124
0.17 32122
0.171 32108
0.199 32009
0.201 31975
0.209 31970
0.365 31964
0.366 31961
0.371 31914
0.386 31854
0.42 31830
0.425 31804
0.44 31790
0.49 31787
0.491 31700
0.498 31634
2.95 31628
2.962 31626
3.269 31624
4.015 31602
4.406 31601
4.41 31584
4.708 31563
4.708 31556
4.713 31552
5.126 31524
5.132 31488
5.132 31485
5.156 31426
5.159 31414
5.337 31413
5.338 31406
5.417 31401
5.993 31395
6.002 31394
6.304 31388
6.457 31356
9.88 31343
9.885 31341
9.887 31329
9.942 31322
14.506 31318
16.228 31315
17.605 31313
17.728 31308
19.448 31289
19.474 31280
19.499 31278
20.407 31273
20.472 31271
21.98 31269
