0.006 58068
0.006 57955
0.007 57947
0.008 57890
0.009 57709
0.01 57492
0.01 57219
0.011 57195
0.012 56971
0.012 56788
0.013 56785
0.013 56675
0.014 56672
0.015 56422
0.016 56300
0.017 56195
0.017 56136
0.018 56132
0.018 56108
0.02 55979
0.021 55876
0.022 55831
0.023 55689
0.025 55616
0.026 55363
0.027 55355
0.027 55152
0.027 55136
0.029 54906
0.031 54757
0.031 54727
0.033 54713
0.034 54610
0.036 54599
0.037 54564
0.038 54432
0.038 54261
0.045 53274
0.046 53203
0.049 53200
0.052 53041
0.052 53016
0.052 52978
0.055 52917
0.064 52828
0.064 52771
0.065 52752
0.066 52715
0.069 52586
0.075 52558
0.076 52545
0.077 52514
0.078 52468
0.078 52461
0.082 52447
0.082 52355
0.086 52345
0.087 52340
0.092 52304
0.093 52297
0.093 52274
0.107 52188
0.109 52145
0.111 52132
0.115 52130
0.131 52070
0.133 51984
0.143 51960
0.147 51927
0.258 51920
0.267 51855
0.268 51848
0.268 51844
0.286 51843
0.297 51832
0.307 51830
0.311 51829
0.365 51824
0.365 51823
0.366 51809
0.368 51780
0.371 51775
0.371 51767
0.377 51697
0.378 51691
0.386 51678
0.391 51672
0.393 51647
0.41 51644
0.56 51611
0.563 51601
0.566 51590
0.832 51561
0.837 51537
0.925 51500
0.928 51424
0.931 51388
0.997 51374
1.002 51351
1.012 51336
1.014 51329
1.046 51323
1.047 51312
1.055 51306
1.068 51297
1.115 51263
1.118 51250
1.13 51249
1.384 51239
1.482 51221
1.484 51220
1.503 51191
1.508 51187
1.514 51171
1.515 51083
1.515 51080
1.824 51072
2.694 51066
2.697 51058
2.703 51054
2.705 51045
2.706 51034
2.708 51031
2.711 51026
2.718 51024
2.72 51020
2.726 51009
2.742 51005
2.749 50998
2.75 50986
2.874 50959
2.876 50928
2.969 50919
3.088 50918
3.089 50906
3.094 50896
3.101 50852
3.112 50773
3.113 50766
3.123 50765
3.124 50762
4.185 50759
4.212 50750
4.259 50738
4.807 50732
4.808 50716
4.827 50631
4.898 50624
4.898 50619
4.902 50600
4.904 50581
4.916 50579
4.942 50561
4.945 50555
4.951 50551
4.954 50546
5.055 50544
5.055 50540
5.064 50537
5.161 50532
5.165 50529
5.171 50521
5.172 50520
5.172 50480
5.177 50474
5.191 50447
5.253 50439
5.358 50428
5.359 50422
6.496 50419
6.498 50416
6.724 50412
6.732 50407
6.739 50380
6.741 50374
6.755 50372
7.043 50356
7.057 50352
7.157 50343
7.158 50315
7.163 50306
11.545 50303
11.558 50276
11.566 50261
12.563 50256
12.745 50234
13.324 50232
13.39 50228
13.899 50221
14.141 50203
14.649 50174
14.894 50171
15.046 50169
