0.005 33960
0.006 33955
0.006 33914
0.007 33806
0.008 33794
0.008 33764
0.008 33643
0.008 33637
0.011 33369
0.012 33366
0.012 33354
0.013 33256
0.014 33129
0.014 32947
0.015 32900
0.015 32821
0.016 32586
0.016 32551
0.017 32497
0.019 32438
0.019 32395
0.02 32052
0.021 32037
0.021 31940
0.023 31893
0.024 31892
0.024 31865
0.03 31843
0.032 31795
0.032 31591
0.034 31527
0.035 31308
0.036 31307
0.037 31247
0.039 31244
0.044 31100
0.053 31074
0.055 31059
0.056 31055
0.057 30887
0.062 30882
0.065 30881
0.109 30871
0.113 30850
0.113 30844
0.113 30810
0.163 30797
0.185 30772
0.24 30762
0.247 30756
0.248 30750
0.25 30727
0.253 30645
0.254 30642
0.276 30638
0.331 30622
0.432 30592
0.432 30581
0.444 30525
0.449 30521
0.449 30517
0.45 30437
0.45 30432
0.453 30414
0.454 30393
1.689 30383
1.698 30382
1.748 30372
1.78 30364
1.807 30312
1.808 30293
2.047 30247
2.049 30232
2.849 30222
2.888 30214
2.889 30209
2.889 30193
2.891 30186
2.892 30184
2.897 30177
2.897 30171
2.902 30164
2.952 30156
5.854 30129
6.012 30110
6.012 30108
6.034 30093
6.035 30088
6.049 30083
6.224 30048
6.226 30041
6.241 30040
6.975 30037
6.984 30021
6.986 30014
6.989 30012
7.038 30011
7.081 29984
7.087 29973
11.499 29972
11.504 29971
11.504 29965
11.909 29964
11.928 29952
11.989 29945
11.992 29915
11.998 29882
12.013 29879
12.021 29876
12.064 29874
12.135 29860
12.135 29857
12.139 29855
14.235 29841
14.246 29833
14.277 29832
16.524 29831
16.527 29815
20.923 29811
21.86 29809
21.915 29807
21.923 29805
