0.005 25411
0.006 25402
0.011 25309
0.011 25307
0.012 25290
0.013 25269
0.013 25259
0.018 25232
0.021 25170
0.022 25162
0.043 25157
0.045 25154
0.049 25153
0.051 25146
0.058 25145
0.058 25130
0.06 25127
0.061 25114
0.061 25089
0.062 25079
0.062 25032
0.086 25025
0.087 25023
0.088 24878
0.093 24876
0.109 24858
0.109 24856
0.155 24850
0.155 24849
0.162 24843
0.19 24829
0.193 24825
0.194 24823
0.236 24820
0.273 24784
0.274 24780
0.281 24770
0.282 24762
0.285 24746
0.291 24737
0.306 24736
0.327 24734
0.34 24723
0.354 24713
0.357 24698
0.36 24668
0.362 24661
0.428 24658
1.294 24650
1.298 24648
1.3 24639
1.3 24637
1.301 24632
1.308 24629
1.311 24628
1.311 24624
1.313 24620
1.334 24614
1.335 24608
1.358 24607
1.358 24603
1.377 24595
1.377 24592
1.385 24581
1.631 24485
1.634 24480
1.636 24479
1.65 24477
1.663 24443
1.664 24430
1.674 24386
1.676 24383
1.763 24363
1.763 24352
1.764 24348
1.906 24338
2.233 24312
2.27 24307
2.28 24304
2.343 24297
2.35 24280
2.351 24276
2.613 24254
11.784 24252
12.2 24248
12.454 24245
12.457 24240
15.425 24238
15.426 24237
15.534 24236
15.536 24232
16.191 24230
16.209 24227
16.214 24224
16.214 24222
16.218 24220
18.184 24215
18.376 24208
18.377 24200
18.381 24197
18.385 24194
18.392 24193
18.395 24186
18.395 24185
18.648 24184
19.683 24183
19.687 24179
19.989 24175
19.998 24174
19.999 24172
20.013 24168
20.017 24167
21.557 24166
35.696 24164
