0.005 25468
0.007 25459
0.009 25396
0.009 25381
0.017 25380
0.02 25379
0.028 25377
0.03 25367
0.032 25364
0.032 25361
0.035 25312
0.036 25307
0.037 25297
0.039 25277
0.042 25194
0.044 24989
0.046 24963
0.047 24960
0.048 24954
0.049 24888
0.049 24887
0.05 24876
0.055 24868
0.058 24858
0.059 24856
0.059 24855
0.068 24849
0.103 24840
0.105 24834
0.108 24821
0.175 24813
0.176 24805
0.177 24748
0.226 24738
0.229 24733
0.289 24707
0.289 24705
0.291 24692
0.536 24682
0.536 24680
0.539 24661
0.54 24644
0.547 24617
0.554 24616
0.556 24614
0.559 24605
1.871 24600
1.904 24581
1.91 24579
1.911 24570
1.914 24568
1.917 24563
1.92 24520
1.922 24519
1.922 24511
1.926 24505
1.973 24501
1.975 24487
1.976 24485
1.978 24476
1.992 24470
1.998 24462
1.999 24443
2.002 24435
2.002 24434
2.017 24433
2.087 24409
2.111 24402
2.113 24394
2.127 24393
2.313 24380
2.315 24377
2.317 24374
2.386 24369
2.629 24366
3.152 24364
3.857 24345
3.859 24343
3.864 24333
3.877 24318
6.468 24311
6.469 24309
6.47 24307
9.285 24304
9.566 24303
9.567 24296
10.713 24289
10.802 24285
10.803 24279
10.94 24271
10.956 24270
10.967 24253
10.969 24250
10.979 24248
10.999 24247
11 24245
11 24242
14.316 24240
14.325 24238
14.337 24237
14.338 24228
16.845 24226
17.877 24225
17.878 24221
17.908 24220
19.065 24219
20.288 24218
20.289 24212
20.867 24207
20.869 24205
21.007 24195
25.233 24194
25.247 24193
27.598 24192
30.215 24190
30.379 24189
31.328 24188
31.852 24184
