0.004 42596
0.005 42320
0.006 42311
0.007 42182
0.008 42063
0.009 42022
0.009 41970
0.016 41919
0.017 41766
0.018 41755
0.018 40875
0.02 40561
0.023 40554
0.026 40551
0.027 40545
0.027 40539
0.028 40459
0.029 40458
0.029 40455
0.032 40384
0.033 40248
0.033 40170
0.037 40133
0.04 40100
0.041 40096
0.042 39600
0.044 39538
0.045 39516
0.045 39499
0.046 39485
0.051 39221
0.051 39162
0.052 39123
0.053 39107
0.057 39102
0.059 39095
0.065 38633
0.065 38631
0.066 38622
0.071 38550
0.073 38498
0.074 38488
0.078 38421
0.078 38397
0.079 38388
0.08 38376
0.082 38328
0.095 38159
0.118 38146
0.119 38119
0.121 38116
0.124 38107
0.125 38098
0.125 38097
0.126 38057
0.126 38042
0.128 38028
0.134 38022
0.135 38019
0.135 37961
0.141 37904
0.224 37897
0.225 37876
0.225 37868
0.226 37867
0.226 37857
0.247 37821
0.249 37815
0.249 37803
0.269 37793
0.27 37771
0.275 37760
0.276 37743
0.372 37733
0.736 37709
0.765 37707
0.779 37696
0.79 37658
1.112 37656
1.114 37655
1.563 37638
1.564 37626
1.585 37622
1.668 37599
1.669 37577
2.104 37540
2.105 37538
2.105 37511
2.106 37505
2.107 37502
2.166 37499
2.215 37494
2.223 37476
2.225 37473
8.612 37471
8.666 37448
8.674 37444
8.734 37424
8.736 37420
8.754 37397
9.092 37375
9.095 37370
9.329 37367
9.333 37362
10.487 37358
10.637 37355
10.652 37353
10.654 37347
11.618 37326
11.625 37320
11.631 37317
21.564 37312
25.933 37295
25.935 37291
26.227 37290
26.259 37289
28.811 37288
28.847 37286
28.849 37285
