0.006 23047
0.006 22880
0.006 22812
0.007 22743
0.008 22278
0.008 22252
0.009 22248
0.009 22231
0.01 22199
0.011 22165
0.012 22138
0.013 22134
0.014 22093
0.014 22067
0.016 22037
0.016 22030
0.02 21854
0.024 21807
0.026 21735
0.029 21695
0.03 21687
0.031 21663
0.032 21458
0.033 21220
0.034 21206
0.034 21192
0.035 21164
0.038 21159
0.039 21107
0.04 21092
0.04 21078
0.041 21072
0.041 21068
0.041 20766
0.042 20754
0.044 20747
0.047 20743
0.048 20728
0.048 20715
0.054 20680
0.055 20671
0.065 20534
0.065 20522
0.067 20509
0.073 20195
0.074 20179
0.074 20172
0.075 20133
0.075 19774
0.077 19746
0.077 19699
0.081 19689
0.083 19664
0.084 19640
0.088 19604
0.088 19591
0.089 19590
0.09 19558
0.095 19503
0.097 19501
0.099 19448
0.099 19415
0.1 19409
0.102 19376
0.127 19324
0.127 19291
0.128 19280
0.132 19217
0.133 19195
0.133 19193
0.135 19176
0.153 19175
0.154 19159
0.155 19127
0.155 19111
0.156 19106
0.158 19063
0.158 19031
0.16 19022
0.164 19003
0.173 18967
0.209 18931
0.209 18925
0.213 18906
0.244 18877
0.244 18873
0.247 18859
0.254 18854
0.268 18835
0.268 18814
0.3 18810
0.3 18772
0.301 18763
0.307 18744
0.653 18712
5.927 18710
5.931 18686
5.934 18685
5.955 18673
5.957 18644
10.443 18643
10.839 18641
10.841 18640
11.549 18631
11.73 18629
12.633 18623
13.453 18621
13.462 18620
13.488 18607
13.489 18605
13.601 18594
13.65 18565
13.658 18556
26.262 18555
27.24 18551
