0.004 24820
0.005 24795
0.005 24755
0.005 24726
0.006 24597
0.007 24286
0.007 24181
0.008 24179
0.008 24087
0.009 24026
0.01 23929
0.011 23682
0.012 23657
0.014 23133
0.014 23064
0.016 23042
0.017 23024
0.017 22977
0.019 22968
0.02 22938
0.021 22923
0.022 22900
0.023 22894
0.024 22892
0.024 22847
0.025 22799
0.034 22771
0.036 22751
0.037 22684
0.04 22653
0.04 22629
0.043 22493
0.044 22314
0.045 22162
0.045 22156
0.046 22136
0.046 22092
0.048 22036
0.05 21905
0.054 21842
0.054 21815
0.055 21814
0.055 21793
0.056 21779
0.056 21722
0.075 21715
0.078 21519
0.079 21497
0.081 21486
0.082 21435
0.082 21413
0.082 21302
0.083 21249
0.083 21224
0.084 21195
0.086 21192
0.088 21143
0.091 21100
0.092 21012
0.131 20979
0.134 20975
0.137 20940
0.145 20926
0.15 20896
0.151 20885
0.208 20868
0.734 20861
0.734 20848
0.734 20832
1.346 20801
2.386 20787
2.409 20786
2.68 20771
2.718 20766
2.744 20755
2.747 20719
4.559 20711
4.57 20704
4.866 20671
4.867 20670
4.874 20667
