0.005 30384
0.006 30382
0.006 30381
0.007 30366
0.007 30325
0.007 30314
0.007 30272
0.01 29664
0.012 29594
0.013 29439
0.013 29426
0.014 29348
0.015 29235
0.016 29194
0.017 29154
0.02 29082
0.02 29044
0.021 29005
0.022 29000
0.023 28993
0.023 28986
0.027 28769
0.027 28669
0.027 28466
0.028 28458
0.038 28434
0.039 28424
0.039 28387
0.042 28385
0.052 28318
0.053 28304
0.097 28252
0.104 28202
0.11 28142
0.111 28141
0.112 28094
0.113 28091
0.13 28018
0.145 27953
0.147 27948
0.185 27939
0.186 27928
0.212 27769
0.213 27716
0.213 27705
0.217 27666
0.219 27651
0.221 27642
0.227 27635
0.23 27576
0.23 27540
0.288 27537
0.364 27501
0.366 27478
0.366 27432
0.367 27406
0.454 27401
0.455 27374
0.465 27362
0.513 27360
0.514 27337
0.516 27275
0.518 27266
0.622 27163
0.622 27162
0.861 27146
0.864 27136
0.868 27120
0.945 27106
0.945 27074
0.969 27063
0.969 27040
0.97 27032
0.98 27025
0.981 27014
1.293 27009
1.293 26999
1.294 26995
3.713 26972
3.714 26965
3.822 26958
4.305 26957
4.468 26954
4.475 26951
4.478 26941
4.831 26925
4.833 26917
4.835 26880
5.491 26874
5.717 26840
6.019 26785
6.042 26769
6.043 26765
7.896 26762
8.002 26752
8.004 26749
8.012 26743
8.013 26731
11.561 26726
11.565 26719
11.567 26712
11.576 26707
11.582 26693
11.582 26687
11.591 26684
11.713 26673
11.765 26655
14.773 26650
15.822 26629
15.827 26627
15.85 26620
15.869 26612
15.874 26610
15.876 26607
15.885 26577
15.887 26575
15.926 26574
15.941 26569
15.952 26550
15.971 26547
15.993 26532
18.487 26528
18.513 26520
18.517 26506
20.65 26498
