0.005 21224
0.005 21206
0.006 21158
0.007 21150
0.007 21136
0.007 21121
0.01 21090
0.015 21086
0.017 21037
0.019 21035
0.019 21027
0.019 21025
0.026 20639
0.026 20608
0.03 20596
0.032 20582
0.034 20558
0.04 20550
0.041 20543
0.042 20539
0.045 20507
0.045 20503
0.046 20493
0.055 20471
0.129 20464
0.134 20460
0.203 20454
0.206 20423
0.208 20402
0.209 20387
0.209 20382
0.211 20374
0.212 20366
0.213 20365
0.215 20341
0.233 20315
0.337 20296
0.339 20286
0.368 20263
0.369 20249
0.369 20222
0.699 20182
0.713 20179
0.739 20151
0.741 20123
0.819 20085
0.821 20075
0.821 20072
0.827 20064
1.475 20059
1.476 20050
1.511 20048
1.513 20020
1.727 20012
1.731 19988
1.731 19987
1.732 19977
1.733 19970
1.734 19968
1.739 19967
1.739 19950
1.899 19922
2.257 19917
2.446 19912
4.869 19895
4.876 19880
9.289 19876
9.356 19875
10.627 19865
10.652 19863
12.56 19859
12.568 19850
12.569 19849
12.779 19847
13.617 19836
13.625 19835
16.06 19826
16.261 19813
16.267 19812
16.299 19788
17.92 19784
19.467 19777
19.476 19775
19.477 19771
23.024 19770
23.026 19769
24.906 19764
25.847 19763
