0.007 38866
0.007 38787
0.008 38747
0.009 38738
0.017 38712
0.02 38636
0.023 38634
0.023 38334
0.025 38319
0.028 38271
0.029 38213
0.03 38137
0.033 38067
0.033 38024
0.035 38007
0.035 37983
0.037 37977
0.038 37929
0.038 37878
0.04 37821
0.042 37710
0.043 37673
0.043 37665
0.046 37621
0.047 37601
0.05 37579
0.052 37554
0.056 37536
0.068 37533
0.07 37450
0.08 37390
0.086 37381
0.13 37376
0.135 37302
0.136 37298
0.138 37285
0.194 37270
0.199 37170
0.212 37145
0.213 37141
0.214 37055
0.217 37046
0.217 37045
0.218 37012
0.229 36982
0.291 36972
0.292 36960
0.295 36950
0.296 36931
0.297 36917
0.31 36898
0.311 36875
0.312 36861
0.313 36832
0.313 36788
0.314 36784
0.332 36688
0.332 36682
0.376 36641
0.378 36637
0.379 36531
0.38 36519
0.433 36517
0.434 36516
0.456 36511
0.457 36492
0.458 36489
0.459 36472
0.459 36416
0.46 36415
0.464 36397
0.466 36333
0.468 36326
0.471 36291
0.471 36268
0.494 36189
0.498 36175
0.501 36170
0.502 36164
0.545 36134
0.563 36111
0.564 36100
0.565 36045
0.567 36028
0.567 35988
0.569 35948
0.574 35924
0.578 35892
0.582 35890
1.765 35879
1.766 35868
1.767 35865
1.769 35859
1.816 35844
1.817 35814
1.824 35722
1.824 35702
1.828 35696
1.923 35691
1.926 35688
1.927 35664
1.928 35662
2.548 35646
2.729 35643
3.524 35637
3.526 35616
3.528 35614
3.529 35592
7.171 35587
7.205 35568
7.206 35563
7.208 35557
7.211 35546
7.213 35532
7.231 35513
7.237 35506
7.238 35501
7.268 35493
7.271 35472
7.272 35456
7.387 35448
7.679 35444
7.679 35441
7.682 35428
7.897 35427
15.511 35426
15.522 35425
18.24 35411
18.398 35403
18.418 35401
18.432 35394
18.805 35385
19.052 35368
19.061 35366
19.084 35359
19.609 35357
19.614 35352
19.712 35339
19.725 35334
25.07 35333
25.166 35331
