0.004 42846
0.004 42593
0.005 42582
0.006 42518
0.007 42449
0.008 42238
0.009 42062
0.01 42054
0.011 42034
0.017 40713
0.018 40686
0.019 40641
0.02 40638
0.022 40633
0.023 40587
0.024 40585
0.026 40582
0.03 40561
0.031 40557
0.031 40548
0.032 40530
0.033 40471
0.034 40397
0.035 39205
0.037 39202
0.041 39198
0.05 39186
0.05 39184
0.051 39159
0.052 39150
0.056 39040
0.056 39024
0.057 39015
0.058 39011
0.059 39005
0.064 39000
0.073 38971
0.077 38938
0.078 38915
0.079 38909
0.079 38902
0.081 38899
0.083 38893
0.085 38892
0.208 38890
0.212 38887
0.213 38879
0.231 38687
0.231 38630
0.235 38546
0.235 38536
0.237 38406
0.237 38327
0.238 38292
0.253 38291
0.254 38284
0.281 38267
0.283 38260
0.284 38234
0.285 38201
0.332 38188
0.332 38183
0.335 38143
0.336 38142
0.337 38123
0.377 38112
0.379 38106
0.41 38105
0.417 38085
0.418 38084
0.482 38075
0.483 38071
0.503 38049
0.528 38017
0.902 37982
0.906 37971
0.91 37952
0.921 37949
0.923 37948
0.958 37945
0.979 37929
0.981 37927
0.982 37912
0.982 37908
0.984 37897
1.496 37866
1.497 37858
1.51 37854
1.513 37849
1.515 37845
1.518 37832
1.536 37761
1.536 37756
1.543 37731
1.545 37717
1.555 37622
1.556 37604
1.572 37590
1.579 37585
1.589 37577
3.489 37525
3.494 37520
3.496 37514
3.498 37504
6.272 37493
6.291 37485
6.333 37433
6.335 37402
6.424 37399
6.428 37393
6.431 37373
6.435 37360
6.463 37335
6.478 37334
6.503 37327
37.183 37325
39.433 37324
