0.005 33989
0.008 33982
0.008 33981
0.009 33968
0.009 33799
0.012 33790
0.013 33763
0.014 33665
0.015 33662
0.016 33291
0.016 33233
0.017 33218
0.018 33198
0.024 33192
0.026 33190
0.027 32997
0.027 32891
0.027 32884
0.028 32570
0.028 32453
0.031 32247
0.032 31801
0.035 31797
0.036 31787
0.037 31770
0.04 31765
0.041 31679
0.045 31598
0.046 31595
0.048 31590
0.051 31538
0.052 31512
0.056 31504
0.068 31449
0.068 31433
0.068 31432
0.069 31427
0.08 31414
0.08 31409
0.081 31399
0.081 31398
0.082 31395
0.092 31368
0.095 31367
0.096 31366
0.096 31309
0.102 31307
0.102 31289
0.143 31287
0.145 31282
0.145 31155
0.146 31124
0.146 31120
0.147 31021
0.178 30999
0.178 30992
0.18 30982
0.182 30863
0.228 30811
0.234 30747
0.268 30726
0.335 30686
0.335 30637
0.403 30633
0.44 30581
0.442 30568
0.447 30549
0.449 30546
0.45 30427
0.452 30417
0.452 30378
0.453 30373
0.454 30363
0.459 30362
0.46 30360
0.499 30340
0.582 30336
0.582 30332
0.584 30258
0.593 30257
0.658 30252
0.666 30247
0.667 30243
6.758 30233
6.877 30217
6.886 30208
6.932 30204
7.134 30184
7.15 30178
7.155 30131
14.94 30124
15.056 30107
15.111 30105
15.131 30100
15.165 30099
15.166 30091
15.17 30083
17.411 30081
19.037 30078
19.045 30072
19.485 30068
19.554 30066
20.051 30055
20.053 30048
20.054 30037
20.055 30032
20.058 30018
20.434 30014
20.447 29999
20.456 29993
23.131 29991
