0.004 16862
0.004 16852
0.005 16748
0.006 16745
0.007 16744
0.009 16654
0.011 16482
0.012 16478
0.014 16472
0.015 16462
0.016 16428
0.016 16357
0.017 16314
0.017 16289
0.02 16101
0.02 16044
0.021 16028
0.022 16016
0.024 15951
0.026 15938
0.027 15919
0.031 15907
0.032 15897
0.034 15895
0.035 15874
0.039 15868
0.039 15846
0.065 15768
0.066 15760
0.066 15743
0.067 15552
0.069 15543
0.07 15530
0.071 15512
0.246 15503
0.248 15479
0.3 15459
0.301 15449
0.428 15401
0.448 15386
0.45 15382
0.45 15347
0.451 15328
0.452 15313
0.453 15306
0.48 15304
0.51 15293
0.511 15248
0.519 15240
2.281 15137
2.356 15135
2.356 15117
2.935 15113
4.123 15082
5.51 15075
5.513 15073
5.519 15068
10.197 15060
16.322 15052
23.061 15051
