0.007 28386
0.008 28376
0.009 28368
0.009 28345
0.009 28277
0.009 28269
0.01 28260
0.011 28235
0.011 28177
0.011 28151
0.013 28049
0.013 28008
0.015 27994
0.015 27988
0.017 27986
0.018 27963
0.019 27887
0.022 27843
0.024 27816
0.026 27807
0.026 27766
0.026 27763
0.027 27751
0.03 27508
0.032 27470
0.033 27459
0.033 27155
0.036 27152
0.037 27119
0.038 27063
0.051 27037
0.052 27004
0.058 26915
0.059 26775
0.059 26750
0.06 26726
0.062 26717
0.063 26697
0.063 26694
0.065 26649
0.073 26643
0.079 26602
0.088 26590
0.102 26492
0.103 26380
0.104 26313
0.105 26297
0.106 26279
0.208 26268
0.21 26176
0.211 26151
0.211 26144
0.211 26114
0.212 26107
0.214 26103
0.246 26056
0.253 26051
0.254 26046
0.254 26018
0.255 25992
0.256 25977
0.275 25970
0.329 25965
0.431 25944
0.433 25902
0.433 25898
0.435 25884
0.436 25845
0.436 25841
0.449 25839
0.449 25838
0.528 25828
0.529 25824
0.561 25794
0.564 25781
0.564 25751
0.568 25718
0.57 25627
0.583 25555
0.623 25512
0.626 25508
0.628 25480
0.629 25473
0.645 25459
0.645 25458
0.648 25439
0.924 25431
1.18 25424
1.18 25423
1.257 25410
1.315 25403
1.317 25390
1.706 25385
1.706 25367
1.728 25318
1.736 25312
1.739 25310
1.743 25300
1.754 25282
1.756 25268
1.756 25263
1.757 25252
2.627 25248
2.652 25226
2.652 25208
2.663 25170
2.664 25151
2.666 25146
2.668 25135
2.84 25107
2.843 25095
3.416 25087
3.417 25084
3.47 25080
3.882 25072
3.885 25067
3.895 25052
3.898 25032
3.948 25007
4.75 25002
4.75 24989
7.579 24984
7.581 24969
7.632 24958
7.632 24954
7.636 24937
7.65 24926
7.697 24918
7.723 24913
7.734 24906
7.742 24894
10.322 24884
10.54 24881
10.649 24880
10.894 24870
11.592 24860
11.599 24858
22.895 24855
22.964 24852
23.25 24850
23.252 24831
23.252 24820
