0.008 54744
0.008 54736
0.009 54711
0.01 54702
0.013 54692
0.013 54676
0.014 54592
0.014 54228
0.016 54212
0.017 54172
0.018 54142
0.019 54096
0.019 54061
0.02 54029
0.021 53991
0.021 53977
0.022 53808
0.022 53805
0.024 53785
0.025 53775
0.026 53763
0.026 53761
0.027 53757
0.027 53740
0.029 53738
0.03 53730
0.032 53715
0.032 53709
0.032 53702
0.054 53678
0.056 53657
0.057 53646
0.059 53630
0.06 53628
0.064 53618
0.066 53613
0.066 53597
0.074 53581
0.075 53576
0.079 53555
0.082 53553
0.083 53489
0.086 53437
0.088 53350
0.089 53338
0.09 53326
0.156 53192
0.173 53155
0.174 53030
0.175 53022
0.175 52956
0.187 52952
0.188 52913
0.189 52906
0.19 52892
0.194 52845
0.2 52823
0.201 52811
0.213 52805
0.216 52786
0.217 52539
0.224 52521
0.227 52472
0.247 52459
0.249 52457
0.25 52432
0.298 52281
0.306 52254
0.308 52246
0.308 52235
0.315 52223
0.316 52164
0.32 52158
0.321 52152
0.335 52145
0.337 52136
0.34 52092
0.355 52070
0.365 52050
0.372 51857
0.377 51851
0.377 51823
0.378 51783
0.379 51749
0.381 51702
0.382 51699
0.384 51694
0.384 51669
0.401 51652
0.435 51648
0.437 51631
0.442 51630
0.445 51613
0.446 51596
0.45 51548
0.451 51543
0.451 51542
0.452 51527
0.453 51524
0.456 51502
3.073 51481
3.074 51469
3.075 51446
3.675 51410
3.675 51404
3.677 51391
3.687 51385
3.687 51384
4.161 51362
4.165 51349
4.166 51344
4.167 51333
4.786 51332
4.786 51331
4.795 51320
5.278 51292
5.28 51289
5.281 51278
5.743 51268
5.792 51249
5.796 51246
5.797 51241
5.797 51238
6.244 51235
6.245 51227
6.249 51209
6.249 51202
6.253 51187
6.254 51180
6.259 51173
6.266 51156
6.539 51149
9.16 51142
10.542 51135
10.542 51118
10.548 51115
10.549 51111
10.555 51099
11.128 51093
11.128 51067
13.1 51063
13.102 51053
13.107 51052
13.11 51042
13.118 51007
15.625 50967
18.323 50932
18.324 50926
18.73 50921
23.92 50919
24.116 50907
24.132 50888
24.629 50886
24.641 50878
24.642 50873
24.682 50868
25.701 50867
25.706 50861
25.708 50856
25.713 50851
27.918 50837
27.922 50835
27.927 50832
27.944 50827
30.201 50824
30.231 50820
30.349 50819
32.146 50818
32.183 50817
33.806 50812
33.848 50804
34.014 50803
34.216 50795
34.236 50792
34.329 50791
34.334 50790
34.997 50789
35.034 50780
36.306 50779
