0.009 40000
0.01 39757
0.01 39706
0.01 39696
0.011 39661
0.012 39644
0.012 39550
0.013 39441
0.013 39439
0.014 39396
0.014 39388
0.016 39295
0.018 39110
0.019 38776
0.019 38674
0.021 38565
0.023 38538
0.023 38516
0.03 37884
0.03 37858
0.031 37745
0.035 37744
0.035 37727
0.036 37483
0.037 37474
0.04 37436
0.041 37430
0.056 37398
0.057 37394
0.058 37392
0.059 37177
0.059 37153
0.06 37132
0.061 36944
0.063 36835
0.063 36785
0.064 36593
0.064 36571
0.064 36538
0.066 36533
0.067 36509
0.072 36494
0.072 36407
0.073 36399
0.077 35952
0.077 35943
0.078 35924
0.078 35746
0.08 35707
0.08 35495
0.081 35430
0.082 35380
0.087 35339
0.087 35305
0.088 35256
0.092 35234
0.096 35188
0.096 35157
0.097 35122
0.098 35071
0.099 35063
0.099 35034
0.1 35018
0.102 35002
0.103 34970
0.106 34962
0.106 34950
0.106 34946
0.107 34937
0.108 34895
0.109 34889
0.109 34887
0.11 34772
0.11 34716
0.112 34533
0.113 34528
0.114 34522
0.114 34455
0.116 34448
0.121 34445
0.13 34441
0.138 34435
0.139 34432
0.159 34404
0.161 34393
0.205 34375
0.206 34368
0.218 34363
0.218 34325
0.238 34314
0.239 34297
0.24 34255
0.271 34250
0.272 34244
0.272 34239
0.276 34232
0.278 34169
0.278 34164
0.28 34162
0.28 34157
0.281 34154
0.282 34131
0.282 34045
0.283 34013
0.284 33982
0.284 33941
0.286 33939
0.291 33861
0.292 33857
0.309 33852
0.311 33850
0.311 33823
0.312 33791
0.313 33780
0.313 33724
0.32 33700
0.341 33655
0.344 33641
0.349 33577
0.354 33531
0.355 33495
0.356 33479
0.356 33475
0.357 33428
0.357 33413
0.374 33404
0.374 33367
0.375 33359
0.376 33337
0.377 33284
0.378 33280
0.391 33270
0.392 33243
0.393 33209
0.437 33153
0.544 33112
0.727 33069
0.802 33038
0.809 33025
0.81 32992
0.813 32978
0.814 32975
0.82 32947
0.825 32941
0.826 32927
0.826 32925
0.826 32924
0.827 32917
0.887 32913
0.888 32897
0.889 32805
0.897 32738
0.903 32702
0.906 32701
0.908 32627
0.922 32624
1.09 32609
1.117 32603
1.122 32586
1.132 32585
1.167 32577
1.168 32558
1.168 32517
1.856 32516
1.904 32501
1.912 32494
2.793 32492
2.794 32489
2.819 32486
2.826 32472
2.837 32468
11.808 32455
11.914 32444
11.918 32443
12.857 32440
12.864 32433
12.877 32428
12.878 32424
12.88 32419
13.207 32411
13.431 32405
13.461 32402
13.469 32386
13.48 32352
13.485 32298
14.095 32291
14.686 32280
14.689 32271
14.691 32270
14.866 32259
14.872 32250
14.882 32245
14.885 32221
15.178 32206
15.179 32201
15.189 32199
15.19 32183
15.276 32172
15.737 32170
15.781 32168
15.87 32154
15.872 32151
17.675 32150
17.676 32149
17.842 32148
17.849 32142
18.351 32140
18.371 32134
19.091 32111
20.03 32110
20.209 32102
20.391 32101
20.583 32100
20.614 32095
