0.011 51789
0.011 51759
0.012 51696
0.013 51661
0.013 51623
0.015 51568
0.015 51415
0.015 51382
0.016 51371
0.017 51341
0.018 50953
0.019 50927
0.019 50826
0.02 50809
0.02 50800
0.021 50779
0.021 50778
0.022 50767
0.023 50764
0.023 50750
0.024 50719
0.025 50715
0.025 50701
0.025 50640
0.026 50570
0.027 50542
0.027 50496
0.035 50265
0.036 50209
0.037 50131
0.038 49946
0.038 49795
0.039 49761
0.04 49710
0.04 49643
0.041 49642
0.042 49635
0.042 49620
0.043 49614
0.046 49480
0.047 49453
0.052 48883
0.058 48725
0.058 48639
0.06 48635
0.061 48617
0.061 48602
0.062 48590
0.064 48577
0.064 48331
0.065 48322
0.065 48263
0.071 48261
0.071 48239
0.071 48211
0.073 48208
0.074 48188
0.076 48181
0.077 48177
0.081 48171
0.085 48125
0.092 48122
0.092 48109
0.093 48066
0.098 48054
0.102 48045
0.106 47998
0.108 47962
0.116 47935
0.129 47916
0.133 47833
0.134 47796
0.136 47762
0.138 47692
0.154 47676
0.162 47664
0.17 47633
0.171 47604
0.172 47587
0.173 47541
0.175 47538
0.177 47506
0.177 47480
0.179 47461
0.188 47344
0.192 47256
0.194 47223
0.195 47220
0.199 47206
0.201 47181
0.212 47112
0.212 47092
0.213 47046
0.214 46995
0.214 46951
0.215 46943
0.215 46925
0.216 46870
0.216 46863
0.217 46732
0.217 46713
0.218 46711
0.219 46702
0.219 46632
0.22 46613
0.22 46602
0.221 46501
0.235 46476
0.235 46440
0.24 46355
0.243 46314
0.246 46303
0.247 46287
0.247 46233
0.25 46204
0.269 46196
0.272 46190
0.279 46185
0.283 46167
0.287 46143
0.289 46122
0.29 46102
0.305 46081
0.305 46080
0.306 46067
0.306 46064
0.307 46032
0.308 46018
0.314 45772
0.315 45747
0.316 45737
0.317 45713
0.319 45577
0.319 45547
0.32 45546
0.321 45524
0.322 45483
0.323 45480
0.323 45475
0.324 45435
0.327 45430
0.328 45390
0.328 45386
0.328 45375
0.334 45331
0.334 45330
0.341 45318
0.341 45306
0.342 45302
0.343 45276
0.344 45261
0.345 45205
0.347 45199
0.347 45180
0.35 45178
0.357 45157
0.357 45104
0.357 45081
0.358 45023
0.36 45008
0.365 44943
0.367 44929
0.369 44895
0.37 44887
0.37 44858
0.416 44793
0.419 44702
0.419 44682
0.421 44593
0.423 44576
0.423 44571
0.426 44559
0.428 44437
0.43 44408
0.431 44402
0.435 44371
0.438 44326
0.443 44276
0.447 44254
0.449 44250
0.45 44224
0.452 44211
0.999 44207
0.999 44201
1 44181
1 44169
1.012 44141
1.962 44117
2.067 44066
2.07 44045
2.071 44044
2.08 44041
2.607 44036
2.609 43994
2.614 43990
2.616 43972
4.188 43968
4.22 43966
4.22 43963
4.222 43909
4.23 43895
4.251 43866
4.31 43860
4.535 43854
4.537 43845
4.538 43807
4.548 43768
4.553 43766
4.557 43684
4.559 43658
4.694 43654
4.694 43648
4.697 43637
4.962 43628
6.013 43625
6.019 43611
6.881 43608
6.883 43602
6.896 43600
6.899 43578
6.901 43570
6.901 43555
6.927 43528
6.941 43499
6.941 43491
6.982 43485
6.999 43481
7.065 43478
7.074 43468
7.249 43454
7.249 43450
7.253 43447
7.253 43393
7.255 43391
7.259 43378
7.773 43373
7.778 43370
7.807 43368
12.637 43354
12.659 43349
12.679 43308
17.186 43305
17.251 43274
17.334 43273
17.344 43257
17.714 43242
17.737 43231
17.789 43228
17.812 43223
17.828 43220
17.84 43216
18.596 43210
18.89 43206
19.04 43201
20.019 43198
20.03 43197
20.071 43194
20.348 43193
20.352 43192
20.457 43191
20.58 43190
22.84 43180
23.116 43179
23.305 43176
23.382 43169
