0.008 54709
0.008 54692
0.009 54688
0.009 54658
0.01 54586
0.01 54551
0.01 54550
0.011 54482
0.012 54427
0.013 54417
0.014 54403
0.016 54401
0.017 54378
0.017 54359
0.018 54344
0.019 54308
0.021 54303
0.022 54282
0.022 54245
0.023 54244
0.024 54243
0.025 53817
0.027 53816
0.033 53806
0.035 53800
0.036 53785
0.037 53782
0.05 53627
0.051 53613
0.052 53567
0.053 53502
0.054 53464
0.065 53156
0.065 53146
0.066 53145
0.084 53132
0.085 53099
0.085 53090
0.086 53044
0.09 53021
0.091 53020
0.101 53004
0.111 52984
0.111 52974
0.113 52957
0.113 52941
0.115 52936
0.117 52932
0.121 52917
0.122 52908
0.123 52872
0.125 52868
0.13 52861
0.131 52853
0.134 52851
0.136 52844
0.139 52818
0.142 52815
0.142 52799
0.21 52790
0.265 52763
0.266 52752
0.267 52741
0.277 52708
0.28 52642
0.28 52631
0.307 52629
0.308 52603
0.308 52600
0.347 52590
0.357 52562
0.358 52560
0.358 52552
0.358 52529
0.359 52512
0.359 52483
0.36 52355
0.365 52320
0.367 52271
0.371 52268
0.371 52254
0.372 52215
0.372 52202
0.373 52201
0.374 52198
0.374 52191
0.376 52180
0.398 52178
0.399 52158
0.399 52048
0.426 52040
0.443 52013
0.462 52012
0.465 51992
0.466 51990
0.467 51988
0.468 51987
0.47 51950
0.472 51938
0.708 51910
0.709 51770
0.709 51757
0.731 51754
0.731 51731
0.732 51702
0.733 51657
0.736 51638
0.771 51637
0.794 51618
0.799 51616
0.8 51612
0.81 51588
0.811 51555
0.812 51530
0.825 51514
0.832 51507
0.835 51498
0.836 51477
0.84 51475
0.84 51458
0.842 51457
0.853 51441
0.853 51436
0.867 51434
0.87 51429
0.884 51419
0.897 51406
0.901 51404
0.935 51293
2.411 51292
2.415 51208
2.415 51151
2.416 51148
2.459 51147
6.6 51140
6.608 51138
6.613 51120
6.617 51110
6.618 51087
6.62 51072
7.436 51057
7.44 51055
11.315 51045
11.315 51041
11.338 51029
11.36 51015
12.567 51013
13.218 51011
14.658 51003
14.658 50999
14.663 50989
14.663 50977
14.664 50954
14.665 50947
32.491 50942
32.496 50939
32.94 50938
32.965 50928
32.974 50923
33.432 50922
33.452 50918
33.452 50914
33.567 50908
33.57 50903
33.579 50900
33.757 50898
34.273 50892
34.274 50884
37.106 50882
37.117 50872
37.226 50871
37.303 50870
37.316 50865
37.32 50864
37.333 50863
37.345 50861
37.357 50860
37.764 50854
38.967 50852
38.969 50837
38.981 50835
41.039 50829
41.052 50811
41.059 50809
41.11 50807
41.247 50806
41.587 50805
41.596 50801
41.713 50797
42.146 50796
42.15 50794
42.272 50793
42.356 50789
42.413 50782
