0.008 26049
0.008 26022
0.008 26021
0.01 26015
0.011 25914
0.011 25838
0.011 25779
0.011 25771
0.012 25748
0.013 25742
0.015 25662
0.016 25650
0.017 25579
0.018 25455
0.019 25401
0.02 25312
0.02 25189
0.021 25141
0.025 24971
0.04 24926
0.041 24922
0.041 24902
0.042 24873
0.043 24811
0.046 24808
0.047 24749
0.048 24702
0.049 24626
0.05 24535
0.069 24510
0.07 24482
0.076 24453
0.076 24408
0.077 24358
0.08 24347
0.082 24287
0.084 24118
0.086 24113
0.087 24100
0.109 24098
0.191 23945
0.192 23934
0.193 23914
0.195 23908
0.196 23900
0.196 23814
0.198 23785
0.198 23744
0.201 23743
0.203 23732
0.208 23648
0.208 23630
0.209 23627
0.211 23590
0.218 23544
0.225 23535
0.226 23517
0.231 23510
0.453 23457
0.456 23446
0.93 23363
0.932 23358
0.934 23357
0.936 23354
0.937 23345
0.95 23331
0.95 23326
0.952 23284
0.969 23281
0.97 23268
0.978 23252
0.978 23244
0.979 23237
1.039 23229
1.168 23213
1.17 23174
1.48 23155
1.772 23149
1.783 23142
1.785 23134
1.937 23121
1.953 23111
2.281 23104
2.289 23093
2.292 23072
2.304 23049
2.374 23038
2.377 23020
2.378 22977
4.193 22975
4.195 22967
4.985 22962
5.153 22959
5.155 22947
5.358 22943
5.363 22941
5.364 22940
5.368 22938
5.368 22928
5.386 22923
5.621 22920
7.144 22919
7.149 22910
7.305 22906
7.394 22885
7.853 22870
10.748 22868
10.749 22867
12.135 22865
12.142 22860
12.146 22858
12.612 22854
13.317 22852
13.542 22851
13.641 22847
13.681 22840
13.756 22837
13.758 22826
17.446 22817
17.943 22805
17.964 22804
18.251 22800
22.074 22798
22.081 22796
22.083 22795
22.157 22792
22.177 22791
22.208 22787
22.217 22782
