0.007 18583
0.008 18478
0.008 18442
0.009 18437
0.009 18431
0.009 18429
0.009 18391
0.01 18390
0.01 18348
0.01 18315
0.012 18311
0.012 18308
0.014 18301
0.015 18172
0.016 18165
0.016 18127
0.016 18104
0.017 17939
0.018 17913
0.019 17905
0.019 17901
0.019 17880
0.019 17851
0.021 17835
0.022 17829
0.023 17731
0.023 17726
0.033 17657
0.036 17637
0.036 17599
0.037 17511
0.037 17502
0.038 17474
0.04 17461
0.042 17437
0.043 17400
0.043 17397
0.044 17377
0.045 17365
0.046 17361
0.057 17327
0.057 17304
0.058 17294
0.084 17284
0.084 17283
0.085 17275
0.085 17274
0.088 17266
0.088 17265
0.089 17259
0.09 17251
0.091 17239
0.091 17233
0.092 17223
0.112 17221
0.112 17220
0.115 17202
0.115 17196
0.133 17192
0.148 17184
0.149 17179
0.188 17163
0.189 17151
0.29 17050
0.29 17042
0.296 17040
0.332 17037
0.37 17033
0.375 16969
0.376 16955
0.394 16950
0.406 16907
0.407 16892
0.428 16844
0.429 16810
0.435 16797
0.452 16794
0.497 16779
1.066 16749
1.067 16748
1.077 16740
1.078 16711
1.082 16676
1.426 16638
2.243 16630
2.245 16620
2.355 16614
3.433 16589
6.127 16584
6.146 16568
6.745 16562
8.566 16556
8.813 16540
9.011 16527
9.012 16518
10.299 16511
10.327 16510
10.327 16499
10.336 16482
11.528 16479
11.528 16474
11.531 16471
11.567 16470
11.57 16468
15.901 16461
22.11 16457
22.131 16450
22.141 16443
22.149 16441
22.167 16436
22.195 16435
25.948 16434
26.047 16431
26.286 16430
26.348 16424
26.351 16422
26.385 16421
