0.008 54752
0.008 54750
0.009 54746
0.009 54735
0.01 54675
0.013 54674
0.014 54552
0.015 54547
0.017 54510
0.019 54480
0.019 54446
0.024 54402
0.025 54396
0.026 54387
0.03 54327
0.031 53957
0.034 53955
0.035 53943
0.036 53923
0.037 53826
0.037 53825
0.041 53664
0.042 53656
0.043 53640
0.045 53528
0.046 53522
0.051 53521
0.052 53492
0.053 53485
0.057 53410
0.057 53399
0.058 53346
0.06 53337
0.062 53322
0.062 53317
0.062 53315
0.064 53293
0.065 53261
0.067 53260
0.091 53252
0.098 53243
0.099 53233
0.1 53222
0.101 53207
0.102 53180
0.104 53174
0.106 53151
0.106 53132
0.109 53040
0.128 52997
0.13 52996
0.131 52991
0.302 52899
0.304 52893
0.305 52889
0.306 52886
0.351 52858
0.351 52838
0.353 52821
0.353 52809
0.355 52734
0.356 52731
0.357 52683
0.367 52677
0.369 52664
0.37 52659
0.37 52645
0.374 52568
0.375 52560
0.375 52556
0.376 52504
0.377 52491
0.378 52462
0.4 52428
0.408 52416
0.42 52386
0.421 52356
0.422 52351
0.43 52348
0.434 52324
0.467 52314
0.467 52313
0.47 52233
0.472 52224
0.611 52215
0.619 52179
0.62 52160
0.622 52131
0.623 52130
0.623 52117
0.629 52085
0.63 52079
0.633 52034
0.639 52031
0.64 52026
0.64 52025
0.641 51993
0.654 51981
0.654 51948
0.654 51947
0.655 51930
0.659 51923
0.671 51918
0.674 51912
0.674 51896
0.674 51894
0.679 51866
0.681 51845
0.683 51843
0.684 51838
0.846 51831
0.851 51829
0.855 51821
0.891 51794
0.933 51787
0.935 51771
0.963 51707
0.968 51664
0.989 51660
1.006 51658
1.007 51637
1.135 51635
1.136 51620
1.243 51616
1.244 51613
1.246 51577
1.326 51564
1.328 51552
1.343 51517
1.345 51498
1.348 51471
1.351 51466
1.357 51458
1.358 51446
1.818 51326
1.819 51294
1.822 51280
1.823 51269
1.831 51267
1.86 51256
1.863 51255
1.865 51242
1.868 51239
1.871 51232
1.876 51184
1.877 51183
2.002 51178
2.005 51175
2.005 51167
2.006 51151
2.009 51146
2.01 51144
2.011 51125
2.011 51114
5.388 51088
5.391 51085
5.417 51081
5.418 51080
5.419 51072
5.421 51066
15.319 51062
15.324 51055
16.775 51045
19.05 51030
19.051 51004
19.067 51002
23.535 51000
23.553 50997
23.556 50990
24.219 50987
24.686 50982
24.687 50977
24.691 50962
28.437 50953
28.474 50938
28.492 50936
28.494 50924
28.497 50916
28.498 50915
28.501 50909
28.51 50905
28.518 50896
28.529 50892
29.289 50888
29.29 50886
29.301 50877
29.668 50874
30.097 50872
30.098 50869
30.098 50867
30.164 50859
30.191 50856
30.2 50847
30.205 50840
31.686 50836
32.047 50833
32.082 50827
32.252 50825
33.063 50819
34.444 50815
34.445 50802
34.461 50799
35.211 50792
37.207 50789
37.22 50784
