0.008 22461
0.008 22354
0.009 22297
0.01 22275
0.01 22255
0.01 22174
0.012 22058
0.012 21972
0.016 21851
0.018 21828
0.021 21827
0.022 21824
0.022 21821
0.022 21814
0.023 21811
0.026 21805
0.029 21625
0.032 21623
0.034 21622
0.034 21614
0.036 21601
0.037 21600
0.038 21591
0.045 21450
0.047 21442
0.048 21432
0.048 21420
0.048 21299
0.049 21292
0.049 21260
0.05 21219
0.052 21162
0.054 21158
0.055 21108
0.055 21089
0.055 21085
0.062 21076
0.066 21058
0.07 21056
0.071 21054
0.073 21029
0.081 21006
0.081 21003
0.082 20996
0.082 20973
0.083 20969
0.085 20964
0.092 20954
0.093 20933
0.096 20866
0.098 20835
0.1 20834
0.1 20735
0.103 20697
0.105 20360
0.106 20307
0.106 20305
0.11 20248
0.111 20163
0.112 20141
0.112 20088
0.113 20035
0.114 20024
0.116 20021
0.141 20004
0.141 20000
0.149 19998
0.149 19990
0.173 19956
0.173 19947
0.18 19926
0.184 19877
0.185 19834
0.187 19798
0.191 19789
0.193 19782
0.196 19757
0.208 19741
0.21 19676
0.21 19674
0.211 19629
0.211 19626
0.242 19380
0.246 19273
0.247 19260
0.248 19259
0.254 19225
0.254 19210
0.299 19178
0.324 19169
0.327 19168
0.415 19158
0.417 19149
0.418 19129
0.42 19120
0.435 19119
0.499 19099
0.499 19085
0.503 19077
0.516 19071
0.692 19042
0.748 19016
0.748 19015
0.749 18952
0.935 18949
0.942 18935
0.943 18896
1.492 18876
1.516 18861
1.519 18858
3.379 18856
3.384 18852
3.384 18849
3.386 18848
3.386 18841
3.387 18821
3.622 18819
3.628 18812
4.764 18802
5.024 18781
7.169 18755
7.176 18754
7.176 18752
7.259 18735
7.266 18731
7.298 18725
7.299 18722
7.35 18721
7.362 18720
7.362 18719
7.364 18717
7.365 18716
11.256 18713
15.52 18712
15.644 18708
15.646 18701
15.647 18698
15.649 18696
15.65 18692
16.266 18684
16.268 18678
