0.01 39624
0.01 39614
0.01 39523
0.011 39522
0.012 39514
0.012 39256
0.013 39211
0.013 39168
0.014 39025
0.014 38990
0.015 38989
0.015 38986
0.015 38968
0.015 38874
0.016 38802
0.017 38794
0.018 38696
0.032 38572
0.033 38549
0.034 38514
0.035 38442
0.038 38323
0.038 38317
0.039 38307
0.049 38215
0.049 38208
0.052 38194
0.052 38186
0.052 38157
0.053 38090
0.054 38078
0.055 38053
0.056 38003
0.056 37999
0.057 37896
0.065 37848
0.066 37623
0.067 37620
0.069 37253
0.069 37250
0.071 37183
0.072 37182
0.073 37181
0.074 37158
0.074 37155
0.075 37153
0.077 37055
0.087 36235
0.087 36213
0.088 36142
0.091 36107
0.093 36071
0.094 36069
0.102 36060
0.121 35493
0.121 35487
0.122 35374
0.122 35357
0.123 35246
0.125 35203
0.125 35130
0.126 35044
0.126 35041
0.128 35026
0.129 35013
0.129 34973
0.129 34940
0.13 34926
0.131 34862
0.131 34811
0.134 34780
0.134 34702
0.135 34480
0.136 34479
0.139 34405
0.141 34404
0.143 34398
0.144 34314
0.145 34296
0.145 34255
0.148 34172
0.149 34164
0.15 34162
0.151 34157
0.153 34136
0.184 34126
0.185 34122
0.192 34103
0.23 34040
0.238 34030
0.239 34023
0.246 34018
0.247 34016
0.248 34006
0.25 34005
0.251 33995
0.522 33969
0.632 33963
0.654 33950
0.683 33924
0.691 33922
0.691 33885
0.692 33874
0.701 33873
0.701 33859
0.702 33828
0.703 33800
0.703 33797
0.704 33795
0.711 33793
0.713 33777
0.783 33776
0.832 33774
0.833 33763
0.833 33762
0.834 33707
0.842 33699
0.845 33689
0.845 33686
0.846 33684
0.848 33677
0.85 33676
0.855 33658
0.856 33630
0.856 33611
0.857 33603
0.868 33579
0.869 33578
0.875 33559
0.875 33545
1.785 33543
1.786 33542
1.786 33527
1.793 33441
1.839 33396
1.878 33393
1.878 33276
1.879 33269
1.884 33255
1.919 33247
1.921 33246
1.928 33209
1.93 33204
2.344 33203
2.346 33200
2.356 33185
2.358 33169
2.381 33168
2.382 33162
2.389 33113
2.391 33111
2.395 33110
2.396 33079
2.396 33073
2.397 33071
2.446 33069
2.446 33061
2.488 33056
2.489 33054
2.492 33049
2.493 33024
2.511 33020
2.512 33017
2.516 33016
2.52 33006
3.355 33005
3.355 33002
3.361 32981
3.371 32952
3.372 32926
3.395 32896
3.396 32885
3.418 32850
3.42 32844
3.48 32839
3.481 32821
3.482 32806
5.165 32805
5.169 32794
5.197 32784
5.199 32769
5.202 32764
5.202 32748
5.202 32744
5.203 32721
5.398 32718
6.848 32706
6.849 32698
6.849 32697
6.85 32664
6.852 32661
6.886 32644
6.892 32641
6.898 32638
8.543 32637
8.543 32629
8.546 32622
10.091 32604
10.091 32547
10.092 32542
10.092 32529
10.093 32510
10.119 32505
10.119 32487
10.136 32476
10.152 32466
10.171 32458
12.017 32449
12.089 32447
12.099 32439
12.108 32397
12.238 32390
12.418 32378
12.419 32372
12.436 32362
12.451 32352
12.477 32342
12.481 32329
12.488 32323
12.5 32320
19.655 32316
19.763 32303
19.77 32295
20.002 32294
20.709 32292
20.771 32291
20.997 32286
21.014 32281
21.144 32279
21.146 32273
21.159 32263
23.532 32253
24.297 32252
24.307 32245
24.346 32241
24.374 32240
24.374 32236
24.542 32232
24.634 32230
