0.01 20289
0.011 20136
0.011 20113
0.011 20091
0.012 20077
0.013 20009
0.013 19974
0.014 19973
0.014 19969
0.017 19879
0.019 19792
0.021 19791
0.027 19790
0.028 19783
0.03 19776
0.03 19762
0.031 19757
0.031 19753
0.037 19721
0.038 19710
0.038 19698
0.039 19662
0.04 19654
0.04 19651
0.041 19641
0.041 19639
0.045 19636
0.046 19605
0.046 19596
0.063 19594
0.067 19574
0.069 19527
0.069 19515
0.07 19506
0.071 19500
0.079 19499
0.08 19497
0.08 19477
0.099 19475
0.103 19474
0.105 19424
0.113 19408
0.113 19406
0.115 19353
0.115 19339
0.116 19334
0.152 19291
0.158 19287
0.158 19274
0.169 19265
0.172 19264
0.174 19255
0.174 19231
0.214 19131
0.215 19113
0.215 19084
0.217 19050
0.221 19046
0.222 19044
0.225 19039
0.238 19033
0.241 18978
0.281 18949
0.288 18922
0.288 18915
0.292 18909
0.32 18904
0.324 18873
0.324 18854
0.325 18832
0.325 18817
0.326 18809
0.327 18808
0.33 18794
0.334 18769
0.335 18768
0.414 18765
0.464 18762
0.464 18746
0.633 18745
0.634 18722
0.755 18694
0.756 18691
0.779 18674
0.839 18665
0.841 18656
0.862 18654
1.071 18612
1.071 18602
1.076 18601
1.124 18587
1.216 18570
1.22 18561
2.014 18559
2.02 18534
2.023 18533
2.303 18516
2.306 18509
2.308 18494
2.308 18490
2.309 18469
2.313 18465
4.128 18464
4.129 18461
4.129 18445
4.135 18443
4.136 18430
4.914 18429
4.915 18421
4.917 18420
4.925 18417
6.198 18409
6.199 18395
6.2 18391
6.201 18378
8.695 18374
8.697 18366
9.884 18353
9.887 18351
13.901 18344
13.913 18343
13.972 18338
13.973 18334
15.257 18333
15.258 18326
17.535 18324
17.575 18323
17.583 18322
21.083 18318
21.11 18317
21.15 18315
22.167 18314
22.28 18313
22.285 18306
23.034 18305
25.364 18302
25.398 18294
