0.008 24123
0.008 24099
0.009 24069
0.009 24043
0.01 24015
0.01 23925
0.011 23867
0.011 23857
0.015 23513
0.016 23489
0.017 23437
0.018 23386
0.019 23359
0.019 23356
0.02 23346
0.022 23306
0.038 23301
0.039 23217
0.039 23109
0.04 23085
0.04 23017
0.04 23008
0.041 22994
0.041 22811
0.042 22767
0.042 22753
0.043 22746
0.043 22624
0.044 22523
0.044 22443
0.044 22441
0.045 22303
0.045 22267
0.046 22247
0.046 22243
0.046 22219
0.047 22215
0.051 22176
0.055 21902
0.057 21899
0.059 21855
0.061 21643
0.062 21640
0.064 21638
0.064 21630
0.065 21601
0.066 21584
0.067 21583
0.068 21541
0.069 21529
0.07 21528
0.07 21475
0.071 21474
0.071 21453
0.083 21395
0.092 21385
0.093 21369
0.093 21305
0.094 21292
0.095 21285
0.097 21282
0.118 21269
0.185 21246
0.185 21240
0.186 21236
0.191 21186
0.353 21173
0.356 21151
0.358 21144
0.369 21127
0.369 21125
0.385 21094
0.463 21091
0.466 21085
0.466 21076
0.47 21041
0.562 20994
0.563 20980
0.591 20969
0.592 20965
0.592 20964
0.593 20937
0.595 20868
0.702 20851
0.703 20835
0.721 20795
0.722 20780
0.725 20772
0.728 20732
0.73 20731
0.731 20717
0.732 20714
0.733 20710
0.742 20709
2.182 20695
2.183 20684
2.184 20681
2.563 20671
2.591 20650
5.708 20646
5.71 20629
5.963 20604
5.965 20584
5.966 20579
5.969 20574
12.178 20571
12.179 20556
12.193 20555
12.206 20554
12.616 20552
12.619 20547
12.645 20512
12.647 20510
12.768 20506
13.747 20503
14.201 20491
14.213 20488
14.214 20474
14.216 20471
14.236 20467
14.242 20462
14.251 20444
14.263 20437
14.266 20433
14.274 20431
14.314 20423
14.321 20421
23.131 20420
23.723 20412
23.746 20408
