0.011 18340
0.012 18319
0.012 18218
0.013 18177
0.014 18060
0.015 17874
0.016 17254
0.016 17248
0.017 17189
0.017 17143
0.018 17129
0.018 17111
0.018 17083
0.019 17082
0.02 17077
0.02 17076
0.02 17067
0.024 17064
0.025 17019
0.026 16978
0.027 16947
0.027 16927
0.028 16873
0.028 16847
0.028 16845
0.029 16839
0.029 16837
0.029 16809
0.03 16796
0.03 16792
0.031 16650
0.032 16597
0.033 16590
0.034 16572
0.034 16562
0.034 16560
0.035 16553
0.036 16552
0.036 16537
0.037 16507
0.044 16501
0.045 16378
0.045 16372
0.045 16188
0.046 16172
0.049 16164
0.051 16161
0.052 16159
0.054 16149
0.054 16130
0.056 16017
0.064 15992
0.065 15963
0.066 15901
0.067 15897
0.067 15874
0.083 15871
0.084 15849
0.088 15831
0.088 15824
0.091 15822
0.094 15806
0.099 15792
0.101 15790
0.104 15787
0.105 15760
0.106 15753
0.109 15722
0.111 15718
0.111 15659
0.112 15640
0.117 15629
0.387 15626
0.388 15625
0.388 15619
0.39 15556
0.391 15542
1.841 15532
1.843 15507
1.846 15491
1.85 15487
1.862 15485
1.875 15471
2.816 15469
2.82 15462
2.822 15456
2.824 15450
2.825 15435
2.826 15422
8.044 15418
10.619 15415
12.023 15413
12.039 15407
12.039 15402
12.142 15388
12.143 15379
12.156 15377
12.157 15373
12.422 15371
12.629 15368
15.586 15367
15.589 15360
15.592 15334
19.286 15327
19.287 15325
19.452 15324
19.482 15316
19.516 15313
19.519 15305
19.525 15301
28.672 15297
28.704 15292
28.718 15291
31.786 15289
