0.015 170877
0.016 170766
0.017 169051
0.019 167063
0.019 166176
0.02 163577
0.022 162936
0.024 162663
0.025 161771
0.026 161714
0.027 160878
0.027 160697
0.028 160689
0.029 159466
0.03 159414
0.031 159411
0.032 159379
0.032 159343
0.033 159129
0.033 159016
0.034 158910
0.035 158487
0.036 157681
0.036 157669
0.037 157568
0.038 157444
0.04 155886
0.04 155857
0.042 155046
0.042 155022
0.044 154803
0.048 154513
0.049 154426
0.052 154404
0.052 154107
0.053 153669
0.054 153211
0.055 152513
0.056 152381
0.057 152281
0.06 152271
0.061 152163
0.062 151849
0.063 151720
0.066 151451
0.067 150714
0.068 150680
0.069 150609
0.071 150268
0.072 150202
0.073 150000
0.074 149697
0.075 149606
0.076 149441
0.081 149436
0.081 149435
0.083 149318
0.085 149193
0.088 149182
0.09 149124
0.095 148959
0.096 148892
0.098 148402
0.099 148052
0.102 147876
0.103 147795
0.104 147686
0.106 147658
0.11 147575
0.112 147320
0.113 147277
0.115 146976
0.115 146874
0.117 146768
0.124 146688
0.124 146640
0.127 146301
0.128 146236
0.13 146174
0.136 146032
0.137 145885
0.138 145830
0.139 145809
0.143 145673
0.153 145657
0.153 145644
0.156 145623
0.156 145532
0.157 145531
0.159 145405
0.159 145280
0.16 145269
0.167 145231
0.17 145178
0.176 145134
0.177 145046
0.178 144904
0.179 144849
0.18 144819
0.181 144759
0.184 144731
0.186 144495
0.188 144460
0.189 144256
0.191 144199
0.195 144136
0.204 144084
0.225 144057
0.232 144042
0.234 144035
0.238 143922
0.239 143840
0.246 143824
0.254 143729
0.258 143639
0.261 143625
0.263 143472
0.265 143459
0.274 143433
0.276 143393
0.279 143356
0.281 143327
0.312 143313
0.321 143274
0.327 143192
0.329 143123
0.333 142992
0.334 142832
0.335 142786
0.337 142782
0.344 142641
0.345 142516
0.345 142498
0.351 142479
0.372 142467
0.379 142207
0.379 142191
0.381 142178
0.4 142177
0.403 142167
0.404 142147
0.416 142141
0.5 142088
0.507 141986
0.507 141968
0.514 141936
0.516 141830
0.517 141821
0.522 141817
0.53 141794
0.57 141698
0.571 141677
0.576 141631
0.578 141580
0.58 141543
0.584 141431
0.586 141411
0.588 141389
0.615 141322
0.617 141112
0.619 141109
0.622 140988
0.625 140981
0.629 140980
0.634 140968
0.638 140925
0.64 140893
0.641 140833
0.67 140831
0.672 140777
0.681 140695
0.697 140605
0.697 140601
0.698 140595
0.7 140507
0.702 140411
0.702 140389
0.704 140388
0.711 140337
0.712 140295
0.713 140286
0.714 140274
0.716 140250
0.718 140227
0.718 140214
0.76 140136
0.761 140117
0.767 140100
0.771 140054
0.775 140050
0.776 139987
0.85 139959
0.899 139957
1.019 139918
1.032 139723
1.044 139696
1.044 139661
1.049 139620
1.053 139602
1.054 139532
1.064 139479
1.065 139465
1.076 139447
1.09 139444
1.092 139411
1.094 139409
1.113 139388
1.113 139386
1.127 139385
1.127 139355
1.128 139351
1.131 139345
1.136 139341
1.136 139329
1.138 139319
1.143 139313
1.159 139298
1.16 139291
1.218 139275
1.244 139236
1.246 139234
1.253 139229
1.333 139197
1.341 139187
1.345 139166
1.35 139094
1.355 139085
1.358 139084
1.407 139054
1.408 139029
1.451 139023
1.545 139010
1.546 138990
1.55 138986
1.568 138967
2.125 138965
2.128 138962
2.143 138935
2.183 138916
2.184 138876
2.188 138872
2.197 138857
2.198 138832
2.199 138828
2.207 138802
2.21 138798
2.25 138790
2.251 138782
2.251 138775
2.252 138773
2.254 138769
2.256 138765
2.267 138759
2.273 138726
2.303 138701
2.353 138698
2.353 138660
2.369 138657
2.37 138655
2.379 138642
2.38 138631
2.381 138591
2.387 138556
2.397 138551
2.424 138377
2.509 138371
2.512 138367
2.518 138352
2.529 138332
2.595 138329
2.598 138309
2.639 138267
2.641 138240
2.642 138228
2.647 138201
2.66 138114
2.678 138112
2.68 138098
2.682 138097
2.696 138062
3.414 138011
3.418 138000
3.427 137999
3.855 137986
3.863 137977
3.865 137965
3.876 137932
4.173 137910
4.182 137899
4.211 137884
4.246 137821
4.25 137815
4.254 137813
4.276 137785
4.869 137739
4.995 137724
5.013 137720
5.016 137718
5.026 137708
5.036 137659
5.31 137649
5.465 137632
5.698 137595
5.699 137565
5.708 137540
5.715 137529
5.766 137521
5.769 137497
5.881 137493
6.281 137482
6.285 137470
6.289 137467
6.294 137465
6.657 137456
6.665 137453
6.682 137418
6.786 137417
6.79 137395
6.791 137384
6.851 137382
7.165 137353
7.364 137352
7.697 137343
7.743 137339
7.743 137327
7.748 137321
7.806 137314
7.812 137307
8.026 137302
8.029 137291
8.039 137284
8.102 137276
8.124 137263
8.129 137259
8.365 137257
8.39 137240
8.423 137221
8.815 137218
8.82 137207
8.846 137199
8.856 137198
8.863 137197
8.865 137188
8.867 137152
8.879 137126
8.92 137125
8.942 137109
8.946 137088
11.83 137087
11.929 137065
11.957 137047
11.978 137018
11.983 137002
12.013 137001
12.614 136989
12.632 136986
12.653 136979
12.653 136973
12.664 136971
12.744 136969
12.748 136967
12.789 136949
12.8 136944
12.876 136941
12.888 136931
12.991 136925
12.996 136915
13.051 136914
13.072 136910
13.077 136909
13.099 136900
13.187 136890
13.232 136887
13.237 136876
13.247 136875
13.257 136858
13.258 136856
13.39 136855
14.434 136784
14.434 136782
14.507 136736
14.707 136727
14.708 136714
14.72 136713
15.987 136708
15.989 136707
16.089 136705
16.096 136697
16.124 136692
16.124 136690
16.141 136688
16.258 136678
16.464 136667
16.464 136665
16.467 136663
16.484 136661
16.514 136656
16.773 136655
18.258 136635
18.313 136621
18.409 136607
18.813 136592
18.896 136590
18.943 136588
20.465 136586
22.141 136568
22.168 136567
22.185 136555
22.203 136554
22.212 136547
22.213 136530
22.223 136515
22.236 136512
22.282 136511
22.312 136486
22.453 136479
22.478 136478
22.48 136476
22.549 136475
24.09 136467
24.09 136465
24.095 136464
24.174 136463
24.249 136458
24.254 136442
24.338 136440
27.078 136438
27.087 136437
27.143 136435
27.184 136433
27.197 136431
28.016 136430
28.324 136428
28.655 136421
28.662 136419
