0.013 32095
0.014 31988
0.014 31801
0.014 31368
0.015 31326
0.015 31318
0.016 31276
0.016 31234
0.017 31178
0.017 31169
0.017 31167
0.018 31133
0.018 31129
0.019 31113
0.022 31049
0.022 31046
0.022 31044
0.023 31037
0.024 31034
0.024 30982
0.027 30979
0.028 30931
0.028 30912
0.036 30811
0.037 30801
0.038 30734
0.04 30733
0.04 30642
0.041 30606
0.042 30559
0.043 30529
0.044 30522
0.051 30444
0.052 30410
0.055 30402
0.056 30392
0.056 30386
0.057 30373
0.059 30363
0.064 30349
0.064 30296
0.065 30293
0.066 30290
0.067 30245
0.077 30229
0.078 29901
0.08 29543
0.08 29505
0.081 29501
0.083 29481
0.083 29475
0.084 29455
0.087 29333
0.104 29325
0.11 29297
0.111 29261
0.111 29229
0.112 29211
0.114 29206
0.116 29186
0.125 29182
0.131 29180
0.137 29179
0.153 29167
0.155 29162
0.155 29161
0.156 29143
0.157 29104
0.158 28872
0.158 28836
0.159 28835
0.187 28834
0.191 28732
0.203 28640
0.203 28575
0.383 28500
0.384 28499
0.401 28464
0.426 28340
0.427 28309
0.45 28301
0.451 28280
0.481 28252
0.482 28251
0.482 28243
0.486 28218
0.778 28202
0.778 28184
1.092 28179
1.096 28172
1.096 28159
1.327 28145
1.874 28141
1.875 28132
1.875 28100
1.879 28088
3.338 28062
3.341 28028
3.352 28017
3.355 27993
3.356 27936
3.687 27930
3.697 27911
3.702 27907
3.704 27897
3.71 27891
3.872 27884
3.887 27876
3.897 27866
4.01 27840
4.016 27824
4.042 27817
4.045 27812
4.056 27809
5.196 27794
5.197 27779
5.2 27775
5.32 27739
5.323 27734
5.419 27730
5.42 27729
6.64 27727
6.647 27724
6.73 27721
6.73 27717
8.026 27706
11.054 27667
11.869 27665
11.87 27646
11.871 27644
11.889 27639
11.908 27638
11.909 27637
11.927 27623
11.992 27609
12.042 27608
14.898 27584
14.911 27579
14.915 27573
17.344 27572
17.374 27566
17.375 27555
18.002 27546
18.156 27514
18.157 27512
18.297 27511
18.325 27508
18.347 27505
18.664 27504
18.737 27499
20.067 27478
20.074 27477
26.152 27474
26.242 27471
