0.016 169878
0.018 169008
0.018 168495
0.019 168154
0.02 167849
0.021 167836
0.022 167625
0.024 167406
0.025 166960
0.025 166054
0.026 165953
0.027 165617
0.028 164667
0.029 164618
0.031 164428
0.032 164108
0.033 162664
0.034 162618
0.034 162603
0.036 162482
0.036 162472
0.037 162276
0.038 162099
0.04 161163
0.04 161093
0.041 160201
0.041 159722
0.043 159176
0.044 158214
0.045 158045
0.045 158033
0.047 158022
0.048 158021
0.05 157944
0.051 157942
0.052 157096
0.055 155773
0.056 155739
0.057 155711
0.058 154984
0.059 154948
0.061 154909
0.064 154605
0.065 154357
0.065 153291
0.066 153242
0.068 153152
0.07 152382
0.07 152346
0.073 152208
0.074 152132
0.075 152070
0.077 151459
0.078 151448
0.08 151420
0.084 151369
0.088 151280
0.092 151274
0.093 151111
0.096 151101
0.096 151017
0.098 149921
0.099 149544
0.103 148703
0.104 148670
0.105 148589
0.106 148542
0.108 148511
0.109 148494
0.11 148339
0.111 148260
0.112 147705
0.114 147689
0.115 147550
0.121 147469
0.123 147455
0.124 147425
0.125 147314
0.126 147273
0.127 147243
0.128 147148
0.133 147015
0.134 146917
0.144 146868
0.147 146867
0.148 146854
0.162 145293
0.167 145251
0.17 145225
0.171 144975
0.177 144942
0.182 144906
0.183 144751
0.185 144737
0.186 144630
0.188 144605
0.189 143816
0.19 143777
0.191 143659
0.201 143657
0.202 143647
0.205 143539
0.205 143534
0.211 143503
0.217 143498
0.218 143497
0.279 143476
0.28 143456
0.283 143363
0.286 143326
0.301 143315
0.301 143311
0.304 143289
0.308 143244
0.309 143234
0.312 143224
0.318 143185
0.319 143184
0.321 143147
0.323 143138
0.323 143135
0.325 143013
0.327 142997
0.328 142990
0.33 142896
0.335 142636
0.336 142584
0.337 142583
0.338 142555
0.341 142553
0.342 142528
0.347 142500
0.352 142498
0.357 142456
0.361 142326
0.363 142236
0.363 142166
0.375 142032
0.376 141818
0.378 141764
0.379 141711
0.382 141617
0.385 141605
0.389 141557
0.393 141523
0.4 141499
0.401 141495
0.406 141494
0.426 141335
0.428 141319
0.428 141316
0.432 141298
0.45 141197
0.451 141181
0.452 141147
0.459 141069
0.462 141061
0.462 141056
0.464 141028
0.47 141024
0.478 140997
0.481 140888
0.482 140874
0.484 140838
0.52 140832
0.526 140820
0.527 140791
0.532 140768
0.542 140711
0.543 140697
0.547 140692
0.548 140670
0.551 140659
0.553 140615
0.611 140588
0.616 140586
0.617 140582
0.621 140563
0.623 140556
0.626 140555
0.634 140552
0.654 140517
0.659 140508
0.666 140399
0.673 140380
0.676 140364
0.687 140331
0.693 140276
0.694 140274
0.695 140251
0.7 140246
0.701 140245
0.704 140237
0.704 140235
0.705 140199
0.708 140191
0.713 140169
0.844 140160
0.846 140089
0.956 140007
0.961 139969
0.982 139879
0.983 139865
0.984 139850
0.997 139838
1.005 139834
1.007 139830
1.113 139808
1.116 139805
1.135 139788
1.138 139761
1.143 139740
1.144 139680
1.148 139676
1.152 139665
1.154 139653
1.155 139631
1.354 139622
1.356 139597
1.357 139588
1.373 139587
1.376 139560
1.388 139558
1.391 139542
1.395 139523
1.404 139521
1.409 139493
1.427 139463
1.65 139447
1.668 139436
1.677 139406
1.686 139402
1.686 139384
1.701 139327
1.745 139221
1.76 139214
1.762 139172
1.764 139143
1.829 139120
1.832 139117
1.832 139103
2.309 139054
2.31 139023
2.365 138998
2.405 138973
2.42 138970
2.421 138947
2.426 138943
2.485 138942
2.488 138910
2.498 138898
2.54 138853
2.542 138731
2.544 138717
2.71 138696
2.716 138694
2.717 138691
2.717 138661
2.726 138658
3.062 138657
3.086 138637
3.091 138633
3.161 138612
3.167 138606
3.183 138604
3.192 138593
3.552 138592
3.573 138537
3.577 138528
4.116 138519
4.126 138514
4.137 138489
4.154 138441
4.163 138428
4.175 138389
4.177 138380
4.179 138354
4.188 138352
4.197 138333
4.207 138320
4.208 138305
4.277 138285
4.333 138274
4.501 138243
4.517 138200
4.523 138184
4.531 138175
4.567 138144
4.571 138141
4.571 138139
4.584 138112
4.585 138088
4.643 138071
4.762 138018
4.784 138016
4.791 138013
4.792 138010
4.796 137976
4.796 137955
4.876 137948
4.88 137909
4.885 137907
4.896 137875
4.899 137874
4.938 137870
4.94 137861
4.968 137857
4.973 137783
5.018 137776
5.038 137739
5.074 137697
5.078 137690
5.124 137671
5.137 137669
5.172 137657
5.174 137650
5.433 137557
5.435 137543
5.51 137527
9.344 137522
9.959 137491
9.971 137477
9.977 137469
9.991 137463
10.142 137457
10.143 137454
10.144 137445
10.155 137425
10.156 137409
10.238 137397
10.249 137391
10.263 137386
10.275 137382
10.307 137363
11.195 137354
11.898 137334
11.921 137323
11.922 137317
11.923 137308
11.928 137297
11.938 137296
11.971 137289
12.013 137270
12.023 137264
12.216 137262
12.222 137261
12.224 137258
12.23 137252
12.23 137236
12.232 137216
12.246 137214
12.25 137207
12.271 137203
12.273 137202
12.289 137199
12.338 137162
12.339 137156
12.342 137151
12.366 137147
12.369 137145
12.388 137144
12.458 137134
12.459 137126
13.416 137110
13.429 137086
13.466 137080
13.467 137067
13.652 137052
13.757 137041
13.784 137040
13.798 137020
13.799 137018
13.805 136985
13.806 136983
13.818 136980
13.827 136976
13.986 136969
13.992 136956
13.999 136951
14.007 136945
14.03 136942
14.226 136940
14.661 136914
14.666 136913
14.667 136894
14.668 136883
14.701 136878
14.84 136857
14.848 136814
14.937 136796
14.938 136789
14.944 136776
14.948 136770
15.027 136758
15.123 136743
15.776 136742
15.919 136735
15.927 136728
15.967 136712
16.071 136711
16.123 136697
16.126 136696
16.149 136694
17.863 136686
17.868 136661
17.878 136646
17.896 136642
17.928 136640
18.157 136621
18.157 136620
18.177 136612
18.184 136600
18.214 136585
18.229 136574
18.494 136530
18.495 136513
18.57 136502
18.597 136492
18.644 136483
18.708 136478
18.745 136470
18.766 136466
18.79 136461
18.839 136459
19.051 136453
19.133 136451
19.134 136446
23.318 136445
23.745 136443
24.068 136439
24.136 136420
24.544 136419
24.845 136418
25.05 136415
25.097 136401
25.174 136400
