0.016 54721
0.017 54638
0.017 54608
0.018 54249
0.019 53956
0.019 53639
0.02 53619
0.02 53614
0.02 53610
0.021 53575
0.021 53546
0.022 53509
0.023 53434
0.023 53432
0.024 53371
0.024 53352
0.029 53331
0.032 53199
0.032 53183
0.033 53085
0.035 52697
0.035 52680
0.036 52665
0.036 52654
0.038 52539
0.038 52538
0.039 52459
0.039 52437
0.04 52358
0.041 52356
0.041 52340
0.042 52323
0.042 52316
0.043 52293
0.045 52270
0.046 52268
0.047 52253
0.047 52228
0.047 52221
0.048 52211
0.049 52122
0.052 52107
0.052 52086
0.052 52071
0.053 52069
0.073 52026
0.094 51956
0.095 51929
0.096 51898
0.096 51891
0.096 51876
0.104 51853
0.104 51849
0.129 51815
0.13 51760
0.131 51743
0.131 51721
0.132 51695
0.135 51597
0.137 51528
0.137 51524
0.149 51511
0.162 51431
0.164 51419
0.277 51412
0.284 51397
0.286 51390
0.289 51348
0.334 51321
0.337 51319
0.338 51239
0.339 51218
0.34 51157
0.341 51141
0.349 51090
0.358 51082
0.768 51052
0.77 51018
0.787 51001
0.788 50959
0.788 50956
0.806 50933
0.812 50928
0.819 50876
0.824 50868
0.966 50865
1.038 50864
1.039 50861
1.039 50851
1.039 50816
1.076 50805
1.111 50780
1.112 50730
1.114 50725
1.115 50718
1.118 50716
1.119 50712
1.412 50709
1.709 50701
1.711 50681
1.812 50651
2.516 50645
2.518 50621
2.522 50609
2.53 50600
2.538 50577
2.54 50555
2.54 50550
2.54 50536
2.543 50519
2.621 50507
2.621 50463
2.623 50458
2.631 50400
2.653 50396
2.658 50381
2.686 50377
2.688 50375
2.689 50373
2.689 50365
2.689 50322
2.698 50300
2.699 50297
2.7 50284
2.703 50279
2.719 50267
4.421 50266
4.424 50250
4.427 50229
4.428 50227
4.435 50205
4.436 50198
6.942 50190
6.942 50189
6.943 50188
6.952 50184
6.954 50146
7.969 50134
7.97 50132
9.333 50105
9.338 50104
10.457 50098
10.459 50095
10.506 50090
10.506 50084
10.507 50083
10.508 50065
10.518 50062
10.519 50043
11.388 50031
11.421 50018
11.443 50014
11.444 49993
11.451 49987
11.451 49981
11.456 49974
11.459 49942
11.459 49933
11.459 49925
11.462 49923
12.243 49919
12.992 49905
13.459 49902
13.46 49896
13.462 49894
13.47 49883
13.472 49878
13.473 49875
13.73 49867
13.732 49847
13.734 49824
14.667 49806
14.667 49800
14.67 49798
14.712 49797
17.247 49795
17.34 49787
17.34 49781
17.398 49750
17.4 49745
18.041 49732
18.043 49726
18.046 49723
18.052 49717
18.055 49714
18.068 49704
18.085 49699
18.965 49694
19.055 49690
19.059 49689
19.073 49688
19.439 49664
19.44 49663
20.461 49656
20.479 49655
20.837 49651
22.085 49645
22.163 49643
22.166 49624
22.175 49623
22.177 49621
22.211 49601
22.225 49580
22.265 49574
22.291 49573
22.379 49571
26.564 49567
27.009 49559
27.042 49558
27.106 49554
27.122 49553
27.239 49552
27.241 49548
27.955 49544
28.963 49543
29.052 49541
30.508 49538
30.517 49536
30.571 49532
30.683 49528
30.825 49526
30.919 49525
31.011 49520
31.034 49517
31.05 49516
