0.016 56032
0.017 56024
0.017 56000
0.018 55405
0.019 55386
0.019 55356
0.02 55338
0.021 55314
0.021 54452
0.022 54179
0.023 54159
0.023 54154
0.023 54150
0.024 54148
0.025 54142
0.026 53989
0.026 53978
0.027 53926
0.028 53917
0.029 53780
0.029 53750
0.03 53718
0.03 53714
0.031 53616
0.035 53603
0.036 53511
0.037 53505
0.038 53406
0.04 53399
0.048 53396
0.05 53392
0.054 53379
0.055 53361
0.056 53355
0.056 53353
0.085 52431
0.089 52420
0.09 52348
0.09 52336
0.091 52330
0.153 52312
0.154 52310
0.158 52308
0.159 52302
0.194 52299
0.195 52287
0.197 52284
2.89 52283
3.628 52280
5.527 52273
7.167 52267
7.206 52242
7.209 52215
7.21 52214
7.21 52206
7.211 52196
7.237 52185
7.657 52183
7.66 52138
7.685 52107
11.695 52106
12.98 52092
12.983 52078
13.269 52074
13.273 52058
13.273 52057
13.287 52042
13.301 52040
13.303 52031
13.63 52019
17.051 52015
17.055 52014
17.083 52006
17.086 51996
18.726 51995
21.657 51993
21.662 51989
21.665 51985
21.666 51981
21.686 51980
21.687 51970
21.718 51960
21.719 51956
22.015 51952
22.018 51949
22.02 51932
22.021 51928
22.031 51926
22.047 51902
24.018 51899
24.019 51895
24.027 51881
24.03 51862
28.375 51861
28.378 51860
28.858 51859
29.202 51856
29.22 51846
29.228 51845
29.771 51844
29.787 51834
29.788 51832
32.632 51831
32.634 51828
32.639 51825
33.027 51818
37.062 51814
37.07 51809
37.076 51806
37.09 51805
37.095 51797
37.188 51796
39.083 51795
39.088 51789
39.121 51787
39.13 51784
39.193 51782
39.201 51781
40.639 51778
40.643 51776
40.647 51775
40.703 51774
41.952 51765
42.069 51764
47.036 51763
48.701 51762
48.703 51761
48.799 51758
48.811 51757
48.861 51756
49.098 51755
