0.026 52341
0.027 52325
0.027 52307
0.028 52162
0.028 52082
0.029 52068
0.029 52032
0.03 52009
0.03 52006
0.03 51982
0.031 51935
0.031 51906
0.032 51831
0.032 51827
0.034 51814
0.039 51719
0.039 51699
0.039 51697
0.04 51696
0.04 51676
0.041 51405
0.042 51400
0.043 51370
0.043 51364
0.044 51169
0.044 51131
0.044 51088
0.045 51084
0.047 50976
0.049 50951
0.051 50842
0.051 50814
0.052 50775
0.052 50744
0.053 50742
0.054 50721
0.055 50700
0.055 50666
0.06 50629
0.06 50605
0.071 50601
0.071 50407
0.072 49853
0.077 49846
0.077 49815
0.078 49808
0.08 49798
0.08 49792
0.099 49783
0.099 49772
0.1 49714
0.105 49151
0.106 49139
0.107 49104
0.117 49094
0.125 48989
0.125 48941
0.126 48940
0.128 48900
0.137 48890
0.137 48879
0.138 48853
0.139 48830
0.141 48815
0.141 48811
0.142 48800
0.142 48752
0.143 48716
0.144 48702
0.144 48678
0.173 47988
0.175 47980
0.176 47975
0.178 47961
0.179 47935
0.179 47885
0.18 47857
0.181 47704
0.183 47444
0.183 47385
0.184 47333
0.184 47302
0.192 47270
0.194 47223
0.195 47188
0.196 47127
0.22 46963
0.22 46958
0.221 46728
0.221 46721
0.224 46687
0.225 46641
0.225 46626
0.226 46602
0.241 46554
0.242 46519
0.243 46510
0.247 46487
0.249 46470
0.26 46464
0.26 46458
0.264 46437
0.281 46343
0.281 46328
0.282 46253
0.285 46195
0.285 46185
0.291 46182
0.296 46083
0.299 45915
0.302 45911
0.303 45910
0.308 45905
0.308 45898
0.309 45751
0.316 45665
0.317 45661
0.32 45646
0.32 45583
0.321 45553
0.321 45528
0.322 45490
0.322 45431
0.323 45430
0.324 45352
0.371 45347
0.372 45342
0.374 45329
0.376 45327
0.377 45318
0.379 45297
0.38 45252
0.403 45038
0.408 45034
0.41 45022
0.412 44991
0.414 44952
0.424 44878
0.425 44688
0.437 44681
0.444 44664
0.446 44641
0.446 44591
0.447 44580
0.458 44579
0.46 44522
0.519 44518
0.52 44516
0.521 44514
0.521 44504
0.522 44469
0.523 44456
0.524 44438
0.525 44431
0.526 44430
0.528 44417
0.531 44412
0.533 44399
0.534 44384
0.538 44375
0.538 44369
0.539 44357
0.539 44356
0.555 44333
0.556 44314
0.556 44283
0.558 44282
0.562 44275
0.563 44272
0.563 44246
0.564 44232
0.664 44226
0.664 44183
0.666 44182
0.667 44164
0.671 44143
0.714 44120
0.808 44116
0.808 44108
0.809 44095
0.848 44086
0.849 44043
0.953 44030
0.954 44029
0.958 44028
1.244 44018
1.246 43960
1.248 43953
1.249 43944
1.25 43942
1.251 43915
1.252 43900
1.252 43899
1.253 43896
1.254 43848
1.255 43823
1.255 43818
1.401 43809
1.402 43792
1.414 43790
1.415 43781
1.424 43773
1.426 43706
1.428 43682
1.429 43678
1.438 43677
1.44 43672
1.441 43671
1.67 43666
1.748 43654
1.749 43651
1.749 43630
1.75 43604
1.755 43597
1.755 43593
1.758 43524
1.776 43520
1.776 43465
1.781 43463
1.781 43434
1.889 43433
2.352 43406
2.978 43397
2.979 43378
2.981 43373
2.982 43371
2.982 43352
2.983 43346
3.022 43259
4.07 43257
4.07 43248
4.071 43229
4.072 43219
4.159 43205
4.227 43195
4.229 43190
4.231 43181
4.284 43169
4.752 43111
4.761 43106
4.764 43084
4.766 43052
4.778 43043
4.847 43039
4.852 43035
4.853 43034
5.945 43018
5.983 42981
5.983 42977
6.081 42970
8.09 42958
8.093 42952
9.334 42950
9.336 42935
10.016 42905
10.029 42891
10.033 42880
10.063 42879
10.065 42877
11.164 42875
11.168 42866
11.172 42833
11.173 42828
11.174 42823
11.175 42822
11.177 42810
11.178 42782
11.364 42773
11.39 42762
11.392 42749
12.708 42739
12.715 42724
12.719 42710
12.722 42709
12.738 42708
12.739 42697
12.759 42690
12.764 42674
13.17 42653
13.171 42628
13.176 42624
13.189 42618
13.373 42610
13.557 42602
13.589 42589
13.607 42585
13.645 42574
13.65 42572
13.669 42565
13.684 42558
13.701 42554
13.72 42548
13.725 42531
13.731 42527
14.702 42525
15.398 42524
15.42 42516
15.467 42514
15.468 42503
15.47 42502
15.487 42487
15.491 42479
15.492 42460
15.499 42448
15.511 42439
17.486 42434
17.56 42425
18.232 42414
18.232 42412
18.234 42402
18.235 42398
18.259 42396
18.26 42384
19.04 42383
19.453 42370
19.462 42361
20.925 42350
20.954 42345
20.957 42343
20.993 42339
21.521 42324
21.653 42319
21.788 42313
21.862 42299
21.881 42298
21.884 42294
21.886 42292
22.003 42282
22.025 42275
22.032 42274
22.455 42262
22.51 42240
22.528 42238
23.235 42223
28.004 42217
28.043 42214
28.052 42213
28.395 42207
28.467 42203
28.472 42202
28.607 42198
28.638 42190
28.722 42187
28.765 42186
28.86 42185
28.862 42184
28.877 42174
31.084 42159
31.119 42156
31.335 42155
31.345 42152
37.545 42151
37.55 42150
37.612 42145
