0.026 55425
0.027 55310
0.027 55308
0.027 55303
0.028 55286
0.028 55284
0.028 55262
0.029 55257
0.03 55220
0.03 55211
0.031 55200
0.031 55187
0.033 54573
0.033 54343
0.035 54270
0.036 54269
0.036 54199
0.037 54127
0.037 54121
0.038 54108
0.039 54073
0.039 54065
0.04 53508
0.04 53438
0.041 53436
0.042 53403
0.042 53366
0.043 53324
0.044 53213
0.045 53207
0.045 53196
0.045 53168
0.046 53162
0.046 53046
0.048 52942
0.05 52928
0.053 52896
0.053 52895
0.055 52892
0.057 52816
0.058 52713
0.058 52711
0.059 52708
0.065 52430
0.066 52420
0.068 52391
0.069 52382
0.07 52351
0.07 52334
0.071 52316
0.071 52307
0.071 52257
0.072 52255
0.072 52236
0.074 52205
0.077 52119
0.081 52114
0.082 52087
0.084 52073
0.085 52070
0.085 52051
0.086 52050
0.087 52047
0.087 51990
0.088 51989
0.091 51984
0.092 51971
0.092 51965
0.093 51917
0.094 51698
0.097 51687
0.098 51608
0.1 51550
0.1 51547
0.101 51542
0.101 51540
0.102 51534
0.106 51236
0.107 51215
0.108 51212
0.109 51207
0.11 51078
0.11 51071
0.112 51034
0.121 51033
0.122 51024
0.122 51022
0.123 50928
0.124 50927
0.126 50922
0.126 50896
0.127 50879
0.127 50709
0.128 50707
0.129 50706
0.133 50626
0.133 50605
0.134 50573
0.135 50513
0.136 50487
0.136 50445
0.137 50277
0.137 50272
0.138 50237
0.138 50236
0.139 50234
0.14 50161
0.14 50146
0.14 50032
0.141 50021
0.142 49973
0.142 49971
0.144 49932
0.145 49930
0.145 49920
0.146 49889
0.146 49839
0.147 49796
0.148 49711
0.148 49679
0.149 49665
0.15 49647
0.15 49638
0.151 49603
0.152 49566
0.153 49563
0.153 49544
0.154 49482
0.154 49444
0.154 49438
0.16 48878
0.161 48868
0.161 48867
0.162 48835
0.165 48811
0.166 48786
0.174 48754
0.175 48729
0.178 48549
0.226 48540
0.227 48538
0.227 48532
0.232 48505
0.233 48500
0.258 48401
0.259 48372
0.259 48333
0.261 48318
0.261 48246
0.262 48208
0.263 48184
0.265 48180
0.265 48149
0.266 48069
0.271 48068
0.272 47760
0.273 47750
0.274 47749
0.275 47731
0.281 47709
0.284 47653
0.285 47595
0.286 47475
0.286 47434
0.288 47423
0.292 47408
0.293 47373
0.293 47370
0.295 47356
0.296 47345
0.297 47344
0.297 47301
0.299 47279
0.299 47277
0.3 47260
0.302 47226
0.302 47204
0.302 47203
0.303 47169
0.304 47084
0.305 47073
0.305 47064
0.317 47060
0.318 46990
0.319 46989
0.321 46955
0.322 46948
0.323 46934
0.325 46925
0.325 46909
0.327 46889
0.331 46886
0.333 46762
0.339 46373
0.34 46369
0.341 46366
0.344 46358
0.346 46357
0.347 46342
0.348 46288
0.448 46280
0.45 46279
0.458 46278
0.461 46251
0.469 46250
0.471 46231
0.471 46222
0.472 46204
0.472 46197
0.476 46192
0.477 46189
0.491 46174
0.555 46026
0.556 45909
0.557 45833
0.557 45830
0.558 45807
0.564 45752
0.564 45742
0.565 45695
0.566 45674
0.567 45667
0.567 45659
0.57 45613
0.572 45588
0.572 45514
0.573 45502
0.593 45489
0.606 45481
0.607 45427
0.616 45423
0.617 45422
0.619 45412
0.622 45403
0.944 45397
0.958 45393
0.96 45388
0.96 45387
0.97 45369
0.97 45355
0.97 45348
0.988 45338
0.988 45336
0.989 45297
0.991 45290
0.996 45287
0.997 45271
1.003 45261
1.004 45252
4.087 45244
4.088 45231
4.089 45227
4.103 45222
4.104 45196
4.105 45194
4.112 45187
4.136 45183
4.136 45178
4.137 45172
6.27 45169
6.27 45151
6.271 45134
6.274 45129
6.276 45120
6.279 45115
6.284 45113
6.286 45081
8.306 45068
8.307 45063
8.339 45045
8.341 45032
8.342 45028
8.345 44975
8.352 44973
8.815 44970
8.816 44962
13.17 44952
13.436 44948
13.436 44935
13.438 44933
13.455 44922
13.456 44918
14.582 44903
14.587 44895
14.591 44894
14.6 44887
14.608 44877
14.63 44876
14.635 44856
14.636 44844
16.928 44814
16.93 44805
16.941 44794
17.014 44793
17.015 44781
17.023 44772
17.023 44771
17.035 44766
17.147 44763
17.412 44756
17.414 44744
17.42 44742
17.466 44734
17.467 44729
17.468 44705
17.516 44692
17.521 44688
21.794 44685
21.795 44683
21.813 44680
21.828 44661
21.872 44658
21.88 44646
22.714 44645
24.475 44634
24.481 44633
24.507 44628
24.619 44623
25.364 44617
25.375 44614
25.379 44607
25.379 44604
26.014 44602
26.047 44598
26.052 44597
26.916 44586
26.919 44585
27.177 44584
27.18 44582
27.285 44580
27.292 44567
27.314 44565
27.407 44564
27.442 44563
27.452 44562
27.486 44561
27.487 44554
27.899 44551
29.99 44545
29.996 44543
30.682 44540
31.398 44539
31.412 44537
31.44 44529
31.451 44522
31.484 44516
31.498 44514
31.672 44510
31.677 44507
34.096 44506
34.11 44499
34.181 44498
34.453 44495
34.563 44490
34.658 44488
34.668 44487
35.119 44486
35.142 44484
35.146 44483
35.15 44481
35.181 44478
35.189 44477
35.198 44476
35.2 44475
35.688 44469
35.826 44468
35.858 44467
35.86 44466
36.362 44464
36.407 44455
36.431 44452
41.035 44450
41.073 44442
41.094 44440
