0.034 81509
0.037 81507
0.041 81424
0.042 81412
0.044 81365
0.044 81341
0.048 81165
0.049 81163
0.053 81158
0.055 81137
0.056 81132
0.057 81130
0.058 81101
0.058 81096
0.068 81071
0.073 81069
0.086 81014
0.087 81010
0.088 80997
0.09 80985
0.094 80963
0.097 80959
0.099 80940
0.102 80937
0.103 80925
0.103 80924
0.142 80922
0.149 80920
0.152 80913
0.164 80893
0.171 80892
0.176 80890
0.178 80886
0.184 80877
0.189 80841
0.189 80828
0.205 80767
0.206 80766
0.207 80712
0.207 80711
0.208 80651
0.212 80644
0.214 80636
0.247 80584
0.248 80570
0.249 80564
0.252 80558
0.26 80557
0.263 80548
0.263 80545
0.265 80521
0.267 80489
0.281 80465
0.317 80460
0.32 80448
0.321 80447
0.325 80443
0.326 80436
0.328 80435
0.334 80417
0.335 80392
0.358 80374
0.358 80372
0.359 80353
0.359 80352
0.36 80351
0.361 80350
0.361 80347
0.364 80343
0.405 80331
0.412 80328
0.459 80320
0.469 80307
0.475 80301
0.479 80294
0.521 80290
0.811 80285
0.813 80271
0.853 80265
0.857 80264
0.858 80252
0.861 80239
0.864 80238
0.867 80231
0.869 80205
0.872 80204
0.876 80203
0.877 80178
2.018 80172
2.019 80169
2.027 80165
2.027 80160
2.102 80127
2.11 80117
2.187 80115
2.187 80106
2.251 80102
2.255 80101
2.257 80093
2.466 80089
2.468 80084
2.779 80083
2.804 80082
2.816 80081
2.817 80076
2.818 80071
2.821 80062
2.827 80060
2.827 80056
2.828 80053
2.829 80051
3.202 80049
3.203 80042
3.217 80036
3.218 80035
4.855 80026
4.868 79999
4.968 79997
5.549 79995
5.582 79990
5.583 79989
5.587 79981
5.601 79972
5.69 79971
5.693 79963
5.715 79956
5.717 79942
5.72 79932
5.72 79928
5.983 79908
6.796 79905
6.798 79892
6.943 79876
6.944 79875
6.944 79869
6.952 79864
6.956 79859
6.957 79855
6.958 79853
6.978 79845
6.992 79843
6.993 79841
7.049 79838
7.052 79836
7.076 79819
7.079 79812
8.09 79795
8.091 79793
8.092 79787
8.093 79786
8.106 79766
8.108 79747
8.121 79735
8.142 79708
8.212 79705
8.833 79701
8.835 79698
8.836 79693
10.909 79675
10.912 79671
10.953 79664
10.954 79659
10.954 79658
10.973 79652
10.975 79643
10.977 79634
10.98 79630
10.98 79628
10.981 79623
10.982 79617
10.983 79597
10.984 79595
10.985 79581
12.151 79574
12.152 79560
12.171 79555
12.184 79554
12.185 79544
12.226 79538
12.286 79530
12.288 79529
12.295 79527
12.335 79525
12.337 79523
12.34 79521
12.507 79515
12.512 79512
12.712 79510
12.717 79505
12.721 79493
12.725 79492
12.725 79490
12.728 79482
12.729 79476
12.73 79473
12.773 79472
13.184 79466
13.184 79465
13.186 79462
13.199 79460
13.2 79459
13.224 79457
13.226 79448
15.107 79445
15.131 79438
15.136 79437
15.164 79429
15.868 79415
15.875 79413
15.876 79409
15.885 79401
15.885 79399
15.897 79398
19.198 79395
19.2 79394
19.259 79391
19.283 79389
19.284 79388
19.315 79387
19.354 79381
19.399 79377
20.506 79366
20.729 79351
20.732 79349
20.735 79347
20.736 79346
20.742 79338
20.742 79324
20.753 79317
20.756 79313
20.768 79311
20.769 79308
20.775 79303
20.78 79302
20.785 79301
20.801 79299
20.805 79297
20.808 79291
21.874 79288
21.89 79276
21.891 79270
21.892 79258
21.908 79255
22.046 79252
22.049 79248
22.052 79244
22.053 79216
26.694 79201
27.155 79197
27.161 79195
27.224 79194
27.225 79193
31.377 79172
31.386 79171
32.438 79167
32.513 79166
32.519 79163
32.552 79161
32.57 79160
32.574 79154
32.583 79150
32.748 79148
35.153 79147
35.601 79144
36.141 79143
36.255 79139
36.339 79137
36.367 79135
36.408 79131
36.414 79129
39.139 79128
39.145 79125
39.156 79123
39.157 79122
39.225 79119
39.27 79115
39.289 79112
39.301 79110
39.405 79109
39.482 79107
39.495 79105
39.499 79104
39.584 79103
39.626 79101
39.778 79100
39.783 79099
41.241 79098
41.457 79096
41.596 79095
41.622 79094
