0.027 81258
0.028 81243
0.028 81236
0.029 81228
0.03 81215
0.031 81205
0.033 81204
0.034 81178
0.036 81169
0.036 81150
0.037 81124
0.037 81121
0.038 81065
0.039 81056
0.041 81055
0.042 81053
0.044 81049
0.047 80753
0.058 80751
0.066 80749
0.079 80724
0.089 80715
0.09 80703
0.091 80698
0.116 80692
0.117 80689
0.117 80677
0.119 80622
0.121 80612
0.124 80599
0.126 80597
0.126 80573
0.13 80571
0.3 80560
0.3 80559
0.3 80552
0.335 80544
0.339 80538
0.343 80533
0.343 80522
0.348 80515
0.353 80513
0.354 80498
0.358 80489
0.358 80488
0.361 80474
0.364 80472
0.367 80459
0.374 80452
0.374 80432
0.375 80427
0.39 80422
0.394 80417
0.396 80404
0.401 80402
0.51 80401
0.799 80397
0.801 80393
0.803 80385
0.804 80375
0.805 80365
0.805 80352
0.808 80337
0.809 80333
0.811 80322
1.068 80305
1.076 80298
1.087 80297
1.091 80293
1.099 80286
1.101 80284
1.102 80277
1.116 80272
1.128 80266
1.132 80262
1.148 80225
1.15 80216
1.15 80210
1.159 80192
1.16 80187
1.171 80174
1.174 80173
1.178 80172
1.202 80154
1.203 80143
1.204 80084
1.212 80072
1.551 80063
1.552 80056
1.556 80055
1.561 80046
1.565 80037
1.567 80032
1.569 80022
1.57 80021
1.573 80013
1.575 80006
1.611 79975
1.614 79963
1.624 79962
1.626 79952
1.628 79946
1.669 79944
1.676 79943
2.034 79942
2.036 79941
2.038 79933
2.039 79931
2.047 79927
2.048 79919
2.054 79914
2.059 79913
2.063 79907
2.279 79903
2.28 79900
2.283 79890
2.288 79870
3.168 79864
3.17 79855
3.172 79850
3.176 79840
3.185 79832
3.185 79831
3.186 79821
3.186 79818
3.416 79808
3.645 79796
3.649 79795
3.652 79788
3.658 79783
3.692 79781
3.783 79769
3.849 79759
3.871 79757
3.872 79753
5.417 79752
5.418 79741
5.422 79740
5.431 79737
5.434 79734
5.449 79710
5.505 79708
5.507 79705
6.065 79700
6.714 79699
6.718 79697
6.721 79690
6.723 79686
6.775 79680
6.775 79674
6.782 79667
7.381 79665
7.383 79659
7.383 79652
7.384 79650
7.574 79649
7.677 79643
7.69 79638
7.75 79627
7.751 79626
7.753 79625
7.762 79612
7.929 79606
8.588 79578
8.594 79546
8.595 79540
8.606 79526
8.607 79517
10.585 79504
11.382 79496
11.396 79488
11.397 79484
11.405 79477
11.407 79476
11.414 79472
11.416 79464
11.446 79460
11.447 79459
11.449 79456
11.603 79448
11.612 79447
15.178 79441
15.366 79430
15.379 79429
15.386 79425
15.389 79421
15.401 79420
20.547 79403
20.548 79401
26.774 79399
26.788 79398
26.788 79389
27.624 79386
27.636 79385
28.452 79383
28.626 79381
29.079 79366
29.091 79361
29.097 79354
29.71 79352
30.423 79351
30.463 79342
30.506 79340
30.508 79329
30.511 79327
30.665 79323
35.926 79319
36.215 79317
36.218 79316
36.436 79314
36.48 79312
36.516 79310
36.519 79309
36.531 79308
41.058 79303
41.059 79302
41.221 79301
41.235 79300
41.262 79299
41.295 79297
43.403 79294
44.902 79288
45.691 79285
45.73 79284
45.919 79282
