0.027 52249
0.027 52207
0.028 52178
0.028 52123
0.028 52103
0.028 52066
0.029 52050
0.03 52027
0.03 52025
0.031 51989
0.031 51981
0.033 51958
0.034 51950
0.035 51934
0.035 51916
0.036 51892
0.037 51821
0.037 51709
0.038 51693
0.038 51645
0.039 51610
0.04 51605
0.041 51595
0.043 51576
0.043 51573
0.044 51566
0.046 51531
0.046 51503
0.047 51492
0.047 51475
0.048 51411
0.049 51404
0.05 51171
0.051 51135
0.052 51083
0.052 51023
0.053 50991
0.056 50987
0.057 50820
0.078 50724
0.079 50712
0.079 50694
0.08 50655
0.081 50494
0.082 50272
0.083 50209
0.084 50070
0.085 50000
0.085 49997
0.085 49880
0.087 49852
0.092 49799
0.099 49745
0.101 49736
0.102 49608
0.102 49549
0.103 49522
0.104 49501
0.105 49490
0.105 49389
0.107 49267
0.107 49030
0.108 49020
0.108 48991
0.109 48941
0.11 48790
0.11 48787
0.111 48782
0.118 48757
0.119 48735
0.119 48713
0.119 48698
0.12 48689
0.123 48546
0.124 48422
0.125 48345
0.137 48308
0.138 48149
0.139 48132
0.139 48106
0.14 48085
0.141 48046
0.141 48042
0.143 47953
0.144 47929
0.144 47916
0.145 47911
0.146 47854
0.146 47850
0.147 47845
0.155 47831
0.157 47808
0.158 47797
0.159 47794
0.161 47778
0.161 47765
0.161 47762
0.168 47748
0.17 47730
0.17 47712
0.177 47708
0.179 47673
0.234 47658
0.247 47653
0.247 47631
0.281 47590
0.282 47472
0.282 47460
0.283 47450
0.284 47424
0.285 47417
0.288 47415
0.289 47411
0.289 47216
0.297 47186
0.298 47175
0.303 47090
0.305 47080
0.308 47019
0.311 47016
0.335 46965
0.335 46956
0.337 46927
0.338 46690
0.338 46676
0.339 46671
0.35 46643
0.35 46636
0.351 46510
0.352 46482
0.356 46479
0.373 46444
0.404 46440
0.405 46395
0.406 46385
0.409 46297
0.411 46236
0.413 46235
0.413 46230
0.414 46221
0.415 46214
0.416 46213
0.425 46187
0.428 46171
0.455 46166
0.464 46122
0.472 46064
0.473 46032
0.474 46024
0.475 45995
0.492 45980
0.492 45976
0.496 45973
0.497 45960
0.558 45955
0.56 45948
0.564 45929
0.564 45876
0.569 45846
0.573 45844
0.574 45810
0.575 45807
0.575 45798
0.576 45779
0.577 45767
0.577 45764
0.624 45760
0.625 45743
0.625 45740
0.626 45645
0.628 45633
0.63 45626
0.633 45596
0.634 45565
0.635 45551
0.68 45546
0.68 45530
0.681 45450
0.728 45291
0.731 45229
0.732 45203
0.732 45199
0.732 45198
0.734 45190
0.734 45174
0.738 45140
0.754 45132
0.755 45047
0.756 45011
0.757 45006
0.761 44991
0.762 44944
0.763 44942
0.763 44936
1.125 44887
1.127 44859
1.13 44842
1.13 44839
1.13 44836
1.131 44765
1.135 44761
1.136 44733
1.136 44620
1.138 44604
1.14 44577
1.142 44575
1.142 44547
1.152 44518
1.153 44498
1.153 44494
1.153 44482
1.223 44462
1.224 44442
1.228 44418
1.238 44410
1.239 44381
1.245 44349
1.246 44310
1.249 44306
1.25 44303
1.26 44302
1.261 44295
1.277 44275
1.287 44254
1.288 44244
1.29 44211
1.291 44177
1.294 44175
1.296 44152
1.296 44141
1.297 44136
1.297 44066
1.301 44045
1.302 44028
1.302 44022
1.303 43997
1.304 43893
1.311 43882
1.313 43880
1.313 43877
1.314 43875
1.324 43871
1.365 43850
1.365 43849
1.379 43839
1.38 43820
1.38 43811
1.382 43748
1.399 43728
1.401 43718
1.573 43704
1.573 43655
1.576 43631
1.76 43623
1.842 43618
2.186 43597
2.187 43587
2.203 43584
2.229 43560
2.254 43559
2.498 43480
2.499 43473
2.501 43447
2.506 43383
2.514 43380
2.529 43379
2.529 43338
2.53 43323
2.564 43322
2.568 43318
2.644 43313
4.27 43289
4.272 43288
5.381 43262
5.838 43260
5.838 43236
5.875 43199
5.882 43158
5.884 43156
6.106 43094
6.109 43073
6.116 43072
6.186 43062
6.186 43039
6.199 43030
6.2 43008
6.201 42966
6.203 42939
6.205 42926
6.206 42923
6.209 42919
7.135 42903
7.215 42902
7.227 42899
9.942 42891
9.958 42881
10.098 42877
10.114 42840
10.119 42818
10.128 42815
10.139 42802
10.441 42794
11.112 42789
11.12 42772
11.123 42770
11.129 42769
11.174 42748
11.297 42735
11.334 42721
11.344 42712
11.348 42703
11.638 42688
11.64 42669
16.361 42646
16.476 42637
16.479 42636
16.494 42634
16.509 42632
16.511 42627
16.588 42619
16.591 42615
16.592 42613
16.605 42610
16.724 42598
16.732 42596
16.74 42586
16.741 42582
16.771 42581
17.096 42566
17.097 42564
17.898 42553
18.062 42527
18.071 42498
18.072 42497
18.092 42491
18.098 42474
18.114 42471
18.257 42467
18.269 42464
18.271 42458
20.93 42449
20.973 42436
25.491 42435
25.525 42432
25.572 42429
25.579 42424
25.584 42423
25.676 42422
25.783 42421
25.816 42416
26.039 42410
26.04 42406
27.412 42400
27.521 42385
27.533 42381
27.564 42378
27.565 42377
27.589 42376
28.467 42373
28.483 42369
29.042 42368
29.049 42365
29.056 42364
29.115 42361
29.205 42358
29.22 42349
29.286 42338
29.286 42334
30.086 42331
30.166 42330
30.261 42329
30.348 42325
30.385 42321
30.42 42320
31.293 42302
31.35 42298
31.802 42295
31.881 42291
32.005 42290
32.047 42289
32.132 42288
32.179 42287
32.21 42282
32.217 42279
32.515 42271
32.652 42267
32.736 42266
32.89 42258
32.915 42255
32.915 42253
32.935 42252
34.076 42250
34.445 42249
34.633 42247
34.651 42233
34.996 42232
35.439 42231
35.47 42225
35.492 42216
35.814 42211
35.875 42203
