0.029 113746
0.032 113321
0.034 112560
0.035 112510
0.035 112377
0.039 111923
0.039 111785
0.041 111776
0.041 111775
0.042 111774
0.042 111761
0.043 111756
0.044 111267
0.045 111266
0.048 111263
0.048 111259
0.049 111244
0.05 111238
0.05 111217
0.05 111183
0.051 110814
0.053 110760
0.055 110748
0.056 110719
0.058 110718
0.06 110656
0.06 110628
0.06 110625
0.061 110620
0.061 110586
0.062 110584
0.064 110580
0.064 110568
0.065 110549
0.067 110504
0.071 110376
0.071 110338
0.074 110235
0.074 110232
0.075 110209
0.076 110206
0.077 110204
0.077 110130
0.078 110122
0.078 110118
0.092 110106
0.094 109936
0.095 109683
0.095 109677
0.095 109670
0.096 109668
0.096 109660
0.098 109575
0.102 109218
0.103 109213
0.104 109208
0.104 109207
0.104 109206
0.108 109087
0.108 109050
0.108 109030
0.109 109021
0.11 108924
0.114 108917
0.116 108912
0.116 108905
0.117 108831
0.118 108823
0.119 108817
0.12 108804
0.12 108802
0.121 108798
0.123 108756
0.131 108694
0.132 108648
0.134 108600
0.135 108551
0.135 108459
0.136 108455
0.137 108449
0.138 108253
0.14 108179
0.141 108165
0.142 108049
0.143 108039
0.145 107964
0.146 107960
0.147 107959
0.148 107934
0.148 107902
0.148 107900
0.149 107890
0.149 107882
0.15 107872
0.151 107871
0.151 107829
0.152 107771
0.153 107770
0.155 107690
0.155 107665
0.158 107243
0.162 107213
0.163 107205
0.164 107165
0.169 107152
0.169 107140
0.17 107124
0.17 107122
0.171 107121
0.172 107117
0.174 107110
0.175 107104
0.176 107096
0.178 107095
0.182 106854
0.183 106790
0.183 106787
0.183 106780
0.184 106771
0.184 106766
0.189 106762
0.19 106756
0.19 106754
0.197 106469
0.199 106431
0.201 106356
0.202 106345
0.206 106276
0.208 106275
0.21 106229
0.21 106223
0.212 106207
0.225 106173
0.226 106172
0.248 106105
0.249 106089
0.25 106079
0.25 106077
0.251 106074
0.251 106070
0.258 106069
0.259 106068
0.27 106010
0.274 105903
0.277 105688
0.278 105678
0.278 105674
0.278 105657
0.285 105640
0.288 105637
0.295 105582
0.296 105581
0.316 105564
0.318 105559
0.319 105543
0.319 105539
0.32 105535
0.32 105521
0.321 105516
0.322 105497
0.322 105495
0.323 105472
0.323 105467
0.325 105438
0.327 105430
0.328 105426
0.329 105422
0.329 105355
0.33 105261
0.331 105251
0.333 105248
0.335 105180
0.336 105158
0.338 105150
0.338 105136
0.339 105121
0.339 105116
0.339 105112
0.347 105106
0.349 105097
0.359 104898
0.359 104888
0.36 104837
0.36 104835
0.362 104830
0.363 104820
0.369 104817
0.37 104808
0.37 104801
0.371 104786
0.371 104785
0.373 104775
0.374 104757
0.393 104668
0.406 104581
0.406 104578
0.407 104574
0.409 104548
0.411 104545
0.416 104514
0.419 104497
0.42 104496
0.421 104490
0.421 104489
0.422 104482
0.425 104479
0.425 104442
0.428 104437
0.431 104372
0.432 104355
0.432 104352
0.433 104339
0.438 104329
0.461 104319
0.462 104305
0.467 104302
0.467 104301
0.468 104300
0.48 104229
0.484 104209
0.485 104207
0.487 104192
0.488 104191
0.489 104190
0.491 104177
0.491 104168
0.497 104161
0.499 104160
0.502 104079
0.503 104076
0.504 104026
0.505 104015
0.505 103996
0.568 103908
0.572 103885
0.572 103880
0.575 103847
0.575 103836
0.588 103808
0.594 103769
0.6 103737
0.601 103727
0.614 103713
0.624 103701
0.625 103675
0.629 103669
0.629 103668
0.63 103661
0.632 103655
0.639 103650
0.64 103613
0.64 103611
0.667 103592
0.668 103571
0.669 103569
0.67 103565
0.683 103531
0.684 103518
0.685 103472
0.686 103471
0.688 103454
0.69 103441
0.692 103413
0.693 103403
0.697 103374
0.698 103359
0.702 103179
0.704 103169
0.705 103130
0.706 103090
0.706 103089
0.707 103086
0.708 102960
0.709 102959
0.711 102958
0.712 102946
0.79 102891
0.791 102885
0.792 102881
0.798 102879
0.808 102878
0.837 102869
0.837 102852
0.838 102831
0.86 102827
0.864 102784
0.864 102783
0.866 102751
0.869 102748
0.87 102737
0.871 102638
0.871 102636
0.872 102630
0.872 102610
0.872 102609
0.873 102601
0.876 102600
0.905 102595
0.907 102590
0.909 102575
0.911 102563
0.912 102515
0.912 102456
0.915 102439
0.915 102432
0.915 102423
0.916 102422
0.919 102416
0.919 102415
0.92 102405
1.05 102383
1.052 102328
1.052 102327
1.058 102319
1.059 102314
1.059 102303
1.06 102300
1.06 102296
1.061 102283
1.061 102271
1.063 102267
1.073 102266
1.08 102263
1.08 102256
1.09 102251
1.092 102247
1.093 102239
1.104 102199
1.104 102180
1.105 102179
1.124 102177
1.147 102168
1.18 102136
1.182 102131
1.186 102114
1.191 102111
1.192 102109
1.194 102097
1.194 102089
1.195 102053
1.196 102044
1.2 102028
1.201 101945
1.202 101938
1.219 101897
1.22 101797
1.221 101782
1.222 101762
1.223 101757
1.224 101741
1.225 101735
1.225 101730
1.226 101720
1.237 101562
1.237 101555
1.239 101548
1.244 101545
1.303 101542
1.305 101476
1.311 101474
1.365 101442
1.369 101435
1.369 101430
1.37 101429
1.371 101419
1.372 101415
1.374 101410
1.375 101408
1.375 101400
1.376 101371
1.377 101356
1.38 101311
1.409 101299
1.423 101295
1.427 101281
1.43 101270
1.462 101267
1.463 101260
1.468 101256
1.472 101250
1.472 101237
1.516 101222
1.517 101214
1.518 101209
1.526 101200
1.526 101191
1.753 101113
1.753 101107
2.053 101098
2.053 101094
2.054 101093
2.064 101092
2.067 101082
2.07 101071
2.071 101070
2.075 101065
2.077 101060
2.078 101055
2.082 101051
2.154 101042
2.155 101030
2.156 100995
2.16 100986
2.162 100982
2.163 100980
2.171 100976
2.171 100973
2.327 100972
2.327 100971
2.332 100957
2.332 100954
2.348 100920
2.356 100904
2.357 100896
3.399 100892
3.404 100887
3.565 100867
3.565 100845
3.566 100838
3.568 100837
3.568 100821
3.569 100820
3.569 100817
3.573 100816
3.576 100815
3.822 100811
3.822 100788
3.825 100781
3.827 100776
3.844 100768
3.845 100757
3.846 100748
3.85 100747
3.863 100746
3.864 100743
3.864 100742
3.868 100721
3.872 100685
3.873 100684
3.874 100674
3.874 100670
3.875 100668
3.877 100665
3.878 100657
3.883 100634
3.892 100621
3.893 100618
3.896 100595
4.006 100578
4.007 100573
4.018 100559
4.019 100554
4.019 100549
4.021 100544
4.023 100525
4.024 100523
4.024 100520
4.263 100513
4.263 100509
4.265 100504
4.268 100491
4.334 100476
4.336 100473
4.341 100471
4.776 100465
5.166 100452
5.167 100450
5.169 100413
5.228 100412
5.255 100405
5.307 100403
5.371 100395
5.372 100383
5.372 100382
5.372 100364
5.373 100363
5.374 100362
5.377 100360
5.377 100347
5.387 100286
5.388 100274
5.388 100253
5.389 100236
5.404 100234
5.406 100223
5.406 100220
5.407 100216
5.41 100211
5.413 100181
5.414 100180
5.415 100175
5.416 100173
5.424 100169
5.425 100158
5.471 100154
5.471 100145
5.473 100072
5.474 100066
5.477 100065
5.478 100057
5.478 100051
5.481 100037
5.484 100023
5.558 100012
5.559 99981
5.56 99979
5.56 99974
5.562 99973
5.897 99962
5.898 99954
5.923 99950
5.926 99947
5.926 99928
5.93 99922
5.93 99919
5.932 99909
5.934 99905
5.946 99902
5.947 99890
6.804 99877
6.906 99858
6.906 99851
6.907 99833
6.908 99829
7.521 99817
7.527 99811
7.532 99789
7.533 99787
7.533 99785
7.538 99763
8.731 99748
8.733 99732
8.734 99720
8.753 99717
8.754 99716
8.756 99713
9.178 99707
9.184 99699
9.185 99698
9.191 99682
9.192 99679
9.194 99646
9.254 99635
9.264 99616
9.301 99605
9.301 99601
9.304 99585
9.309 99582
9.317 99580
9.318 99579
9.324 99576
9.326 99565
9.39 99560
9.397 99557
9.401 99556
9.401 99540
9.717 99536
9.748 99523
10.419 99511
13.257 99479
13.396 99473
13.409 99461
13.414 99446
13.419 99443
13.599 99436
13.694 99433
13.708 99420
13.71 99418
14.471 99409
14.472 99381
14.478 99353
14.48 99339
14.481 99338
14.52 99333
14.521 99331
14.535 99320
14.536 99312
14.537 99309
14.539 99302
15.21 99300
15.211 99299
15.212 99294
15.218 99292
15.22 99286
15.222 99285
15.273 99282
15.274 99280
15.282 99277
15.697 99270
15.698 99268
17.529 99266
17.532 99258
17.533 99250
17.536 99242
17.536 99237
17.538 99229
17.543 99227
17.55 99224
17.557 99209
17.561 99205
17.731 99200
17.741 99199
17.741 99196
17.743 99194
17.744 99193
17.747 99189
17.748 99187
17.755 99184
17.775 99175
17.775 99172
18.381 99167
18.39 99166
18.393 99165
18.403 99126
18.407 99125
18.411 99124
18.417 99120
18.421 99118
23.413 99106
23.414 99104
23.417 99103
23.418 99100
23.419 99098
23.421 99096
23.421 99094
23.433 99090
23.451 99079
27.375 99076
27.41 99073
27.413 99067
27.434 99066
27.444 99065
29.755 99058
29.787 99055
29.793 99051
29.798 99050
29.897 99049
29.901 99043
29.904 99042
29.931 99040
29.931 99038
29.932 99034
29.933 99030
29.938 99029
31.283 99026
31.283 99025
31.287 99022
31.291 99019
31.296 99018
31.311 99011
31.424 99005
31.431 99004
32.711 99003
32.794 99000
32.822 98998
32.832 98994
32.837 98978
32.891 98973
32.913 98970
32.933 98965
33.202 98959
33.211 98957
33.225 98954
36.413 98949
36.416 98948
36.416 98947
36.425 98944
37.289 98943
37.303 98942
37.33 98933
37.338 98932
37.341 98927
37.444 98925
37.446 98924
37.455 98923
37.496 98921
37.518 98920
37.526 98906
37.572 98903
37.584 98901
37.626 98898
37.628 98897
37.63 98894
37.634 98892
38.738 98890
38.768 98889
38.775 98873
39.332 98872
39.416 98868
39.437 98859
39.445 98858
39.451 98852
39.478 98851
39.695 98848
39.699 98835
39.708 98834
39.709 98828
39.717 98827
39.726 98822
39.728 98820
39.754 98819
39.76 98818
39.771 98817
39.807 98816
39.82 98811
39.822 98810
39.837 98809
39.868 98802
40.533 98801
40.634 98800
40.757 98798
40.814 98795
41.11 98792
41.182 98791
41.198 98790
41.232 98789
41.255 98786
41.297 98783
41.304 98782
