0.046 69730
0.046 69719
0.047 69715
0.047 69701
0.048 69686
0.048 69575
0.049 69548
0.049 69541
0.05 69536
0.05 69533
0.052 69503
0.052 69321
0.053 69141
0.053 69140
0.054 69134
0.054 69133
0.055 69112
0.056 69099
0.056 69087
0.057 68954
0.057 68899
0.057 68890
0.058 68884
0.058 68845
0.058 68837
0.058 68831
0.059 68777
0.06 68765
0.061 68739
0.062 68733
0.063 68703
0.063 68699
0.064 68685
0.065 68662
0.067 68654
0.068 68645
0.068 68644
0.071 68078
0.072 68074
0.072 68061
0.073 67823
0.074 67787
0.075 67667
0.076 67638
0.077 67448
0.078 67331
0.08 67300
0.099 67264
0.104 66950
0.106 66919
0.107 66791
0.109 66726
0.116 66686
0.117 66640
0.118 66536
0.118 66524
0.118 66515
0.119 66480
0.12 66273
0.124 66002
0.125 65951
0.126 65790
0.126 65782
0.129 65578
0.13 65566
0.135 65546
0.135 65543
0.142 65500
0.143 65218
0.145 65071
0.147 64984
0.147 64926
0.148 64876
0.149 64863
0.149 64852
0.151 64851
0.158 64822
0.16 64781
0.161 64775
0.161 64635
0.164 64621
0.172 64578
0.172 64572
0.173 64566
0.173 64556
0.174 64453
0.176 64433
0.177 64432
0.183 64403
0.185 64358
0.187 64347
0.189 64341
0.194 64335
0.219 64333
0.22 64319
0.221 64295
0.223 64276
0.224 64253
0.225 64243
0.23 64236
0.233 64092
0.239 64086
0.243 64085
0.246 64018
0.252 63999
0.252 63987
0.253 63976
0.298 63954
0.299 63951
0.299 63931
0.3 63923
0.3 63894
0.302 63775
0.308 63766
0.321 63764
0.322 63761
0.456 63758
0.457 63743
0.465 63741
0.472 63731
0.475 63715
0.476 63687
0.48 63681
0.486 63658
0.581 63561
0.617 63538
0.72 63512
0.723 63504
0.723 63451
0.724 63440
0.724 63431
0.732 63417
0.783 63361
0.784 63321
0.785 63307
0.788 63294
0.789 63286
0.79 63227
0.791 63217
0.793 63208
0.794 63202
0.874 63197
0.905 63171
0.909 63133
0.914 63132
1.022 63126
1.025 63042
1.026 62988
1.027 62966
1.31 62940
1.311 62929
1.311 62909
1.344 62826
1.345 62798
1.648 62797
1.655 62742
1.656 62706
1.676 62695
1.696 62694
1.738 62684
1.741 62653
1.744 62597
1.746 62569
2.017 62520
2.03 62517
2.032 62516
2.039 62477
2.043 62474
2.044 62445
2.046 62443
2.065 62435
2.081 62383
2.083 62370
2.083 62369
2.123 62318
2.808 62300
2.822 62275
2.839 62272
2.899 62258
2.901 62254
2.902 62164
2.903 62140
2.905 62136
2.906 62128
2.906 62123
2.909 62121
4.352 62104
4.366 62086
4.368 62075
11.409 62062
11.85 62058
11.852 62053
11.854 62051
11.854 62039
11.856 62026
11.857 61969
11.882 61955
11.887 61950
11.888 61933
11.888 61919
11.891 61907
11.891 61890
11.894 61837
11.895 61836
11.947 61823
11.962 61805
11.966 61783
12.34 61776
12.341 61757
12.344 61751
12.752 61719
12.786 61714
12.788 61711
14.982 61709
14.986 61652
14.986 61644
14.987 61636
14.988 61629
15.186 61624
15.187 61618
15.197 61608
15.199 61589
15.2 61586
15.202 61584
15.339 61525
15.403 61521
15.407 61514
15.409 61508
15.412 61504
15.412 61497
15.417 61496
15.429 61480
15.43 61479
15.951 61432
15.957 61428
15.963 61420
15.968 61419
15.97 61414
15.978 61412
15.978 61395
15.979 61393
16.191 61391
16.193 61387
16.199 61384
16.2 61379
16.296 61376
16.351 61375
16.587 61370
16.588 61366
16.589 61347
18.516 61336
18.516 61326
18.518 61317
18.519 61308
18.522 61305
18.528 61300
18.811 61284
18.813 61283
18.815 61264
18.816 61253
18.817 61251
18.819 61240
20.165 61231
20.172 61226
20.177 61225
20.178 61222
20.185 61220
20.189 61212
20.19 61204
20.195 61184
20.196 61179
20.199 61175
20.269 61169
20.387 61140
20.413 61138
20.417 61134
20.427 61118
20.428 61110
23.836 61108
24.028 61097
24.149 61094
24.15 61088
24.151 61077
24.162 61076
26.385 61075
26.927 61068
27.359 61058
27.36 61049
27.363 61038
27.363 61034
27.364 61013
27.365 61005
27.371 61003
27.383 61000
27.384 60998
27.384 60997
27.391 60987
27.392 60983
27.399 60977
27.499 60975
27.501 60966
28.78 60963
28.828 60954
32.187 60949
32.197 60947
32.202 60946
32.229 60933
32.235 60932
32.245 60931
32.255 60928
32.256 60927
32.263 60926
32.558 60921
32.571 60919
32.572 60914
32.585 60913
32.592 60912
32.596 60905
33.9 60904
33.926 60898
35.449 60897
35.994 60893
35.996 60892
36.028 60890
36.136 60888
36.14 60886
36.152 60884
36.159 60882
36.163 60881
36.558 60874
36.568 60872
36.57 60868
36.574 60863
36.723 60853
36.737 60852
36.815 60849
39.207 60847
39.207 60844
39.329 60843
39.864 60834
39.865 60829
39.875 60816
40.799 60815
41.434 60806
41.501 60805
41.507 60803
41.517 60800
41.519 60798
43.581 60796
43.629 60786
43.631 60785
43.656 60784
43.656 60781
43.691 60777
43.694 60767
46.04 60765
46.076 60762
46.148 60760
46.154 60759
