0.046 69648
0.047 69636
0.048 69613
0.048 69364
0.049 69351
0.049 68846
0.05 68839
0.051 68835
0.051 68795
0.053 68794
0.053 68785
0.054 68773
0.054 68673
0.055 68654
0.056 68262
0.056 68248
0.057 68174
0.057 68109
0.058 68083
0.058 68058
0.059 68048
0.059 68012
0.061 67995
0.063 67991
0.063 67985
0.063 67982
0.064 67972
0.066 67923
0.067 67870
0.068 67617
0.068 67599
0.069 67591
0.069 67561
0.07 67554
0.07 67545
0.071 67451
0.077 67069
0.078 66780
0.079 66659
0.08 66350
0.081 66334
0.081 66330
0.081 66327
0.084 66272
0.086 66249
0.088 66234
0.088 66233
0.094 65826
0.094 65822
0.095 65817
0.097 65803
0.1 65759
0.101 65743
0.107 65734
0.109 65724
0.11 65723
0.11 65719
0.111 65701
0.113 65697
0.113 65641
0.114 65639
0.114 65638
0.115 65636
0.115 65623
0.12 65567
0.12 65540
0.121 65515
0.121 65504
0.122 65502
0.122 65187
0.123 65147
0.125 65138
0.125 65013
0.154 64963
0.161 64939
0.166 64885
0.166 64877
0.167 64857
0.168 64842
0.168 64829
0.169 64750
0.169 64720
0.17 64704
0.171 64574
0.172 64566
0.192 64547
0.194 64518
0.196 64511
0.197 64507
0.203 64484
0.204 64479
0.206 64473
0.207 64408
0.211 64405
0.213 64389
0.223 64344
0.224 64337
0.227 64336
0.228 64331
0.23 64315
0.231 64290
0.231 64274
0.232 64252
0.232 64238
0.315 64203
0.317 64188
0.318 64156
0.319 64145
0.32 64039
0.321 63999
0.321 63977
0.322 63957
0.324 63955
0.366 63944
0.369 63939
0.37 63856
0.371 63852
0.372 63841
0.372 63840
0.373 63835
0.55 63819
0.557 63775
0.557 63771
0.587 63749
0.588 63733
0.591 63725
0.605 63718
0.619 63709
0.62 63707
0.62 63698
0.621 63678
0.654 63549
0.721 63510
0.722 63449
0.722 63445
0.723 63409
0.723 63342
0.725 63296
0.776 63276
0.786 63238
0.787 63236
0.787 63168
0.792 63161
0.793 63157
0.848 63156
0.853 63108
0.915 63074
0.938 63040
0.939 63002
0.94 63000
0.941 62982
0.941 62972
0.945 62924
0.987 62911
0.988 62910
0.991 62898
0.992 62893
0.993 62885
1.001 62875
1.004 62867
1.013 62837
1.017 62832
2.162 62792
2.163 62790
2.164 62759
3.672 62738
3.693 62722
3.694 62702
3.694 62697
3.695 62681
3.696 62666
5.393 62664
5.393 62652
5.708 62642
5.815 62632
5.868 62583
5.868 62582
5.869 62551
5.87 62538
6.178 62533
6.178 62531
6.548 62529
6.568 62525
6.62 62500
6.621 62497
6.627 62486
6.634 62477
6.637 62470
6.639 62435
6.64 62407
6.671 62400
6.672 62399
6.673 62398
6.68 62388
6.693 62359
6.696 62348
6.698 62309
6.7 62292
6.7 62265
6.702 62246
6.702 62216
6.703 62201
6.703 62158
6.705 62149
7.391 62143
7.393 62114
7.642 62091
7.643 62074
7.643 62073
7.65 62056
11.234 62044
11.922 62015
11.924 62010
11.927 62002
11.929 62001
11.929 61994
12.875 61982
12.876 61980
13.15 61977
13.151 61972
13.152 61971
13.155 61965
13.233 61952
13.235 61918
13.236 61898
13.24 61886
13.257 61873
13.647 61860
13.647 61849
13.996 61847
14.023 61834
14.029 61818
14.92 61815
15.409 61810
15.412 61806
15.426 61801
15.428 61796
15.43 61795
15.564 61780
15.575 61773
15.584 61771
15.591 61768
15.595 61758
17.959 61693
17.959 61684
17.96 61660
18.496 61645
18.498 61636
18.5 61625
18.519 61616
18.521 61613
18.522 61612
21.276 61611
21.281 61609
21.284 61601
21.289 61591
21.289 61583
21.293 61576
21.61 61571
21.61 61558
21.619 61553
21.62 61551
21.621 61536
21.622 61522
21.623 61521
21.627 61519
21.632 61502
21.636 61500
23.385 61496
23.385 61492
23.386 61473
23.387 61468
23.389 61456
23.392 61454
24.593 61450
25.336 61449
25.341 61432
25.343 61429
25.451 61426
25.453 61425
25.456 61412
27.709 61404
29.264 61399
30.247 61395
30.248 61389
30.249 61377
30.257 61367
30.267 61366
30.297 61363
30.309 61355
30.32 61352
30.333 61347
30.334 61345
30.653 61330
30.653 61319
30.656 61308
30.821 61305
30.828 61294
30.842 61293
30.856 61284
30.857 61281
30.869 61280
30.87 61277
30.89 61274
30.891 61264
32.169 61255
32.17 61247
32.175 61242
32.348 61229
34.341 61227
34.343 61226
34.351 61222
34.382 61217
34.404 61202
34.49 61198
34.494 61197
35.533 61196
35.557 61194
35.723 61180
35.732 61165
35.742 61160
37.576 61159
37.704 61152
37.729 61144
37.742 61139
37.746 61133
37.757 61122
38.082 61117
38.103 61116
38.113 61115
39.734 61113
39.737 61110
39.745 61107
39.818 61106
39.837 61103
39.852 61102
42.837 61101
42.972 61098
45.618 61092
