0.041 61934
0.041 61925
0.041 61911
0.042 61507
0.043 61184
0.043 61144
0.044 61061
0.044 61011
0.045 60967
0.045 60937
0.046 60897
0.046 60876
0.046 60835
0.047 60802
0.048 60798
0.048 60612
0.049 60592
0.05 60577
0.05 60553
0.051 60532
0.051 60512
0.051 60506
0.052 60476
0.053 60443
0.054 60366
0.056 60365
0.056 60340
0.058 60321
0.058 60291
0.059 60279
0.061 60260
0.07 60256
0.082 60247
0.084 60165
0.084 60141
0.085 60111
0.086 60077
0.088 60076
0.088 60069
0.089 60010
0.089 59971
0.09 59961
0.091 59956
0.095 59955
0.099 59947
0.103 59927
0.104 59915
0.113 59820
0.114 59585
0.115 59509
0.117 59486
0.118 59474
0.119 59417
0.12 59403
0.122 59384
0.124 59374
0.128 59350
0.128 59349
0.132 59346
0.132 59343
0.133 59341
0.134 59294
0.134 59265
0.137 59240
0.138 59226
0.139 59182
0.139 59176
0.14 59171
0.14 59140
0.141 59091
0.144 59080
0.145 59065
0.148 59025
0.158 59003
0.159 58990
0.161 58977
0.162 58954
0.163 58945
0.163 58907
0.167 58288
0.168 58258
0.168 58235
0.17 58228
0.171 58161
0.171 58133
0.172 58089
0.172 58083
0.172 57984
0.174 57903
0.174 57878
0.174 57836
0.175 57765
0.177 57758
0.177 57684
0.178 57674
0.179 57557
0.179 57530
0.18 57417
0.184 57414
0.185 57402
0.188 57361
0.189 57326
0.19 57233
0.19 57100
0.198 57090
0.2 57079
0.201 57046
0.203 56976
0.204 56974
0.205 56933
0.206 56899
0.213 56872
0.213 56870
0.229 56857
0.234 56674
0.234 56663
0.235 56655
0.235 56628
0.236 56612
0.237 56540
0.238 56532
0.239 56530
0.265 56516
0.267 56451
0.268 56448
0.284 56443
0.285 56411
0.292 56385
0.301 56349
0.344 56329
0.345 56326
0.349 56298
0.352 56293
0.417 56244
0.422 56201
0.423 56187
0.424 56173
0.425 56160
0.426 56158
0.429 56156
0.437 56145
0.439 56083
0.44 56080
0.44 56048
0.445 56000
0.446 55945
0.447 55933
0.451 55873
0.451 55862
0.452 55820
0.453 55796
0.454 55782
0.456 55752
0.458 55718
0.46 55683
0.463 55671
0.463 55670
0.464 55557
0.468 55531
0.47 55507
0.471 55460
0.472 55453
0.473 55447
0.476 55424
0.477 55422
0.478 55392
0.478 55391
0.484 55385
0.486 55380
0.536 55379
0.537 55378
0.538 55368
0.539 55353
0.542 55199
0.543 55159
0.543 55157
0.544 55130
0.556 55120
0.557 55108
0.558 55097
0.585 55074
0.586 55072
0.607 55010
0.608 55006
0.609 54859
0.612 54846
0.612 54834
0.613 54810
0.619 54788
0.619 54763
0.62 54702
0.621 54653
0.622 54598
0.625 54588
0.628 54586
0.628 54584
0.628 54571
0.636 54556
0.638 54539
0.64 54535
0.645 54409
0.704 54375
0.705 54300
0.706 54239
0.708 54173
0.745 54150
0.746 54087
0.747 54057
0.798 54036
0.798 54035
0.803 54031
0.804 54023
0.804 53908
0.818 53848
0.821 53797
0.821 53723
0.822 53686
0.822 53617
0.824 53261
0.856 53235
0.857 53230
0.858 53032
0.859 53002
0.86 52946
0.86 52904
0.861 52814
0.862 52811
0.863 52747
0.953 52717
0.968 52678
0.968 52667
0.969 52639
0.971 52568
0.973 52523
0.974 52443
0.975 52437
0.975 52434
1.006 52343
1.01 52328
1.011 52310
1.015 52303
1.015 52248
1.036 52209
1.037 52109
1.04 52096
1.041 52060
1.043 52053
1.164 52050
1.165 52045
1.165 52035
1.165 52027
1.17 52007
1.172 51998
1.214 51950
1.217 51909
1.218 51848
1.254 51836
1.258 51829
1.26 51827
1.261 51816
1.262 51813
1.383 51795
1.384 51789
1.386 51784
1.387 51754
1.388 51713
1.53 51667
1.687 51627
1.688 51573
1.688 51540
1.69 51536
1.694 51522
1.708 51496
1.711 51486
1.764 51300
1.765 51295
1.774 51276
1.775 51265
1.779 51260
1.781 51248
1.793 51233
1.795 51223
1.796 51205
1.797 51192
1.797 51161
1.797 51142
1.811 50522
1.812 50520
1.813 50512
1.836 50508
1.846 50506
1.847 50501
1.855 50464
1.863 50432
1.864 50396
1.864 50389
1.864 50375
1.94 50329
1.942 50311
1.943 50309
1.946 50268
2.091 50262
2.091 50249
2.092 50245
2.134 50183
2.141 50116
2.144 50054
2.308 50010
2.309 49994
2.31 49992
2.823 49931
2.825 49921
2.865 49910
3.019 49873
3.02 49866
3.052 49837
3.053 49820
3.053 49816
3.069 49749
3.07 49734
3.071 49723
3.282 49716
3.283 49677
3.307 49648
3.308 49621
3.33 49615
3.337 49610
3.387 49581
3.389 49552
3.392 49542
3.394 49527
3.395 49522
3.395 49512
3.399 49493
3.399 49471
3.536 49458
3.577 49445
3.577 49414
3.578 49403
3.666 49392
3.705 49379
3.706 49373
3.709 49350
3.712 49314
3.712 49302
3.724 49280
3.724 49268
3.727 49265
3.729 49248
3.822 49240
3.824 49220
3.825 49218
3.833 49206
3.835 49174
3.836 49157
3.885 49127
3.887 49124
3.888 49106
8.229 49092
8.231 49077
8.235 49074
8.237 49067
8.237 49060
8.435 49059
8.436 49056
8.437 49035
8.446 49013
8.447 49009
8.448 48992
8.451 48933
8.455 48929
8.462 48928
8.464 48907
8.499 48902
8.503 48899
10.623 48886
12.327 48847
12.328 48845
12.337 48837
13.768 48827
13.779 48807
13.779 48803
13.789 48788
14.096 48778
14.989 48765
14.989 48754
15.015 48739
15.016 48730
15.017 48721
15.025 48716
15.025 48697
15.036 48696
15.036 48694
15.04 48684
15.05 48672
15.062 48623
17.206 48616
17.208 48602
17.764 48598
17.765 48563
17.845 48561
17.861 48555
18.007 48552
18.008 48541
18.008 48527
18.748 48526
18.842 48506
18.873 48494
18.887 48491
21.195 48490
21.212 48465
21.213 48429
21.387 48420
21.471 48411
25.098 48409
25.12 48405
25.126 48403
25.127 48402
25.142 48389
25.252 48383
25.276 48380
25.277 48370
25.285 48366
25.291 48361
25.297 48359
25.3 48354
25.301 48353
25.302 48348
25.316 48347
25.319 48340
25.32 48336
25.331 48335
25.334 48329
25.335 48325
25.361 48321
25.362 48318
25.369 48308
25.378 48283
25.383 48282
25.401 48274
25.422 48266
25.423 48263
25.428 48259
25.453 48256
25.5 48247
25.512 48242
25.776 48225
25.785 48208
27.327 48204
27.441 48202
27.444 48199
27.452 48198
27.651 48193
28.167 48165
28.421 48159
28.423 48141
28.449 48139
28.449 48138
29.393 48133
31.065 48130
31.07 48121
31.07 48113
31.904 48111
31.909 48106
31.921 48105
32.331 48100
32.339 48097
33.359 48089
33.4 48087
33.418 48085
33.874 48084
33.888 48079
33.964 48070
34.185 48068
34.248 48065
34.269 48064
34.272 48063
34.284 48061
34.344 48057
34.366 48056
34.366 48055
34.493 48053
34.541 48040
34.701 48035
34.703 48034
34.706 48032
34.712 48030
34.724 48025
35.856 48012
35.867 48007
35.907 48004
35.908 47999
37.671 47995
37.842 47994
37.923 47991
37.937 47990
37.955 47973
37.955 47969
37.956 47968
37.959 47967
37.981 47964
37.99 47960
38.156 47957
38.161 47956
38.171 47952
38.182 47947
38.201 47940
38.507 47937
38.524 47934
40.034 47928
40.176 47927
40.201 47925
40.208 47920
40.439 47919
40.494 47915
40.865 47913
40.875 47911
