0.044 147814
0.045 147787
0.045 147752
0.046 147677
0.047 147623
0.047 147612
0.047 147608
0.048 147603
0.049 147500
0.05 147486
0.051 147421
0.051 147411
0.052 146948
0.053 146921
0.054 146877
0.054 145870
0.055 145857
0.055 145762
0.056 145749
0.058 145384
0.06 145242
0.061 145227
0.062 145164
0.063 145145
0.064 145143
0.065 144473
0.066 144472
0.066 144470
0.068 144259
0.069 143967
0.071 143851
0.072 143793
0.072 143208
0.074 143194
0.075 143036
0.075 143010
0.076 142821
0.076 142820
0.077 142768
0.078 142752
0.078 142671
0.079 142664
0.08 142068
0.08 142067
0.08 142042
0.081 141995
0.082 141874
0.083 141843
0.084 141741
0.085 141737
0.086 141735
0.092 141700
0.093 141658
0.095 140939
0.096 140923
0.096 140922
0.098 140745
0.1 139665
0.102 139269
0.102 139249
0.104 139237
0.106 138013
0.107 137933
0.111 137889
0.111 137859
0.12 137848
0.121 137809
0.122 137621
0.123 137615
0.124 137542
0.127 137363
0.128 137334
0.129 137254
0.13 137213
0.133 136418
0.136 135998
0.139 135929
0.141 135926
0.142 135773
0.143 135767
0.144 135662
0.148 135491
0.15 135465
0.15 135403
0.155 135387
0.159 135368
0.161 135333
0.165 135320
0.166 135315
0.166 135307
0.167 135267
0.171 134873
0.171 134804
0.173 134791
0.175 134765
0.176 134743
0.183 134667
0.184 134610
0.191 134608
0.192 134549
0.195 134523
0.197 134413
0.198 134369
0.198 134327
0.2 134200
0.2 134184
0.217 134177
0.219 134163
0.232 133996
0.232 133930
0.234 133788
0.235 133727
0.236 133572
0.239 133542
0.24 133452
0.246 133450
0.246 133442
0.247 133413
0.249 133389
0.25 133336
0.251 133177
0.258 133175
0.259 133054
0.282 133033
0.283 133003
0.284 132718
0.285 132402
0.286 132293
0.291 132213
0.292 131936
0.293 131917
0.296 131916
0.298 131861
0.298 131801
0.3 131793
0.3 131773
0.303 131769
0.303 131756
0.306 131751
0.309 131734
0.313 131720
0.315 131614
0.316 131521
0.317 131510
0.317 131502
0.322 131488
0.323 131315
0.324 131233
0.329 131218
0.349 131206
0.349 131179
0.35 131173
0.351 131160
0.352 131145
0.354 131108
0.356 131079
0.358 131056
0.358 131054
0.361 131048
0.362 131034
0.363 131002
0.363 131001
0.364 130998
0.366 130994
0.37 130953
0.371 130914
0.376 130808
0.377 130807
0.379 130775
0.38 130744
0.382 130648
0.397 130605
0.398 130566
0.399 130546
0.407 130518
0.41 130457
0.411 130448
0.411 130432
0.415 130394
0.418 130348
0.42 130243
0.42 130118
0.422 130110
0.468 130101
0.469 130035
0.471 130003
0.479 129995
0.48 129924
0.507 129921
0.508 129915
0.512 129903
0.526 129874
0.526 129867
0.528 129866
0.529 129855
0.546 129789
0.547 129788
0.552 129782
0.553 129774
0.557 129741
0.563 129740
0.574 129733
0.577 129732
0.579 129705
0.582 129698
0.583 129680
0.588 129629
0.592 129621
0.845 129599
0.848 129568
0.853 129558
0.942 129545
0.943 129534
0.944 129479
1.139 129476
1.139 129475
1.156 129456
1.159 129440
1.16 129435
1.166 129433
1.17 129428
1.174 129413
1.198 129345
1.21 129339
1.26 129277
1.269 129218
1.271 129203
1.28 128838
1.291 128831
1.293 128824
1.314 128791
1.314 128783
1.317 128772
1.321 128767
1.33 128736
1.331 128733
1.331 128730
1.332 128719
1.334 128713
1.335 128707
1.337 128685
1.338 128680
1.338 128668
1.38 128560
1.381 128555
1.383 128542
1.397 128456
1.416 128310
1.42 128276
1.421 128269
1.421 128258
1.428 128067
1.443 128061
1.444 128052
1.452 128042
1.456 128031
1.462 128029
1.469 128018
1.47 128003
1.471 127993
1.473 127922
1.482 127901
1.482 127874
1.484 127861
1.484 127855
1.49 127847
1.491 127791
1.516 127780
1.518 127773
1.519 127740
1.531 127730
1.531 127693
1.68 127661
1.685 127656
1.686 127545
1.686 127535
1.688 127534
1.695 127486
1.699 127479
1.701 127477
1.712 127445
1.713 127414
1.726 127386
1.727 127383
1.731 127358
1.738 127354
1.739 127351
1.752 127340
1.778 127321
1.779 127320
1.786 127319
1.79 127284
1.791 127256
1.792 127252
2.131 127178
2.139 127128
2.144 127125
2.171 127107
2.192 127093
2.202 127085
2.206 127080
2.209 127063
2.232 126997
2.233 126992
2.256 126959
2.263 126942
2.264 126936
2.3 126931
2.302 126913
2.308 126862
2.363 126857
2.371 126799
2.393 126787
2.394 126764
2.397 126740
2.4 126732
2.401 126724
2.402 126713
2.404 126705
2.407 126695
2.407 126689
2.409 126686
2.525 126679
2.532 126659
2.534 126638
2.535 126636
2.536 126619
2.54 126547
2.555 126530
2.56 126527
2.981 126500
3.002 126499
3.004 126492
3.005 126474
3.007 126471
3.008 126460
3.009 126428
3.015 126426
3.031 126420
3.543 126413
3.547 126409
3.549 126381
3.55 126362
3.564 126344
3.567 126337
3.646 126290
3.652 126254
3.657 126204
3.667 126185
3.667 126182
3.668 126159
3.697 126144
3.701 126143
3.716 126142
4.283 126136
4.29 126121
4.292 126097
4.307 126093
4.308 126088
4.309 126081
4.315 126080
4.315 126074
4.319 126071
4.348 126068
4.702 126055
4.704 126028
4.721 126014
4.722 126013
4.834 125968
4.835 125929
4.927 125902
4.931 125901
4.94 125892
4.953 125886
4.961 125878
4.967 125874
5.274 125827
6.093 125823
6.095 125797
6.116 125775
6.126 125759
6.13 125693
6.368 125689
6.599 125674
6.602 125661
6.606 125658
6.622 125635
6.632 125608
6.634 125601
12.371 125587
12.432 125584
12.432 125571
12.432 125560
12.434 125554
12.446 125550
12.447 125549
12.453 125546
12.457 125543
12.73 125527
12.755 125520
12.756 125510
12.757 125507
12.763 125506
12.907 125496
12.92 125487
12.946 125468
12.95 125458
12.958 125438
12.979 125436
12.989 125427
12.991 125425
13.001 125415
13.007 125412
13.015 125403
13.024 125399
13.028 125396
13.034 125391
13.035 125389
13.038 125385
13.041 125384
13.063 125383
13.085 125376
13.09 125375
13.118 125370
13.127 125369
13.143 125348
13.15 125347
13.176 125345
13.193 125336
13.9 125323
13.902 125296
13.948 125293
13.963 125290
14.161 125287
14.167 125274
14.205 125272
14.664 125254
14.666 125234
14.695 125203
14.71 125201
16.172 125198
16.775 125189
17.352 125175
17.358 125170
17.363 125169
17.735 125167
17.736 125137
17.744 125136
17.746 125113
17.781 125110
17.9 125109
17.901 125101
17.902 125067
17.955 125066
17.964 125064
17.987 125051
17.988 125045
17.998 125039
18 125020
18.001 125014
18.31 125006
18.313 124996
18.315 124991
18.344 124967
18.462 124957
18.463 124949
18.53 124944
18.536 124927
19.634 124917
20.112 124911
20.124 124908
20.276 124890
20.302 124879
20.353 124875
20.363 124871
20.37 124870
20.521 124867
20.557 124864
20.562 124863
20.564 124858
20.591 124850
20.601 124849
20.674 124843
20.898 124841
20.902 124834
20.908 124833
20.982 124831
20.986 124819
21.083 124814
21.086 124813
22.199 124805
22.211 124801
22.219 124792
22.32 124785
23.252 124777
23.294 124770
23.296 124766
23.331 124758
23.639 124751
23.671 124750
24.457 124744
24.468 124738
24.489 124737
24.515 124732
25.267 124701
25.296 124697
25.453 124695
25.546 124686
25.547 124682
25.586 124681
25.671 124678
25.976 124674
26.578 124672
26.614 124666
26.67 124655
26.792 124652
28.774 124651
28.797 124650
28.832 124648
28.856 124629
28.86 124618
29.052 124612
29.084 124610
29.167 124598
29.666 124597
29.668 124596
29.715 124594
29.787 124593
29.819 124588
29.872 124587
29.88 124586
30.049 124585
30.145 124584
30.634 124577
30.635 124574
30.66 124570
30.728 124567
30.73 124564
30.776 124562
30.823 124557
30.874 124555
30.88 124554
30.979 124540
31.493 124539
31.523 124536
31.539 124531
31.557 124530
31.571 124528
32.543 124527
32.589 124525
32.625 124524
32.661 124523
32.69 124522
34.686 124515
34.841 124514
34.857 124512
37.454 124511
37.457 124509
37.482 124505
37.49 124503
39.334 124496
39.407 124494
39.426 124491
