0.059 106287
0.06 106122
0.06 105824
0.061 105823
0.061 105819
0.062 105814
0.062 105792
0.063 105719
0.063 105690
0.064 105564
0.065 105556
0.066 105435
0.067 105266
0.067 105228
0.067 105218
0.068 105199
0.068 105154
0.07 105144
0.072 105143
0.072 105135
0.073 105128
0.074 105090
0.076 105008
0.077 104984
0.077 104974
0.078 104972
0.079 104971
0.079 104967
0.081 104959
0.082 104957
0.088 104869
0.089 104865
0.089 104857
0.091 104851
0.092 104834
0.092 104796
0.092 104792
0.093 104789
0.094 104713
0.101 104699
0.112 104650
0.115 104628
0.116 104623
0.117 104557
0.124 104376
0.125 104371
0.126 104369
0.128 104368
0.129 104364
0.13 104349
0.132 104331
0.134 104329
0.136 104323
0.139 104308
0.139 104298
0.139 104294
0.142 104292
0.143 103945
0.144 103921
0.145 103920
0.146 103889
0.147 103885
0.157 103861
0.158 103827
0.159 103816
0.16 103750
0.16 103742
0.163 103741
0.17 103727
0.17 103717
0.171 103707
0.201 103681
0.204 103667
0.205 103666
0.206 103653
0.209 103625
0.216 103520
0.218 103510
0.219 103484
0.222 103473
0.223 103255
0.224 103247
0.225 103242
0.227 103206
0.227 103205
0.228 103194
0.231 103191
0.237 103147
0.255 103097
0.256 103089
0.257 103088
0.267 103071
0.27 102903
0.271 102161
0.272 102159
0.272 102146
0.299 102105
0.3 102085
0.301 102084
0.302 102079
0.305 102066
0.307 101498
0.308 101494
0.316 101493
0.318 101484
0.32 101466
0.321 101459
0.322 101431
0.323 101375
0.327 101365
0.329 101357
0.329 101354
0.33 101348
0.334 101341
0.335 101305
0.335 101300
0.335 101277
0.339 101247
0.34 101246
0.343 101230
0.343 101227
0.343 101188
0.362 101171
0.363 101153
0.363 101145
0.364 101131
0.367 101130
0.396 101124
0.4 101113
0.474 101085
0.475 101076
0.478 101075
0.484 101070
0.484 101044
0.485 101043
0.487 101025
0.487 101019
0.488 100978
0.488 100977
0.489 100962
0.492 100951
0.497 100950
0.499 100942
0.5 100940
0.5 100934
0.501 100916
0.506 100907
0.507 100836
0.508 100831
0.557 100807
0.627 100796
0.628 100792
0.629 100782
0.629 100780
0.633 100741
0.636 100733
0.768 100715
0.773 100709
0.785 100677
1.075 100644
1.095 100629
1.096 100601
1.197 100582
1.197 100575
1.204 100567
1.204 100563
1.206 100508
1.206 100506
1.207 100402
1.208 100398
1.211 100392
1.223 100355
1.239 100349
1.247 100310
1.248 100305
1.249 100278
1.277 100267
1.298 100245
5.299 100243
5.314 100240
5.547 100232
5.548 100225
5.554 100216
5.554 100203
5.558 100200
6.596 100191
6.602 100176
6.606 100166
6.733 100159
6.733 100138
6.737 100136
6.745 100135
6.752 100125
6.758 100122
6.758 100097
6.759 100027
6.771 100025
6.775 100016
6.781 100006
8.98 100003
9.053 100000
9.054 99992
10.197 99977
10.206 99967
10.213 99966
10.214 99961
11.193 99893
11.653 99889
11.903 99834
11.914 99780
12.056 99766
12.059 99760
12.449 99754
12.457 99751
12.461 99746
12.463 99730
13.563 99726
13.574 99716
13.613 99712
13.613 99707
13.614 99687
13.887 99679
13.991 99651
14.581 99645
14.592 99633
14.629 99632
14.638 99631
14.639 99621
14.64 99600
14.757 99586
14.758 99564
14.781 99549
14.782 99548
14.787 99542
17.605 99531
17.611 99511
17.618 99501
17.62 99500
17.633 99488
17.635 99479
17.636 99477
18.862 99476
18.869 99462
19.235 99449
19.236 99447
19.472 99442
19.515 99441
19.521 99439
19.781 99430
19.783 99427
19.783 99424
19.859 99416
19.896 99407
19.9 99406
19.929 99405
19.939 99395
19.941 99391
20.031 99390
20.038 99389
20.06 99378
20.063 99375
20.064 99370
20.14 99366
20.143 99362
23.561 99358
23.674 99356
23.681 99354
23.713 99346
24.371 99338
24.417 99334
24.422 99330
24.424 99328
24.433 99325
24.443 99323
24.457 99313
25.68 99300
25.686 99285
25.689 99284
25.692 99280
25.737 99278
25.746 99277
26.55 99273
26.557 99272
26.56 99269
26.573 99262
26.593 99259
26.595 99253
26.597 99251
26.605 99250
26.617 99248
26.625 99238
26.631 99214
26.64 99209
27.851 99195
27.854 99181
27.898 99177
34.094 99174
34.102 99169
34.104 99161
34.158 99153
34.159 99148
34.171 99146
34.177 99135
34.195 99128
34.223 99122
34.23 99121
34.244 99115
34.252 99111
34.262 99110
34.298 99104
34.298 99093
34.728 99090
34.742 99089
34.744 99079
38.7 99056
38.71 99051
38.712 99048
38.714 99047
38.809 99045
38.814 99044
38.888 99039
38.891 99031
38.904 99028
39.72 99021
39.73 99011
39.77 99010
39.774 99009
39.833 98997
42.377 98989
42.385 98986
42.443 98985
42.455 98982
42.461 98981
42.569 98980
42.574 98978
42.58 98975
42.618 98970
44.584 98960
44.623 98954
