0.053 259137
0.054 259103
0.054 258977
0.055 258942
0.056 258091
0.057 258090
0.058 258082
0.059 257400
0.06 257363
0.061 256886
0.062 256626
0.062 256621
0.064 256136
0.065 256056
0.065 255923
0.067 255890
0.067 255861
0.068 255374
0.069 255367
0.07 254163
0.071 253942
0.072 253355
0.073 253348
0.074 252869
0.075 252751
0.076 251755
0.077 251668
0.078 251600
0.081 251504
0.082 251022
0.083 250467
0.085 250096
0.086 249877
0.087 249555
0.089 249258
0.089 248771
0.09 247306
0.091 246911
0.091 246907
0.093 246242
0.094 246143
0.096 245727
0.099 245545
0.099 245541
0.101 245262
0.103 245216
0.105 245211
0.105 245189
0.108 245106
0.109 244056
0.11 243862
0.111 242643
0.111 242638
0.113 241454
0.114 240084
0.116 239878
0.119 238862
0.122 238702
0.123 238472
0.125 237427
0.129 236989
0.133 236675
0.135 236574
0.147 236510
0.152 236501
0.153 236089
0.154 235627
0.156 235517
0.157 235017
0.157 234920
0.163 234816
0.163 234777
0.165 234770
0.165 234752
0.166 234733
0.166 234722
0.167 234698
0.17 234676
0.171 234635
0.177 234526
0.177 234520
0.178 234493
0.181 234476
0.185 234434
0.187 233729
0.187 233690
0.188 233584
0.192 232882
0.199 232739
0.2 231681
0.202 231571
0.203 231444
0.204 231402
0.206 231397
0.207 231325
0.208 231315
0.216 231313
0.218 231271
0.225 231254
0.227 231147
0.228 231143
0.23 231060
0.239 230771
0.244 230690
0.247 230678
0.249 230651
0.252 230638
0.255 230618
0.257 230611
0.261 230538
0.266 230492
0.267 230447
0.268 230328
0.269 230320
0.283 230275
0.285 230104
0.297 230035
0.299 229808
0.3 229796
0.301 229697
0.302 229547
0.304 229341
0.322 229264
0.331 229203
0.333 229077
0.334 229044
0.336 228989
0.337 228976
0.338 228958
0.35 228942
0.355 228829
0.358 228811
0.38 228808
0.381 228777
0.382 228772
0.382 228764
0.385 228722
0.386 228685
0.39 228678
0.393 228659
0.396 228627
0.404 228622
0.407 228592
0.408 228518
0.413 228515
0.415 228507
0.417 228482
0.421 228448
0.422 228432
0.445 228399
0.446 228398
0.448 228344
0.452 228244
0.457 228237
0.477 228214
0.486 228155
0.486 228141
0.49 228084
0.491 228001
0.492 227986
0.492 227957
0.494 227947
0.498 227892
0.498 227889
0.499 227887
0.5 227838
0.502 227808
0.507 227744
0.509 227729
0.51 227701
0.515 227671
0.518 227651
0.522 227636
0.529 227459
0.531 227452
0.534 227399
0.538 227379
0.569 227352
0.57 227348
0.667 227314
0.669 227299
0.677 227175
0.682 227072
0.684 227024
0.688 226978
0.732 226948
0.734 226944
0.736 226920
0.747 226909
0.75 226906
0.755 226881
0.761 226879
0.766 226875
0.775 226859
0.785 226855
0.806 226791
0.81 226789
0.824 226753
0.836 226748
0.837 226695
0.839 226610
0.841 226579
0.861 226578
0.862 226573
0.862 226560
0.864 226523
0.865 226522
0.867 226521
0.869 226514
0.871 226475
0.872 226473
0.891 226465
0.893 226454
0.915 226406
0.916 226375
0.918 226284
0.923 226275
0.926 226269
1.087 226259
1.088 226219
1.088 226215
1.103 226210
1.137 226201
1.138 226198
1.143 226180
1.143 226175
1.148 226115
1.15 226110
1.251 226103
1.28 226070
1.285 226034
1.289 225965
1.292 225960
1.293 225895
1.294 225869
1.297 225864
1.298 225859
1.298 225856
1.299 225839
1.3 225652
1.341 225593
1.355 225591
1.358 225588
1.358 225438
1.359 225397
1.362 225392
1.367 225388
1.379 225327
1.381 225319
1.382 225295
1.385 225288
1.389 225279
1.408 225162
1.409 225158
1.414 225054
1.416 225049
1.422 225046
1.424 225024
1.424 224972
1.656 224968
1.869 224909
1.872 224905
1.878 224895
1.883 224808
1.907 224805
2.207 224802
2.615 224781
2.616 224749
2.618 224721
2.619 224715
2.68 224673
2.681 224643
2.684 224640
2.688 224627
2.694 224625
2.698 224619
2.699 224608
2.707 224566
2.708 224553
2.713 224395
2.732 224304
2.74 224303
2.753 224291
2.786 224248
2.787 224233
2.788 224225
2.79 224218
2.799 224138
2.813 224073
2.814 224066
2.816 224008
2.817 224005
2.819 223982
2.822 223934
2.823 223903
2.834 223895
2.835 223891
2.84 223880
2.95 223845
3.131 223843
3.132 223808
3.133 223778
3.135 223753
3.146 223619
3.146 223614
3.147 223605
3.155 223593
3.236 223579
3.238 223576
3.239 223571
3.251 223562
3.253 223557
3.257 223494
3.341 223468
3.4 223452
3.404 223445
3.416 223439
3.425 223437
3.429 223418
3.432 223416
3.44 223415
3.44 223345
3.442 223330
3.446 223193
3.454 223183
3.566 223166
3.584 223147
3.705 223100
3.707 223099
3.714 223087
3.805 223062
3.806 223051
3.807 223050
3.812 223012
3.814 223009
3.901 223007
3.904 222995
3.907 222985
4.646 222964
4.646 222945
4.663 222943
5.318 222934
5.322 222903
5.373 222884
5.387 222818
5.389 222815
5.396 222814
5.401 222789
5.523 222784
5.523 222732
5.579 222690
5.583 222682
5.704 222665
5.711 222650
5.742 222616
5.792 222563
5.796 222539
5.806 222530
5.843 222529
5.853 222519
5.877 222507
5.878 222489
5.954 222451
6.108 222439
6.109 222435
6.113 222400
6.713 222393
6.748 222349
6.752 222348
6.768 222343
6.771 222331
7.457 222321
7.48 222320
7.489 222314
7.491 222309
7.507 222296
7.523 222286
7.524 222278
7.543 222276
7.546 222266
7.554 222218
7.589 222212
7.595 222185
7.596 222148
7.601 222096
7.661 222092
7.769 222085
7.8 222060
8.038 222035
8.421 222026
8.428 222023
8.431 222003
8.443 221987
8.453 221983
8.471 221977
8.493 221972
8.499 221963
8.5 221948
8.501 221933
8.789 221930
8.79 221917
8.81 221904
8.813 221901
8.846 221893
9.285 221882
9.288 221877
9.31 221858
9.316 221805
9.327 221801
9.97 221800
11.002 221794
11.172 221771
11.184 221768
11.199 221754
11.204 221750
11.213 221727
11.221 221726
11.302 221715
11.304 221709
11.68 221700
11.681 221691
11.683 221682
11.694 221662
12.606 221659
12.842 221629
12.858 221618
12.863 221580
12.869 221579
12.872 221574
12.883 221554
12.892 221507
12.897 221504
12.9 221503
12.99 221498
13.623 221492
13.625 221479
13.625 221465
13.635 221462
13.645 221454
13.689 221448
13.689 221435
13.69 221434
13.692 221422
13.693 221414
13.695 221383
13.696 221369
14.18 221356
14.181 221342
14.189 221303
14.196 221291
14.203 221277
14.246 221275
14.249 221253
14.251 221241
14.259 221237
14.266 221223
14.292 221220
14.303 221213
14.381 221195
14.789 221184
15.046 221163
15.049 221141
15.052 221134
15.12 221118
15.122 221105
15.127 221064
15.143 221059
15.184 221045
15.243 221030
15.254 221015
15.256 220984
15.257 220897
15.258 220895
15.265 220876
15.292 220870
16.653 220868
16.665 220863
16.694 220825
16.703 220819
16.705 220804
16.709 220803
16.74 220795
16.748 220793
16.754 220792
16.768 220791
16.778 220779
16.805 220777
17.26 220772
18.923 220763
18.924 220762
18.927 220721
18.939 220711
18.981 220709
18.982 220708
19.031 220695
19.034 220693
19.077 220688
19.083 220670
19.097 220664
19.107 220650
19.173 220631
19.182 220629
19.215 220620
19.34 220615
19.385 220590
19.416 220589
19.44 220565
19.453 220563
19.458 220542
19.458 220540
19.52 220539
19.522 220532
19.538 220512
19.553 220511
20.667 220510
20.868 220506
20.872 220501
20.886 220499
20.985 220498
20.985 220492
21.003 220487
21.025 220469
21.027 220464
21.325 220445
22.089 220443
22.1 220438
22.256 220435
22.268 220424
22.275 220418
22.286 220415
22.29 220411
22.412 220399
22.414 220396
22.515 220389
22.558 220383
22.565 220381
22.598 220380
22.601 220377
22.603 220376
22.613 220363
22.638 220360
25.457 220357
25.488 220349
25.493 220337
25.69 220329
25.764 220328
27.55 220299
27.551 220297
27.598 220295
27.62 220291
27.634 220289
27.682 220288
27.699 220279
27.703 220253
27.707 220252
27.714 220247
27.728 220241
27.749 220237
27.781 220232
27.809 220231
28.079 220227
28.202 220225
28.226 220215
28.271 220213
28.451 220210
28.475 220209
28.509 220203
28.561 220186
28.596 220176
28.622 220172
28.643 220155
28.68 220154
28.817 220150
28.827 220147
28.83 220135
30.046 220134
30.07 220130
30.208 220128
30.29 220127
30.353 220122
30.763 220118
30.837 220117
30.859 220115
30.867 220112
30.871 220103
30.885 220092
31.048 220087
31.08 220081
31.354 220072
32.044 220071
32.104 220061
32.331 220052
32.351 220043
32.393 220041
32.72 220038
32.727 220034
34.903 220028
34.91 220026
34.916 220020
34.924 220017
34.967 220008
35.125 220002
35.16 220001
35.2 219998
35.524 219995
35.587 219993
35.679 219989
35.692 219987
35.704 219977
35.841 219974
35.949 219969
38.236 219946
38.243 219945
38.268 219934
38.268 219933
38.32 219927
38.372 219920
38.429 219918
38.913 219917
39.165 219916
39.272 219909
