0.06 106134
0.06 106063
0.061 106052
0.062 105979
0.063 105975
0.063 105973
0.065 105915
0.065 105881
0.066 105868
0.067 105865
0.067 105850
0.067 105841
0.068 105835
0.068 105831
0.069 105829
0.069 105821
0.071 105814
0.072 105794
0.073 105782
0.073 105777
0.074 105417
0.075 105391
0.075 105390
0.076 105383
0.076 105351
0.077 105253
0.078 105250
0.078 105201
0.08 105127
0.081 105124
0.084 105114
0.084 104961
0.085 104960
0.085 104955
0.088 104924
0.09 104798
0.091 104760
0.091 104759
0.092 104310
0.093 104307
0.094 104306
0.094 104297
0.095 104288
0.095 104282
0.1 104160
0.101 104147
0.101 104139
0.102 104124
0.103 104114
0.104 104094
0.105 104073
0.108 104061
0.117 104060
0.118 104051
0.122 103935
0.123 103769
0.125 103765
0.127 103760
0.143 103744
0.148 103717
0.149 103667
0.15 103620
0.157 103614
0.158 103602
0.16 103597
0.163 103519
0.167 103465
0.169 103460
0.173 103380
0.178 103364
0.178 103360
0.179 103356
0.186 103339
0.187 103298
0.193 103293
0.195 103270
0.197 103268
0.197 103263
0.205 103262
0.264 103257
0.269 103237
0.274 103218
0.276 103216
0.277 103212
0.293 103198
0.338 103145
0.37 103087
0.375 103074
0.375 103059
0.377 103044
0.381 103040
0.383 103032
0.384 103031
0.388 103029
0.39 103023
0.391 103018
0.393 103012
0.394 103007
0.397 102998
0.4 102988
0.4 102977
0.401 102968
0.411 102967
0.412 102935
0.413 102901
0.414 102858
0.414 102857
0.417 102845
0.418 102805
0.433 102795
0.433 102789
0.559 102772
0.58 102766
0.58 102742
0.584 102740
0.584 102738
0.585 102709
0.59 102705
0.597 102702
0.599 102681
0.6 102680
0.601 102679
0.604 102666
0.605 102655
0.633 102654
0.634 102651
0.635 102650
0.64 102631
0.808 102630
0.809 102620
0.966 102618
0.966 102583
0.968 102570
0.969 102566
0.969 102408
1.004 102331
1.006 102327
1.012 102326
1.016 102296
1.023 102291
1.024 102247
1.025 102238
1.026 102235
1.028 102229
1.032 102206
1.033 102201
1.042 102190
1.05 102175
1.051 102158
1.055 102157
1.057 102152
1.057 102128
1.058 102090
1.059 102084
1.061 102074
1.062 102070
1.062 102065
1.063 102058
1.063 102056
1.066 102027
1.067 102002
1.068 101990
1.19 101772
1.19 101763
1.191 101757
1.193 101733
1.194 101724
1.194 101612
1.195 101609
1.195 101599
1.196 101528
1.197 101500
1.197 101491
1.199 101488
1.215 101485
1.216 101465
1.219 101449
1.231 101447
1.234 101389
1.237 101387
1.238 101288
1.239 101262
1.24 101236
1.245 101235
1.251 101087
1.251 101083
1.252 101068
1.256 100935
1.259 100894
1.412 100883
1.414 100865
1.414 100862
1.415 100861
1.416 100830
1.418 100818
1.419 100760
1.42 100752
1.429 100704
1.446 100703
1.446 100632
1.449 100630
1.453 100628
1.454 100611
1.455 100542
1.458 100525
1.459 100519
1.464 100515
1.464 100507
1.466 100491
2.758 100415
2.76 100361
2.763 100313
2.768 100299
8.361 100290
8.985 100283
8.987 100281
8.99 100274
8.992 100255
8.995 100243
9 100235
9.496 100197
9.497 100188
9.511 100182
9.513 100180
9.515 100171
9.516 100169
9.55 100168
9.561 100141
9.57 100125
9.571 100112
11.433 100108
11.433 100086
12.133 100085
12.203 100059
12.212 100044
12.215 100034
12.426 100033
12.428 100017
12.431 100016
12.473 99998
13.313 99900
13.315 99895
13.556 99892
13.556 99882
13.56 99879
13.564 99876
13.567 99872
20.014 99871
20.015 99858
20.017 99854
20.161 99846
20.164 99845
20.169 99828
20.252 99817
20.257 99816
20.816 99810
21.365 99803
21.415 99789
22.04 99772
22.041 99759
22.051 99753
22.052 99726
22.053 99716
22.055 99694
22.056 99693
22.059 99690
22.078 99684
22.191 99675
22.193 99671
22.196 99656
22.198 99646
24.011 99640
24.017 99635
24.07 99631
28.389 99619
28.473 99614
28.597 99606
28.61 99589
28.61 99581
28.613 99580
29.31 99579
29.337 99576
29.339 99574
29.447 99572
29.478 99559
29.497 99553
29.53 99551
29.531 99541
29.54 99534
30.125 99531
30.926 99507
30.966 99496
30.988 99493
31.003 99490
31.034 99477
31.426 99467
31.449 99442
31.452 99435
31.457 99434
31.471 99431
32.618 99430
32.62 99426
32.676 99422
32.701 99418
32.708 99413
32.712 99411
33.32 99410
33.624 99405
33.88 99402
33.884 99400
33.884 99398
33.904 99385
33.909 99384
33.916 99383
35.618 99375
35.62 99373
35.632 99371
35.64 99364
36.631 99349
36.648 99337
36.672 99334
36.68 99330
36.697 99323
36.715 99322
36.722 99312
37.104 99310
37.116 99308
37.12 99304
37.25 99303
37.285 99301
38.015 99294
38.049 99293
38.051 99291
38.384 99290
38.4 99289
38.487 99285
40.691 99283
40.818 99280
40.831 99279
40.886 99276
41.177 99267
41.188 99256
41.201 99251
41.202 99249
41.321 99242
41.333 99231
41.498 99229
41.504 99225
42.076 99224
42.091 99223
42.224 99219
42.246 99215
42.256 99211
42.264 99210
42.378 99209
42.418 99208
42.424 99205
42.902 99202
43.405 99197
43.478 99193
44.797 99191
46.559 99190
46.573 99186
47.932 99185
48.784 99182
48.862 99176
48.938 99173
48.959 99172
49.049 99170
49.083 99169
49.205 99167
49.31 99166
49.6 99151
49.605 99150
49.641 99148
49.649 99144
49.655 99138
49.671 99136
49.712 99134
49.718 99132
49.746 99131
49.785 99130
49.824 99129
49.864 99127
49.896 99126
49.904 99124
52.667 99123
52.708 99121
52.767 99118
52.808 99113
52.832 99112
52.851 99108
52.853 99103
52.876 99101
52.935 99100
52.962 99099
53.076 99093
53.315 99092
53.319 99091
