0.056 70203
0.057 70075
0.057 70072
0.058 70070
0.058 70058
0.059 70047
0.059 69998
0.06 69929
0.061 69538
0.061 69526
0.062 69521
0.062 69520
0.063 69475
0.064 69412
0.064 69396
0.065 69384
0.066 69381
0.067 69374
0.067 69357
0.07 68962
0.071 68935
0.071 68922
0.071 68919
0.073 68837
0.073 68824
0.074 68823
0.074 68822
0.076 68812
0.077 68793
0.077 68711
0.078 68691
0.08 68686
0.08 68652
0.081 68545
0.082 68531
0.086 68504
0.088 68503
0.089 68478
0.089 68462
0.103 68210
0.103 68181
0.103 68173
0.104 68159
0.107 68149
0.108 68023
0.108 68019
0.11 68014
0.113 68007
0.114 68005
0.114 67690
0.116 67645
0.119 67629
0.12 67610
0.12 67609
0.121 67595
0.125 67429
0.125 67423
0.126 67415
0.126 67408
0.127 67392
0.127 67391
0.127 67388
0.128 67352
0.129 67167
0.129 67163
0.13 66994
0.134 66971
0.135 66859
0.139 66849
0.139 66830
0.14 66825
0.141 66821
0.147 66768
0.148 66761
0.149 66752
0.15 66732
0.15 66699
0.151 66655
0.151 66650
0.153 66616
0.154 66614
0.154 66606
0.156 66599
0.162 66538
0.162 66533
0.167 66508
0.167 66501
0.168 66487
0.17 66480
0.17 66466
0.171 66370
0.174 66309
0.174 66303
0.175 66298
0.176 66251
0.186 66235
0.189 66229
0.19 66225
0.191 66213
0.193 66202
0.194 66161
0.197 66109
0.198 66086
0.199 65969
0.205 65900
0.21 65836
0.21 65804
0.211 65798
0.212 65753
0.213 65721
0.213 65716
0.214 65683
0.218 65676
0.24 65649
0.242 65621
0.255 65604
0.256 65561
0.257 65554
0.258 65541
0.258 65536
0.259 65504
0.26 65490
0.261 65465
0.27 65419
0.271 65403
0.271 65208
0.272 65195
0.273 65177
0.274 65159
0.286 65138
0.287 65129
0.293 65127
0.294 65092
0.294 65084
0.296 65069
0.301 65006
0.301 65000
0.302 64986
0.302 64980
0.303 64939
0.307 64938
0.308 64925
0.326 64898
0.332 64886
0.341 64873
0.342 64872
0.344 64866
0.345 64843
0.345 64841
0.346 64838
0.374 64797
0.38 64780
0.382 64690
0.383 64681
0.384 64660
0.385 64632
0.386 64607
0.387 64597
0.394 64594
0.4 64550
0.403 64537
0.404 64533
0.405 64527
0.407 64514
0.408 64512
0.408 64511
0.408 64504
0.415 64497
0.415 64475
0.416 64448
0.416 64431
0.427 64410
0.427 64399
0.429 64371
0.432 64328
0.433 64317
0.434 64279
0.438 64076
0.438 63914
0.447 63888
0.453 63885
0.454 63863
0.466 63852
0.467 63819
0.472 63792
0.475 63768
0.477 63763
0.477 63745
0.477 63730
0.479 63712
0.48 63663
0.482 63619
0.484 63592
0.485 63590
0.486 63547
0.488 63537
0.489 63507
0.56 63460
0.561 63420
0.562 63367
0.565 63338
0.566 63297
0.587 63218
0.588 63182
0.59 63159
0.59 63152
0.705 63138
0.705 63135
0.708 63128
0.715 63117
0.717 63105
0.718 63104
0.719 63088
0.721 63059
0.723 63058
0.724 63056
0.729 63046
0.73 63025
0.787 62987
0.789 62955
0.79 62947
0.79 62897
0.796 62889
0.807 62887
0.809 62828
0.811 62789
0.823 62788
0.824 62779
0.824 62773
0.826 62769
0.828 62719
0.829 62717
0.829 62691
0.83 62682
0.867 62681
0.868 62669
0.869 62667
0.876 62644
0.877 62617
1.19 62602
1.195 62590
1.196 62572
1.198 62557
1.202 62542
1.203 62518
1.204 62512
1.277 62439
1.278 62411
1.279 62408
1.296 62380
1.296 62377
1.302 62343
1.303 62313
1.304 62274
1.324 62234
1.327 62218
1.33 62214
1.331 62198
1.331 62175
1.337 62135
1.347 62128
1.373 62120
1.381 62103
1.383 62096
1.386 62093
1.397 62091
1.46 62087
1.462 62067
1.462 62055
1.497 62042
1.499 62033
1.502 62013
1.502 61990
1.513 61979
1.516 61970
1.535 61966
1.536 61929
1.547 61919
2.101 61890
2.101 61856
2.265 61840
2.266 61762
2.271 61713
2.286 61709
2.287 61706
2.288 61682
2.288 61670
2.332 61669
2.332 61637
2.335 61608
2.338 61601
2.339 61548
2.34 61536
2.342 61522
3.454 61518
3.456 61510
3.458 61469
3.459 61465
3.5 61460
3.502 61457
4.013 61450
4.017 61447
4.037 61441
4.049 61433
4.05 61428
4.057 61424
4.057 61417
4.189 61404
4.691 61383
4.692 61374
4.692 61356
4.693 61339
4.693 61295
4.694 61292
4.696 61274
4.697 61271
4.763 61264
4.867 61198
4.868 61175
4.874 61174
4.876 61170
4.877 61155
4.878 61133
4.88 61132
4.89 61097
4.9 61095
6.078 61087
6.118 61086
6.119 61067
6.12 61053
9.823 61041
9.92 61018
9.92 61017
9.927 60970
9.934 60967
9.934 60966
9.939 60958
9.945 60954
9.945 60883
9.947 60872
10.495 60869
10.51 60859
10.535 60857
10.679 60851
10.68 60837
10.681 60804
10.683 60793
10.684 60782
10.684 60781
10.685 60779
10.687 60761
10.698 60758
10.714 60750
10.715 60748
10.716 60743
10.718 60707
10.719 60700
10.722 60695
10.722 60684
10.722 60678
10.807 60649
10.809 60646
11.061 60644
11.097 60641
11.546 60620
11.547 60607
11.548 60605
11.561 60603
11.807 60588
11.809 60579
11.838 60570
11.846 60561
12.215 60551
12.222 60550
12.222 60525
13.101 60509
13.105 60503
13.106 60501
13.106 60498
13.117 60497
13.127 60492
13.128 60484
13.129 60447
16.327 60440
16.328 60435
16.329 60434
16.333 60425
16.335 60424
16.342 60417
16.343 60413
16.345 60408
16.404 60407
16.784 60405
16.785 60401
16.793 60370
16.8 60354
16.816 60331
16.816 60322
16.818 60308
16.824 60299
16.826 60294
16.827 60274
16.828 60273
16.829 60263
16.833 60259
16.846 60253
16.849 60252
16.852 60248
16.866 60247
16.994 60246
17 60239
17.005 60222
17.006 60221
17.006 60215
17.008 60204
19.406 60189
19.48 60165
19.486 60161
19.501 60151
19.506 60148
19.518 60143
19.531 60132
22.246 60129
22.246 60117
22.247 60101
22.251 60098
22.253 60097
22.253 60094
22.254 59981
22.354 59976
22.356 59974
23.511 59973
23.518 59963
23.528 59960
23.55 59959
23.554 59958
23.556 59947
23.558 59935
23.559 59933
23.61 59924
23.614 59922
23.614 59905
23.753 59899
23.772 59892
23.78 59888
23.785 59885
23.81 59883
23.814 59881
23.82 59877
23.822 59876
23.834 59875
23.858 59871
23.859 59864
24.268 59858
24.268 59857
24.282 59842
24.286 59837
24.289 59827
24.292 59823
24.296 59812
24.297 59807
24.582 59795
24.611 59790
28 59786
28.027 59772
28.037 59771
28.038 59768
28.059 59767
28.061 59765
28.221 59758
28.241 59752
29.565 59747
29.568 59744
29.571 59739
29.578 59736
29.609 59733
29.612 59732
29.613 59731
29.63 59726
29.631 59725
29.633 59723
29.705 59722
29.757 59718
29.861 59714
29.862 59702
29.865 59701
29.865 59699
29.873 59695
30.193 59692
30.197 59685
30.375 59672
30.381 59669
33.111 59664
33.123 59663
33.205 59656
33.239 59651
33.272 59645
33.277 59643
33.278 59642
33.749 59639
33.804 59637
33.81 59635
33.839 59632
33.861 59617
34.054 59611
34.063 59606
34.065 59605
34.077 59604
34.987 59603
35.292 59600
35.423 59595
35.431 59594
35.443 59591
35.497 59588
35.508 59576
35.623 59574
40.737 59573
40.772 59571
40.777 59569
42.06 59563
42.171 59561
42.19 59560
42.705 59559
44.837 59558
44.894 59553
44.912 59550
46.607 59543
46.677 59539
46.684 59538
46.747 59537
46.763 59536
