1.897 256659
1.898 256646
1.899 256640
1.9 256551
1.901 256513
1.903 256454
1.905 256342
1.905 256250
1.906 256245
1.907 256235
1.908 256168
1.909 256155
1.91 256141
1.911 256130
1.912 256080
1.912 256074
1.913 256069
1.914 256053
1.915 256050
1.916 255933
1.917 255848
1.919 255687
1.92 255680
1.921 255631
1.922 255629
1.923 255610
1.923 255608
1.924 255603
1.925 255594
1.929 255524
1.93 255523
1.931 255521
1.933 255520
1.933 255457
1.934 255445
1.935 255335
1.936 255247
1.938 255133
1.938 255132
1.939 255121
1.94 255052
1.941 255040
1.943 255016
1.945 254945
1.948 254921
1.949 254717
1.95 254655
1.951 254639
1.952 254578
1.953 254569
1.954 254516
1.955 254494
1.956 254479
1.957 254456
1.958 254389
1.959 254375
1.96 254329
1.961 254316
1.963 254221
1.964 254189
1.964 254168
1.965 254124
1.966 254112
1.967 253941
1.971 253672
1.974 253652
1.974 253640
1.975 253543
1.976 253542
1.978 253472
1.98 253432
1.981 253402
1.982 253399
1.983 253397
1.984 253371
1.986 253346
1.987 253341
1.99 253298
1.991 253292
1.993 253288
1.994 253282
1.997 253235
1.998 253178
2.001 253155
2.002 253118
2.003 253099
2.004 253071
2.006 253025
2.008 253000
2.009 252978
2.011 252973
2.012 252949
2.013 252947
2.017 252946
2.017 252935
2.019 252924
2.02 252834
2.022 252801
2.023 252795
2.023 252777
2.026 252709
2.027 252705
2.029 252695
2.031 252666
2.032 252579
2.055 252578
2.056 252569
2.058 252561
2.059 252553
2.061 252531
2.062 252530
2.062 252503
2.063 252469
2.064 252468
2.071 252453
2.073 252447
2.074 252394
2.075 252378
2.076 252327
2.078 252325
2.08 252234
2.081 252232
2.082 252231
2.085 252228
2.086 252206
2.087 252189
2.088 252169
2.089 252154
2.11 252067
2.112 252054
2.114 252005
2.116 251970
2.117 251955
2.119 251862
2.12 251844
2.121 251825
2.123 251780
2.125 251779
2.127 251773
2.127 251770
2.129 251747
2.132 251709
2.133 251697
2.134 251693
2.135 251689
2.136 251686
2.137 251671
2.138 251652
2.138 251645
2.143 251626
2.143 251617
2.145 251611
2.146 251595
2.148 251569
2.149 251538
2.164 251504
2.165 251412
2.166 251391
2.167 251206
2.168 251153
2.169 251107
2.175 251105
2.178 251081
2.18 251009
2.18 251006
2.181 250998
2.183 250994
2.184 250986
2.186 250917
2.186 250883
2.19 250868
2.191 250791
2.193 250788
2.193 250782
2.203 250768
2.203 250765
2.205 250759
2.207 250756
2.21 250754
2.211 250748
2.213 250725
2.214 250681
2.217 250669
2.218 250654
2.232 250610
2.234 250606
2.236 250600
2.237 250592
2.238 250583
2.24 250578
2.242 250573
2.246 250543
2.25 250538
2.254 250511
2.255 250489
2.256 250484
2.257 250481
2.259 250453
2.263 250451
2.264 250412
2.265 250403
2.266 250402
2.267 250401
2.27 250390
2.272 250349
2.273 250322
2.279 250317
2.282 250309
2.283 250277
2.285 250244
2.286 250231
2.288 250218
2.291 250159
2.292 250157
2.294 250155
2.296 250145
2.3 250118
2.301 250101
2.302 250100
2.303 250092
2.31 250062
2.314 250061
2.315 249992
2.318 249935
2.32 249898
2.321 249896
2.323 249862
2.326 249811
2.328 249807
2.329 249803
2.33 249783
2.335 249777
2.337 249769
2.338 249766
2.346 249761
2.36 249745
2.365 249739
2.367 249700
2.372 249691
2.381 249673
2.382 249601
2.389 249575
2.391 249552
2.392 249548
2.393 249538
2.394 249535
2.396 249484
2.398 249446
2.409 249442
2.41 249427
2.411 249408
2.422 249274
2.424 249273
2.428 249269
2.429 249240
2.431 249227
2.432 249224
2.433 249210
2.434 249202
2.436 249180
2.437 249176
2.439 249142
2.442 249137
2.444 249135
2.445 249130
2.448 249124
2.465 249118
2.465 249105
2.466 249104
2.468 249103
2.47 249101
2.474 249081
2.477 249076
2.487 249071
2.494 248994
2.496 248886
2.5 248815
2.501 248797
2.502 248793
2.505 248773
2.508 248759
2.513 248752
2.516 248698
2.517 248689
2.518 248681
2.521 248678
2.528 248668
2.535 248663
2.538 248625
2.54 248607
2.558 248566
2.559 248493
2.583 248356
2.585 248354
2.586 248351
2.588 248310
2.591 248204
2.592 248201
2.595 248192
2.598 248177
2.602 248164
2.604 248128
2.608 248124
2.619 247992
2.62 247989
2.622 247962
2.623 247927
2.627 247920
2.628 247910
2.63 247909
2.632 247874
2.64 247831
2.641 247809
2.642 247805
2.643 247796
2.646 247777
2.647 247776
2.649 247772
2.651 247743
2.653 247719
2.66 247702
2.661 247701
2.664 247691
2.668 247689
2.672 247662
2.679 247557
2.701 247535
2.703 247528
2.704 247513
2.705 247505
2.706 247476
2.707 247473
2.711 247341
2.712 247284
2.715 247265
2.719 247228
2.724 247215
2.725 247202
2.727 247170
2.728 247041
2.73 247038
2.732 247028
2.736 247025
2.74 247003
2.742 246862
2.744 246858
2.747 246846
2.755 246788
2.757 246785
2.761 246767
2.781 246756
2.796 246744
2.798 246713
2.799 246711
2.8 246696
2.801 246690
2.807 246649
2.812 246570
2.814 246564
2.815 246544
2.816 246528
2.817 246508
2.819 246507
2.851 246480
2.853 246472
2.854 246470
2.865 246446
2.866 246434
2.867 246419
2.868 246400
2.886 246388
2.894 246387
2.905 246345
2.906 246324
2.911 246261
2.912 246235
2.914 246117
2.918 246115
2.925 246027
2.928 246025
2.929 246005
2.934 245969
2.937 245914
2.949 245850
2.95 245845
2.952 245829
2.953 245824
2.954 245755
2.958 245735
2.96 245732
2.964 245731
2.966 245576
2.992 245568
2.994 245563
2.995 245559
2.997 245556
3.02 245554
3.023 245495
3.029 245375
3.031 245369
3.033 245362
3.039 245346
3.051 245335
3.052 245296
3.055 245274
3.056 245271
3.058 245235
3.059 245231
3.06 245230
3.067 245224
3.077 245186
3.078 245170
3.088 245144
3.09 245134
3.091 245127
3.092 245114
3.097 245102
3.1 245082
3.106 245081
3.121 245068
3.144 244994
3.146 244990
3.146 244968
3.166 244921
3.169 244918
3.171 244913
3.175 244901
3.177 244899
3.178 244884
3.179 244872
3.229 244865
3.235 244808
3.238 244797
3.24 244786
3.246 244760
3.273 244753
3.274 244746
3.355 244732
3.355 244652
3.357 244599
3.358 244549
3.401 244539
3.402 244538
3.408 244511
3.41 244487
3.465 244485
3.501 244474
3.502 244471
3.505 244437
3.506 244436
3.51 244432
3.511 244422
3.579 244397
3.579 244385
3.58 244384
3.589 244288
3.591 244280
3.592 244259
3.593 244243
3.594 244229
3.596 244228
3.598 244140
3.599 244139
3.605 244137
3.607 244089
3.609 244068
3.611 244058
3.614 244050
3.635 244007
3.635 243991
3.637 243987
3.639 243954
3.641 243943
3.648 243937
3.649 243932
3.65 243914
3.657 243909
3.659 243889
3.66 243886
3.662 243849
3.664 243822
3.665 243809
3.673 243805
3.676 243758
3.679 243744
3.68 243722
3.687 243683
3.805 243674
3.809 243672
3.811 243668
3.818 243665
3.82 243657
3.824 243641
3.825 243631
3.825 243616
3.827 243611
3.828 243610
3.829 243599
3.831 243598
3.831 243584
3.833 243548
3.835 243479
3.851 243432
3.864 243411
3.864 243405
3.87 243401
3.872 243378
3.874 243257
3.875 243236
3.877 243232
3.878 243219
3.894 243198
3.898 243140
3.916 243123
3.917 243107
3.918 243090
3.934 243065
3.937 243058
3.96 243019
3.963 242978
3.965 242975
3.966 242962
3.968 242851
3.973 242706
3.974 242700
3.977 242609
3.978 242600
3.98 242595
3.981 242586
3.983 242375
3.985 242367
3.986 242355
3.987 242347
3.988 242342
3.991 242275
3.992 242272
3.993 242261
3.995 242224
3.997 242222
3.999 242209
4.004 242148
4.007 242140
4.008 242128
4.009 242119
4.022 242107
4.023 242086
4.024 242026
4.036 242024
4.041 241951
4.044 241919
4.045 241918
4.077 241721
4.083 241716
4.085 241679
4.089 241672
4.091 241665
4.094 241657
4.095 241638
4.101 241636
4.136 241626
4.139 241598
4.141 241572
4.142 241571
4.143 241567
4.149 241533
4.156 241507
4.158 241429
4.159 241353
4.16 241328
4.162 241312
4.163 241310
4.164 241308
4.165 241302
4.167 241277
4.221 241275
4.222 241271
4.224 241254
4.23 241211
4.27 241173
4.276 241139
4.281 241088
4.337 241082
4.338 241074
4.341 241072
4.342 241047
4.349 241016
4.35 240996
4.354 240988
4.355 240980
4.356 240955
4.358 240945
4.359 240895
4.362 240867
4.395 240839
4.467 240817
4.501 240809
4.518 240781
4.519 240773
4.521 240770
4.567 240746
4.615 240705
4.619 240650
4.622 240638
4.623 240634
4.681 240615
4.686 240520
4.687 240488
4.691 240481
4.701 240466
4.702 240462
4.708 240461
4.709 240440
4.71 240432
4.721 240379
4.733 240362
4.735 240303
4.739 240301
4.844 240296
4.845 240289
4.849 240194
4.854 240112
4.861 240026
4.866 240017
4.867 240015
4.87 239994
4.872 239986
4.874 239980
5.141 239910
5.142 239839
5.144 239822
5.146 239700
5.147 239661
5.149 239631
5.15 239628
5.151 239627
5.152 239617
5.157 239593
5.16 239511
5.161 239509
5.172 239471
5.174 239460
5.175 239455
5.176 239441
5.178 239401
5.181 239316
5.182 239309
5.185 239205
5.187 239147
5.191 239103
5.193 239091
5.194 238933
5.199 238892
5.2 238885
5.21 238852
5.211 238844
5.212 238774
5.213 238770
5.22 238768
5.221 238765
5.222 238757
5.231 238745
5.247 238698
5.25 238683
5.251 238665
5.261 238609
5.262 238607
5.269 238590
5.27 238585
5.271 238521
5.273 238190
5.274 238166
5.309 238160
5.312 238095
5.314 238092
5.316 238087
5.318 238084
5.321 238077
5.324 238063
5.329 238057
5.33 238055
5.335 238024
5.339 238004
5.347 237968
5.348 237900
5.35 237892
5.352 237857
5.401 237851
5.401 237850
5.414 237849
5.417 237837
5.418 237806
5.419 237799
5.429 237770
5.431 237768
5.432 237763
5.439 237721
5.44 237688
5.442 237676
5.447 237666
5.449 237656
5.45 237655
5.452 237615
5.453 237601
5.454 237585
5.456 237579
5.457 237576
5.459 237553
5.46 237539
5.464 237505
5.465 237504
5.474 237500
5.477 237493
5.616 237475
5.617 237462
5.62 237430
5.621 237429
5.623 237378
5.624 237377
5.627 237347
5.628 237339
5.629 237332
5.647 237283
5.649 237232
5.655 237217
5.66 237206
5.661 237148
5.662 237143
5.663 237123
5.664 237098
5.678 237063
5.679 237059
5.681 237035
5.686 237014
5.687 237001
5.693 236981
5.694 236948
5.698 236904
5.698 236900
5.701 236898
5.702 236887
5.703 236857
5.708 236813
5.713 236792
5.713 236786
5.716 236777
5.722 236776
5.723 236771
5.724 236766
5.726 236755
5.728 236718
5.729 236716
5.73 236711
5.734 236710
5.761 236709
5.825 236605
5.828 236579
5.854 236552
5.855 236546
5.859 236544
5.88 236531
5.887 236527
5.892 236489
5.895 236467
5.896 236438
5.897 236435
5.898 236428
5.898 236423
5.899 236407
5.9 236381
5.906 236378
5.907 236365
5.91 236350
5.913 236326
5.914 236322
5.916 236317
5.997 236259
5.998 236242
5.999 236233
6.258 236231
6.264 236227
6.269 236210
6.27 236191
6.271 236190
6.274 236091
6.284 236051
6.288 235904
6.289 235875
6.29 235863
6.355 235856
6.356 235853
6.357 235838
6.361 235833
6.407 235824
6.409 235823
6.41 235775
6.412 235754
6.413 235742
6.415 235741
6.417 235737
6.42 235731
6.469 235712
6.473 235709
6.479 235675
6.481 235655
6.505 235468
6.528 235373
6.553 235335
6.553 235332
6.556 235299
6.557 235271
6.559 235257
6.561 235248
6.562 235233
6.563 235228
6.642 235227
6.645 235213
6.65 235141
6.654 235130
6.656 235090
6.658 235009
6.659 234985
6.661 234947
6.663 234894
6.664 234877
6.669 234875
6.67 234847
6.672 234837
6.673 234795
6.674 234792
6.676 234791
6.677 234786
6.68 234779
6.684 234752
6.685 234732
6.688 234728
6.689 234722
6.709 234676
6.712 234669
6.717 234664
6.718 234636
6.737 234615
6.746 234604
6.779 234508
6.78 234492
6.787 234463
7.036 234459
7.039 234457
7.041 234451
7.07 234442
7.077 234435
7.086 234420
7.09 234413
7.102 234340
7.104 234339
7.105 234324
7.106 234321
7.109 234320
7.16 234308
7.178 234243
7.182 234234
7.183 234129
7.186 234085
7.19 234047
7.191 234043
7.196 234040
7.197 234036
7.198 234010
7.203 234007
7.205 233978
7.424 233974
7.425 233970
7.428 233957
7.433 233939
7.436 233938
7.436 233936
7.437 233935
7.438 233933
7.442 233925
7.451 233916
7.452 233899
7.454 233876
7.455 233873
8.017 233864
8.018 233851
8.031 233826
8.042 233823
8.049 233814
8.055 233806
8.056 233773
8.058 233769
8.059 233739
8.063 233737
8.092 233676
8.104 233663
8.105 233639
8.11 233590
8.113 233556
8.114 233546
8.117 233524
8.119 233517
8.122 233516
8.124 233495
8.125 233447
8.304 233445
8.308 233428
8.403 233403
8.404 233387
8.448 233385
8.449 233368
8.475 233328
8.477 233305
8.479 233278
8.619 233273
8.62 233272
8.621 233271
8.635 233266
8.643 233209
8.677 233176
8.689 233166
8.7 233165
8.701 233155
8.702 233127
8.704 233078
8.707 233074
8.708 232996
8.718 232980
8.721 232979
8.722 232956
8.726 232950
8.75 232905
8.753 232887
8.763 232865
8.767 232856
8.774 232852
8.779 232850
8.782 232823
8.783 232816
8.784 232812
8.786 232805
8.787 232803
8.788 232779
8.79 232726
8.791 232715
8.792 232713
8.799 232688
9.298 232677
9.3 232657
9.303 232620
9.306 232602
9.309 232598
9.311 232590
9.312 232579
9.312 232575
9.331 232561
9.337 232542
9.341 232527
9.359 232522
9.362 232517
9.38 232509
9.414 232508
9.416 232501
9.417 232440
9.421 232439
9.422 232431
9.425 232430
9.43 232425
9.433 232419
9.435 232414
9.442 232405
9.476 232400
9.492 232356
9.504 232324
9.505 232321
9.528 232287
9.53 232285
9.531 232254
9.533 232250
9.535 232244
9.537 232239
9.539 232237
9.774 232215
9.776 232174
9.778 232163
9.821 232150
9.823 232137
9.837 232122
9.842 232111
9.849 232109
9.85 232100
9.852 232056
9.854 232030
10.04 232020
10.047 232014
10.048 231962
10.05 231950
10.051 231948
10.051 231939
10.052 231933
10.057 231913
10.058 231902
10.059 231896
10.063 231895
10.068 231891
10.069 231889
10.07 231883
10.071 231870
10.075 231837
10.076 231835
10.148 231807
10.149 231755
10.173 231725
10.177 231712
10.18 231710
10.214 231692
10.219 231683
10.225 231650
10.226 231631
10.227 231627
10.23 231626
10.241 231610
10.243 231605
10.245 231596
10.247 231572
10.248 231563
10.741 231554
10.76 231553
10.762 231551
10.77 231532
10.771 231520
10.773 231512
10.774 231455
10.776 231444
10.793 231440
10.8 231433
11.159 231412
11.186 231411
11.207 231386
11.212 231378
11.213 231370
11.235 231335
11.24 231313
11.242 231309
11.243 231306
11.257 231293
11.259 231290
11.271 231289
11.272 231265
11.278 231258
11.285 231248
11.286 231247
11.395 231242
11.395 231203
11.403 231202
11.405 231193
11.41 231176
11.411 231153
11.413 231148
11.827 231147
11.864 231139
12.027 231133
12.029 231132
12.035 231101
12.04 231100
12.507 231071
12.51 231052
12.563 231031
12.564 231013
12.568 231011
12.569 230995
12.571 230993
12.59 230982
12.591 230970
12.601 230969
12.618 230915
12.623 230892
12.636 230888
12.638 230880
12.641 230854
12.67 230852
12.674 230848
12.675 230844
12.677 230842
13.78 230820
13.781 230818
13.782 230731
13.783 230697
13.785 230695
13.834 230691
13.838 230668
13.841 230650
13.842 230638
13.845 230628
13.849 230625
13.851 230624
13.868 230621
13.869 230613
13.87 230573
13.871 230572
13.878 230570
13.879 230564
13.881 230523
13.882 230492
13.887 230469
13.912 230459
13.917 230444
13.945 230443
13.948 230435
13.954 230409
13.957 230393
13.958 230392
13.96 230375
13.987 230336
13.996 230330
13.997 230310
14.004 230283
14.005 230231
14.007 230212
14.009 230206
14.01 230198
14.021 230179
16.145 230126
16.147 230120
16.159 230117
16.16 230111
16.161 230082
16.168 230067
16.174 230055
16.177 230035
16.179 230034
16.18 230022
16.189 230021
16.202 230007
16.202 230005
16.208 230004
16.211 230003
16.233 229995
16.234 229994
16.241 229983
16.242 229982
16.247 229968
16.248 229959
16.249 229958
16.253 229912
16.256 229878
16.257 229873
16.259 229871
16.264 229865
16.265 229831
16.287 229817
16.327 229805
16.343 229801
16.351 229799
16.356 229763
16.363 229736
16.369 229731
16.372 229723
16.373 229706
16.375 229699
16.385 229665
16.393 229661
16.394 229648
16.397 229636
16.421 229522
16.439 229455
16.442 229454
16.443 229449
16.454 229435
16.459 229431
17.901 229404
17.923 229391
17.925 229378
17.93 229359
17.933 229355
17.934 229353
17.94 229323
17.941 229319
17.946 229317
18.472 229315
18.473 229309
18.474 229253
19.055 229239
19.059 229226
20.047 229174
20.05 229168
20.051 229106
20.052 229085
20.062 229081
20.063 229074
20.064 229072
20.163 229060
20.197 229051
20.44 228972
20.447 228920
20.448 228918
20.45 228902
20.461 228880
20.472 228872
20.474 228870
20.476 228866
20.477 228858
20.478 228839
20.488 228765
20.49 228723
20.491 228722
20.617 228721
20.624 228713
20.644 228680
20.647 228667
20.651 228655
20.653 228646
20.656 228641
20.657 228629
20.658 228619
20.66 228596
20.813 228590
20.824 228589
20.829 228570
20.832 228558
20.896 228530
20.898 228527
20.899 228526
20.901 228513
20.903 228498
21.45 228476
21.451 228470
21.459 228464
21.467 228436
22.282 228431
22.288 228423
22.3 228400
22.383 228396
22.385 228389
22.508 228380
22.51 228374
22.532 228370
22.534 228348
22.537 228305
22.553 228303
22.555 228293
22.557 228286
22.828 228277
22.834 228267
22.835 228264
22.898 228239
22.899 228229
22.9 228219
22.902 228196
22.921 228182
22.922 228175
22.923 228168
22.924 228154
22.934 228107
22.951 228068
22.954 228067
22.955 228062
22.956 228061
23.642 228036
23.654 228029
23.708 227991
23.712 227966
23.719 227958
23.725 227949
23.727 227947
23.733 227939
23.734 227927
23.823 227917
23.824 227914
23.834 227912
23.851 227895
23.857 227890
23.896 227887
23.907 227883
23.91 227861
23.923 227817
23.927 227796
23.929 227750
23.956 227745
23.957 227720
23.958 227717
23.96 227695
24 227688
24.002 227684
24.067 227682
24.151 227672
24.152 227664
24.247 227661
24.292 227659
24.329 227655
24.33 227648
24.331 227638
24.332 227635
24.336 227630
24.589 227628
24.589 227624
24.591 227620
24.594 227610
24.595 227596
24.596 227589
24.597 227585
24.6 227562
24.614 227551
24.616 227544
24.62 227541
24.622 227522
24.623 227520
24.626 227518
25.204 227511
25.205 227487
25.208 227486
25.212 227476
25.217 227473
25.219 227464
25.23 227458
25.233 227447
25.432 227444
25.433 227429
25.441 227419
25.481 227408
25.484 227393
25.487 227387
25.488 227378
25.489 227374
25.501 227373
25.504 227286
25.505 227277
25.514 227268
25.639 227264
25.642 227227
25.647 227191
25.739 227162
26.067 227153
26.242 227150
26.247 227147
26.249 227138
26.25 227136
26.254 227119
26.261 227101
26.267 227071
26.268 227062
26.27 227047
26.274 227037
26.307 227035
26.309 227022
26.31 227012
26.312 226974
26.314 226972
26.323 226961
26.331 226954
26.334 226947
26.336 226942
26.342 226940
26.348 226932
26.349 226925
26.354 226892
26.361 226883
26.375 226881
26.379 226879
26.458 226872
26.46 226871
26.464 226862
26.465 226849
26.467 226838
26.469 226833
26.474 226821
26.482 226815
26.488 226813
26.498 226799
26.534 226796
26.535 226793
26.586 226787
26.59 226782
26.592 226773
30.116 226761
30.119 226752
30.129 226744
30.133 226730
30.156 226713
30.157 226710
30.158 226702
30.161 226697
30.61 226666
30.613 226653
30.614 226629
30.615 226625
32.107 226624
32.273 226620
32.274 226597
32.276 226595
32.282 226592
32.284 226584
32.286 226580
32.287 226569
32.289 226553
32.297 226539
32.298 226532
32.298 226507
32.3 226502
32.307 226498
32.31 226491
32.314 226481
32.341 226479
32.353 226477
32.354 226476
32.36 226475
32.361 226469
32.363 226448
32.364 226441
32.366 226437
32.379 226428
32.427 226426
32.429 226423
32.434 226412
32.463 226409
32.467 226400
32.473 226389
32.622 226384
32.647 226358
32.836 226356
32.84 226349
32.849 226348
32.875 226343
33.551 226341
33.568 226339
33.569 226338
33.57 226337
33.575 226322
33.584 226317
33.628 226315
33.63 226314
33.632 226313
33.674 226309
33.732 226307
33.738 226302
33.747 226284
33.748 226283
33.749 226274
33.758 226257
33.874 226252
33.88 226251
33.928 226239
33.93 226221
33.933 226219
33.935 226199
34.004 226188
34.005 226186
34.02 226125
34.021 226119
34.025 226117
34.711 226107
34.713 226095
34.714 226088
34.722 226083
34.729 226079
34.737 226076
34.738 226067
34.744 226065
34.851 226044
34.852 226033
34.854 226014
34.855 226013
34.858 226002
34.865 226000
34.901 225989
34.906 225977
34.913 225969
34.916 225964
35.398 225959
35.401 225956
35.402 225955
35.406 225953
35.942 225939
35.956 225900
35.958 225899
36.091 225897
36.092 225896
36.1 225876
36.102 225870
36.184 225859
36.185 225854
36.188 225839
36.189 225838
36.193 225823
36.211 225816
36.213 225811
36.277 225800
36.281 225795
36.282 225788
36.283 225787
36.284 225760
36.285 225718
36.307 225717
36.309 225708
37.908 225698
37.913 225690
37.915 225688
38.001 225686
38.006 225674
38.011 225669
38.016 225666
38.017 225657
38.018 225652
38.023 225644
38.024 225640
38.033 225639
38.12 225635
38.122 225628
38.129 225624
38.139 225596
38.209 225588
38.27 225585
38.316 225584
38.318 225565
38.321 225553
38.323 225551
38.402 225549
38.93 225543
38.957 225542
38.973 225537
38.974 225535
38.977 225523
38.983 225492
38.993 225486
38.994 225477
39.011 225470
39.013 225468
39.034 225464
39.036 225462
39.037 225460
39.632 225424
39.634 225420
39.636 225401
39.638 225398
39.644 225393
39.687 225391
39.694 225385
40.191 225377
40.236 225373
40.24 225372
40.242 225370
40.262 225366
40.27 225361
40.292 225360
40.3 225351
40.303 225350
40.304 225348
40.451 225336
40.46 225329
40.468 225321
40.495 225318
40.515 225313
40.518 225306
40.52 225304
40.521 225263
40.53 225257
40.557 225249
40.569 225239
40.57 225210
40.578 225209
40.599 225205
40.602 225204
40.606 225197
40.614 225157
40.616 225156
40.625 225151
40.887 225147
40.909 225141
40.915 225140
40.917 225129
40.929 225126
40.933 225124
40.934 225123
41.236 225119
41.294 225118
41.536 225112
41.54 225105
41.542 225104
41.543 225094
41.552 225087
41.557 225085
41.564 225082
41.633 225046
41.635 225045
41.71 225029
41.723 225028
41.729 225003
41.734 224994
41.745 224969
41.751 224954
41.756 224940
41.761 224934
41.763 224926
41.775 224909
41.777 224899
41.778 224896
41.781 224893
41.788 224883
41.789 224866
41.81 224865
41.82 224863
41.822 224829
41.823 224826
41.825 224825
41.839 224809
42.086 224792
42.094 224786
42.1 224785
42.124 224757
42.133 224746
42.321 224722
42.323 224715
42.332 224713
42.337 224705
42.339 224692
42.343 224689
42.35 224685
42.351 224665
42.359 224642
46.343 224635
46.347 224630
46.351 224625
46.394 224591
46.406 224590
46.409 224584
46.418 224579
46.428 224558
46.445 224557
46.446 224556
46.728 224549
46.73 224544
46.766 224543
46.774 224540
46.791 224535
46.801 224527
46.804 224518
47.639 224511
47.641 224487
47.643 224486
47.658 224481
47.666 224459
47.672 224456
47.798 224443
47.799 224436
47.804 224431
47.819 224429
47.835 224423
47.838 224414
47.895 224413
47.895 224406
47.924 224389
47.947 224384
47.973 224383
47.987 224376
47.995 224373
48.009 224369
48.01 224368
48.017 224367
48.03 224357
48.045 224331
48.112 224322
48.134 224320
48.143 224315
48.145 224314
48.152 224312
48.174 224282
48.199 224280
48.201 224274
48.202 224272
48.224 224269
48.242 224261
48.245 224258
48.25 224249
48.266 224228
48.278 224225
48.3 224222
48.311 224216
48.323 224214
48.331 224210
48.356 224207
48.361 224180
48.378 224171
48.487 224169
48.494 224166
48.502 224161
48.516 224160
48.517 224156
48.595 224145
48.626 224143
48.629 224132
48.63 224131
48.668 224130
48.684 224107
48.691 224095
48.706 224078
48.722 224077
48.726 224074
48.734 224072
48.736 224070
48.737 224061
48.752 224055
48.758 224041
48.801 224040
49.705 224039
49.707 224035
49.875 224029
49.88 224016
49.972 223996
49.983 223993
51.673 223991
51.707 223984
51.712 223982
51.723 223971
51.928 223964
51.933 223963
52.14 223947
52.149 223933
52.152 223929
52.21 223926
52.213 223925
52.231 223916
52.292 223905
52.326 223903
53.511 223895
53.512 223894
53.545 223892
53.567 223891
53.971 223888
53.979 223887
53.999 223875
54.236 223867
54.239 223863
54.262 223850
54.268 223844
54.271 223840
54.297 223838
54.351 223835
54.373 223834
54.437 223832
54.464 223828
54.467 223823
55.212 223822
55.427 223806
55.439 223804
55.443 223792
55.458 223791
55.507 223790
55.526 223787
55.54 223783
55.55 223782
55.577 223777
55.587 223776
55.633 223766
55.644 223765
55.831 223763
55.883 223762
55.894 223742
55.965 223735
55.974 223730
55.978 223722
55.982 223713
56.057 223706
56.071 223699
56.089 223696
56.122 223694
56.165 223689
56.168 223684
56.169 223679
56.193 223676
56.214 223663
56.233 223654
56.239 223651
58.504 223642
58.513 223633
58.535 223622
58.625 223617
58.631 223615
58.645 223614
58.646 223605
58.682 223600
58.69 223586
58.698 223584
58.7 223578
58.736 223577
58.743 223576
58.752 223575
58.754 223570
58.757 223566
58.758 223556
58.769 223553
58.773 223549
58.781 223547
58.782 223534
58.783 223523
58.786 223522
58.792 223518
58.803 223511
58.809 223507
58.819 223504
58.822 223503
58.836 223496
58.846 223495
58.848 223481
58.851 223478
60.246 223477
60.254 223474
60.265 223471
60.437 223468
60.449 223465
60.486 223442
60.511 223431
60.518 223428
60.654 223424
60.681 223418
60.687 223413
60.698 223411
60.7 223409
60.709 223406
60.71 223404
60.717 223402
60.719 223394
60.72 223392
60.736 223391
60.737 223385
60.768 223383
60.771 223379
60.775 223377
60.778 223376
60.789 223369
60.797 223368
60.809 223364
60.819 223361
60.855 223345
60.874 223335
60.891 223334
60.9 223327
60.974 223324
60.992 223323
60.994 223317
60.999 223312
61.011 223307
61.014 223306
61.042 223299
61.048 223298
61.081 223297
61.087 223296
61.127 223289
61.312 223280
61.323 223273
61.557 223272
61.565 223261
61.573 223259
61.605 223255
61.659 223251
61.698 223237
61.702 223236
61.704 223234
61.801 223220
61.907 223215
62.021 223213
62.029 223212
62.037 223208
62.071 223202
62.092 223199
62.263 223198
62.312 223196
62.327 223194
62.337 223183
62.365 223181
62.409 223180
62.417 223178
62.425 223174
62.478 223167
62.527 223165
63.068 223153
63.079 223150
64.025 223147
64.037 223142
64.039 223138
64.071 223120
64.088 223119
64.094 223116
64.113 223065
64.114 223064
64.116 223044
64.139 223042
64.142 223040
64.146 223037
64.149 223036
64.171 223033
64.187 223028
64.207 223019
64.215 223013
64.228 223012
64.231 223011
64.385 222997
64.391 222996
64.478 222991
64.532 222984
64.613 222980
64.647 222978
64.649 222977
64.744 222975
64.747 222967
64.763 222966
64.772 222964
64.776 222963
64.784 222962
64.824 222959
64.832 222958
64.841 222953
64.866 222947
64.876 222941
64.89 222939
64.892 222935
64.898 222930
64.903 222927
65.059 222926
65.272 222924
65.34 222921
65.342 222916
65.471 222915
65.473 222913
65.498 222910
65.511 222905
65.809 222899
65.819 222896
65.825 222894
65.827 222888
65.864 222881
65.933 222879
66.01 222872
66.13 222870
66.201 222862
66.297 222860
66.314 222853
66.322 222852
66.463 222850
66.514 222847
66.854 222836
66.864 222830
66.882 222829
66.886 222828
67.204 222827
67.272 222825
67.279 222815
67.34 222809
67.375 222808
67.607 222806
67.625 222797
67.639 222796
67.678 222794
67.979 222791
68.2 222785
69.312 222784
69.338 222783
69.374 222780
69.561 222779
69.581 222776
69.662 222772
69.672 222757
69.704 222756
69.729 222754
70.011 222752
70.018 222751
70.029 222750
70.047 222749
70.055 222748
70.093 222747
70.14 222743
70.262 222740
70.281 222738
70.314 222730
70.46 222729
70.461 222718
70.469 222715
70.48 222707
70.489 222705
70.506 222697
70.529 222695
70.764 222692
70.771 222691
70.82 222689
70.843 222687
70.846 222686
70.951 222685
70.966 222684
70.976 222679
70.993 222677
71.044 222654
71.094 222653
71.098 222648
71.151 222647
71.229 222643
71.276 222642
71.43 222641
72.969 222640
73.002 222637
73.009 222636
73.013 222635
73.054 222634
73.094 222633
73.099 222632
73.12 222631
73.19 222630
73.257 222625
73.312 222618
73.342 222617
73.344 222616
73.346 222614
73.381 222611
73.467 222608
73.553 222607
73.653 222605
73.656 222604
73.664 222603
73.749 222602
73.795 222598
73.926 222593
73.936 222592
73.942 222591
74.024 222590
74.071 222586
74.229 222582
74.296 222579
74.345 222576
74.36 222575
74.394 222572
74.509 222568
74.644 222566
74.826 222561
75.076 222558
75.279 222557
75.292 222553
75.402 222542
75.422 222541
75.494 222533
75.512 222528
75.519 222525
75.534 222522
75.812 222518
75.895 222515
76.659 222513
76.791 222502
77.02 222494
77.082 222490
77.56 222484
77.62 222480
77.686 222473
77.757 222472
77.79 222470
77.869 222465
77.879 222464
77.92 222463
77.93 222462
77.975 222460
78.191 222453
78.434 222447
78.541 222444
78.566 222443
78.58 222439
78.667 222437
78.785 222435
78.799 222427
78.848 222426
79.725 222425
79.768 222424
79.829 222422
79.884 222421
79.971 222419
80.018 222418
80.125 222416
80.14 222413
80.202 222411
80.246 222409
80.429 222408
80.484 222407
80.879 222403
80.897 222402
80.967 222392
81.066 222381
81.079 222380
81.095 222379
81.827 222372
82.348 222369
82.413 222366
82.438 222365
82.449 222364
82.521 222360
82.613 222359
82.728 222357
83.479 222356
83.855 222353
83.87 222348
83.895 222346
83.898 222345
84.263 222343
84.456 222342
84.465 222341
84.74 222337
84.769 222336
84.771 222328
84.898 222327
