7.795 411180
7.796 411166
7.797 411157
7.798 411155
7.8 411148
7.802 411146
7.804 411132
7.807 411106
7.809 411091
7.81 411060
7.811 411013
7.812 411008
7.814 411001
7.815 410990
7.816 410971
7.819 410963
7.82 410951
7.822 410927
7.825 410904
7.826 410893
7.827 410875
7.829 410839
7.83 410793
7.832 410784
7.833 410761
7.835 410752
7.836 410706
7.839 410704
7.84 410697
7.841 410687
7.843 410659
7.844 410644
7.845 410642
7.848 410632
7.85 410616
7.851 410611
7.854 410519
7.857 410518
7.858 410512
7.859 410494
7.861 410483
7.864 410482
7.866 410450
7.867 410449
7.868 410447
7.87 410418
7.871 410416
7.872 410413
7.874 410400
7.875 410376
7.877 410315
7.887 410312
7.888 410274
7.89 410249
7.891 410244
7.895 410214
7.897 410154
7.899 410150
7.9 410146
7.901 410122
7.902 410057
7.904 410012
7.906 410011
7.907 409988
7.908 409980
7.909 409978
7.91 409975
7.915 409961
7.917 409945
7.921 409941
7.923 409939
7.924 409918
7.925 409905
7.926 409888
7.927 409883
7.929 409881
7.935 409879
7.937 409874
7.939 409866
7.94 409865
7.942 409854
7.944 409851
7.945 409848
7.948 409811
7.95 409809
7.951 409757
7.953 409755
7.954 409748
7.957 409715
7.958 409709
7.964 409685
7.966 409668
7.967 409653
7.969 409636
7.97 409634
7.972 409630
7.973 409625
7.975 409584
7.976 409574
7.981 409563
7.984 409510
7.985 409489
7.986 409481
7.988 409470
7.99 409464
7.992 409442
7.995 409439
7.996 409432
7.997 409374
7.999 409336
8 409313
8.001 409309
8.005 409301
8.007 409296
8.008 409286
8.013 409265
8.015 409259
8.016 409245
8.017 409242
8.019 409177
8.02 409168
8.021 409161
8.023 409154
8.024 409140
8.026 409100
8.027 409076
8.028 409071
8.029 409062
8.031 409013
8.032 409000
8.033 408987
8.034 408986
8.037 408974
8.038 408932
8.041 408924
8.042 408922
8.044 408917
8.046 408892
8.051 408890
8.052 408880
8.053 408847
8.057 408842
8.059 408839
8.06 408781
8.062 408727
8.064 408711
8.067 408710
8.071 408704
8.072 408684
8.074 408678
8.075 408621
8.076 408604
8.078 408598
8.087 408595
8.09 408583
8.091 408581
8.093 408577
8.095 408573
8.098 408537
8.099 408536
8.1 408527
8.103 408500
8.105 408487
8.106 408486
8.11 408485
8.111 408482
8.115 408418
8.116 408416
8.118 408401
8.119 408400
8.12 408399
8.121 408385
8.123 408382
8.124 408337
8.125 408335
8.127 408317
8.13 408267
8.131 408200
8.132 408150
8.136 408147
8.14 408146
8.142 408037
8.144 407983
8.145 407954
8.148 407947
8.15 407907
8.157 407892
8.158 407887
8.163 407871
8.164 407837
8.165 407831
8.167 407829
8.169 407747
8.171 407701
8.179 407699
8.181 407693
8.183 407688
8.185 407682
8.189 407657
8.19 407652
8.192 407639
8.195 407624
8.198 407623
8.199 407595
8.201 407581
8.204 407563
8.205 407544
8.207 407522
8.208 407521
8.213 407510
8.215 407509
8.218 407466
8.219 407418
8.22 407416
8.222 407414
8.223 407398
8.234 407393
8.235 407366
8.237 407364
8.242 407361
8.243 407356
8.245 407336
8.251 407323
8.252 407322
8.254 407320
8.256 407313
8.26 407243
8.263 407225
8.266 407218
8.27 407216
8.272 407194
8.273 407193
8.278 407182
8.283 407166
8.286 407162
8.292 407147
8.293 407144
8.295 407140
8.297 407130
8.302 407127
8.303 407116
8.304 407112
8.307 407107
8.311 407106
8.313 407097
8.315 407095
8.316 407079
8.318 407070
8.32 407048
8.321 407036
8.323 407035
8.324 407030
8.328 407026
8.33 407023
8.332 407014
8.336 407001
8.338 406989
8.34 406982
8.342 406974
8.345 406938
8.349 406922
8.35 406907
8.351 406899
8.354 406892
8.357 406890
8.359 406886
8.362 406879
8.363 406874
8.375 406872
8.377 406866
8.378 406861
8.379 406857
8.386 406846
8.387 406842
8.388 406841
8.392 406802
8.398 406796
8.399 406784
8.4 406762
8.402 406758
8.404 406757
8.406 406724
8.409 406707
8.411 406684
8.412 406682
8.414 406657
8.418 406651
8.422 406637
8.432 406635
8.434 406629
8.446 406609
8.447 406592
8.45 406588
8.461 406575
8.465 406564
8.47 406548
8.471 406546
8.472 406544
8.477 406538
8.481 406535
8.483 406534
8.486 406515
8.489 406512
8.491 406507
8.493 406504
8.497 406486
8.498 406485
8.5 406480
8.514 406468
8.519 406463
8.52 406461
8.522 406452
8.524 406437
8.53 406426
8.536 406419
8.538 406407
8.54 406385
8.541 406368
8.543 406316
8.547 406311
8.571 406305
8.573 406292
8.575 406289
8.576 406283
8.577 406280
8.578 406269
8.579 406268
8.581 406265
8.582 406248
8.583 406216
8.585 406192
8.587 406179
8.594 406176
8.597 406152
8.599 406149
8.601 406135
8.603 406121
8.606 406112
8.608 406102
8.609 406101
8.611 406062
8.612 406059
8.614 406058
8.617 406045
8.623 406039
8.627 406022
8.628 406007
8.63 406000
8.631 405910
8.633 405901
8.636 405899
8.638 405893
8.64 405884
8.641 405881
8.647 405868
8.648 405861
8.654 405831
8.713 405827
8.716 405823
8.718 405822
8.723 405807
8.732 405803
8.737 405790
8.739 405788
8.744 405753
8.749 405709
8.751 405703
8.768 405692
8.77 405685
8.772 405683
8.773 405678
8.774 405666
8.776 405654
8.808 405633
8.81 405575
8.814 405574
8.817 405565
8.819 405554
8.829 405548
8.83 405546
8.837 405542
8.843 405531
8.844 405522
8.846 405515
8.851 405503
8.854 405480
8.857 405463
8.873 405462
8.874 405461
8.875 405438
8.878 405434
8.881 405432
8.901 405423
8.902 405412
8.904 405407
8.908 405404
8.91 405393
8.935 405392
8.939 405384
8.94 405383
8.941 405380
8.942 405374
8.944 405366
8.948 405361
8.949 405342
8.955 405341
8.96 405300
8.963 405283
8.965 405270
8.967 405265
8.968 405264
8.972 405252
8.974 405250
8.975 405248
9.003 405245
9.005 405174
9.008 405157
9.022 405151
9.055 405149
9.057 405148
9.058 405144
9.06 405131
9.061 405125
9.062 405121
9.064 405108
9.065 405099
9.066 405093
9.07 405069
9.073 405066
9.075 405062
9.08 405060
9.087 405045
9.088 405032
9.094 405009
9.095 404982
9.098 404975
9.099 404972
9.103 404956
9.105 404955
9.108 404954
9.11 404951
9.112 404948
9.165 404917
9.224 404913
9.226 404848
9.228 404840
9.232 404796
9.245 404792
9.247 404790
9.248 404782
9.259 404779
9.275 404778
9.276 404775
9.278 404758
9.282 404752
9.284 404724
9.285 404717
9.29 404668
9.337 404667
9.371 404660
9.375 404630
9.382 404629
9.392 404606
9.396 404602
9.77 404594
9.796 404587
9.833 404585
9.834 404584
9.836 404581
9.837 404567
9.84 404566
9.841 404549
9.843 404539
9.844 404528
9.847 404522
9.852 404519
9.86 404517
9.865 404515
9.867 404493
9.87 404464
9.875 404458
9.882 404451
9.886 404449
9.895 404420
9.993 404414
9.997 404375
9.999 404372
10.003 404368
10.082 404349
10.127 404333
10.129 404327
10.333 404258
10.335 404257
10.336 404246
10.354 404231
10.355 404223
10.397 404216
10.433 404202
10.442 404197
10.444 404193
10.522 404186
10.532 404170
10.559 404162
10.565 404152
10.575 404141
10.577 404140
10.579 404135
10.584 404117
10.586 404103
10.588 404099
10.715 404057
10.716 404051
10.719 404049
10.721 404038
10.724 404036
10.727 404028
10.729 404015
10.735 403998
10.736 403997
10.738 403992
10.742 403982
10.744 403981
10.748 403973
10.75 403961
10.753 403959
10.755 403956
10.759 403948
10.783 403939
10.793 403924
10.795 403897
10.797 403883
10.801 403871
10.813 403854
10.821 403841
10.828 403830
10.833 403816
10.834 403798
13.91 403773
13.914 403768
13.93 403761
13.935 403759
13.937 403751
13.939 403746
13.94 403739
13.943 403675
13.945 403669
13.951 403639
13.956 403638
13.958 403637
13.961 403636
13.966 403626
13.974 403624
13.977 403615
13.978 403598
13.984 403595
13.99 403593
13.992 403569
14.048 403568
14.057 403567
14.101 403562
14.109 403557
14.11 403553
14.112 403545
14.115 403544
14.116 403528
14.158 403514
14.162 403504
14.163 403502
14.165 403468
14.167 403466
14.169 403462
14.176 403429
14.181 403426
14.182 403421
14.188 403404
14.192 403393
14.198 403392
14.204 403389
14.208 403375
14.211 403373
14.248 403370
14.255 403355
14.256 403346
14.258 403328
14.271 403325
14.274 403317
14.291 403312
14.358 403307
14.36 403302
14.362 403300
14.38 403258
14.383 403249
14.384 403240
14.388 403235
14.39 403150
14.392 403139
14.398 403135
14.399 403111
14.407 403089
14.411 403087
14.416 403077
14.423 403064
14.427 403055
14.429 403054
14.43 403052
14.434 402961
14.437 402959
14.438 402910
14.448 402898
14.45 402895
14.451 402881
14.484 402812
14.488 402635
14.493 402631
14.496 402626
14.498 402624
14.505 402604
14.51 402602
14.516 402601
14.518 402599
14.536 402580
14.539 402547
14.562 402532
14.563 402529
14.598 402526
14.599 402523
14.604 402516
14.607 402513
14.618 402512
14.622 402503
14.624 402497
14.625 402494
14.63 402480
14.632 402475
14.658 402466
14.662 402462
14.672 402458
14.678 402429
14.681 402428
14.685 402393
14.688 402385
14.721 402382
14.723 402379
14.726 402378
14.732 402376
14.733 402373
14.735 402316
14.738 402314
14.74 402292
14.752 402279
14.754 402251
14.784 402246
14.787 402209
14.789 402205
14.801 402188
14.803 402185
14.85 402178
14.857 402177
14.866 402168
14.91 402167
14.92 402145
14.921 402143
14.924 402132
14.926 402098
14.927 402087
14.937 402083
14.946 402077
14.952 402070
16.066 402061
16.068 402051
16.072 402020
16.078 402011
16.1 402006
16.101 402004
16.103 401990
16.659 401988
16.673 401962
16.674 401954
16.682 401944
16.689 401941
16.691 401938
16.693 401936
16.694 401935
16.697 401920
17.29 401919
17.292 401892
17.3 401890
17.302 401876
17.312 401875
17.315 401826
17.323 401813
17.324 401809
17.328 401806
17.332 401774
17.339 401772
17.342 401762
17.343 401756
17.348 401752
17.35 401750
17.351 401746
17.402 401718
17.426 401590
17.428 401568
17.431 401542
17.479 401514
17.482 401472
18.203 401470
18.205 401460
18.206 401459
18.218 401452
18.22 401418
18.226 401404
18.23 401401
18.231 401378
19.736 401370
19.738 401350
19.741 401349
19.743 401313
19.749 401290
19.751 401278
19.754 401271
19.756 401256
19.761 401237
19.763 401230
19.764 401228
19.774 401213
19.78 401194
19.786 401148
19.79 401144
19.794 401141
19.799 401129
19.803 401125
19.808 401119
19.81 401116
19.813 401109
19.815 401080
19.819 401077
19.823 401050
19.831 401044
19.836 401041
19.838 401038
19.839 401029
19.858 401012
19.864 401008
19.866 401003
19.872 400989
19.873 400981
19.883 400966
19.884 400965
19.886 400961
19.892 400955
19.893 400940
19.897 400919
19.899 400917
19.902 400910
19.906 400900
19.908 400886
19.91 400876
19.926 400875
19.929 400868
19.94 400861
19.941 400849
20.116 400842
20.124 400836
20.158 400769
20.16 400760
20.162 400757
20.17 400755
20.174 400733
20.19 400717
20.195 400684
20.22 400662
20.221 400657
20.229 400632
20.231 400626
20.233 400618
21 400611
21.003 400607
21.019 400605
21.024 400603
21.028 400599
21.539 400580
21.541 400579
21.573 400577
21.577 400569
21.578 400566
21.58 400563
21.581 400556
21.583 400540
21.6 400539
21.607 400509
21.611 400505
21.613 400502
21.63 400494
21.636 400487
21.638 400481
21.64 400451
21.645 400427
21.647 400419
21.649 400418
21.653 400391
21.654 400384
21.656 400383
22.105 400382
22.111 400373
22.115 400363
22.118 400362
22.119 400353
22.122 400352
22.129 400347
22.133 400343
22.137 400341
22.142 400336
23.224 400326
23.24 400322
23.244 400320
23.246 400312
23.247 400288
23.25 400286
23.252 400283
23.253 400278
23.281 400272
23.285 400261
23.404 400259
23.661 400216
23.665 400211
23.67 400210
23.9 400205
23.91 400203
23.915 400197
23.917 400188
23.92 400187
23.922 400183
23.931 400168
23.958 400163
23.96 400159
23.966 400135
24.494 400127
24.497 400124
24.517 400112
24.52 400111
24.583 400105
24.591 400104
24.606 400098
24.615 400094
24.616 400091
27.527 400083
27.536 400065
27.539 400033
27.541 400027
27.542 400026
27.799 400018
27.879 400010
27.882 399991
27.883 399989
27.893 399984
27.895 399973
27.897 399962
27.9 399930
27.905 399916
27.953 399909
27.959 399893
27.976 399870
27.983 399857
27.985 399854
27.988 399852
27.992 399831
27.996 399829
27.999 399821
28 399806
28.004 399794
28.007 399791
30.102 399786
30.105 399752
30.111 399750
30.117 399744
30.123 399702
30.147 399692
30.157 399691
30.16 399675
30.164 399669
30.169 399663
30.172 399650
30.18 399645
30.19 399641
30.191 399624
30.194 399623
30.348 399620
30.35 399604
30.352 399579
30.354 399561
30.358 399541
30.359 399538
30.363 399536
30.365 399533
30.384 399526
30.392 399523
30.397 399440
30.679 399417
30.69 399405
30.691 399397
30.694 399391
30.698 399367
30.701 399362
30.705 399342
31.088 399336
31.09 399335
31.091 399330
31.094 399326
31.156 399322
31.313 399319
31.32 399287
31.321 399285
31.323 399276
31.325 399259
31.346 399254
31.348 399246
31.35 399227
31.362 399220
31.382 399213
31.385 399203
31.494 399200
31.504 399193
31.526 399187
31.531 399176
31.663 399150
31.744 399125
31.748 399120
31.76 399119
31.762 399113
31.766 399111
31.768 399106
31.769 399103
31.773 399102
31.784 399090
31.786 399087
31.788 399069
31.79 399068
31.793 399059
31.797 399058
31.8 399049
31.802 399045
31.807 399032
31.808 399027
31.811 398998
31.814 398995
31.817 398990
31.822 398976
31.826 398975
31.839 398959
31.843 398958
32.035 398952
32.04 398944
32.043 398939
32.045 398936
32.251 398933
32.255 398930
32.258 398917
32.261 398915
32.267 398897
32.348 398890
32.37 398877
32.372 398868
32.373 398858
32.375 398850
32.389 398847
32.392 398845
32.41 398835
32.413 398826
32.414 398814
32.418 398781
32.442 398779
32.443 398777
32.45 398776
32.456 398737
32.47 398730
32.502 398707
32.507 398684
32.512 398672
32.515 398666
32.518 398657
32.52 398612
32.522 398598
32.524 398597
32.53 398585
32.541 398576
32.545 398557
32.55 398555
32.556 398539
32.721 398538
32.724 398492
32.727 398484
32.78 398483
32.793 398471
32.881 398467
32.901 398465
32.903 398461
32.934 398460
32.935 398454
32.952 398450
32.962 398446
33.048 398435
33.052 398432
33.054 398424
33.056 398422
33.059 398414
33.116 398413
33.123 398398
33.129 398367
33.141 398365
33.149 398361
33.371 398349
33.375 398346
33.378 398345
33.383 398329
33.728 398326
33.748 398314
33.76 398308
33.885 398296
33.886 398288
33.888 398279
33.889 398278
33.89 398275
33.935 398271
33.937 398254
33.939 398244
33.946 398241
33.949 398240
34.639 398239
34.644 398238
34.646 398232
34.648 398226
34.651 398206
34.66 398197
34.707 398181
34.709 398163
34.743 398150
34.75 398149
34.753 398144
34.757 398141
34.758 398133
34.819 398132
34.823 398130
34.824 398124
35.26 398122
35.269 398121
35.278 398116
35.526 398104
35.54 398103
35.541 398100
35.544 398097
35.547 398087
35.554 398070
35.563 398066
35.595 398065
35.598 398052
35.602 398045
35.615 398031
35.618 398025
35.625 398023
35.631 398017
35.635 398003
35.659 397998
35.66 397995
35.663 397993
35.664 397979
36.326 397974
36.329 397967
36.338 397966
36.349 397964
36.351 397940
36.353 397930
36.358 397923
36.361 397921
36.364 397909
36.367 397908
36.37 397894
36.373 397876
36.375 397870
36.387 397865
36.389 397856
36.391 397855
36.402 397854
36.405 397835
36.409 397828
36.414 397805
36.439 397797
36.558 397790
36.596 397771
36.599 397738
36.607 397734
36.61 397732
36.64 397728
36.683 397727
36.685 397725
36.687 397716
36.688 397713
36.69 397705
36.693 397704
36.698 397702
36.699 397695
36.734 397689
36.736 397682
36.738 397656
36.745 397635
36.75 397622
36.752 397611
36.756 397605
36.757 397602
36.761 397580
36.803 397572
36.806 397571
37.025 397570
37.028 397560
37.03 397552
37.061 397547
37.103 397541
37.105 397538
37.106 397537
39.742 397530
39.748 397528
39.756 397521
39.765 397515
39.771 397513
39.774 397509
39.775 397505
39.778 397502
39.864 397500
39.866 397489
39.875 397478
39.879 397475
39.884 397470
39.887 397459
39.898 397449
39.903 397442
39.938 397429
39.94 397421
39.944 397420
39.947 397387
39.994 397363
40.033 397344
40.037 397340
40.204 397339
40.229 397304
40.23 397293
40.235 397276
40.258 397273
40.26 397264
40.262 397239
40.498 397234
40.503 397232
40.511 397231
40.529 397225
40.532 397223
40.551 397220
40.555 397211
40.556 397209
40.558 397200
40.562 397198
40.571 397194
40.572 397186
40.587 397180
40.592 397179
40.593 397177
40.6 397157
40.604 397156
40.733 397124
40.739 397120
40.74 397098
40.755 397096
40.766 397094
40.776 397093
42.07 397087
42.078 397085
42.083 397070
42.088 397067
42.091 397065
42.12 397048
42.138 397043
42.143 397039
42.226 397032
42.24 397020
42.292 397012
42.303 396990
42.382 396989
42.39 396985
42.411 396980
42.415 396971
42.424 396961
42.435 396954
42.441 396953
42.444 396948
42.446 396947
42.514 396936
42.519 396935
42.521 396931
42.538 396914
42.554 396913
42.562 396910
42.743 396900
42.751 396899
42.758 396892
42.762 396883
42.796 396869
42.799 396867
42.802 396865
42.873 396863
42.879 396842
42.906 396840
42.914 396839
42.915 396832
42.917 396828
42.926 396825
42.933 396796
43.144 396795
43.148 396791
43.16 396784
43.166 396771
43.168 396770
43.173 396763
43.176 396751
43.211 396747
43.217 396742
43.221 396732
43.226 396723
43.231 396712
43.234 396696
43.239 396686
43.258 396685
43.29 396683
43.339 396677
43.343 396674
43.512 396671
43.522 396670
43.527 396625
43.529 396620
43.531 396607
43.538 396600
43.563 396591
43.585 396586
43.586 396560
43.609 396554
43.778 396551
43.782 396549
43.783 396541
43.787 396531
43.79 396529
43.821 396526
43.824 396522
43.88 396520
43.881 396515
43.891 396491
43.913 396490
43.915 396489
43.918 396486
43.92 396470
43.924 396464
43.94 396458
43.949 396455
43.957 396448
43.965 396434
43.969 396432
44.032 396428
44.033 396425
44.04 396420
44.044 396404
44.135 396401
44.146 396397
44.17 396387
44.192 396381
44.2 396378
44.201 396373
44.314 396369
44.537 396366
44.549 396361
44.555 396353
44.575 396341
44.577 396340
44.698 396329
44.707 396326
44.709 396319
44.719 396305
44.746 396299
44.762 396291
44.763 396283
44.77 396279
44.776 396278
44.782 396265
44.79 396245
44.81 396235
44.811 396229
44.829 396224
44.837 396214
44.839 396211
44.864 396208
44.867 396205
44.871 396202
44.876 396178
44.883 396162
44.892 396121
44.937 396111
44.95 396108
44.952 396104
44.954 396100
44.955 396099
44.956 396074
45.196 396073
45.204 396071
45.212 396069
45.228 396063
45.244 396052
45.257 396020
45.314 396016
45.316 396010
45.318 395994
45.324 395979
45.329 395969
45.336 395967
45.337 395952
45.339 395937
45.352 395936
45.361 395932
45.504 395923
45.789 395915
45.793 395910
45.795 395896
45.799 395894
45.893 395887
45.895 395884
45.908 395880
45.916 395870
45.961 395869
45.963 395849
45.965 395848
45.968 395845
45.987 395841
46.004 395823
46.007 395822
46.041 395792
46.044 395789
46.052 395772
46.054 395766
46.055 395764
46.135 395763
46.151 395752
46.155 395750
46.199 395745
46.201 395735
46.259 395734
46.271 395729
46.284 395727
46.344 395726
46.348 395724
46.35 395700
46.352 395698
46.354 395687
46.357 395682
46.368 395669
46.37 395668
46.381 395666
46.383 395644
46.387 395639
46.389 395638
46.397 395619
46.97 395612
46.971 395609
46.987 395605
46.992 395601
46.994 395598
46.995 395594
47 395590
47.002 395587
47.005 395583
47.007 395580
47.011 395554
47.023 395541
47.024 395540
47.033 395533
47.034 395530
47.04 395514
47.131 395504
47.148 395501
47.226 395493
47.234 395464
47.236 395451
47.241 395447
47.247 395446
47.359 395437
47.363 395433
47.365 395423
47.367 395404
47.369 395402
47.371 395375
47.387 395362
47.401 395335
47.405 395327
47.458 395313
47.464 395311
47.469 395310
47.551 395309
47.553 395292
47.554 395264
47.558 395260
47.564 395256
47.567 395252
47.921 395225
47.922 395210
47.93 395202
47.938 395180
47.944 395174
47.948 395170
47.958 395168
47.989 395150
47.992 395147
47.999 395142
48.004 395141
48.022 395136
48.102 395127
48.131 395121
48.137 395120
48.138 395113
48.146 395104
48.148 395098
48.15 395093
48.152 395062
48.174 395055
48.177 395054
48.189 395037
48.19 395023
48.195 395017
48.209 395007
48.217 394997
48.225 394993
48.264 394989
48.265 394987
48.268 394978
48.279 394970
48.282 394967
48.284 394961
48.286 394959
48.29 394949
48.3 394945
48.302 394944
48.303 394942
48.319 394937
48.323 394933
48.336 394928
48.338 394927
48.349 394919
48.351 394918
50.548 394917
50.55 394904
50.553 394903
50.562 394895
50.565 394889
50.574 394886
50.58 394885
50.587 394884
50.589 394883
50.597 394870
50.6 394864
50.606 394852
50.611 394842
50.646 394835
50.717 394834
50.774 394808
50.821 394804
50.834 394803
50.836 394792
50.844 394787
50.855 394785
50.857 394779
50.866 394777
50.871 394769
50.883 394761
50.885 394759
50.888 394758
50.908 394757
50.91 394752
50.928 394728
50.933 394724
50.938 394718
51.004 394714
51.007 394713
51.012 394709
51.016 394707
51.047 394679
51.051 394671
51.056 394670
51.057 394661
51.429 394658
51.438 394655
51.439 394652
51.523 394651
51.525 394649
52.994 394635
52.996 394634
53.008 394632
53.01 394627
53.012 394624
53.017 394615
53.025 394612
53.581 394605
53.59 394602
53.604 394599
53.606 394573
53.607 394571
53.613 394559
53.624 394558
53.63 394553
53.634 394545
53.647 394525
53.663 394514
53.691 394478
53.695 394475
53.749 394472
53.75 394471
53.752 394461
53.836 394450
53.843 394448
53.846 394433
53.847 394418
53.857 394417
53.858 394413
53.971 394409
54.356 394406
54.363 394404
54.365 394402
54.37 394399
54.377 394389
54.39 394387
54.394 394376
54.398 394364
54.399 394363
54.405 394355
54.425 394347
54.446 394345
54.454 394332
54.475 394326
54.48 394325
54.502 394318
54.506 394317
54.517 394314
54.519 394312
54.559 394309
54.579 394305
54.718 394300
54.75 394270
54.752 394269
54.754 394263
55.002 394259
55.005 394253
55.013 394242
55.257 394213
55.271 394198
55.274 394197
55.307 394196
55.313 394183
55.316 394176
55.325 394173
55.329 394170
55.331 394166
55.339 394164
55.347 394160
55.366 394093
55.384 394091
55.42 394076
55.536 394071
55.545 394053
55.549 394051
55.567 394050
55.57 394047
55.576 394046
55.587 394045
55.595 394038
55.6 394031
55.601 394030
55.608 394029
55.619 394006
55.622 394004
55.626 394003
55.631 394001
55.637 393989
55.757 393977
55.772 393970
55.961 393964
55.976 393959
55.986 393957
56.002 393955
56.012 393924
56.552 393913
56.572 393909
56.657 393900
56.674 393897
56.679 393877
56.694 393875
56.698 393871
56.703 393866
56.706 393858
56.708 393846
56.711 393827
56.719 393822
56.728 393817
56.785 393806
56.788 393804
56.794 393789
56.799 393788
56.924 393787
56.926 393783
56.942 393782
56.945 393779
56.963 393776
56.965 393773
56.968 393771
57.16 393751
57.246 393749
57.272 393747
57.276 393743
57.414 393734
57.42 393730
57.422 393697
57.425 393695
57.429 393693
57.432 393692
57.436 393685
57.442 393681
57.444 393679
57.451 393678
57.517 393668
57.523 393653
57.545 393651
57.546 393646
57.548 393645
57.552 393626
57.572 393622
57.579 393620
57.737 393594
57.754 393592
58.071 393580
58.082 393577
58.087 393555
58.096 393550
58.102 393549
58.107 393532
58.116 393529
58.118 393518
58.162 393508
58.171 393501
58.183 393489
58.189 393487
58.197 393480
58.216 393478
58.227 393474
58.232 393467
58.473 393459
58.48 393454
58.499 393446
58.513 393443
58.518 393438
58.622 393434
58.626 393433
58.629 393427
58.632 393425
58.653 393424
58.674 393421
58.678 393420
58.689 393418
58.691 393416
59.127 393415
59.131 393414
59.146 393407
59.163 393405
59.166 393404
59.214 393401
59.218 393400
59.386 393398
59.392 393397
59.395 393392
59.406 393388
59.422 393386
59.45 393377
59.462 393362
59.498 393360
59.509 393358
59.522 393353
59.529 393350
59.537 393346
59.728 393344
59.746 393341
59.75 393340
59.775 393330
59.777 393320
59.788 393315
59.81 393311
59.812 393307
59.813 393305
59.828 393289
59.834 393278
59.873 393268
59.898 393265
59.933 393260
59.943 393259
59.945 393247
60.028 393242
60.029 393240
60.038 393232
60.046 393231
60.099 393227
60.109 393224
60.112 393216
60.128 393207
60.129 393206
60.136 393198
60.139 393197
60.222 393190
60.254 393186
60.295 393184
60.362 393176
60.371 393167
60.373 393158
60.376 393156
60.498 393151
60.499 393149
60.51 393147
60.52 393146
60.522 393144
60.687 393104
60.69 393100
61.038 393098
61.05 393097
61.073 393091
61.076 393084
61.079 393070
61.096 393067
61.121 393064
61.123 393059
61.14 393056
61.148 393045
61.194 393040
61.198 393035
61.234 393020
61.242 393015
61.25 393012
61.253 393009
61.263 393008
61.264 393004
61.268 393000
61.282 392998
61.291 392996
61.293 392987
61.339 392982
61.35 392980
61.355 392975
61.357 392970
61.362 392968
61.692 392938
61.749 392926
61.754 392914
61.756 392908
61.759 392907
61.767 392902
61.781 392901
61.786 392890
61.79 392885
61.793 392882
61.799 392877
61.817 392876
61.82 392871
61.826 392870
61.839 392865
61.843 392864
61.856 392861
61.858 392859
61.869 392856
61.962 392853
61.97 392852
61.974 392847
62.05 392846
62.057 392844
62.062 392842
62.075 392839
62.157 392835
62.163 392834
62.174 392833
62.18 392832
62.185 392823
62.198 392820
62.207 392819
62.222 392816
62.233 392814
62.236 392807
62.238 392806
62.24 392802
62.256 392798
62.258 392794
62.266 392792
62.27 392789
62.28 392787
62.284 392783
62.293 392780
62.303 392779
62.305 392778
62.329 392775
62.333 392774
62.371 392772
62.375 392764
62.382 392762
62.384 392759
62.397 392758
62.403 392753
62.404 392749
62.411 392738
62.413 392736
62.431 392730
63.015 392720
63.025 392717
63.026 392716
63.055 392713
63.063 392708
63.065 392701
63.083 392699
63.111 392698
63.115 392695
63.123 392687
63.131 392671
63.242 392666
63.256 392657
63.263 392655
63.275 392654
63.282 392652
63.434 392648
63.438 392645
63.458 392641
63.464 392638
63.475 392634
63.481 392621
64.4 392612
64.408 392608
64.424 392607
64.436 392603
64.456 392594
64.487 392585
64.491 392575
64.497 392572
64.51 392570
64.517 392568
64.518 392560
64.524 392559
64.527 392555
64.529 392549
64.531 392545
64.641 392544
64.663 392543
64.668 392539
64.72 392537
64.959 392536
64.964 392534
65.15 392527
65.164 392492
65.312 392488
65.332 392482
65.357 392478
65.359 392476
65.846 392475
65.858 392466
65.861 392463
65.918 392462
65.93 392452
65.932 392450
65.937 392446
65.951 392441
65.956 392439
65.969 392436
65.973 392433
65.978 392427
65.979 392420
66.023 392409
66.038 392406
66.06 392401
66.064 392393
66.079 392378
66.082 392376
66.088 392372
66.127 392367
66.168 392365
66.169 392350
66.174 392333
66.627 392328
66.66 392327
66.666 392324
66.684 392321
66.73 392319
66.748 392316
66.752 392315
66.823 392308
66.833 392304
66.851 392299
66.872 392292
66.876 392291
66.901 392289
66.92 392262
66.923 392259
66.929 392255
66.997 392253
67.014 392251
67.015 392250
67.018 392248
67.036 392247
67.042 392244
67.05 392236
67.281 392235
67.287 392233
67.29 392228
67.296 392227
67.316 392225
67.322 392223
67.339 392222
67.345 392206
67.402 392201
67.42 392197
67.423 392172
67.429 392168
67.478 392166
67.482 392162
67.786 392160
67.804 392156
67.861 392144
67.91 392130
67.936 392127
67.945 392122
67.949 392117
68.207 392112
68.225 392111
68.243 392110
68.245 392109
68.275 392108
68.277 392104
68.287 392101
68.298 392094
68.304 392091
68.326 392076
68.472 392072
68.475 392070
68.483 392068
68.506 392061
68.522 392057
68.524 392054
68.533 392048
68.546 392047
68.551 392033
68.552 392022
68.566 392003
68.574 391999
68.581 391998
68.6 391991
68.604 391978
68.607 391970
68.628 391968
68.696 391966
68.73 391959
68.733 391940
68.739 391938
68.747 391933
68.757 391932
68.784 391918
68.949 391916
69.649 391893
69.65 391892
69.655 391883
69.664 391871
69.668 391870
69.673 391862
69.677 391861
69.802 391849
70.076 391835
70.105 391828
70.108 391823
70.113 391821
70.157 391819
70.171 391815
70.252 391814
70.258 391813
70.33 391807
70.359 391806
70.366 391803
70.415 391801
71.501 391795
71.502 391792
71.505 391790
71.509 391789
71.595 391782
71.627 391780
71.785 391779
71.793 391778
71.796 391777
71.804 391769
71.807 391761
71.816 391753
71.83 391750
71.837 391749
71.855 391738
71.857 391737
71.867 391734
71.869 391731
71.878 391729
71.898 391718
71.914 391717
71.939 391716
71.951 391713
71.956 391712
71.961 391711
71.996 391702
72.009 391694
72.012 391691
72.017 391690
72.243 391689
72.248 391682
72.286 391681
72.383 391680
72.4 391677
72.411 391676
72.434 391675
72.443 391671
72.459 391664
72.471 391663
72.473 391661
72.483 391655
72.524 391649
72.548 391645
72.551 391641
72.615 391640
72.62 391639
72.654 391634
72.658 391630
72.678 391625
72.708 391622
72.71 391620
72.718 391619
72.728 391612
72.738 391607
72.745 391606
72.748 391603
72.789 391599
72.801 391589
72.819 391586
72.83 391583
72.838 391570
72.85 391568
73.247 391562
73.256 391558
73.265 391553
73.272 391552
73.274 391547
73.276 391546
73.332 391543
73.349 391535
73.358 391534
73.374 391532
73.377 391531
73.425 391526
73.482 391522
73.498 391512
73.568 391511
73.591 391508
73.62 391507
73.641 391499
73.643 391498
73.646 391497
73.69 391494
73.745 391492
73.749 391484
73.755 391482
73.756 391475
73.758 391470
73.798 391468
73.809 391464
73.812 391461
73.817 391459
73.821 391457
73.852 391451
73.857 391450
73.867 391443
73.876 391439
73.915 391437
73.942 391436
73.957 391432
73.968 391430
73.971 391427
74.04 391425
74.075 391416
74.085 391415
74.247 391414
74.286 391413
74.315 391412
74.316 391411
74.328 391408
74.356 391407
74.387 391406
74.392 391400
74.412 391394
74.417 391390
74.429 391387
74.43 391377
74.566 391376
74.607 391360
74.611 391359
74.614 391354
74.639 391353
74.641 391349
74.717 391346
74.719 391345
74.735 391344
74.739 391339
74.751 391338
74.763 391320
74.775 391305
74.811 391302
74.813 391291
74.819 391284
74.83 391282
74.837 391276
74.843 391273
74.853 391271
74.855 391270
74.866 391266
74.897 391264
74.898 391262
74.905 391261
75.253 391253
75.265 391242
75.287 391240
75.289 391233
75.291 391231
75.356 391225
75.365 391224
75.373 391220
75.398 391219
75.399 391217
75.458 391211
75.47 391207
75.484 391204
75.49 391202
75.499 391184
75.509 391171
75.513 391168
75.53 391164
75.531 391163
75.538 391161
75.544 391158
75.554 391156
75.572 391154
75.577 391153
75.592 391151
75.595 391148
75.622 391144
75.628 391143
75.631 391142
75.687 391139
75.703 391137
75.707 391136
75.73 391132
75.756 391130
75.773 391126
75.809 391109
75.852 391103
75.885 391098
75.889 391097
76.133 391095
76.139 391093
76.231 391091
76.249 391090
76.268 391089
76.282 391087
76.289 391084
76.298 391082
76.301 391075
76.302 391063
76.35 391056
76.351 391055
76.357 391054
76.359 391053
76.361 391044
76.647 391043
76.663 391040
76.666 391039
76.794 391037
76.8 391033
76.843 391029
76.844 391026
76.866 391019
76.88 391018
76.906 391017
77.068 391009
77.08 391002
77.098 390995
77.321 390992
77.324 390991
77.366 390987
77.451 390986
77.452 390985
77.455 390965
77.477 390954
77.511 390951
77.522 390950
77.523 390948
77.527 390937
77.529 390935
77.53 390934
77.544 390932
77.606 390928
77.612 390926
77.619 390925
77.683 390923
77.685 390917
78.317 390913
78.319 390909
78.327 390906
78.605 390905
78.607 390901
78.608 390898
78.614 390897
78.616 390895
78.636 390889
78.666 390885
78.671 390883
78.691 390879
78.704 390875
78.716 390858
78.741 390855
78.743 390853
78.785 390852
78.789 390851
78.803 390850
78.828 390848
78.917 390832
78.936 390830
78.951 390829
79.201 390825
79.228 390821
79.239 390820
79.284 390814
79.332 390813
79.382 390810
79.388 390809
79.413 390805
79.417 390802
79.439 390799
79.452 390795
79.468 390789
79.476 390786
79.479 390785
79.522 390781
79.592 390778
79.699 390776
79.735 390773
79.746 390772
79.785 390771
80.048 390761
80.054 390757
80.061 390755
80.07 390747
80.078 390743
80.103 390742
80.148 390732
80.252 390728
80.259 390713
80.271 390708
80.281 390696
80.29 390695
80.299 390688
80.306 390684
80.321 390683
80.36 390681
80.37 390678
80.39 390673
80.396 390669
80.408 390661
80.421 390660
80.437 390659
80.491 390657
80.499 390656
80.517 390646
80.544 390639
80.575 390634
80.601 390629
80.607 390628
80.612 390627
80.642 390625
80.644 390621
80.679 390615
80.713 390611
80.736 390607
80.749 390603
80.752 390601
80.762 390599
80.764 390584
80.785 390581
80.788 390578
80.821 390572
80.824 390570
80.839 390565
80.843 390564
80.845 390561
80.882 390559
80.912 390553
80.913 390551
80.922 390546
80.927 390545
80.984 390526
80.992 390519
81.04 390515
81.129 390506
81.131 390505
81.162 390502
81.168 390500
81.196 390499
81.228 390488
81.24 390487
81.249 390482
81.254 390475
81.255 390474
81.258 390473
81.259 390472
81.294 390471
81.302 390469
81.365 390467
81.505 390466
81.511 390463
81.545 390460
81.618 390457
81.653 390441
81.655 390440
81.68 390439
81.685 390435
81.695 390429
81.718 390427
81.725 390425
81.731 390410
81.921 390409
81.945 390403
81.948 390402
81.981 390401
82.031 390400
82.045 390397
82.059 390396
82.088 390393
82.112 390387
82.137 390384
82.14 390382
82.154 390380
82.164 390376
82.221 390373
82.261 390362
82.276 390357
82.309 390354
82.339 390345
82.358 390344
82.384 390343
82.392 390339
82.409 390338
82.592 390335
82.602 390332
82.611 390331
82.623 390330
82.627 390319
82.629 390316
82.645 390315
82.694 390312
82.702 390311
82.704 390307
82.711 390305
82.727 390302
82.733 390301
82.812 390300
82.82 390298
82.831 390295
82.906 390294
82.909 390289
82.913 390281
82.975 390279
82.981 390278
83.174 390277
83.191 390276
83.193 390274
83.2 390273
83.209 390272
83.216 390271
83.219 390268
83.292 390266
83.386 390264
83.397 390258
83.436 390257
83.502 390239
83.518 390234
83.524 390233
83.624 390226
83.65 390221
83.667 390207
83.67 390202
83.727 390200
83.735 390196
83.739 390195
83.779 390191
83.78 390185
83.821 390184
83.885 390178
83.907 390175
83.911 390174
83.914 390173
83.915 390172
83.925 390171
83.946 390161
84.047 390158
84.101 390156
84.252 390154
84.261 390152
84.276 390150
84.278 390141
84.28 390140
84.286 390133
84.355 390126
84.365 390123
84.366 390120
84.524 390116
84.536 390115
84.543 390113
84.55 390111
84.593 390107
84.605 390104
84.637 390103
84.64 390100
84.647 390097
84.652 390089
84.666 390088
84.669 390082
84.677 390081
84.693 390075
84.697 390074
84.698 390073
84.73 390057
84.794 390054
84.807 390052
84.815 390045
84.826 390041
84.83 390039
84.835 390037
84.929 390029
84.935 390028
84.939 390027
84.96 390026
84.97 390019
84.971 390017
84.985 390015
84.998 390013
85.019 390010
85.209 389999
85.221 389989
85.223 389982
85.226 389980
85.239 389979
85.285 389978
85.289 389977
85.348 389976
85.349 389973
85.358 389972
85.36 389970
85.363 389969
85.375 389965
85.394 389950
85.406 389948
85.412 389943
85.419 389942
85.445 389941
85.45 389939
85.461 389938
85.526 389930
85.534 389926
85.542 389921
85.638 389918
85.668 389916
85.907 389914
85.946 389913
85.952 389910
86.34 389906
86.346 389899
86.372 389892
86.46 389887
86.474 389882
86.491 389875
86.551 389873
86.566 389869
86.649 389866
86.651 389865
86.721 389864
86.737 389857
86.838 389852
86.868 389849
86.875 389847
86.878 389845
86.896 389839
86.973 389837
86.981 389836
87.017 389834
87.03 389832
87.039 389826
87.13 389820
87.138 389819
87.143 389812
87.144 389811
87.179 389809
87.209 389807
87.23 389806
87.273 389805
87.43 389802
87.453 389794
87.493 389792
87.522 389785
87.552 389784
87.624 389780
87.666 389775
87.693 389770
87.752 389769
87.78 389768
87.788 389759
87.794 389756
87.873 389754
87.945 389753
87.949 389752
87.96 389742
88.01 389741
88.017 389737
88.027 389725
88.07 389724
88.085 389718
88.089 389717
88.091 389716
88.539 389713
88.55 389707
88.551 389706
88.571 389705
88.578 389702
88.602 389701
88.631 389700
88.638 389699
88.645 389697
88.746 389695
88.791 389690
88.825 389686
88.847 389685
88.864 389682
88.909 389681
88.915 389678
88.977 389674
89.141 389673
89.161 389671
89.17 389670
89.206 389668
89.207 389664
89.221 389663
89.23 389662
89.308 389659
89.33 389652
89.335 389650
89.404 389649
89.41 389648
89.529 389647
89.541 389638
89.545 389636
89.55 389632
89.557 389631
89.811 389623
89.874 389614
89.879 389612
89.881 389611
89.887 389609
89.923 389606
89.94 389605
90.024 389602
90.027 389601
90.043 389596
90.05 389583
90.065 389579
90.069 389572
90.075 389570
90.099 389568
90.138 389565
90.151 389563
90.169 389562
90.213 389560
90.228 389559
90.244 389558
90.251 389557
90.341 389556
90.37 389553
90.575 389547
90.74 389542
90.748 389539
90.764 389535
90.775 389519
90.787 389518
90.792 389517
90.793 389514
90.804 389511
90.997 389502
91.015 389501
91.088 389498
91.095 389497
91.198 389496
91.274 389492
91.279 389491
91.29 389486
91.313 389482
91.317 389481
91.332 389476
91.337 389470
91.664 389467
91.679 389458
91.812 389447
91.833 389446
91.97 389442
91.988 389439
92.455 389430
92.467 389428
92.477 389424
92.483 389419
92.581 389418
92.594 389417
92.597 389410
92.609 389408
92.611 389406
92.613 389404
92.658 389397
92.675 389395
92.732 389394
92.769 389391
92.775 389390
92.801 389388
92.806 389385
92.869 389382
92.959 389378
92.996 389376
93.035 389370
93.073 389369
93.248 389368
93.362 389367
93.402 389364
93.408 389363
93.438 389360
93.448 389358
93.493 389355
93.503 389350
93.519 389337
93.539 389336
93.671 389333
93.676 389329
93.714 389308
94.137 389298
94.148 389296
94.178 389288
94.208 389286
94.223 389282
94.288 389280
94.344 389279
94.384 389277
94.429 389274
94.453 389273
94.466 389262
94.468 389259
94.486 389254
94.499 389249
94.536 389248
94.544 389246
94.58 389239
94.582 389232
94.597 389229
94.6 389217
94.618 389216
94.625 389213
94.649 389211
94.663 389200
94.749 389197
94.754 389195
94.838 389194
94.843 389191
94.957 389188
94.975 389184
95.017 389182
95.019 389181
95.102 389180
95.108 389177
95.127 389175
95.129 389174
95.131 389173
95.178 389169
95.21 389168
95.219 389167
95.242 389166
95.293 389163
95.388 389157
95.411 389154
95.444 389151
95.473 389145
95.494 389142
95.646 389139
95.65 389127
95.662 389126
95.796 389125
95.803 389123
95.807 389122
95.834 389120
95.836 389117
95.91 389114
95.965 389113
95.996 389112
96.194 389106
96.213 389105
96.334 389102
96.343 389101
96.374 389100
96.452 389099
96.509 389098
96.514 389081
96.624 389076
96.646 389075
96.66 389072
96.702 389064
96.707 389062
96.908 389058
96.924 389057
96.954 389056
96.963 389053
96.968 389052
96.987 389050
96.99 389049
97.014 389046
97.064 389044
97.086 389039
97.111 389038
97.146 389036
97.248 389032
97.39 389024
97.392 389023
97.398 389022
97.406 389021
97.432 389020
97.45 389018
97.457 389017
97.487 389016
97.491 389014
97.783 389010
97.833 389009
97.87 389008
97.875 388999
97.878 388996
97.918 388995
97.929 388994
97.998 388993
98.033 388992
98.04 388991
98.151 388990
98.279 388988
98.291 388983
98.332 388982
98.38 388981
98.393 388980
98.413 388978
98.462 388976
98.488 388969
98.503 388966
98.515 388964
98.573 388962
98.636 388958
98.656 388956
98.681 388953
98.686 388951
98.697 388950
98.704 388949
98.921 388948
99.054 388947
99.086 388939
99.092 388938
99.453 388937
99.464 388936
99.471 388934
99.483 388931
99.505 388927
99.515 388919
99.569 388918
99.574 388916
99.657 388915
99.659 388914
99.677 388913
99.698 388912
99.75 388909
99.819 388906
99.825 388905
99.842 388902
99.846 388900
99.871 388896
99.873 388895
99.88 388889
99.882 388880
99.92 388877
99.96 388872
100.12 388869
100.138 388868
100.21 388866
100.243 388860
100.306 388853
100.329 388852
100.331 388847
100.336 388844
100.339 388841
100.438 388833
100.448 388831
100.482 388829
100.511 388827
100.522 388825
100.558 388821
100.581 388819
100.585 388817
100.623 388810
100.652 388809
100.746 388804
100.762 388802
100.766 388800
100.768 388799
100.87 388795
100.893 388794
100.909 388793
100.937 388787
100.957 388783
100.989 388782
100.996 388781
101.062 388780
101.102 388779
101.107 388775
101.144 388767
101.155 388766
101.262 388764
101.28 388748
101.333 388742
101.349 388738
101.36 388737
101.381 388736
101.392 388733
101.398 388728
101.462 388727
101.49 388724
101.512 388721
101.517 388720
101.673 388719
101.693 388717
101.697 388712
101.705 388711
101.717 388709
101.724 388707
101.728 388706
101.746 388704
101.88 388702
101.906 388701
101.967 388700
101.971 388697
101.977 388696
101.986 388695
102.003 388694
102.007 388691
102.017 388690
102.047 388687
102.071 388684
102.081 388682
102.129 388676
102.266 388675
102.271 388674
102.285 388671
102.295 388668
102.318 388666
102.408 388664
102.444 388657
102.66 388656
102.666 388655
102.694 388651
102.804 388650
102.898 388647
102.923 388646
103.216 388630
103.249 388629
103.259 388627
103.382 388625
103.449 388624
103.519 388610
103.585 388609
103.596 388603
103.681 388594
103.695 388593
103.736 388590
103.793 388589
103.827 388587
103.838 388586
103.851 388584
103.855 388579
103.88 388578
103.908 388577
103.985 388572
103.99 388571
103.993 388565
104.017 388559
104.074 388548
104.152 388547
104.157 388546
104.18 388545
104.205 388542
104.211 388538
104.66 388530
104.715 388525
104.728 388520
104.774 388517
104.784 388516
104.922 388515
104.959 388514
105.041 388513
105.127 388511
105.153 388507
105.158 388505
105.257 388500
105.293 388493
105.473 388492
105.514 388490
105.519 388488
105.539 388487
105.639 388486
105.679 388484
105.705 388482
105.745 388481
105.804 388478
105.822 388467
105.84 388466
105.903 388458
106.034 388457
106.092 388450
106.103 388449
106.105 388439
106.117 388437
106.148 388434
106.166 388432
106.176 388430
106.338 388429
106.724 388428
106.757 388425
106.763 388407
106.9 388401
106.947 388400
107.131 388399
107.16 388398
107.201 388389
107.235 388384
107.254 388383
107.275 388382
107.305 388380
107.473 388379
107.507 388378
107.543 388376
107.551 388372
107.664 388371
107.69 388370
107.704 388369
107.766 388364
108.002 388357
108.111 388356
108.13 388354
108.176 388347
108.241 388346
108.262 388345
108.299 388340
108.317 388338
108.492 388337
108.539 388335
108.546 388333
108.644 388331
108.727 388326
108.751 388323
108.929 388312
109.025 388308
109.055 388305
109.087 388304
109.29 388302
109.322 388298
109.371 388296
109.47 388295
109.662 388294
109.702 388292
109.765 388288
109.771 388286
109.896 388281
109.926 388276
109.996 388275
110.059 388274
110.234 388271
110.275 388270
110.329 388259
110.375 388258
110.411 388256
110.578 388254
110.633 388253
110.724 388251
110.802 388250
111.052 388247
111.249 388246
111.316 388244
111.334 388243
111.371 388242
111.416 388241
111.487 388240
111.63 388237
111.689 388231
111.727 388230
111.879 388229
112.001 388228
112.166 388227
112.282 388226
112.327 388225
112.385 388224
112.397 388222
112.401 388221
112.429 388220
112.558 388213
112.613 388212
112.647 388211
112.661 388203
112.684 388197
112.732 388196
112.741 388195
112.755 388192
112.828 388191
112.857 388189
113.081 388185
113.1 388184
113.146 388182
113.164 388180
113.181 388176
113.265 388175
113.295 388174
113.348 388172
113.368 388171
113.417 388169
113.445 388167
113.623 388165
113.632 388163
113.641 388159
113.692 388155
113.695 388154
113.746 388152
113.768 388150
113.853 388148
113.858 388147
113.881 388146
113.889 388140
113.938 388139
114.018 388136
114.032 388132
114.042 388130
114.439 388129
114.455 388127
114.461 388126
114.494 388125
114.52 388124
114.54 388122
114.562 388121
114.589 388120
114.629 388119
114.648 388118
114.668 388116
114.691 388115
114.709 388110
114.727 388105
114.776 388104
114.838 388103
114.85 388098
114.938 388097
114.96 388095
115.013 388094
115.051 388091
115.185 388087
115.257 388086
115.327 388084
115.334 388081
115.389 388079
115.502 388074
115.504 388073
115.524 388062
115.57 388060
115.597 388052
115.599 388049
115.688 388047
115.696 388044
115.731 388043
115.743 388042
115.744 388037
115.762 388035
115.849 388034
116.381 388032
116.456 388030
116.521 388028
116.615 388025
116.627 388023
116.651 388020
116.701 388019
116.706 388012
116.739 388008
116.75 388007
116.754 388005
117.633 388003
117.645 388002
117.796 388001
118.462 388000
118.463 387991
118.635 387990
118.671 387986
118.729 387983
118.798 387974
118.8 387972
118.911 387961
118.959 387952
118.989 387951
119.053 387948
119.133 387947
119.196 387946
119.201 387941
119.212 387940
119.241 387939
119.292 387935
119.328 387933
119.347 387932
119.355 387931
119.362 387930
119.654 387917
119.755 387913
119.78 387911
119.814 387908
119.83 387904
119.856 387900
119.868 387899
120.007 387897
120.015 387891
120.066 387889
120.089 387888
120.101 387884
120.124 387883
120.131 387882
120.23 387879
120.241 387878
120.334 387876
120.357 387875
120.462 387870
120.572 387869
120.726 387868
120.817 387867
120.97 387866
120.972 387864
121.056 387861
121.293 387857
121.337 387852
121.341 387851
121.381 387849
121.398 387846
121.4 387842
121.421 387840
121.542 387839
121.729 387838
121.743 387837
121.804 387835
121.893 387831
122.013 387829
122.146 387828
122.212 387826
122.219 387825
122.251 387823
122.288 387822
122.335 387821
122.386 387820
122.451 387818
122.482 387817
122.485 387816
122.602 387815
122.671 387812
122.689 387811
122.699 387809
122.789 387808
122.797 387803
122.864 387801
122.947 387800
122.999 387792
123.158 387786
123.189 387785
123.225 387784
123.231 387780
123.234 387779
123.249 387774
123.254 387773
123.281 387772
123.34 387771
123.374 387770
123.402 387768
123.445 387767
123.509 387766
123.521 387764
123.547 387761
123.66 387760
123.77 387759
123.79 387758
123.877 387756
123.892 387754
123.996 387753
124.035 387752
124.098 387751
124.101 387749
124.127 387747
124.142 387745
124.173 387744
124.197 387742
124.536 387741
124.578 387736
124.607 387733
124.626 387732
124.749 387730
124.772 387728
124.9 387727
125.03 387726
125.056 387720
125.059 387719
125.357 387716
125.425 387706
125.435 387704
125.503 387703
125.573 387702
125.622 387701
125.676 387699
125.68 387698
125.796 387696
125.801 387692
125.819 387691
125.833 387690
125.868 387680
125.931 387679
125.94 387678
126.001 387676
126.018 387672
126.042 387671
126.052 387670
126.111 387669
126.196 387668
126.218 387667
126.292 387662
126.426 387660
126.429 387655
126.55 387653
126.624 387651
126.686 387650
126.948 387649
127.023 387648
127.094 387647
127.113 387645
127.206 387641
127.239 387640
127.544 387639
127.563 387637
127.591 387634
127.616 387633
127.863 387631
128.02 387630
128.115 387629
128.117 387626
128.127 387621
128.135 387618
128.286 387617
128.449 387616
128.462 387615
128.569 387613
128.678 387612
128.714 387611
128.728 387610
128.744 387607
128.805 387602
128.82 387601
128.985 387598
