16.039 5.61116e+06
16.04 5.61089e+06
16.043 5.61028e+06
16.045 5.61024e+06
16.047 5.61023e+06
16.048 5.61022e+06
16.05 5.60998e+06
16.052 5.60989e+06
16.053 5.60987e+06
16.055 5.60975e+06
16.057 5.60934e+06
16.059 5.60909e+06
16.061 5.60899e+06
16.062 5.60878e+06
16.064 5.60875e+06
16.067 5.6087e+06
16.069 5.60869e+06
16.071 5.60846e+06
16.072 5.60835e+06
16.075 5.60803e+06
16.077 5.60794e+06
16.079 5.60697e+06
16.081 5.60694e+06
16.082 5.6069e+06
16.084 5.60671e+06
16.086 5.60663e+06
16.088 5.6066e+06
16.089 5.60646e+06
16.091 5.60638e+06
16.093 5.60624e+06
16.095 5.60624e+06
16.096 5.60624e+06
16.098 5.60604e+06
16.1 5.60603e+06
16.102 5.6057e+06
16.104 5.60566e+06
16.106 5.60564e+06
16.109 5.6054e+06
16.112 5.60506e+06
16.114 5.6048e+06
16.117 5.60476e+06
16.119 5.60445e+06
16.121 5.60415e+06
16.123 5.60409e+06
16.125 5.60384e+06
16.129 5.60368e+06
16.131 5.60361e+06
16.134 5.60266e+06
16.137 5.60259e+06
16.139 5.60243e+06
16.141 5.60239e+06
16.142 5.60238e+06
16.144 5.60191e+06
16.146 5.60189e+06
16.163 5.60139e+06
16.165 5.601e+06
16.168 5.60071e+06
16.17 5.60056e+06
16.173 5.60018e+06
16.181 5.60004e+06
16.183 5.60002e+06
16.184 5.59968e+06
16.186 5.59963e+06
16.187 5.59963e+06
16.189 5.59955e+06
16.194 5.59936e+06
16.195 5.59934e+06
16.197 5.59916e+06
16.199 5.5991e+06
16.201 5.59906e+06
16.203 5.59896e+06
16.205 5.59893e+06
16.206 5.5989e+06
16.208 5.59884e+06
16.21 5.59884e+06
16.212 5.59879e+06
16.214 5.59878e+06
16.216 5.59874e+06
16.218 5.59871e+06
16.22 5.59851e+06
16.222 5.59849e+06
16.223 5.59825e+06
16.226 5.59819e+06
16.228 5.59807e+06
16.23 5.59799e+06
16.232 5.59793e+06
16.234 5.59771e+06
16.236 5.59771e+06
16.237 5.59728e+06
16.239 5.59727e+06
16.241 5.59721e+06
16.244 5.59693e+06
16.246 5.59623e+06
16.248 5.59616e+06
16.25 5.59605e+06
16.252 5.59605e+06
16.256 5.59532e+06
16.258 5.59491e+06
16.259 5.5949e+06
16.261 5.59477e+06
16.263 5.59459e+06
16.265 5.59455e+06
16.267 5.59452e+06
16.269 5.59447e+06
16.271 5.59446e+06
16.273 5.59413e+06
16.275 5.59181e+06
16.277 5.59177e+06
16.279 5.59176e+06
16.281 5.5916e+06
16.285 5.59156e+06
16.288 5.59139e+06
16.289 5.59119e+06
16.291 5.59108e+06
16.293 5.59084e+06
16.295 5.59082e+06
16.297 5.59081e+06
16.298 5.59058e+06
16.3 5.5905e+06
16.301 5.59041e+06
16.303 5.59041e+06
16.305 5.59029e+06
16.308 5.59022e+06
16.309 5.59008e+06
16.311 5.58991e+06
16.315 5.58974e+06
16.317 5.5897e+06
16.319 5.58951e+06
16.321 5.58938e+06
16.325 5.58928e+06
16.326 5.58924e+06
16.332 5.58906e+06
16.334 5.58878e+06
16.336 5.58878e+06
16.338 5.58849e+06
16.34 5.5884e+06
16.342 5.58838e+06
16.344 5.58833e+06
16.346 5.58829e+06
16.348 5.58826e+06
16.349 5.58816e+06
16.351 5.58814e+06
16.353 5.58813e+06
16.354 5.5881e+06
16.356 5.58787e+06
16.359 5.58778e+06
16.361 5.58772e+06
16.363 5.58767e+06
16.365 5.58735e+06
16.368 5.58733e+06
16.371 5.58687e+06
16.373 5.58673e+06
16.376 5.5867e+06
16.378 5.58667e+06
16.379 5.58663e+06
16.384 5.58659e+06
16.385 5.58639e+06
16.387 5.58629e+06
16.389 5.58603e+06
16.39 5.58592e+06
16.394 5.5858e+06
16.397 5.58578e+06
16.399 5.58572e+06
16.403 5.58559e+06
16.404 5.58541e+06
16.407 5.58535e+06
16.409 5.58507e+06
16.411 5.58506e+06
16.413 5.58463e+06
16.414 5.58462e+06
16.419 5.58443e+06
16.422 5.58434e+06
16.424 5.58429e+06
16.429 5.5842e+06
16.431 5.58419e+06
16.432 5.58412e+06
16.435 5.58396e+06
16.436 5.5839e+06
16.438 5.58385e+06
16.442 5.58371e+06
16.444 5.58353e+06
16.446 5.58345e+06
16.448 5.5834e+06
16.451 5.58339e+06
16.453 5.58267e+06
16.454 5.58266e+06
16.456 5.58266e+06
16.458 5.58243e+06
16.461 5.58227e+06
16.463 5.58143e+06
16.465 5.58139e+06
16.469 5.58133e+06
16.471 5.58115e+06
16.473 5.58114e+06
16.474 5.58099e+06
16.476 5.58084e+06
16.478 5.58078e+06
16.48 5.58074e+06
16.481 5.58065e+06
16.484 5.58065e+06
16.486 5.58059e+06
16.489 5.58051e+06
16.493 5.58035e+06
16.495 5.58033e+06
16.496 5.58032e+06
16.498 5.58032e+06
16.502 5.58029e+06
16.503 5.58019e+06
16.506 5.58001e+06
16.509 5.58001e+06
16.511 5.57978e+06
16.514 5.57934e+06
16.518 5.57928e+06
16.52 5.57927e+06
16.522 5.57923e+06
16.523 5.57916e+06
16.527 5.57916e+06
16.53 5.57915e+06
16.532 5.57882e+06
16.533 5.57865e+06
16.535 5.57862e+06
16.538 5.57857e+06
16.54 5.5785e+06
16.541 5.57848e+06
16.544 5.57828e+06
16.547 5.57798e+06
16.548 5.57786e+06
16.55 5.57785e+06
16.552 5.57725e+06
16.555 5.57672e+06
16.558 5.5767e+06
16.56 5.57669e+06
16.563 5.57653e+06
16.566 5.5764e+06
16.568 5.57589e+06
16.576 5.57567e+06
16.578 5.57564e+06
16.58 5.5756e+06
16.586 5.57548e+06
16.587 5.57529e+06
16.591 5.57522e+06
16.593 5.57522e+06
16.595 5.57478e+06
16.597 5.57477e+06
16.598 5.57453e+06
16.601 5.57452e+06
16.603 5.57424e+06
16.605 5.57401e+06
16.607 5.57397e+06
16.609 5.57359e+06
16.612 5.57353e+06
16.615 5.57348e+06
16.616 5.57336e+06
16.62 5.57327e+06
16.622 5.57318e+06
16.624 5.57303e+06
16.625 5.57303e+06
16.628 5.57268e+06
16.63 5.57267e+06
16.632 5.57265e+06
16.638 5.57263e+06
16.639 5.57262e+06
16.641 5.57261e+06
16.644 5.57208e+06
16.646 5.57201e+06
16.654 5.57187e+06
16.657 5.57183e+06
16.659 5.57176e+06
16.665 5.57156e+06
16.667 5.57152e+06
16.668 5.57134e+06
16.671 5.5713e+06
16.673 5.57129e+06
16.675 5.57124e+06
16.68 5.57117e+06
16.682 5.57114e+06
16.683 5.57101e+06
16.687 5.57091e+06
16.688 5.5709e+06
16.69 5.57073e+06
16.693 5.57057e+06
16.694 5.57054e+06
16.696 5.57049e+06
16.699 5.57037e+06
16.701 5.57011e+06
16.703 5.56993e+06
16.706 5.56943e+06
16.707 5.56942e+06
16.711 5.56934e+06
16.713 5.56928e+06
16.715 5.56909e+06
16.717 5.56909e+06
16.719 5.56888e+06
16.721 5.56888e+06
16.724 5.56879e+06
16.727 5.56879e+06
16.728 5.5687e+06
16.731 5.56797e+06
16.733 5.56795e+06
16.742 5.56789e+06
16.745 5.56773e+06
16.747 5.56773e+06
16.748 5.56764e+06
16.752 5.56756e+06
16.755 5.56754e+06
16.758 5.56738e+06
16.759 5.56726e+06
16.761 5.56718e+06
16.764 5.56717e+06
16.789 5.56716e+06
16.791 5.56703e+06
16.793 5.567e+06
16.794 5.56697e+06
16.796 5.56697e+06
16.798 5.56695e+06
16.799 5.56674e+06
16.801 5.56674e+06
16.804 5.56671e+06
16.806 5.56671e+06
16.807 5.5667e+06
16.81 5.56666e+06
16.813 5.56655e+06
16.814 5.56653e+06
16.819 5.56652e+06
16.821 5.56616e+06
16.824 5.56612e+06
16.826 5.56592e+06
16.829 5.56588e+06
16.835 5.56588e+06
16.836 5.56587e+06
16.838 5.56587e+06
16.842 5.56584e+06
16.843 5.5658e+06
16.846 5.56557e+06
16.851 5.56548e+06
16.855 5.56536e+06
16.859 5.56535e+06
16.863 5.56456e+06
16.865 5.56454e+06
16.867 5.56452e+06
16.87 5.56376e+06
16.871 5.56374e+06
16.873 5.56374e+06
16.876 5.56374e+06
16.877 5.56369e+06
16.883 5.56368e+06
16.884 5.56365e+06
16.887 5.56349e+06
16.889 5.56348e+06
16.89 5.56342e+06
16.897 5.56336e+06
16.907 5.56331e+06
16.909 5.56254e+06
16.91 5.56252e+06
16.912 5.56247e+06
16.926 5.56244e+06
16.93 5.56239e+06
16.932 5.56214e+06
16.934 5.56203e+06
16.937 5.56191e+06
16.949 5.56177e+06
16.952 5.56175e+06
16.954 5.56172e+06
16.956 5.56159e+06
16.96 5.56142e+06
16.963 5.56131e+06
16.965 5.56108e+06
16.969 5.5609e+06
17.018 5.56076e+06
17.019 5.56075e+06
17.021 5.56072e+06
17.022 5.56064e+06
17.024 5.56056e+06
17.026 5.56018e+06
17.028 5.56018e+06
17.032 5.56013e+06
17.034 5.56011e+06
17.035 5.5601e+06
17.038 5.56007e+06
17.04 5.55997e+06
17.046 5.55992e+06
17.049 5.55988e+06
17.05 5.55987e+06
17.054 5.5591e+06
17.056 5.55879e+06
17.058 5.55871e+06
17.062 5.5586e+06
17.065 5.55855e+06
17.07 5.55852e+06
17.075 5.5585e+06
17.078 5.55847e+06
17.082 5.55838e+06
17.086 5.55826e+06
17.091 5.55826e+06
17.093 5.55821e+06
17.095 5.5582e+06
17.096 5.55819e+06
17.098 5.55808e+06
17.101 5.55804e+06
17.102 5.55795e+06
17.106 5.55791e+06
17.11 5.5579e+06
17.111 5.55789e+06
17.113 5.55788e+06
17.116 5.55781e+06
17.118 5.55773e+06
17.125 5.55765e+06
17.128 5.55764e+06
17.132 5.55764e+06
17.134 5.55763e+06
17.136 5.5576e+06
17.138 5.55759e+06
17.14 5.55751e+06
17.142 5.5575e+06
17.145 5.55705e+06
17.148 5.55668e+06
17.151 5.55657e+06
17.154 5.55653e+06
17.156 5.5564e+06
17.159 5.55626e+06
17.162 5.5561e+06
17.166 5.55609e+06
17.171 5.55599e+06
17.173 5.55579e+06
17.175 5.55579e+06
17.184 5.55512e+06
17.185 5.55512e+06
17.19 5.5551e+06
17.195 5.55485e+06
17.198 5.55462e+06
17.2 5.55461e+06
17.202 5.55459e+06
17.203 5.55459e+06
17.208 5.55453e+06
17.211 5.55448e+06
17.213 5.55446e+06
17.215 5.55429e+06
17.217 5.55417e+06
17.219 5.55408e+06
17.221 5.55386e+06
17.226 5.55383e+06
17.228 5.55381e+06
17.23 5.5538e+06
17.232 5.55379e+06
17.236 5.55346e+06
17.24 5.5534e+06
17.242 5.55318e+06
17.244 5.55306e+06
17.25 5.55275e+06
17.251 5.55274e+06
17.254 5.55272e+06
17.256 5.55268e+06
17.257 5.55246e+06
17.259 5.55235e+06
17.262 5.55233e+06
17.264 5.55225e+06
17.265 5.55224e+06
17.267 5.55217e+06
17.269 5.55209e+06
17.271 5.55203e+06
17.278 5.55186e+06
17.28 5.55146e+06
17.281 5.55143e+06
17.284 5.55087e+06
17.287 5.55082e+06
17.288 5.55064e+06
17.298 5.55057e+06
17.302 5.55057e+06
17.304 5.5503e+06
17.306 5.55012e+06
17.308 5.55011e+06
17.31 5.55e+06
17.312 5.54993e+06
17.317 5.54981e+06
17.319 5.54959e+06
17.321 5.54958e+06
17.323 5.54957e+06
17.325 5.5495e+06
17.35 5.54938e+06
17.352 5.54918e+06
17.355 5.54917e+06
17.361 5.54913e+06
17.362 5.54912e+06
17.364 5.54906e+06
17.366 5.54899e+06
17.368 5.54843e+06
17.37 5.54843e+06
17.372 5.54784e+06
17.375 5.54783e+06
17.378 5.54782e+06
17.38 5.54722e+06
17.382 5.54706e+06
17.388 5.54702e+06
17.39 5.54684e+06
17.393 5.54678e+06
17.395 5.54667e+06
17.398 5.54648e+06
17.416 5.54643e+06
17.419 5.54633e+06
17.425 5.54625e+06
17.429 5.54624e+06
17.432 5.54621e+06
17.433 5.54607e+06
17.435 5.54574e+06
17.439 5.54564e+06
17.441 5.54563e+06
17.443 5.54552e+06
17.444 5.54551e+06
17.446 5.54537e+06
17.448 5.54533e+06
17.452 5.54497e+06
17.455 5.54495e+06
17.457 5.54479e+06
17.463 5.54475e+06
17.469 5.54464e+06
17.474 5.54462e+06
17.479 5.54455e+06
17.48 5.54455e+06
17.49 5.5445e+06
17.494 5.54436e+06
17.496 5.54436e+06
17.497 5.54431e+06
17.5 5.5443e+06
17.502 5.54416e+06
17.505 5.54416e+06
17.507 5.54415e+06
17.509 5.54414e+06
17.512 5.54413e+06
17.52 5.54412e+06
17.523 5.54412e+06
17.533 5.54364e+06
17.535 5.5436e+06
17.537 5.54358e+06
17.54 5.54337e+06
17.542 5.54329e+06
17.547 5.54328e+06
17.551 5.54294e+06
17.555 5.54269e+06
17.558 5.54264e+06
17.566 5.54254e+06
17.569 5.5425e+06
17.572 5.54249e+06
17.575 5.54242e+06
17.584 5.54242e+06
17.592 5.54217e+06
17.593 5.54202e+06
17.595 5.5414e+06
17.599 5.5414e+06
17.601 5.54133e+06
17.605 5.5413e+06
17.606 5.5413e+06
17.608 5.54093e+06
17.611 5.54085e+06
17.613 5.54084e+06
17.621 5.54073e+06
17.624 5.54051e+06
17.627 5.54047e+06
17.644 5.54033e+06
17.65 5.54029e+06
17.652 5.54025e+06
17.657 5.53998e+06
17.659 5.53996e+06
17.661 5.53989e+06
17.664 5.53988e+06
17.666 5.53982e+06
17.667 5.53974e+06
17.671 5.53971e+06
17.677 5.53962e+06
17.679 5.53959e+06
17.684 5.53958e+06
17.686 5.53957e+06
17.69 5.53957e+06
17.692 5.53951e+06
17.694 5.53943e+06
17.707 5.53846e+06
17.739 5.53844e+06
17.745 5.53809e+06
17.748 5.53793e+06
17.753 5.53793e+06
17.755 5.53781e+06
17.78 5.53773e+06
17.782 5.53741e+06
17.888 5.53637e+06
17.893 5.53611e+06
17.898 5.53609e+06
17.899 5.53608e+06
17.901 5.53581e+06
17.906 5.53581e+06
17.908 5.5358e+06
17.912 5.53559e+06
17.914 5.53537e+06
17.917 5.53536e+06
17.92 5.53535e+06
17.923 5.53474e+06
17.925 5.53467e+06
17.928 5.53433e+06
17.931 5.53433e+06
17.936 5.53429e+06
17.938 5.53422e+06
17.941 5.53367e+06
17.957 5.53363e+06
17.959 5.53354e+06
17.961 5.53352e+06
17.965 5.53345e+06
17.967 5.53333e+06
17.975 5.53321e+06
17.977 5.5332e+06
17.981 5.53313e+06
17.984 5.53309e+06
17.988 5.5327e+06
17.99 5.53269e+06
17.993 5.53214e+06
18.001 5.53213e+06
18.005 5.53213e+06
18.01 5.53213e+06
18.013 5.53211e+06
18.015 5.5321e+06
18.016 5.53209e+06
18.018 5.53204e+06
18.028 5.53201e+06
18.031 5.53189e+06
18.032 5.53168e+06
18.035 5.53156e+06
18.037 5.53151e+06
18.049 5.53101e+06
18.051 5.53095e+06
18.053 5.53081e+06
18.056 5.53021e+06
18.061 5.53015e+06
18.063 5.53006e+06
18.085 5.52998e+06
18.088 5.52984e+06
18.092 5.52983e+06
18.096 5.52982e+06
18.099 5.52982e+06
18.101 5.52981e+06
18.106 5.52948e+06
18.112 5.52945e+06
18.113 5.52945e+06
18.116 5.52942e+06
18.139 5.52936e+06
18.146 5.52936e+06
18.149 5.52916e+06
18.152 5.52901e+06
18.154 5.5289e+06
18.156 5.52867e+06
18.158 5.52832e+06
18.166 5.5282e+06
18.173 5.52819e+06
18.175 5.52819e+06
18.177 5.52817e+06
18.179 5.52806e+06
18.181 5.52795e+06
18.2 5.52782e+06
18.212 5.52775e+06
18.273 5.52771e+06
18.275 5.5277e+06
18.285 5.52766e+06
18.287 5.52756e+06
18.295 5.52753e+06
18.298 5.52752e+06
18.304 5.52743e+06
18.306 5.52719e+06
18.308 5.52704e+06
18.317 5.52702e+06
18.318 5.52702e+06
18.328 5.52694e+06
18.339 5.52654e+06
18.346 5.52652e+06
18.35 5.5265e+06
18.355 5.52648e+06
18.359 5.52645e+06
18.362 5.52636e+06
18.368 5.52628e+06
18.37 5.52618e+06
18.415 5.52603e+06
18.418 5.52602e+06
18.424 5.52599e+06
18.429 5.52592e+06
18.43 5.52584e+06
18.437 5.52572e+06
18.442 5.52571e+06
18.449 5.52569e+06
18.451 5.52568e+06
18.457 5.52545e+06
18.462 5.52537e+06
18.566 5.52528e+06
18.568 5.52527e+06
18.767 5.52506e+06
18.769 5.525e+06
18.771 5.52495e+06
18.773 5.52481e+06
18.775 5.52479e+06
18.777 5.52478e+06
18.78 5.52478e+06
18.784 5.52464e+06
18.789 5.52456e+06
18.791 5.52454e+06
18.859 5.52439e+06
18.864 5.52438e+06
18.866 5.52437e+06
18.945 5.52435e+06
18.972 5.52279e+06
18.975 5.52277e+06
18.977 5.52275e+06
18.981 5.5227e+06
18.986 5.52266e+06
18.991 5.52266e+06
18.993 5.52255e+06
18.995 5.52255e+06
18.998 5.52254e+06
19.004 5.52246e+06
19.006 5.52225e+06
19.009 5.52224e+06
19.032 5.52213e+06
19.04 5.52202e+06
19.047 5.5214e+06
19.05 5.52103e+06
19.052 5.52099e+06
19.054 5.52093e+06
19.056 5.52091e+06
19.066 5.52086e+06
19.068 5.5208e+06
19.076 5.52077e+06
19.077 5.52069e+06
19.081 5.52068e+06
19.09 5.52055e+06
19.092 5.52002e+06
19.096 5.52001e+06
19.098 5.52001e+06
19.161 5.51982e+06
19.164 5.51965e+06
19.168 5.51962e+06
19.17 5.5195e+06
19.174 5.51949e+06
19.186 5.51764e+06
19.19 5.51757e+06
19.235 5.51747e+06
19.237 5.51735e+06
19.253 5.51713e+06
19.256 5.51711e+06
19.259 5.51705e+06
19.265 5.51698e+06
19.267 5.51693e+06
19.269 5.51686e+06
19.278 5.51676e+06
19.281 5.51658e+06
19.287 5.51616e+06
19.289 5.51612e+06
19.295 5.5161e+06
19.296 5.51606e+06
19.298 5.51593e+06
19.304 5.51574e+06
19.306 5.51558e+06
19.308 5.51538e+06
19.31 5.51537e+06
19.312 5.51537e+06
19.332 5.51504e+06
19.337 5.51494e+06
19.342 5.51397e+06
19.345 5.51396e+06
19.347 5.51379e+06
19.365 5.5137e+06
19.382 5.51363e+06
19.384 5.51358e+06
19.387 5.51358e+06
19.389 5.51348e+06
19.411 5.51344e+06
19.415 5.51321e+06
19.42 5.51319e+06
19.423 5.51318e+06
19.429 5.51303e+06
19.431 5.51302e+06
19.432 5.51294e+06
19.555 5.5122e+06
19.559 5.51218e+06
19.561 5.51213e+06
19.569 5.51206e+06
19.572 5.51205e+06
19.574 5.51201e+06
19.576 5.51185e+06
19.58 5.51184e+06
19.585 5.51182e+06
19.588 5.51182e+06
19.614 5.51052e+06
19.616 5.51044e+06
19.619 5.51044e+06
19.621 5.51042e+06
19.629 5.51036e+06
19.635 5.5096e+06
19.637 5.50947e+06
19.644 5.50935e+06
19.647 5.50933e+06
19.649 5.50921e+06
19.652 5.50917e+06
19.654 5.50916e+06
19.657 5.50915e+06
19.659 5.50895e+06
19.661 5.50895e+06
19.663 5.50848e+06
19.691 5.50844e+06
19.72 5.5084e+06
19.722 5.50818e+06
19.734 5.50818e+06
19.735 5.50817e+06
19.737 5.50812e+06
19.745 5.50807e+06
19.763 5.50796e+06
19.765 5.50792e+06
19.769 5.50756e+06
19.771 5.50753e+06
19.775 5.50741e+06
19.777 5.50735e+06
19.779 5.5073e+06
19.799 5.50722e+06
19.801 5.50719e+06
19.819 5.50711e+06
19.823 5.50705e+06
19.83 5.50701e+06
19.832 5.50692e+06
19.842 5.50664e+06
19.857 5.5066e+06
19.866 5.50638e+06
19.881 5.50631e+06
19.896 5.50626e+06
19.899 5.5059e+06
19.902 5.50581e+06
19.904 5.5058e+06
19.945 5.50571e+06
19.947 5.50571e+06
19.951 5.50548e+06
19.955 5.50533e+06
19.963 5.50521e+06
20.003 5.50516e+06
20.006 5.50515e+06
20.01 5.50513e+06
20.013 5.5048e+06
20.014 5.50456e+06
20.027 5.50438e+06
20.032 5.50438e+06
20.042 5.50438e+06
20.044 5.50437e+06
20.045 5.50425e+06
20.047 5.50425e+06
20.051 5.50422e+06
20.053 5.50416e+06
20.054 5.50416e+06
20.056 5.50409e+06
20.059 5.50407e+06
20.063 5.50405e+06
20.064 5.50404e+06
20.066 5.50395e+06
20.068 5.50356e+06
20.071 5.50355e+06
20.085 5.50354e+06
20.088 5.50289e+06
20.201 5.50286e+06
20.208 5.50283e+06
20.211 5.50282e+06
20.215 5.50281e+06
20.218 5.50281e+06
20.22 5.50188e+06
20.232 5.50186e+06
20.239 5.50183e+06
20.242 5.50181e+06
20.243 5.50181e+06
20.249 5.50177e+06
20.252 5.50167e+06
20.257 5.50165e+06
20.296 5.50165e+06
20.306 5.50164e+06
20.308 5.50133e+06
20.31 5.50123e+06
20.312 5.50123e+06
20.313 5.50121e+06
20.316 5.50116e+06
20.586 5.5011e+06
20.608 5.5008e+06
20.613 5.49958e+06
20.616 5.49933e+06
20.618 5.49923e+06
20.625 5.49902e+06
20.628 5.49902e+06
20.632 5.49879e+06
20.639 5.49848e+06
20.641 5.49832e+06
20.643 5.49832e+06
20.651 5.49826e+06
20.656 5.49823e+06
20.658 5.49823e+06
20.66 5.4982e+06
20.664 5.498e+06
20.666 5.49792e+06
20.667 5.49785e+06
20.669 5.49785e+06
20.677 5.49785e+06
20.695 5.49783e+06
20.696 5.49782e+06
20.699 5.49772e+06
20.718 5.49765e+06
20.721 5.49754e+06
20.855 5.49737e+06
20.864 5.49734e+06
20.865 5.49703e+06
20.887 5.49701e+06
20.89 5.497e+06
20.893 5.49657e+06
20.902 5.49589e+06
20.91 5.49589e+06
20.946 5.49584e+06
20.951 5.49553e+06
20.965 5.4948e+06
20.967 5.49456e+06
20.97 5.49452e+06
20.977 5.49347e+06
20.985 5.49344e+06
20.989 5.49328e+06
20.994 5.49261e+06
20.998 5.49212e+06
21 5.49197e+06
21.003 5.49195e+06
21.005 5.49194e+06
21.007 5.49194e+06
21.019 5.49193e+06
21.022 5.49189e+06
21.023 5.49184e+06
21.027 5.49162e+06
21.035 5.49083e+06
21.04 5.49076e+06
21.041 5.49076e+06
21.049 5.49061e+06
21.051 5.49013e+06
21.055 5.49009e+06
21.069 5.48912e+06
21.072 5.4891e+06
21.074 5.48909e+06
21.077 5.48907e+06
21.079 5.48899e+06
21.084 5.48898e+06
21.085 5.48895e+06
21.087 5.48894e+06
21.094 5.48885e+06
21.096 5.48884e+06
21.127 5.48884e+06
21.131 5.48654e+06
21.182 5.48529e+06
21.183 5.48516e+06
21.188 5.48515e+06
21.192 5.48497e+06
21.195 5.48494e+06
21.225 5.48487e+06
21.23 5.48482e+06
21.232 5.4848e+06
21.234 5.48478e+06
21.24 5.48476e+06
21.242 5.48476e+06
21.245 5.48414e+06
21.249 5.48292e+06
21.259 5.4827e+06
21.261 5.48265e+06
21.264 5.48261e+06
21.267 5.48244e+06
21.269 5.48229e+06
21.271 5.48229e+06
21.274 5.48227e+06
21.277 5.48219e+06
21.278 5.48211e+06
21.284 5.48185e+06
21.286 5.48147e+06
21.292 5.48138e+06
21.293 5.48131e+06
21.299 5.48131e+06
21.301 5.48123e+06
21.303 5.48122e+06
21.305 5.48091e+06
21.307 5.48087e+06
21.31 5.48085e+06
21.314 5.48084e+06
21.316 5.4808e+06
21.326 5.48051e+06
21.334 5.4805e+06
21.336 5.48048e+06
21.345 5.48045e+06
21.357 5.48045e+06
21.405 5.48023e+06
21.407 5.48022e+06
21.411 5.48019e+06
21.414 5.48015e+06
21.437 5.48001e+06
21.44 5.47957e+06
21.446 5.47945e+06
21.469 5.47934e+06
21.471 5.47926e+06
21.473 5.47924e+06
21.479 5.47923e+06
21.481 5.47916e+06
21.491 5.47912e+06
21.505 5.47892e+06
21.51 5.47889e+06
21.514 5.4782e+06
21.516 5.47763e+06
21.521 5.47758e+06
21.575 5.4773e+06
21.581 5.47724e+06
21.582 5.4772e+06
21.598 5.47715e+06
21.606 5.47715e+06
21.61 5.4771e+06
21.612 5.47694e+06
21.613 5.47684e+06
21.628 5.47656e+06
21.638 5.47648e+06
21.641 5.47648e+06
21.643 5.47648e+06
21.646 5.47643e+06
21.702 5.47639e+06
21.709 5.4761e+06
21.711 5.4758e+06
21.723 5.47579e+06
21.727 5.4757e+06
21.73 5.47533e+06
21.732 5.47532e+06
21.733 5.47523e+06
21.739 5.47414e+06
21.743 5.47402e+06
21.744 5.47396e+06
21.77 5.47385e+06
21.774 5.47382e+06
21.776 5.4737e+06
21.841 5.47369e+06
21.845 5.47364e+06
21.85 5.47354e+06
21.857 5.47345e+06
21.862 5.47336e+06
21.865 5.47334e+06
21.872 5.47318e+06
21.888 5.47144e+06
21.889 5.47106e+06
21.915 5.47092e+06
21.917 5.47077e+06
21.921 5.47073e+06
21.929 5.47073e+06
21.934 5.47071e+06
21.935 5.47065e+06
22.071 5.47032e+06
22.072 5.47023e+06
22.082 5.46994e+06
22.084 5.4699e+06
22.086 5.4699e+06
22.089 5.46987e+06
22.093 5.46944e+06
22.096 5.4693e+06
22.097 5.46917e+06
22.101 5.46912e+06
22.128 5.46911e+06
22.13 5.46902e+06
22.133 5.469e+06
22.135 5.469e+06
22.151 5.46873e+06
22.153 5.46871e+06
22.157 5.4687e+06
22.159 5.46863e+06
22.161 5.46858e+06
22.167 5.46858e+06
22.168 5.46858e+06
22.184 5.46786e+06
22.186 5.46778e+06
22.196 5.46769e+06
22.238 5.46758e+06
22.247 5.46757e+06
22.264 5.46755e+06
22.266 5.46754e+06
22.295 5.46734e+06
22.297 5.46725e+06
22.302 5.46725e+06
22.304 5.46725e+06
22.306 5.46718e+06
22.314 5.46717e+06
22.316 5.46713e+06
22.318 5.46712e+06
22.327 5.46667e+06
22.343 5.46664e+06
22.346 5.46661e+06
22.35 5.46655e+06
22.351 5.46654e+06
22.354 5.46648e+06
22.358 5.46644e+06
22.36 5.46641e+06
22.362 5.46641e+06
22.364 5.46626e+06
22.371 5.46626e+06
22.381 5.4662e+06
22.385 5.46618e+06
22.388 5.46614e+06
22.39 5.46604e+06
22.394 5.46598e+06
22.446 5.46593e+06
22.448 5.46589e+06
22.45 5.46588e+06
22.452 5.46586e+06
22.474 5.4658e+06
22.476 5.46578e+06
22.478 5.46572e+06
22.481 5.46572e+06
22.483 5.46563e+06
22.484 5.46563e+06
22.491 5.46561e+06
22.493 5.4656e+06
22.503 5.46529e+06
22.505 5.46528e+06
22.509 5.46521e+06
22.536 5.46516e+06
22.539 5.46506e+06
22.542 5.46502e+06
22.555 5.46447e+06
22.567 5.46436e+06
22.569 5.46433e+06
22.68 5.4643e+06
22.682 5.4643e+06
22.684 5.46426e+06
22.686 5.46408e+06
22.7 5.46402e+06
22.705 5.46401e+06
22.708 5.464e+06
22.722 5.46347e+06
22.725 5.46334e+06
22.727 5.46331e+06
22.731 5.46307e+06
22.736 5.46299e+06
22.798 5.46223e+06
22.803 5.46218e+06
22.806 5.46216e+06
22.814 5.46214e+06
22.892 5.46202e+06
22.897 5.46197e+06
22.917 5.46194e+06
22.92 5.46183e+06
22.922 5.46175e+06
22.924 5.46173e+06
22.925 5.4617e+06
22.927 5.46164e+06
22.929 5.46153e+06
22.931 5.46143e+06
22.933 5.46143e+06
22.94 5.46142e+06
22.943 5.46113e+06
23.007 5.46087e+06
23.01 5.46086e+06
23.013 5.46073e+06
23.018 5.46069e+06
23.023 5.46064e+06
23.024 5.46061e+06
23.027 5.4606e+06
23.247 5.46056e+06
23.28 5.46031e+06
23.287 5.46016e+06
23.369 5.45922e+06
23.373 5.4592e+06
23.53 5.45903e+06
23.532 5.45899e+06
23.535 5.45895e+06
23.537 5.45895e+06
23.545 5.45894e+06
23.546 5.45892e+06
23.548 5.45884e+06
23.558 5.45883e+06
23.561 5.45883e+06
23.563 5.45876e+06
23.571 5.45844e+06
23.578 5.45844e+06
23.583 5.45792e+06
23.586 5.45786e+06
23.587 5.45779e+06
23.589 5.45773e+06
23.591 5.4577e+06
23.597 5.45759e+06
23.598 5.45756e+06
23.604 5.45744e+06
23.608 5.45724e+06
23.611 5.45717e+06
23.623 5.45707e+06
23.624 5.457e+06
23.626 5.45686e+06
23.63 5.45682e+06
23.639 5.45642e+06
23.642 5.45611e+06
23.645 5.45585e+06
23.648 5.45552e+06
23.65 5.45541e+06
23.661 5.45526e+06
23.664 5.45522e+06
23.666 5.45516e+06
23.668 5.45512e+06
23.679 5.4551e+06
23.681 5.45506e+06
23.682 5.45495e+06
23.687 5.45401e+06
23.693 5.45397e+06
23.701 5.45343e+06
23.704 5.45329e+06
23.709 5.45328e+06
23.713 5.45298e+06
23.715 5.45264e+06
23.718 5.45259e+06
23.726 5.45107e+06
23.729 5.45105e+06
23.731 5.451e+06
23.734 5.45097e+06
23.737 5.45082e+06
23.741 5.45064e+06
23.744 5.45012e+06
23.746 5.44989e+06
23.748 5.44982e+06
23.749 5.44976e+06
23.752 5.44973e+06
23.759 5.44971e+06
23.788 5.4497e+06
23.803 5.44966e+06
23.81 5.44963e+06
23.814 5.44963e+06
23.816 5.44951e+06
23.826 5.44948e+06
23.828 5.44941e+06
23.833 5.4492e+06
23.855 5.44917e+06
23.856 5.44912e+06
23.859 5.44905e+06
23.862 5.44903e+06
23.864 5.44902e+06
23.866 5.44902e+06
23.875 5.44899e+06
23.88 5.44897e+06
23.888 5.44869e+06
23.89 5.44867e+06
23.895 5.44867e+06
23.922 5.44812e+06
23.925 5.4479e+06
23.945 5.44789e+06
23.946 5.44786e+06
23.948 5.44785e+06
23.95 5.44781e+06
23.956 5.44778e+06
23.959 5.44769e+06
23.968 5.44739e+06
23.978 5.44656e+06
23.981 5.4465e+06
23.984 5.44599e+06
23.986 5.44599e+06
23.988 5.44597e+06
23.991 5.44576e+06
23.994 5.44574e+06
24.012 5.44527e+06
24.016 5.44504e+06
24.019 5.44491e+06
24.024 5.44491e+06
24.028 5.44488e+06
24.034 5.44421e+06
24.04 5.44399e+06
24.042 5.44398e+06
24.045 5.44362e+06
24.047 5.44358e+06
24.05 5.44335e+06
24.052 5.4433e+06
24.054 5.44323e+06
24.057 5.44236e+06
24.066 5.44228e+06
24.068 5.44227e+06
24.072 5.44227e+06
24.075 5.44225e+06
24.078 5.44203e+06
24.144 5.44198e+06
24.147 5.4418e+06
24.15 5.44168e+06
24.154 5.44167e+06
24.155 5.44154e+06
24.159 5.44151e+06
24.162 5.4415e+06
24.164 5.44145e+06
24.169 5.44141e+06
24.171 5.44125e+06
24.19 5.4411e+06
24.192 5.44108e+06
24.195 5.44106e+06
24.203 5.44103e+06
24.215 5.44082e+06
24.217 5.44071e+06
24.222 5.44071e+06
24.224 5.4404e+06
24.23 5.44018e+06
24.232 5.44004e+06
24.235 5.44003e+06
24.319 5.43988e+06
24.324 5.43986e+06
24.325 5.43983e+06
24.327 5.43975e+06
24.333 5.4397e+06
24.335 5.43956e+06
24.344 5.43909e+06
24.351 5.43905e+06
24.353 5.439e+06
24.354 5.439e+06
24.358 5.43881e+06
24.365 5.43879e+06
24.387 5.43879e+06
24.389 5.43872e+06
24.395 5.4387e+06
24.398 5.43855e+06
24.409 5.4384e+06
24.412 5.43798e+06
24.432 5.43795e+06
24.438 5.43789e+06
24.44 5.43788e+06
24.45 5.43775e+06
24.452 5.43773e+06
24.458 5.43771e+06
24.462 5.43759e+06
24.464 5.43755e+06
24.466 5.43754e+06
24.471 5.43744e+06
24.489 5.43692e+06
24.515 5.43684e+06
24.524 5.43682e+06
24.526 5.4368e+06
24.53 5.43677e+06
24.534 5.43669e+06
24.539 5.43636e+06
24.542 5.43629e+06
24.545 5.43616e+06
24.551 5.43614e+06
24.554 5.43612e+06
24.587 5.43603e+06
24.589 5.4359e+06
24.59 5.43587e+06
24.592 5.43578e+06
24.637 5.43571e+06
24.64 5.43562e+06
24.644 5.43553e+06
24.646 5.43544e+06
24.649 5.43542e+06
24.685 5.43514e+06
24.686 5.43512e+06
24.689 5.43471e+06
24.692 5.4346e+06
24.695 5.43452e+06
24.723 5.4344e+06
24.726 5.43432e+06
24.73 5.43431e+06
24.736 5.4343e+06
24.739 5.43423e+06
24.741 5.43422e+06
24.743 5.4342e+06
24.746 5.43418e+06
24.747 5.43417e+06
24.769 5.43403e+06
24.772 5.43403e+06
24.774 5.43402e+06
24.775 5.43401e+06
24.786 5.43391e+06
24.788 5.43391e+06
24.792 5.43357e+06
24.795 5.43353e+06
24.801 5.43349e+06
24.803 5.43348e+06
24.806 5.43335e+06
24.808 5.43313e+06
24.812 5.4331e+06
24.814 5.43301e+06
24.82 5.43301e+06
24.823 5.43287e+06
24.825 5.43281e+06
24.827 5.43258e+06
24.829 5.43256e+06
24.834 5.43255e+06
24.84 5.43252e+06
24.844 5.4324e+06
24.847 5.43236e+06
24.85 5.4323e+06
24.852 5.43221e+06
24.901 5.43136e+06
24.903 5.43135e+06
24.939 5.43126e+06
24.942 5.43126e+06
24.947 5.4311e+06
24.96 5.43109e+06
24.961 5.43102e+06
24.963 5.43101e+06
24.965 5.43095e+06
24.972 5.43088e+06
24.998 5.43088e+06
25.001 5.43087e+06
25.008 5.4307e+06
25.011 5.43068e+06
25.015 5.43058e+06
25.054 5.4305e+06
25.056 5.43048e+06
25.086 5.43019e+06
25.09 5.43013e+06
25.094 5.4297e+06
25.096 5.42969e+06
25.103 5.42962e+06
25.106 5.42954e+06
25.108 5.42946e+06
25.111 5.42946e+06
25.117 5.42943e+06
25.119 5.42938e+06
25.121 5.42935e+06
25.123 5.42925e+06
25.129 5.4292e+06
25.131 5.42906e+06
25.141 5.42895e+06
25.192 5.4289e+06
25.193 5.4289e+06
25.195 5.42886e+06
25.197 5.42883e+06
25.202 5.42874e+06
25.21 5.42864e+06
25.214 5.4286e+06
25.221 5.42849e+06
25.222 5.42849e+06
25.224 5.42844e+06
25.228 5.42824e+06
25.401 5.42808e+06
25.405 5.42251e+06
25.409 5.42248e+06
25.411 5.42242e+06
25.416 5.42231e+06
25.444 5.42215e+06
25.446 5.42193e+06
25.536 5.42188e+06
25.554 5.42181e+06
25.765 5.42179e+06
25.767 5.42138e+06
25.781 5.42121e+06
25.787 5.42117e+06
25.825 5.42104e+06
25.829 5.42104e+06
25.843 5.42102e+06
25.883 5.42087e+06
25.886 5.42085e+06
25.889 5.42084e+06
25.891 5.42063e+06
25.9 5.4206e+06
25.903 5.42046e+06
25.909 5.42045e+06
25.914 5.4204e+06
25.916 5.41971e+06
25.919 5.41949e+06
25.925 5.41946e+06
25.927 5.41944e+06
25.929 5.41937e+06
25.94 5.41937e+06
25.941 5.41936e+06
25.943 5.41935e+06
25.945 5.4193e+06
25.955 5.41918e+06
25.959 5.41916e+06
25.961 5.41914e+06
25.995 5.41912e+06
25.997 5.41908e+06
25.999 5.41898e+06
26.001 5.41894e+06
26.003 5.41892e+06
26.008 5.41891e+06
26.018 5.41886e+06
26.022 5.41878e+06
26.024 5.41875e+06
26.043 5.41873e+06
26.048 5.41873e+06
26.05 5.4187e+06
26.052 5.41853e+06
26.058 5.41849e+06
26.067 5.41828e+06
26.453 5.4181e+06
26.484 5.41805e+06
26.486 5.41804e+06
26.488 5.41773e+06
26.491 5.41769e+06
26.573 5.41768e+06
26.588 5.41766e+06
26.601 5.41762e+06
26.603 5.41756e+06
26.605 5.41728e+06
26.626 5.41724e+06
26.628 5.41722e+06
26.813 5.41719e+06
26.822 5.41719e+06
26.886 5.41716e+06
26.894 5.41713e+06
26.912 5.41706e+06
26.917 5.41702e+06
26.92 5.41695e+06
26.923 5.41682e+06
26.925 5.4168e+06
27.022 5.41674e+06
27.024 5.41654e+06
27.037 5.41649e+06
27.041 5.4164e+06
27.188 5.41634e+06
27.206 5.41631e+06
27.209 5.41629e+06
27.211 5.41614e+06
27.267 5.41592e+06
27.272 5.41581e+06
27.274 5.41569e+06
27.276 5.41569e+06
27.297 5.41563e+06
27.304 5.41542e+06
27.308 5.41536e+06
27.435 5.41505e+06
27.439 5.41503e+06
27.44 5.41502e+06
27.443 5.41459e+06
27.445 5.41458e+06
27.451 5.41458e+06
27.457 5.41455e+06
27.463 5.41452e+06
27.466 5.4145e+06
27.484 5.41438e+06
27.557 5.4142e+06
27.559 5.4142e+06
27.804 5.41367e+06
27.889 5.4136e+06
27.891 5.41355e+06
27.894 5.41344e+06
27.9 5.41342e+06
27.906 5.41313e+06
27.907 5.41312e+06
27.917 5.41307e+06
27.919 5.41303e+06
27.923 5.413e+06
27.926 5.41296e+06
27.928 5.41295e+06
27.976 5.41294e+06
27.978 5.41292e+06
28.054 5.41287e+06
28.073 5.4128e+06
28.077 5.41264e+06
28.083 5.41261e+06
28.085 5.41257e+06
28.086 5.41253e+06
28.09 5.41252e+06
28.094 5.41248e+06
28.12 5.41247e+06
28.123 5.41246e+06
28.125 5.41244e+06
28.202 5.41243e+06
28.206 5.41241e+06
28.208 5.41235e+06
28.21 5.41231e+06
28.212 5.4123e+06
28.216 5.41224e+06
28.219 5.41213e+06
28.236 5.4121e+06
28.238 5.41209e+06
28.242 5.41204e+06
28.268 5.41204e+06
28.334 5.41202e+06
28.338 5.4119e+06
28.339 5.41189e+06
28.945 5.41171e+06
28.948 5.4117e+06
28.952 5.41166e+06
28.955 5.41142e+06
28.968 5.41126e+06
28.982 5.41124e+06
28.986 5.41122e+06
29.001 5.41094e+06
29.069 5.41091e+06
29.09 5.41088e+06
29.103 5.41042e+06
29.106 5.41037e+06
29.11 5.41029e+06
29.112 5.41028e+06
29.136 5.41027e+06
29.139 5.41014e+06
29.141 5.40994e+06
29.142 5.40988e+06
30.138 5.40974e+06
32.108 5.40974e+06
32.11 5.40972e+06
32.286 5.4097e+06
32.293 5.40831e+06
32.34 5.40823e+06
32.345 5.4082e+06
32.347 5.40819e+06
32.353 5.40784e+06
32.355 5.40775e+06
32.36 5.40755e+06
32.366 5.40749e+06
32.678 5.40731e+06
32.681 5.40721e+06
32.683 5.40716e+06
32.738 5.40716e+06
32.777 5.40709e+06
32.79 5.40705e+06
32.792 5.40701e+06
32.794 5.40695e+06
32.8 5.40674e+06
32.81 5.4067e+06
32.813 5.40658e+06
32.816 5.40648e+06
33.047 5.40637e+06
33.053 5.40636e+06
33.073 5.40634e+06
33.164 5.40612e+06
33.172 5.40599e+06
33.174 5.40596e+06
33.185 5.4059e+06
33.189 5.40582e+06
33.191 5.4058e+06
33.192 5.40573e+06
33.194 5.4055e+06
33.196 5.4055e+06
33.198 5.40542e+06
33.202 5.4054e+06
33.207 5.40536e+06
33.21 5.40515e+06
33.272 5.40505e+06
33.276 5.40503e+06
33.336 5.40502e+06
33.452 5.40496e+06
33.509 5.40496e+06
33.514 5.40494e+06
33.52 5.40489e+06
33.523 5.40487e+06
33.528 5.40481e+06
33.532 5.40458e+06
33.535 5.40456e+06
33.538 5.4044e+06
33.541 5.40437e+06
33.546 5.40412e+06
33.548 5.40411e+06
33.551 5.4041e+06
33.553 5.40398e+06
33.557 5.40394e+06
33.573 5.40386e+06
33.587 5.40378e+06
33.675 5.40363e+06
33.682 5.40363e+06
33.809 5.4036e+06
33.811 5.40359e+06
33.828 5.40358e+06
33.91 5.4033e+06
33.914 5.40292e+06
33.921 5.40287e+06
33.923 5.40279e+06
33.925 5.40269e+06
33.93 5.4026e+06
33.937 5.40256e+06
33.939 5.40232e+06
33.941 5.4023e+06
34.652 5.40225e+06
34.711 5.40222e+06
34.713 5.4022e+06
34.734 5.40214e+06
34.741 5.40185e+06
34.742 5.40183e+06
34.812 5.40163e+06
34.814 5.40156e+06
34.847 5.40139e+06
34.85 5.40138e+06
34.852 5.40137e+06
34.854 5.40136e+06
34.856 5.40135e+06
34.865 5.40134e+06
34.871 5.40132e+06
34.878 5.40107e+06
34.884 5.40083e+06
34.887 5.40047e+06
34.944 5.40043e+06
34.946 5.40041e+06
34.948 5.40031e+06
34.95 5.40028e+06
34.956 5.40022e+06
34.958 5.40018e+06
35.941 5.40011e+06
35.946 5.4e+06
35.949 5.39999e+06
35.951 5.39997e+06
35.955 5.39988e+06
35.956 5.39988e+06
35.962 5.39981e+06
35.989 5.39967e+06
36.121 5.39962e+06
36.126 5.39959e+06
36.13 5.39958e+06
36.133 5.39942e+06
36.223 5.39931e+06
36.236 5.39889e+06
36.239 5.3987e+06
36.241 5.39868e+06
36.269 5.39862e+06
36.271 5.39859e+06
36.275 5.39849e+06
36.284 5.3983e+06
36.295 5.39825e+06
36.299 5.39822e+06
36.303 5.39808e+06
36.316 5.39794e+06
36.318 5.39779e+06
36.324 5.39776e+06
36.334 5.39765e+06
36.339 5.39759e+06
36.34 5.39759e+06
36.346 5.39735e+06
36.348 5.39732e+06
36.383 5.3973e+06
36.385 5.39728e+06
36.507 5.39721e+06
36.617 5.39721e+06
36.622 5.39718e+06
36.624 5.39717e+06
36.647 5.39712e+06
36.658 5.39707e+06
36.66 5.39698e+06
36.703 5.39688e+06
36.705 5.39684e+06
36.728 5.39678e+06
36.73 5.39671e+06
36.732 5.3967e+06
36.74 5.39645e+06
36.745 5.39643e+06
36.752 5.39643e+06
36.754 5.39643e+06
36.759 5.39641e+06
36.763 5.3964e+06
36.765 5.39638e+06
36.778 5.39619e+06
36.786 5.39618e+06
36.788 5.39615e+06
36.833 5.39596e+06
36.837 5.39596e+06
36.839 5.39593e+06
36.84 5.39592e+06
36.843 5.39577e+06
36.97 5.39534e+06
36.974 5.39531e+06
36.977 5.39531e+06
36.984 5.39528e+06
36.988 5.39521e+06
37.005 5.3952e+06
37.008 5.39517e+06
37.011 5.39517e+06
37.033 5.39508e+06
37.115 5.39503e+06
37.117 5.395e+06
37.119 5.39489e+06
37.121 5.39488e+06
37.123 5.39485e+06
37.125 5.39483e+06
37.133 5.39478e+06
37.136 5.39478e+06
37.14 5.39473e+06
37.142 5.39473e+06
37.145 5.39456e+06
37.147 5.39449e+06
37.151 5.39444e+06
41.088 5.39405e+06
41.09 5.39404e+06
41.092 5.394e+06
41.095 5.39396e+06
41.097 5.39394e+06
41.099 5.39388e+06
41.102 5.39385e+06
41.105 5.39384e+06
41.126 5.39378e+06
41.131 5.39375e+06
41.138 5.39368e+06
41.155 5.39357e+06
41.164 5.39324e+06
41.168 5.39323e+06
41.184 5.39318e+06
41.186 5.39314e+06
41.188 5.39304e+06
41.655 5.39301e+06
41.659 5.39298e+06
41.674 5.39275e+06
41.675 5.3925e+06
41.71 5.39249e+06
41.718 5.39243e+06
41.721 5.39238e+06
41.741 5.39236e+06
41.888 5.39236e+06
41.891 5.39234e+06
41.894 5.39233e+06
41.899 5.3923e+06
41.902 5.39226e+06
41.907 5.39226e+06
41.909 5.39209e+06
41.911 5.39186e+06
41.915 5.39186e+06
41.921 5.39183e+06
41.923 5.39182e+06
41.926 5.39168e+06
41.94 5.39159e+06
41.947 5.39157e+06
41.95 5.39146e+06
41.954 5.39132e+06
41.957 5.39131e+06
41.961 5.39126e+06
41.963 5.39123e+06
41.966 5.39122e+06
41.969 5.39115e+06
41.984 5.39111e+06
41.995 5.39108e+06
42.083 5.39103e+06
42.16 5.39083e+06
42.162 5.3908e+06
42.164 5.39075e+06
42.185 5.39068e+06
42.188 5.39067e+06
42.19 5.39063e+06
42.32 5.39049e+06
42.321 5.39047e+06
42.325 5.39046e+06
42.334 5.39043e+06
42.338 5.39038e+06
42.352 5.39027e+06
42.354 5.39025e+06
42.474 5.39021e+06
42.509 5.39019e+06
42.511 5.39019e+06
42.517 5.39013e+06
42.526 5.39012e+06
42.595 5.3901e+06
42.597 5.39007e+06
42.6 5.38996e+06
42.688 5.38978e+06
42.691 5.38976e+06
42.907 5.3897e+06
42.91 5.38968e+06
42.918 5.38959e+06
42.921 5.38936e+06
42.927 5.38924e+06
42.929 5.38918e+06
42.942 5.38918e+06
42.957 5.38916e+06
42.96 5.38912e+06
42.962 5.38902e+06
42.965 5.38892e+06
42.967 5.38876e+06
42.969 5.38874e+06
42.972 5.38868e+06
43.646 5.38859e+06
43.654 5.38835e+06
43.659 5.38825e+06
43.669 5.38825e+06
43.673 5.38817e+06
43.694 5.38813e+06
43.696 5.38812e+06
43.698 5.38786e+06
43.7 5.3876e+06
43.709 5.38756e+06
43.711 5.38755e+06
43.713 5.38751e+06
43.715 5.38737e+06
43.717 5.38724e+06
43.843 5.38723e+06
43.851 5.38715e+06
43.853 5.38651e+06
43.865 5.38636e+06
44.01 5.38634e+06
44.024 5.38631e+06
44.044 5.3863e+06
44.046 5.38628e+06
44.283 5.38622e+06
44.286 5.38619e+06
44.303 5.38615e+06
44.306 5.38609e+06
44.311 5.38604e+06
44.314 5.386e+06
44.492 5.38599e+06
44.496 5.38598e+06
44.514 5.38592e+06
44.979 5.38582e+06
45.07 5.38582e+06
45.087 5.38574e+06
45.089 5.38557e+06
45.093 5.3855e+06
45.095 5.38547e+06
45.097 5.38541e+06
45.102 5.38539e+06
45.104 5.38532e+06
45.11 5.3853e+06
45.114 5.38527e+06
45.115 5.38523e+06
45.117 5.38521e+06
45.12 5.38519e+06
45.125 5.38502e+06
45.127 5.38501e+06
45.129 5.38497e+06
45.132 5.38497e+06
45.138 5.38496e+06
45.142 5.38496e+06
45.149 5.38493e+06
45.151 5.38488e+06
45.158 5.38485e+06
45.16 5.38468e+06
45.164 5.38467e+06
45.373 5.38464e+06
45.441 5.38452e+06
45.45 5.38451e+06
45.458 5.38446e+06
45.461 5.38435e+06
45.463 5.38432e+06
45.466 5.38421e+06
45.468 5.38409e+06
45.47 5.38403e+06
45.472 5.38397e+06
45.495 5.38396e+06
45.5 5.38396e+06
45.503 5.38385e+06
45.505 5.38382e+06
45.506 5.38381e+06
45.512 5.38375e+06
45.517 5.38374e+06
45.522 5.3837e+06
45.531 5.38368e+06
45.536 5.38366e+06
45.538 5.38357e+06
45.543 5.38356e+06
45.553 5.38344e+06
45.558 5.38339e+06
45.565 5.38336e+06
45.567 5.38333e+06
45.572 5.38333e+06
45.753 5.38327e+06
45.756 5.3832e+06
45.757 5.3832e+06
45.765 5.38318e+06
45.767 5.38316e+06
47.486 5.38315e+06
47.488 5.38313e+06
47.491 5.38311e+06
47.494 5.38306e+06
47.504 5.38303e+06
47.511 5.38301e+06
47.592 5.38299e+06
47.595 5.38288e+06
47.608 5.38278e+06
47.615 5.38275e+06
47.617 5.38274e+06
47.62 5.3823e+06
47.624 5.38203e+06
47.628 5.382e+06
48.526 5.38192e+06
49.159 5.38183e+06
49.371 5.38178e+06
49.381 5.38173e+06
49.396 5.38166e+06
49.4 5.38164e+06
49.403 5.38163e+06
49.406 5.38157e+06
49.41 5.38131e+06
49.413 5.38112e+06
49.419 5.38106e+06
49.453 5.38104e+06
49.468 5.38088e+06
49.473 5.38083e+06
49.475 5.38057e+06
49.478 5.38052e+06
49.566 5.38015e+06
49.571 5.38014e+06
49.573 5.38008e+06
49.58 5.37996e+06
49.582 5.37991e+06
49.622 5.3797e+06
49.626 5.3797e+06
49.658 5.37965e+06
49.664 5.37958e+06
49.673 5.37956e+06
49.684 5.37937e+06
49.686 5.3793e+06
49.746 5.37926e+06
49.754 5.37912e+06
49.758 5.37905e+06
51.573 5.37903e+06
51.587 5.37876e+06
51.719 5.37864e+06
51.741 5.37861e+06
51.743 5.37858e+06
51.757 5.37858e+06
51.764 5.37855e+06
51.772 5.37831e+06
51.782 5.3783e+06
51.909 5.37829e+06
51.913 5.37794e+06
51.922 5.37784e+06
51.927 5.37778e+06
51.929 5.37773e+06
51.936 5.37766e+06
52.097 5.3775e+06
52.102 5.37749e+06
52.104 5.37718e+06
52.131 5.37706e+06
52.147 5.37706e+06
52.149 5.37702e+06
52.154 5.37698e+06
52.158 5.37698e+06
52.16 5.37695e+06
52.171 5.37664e+06
52.174 5.37645e+06
52.179 5.37644e+06
52.193 5.37637e+06
52.196 5.37636e+06
52.198 5.37635e+06
52.202 5.37624e+06
52.204 5.37619e+06
52.22 5.37607e+06
52.262 5.37592e+06
52.269 5.37591e+06
52.273 5.37586e+06
52.279 5.3758e+06
52.283 5.37578e+06
52.289 5.37576e+06
52.29 5.37573e+06
52.293 5.37566e+06
52.296 5.37565e+06
52.311 5.37548e+06
52.314 5.3754e+06
52.32 5.37532e+06
52.322 5.37523e+06
52.357 5.3752e+06
52.391 5.37515e+06
52.438 5.37503e+06
52.444 5.37496e+06
52.453 5.37493e+06
56.225 5.37491e+06
56.251 5.37482e+06
56.253 5.3748e+06
56.26 5.37476e+06
56.262 5.37473e+06
56.346 5.37472e+06
56.351 5.37464e+06
56.359 5.37459e+06
56.368 5.37456e+06
56.37 5.37441e+06
56.373 5.37439e+06
56.381 5.37436e+06
56.395 5.37432e+06
56.397 5.37416e+06
56.409 5.37415e+06
56.447 5.37405e+06
56.45 5.37404e+06
56.451 5.37401e+06
56.455 5.37398e+06
56.458 5.37395e+06
56.463 5.37393e+06
56.476 5.37393e+06
56.487 5.37387e+06
56.496 5.37384e+06
56.499 5.37378e+06
56.5 5.37363e+06
56.503 5.37363e+06
56.505 5.37356e+06
56.507 5.37352e+06
56.579 5.3735e+06
56.582 5.37287e+06
56.585 5.37268e+06
56.673 5.37266e+06
56.679 5.37264e+06
59.087 5.37262e+06
59.104 5.37262e+06
59.107 5.37257e+06
59.111 5.37255e+06
59.13 5.37248e+06
59.251 5.37241e+06
59.253 5.37212e+06
59.255 5.37198e+06
59.258 5.37191e+06
59.283 5.3719e+06
59.286 5.37158e+06
59.296 5.37151e+06
59.312 5.37141e+06
59.314 5.3714e+06
59.385 5.37098e+06
59.389 5.37091e+06
59.394 5.3709e+06
59.397 5.37088e+06
59.404 5.37086e+06
59.444 5.37073e+06
59.446 5.37066e+06
59.451 5.3704e+06
59.454 5.37036e+06
59.457 5.37033e+06
59.472 5.37032e+06
59.493 5.3703e+06
59.497 5.37028e+06
59.505 5.37013e+06
59.51 5.37003e+06
59.512 5.37001e+06
59.634 5.36994e+06
59.643 5.36987e+06
59.673 5.36984e+06
59.693 5.36982e+06
59.699 5.36982e+06
59.702 5.36977e+06
59.707 5.36974e+06
59.709 5.36974e+06
59.725 5.36973e+06
59.756 5.36969e+06
59.768 5.36968e+06
59.78 5.36966e+06
59.803 5.36966e+06
59.807 5.36963e+06
59.813 5.36962e+06
60.047 5.36954e+06
60.054 5.36943e+06
60.058 5.36942e+06
60.066 5.36936e+06
60.676 5.36927e+06
60.678 5.36926e+06
60.695 5.36911e+06
60.701 5.36909e+06
60.703 5.36908e+06
60.705 5.36906e+06
60.708 5.36904e+06
60.709 5.36904e+06
60.711 5.36902e+06
60.84 5.36898e+06
60.952 5.36894e+06
60.972 5.36893e+06
61 5.36886e+06
61.002 5.36884e+06
61.004 5.36879e+06
61.015 5.36879e+06
61.018 5.36877e+06
61.02 5.36874e+06
61.025 5.36861e+06
61.028 5.36854e+06
61.031 5.36853e+06
61.143 5.36847e+06
61.149 5.36841e+06
61.154 5.36836e+06
61.206 5.36828e+06
61.221 5.36812e+06
61.229 5.36792e+06
61.257 5.36791e+06
61.259 5.3679e+06
61.261 5.36788e+06
61.283 5.36771e+06
61.289 5.36769e+06
61.884 5.36746e+06
61.892 5.367e+06
61.896 5.36688e+06
61.899 5.36686e+06
61.957 5.36683e+06
61.999 5.36677e+06
62.053 5.36675e+06
62.078 5.36673e+06
62.274 5.36645e+06
62.279 5.36634e+06
62.297 5.3663e+06
63.945 5.36622e+06
63.954 5.36619e+06
63.957 5.36614e+06
63.962 5.36603e+06
63.964 5.36592e+06
63.968 5.36582e+06
63.971 5.36577e+06
63.973 5.36575e+06
63.981 5.36575e+06
63.986 5.36573e+06
63.988 5.36573e+06
64.033 5.3657e+06
64.037 5.36558e+06
64.04 5.36553e+06
64.045 5.36551e+06
64.047 5.36542e+06
64.049 5.3654e+06
64.051 5.36534e+06
64.06 5.36529e+06
64.089 5.36524e+06
64.092 5.36523e+06
64.101 5.36509e+06
64.103 5.36509e+06
64.118 5.36505e+06
64.843 5.36499e+06
64.857 5.36496e+06
64.864 5.36493e+06
64.992 5.36488e+06
64.995 5.36483e+06
65.006 5.36481e+06
65.122 5.3648e+06
65.124 5.36473e+06
65.127 5.36461e+06
65.129 5.36455e+06
65.146 5.36444e+06
65.15 5.36432e+06
65.163 5.36423e+06
65.179 5.36422e+06
65.19 5.3642e+06
65.218 5.36413e+06
65.263 5.36403e+06
65.277 5.36399e+06
65.282 5.3639e+06
65.291 5.36386e+06
65.296 5.36386e+06
65.3 5.36385e+06
65.314 5.36382e+06
65.318 5.36379e+06
65.326 5.36375e+06
65.333 5.36372e+06
65.353 5.3635e+06
65.403 5.36343e+06
65.407 5.36338e+06
65.41 5.36331e+06
66.786 5.3633e+06
66.793 5.36328e+06
68.283 5.36325e+06
68.338 5.36294e+06
68.339 5.3629e+06
68.343 5.36288e+06
68.364 5.36284e+06
68.402 5.36284e+06
68.478 5.36283e+06
68.486 5.36274e+06
68.488 5.36273e+06
68.57 5.36258e+06
68.572 5.36257e+06
68.575 5.36256e+06
68.582 5.36254e+06
68.587 5.36251e+06
68.773 5.3625e+06
68.776 5.36246e+06
68.785 5.36243e+06
68.87 5.36225e+06
68.928 5.3622e+06
68.93 5.36217e+06
68.95 5.36216e+06
68.952 5.36212e+06
68.954 5.36207e+06
68.963 5.36188e+06
68.965 5.36186e+06
68.968 5.36184e+06
68.973 5.36184e+06
68.975 5.36172e+06
68.983 5.36162e+06
68.987 5.36162e+06
68.989 5.36154e+06
69.198 5.36152e+06
69.2 5.36149e+06
69.208 5.36148e+06
69.21 5.36144e+06
69.216 5.36135e+06
69.225 5.36129e+06
69.23 5.36125e+06
69.238 5.36117e+06
69.247 5.36117e+06
69.351 5.361e+06
69.353 5.361e+06
69.355 5.3609e+06
69.357 5.3608e+06
69.409 5.36078e+06
69.411 5.36076e+06
69.413 5.36076e+06
69.415 5.36075e+06
69.422 5.36068e+06
69.425 5.36066e+06
69.436 5.36064e+06
69.454 5.36058e+06
69.468 5.36052e+06
69.473 5.36046e+06
69.475 5.36046e+06
69.479 5.36046e+06
69.505 5.36037e+06
69.508 5.3603e+06
69.51 5.36015e+06
69.515 5.36008e+06
69.517 5.36006e+06
69.525 5.36005e+06
69.527 5.36005e+06
69.548 5.35996e+06
69.55 5.35993e+06
69.553 5.3599e+06
69.556 5.35977e+06
69.561 5.35977e+06
69.563 5.35976e+06
69.625 5.35975e+06
69.627 5.35974e+06
69.665 5.35973e+06
69.669 5.35973e+06
69.677 5.3597e+06
69.683 5.35967e+06
69.691 5.35965e+06
69.705 5.35958e+06
69.709 5.3594e+06
69.719 5.35926e+06
69.721 5.35926e+06
69.727 5.35922e+06
69.728 5.35917e+06
69.741 5.35912e+06
70.085 5.3591e+06
70.093 5.3591e+06
70.097 5.35909e+06
70.121 5.35905e+06
70.131 5.35904e+06
70.333 5.359e+06
70.337 5.35897e+06
70.339 5.35892e+06
70.354 5.35884e+06
70.381 5.35876e+06
72.154 5.35874e+06
72.159 5.35874e+06
72.179 5.35869e+06
72.206 5.3585e+06
72.208 5.35849e+06
72.274 5.3584e+06
72.278 5.35838e+06
72.28 5.35837e+06
72.289 5.35836e+06
72.303 5.35822e+06
72.306 5.35821e+06
72.316 5.3582e+06
72.349 5.35805e+06
72.353 5.35804e+06
72.368 5.35799e+06
72.37 5.35796e+06
72.372 5.35795e+06
72.376 5.35794e+06
72.38 5.3579e+06
72.384 5.35787e+06
72.541 5.35786e+06
72.547 5.35779e+06
72.618 5.35762e+06
72.62 5.35761e+06
72.629 5.35753e+06
72.634 5.3575e+06
72.637 5.35743e+06
72.713 5.35738e+06
72.722 5.35735e+06
72.724 5.3573e+06
72.73 5.35728e+06
72.738 5.35714e+06
72.748 5.35711e+06
72.754 5.35708e+06
72.756 5.35705e+06
73.726 5.35703e+06
73.854 5.357e+06
73.856 5.35693e+06
73.862 5.35667e+06
73.874 5.35661e+06
73.887 5.35654e+06
73.895 5.3565e+06
73.9 5.35649e+06
73.902 5.35648e+06
73.91 5.35647e+06
73.912 5.35645e+06
73.917 5.35644e+06
73.921 5.35638e+06
74.277 5.35638e+06
74.327 5.3563e+06
74.329 5.35629e+06
74.334 5.35627e+06
74.341 5.35601e+06
74.347 5.35598e+06
74.349 5.3559e+06
74.372 5.35563e+06
74.381 5.35561e+06
74.385 5.35559e+06
74.4 5.35558e+06
74.402 5.35557e+06
74.404 5.35521e+06
74.409 5.35519e+06
74.415 5.35515e+06
74.417 5.35494e+06
74.426 5.35493e+06
74.566 5.35488e+06
74.604 5.35486e+06
74.861 5.35473e+06
74.874 5.35463e+06
74.876 5.35462e+06
74.878 5.3546e+06
74.881 5.35459e+06
74.884 5.35456e+06
74.89 5.35454e+06
75.223 5.3545e+06
75.226 5.35447e+06
75.231 5.35445e+06
75.234 5.35444e+06
75.238 5.35444e+06
75.24 5.3544e+06
75.241 5.35434e+06
75.243 5.35432e+06
75.251 5.35432e+06
75.258 5.3543e+06
75.272 5.35425e+06
75.276 5.35415e+06
75.277 5.35412e+06
75.28 5.35409e+06
75.289 5.35397e+06
75.297 5.35395e+06
75.299 5.35379e+06
75.312 5.35362e+06
75.38 5.35361e+06
75.386 5.35356e+06
75.389 5.3535e+06
75.396 5.35343e+06
75.398 5.35342e+06
75.602 5.35334e+06
75.626 5.35326e+06
75.631 5.35312e+06
76.562 5.35304e+06
76.566 5.35302e+06
76.569 5.353e+06
76.572 5.35292e+06
76.579 5.3529e+06
76.582 5.35275e+06
76.797 5.35274e+06
76.802 5.35272e+06
76.806 5.35268e+06
76.813 5.35267e+06
76.83 5.35266e+06
76.845 5.35259e+06
76.884 5.3525e+06
76.925 5.35249e+06
76.929 5.35247e+06
76.941 5.35244e+06
76.953 5.35242e+06
76.955 5.35233e+06
76.966 5.35231e+06
76.976 5.3522e+06
77.003 5.35219e+06
77.023 5.35216e+06
77.029 5.35211e+06
77.034 5.35209e+06
77.035 5.35207e+06
77.06 5.35201e+06
77.064 5.35192e+06
77.068 5.35187e+06
77.095 5.3518e+06
77.108 5.35167e+06
77.153 5.35166e+06
77.316 5.35156e+06
77.328 5.35152e+06
77.404 5.3515e+06
77.408 5.3515e+06
77.421 5.35138e+06
77.426 5.35134e+06
77.437 5.35133e+06
77.441 5.35133e+06
77.445 5.35127e+06
77.447 5.35124e+06
77.453 5.35123e+06
77.459 5.35118e+06
77.643 5.35113e+06
78.395 5.35112e+06
78.397 5.35111e+06
78.406 5.351e+06
78.413 5.35098e+06
79.495 5.35095e+06
79.528 5.35095e+06
79.687 5.35094e+06
79.698 5.35085e+06
79.712 5.35083e+06
79.727 5.35082e+06
79.74 5.35077e+06
79.755 5.35075e+06
79.758 5.35069e+06
79.927 5.35066e+06
79.932 5.35063e+06
79.979 5.35053e+06
79.984 5.35051e+06
79.989 5.35038e+06
79.992 5.35036e+06
79.997 5.35036e+06
80.042 5.35034e+06
80.31 5.3503e+06
80.318 5.35024e+06
80.321 5.3502e+06
80.336 5.35011e+06
80.348 5.35009e+06
80.357 5.35004e+06
80.361 5.34996e+06
80.365 5.34996e+06
80.367 5.34988e+06
80.369 5.34961e+06
80.371 5.3496e+06
80.383 5.34956e+06
80.386 5.34955e+06
80.471 5.34949e+06
80.474 5.34946e+06
80.494 5.34945e+06
80.502 5.34943e+06
80.505 5.34942e+06
80.519 5.34932e+06
80.546 5.34931e+06
80.64 5.34923e+06
80.673 5.34921e+06
80.704 5.3492e+06
80.706 5.34915e+06
80.712 5.34915e+06
80.715 5.34913e+06
80.772 5.34903e+06
80.778 5.349e+06
80.781 5.34896e+06
80.804 5.34892e+06
80.978 5.3489e+06
80.983 5.34887e+06
81.101 5.34886e+06
81.121 5.34886e+06
81.129 5.34886e+06
81.16 5.34882e+06
81.162 5.34878e+06
81.173 5.34871e+06
81.201 5.3487e+06
81.203 5.34866e+06
81.205 5.34843e+06
81.207 5.3484e+06
81.58 5.34834e+06
81.598 5.34834e+06
81.602 5.34828e+06
81.606 5.34826e+06
81.611 5.34824e+06
81.616 5.34824e+06
81.618 5.34817e+06
81.644 5.34816e+06
81.646 5.34813e+06
81.654 5.3481e+06
81.699 5.34807e+06
81.706 5.34805e+06
81.711 5.34801e+06
81.729 5.348e+06
81.731 5.34798e+06
81.733 5.34797e+06
81.738 5.34793e+06
81.741 5.34791e+06
81.744 5.34788e+06
81.843 5.34787e+06
81.849 5.34781e+06
81.852 5.34779e+06
81.861 5.34778e+06
81.865 5.34774e+06
81.88 5.34773e+06
81.95 5.34752e+06
81.954 5.34749e+06
81.965 5.34748e+06
81.969 5.34746e+06
81.971 5.34743e+06
81.973 5.34743e+06
81.985 5.3473e+06
81.995 5.34728e+06
82.012 5.34728e+06
82.024 5.34723e+06
82.025 5.3472e+06
82.033 5.34719e+06
82.035 5.34714e+06
82.044 5.34713e+06
82.36 5.34704e+06
82.361 5.347e+06
82.381 5.34693e+06
82.388 5.34688e+06
82.394 5.34665e+06
82.448 5.34665e+06
82.455 5.34661e+06
82.463 5.34638e+06
82.47 5.34632e+06
82.472 5.34629e+06
82.519 5.3461e+06
82.531 5.34609e+06
82.536 5.34607e+06
82.551 5.346e+06
82.552 5.34599e+06
82.559 5.34592e+06
82.576 5.34591e+06
82.607 5.34582e+06
82.675 5.34578e+06
82.688 5.34575e+06
82.695 5.34573e+06
82.721 5.34571e+06
82.732 5.3457e+06
82.738 5.34565e+06
82.744 5.34564e+06
82.746 5.34564e+06
82.761 5.34562e+06
82.773 5.34561e+06
82.776 5.34555e+06
82.78 5.34546e+06
82.787 5.34539e+06
82.791 5.34538e+06
82.797 5.34538e+06
82.802 5.34532e+06
82.851 5.34532e+06
82.855 5.34532e+06
82.865 5.34531e+06
82.871 5.34526e+06
83.048 5.34526e+06
83.051 5.34515e+06
83.058 5.34509e+06
83.061 5.34508e+06
83.094 5.34506e+06
83.096 5.345e+06
83.106 5.34497e+06
83.149 5.34492e+06
83.159 5.3449e+06
83.166 5.34482e+06
83.211 5.34474e+06
83.215 5.34473e+06
83.343 5.34472e+06
83.348 5.34462e+06
83.384 5.34457e+06
83.388 5.34456e+06
83.391 5.34453e+06
83.399 5.34452e+06
83.403 5.34441e+06
83.49 5.34437e+06
83.496 5.34427e+06
83.498 5.34422e+06
83.511 5.34421e+06
83.513 5.34414e+06
83.524 5.34407e+06
83.526 5.34406e+06
83.528 5.34404e+06
84.576 5.34402e+06
84.606 5.34401e+06
84.72 5.34399e+06
84.724 5.34398e+06
84.73 5.34396e+06
84.748 5.34393e+06
85.157 5.34393e+06
85.164 5.34388e+06
85.175 5.34386e+06
85.178 5.34384e+06
85.283 5.34383e+06
85.285 5.34373e+06
85.295 5.3437e+06
85.342 5.34361e+06
85.412 5.34346e+06
85.44 5.34343e+06
85.447 5.34337e+06
85.451 5.34334e+06
85.526 5.34333e+06
85.528 5.34325e+06
85.547 5.34324e+06
85.563 5.34324e+06
85.579 5.34322e+06
85.582 5.3432e+06
85.587 5.34313e+06
85.594 5.34313e+06
85.707 5.3431e+06
85.711 5.34304e+06
85.713 5.34294e+06
85.718 5.3429e+06
85.728 5.34286e+06
85.732 5.34283e+06
85.736 5.34283e+06
85.742 5.34277e+06
85.747 5.34276e+06
85.755 5.34275e+06
85.76 5.34274e+06
85.762 5.34272e+06
85.764 5.34271e+06
85.766 5.34269e+06
85.769 5.34258e+06
85.786 5.34256e+06
85.788 5.34254e+06
85.791 5.34253e+06
85.802 5.34247e+06
85.805 5.34235e+06
85.807 5.34232e+06
85.809 5.34231e+06
85.812 5.3423e+06
86.263 5.34229e+06
86.265 5.34229e+06
86.374 5.34225e+06
86.384 5.34216e+06
86.392 5.34207e+06
86.408 5.34196e+06
86.411 5.34181e+06
86.413 5.3418e+06
86.415 5.34174e+06
86.417 5.34174e+06
86.422 5.34172e+06
86.424 5.34165e+06
86.432 5.34165e+06
86.434 5.34159e+06
86.436 5.34158e+06
86.448 5.34158e+06
86.458 5.34155e+06
86.461 5.34148e+06
86.471 5.34147e+06
86.473 5.34142e+06
86.529 5.34141e+06
86.534 5.34126e+06
86.842 5.34124e+06
86.845 5.34124e+06
87.002 5.34121e+06
87.014 5.34116e+06
87.025 5.34111e+06
87.043 5.3411e+06
87.052 5.34109e+06
87.066 5.34107e+06
87.605 5.34107e+06
87.609 5.34106e+06
87.613 5.34105e+06
87.617 5.34103e+06
87.619 5.341e+06
87.634 5.34099e+06
87.711 5.34096e+06
87.714 5.34087e+06
87.763 5.34086e+06
87.768 5.34083e+06
87.769 5.34081e+06
87.771 5.3408e+06
87.777 5.34077e+06
87.782 5.34073e+06
87.793 5.34061e+06
87.797 5.3406e+06
87.866 5.34059e+06
87.88 5.34059e+06
87.882 5.34057e+06
87.887 5.34056e+06
87.891 5.34051e+06
87.899 5.34048e+06
87.927 5.34045e+06
87.929 5.34044e+06
87.946 5.34041e+06
87.949 5.34038e+06
87.963 5.34036e+06
87.987 5.34029e+06
87.99 5.34025e+06
87.998 5.34018e+06
88 5.34018e+06
88.003 5.34015e+06
88.008 5.34014e+06
88.034 5.34013e+06
88.052 5.3401e+06
88.054 5.34008e+06
88.07 5.34008e+06
88.103 5.34003e+06
88.105 5.34001e+06
88.118 5.33994e+06
88.12 5.33993e+06
88.133 5.3399e+06
88.161 5.33986e+06
88.218 5.33986e+06
88.22 5.33986e+06
88.222 5.33985e+06
88.226 5.3398e+06
88.317 5.33977e+06
88.353 5.33966e+06
88.364 5.33965e+06
88.369 5.33958e+06
88.37 5.33953e+06
88.383 5.33952e+06
88.385 5.33951e+06
88.392 5.33951e+06
88.397 5.33944e+06
88.583 5.33942e+06
88.904 5.3393e+06
88.916 5.33929e+06
88.925 5.33927e+06
88.931 5.33926e+06
88.94 5.33918e+06
88.943 5.3391e+06
88.945 5.33909e+06
88.947 5.33905e+06
89.065 5.33901e+06
89.067 5.339e+06
89.818 5.33894e+06
89.82 5.33894e+06
89.822 5.33892e+06
89.824 5.3389e+06
89.826 5.33888e+06
89.904 5.33886e+06
89.91 5.33877e+06
89.912 5.33873e+06
89.914 5.33872e+06
89.916 5.33867e+06
89.926 5.33867e+06
89.928 5.33865e+06
89.935 5.33863e+06
89.937 5.33862e+06
89.961 5.33856e+06
89.969 5.33853e+06
89.978 5.33849e+06
89.996 5.33846e+06
90.026 5.33837e+06
90.03 5.33835e+06
90.034 5.33834e+06
90.049 5.33833e+06
90.053 5.33815e+06
90.055 5.33814e+06
90.059 5.33811e+06
90.062 5.33811e+06
90.084 5.338e+06
90.09 5.33797e+06
90.326 5.33795e+06
90.334 5.33792e+06
90.34 5.3379e+06
90.352 5.33788e+06
90.38 5.33788e+06
90.387 5.33777e+06
90.39 5.33775e+06
90.4 5.3377e+06
90.429 5.33768e+06
90.432 5.33757e+06
90.441 5.33756e+06
90.448 5.33741e+06
90.454 5.33739e+06
90.672 5.33738e+06
90.676 5.33727e+06
90.689 5.33721e+06
90.692 5.33719e+06
90.697 5.33717e+06
90.699 5.33709e+06
90.829 5.33705e+06
90.833 5.33695e+06
90.835 5.33694e+06
90.844 5.33694e+06
90.858 5.33691e+06
90.865 5.33689e+06
90.873 5.33688e+06
91.067 5.33679e+06
91.072 5.33676e+06
91.082 5.33672e+06
91.084 5.3367e+06
91.097 5.33665e+06
91.102 5.33658e+06
91.108 5.33654e+06
91.11 5.33647e+06
91.126 5.33639e+06
94.244 5.3363e+06
94.267 5.33627e+06
94.273 5.3362e+06
94.276 5.33618e+06
94.296 5.33615e+06
94.298 5.33613e+06
94.333 5.33606e+06
94.35 5.33601e+06
94.352 5.336e+06
94.359 5.33594e+06
94.362 5.33593e+06
94.365 5.33592e+06
94.382 5.33589e+06
94.387 5.33589e+06
94.469 5.33582e+06
94.494 5.33582e+06
94.517 5.33581e+06
94.521 5.3358e+06
94.706 5.33578e+06
94.711 5.3357e+06
94.725 5.3357e+06
94.735 5.33563e+06
94.752 5.33563e+06
94.753 5.33563e+06
94.76 5.3356e+06
94.762 5.33557e+06
94.764 5.33556e+06
94.772 5.33556e+06
94.774 5.33555e+06
94.776 5.33534e+06
94.779 5.33532e+06
94.787 5.33525e+06
94.795 5.33524e+06
94.797 5.3352e+06
94.808 5.33519e+06
94.814 5.33517e+06
94.897 5.33516e+06
94.91 5.33505e+06
94.912 5.33494e+06
94.921 5.33493e+06
94.927 5.3349e+06
94.934 5.3348e+06
94.96 5.33477e+06
94.99 5.33476e+06
94.994 5.33472e+06
95.007 5.3347e+06
95.016 5.33469e+06
95.025 5.33464e+06
95.043 5.33462e+06
95.049 5.33456e+06
95.052 5.33452e+06
95.066 5.33451e+06
95.074 5.33445e+06
95.078 5.33442e+06
95.508 5.33437e+06
95.522 5.33437e+06
95.528 5.33431e+06
95.532 5.3343e+06
95.534 5.33429e+06
95.576 5.33424e+06
95.583 5.33423e+06
95.609 5.33422e+06
95.612 5.33415e+06
95.621 5.33394e+06
95.647 5.33388e+06
95.66 5.33376e+06
95.733 5.33368e+06
95.742 5.33364e+06
95.801 5.3336e+06
95.805 5.33358e+06
95.953 5.33355e+06
95.958 5.33354e+06
95.966 5.33349e+06
95.969 5.33345e+06
96.179 5.33344e+06
96.183 5.33334e+06
96.189 5.33333e+06
96.246 5.33327e+06
96.248 5.33327e+06
96.307 5.33325e+06
96.311 5.33325e+06
96.316 5.33324e+06
96.318 5.33323e+06
96.403 5.33321e+06
96.407 5.33309e+06
96.411 5.33308e+06
96.416 5.33303e+06
96.425 5.33299e+06
96.522 5.33296e+06
96.529 5.33294e+06
96.572 5.33289e+06
96.574 5.3328e+06
96.578 5.33276e+06
96.583 5.3326e+06
96.597 5.33239e+06
96.611 5.33236e+06
96.622 5.33235e+06
96.625 5.33229e+06
96.634 5.33222e+06
96.644 5.33217e+06
96.647 5.33216e+06
96.657 5.33216e+06
96.658 5.33214e+06
96.672 5.33203e+06
96.699 5.33202e+06
96.71 5.33197e+06
96.712 5.33187e+06
96.719 5.33185e+06
96.759 5.33184e+06
96.848 5.33184e+06
96.856 5.33181e+06
97.226 5.33175e+06
97.233 5.33175e+06
97.235 5.33169e+06
97.288 5.33168e+06
97.29 5.33167e+06
97.307 5.33165e+06
97.31 5.3316e+06
97.312 5.33159e+06
97.314 5.33158e+06
97.332 5.33157e+06
97.363 5.33152e+06
97.466 5.33148e+06
97.468 5.33142e+06
97.472 5.33141e+06
97.477 5.3314e+06
97.479 5.33136e+06
97.506 5.33136e+06
97.512 5.33134e+06
97.52 5.33131e+06
97.531 5.33131e+06
97.534 5.33128e+06
97.549 5.33127e+06
97.56 5.33127e+06
97.566 5.33121e+06
97.579 5.3312e+06
97.581 5.33119e+06
97.588 5.33117e+06
97.596 5.33116e+06
97.607 5.33114e+06
97.617 5.33114e+06
97.624 5.33112e+06
97.644 5.33103e+06
97.686 5.33099e+06
97.75 5.33099e+06
97.754 5.33094e+06
97.767 5.33079e+06
97.769 5.33072e+06
97.773 5.33071e+06
97.779 5.33068e+06
97.889 5.33063e+06
97.893 5.33061e+06
98.163 5.33056e+06
98.686 5.33053e+06
98.942 5.33052e+06
98.954 5.33046e+06
98.965 5.33045e+06
98.969 5.33044e+06
98.987 5.33034e+06
98.998 5.33032e+06
99.002 5.3303e+06
99.013 5.33013e+06
99.025 5.33002e+06
99.084 5.33e+06
99.089 5.32993e+06
99.094 5.32981e+06
99.099 5.3298e+06
99.164 5.32979e+06
99.172 5.32974e+06
99.203 5.32974e+06
99.208 5.32973e+06
99.211 5.32973e+06
99.229 5.32972e+06
99.248 5.32968e+06
99.3 5.32965e+06
99.312 5.32959e+06
99.328 5.32954e+06
99.33 5.32953e+06
99.332 5.32946e+06
99.367 5.32946e+06
99.377 5.32919e+06
99.38 5.32918e+06
99.389 5.32918e+06
99.394 5.32914e+06
99.401 5.3291e+06
99.408 5.32907e+06
99.416 5.329e+06
99.426 5.32898e+06
99.439 5.32898e+06
99.442 5.32896e+06
99.448 5.32896e+06
99.453 5.32894e+06
99.479 5.32892e+06
99.483 5.32891e+06
99.487 5.32887e+06
99.491 5.32877e+06
99.512 5.32874e+06
99.516 5.3287e+06
99.52 5.32868e+06
99.539 5.32866e+06
99.547 5.32866e+06
99.553 5.32865e+06
99.558 5.32862e+06
99.564 5.32859e+06
99.591 5.32854e+06
99.601 5.32851e+06
99.604 5.3284e+06
99.634 5.3284e+06
99.64 5.32838e+06
99.645 5.32836e+06
99.649 5.32834e+06
99.671 5.32826e+06
99.683 5.32824e+06
99.699 5.32822e+06
99.706 5.32822e+06
100.4 5.32816e+06
100.403 5.32814e+06
100.404 5.3281e+06
100.408 5.32809e+06
100.41 5.32807e+06
100.423 5.32802e+06
100.43 5.32799e+06
100.431 5.32793e+06
100.466 5.32781e+06
100.631 5.32774e+06
100.633 5.32774e+06
100.651 5.32773e+06
100.658 5.32773e+06
100.675 5.32767e+06
100.694 5.32765e+06
100.923 5.32763e+06
100.936 5.32763e+06
100.939 5.32757e+06
100.959 5.32752e+06
100.96 5.32747e+06
100.984 5.32745e+06
101.006 5.32738e+06
101.016 5.32728e+06
101.035 5.32726e+06
101.055 5.32725e+06
101.066 5.32721e+06
101.256 5.3272e+06
101.554 5.32719e+06
101.567 5.32713e+06
101.626 5.32713e+06
101.693 5.32711e+06
101.744 5.3271e+06
101.786 5.32707e+06
101.825 5.32707e+06
101.851 5.32705e+06
101.86 5.32703e+06
101.883 5.32702e+06
101.887 5.32699e+06
101.89 5.32693e+06
101.897 5.32684e+06
101.899 5.32683e+06
101.909 5.32682e+06
101.911 5.32681e+06
101.914 5.32679e+06
101.919 5.32668e+06
101.958 5.32665e+06
101.968 5.32663e+06
101.976 5.32662e+06
102.149 5.32662e+06
102.165 5.32662e+06
102.192 5.3266e+06
102.202 5.32658e+06
102.204 5.32656e+06
102.211 5.32656e+06
102.227 5.32654e+06
102.234 5.3265e+06
102.282 5.32641e+06
102.317 5.32637e+06
102.33 5.32636e+06
102.343 5.32633e+06
102.35 5.32632e+06
102.381 5.32632e+06
102.388 5.32629e+06
102.39 5.32629e+06
102.447 5.32624e+06
102.612 5.32622e+06
102.614 5.32622e+06
102.618 5.32612e+06
102.625 5.32609e+06
102.628 5.32606e+06
102.638 5.32606e+06
102.661 5.32601e+06
102.666 5.32598e+06
102.673 5.32598e+06
102.747 5.32587e+06
102.749 5.32582e+06
102.753 5.3258e+06
102.754 5.32579e+06
102.796 5.32578e+06
102.798 5.32576e+06
102.809 5.32572e+06
102.832 5.32571e+06
102.842 5.32566e+06
102.844 5.32563e+06
102.852 5.32558e+06
102.854 5.32549e+06
103.197 5.32548e+06
103.199 5.32548e+06
103.206 5.32546e+06
103.208 5.32541e+06
103.232 5.32541e+06
103.235 5.32538e+06
103.275 5.32535e+06
103.281 5.32528e+06
103.318 5.32526e+06
103.325 5.32524e+06
103.331 5.32524e+06
103.392 5.3252e+06
103.394 5.32514e+06
103.409 5.32512e+06
103.416 5.3251e+06
103.423 5.32508e+06
103.427 5.32508e+06
103.436 5.32507e+06
103.463 5.32506e+06
103.469 5.32503e+06
103.476 5.32501e+06
103.484 5.32497e+06
103.498 5.32497e+06
103.508 5.32496e+06
103.532 5.32495e+06
103.534 5.32486e+06
104.027 5.32484e+06
104.029 5.32482e+06
104.043 5.32482e+06
104.057 5.3248e+06
104.061 5.3247e+06
104.074 5.32468e+06
104.081 5.32468e+06
104.086 5.32466e+06
104.088 5.32464e+06
104.098 5.32461e+06
104.102 5.32451e+06
104.107 5.32446e+06
104.166 5.32445e+06
104.169 5.32444e+06
104.173 5.32441e+06
104.177 5.32439e+06
104.187 5.32437e+06
104.192 5.32437e+06
104.245 5.32433e+06
104.253 5.32433e+06
104.255 5.32432e+06
104.261 5.32432e+06
104.274 5.32431e+06
104.283 5.32431e+06
104.287 5.3243e+06
104.31 5.32426e+06
104.358 5.32424e+06
104.372 5.32422e+06
104.378 5.32413e+06
104.386 5.324e+06
104.402 5.32398e+06
104.408 5.32397e+06
104.438 5.32388e+06
104.442 5.32385e+06
104.451 5.32384e+06
104.455 5.32382e+06
104.464 5.3238e+06
104.466 5.32379e+06
104.468 5.32376e+06
104.471 5.32376e+06
104.481 5.32376e+06
104.492 5.32375e+06
104.517 5.32366e+06
104.522 5.32365e+06
104.529 5.32362e+06
104.538 5.32357e+06
104.544 5.32355e+06
104.546 5.32351e+06
104.55 5.32347e+06
104.789 5.3234e+06
104.794 5.32337e+06
104.8 5.32335e+06
104.802 5.32326e+06
104.966 5.32325e+06
104.968 5.32319e+06
104.972 5.32319e+06
105.112 5.32319e+06
105.117 5.32317e+06
105.123 5.32312e+06
105.129 5.32311e+06
105.143 5.32308e+06
105.151 5.323e+06
105.164 5.32294e+06
105.167 5.32293e+06
105.17 5.3229e+06
105.236 5.32284e+06
105.276 5.32282e+06
105.28 5.32282e+06
105.287 5.32281e+06
105.291 5.3228e+06
105.318 5.32277e+06
105.412 5.32276e+06
105.432 5.32276e+06
105.436 5.32274e+06
105.459 5.32265e+06
105.461 5.32264e+06
105.464 5.32261e+06
105.471 5.32259e+06
105.473 5.32258e+06
105.534 5.32256e+06
105.545 5.32252e+06
105.556 5.32249e+06
105.593 5.32248e+06
105.599 5.32245e+06
105.603 5.32243e+06
105.623 5.32243e+06
105.625 5.32242e+06
105.916 5.32233e+06
105.93 5.32232e+06
105.94 5.32232e+06
105.949 5.3223e+06
105.96 5.32225e+06
105.966 5.32223e+06
105.978 5.32223e+06
106.021 5.3222e+06
106.025 5.32217e+06
106.028 5.32214e+06
106.052 5.32213e+06
106.054 5.32212e+06
106.063 5.32211e+06
106.065 5.32208e+06
106.068 5.32207e+06
106.092 5.32207e+06
106.098 5.32206e+06
106.101 5.32203e+06
106.105 5.32201e+06
106.117 5.32201e+06
106.132 5.322e+06
106.14 5.322e+06
106.165 5.32199e+06
106.168 5.32198e+06
106.17 5.32198e+06
106.25 5.32197e+06
106.258 5.32196e+06
106.268 5.32193e+06
106.31 5.32191e+06
106.322 5.32186e+06
106.777 5.32177e+06
106.784 5.32177e+06
106.786 5.32177e+06
106.79 5.32176e+06
106.797 5.32176e+06
106.885 5.3217e+06
106.901 5.32167e+06
106.909 5.32166e+06
106.912 5.32161e+06
106.93 5.32158e+06
106.935 5.32151e+06
106.943 5.3214e+06
107.273 5.32133e+06
107.291 5.3213e+06
107.297 5.32129e+06
107.349 5.32128e+06
107.352 5.32122e+06
107.37 5.32121e+06
107.374 5.3212e+06
107.376 5.3212e+06
107.377 5.32116e+06
107.382 5.32107e+06
107.387 5.32106e+06
107.656 5.32106e+06
107.672 5.32106e+06
107.681 5.32106e+06
107.688 5.32106e+06
107.693 5.32105e+06
107.711 5.32101e+06
107.714 5.321e+06
107.748 5.32098e+06
107.895 5.32098e+06
107.898 5.32098e+06
107.916 5.32098e+06
107.924 5.32097e+06
107.948 5.32087e+06
107.955 5.32086e+06
108 5.32084e+06
108.004 5.32084e+06
108.006 5.32076e+06
108.015 5.32076e+06
108.04 5.32073e+06
108.051 5.3207e+06
108.065 5.32068e+06
108.084 5.32064e+06
108.088 5.32056e+06
108.093 5.32056e+06
108.098 5.32053e+06
108.107 5.32053e+06
108.162 5.32048e+06
108.202 5.32047e+06
108.207 5.32043e+06
108.214 5.3204e+06
108.218 5.32039e+06
108.463 5.32036e+06
108.518 5.32035e+06
108.524 5.32033e+06
108.613 5.32033e+06
108.617 5.32032e+06
108.623 5.32031e+06
108.673 5.3203e+06
108.682 5.32023e+06
108.686 5.32023e+06
108.711 5.32018e+06
108.715 5.32017e+06
108.72 5.32016e+06
108.741 5.32013e+06
108.76 5.32013e+06
108.786 5.32011e+06
108.821 5.3201e+06
108.828 5.32006e+06
108.852 5.32006e+06
108.858 5.32005e+06
108.863 5.32005e+06
108.871 5.32003e+06
108.882 5.32002e+06
109.133 5.32002e+06
109.176 5.32001e+06
109.181 5.31999e+06
109.186 5.31998e+06
109.188 5.31992e+06
109.193 5.3199e+06
109.202 5.31986e+06
109.207 5.31986e+06
109.602 5.31982e+06
109.623 5.31979e+06
109.627 5.31973e+06
109.641 5.3197e+06
109.655 5.31966e+06
109.672 5.31958e+06
109.679 5.31954e+06
109.702 5.31952e+06
109.719 5.31951e+06
109.755 5.31949e+06
109.783 5.31948e+06
109.789 5.31947e+06
109.814 5.31946e+06
109.83 5.31944e+06
109.855 5.3194e+06
109.865 5.31939e+06
109.896 5.31935e+06
109.907 5.31935e+06
109.92 5.3193e+06
109.954 5.31926e+06
109.957 5.31925e+06
109.969 5.31917e+06
109.974 5.31916e+06
110.024 5.31911e+06
110.027 5.3191e+06
110.078 5.3191e+06
110.079 5.3191e+06
110.088 5.31907e+06
110.113 5.31904e+06
110.126 5.31903e+06
110.142 5.31903e+06
110.152 5.31902e+06
110.767 5.31886e+06
110.779 5.31884e+06
110.791 5.31883e+06
110.795 5.3188e+06
110.798 5.31878e+06
110.8 5.31873e+06
110.808 5.31872e+06
110.818 5.3187e+06
110.85 5.31864e+06
110.883 5.31863e+06
110.901 5.31863e+06
110.929 5.31861e+06
110.931 5.31859e+06
110.952 5.31859e+06
110.969 5.31857e+06
110.979 5.31857e+06
110.984 5.31855e+06
110.99 5.31848e+06
110.998 5.31842e+06
111 5.31839e+06
111.088 5.31837e+06
111.096 5.31836e+06
111.103 5.31816e+06
111.105 5.31813e+06
111.111 5.31813e+06
111.124 5.3181e+06
111.13 5.31807e+06
111.137 5.31807e+06
111.142 5.31806e+06
111.144 5.31806e+06
111.147 5.31804e+06
111.182 5.31802e+06
111.199 5.31798e+06
111.211 5.31793e+06
111.22 5.3179e+06
111.228 5.31789e+06
111.232 5.31783e+06
111.234 5.31782e+06
111.242 5.3178e+06
111.255 5.31774e+06
111.335 5.31773e+06
111.348 5.31772e+06
111.362 5.3177e+06
111.373 5.3176e+06
111.379 5.3176e+06
111.383 5.31758e+06
111.535 5.31757e+06
111.559 5.31753e+06
111.563 5.31752e+06
111.726 5.31748e+06
111.737 5.31743e+06
111.739 5.31742e+06
111.845 5.31739e+06
111.853 5.31739e+06
111.907 5.31737e+06
111.923 5.31735e+06
111.947 5.31733e+06
111.97 5.31721e+06
111.973 5.31719e+06
111.978 5.31716e+06
111.984 5.31708e+06
111.987 5.31708e+06
112.004 5.31707e+06
112.042 5.31698e+06
112.053 5.31696e+06
112.07 5.31696e+06
112.076 5.31688e+06
112.09 5.31682e+06
112.097 5.31682e+06
112.11 5.31681e+06
112.127 5.31678e+06
112.136 5.31678e+06
112.19 5.31678e+06
112.226 5.31674e+06
112.255 5.31672e+06
112.265 5.31669e+06
112.279 5.31661e+06
112.326 5.31661e+06
113.096 5.31653e+06
113.111 5.31652e+06
113.137 5.31652e+06
113.146 5.31652e+06
113.157 5.31651e+06
113.187 5.3165e+06
113.206 5.3164e+06
113.226 5.31636e+06
113.228 5.31628e+06
113.283 5.31628e+06
113.286 5.31625e+06
113.319 5.31619e+06
114.078 5.31617e+06
114.105 5.31616e+06
114.11 5.31612e+06
114.115 5.31612e+06
114.152 5.31608e+06
114.16 5.31607e+06
114.201 5.31605e+06
114.206 5.31605e+06
114.235 5.316e+06
114.255 5.31599e+06
114.273 5.31596e+06
114.283 5.31594e+06
114.285 5.31592e+06
114.3 5.3159e+06
114.305 5.3159e+06
114.313 5.3159e+06
114.324 5.3159e+06
114.353 5.31589e+06
114.462 5.31584e+06
114.523 5.31581e+06
114.534 5.31581e+06
114.541 5.31579e+06
114.553 5.31577e+06
114.65 5.31572e+06
114.665 5.31567e+06
114.702 5.31566e+06
114.705 5.31564e+06
114.721 5.31561e+06
114.764 5.31558e+06
114.766 5.31553e+06
114.778 5.31553e+06
114.785 5.31542e+06
114.801 5.31541e+06
114.809 5.3154e+06
114.811 5.3154e+06
114.815 5.31538e+06
114.825 5.31538e+06
114.841 5.31536e+06
114.854 5.31536e+06
114.877 5.31535e+06
114.918 5.31533e+06
114.967 5.31532e+06
114.981 5.3153e+06
114.997 5.31529e+06
115.013 5.31521e+06
115.057 5.31518e+06
115.066 5.31512e+06
115.069 5.3151e+06
115.08 5.31509e+06
115.087 5.31508e+06
115.091 5.31508e+06
115.093 5.31506e+06
115.11 5.31497e+06
115.662 5.31494e+06
115.669 5.31488e+06
115.873 5.31486e+06
115.916 5.31484e+06
115.918 5.31483e+06
116.028 5.31482e+06
116.04 5.31482e+06
116.042 5.31481e+06
116.048 5.31481e+06
116.059 5.3148e+06
116.087 5.3148e+06
116.222 5.31476e+06
116.224 5.31475e+06
116.246 5.31474e+06
116.261 5.31472e+06
116.265 5.31466e+06
116.274 5.31464e+06
116.327 5.31463e+06
116.358 5.31456e+06
116.377 5.31452e+06
116.39 5.3145e+06
116.391 5.31445e+06
116.4 5.31444e+06
116.41 5.31443e+06
116.413 5.31442e+06
116.419 5.3144e+06
116.462 5.31435e+06
116.466 5.31434e+06
116.469 5.3143e+06
116.508 5.31428e+06
116.523 5.31424e+06
116.536 5.31424e+06
116.541 5.31418e+06
116.546 5.31414e+06
116.572 5.31414e+06
116.574 5.31413e+06
116.576 5.31412e+06
116.745 5.31412e+06
116.757 5.31407e+06
116.762 5.31406e+06
116.785 5.31403e+06
116.994 5.31397e+06
117.102 5.31394e+06
117.118 5.31386e+06
117.126 5.31386e+06
117.136 5.3138e+06
117.162 5.31378e+06
117.167 5.31378e+06
117.179 5.31378e+06
117.232 5.31372e+06
117.237 5.3137e+06
117.241 5.31369e+06
117.249 5.31369e+06
117.259 5.31368e+06
117.274 5.31367e+06
117.278 5.31365e+06
117.28 5.31365e+06
117.285 5.31365e+06
117.288 5.31364e+06
117.292 5.31364e+06
117.294 5.31363e+06
117.296 5.31361e+06
117.495 5.31358e+06
117.497 5.31358e+06
117.511 5.31357e+06
117.525 5.31355e+06
117.536 5.31355e+06
117.545 5.31349e+06
117.547 5.31348e+06
117.562 5.31348e+06
117.573 5.31346e+06
117.591 5.31337e+06
117.642 5.31335e+06
117.668 5.31333e+06
117.681 5.31331e+06
117.69 5.3133e+06
117.694 5.31329e+06
117.784 5.31328e+06
117.811 5.31328e+06
117.924 5.31328e+06
117.926 5.31327e+06
117.954 5.31326e+06
118.016 5.31325e+06
118.018 5.31324e+06
118.063 5.31322e+06
118.074 5.31317e+06
118.161 5.31316e+06
118.216 5.31312e+06
118.238 5.31309e+06
118.244 5.31308e+06
118.251 5.31305e+06
118.254 5.31298e+06
118.26 5.31293e+06
118.326 5.31291e+06
118.329 5.31291e+06
118.331 5.31288e+06
118.34 5.31285e+06
118.39 5.31284e+06
118.415 5.31284e+06
118.429 5.31279e+06
118.434 5.31278e+06
118.438 5.31275e+06
118.473 5.31266e+06
118.531 5.31259e+06
118.536 5.31259e+06
118.547 5.3125e+06
118.549 5.31247e+06
118.554 5.31246e+06
118.555 5.31241e+06
118.564 5.31239e+06
118.568 5.31238e+06
118.57 5.31234e+06
118.572 5.31228e+06
118.616 5.3122e+06
118.623 5.31218e+06
118.678 5.31215e+06
118.681 5.31214e+06
118.687 5.31211e+06
118.699 5.31211e+06
118.71 5.3121e+06
118.719 5.3121e+06
118.74 5.31209e+06
118.76 5.31208e+06
119.167 5.31207e+06
119.173 5.31205e+06
119.241 5.31202e+06
119.254 5.31202e+06
119.26 5.31202e+06
119.275 5.312e+06
119.346 5.31197e+06
119.354 5.31197e+06
119.391 5.31195e+06
119.423 5.31194e+06
119.427 5.3119e+06
119.499 5.3118e+06
119.606 5.31177e+06
119.611 5.31175e+06
119.613 5.31174e+06
119.646 5.31174e+06
119.682 5.31172e+06
119.697 5.31172e+06
119.701 5.31171e+06
119.706 5.3117e+06
119.708 5.31165e+06
119.738 5.31162e+06
119.775 5.31161e+06
119.787 5.31161e+06
119.809 5.3116e+06
119.886 5.31157e+06
119.89 5.31153e+06
119.893 5.31151e+06
119.917 5.3115e+06
120.145 5.31148e+06
120.318 5.31146e+06
120.32 5.31144e+06
120.328 5.31139e+06
120.357 5.31136e+06
120.41 5.31135e+06
120.416 5.31135e+06
120.504 5.31135e+06
120.567 5.31132e+06
120.573 5.31132e+06
120.656 5.31132e+06
120.658 5.31131e+06
120.662 5.31129e+06
120.664 5.31129e+06
120.668 5.31126e+06
120.688 5.31121e+06
120.701 5.3112e+06
120.716 5.31116e+06
120.728 5.31114e+06
120.735 5.31111e+06
120.746 5.31108e+06
120.756 5.31105e+06
120.759 5.31104e+06
120.785 5.31103e+06
120.832 5.311e+06
120.852 5.31096e+06
120.964 5.31095e+06
121.052 5.31089e+06
121.242 5.31087e+06
121.262 5.31085e+06
121.268 5.31083e+06
121.27 5.31081e+06
121.273 5.31081e+06
121.283 5.31074e+06
121.305 5.31072e+06
121.308 5.31072e+06
121.358 5.3107e+06
121.362 5.31068e+06
121.379 5.31067e+06
121.393 5.31064e+06
121.399 5.31059e+06
121.402 5.31058e+06
121.685 5.31057e+06
121.733 5.31056e+06
121.78 5.31053e+06
121.785 5.31051e+06
121.791 5.31047e+06
121.804 5.31039e+06
121.841 5.31037e+06
121.854 5.31034e+06
121.947 5.31033e+06
121.977 5.31033e+06
121.988 5.31029e+06
122.427 5.31028e+06
122.43 5.31028e+06
122.477 5.31024e+06
122.479 5.31007e+06
122.498 5.31004e+06
122.535 5.30995e+06
122.566 5.30994e+06
122.702 5.3099e+06
122.718 5.30987e+06
122.754 5.30977e+06
122.867 5.30971e+06
122.87 5.30971e+06
123.012 5.3097e+06
123.032 5.30965e+06
123.035 5.30964e+06
123.064 5.30964e+06
123.102 5.30963e+06
123.144 5.3096e+06
123.163 5.30959e+06
123.221 5.30958e+06
123.227 5.30958e+06
123.244 5.30958e+06
123.251 5.30955e+06
123.262 5.30954e+06
123.278 5.30954e+06
123.31 5.30952e+06
123.314 5.30951e+06
123.358 5.30948e+06
123.361 5.30946e+06
123.499 5.30946e+06
123.687 5.30945e+06
123.688 5.30945e+06
123.713 5.30941e+06
123.715 5.3094e+06
123.772 5.30939e+06
123.82 5.30938e+06
123.822 5.30936e+06
123.828 5.30934e+06
123.836 5.3092e+06
123.846 5.30918e+06
123.864 5.30916e+06
123.868 5.30915e+06
123.914 5.30912e+06
123.922 5.30911e+06
123.925 5.3091e+06
123.961 5.3091e+06
123.969 5.30908e+06
123.985 5.30907e+06
124.275 5.30906e+06
124.28 5.30905e+06
124.285 5.30904e+06
124.301 5.30904e+06
124.304 5.30902e+06
124.37 5.30899e+06
124.374 5.30894e+06
124.376 5.30893e+06
124.398 5.3089e+06
124.511 5.30889e+06
124.529 5.30888e+06
124.531 5.30885e+06
124.534 5.30879e+06
124.538 5.30878e+06
124.564 5.30876e+06
124.567 5.30874e+06
124.586 5.30872e+06
124.668 5.3087e+06
124.684 5.30869e+06
124.72 5.30867e+06
124.723 5.30864e+06
124.737 5.30862e+06
124.762 5.30861e+06
125.076 5.30859e+06
125.167 5.30859e+06
125.189 5.30858e+06
125.202 5.30857e+06
125.207 5.30853e+06
125.272 5.30851e+06
125.426 5.30847e+06
125.427 5.30842e+06
125.44 5.30842e+06
125.511 5.30839e+06
125.516 5.30839e+06
125.525 5.30838e+06
125.529 5.30836e+06
125.535 5.30835e+06
125.581 5.30834e+06
125.583 5.30834e+06
125.597 5.30832e+06
125.599 5.30831e+06
125.614 5.3083e+06
125.638 5.3083e+06
125.644 5.30828e+06
125.647 5.30828e+06
125.691 5.30826e+06
125.695 5.30825e+06
125.71 5.30824e+06
125.75 5.30824e+06
125.752 5.30823e+06
125.773 5.30823e+06
125.824 5.30823e+06
125.848 5.3082e+06
125.851 5.3082e+06
125.866 5.30813e+06
126.007 5.30808e+06
126.03 5.30805e+06
126.039 5.308e+06
126.053 5.30798e+06
126.083 5.30798e+06
126.088 5.30797e+06
126.131 5.30788e+06
126.142 5.30781e+06
126.191 5.30775e+06
126.194 5.30775e+06
126.2 5.30774e+06
126.34 5.30771e+06
126.353 5.30771e+06
126.416 5.3077e+06
126.421 5.30768e+06
126.429 5.30766e+06
126.435 5.30766e+06
126.438 5.30765e+06
126.479 5.30762e+06
126.481 5.3076e+06
126.483 5.30755e+06
126.489 5.30753e+06
126.505 5.30752e+06
126.619 5.30746e+06
126.645 5.30742e+06
126.667 5.30741e+06
126.671 5.30734e+06
126.678 5.30733e+06
126.682 5.30732e+06
126.685 5.30725e+06
126.978 5.30724e+06
127.034 5.30722e+06
127.037 5.30718e+06
127.093 5.30717e+06
127.102 5.30715e+06
127.117 5.30714e+06
127.122 5.30707e+06
127.23 5.30706e+06
127.238 5.30706e+06
127.248 5.307e+06
127.259 5.30699e+06
127.28 5.30696e+06
127.284 5.30696e+06
127.316 5.30695e+06
127.347 5.30694e+06
127.467 5.30691e+06
127.539 5.30691e+06
127.698 5.30685e+06
127.706 5.30684e+06
127.713 5.30678e+06
127.718 5.30677e+06
127.769 5.30675e+06
127.81 5.30675e+06
127.832 5.30671e+06
127.87 5.3067e+06
127.946 5.30663e+06
127.948 5.30659e+06
127.96 5.30658e+06
127.987 5.30657e+06
128.029 5.30654e+06
128.049 5.30654e+06
128.054 5.30653e+06
128.062 5.30652e+06
128.134 5.3065e+06
128.146 5.3065e+06
128.282 5.3065e+06
128.292 5.3065e+06
128.312 5.30649e+06
128.32 5.30648e+06
128.34 5.30648e+06
128.417 5.30639e+06
128.426 5.30637e+06
128.44 5.30636e+06
128.514 5.30636e+06
128.521 5.30633e+06
128.537 5.30632e+06
128.559 5.30629e+06
128.566 5.30628e+06
128.71 5.30627e+06
128.714 5.30625e+06
128.721 5.30623e+06
128.728 5.30617e+06
128.813 5.30615e+06
128.842 5.30615e+06
128.906 5.30612e+06
128.924 5.30611e+06
128.94 5.3061e+06
128.979 5.30602e+06
128.996 5.30597e+06
129.017 5.30596e+06
129.08 5.30596e+06
129.092 5.30595e+06
129.097 5.30593e+06
129.125 5.30584e+06
129.13 5.30577e+06
129.156 5.30576e+06
129.18 5.30572e+06
129.187 5.3057e+06
129.201 5.30569e+06
129.204 5.30568e+06
129.218 5.30568e+06
129.227 5.30567e+06
129.229 5.30567e+06
129.232 5.30565e+06
129.244 5.30563e+06
129.258 5.30562e+06
129.298 5.30562e+06
129.469 5.30561e+06
129.478 5.30555e+06
129.643 5.30555e+06
129.673 5.30552e+06
129.691 5.30552e+06
129.693 5.30548e+06
129.697 5.30547e+06
129.74 5.30547e+06
129.752 5.30546e+06
129.765 5.30546e+06
129.811 5.30544e+06
129.822 5.30541e+06
129.871 5.30538e+06
129.895 5.30538e+06
129.919 5.30535e+06
129.929 5.30535e+06
129.948 5.30534e+06
129.959 5.30533e+06
129.975 5.30532e+06
130.012 5.30531e+06
130.067 5.30529e+06
130.08 5.30529e+06
130.12 5.30528e+06
130.134 5.30527e+06
130.185 5.30527e+06
130.233 5.30525e+06
130.235 5.30523e+06
130.239 5.30522e+06
130.251 5.30521e+06
130.287 5.30519e+06
130.289 5.30519e+06
130.313 5.30518e+06
130.325 5.30511e+06
130.454 5.30508e+06
130.477 5.30503e+06
130.52 5.30499e+06
130.538 5.30497e+06
130.556 5.30497e+06
130.571 5.30494e+06
130.579 5.30493e+06
130.61 5.30492e+06
130.63 5.30492e+06
130.659 5.30489e+06
130.693 5.30487e+06
130.695 5.30487e+06
130.715 5.30486e+06
130.739 5.30485e+06
131.329 5.30484e+06
131.331 5.30482e+06
131.333 5.30482e+06
131.375 5.30482e+06
131.404 5.30478e+06
131.412 5.30458e+06
131.414 5.30458e+06
131.483 5.30455e+06
131.518 5.30454e+06
131.703 5.30452e+06
131.707 5.30441e+06
131.725 5.30441e+06
131.739 5.30438e+06
131.743 5.30438e+06
131.753 5.30437e+06
131.969 5.30436e+06
132.028 5.30433e+06
132.044 5.3043e+06
132.093 5.3043e+06
132.891 5.30427e+06
132.919 5.30427e+06
132.979 5.30427e+06
133.03 5.30424e+06
133.045 5.30422e+06
133.061 5.30415e+06
133.215 5.30414e+06
133.217 5.30413e+06
133.221 5.30404e+06
133.231 5.30404e+06
133.253 5.30402e+06
133.266 5.30401e+06
133.32 5.30393e+06
133.336 5.30393e+06
133.393 5.30388e+06
133.405 5.30387e+06
133.417 5.30384e+06
133.465 5.30383e+06
133.5 5.30381e+06
133.519 5.3038e+06
133.522 5.3038e+06
133.524 5.30378e+06
133.532 5.30375e+06
133.536 5.30372e+06
133.581 5.3037e+06
133.601 5.30368e+06
133.662 5.30366e+06
133.68 5.30366e+06
133.683 5.30364e+06
133.822 5.30363e+06
133.832 5.30363e+06
133.839 5.30362e+06
133.86 5.30346e+06
133.925 5.30344e+06
133.936 5.30343e+06
133.984 5.30343e+06
134.003 5.30342e+06
134.005 5.30341e+06
134.087 5.3034e+06
134.102 5.30339e+06
134.148 5.30333e+06
134.155 5.30331e+06
134.245 5.3032e+06
134.26 5.30318e+06
134.284 5.30317e+06
134.443 5.30316e+06
134.449 5.30305e+06
134.45 5.30305e+06
134.469 5.303e+06
134.489 5.30299e+06
134.514 5.30296e+06
134.596 5.30296e+06
134.661 5.30295e+06
134.673 5.30295e+06
134.682 5.30293e+06
134.717 5.30292e+06
134.726 5.30291e+06
134.728 5.3029e+06
134.744 5.30289e+06
134.75 5.30288e+06
134.823 5.30285e+06
134.83 5.30283e+06
134.851 5.30282e+06
134.873 5.30281e+06
134.9 5.30278e+06
134.903 5.30278e+06
134.946 5.30278e+06
134.977 5.30273e+06
134.984 5.30273e+06
135.028 5.3027e+06
135.032 5.30264e+06
135.085 5.30263e+06
135.111 5.30262e+06
135.242 5.3026e+06
135.246 5.30258e+06
135.263 5.30256e+06
135.337 5.30256e+06
135.348 5.30254e+06
135.41 5.30252e+06
135.455 5.3025e+06
135.46 5.3025e+06
135.479 5.30249e+06
135.494 5.30247e+06
135.496 5.30246e+06
135.565 5.30243e+06
135.576 5.30242e+06
135.582 5.30239e+06
135.611 5.30238e+06
135.622 5.30237e+06
135.666 5.30236e+06
135.686 5.30235e+06
135.69 5.30235e+06
135.715 5.30235e+06
135.727 5.30234e+06
135.753 5.30231e+06
135.767 5.30228e+06
135.777 5.30227e+06
135.79 5.30226e+06
135.847 5.30226e+06
135.87 5.30224e+06
135.911 5.30223e+06
135.931 5.3022e+06
135.971 5.30218e+06
136.008 5.30217e+06
136.025 5.30217e+06
136.05 5.30214e+06
136.075 5.3021e+06
136.081 5.30208e+06
136.094 5.30207e+06
136.1 5.30206e+06
136.117 5.30202e+06
136.151 5.302e+06
136.157 5.30198e+06
136.159 5.30194e+06
136.17 5.30193e+06
136.172 5.30192e+06
136.176 5.30188e+06
136.183 5.30188e+06
136.19 5.30188e+06
136.269 5.30185e+06
136.299 5.30185e+06
136.319 5.30182e+06
136.331 5.3018e+06
136.372 5.30175e+06
136.383 5.30175e+06
136.397 5.30167e+06
136.405 5.30164e+06
136.438 5.30163e+06
136.478 5.30161e+06
136.499 5.30157e+06
136.54 5.30156e+06
136.556 5.30155e+06
136.652 5.30154e+06
136.657 5.30154e+06
136.716 5.30153e+06
136.725 5.30152e+06
136.731 5.30152e+06
136.74 5.30151e+06
136.943 5.30143e+06
136.96 5.30142e+06
136.988 5.30142e+06
137.047 5.30141e+06
137.11 5.3014e+06
137.16 5.30139e+06
137.163 5.30138e+06
137.171 5.30138e+06
137.267 5.30137e+06
137.316 5.30136e+06
137.353 5.30135e+06
137.397 5.30134e+06
137.422 5.3013e+06
137.43 5.30129e+06
137.473 5.30126e+06
137.506 5.30124e+06
137.756 5.30122e+06
137.758 5.30122e+06
137.776 5.3012e+06
137.942 5.30118e+06
138.075 5.30118e+06
138.087 5.30117e+06
138.1 5.30116e+06
138.106 5.30115e+06
138.123 5.30113e+06
138.195 5.30112e+06
138.208 5.30111e+06
138.225 5.30109e+06
138.256 5.30108e+06
138.637 5.30108e+06
138.643 5.30107e+06
138.653 5.30101e+06
138.677 5.30096e+06
138.684 5.30095e+06
138.72 5.30095e+06
138.725 5.30092e+06
138.736 5.30091e+06
138.757 5.30089e+06
138.772 5.30088e+06
138.786 5.30088e+06
138.813 5.30086e+06
138.876 5.30085e+06
138.992 5.30085e+06
139.025 5.30084e+06
139.046 5.30083e+06
139.055 5.30083e+06
139.339 5.30082e+06
139.397 5.3008e+06
139.408 5.3008e+06
139.429 5.30075e+06
139.437 5.30074e+06
139.453 5.30073e+06
139.463 5.30073e+06
139.481 5.30072e+06
139.489 5.30071e+06
139.501 5.30069e+06
139.528 5.30068e+06
139.534 5.30068e+06
139.756 5.30066e+06
139.767 5.30064e+06
139.779 5.30062e+06
139.954 5.30062e+06
139.965 5.30061e+06
140.06 5.3006e+06
140.179 5.3006e+06
140.231 5.3006e+06
140.361 5.30058e+06
140.376 5.30056e+06
140.401 5.30053e+06
140.407 5.30051e+06
140.421 5.30051e+06
140.486 5.3005e+06
140.489 5.30048e+06
140.497 5.30048e+06
140.499 5.30044e+06
140.536 5.30042e+06
140.543 5.3004e+06
140.588 5.30034e+06
140.59 5.30033e+06
140.615 5.30027e+06
140.661 5.30027e+06
140.691 5.30021e+06
140.722 5.3002e+06
140.729 5.3002e+06
140.733 5.30019e+06
140.738 5.30018e+06
140.747 5.30017e+06
140.776 5.30015e+06
140.805 5.30014e+06
140.835 5.30014e+06
140.837 5.30009e+06
140.851 5.30009e+06
140.863 5.30004e+06
140.873 5.30002e+06
140.878 5.3e+06
140.879 5.29998e+06
140.883 5.29996e+06
140.891 5.29995e+06
140.911 5.29992e+06
140.947 5.29992e+06
140.956 5.29991e+06
140.975 5.2999e+06
141.039 5.29988e+06
141.051 5.29987e+06
141.101 5.2998e+06
141.137 5.29979e+06
141.14 5.29979e+06
141.158 5.29978e+06
141.164 5.29977e+06
141.185 5.29976e+06
141.269 5.29976e+06
141.296 5.29976e+06
141.309 5.29976e+06
141.362 5.29974e+06
141.37 5.29973e+06
141.415 5.29967e+06
141.417 5.29967e+06
141.428 5.29966e+06
141.451 5.29961e+06
141.459 5.29961e+06
141.51 5.29954e+06
141.532 5.2995e+06
141.554 5.29949e+06
141.567 5.29948e+06
141.711 5.29948e+06
141.739 5.29942e+06
141.891 5.2994e+06
141.979 5.2994e+06
142.044 5.2994e+06
142.063 5.29939e+06
142.113 5.29935e+06
142.124 5.29933e+06
142.184 5.29931e+06
142.196 5.2993e+06
142.241 5.2993e+06
142.25 5.29928e+06
142.251 5.29928e+06
142.273 5.29928e+06
142.316 5.29928e+06
142.357 5.29926e+06
142.412 5.29924e+06
142.458 5.2992e+06
142.486 5.29919e+06
142.496 5.29919e+06
142.523 5.29918e+06
142.571 5.29916e+06
142.585 5.29915e+06
142.589 5.29912e+06
142.592 5.2991e+06
142.612 5.2991e+06
142.645 5.29908e+06
142.685 5.29907e+06
142.712 5.299e+06
142.724 5.29898e+06
142.855 5.29897e+06
142.949 5.29897e+06
142.955 5.29896e+06
142.961 5.29895e+06
142.981 5.29895e+06
142.99 5.29895e+06
143.054 5.29894e+06
143.093 5.29894e+06
143.2 5.29893e+06
143.244 5.29893e+06
143.274 5.29888e+06
143.358 5.29885e+06
143.384 5.29877e+06
143.446 5.29877e+06
143.519 5.29876e+06
143.652 5.29873e+06
143.664 5.29871e+06
143.671 5.2987e+06
143.687 5.29863e+06
143.765 5.2986e+06
143.773 5.29859e+06
143.786 5.29858e+06
143.801 5.29856e+06
143.813 5.29853e+06
143.855 5.29852e+06
143.875 5.29851e+06
143.889 5.2985e+06
143.956 5.29848e+06
143.964 5.29847e+06
143.97 5.29846e+06
144.501 5.29845e+06
144.513 5.29844e+06
144.57 5.29844e+06
144.629 5.29842e+06
144.631 5.29842e+06
144.638 5.29842e+06
144.66 5.29841e+06
144.726 5.29837e+06
144.741 5.29835e+06
144.745 5.29835e+06
144.782 5.29835e+06
144.793 5.29834e+06
144.801 5.29833e+06
144.807 5.29831e+06
144.889 5.29824e+06
145.022 5.29821e+06
145.057 5.2982e+06
145.065 5.29818e+06
145.086 5.29817e+06
145.146 5.29815e+06
145.195 5.29815e+06
145.226 5.29814e+06
145.246 5.29813e+06
145.258 5.29803e+06
145.265 5.29799e+06
145.403 5.29797e+06
145.478 5.29796e+06
145.512 5.29794e+06
145.518 5.29794e+06
145.584 5.29794e+06
145.587 5.29793e+06
145.59 5.29793e+06
145.592 5.29791e+06
145.61 5.2979e+06
145.653 5.29789e+06
145.685 5.29786e+06
145.863 5.29784e+06
145.882 5.29784e+06
145.899 5.29781e+06
145.914 5.2978e+06
145.921 5.2978e+06
145.948 5.29779e+06
146.046 5.29779e+06
146.082 5.29779e+06
146.087 5.29775e+06
146.093 5.29774e+06
146.109 5.29768e+06
146.16 5.29768e+06
146.212 5.29767e+06
146.299 5.29767e+06
146.565 5.29765e+06
146.601 5.29764e+06
147.02 5.29764e+06
147.043 5.29763e+06
147.297 5.29762e+06
147.313 5.29761e+06
147.332 5.2976e+06
147.464 5.29759e+06
147.486 5.29759e+06
147.525 5.29758e+06
147.55 5.29755e+06
147.595 5.29752e+06
147.607 5.29751e+06
147.647 5.2975e+06
147.651 5.29746e+06
147.69 5.29745e+06
147.721 5.29744e+06
147.813 5.29744e+06
147.828 5.29743e+06
147.9 5.29743e+06
147.911 5.29743e+06
147.956 5.29739e+06
148.083 5.29733e+06
148.215 5.2973e+06
148.217 5.29729e+06
148.261 5.29728e+06
148.274 5.29728e+06
148.287 5.29728e+06
148.34 5.29727e+06
148.368 5.29727e+06
148.379 5.29726e+06
148.384 5.29726e+06
148.409 5.29723e+06
148.449 5.29723e+06
148.452 5.29723e+06
148.465 5.29722e+06
148.493 5.29722e+06
148.495 5.29721e+06
148.572 5.2972e+06
148.59 5.29719e+06
148.735 5.29719e+06
148.76 5.29717e+06
148.8 5.29716e+06
148.838 5.29714e+06
148.867 5.29713e+06
149.096 5.29712e+06
149.113 5.2971e+06
149.138 5.29708e+06
149.164 5.29708e+06
149.238 5.29707e+06
149.457 5.29705e+06
149.465 5.29705e+06
149.48 5.29704e+06
149.495 5.29702e+06
149.523 5.29698e+06
149.596 5.29698e+06
149.611 5.29696e+06
149.633 5.29695e+06
149.635 5.29695e+06
149.637 5.29695e+06
149.674 5.29695e+06
149.696 5.29694e+06
149.74 5.29691e+06
149.758 5.29691e+06
149.801 5.2969e+06
149.823 5.29689e+06
149.831 5.29683e+06
149.837 5.29681e+06
149.901 5.2968e+06
149.93 5.29675e+06
149.981 5.29675e+06
150.076 5.29674e+06
150.078 5.29674e+06
150.092 5.2967e+06
150.097 5.29669e+06
150.129 5.29666e+06
150.142 5.29664e+06
150.205 5.29663e+06
150.349 5.29661e+06
150.393 5.2966e+06
150.401 5.2966e+06
150.44 5.29659e+06
150.525 5.29655e+06
150.559 5.29655e+06
150.562 5.29653e+06
150.57 5.29648e+06
150.616 5.29646e+06
150.643 5.29645e+06
150.66 5.29644e+06
150.664 5.29642e+06
150.684 5.29641e+06
150.717 5.29638e+06
150.726 5.29636e+06
150.739 5.29636e+06
150.766 5.29634e+06
150.769 5.29634e+06
150.85 5.2963e+06
150.875 5.29629e+06
151.013 5.29628e+06
151.077 5.29621e+06
151.153 5.2962e+06
151.828 5.29616e+06
151.942 5.29615e+06
151.972 5.29613e+06
152.004 5.29612e+06
152.028 5.29608e+06
152.111 5.29607e+06
152.134 5.29607e+06
152.143 5.29605e+06
152.166 5.29602e+06
152.282 5.29602e+06
152.308 5.29597e+06
152.31 5.29593e+06
152.571 5.29591e+06
152.575 5.29591e+06
152.598 5.29588e+06
152.626 5.29587e+06
152.639 5.29587e+06
152.699 5.29585e+06
152.766 5.29584e+06
152.789 5.29584e+06
152.889 5.29582e+06
152.976 5.29578e+06
152.995 5.29578e+06
153.049 5.29576e+06
153.152 5.29574e+06
153.286 5.29574e+06
153.328 5.29574e+06
153.374 5.29572e+06
153.614 5.29572e+06
153.658 5.29572e+06
153.672 5.29571e+06
153.674 5.2957e+06
153.689 5.29568e+06
153.815 5.29566e+06
153.848 5.29566e+06
154.018 5.29563e+06
154.032 5.29562e+06
154.04 5.29561e+06
154.109 5.29561e+06
154.151 5.2956e+06
154.196 5.29559e+06
154.201 5.29559e+06
154.218 5.29559e+06
154.238 5.29558e+06
154.241 5.29557e+06
154.333 5.29556e+06
154.34 5.29555e+06
154.362 5.29554e+06
154.446 5.29551e+06
154.475 5.29548e+06
154.536 5.29548e+06
154.571 5.29548e+06
154.573 5.29547e+06
154.64 5.29546e+06
154.675 5.29545e+06
154.684 5.29542e+06
154.691 5.29541e+06
154.703 5.29541e+06
154.705 5.29539e+06
154.733 5.29538e+06
154.864 5.29537e+06
154.912 5.29536e+06
154.974 5.29536e+06
155.107 5.29535e+06
155.225 5.29535e+06
155.316 5.29534e+06
155.362 5.29533e+06
155.376 5.29533e+06
155.382 5.29532e+06
155.392 5.29532e+06
155.489 5.29528e+06
155.535 5.29528e+06
155.537 5.29526e+06
155.583 5.29525e+06
155.618 5.29525e+06
155.626 5.29524e+06
155.646 5.29523e+06
155.855 5.29523e+06
155.88 5.29522e+06
155.89 5.29522e+06
155.894 5.2952e+06
155.912 5.29514e+06
155.942 5.29514e+06
155.982 5.29514e+06
156.013 5.29513e+06
156.037 5.29512e+06
156.047 5.29512e+06
156.049 5.29511e+06
156.171 5.2951e+06
156.219 5.29509e+06
156.233 5.29509e+06
156.242 5.29504e+06
156.244 5.295e+06
156.297 5.29498e+06
156.441 5.29496e+06
156.472 5.29494e+06
156.52 5.29492e+06
156.539 5.29492e+06
156.602 5.29492e+06
156.685 5.2949e+06
156.756 5.29489e+06
156.761 5.29489e+06
156.771 5.29481e+06
156.884 5.29481e+06
156.931 5.2948e+06
156.94 5.2948e+06
156.981 5.29479e+06
157.136 5.29472e+06
157.176 5.29471e+06
157.178 5.29471e+06
157.24 5.2947e+06
157.266 5.29469e+06
157.29 5.29468e+06
157.325 5.29468e+06
157.342 5.29467e+06
157.414 5.29467e+06
157.499 5.29467e+06
157.514 5.29466e+06
157.518 5.29466e+06
157.586 5.2946e+06
157.62 5.29458e+06
157.682 5.29458e+06
157.686 5.29457e+06
158.236 5.29455e+06
158.247 5.29454e+06
158.253 5.29454e+06
158.259 5.29452e+06
158.273 5.2945e+06
158.285 5.29448e+06
158.358 5.29448e+06
158.394 5.29445e+06
158.442 5.29444e+06
158.462 5.29443e+06
158.556 5.29442e+06
158.568 5.29441e+06
158.579 5.29441e+06
158.599 5.29437e+06
158.621 5.29437e+06
158.703 5.29436e+06
158.779 5.29436e+06
159.073 5.29434e+06
159.083 5.29433e+06
159.098 5.29431e+06
159.157 5.2943e+06
159.177 5.29428e+06
159.18 5.29428e+06
159.289 5.29428e+06
159.312 5.29427e+06
159.36 5.29426e+06
159.362 5.29426e+06
159.366 5.29424e+06
159.399 5.29424e+06
159.439 5.29423e+06
159.471 5.29421e+06
159.553 5.29421e+06
159.56 5.29421e+06
159.566 5.29418e+06
159.66 5.29416e+06
159.665 5.29416e+06
159.669 5.29414e+06
159.703 5.29413e+06
159.737 5.29413e+06
159.799 5.29412e+06
159.804 5.29412e+06
159.827 5.29411e+06
159.875 5.29411e+06
159.913 5.29411e+06
159.959 5.29409e+06
160.036 5.29405e+06
160.084 5.29404e+06
160.108 5.29403e+06
160.203 5.29403e+06
160.234 5.294e+06
160.498 5.29394e+06
160.626 5.29394e+06
160.684 5.29392e+06
160.688 5.29392e+06
160.707 5.29391e+06
160.787 5.2939e+06
160.795 5.2939e+06
160.841 5.29389e+06
160.845 5.29388e+06
160.875 5.29386e+06
160.939 5.29383e+06
161.046 5.2938e+06
161.207 5.29379e+06
161.261 5.29379e+06
161.291 5.29377e+06
161.358 5.29376e+06
161.4 5.29376e+06
161.438 5.29376e+06
161.442 5.29375e+06
161.542 5.29375e+06
161.56 5.29375e+06
161.582 5.29372e+06
161.605 5.29372e+06
161.65 5.2937e+06
161.86 5.2937e+06
161.94 5.29369e+06
161.956 5.29369e+06
161.994 5.29368e+06
162.007 5.29367e+06
162.167 5.29367e+06
162.252 5.29366e+06
162.278 5.29366e+06
162.302 5.29366e+06
162.356 5.29364e+06
162.411 5.29362e+06
162.546 5.29361e+06
162.626 5.2936e+06
162.716 5.29357e+06
162.747 5.29357e+06
162.784 5.29356e+06
162.805 5.29356e+06
162.864 5.29354e+06
162.877 5.29354e+06
162.94 5.29352e+06
162.958 5.29352e+06
162.963 5.29352e+06
163.001 5.29351e+06
163.066 5.29351e+06
163.074 5.29349e+06
163.077 5.29343e+06
163.154 5.29342e+06
163.183 5.29341e+06
163.309 5.29341e+06
163.341 5.29339e+06
163.354 5.29338e+06
163.415 5.29338e+06
163.46 5.29337e+06
163.482 5.29336e+06
163.512 5.29334e+06
163.589 5.29334e+06
163.594 5.29333e+06
163.606 5.29333e+06
163.623 5.2933e+06
163.834 5.29329e+06
163.875 5.29326e+06
163.964 5.29326e+06
164.504 5.29326e+06
164.511 5.29326e+06
164.516 5.29325e+06
164.524 5.29324e+06
164.574 5.29324e+06
164.594 5.29323e+06
164.687 5.29318e+06
164.741 5.29317e+06
164.827 5.29313e+06
164.836 5.29311e+06
164.858 5.2931e+06
164.862 5.2931e+06
164.879 5.29309e+06
164.89 5.29308e+06
164.895 5.29306e+06
165.069 5.29305e+06
165.075 5.29304e+06
165.109 5.29303e+06
165.122 5.29296e+06
165.263 5.29292e+06
165.301 5.29291e+06
165.326 5.2929e+06
165.34 5.2929e+06
165.402 5.29289e+06
165.479 5.29287e+06
165.486 5.29287e+06
165.497 5.29286e+06
165.589 5.29285e+06
165.61 5.29284e+06
165.612 5.29282e+06
165.633 5.29281e+06
165.682 5.29279e+06
165.684 5.29279e+06
165.696 5.29278e+06
165.741 5.29278e+06
165.837 5.29275e+06
165.855 5.29274e+06
165.863 5.29273e+06
165.876 5.29272e+06
165.89 5.29272e+06
165.923 5.29272e+06
165.984 5.29271e+06
166.03 5.2927e+06
166.12 5.29269e+06
166.131 5.29269e+06
166.198 5.29268e+06
166.212 5.29267e+06
166.215 5.29267e+06
166.403 5.29267e+06
166.554 5.29264e+06
166.696 5.29261e+06
166.774 5.2926e+06
166.813 5.29257e+06
166.87 5.29257e+06
166.945 5.29257e+06
167.064 5.29256e+06
167.115 5.29256e+06
167.284 5.29252e+06
167.286 5.29252e+06
167.343 5.29251e+06
167.509 5.29251e+06
167.548 5.29248e+06
167.583 5.29246e+06
167.595 5.29241e+06
167.6 5.2924e+06
167.605 5.2924e+06
167.709 5.2924e+06
167.733 5.29239e+06
167.786 5.29239e+06
167.875 5.29239e+06
167.88 5.29234e+06
167.888 5.29232e+06
167.918 5.29232e+06
167.926 5.29229e+06
167.98 5.29229e+06
167.988 5.29228e+06
168.094 5.29228e+06
168.114 5.29228e+06
168.235 5.29224e+06
168.255 5.29223e+06
168.315 5.29222e+06
168.398 5.2922e+06
168.464 5.2922e+06
168.515 5.2922e+06
168.562 5.29219e+06
168.592 5.29218e+06
168.601 5.29218e+06
168.623 5.29218e+06
168.677 5.29217e+06
168.728 5.29217e+06
168.759 5.29216e+06
168.833 5.29216e+06
168.858 5.29215e+06
168.897 5.29214e+06
168.943 5.29214e+06
168.961 5.29213e+06
168.965 5.29213e+06
169.052 5.29213e+06
169.155 5.2921e+06
169.228 5.29204e+06
169.237 5.29203e+06
169.294 5.29201e+06
169.443 5.292e+06
169.556 5.29198e+06
170.003 5.29198e+06
170.071 5.29197e+06
170.13 5.29197e+06
170.153 5.29194e+06
170.159 5.29192e+06
170.206 5.29192e+06
170.376 5.2919e+06
170.43 5.29189e+06
170.448 5.29188e+06
170.495 5.29188e+06
170.533 5.29181e+06
170.537 5.2918e+06
170.577 5.29179e+06
170.621 5.29178e+06
170.684 5.29175e+06
170.711 5.29174e+06
170.726 5.29173e+06
170.809 5.29173e+06
170.817 5.29169e+06
170.829 5.29168e+06
170.864 5.29168e+06
170.936 5.29168e+06
170.968 5.29164e+06
171.008 5.29161e+06
171.057 5.2916e+06
171.074 5.29158e+06
171.136 5.29158e+06
171.152 5.29158e+06
171.154 5.29157e+06
171.185 5.29156e+06
171.191 5.2915e+06
171.214 5.29149e+06
171.32 5.29148e+06
171.358 5.29145e+06
171.36 5.29144e+06
171.362 5.29144e+06
171.395 5.29137e+06
171.398 5.29136e+06
