4.352 240850
4.354 240830
4.355 240813
4.357 240788
4.358 240747
4.361 240698
4.362 240683
4.365 240666
4.372 240627
4.373 240610
4.376 240580
4.378 240544
4.379 240500
4.381 240434
4.383 240433
4.384 240413
4.386 240276
4.387 240209
4.389 240105
4.391 239918
4.394 239871
4.396 239849
4.397 239847
4.399 239727
4.401 239718
4.402 239702
4.404 239699
4.405 239690
4.406 239688
4.409 239682
4.411 239649
4.412 239527
4.415 239503
4.416 239496
4.419 239457
4.42 239442
4.422 239428
4.424 239243
4.426 239234
4.427 239223
4.429 239212
4.43 239200
4.433 238807
4.435 238796
4.436 238789
4.438 238787
4.439 238780
4.442 238748
4.444 238711
4.446 238709
4.447 238668
4.449 238617
4.45 238597
4.451 238581
4.453 238414
4.455 238336
4.457 238246
4.459 238240
4.46 238192
4.462 238184
4.464 238176
4.469 238146
4.47 238145
4.474 238133
4.477 238110
4.481 238088
4.482 238078
4.484 238064
4.488 238042
4.489 238041
4.49 238033
4.491 238021
4.494 238018
4.496 238005
4.499 237867
4.5 237847
4.503 237838
4.504 237836
4.506 237665
4.508 237439
4.511 237424
4.514 237420
4.516 237396
4.52 237375
4.522 237351
4.523 237326
4.526 237304
4.53 237298
4.532 237288
4.538 237282
4.539 237238
4.541 237195
4.542 237187
4.546 237185
4.551 237184
4.552 237174
4.554 237166
4.555 237160
4.559 237153
4.56 237143
4.562 237137
4.563 237048
4.566 237046
4.568 237044
4.569 237034
4.571 236810
4.572 236749
4.574 236725
4.577 236723
4.578 236722
4.581 236708
4.583 236697
4.584 236689
4.589 236688
4.593 236666
4.594 236661
4.597 236642
4.604 236621
4.607 236585
4.609 236584
4.611 236580
4.614 236573
4.617 236569
4.619 236568
4.621 236567
4.623 236490
4.624 236484
4.626 236481
4.628 236472
4.63 236462
4.632 236431
4.634 236426
4.636 236425
4.638 236408
4.639 236407
4.65 236403
4.655 236358
4.66 236347
4.662 236286
4.665 236077
4.673 235958
4.676 235949
4.692 235925
4.693 235919
4.7 235897
4.702 235887
4.705 235876
4.715 235849
4.716 235842
4.725 235834
4.727 235810
4.731 235798
4.734 235758
4.748 235747
4.755 235741
4.773 235733
4.774 235732
4.776 235728
4.784 235712
4.79 235710
4.792 235708
4.795 235703
4.803 235695
4.808 235675
4.811 235661
4.813 235660
4.815 235649
4.816 235644
4.823 235616
4.827 235603
4.828 235586
4.851 235483
4.856 235482
4.857 235480
4.861 235477
4.865 235473
4.866 235469
4.872 235464
4.912 235455
4.914 235448
4.916 235447
4.92 235446
4.923 235443
4.924 235433
4.926 235430
4.928 235411
4.931 235394
4.945 235391
4.957 235339
4.974 235300
4.993 235273
4.996 235254
4.999 235241
5 235202
5.007 235201
5.008 235200
5.011 235191
5.041 235110
5.042 235109
5.053 235101
5.064 235011
5.066 235006
5.071 234998
5.072 234995
5.076 234994
5.084 234988
5.086 234981
5.089 234976
5.091 234971
5.093 234968
5.094 234964
5.096 234955
5.097 234952
5.106 234942
5.109 234938
5.114 234904
5.115 234902
5.13 234891
5.131 234868
5.134 234860
5.136 234847
5.141 234846
5.142 234806
5.145 234794
5.146 234793
5.153 234781
5.193 234741
5.195 234739
5.201 234680
5.202 234674
5.204 234667
5.206 234595
5.208 234594
5.209 234591
5.211 234590
5.234 234585
5.236 234574
5.238 234572
5.242 234570
5.248 234562
5.264 234516
5.268 234510
5.269 234503
5.272 234500
5.273 234492
5.278 234483
5.301 234481
5.303 234476
5.304 234469
5.308 234462
5.31 234459
5.343 234452
5.349 234449
5.353 234441
5.357 234412
5.358 234402
5.362 234400
5.366 234396
5.37 234393
5.378 234389
5.381 234373
5.382 234359
5.383 234354
5.385 234351
5.401 234350
5.405 234349
5.409 234336
5.411 234335
5.416 234334
5.42 234330
5.521 234298
5.564 234295
5.565 234293
5.6 234288
5.637 234266
5.638 234264
5.649 234249
5.653 234243
5.677 234157
5.681 234132
5.692 234127
5.894 234111
5.903 234089
5.918 234088
5.92 234051
5.926 234000
5.932 233978
5.935 233975
5.946 233968
5.951 233967
5.952 233964
5.954 233956
5.955 233955
5.956 233950
5.959 233949
5.961 233943
5.962 233935
5.965 233932
5.974 233931
5.981 233906
5.996 233866
6.01 233863
6.012 233861
6.015 233856
6.026 233852
6.028 233819
6.034 233815
6.037 233809
6.039 233780
6.041 233777
6.043 233717
6.045 233682
6.12 233679
6.121 233676
6.125 233640
6.136 233638
6.141 233633
6.167 233612
6.172 233591
6.193 233587
6.216 233539
6.219 233533
6.22 233529
6.222 233501
6.228 233496
6.275 233477
6.279 233456
6.282 233450
6.31 233443
6.316 233404
6.319 233392
6.322 233389
6.337 233365
6.341 233356
6.344 233339
6.345 233336
6.352 233313
6.361 233302
6.479 233292
6.525 233287
6.532 233286
6.542 233273
6.546 233272
6.557 233263
6.563 233259
6.566 233255
6.569 233238
6.578 233232
6.585 233219
6.589 233117
6.592 233111
6.595 233102
6.6 233098
6.602 233085
6.605 233083
6.607 233080
6.609 233074
6.611 233066
6.683 233037
6.685 233026
6.686 233025
6.689 233022
6.71 232965
6.711 232960
6.718 232940
6.725 232931
6.727 232923
6.73 232913
6.732 232897
6.739 232879
6.773 232873
6.774 232868
6.784 232866
6.786 232865
6.787 232864
6.79 232855
6.793 232833
6.799 232791
6.801 232784
6.802 232783
6.805 232766
6.811 232681
6.812 232677
6.825 232676
6.829 232639
6.861 232619
6.866 232618
6.868 232595
7.086 232594
7.087 232591
7.089 232582
7.093 232570
7.098 232554
7.102 232542
7.103 232539
7.106 232535
7.123 232503
7.124 232464
7.129 232463
7.132 232461
7.133 232450
7.136 232440
7.142 232430
7.146 232417
7.158 232416
7.164 232413
7.166 232408
7.169 232405
7.173 232391
7.181 232384
7.182 232368
7.187 232354
7.334 232345
7.338 232340
7.529 232337
7.533 232307
7.539 232294
7.543 232287
7.548 232278
7.55 232253
7.563 232230
7.575 232210
7.577 232206
7.578 232203
7.587 232183
7.589 232182
7.627 232129
7.663 232124
8.761 232108
8.763 232105
8.764 232104
8.781 232102
8.786 232094
8.802 232077
8.862 232071
8.863 232048
8.865 232043
8.88 232034
8.888 232032
8.89 232027
8.972 232026
9.866 231993
9.868 231977
9.877 231958
9.906 231955
9.912 231950
9.916 231946
9.975 231914
10.013 231894
10.016 231888
10.019 231855
10.022 231852
10.037 231818
10.039 231816
10.041 231799
10.045 231773
10.059 231772
10.062 231770
10.066 231769
10.095 231765
10.136 231755
10.137 231754
10.172 231741
10.182 231738
10.184 231737
10.185 231735
10.187 231731
10.188 231722
10.402 231714
10.408 231712
10.414 231710
11.236 231708
11.237 231707
11.247 231680
11.249 231679
11.25 231640
11.279 231622
11.28 231609
11.283 231608
11.285 231601
11.288 231594
11.289 231587
11.635 231570
11.637 231567
11.646 231559
11.648 231555
11.652 231551
11.654 231542
11.658 231540
11.66 231514
11.662 231513
11.664 231511
11.665 231505
11.668 231502
11.675 231496
11.719 231484
11.734 231441
11.735 231430
11.737 231427
11.743 231414
11.747 231403
11.748 231395
11.75 231393
11.855 231327
11.876 231321
11.879 231304
11.885 231302
11.887 231296
12.032 231275
12.389 231272
12.426 231254
12.429 231249
12.433 231244
12.434 231225
12.439 231175
12.442 231150
12.447 231140
12.459 231133
12.469 231126
12.47 231112
12.471 231111
12.474 231105
12.558 231083
12.567 231078
12.569 231073
12.571 231067
12.751 231065
12.754 231056
12.76 231051
12.763 231040
13.292 231027
13.297 231020
13.304 231019
13.339 231006
13.345 230974
13.354 230960
13.358 230959
13.364 230939
13.378 230932
13.379 230922
13.381 230914
13.401 230897
13.452 230895
13.454 230893
13.471 230873
13.473 230872
13.685 230866
14.414 230858
14.43 230846
14.432 230832
14.439 230827
14.507 230824
14.509 230822
14.51 230818
14.512 230804
14.515 230787
14.517 230777
14.519 230774
14.523 230769
14.525 230766
14.531 230764
14.534 230681
14.536 230679
14.551 230678
14.554 230661
14.562 230654
14.563 230644
14.57 230640
14.58 230634
14.581 230633
14.585 230628
14.587 230616
14.591 230613
14.609 230602
14.61 230601
14.614 230589
14.616 230579
14.618 230548
14.627 230513
14.644 230510
14.645 230509
14.647 230508
14.649 230507
14.651 230506
14.654 230479
14.656 230467
14.675 230460
14.677 230445
14.705 230439
14.712 230413
14.717 230399
14.719 230393
14.721 230386
14.726 230375
14.777 230365
14.778 230342
14.784 230338
14.787 230300
14.792 230287
14.8 230269
14.803 230268
14.805 230264
14.806 230230
14.816 230225
14.819 230220
14.821 230182
14.824 230180
14.827 230109
14.83 230095
14.835 230079
14.837 230078
14.909 230077
14.911 230065
14.913 229998
14.917 229996
14.933 229994
14.934 229970
14.972 229968
14.973 229966
14.978 229946
14.994 229944
15.012 229933
15.016 229932
15.017 229931
15.093 229922
15.105 229917
15.151 229915
15.155 229914
17.697 229890
17.699 229883
17.703 229872
17.705 229867
17.707 229858
17.722 229843
17.725 229829
17.729 229822
17.731 229810
17.739 229793
17.766 229790
17.77 229773
17.773 229759
17.776 229754
17.778 229747
17.781 229722
18.195 229721
18.198 229678
18.2 229667
18.89 229573
18.899 229560
18.987 229547
18.991 229540
18.996 229534
18.998 229466
19.013 229445
19.026 229433
19.028 229430
19.03 229422
19.033 229407
19.956 229397
19.981 229368
20.006 229357
20.015 229338
20.017 229311
20.025 229268
20.026 229262
20.041 229261
20.057 229253
20.06 229251
20.076 229222
20.081 229178
20.084 229172
20.086 229166
20.087 229147
20.095 229142
20.101 229138
20.112 229132
20.114 229109
20.116 229104
20.12 229092
20.124 229090
20.13 229073
20.141 229019
20.143 229002
20.145 228995
20.149 228992
20.187 228989
20.195 228955
20.204 228953
20.205 228946
20.207 228944
20.217 228925
20.219 228923
20.224 228920
20.229 228909
20.231 228872
20.234 228866
20.284 228862
20.288 228860
20.29 228857
20.311 228851
20.318 228848
20.32 228845
20.324 228840
20.325 228826
20.33 228820
20.333 228777
20.337 228752
20.34 228750
20.342 228746
20.354 228735
21.229 228713
21.23 228710
21.233 228694
21.236 228687
21.242 228685
21.245 228668
21.255 228655
21.258 228639
21.261 228633
24.047 228628
24.095 228624
24.151 228601
24.216 228599
24.218 228575
24.22 228568
24.223 228564
24.356 228559
24.628 228549
24.631 228538
24.635 228532
24.638 228530
24.64 228480
24.642 228462
24.649 228456
24.659 228454
24.689 228445
24.693 228427
24.694 228423
24.696 228418
24.697 228417
24.701 228416
24.703 228415
24.715 228395
24.718 228384
25.166 228369
25.168 228348
25.173 228342
25.175 228340
25.183 228336
25.203 228334
25.234 228333
25.367 228315
25.37 228309
25.374 228294
25.378 228287
25.38 228257
25.382 228249
25.393 228247
25.613 228239
25.614 228236
25.616 228219
25.619 228205
25.62 228200
25.659 228190
25.66 228175
25.662 228171
25.726 228163
25.729 228150
25.731 228103
25.734 228101
25.735 228093
25.789 228086
25.794 228083
25.797 228072
26.27 228070
26.272 228065
26.574 228044
26.575 228033
26.578 228015
26.585 228009
26.592 227990
26.596 227988
26.597 227975
26.604 227962
26.629 227955
26.633 227891
26.639 227883
26.641 227879
26.651 227867
26.656 227862
26.657 227861
27.129 227854
27.145 227843
27.362 227839
27.382 227833
27.515 227819
27.523 227809
27.527 227791
27.533 227772
27.537 227770
27.543 227766
27.544 227761
27.551 227758
27.554 227746
27.557 227744
27.612 227736
27.615 227730
27.727 227721
27.73 227716
27.734 227703
27.735 227702
27.738 227697
27.74 227687
27.758 227682
27.765 227670
27.772 227666
27.778 227657
27.8 227644
27.808 227633
27.81 227632
27.811 227630
27.814 227613
27.821 227612
27.827 227595
27.831 227589
27.832 227581
27.835 227543
27.837 227534
27.84 227520
28.308 227511
28.31 227509
28.315 227506
28.318 227498
28.32 227469
28.322 227468
28.324 227466
28.326 227460
28.352 227446
28.427 227432
28.44 227429
28.442 227415
28.445 227413
28.456 227410
28.46 227409
28.469 227403
28.471 227381
28.487 227379
28.494 227377
28.496 227371
28.501 227370
28.502 227365
28.504 227362
28.506 227357
28.509 227354
28.512 227348
28.514 227340
28.517 227335
28.519 227320
28.522 227315
28.529 227296
28.616 227290
28.636 227273
28.651 227265
28.653 227261
28.654 227233
28.697 227224
28.699 227204
28.702 227201
28.704 227199
28.709 227197
28.711 227194
28.863 227183
28.866 227180
28.881 227179
29.072 227170
29.11 227147
29.152 227144
29.161 227143
29.173 227135
29.175 227130
29.179 227124
29.191 227121
29.201 227116
29.259 227114
29.337 227109
29.347 227108
29.981 227102
29.983 227091
29.989 227082
30.01 227061
30.013 227049
30.067 227032
30.069 227027
30.075 227018
30.076 227017
30.085 227004
30.086 227002
30.109 226995
30.165 226993
30.298 226988
30.397 226984
31.444 226979
31.446 226973
31.462 226971
31.464 226968
31.466 226943
31.485 226939
31.489 226937
31.495 226903
31.536 226894
31.538 226861
31.548 226860
31.552 226856
31.554 226851
31.557 226845
31.56 226835
31.562 226823
31.574 226820
31.594 226792
31.599 226790
31.683 226782
31.684 226770
31.837 226742
31.848 226739
31.863 226726
31.866 226714
31.877 226713
31.88 226711
31.881 226706
31.885 226699
31.886 226672
31.897 226669
31.93 226668
31.933 226660
31.944 226657
31.946 226653
32.028 226652
32.033 226630
32.037 226626
32.042 226613
32.046 226594
32.077 226578
32.08 226575
32.084 226568
32.086 226551
32.124 226549
32.125 226543
32.689 226541
32.691 226540
32.696 226530
33.26 226526
33.266 226524
33.267 226520
33.269 226519
33.29 226514
33.293 226513
33.297 226495
33.478 226469
33.487 226457
33.492 226444
33.496 226431
33.499 226426
33.5 226425
33.503 226417
33.505 226390
33.507 226389
33.511 226368
33.514 226365
33.519 226359
33.526 226358
33.531 226357
33.533 226356
33.543 226351
33.56 226350
33.561 226347
33.565 226345
33.57 226341
33.581 226322
35.657 226321
35.663 226320
35.665 226318
35.885 226308
35.886 226307
35.915 226302
35.923 226290
35.924 226283
35.931 226281
35.937 226275
36.175 226251
37.274 226250
37.278 226247
37.282 226229
37.295 226225
37.297 226214
38.723 226211
38.736 226205
38.738 226187
38.756 226182
38.798 226166
38.816 226162
38.82 226152
38.87 226151
38.871 226148
38.881 226142
38.897 226134
38.913 226132
38.914 226126
38.924 226125
38.925 226118
38.945 226091
38.948 226088
39.057 226084
39.066 226078
39.073 226068
39.079 226063
39.082 226062
39.086 226033
39.09 226027
39.092 226018
39.097 226004
39.102 225968
39.108 225965
39.117 225963
39.121 225943
39.122 225933
39.405 225932
39.409 225925
39.411 225921
39.412 225912
39.414 225910
39.428 225909
39.439 225886
39.451 225877
39.831 225874
39.859 225829
39.87 225817
39.889 225816
41.05 225813
41.051 225812
41.053 225808
41.078 225804
41.085 225778
41.117 225772
41.121 225768
41.125 225764
41.128 225756
41.158 225755
41.165 225747
41.178 225735
41.18 225730
41.261 225724
41.843 225710
41.851 225695
41.859 225691
41.861 225690
41.872 225686
41.91 225659
41.914 225651
41.919 225649
41.934 225637
41.935 225627
41.963 225623
42.043 225622
42.047 225621
42.048 225610
42.05 225582
42.071 225581
42.072 225573
42.075 225562
42.077 225560
42.176 225555
42.179 225533
42.182 225526
42.183 225510
42.496 225496
42.605 225493
42.699 225492
42.704 225488
42.708 225484
42.721 225483
42.728 225455
42.765 225454
42.771 225437
42.777 225435
42.784 225426
42.791 225408
43.201 225398
43.225 225394
43.229 225393
43.391 225392
43.394 225390
43.398 225375
43.404 225374
43.41 225355
43.423 225353
43.427 225337
43.429 225334
43.446 225313
43.451 225306
43.68 225305
43.692 225304
43.723 225302
43.726 225299
43.729 225288
43.732 225287
43.737 225273
43.74 225262
43.744 225258
43.755 225253
43.761 225252
43.763 225238
43.767 225233
43.773 225231
43.776 225229
43.964 225227
44.05 225208
44.073 225180
44.222 225177
44.223 225176
44.225 225167
44.242 225161
44.244 225134
44.252 225133
44.263 225131
44.265 225129
45.07 225118
45.073 225114
45.083 225112
45.109 225111
45.119 225109
45.204 225101
45.209 225092
45.213 225090
45.216 225081
45.254 225076
45.264 225074
45.268 225070
45.273 225069
45.28 225065
45.286 225064
45.291 225050
45.293 225046
45.303 225045
45.311 225037
45.319 225034
45.444 225029
45.447 224997
45.49 224992
45.577 224988
45.58 224977
45.582 224973
45.596 224949
46.52 224919
46.521 224909
46.525 224906
46.526 224893
46.53 224887
46.534 224885
46.537 224879
46.551 224875
46.556 224871
46.558 224870
46.559 224851
46.561 224850
46.562 224841
46.568 224832
46.57 224827
46.571 224826
46.584 224819
46.596 224816
46.607 224810
46.609 224807
46.67 224805
46.894 224794
46.933 224793
46.934 224786
46.938 224773
46.941 224765
46.997 224764
47.003 224762
47.005 224754
47.009 224753
47.015 224751
47.022 224749
47.081 224745
47.093 224741
47.095 224711
47.107 224695
47.117 224694
47.169 224690
47.171 224685
47.192 224643
47.202 224633
47.204 224629
47.205 224624
47.208 224619
47.211 224618
47.304 224617
47.313 224614
47.353 224602
47.357 224601
47.358 224587
47.362 224578
47.364 224559
47.409 224556
47.412 224553
47.413 224545
47.417 224543
48.262 224535
48.264 224534
49.163 224533
49.165 224523
49.173 224520
49.188 224508
49.19 224507
49.203 224505
49.21 224501
49.279 224496
49.286 224495
49.291 224486
49.459 224482
49.484 224466
49.487 224464
49.489 224459
49.558 224455
49.565 224453
49.571 224445
49.634 224433
49.643 224432
49.65 224420
49.654 224419
49.729 224416
49.741 224412
49.752 224409
49.756 224407
50.23 224404
50.232 224384
50.238 224371
50.241 224357
50.243 224347
50.676 224344
50.696 224341
50.7 224323
50.706 224320
50.711 224318
50.716 224317
50.796 224308
50.8 224307
50.98 224295
50.984 224283
50.988 224280
50.992 224278
50.996 224273
51.005 224268
51.007 224264
51.017 224261
51.023 224243
51.026 224228
51.127 224227
51.141 224223
51.164 224222
51.168 224220
51.171 224215
51.341 224205
51.369 224202
51.371 224196
51.373 224195
51.412 224193
51.416 224182
51.418 224180
51.596 224170
51.603 224166
51.632 224158
51.635 224152
51.908 224148
51.918 224146
51.92 224144
51.924 224135
51.94 224134
51.942 224129
51.943 224128
51.951 224126
51.957 224124
51.964 224119
51.966 224116
52.091 224112
52.13 224093
52.139 224092
52.141 224091
52.143 224090
52.145 224081
52.15 224078
52.152 224075
52.155 224073
52.157 224062
52.163 224059
52.166 224053
52.169 224051
52.227 224047
52.229 224045
52.233 224044
52.355 224043
52.358 224039
52.362 224031
52.376 224005
52.392 223997
52.394 223995
52.408 223991
52.413 223987
52.853 223984
52.856 223973
52.888 223970
52.91 223968
53.01 223964
53.033 223955
53.046 223945
53.176 223938
53.18 223934
53.193 223933
53.21 223923
53.256 223908
53.258 223906
53.261 223904
53.262 223899
53.275 223898
53.278 223896
53.321 223892
53.337 223884
53.342 223879
53.35 223874
53.354 223871
53.371 223867
53.376 223848
53.416 223839
53.418 223835
53.428 223834
53.433 223833
53.444 223831
53.463 223830
53.467 223821
53.482 223819
53.495 223808
53.507 223807
53.516 223803
53.523 223798
53.527 223797
53.533 223795
53.552 223786
53.557 223784
53.561 223783
53.57 223772
53.744 223762
53.763 223756
53.814 223751
53.817 223738
53.893 223736
53.903 223735
54.097 223734
54.102 223733
54.104 223726
54.124 223724
54.129 223713
54.139 223711
54.158 223704
54.222 223702
54.229 223697
54.233 223690
54.236 223676
54.238 223674
54.264 223661
54.273 223660
54.275 223652
54.38 223645
54.415 223639
54.419 223637
54.427 223635
54.438 223634
54.584 223633
54.658 223624
54.661 223621
55.101 223616
55.104 223613
55.109 223608
55.123 223600
55.13 223592
55.132 223586
55.149 223578
55.161 223571
55.164 223568
55.183 223566
55.184 223564
55.195 223542
55.205 223538
55.211 223537
55.216 223534
55.224 223533
55.237 223517
55.244 223510
55.257 223501
55.262 223500
55.268 223499
55.275 223498
55.282 223492
55.289 223485
55.293 223483
55.298 223471
55.3 223457
55.303 223442
55.383 223437
55.67 223434
55.733 223429
55.992 223428
56.02 223425
56.021 223422
56.023 223421
56.031 223420
59.756 223412
59.758 223402
59.76 223400
59.812 223395
59.827 223390
59.894 223388
59.981 223379
60.006 223378
60.011 223364
60.04 223362
60.045 223361
60.054 223359
60.055 223354
60.057 223351
60.058 223347
60.067 223341
60.109 223340
60.119 223336
60.126 223329
60.141 223327
60.158 223324
60.16 223315
60.177 223307
60.184 223301
60.195 223300
60.202 223295
60.205 223292
60.208 223281
60.212 223279
60.218 223270
60.221 223265
60.223 223259
60.224 223258
60.337 223257
60.342 223252
60.343 223228
60.347 223223
60.359 223220
60.374 223217
60.505 223210
60.517 223209
60.537 223207
60.538 223184
60.691 223168
60.694 223160
60.697 223154
60.843 223151
60.884 223147
60.9 223143
60.933 223141
60.942 223136
60.944 223125
60.945 223124
60.968 223117
60.977 223102
61.022 223098
61.025 223094
61.058 223088
61.063 223087
61.066 223081
61.093 223078
61.099 223077
61.106 223075
61.111 223056
61.13 223054
61.164 223049
61.167 223041
61.171 223037
61.438 223030
61.441 223026
61.454 223021
61.467 223017
61.474 223015
61.515 223011
61.61 223004
61.622 223003
61.632 223000
61.636 222996
61.648 222992
61.731 222989
61.741 222988
61.758 222987
62.618 222986
62.633 222981
62.798 222980
62.809 222976
62.814 222969
62.83 222959
62.834 222958
62.837 222955
62.843 222954
63.027 222953
63.034 222931
63.072 222929
63.082 222923
63.084 222921
63.102 222908
63.106 222900
63.139 222894
63.159 222888
63.23 222885
63.278 222884
63.279 222879
63.289 222863
63.299 222862
63.349 222859
63.355 222846
63.372 222841
63.374 222829
63.392 222819
63.41 222807
63.466 222805
63.472 222796
63.543 222788
63.547 222786
63.684 222779
63.686 222769
63.694 222763
63.712 222758
63.738 222754
63.759 222751
63.762 222750
63.766 222749
63.778 222741
64.579 222737
64.652 222736
64.66 222733
64.665 222728
64.674 222727
64.691 222724
64.693 222716
64.694 222713
64.696 222711
65.434 222710
65.445 222704
65.455 222694
65.653 222691
65.926 222690
65.951 222689
66.006 222686
66.018 222683
66.022 222672
67.154 222666
67.16 222663
67.219 222657
67.221 222654
67.233 222641
67.248 222639
67.251 222620
67.296 222619
67.303 222617
67.349 222612
67.367 222609
67.382 222608
67.395 222605
67.4 222602
67.402 222595
67.407 222594
67.41 222592
67.745 222590
67.819 222561
67.827 222560
67.87 222559
67.903 222557
67.918 222549
67.962 222540
67.989 222538
67.997 222533
68.001 222532
68.009 222526
68.011 222521
68.034 222520
68.042 222518
68.066 222517
68.076 222516
68.085 222510
68.092 222509
68.101 222505
68.187 222495
68.19 222487
68.204 222480
68.209 222479
68.304 222477
68.333 222475
68.365 222474
68.372 222472
68.373 222460
68.382 222453
68.391 222452
68.397 222451
68.408 222450
68.433 222442
68.48 222438
68.505 222437
68.714 222436
68.721 222434
68.74 222433
68.858 222431
68.863 222430
68.872 222424
68.881 222423
68.887 222419
68.894 222406
68.898 222385
68.949 222384
68.953 222382
69.077 222377
69.108 222376
69.155 222374
69.184 222369
69.397 222363
69.403 222354
69.405 222351
69.503 222340
69.507 222335
69.623 222333
69.635 222327
69.645 222325
69.678 222320
69.737 222311
69.754 222306
69.761 222305
69.803 222303
69.809 222302
69.819 222293
69.826 222290
69.828 222285
69.834 222279
69.835 222277
69.837 222276
69.838 222272
69.841 222267
69.926 222261
69.953 222252
69.958 222248
69.988 222247
70.231 222242
70.245 222240
70.252 222237
70.256 222233
70.951 222232
70.973 222230
71.021 222229
71.098 222228
71.113 222227
71.119 222222
71.127 222217
71.14 222216
71.143 222215
71.146 222214
71.455 222209
71.522 222208
71.546 222206
71.557 222205
71.563 222204
71.628 222202
71.633 222196
71.648 222193
71.82 222192
71.823 222188
71.913 222186
71.924 222185
71.933 222184
71.945 222177
71.979 222175
72.048 222169
72.1 222168
72.102 222167
72.11 222164
72.12 222163
72.122 222159
72.176 222148
72.18 222143
72.283 222140
72.285 222139
72.286 222137
72.395 222135
72.424 222134
72.447 222133
72.458 222131
72.472 222130
72.482 222129
72.491 222125
72.668 222122
72.72 222121
73.262 222116
73.293 222114
73.702 222113
73.718 222111
73.721 222108
73.839 222105
74.054 222103
74.061 222099
74.107 222097
74.117 222088
74.15 222085
74.153 222083
74.163 222081
74.25 222078
74.3 222077
74.344 222076
74.778 222074
74.781 222073
74.783 222067
74.941 222066
74.961 222065
75.001 222064
75.012 222062
75.025 222061
75.028 222060
75.036 222059
75.118 222058
75.197 222057
75.21 222055
75.224 222049
75.236 222045
75.271 222033
75.31 222028
75.317 222025
75.333 222022
75.339 222020
75.378 222017
75.389 222013
75.39 222009
75.452 222008
75.576 222005
75.579 222002
75.585 222000
75.591 221998
75.592 221997
75.597 221992
76.595 221990
76.626 221986
76.633 221985
76.814 221983
76.947 221975
76.949 221974
76.956 221972
76.981 221971
76.997 221969
77.006 221968
77.068 221965
77.07 221964
77.09 221961
77.104 221960
77.141 221954
77.626 221950
78.605 221946
78.63 221945
78.688 221940
78.7 221938
78.716 221934
78.91 221925
78.919 221922
78.928 221920
78.951 221916
78.974 221913
78.979 221912
79.001 221911
79.005 221909
79.018 221908
79.042 221902
79.06 221899
79.074 221895
79.078 221894
79.109 221891
79.15 221890
79.176 221887
79.205 221884
79.246 221881
79.256 221880
79.462 221875
79.469 221871
79.473 221868
79.477 221866
79.502 221865
79.51 221864
79.511 221862
79.605 221861
79.607 221860
79.611 221859
79.613 221855
79.616 221853
79.619 221851
79.654 221850
79.677 221846
79.683 221843
79.692 221839
79.711 221838
79.728 221834
79.759 221831
79.762 221830
79.769 221827
79.838 221826
79.849 221824
79.854 221816
79.877 221812
79.89 221811
79.908 221810
79.977 221806
80.023 221805
80.052 221804
80.097 221801
80.267 221799
80.296 221798
80.321 221794
80.345 221792
80.357 221791
80.401 221789
80.415 221786
80.422 221783
80.471 221782
80.62 221781
81.485 221778
81.488 221777
81.519 221776
81.527 221773
81.534 221772
81.549 221767
81.55 221765
81.569 221762
81.586 221761
81.588 221759
81.598 221754
81.604 221748
81.615 221746
81.62 221740
81.666 221738
81.668 221737
81.674 221734
81.698 221729
81.882 221728
81.891 221724
81.899 221723
81.924 221711
81.971 221710
82.037 221702
82.08 221698
82.082 221690
82.116 221686
82.165 221684
82.218 221683
82.231 221682
82.233 221681
82.264 221680
82.325 221678
82.343 221677
82.356 221676
82.372 221673
82.585 221671
82.636 221666
82.65 221665
82.673 221651
82.689 221649
82.691 221647
82.7 221644
82.751 221642
82.754 221641
82.757 221640
82.761 221639
82.789 221629
82.792 221627
82.858 221626
82.897 221625
82.934 221621
83.17 221620
83.172 221617
83.231 221615
83.264 221612
83.322 221610
83.335 221609
83.338 221608
83.357 221607
83.374 221600
83.552 221594
83.578 221593
83.62 221591
83.626 221586
83.714 221585
83.735 221583
83.808 221582
83.85 221579
83.931 221578
83.96 221577
83.977 221576
83.999 221571
84.156 221569
84.187 221562
84.238 221560
84.244 221558
84.265 221553
84.366 221550
84.405 221549
84.411 221539
84.537 221537
84.549 221535
84.57 221533
84.6 221532
84.84 221526
84.855 221524
84.971 221522
84.98 221519
85.022 221516
85.094 221514
85.103 221510
85.113 221508
85.127 221502
85.195 221501
85.213 221498
85.296 221495
85.303 221490
85.335 221489
85.377 221483
85.389 221481
85.419 221480
85.453 221478
85.474 221475
85.495 221472
85.497 221469
85.505 221468
85.53 221465
85.54 221460
85.629 221454
86.236 221452
86.434 221449
86.483 221448
86.539 221447
86.597 221446
86.608 221445
86.698 221443
86.728 221441
86.752 221438
86.812 221436
87.385 221435
87.442 221434
87.478 221433
87.533 221432
87.572 221431
87.591 221428
87.62 221427
87.822 221425
88.109 221419
88.283 221418
88.305 221416
88.519 221411
88.587 221410
88.592 221408
88.715 221404
88.847 221403
88.873 221402
88.899 221399
88.951 221396
89.173 221392
89.211 221391
89.242 221385
89.248 221376
89.714 221375
89.832 221373
90.019 221371
90.022 221368
90.099 221364
90.108 221361
90.116 221360
90.175 221358
90.405 221355
90.729 221351
90.795 221348
91.025 221347
91.3 221346
91.308 221343
91.352 221342
91.36 221341
91.374 221337
91.443 221333
91.556 221330
91.68 221328
91.681 221327
91.686 221321
91.695 221319
91.718 221318
91.893 221317
91.911 221316
92.018 221312
92.034 221310
92.055 221306
92.126 221304
92.134 221303
92.192 221302
92.21 221301
92.219 221297
92.298 221296
92.301 221295
92.326 221290
92.343 221287
92.646 221286
92.648 221284
92.706 221283
92.749 221282
92.857 221281
93.015 221280
93.04 221279
93.117 221278
93.369 221277
94.681 221272
94.727 221267
94.763 221265
94.793 221264
94.878 221262
94.883 221260
94.961 221258
94.963 221257
95.015 221254
95.409 221253
95.423 221251
95.462 221249
95.487 221248
95.597 221247
95.875 221245
95.906 221242
95.973 221238
96.024 221236
96.204 221232
96.261 221231
96.31 221229
96.369 221223
96.388 221222
96.501 221221
96.68 221219
96.74 221216
96.852 221214
96.854 221213
96.918 221211
96.919 221210
96.944 221209
97.038 221207
97.077 221203
97.147 221202
97.595 221201
97.63 221200
97.654 221199
97.662 221198
97.695 221197
97.722 221196
97.783 221194
97.832 221190
97.845 221189
98.18 221188
99.202 221187
99.244 221186
99.324 221183
99.377 221182
99.428 221181
99.441 221178
99.552 221177
99.599 221175
99.711 221172
99.725 221171
99.806 221170
99.821 221169
99.841 221168
99.888 221167
99.976 221164
100.011 221162
100.143 221161
100.204 221159
100.21 221158
100.258 221153
100.337 221152
100.367 221149
100.417 221148
100.698 221146
100.878 221142
100.884 221141
100.985 221138
100.996 221137
101.116 221129
102.117 221128
102.125 221127
102.238 221125
102.582 221124
102.72 221123
102.733 221120
103.027 221115
103.376 221111
103.405 221108
103.525 221104
103.552 221103
103.781 221098
103.888 221095
104.106 221093
104.268 221092
104.296 221091
104.399 221090
104.495 221089
104.841 221085
104.983 221080
104.999 221079
105.008 221078
105.063 221077
105.077 221076
105.237 221073
105.573 221071
105.579 221070
105.631 221069
105.837 221068
105.974 221063
106.003 221060
106.055 221059
106.076 221054
106.136 221053
106.364 221052
106.568 221047
106.72 221046
106.934 221045
106.945 221044
106.951 221042
107.048 221041
107.069 221040
107.217 221039
107.238 221036
107.239 221035
107.375 221034
107.592 221032
107.799 221030
107.815 221028
108.056 221020
108.146 221018
108.308 221017
108.465 221014
108.807 221013
108.954 221012
109.056 221011
109.115 221009
109.161 221008
109.185 221007
109.287 221004
109.33 221003
109.387 221002
109.495 220999
109.668 220998
109.68 220997
109.715 220994
109.811 220993
109.936 220992
110.365 220991
110.589 220990
110.592 220989
110.78 220988
111.048 220987
111.154 220986
111.278 220985
111.379 220980
111.45 220979
111.571 220974
111.73 220973
111.781 220971
111.933 220970
111.962 220969
112.048 220966
112.152 220965
112.182 220964
112.187 220963
112.375 220962
113.1 220961
113.209 220960
113.559 220959
113.564 220957
113.57 220955
113.846 220954
113.98 220953
113.997 220952
