3.624 390496
3.626 390467
3.627 390450
3.629 390428
3.63 390401
3.631 390399
3.633 390362
3.634 390356
3.637 390313
3.639 390301
3.641 390297
3.642 390293
3.643 390291
3.645 390281
3.646 390278
3.648 390273
3.649 390272
3.651 390256
3.652 390253
3.654 390252
3.656 390251
3.657 390229
3.659 390181
3.66 390165
3.662 390104
3.663 390103
3.665 389987
3.666 389979
3.668 389971
3.671 389967
3.672 389964
3.674 389949
3.676 389942
3.678 389922
3.68 389902
3.682 389876
3.683 389834
3.685 389830
3.687 389819
3.689 389799
3.69 389794
3.692 389755
3.693 389752
3.699 389708
3.701 389683
3.702 389634
3.704 389610
3.705 389589
3.707 389539
3.709 389533
3.713 389431
3.715 389416
3.716 389392
3.718 389379
3.719 389353
3.721 389341
3.723 389307
3.725 389281
3.727 389275
3.728 389250
3.73 389245
3.731 389099
3.732 389090
3.734 389039
3.735 389035
3.738 389023
3.745 389019
3.747 388984
3.748 388939
3.751 388937
3.752 388922
3.754 388914
3.755 388907
3.759 388899
3.762 388894
3.764 388866
3.765 388848
3.767 388841
3.768 388839
3.77 388779
3.771 388776
3.773 388754
3.777 388680
3.78 388677
3.782 388672
3.787 388640
3.788 388626
3.79 388615
3.792 388614
3.794 388609
3.796 388603
3.797 388554
3.802 388532
3.805 388502
3.808 388480
3.81 388479
3.811 388449
3.813 388445
3.816 388430
3.818 388297
3.822 388295
3.824 388185
3.825 388175
3.828 388167
3.829 388162
3.831 388158
3.832 388135
3.834 388117
3.835 388116
3.837 388115
3.839 388111
3.843 388105
3.844 388097
3.846 388090
3.852 388067
3.854 388066
3.855 388045
3.858 388042
3.86 388026
3.861 388020
3.864 388003
3.865 387987
3.867 387940
3.868 387935
3.87 387926
3.872 387906
3.873 387905
3.875 387870
3.876 387836
3.879 387832
3.88 387826
3.881 387806
3.883 387786
3.884 387769
3.886 387710
3.888 387706
3.89 387676
3.891 387674
3.893 387657
3.895 387651
3.897 387646
3.899 387623
3.903 387615
3.904 387612
3.909 387588
3.91 387585
3.912 387583
3.914 387569
3.915 387561
3.921 387560
3.923 387554
3.925 387545
3.927 387542
3.929 387528
3.931 387523
3.934 387512
3.935 387507
3.937 387498
3.939 387475
3.94 387465
3.946 387462
3.948 387454
3.95 387399
3.952 387388
3.953 387379
3.957 387355
3.959 387323
3.961 387242
3.962 387231
3.965 387217
3.968 387211
3.97 387210
3.98 387173
3.981 387169
3.983 387167
3.987 387160
3.989 387141
3.991 387122
3.993 387069
3.995 387010
3.997 386989
4.002 386981
4.003 386972
4.005 386966
4.007 386961
4.009 386906
4.01 386905
4.014 386875
4.023 386862
4.026 386858
4.028 386856
4.035 386833
4.039 386826
4.067 386814
4.073 386806
4.075 386798
4.077 386787
4.084 386784
4.085 386780
4.089 386775
4.09 386771
4.095 386751
4.096 386748
4.098 386718
4.099 386704
4.102 386695
4.103 386692
4.108 386688
4.111 386662
4.118 386655
4.12 386646
4.126 386641
4.139 386626
4.147 386624
4.152 386618
4.153 386616
4.156 386548
4.158 386544
4.163 386540
4.168 386538
4.188 386525
4.193 386490
4.196 386486
4.2 386485
4.201 386482
4.204 386481
4.209 386461
4.212 386453
4.214 386442
4.216 386426
4.218 386411
4.222 386376
4.24 386366
4.251 386356
4.253 386355
4.254 386354
4.26 386287
4.272 386285
4.273 386271
4.275 386270
4.276 386266
4.284 386263
4.287 386262
4.316 386252
4.318 386251
4.32 386244
4.323 386240
4.331 386200
4.336 386197
4.34 386189
4.342 386165
4.345 386146
4.348 386140
4.355 386121
4.357 386120
4.365 386117
4.372 386087
4.374 386076
4.378 386063
4.379 386062
4.775 386052
4.778 386050
4.779 386044
4.784 386025
4.791 386016
4.794 386014
4.795 386008
4.798 386007
4.799 386002
4.803 385995
4.811 385994
4.821 385987
4.824 385982
4.826 385966
4.832 385965
4.834 385947
4.836 385937
4.837 385923
4.869 385877
4.87 385876
4.872 385874
4.873 385872
4.956 385842
4.958 385838
4.961 385834
4.966 385833
4.968 385828
4.971 385818
4.974 385817
4.979 385815
5.026 385802
5.028 385778
5.032 385768
5.097 385764
5.1 385758
5.154 385752
5.156 385723
5.166 385712
5.169 385705
5.192 385699
5.194 385698
5.226 385696
5.23 385687
5.236 385670
5.279 385594
5.281 385580
5.285 385578
5.29 385573
5.305 385560
5.311 385487
5.313 385481
5.342 385464
5.381 385454
5.383 385453
5.385 385448
5.388 385436
5.389 385411
5.591 385405
5.596 385402
5.598 385401
5.601 385382
5.603 385378
5.606 385362
5.612 385355
5.786 385351
5.789 385344
5.79 385334
5.793 385313
5.795 385312
5.798 385295
5.8 385291
5.858 385266
5.862 385220
5.869 385204
5.873 385203
5.92 385198
5.93 385195
5.932 385193
5.934 385177
5.943 385168
5.951 385163
5.954 385158
6.208 385156
6.209 385147
6.211 385146
6.216 385145
6.227 385131
6.236 385130
6.243 385129
6.244 385114
6.248 385053
6.251 385052
6.255 385051
6.258 385047
6.36 385039
6.372 385037
6.374 385035
6.378 385027
6.504 385010
6.507 385003
6.509 384993
6.512 384984
6.518 384964
6.522 384957
6.553 384943
6.557 384938
6.567 384915
6.569 384914
6.619 384907
6.648 384899
6.65 384888
6.676 384882
6.841 384867
6.842 384866
6.844 384859
6.86 384853
7.016 384848
7.02 384843
7.029 384835
11.24 384827
11.247 384714
11.248 384712
11.251 384708
11.267 384699
11.269 384698
11.459 384680
11.463 384658
11.466 384580
11.468 384579
11.47 384577
11.473 384561
11.484 384539
11.485 384536
11.488 384535
11.492 384534
11.497 384524
11.505 384523
11.528 384521
12.867 384519
12.87 384516
12.874 384509
12.879 384492
12.903 384421
12.908 384408
12.918 384364
12.924 384344
12.947 384336
12.95 384335
12.954 384316
12.956 384308
12.96 384304
12.963 384299
12.969 384263
12.97 384255
12.974 384244
12.975 384243
12.983 384217
13.015 384205
13.016 384196
15.672 384192
15.705 384179
16.292 384178
16.47 384141
16.571 384131
16.573 384099
16.576 384097
16.625 384087
16.635 384078
16.641 384066
16.642 384064
16.644 384047
16.648 384041
16.65 384032
16.69 384015
16.692 384012
16.694 384011
16.715 384004
16.722 383946
16.725 383894
16.727 383885
16.729 383869
16.743 383859
16.759 383855
17.232 383854
17.242 383853
17.244 383851
17.247 383849
17.319 383819
17.32 383818
17.322 383810
19.25 383805
19.26 383773
19.261 383771
19.289 383767
19.295 383739
20.043 383736
20.053 383730
20.063 383709
20.101 383701
20.126 383695
20.597 383692
20.599 383679
20.611 383665
20.63 383663
20.633 383657
20.647 383655
20.655 383645
20.66 383643
20.686 383639
20.69 383637
20.693 383634
20.855 383625
20.893 383616
20.897 383610
20.906 383602
20.911 383593
20.913 383556
20.924 383553
21.732 383524
21.854 383522
21.855 383505
21.859 383484
21.862 383480
21.865 383477
21.869 383473
21.87 383457
21.875 383444
21.877 383437
21.977 383433
21.978 383411
21.982 383404
22.005 383386
22.007 383382
22.009 383379
22.01 383378
22.012 383356
22.017 383342
22.025 383332
22.027 383329
22.031 383322
22.05 383316
22.053 383312
22.058 383302
22.063 383282
22.113 383265
22.116 383251
22.127 383247
22.129 383199
22.37 383191
22.396 383180
22.398 383167
22.399 383146
23.88 383144
23.882 383139
23.884 383132
23.886 383123
23.889 383103
23.891 383066
24.057 383062
24.154 383059
24.639 383017
24.643 383007
24.681 383004
24.685 383003
24.687 382995
24.689 382983
24.729 382978
24.733 382976
24.739 382975
24.742 382968
24.748 382965
24.754 382960
24.756 382958
24.758 382955
24.759 382953
24.789 382937
24.793 382932
24.797 382923
24.799 382912
24.805 382904
24.809 382850
24.812 382844
24.814 382840
24.819 382830
24.886 382810
24.896 382803
24.898 382787
24.915 382786
24.918 382778
24.988 382732
24.992 382729
25.06 382713
25.07 382705
25.073 382692
25.078 382686
25.087 382670
25.139 382662
25.142 382652
25.145 382629
25.152 382625
25.208 382622
27.061 382598
27.063 382587
27.065 382576
27.067 382574
27.069 382558
27.072 382539
27.076 382538
27.08 382522
27.083 382519
27.101 382514
27.106 382483
27.127 382462
27.151 382458
27.152 382457
27.156 382447
27.158 382444
27.16 382443
27.163 382441
27.173 382437
27.176 382435
27.178 382432
27.181 382418
27.182 382395
27.355 382380
27.362 382373
27.607 382369
27.614 382367
27.616 382365
27.62 382357
27.625 382356
27.628 382316
27.633 382304
27.635 382254
27.656 382249
27.749 382236
27.766 382227
27.771 382208
27.788 382201
27.901 382176
27.938 382165
27.94 382150
28.262 382143
28.284 382123
28.289 382116
28.29 382108
28.297 382095
28.458 382064
28.459 382063
28.47 382058
28.477 382055
28.483 382051
28.486 382050
28.489 382043
28.503 382040
28.507 382013
28.51 382005
28.514 381998
28.515 381978
28.517 381976
28.529 381958
28.531 381954
28.539 381952
28.541 381951
28.547 381946
28.55 381939
28.559 381932
28.564 381922
28.566 381914
28.568 381913
28.572 381907
28.669 381890
28.672 381882
28.695 381878
28.748 381853
28.749 381850
28.753 381843
28.755 381839
28.759 381830
28.776 381827
28.779 381821
28.794 381814
28.798 381801
28.866 381796
28.868 381777
28.87 381776
28.882 381765
28.89 381763
28.892 381754
34.092 381718
34.098 381717
35.293 381708
35.295 381698
35.297 381690
35.358 381685
35.43 381655
35.435 381644
35.566 381635
35.575 381623
35.58 381621
35.694 381618
35.698 381617
35.703 381608
35.706 381588
36.265 381582
36.279 381564
36.331 381559
36.334 381553
36.336 381549
36.454 381547
36.456 381545
36.465 381544
36.47 381543
36.484 381536
36.485 381533
36.49 381529
36.497 381528
36.514 381523
36.55 381512
36.554 381505
36.558 381502
36.561 381484
36.887 381482
36.891 381479
36.893 381476
36.896 381461
36.92 381460
36.922 381455
36.931 381449
37.697 381442
37.702 381435
37.833 381431
37.835 381430
37.846 381413
37.847 381411
37.85 381374
37.855 381367
37.861 381363
38.179 381362
38.182 381360
38.281 381359
38.284 381333
38.29 381329
38.349 381316
38.367 381295
38.376 381273
38.385 381265
38.389 381250
38.391 381244
38.765 381242
38.771 381241
38.78 381221
39.548 381218
39.551 381214
39.746 381212
39.751 381174
39.759 381172
39.762 381154
39.771 381144
39.776 381139
39.784 381129
39.788 381128
39.805 381119
39.962 381114
39.966 381111
39.968 381104
39.971 381092
39.974 381089
39.976 381088
39.978 381078
40.094 381065
40.096 381059
40.11 381058
40.179 381045
40.187 381037
40.195 381029
40.203 381023
40.206 381020
40.207 381019
40.228 381011
40.409 381009
40.413 380996
40.416 380985
40.419 380966
40.423 380964
40.434 380941
40.436 380928
40.439 380926
40.442 380918
40.574 380913
40.586 380908
40.594 380904
40.595 380902
40.597 380883
40.611 380862
44.55 380852
44.564 380836
44.573 380835
44.603 380826
44.613 380823
44.621 380802
44.639 380801
44.643 380786
44.65 380773
44.988 380757
44.989 380748
44.993 380746
45.011 380730
45.024 380725
45.027 380713
45.029 380706
45.038 380700
45.046 380689
45.047 380686
45.049 380685
45.054 380684
45.06 380676
45.062 380672
45.063 380665
45.066 380664
45.068 380653
45.114 380646
45.116 380604
45.119 380596
45.914 380590
45.969 380585
45.972 380573
45.977 380565
45.979 380556
46.042 380548
46.044 380544
46.046 380533
46.054 380522
46.072 380519
46.075 380518
46.14 380496
46.159 380495
46.163 380493
46.165 380491
46.256 380489
46.291 380488
46.301 380486
46.303 380483
46.308 380458
46.389 380447
46.399 380444
46.412 380438
46.418 380437
46.419 380429
46.458 380417
46.464 380412
46.471 380398
46.473 380395
46.477 380390
46.486 380381
46.515 380380
46.517 380379
46.565 380373
46.568 380371
46.579 380355
47.697 380347
47.84 380346
47.842 380333
47.844 380329
47.848 380321
48.255 380312
48.26 380311
48.269 380306
48.276 380303
48.28 380298
48.29 380295
48.311 380293
48.312 380281
48.314 380279
48.325 380273
48.327 380272
48.329 380270
48.356 380267
48.439 380265
48.448 380257
48.452 380238
48.454 380224
48.46 380211
48.466 380194
48.955 380187
48.965 380181
48.995 380180
49.004 380178
49.007 380169
49.143 380159
49.144 380154
49.158 380152
49.174 380148
49.177 380144
49.184 380131
49.187 380117
49.202 380099
49.209 380082
49.212 380071
49.216 380070
49.218 380068
49.221 380058
49.291 380057
49.294 380051
49.338 380049
49.343 380048
49.346 380042
49.361 380037
49.365 380027
49.369 380019
49.374 380003
49.375 379997
49.382 379996
49.385 379985
49.389 379980
49.393 379978
49.407 379967
49.409 379965
49.411 379956
49.479 379953
49.481 379950
49.483 379943
49.528 379938
49.54 379936
49.55 379934
49.629 379933
49.669 379906
49.734 379901
49.735 379894
49.737 379890
49.746 379888
49.748 379887
49.752 379880
50.187 379860
50.383 379849
50.386 379840
50.397 379832
50.398 379829
50.402 379827
50.52 379818
50.587 379813
50.591 379809
50.647 379808
50.651 379792
50.67 379786
50.671 379776
50.673 379760
50.675 379749
50.835 379733
50.994 379721
50.996 379719
51.118 379716
51.124 379713
51.137 379707
51.148 379703
51.162 379699
51.167 379683
51.176 379660
51.195 379656
51.198 379652
51.206 379644
51.218 379638
51.222 379635
51.226 379634
51.228 379631
51.317 379619
51.34 379616
51.668 379614
51.682 379613
51.714 379602
51.715 379597
51.72 379583
51.723 379566
51.725 379559
51.748 379558
51.751 379552
51.76 379526
51.768 379506
51.78 379505
51.866 379495
51.869 379492
51.87 379483
52.849 379475
52.89 379474
52.893 379465
52.898 379464
53.009 379458
53.017 379457
53.022 379456
53.023 379453
53.026 379449
53.041 379448
53.046 379445
53.05 379437
53.058 379431
53.061 379424
53.065 379422
53.08 379407
53.094 379404
53.102 379403
53.115 379397
53.148 379395
53.149 379392
53.152 379389
53.157 379385
53.159 379375
53.225 379365
53.292 379363
53.307 379357
53.308 379351
53.32 379346
53.324 379339
53.326 379333
53.331 379329
53.418 379321
53.423 379318
53.483 379316
53.486 379312
53.74 379303
53.749 379295
53.751 379290
53.755 379288
53.76 379277
53.797 379276
53.801 379268
53.81 379253
53.977 379247
53.983 379246
53.988 379234
53.999 379232
54.009 379231
54.025 379220
54.046 379218
54.105 379215
54.111 379210
54.121 379207
54.125 379203
54.127 379202
54.154 379201
54.224 379190
54.225 379186
54.24 379185
54.248 379184
54.253 379178
54.262 379175
54.273 379169
54.28 379162
54.283 379160
54.452 379158
54.46 379155
54.463 379141
54.688 379137
54.753 379134
54.866 379130
54.919 379125
54.921 379124
54.932 379120
54.948 379100
54.962 379090
54.979 379088
55.037 379086
55.038 379081
55.565 379074
55.734 379062
55.757 379059
55.76 379056
55.761 379053
55.763 379046
55.767 379039
55.802 379034
55.806 379028
55.82 379016
55.822 379014
55.824 378970
55.839 378964
55.84 378959
55.842 378957
55.856 378955
55.922 378954
56.398 378948
56.402 378946
56.404 378942
56.419 378938
56.42 378937
56.425 378932
56.436 378916
56.442 378900
56.445 378892
56.446 378874
56.464 378856
56.466 378854
56.468 378850
56.474 378849
56.614 378845
56.615 378809
56.617 378807
56.686 378805
56.699 378793
57.339 378790
57.344 378789
58.942 378782
59.137 378778
59.192 378762
59.298 378757
59.322 378755
59.326 378732
59.332 378728
59.348 378716
59.35 378715
59.378 378703
59.406 378698
59.412 378697
59.425 378696
59.536 378694
59.541 378691
59.547 378686
59.562 378685
59.574 378679
59.583 378672
59.596 378641
59.663 378634
59.665 378633
59.709 378618
59.71 378615
59.729 378613
59.734 378611
59.769 378610
59.771 378604
59.775 378597
59.778 378595
59.782 378593
59.796 378590
59.801 378582
59.815 378557
59.832 378555
59.845 378554
59.853 378547
59.855 378545
59.863 378533
59.932 378525
59.942 378522
59.994 378515
60.002 378513
60.017 378512
60.025 378491
60.046 378484
60.075 378478
60.085 378476
60.087 378474
60.127 378469
60.13 378462
60.132 378460
60.138 378458
60.141 378454
60.149 378451
60.15 378446
60.16 378443
60.184 378437
60.192 378436
60.194 378433
60.203 378417
60.205 378413
60.207 378403
60.216 378397
60.217 378393
60.23 378387
60.234 378382
60.238 378381
60.246 378375
60.402 378373
60.415 378371
60.425 378370
60.433 378367
60.437 378362
60.535 378358
60.537 378356
60.539 378346
60.547 378338
60.55 378332
60.568 378326
60.813 378324
60.827 378312
60.859 378297
60.892 378296
60.898 378287
60.924 378281
60.929 378279
60.937 378271
60.961 378267
60.968 378266
60.97 378258
60.973 378248
60.978 378246
60.98 378233
61.239 378227
61.244 378224
61.458 378221
61.633 378214
61.636 378209
61.73 378206
61.733 378201
61.752 378193
61.923 378185
62.038 378171
62.039 378156
62.087 378144
62.089 378137
62.109 378135
62.124 378133
62.126 378132
62.147 378131
62.264 378121
62.277 378116
62.346 378114
62.408 378110
62.417 378108
62.422 378105
62.429 378097
62.502 378093
62.51 378089
62.526 378087
62.528 378071
62.534 378068
62.557 378065
62.617 378059
62.696 378054
62.859 378031
62.888 378029
62.891 378021
62.896 378016
62.903 378008
62.926 378000
62.928 377997
62.947 377991
62.951 377990
62.959 377975
62.978 377974
64.143 377954
64.362 377952
64.458 377945
64.475 377942
64.517 377933
64.518 377930
64.535 377925
64.559 377913
64.568 377905
64.573 377898
64.584 377896
64.587 377888
64.627 377884
64.629 377880
64.643 377879
64.695 377869
64.728 377866
64.73 377863
64.732 377862
64.736 377859
64.907 377844
64.973 377843
64.995 377842
65.028 377841
65.038 377822
65.052 377818
65.054 377817
65.066 377816
65.181 377811
65.283 377810
65.313 377795
65.316 377792
65.329 377784
65.331 377774
65.333 377773
65.343 377772
65.794 377771
65.805 377767
65.823 377763
65.826 377761
65.829 377757
65.838 377755
65.845 377754
65.903 377753
66.027 377752
66.031 377751
66.039 377750
66.061 377743
66.074 377741
66.092 377740
66.101 377730
66.104 377729
66.13 377725
66.163 377724
66.171 377690
66.228 377687
66.233 377678
66.25 377673
66.329 377642
66.353 377635
66.438 377628
66.444 377614
66.446 377612
66.486 377610
66.488 377601
66.49 377600
66.506 377598
66.517 377591
66.543 377587
66.549 377580
66.56 377575
66.706 377574
66.716 377573
66.72 377570
67.525 377562
67.531 377558
67.532 377554
67.537 377548
67.573 377543
67.642 377528
67.658 377509
67.66 377506
67.661 377504
67.67 377476
67.678 377474
67.683 377473
67.691 377469
68.21 377465
68.225 377455
68.227 377441
68.232 377435
68.237 377430
68.243 377428
68.251 377424
68.254 377418
68.275 377417
68.291 377416
68.952 377413
69.187 377410
69.194 377407
69.195 377401
69.353 377395
69.355 377393
69.367 377392
69.371 377391
69.374 377390
69.381 377385
69.388 377372
69.395 377366
69.402 377331
69.408 377329
69.418 377326
69.437 377322
69.445 377310
69.451 377309
69.461 377303
69.464 377297
69.478 377288
69.48 377287
70.14 377284
70.144 377280
70.154 377272
70.26 377266
70.266 377257
70.268 377253
70.27 377252
70.272 377249
70.31 377223
70.319 377219
70.672 377206
70.763 377197
70.887 377194
70.892 377184
70.918 377173
70.922 377170
70.924 377158
70.936 377154
70.947 377153
70.949 377152
71 377149
71.04 377148
71.066 377146
71.075 377141
71.078 377138
71.092 377137
71.097 377128
71.103 377122
71.125 377119
71.131 377118
71.177 377112
71.192 377111
71.31 377104
71.329 377100
71.347 377099
71.366 377091
71.369 377088
71.38 377085
71.387 377083
71.418 377072
71.472 377066
71.474 377065
71.664 377062
72.302 377050
72.31 377047
72.318 377046
72.4 377045
72.403 377042
72.416 377040
72.46 377037
72.464 377036
72.479 377027
72.49 377016
72.505 377009
72.513 377007
72.704 376991
72.711 376985
72.719 376978
72.724 376973
72.733 376967
72.742 376963
72.771 376961
72.773 376960
72.787 376951
72.807 376948
72.813 376946
72.847 376943
72.855 376934
72.86 376930
72.862 376929
72.874 376926
72.88 376921
72.904 376919
72.917 376911
72.933 376908
73.099 376899
73.135 376898
73.139 376897
73.151 376894
73.167 376887
73.188 376884
73.191 376882
73.209 376878
73.212 376871
73.258 376870
73.281 376869
73.294 376868
73.403 376865
73.419 376845
73.446 376839
73.454 376835
73.486 376834
73.498 376832
73.499 376827
73.592 376813
73.602 376812
73.626 376805
73.634 376803
73.637 376801
73.654 376799
73.722 376798
74.068 376789
74.074 376786
74.095 376784
74.097 376768
74.111 376766
74.135 376761
74.148 376757
74.166 376751
74.379 376747
74.382 376745
74.436 376744
74.459 376739
74.468 376738
74.486 376734
74.497 376733
74.513 376727
74.533 376708
75.013 376700
75.018 376695
75.78 376681
75.796 376678
75.81 376676
75.825 376675
75.832 376672
75.987 376667
76.014 376661
76.033 376657
76.035 376654
76.037 376640
76.068 376639
76.131 376638
76.178 376634
76.183 376630
76.636 376626
76.639 376624
76.643 376619
76.662 376618
76.678 376614
76.682 376613
76.685 376605
76.789 376599
76.832 376575
76.852 376572
76.872 376567
76.875 376553
77.017 376552
77.036 376537
77.067 376533
77.078 376531
77.081 376526
77.091 376524
77.096 376523
77.099 376520
77.117 376519
77.303 376517
77.317 376507
77.351 376506
77.369 376505
77.376 376502
77.389 376500
77.881 376497
77.887 376495
77.895 376490
77.908 376489
77.919 376487
77.953 376482
77.993 376481
78.077 376471
78.1 376465
78.113 376463
78.126 376461
78.141 376459
78.15 376455
78.883 376454
78.896 376446
78.916 376444
78.929 376443
78.986 376441
78.99 376440
78.995 376436
79.091 376431
79.097 376428
79.1 376422
79.109 376416
79.117 376415
79.125 376413
79.137 376409
79.144 376401
79.643 376400
79.652 376399
79.654 376395
79.663 376383
79.669 376373
79.874 376368
79.892 376367
79.898 376365
79.925 376360
79.927 376349
79.98 376348
79.985 376345
79.987 376327
80.095 376325
80.164 376320
80.18 376318
80.188 376315
80.195 376312
80.242 376311
80.274 376310
80.296 376309
80.303 376307
80.434 376300
80.44 376297
80.45 376292
80.466 376290
80.555 376289
80.566 376288
80.606 376287
80.613 376280
80.684 376272
80.819 376268
80.824 376266
80.826 376265
80.878 376263
80.881 376262
80.889 376261
80.965 376260
80.973 376253
81.693 376252
81.704 376250
81.73 376243
81.742 376242
81.753 376230
81.801 376224
81.803 376221
81.81 376218
81.817 376214
81.845 376211
81.854 376205
81.856 376203
81.879 376196
81.888 376191
82.025 376181
82.864 376180
82.883 376169
82.898 376166
82.921 376165
82.929 376164
82.943 376162
82.946 376156
82.965 376153
82.98 376144
82.984 376141
82.988 376138
82.996 376131
83.036 376127
83.038 376122
83.052 376116
83.056 376113
83.059 376112
83.069 376107
83.072 376098
83.145 376096
83.165 376095
83.167 376091
83.186 376081
83.195 376078
83.214 376075
83.255 376074
83.29 376061
83.303 376059
83.304 376055
83.313 376054
83.328 376050
83.425 376026
83.486 376025
83.497 376022
83.506 376016
83.552 376013
83.556 376010
83.7 376008
83.716 376007
83.725 376006
83.773 376004
83.778 376003
83.793 375998
84.04 375997
84.093 375984
84.099 375983
84.203 375975
84.256 375974
84.271 375971
84.338 375969
84.347 375966
84.361 375958
84.367 375944
84.369 375938
84.461 375935
84.466 375931
84.56 375926
84.571 375925
84.591 375918
84.619 375915
84.623 375907
84.651 375906
84.657 375904
84.69 375903
84.707 375899
84.735 375888
84.803 375885
84.804 375883
84.837 375880
84.839 375872
84.961 375865
84.97 375864
85.058 375863
85.065 375860
85.07 375857
85.073 375855
85.081 375854
85.089 375850
85.096 375848
85.098 375844
85.138 375843
85.156 375840
85.172 375837
86.071 375831
86.077 375822
86.104 375821
86.118 375819
86.142 375812
86.213 375810
86.224 375801
86.236 375794
86.262 375790
86.273 375787
86.305 375783
86.314 375781
86.343 375779
86.346 375772
86.396 375770
86.416 375768
86.431 375759
86.448 375756
86.454 375750
86.457 375747
86.459 375746
86.462 375744
86.468 375736
86.667 375730
86.671 375720
86.68 375710
87.475 375709
87.492 375707
87.537 375705
87.562 375703
87.58 375700
87.63 375696
87.632 375691
87.686 375690
87.691 375684
87.721 375679
87.724 375676
87.961 375671
87.989 375669
88.011 375667
88.051 375664
88.057 375658
88.087 375651
88.163 375648
88.177 375644
88.255 375633
88.295 375632
88.33 375630
88.339 375629
88.399 375623
88.411 375617
88.448 375611
88.463 375609
88.49 375605
88.514 375604
88.565 375603
88.571 375601
88.637 375600
88.667 375599
88.67 375598
88.767 375597
88.788 375589
88.791 375583
88.793 375579
88.804 375576
88.836 375575
88.863 375574
88.887 375570
88.899 375564
89.409 375561
89.417 375558
89.425 375555
89.441 375552
89.452 375550
89.457 375545
89.483 375541
89.496 375540
89.538 375537
89.544 375534
89.565 375530
89.641 375529
89.645 375522
89.833 375521
89.837 375520
89.866 375519
89.886 375518
89.895 375514
89.906 375513
89.913 375511
90.203 375506
90.217 375496
90.279 375490
90.289 375480
90.387 375478
90.402 375476
90.429 375474
90.458 375467
90.495 375463
90.513 375461
90.521 375457
90.524 375453
90.583 375452
90.631 375449
90.638 375448
90.686 375443
90.699 375441
90.784 375440
90.805 375434
90.816 375429
90.817 375428
90.825 375427
90.846 375426
90.88 375423
90.972 375417
91.015 375404
91.019 375403
91.105 375402
91.236 375396
91.27 375395
91.281 375394
91.286 375391
91.295 375389
91.323 375388
91.416 375382
91.421 375380
91.446 375372
91.686 375371
91.701 375370
91.776 375368
91.808 375365
91.922 375364
91.958 375362
91.997 375360
92.014 375357
92.029 375354
92.102 375353
92.122 375352
92.124 375350
92.13 375349
92.313 375345
92.317 375342
92.318 375339
92.383 375338
92.387 375337
92.397 375329
92.4 375325
92.484 375323
92.504 375321
92.81 375318
92.884 375317
93.046 375316
93.049 375305
93.058 375304
93.062 375299
93.116 375297
93.118 375296
93.122 375289
93.155 375288
93.159 375287
93.169 375285
93.184 375282
93.199 375273
93.209 375264
93.221 375263
93.386 375261
93.398 375260
93.414 375255
93.645 375247
93.652 375244
93.676 375238
93.719 375235
93.972 375228
94.026 375227
94.045 375224
94.056 375218
94.062 375217
94.083 375216
94.184 375207
94.207 375201
94.274 375200
94.295 375199
94.332 375198
94.335 375194
94.384 375193
94.39 375191
94.485 375187
94.49 375177
94.504 375175
94.579 375173
94.613 375172
94.783 375158
94.787 375153
94.802 375145
94.82 375143
95.675 375136
95.687 375135
95.738 375134
95.866 375132
95.905 375125
95.906 375122
95.91 375120
96.042 375119
96.045 375115
96.052 375112
96.055 375108
96.067 375102
96.246 375101
96.3 375099
96.434 375097
96.44 375094
96.46 375092
96.537 375089
96.538 375083
96.545 375079
96.562 375076
96.581 375075
96.592 375071
96.594 375070
96.638 375069
96.757 375066
96.916 375064
96.938 375062
96.958 375059
97 375057
97.01 375049
97.033 375047
97.048 375043
97.294 375042
97.312 375041
97.325 375039
97.39 375038
97.643 375037
97.646 375036
97.669 375035
97.719 375033
97.736 375032
97.742 375030
97.775 375027
97.829 375020
97.919 375019
97.929 375018
98.152 375015
98.158 375014
98.557 375012
98.565 375005
98.583 375004
98.609 375002
98.618 374999
98.625 374994
98.743 374984
98.745 374981
98.793 374979
98.819 374977
98.832 374969
98.833 374967
98.835 374966
98.839 374964
98.86 374958
98.864 374954
98.948 374953
98.951 374950
99.493 374949
99.507 374943
99.509 374942
99.542 374941
99.744 374933
99.811 374932
99.891 374931
99.956 374930
100.018 374928
100.02 374927
100.058 374926
100.075 374923
100.097 374916
100.106 374913
100.436 374912
100.515 374910
100.52 374908
100.611 374906
100.683 374905
100.693 374904
100.778 374902
100.796 374901
100.815 374900
100.842 374897
100.897 374895
101.076 374894
101.102 374890
101.149 374879
101.153 374876
101.184 374874
101.222 374862
101.249 374858
101.254 374853
101.257 374849
101.272 374847
101.479 374845
101.507 374844
101.512 374843
101.928 374841
102.302 374838
102.365 374836
102.408 374834
102.415 374833
102.463 374828
102.471 374823
102.608 374819
102.621 374818
102.684 374817
102.731 374816
102.754 374813
103.126 374811
103.127 374808
103.178 374805
103.193 374798
103.206 374786
103.213 374782
103.246 374765
103.282 374757
103.3 374756
103.343 374753
103.366 374749
103.374 374743
103.553 374741
103.563 374739
103.662 374732
103.7 374725
103.777 374723
103.785 374721
103.849 374715
103.856 374713
103.921 374712
103.968 374703
104.219 374698
104.31 374695
104.524 374677
104.714 374676
104.718 374675
104.759 374672
104.996 374670
105.036 374667
105.06 374663
105.193 374661
105.21 374659
105.245 374657
105.309 374654
105.436 374653
105.601 374646
105.615 374645
105.649 374635
105.654 374633
105.758 374632
105.79 374630
105.815 374628
105.824 374627
105.862 374625
105.889 374624
105.899 374619
105.941 374617
105.947 374616
106.121 374614
106.148 374613
106.156 374612
106.174 374610
106.223 374609
106.225 374607
106.296 374605
106.422 374604
106.439 374602
106.47 374598
106.508 374595
106.658 374587
107.115 374585
107.179 374584
107.181 374581
107.185 374562
107.189 374561
107.223 374559
107.246 374558
107.25 374556
107.28 374551
107.315 374541
107.316 374540
107.319 374535
107.321 374533
107.336 374528
107.38 374523
107.391 374520
107.418 374519
107.467 374517
107.487 374510
107.556 374508
107.599 374501
107.631 374496
107.665 374493
107.683 374492
107.692 374484
107.716 374481
107.85 374480
107.864 374479
107.872 374475
107.876 374468
107.879 374467
107.95 374465
107.971 374464
108.085 374463
108.103 374462
108.123 374460
108.898 374456
108.924 374451
108.932 374447
108.954 374446
109.094 374445
109.101 374444
109.105 374442
109.123 374439
109.157 374437
109.23 374435
109.284 374432
109.384 374416
109.386 374415
109.394 374414
109.397 374412
109.411 374411
109.46 374409
109.462 374406
109.564 374402
109.889 374401
109.913 374400
109.916 374399
109.941 374398
109.961 374396
109.974 374395
110.074 374394
110.113 374391
110.128 374389
110.214 374384
110.265 374377
110.296 374375
110.318 374372
110.356 374370
110.372 374369
110.474 374367
110.577 374365
110.648 374359
110.706 374357
110.765 374356
110.818 374354
110.834 374353
110.843 374352
111.028 374348
111.031 374347
111.223 374346
111.295 374343
111.323 374341
111.341 374340
111.402 374339
111.499 374338
111.501 374336
111.609 374333
111.725 374331
111.795 374330
111.881 374329
111.886 374325
112.028 374321
112.035 374315
112.08 374314
112.156 374311
112.167 374310
112.208 374308
112.334 374304
112.341 374303
112.355 374301
112.657 374299
112.707 374297
112.713 374296
112.727 374294
112.809 374293
112.815 374292
112.819 374291
112.929 374288
112.945 374287
113.136 374285
113.226 374284
113.237 374281
113.499 374277
113.506 374276
113.541 374275
113.553 374272
113.564 374271
113.569 374267
113.573 374266
113.625 374264
113.855 374263
113.926 374262
113.979 374261
114.054 374252
114.069 374251
114.074 374246
114.16 374245
114.164 374244
114.244 374243
114.345 374238
114.376 374231
114.391 374227
114.498 374226
114.548 374222
114.61 374221
114.795 374220
114.939 374219
114.971 374217
115.039 374215
115.049 374214
115.157 374213
115.231 374211
115.815 374206
115.828 374204
116.03 374203
116.119 374201
116.305 374197
116.394 374196
117.108 374195
117.178 374193
117.235 374192
117.257 374190
117.321 374188
117.412 374187
117.444 374186
117.517 374185
117.661 374184
117.675 374183
117.962 374164
117.973 374162
117.978 374160
117.994 374157
118.035 374156
118.051 374155
118.128 374154
118.135 374153
118.152 374152
118.251 374151
118.266 374146
118.282 374145
118.387 374139
118.96 374138
118.973 374137
118.986 374133
119.14 374132
119.177 374129
119.202 374124
119.449 374123
119.456 374122
119.498 374117
119.511 374114
119.581 374113
119.6 374112
119.664 374109
119.69 374107
119.708 374106
119.723 374105
119.727 374102
119.746 374101
120.07 374100
120.162 374099
120.171 374091
120.255 374088
120.37 374082
120.788 374081
120.797 374078
121.128 374073
121.232 374072
121.298 374071
121.57 374069
121.613 374067
121.626 374062
121.632 374061
121.658 374059
121.753 374054
121.772 374053
121.855 374052
121.905 374050
122.324 374048
122.327 374047
122.369 374046
122.869 374045
122.883 374044
122.914 374043
123.049 374042
123.081 374040
123.123 374039
123.138 374038
123.435 374037
123.468 374036
123.6 374034
123.619 374033
123.686 374026
123.709 374025
123.727 374019
123.797 374018
123.807 374017
124.183 374014
124.249 374012
124.311 374009
124.33 374008
124.469 374006
124.471 374005
124.641 373999
124.666 373998
124.683 373991
124.698 373990
124.793 373984
124.824 373982
124.835 373980
125.341 373974
125.348 373972
125.468 373971
125.477 373967
125.487 373963
125.584 373962
126.035 373958
126.133 373956
126.178 373953
126.321 373952
126.495 373950
126.642 373949
126.802 373947
126.893 373946
126.909 373944
127.178 373942
127.235 373941
127.237 373937
127.485 373932
127.49 373930
127.629 373929
127.657 373928
127.715 373927
127.809 373926
128.013 373925
128.176 373915
128.221 373911
128.23 373908
128.258 373907
128.386 373906
128.51 373904
128.624 373902
128.918 373901
129.013 373897
129.145 373896
129.231 373895
129.258 373894
129.359 373893
129.379 373892
129.413 373889
129.547 373887
129.56 373885
129.568 373876
129.999 373866
130.124 373864
130.15 373863
130.261 373862
130.592 373860
130.629 373856
130.698 373855
130.705 373853
131.062 373852
131.263 373849
131.324 373848
131.497 373846
131.504 373845
131.668 373840
131.678 373839
131.754 373837
131.859 373835
131.871 373834
131.883 373828
131.985 373827
132.072 373826
132.276 373825
132.306 373823
132.322 373822
132.468 373820
132.549 373818
132.611 373817
132.655 373816
132.785 373815
132.805 373814
132.82 373813
132.895 373811
133.003 373804
133.222 373801
133.297 373799
133.476 373798
133.55 373796
134.333 373795
134.404 373791
134.468 373790
134.525 373789
134.542 373777
134.706 373776
134.713 373768
134.721 373765
134.781 373764
134.875 373762
134.91 373761
134.962 373749
135 373748
135.124 373746
135.19 373744
135.232 373743
135.34 373742
136.101 373739
136.131 373738
136.154 373737
136.161 373734
136.314 373733
136.411 373732
136.509 373728
137.07 373721
137.357 373720
137.548 373719
137.611 373716
137.664 373715
138.36 373714
138.39 373712
138.552 373710
138.654 373709
139.036 373703
139.178 373693
139.19 373691
139.26 373690
139.41 373688
139.505 373686
139.544 373685
139.93 373684
140.195 373683
140.413 373682
140.541 373681
