0.002 996.575
0.003 994.827
0.004 990.946
0.004 969.813
0.005 964.007
0.007 961.417
0.008 961.233
0.008 957.517
0.014 957.036
0.019 956.87
0.022 949.845
0.022 947.736
0.023 936.427
0.024 935.89
0.025 935.883
0.026 935.408
0.035 932.311
0.037 932.308
0.039 931.907
0.044 931.829
0.05 930.349
0.051 930.151
0.053 929.398
0.093 928.996
0.094 928.757
0.094 925.93
0.096 923.398
0.099 918.988
0.437 918.516
0.897 918.164
3.13 916.85
5.953 916.745
7.376 916.598
7.377 916.068
21.586 916.059
21.624 915.806
22.506 915.738
23.938 915.273
