0.004 1192.87
0.005 1191.39
0.006 1190.87
0.006 1177.18
0.007 1174.36
0.009 1174.34
0.016 1173.04
0.016 1167.18
0.016 1162.39
0.017 1159.36
0.017 1159.07
0.021 1153.65
0.022 1151.13
0.022 1150.73
0.027 1148.42
0.028 1147.92
0.032 1147.76
0.034 1147.41
0.034 1145.05
0.046 1144.82
0.046 1144.42
0.067 1144
0.067 1140.75
0.068 1139.17
0.068 1138.66
0.072 1136.08
0.074 1135.66
0.076 1135.04
0.077 1134.09
0.078 1134.06
0.079 1133.43
0.08 1130.34
0.372 1130.25
0.373 1129.12
0.383 1128.24
0.391 1128.22
0.397 1124.65
0.583 1124.44
0.587 1123.82
0.595 1121.1
0.606 1120.39
0.612 1119.69
0.612 1117.74
0.613 1117.22
0.788 1116.74
1.535 1114.71
4.523 1114.52
5.031 1114.48
9.875 1113.96
9.876 1112.42
10.131 1111.63
18.156 1110.48
18.199 1109.46
18.202 1108.97
18.258 1108.87
18.259 1108.38
18.282 1108.29
57.162 1107.8
59.479 1107.73
66.769 1107.24
80.877 1105.69
80.883 1105.57
80.889 1105.25
103.716 1104.87
