0.004 1223.27
0.004 1223.15
0.005 1218.86
0.006 1215.81
0.007 1209.11
0.008 1197.19
0.008 1195.92
0.008 1193.18
0.009 1190.58
0.011 1189.69
0.012 1188
0.012 1186.72
0.012 1181.52
0.014 1162.64
0.017 1159.37
0.018 1155.93
0.019 1154.88
0.052 1152.79
0.052 1151.18
0.053 1144.35
0.058 1143.28
0.06 1141.8
0.06 1140.61
0.068 1140.34
0.072 1139.98
0.075 1138.91
0.075 1137.78
0.235 1134.52
0.242 1131.44
0.304 1130.21
0.307 1126.19
0.323 1125.92
0.376 1124.7
0.378 1123.63
0.424 1122.45
0.429 1122.19
0.43 1120.93
0.44 1120.31
0.532 1120.27
0.533 1119.89
0.54 1117.62
0.541 1117.35
0.542 1117.32
0.585 1116.93
0.619 1115.33
6.468 1114.35
6.481 1114.06
7.401 1114.02
9.725 1113.99
9.906 1112.34
9.906 1109.75
9.931 1109.56
9.941 1108.98
9.946 1108.29
71.186 1107.56
76.586 1107.24
82.328 1106.63
113.403 1106.01
114.496 1105.35
170.561 1105.15
170.571 1104.87
