0.003 1242.11
0.004 1234.58
0.004 1223.13
0.005 1222.69
0.009 1219.65
0.01 1210.57
0.011 1209.2
0.016 1204.99
0.016 1200.32
0.018 1197.05
0.02 1194.65
0.112 1187.74
0.114 1182.46
0.134 1179.9
0.134 1178.56
0.136 1178.13
0.14 1177.93
0.141 1176.45
0.402 1175.39
0.404 1175.29
0.407 1175.14
0.41 1174.62
0.811 1174.61
0.814 1174.28
0.815 1172.8
0.856 1171.71
0.857 1171.34
0.903 1170.73
0.905 1169.61
0.916 1168.88
0.917 1166.8
0.917 1166.59
0.919 1166.23
0.919 1165.96
0.922 1164.79
1.148 1164.5
1.947 1163.48
1.947 1162.88
1.984 1162.82
2.1 1162.54
2.907 1162.39
2.964 1162.29
4.876 1162.17
11.013 1161.61
41.611 1161.37
74.939 1161.24
