0.004 1514.21
0.004 1492.65
0.005 1488.99
0.006 1487.41
0.006 1485.85
0.008 1481.08
0.01 1476.37
0.012 1471.39
0.012 1466.82
0.015 1464.31
0.016 1463.31
0.016 1461.01
0.018 1459.07
0.019 1455.01
0.02 1454.75
0.021 1451.89
0.023 1442.09
0.024 1440.09
0.025 1437.21
0.026 1436.59
0.026 1435.59
0.031 1434.94
0.036 1429.93
0.037 1427.18
0.041 1425.21
0.043 1424.58
0.048 1422.67
0.049 1422.06
0.05 1420.61
0.054 1418.35
0.055 1418.22
0.056 1417.96
0.056 1417.83
0.057 1415.06
0.06 1410.11
0.139 1405.95
0.147 1403.26
0.149 1400.61
0.151 1400.35
0.151 1400.2
0.275 1400.03
0.641 1398.73
0.644 1398.15
0.645 1397.94
0.646 1397.15
0.648 1396.18
0.65 1394.72
0.652 1394.68
0.703 1393.38
0.709 1392.32
0.71 1391.39
1.057 1390.49
1.067 1389.56
1.23 1389.41
1.231 1387.76
1.256 1387.1
6.099 1386.76
6.104 1385.71
6.466 1384.13
6.475 1384.03
6.977 1383.2
6.978 1382.44
6.979 1382.23
6.981 1381.94
6.984 1381.17
37.95 1381.02
37.95 1379.75
37.965 1379.6
37.97 1379.45
71.33 1378.46
71.565 1378.45
71.568 1377.12
72.493 1376.91
79.32 1376.75
79.324 1376.54
82.217 1376.49
110.258 1376.31
110.283 1376.26
