0.003 1182.88
0.004 1182.6
0.004 1181.4
0.004 1167.85
0.005 1167.39
0.005 1166.03
0.005 1154.61
0.006 1142.79
0.006 1142.53
0.007 1139.39
0.008 1134.58
0.009 1124.56
0.012 1120.13
0.012 1119.71
0.013 1117.95
0.014 1117.26
0.023 1114.19
0.026 1112.43
0.027 1111.74
0.027 1106.3
0.028 1102.62
0.032 1102.24
0.033 1096.89
0.049 1096
0.051 1093.57
0.052 1092.24
0.053 1091.97
0.059 1091.62
0.062 1088.91
0.078 1088.5
0.078 1087.07
0.091 1078.62
0.115 1077.45
0.119 1076.32
0.123 1066.91
0.131 1066.31
0.133 1066.05
0.137 1065.12
0.138 1062.65
0.143 1061.74
0.172 1060.99
0.181 1060.18
0.196 1057.23
0.197 1056.38
0.2 1054.86
0.353 1054.7
0.369 1052.88
0.41 1052.28
0.41 1051.13
0.602 1051.07
0.621 1050.22
0.821 1045.85
0.831 1043.46
0.833 1043.12
0.833 1042.44
0.833 1041.76
0.834 1039.04
0.849 1038.88
0.85 1035.64
1.917 1035.6
1.932 1035.15
1.932 1033
2.774 1032.82
2.784 1032.74
2.792 1032.22
2.798 1031.98
5.721 1031.05
5.722 1030.6
6.141 1029.84
30.82 1029.44
42.531 1029.33
53.865 1029.25
