0.003 1182.88
0.004 1178.7
0.005 1166.63
0.005 1164.77
0.005 1162.89
0.006 1153.65
0.007 1146.82
0.007 1145.24
0.018 1131.68
0.019 1121.36
0.032 1119.65
0.033 1119.35
0.036 1116.82
0.037 1116.13
0.042 1116.03
0.045 1114.95
0.046 1114.32
0.048 1114.07
0.048 1113.33
0.048 1109.16
0.049 1108.29
0.049 1100.31
0.05 1097.5
0.054 1094.61
0.055 1094.51
0.07 1093.82
0.084 1091.14
0.086 1090.53
0.087 1090.16
0.089 1089.67
0.09 1089.09
0.092 1089.02
0.106 1087.32
0.114 1086.96
0.114 1084.62
0.115 1084.12
0.12 1083.89
0.122 1083.63
0.139 1082.11
0.152 1080.72
0.203 1077.19
0.212 1073.71
0.213 1073.01
0.222 1072.62
0.224 1071.65
0.244 1071.02
0.259 1069.33
0.266 1069.21
0.267 1069.12
0.27 1066.48
0.271 1062.93
0.271 1058.12
0.281 1054.23
0.284 1053.08
0.284 1052.99
0.285 1050.48
0.287 1047.47
0.288 1044.64
0.289 1043.15
0.293 1041.75
0.294 1041.25
0.3 1036.65
0.305 1036.4
0.306 1035.69
0.345 1035.1
0.358 1034.1
0.361 1031.67
0.45 1030.01
4.099 1029.84
21.555 1029.25
