0.002 1297.8
0.003 1285.05
0.003 1283.31
0.004 1280.39
0.005 1268.41
0.005 1265.29
0.007 1263.66
0.01 1263.13
0.011 1257.14
0.011 1251.16
0.013 1247.68
0.013 1246.17
0.013 1210.8
0.019 1208.22
0.02 1207.01
0.02 1205.17
0.021 1205.13
0.04 1205.04
0.041 1204.53
0.041 1200.47
0.042 1193.2
0.044 1192.69
0.055 1192.46
0.056 1191.66
0.057 1190.87
0.065 1190.33
0.081 1190.1
0.083 1189.46
0.089 1189.23
0.09 1185.08
0.091 1184.37
0.091 1182.04
0.093 1181.02
0.143 1175.63
0.143 1174.84
0.146 1174.15
0.148 1174.08
0.149 1173.68
0.151 1173.54
0.161 1173.44
0.197 1172.72
0.236 1172.5
0.239 1170.72
0.245 1170.65
0.246 1169.39
0.251 1168.81
0.252 1167.87
0.253 1165.64
0.257 1165.02
0.266 1164.76
0.269 1164.64
0.285 1162.91
0.294 1161.49
1.191 1161.05
24.781 1160.8
57.014 1160.68
